<?xml version="1.0" encoding="UTF-8"?><Transaction xmlns:xsd="http://www.w3.org/2001/XMLSchema" xmlns:xsi="http://www.w3.org/2001/XMLSchema-instance" Version="15.0.4.11"><TransactionAttributes><ContextItem><Name>Description</Name><Description>Transaction Description</Description><MinRange>0</MinRange><MaxRange>0</MaxRange><Value xsi:type="string"/><ReadOnly>true</ReadOnly><AlertXMLAssigned>false</AlertXMLAssigned></ContextItem><ContextItem><Name>Comments</Name><Description>User Comments</Description><MinRange>0</MinRange><MaxRange>0</MaxRange><Value xsi:type="string"/><ReadOnly>true</ReadOnly><AlertXMLAssigned>false</AlertXMLAssigned></ContextItem><ContextItem><Name>CreatedBy</Name><Description>Created By</Description><MinRange>0</MinRange><MaxRange>0</MaxRange><Value xsi:type="string">pbrenuka</Value><ReadOnly>true</ReadOnly><AlertXMLAssigned>false</AlertXMLAssigned></ContextItem><ContextItem><Name>CreationDate</Name><Description>Creation Date</Description><MinRange>0</MinRange><MaxRange>0</MaxRange><Value xsi:type="dateTime">2012-07-11T13:20:56</Value><ReadOnly>true</ReadOnly><AlertXMLAssigned>false</AlertXMLAssigned></ContextItem><ContextItem><Name>Category</Name><Description>Transaction Category</Description><MinRange>0</MinRange><MaxRange>0</MaxRange><Value xsi:type="string"/><ReadOnly>true</ReadOnly><AlertXMLAssigned>false</AlertXMLAssigned></ContextItem><ContextItem><Name>Status</Name><Description>Deployment Status</Description><MinRange>0</MinRange><MaxRange>0</MaxRange><Value xsi:type="string">DEVELOPMENT</Value><ReadOnly>true</ReadOnly><AlertXMLAssigned>false</AlertXMLAssigned></ContextItem><ContextItem><Name>LegacyProcessingMode</Name><Description>Support the pre MII 12.1 Transaction Engine.</Description><MinRange>0</MinRange><MaxRange>0</MaxRange><Value xsi:type="boolean">0</Value><ReadOnly>true</ReadOnly><AlertXMLAssigned>false</AlertXMLAssigned></ContextItem><ContextItem><Name>AutoAppendBlankNamespaces</Name><Description>AutoAppendBlankNamespaces</Description><MinRange>0</MinRange><MaxRange>0</MaxRange><Value xsi:type="boolean">1</Value><ReadOnly>true</ReadOnly><AlertXMLAssigned>false</AlertXMLAssigned></ContextItem><ContextItem><Name>ThrowOnLinkError</Name><Description>Throws an exception when a link error occures</Description><MinRange>0</MinRange><MaxRange>0</MaxRange><Value xsi:type="boolean">0</Value><ReadOnly>true</ReadOnly><AlertXMLAssigned>false</AlertXMLAssigned></ContextItem><ContextItem><Name>ThrowOnActionError</Name><Description>Throws an exception when a actionbv error occures</Description><MinRange>0</MinRange><MaxRange>0</MaxRange><Value xsi:type="boolean">1</Value><ReadOnly>true</ReadOnly><AlertXMLAssigned>false</AlertXMLAssigned></ContextItem><ContextItem><Name>LastEditedBy</Name><Description>Last Edited By</Description><MinRange>0</MinRange><MaxRange>0</MaxRange><Value xsi:type="xsd:string">RadPa</Value><ReadOnly>true</ReadOnly><AlertXMLAssigned>false</AlertXMLAssigned></ContextItem><ContextItem><Name>LastEditedDate</Name><Description>Last Edited Date</Description><MinRange>0</MinRange><MaxRange>0</MaxRange><Value xsi:type="xsd:dateTime">2016-07-11T15:06:20</Value><ReadOnly>true</ReadOnly><AlertXMLAssigned>false</AlertXMLAssigned></ContextItem><ContextItem><Name>FormatXMLOnConversion</Name><Description>By default XML will be formatted when assigned from XML data type to String data type. This behaviour can be changed with this flag.</Description><MinRange>0</MinRange><MaxRange>0</MaxRange><Value xsi:type="xsd:boolean">true</Value><ReadOnly>true</ReadOnly><AlertXMLAssigned>false</AlertXMLAssigned></ContextItem></TransactionAttributes><Name>MESM/ORDERS_CNF/TRANSACTIONS/format_input</Name><Version>20</Version><WriterRoles>SAP_XMII_Super_Administrator,SAP_XMII_Administrator,SAP_XMII_Developer</WriterRoles><Context><ContextItem><Name>BATCHNUMBER</Name><Description/><MinRange>0</MinRange><MaxRange>0</MaxRange><Value xsi:type="string"/><ReadOnly>false</ReadOnly><AlertXMLAssigned>false</AlertXMLAssigned></ContextItem><ContextItem><Name>CONFNUMBER</Name><Description/><MinRange>0</MinRange><MaxRange>0</MaxRange><Value xsi:type="string"/><ReadOnly>false</ReadOnly><AlertXMLAssigned>false</AlertXMLAssigned></ContextItem><ContextItem><Name>MATERIALNUMBER</Name><Description/><MinRange>0</MinRange><MaxRange>0</MaxRange><Value xsi:type="string"/><ReadOnly>false</ReadOnly><AlertXMLAssigned>false</AlertXMLAssigned></ContextItem><ContextItem><Name>OPERATIONNUMBER</Name><Description/><MinRange>0</MinRange><MaxRange>0</MaxRange><Value xsi:type="string"/><ReadOnly>false</ReadOnly><AlertXMLAssigned>false</AlertXMLAssigned></ContextItem><ContextItem><Name>ORDERNUMBER</Name><Description/><MinRange>0</MinRange><MaxRange>0</MaxRange><Value xsi:type="string"/><ReadOnly>false</ReadOnly><AlertXMLAssigned>false</AlertXMLAssigned></ContextItem><ContextItem><Name>OPERNR</Name><Description/><MinRange>0</MinRange><MaxRange>0</MaxRange><Value xsi:type="string"/><ReadOnly>false</ReadOnly><AlertXMLAssigned>false</AlertXMLAssigned></ContextItem><ContextItem><Name>PLANTID</Name><Description/><MinRange>0</MinRange><MaxRange>0</MaxRange><Value xsi:type="string"/><ReadOnly>false</ReadOnly><AlertXMLAssigned>false</AlertXMLAssigned></ContextItem><ContextItem><Name>SEQUENCENUMBER</Name><Description/><MinRange>0</MinRange><MaxRange>0</MaxRange><Value xsi:type="string"/><ReadOnly>false</ReadOnly><AlertXMLAssigned>false</AlertXMLAssigned></ContextItem><ContextItem><Name>SOITEMNUMBER</Name><Description/><MinRange>0</MinRange><MaxRange>0</MaxRange><Value xsi:type="string"/><ReadOnly>false</ReadOnly><AlertXMLAssigned>false</AlertXMLAssigned></ContextItem><ContextItem><Name>SONUMBER</Name><Description/><MinRange>0</MinRange><MaxRange>0</MaxRange><Value xsi:type="string"/><ReadOnly>false</ReadOnly><AlertXMLAssigned>false</AlertXMLAssigned></ContextItem></Context><Local/><Layout><GUILayoutItem><Name>Sequence</Name><X>8</X><Y>8</Y><Width>120</Width><SpacingWidth>120</SpacingWidth><DescendantWidth>0</DescendantWidth><Height>96</Height></GUILayoutItem><GUILayoutItem><Name>format_input</Name><X>16</X><Y>24</Y><Width>104</Width><SpacingWidth>0</SpacingWidth><DescendantWidth>0</DescendantWidth><Height>72</Height></GUILayoutItem></Layout><Actions><ContextItem><Name>format_input</Name><Description/><MinRange>0</MinRange><MaxRange>0</MaxRange><Value xsi:type="Assignment"/><ReadOnly>false</ReadOnly><AlertXMLAssigned>false</AlertXMLAssigned></ContextItem></Actions><ReaderRoles>SAP_XMII_Super_Administrator,SAP_XMII_Administrator,SAP_XMII_Developer,SAP_XMII_User</ReaderRoles><Steps><Step xsi:type="ActionSequence"><Name>Sequence</Name><Description/><Steps/><Actions><Action><Name>format_input</Name><Description> Format input data to standard length and format</Description><IncomingLinks/><OutgoingLinks><Assign xsi:type="Assign"><Name/><Description/><To>Transaction.ORDERNUMBER</To><From>stringif(Transaction.ORDERNUMBER=="","",stringif(stringlength(stringreplace(stringreplace(stringreplace(stringreplace(stringreplace(stringreplace(stringreplace(stringreplace(stringreplace(stringreplace(Transaction.ORDERNUMBER,"0",""),"1",""),"2",""),"3",""),"4",""),"5",""),"6","")
,"7",""),"8",""),"9",""))==0,format(Transaction.ORDERNUMBER,"000000000000"),Transaction.ORDERNUMBER))</From></Assign><Assign xsi:type="Assign"><Name/><Description/><To>Transaction.OPERATIONNUMBER</To><From>stringif(Transaction.OPERATIONNUMBER=="","",stringif(stringlength(stringreplace(stringreplace(stringreplace(stringreplace(stringreplace(stringreplace(stringreplace(stringreplace(stringreplace(stringreplace(Transaction.OPERATIONNUMBER,"0",""),"1",""),"2",""),"3",""),"4",""),"5",""),"6","")
,"7",""),"8",""),"9",""))==0,format(Transaction.OPERATIONNUMBER,"0000"),Transaction.OPERATIONNUMBER))</From></Assign><Assign xsi:type="Assign"><Name/><Description/><To>Transaction.PLANTID</To><From>stringif(Transaction.PLANTID=="","",stringif(stringlength(stringreplace(stringreplace(stringreplace(stringreplace(stringreplace(stringreplace(stringreplace(stringreplace(stringreplace(stringreplace(Transaction.PLANTID,"0",""),"1",""),"2",""),"3",""),"4",""),"5",""),"6","")
,"7",""),"8",""),"9",""))==0,format(Transaction.PLANTID,"0000"),Transaction.PLANTID))</From></Assign><Assign xsi:type="Assign"><Name/><Description/><To>Transaction.OPERNR</To><From>if(Transaction.OPERNR=="","",stringif(stringlength(stringreplace(stringreplace(stringreplace(stringreplace(stringreplace(stringreplace(stringreplace(stringreplace(stringreplace(stringreplace(Transaction.OPERNR,"0",""),"1",""),"2",""),"3",""),"4",""),"5",""),"6","")
,"7",""),"8",""),"9",""))==0,format(Transaction.OPERNR,"00000000"),Transaction.OPERNR))</From></Assign><Assign xsi:type="Assign"><Name/><Description/><To>Transaction.SEQUENCENUMBER</To><From>stringif(Transaction.SEQUENCENUMBER=="","",stringif(stringlength(stringreplace(stringreplace(stringreplace(stringreplace(stringreplace(stringreplace(stringreplace(stringreplace(stringreplace(stringreplace(Transaction.SEQUENCENUMBER,"0",""),"1",""),"2",""),"3",""),"4",""),"5",""),"6","")
,"7",""),"8",""),"9",""))==0,format(Transaction.SEQUENCENUMBER,"00000000000000"),Transaction.SEQUENCENUMBER))</From></Assign><Assign xsi:type="Assign"><Name/><Description/><To>Transaction.MATERIALNUMBER</To><From>stringif(Transaction.MATERIALNUMBER=="","",stringif(stringlength(stringreplace(stringreplace(stringreplace(stringreplace(stringreplace(stringreplace(stringreplace(stringreplace(stringreplace(stringreplace(Transaction.MATERIALNUMBER,"0",""),"1",""),"2",""),"3",""),"4",""),"5",""),"6","")
,"7",""),"8",""),"9",""))==0,format(Transaction.MATERIALNUMBER,"000000000000000000"),Transaction.MATERIALNUMBER))</From></Assign><Assign xsi:type="Assign"><Name/><Description/><To>Transaction.CONFNUMBER</To><From>stringif(Transaction.CONFNUMBER=="","",stringif(stringlength(stringreplace(stringreplace(stringreplace(stringreplace(stringreplace(stringreplace(stringreplace(stringreplace(stringreplace(stringreplace(Transaction.CONFNUMBER,"0",""),"1",""),"2",""),"3",""),"4",""),"5",""),"6","")
,"7",""),"8",""),"9",""))==0,format(Transaction.CONFNUMBER,"0000000000"),Transaction.CONFNUMBER))</From></Assign><Assign xsi:type="Assign"><Name/><Description/><To>Transaction.SONUMBER</To><From>stringif(Transaction.SONUMBER=="","",stringif(stringlength(stringreplace(stringreplace(stringreplace(stringreplace(stringreplace(stringreplace(stringreplace(stringreplace(stringreplace(stringreplace(Transaction.SONUMBER,"0",""),"1",""),"2",""),"3",""),"4",""),"5",""),"6","")
,"7",""),"8",""),"9",""))==0,format(Transaction.SONUMBER,"0000000000"),Transaction.SONUMBER))</From></Assign><Assign xsi:type="Assign"><Name/><Description/><To>Transaction.SOITEMNUMBER</To><From>stringif(Transaction.SOITEMNUMBER=="","",stringif(stringlength(stringreplace(stringreplace(stringreplace(stringreplace(stringreplace(stringreplace(stringreplace(stringreplace(stringreplace(stringreplace(Transaction.SOITEMNUMBER,"0",""),"1",""),"2",""),"3",""),"4",""),"5",""),"6","")
,"7",""),"8",""),"9",""))==0,format(Transaction.SOITEMNUMBER,"000000"),Transaction.SOITEMNUMBER))</From></Assign><Assign xsi:type="Assign"><Name/><Description/><To>Transaction.BATCHNUMBER</To><From>stringif(Transaction.BATCHNUMBER=="","",stringif(stringlength(stringreplace(stringreplace(stringreplace(stringreplace(stringreplace(stringreplace(stringreplace(stringreplace(stringreplace(stringreplace(Transaction.BATCHNUMBER,"0",""),"1",""),"2",""),"3",""),"4",""),"5",""),"6","")
,"7",""),"8",""),"9",""))==0,format(Transaction.BATCHNUMBER,"0000000000"),Transaction.BATCHNUMBER))</From></Assign></OutgoingLinks></Action></Actions></Step></Steps></Transaction>