<?xml version="1.0" encoding="UTF-8"?><Transaction xmlns:xsd="http://www.w3.org/2001/XMLSchema" xmlns:xsi="http://www.w3.org/2001/XMLSchema-instance" Version="15.0.7.12"><TransactionAttributes><ContextItem><Name>Description</Name><Description>Transaction Description</Description><MinRange>0</MinRange><MaxRange>0</MaxRange><Value xsi:type="string"/><ReadOnly>true</ReadOnly><AlertXMLAssigned>false</AlertXMLAssigned></ContextItem><ContextItem><Name>Comments</Name><Description>User Comments</Description><MinRange>0</MinRange><MaxRange>0</MaxRange><Value xsi:type="string"/><ReadOnly>true</ReadOnly><AlertXMLAssigned>false</AlertXMLAssigned></ContextItem><ContextItem><Name>CreatedBy</Name><Description>Created By</Description><MinRange>0</MinRange><MaxRange>0</MaxRange><Value xsi:type="string">RadPa</Value><ReadOnly>true</ReadOnly><AlertXMLAssigned>false</AlertXMLAssigned></ContextItem><ContextItem><Name>CreationDate</Name><Description>Creation Date</Description><MinRange>0</MinRange><MaxRange>0</MaxRange><Value xsi:type="dateTime">2017-02-24T17:41:40</Value><ReadOnly>true</ReadOnly><AlertXMLAssigned>false</AlertXMLAssigned></ContextItem><ContextItem><Name>Category</Name><Description>Transaction Category</Description><MinRange>0</MinRange><MaxRange>0</MaxRange><Value xsi:type="string"/><ReadOnly>true</ReadOnly><AlertXMLAssigned>false</AlertXMLAssigned></ContextItem><ContextItem><Name>Status</Name><Description>Deployment Status</Description><MinRange>0</MinRange><MaxRange>0</MaxRange><Value xsi:type="string">DEVELOPMENT</Value><ReadOnly>true</ReadOnly><AlertXMLAssigned>false</AlertXMLAssigned></ContextItem><ContextItem><Name>LegacyProcessingMode</Name><Description>Support the pre MII 12.1 Transaction Engine.</Description><MinRange>0</MinRange><MaxRange>0</MaxRange><Value xsi:type="boolean">0</Value><ReadOnly>true</ReadOnly><AlertXMLAssigned>false</AlertXMLAssigned></ContextItem><ContextItem><Name>AutoAppendBlankNamespaces</Name><Description>AutoAppendBlankNamespaces</Description><MinRange>0</MinRange><MaxRange>0</MaxRange><Value xsi:type="boolean">1</Value><ReadOnly>true</ReadOnly><AlertXMLAssigned>false</AlertXMLAssigned></ContextItem><ContextItem><Name>ThrowOnLinkError</Name><Description>Throws an exception when a link error occures</Description><MinRange>0</MinRange><MaxRange>0</MaxRange><Value xsi:type="boolean">0</Value><ReadOnly>true</ReadOnly><AlertXMLAssigned>false</AlertXMLAssigned></ContextItem><ContextItem><Name>ThrowOnActionError</Name><Description>Throws an exception when an action error occurs</Description><MinRange>0</MinRange><MaxRange>0</MaxRange><Value xsi:type="boolean">1</Value><ReadOnly>true</ReadOnly><AlertXMLAssigned>false</AlertXMLAssigned></ContextItem><ContextItem><Name>FormatXMLOnConversion</Name><Description>By default XML will be formatted when assigned from XML data type to String data type. This behaviour can be changed with this flag.</Description><MinRange>0</MinRange><MaxRange>0</MaxRange><Value xsi:type="boolean">1</Value><ReadOnly>true</ReadOnly><AlertXMLAssigned>false</AlertXMLAssigned></ContextItem><ContextItem><Name>LastEditedBy</Name><Description>Last Edited By</Description><MinRange>0</MinRange><MaxRange>0</MaxRange><Value xsi:type="xsd:string">RadPa</Value><ReadOnly>true</ReadOnly><AlertXMLAssigned>false</AlertXMLAssigned></ContextItem><ContextItem><Name>LastEditedDate</Name><Description>Last Edited Date</Description><MinRange>0</MinRange><MaxRange>0</MaxRange><Value xsi:type="xsd:dateTime">2017-02-24T21:19:12</Value><ReadOnly>true</ReadOnly><AlertXMLAssigned>false</AlertXMLAssigned></ContextItem></TransactionAttributes><Name>MESM/ORDERS_CNF/TRANSACTIONS/GET_ORDER_CONF</Name><Version>32</Version><WriterRoles>SAP_XMII_Super_Administrator,SAP_XMII_Administrator,SAP_XMII_Developer</WriterRoles><Context><ContextItem><Name>SAP_CREDENTIAL</Name><Description/><MinRange>0</MinRange><MaxRange>0</MaxRange><Value xsi:type="string">SAP</Value><ReadOnly>false</ReadOnly><AlertXMLAssigned>false</AlertXMLAssigned></ContextItem><ContextItem><Name>SAP_SERVER</Name><Description/><MinRange>0</MinRange><MaxRange>0</MaxRange><Value xsi:type="string">SAP</Value><ReadOnly>false</ReadOnly><AlertXMLAssigned>false</AlertXMLAssigned></ContextItem><ContextItem><Name>SQL_SERVER</Name><Description/><MinRange>0</MinRange><MaxRange>0</MaxRange><Value xsi:type="string">MESM</Value><ReadOnly>false</ReadOnly><AlertXMLAssigned>false</AlertXMLAssigned></ContextItem></Context><Local><ContextItem><Name>RESP_CONF_LIST</Name><Description>Response of the confirmation list BAPI</Description><MinRange>0</MinRange><MaxRange>0</MaxRange><Value xsi:type="xml"><ReferenceDocumentSource/></Value><SchemaURI/><SchemaElement/><ValidateXMLOnExecution>1</ValidateXMLOnExecution><ReadOnly>false</ReadOnly><AlertXMLAssigned>false</AlertXMLAssigned></ContextItem></Local><Layout><GUILayoutItem><Name>Sequence</Name><X>368</X><Y>8</Y><Width>120</Width><SpacingWidth>840</SpacingWidth><DescendantWidth>840</DescendantWidth><Height>96</Height></GUILayoutItem><GUILayoutItem><Name>ShowParam</Name><X>376</X><Y>24</Y><Width>104</Width><SpacingWidth>0</SpacingWidth><DescendantWidth>0</DescendantWidth><Height>72</Height></GUILayoutItem><GUILayoutItem><Name>Sequence_0</Name><X>296</X><Y>280</Y><Width>120</Width><SpacingWidth>696</SpacingWidth><DescendantWidth>696</DescendantWidth><Height>96</Height></GUILayoutItem><GUILayoutItem><Name>sql_getProdOrders</Name><X>304</X><Y>296</Y><Width>104</Width><SpacingWidth>0</SpacingWidth><DescendantWidth>0</DescendantWidth><Height>72</Height></GUILayoutItem><GUILayoutItem><Name>Sequence_2</Name><X>368</X><Y>144</Y><Width>120</Width><SpacingWidth>840</SpacingWidth><DescendantWidth>840</DescendantWidth><Height>96</Height></GUILayoutItem><GUILayoutItem><Name>Sequence_4</Name><X>728</X><Y>416</Y><Width>120</Width><SpacingWidth>120</SpacingWidth><DescendantWidth>0</DescendantWidth><Height>96</Height></GUILayoutItem><GUILayoutItem><Name>Exception_Enabler_0</Name><X>376</X><Y>160</Y><Width>104</Width><SpacingWidth>0</SpacingWidth><DescendantWidth>0</DescendantWidth><Height>72</Height></GUILayoutItem><GUILayoutItem><Name>Sequence_3</Name><X>728</X><Y>280</Y><Width>120</Width><SpacingWidth>120</SpacingWidth><DescendantWidth>120</DescendantWidth><Height>96</Height></GUILayoutItem><GUILayoutItem><Name>Catch_0</Name><X>736</X><Y>296</Y><Width>104</Width><SpacingWidth>0</SpacingWidth><DescendantWidth>0</DescendantWidth><Height>72</Height></GUILayoutItem><GUILayoutItem><Name>ShowCatch_0</Name><X>736</X><Y>432</Y><Width>104</Width><SpacingWidth>0</SpacingWidth><DescendantWidth>0</DescendantWidth><Height>72</Height></GUILayoutItem><GUILayoutItem><Name>Sequence_1</Name><X>296</X><Y>416</Y><Width>120</Width><SpacingWidth>696</SpacingWidth><DescendantWidth>696</DescendantWidth><Height>96</Height></GUILayoutItem><GUILayoutItem><Name>ProdOrders</Name><X>304</X><Y>432</Y><Width>104</Width><SpacingWidth>0</SpacingWidth><DescendantWidth>0</DescendantWidth><Height>72</Height></GUILayoutItem><GUILayoutItem><Name>Sequence_5</Name><X>224</X><Y>552</Y><Width>120</Width><SpacingWidth>552</SpacingWidth><DescendantWidth>552</DescendantWidth><Height>96</Height></GUILayoutItem><GUILayoutItem><Name>Sequence_6</Name><X>584</X><Y>552</Y><Width>120</Width><SpacingWidth>120</SpacingWidth><DescendantWidth>0</DescendantWidth><Height>96</Height></GUILayoutItem><GUILayoutItem><Name>ShowNoRows</Name><X>592</X><Y>568</Y><Width>104</Width><SpacingWidth>0</SpacingWidth><DescendantWidth>0</DescendantWidth><Height>72</Height></GUILayoutItem><GUILayoutItem><Name>ShowNrRows</Name><X>232</X><Y>568</Y><Width>104</Width><SpacingWidth>0</SpacingWidth><DescendantWidth>0</DescendantWidth><Height>72</Height></GUILayoutItem><GUILayoutItem><Name>Sequence_7</Name><X>224</X><Y>688</Y><Width>120</Width><SpacingWidth>552</SpacingWidth><DescendantWidth>552</DescendantWidth><Height>96</Height></GUILayoutItem><GUILayoutItem><Name>RepeatOnOrder</Name><X>232</X><Y>704</Y><Width>104</Width><SpacingWidth>0</SpacingWidth><DescendantWidth>0</DescendantWidth><Height>72</Height></GUILayoutItem><GUILayoutItem><Name>Sequence_8</Name><X>224</X><Y>824</Y><Width>120</Width><SpacingWidth>552</SpacingWidth><DescendantWidth>552</DescendantWidth><Height>96</Height></GUILayoutItem><GUILayoutItem><Name>ConfirmedParts</Name><X>232</X><Y>840</Y><Width>104</Width><SpacingWidth>0</SpacingWidth><DescendantWidth>0</DescendantWidth><Height>72</Height></GUILayoutItem><GUILayoutItem><Name>Sequence_9</Name><X>152</X><Y>960</Y><Width>120</Width><SpacingWidth>408</SpacingWidth><DescendantWidth>408</DescendantWidth><Height>96</Height></GUILayoutItem><GUILayoutItem><Name>Sequence_10</Name><X>440</X><Y>960</Y><Width>120</Width><SpacingWidth>120</SpacingWidth><DescendantWidth>0</DescendantWidth><Height>96</Height></GUILayoutItem><GUILayoutItem><Name>NoConfParts</Name><X>448</X><Y>976</Y><Width>104</Width><SpacingWidth>0</SpacingWidth><DescendantWidth>0</DescendantWidth><Height>72</Height></GUILayoutItem><GUILayoutItem><Name>NrConfParts</Name><X>160</X><Y>976</Y><Width>104</Width><SpacingWidth>0</SpacingWidth><DescendantWidth>0</DescendantWidth><Height>72</Height></GUILayoutItem><GUILayoutItem><Name>Sequence_11</Name><X>152</X><Y>1096</Y><Width>120</Width><SpacingWidth>408</SpacingWidth><DescendantWidth>408</DescendantWidth><Height>96</Height></GUILayoutItem><GUILayoutItem><Name>CONF_GETLIST</Name><X>160</X><Y>1112</Y><Width>104</Width><SpacingWidth>0</SpacingWidth><DescendantWidth>0</DescendantWidth><Height>72</Height></GUILayoutItem><GUILayoutItem><Name>Sequence_12</Name><X>80</X><Y>1368</Y><Width>120</Width><SpacingWidth>264</SpacingWidth><DescendantWidth>264</DescendantWidth><Height>96</Height></GUILayoutItem><GUILayoutItem><Name>RepeatOnConf</Name><X>88</X><Y>1384</Y><Width>104</Width><SpacingWidth>0</SpacingWidth><DescendantWidth>0</DescendantWidth><Height>72</Height></GUILayoutItem><GUILayoutItem><Name>Sequence_13</Name><X>80</X><Y>1504</Y><Width>120</Width><SpacingWidth>264</SpacingWidth><DescendantWidth>264</DescendantWidth><Height>96</Height></GUILayoutItem><GUILayoutItem><Name>ShowConf</Name><X>88</X><Y>1520</Y><Width>104</Width><SpacingWidth>0</SpacingWidth><DescendantWidth>0</DescendantWidth><Height>72</Height></GUILayoutItem><GUILayoutItem><Name>Sequence_15</Name><X>296</X><Y>1368</Y><Width>120</Width><SpacingWidth>120</SpacingWidth><DescendantWidth>0</DescendantWidth><Height>96</Height></GUILayoutItem><GUILayoutItem><Name>Sequence_14</Name><X>152</X><Y>1232</Y><Width>120</Width><SpacingWidth>408</SpacingWidth><DescendantWidth>408</DescendantWidth><Height>96</Height></GUILayoutItem><GUILayoutItem><Name>ConfFound</Name><X>160</X><Y>1248</Y><Width>104</Width><SpacingWidth>0</SpacingWidth><DescendantWidth>0</DescendantWidth><Height>72</Height></GUILayoutItem><GUILayoutItem><Name>ConfMismatch</Name><X>304</X><Y>1384</Y><Width>104</Width><SpacingWidth>0</SpacingWidth><DescendantWidth>0</DescendantWidth><Height>72</Height></GUILayoutItem><GUILayoutItem><Name>Sequence_17</Name><X>80</X><Y>1640</Y><Width>120</Width><SpacingWidth>264</SpacingWidth><DescendantWidth>264</DescendantWidth><Height>96</Height></GUILayoutItem><GUILayoutItem><Name>Interface_Detail</Name><X>88</X><Y>1656</Y><Width>104</Width><SpacingWidth>0</SpacingWidth><DescendantWidth>0</DescendantWidth><Height>72</Height></GUILayoutItem><GUILayoutItem><Name>Sequence_18</Name><X>80</X><Y>1776</Y><Width>120</Width><SpacingWidth>264</SpacingWidth><DescendantWidth>264</DescendantWidth><Height>96</Height></GUILayoutItem><GUILayoutItem><Name>ShowDetail</Name><X>88</X><Y>1792</Y><Width>104</Width><SpacingWidth>0</SpacingWidth><DescendantWidth>0</DescendantWidth><Height>72</Height></GUILayoutItem><GUILayoutItem><Name>Sequence_19</Name><X>8</X><Y>1912</Y><Width>120</Width><SpacingWidth>120</SpacingWidth><DescendantWidth>120</DescendantWidth><Height>96</Height></GUILayoutItem><GUILayoutItem><Name>RepeatOnGM</Name><X>16</X><Y>1928</Y><Width>104</Width><SpacingWidth>0</SpacingWidth><DescendantWidth>0</DescendantWidth><Height>72</Height></GUILayoutItem><GUILayoutItem><Name>Sequence_20</Name><X>8</X><Y>2184</Y><Width>120</Width><SpacingWidth>120</SpacingWidth><DescendantWidth>0</DescendantWidth><Height>96</Height></GUILayoutItem><GUILayoutItem><Name>ShowGM</Name><X>16</X><Y>2200</Y><Width>104</Width><SpacingWidth>0</SpacingWidth><DescendantWidth>0</DescendantWidth><Height>72</Height></GUILayoutItem><GUILayoutItem><Name>Sequence_21</Name><X>152</X><Y>1912</Y><Width>120</Width><SpacingWidth>120</SpacingWidth><DescendantWidth>120</DescendantWidth><Height>96</Height></GUILayoutItem><GUILayoutItem><Name>RepeatOnFGM</Name><X>160</X><Y>1928</Y><Width>104</Width><SpacingWidth>0</SpacingWidth><DescendantWidth>0</DescendantWidth><Height>72</Height></GUILayoutItem><GUILayoutItem><Name>Sequence_23</Name><X>152</X><Y>2048</Y><Width>120</Width><SpacingWidth>120</SpacingWidth><DescendantWidth>0</DescendantWidth><Height>96</Height></GUILayoutItem><GUILayoutItem><Name>ShowFGM</Name><X>160</X><Y>2064</Y><Width>104</Width><SpacingWidth>0</SpacingWidth><DescendantWidth>0</DescendantWidth><Height>72</Height></GUILayoutItem><GUILayoutItem><Name>Sequence_16</Name><X>8</X><Y>2048</Y><Width>120</Width><SpacingWidth>120</SpacingWidth><DescendantWidth>120</DescendantWidth><Height>96</Height></GUILayoutItem><GUILayoutItem><Name>SAP_JCo_MATDTL</Name><X>16</X><Y>2064</Y><Width>104</Width><SpacingWidth>0</SpacingWidth><DescendantWidth>0</DescendantWidth><Height>72</Height></GUILayoutItem></Layout><Actions><ContextItem><Name>ShowParam</Name><Description/><MinRange>0</MinRange><MaxRange>0</MaxRange><Value xsi:type="Tracer"><Message/><Level>INFO</Level></Value><ReadOnly>false</ReadOnly><AlertXMLAssigned>false</AlertXMLAssigned></ContextItem><ContextItem><Name>sql_getProdOrders</Name><Description/><MinRange>0</MinRange><MaxRange>0</MaxRange><Value xsi:type="IlluminatorSQLQueryObject"><Timeout>60</Timeout><QueryParameters/><QueryTemplate>MESM/ORDERS_CNF/QUERIES/sql_getProdOrders</QueryTemplate><QueryStartDate>2017-02-24T18:00:11</QueryStartDate><QueryEndDate>2017-02-24T18:00:11</QueryEndDate><SQLTransaction/><Results><ReferenceDocumentSource/>&lt;?xml version="1.0" encoding="UTF-8"?&gt;&lt;Rowsets CachedTime="" DateCreated="2017-02-24T18:00:11" EndDate="2017-02-24T18:00:11" StartDate="2017-02-24T17:00:11" Version="15.0 SP7 Patch 12 (07-Sep-2016)"&gt;&lt;Rowset&gt;&lt;Columns&gt;&lt;Column Description="ORDER_NUMBER" MaxRange="1" MinRange="0" Name="ORDER_NUMBER" SQLDataType="-9" SourceColumn="ORDER_NUMBER"/&gt;&lt;Column Description="TARGET_QUANTITY" MaxRange="1" MinRange="0" Name="TARGET_QUANTITY" SQLDataType="2" SourceColumn="TARGET_QUANTITY"/&gt;&lt;Column Description="SCRAP" MaxRange="1" MinRange="0" Name="SCRAP" SQLDataType="2" SourceColumn="SCRAP"/&gt;&lt;Column Description="CONFIRMED_QUANTITY" MaxRange="1" MinRange="0" Name="CONFIRMED_QUANTITY" SQLDataType="2" SourceColumn="CONFIRMED_QUANTITY"/&gt;&lt;Column Description="UNIT" MaxRange="1" MinRange="0" Name="UNIT" SQLDataType="-9" SourceColumn="UNIT"/&gt;&lt;Column Description="MATERIAL" MaxRange="1" MinRange="0" Name="MATERIAL" SQLDataType="-9" SourceColumn="MATERIAL"/&gt;&lt;Column Description="MATERIAL_TEXT" MaxRange="1" MinRange="0" Name="MATERIAL_TEXT" SQLDataType="-9" SourceColumn="MATERIAL_TEXT"/&gt;&lt;/Columns&gt;&lt;Row&gt;&lt;ORDER_NUMBER&gt;000000888974&lt;/ORDER_NUMBER&gt;&lt;TARGET_QUANTITY&gt;3&lt;/TARGET_QUANTITY&gt;&lt;SCRAP&gt;0&lt;/SCRAP&gt;&lt;CONFIRMED_QUANTITY&gt;0&lt;/CONFIRMED_QUANTITY&gt;&lt;UNIT&gt;EA&lt;/UNIT&gt;&lt;MATERIAL&gt;10034011&lt;/MATERIAL&gt;&lt;MATERIAL_TEXT&gt;AXLE ASSY VW M250 DRW REAR 4.70:1&lt;/MATERIAL_TEXT&gt;&lt;/Row&gt;&lt;Row&gt;&lt;ORDER_NUMBER&gt;000000889126&lt;/ORDER_NUMBER&gt;&lt;TARGET_QUANTITY&gt;4&lt;/TARGET_QUANTITY&gt;&lt;SCRAP&gt;0&lt;/SCRAP&gt;&lt;CONFIRMED_QUANTITY&gt;0&lt;/CONFIRMED_QUANTITY&gt;&lt;UNIT&gt;EA&lt;/UNIT&gt;&lt;MATERIAL&gt;10034011&lt;/MATERIAL&gt;&lt;MATERIAL_TEXT&gt;AXLE ASSY VW M250 DRW REAR 4.70:1&lt;/MATERIAL_TEXT&gt;&lt;/Row&gt;&lt;Row&gt;&lt;ORDER_NUMBER&gt;000000889242&lt;/ORDER_NUMBER&gt;&lt;TARGET_QUANTITY&gt;1&lt;/TARGET_QUANTITY&gt;&lt;SCRAP&gt;0&lt;/SCRAP&gt;&lt;CONFIRMED_QUANTITY&gt;0&lt;/CONFIRMED_QUANTITY&gt;&lt;UNIT&gt;EA&lt;/UNIT&gt;&lt;MATERIAL&gt;10034012&lt;/MATERIAL&gt;&lt;MATERIAL_TEXT&gt;AXLE ASSY VW M250 DRW REAR 5.10:1&lt;/MATERIAL_TEXT&gt;&lt;/Row&gt;&lt;Row&gt;&lt;ORDER_NUMBER&gt;000000889665&lt;/ORDER_NUMBER&gt;&lt;TARGET_QUANTITY&gt;2&lt;/TARGET_QUANTITY&gt;&lt;SCRAP&gt;0&lt;/SCRAP&gt;&lt;CONFIRMED_QUANTITY&gt;0&lt;/CONFIRMED_QUANTITY&gt;&lt;UNIT&gt;EA&lt;/UNIT&gt;&lt;MATERIAL&gt;10033991&lt;/MATERIAL&gt;&lt;MATERIAL_TEXT&gt;AXLE ASSY VW M180 EDL REAR 2.47:1&lt;/MATERIAL_TEXT&gt;&lt;/Row&gt;&lt;Row&gt;&lt;ORDER_NUMBER&gt;000000889878&lt;/ORDER_NUMBER&gt;&lt;TARGET_QUANTITY&gt;2&lt;/TARGET_QUANTITY&gt;&lt;SCRAP&gt;0&lt;/SCRAP&gt;&lt;CONFIRMED_QUANTITY&gt;0&lt;/CONFIRMED_QUANTITY&gt;&lt;UNIT&gt;EA&lt;/UNIT&gt;&lt;MATERIAL&gt;10033990&lt;/MATERIAL&gt;&lt;MATERIAL_TEXT&gt;AXLE ASSY VW M180 OPEN REAR 2.47:1&lt;/MATERIAL_TEXT&gt;&lt;/Row&gt;&lt;Row&gt;&lt;ORDER_NUMBER&gt;000000889911&lt;/ORDER_NUMBER&gt;&lt;TARGET_QUANTITY&gt;2&lt;/TARGET_QUANTITY&gt;&lt;SCRAP&gt;0&lt;/SCRAP&gt;&lt;CONFIRMED_QUANTITY&gt;2&lt;/CONFIRMED_QUANTITY&gt;&lt;UNIT&gt;EA&lt;/UNIT&gt;&lt;MATERIAL&gt;10043393&lt;/MATERIAL&gt;&lt;MATERIAL_TEXT&gt;CARRIER &amp;amp; COVER ASSY 2.47:1 P/LOK&lt;/MATERIAL_TEXT&gt;&lt;/Row&gt;&lt;Row&gt;&lt;ORDER_NUMBER&gt;000000890297&lt;/ORDER_NUMBER&gt;&lt;TARGET_QUANTITY&gt;1&lt;/TARGET_QUANTITY&gt;&lt;SCRAP&gt;0&lt;/SCRAP&gt;&lt;CONFIRMED_QUANTITY&gt;1&lt;/CONFIRMED_QUANTITY&gt;&lt;UNIT&gt;EA&lt;/UNIT&gt;&lt;MATERIAL&gt;10033990&lt;/MATERIAL&gt;&lt;MATERIAL_TEXT&gt;AXLE ASSY VW M180 OPEN REAR 2.47:1&lt;/MATERIAL_TEXT&gt;&lt;/Row&gt;&lt;Row&gt;&lt;ORDER_NUMBER&gt;000000890300&lt;/ORDER_NUMBER&gt;&lt;TARGET_QUANTITY&gt;16&lt;/TARGET_QUANTITY&gt;&lt;SCRAP&gt;0&lt;/SCRAP&gt;&lt;CONFIRMED_QUANTITY&gt;0&lt;/CONFIRMED_QUANTITY&gt;&lt;UNIT&gt;EA&lt;/UNIT&gt;&lt;MATERIAL&gt;10043393&lt;/MATERIAL&gt;&lt;MATERIAL_TEXT&gt;CARRIER &amp;amp; COVER ASSY 2.47:1 P/LOK&lt;/MATERIAL_TEXT&gt;&lt;/Row&gt;&lt;Row&gt;&lt;ORDER_NUMBER&gt;000000890288&lt;/ORDER_NUMBER&gt;&lt;TARGET_QUANTITY&gt;2&lt;/TARGET_QUANTITY&gt;&lt;SCRAP&gt;0&lt;/SCRAP&gt;&lt;CONFIRMED_QUANTITY&gt;0&lt;/CONFIRMED_QUANTITY&gt;&lt;UNIT&gt;EA&lt;/UNIT&gt;&lt;MATERIAL&gt;10033990&lt;/MATERIAL&gt;&lt;MATERIAL_TEXT&gt;AXLE ASSY VW M180 OPEN REAR 2.47:1&lt;/MATERIAL_TEXT&gt;&lt;/Row&gt;&lt;Row&gt;&lt;ORDER_NUMBER&gt;000000890299&lt;/ORDER_NUMBER&gt;&lt;TARGET_QUANTITY&gt;4&lt;/TARGET_QUANTITY&gt;&lt;SCRAP&gt;0&lt;/SCRAP&gt;&lt;CONFIRMED_QUANTITY&gt;4&lt;/CONFIRMED_QUANTITY&gt;&lt;UNIT&gt;EA&lt;/UNIT&gt;&lt;MATERIAL&gt;10033991&lt;/MATERIAL&gt;&lt;MATERIAL_TEXT&gt;AXLE ASSY VW M180 EDL REAR 2.47:1&lt;/MATERIAL_TEXT&gt;&lt;/Row&gt;&lt;Row&gt;&lt;ORDER_NUMBER&gt;000000890674&lt;/ORDER_NUMBER&gt;&lt;TARGET_QUANTITY&gt;1&lt;/TARGET_QUANTITY&gt;&lt;SCRAP&gt;0&lt;/SCRAP&gt;&lt;CONFIRMED_QUANTITY&gt;0&lt;/CONFIRMED_QUANTITY&gt;&lt;UNIT&gt;EA&lt;/UNIT&gt;&lt;MATERIAL&gt;10034011&lt;/MATERIAL&gt;&lt;MATERIAL_TEXT&gt;AXLE ASSY VW M250 DRW REAR 4.70:1&lt;/MATERIAL_TEXT&gt;&lt;/Row&gt;&lt;Row&gt;&lt;ORDER_NUMBER&gt;000000892156&lt;/ORDER_NUMBER&gt;&lt;TARGET_QUANTITY&gt;30&lt;/TARGET_QUANTITY&gt;&lt;SCRAP&gt;0&lt;/SCRAP&gt;&lt;CONFIRMED_QUANTITY&gt;11&lt;/CONFIRMED_QUANTITY&gt;&lt;UNIT&gt;EA&lt;/UNIT&gt;&lt;MATERIAL&gt;10033990&lt;/MATERIAL&gt;&lt;MATERIAL_TEXT&gt;AXLE ASSY VW M180 OPEN REAR 2.47:1&lt;/MATERIAL_TEXT&gt;&lt;/Row&gt;&lt;Row&gt;&lt;ORDER_NUMBER&gt;000000888768&lt;/ORDER_NUMBER&gt;&lt;TARGET_QUANTITY&gt;4&lt;/TARGET_QUANTITY&gt;&lt;SCRAP&gt;0&lt;/SCRAP&gt;&lt;CONFIRMED_QUANTITY&gt;0&lt;/CONFIRMED_QUANTITY&gt;&lt;UNIT&gt;EA&lt;/UNIT&gt;&lt;MATERIAL&gt;10041450&lt;/MATERIAL&gt;&lt;MATERIAL_TEXT&gt;AXLE ASSY VW M250 SRW REAR 3.92:1&lt;/MATERIAL_TEXT&gt;&lt;/Row&gt;&lt;Row&gt;&lt;ORDER_NUMBER&gt;000000891508&lt;/ORDER_NUMBER&gt;&lt;TARGET_QUANTITY&gt;1&lt;/TARGET_QUANTITY&gt;&lt;SCRAP&gt;0&lt;/SCRAP&gt;&lt;CONFIRMED_QUANTITY&gt;0&lt;/CONFIRMED_QUANTITY&gt;&lt;UNIT&gt;EA&lt;/UNIT&gt;&lt;MATERIAL&gt;10041450&lt;/MATERIAL&gt;&lt;MATERIAL_TEXT&gt;AXLE ASSY VW M250 SRW REAR 3.92:1&lt;/MATERIAL_TEXT&gt;&lt;/Row&gt;&lt;Row&gt;&lt;ORDER_NUMBER&gt;000000892095&lt;/ORDER_NUMBER&gt;&lt;TARGET_QUANTITY&gt;1&lt;/TARGET_QUANTITY&gt;&lt;SCRAP&gt;0&lt;/SCRAP&gt;&lt;CONFIRMED_QUANTITY&gt;0&lt;/CONFIRMED_QUANTITY&gt;&lt;UNIT&gt;EA&lt;/UNIT&gt;&lt;MATERIAL&gt;10041450&lt;/MATERIAL&gt;&lt;MATERIAL_TEXT&gt;AXLE ASSY VW M250 SRW REAR 3.92:1&lt;/MATERIAL_TEXT&gt;&lt;/Row&gt;&lt;Row&gt;&lt;ORDER_NUMBER&gt;000000892620&lt;/ORDER_NUMBER&gt;&lt;TARGET_QUANTITY&gt;1&lt;/TARGET_QUANTITY&gt;&lt;SCRAP&gt;0&lt;/SCRAP&gt;&lt;CONFIRMED_QUANTITY&gt;0&lt;/CONFIRMED_QUANTITY&gt;&lt;UNIT&gt;EA&lt;/UNIT&gt;&lt;MATERIAL&gt;10041450&lt;/MATERIAL&gt;&lt;MATERIAL_TEXT&gt;AXLE ASSY VW M250 SRW REAR 3.92:1&lt;/MATERIAL_TEXT&gt;&lt;/Row&gt;&lt;Row&gt;&lt;ORDER_NUMBER&gt;000000890670&lt;/ORDER_NUMBER&gt;&lt;TARGET_QUANTITY&gt;3&lt;/TARGET_QUANTITY&gt;&lt;SCRAP&gt;0&lt;/SCRAP&gt;&lt;CONFIRMED_QUANTITY&gt;0&lt;/CONFIRMED_QUANTITY&gt;&lt;UNIT&gt;EA&lt;/UNIT&gt;&lt;MATERIAL&gt;10034011&lt;/MATERIAL&gt;&lt;MATERIAL_TEXT&gt;AXLE ASSY VW M250 DRW REAR 4.70:1&lt;/MATERIAL_TEXT&gt;&lt;/Row&gt;&lt;Row&gt;&lt;ORDER_NUMBER&gt;000000890671&lt;/ORDER_NUMBER&gt;&lt;TARGET_QUANTITY&gt;3&lt;/TARGET_QUANTITY&gt;&lt;SCRAP&gt;0&lt;/SCRAP&gt;&lt;CONFIRMED_QUANTITY&gt;0&lt;/CONFIRMED_QUANTITY&gt;&lt;UNIT&gt;EA&lt;/UNIT&gt;&lt;MATERIAL&gt;10034012&lt;/MATERIAL&gt;&lt;MATERIAL_TEXT&gt;AXLE ASSY VW M250 DRW REAR 5.10:1&lt;/MATERIAL_TEXT&gt;&lt;/Row&gt;&lt;Row&gt;&lt;ORDER_NUMBER&gt;000000890672&lt;/ORDER_NUMBER&gt;&lt;TARGET_QUANTITY&gt;5&lt;/TARGET_QUANTITY&gt;&lt;SCRAP&gt;0&lt;/SCRAP&gt;&lt;CONFIRMED_QUANTITY&gt;5&lt;/CONFIRMED_QUANTITY&gt;&lt;UNIT&gt;EA&lt;/UNIT&gt;&lt;MATERIAL&gt;10033990&lt;/MATERIAL&gt;&lt;MATERIAL_TEXT&gt;AXLE ASSY VW M180 OPEN REAR 2.47:1&lt;/MATERIAL_TEXT&gt;&lt;/Row&gt;&lt;Row&gt;&lt;ORDER_NUMBER&gt;000000890675&lt;/ORDER_NUMBER&gt;&lt;TARGET_QUANTITY&gt;4&lt;/TARGET_QUANTITY&gt;&lt;SCRAP&gt;0&lt;/SCRAP&gt;&lt;CONFIRMED_QUANTITY&gt;4&lt;/CONFIRMED_QUANTITY&gt;&lt;UNIT&gt;EA&lt;/UNIT&gt;&lt;MATERIAL&gt;10033990&lt;/MATERIAL&gt;&lt;MATERIAL_TEXT&gt;AXLE ASSY VW M180 OPEN REAR 2.47:1&lt;/MATERIAL_TEXT&gt;&lt;/Row&gt;&lt;Row&gt;&lt;ORDER_NUMBER&gt;000000890676&lt;/ORDER_NUMBER&gt;&lt;TARGET_QUANTITY&gt;1&lt;/TARGET_QUANTITY&gt;&lt;SCRAP&gt;0&lt;/SCRAP&gt;&lt;CONFIRMED_QUANTITY&gt;1&lt;/CONFIRMED_QUANTITY&gt;&lt;UNIT&gt;EA&lt;/UNIT&gt;&lt;MATERIAL&gt;10033991&lt;/MATERIAL&gt;&lt;MATERIAL_TEXT&gt;AXLE ASSY VW M180 EDL REAR 2.47:1&lt;/MATERIAL_TEXT&gt;&lt;/Row&gt;&lt;Row&gt;&lt;ORDER_NUMBER&gt;000000890775&lt;/ORDER_NUMBER&gt;&lt;TARGET_QUANTITY&gt;4&lt;/TARGET_QUANTITY&gt;&lt;SCRAP&gt;0&lt;/SCRAP&gt;&lt;CONFIRMED_QUANTITY&gt;0&lt;/CONFIRMED_QUANTITY&gt;&lt;UNIT&gt;EA&lt;/UNIT&gt;&lt;MATERIAL&gt;10034011&lt;/MATERIAL&gt;&lt;MATERIAL_TEXT&gt;AXLE ASSY VW M250 DRW REAR 4.70:1&lt;/MATERIAL_TEXT&gt;&lt;/Row&gt;&lt;Row&gt;&lt;ORDER_NUMBER&gt;000000890776&lt;/ORDER_NUMBER&gt;&lt;TARGET_QUANTITY&gt;1&lt;/TARGET_QUANTITY&gt;&lt;SCRAP&gt;0&lt;/SCRAP&gt;&lt;CONFIRMED_QUANTITY&gt;0&lt;/CONFIRMED_QUANTITY&gt;&lt;UNIT&gt;EA&lt;/UNIT&gt;&lt;MATERIAL&gt;10034011&lt;/MATERIAL&gt;&lt;MATERIAL_TEXT&gt;AXLE ASSY VW M250 DRW REAR 4.70:1&lt;/MATERIAL_TEXT&gt;&lt;/Row&gt;&lt;Row&gt;&lt;ORDER_NUMBER&gt;000000891304&lt;/ORDER_NUMBER&gt;&lt;TARGET_QUANTITY&gt;4&lt;/TARGET_QUANTITY&gt;&lt;SCRAP&gt;0&lt;/SCRAP&gt;&lt;CONFIRMED_QUANTITY&gt;2&lt;/CONFIRMED_QUANTITY&gt;&lt;UNIT&gt;EA&lt;/UNIT&gt;&lt;MATERIAL&gt;10033991&lt;/MATERIAL&gt;&lt;MATERIAL_TEXT&gt;AXLE ASSY VW M180 EDL REAR 2.47:1&lt;/MATERIAL_TEXT&gt;&lt;/Row&gt;&lt;Row&gt;&lt;ORDER_NUMBER&gt;000000891509&lt;/ORDER_NUMBER&gt;&lt;TARGET_QUANTITY&gt;4&lt;/TARGET_QUANTITY&gt;&lt;SCRAP&gt;0&lt;/SCRAP&gt;&lt;CONFIRMED_QUANTITY&gt;0&lt;/CONFIRMED_QUANTITY&gt;&lt;UNIT&gt;EA&lt;/UNIT&gt;&lt;MATERIAL&gt;10034011&lt;/MATERIAL&gt;&lt;MATERIAL_TEXT&gt;AXLE ASSY VW M250 DRW REAR 4.70:1&lt;/MATERIAL_TEXT&gt;&lt;/Row&gt;&lt;Row&gt;&lt;ORDER_NUMBER&gt;000000892091&lt;/ORDER_NUMBER&gt;&lt;TARGET_QUANTITY&gt;1&lt;/TARGET_QUANTITY&gt;&lt;SCRAP&gt;0&lt;/SCRAP&gt;&lt;CONFIRMED_QUANTITY&gt;0&lt;/CONFIRMED_QUANTITY&gt;&lt;UNIT&gt;EA&lt;/UNIT&gt;&lt;MATERIAL&gt;10034011&lt;/MATERIAL&gt;&lt;MATERIAL_TEXT&gt;AXLE ASSY VW M250 DRW REAR 4.70:1&lt;/MATERIAL_TEXT&gt;&lt;/Row&gt;&lt;Row&gt;&lt;ORDER_NUMBER&gt;000000892092&lt;/ORDER_NUMBER&gt;&lt;TARGET_QUANTITY&gt;3&lt;/TARGET_QUANTITY&gt;&lt;SCRAP&gt;0&lt;/SCRAP&gt;&lt;CONFIRMED_QUANTITY&gt;3&lt;/CONFIRMED_QUANTITY&gt;&lt;UNIT&gt;EA&lt;/UNIT&gt;&lt;MATERIAL&gt;10033990&lt;/MATERIAL&gt;&lt;MATERIAL_TEXT&gt;AXLE ASSY VW M180 OPEN REAR 2.47:1&lt;/MATERIAL_TEXT&gt;&lt;/Row&gt;&lt;Row&gt;&lt;ORDER_NUMBER&gt;000000892094&lt;/ORDER_NUMBER&gt;&lt;TARGET_QUANTITY&gt;2&lt;/TARGET_QUANTITY&gt;&lt;SCRAP&gt;0&lt;/SCRAP&gt;&lt;CONFIRMED_QUANTITY&gt;2&lt;/CONFIRMED_QUANTITY&gt;&lt;UNIT&gt;EA&lt;/UNIT&gt;&lt;MATERIAL&gt;10033991&lt;/MATERIAL&gt;&lt;MATERIAL_TEXT&gt;AXLE ASSY VW M180 EDL REAR 2.47:1&lt;/MATERIAL_TEXT&gt;&lt;/Row&gt;&lt;Row&gt;&lt;ORDER_NUMBER&gt;000000888446&lt;/ORDER_NUMBER&gt;&lt;TARGET_QUANTITY&gt;2&lt;/TARGET_QUANTITY&gt;&lt;SCRAP&gt;0&lt;/SCRAP&gt;&lt;CONFIRMED_QUANTITY&gt;0&lt;/CONFIRMED_QUANTITY&gt;&lt;UNIT&gt;EA&lt;/UNIT&gt;&lt;MATERIAL&gt;10041450&lt;/MATERIAL&gt;&lt;MATERIAL_TEXT&gt;AXLE ASSY VW M250 SRW REAR 3.92:1&lt;/MATERIAL_TEXT&gt;&lt;/Row&gt;&lt;Row&gt;&lt;ORDER_NUMBER&gt;000000892876&lt;/ORDER_NUMBER&gt;&lt;TARGET_QUANTITY&gt;50&lt;/TARGET_QUANTITY&gt;&lt;SCRAP&gt;0&lt;/SCRAP&gt;&lt;CONFIRMED_QUANTITY&gt;0&lt;/CONFIRMED_QUANTITY&gt;&lt;UNIT&gt;EA&lt;/UNIT&gt;&lt;MATERIAL&gt;10057090&lt;/MATERIAL&gt;&lt;MATERIAL_TEXT&gt;AXLE ASSY VW M180 OPEN REAR 2.47:1&lt;/MATERIAL_TEXT&gt;&lt;/Row&gt;&lt;/Rowset&gt;&lt;/Rowsets&gt;</Results><TagList/></Value><SchemaURI/><SchemaElement/><ValidateXMLOnExecution>1</ValidateXMLOnExecution><ReadOnly>false</ReadOnly><AlertXMLAssigned>false</AlertXMLAssigned></ContextItem><ContextItem><Name>Exception_Enabler_0</Name><Description/><MinRange>0</MinRange><MaxRange>0</MaxRange><Value xsi:type="ExceptionEnabler"><EnableActionExceptions>true</EnableActionExceptions><EnableLinkExceptions>true</EnableLinkExceptions></Value><ReadOnly>false</ReadOnly><AlertXMLAssigned>false</AlertXMLAssigned></ContextItem><ContextItem><Name>Catch_0</Name><Description/><MinRange>0</MinRange><MaxRange>0</MaxRange><Value xsi:type="CatchAction"/><ReadOnly>false</ReadOnly><AlertXMLAssigned>false</AlertXMLAssigned></ContextItem><ContextItem><Name>ShowCatch_0</Name><Description/><MinRange>0</MinRange><MaxRange>0</MaxRange><Value xsi:type="Tracer"><Message/><Level>INFO</Level></Value><ReadOnly>false</ReadOnly><AlertXMLAssigned>false</AlertXMLAssigned></ContextItem><ContextItem><Name>ProdOrders</Name><Description/><MinRange>0</MinRange><MaxRange>0</MaxRange><Value xsi:type="ConditionalAction"><Output>false</Output><InputCount>1</InputCount><LogicalAnd>false</LogicalAnd><Input1>false</Input1></Value><ReadOnly>false</ReadOnly><AlertXMLAssigned>false</AlertXMLAssigned></ContextItem><ContextItem><Name>ShowNoRows</Name><Description/><MinRange>0</MinRange><MaxRange>0</MaxRange><Value xsi:type="Tracer"><Message/><Level>INFO</Level></Value><ReadOnly>false</ReadOnly><AlertXMLAssigned>false</AlertXMLAssigned></ContextItem><ContextItem><Name>ShowNrRows</Name><Description/><MinRange>0</MinRange><MaxRange>0</MaxRange><Value xsi:type="Tracer"><Message/><Level>INFO</Level></Value><ReadOnly>false</ReadOnly><AlertXMLAssigned>false</AlertXMLAssigned></ContextItem><ContextItem><Name>RepeatOnOrder</Name><Description/><MinRange>0</MinRange><MaxRange>0</MaxRange><Value xsi:type="RepeaterAction"><Output><ReferenceDocumentSource/>&lt;?xml version="1.0" encoding="UTF-8"?&gt;&lt;Row&gt;&lt;ORDER_NUMBER&gt;000000888974&lt;/ORDER_NUMBER&gt;&lt;TARGET_QUANTITY&gt;3&lt;/TARGET_QUANTITY&gt;&lt;SCRAP&gt;0&lt;/SCRAP&gt;&lt;CONFIRMED_QUANTITY&gt;0&lt;/CONFIRMED_QUANTITY&gt;&lt;UNIT&gt;EA&lt;/UNIT&gt;&lt;MATERIAL&gt;10034011&lt;/MATERIAL&gt;&lt;MATERIAL_TEXT&gt;AXLE ASSY VW M250 DRW REAR 4.70:1&lt;/MATERIAL_TEXT&gt;&lt;/Row&gt;</Output><Break>false</Break><ItemCount>0</ItemCount><CurrentItem>0</CurrentItem><Source>sql_getProdOrders.Results{/Rowsets/Rowset/Row}</Source><Item><ReferenceDocumentSource/>&lt;?xml version="1.0" encoding="UTF-8"?&gt;&lt;Row&gt;&lt;ORDER_NUMBER&gt;000000888974&lt;/ORDER_NUMBER&gt;&lt;TARGET_QUANTITY&gt;3&lt;/TARGET_QUANTITY&gt;&lt;SCRAP&gt;0&lt;/SCRAP&gt;&lt;CONFIRMED_QUANTITY&gt;0&lt;/CONFIRMED_QUANTITY&gt;&lt;UNIT&gt;EA&lt;/UNIT&gt;&lt;MATERIAL&gt;10034011&lt;/MATERIAL&gt;&lt;MATERIAL_TEXT&gt;AXLE ASSY VW M250 DRW REAR 4.70:1&lt;/MATERIAL_TEXT&gt;&lt;/Row&gt;</Item></Value><SchemaURI/><SchemaElement/><ValidateXMLOnExecution>1</ValidateXMLOnExecution><SchemaURI/><SchemaElement/><ValidateXMLOnExecution>1</ValidateXMLOnExecution><ReadOnly>false</ReadOnly><AlertXMLAssigned>false</AlertXMLAssigned></ContextItem><ContextItem><Name>ConfirmedParts</Name><Description/><MinRange>0</MinRange><MaxRange>0</MaxRange><Value xsi:type="ConditionalAction"><Output>false</Output><InputCount>1</InputCount><LogicalAnd>false</LogicalAnd><Input1>false</Input1></Value><ReadOnly>false</ReadOnly><AlertXMLAssigned>false</AlertXMLAssigned></ContextItem><ContextItem><Name>NoConfParts</Name><Description/><MinRange>0</MinRange><MaxRange>0</MaxRange><Value xsi:type="Tracer"><Message/><Level>INFO</Level></Value><ReadOnly>false</ReadOnly><AlertXMLAssigned>false</AlertXMLAssigned></ContextItem><ContextItem><Name>NrConfParts</Name><Description/><MinRange>0</MinRange><MaxRange>0</MaxRange><Value xsi:type="Tracer"><Message/><Level>INFO</Level></Value><ReadOnly>false</ReadOnly><AlertXMLAssigned>false</AlertXMLAssigned></ContextItem><ContextItem><Name>CONF_GETLIST</Name><Description/><MinRange>0</MinRange><MaxRange>0</MaxRange><Value xsi:type="SAPJCOInterface"><Request><ReferenceDocumentSource/>&lt;?xml version="1.0" encoding="UTF-8"?&gt;&lt;BAPI_PRODORDCONF_GETLIST&gt;&lt;INPUT&gt;&lt;OPERATION/&gt;&lt;SEQUENCE/&gt;&lt;SUBOPERATION/&gt;&lt;/INPUT&gt;&lt;TABLES&gt;&lt;CONFIRMATIONS&gt;&lt;item&gt;&lt;CONF_NO/&gt;&lt;CONF_CNT/&gt;&lt;ORDERID/&gt;&lt;SEQUENCE/&gt;&lt;OPERATION/&gt;&lt;SUBOPERATION/&gt;&lt;RECORDTYPE/&gt;&lt;CREATED_BY/&gt;&lt;CREATED_DATE/&gt;&lt;CREATED_TIME/&gt;&lt;FIN_CONF/&gt;&lt;REVERSED/&gt;&lt;REV_CONF_CNT/&gt;&lt;CONF_TEXT/&gt;&lt;EX_IDENT/&gt;&lt;/item&gt;&lt;/CONFIRMATIONS&gt;&lt;CONF_RANGE&gt;&lt;item&gt;&lt;SIGN/&gt;&lt;OPTION/&gt;&lt;LOW/&gt;&lt;HIGH/&gt;&lt;/item&gt;&lt;/CONF_RANGE&gt;&lt;ORDER_RANGE&gt;&lt;item&gt;&lt;SIGN/&gt;&lt;OPTION/&gt;&lt;LOW/&gt;&lt;HIGH/&gt;&lt;/item&gt;&lt;/ORDER_RANGE&gt;&lt;/TABLES&gt;&lt;/BAPI_PRODORDCONF_GETLIST&gt;</Request><Response><ReferenceDocumentSource/>&lt;?xml version="1.0" encoding="UTF-8"?&gt;&lt;BAPI_PRODORDCONF_GETLIST&gt;&lt;OUTPUT&gt;&lt;RETURN&gt;&lt;TYPE/&gt;&lt;ID/&gt;&lt;NUMBER/&gt;&lt;MESSAGE/&gt;&lt;LOG_NO/&gt;&lt;LOG_MSG_NO/&gt;&lt;MESSAGE_V1/&gt;&lt;MESSAGE_V2/&gt;&lt;MESSAGE_V3/&gt;&lt;MESSAGE_V4/&gt;&lt;/RETURN&gt;&lt;/OUTPUT&gt;&lt;TABLES&gt;&lt;CONFIRMATIONS&gt;&lt;item&gt;&lt;CONF_NO/&gt;&lt;CONF_CNT/&gt;&lt;ORDERID/&gt;&lt;SEQUENCE/&gt;&lt;OPERATION/&gt;&lt;SUBOPERATION/&gt;&lt;RECORDTYPE/&gt;&lt;CREATED_BY/&gt;&lt;CREATED_DATE/&gt;&lt;CREATED_TIME/&gt;&lt;FIN_CONF/&gt;&lt;REVERSED/&gt;&lt;REV_CONF_CNT/&gt;&lt;CONF_TEXT/&gt;&lt;EX_IDENT/&gt;&lt;/item&gt;&lt;/CONFIRMATIONS&gt;&lt;CONF_RANGE&gt;&lt;item&gt;&lt;SIGN/&gt;&lt;OPTION/&gt;&lt;LOW/&gt;&lt;HIGH/&gt;&lt;/item&gt;&lt;/CONF_RANGE&gt;&lt;ORDER_RANGE&gt;&lt;item&gt;&lt;SIGN/&gt;&lt;OPTION/&gt;&lt;LOW/&gt;&lt;HIGH/&gt;&lt;/item&gt;&lt;/ORDER_RANGE&gt;&lt;/TABLES&gt;&lt;/BAPI_PRODORDCONF_GETLIST&gt;</Response><SAPRFC>BAPI_PRODORDCONF_GETLIST</SAPRFC><ExecuteFunction>true</ExecuteFunction><AutoCommit>false</AutoCommit><ConnPropAlias>SAP</ConnPropAlias><CredentialAlias>SAP</CredentialAlias><SAPServerName>10.2.8.38</SAPServerName><SAPClient>521</SAPClient><SAPSystemNumber>00</SAPSystemNumber><SAPUserName/><SAPPassword/><Language>EN</Language><SAPSSO2Ticket/><ConnectionTimeout>0</ConnectionTimeout><PoolConnections>false</PoolConnections><LogonGroup/><RecreateFunction>true</RecreateFunction><AllowMultipleRows>true</AllowMultipleRows><DaysRetention>7</DaysRetention><MaxRetryCount>5</MaxRetryCount><RetryInterval>30000</RetryInterval><ProcessingMode>1</ProcessingMode><Filter/><DataBufferComment/><RetryImmediately>false</RetryImmediately></Value><SchemaURI/><SchemaElement/><ValidateXMLOnExecution>1</ValidateXMLOnExecution><SchemaURI/><SchemaElement/><ValidateXMLOnExecution>1</ValidateXMLOnExecution><ReadOnly>false</ReadOnly><AlertXMLAssigned>false</AlertXMLAssigned></ContextItem><ContextItem><Name>RepeatOnConf</Name><Description/><MinRange>0</MinRange><MaxRange>0</MaxRange><Value xsi:type="RepeaterAction"><Output><ReferenceDocumentSource/></Output><Break>false</Break><ItemCount>0</ItemCount><CurrentItem>0</CurrentItem><Source>Local.RESP_CONF_LIST{/BAPI_PRODORDCONF_GETLIST/TABLES/CONFIRMATIONS/item}</Source><Item><ReferenceDocumentSource/></Item></Value><SchemaURI/><SchemaElement/><ValidateXMLOnExecution>1</ValidateXMLOnExecution><SchemaURI/><SchemaElement/><ValidateXMLOnExecution>1</ValidateXMLOnExecution><ReadOnly>false</ReadOnly><AlertXMLAssigned>false</AlertXMLAssigned></ContextItem><ContextItem><Name>ShowConf</Name><Description/><MinRange>0</MinRange><MaxRange>0</MaxRange><Value xsi:type="Tracer"><Message/><Level>INFO</Level></Value><ReadOnly>false</ReadOnly><AlertXMLAssigned>false</AlertXMLAssigned></ContextItem><ContextItem><Name>ConfFound</Name><Description/><MinRange>0</MinRange><MaxRange>0</MaxRange><Value xsi:type="ConditionalAction"><Output>false</Output><InputCount>1</InputCount><LogicalAnd>false</LogicalAnd><Input1>false</Input1></Value><ReadOnly>false</ReadOnly><AlertXMLAssigned>false</AlertXMLAssigned></ContextItem><ContextItem><Name>ConfMismatch</Name><Description/><MinRange>0</MinRange><MaxRange>0</MaxRange><Value xsi:type="Tracer"><Message/><Level>INFO</Level></Value><ReadOnly>false</ReadOnly><AlertXMLAssigned>false</AlertXMLAssigned></ContextItem><ContextItem><Name>Interface_Detail</Name><Description/><MinRange>0</MinRange><MaxRange>0</MaxRange><Value xsi:type="SAPJCOInterface"><Request><ReferenceDocumentSource/>&lt;?xml version="1.0" encoding="UTF-8"?&gt;&lt;BAPI_PRODORDCONF_GETDETAIL&gt;&lt;INPUT&gt;&lt;CONFIRMATION/&gt;&lt;CONFIRMATIONCOUNTER/&gt;&lt;/INPUT&gt;&lt;TABLES&gt;&lt;FAILEDGMOVES&gt;&lt;item&gt;&lt;DOC_NO/&gt;&lt;DOC_ITM/&gt;&lt;CREATED_BY/&gt;&lt;CREATED_DATE/&gt;&lt;CREATED_TIME/&gt;&lt;FAILED_DATE/&gt;&lt;FAILED_TIME/&gt;&lt;MSG_ID/&gt;&lt;MSG_NO/&gt;&lt;MSG_TYPE/&gt;&lt;MSG_V1/&gt;&lt;MSG_V2/&gt;&lt;MSG_V3/&gt;&lt;MSG_V4/&gt;&lt;PSTNG_DATE/&gt;&lt;DOC_DATE/&gt;&lt;EXPIRYDATE/&gt;&lt;MATERIAL/&gt;&lt;PLANT/&gt;&lt;STGE_LOC/&gt;&lt;BATCH/&gt;&lt;MOVE_TYPE/&gt;&lt;STCK_TYPE/&gt;&lt;SPEC_STOCK/&gt;&lt;VENDOR/&gt;&lt;SALES_ORD/&gt;&lt;S_ORD_ITEM/&gt;&lt;SCHED_LINE/&gt;&lt;ENTRY_UOM/&gt;&lt;ENTRY_UOM_ISO/&gt;&lt;ENTRY_QNT/&gt;&lt;NO_MORE_GR/&gt;&lt;GR_RCPT/&gt;&lt;UNLOAD_PT/&gt;&lt;ORDERID/&gt;&lt;ORDERID_ITNO/&gt;&lt;CALC_MOTIVE/&gt;&lt;RESERV_NO/&gt;&lt;RES_ITEM/&gt;&lt;RES_TYPE/&gt;&lt;WITHDRAWN/&gt;&lt;MVT_IND/&gt;&lt;MATERIAL_EXTERNAL/&gt;&lt;MATERIAL_GUID/&gt;&lt;MATERIAL_VERSION/&gt;&lt;/item&gt;&lt;/FAILEDGMOVES&gt;&lt;GOODSMOVEMENTS&gt;&lt;item&gt;&lt;MAT_DOC/&gt;&lt;DOC_YEAR/&gt;&lt;MATDOC_ITM/&gt;&lt;MATERIAL/&gt;&lt;PLANT/&gt;&lt;STGE_LOC/&gt;&lt;BATCH/&gt;&lt;MOVE_TYPE/&gt;&lt;STCK_TYPE/&gt;&lt;SPEC_STOCK/&gt;&lt;VENDOR/&gt;&lt;CUSTOMER/&gt;&lt;SALES_ORD/&gt;&lt;S_ORD_ITEM/&gt;&lt;SCHED_LINE/&gt;&lt;VAL_TYPE/&gt;&lt;ENTRY_QNT/&gt;&lt;ENTRY_UOM/&gt;&lt;ENTRY_UOM_ISO/&gt;&lt;PO_PR_QNT/&gt;&lt;ORDERPR_UN/&gt;&lt;ORDERPR_UN_ISO/&gt;&lt;PO_NUMBER/&gt;&lt;PO_ITEM/&gt;&lt;SHIPPING/&gt;&lt;COMP_SHIP/&gt;&lt;NO_MORE_GR/&gt;&lt;ITEM_TEXT/&gt;&lt;GR_RCPT/&gt;&lt;UNLOAD_PT/&gt;&lt;COSTCENTER/&gt;&lt;ORDERID/&gt;&lt;ORDER_ITNO/&gt;&lt;CALC_MOTIVE/&gt;&lt;ASSET_NO/&gt;&lt;SUB_NUMBER/&gt;&lt;RESERV_NO/&gt;&lt;RES_ITEM/&gt;&lt;RES_TYPE/&gt;&lt;WITHDRAWN/&gt;&lt;MOVE_MAT/&gt;&lt;MOVE_PLANT/&gt;&lt;MOVE_STLOC/&gt;&lt;MOVE_BATCH/&gt;&lt;MOVE_VAL_TYPE/&gt;&lt;MVT_IND/&gt;&lt;MOVE_REAS/&gt;&lt;RL_EST_KEY/&gt;&lt;REF_DATE/&gt;&lt;COST_OBJ/&gt;&lt;PROFIT_SEGM_NO/&gt;&lt;PROFIT_CTR/&gt;&lt;WBS_ELEM/&gt;&lt;NETWORK/&gt;&lt;ACTIVITY/&gt;&lt;PART_ACCT/&gt;&lt;AMOUNT_LC/&gt;&lt;AMOUNT_SV/&gt;&lt;CURRENCY/&gt;&lt;CURRENCY_ISO/&gt;&lt;REF_DOC_YR/&gt;&lt;REF_DOC/&gt;&lt;REF_DOC_IT/&gt;&lt;EXPIRYDATE/&gt;&lt;PROD_DATE/&gt;&lt;FUND/&gt;&lt;FUNDS_CTR/&gt;&lt;CMMT_ITEM/&gt;&lt;VAL_SALES_ORD/&gt;&lt;VAL_S_ORD_ITEM/&gt;&lt;VAL_WBS_ELEM/&gt;&lt;CO_BUSPROC/&gt;&lt;ACTTYPE/&gt;&lt;SUPPL_VEND/&gt;&lt;X_AUTO_CRE/&gt;&lt;MATERIAL_EXTERNAL/&gt;&lt;MATERIAL_GUID/&gt;&lt;MATERIAL_VERSION/&gt;&lt;MOVE_MAT_EXTERNAL/&gt;&lt;MOVE_MAT_GUID/&gt;&lt;MOVE_MAT_VERSION/&gt;&lt;GRANT_NBR/&gt;&lt;CMMT_ITEM_LONG/&gt;&lt;FUNC_AREA_LONG/&gt;&lt;LINE_ID/&gt;&lt;PARENT_ID/&gt;&lt;LINE_DEPTH/&gt;&lt;BUDGET_PERIOD/&gt;&lt;EARMARKED_NUMBER/&gt;&lt;EARMARKED_ITEM/&gt;&lt;/item&gt;&lt;/GOODSMOVEMENTS&gt;&lt;/TABLES&gt;&lt;/BAPI_PRODORDCONF_GETDETAIL&gt;</Request><Response><ReferenceDocumentSource/>&lt;?xml version="1.0" encoding="UTF-8"?&gt;&lt;BAPI_PRODORDCONF_GETDETAIL&gt;&lt;OUTPUT&gt;&lt;CONF_DETAIL&gt;&lt;CONF_NO/&gt;&lt;CONF_CNT/&gt;&lt;ORDERID/&gt;&lt;SEQUENCE/&gt;&lt;OPERATION/&gt;&lt;SUB_OPER/&gt;&lt;CAPA_CATEGORY/&gt;&lt;SPLIT/&gt;&lt;CREATED_BY/&gt;&lt;CREATED_DATE/&gt;&lt;CREATED_TIME/&gt;&lt;CR_BY_APPL/&gt;&lt;ORIGIN/&gt;&lt;CREATE_MODE/&gt;&lt;CR_BY_MILEST/&gt;&lt;CONF_NO_MILEST/&gt;&lt;CONF_CNT_MILEST/&gt;&lt;REVERSED/&gt;&lt;REV_CONF_CNT/&gt;&lt;FIN_CONF/&gt;&lt;CLEAR_RES/&gt;&lt;POSTG_DATE/&gt;&lt;DEV_REASON/&gt;&lt;DEV_REAS_TXT/&gt;&lt;CONF_TEXT/&gt;&lt;EX_CREATED_BY/&gt;&lt;EX_CREATED_DATE/&gt;&lt;EX_CREATED_TIME/&gt;&lt;CONF_QUAN_UNIT/&gt;&lt;CONF_QUAN_UNIT_ISO/&gt;&lt;YIELD/&gt;&lt;SCRAP/&gt;&lt;REWORK/&gt;&lt;EXEC_START_DATE/&gt;&lt;EXEC_START_TIME/&gt;&lt;SETUP_FIN_DATE/&gt;&lt;SETUP_FIN_TIME/&gt;&lt;PROC_START_DATE/&gt;&lt;PROC_START_TIME/&gt;&lt;PROC_FIN_DATE/&gt;&lt;PROC_FIN_TIME/&gt;&lt;TEARDOWN_START_DATE/&gt;&lt;TEARDOWN_START_TIME/&gt;&lt;EXEC_FIN_DATE/&gt;&lt;EXEC_FIN_TIME/&gt;&lt;FCST_FIN_DATE/&gt;&lt;FCST_FIN_TIME/&gt;&lt;PLANT/&gt;&lt;WORK_CNTR/&gt;&lt;COSTCENTER/&gt;&lt;CO_AREA/&gt;&lt;RECORDTYPE/&gt;&lt;LOGDATE/&gt;&lt;LOGTIME/&gt;&lt;CONF_ACTI_UNIT1/&gt;&lt;CONF_ACTI_UNIT1_ISO/&gt;&lt;CONF_ACTIVITY1/&gt;&lt;NO_REMN_ACTI1/&gt;&lt;CONF_ACTI_UNIT2/&gt;&lt;CONF_ACTI_UNIT2_ISO/&gt;&lt;CONF_ACTIVITY2/&gt;&lt;NO_REMN_ACTI2/&gt;&lt;CONF_ACTI_UNIT3/&gt;&lt;CONF_ACTI_UNIT3_ISO/&gt;&lt;CONF_ACTIVITY3/&gt;&lt;NO_REMN_ACTI3/&gt;&lt;CONF_ACTI_UNIT4/&gt;&lt;CONF_ACTI_UNIT4_ISO/&gt;&lt;CONF_ACTIVITY4/&gt;&lt;NO_REMN_ACTI4/&gt;&lt;CONF_ACTI_UNIT5/&gt;&lt;CONF_ACTI_UNIT5_ISO/&gt;&lt;CONF_ACTIVITY5/&gt;&lt;NO_REMN_ACTI5/&gt;&lt;CONF_ACTI_UNIT6/&gt;&lt;CONF_ACTI_UNIT6_ISO/&gt;&lt;CONF_ACTIVITY6/&gt;&lt;NO_REMN_ACTI6/&gt;&lt;CONF_BUS_PROC_UNIT1/&gt;&lt;CONF_BUS_PROC_UNIT1_ISO/&gt;&lt;CONF_BUSS_PROC1/&gt;&lt;NO_REMN_BUS_PROC1/&gt;&lt;PROCSS_DEG/&gt;&lt;STD_UNIT1/&gt;&lt;STD_UNIT1_ISO/&gt;&lt;FORCAST_STD_VAL1/&gt;&lt;STD_UNIT2/&gt;&lt;STD_UNIT2_ISO/&gt;&lt;FORCAST_STD_VAL2/&gt;&lt;STD_UNIT3/&gt;&lt;STD_UNIT3_ISO/&gt;&lt;FORCAST_STD_VAL3/&gt;&lt;STD_UNIT4/&gt;&lt;STD_UNIT4_ISO/&gt;&lt;FORCAST_STD_VAL4/&gt;&lt;STD_UNIT5/&gt;&lt;STD_UNIT5_ISO/&gt;&lt;FORCAST_STD_VAL5/&gt;&lt;STD_UNIT6/&gt;&lt;STD_UNIT6_ISO/&gt;&lt;FORCAST_STD_VAL6/&gt;&lt;FORCAST_BUS_PROC_UNIT1/&gt;&lt;FORCAST_BUS_PROC_UNIT1_ISO/&gt;&lt;FORCAST_BUS_PROC_VAL1/&gt;&lt;PERS_NO/&gt;&lt;NAME/&gt;&lt;TIMEID_NO/&gt;&lt;WAGETYPE/&gt;&lt;SUITABILITY/&gt;&lt;NO_OF_EMPL/&gt;&lt;WAGEGROUP/&gt;&lt;BREAK_UNIT/&gt;&lt;BREAK_UNIT_ISO/&gt;&lt;BREAK_TIME/&gt;&lt;EX_IDENT/&gt;&lt;WIP_MATERIAL/&gt;&lt;WIP_BATCH/&gt;&lt;/CONF_DETAIL&gt;&lt;RETURN&gt;&lt;TYPE/&gt;&lt;ID/&gt;&lt;NUMBER/&gt;&lt;MESSAGE/&gt;&lt;LOG_NO/&gt;&lt;LOG_MSG_NO/&gt;&lt;MESSAGE_V1/&gt;&lt;MESSAGE_V2/&gt;&lt;MESSAGE_V3/&gt;&lt;MESSAGE_V4/&gt;&lt;/RETURN&gt;&lt;/OUTPUT&gt;&lt;TABLES&gt;&lt;FAILEDGMOVES&gt;&lt;item&gt;&lt;DOC_NO/&gt;&lt;DOC_ITM/&gt;&lt;CREATED_BY/&gt;&lt;CREATED_DATE/&gt;&lt;CREATED_TIME/&gt;&lt;FAILED_DATE/&gt;&lt;FAILED_TIME/&gt;&lt;MSG_ID/&gt;&lt;MSG_NO/&gt;&lt;MSG_TYPE/&gt;&lt;MSG_V1/&gt;&lt;MSG_V2/&gt;&lt;MSG_V3/&gt;&lt;MSG_V4/&gt;&lt;PSTNG_DATE/&gt;&lt;DOC_DATE/&gt;&lt;EXPIRYDATE/&gt;&lt;MATERIAL/&gt;&lt;PLANT/&gt;&lt;STGE_LOC/&gt;&lt;BATCH/&gt;&lt;MOVE_TYPE/&gt;&lt;STCK_TYPE/&gt;&lt;SPEC_STOCK/&gt;&lt;VENDOR/&gt;&lt;SALES_ORD/&gt;&lt;S_ORD_ITEM/&gt;&lt;SCHED_LINE/&gt;&lt;ENTRY_UOM/&gt;&lt;ENTRY_UOM_ISO/&gt;&lt;ENTRY_QNT/&gt;&lt;NO_MORE_GR/&gt;&lt;GR_RCPT/&gt;&lt;UNLOAD_PT/&gt;&lt;ORDERID/&gt;&lt;ORDERID_ITNO/&gt;&lt;CALC_MOTIVE/&gt;&lt;RESERV_NO/&gt;&lt;RES_ITEM/&gt;&lt;RES_TYPE/&gt;&lt;WITHDRAWN/&gt;&lt;MVT_IND/&gt;&lt;MATERIAL_EXTERNAL/&gt;&lt;MATERIAL_GUID/&gt;&lt;MATERIAL_VERSION/&gt;&lt;/item&gt;&lt;/FAILEDGMOVES&gt;&lt;GOODSMOVEMENTS&gt;&lt;item&gt;&lt;MAT_DOC/&gt;&lt;DOC_YEAR/&gt;&lt;MATDOC_ITM/&gt;&lt;MATERIAL/&gt;&lt;PLANT/&gt;&lt;STGE_LOC/&gt;&lt;BATCH/&gt;&lt;MOVE_TYPE/&gt;&lt;STCK_TYPE/&gt;&lt;SPEC_STOCK/&gt;&lt;VENDOR/&gt;&lt;CUSTOMER/&gt;&lt;SALES_ORD/&gt;&lt;S_ORD_ITEM/&gt;&lt;SCHED_LINE/&gt;&lt;VAL_TYPE/&gt;&lt;ENTRY_QNT/&gt;&lt;ENTRY_UOM/&gt;&lt;ENTRY_UOM_ISO/&gt;&lt;PO_PR_QNT/&gt;&lt;ORDERPR_UN/&gt;&lt;ORDERPR_UN_ISO/&gt;&lt;PO_NUMBER/&gt;&lt;PO_ITEM/&gt;&lt;SHIPPING/&gt;&lt;COMP_SHIP/&gt;&lt;NO_MORE_GR/&gt;&lt;ITEM_TEXT/&gt;&lt;GR_RCPT/&gt;&lt;UNLOAD_PT/&gt;&lt;COSTCENTER/&gt;&lt;ORDERID/&gt;&lt;ORDER_ITNO/&gt;&lt;CALC_MOTIVE/&gt;&lt;ASSET_NO/&gt;&lt;SUB_NUMBER/&gt;&lt;RESERV_NO/&gt;&lt;RES_ITEM/&gt;&lt;RES_TYPE/&gt;&lt;WITHDRAWN/&gt;&lt;MOVE_MAT/&gt;&lt;MOVE_PLANT/&gt;&lt;MOVE_STLOC/&gt;&lt;MOVE_BATCH/&gt;&lt;MOVE_VAL_TYPE/&gt;&lt;MVT_IND/&gt;&lt;MOVE_REAS/&gt;&lt;RL_EST_KEY/&gt;&lt;REF_DATE/&gt;&lt;COST_OBJ/&gt;&lt;PROFIT_SEGM_NO/&gt;&lt;PROFIT_CTR/&gt;&lt;WBS_ELEM/&gt;&lt;NETWORK/&gt;&lt;ACTIVITY/&gt;&lt;PART_ACCT/&gt;&lt;AMOUNT_LC/&gt;&lt;AMOUNT_SV/&gt;&lt;CURRENCY/&gt;&lt;CURRENCY_ISO/&gt;&lt;REF_DOC_YR/&gt;&lt;REF_DOC/&gt;&lt;REF_DOC_IT/&gt;&lt;EXPIRYDATE/&gt;&lt;PROD_DATE/&gt;&lt;FUND/&gt;&lt;FUNDS_CTR/&gt;&lt;CMMT_ITEM/&gt;&lt;VAL_SALES_ORD/&gt;&lt;VAL_S_ORD_ITEM/&gt;&lt;VAL_WBS_ELEM/&gt;&lt;CO_BUSPROC/&gt;&lt;ACTTYPE/&gt;&lt;SUPPL_VEND/&gt;&lt;X_AUTO_CRE/&gt;&lt;MATERIAL_EXTERNAL/&gt;&lt;MATERIAL_GUID/&gt;&lt;MATERIAL_VERSION/&gt;&lt;MOVE_MAT_EXTERNAL/&gt;&lt;MOVE_MAT_GUID/&gt;&lt;MOVE_MAT_VERSION/&gt;&lt;GRANT_NBR/&gt;&lt;CMMT_ITEM_LONG/&gt;&lt;FUNC_AREA_LONG/&gt;&lt;LINE_ID/&gt;&lt;PARENT_ID/&gt;&lt;LINE_DEPTH/&gt;&lt;BUDGET_PERIOD/&gt;&lt;EARMARKED_NUMBER/&gt;&lt;EARMARKED_ITEM/&gt;&lt;/item&gt;&lt;/GOODSMOVEMENTS&gt;&lt;/TABLES&gt;&lt;/BAPI_PRODORDCONF_GETDETAIL&gt;</Response><SAPRFC>BAPI_PRODORDCONF_GETDETAIL</SAPRFC><ExecuteFunction>true</ExecuteFunction><AutoCommit>false</AutoCommit><ConnPropAlias>SAP</ConnPropAlias><CredentialAlias>SAP</CredentialAlias><SAPServerName>10.2.8.38</SAPServerName><SAPClient>521</SAPClient><SAPSystemNumber>00</SAPSystemNumber><SAPUserName/><SAPPassword/><Language>EN</Language><SAPSSO2Ticket/><ConnectionTimeout>0</ConnectionTimeout><PoolConnections>false</PoolConnections><LogonGroup/><RecreateFunction>true</RecreateFunction><AllowMultipleRows>true</AllowMultipleRows><DaysRetention>7</DaysRetention><MaxRetryCount>5</MaxRetryCount><RetryInterval>30000</RetryInterval><ProcessingMode>1</ProcessingMode><Filter/><DataBufferComment/><RetryImmediately>false</RetryImmediately></Value><SchemaURI/><SchemaElement/><ValidateXMLOnExecution>1</ValidateXMLOnExecution><SchemaURI/><SchemaElement/><ValidateXMLOnExecution>1</ValidateXMLOnExecution><ReadOnly>false</ReadOnly><AlertXMLAssigned>false</AlertXMLAssigned></ContextItem><ContextItem><Name>ShowDetail</Name><Description/><MinRange>0</MinRange><MaxRange>0</MaxRange><Value xsi:type="Tracer"><Message/><Level>INFO</Level></Value><ReadOnly>false</ReadOnly><AlertXMLAssigned>false</AlertXMLAssigned></ContextItem><ContextItem><Name>RepeatOnGM</Name><Description/><MinRange>0</MinRange><MaxRange>0</MaxRange><Value xsi:type="RepeaterAction"><Output><ReferenceDocumentSource/>&lt;?xml version="1.0" encoding="UTF-8"?&gt;&lt;item&gt;&#13;
                &lt;MAT_DOC/&gt;&#13;
                &lt;DOC_YEAR/&gt;&#13;
                &lt;MATDOC_ITM/&gt;&#13;
                &lt;MATERIAL/&gt;&#13;
                &lt;PLANT/&gt;&#13;
                &lt;STGE_LOC/&gt;&#13;
                &lt;BATCH/&gt;&#13;
                &lt;MOVE_TYPE/&gt;&#13;
                &lt;STCK_TYPE/&gt;&#13;
                &lt;SPEC_STOCK/&gt;&#13;
                &lt;VENDOR/&gt;&#13;
                &lt;CUSTOMER/&gt;&#13;
                &lt;SALES_ORD/&gt;&#13;
                &lt;S_ORD_ITEM/&gt;&#13;
                &lt;SCHED_LINE/&gt;&#13;
                &lt;VAL_TYPE/&gt;&#13;
                &lt;ENTRY_QNT/&gt;&#13;
                &lt;ENTRY_UOM/&gt;&#13;
                &lt;ENTRY_UOM_ISO/&gt;&#13;
                &lt;PO_PR_QNT/&gt;&#13;
                &lt;ORDERPR_UN/&gt;&#13;
                &lt;ORDERPR_UN_ISO/&gt;&#13;
                &lt;PO_NUMBER/&gt;&#13;
                &lt;PO_ITEM/&gt;&#13;
                &lt;SHIPPING/&gt;&#13;
                &lt;COMP_SHIP/&gt;&#13;
                &lt;NO_MORE_GR/&gt;&#13;
                &lt;ITEM_TEXT/&gt;&#13;
                &lt;GR_RCPT/&gt;&#13;
                &lt;UNLOAD_PT/&gt;&#13;
                &lt;COSTCENTER/&gt;&#13;
                &lt;ORDERID/&gt;&#13;
                &lt;ORDER_ITNO/&gt;&#13;
                &lt;CALC_MOTIVE/&gt;&#13;
                &lt;ASSET_NO/&gt;&#13;
                &lt;SUB_NUMBER/&gt;&#13;
                &lt;RESERV_NO/&gt;&#13;
                &lt;RES_ITEM/&gt;&#13;
                &lt;RES_TYPE/&gt;&#13;
                &lt;WITHDRAWN/&gt;&#13;
                &lt;MOVE_MAT/&gt;&#13;
                &lt;MOVE_PLANT/&gt;&#13;
                &lt;MOVE_STLOC/&gt;&#13;
                &lt;MOVE_BATCH/&gt;&#13;
                &lt;MOVE_VAL_TYPE/&gt;&#13;
                &lt;MVT_IND/&gt;&#13;
                &lt;MOVE_REAS/&gt;&#13;
                &lt;RL_EST_KEY/&gt;&#13;
                &lt;REF_DATE/&gt;&#13;
                &lt;COST_OBJ/&gt;&#13;
                &lt;PROFIT_SEGM_NO/&gt;&#13;
                &lt;PROFIT_CTR/&gt;&#13;
                &lt;WBS_ELEM/&gt;&#13;
                &lt;NETWORK/&gt;&#13;
                &lt;ACTIVITY/&gt;&#13;
                &lt;PART_ACCT/&gt;&#13;
                &lt;AMOUNT_LC/&gt;&#13;
                &lt;AMOUNT_SV/&gt;&#13;
                &lt;CURRENCY/&gt;&#13;
                &lt;CURRENCY_ISO/&gt;&#13;
                &lt;REF_DOC_YR/&gt;&#13;
                &lt;REF_DOC/&gt;&#13;
                &lt;REF_DOC_IT/&gt;&#13;
                &lt;EXPIRYDATE/&gt;&#13;
                &lt;PROD_DATE/&gt;&#13;
                &lt;FUND/&gt;&#13;
                &lt;FUNDS_CTR/&gt;&#13;
                &lt;CMMT_ITEM/&gt;&#13;
                &lt;VAL_SALES_ORD/&gt;&#13;
                &lt;VAL_S_ORD_ITEM/&gt;&#13;
                &lt;VAL_WBS_ELEM/&gt;&#13;
                &lt;CO_BUSPROC/&gt;&#13;
                &lt;ACTTYPE/&gt;&#13;
                &lt;SUPPL_VEND/&gt;&#13;
                &lt;X_AUTO_CRE/&gt;&#13;
                &lt;MATERIAL_EXTERNAL/&gt;&#13;
                &lt;MATERIAL_GUID/&gt;&#13;
                &lt;MATERIAL_VERSION/&gt;&#13;
                &lt;MOVE_MAT_EXTERNAL/&gt;&#13;
                &lt;MOVE_MAT_GUID/&gt;&#13;
                &lt;MOVE_MAT_VERSION/&gt;&#13;
                &lt;GRANT_NBR/&gt;&#13;
                &lt;CMMT_ITEM_LONG/&gt;&#13;
                &lt;FUNC_AREA_LONG/&gt;&#13;
                &lt;LINE_ID/&gt;&#13;
                &lt;PARENT_ID/&gt;&#13;
                &lt;LINE_DEPTH/&gt;&#13;
                &lt;BUDGET_PERIOD/&gt;&#13;
                &lt;EARMARKED_NUMBER/&gt;&#13;
                &lt;EARMARKED_ITEM/&gt;&#13;
            &lt;/item&gt;</Output><Break>false</Break><ItemCount>0</ItemCount><CurrentItem>0</CurrentItem><Source>Interface_Detail.Response{/BAPI_PRODORDCONF_GETDETAIL/TABLES/GOODSMOVEMENTS/item}</Source><Item><ReferenceDocumentSource/>&lt;?xml version="1.0" encoding="UTF-8"?&gt;&lt;item&gt;&#13;
                &lt;MAT_DOC/&gt;&#13;
                &lt;DOC_YEAR/&gt;&#13;
                &lt;MATDOC_ITM/&gt;&#13;
                &lt;MATERIAL/&gt;&#13;
                &lt;PLANT/&gt;&#13;
                &lt;STGE_LOC/&gt;&#13;
                &lt;BATCH/&gt;&#13;
                &lt;MOVE_TYPE/&gt;&#13;
                &lt;STCK_TYPE/&gt;&#13;
                &lt;SPEC_STOCK/&gt;&#13;
                &lt;VENDOR/&gt;&#13;
                &lt;CUSTOMER/&gt;&#13;
                &lt;SALES_ORD/&gt;&#13;
                &lt;S_ORD_ITEM/&gt;&#13;
                &lt;SCHED_LINE/&gt;&#13;
                &lt;VAL_TYPE/&gt;&#13;
                &lt;ENTRY_QNT/&gt;&#13;
                &lt;ENTRY_UOM/&gt;&#13;
                &lt;ENTRY_UOM_ISO/&gt;&#13;
                &lt;PO_PR_QNT/&gt;&#13;
                &lt;ORDERPR_UN/&gt;&#13;
                &lt;ORDERPR_UN_ISO/&gt;&#13;
                &lt;PO_NUMBER/&gt;&#13;
                &lt;PO_ITEM/&gt;&#13;
                &lt;SHIPPING/&gt;&#13;
                &lt;COMP_SHIP/&gt;&#13;
                &lt;NO_MORE_GR/&gt;&#13;
                &lt;ITEM_TEXT/&gt;&#13;
                &lt;GR_RCPT/&gt;&#13;
                &lt;UNLOAD_PT/&gt;&#13;
                &lt;COSTCENTER/&gt;&#13;
                &lt;ORDERID/&gt;&#13;
                &lt;ORDER_ITNO/&gt;&#13;
                &lt;CALC_MOTIVE/&gt;&#13;
                &lt;ASSET_NO/&gt;&#13;
                &lt;SUB_NUMBER/&gt;&#13;
                &lt;RESERV_NO/&gt;&#13;
                &lt;RES_ITEM/&gt;&#13;
                &lt;RES_TYPE/&gt;&#13;
                &lt;WITHDRAWN/&gt;&#13;
                &lt;MOVE_MAT/&gt;&#13;
                &lt;MOVE_PLANT/&gt;&#13;
                &lt;MOVE_STLOC/&gt;&#13;
                &lt;MOVE_BATCH/&gt;&#13;
                &lt;MOVE_VAL_TYPE/&gt;&#13;
                &lt;MVT_IND/&gt;&#13;
                &lt;MOVE_REAS/&gt;&#13;
                &lt;RL_EST_KEY/&gt;&#13;
                &lt;REF_DATE/&gt;&#13;
                &lt;COST_OBJ/&gt;&#13;
                &lt;PROFIT_SEGM_NO/&gt;&#13;
                &lt;PROFIT_CTR/&gt;&#13;
                &lt;WBS_ELEM/&gt;&#13;
                &lt;NETWORK/&gt;&#13;
                &lt;ACTIVITY/&gt;&#13;
                &lt;PART_ACCT/&gt;&#13;
                &lt;AMOUNT_LC/&gt;&#13;
                &lt;AMOUNT_SV/&gt;&#13;
                &lt;CURRENCY/&gt;&#13;
                &lt;CURRENCY_ISO/&gt;&#13;
                &lt;REF_DOC_YR/&gt;&#13;
                &lt;REF_DOC/&gt;&#13;
                &lt;REF_DOC_IT/&gt;&#13;
                &lt;EXPIRYDATE/&gt;&#13;
                &lt;PROD_DATE/&gt;&#13;
                &lt;FUND/&gt;&#13;
                &lt;FUNDS_CTR/&gt;&#13;
                &lt;CMMT_ITEM/&gt;&#13;
                &lt;VAL_SALES_ORD/&gt;&#13;
                &lt;VAL_S_ORD_ITEM/&gt;&#13;
                &lt;VAL_WBS_ELEM/&gt;&#13;
                &lt;CO_BUSPROC/&gt;&#13;
                &lt;ACTTYPE/&gt;&#13;
                &lt;SUPPL_VEND/&gt;&#13;
                &lt;X_AUTO_CRE/&gt;&#13;
                &lt;MATERIAL_EXTERNAL/&gt;&#13;
                &lt;MATERIAL_GUID/&gt;&#13;
                &lt;MATERIAL_VERSION/&gt;&#13;
                &lt;MOVE_MAT_EXTERNAL/&gt;&#13;
                &lt;MOVE_MAT_GUID/&gt;&#13;
                &lt;MOVE_MAT_VERSION/&gt;&#13;
                &lt;GRANT_NBR/&gt;&#13;
                &lt;CMMT_ITEM_LONG/&gt;&#13;
                &lt;FUNC_AREA_LONG/&gt;&#13;
                &lt;LINE_ID/&gt;&#13;
                &lt;PARENT_ID/&gt;&#13;
                &lt;LINE_DEPTH/&gt;&#13;
                &lt;BUDGET_PERIOD/&gt;&#13;
                &lt;EARMARKED_NUMBER/&gt;&#13;
                &lt;EARMARKED_ITEM/&gt;&#13;
            &lt;/item&gt;</Item></Value><SchemaURI/><SchemaElement/><ValidateXMLOnExecution>1</ValidateXMLOnExecution><SchemaURI/><SchemaElement/><ValidateXMLOnExecution>1</ValidateXMLOnExecution><ReadOnly>false</ReadOnly><AlertXMLAssigned>false</AlertXMLAssigned></ContextItem><ContextItem><Name>ShowGM</Name><Description/><MinRange>0</MinRange><MaxRange>0</MaxRange><Value xsi:type="Tracer"><Message/><Level>INFO</Level></Value><ReadOnly>false</ReadOnly><AlertXMLAssigned>false</AlertXMLAssigned></ContextItem><ContextItem><Name>RepeatOnFGM</Name><Description/><MinRange>0</MinRange><MaxRange>0</MaxRange><Value xsi:type="RepeaterAction"><Output><ReferenceDocumentSource/>&lt;?xml version="1.0" encoding="UTF-8"?&gt;&lt;item&gt;&#13;
                &lt;DOC_NO/&gt;&#13;
                &lt;DOC_ITM/&gt;&#13;
                &lt;CREATED_BY/&gt;&#13;
                &lt;CREATED_DATE/&gt;&#13;
                &lt;CREATED_TIME/&gt;&#13;
                &lt;FAILED_DATE/&gt;&#13;
                &lt;FAILED_TIME/&gt;&#13;
                &lt;MSG_ID/&gt;&#13;
                &lt;MSG_NO/&gt;&#13;
                &lt;MSG_TYPE/&gt;&#13;
                &lt;MSG_V1/&gt;&#13;
                &lt;MSG_V2/&gt;&#13;
                &lt;MSG_V3/&gt;&#13;
                &lt;MSG_V4/&gt;&#13;
                &lt;PSTNG_DATE/&gt;&#13;
                &lt;DOC_DATE/&gt;&#13;
                &lt;EXPIRYDATE/&gt;&#13;
                &lt;MATERIAL/&gt;&#13;
                &lt;PLANT/&gt;&#13;
                &lt;STGE_LOC/&gt;&#13;
                &lt;BATCH/&gt;&#13;
                &lt;MOVE_TYPE/&gt;&#13;
                &lt;STCK_TYPE/&gt;&#13;
                &lt;SPEC_STOCK/&gt;&#13;
                &lt;VENDOR/&gt;&#13;
                &lt;SALES_ORD/&gt;&#13;
                &lt;S_ORD_ITEM/&gt;&#13;
                &lt;SCHED_LINE/&gt;&#13;
                &lt;ENTRY_UOM/&gt;&#13;
                &lt;ENTRY_UOM_ISO/&gt;&#13;
                &lt;ENTRY_QNT/&gt;&#13;
                &lt;NO_MORE_GR/&gt;&#13;
                &lt;GR_RCPT/&gt;&#13;
                &lt;UNLOAD_PT/&gt;&#13;
                &lt;ORDERID/&gt;&#13;
                &lt;ORDERID_ITNO/&gt;&#13;
                &lt;CALC_MOTIVE/&gt;&#13;
                &lt;RESERV_NO/&gt;&#13;
                &lt;RES_ITEM/&gt;&#13;
                &lt;RES_TYPE/&gt;&#13;
                &lt;WITHDRAWN/&gt;&#13;
                &lt;MVT_IND/&gt;&#13;
                &lt;MATERIAL_EXTERNAL/&gt;&#13;
                &lt;MATERIAL_GUID/&gt;&#13;
                &lt;MATERIAL_VERSION/&gt;&#13;
            &lt;/item&gt;</Output><Break>false</Break><ItemCount>0</ItemCount><CurrentItem>0</CurrentItem><Source>Interface_Detail.Response{/BAPI_PRODORDCONF_GETDETAIL/TABLES/FAILEDGMOVES/item}</Source><Item><ReferenceDocumentSource/>&lt;?xml version="1.0" encoding="UTF-8"?&gt;&lt;item&gt;&#13;
                &lt;DOC_NO/&gt;&#13;
                &lt;DOC_ITM/&gt;&#13;
                &lt;CREATED_BY/&gt;&#13;
                &lt;CREATED_DATE/&gt;&#13;
                &lt;CREATED_TIME/&gt;&#13;
                &lt;FAILED_DATE/&gt;&#13;
                &lt;FAILED_TIME/&gt;&#13;
                &lt;MSG_ID/&gt;&#13;
                &lt;MSG_NO/&gt;&#13;
                &lt;MSG_TYPE/&gt;&#13;
                &lt;MSG_V1/&gt;&#13;
                &lt;MSG_V2/&gt;&#13;
                &lt;MSG_V3/&gt;&#13;
                &lt;MSG_V4/&gt;&#13;
                &lt;PSTNG_DATE/&gt;&#13;
                &lt;DOC_DATE/&gt;&#13;
                &lt;EXPIRYDATE/&gt;&#13;
                &lt;MATERIAL/&gt;&#13;
                &lt;PLANT/&gt;&#13;
                &lt;STGE_LOC/&gt;&#13;
                &lt;BATCH/&gt;&#13;
                &lt;MOVE_TYPE/&gt;&#13;
                &lt;STCK_TYPE/&gt;&#13;
                &lt;SPEC_STOCK/&gt;&#13;
                &lt;VENDOR/&gt;&#13;
                &lt;SALES_ORD/&gt;&#13;
                &lt;S_ORD_ITEM/&gt;&#13;
                &lt;SCHED_LINE/&gt;&#13;
                &lt;ENTRY_UOM/&gt;&#13;
                &lt;ENTRY_UOM_ISO/&gt;&#13;
                &lt;ENTRY_QNT/&gt;&#13;
                &lt;NO_MORE_GR/&gt;&#13;
                &lt;GR_RCPT/&gt;&#13;
                &lt;UNLOAD_PT/&gt;&#13;
                &lt;ORDERID/&gt;&#13;
                &lt;ORDERID_ITNO/&gt;&#13;
                &lt;CALC_MOTIVE/&gt;&#13;
                &lt;RESERV_NO/&gt;&#13;
                &lt;RES_ITEM/&gt;&#13;
                &lt;RES_TYPE/&gt;&#13;
                &lt;WITHDRAWN/&gt;&#13;
                &lt;MVT_IND/&gt;&#13;
                &lt;MATERIAL_EXTERNAL/&gt;&#13;
                &lt;MATERIAL_GUID/&gt;&#13;
                &lt;MATERIAL_VERSION/&gt;&#13;
            &lt;/item&gt;</Item></Value><SchemaURI/><SchemaElement/><ValidateXMLOnExecution>1</ValidateXMLOnExecution><SchemaURI/><SchemaElement/><ValidateXMLOnExecution>1</ValidateXMLOnExecution><ReadOnly>false</ReadOnly><AlertXMLAssigned>false</AlertXMLAssigned></ContextItem><ContextItem><Name>ShowFGM</Name><Description/><MinRange>0</MinRange><MaxRange>0</MaxRange><Value xsi:type="Tracer"><Message/><Level>INFO</Level></Value><ReadOnly>false</ReadOnly><AlertXMLAssigned>false</AlertXMLAssigned></ContextItem><ContextItem><Name>SAP_JCo_MATDTL</Name><Description/><MinRange>0</MinRange><MaxRange>0</MaxRange><Value xsi:type="SAPJCOInterface"><Request><ReferenceDocumentSource/>&lt;?xml version="1.0" encoding="UTF-8"?&gt;&lt;BAPI_MATERIAL_GET_DETAIL&gt;&lt;INPUT&gt;&lt;MATERIAL/&gt;&lt;MATERIAL_EVG&gt;&lt;MATERIAL_EXT/&gt;&lt;MATERIAL_VERS/&gt;&lt;MATERIAL_GUID/&gt;&lt;/MATERIAL_EVG&gt;&lt;PLANT/&gt;&lt;VALUATIONAREA/&gt;&lt;VALUATIONTYPE/&gt;&lt;/INPUT&gt;&lt;/BAPI_MATERIAL_GET_DETAIL&gt;</Request><Response><ReferenceDocumentSource/>&lt;?xml version="1.0" encoding="UTF-8"?&gt;&lt;BAPI_MATERIAL_GET_DETAIL&gt;&lt;OUTPUT&gt;&lt;MATERIALPLANTDATA&gt;&lt;PUR_GROUP/&gt;&lt;ISSUE_UNIT/&gt;&lt;/MATERIALPLANTDATA&gt;&lt;MATERIALVALUATIONDATA&gt;&lt;PRICE_CTRL/&gt;&lt;MOVING_PR/&gt;&lt;STD_PRICE/&gt;&lt;PRICE_UNIT/&gt;&lt;CURRENCY/&gt;&lt;CURRENCY_ISO/&gt;&lt;/MATERIALVALUATIONDATA&gt;&lt;MATERIAL_GENERAL_DATA&gt;&lt;MATL_DESC/&gt;&lt;OLD_MAT_NO/&gt;&lt;MATL_TYPE/&gt;&lt;IND_SECTOR/&gt;&lt;DIVISION/&gt;&lt;MATL_GROUP/&gt;&lt;PROD_HIER/&gt;&lt;BASIC_MATL/&gt;&lt;STD_DESCR/&gt;&lt;LAB_DESIGN/&gt;&lt;PROD_MEMO/&gt;&lt;PAGEFORMAT/&gt;&lt;CONTAINER/&gt;&lt;STOR_CONDS/&gt;&lt;TEMP_CONDS/&gt;&lt;BASE_UOM/&gt;&lt;EAN_UPC/&gt;&lt;EAN_CAT/&gt;&lt;SIZE_DIM/&gt;&lt;GROSS_WT/&gt;&lt;NET_WEIGHT/&gt;&lt;UNIT_OF_WT/&gt;&lt;VOLUME/&gt;&lt;VOLUMEUNIT/&gt;&lt;LENGTH/&gt;&lt;WIDTH/&gt;&lt;HEIGHT/&gt;&lt;UNIT_DIM/&gt;&lt;MANU_MAT/&gt;&lt;MFR_NO/&gt;&lt;BASE_UOM_ISO/&gt;&lt;UNIT_OF_WT_ISO/&gt;&lt;VOLUMEUNIT_ISO/&gt;&lt;UNIT_DIM_ISO/&gt;&lt;CREATED_ON/&gt;&lt;CREATED_BY/&gt;&lt;LAST_CHNGE/&gt;&lt;CHANGED_BY/&gt;&lt;MATL_CAT/&gt;&lt;EMPTIESBOM/&gt;&lt;BASIC_MATL_NEW/&gt;&lt;/MATERIAL_GENERAL_DATA&gt;&lt;RETURN&gt;&lt;TYPE/&gt;&lt;CODE/&gt;&lt;MESSAGE/&gt;&lt;LOG_NO/&gt;&lt;LOG_MSG_NO/&gt;&lt;MESSAGE_V1/&gt;&lt;MESSAGE_V2/&gt;&lt;MESSAGE_V3/&gt;&lt;MESSAGE_V4/&gt;&lt;/RETURN&gt;&lt;/OUTPUT&gt;&lt;/BAPI_MATERIAL_GET_DETAIL&gt;</Response><SAPRFC>BAPI_MATERIAL_GET_DETAIL</SAPRFC><ExecuteFunction>true</ExecuteFunction><AutoCommit>false</AutoCommit><ConnPropAlias>SAP</ConnPropAlias><CredentialAlias>SAP</CredentialAlias><SAPServerName>10.2.9.139</SAPServerName><SAPClient>524</SAPClient><SAPSystemNumber>01</SAPSystemNumber><SAPUserName/><SAPPassword/><Language>EN</Language><SAPSSO2Ticket/><ConnectionTimeout>0</ConnectionTimeout><PoolConnections>false</PoolConnections><LogonGroup/><RecreateFunction>true</RecreateFunction><AllowMultipleRows>true</AllowMultipleRows><DaysRetention>7</DaysRetention><MaxRetryCount>5</MaxRetryCount><RetryInterval>30000</RetryInterval><ProcessingMode>1</ProcessingMode><Filter/><DataBufferComment/><RetryImmediately>false</RetryImmediately></Value><SchemaURI/><SchemaElement/><ValidateXMLOnExecution>1</ValidateXMLOnExecution><SchemaURI/><SchemaElement/><ValidateXMLOnExecution>1</ValidateXMLOnExecution><ReadOnly>false</ReadOnly><AlertXMLAssigned>false</AlertXMLAssigned></ContextItem></Actions><ReaderRoles>SAP_XMII_Super_Administrator,SAP_XMII_Administrator,SAP_XMII_Developer,SAP_XMII_User</ReaderRoles><Steps><Step xsi:type="ActionSequence"><Name>Sequence</Name><Description/><Steps><Step xsi:type="ActionSequence"><Name>Sequence_2</Name><Description/><Steps><Step xsi:type="ActionSequence"><Name>Sequence_0</Name><Description/><Steps><Step xsi:type="Conditional"><Name>Sequence_1</Name><Description/><Steps><Step xsi:type="ActionSequence"><Name>Sequence_5</Name><Description/><Steps><Step xsi:type="Repeater"><Name>Sequence_7</Name><Description/><Steps><Step xsi:type="Conditional"><Name>Sequence_8</Name><Description/><Steps><Step xsi:type="ActionSequence"><Name>Sequence_9</Name><Description/><Steps><Step xsi:type="ActionSequence"><Name>Sequence_11</Name><Description/><Steps><Step xsi:type="Conditional"><Name>Sequence_14</Name><Description/><Steps><Step xsi:type="Repeater"><Name>Sequence_12</Name><Description/><Steps><Step xsi:type="ActionSequence"><Name>Sequence_13</Name><Description/><Steps><Step xsi:type="ActionSequence"><Name>Sequence_17</Name><Description/><Steps><Step xsi:type="ActionSequence"><Name>Sequence_18</Name><Description/><Steps><Step xsi:type="Repeater"><Name>Sequence_19</Name><Description/><Steps><Step xsi:type="ActionSequence"><Name>Sequence_16</Name><Description/><Steps><Step xsi:type="ActionSequence"><Name>Sequence_20</Name><Description/><Steps/><Actions><Action><Name>ShowGM</Name><Description> </Description><IncomingLinks><Assign xsi:type="Assign"><Name/><Description/><To>ShowGM.Message</To><From>" &gt;&gt; GM OK " &amp; RepeatOnGM.CurrentItem &amp; " of " &amp; RepeatOnGM.ItemCount &amp; 
" -- MAT: " &amp; RepeatOnGM.Output{/item/MATERIAL} &amp; " [ " &amp; SAP_JCo_MATDTL.Response{/BAPI_MATERIAL_GET_DETAIL/OUTPUT/MATERIAL_GENERAL_DATA/MATL_DESC} &amp; " ] " &amp;
" -- MATDOC: " &amp; RepeatOnGM.Output{/item/MAT_DOC} &amp; 
" -- DOCYR: " &amp; RepeatOnGM.Output{/item/DOC_YEAR} &amp; 
" -- DOCITM: " &amp; RepeatOnGM.Output{/item/MATDOC_ITM} &amp; 
" -- SLOC: " &amp; RepeatOnGM.Output{/item/STGE_LOC} &amp; 
" -- BATCH: " &amp; RepeatOnGM.Output{/item/BATCH} &amp; 
" -- MVE TYPE: " &amp; RepeatOnGM.Output{/item/MOVE_TYPE} &amp; 
" -- RES NO: " &amp; RepeatOnGM.Output{/item/RESERV_NO} &amp; 
" -- RES ITEM: " &amp; RepeatOnGM.Output{/item/RES_ITEM} &amp; 
" -- MVT IND: " &amp; RepeatOnGM.Output{/item/MVT_IND} &amp; 
" -- ITM TXT: " &amp; RepeatOnGM.Output{/item/ITEM_TEXT}
</From></Assign></IncomingLinks><OutgoingLinks/></Action></Actions></Step></Steps><Actions><Action><Name>SAP_JCo_MATDTL</Name><Description> </Description><IncomingLinks><Assign xsi:type="Assign"><Name/><Description/><To>SAP_JCo_MATDTL.ConnPropAlias</To><From>Transaction.SAP_SERVER</From></Assign><Assign xsi:type="Assign"><Name/><Description/><To>SAP_JCo_MATDTL.CredentialAlias</To><From>Transaction.SAP_CREDENTIAL</From></Assign><Assign xsi:type="Assign"><Name/><Description/><To>SAP_JCo_MATDTL.Request{/BAPI_MATERIAL_GET_DETAIL/INPUT/MATERIAL}</To><From>RepeatOnGM.Output{/item/MATERIAL}</From></Assign></IncomingLinks><OutgoingLinks/></Action></Actions></Step></Steps><Actions><Action><Name>RepeatOnGM</Name><Description> </Description><IncomingLinks/><OutgoingLinks/></Action></Actions></Step><Step xsi:type="Repeater"><Name>Sequence_21</Name><Description/><Steps><Step xsi:type="ActionSequence"><Name>Sequence_23</Name><Description/><Steps/><Actions><Action><Name>ShowFGM</Name><Description> </Description><IncomingLinks><Assign xsi:type="Assign"><Name/><Description/><To>ShowFGM.Message</To><From>" FAILED GM (" &amp; RepeatOnFGM.Output{/item/MSG_V1} &amp; ") " &amp; 
RepeatOnFGM.CurrentItem &amp; " of " &amp; RepeatOnFGM.ItemCount &amp; 
" -- MAT: " &amp; RepeatOnFGM.Output{/item/MATERIAL} &amp;
" -- SLOC: " &amp; RepeatOnFGM.Output{/item/STGE_LOC} &amp; 
" -- BATCH: " &amp; RepeatOnFGM.Output{/item/BATCH} &amp;
" -- MVE TYPE: " &amp; RepeatOnFGM.Output{/item/MOVE_TYPE} &amp; 
" -- RES NO: " &amp; RepeatOnFGM.Output{/item/RESERV_NO} &amp;
" -- RES ITEM: " &amp; RepeatOnFGM.Output{/item/RES_ITEM} &amp;
" -- MVT IND: " &amp; RepeatOnFGM.Output{/item/MVT_IND}</From></Assign></IncomingLinks><OutgoingLinks/></Action></Actions></Step></Steps><Actions><Action><Name>RepeatOnFGM</Name><Description> </Description><IncomingLinks/><OutgoingLinks/></Action></Actions></Step></Steps><Actions><Action><Name>ShowDetail</Name><Description> </Description><IncomingLinks><Assign xsi:type="Assign"><Name/><Description/><To>ShowDetail.Message</To><From>" &gt;&gt; YIELD: " &amp; Interface_Detail.Response{/BAPI_PRODORDCONF_GETDETAIL/OUTPUT/CONF_DETAIL/YIELD} &amp; 
" -- SCRAP: " &amp; Interface_Detail.Response{/BAPI_PRODORDCONF_GETDETAIL/OUTPUT/CONF_DETAIL/SCRAP} &amp; 
" -- REWORK : " &amp; Interface_Detail.Response{/BAPI_PRODORDCONF_GETDETAIL/OUTPUT/CONF_DETAIL/REWORK} &amp; 
" -- WRK CTR: " &amp; Interface_Detail.Response{/BAPI_PRODORDCONF_GETDETAIL/OUTPUT/CONF_DETAIL/WORK_CNTR} &amp;
" -- ACT 1: " &amp; Interface_Detail.Response{/BAPI_PRODORDCONF_GETDETAIL/OUTPUT/CONF_DETAIL/CONF_ACTIVITY1}</From></Assign></IncomingLinks><OutgoingLinks/></Action></Actions></Step></Steps><Actions><Action><Name>Interface_Detail</Name><Description> </Description><IncomingLinks><Assign xsi:type="Assign"><Name/><Description/><To>Interface_Detail.ConnPropAlias</To><From>Transaction.SAP_SERVER</From></Assign><Assign xsi:type="Assign"><Name/><Description/><To>Interface_Detail.Request{/BAPI_PRODORDCONF_GETDETAIL/INPUT/CONFIRMATION}</To><From>RepeatOnConf.Output{/item/CONF_NO}</From></Assign><Assign xsi:type="Assign"><Name/><Description/><To>Interface_Detail.Request{/BAPI_PRODORDCONF_GETDETAIL/INPUT/CONFIRMATIONCOUNTER}</To><From>RepeatOnConf.Output{/item/CONF_CNT}</From></Assign><Assign xsi:type="Assign"><Name/><Description/><To>Interface_Detail.CredentialAlias</To><From>Transaction.SAP_CREDENTIAL</From></Assign></IncomingLinks><OutgoingLinks/></Action></Actions></Step></Steps><Actions><Action><Name>ShowConf</Name><Description> </Description><IncomingLinks><Assign xsi:type="Assign"><Name/><Description/><To>ShowConf.Message</To><From>" &gt;&gt; ITEM" &amp;RepeatOnConf.CurrentItem &amp; " of " &amp; RepeatOnConf.ItemCount &amp;  " -- CONF NO: " &amp; RepeatOnConf.Output{/item/CONF_NO} &amp; "-" &amp; RepeatOnConf.Output{/item/CONF_CNT} 
&amp; " -- ORDER: " &amp; RepeatOnConf.Output{/item/ORDERID} 
&amp; " --  SEQUENCE: " &amp; RepeatOnConf.Output{/item/SEQUENCE}
&amp; " -- OPERATION: " &amp; RepeatOnConf.Output{/item/OPERATION} 
&amp; " -- SUBOPERATION: " &amp; RepeatOnConf.Output{/item/SUBOPERATION} 
&amp; " -- TYPE: " &amp; RepeatOnConf.Output{/item/RECORDTYPE} 
&amp; " -- BY: " &amp; RepeatOnConf.Output{/item/CREATED_BY} 
&amp; " -- ON: " &amp; RepeatOnConf.Output{/item/CREATED_DATE} &amp; "  " &amp; RepeatOnConf.Output{/item/CREATED_TIME}
&amp; " -- FINAL : " &amp; RepeatOnConf.Output{/item/FIN_CONF}
&amp; " -- REVERSED: " &amp; RepeatOnConf.Output{/item/REVERSED}
&amp; " -- REV CNT: " &amp; RepeatOnConf.Output{/item/REV_CONF_CNT}
&amp; " -- TXT: " &amp; RepeatOnConf.Output{/item/CONF_TEXT}
&amp; " -- EX IDENT: " &amp; RepeatOnConf.Output{/item/EX_IDENT}</From></Assign></IncomingLinks><OutgoingLinks/></Action></Actions></Step></Steps><Actions><Action><Name>RepeatOnConf</Name><Description> </Description><IncomingLinks/><OutgoingLinks/></Action></Actions></Step><Step xsi:type="ActionSequence"><Name>Sequence_15</Name><Description/><Steps/><Actions><Action><Name>ConfMismatch</Name><Description> </Description><IncomingLinks><Assign xsi:type="Assign"><Name/><Description/><To>ConfMismatch.Message</To><From>" &gt;&gt; Parts Confirmed but no SAP Confirmations found -- DATA MISMATCH -- "</From></Assign></IncomingLinks><OutgoingLinks/></Action></Actions></Step></Steps><Actions><Action><Name>ConfFound</Name><Description> </Description><IncomingLinks><Assign xsi:type="Assign"><Name/><Description/><To>ConfFound.Input1</To><From>CONF_GETLIST.Response{count(/BAPI_PRODORDCONF_GETLIST/TABLES/CONFIRMATIONS/item)} &gt;0</From></Assign></IncomingLinks><OutgoingLinks/></Action></Actions></Step></Steps><Actions><Action><Name>CONF_GETLIST</Name><Description> </Description><IncomingLinks><Assign xsi:type="Assign"><Name/><Description/><To>CONF_GETLIST.Request{/BAPI_PRODORDCONF_GETLIST/TABLES/ORDER_RANGE/item/SIGN}</To><From>"I"</From></Assign><Assign xsi:type="Assign"><Name/><Description/><To>CONF_GETLIST.Request{/BAPI_PRODORDCONF_GETLIST/TABLES/ORDER_RANGE/item/OPTION}</To><From>"EQ"</From></Assign><Assign xsi:type="Assign"><Name/><Description/><To>CONF_GETLIST.Request{/BAPI_PRODORDCONF_GETLIST/TABLES/ORDER_RANGE/item/LOW}</To><From>RepeatOnOrder.Output{/Row/ORDER_NUMBER}</From></Assign><Assign xsi:type="Assign"><Name/><Description/><To>CONF_GETLIST.CredentialAlias</To><From>Transaction.SAP_CREDENTIAL</From></Assign><Assign xsi:type="Assign"><Name/><Description/><To>CONF_GETLIST.ConnPropAlias</To><From>Transaction.SAP_SERVER</From></Assign></IncomingLinks><OutgoingLinks><Assign xsi:type="AssignXml"><Name/><Description/><To>Local.RESP_CONF_LIST</To><From>CONF_GETLIST.Response</From></Assign></OutgoingLinks></Action></Actions></Step></Steps><Actions><Action><Name>NrConfParts</Name><Description> </Description><IncomingLinks><Assign xsi:type="Assign"><Name/><Description/><To>NrConfParts.Message</To><From>" &gt;&gt; Processing " &amp; RepeatOnOrder.CurrentItem &amp; " of " &amp; RepeatOnOrder.ItemCount &amp; " -- " &amp; RepeatOnOrder.Output{/Row/CONFIRMED_QUANTITY} &amp; " confirmed parts on order " &amp; RepeatOnOrder.Output{/Row/ORDER_NUMBER} &amp; " --  Reading Confirmations .. "</From></Assign></IncomingLinks><OutgoingLinks/></Action></Actions></Step><Step xsi:type="ActionSequence"><Name>Sequence_10</Name><Description/><Steps/><Actions><Action><Name>NoConfParts</Name><Description> </Description><IncomingLinks><Assign xsi:type="Assign"><Name/><Description/><To>NoConfParts.Message</To><From>" &gt;&gt; Processing " &amp; RepeatOnOrder.CurrentItem &amp; " of " &amp; RepeatOnOrder.ItemCount &amp; " -- No confirmed parts on order " &amp; RepeatOnOrder.Output{/Row/ORDER_NUMBER}</From></Assign></IncomingLinks><OutgoingLinks/></Action></Actions></Step></Steps><Actions><Action><Name>ConfirmedParts</Name><Description> </Description><IncomingLinks><Assign xsi:type="Assign"><Name/><Description/><To>ConfirmedParts.Input1</To><From>RepeatOnOrder.Output{/Row/CONFIRMED_QUANTITY} &gt; 0</From></Assign></IncomingLinks><OutgoingLinks/></Action></Actions></Step></Steps><Actions><Action><Name>RepeatOnOrder</Name><Description> </Description><IncomingLinks/><OutgoingLinks/></Action></Actions></Step></Steps><Actions><Action><Name>ShowNrRows</Name><Description> </Description><IncomingLinks><Assign xsi:type="Assign"><Name/><Description/><To>ShowNrRows.Message</To><From>" &gt;&gt; " &amp; sql_getProdOrders.Results{count(/Rowsets/Rowset/Row)} &amp; " Production Orders Retrieved .."</From></Assign></IncomingLinks><OutgoingLinks/></Action></Actions></Step><Step xsi:type="ActionSequence"><Name>Sequence_6</Name><Description/><Steps/><Actions><Action><Name>ShowNoRows</Name><Description> </Description><IncomingLinks><Assign xsi:type="Assign"><Name/><Description/><To>ShowNoRows.Message</To><From>"&gt;&gt; No Production Orders Retrieved .."</From></Assign></IncomingLinks><OutgoingLinks/></Action></Actions></Step></Steps><Actions><Action><Name>ProdOrders</Name><Description> </Description><IncomingLinks><Assign xsi:type="Assign"><Name/><Description/><To>ProdOrders.Input1</To><From>sql_getProdOrders.Results{count(/Rowsets/Rowset/Row)} &gt; 0</From></Assign></IncomingLinks><OutgoingLinks/></Action></Actions></Step></Steps><Actions><Action><Name>sql_getProdOrders</Name><Description>SQL Query</Description><IncomingLinks><Assign xsi:type="Assign"><Name/><Description/><To>sql_getProdOrders.Server</To><From>Transaction.SQL_SERVER</From></Assign></IncomingLinks><OutgoingLinks/></Action></Actions></Step><Step xsi:type="Catch"><Name>Sequence_3</Name><Description/><Steps><Step xsi:type="ActionSequence"><Name>Sequence_4</Name><Description/><Steps/><Actions><Action><Name>ShowCatch_0</Name><Description> </Description><IncomingLinks><Assign xsi:type="Assign"><Name/><Description/><To>ShowCatch_0.Message</To><From>Catch_0.Message</From></Assign></IncomingLinks><OutgoingLinks/></Action></Actions></Step></Steps><Actions><Action><Name>Catch_0</Name><Description>Catches an exception</Description><IncomingLinks/><OutgoingLinks/></Action></Actions></Step></Steps><Actions><Action><Name>Exception_Enabler_0</Name><Description>Enables exceptions.</Description><IncomingLinks/><OutgoingLinks/></Action></Actions></Step></Steps><Actions><Action><Name>ShowParam</Name><Description> </Description><IncomingLinks><Assign xsi:type="Assign"><Name/><Description/><To>ShowParam.Message</To><From>"&gt;&gt; SAP SERVER: " &amp; Transaction.SAP_SERVER &amp; " -- SAP CREDENTIAL: " &amp; Transaction.SAP_CREDENTIAL &amp; " -- SQL SERVER: " &amp; Transaction.SQL_SERVER</From></Assign></IncomingLinks><OutgoingLinks/></Action></Actions></Step></Steps></Transaction>