<?xml version="1.0" encoding="UTF-8"?><Transaction xmlns:xsd="http://www.w3.org/2001/XMLSchema" xmlns:xsi="http://www.w3.org/2001/XMLSchema-instance" Version="15.0.4.11"><TransactionAttributes><ContextItem><Name>Description</Name><Description>Transaction Description</Description><MinRange>0</MinRange><MaxRange>0</MaxRange><Value xsi:type="string"/><ReadOnly>true</ReadOnly><AlertXMLAssigned>false</AlertXMLAssigned></ContextItem><ContextItem><Name>Comments</Name><Description>User Comments</Description><MinRange>0</MinRange><MaxRange>0</MaxRange><Value xsi:type="string"/><ReadOnly>true</ReadOnly><AlertXMLAssigned>false</AlertXMLAssigned></ContextItem><ContextItem><Name>CreatedBy</Name><Description>Created By</Description><MinRange>0</MinRange><MaxRange>0</MaxRange><Value xsi:type="string">RadPa</Value><ReadOnly>true</ReadOnly><AlertXMLAssigned>false</AlertXMLAssigned></ContextItem><ContextItem><Name>CreationDate</Name><Description>Creation Date</Description><MinRange>0</MinRange><MaxRange>0</MaxRange><Value xsi:type="dateTime">2016-07-12T16:37:31</Value><ReadOnly>true</ReadOnly><AlertXMLAssigned>false</AlertXMLAssigned></ContextItem><ContextItem><Name>Category</Name><Description>Transaction Category</Description><MinRange>0</MinRange><MaxRange>0</MaxRange><Value xsi:type="string"/><ReadOnly>true</ReadOnly><AlertXMLAssigned>false</AlertXMLAssigned></ContextItem><ContextItem><Name>Status</Name><Description>Deployment Status</Description><MinRange>0</MinRange><MaxRange>0</MaxRange><Value xsi:type="string">DEVELOPMENT</Value><ReadOnly>true</ReadOnly><AlertXMLAssigned>false</AlertXMLAssigned></ContextItem><ContextItem><Name>LegacyProcessingMode</Name><Description>Support the pre MII 12.1 Transaction Engine.</Description><MinRange>0</MinRange><MaxRange>0</MaxRange><Value xsi:type="boolean">0</Value><ReadOnly>true</ReadOnly><AlertXMLAssigned>false</AlertXMLAssigned></ContextItem><ContextItem><Name>AutoAppendBlankNamespaces</Name><Description>AutoAppendBlankNamespaces</Description><MinRange>0</MinRange><MaxRange>0</MaxRange><Value xsi:type="boolean">1</Value><ReadOnly>true</ReadOnly><AlertXMLAssigned>false</AlertXMLAssigned></ContextItem><ContextItem><Name>ThrowOnLinkError</Name><Description>Throws an exception when a link error occures</Description><MinRange>0</MinRange><MaxRange>0</MaxRange><Value xsi:type="boolean">0</Value><ReadOnly>true</ReadOnly><AlertXMLAssigned>false</AlertXMLAssigned></ContextItem><ContextItem><Name>ThrowOnActionError</Name><Description>Throws an exception when an action error occurs</Description><MinRange>0</MinRange><MaxRange>0</MaxRange><Value xsi:type="boolean">1</Value><ReadOnly>true</ReadOnly><AlertXMLAssigned>false</AlertXMLAssigned></ContextItem><ContextItem><Name>FormatXMLOnConversion</Name><Description>By default XML will be formatted when assigned from XML data type to String data type. This behaviour can be changed with this flag.</Description><MinRange>0</MinRange><MaxRange>0</MaxRange><Value xsi:type="boolean">1</Value><ReadOnly>true</ReadOnly><AlertXMLAssigned>false</AlertXMLAssigned></ContextItem><ContextItem><Name>LastEditedBy</Name><Description>Last Edited By</Description><MinRange>0</MinRange><MaxRange>0</MaxRange><Value xsi:type="xsd:string">RadPa</Value><ReadOnly>true</ReadOnly><AlertXMLAssigned>false</AlertXMLAssigned></ContextItem><ContextItem><Name>LastEditedDate</Name><Description>Last Edited Date</Description><MinRange>0</MinRange><MaxRange>0</MaxRange><Value xsi:type="xsd:dateTime">2016-07-19T11:12:07</Value><ReadOnly>true</ReadOnly><AlertXMLAssigned>false</AlertXMLAssigned></ContextItem></TransactionAttributes><Name>MESM/ORDERS_CNF/TRANSACTIONS/getFGMByOrder</Name><Version>99</Version><WriterRoles>SAP_XMII_Super_Administrator,SAP_XMII_Administrator,SAP_XMII_Developer</WriterRoles><Context><ContextItem><Name>CONF_CNT</Name><Description/><MinRange>0</MinRange><MaxRange>0</MaxRange><Value xsi:type="string"/><ReadOnly>false</ReadOnly><AlertXMLAssigned>false</AlertXMLAssigned></ContextItem><ContextItem><Name>CONF_NO</Name><Description/><MinRange>0</MinRange><MaxRange>0</MaxRange><Value xsi:type="string"/><ReadOnly>false</ReadOnly><AlertXMLAssigned>false</AlertXMLAssigned></ContextItem><ContextItem><Name>SAP_CREDENTIALS</Name><Description/><MinRange>0</MinRange><MaxRange>0</MaxRange><Value xsi:type="string">SAP</Value><ReadOnly>false</ReadOnly><AlertXMLAssigned>false</AlertXMLAssigned></ContextItem><ContextItem><Name>SAP_SERVER</Name><Description/><MinRange>0</MinRange><MaxRange>0</MaxRange><Value xsi:type="string">SAP</Value><ReadOnly>false</ReadOnly><AlertXMLAssigned>false</AlertXMLAssigned></ContextItem><ContextItem><Name>SQL_SERVER</Name><Description/><MinRange>0</MinRange><MaxRange>0</MaxRange><Value xsi:type="string">MESM</Value><ReadOnly>false</ReadOnly><AlertXMLAssigned>false</AlertXMLAssigned></ContextItem><ContextItem><Name>WORK_ORDER</Name><Description/><MinRange>0</MinRange><MaxRange>0</MaxRange><Value xsi:type="string">000000800190</Value><ReadOnly>false</ReadOnly><AlertXMLAssigned>false</AlertXMLAssigned></ContextItem><ContextItem><Name>XML_OUT</Name><Description/><MinRange>0</MinRange><MaxRange>0</MaxRange><Value xsi:type="xml"><ReferenceDocumentSource/>&lt;?xml version="1.0" encoding="UTF-8"?&gt;&lt;Rowsets DateCreated="2016-07-15T17:14:03" EndDate="2016-07-15T09:42:15" StartDate="2016-07-15T09:42:15" Version="15.0 SP4 Patch 11 (28-Aug-2015)"&gt;&#13;
    &lt;item&gt;&#13;
        &lt;DOC_NO&gt;0000000230&lt;/DOC_NO&gt;&#13;
        &lt;DOC_ITM&gt;00000001&lt;/DOC_ITM&gt;&#13;
        &lt;CREATED_BY&gt;MII_USER&lt;/CREATED_BY&gt;&#13;
        &lt;CREATED_DATE&gt;2016-07-13&lt;/CREATED_DATE&gt;&#13;
        &lt;CREATED_TIME&gt;10:32:55&lt;/CREATED_TIME&gt;&#13;
        &lt;FAILED_DATE&gt;2016-07-13&lt;/FAILED_DATE&gt;&#13;
        &lt;FAILED_TIME&gt;10:32:57&lt;/FAILED_TIME&gt;&#13;
        &lt;MSG_ID&gt;M7&lt;/MSG_ID&gt;&#13;
        &lt;MSG_NO&gt;018&lt;/MSG_NO&gt;&#13;
        &lt;MSG_TYPE&gt;E&lt;/MSG_TYPE&gt;&#13;
        &lt;MSG_V1&gt;Stor. Location&lt;/MSG_V1&gt;&#13;
        &lt;MSG_V2/&gt;&#13;
        &lt;MSG_V3/&gt;&#13;
        &lt;MSG_V4/&gt;&#13;
        &lt;PSTNG_DATE&gt;2016-07-13&lt;/PSTNG_DATE&gt;&#13;
        &lt;DOC_DATE&gt;2016-07-13&lt;/DOC_DATE&gt;&#13;
        &lt;EXPIRYDATE&gt;0000-00-00&lt;/EXPIRYDATE&gt;&#13;
        &lt;MATERIAL&gt;10041450A&lt;/MATERIAL&gt;&#13;
        &lt;PLANT&gt;3602&lt;/PLANT&gt;&#13;
        &lt;STGE_LOC/&gt;&#13;
        &lt;BATCH&gt;A&lt;/BATCH&gt;&#13;
        &lt;MOVE_TYPE&gt;101&lt;/MOVE_TYPE&gt;&#13;
        &lt;STCK_TYPE/&gt;&#13;
        &lt;SPEC_STOCK/&gt;&#13;
        &lt;VENDOR/&gt;&#13;
        &lt;SALES_ORD/&gt;&#13;
        &lt;S_ORD_ITEM&gt;000000&lt;/S_ORD_ITEM&gt;&#13;
        &lt;SCHED_LINE&gt;0000&lt;/SCHED_LINE&gt;&#13;
        &lt;ENTRY_UOM&gt;EA&lt;/ENTRY_UOM&gt;&#13;
        &lt;ENTRY_UOM_ISO&gt;EA&lt;/ENTRY_UOM_ISO&gt;&#13;
        &lt;ENTRY_QNT&gt;1.000&lt;/ENTRY_QNT&gt;&#13;
        &lt;NO_MORE_GR&gt;X&lt;/NO_MORE_GR&gt;&#13;
        &lt;GR_RCPT/&gt;&#13;
        &lt;UNLOAD_PT/&gt;&#13;
        &lt;ORDERID&gt;000000800124&lt;/ORDERID&gt;&#13;
        &lt;ORDERID_ITNO&gt;0001&lt;/ORDERID_ITNO&gt;&#13;
        &lt;CALC_MOTIVE/&gt;&#13;
        &lt;RESERV_NO&gt;0000000000&lt;/RESERV_NO&gt;&#13;
        &lt;RES_ITEM&gt;0000&lt;/RES_ITEM&gt;&#13;
        &lt;RES_TYPE/&gt;&#13;
        &lt;WITHDRAWN/&gt;&#13;
        &lt;MVT_IND&gt;F&lt;/MVT_IND&gt;&#13;
        &lt;MATERIAL_EXTERNAL/&gt;&#13;
        &lt;MATERIAL_GUID/&gt;&#13;
        &lt;MATERIAL_VERSION/&gt;&#13;
    &lt;/item&gt;&#13;
    &lt;item&gt;&#13;
        &lt;DOC_NO&gt;0000000230&lt;/DOC_NO&gt;&#13;
        &lt;DOC_ITM&gt;00000002&lt;/DOC_ITM&gt;&#13;
        &lt;CREATED_BY&gt;MII_USER&lt;/CREATED_BY&gt;&#13;
        &lt;CREATED_DATE&gt;2016-07-13&lt;/CREATED_DATE&gt;&#13;
        &lt;CREATED_TIME&gt;10:32:55&lt;/CREATED_TIME&gt;&#13;
        &lt;FAILED_DATE&gt;2016-07-13&lt;/FAILED_DATE&gt;&#13;
        &lt;FAILED_TIME&gt;10:32:58&lt;/FAILED_TIME&gt;&#13;
        &lt;MSG_ID&gt;M7&lt;/MSG_ID&gt;&#13;
        &lt;MSG_NO&gt;018&lt;/MSG_NO&gt;&#13;
        &lt;MSG_TYPE&gt;E&lt;/MSG_TYPE&gt;&#13;
        &lt;MSG_V1&gt;Batch&lt;/MSG_V1&gt;&#13;
        &lt;MSG_V2/&gt;&#13;
        &lt;MSG_V3/&gt;&#13;
        &lt;MSG_V4/&gt;&#13;
        &lt;PSTNG_DATE&gt;2016-07-13&lt;/PSTNG_DATE&gt;&#13;
        &lt;DOC_DATE&gt;2016-07-13&lt;/DOC_DATE&gt;&#13;
        &lt;EXPIRYDATE&gt;0000-00-00&lt;/EXPIRYDATE&gt;&#13;
        &lt;MATERIAL&gt;10019828&lt;/MATERIAL&gt;&#13;
        &lt;PLANT&gt;3602&lt;/PLANT&gt;&#13;
        &lt;STGE_LOC&gt;BGIN&lt;/STGE_LOC&gt;&#13;
        &lt;BATCH/&gt;&#13;
        &lt;MOVE_TYPE&gt;261&lt;/MOVE_TYPE&gt;&#13;
        &lt;STCK_TYPE/&gt;&#13;
        &lt;SPEC_STOCK/&gt;&#13;
        &lt;VENDOR/&gt;&#13;
        &lt;SALES_ORD/&gt;&#13;
        &lt;S_ORD_ITEM&gt;000000&lt;/S_ORD_ITEM&gt;&#13;
        &lt;SCHED_LINE&gt;0000&lt;/SCHED_LINE&gt;&#13;
        &lt;ENTRY_UOM&gt;EA&lt;/ENTRY_UOM&gt;&#13;
        &lt;ENTRY_UOM_ISO&gt;EA&lt;/ENTRY_UOM_ISO&gt;&#13;
        &lt;ENTRY_QNT&gt;8.000&lt;/ENTRY_QNT&gt;&#13;
        &lt;NO_MORE_GR/&gt;&#13;
        &lt;GR_RCPT/&gt;&#13;
        &lt;UNLOAD_PT/&gt;&#13;
        &lt;ORDERID&gt;000000800124&lt;/ORDERID&gt;&#13;
        &lt;ORDERID_ITNO&gt;0000&lt;/ORDERID_ITNO&gt;&#13;
        &lt;CALC_MOTIVE/&gt;&#13;
        &lt;RESERV_NO&gt;0000001358&lt;/RESERV_NO&gt;&#13;
        &lt;RES_ITEM&gt;0002&lt;/RES_ITEM&gt;&#13;
        &lt;RES_TYPE/&gt;&#13;
        &lt;WITHDRAWN&gt;X&lt;/WITHDRAWN&gt;&#13;
        &lt;MVT_IND/&gt;&#13;
        &lt;MATERIAL_EXTERNAL/&gt;&#13;
        &lt;MATERIAL_GUID/&gt;&#13;
        &lt;MATERIAL_VERSION/&gt;&#13;
    &lt;/item&gt;&#13;
    &lt;item&gt;&#13;
        &lt;DOC_NO&gt;0000000230&lt;/DOC_NO&gt;&#13;
        &lt;DOC_ITM&gt;00000003&lt;/DOC_ITM&gt;&#13;
        &lt;CREATED_BY&gt;MII_USER&lt;/CREATED_BY&gt;&#13;
        &lt;CREATED_DATE&gt;2016-07-13&lt;/CREATED_DATE&gt;&#13;
        &lt;CREATED_TIME&gt;10:32:55&lt;/CREATED_TIME&gt;&#13;
        &lt;FAILED_DATE&gt;2016-07-13&lt;/FAILED_DATE&gt;&#13;
        &lt;FAILED_TIME&gt;10:32:58&lt;/FAILED_TIME&gt;&#13;
        &lt;MSG_ID&gt;M7&lt;/MSG_ID&gt;&#13;
        &lt;MSG_NO&gt;018&lt;/MSG_NO&gt;&#13;
        &lt;MSG_TYPE&gt;E&lt;/MSG_TYPE&gt;&#13;
        &lt;MSG_V1&gt;Batch&lt;/MSG_V1&gt;&#13;
        &lt;MSG_V2/&gt;&#13;
        &lt;MSG_V3/&gt;&#13;
        &lt;MSG_V4/&gt;&#13;
        &lt;PSTNG_DATE&gt;2016-07-13&lt;/PSTNG_DATE&gt;&#13;
        &lt;DOC_DATE&gt;2016-07-13&lt;/DOC_DATE&gt;&#13;
        &lt;EXPIRYDATE&gt;0000-00-00&lt;/EXPIRYDATE&gt;&#13;
        &lt;MATERIAL&gt;10020290A&lt;/MATERIAL&gt;&#13;
        &lt;PLANT&gt;3602&lt;/PLANT&gt;&#13;
        &lt;STGE_LOC&gt;BGIN&lt;/STGE_LOC&gt;&#13;
        &lt;BATCH/&gt;&#13;
        &lt;MOVE_TYPE&gt;261&lt;/MOVE_TYPE&gt;&#13;
        &lt;STCK_TYPE/&gt;&#13;
        &lt;SPEC_STOCK/&gt;&#13;
        &lt;VENDOR/&gt;&#13;
        &lt;SALES_ORD/&gt;&#13;
        &lt;S_ORD_ITEM&gt;000000&lt;/S_ORD_ITEM&gt;&#13;
        &lt;SCHED_LINE&gt;0000&lt;/SCHED_LINE&gt;&#13;
        &lt;ENTRY_UOM&gt;EA&lt;/ENTRY_UOM&gt;&#13;
        &lt;ENTRY_UOM_ISO&gt;EA&lt;/ENTRY_UOM_ISO&gt;&#13;
        &lt;ENTRY_QNT&gt;2.000&lt;/ENTRY_QNT&gt;&#13;
        &lt;NO_MORE_GR/&gt;&#13;
        &lt;GR_RCPT/&gt;&#13;
        &lt;UNLOAD_PT/&gt;&#13;
        &lt;ORDERID&gt;000000800124&lt;/ORDERID&gt;&#13;
        &lt;ORDERID_ITNO&gt;0000&lt;/ORDERID_ITNO&gt;&#13;
        &lt;CALC_MOTIVE/&gt;&#13;
        &lt;RESERV_NO&gt;0000001358&lt;/RESERV_NO&gt;&#13;
        &lt;RES_ITEM&gt;0003&lt;/RES_ITEM&gt;&#13;
        &lt;RES_TYPE/&gt;&#13;
        &lt;WITHDRAWN&gt;X&lt;/WITHDRAWN&gt;&#13;
        &lt;MVT_IND/&gt;&#13;
        &lt;MATERIAL_EXTERNAL/&gt;&#13;
        &lt;MATERIAL_GUID/&gt;&#13;
        &lt;MATERIAL_VERSION/&gt;&#13;
    &lt;/item&gt;&#13;
    &lt;item&gt;&#13;
        &lt;DOC_NO&gt;0000000230&lt;/DOC_NO&gt;&#13;
        &lt;DOC_ITM&gt;00000004&lt;/DOC_ITM&gt;&#13;
        &lt;CREATED_BY&gt;MII_USER&lt;/CREATED_BY&gt;&#13;
        &lt;CREATED_DATE&gt;2016-07-13&lt;/CREATED_DATE&gt;&#13;
        &lt;CREATED_TIME&gt;10:32:55&lt;/CREATED_TIME&gt;&#13;
        &lt;FAILED_DATE&gt;2016-07-13&lt;/FAILED_DATE&gt;&#13;
        &lt;FAILED_TIME&gt;10:32:58&lt;/FAILED_TIME&gt;&#13;
        &lt;MSG_ID&gt;M7&lt;/MSG_ID&gt;&#13;
        &lt;MSG_NO&gt;018&lt;/MSG_NO&gt;&#13;
        &lt;MSG_TYPE&gt;E&lt;/MSG_TYPE&gt;&#13;
        &lt;MSG_V1&gt;Batch&lt;/MSG_V1&gt;&#13;
        &lt;MSG_V2/&gt;&#13;
        &lt;MSG_V3/&gt;&#13;
        &lt;MSG_V4/&gt;&#13;
        &lt;PSTNG_DATE&gt;2016-07-13&lt;/PSTNG_DATE&gt;&#13;
        &lt;DOC_DATE&gt;2016-07-13&lt;/DOC_DATE&gt;&#13;
        &lt;EXPIRYDATE&gt;0000-00-00&lt;/EXPIRYDATE&gt;&#13;
        &lt;MATERIAL&gt;10020280A&lt;/MATERIAL&gt;&#13;
        &lt;PLANT&gt;3602&lt;/PLANT&gt;&#13;
        &lt;STGE_LOC&gt;BGIN&lt;/STGE_LOC&gt;&#13;
        &lt;BATCH/&gt;&#13;
        &lt;MOVE_TYPE&gt;261&lt;/MOVE_TYPE&gt;&#13;
        &lt;STCK_TYPE/&gt;&#13;
        &lt;SPEC_STOCK/&gt;&#13;
        &lt;VENDOR/&gt;&#13;
        &lt;SALES_ORD/&gt;&#13;
        &lt;S_ORD_ITEM&gt;000000&lt;/S_ORD_ITEM&gt;&#13;
        &lt;SCHED_LINE&gt;0000&lt;/SCHED_LINE&gt;&#13;
        &lt;ENTRY_UOM&gt;EA&lt;/ENTRY_UOM&gt;&#13;
        &lt;ENTRY_UOM_ISO&gt;EA&lt;/ENTRY_UOM_ISO&gt;&#13;
        &lt;ENTRY_QNT&gt;1.000&lt;/ENTRY_QNT&gt;&#13;
        &lt;NO_MORE_GR/&gt;&#13;
        &lt;GR_RCPT/&gt;&#13;
        &lt;UNLOAD_PT/&gt;&#13;
        &lt;ORDERID&gt;000000800124&lt;/ORDERID&gt;&#13;
        &lt;ORDERID_ITNO&gt;0000&lt;/ORDERID_ITNO&gt;&#13;
        &lt;CALC_MOTIVE/&gt;&#13;
        &lt;RESERV_NO&gt;0000001358&lt;/RESERV_NO&gt;&#13;
        &lt;RES_ITEM&gt;0004&lt;/RES_ITEM&gt;&#13;
        &lt;RES_TYPE/&gt;&#13;
        &lt;WITHDRAWN&gt;X&lt;/WITHDRAWN&gt;&#13;
        &lt;MVT_IND/&gt;&#13;
        &lt;MATERIAL_EXTERNAL/&gt;&#13;
        &lt;MATERIAL_GUID/&gt;&#13;
        &lt;MATERIAL_VERSION/&gt;&#13;
    &lt;/item&gt;&#13;
    &lt;item&gt;&#13;
        &lt;DOC_NO&gt;0000000230&lt;/DOC_NO&gt;&#13;
        &lt;DOC_ITM&gt;00000005&lt;/DOC_ITM&gt;&#13;
        &lt;CREATED_BY&gt;MII_USER&lt;/CREATED_BY&gt;&#13;
        &lt;CREATED_DATE&gt;2016-07-13&lt;/CREATED_DATE&gt;&#13;
        &lt;CREATED_TIME&gt;10:32:55&lt;/CREATED_TIME&gt;&#13;
        &lt;FAILED_DATE&gt;2016-07-13&lt;/FAILED_DATE&gt;&#13;
        &lt;FAILED_TIME&gt;10:32:58&lt;/FAILED_TIME&gt;&#13;
        &lt;MSG_ID&gt;M7&lt;/MSG_ID&gt;&#13;
        &lt;MSG_NO&gt;018&lt;/MSG_NO&gt;&#13;
        &lt;MSG_TYPE&gt;E&lt;/MSG_TYPE&gt;&#13;
        &lt;MSG_V1&gt;Batch&lt;/MSG_V1&gt;&#13;
        &lt;MSG_V2/&gt;&#13;
        &lt;MSG_V3/&gt;&#13;
        &lt;MSG_V4/&gt;&#13;
        &lt;PSTNG_DATE&gt;2016-07-13&lt;/PSTNG_DATE&gt;&#13;
        &lt;DOC_DATE&gt;2016-07-13&lt;/DOC_DATE&gt;&#13;
        &lt;EXPIRYDATE&gt;0000-00-00&lt;/EXPIRYDATE&gt;&#13;
        &lt;MATERIAL&gt;10020281A&lt;/MATERIAL&gt;&#13;
        &lt;PLANT&gt;3602&lt;/PLANT&gt;&#13;
        &lt;STGE_LOC&gt;BGIN&lt;/STGE_LOC&gt;&#13;
        &lt;BATCH/&gt;&#13;
        &lt;MOVE_TYPE&gt;261&lt;/MOVE_TYPE&gt;&#13;
        &lt;STCK_TYPE/&gt;&#13;
        &lt;SPEC_STOCK/&gt;&#13;
        &lt;VENDOR/&gt;&#13;
        &lt;SALES_ORD/&gt;&#13;
        &lt;S_ORD_ITEM&gt;000000&lt;/S_ORD_ITEM&gt;&#13;
        &lt;SCHED_LINE&gt;0000&lt;/SCHED_LINE&gt;&#13;
        &lt;ENTRY_UOM&gt;EA&lt;/ENTRY_UOM&gt;&#13;
        &lt;ENTRY_UOM_ISO&gt;EA&lt;/ENTRY_UOM_ISO&gt;&#13;
        &lt;ENTRY_QNT&gt;1.000&lt;/ENTRY_QNT&gt;&#13;
        &lt;NO_MORE_GR/&gt;&#13;
        &lt;GR_RCPT/&gt;&#13;
        &lt;UNLOAD_PT/&gt;&#13;
        &lt;ORDERID&gt;000000800124&lt;/ORDERID&gt;&#13;
        &lt;ORDERID_ITNO&gt;0000&lt;/ORDERID_ITNO&gt;&#13;
        &lt;CALC_MOTIVE/&gt;&#13;
        &lt;RESERV_NO&gt;0000001358&lt;/RESERV_NO&gt;&#13;
        &lt;RES_ITEM&gt;0005&lt;/RES_ITEM&gt;&#13;
        &lt;RES_TYPE/&gt;&#13;
        &lt;WITHDRAWN&gt;X&lt;/WITHDRAWN&gt;&#13;
        &lt;MVT_IND/&gt;&#13;
        &lt;MATERIAL_EXTERNAL/&gt;&#13;
        &lt;MATERIAL_GUID/&gt;&#13;
        &lt;MATERIAL_VERSION/&gt;&#13;
    &lt;/item&gt;&#13;
    &lt;item&gt;&#13;
        &lt;DOC_NO&gt;0000000230&lt;/DOC_NO&gt;&#13;
        &lt;DOC_ITM&gt;00000006&lt;/DOC_ITM&gt;&#13;
        &lt;CREATED_BY&gt;MII_USER&lt;/CREATED_BY&gt;&#13;
        &lt;CREATED_DATE&gt;2016-07-13&lt;/CREATED_DATE&gt;&#13;
        &lt;CREATED_TIME&gt;10:32:55&lt;/CREATED_TIME&gt;&#13;
        &lt;FAILED_DATE&gt;2016-07-13&lt;/FAILED_DATE&gt;&#13;
        &lt;FAILED_TIME&gt;10:32:58&lt;/FAILED_TIME&gt;&#13;
        &lt;MSG_ID&gt;M7&lt;/MSG_ID&gt;&#13;
        &lt;MSG_NO&gt;018&lt;/MSG_NO&gt;&#13;
        &lt;MSG_TYPE&gt;E&lt;/MSG_TYPE&gt;&#13;
        &lt;MSG_V1&gt;Batch&lt;/MSG_V1&gt;&#13;
        &lt;MSG_V2/&gt;&#13;
        &lt;MSG_V3/&gt;&#13;
        &lt;MSG_V4/&gt;&#13;
        &lt;PSTNG_DATE&gt;2016-07-13&lt;/PSTNG_DATE&gt;&#13;
        &lt;DOC_DATE&gt;2016-07-13&lt;/DOC_DATE&gt;&#13;
        &lt;EXPIRYDATE&gt;0000-00-00&lt;/EXPIRYDATE&gt;&#13;
        &lt;MATERIAL&gt;10020288A&lt;/MATERIAL&gt;&#13;
        &lt;PLANT&gt;3602&lt;/PLANT&gt;&#13;
        &lt;STGE_LOC&gt;BGIN&lt;/STGE_LOC&gt;&#13;
        &lt;BATCH/&gt;&#13;
        &lt;MOVE_TYPE&gt;261&lt;/MOVE_TYPE&gt;&#13;
        &lt;STCK_TYPE/&gt;&#13;
        &lt;SPEC_STOCK/&gt;&#13;
        &lt;VENDOR/&gt;&#13;
        &lt;SALES_ORD/&gt;&#13;
        &lt;S_ORD_ITEM&gt;000000&lt;/S_ORD_ITEM&gt;&#13;
        &lt;SCHED_LINE&gt;0000&lt;/SCHED_LINE&gt;&#13;
        &lt;ENTRY_UOM&gt;EA&lt;/ENTRY_UOM&gt;&#13;
        &lt;ENTRY_UOM_ISO&gt;EA&lt;/ENTRY_UOM_ISO&gt;&#13;
        &lt;ENTRY_QNT&gt;2.000&lt;/ENTRY_QNT&gt;&#13;
        &lt;NO_MORE_GR/&gt;&#13;
        &lt;GR_RCPT/&gt;&#13;
        &lt;UNLOAD_PT/&gt;&#13;
        &lt;ORDERID&gt;000000800124&lt;/ORDERID&gt;&#13;
        &lt;ORDERID_ITNO&gt;0000&lt;/ORDERID_ITNO&gt;&#13;
        &lt;CALC_MOTIVE/&gt;&#13;
        &lt;RESERV_NO&gt;0000001358&lt;/RESERV_NO&gt;&#13;
        &lt;RES_ITEM&gt;0006&lt;/RES_ITEM&gt;&#13;
        &lt;RES_TYPE/&gt;&#13;
        &lt;WITHDRAWN&gt;X&lt;/WITHDRAWN&gt;&#13;
        &lt;MVT_IND/&gt;&#13;
        &lt;MATERIAL_EXTERNAL/&gt;&#13;
        &lt;MATERIAL_GUID/&gt;&#13;
        &lt;MATERIAL_VERSION/&gt;&#13;
    &lt;/item&gt;&#13;
    &lt;item&gt;&#13;
        &lt;DOC_NO&gt;0000000230&lt;/DOC_NO&gt;&#13;
        &lt;DOC_ITM&gt;00000007&lt;/DOC_ITM&gt;&#13;
        &lt;CREATED_BY&gt;MII_USER&lt;/CREATED_BY&gt;&#13;
        &lt;CREATED_DATE&gt;2016-07-13&lt;/CREATED_DATE&gt;&#13;
        &lt;CREATED_TIME&gt;10:32:55&lt;/CREATED_TIME&gt;&#13;
        &lt;FAILED_DATE&gt;2016-07-13&lt;/FAILED_DATE&gt;&#13;
        &lt;FAILED_TIME&gt;10:32:58&lt;/FAILED_TIME&gt;&#13;
        &lt;MSG_ID&gt;M7&lt;/MSG_ID&gt;&#13;
        &lt;MSG_NO&gt;018&lt;/MSG_NO&gt;&#13;
        &lt;MSG_TYPE&gt;E&lt;/MSG_TYPE&gt;&#13;
        &lt;MSG_V1&gt;Batch&lt;/MSG_V1&gt;&#13;
        &lt;MSG_V2/&gt;&#13;
        &lt;MSG_V3/&gt;&#13;
        &lt;MSG_V4/&gt;&#13;
        &lt;PSTNG_DATE&gt;2016-07-13&lt;/PSTNG_DATE&gt;&#13;
        &lt;DOC_DATE&gt;2016-07-13&lt;/DOC_DATE&gt;&#13;
        &lt;EXPIRYDATE&gt;0000-00-00&lt;/EXPIRYDATE&gt;&#13;
        &lt;MATERIAL&gt;10033039&lt;/MATERIAL&gt;&#13;
        &lt;PLANT&gt;3602&lt;/PLANT&gt;&#13;
        &lt;STGE_LOC&gt;BGIN&lt;/STGE_LOC&gt;&#13;
        &lt;BATCH/&gt;&#13;
        &lt;MOVE_TYPE&gt;261&lt;/MOVE_TYPE&gt;&#13;
        &lt;STCK_TYPE/&gt;&#13;
        &lt;SPEC_STOCK/&gt;&#13;
        &lt;VENDOR/&gt;&#13;
        &lt;SALES_ORD/&gt;&#13;
        &lt;S_ORD_ITEM&gt;000000&lt;/S_ORD_ITEM&gt;&#13;
        &lt;SCHED_LINE&gt;0000&lt;/SCHED_LINE&gt;&#13;
        &lt;ENTRY_UOM&gt;EA&lt;/ENTRY_UOM&gt;&#13;
        &lt;ENTRY_UOM_ISO&gt;EA&lt;/ENTRY_UOM_ISO&gt;&#13;
        &lt;ENTRY_QNT&gt;2.000&lt;/ENTRY_QNT&gt;&#13;
        &lt;NO_MORE_GR/&gt;&#13;
        &lt;GR_RCPT/&gt;&#13;
        &lt;UNLOAD_PT/&gt;&#13;
        &lt;ORDERID&gt;000000800124&lt;/ORDERID&gt;&#13;
        &lt;ORDERID_ITNO&gt;0000&lt;/ORDERID_ITNO&gt;&#13;
        &lt;CALC_MOTIVE/&gt;&#13;
        &lt;RESERV_NO&gt;0000001358&lt;/RESERV_NO&gt;&#13;
        &lt;RES_ITEM&gt;0007&lt;/RES_ITEM&gt;&#13;
        &lt;RES_TYPE/&gt;&#13;
        &lt;WITHDRAWN&gt;X&lt;/WITHDRAWN&gt;&#13;
        &lt;MVT_IND/&gt;&#13;
        &lt;MATERIAL_EXTERNAL/&gt;&#13;
        &lt;MATERIAL_GUID/&gt;&#13;
        &lt;MATERIAL_VERSION/&gt;&#13;
    &lt;/item&gt;&#13;
    &lt;item&gt;&#13;
        &lt;DOC_NO&gt;0000000230&lt;/DOC_NO&gt;&#13;
        &lt;DOC_ITM&gt;00000008&lt;/DOC_ITM&gt;&#13;
        &lt;CREATED_BY&gt;MII_USER&lt;/CREATED_BY&gt;&#13;
        &lt;CREATED_DATE&gt;2016-07-13&lt;/CREATED_DATE&gt;&#13;
        &lt;CREATED_TIME&gt;10:32:55&lt;/CREATED_TIME&gt;&#13;
        &lt;FAILED_DATE&gt;2016-07-13&lt;/FAILED_DATE&gt;&#13;
        &lt;FAILED_TIME&gt;10:32:58&lt;/FAILED_TIME&gt;&#13;
        &lt;MSG_ID&gt;M7&lt;/MSG_ID&gt;&#13;
        &lt;MSG_NO&gt;018&lt;/MSG_NO&gt;&#13;
        &lt;MSG_TYPE&gt;E&lt;/MSG_TYPE&gt;&#13;
        &lt;MSG_V1&gt;Batch&lt;/MSG_V1&gt;&#13;
        &lt;MSG_V2/&gt;&#13;
        &lt;MSG_V3/&gt;&#13;
        &lt;MSG_V4/&gt;&#13;
        &lt;PSTNG_DATE&gt;2016-07-13&lt;/PSTNG_DATE&gt;&#13;
        &lt;DOC_DATE&gt;2016-07-13&lt;/DOC_DATE&gt;&#13;
        &lt;EXPIRYDATE&gt;0000-00-00&lt;/EXPIRYDATE&gt;&#13;
        &lt;MATERIAL&gt;10033419&lt;/MATERIAL&gt;&#13;
        &lt;PLANT&gt;3602&lt;/PLANT&gt;&#13;
        &lt;STGE_LOC&gt;BGIN&lt;/STGE_LOC&gt;&#13;
        &lt;BATCH/&gt;&#13;
        &lt;MOVE_TYPE&gt;261&lt;/MOVE_TYPE&gt;&#13;
        &lt;STCK_TYPE/&gt;&#13;
        &lt;SPEC_STOCK/&gt;&#13;
        &lt;VENDOR/&gt;&#13;
        &lt;SALES_ORD/&gt;&#13;
        &lt;S_ORD_ITEM&gt;000000&lt;/S_ORD_ITEM&gt;&#13;
        &lt;SCHED_LINE&gt;0000&lt;/SCHED_LINE&gt;&#13;
        &lt;ENTRY_UOM&gt;EA&lt;/ENTRY_UOM&gt;&#13;
        &lt;ENTRY_UOM_ISO&gt;EA&lt;/ENTRY_UOM_ISO&gt;&#13;
        &lt;ENTRY_QNT&gt;1.000&lt;/ENTRY_QNT&gt;&#13;
        &lt;NO_MORE_GR/&gt;&#13;
        &lt;GR_RCPT/&gt;&#13;
        &lt;UNLOAD_PT/&gt;&#13;
        &lt;ORDERID&gt;000000800124&lt;/ORDERID&gt;&#13;
        &lt;ORDERID_ITNO&gt;0000&lt;/ORDERID_ITNO&gt;&#13;
        &lt;CALC_MOTIVE/&gt;&#13;
        &lt;RESERV_NO&gt;0000001358&lt;/RESERV_NO&gt;&#13;
        &lt;RES_ITEM&gt;0009&lt;/RES_ITEM&gt;&#13;
        &lt;RES_TYPE/&gt;&#13;
        &lt;WITHDRAWN&gt;X&lt;/WITHDRAWN&gt;&#13;
        &lt;MVT_IND/&gt;&#13;
        &lt;MATERIAL_EXTERNAL/&gt;&#13;
        &lt;MATERIAL_GUID/&gt;&#13;
        &lt;MATERIAL_VERSION/&gt;&#13;
    &lt;/item&gt;&#13;
    &lt;item&gt;&#13;
        &lt;DOC_NO&gt;0000000230&lt;/DOC_NO&gt;&#13;
        &lt;DOC_ITM&gt;00000009&lt;/DOC_ITM&gt;&#13;
        &lt;CREATED_BY&gt;MII_USER&lt;/CREATED_BY&gt;&#13;
        &lt;CREATED_DATE&gt;2016-07-13&lt;/CREATED_DATE&gt;&#13;
        &lt;CREATED_TIME&gt;10:32:55&lt;/CREATED_TIME&gt;&#13;
        &lt;FAILED_DATE&gt;2016-07-13&lt;/FAILED_DATE&gt;&#13;
        &lt;FAILED_TIME&gt;10:32:58&lt;/FAILED_TIME&gt;&#13;
        &lt;MSG_ID&gt;M7&lt;/MSG_ID&gt;&#13;
        &lt;MSG_NO&gt;018&lt;/MSG_NO&gt;&#13;
        &lt;MSG_TYPE&gt;E&lt;/MSG_TYPE&gt;&#13;
        &lt;MSG_V1&gt;Batch&lt;/MSG_V1&gt;&#13;
        &lt;MSG_V2/&gt;&#13;
        &lt;MSG_V3/&gt;&#13;
        &lt;MSG_V4/&gt;&#13;
        &lt;PSTNG_DATE&gt;2016-07-13&lt;/PSTNG_DATE&gt;&#13;
        &lt;DOC_DATE&gt;2016-07-13&lt;/DOC_DATE&gt;&#13;
        &lt;EXPIRYDATE&gt;0000-00-00&lt;/EXPIRYDATE&gt;&#13;
        &lt;MATERIAL&gt;10024619B&lt;/MATERIAL&gt;&#13;
        &lt;PLANT&gt;3602&lt;/PLANT&gt;&#13;
        &lt;STGE_LOC&gt;BGIN&lt;/STGE_LOC&gt;&#13;
        &lt;BATCH/&gt;&#13;
        &lt;MOVE_TYPE&gt;261&lt;/MOVE_TYPE&gt;&#13;
        &lt;STCK_TYPE/&gt;&#13;
        &lt;SPEC_STOCK/&gt;&#13;
        &lt;VENDOR/&gt;&#13;
        &lt;SALES_ORD/&gt;&#13;
        &lt;S_ORD_ITEM&gt;000000&lt;/S_ORD_ITEM&gt;&#13;
        &lt;SCHED_LINE&gt;0000&lt;/SCHED_LINE&gt;&#13;
        &lt;ENTRY_UOM&gt;EA&lt;/ENTRY_UOM&gt;&#13;
        &lt;ENTRY_UOM_ISO&gt;EA&lt;/ENTRY_UOM_ISO&gt;&#13;
        &lt;ENTRY_QNT&gt;1.000&lt;/ENTRY_QNT&gt;&#13;
        &lt;NO_MORE_GR/&gt;&#13;
        &lt;GR_RCPT/&gt;&#13;
        &lt;UNLOAD_PT/&gt;&#13;
        &lt;ORDERID&gt;000000800124&lt;/ORDERID&gt;&#13;
        &lt;ORDERID_ITNO&gt;0000&lt;/ORDERID_ITNO&gt;&#13;
        &lt;CALC_MOTIVE/&gt;&#13;
        &lt;RESERV_NO&gt;0000001358&lt;/RESERV_NO&gt;&#13;
        &lt;RES_ITEM&gt;0010&lt;/RES_ITEM&gt;&#13;
        &lt;RES_TYPE/&gt;&#13;
        &lt;WITHDRAWN&gt;X&lt;/WITHDRAWN&gt;&#13;
        &lt;MVT_IND/&gt;&#13;
        &lt;MATERIAL_EXTERNAL/&gt;&#13;
        &lt;MATERIAL_GUID/&gt;&#13;
        &lt;MATERIAL_VERSION/&gt;&#13;
    &lt;/item&gt;&#13;
    &lt;item&gt;&#13;
        &lt;DOC_NO&gt;0000000230&lt;/DOC_NO&gt;&#13;
        &lt;DOC_ITM&gt;00000010&lt;/DOC_ITM&gt;&#13;
        &lt;CREATED_BY&gt;MII_USER&lt;/CREATED_BY&gt;&#13;
        &lt;CREATED_DATE&gt;2016-07-13&lt;/CREATED_DATE&gt;&#13;
        &lt;CREATED_TIME&gt;10:32:55&lt;/CREATED_TIME&gt;&#13;
        &lt;FAILED_DATE&gt;2016-07-13&lt;/FAILED_DATE&gt;&#13;
        &lt;FAILED_TIME&gt;10:32:58&lt;/FAILED_TIME&gt;&#13;
        &lt;MSG_ID&gt;M7&lt;/MSG_ID&gt;&#13;
        &lt;MSG_NO&gt;018&lt;/MSG_NO&gt;&#13;
        &lt;MSG_TYPE&gt;E&lt;/MSG_TYPE&gt;&#13;
        &lt;MSG_V1&gt;Batch&lt;/MSG_V1&gt;&#13;
        &lt;MSG_V2/&gt;&#13;
        &lt;MSG_V3/&gt;&#13;
        &lt;MSG_V4/&gt;&#13;
        &lt;PSTNG_DATE&gt;2016-07-13&lt;/PSTNG_DATE&gt;&#13;
        &lt;DOC_DATE&gt;2016-07-13&lt;/DOC_DATE&gt;&#13;
        &lt;EXPIRYDATE&gt;0000-00-00&lt;/EXPIRYDATE&gt;&#13;
        &lt;MATERIAL&gt;10024674B&lt;/MATERIAL&gt;&#13;
        &lt;PLANT&gt;3602&lt;/PLANT&gt;&#13;
        &lt;STGE_LOC&gt;BGIN&lt;/STGE_LOC&gt;&#13;
        &lt;BATCH/&gt;&#13;
        &lt;MOVE_TYPE&gt;261&lt;/MOVE_TYPE&gt;&#13;
        &lt;STCK_TYPE/&gt;&#13;
        &lt;SPEC_STOCK/&gt;&#13;
        &lt;VENDOR/&gt;&#13;
        &lt;SALES_ORD/&gt;&#13;
        &lt;S_ORD_ITEM&gt;000000&lt;/S_ORD_ITEM&gt;&#13;
        &lt;SCHED_LINE&gt;0000&lt;/SCHED_LINE&gt;&#13;
        &lt;ENTRY_UOM&gt;EA&lt;/ENTRY_UOM&gt;&#13;
        &lt;ENTRY_UOM_ISO&gt;EA&lt;/ENTRY_UOM_ISO&gt;&#13;
        &lt;ENTRY_QNT&gt;1.000&lt;/ENTRY_QNT&gt;&#13;
        &lt;NO_MORE_GR/&gt;&#13;
        &lt;GR_RCPT/&gt;&#13;
        &lt;UNLOAD_PT/&gt;&#13;
        &lt;ORDERID&gt;000000800124&lt;/ORDERID&gt;&#13;
        &lt;ORDERID_ITNO&gt;0000&lt;/ORDERID_ITNO&gt;&#13;
        &lt;CALC_MOTIVE/&gt;&#13;
        &lt;RESERV_NO&gt;0000001358&lt;/RESERV_NO&gt;&#13;
        &lt;RES_ITEM&gt;0011&lt;/RES_ITEM&gt;&#13;
        &lt;RES_TYPE/&gt;&#13;
        &lt;WITHDRAWN&gt;X&lt;/WITHDRAWN&gt;&#13;
        &lt;MVT_IND/&gt;&#13;
        &lt;MATERIAL_EXTERNAL/&gt;&#13;
        &lt;MATERIAL_GUID/&gt;&#13;
        &lt;MATERIAL_VERSION/&gt;&#13;
    &lt;/item&gt;&#13;
    &lt;item&gt;&#13;
        &lt;DOC_NO&gt;0000000230&lt;/DOC_NO&gt;&#13;
        &lt;DOC_ITM&gt;00000011&lt;/DOC_ITM&gt;&#13;
        &lt;CREATED_BY&gt;MII_USER&lt;/CREATED_BY&gt;&#13;
        &lt;CREATED_DATE&gt;2016-07-13&lt;/CREATED_DATE&gt;&#13;
        &lt;CREATED_TIME&gt;10:32:55&lt;/CREATED_TIME&gt;&#13;
        &lt;FAILED_DATE&gt;2016-07-13&lt;/FAILED_DATE&gt;&#13;
        &lt;FAILED_TIME&gt;10:32:58&lt;/FAILED_TIME&gt;&#13;
        &lt;MSG_ID&gt;M7&lt;/MSG_ID&gt;&#13;
        &lt;MSG_NO&gt;018&lt;/MSG_NO&gt;&#13;
        &lt;MSG_TYPE&gt;E&lt;/MSG_TYPE&gt;&#13;
        &lt;MSG_V1&gt;Batch&lt;/MSG_V1&gt;&#13;
        &lt;MSG_V2/&gt;&#13;
        &lt;MSG_V3/&gt;&#13;
        &lt;MSG_V4/&gt;&#13;
        &lt;PSTNG_DATE&gt;2016-07-13&lt;/PSTNG_DATE&gt;&#13;
        &lt;DOC_DATE&gt;2016-07-13&lt;/DOC_DATE&gt;&#13;
        &lt;EXPIRYDATE&gt;0000-00-00&lt;/EXPIRYDATE&gt;&#13;
        &lt;MATERIAL&gt;10029007&lt;/MATERIAL&gt;&#13;
        &lt;PLANT&gt;3602&lt;/PLANT&gt;&#13;
        &lt;STGE_LOC&gt;BGIN&lt;/STGE_LOC&gt;&#13;
        &lt;BATCH/&gt;&#13;
        &lt;MOVE_TYPE&gt;261&lt;/MOVE_TYPE&gt;&#13;
        &lt;STCK_TYPE/&gt;&#13;
        &lt;SPEC_STOCK/&gt;&#13;
        &lt;VENDOR/&gt;&#13;
        &lt;SALES_ORD/&gt;&#13;
        &lt;S_ORD_ITEM&gt;000000&lt;/S_ORD_ITEM&gt;&#13;
        &lt;SCHED_LINE&gt;0000&lt;/SCHED_LINE&gt;&#13;
        &lt;ENTRY_UOM&gt;EA&lt;/ENTRY_UOM&gt;&#13;
        &lt;ENTRY_UOM_ISO&gt;EA&lt;/ENTRY_UOM_ISO&gt;&#13;
        &lt;ENTRY_QNT&gt;1.000&lt;/ENTRY_QNT&gt;&#13;
        &lt;NO_MORE_GR/&gt;&#13;
        &lt;GR_RCPT/&gt;&#13;
        &lt;UNLOAD_PT/&gt;&#13;
        &lt;ORDERID&gt;000000800124&lt;/ORDERID&gt;&#13;
        &lt;ORDERID_ITNO&gt;0000&lt;/ORDERID_ITNO&gt;&#13;
        &lt;CALC_MOTIVE/&gt;&#13;
        &lt;RESERV_NO&gt;0000001358&lt;/RESERV_NO&gt;&#13;
        &lt;RES_ITEM&gt;0012&lt;/RES_ITEM&gt;&#13;
        &lt;RES_TYPE/&gt;&#13;
        &lt;WITHDRAWN&gt;X&lt;/WITHDRAWN&gt;&#13;
        &lt;MVT_IND/&gt;&#13;
        &lt;MATERIAL_EXTERNAL/&gt;&#13;
        &lt;MATERIAL_GUID/&gt;&#13;
        &lt;MATERIAL_VERSION/&gt;&#13;
    &lt;/item&gt;&#13;
    &lt;item&gt;&#13;
        &lt;DOC_NO&gt;0000000230&lt;/DOC_NO&gt;&#13;
        &lt;DOC_ITM&gt;00000012&lt;/DOC_ITM&gt;&#13;
        &lt;CREATED_BY&gt;MII_USER&lt;/CREATED_BY&gt;&#13;
        &lt;CREATED_DATE&gt;2016-07-13&lt;/CREATED_DATE&gt;&#13;
        &lt;CREATED_TIME&gt;10:32:55&lt;/CREATED_TIME&gt;&#13;
        &lt;FAILED_DATE&gt;2016-07-13&lt;/FAILED_DATE&gt;&#13;
        &lt;FAILED_TIME&gt;10:32:58&lt;/FAILED_TIME&gt;&#13;
        &lt;MSG_ID&gt;M7&lt;/MSG_ID&gt;&#13;
        &lt;MSG_NO&gt;018&lt;/MSG_NO&gt;&#13;
        &lt;MSG_TYPE&gt;E&lt;/MSG_TYPE&gt;&#13;
        &lt;MSG_V1&gt;Batch&lt;/MSG_V1&gt;&#13;
        &lt;MSG_V2/&gt;&#13;
        &lt;MSG_V3/&gt;&#13;
        &lt;MSG_V4/&gt;&#13;
        &lt;PSTNG_DATE&gt;2016-07-13&lt;/PSTNG_DATE&gt;&#13;
        &lt;DOC_DATE&gt;2016-07-13&lt;/DOC_DATE&gt;&#13;
        &lt;EXPIRYDATE&gt;0000-00-00&lt;/EXPIRYDATE&gt;&#13;
        &lt;MATERIAL&gt;10023591A&lt;/MATERIAL&gt;&#13;
        &lt;PLANT&gt;3602&lt;/PLANT&gt;&#13;
        &lt;STGE_LOC&gt;BGIN&lt;/STGE_LOC&gt;&#13;
        &lt;BATCH/&gt;&#13;
        &lt;MOVE_TYPE&gt;261&lt;/MOVE_TYPE&gt;&#13;
        &lt;STCK_TYPE/&gt;&#13;
        &lt;SPEC_STOCK/&gt;&#13;
        &lt;VENDOR/&gt;&#13;
        &lt;SALES_ORD/&gt;&#13;
        &lt;S_ORD_ITEM&gt;000000&lt;/S_ORD_ITEM&gt;&#13;
        &lt;SCHED_LINE&gt;0000&lt;/SCHED_LINE&gt;&#13;
        &lt;ENTRY_UOM&gt;EA&lt;/ENTRY_UOM&gt;&#13;
        &lt;ENTRY_UOM_ISO&gt;EA&lt;/ENTRY_UOM_ISO&gt;&#13;
        &lt;ENTRY_QNT&gt;1.000&lt;/ENTRY_QNT&gt;&#13;
        &lt;NO_MORE_GR/&gt;&#13;
        &lt;GR_RCPT/&gt;&#13;
        &lt;UNLOAD_PT/&gt;&#13;
        &lt;ORDERID&gt;000000800124&lt;/ORDERID&gt;&#13;
        &lt;ORDERID_ITNO&gt;0000&lt;/ORDERID_ITNO&gt;&#13;
        &lt;CALC_MOTIVE/&gt;&#13;
        &lt;RESERV_NO&gt;0000001358&lt;/RESERV_NO&gt;&#13;
        &lt;RES_ITEM&gt;0013&lt;/RES_ITEM&gt;&#13;
        &lt;RES_TYPE/&gt;&#13;
        &lt;WITHDRAWN&gt;X&lt;/WITHDRAWN&gt;&#13;
        &lt;MVT_IND/&gt;&#13;
        &lt;MATERIAL_EXTERNAL/&gt;&#13;
        &lt;MATERIAL_GUID/&gt;&#13;
        &lt;MATERIAL_VERSION/&gt;&#13;
    &lt;/item&gt;&#13;
    &lt;item&gt;&#13;
        &lt;DOC_NO&gt;0000000230&lt;/DOC_NO&gt;&#13;
        &lt;DOC_ITM&gt;00000013&lt;/DOC_ITM&gt;&#13;
        &lt;CREATED_BY&gt;MII_USER&lt;/CREATED_BY&gt;&#13;
        &lt;CREATED_DATE&gt;2016-07-13&lt;/CREATED_DATE&gt;&#13;
        &lt;CREATED_TIME&gt;10:32:55&lt;/CREATED_TIME&gt;&#13;
        &lt;FAILED_DATE&gt;2016-07-13&lt;/FAILED_DATE&gt;&#13;
        &lt;FAILED_TIME&gt;10:32:58&lt;/FAILED_TIME&gt;&#13;
        &lt;MSG_ID&gt;M7&lt;/MSG_ID&gt;&#13;
        &lt;MSG_NO&gt;018&lt;/MSG_NO&gt;&#13;
        &lt;MSG_TYPE&gt;E&lt;/MSG_TYPE&gt;&#13;
        &lt;MSG_V1&gt;Batch&lt;/MSG_V1&gt;&#13;
        &lt;MSG_V2/&gt;&#13;
        &lt;MSG_V3/&gt;&#13;
        &lt;MSG_V4/&gt;&#13;
        &lt;PSTNG_DATE&gt;2016-07-13&lt;/PSTNG_DATE&gt;&#13;
        &lt;DOC_DATE&gt;2016-07-13&lt;/DOC_DATE&gt;&#13;
        &lt;EXPIRYDATE&gt;0000-00-00&lt;/EXPIRYDATE&gt;&#13;
        &lt;MATERIAL&gt;10033420&lt;/MATERIAL&gt;&#13;
        &lt;PLANT&gt;3602&lt;/PLANT&gt;&#13;
        &lt;STGE_LOC&gt;BGIN&lt;/STGE_LOC&gt;&#13;
        &lt;BATCH/&gt;&#13;
        &lt;MOVE_TYPE&gt;261&lt;/MOVE_TYPE&gt;&#13;
        &lt;STCK_TYPE/&gt;&#13;
        &lt;SPEC_STOCK/&gt;&#13;
        &lt;VENDOR/&gt;&#13;
        &lt;SALES_ORD/&gt;&#13;
        &lt;S_ORD_ITEM&gt;000000&lt;/S_ORD_ITEM&gt;&#13;
        &lt;SCHED_LINE&gt;0000&lt;/SCHED_LINE&gt;&#13;
        &lt;ENTRY_UOM&gt;EA&lt;/ENTRY_UOM&gt;&#13;
        &lt;ENTRY_UOM_ISO&gt;EA&lt;/ENTRY_UOM_ISO&gt;&#13;
        &lt;ENTRY_QNT&gt;1.000&lt;/ENTRY_QNT&gt;&#13;
        &lt;NO_MORE_GR/&gt;&#13;
        &lt;GR_RCPT/&gt;&#13;
        &lt;UNLOAD_PT/&gt;&#13;
        &lt;ORDERID&gt;000000800124&lt;/ORDERID&gt;&#13;
        &lt;ORDERID_ITNO&gt;0000&lt;/ORDERID_ITNO&gt;&#13;
        &lt;CALC_MOTIVE/&gt;&#13;
        &lt;RESERV_NO&gt;0000001358&lt;/RESERV_NO&gt;&#13;
        &lt;RES_ITEM&gt;0015&lt;/RES_ITEM&gt;&#13;
        &lt;RES_TYPE/&gt;&#13;
        &lt;WITHDRAWN&gt;X&lt;/WITHDRAWN&gt;&#13;
        &lt;MVT_IND/&gt;&#13;
        &lt;MATERIAL_EXTERNAL/&gt;&#13;
        &lt;MATERIAL_GUID/&gt;&#13;
        &lt;MATERIAL_VERSION/&gt;&#13;
    &lt;/item&gt;&#13;
    &lt;item&gt;&#13;
        &lt;DOC_NO&gt;0000000230&lt;/DOC_NO&gt;&#13;
        &lt;DOC_ITM&gt;00000014&lt;/DOC_ITM&gt;&#13;
        &lt;CREATED_BY&gt;MII_USER&lt;/CREATED_BY&gt;&#13;
        &lt;CREATED_DATE&gt;2016-07-13&lt;/CREATED_DATE&gt;&#13;
        &lt;CREATED_TIME&gt;10:32:55&lt;/CREATED_TIME&gt;&#13;
        &lt;FAILED_DATE&gt;2016-07-13&lt;/FAILED_DATE&gt;&#13;
        &lt;FAILED_TIME&gt;10:32:58&lt;/FAILED_TIME&gt;&#13;
        &lt;MSG_ID&gt;M7&lt;/MSG_ID&gt;&#13;
        &lt;MSG_NO&gt;018&lt;/MSG_NO&gt;&#13;
        &lt;MSG_TYPE&gt;E&lt;/MSG_TYPE&gt;&#13;
        &lt;MSG_V1&gt;Batch&lt;/MSG_V1&gt;&#13;
        &lt;MSG_V2/&gt;&#13;
        &lt;MSG_V3/&gt;&#13;
        &lt;MSG_V4/&gt;&#13;
        &lt;PSTNG_DATE&gt;2016-07-13&lt;/PSTNG_DATE&gt;&#13;
        &lt;DOC_DATE&gt;2016-07-13&lt;/DOC_DATE&gt;&#13;
        &lt;EXPIRYDATE&gt;0000-00-00&lt;/EXPIRYDATE&gt;&#13;
        &lt;MATERIAL&gt;10024619B&lt;/MATERIAL&gt;&#13;
        &lt;PLANT&gt;3602&lt;/PLANT&gt;&#13;
        &lt;STGE_LOC&gt;BGIN&lt;/STGE_LOC&gt;&#13;
        &lt;BATCH/&gt;&#13;
        &lt;MOVE_TYPE&gt;261&lt;/MOVE_TYPE&gt;&#13;
        &lt;STCK_TYPE/&gt;&#13;
        &lt;SPEC_STOCK/&gt;&#13;
        &lt;VENDOR/&gt;&#13;
        &lt;SALES_ORD/&gt;&#13;
        &lt;S_ORD_ITEM&gt;000000&lt;/S_ORD_ITEM&gt;&#13;
        &lt;SCHED_LINE&gt;0000&lt;/SCHED_LINE&gt;&#13;
        &lt;ENTRY_UOM&gt;EA&lt;/ENTRY_UOM&gt;&#13;
        &lt;ENTRY_UOM_ISO&gt;EA&lt;/ENTRY_UOM_ISO&gt;&#13;
        &lt;ENTRY_QNT&gt;1.000&lt;/ENTRY_QNT&gt;&#13;
        &lt;NO_MORE_GR/&gt;&#13;
        &lt;GR_RCPT/&gt;&#13;
        &lt;UNLOAD_PT/&gt;&#13;
        &lt;ORDERID&gt;000000800124&lt;/ORDERID&gt;&#13;
        &lt;ORDERID_ITNO&gt;0000&lt;/ORDERID_ITNO&gt;&#13;
        &lt;CALC_MOTIVE/&gt;&#13;
        &lt;RESERV_NO&gt;0000001358&lt;/RESERV_NO&gt;&#13;
        &lt;RES_ITEM&gt;0016&lt;/RES_ITEM&gt;&#13;
        &lt;RES_TYPE/&gt;&#13;
        &lt;WITHDRAWN&gt;X&lt;/WITHDRAWN&gt;&#13;
        &lt;MVT_IND/&gt;&#13;
        &lt;MATERIAL_EXTERNAL/&gt;&#13;
        &lt;MATERIAL_GUID/&gt;&#13;
        &lt;MATERIAL_VERSION/&gt;&#13;
    &lt;/item&gt;&#13;
    &lt;item&gt;&#13;
        &lt;DOC_NO&gt;0000000230&lt;/DOC_NO&gt;&#13;
        &lt;DOC_ITM&gt;00000015&lt;/DOC_ITM&gt;&#13;
        &lt;CREATED_BY&gt;MII_USER&lt;/CREATED_BY&gt;&#13;
        &lt;CREATED_DATE&gt;2016-07-13&lt;/CREATED_DATE&gt;&#13;
        &lt;CREATED_TIME&gt;10:32:55&lt;/CREATED_TIME&gt;&#13;
        &lt;FAILED_DATE&gt;2016-07-13&lt;/FAILED_DATE&gt;&#13;
        &lt;FAILED_TIME&gt;10:32:58&lt;/FAILED_TIME&gt;&#13;
        &lt;MSG_ID&gt;M7&lt;/MSG_ID&gt;&#13;
        &lt;MSG_NO&gt;018&lt;/MSG_NO&gt;&#13;
        &lt;MSG_TYPE&gt;E&lt;/MSG_TYPE&gt;&#13;
        &lt;MSG_V1&gt;Batch&lt;/MSG_V1&gt;&#13;
        &lt;MSG_V2/&gt;&#13;
        &lt;MSG_V3/&gt;&#13;
        &lt;MSG_V4/&gt;&#13;
        &lt;PSTNG_DATE&gt;2016-07-13&lt;/PSTNG_DATE&gt;&#13;
        &lt;DOC_DATE&gt;2016-07-13&lt;/DOC_DATE&gt;&#13;
        &lt;EXPIRYDATE&gt;0000-00-00&lt;/EXPIRYDATE&gt;&#13;
        &lt;MATERIAL&gt;10024674B&lt;/MATERIAL&gt;&#13;
        &lt;PLANT&gt;3602&lt;/PLANT&gt;&#13;
        &lt;STGE_LOC&gt;BGIN&lt;/STGE_LOC&gt;&#13;
        &lt;BATCH/&gt;&#13;
        &lt;MOVE_TYPE&gt;261&lt;/MOVE_TYPE&gt;&#13;
        &lt;STCK_TYPE/&gt;&#13;
        &lt;SPEC_STOCK/&gt;&#13;
        &lt;VENDOR/&gt;&#13;
        &lt;SALES_ORD/&gt;&#13;
        &lt;S_ORD_ITEM&gt;000000&lt;/S_ORD_ITEM&gt;&#13;
        &lt;SCHED_LINE&gt;0000&lt;/SCHED_LINE&gt;&#13;
        &lt;ENTRY_UOM&gt;EA&lt;/ENTRY_UOM&gt;&#13;
        &lt;ENTRY_UOM_ISO&gt;EA&lt;/ENTRY_UOM_ISO&gt;&#13;
        &lt;ENTRY_QNT&gt;1.000&lt;/ENTRY_QNT&gt;&#13;
        &lt;NO_MORE_GR/&gt;&#13;
        &lt;GR_RCPT/&gt;&#13;
        &lt;UNLOAD_PT/&gt;&#13;
        &lt;ORDERID&gt;000000800124&lt;/ORDERID&gt;&#13;
        &lt;ORDERID_ITNO&gt;0000&lt;/ORDERID_ITNO&gt;&#13;
        &lt;CALC_MOTIVE/&gt;&#13;
        &lt;RESERV_NO&gt;0000001358&lt;/RESERV_NO&gt;&#13;
        &lt;RES_ITEM&gt;0017&lt;/RES_ITEM&gt;&#13;
        &lt;RES_TYPE/&gt;&#13;
        &lt;WITHDRAWN&gt;X&lt;/WITHDRAWN&gt;&#13;
        &lt;MVT_IND/&gt;&#13;
        &lt;MATERIAL_EXTERNAL/&gt;&#13;
        &lt;MATERIAL_GUID/&gt;&#13;
        &lt;MATERIAL_VERSION/&gt;&#13;
    &lt;/item&gt;&#13;
    &lt;item&gt;&#13;
        &lt;DOC_NO&gt;0000000230&lt;/DOC_NO&gt;&#13;
        &lt;DOC_ITM&gt;00000016&lt;/DOC_ITM&gt;&#13;
        &lt;CREATED_BY&gt;MII_USER&lt;/CREATED_BY&gt;&#13;
        &lt;CREATED_DATE&gt;2016-07-13&lt;/CREATED_DATE&gt;&#13;
        &lt;CREATED_TIME&gt;10:32:55&lt;/CREATED_TIME&gt;&#13;
        &lt;FAILED_DATE&gt;2016-07-13&lt;/FAILED_DATE&gt;&#13;
        &lt;FAILED_TIME&gt;10:32:58&lt;/FAILED_TIME&gt;&#13;
        &lt;MSG_ID&gt;M7&lt;/MSG_ID&gt;&#13;
        &lt;MSG_NO&gt;018&lt;/MSG_NO&gt;&#13;
        &lt;MSG_TYPE&gt;E&lt;/MSG_TYPE&gt;&#13;
        &lt;MSG_V1&gt;Batch&lt;/MSG_V1&gt;&#13;
        &lt;MSG_V2/&gt;&#13;
        &lt;MSG_V3/&gt;&#13;
        &lt;MSG_V4/&gt;&#13;
        &lt;PSTNG_DATE&gt;2016-07-13&lt;/PSTNG_DATE&gt;&#13;
        &lt;DOC_DATE&gt;2016-07-13&lt;/DOC_DATE&gt;&#13;
        &lt;EXPIRYDATE&gt;0000-00-00&lt;/EXPIRYDATE&gt;&#13;
        &lt;MATERIAL&gt;10029007&lt;/MATERIAL&gt;&#13;
        &lt;PLANT&gt;3602&lt;/PLANT&gt;&#13;
        &lt;STGE_LOC&gt;BGIN&lt;/STGE_LOC&gt;&#13;
        &lt;BATCH/&gt;&#13;
        &lt;MOVE_TYPE&gt;261&lt;/MOVE_TYPE&gt;&#13;
        &lt;STCK_TYPE/&gt;&#13;
        &lt;SPEC_STOCK/&gt;&#13;
        &lt;VENDOR/&gt;&#13;
        &lt;SALES_ORD/&gt;&#13;
        &lt;S_ORD_ITEM&gt;000000&lt;/S_ORD_ITEM&gt;&#13;
        &lt;SCHED_LINE&gt;0000&lt;/SCHED_LINE&gt;&#13;
        &lt;ENTRY_UOM&gt;EA&lt;/ENTRY_UOM&gt;&#13;
        &lt;ENTRY_UOM_ISO&gt;EA&lt;/ENTRY_UOM_ISO&gt;&#13;
        &lt;ENTRY_QNT&gt;1.000&lt;/ENTRY_QNT&gt;&#13;
        &lt;NO_MORE_GR/&gt;&#13;
        &lt;GR_RCPT/&gt;&#13;
        &lt;UNLOAD_PT/&gt;&#13;
        &lt;ORDERID&gt;000000800124&lt;/ORDERID&gt;&#13;
        &lt;ORDERID_ITNO&gt;0000&lt;/ORDERID_ITNO&gt;&#13;
        &lt;CALC_MOTIVE/&gt;&#13;
        &lt;RESERV_NO&gt;0000001358&lt;/RESERV_NO&gt;&#13;
        &lt;RES_ITEM&gt;0018&lt;/RES_ITEM&gt;&#13;
        &lt;RES_TYPE/&gt;&#13;
        &lt;WITHDRAWN&gt;X&lt;/WITHDRAWN&gt;&#13;
        &lt;MVT_IND/&gt;&#13;
        &lt;MATERIAL_EXTERNAL/&gt;&#13;
        &lt;MATERIAL_GUID/&gt;&#13;
        &lt;MATERIAL_VERSION/&gt;&#13;
    &lt;/item&gt;&#13;
    &lt;item&gt;&#13;
        &lt;DOC_NO&gt;0000000230&lt;/DOC_NO&gt;&#13;
        &lt;DOC_ITM&gt;00000017&lt;/DOC_ITM&gt;&#13;
        &lt;CREATED_BY&gt;MII_USER&lt;/CREATED_BY&gt;&#13;
        &lt;CREATED_DATE&gt;2016-07-13&lt;/CREATED_DATE&gt;&#13;
        &lt;CREATED_TIME&gt;10:32:55&lt;/CREATED_TIME&gt;&#13;
        &lt;FAILED_DATE&gt;2016-07-13&lt;/FAILED_DATE&gt;&#13;
        &lt;FAILED_TIME&gt;10:32:58&lt;/FAILED_TIME&gt;&#13;
        &lt;MSG_ID&gt;M7&lt;/MSG_ID&gt;&#13;
        &lt;MSG_NO&gt;018&lt;/MSG_NO&gt;&#13;
        &lt;MSG_TYPE&gt;E&lt;/MSG_TYPE&gt;&#13;
        &lt;MSG_V1&gt;Batch&lt;/MSG_V1&gt;&#13;
        &lt;MSG_V2/&gt;&#13;
        &lt;MSG_V3/&gt;&#13;
        &lt;MSG_V4/&gt;&#13;
        &lt;PSTNG_DATE&gt;2016-07-13&lt;/PSTNG_DATE&gt;&#13;
        &lt;DOC_DATE&gt;2016-07-13&lt;/DOC_DATE&gt;&#13;
        &lt;EXPIRYDATE&gt;0000-00-00&lt;/EXPIRYDATE&gt;&#13;
        &lt;MATERIAL&gt;10023591A&lt;/MATERIAL&gt;&#13;
        &lt;PLANT&gt;3602&lt;/PLANT&gt;&#13;
        &lt;STGE_LOC&gt;BGIN&lt;/STGE_LOC&gt;&#13;
        &lt;BATCH/&gt;&#13;
        &lt;MOVE_TYPE&gt;261&lt;/MOVE_TYPE&gt;&#13;
        &lt;STCK_TYPE/&gt;&#13;
        &lt;SPEC_STOCK/&gt;&#13;
        &lt;VENDOR/&gt;&#13;
        &lt;SALES_ORD/&gt;&#13;
        &lt;S_ORD_ITEM&gt;000000&lt;/S_ORD_ITEM&gt;&#13;
        &lt;SCHED_LINE&gt;0000&lt;/SCHED_LINE&gt;&#13;
        &lt;ENTRY_UOM&gt;EA&lt;/ENTRY_UOM&gt;&#13;
        &lt;ENTRY_UOM_ISO&gt;EA&lt;/ENTRY_UOM_ISO&gt;&#13;
        &lt;ENTRY_QNT&gt;1.000&lt;/ENTRY_QNT&gt;&#13;
        &lt;NO_MORE_GR/&gt;&#13;
        &lt;GR_RCPT/&gt;&#13;
        &lt;UNLOAD_PT/&gt;&#13;
        &lt;ORDERID&gt;000000800124&lt;/ORDERID&gt;&#13;
        &lt;ORDERID_ITNO&gt;0000&lt;/ORDERID_ITNO&gt;&#13;
        &lt;CALC_MOTIVE/&gt;&#13;
        &lt;RESERV_NO&gt;0000001358&lt;/RESERV_NO&gt;&#13;
        &lt;RES_ITEM&gt;0019&lt;/RES_ITEM&gt;&#13;
        &lt;RES_TYPE/&gt;&#13;
        &lt;WITHDRAWN&gt;X&lt;/WITHDRAWN&gt;&#13;
        &lt;MVT_IND/&gt;&#13;
        &lt;MATERIAL_EXTERNAL/&gt;&#13;
        &lt;MATERIAL_GUID/&gt;&#13;
        &lt;MATERIAL_VERSION/&gt;&#13;
    &lt;/item&gt;&#13;
    &lt;item&gt;&#13;
        &lt;DOC_NO&gt;0000000230&lt;/DOC_NO&gt;&#13;
        &lt;DOC_ITM&gt;00000018&lt;/DOC_ITM&gt;&#13;
        &lt;CREATED_BY&gt;MII_USER&lt;/CREATED_BY&gt;&#13;
        &lt;CREATED_DATE&gt;2016-07-13&lt;/CREATED_DATE&gt;&#13;
        &lt;CREATED_TIME&gt;10:32:55&lt;/CREATED_TIME&gt;&#13;
        &lt;FAILED_DATE&gt;2016-07-13&lt;/FAILED_DATE&gt;&#13;
        &lt;FAILED_TIME&gt;10:32:58&lt;/FAILED_TIME&gt;&#13;
        &lt;MSG_ID&gt;M7&lt;/MSG_ID&gt;&#13;
        &lt;MSG_NO&gt;018&lt;/MSG_NO&gt;&#13;
        &lt;MSG_TYPE&gt;E&lt;/MSG_TYPE&gt;&#13;
        &lt;MSG_V1&gt;Batch&lt;/MSG_V1&gt;&#13;
        &lt;MSG_V2/&gt;&#13;
        &lt;MSG_V3/&gt;&#13;
        &lt;MSG_V4/&gt;&#13;
        &lt;PSTNG_DATE&gt;2016-07-13&lt;/PSTNG_DATE&gt;&#13;
        &lt;DOC_DATE&gt;2016-07-13&lt;/DOC_DATE&gt;&#13;
        &lt;EXPIRYDATE&gt;0000-00-00&lt;/EXPIRYDATE&gt;&#13;
        &lt;MATERIAL&gt;2021361&lt;/MATERIAL&gt;&#13;
        &lt;PLANT&gt;3602&lt;/PLANT&gt;&#13;
        &lt;STGE_LOC&gt;BGIN&lt;/STGE_LOC&gt;&#13;
        &lt;BATCH/&gt;&#13;
        &lt;MOVE_TYPE&gt;261&lt;/MOVE_TYPE&gt;&#13;
        &lt;STCK_TYPE/&gt;&#13;
        &lt;SPEC_STOCK/&gt;&#13;
        &lt;VENDOR/&gt;&#13;
        &lt;SALES_ORD/&gt;&#13;
        &lt;S_ORD_ITEM&gt;000000&lt;/S_ORD_ITEM&gt;&#13;
        &lt;SCHED_LINE&gt;0000&lt;/SCHED_LINE&gt;&#13;
        &lt;ENTRY_UOM&gt;EA&lt;/ENTRY_UOM&gt;&#13;
        &lt;ENTRY_UOM_ISO&gt;EA&lt;/ENTRY_UOM_ISO&gt;&#13;
        &lt;ENTRY_QNT&gt;1.000&lt;/ENTRY_QNT&gt;&#13;
        &lt;NO_MORE_GR/&gt;&#13;
        &lt;GR_RCPT/&gt;&#13;
        &lt;UNLOAD_PT/&gt;&#13;
        &lt;ORDERID&gt;000000800124&lt;/ORDERID&gt;&#13;
        &lt;ORDERID_ITNO&gt;0000&lt;/ORDERID_ITNO&gt;&#13;
        &lt;CALC_MOTIVE/&gt;&#13;
        &lt;RESERV_NO&gt;0000001358&lt;/RESERV_NO&gt;&#13;
        &lt;RES_ITEM&gt;0020&lt;/RES_ITEM&gt;&#13;
        &lt;RES_TYPE/&gt;&#13;
        &lt;WITHDRAWN&gt;X&lt;/WITHDRAWN&gt;&#13;
        &lt;MVT_IND/&gt;&#13;
        &lt;MATERIAL_EXTERNAL/&gt;&#13;
        &lt;MATERIAL_GUID/&gt;&#13;
        &lt;MATERIAL_VERSION/&gt;&#13;
    &lt;/item&gt;&#13;
&lt;/Rowsets&gt;</Value><SchemaURI/><SchemaElement/><ValidateXMLOnExecution>1</ValidateXMLOnExecution><ReadOnly>true</ReadOnly><AlertXMLAssigned>false</AlertXMLAssigned></ContextItem></Context><Local><ContextItem><Name>CONF_CNT</Name><Description/><MinRange>0</MinRange><MaxRange>0</MaxRange><Value xsi:type="string"/><ReadOnly>false</ReadOnly><AlertXMLAssigned>false</AlertXMLAssigned></ContextItem><ContextItem><Name>CONF_NO</Name><Description/><MinRange>0</MinRange><MaxRange>0</MaxRange><Value xsi:type="string"/><ReadOnly>false</ReadOnly><AlertXMLAssigned>false</AlertXMLAssigned></ContextItem><ContextItem><Name>debug</Name><Description/><MinRange>0</MinRange><MaxRange>0</MaxRange><Value xsi:type="string">1</Value><ReadOnly>false</ReadOnly><AlertXMLAssigned>false</AlertXMLAssigned></ContextItem><ContextItem><Name>RESP_CONF_LIST</Name><Description/><MinRange>0</MinRange><MaxRange>0</MaxRange><Value xsi:type="xml"><ReferenceDocumentSource/>&lt;?xml version="1.0" encoding="UTF-8"?&gt;&lt;BAPI_PRODORDCONF_GETLIST&gt;&#13;
&lt;INPUT&gt;&#13;
        &lt;OPERATION/&gt;&#13;
        &lt;SEQUENCE/&gt;&#13;
        &lt;SUBOPERATION/&gt;&#13;
    &lt;/INPUT&gt;&#13;
&lt;OUTPUT&gt;&#13;
        &lt;RETURN&gt;&#13;
            &lt;TYPE/&gt;&#13;
            &lt;ID/&gt;&#13;
            &lt;NUMBER&gt;000&lt;/NUMBER&gt;&#13;
            &lt;MESSAGE/&gt;&#13;
            &lt;LOG_NO/&gt;&#13;
            &lt;LOG_MSG_NO&gt;000000&lt;/LOG_MSG_NO&gt;&#13;
            &lt;MESSAGE_V1/&gt;&#13;
            &lt;MESSAGE_V2/&gt;&#13;
            &lt;MESSAGE_V3/&gt;&#13;
            &lt;MESSAGE_V4/&gt;&#13;
        &lt;/RETURN&gt;&#13;
    &lt;/OUTPUT&gt;&#13;
&lt;TABLES&gt;&#13;
        &lt;CONFIRMATIONS&gt;&#13;
            &lt;item&gt;&#13;
                &lt;CONF_NO&gt;0000000237&lt;/CONF_NO&gt;&#13;
                &lt;CONF_CNT&gt;00000001&lt;/CONF_CNT&gt;&#13;
                &lt;ORDERID&gt;000000800124&lt;/ORDERID&gt;&#13;
                &lt;SEQUENCE&gt;000000&lt;/SEQUENCE&gt;&#13;
                &lt;OPERATION&gt;0010&lt;/OPERATION&gt;&#13;
                &lt;SUBOPERATION/&gt;&#13;
                &lt;RECORDTYPE&gt;L20&lt;/RECORDTYPE&gt;&#13;
                &lt;CREATED_BY&gt;MII_USER&lt;/CREATED_BY&gt;&#13;
                &lt;CREATED_DATE&gt;2016-07-11&lt;/CREATED_DATE&gt;&#13;
                &lt;CREATED_TIME&gt;16:52:37&lt;/CREATED_TIME&gt;&#13;
                &lt;FIN_CONF/&gt;&#13;
                &lt;REVERSED/&gt;&#13;
                &lt;REV_CONF_CNT&gt;00000000&lt;/REV_CONF_CNT&gt;&#13;
                &lt;CONF_TEXT&gt;72213AA-0001&lt;/CONF_TEXT&gt;&#13;
                &lt;EX_IDENT&gt;11800000000000000000000000000000&lt;/EX_IDENT&gt;&#13;
            &lt;/item&gt;&#13;
            &lt;item&gt;&#13;
                &lt;CONF_NO&gt;0000000237&lt;/CONF_NO&gt;&#13;
                &lt;CONF_CNT&gt;00000002&lt;/CONF_CNT&gt;&#13;
                &lt;ORDERID&gt;000000800124&lt;/ORDERID&gt;&#13;
                &lt;SEQUENCE&gt;000000&lt;/SEQUENCE&gt;&#13;
                &lt;OPERATION&gt;0010&lt;/OPERATION&gt;&#13;
                &lt;SUBOPERATION/&gt;&#13;
                &lt;RECORDTYPE&gt;L20&lt;/RECORDTYPE&gt;&#13;
                &lt;CREATED_BY&gt;MII_USER&lt;/CREATED_BY&gt;&#13;
                &lt;CREATED_DATE&gt;2016-07-11&lt;/CREATED_DATE&gt;&#13;
                &lt;CREATED_TIME&gt;17:17:51&lt;/CREATED_TIME&gt;&#13;
                &lt;FIN_CONF/&gt;&#13;
                &lt;REVERSED/&gt;&#13;
                &lt;REV_CONF_CNT&gt;00000000&lt;/REV_CONF_CNT&gt;&#13;
                &lt;CONF_TEXT&gt;72213AA-0001&lt;/CONF_TEXT&gt;&#13;
                &lt;EX_IDENT&gt;13100000000000000000000000000000&lt;/EX_IDENT&gt;&#13;
            &lt;/item&gt;&#13;
            &lt;item&gt;&#13;
                &lt;CONF_NO&gt;0000000237&lt;/CONF_NO&gt;&#13;
                &lt;CONF_CNT&gt;00000003&lt;/CONF_CNT&gt;&#13;
                &lt;ORDERID&gt;000000800124&lt;/ORDERID&gt;&#13;
                &lt;SEQUENCE&gt;000000&lt;/SEQUENCE&gt;&#13;
                &lt;OPERATION&gt;0010&lt;/OPERATION&gt;&#13;
                &lt;SUBOPERATION/&gt;&#13;
                &lt;RECORDTYPE&gt;L20&lt;/RECORDTYPE&gt;&#13;
                &lt;CREATED_BY&gt;MII_USER&lt;/CREATED_BY&gt;&#13;
                &lt;CREATED_DATE&gt;2016-07-11&lt;/CREATED_DATE&gt;&#13;
                &lt;CREATED_TIME&gt;20:18:59&lt;/CREATED_TIME&gt;&#13;
                &lt;FIN_CONF/&gt;&#13;
                &lt;REVERSED/&gt;&#13;
                &lt;REV_CONF_CNT&gt;00000000&lt;/REV_CONF_CNT&gt;&#13;
                &lt;CONF_TEXT&gt;72213AA-0001&lt;/CONF_TEXT&gt;&#13;
                &lt;EX_IDENT&gt;17100000000000000000000000000000&lt;/EX_IDENT&gt;&#13;
            &lt;/item&gt;&#13;
            &lt;item&gt;&#13;
                &lt;CONF_NO&gt;0000000237&lt;/CONF_NO&gt;&#13;
                &lt;CONF_CNT&gt;00000004&lt;/CONF_CNT&gt;&#13;
                &lt;ORDERID&gt;000000800124&lt;/ORDERID&gt;&#13;
                &lt;SEQUENCE&gt;000000&lt;/SEQUENCE&gt;&#13;
                &lt;OPERATION&gt;0010&lt;/OPERATION&gt;&#13;
                &lt;SUBOPERATION/&gt;&#13;
                &lt;RECORDTYPE&gt;L20&lt;/RECORDTYPE&gt;&#13;
                &lt;CREATED_BY&gt;MII_USER&lt;/CREATED_BY&gt;&#13;
                &lt;CREATED_DATE&gt;2016-07-11&lt;/CREATED_DATE&gt;&#13;
                &lt;CREATED_TIME&gt;20:26:38&lt;/CREATED_TIME&gt;&#13;
                &lt;FIN_CONF/&gt;&#13;
                &lt;REVERSED/&gt;&#13;
                &lt;REV_CONF_CNT&gt;00000000&lt;/REV_CONF_CNT&gt;&#13;
                &lt;CONF_TEXT&gt;72214AA-0002&lt;/CONF_TEXT&gt;&#13;
                &lt;EX_IDENT&gt;17500000000000000000000000000000&lt;/EX_IDENT&gt;&#13;
            &lt;/item&gt;&#13;
            &lt;item&gt;&#13;
                &lt;CONF_NO&gt;0000000237&lt;/CONF_NO&gt;&#13;
                &lt;CONF_CNT&gt;00000005&lt;/CONF_CNT&gt;&#13;
                &lt;ORDERID&gt;000000800124&lt;/ORDERID&gt;&#13;
                &lt;SEQUENCE&gt;000000&lt;/SEQUENCE&gt;&#13;
                &lt;OPERATION&gt;0010&lt;/OPERATION&gt;&#13;
                &lt;SUBOPERATION/&gt;&#13;
                &lt;RECORDTYPE&gt;L20&lt;/RECORDTYPE&gt;&#13;
                &lt;CREATED_BY&gt;MII_USER&lt;/CREATED_BY&gt;&#13;
                &lt;CREATED_DATE&gt;2016-07-12&lt;/CREATED_DATE&gt;&#13;
                &lt;CREATED_TIME&gt;10:00:58&lt;/CREATED_TIME&gt;&#13;
                &lt;FIN_CONF/&gt;&#13;
                &lt;REVERSED/&gt;&#13;
                &lt;REV_CONF_CNT&gt;00000000&lt;/REV_CONF_CNT&gt;&#13;
                &lt;CONF_TEXT&gt;72214AA-0003&lt;/CONF_TEXT&gt;&#13;
                &lt;EX_IDENT&gt;34200000000000000000000000000000&lt;/EX_IDENT&gt;&#13;
            &lt;/item&gt;&#13;
            &lt;item&gt;&#13;
                &lt;CONF_NO&gt;0000000237&lt;/CONF_NO&gt;&#13;
                &lt;CONF_CNT&gt;00000006&lt;/CONF_CNT&gt;&#13;
                &lt;ORDERID&gt;000000800124&lt;/ORDERID&gt;&#13;
                &lt;SEQUENCE&gt;000000&lt;/SEQUENCE&gt;&#13;
                &lt;OPERATION&gt;0010&lt;/OPERATION&gt;&#13;
                &lt;SUBOPERATION/&gt;&#13;
                &lt;RECORDTYPE&gt;L20&lt;/RECORDTYPE&gt;&#13;
                &lt;CREATED_BY&gt;MII_USER&lt;/CREATED_BY&gt;&#13;
                &lt;CREATED_DATE&gt;2016-07-12&lt;/CREATED_DATE&gt;&#13;
                &lt;CREATED_TIME&gt;10:35:17&lt;/CREATED_TIME&gt;&#13;
                &lt;FIN_CONF/&gt;&#13;
                &lt;REVERSED/&gt;&#13;
                &lt;REV_CONF_CNT&gt;00000000&lt;/REV_CONF_CNT&gt;&#13;
                &lt;CONF_TEXT&gt;72214AA-0003&lt;/CONF_TEXT&gt;&#13;
                &lt;EX_IDENT&gt;35200000000000000000000000000000&lt;/EX_IDENT&gt;&#13;
            &lt;/item&gt;&#13;
            &lt;item&gt;&#13;
                &lt;CONF_NO&gt;0000000237&lt;/CONF_NO&gt;&#13;
                &lt;CONF_CNT&gt;00000007&lt;/CONF_CNT&gt;&#13;
                &lt;ORDERID&gt;000000800124&lt;/ORDERID&gt;&#13;
                &lt;SEQUENCE&gt;000000&lt;/SEQUENCE&gt;&#13;
                &lt;OPERATION&gt;0010&lt;/OPERATION&gt;&#13;
                &lt;SUBOPERATION/&gt;&#13;
                &lt;RECORDTYPE&gt;L20&lt;/RECORDTYPE&gt;&#13;
                &lt;CREATED_BY&gt;MII_USER&lt;/CREATED_BY&gt;&#13;
                &lt;CREATED_DATE&gt;2016-07-12&lt;/CREATED_DATE&gt;&#13;
                &lt;CREATED_TIME&gt;11:05:08&lt;/CREATED_TIME&gt;&#13;
                &lt;FIN_CONF/&gt;&#13;
                &lt;REVERSED/&gt;&#13;
                &lt;REV_CONF_CNT&gt;00000000&lt;/REV_CONF_CNT&gt;&#13;
                &lt;CONF_TEXT&gt;72214AA-0003&lt;/CONF_TEXT&gt;&#13;
                &lt;EX_IDENT&gt;36100000000000000000000000000000&lt;/EX_IDENT&gt;&#13;
            &lt;/item&gt;&#13;
            &lt;item&gt;&#13;
                &lt;CONF_NO&gt;0000000237&lt;/CONF_NO&gt;&#13;
                &lt;CONF_CNT&gt;00000008&lt;/CONF_CNT&gt;&#13;
                &lt;ORDERID&gt;000000800124&lt;/ORDERID&gt;&#13;
                &lt;SEQUENCE&gt;000000&lt;/SEQUENCE&gt;&#13;
                &lt;OPERATION&gt;0010&lt;/OPERATION&gt;&#13;
                &lt;SUBOPERATION/&gt;&#13;
                &lt;RECORDTYPE&gt;L20&lt;/RECORDTYPE&gt;&#13;
                &lt;CREATED_BY&gt;MII_USER&lt;/CREATED_BY&gt;&#13;
                &lt;CREATED_DATE&gt;2016-07-12&lt;/CREATED_DATE&gt;&#13;
                &lt;CREATED_TIME&gt;12:00:39&lt;/CREATED_TIME&gt;&#13;
                &lt;FIN_CONF/&gt;&#13;
                &lt;REVERSED/&gt;&#13;
                &lt;REV_CONF_CNT&gt;00000000&lt;/REV_CONF_CNT&gt;&#13;
                &lt;CONF_TEXT&gt;72214AA-0003&lt;/CONF_TEXT&gt;&#13;
                &lt;EX_IDENT&gt;37400000000000000000000000000000&lt;/EX_IDENT&gt;&#13;
            &lt;/item&gt;&#13;
            &lt;item&gt;&#13;
                &lt;CONF_NO&gt;0000000237&lt;/CONF_NO&gt;&#13;
                &lt;CONF_CNT&gt;00000009&lt;/CONF_CNT&gt;&#13;
                &lt;ORDERID&gt;000000800124&lt;/ORDERID&gt;&#13;
                &lt;SEQUENCE&gt;000000&lt;/SEQUENCE&gt;&#13;
                &lt;OPERATION&gt;0010&lt;/OPERATION&gt;&#13;
                &lt;SUBOPERATION/&gt;&#13;
                &lt;RECORDTYPE&gt;L20&lt;/RECORDTYPE&gt;&#13;
                &lt;CREATED_BY&gt;MII_USER&lt;/CREATED_BY&gt;&#13;
                &lt;CREATED_DATE&gt;2016-07-12&lt;/CREATED_DATE&gt;&#13;
                &lt;CREATED_TIME&gt;12:11:07&lt;/CREATED_TIME&gt;&#13;
                &lt;FIN_CONF/&gt;&#13;
                &lt;REVERSED/&gt;&#13;
                &lt;REV_CONF_CNT&gt;00000000&lt;/REV_CONF_CNT&gt;&#13;
                &lt;CONF_TEXT&gt;70214AA-0002&lt;/CONF_TEXT&gt;&#13;
                &lt;EX_IDENT&gt;38200000000000000000000000000000&lt;/EX_IDENT&gt;&#13;
            &lt;/item&gt;&#13;
            &lt;item&gt;&#13;
                &lt;CONF_NO&gt;0000000237&lt;/CONF_NO&gt;&#13;
                &lt;CONF_CNT&gt;00000010&lt;/CONF_CNT&gt;&#13;
                &lt;ORDERID&gt;000000800124&lt;/ORDERID&gt;&#13;
                &lt;SEQUENCE&gt;000000&lt;/SEQUENCE&gt;&#13;
                &lt;OPERATION&gt;0010&lt;/OPERATION&gt;&#13;
                &lt;SUBOPERATION/&gt;&#13;
                &lt;RECORDTYPE&gt;L40&lt;/RECORDTYPE&gt;&#13;
                &lt;CREATED_BY&gt;MII_USER&lt;/CREATED_BY&gt;&#13;
                &lt;CREATED_DATE&gt;2016-07-13&lt;/CREATED_DATE&gt;&#13;
                &lt;CREATED_TIME&gt;10:32:54&lt;/CREATED_TIME&gt;&#13;
                &lt;FIN_CONF&gt;X&lt;/FIN_CONF&gt;&#13;
                &lt;REVERSED/&gt;&#13;
                &lt;REV_CONF_CNT&gt;00000000&lt;/REV_CONF_CNT&gt;&#13;
                &lt;CONF_TEXT&gt;72214AA-0003&lt;/CONF_TEXT&gt;&#13;
                &lt;EX_IDENT&gt;89300000000000000000000000000000&lt;/EX_IDENT&gt;&#13;
            &lt;/item&gt;&#13;
        &lt;/CONFIRMATIONS&gt;&#13;
        &lt;CONF_RANGE/&gt;&#13;
        &lt;ORDER_RANGE&gt;&#13;
            &lt;item&gt;&#13;
                &lt;SIGN&gt;I&lt;/SIGN&gt;&#13;
                &lt;OPTION&gt;EQ&lt;/OPTION&gt;&#13;
                &lt;LOW&gt;000000800124&lt;/LOW&gt;&#13;
                &lt;HIGH/&gt;&#13;
            &lt;/item&gt;&#13;
        &lt;/ORDER_RANGE&gt;&#13;
    &lt;/TABLES&gt;&#13;
&lt;/BAPI_PRODORDCONF_GETLIST&gt;</Value><SchemaURI/><SchemaElement/><ValidateXMLOnExecution>1</ValidateXMLOnExecution><ReadOnly>false</ReadOnly><AlertXMLAssigned>false</AlertXMLAssigned></ContextItem></Local><Layout><GUILayoutItem><Name>Sequence_8</Name><X>440</X><Y>280</Y><Width>120</Width><SpacingWidth>984</SpacingWidth><DescendantWidth>984</DescendantWidth><Height>96</Height></GUILayoutItem><GUILayoutItem><Name>Sequence_9</Name><X>512</X><Y>8</Y><Width>120</Width><SpacingWidth>1128</SpacingWidth><DescendantWidth>1128</DescendantWidth><Height>96</Height></GUILayoutItem><GUILayoutItem><Name>Sequence_11</Name><X>872</X><Y>552</Y><Width>120</Width><SpacingWidth>120</SpacingWidth><DescendantWidth>0</DescendantWidth><Height>96</Height></GUILayoutItem><GUILayoutItem><Name>ShowParam</Name><X>520</X><Y>24</Y><Width>104</Width><SpacingWidth>0</SpacingWidth><DescendantWidth>0</DescendantWidth><Height>72</Height></GUILayoutItem><GUILayoutItem><Name>Exception_Enabler_0</Name><X>448</X><Y>296</Y><Width>104</Width><SpacingWidth>0</SpacingWidth><DescendantWidth>0</DescendantWidth><Height>72</Height></GUILayoutItem><GUILayoutItem><Name>Sequence_10</Name><X>872</X><Y>416</Y><Width>120</Width><SpacingWidth>120</SpacingWidth><DescendantWidth>120</DescendantWidth><Height>96</Height></GUILayoutItem><GUILayoutItem><Name>Catch_0</Name><X>880</X><Y>432</Y><Width>104</Width><SpacingWidth>0</SpacingWidth><DescendantWidth>0</DescendantWidth><Height>72</Height></GUILayoutItem><GUILayoutItem><Name>ShowCatch_0</Name><X>880</X><Y>568</Y><Width>104</Width><SpacingWidth>0</SpacingWidth><DescendantWidth>0</DescendantWidth><Height>72</Height></GUILayoutItem><GUILayoutItem><Name>Sequence_12</Name><X>512</X><Y>144</Y><Width>120</Width><SpacingWidth>1128</SpacingWidth><DescendantWidth>1128</DescendantWidth><Height>96</Height></GUILayoutItem><GUILayoutItem><Name>DocumentFGM</Name><X>520</X><Y>160</Y><Width>104</Width><SpacingWidth>0</SpacingWidth><DescendantWidth>0</DescendantWidth><Height>72</Height></GUILayoutItem><GUILayoutItem><Name>Sequence_14</Name><X>1016</X><Y>552</Y><Width>120</Width><SpacingWidth>120</SpacingWidth><DescendantWidth>0</DescendantWidth><Height>96</Height></GUILayoutItem><GUILayoutItem><Name>Show_XMLOUT</Name><X>1024</X><Y>568</Y><Width>104</Width><SpacingWidth>0</SpacingWidth><DescendantWidth>0</DescendantWidth><Height>72</Height></GUILayoutItem><GUILayoutItem><Name>Sequence_15</Name><X>1016</X><Y>280</Y><Width>120</Width><SpacingWidth>120</SpacingWidth><DescendantWidth>120</DescendantWidth><Height>96</Height></GUILayoutItem><GUILayoutItem><Name>Assign_XMLOUT</Name><X>1024</X><Y>296</Y><Width>104</Width><SpacingWidth>0</SpacingWidth><DescendantWidth>0</DescendantWidth><Height>72</Height></GUILayoutItem><GUILayoutItem><Name>Sequence_18</Name><X>368</X><Y>416</Y><Width>120</Width><SpacingWidth>840</SpacingWidth><DescendantWidth>840</DescendantWidth><Height>96</Height></GUILayoutItem><GUILayoutItem><Name>Sequence_0</Name><X>368</X><Y>552</Y><Width>120</Width><SpacingWidth>840</SpacingWidth><DescendantWidth>840</DescendantWidth><Height>96</Height></GUILayoutItem><GUILayoutItem><Name>RepeatOnConf</Name><X>376</X><Y>568</Y><Width>104</Width><SpacingWidth>0</SpacingWidth><DescendantWidth>0</DescendantWidth><Height>72</Height></GUILayoutItem><GUILayoutItem><Name>CONF_GETLIST</Name><X>376</X><Y>432</Y><Width>104</Width><SpacingWidth>0</SpacingWidth><DescendantWidth>0</DescendantWidth><Height>72</Height></GUILayoutItem><GUILayoutItem><Name>Sequence_17</Name><X>80</X><Y>824</Y><Width>120</Width><SpacingWidth>264</SpacingWidth><DescendantWidth>264</DescendantWidth><Height>96</Height></GUILayoutItem><GUILayoutItem><Name>SetFilter</Name><X>88</X><Y>840</Y><Width>104</Width><SpacingWidth>0</SpacingWidth><DescendantWidth>0</DescendantWidth><Height>72</Height></GUILayoutItem><GUILayoutItem><Name>Sequence_19</Name><X>368</X><Y>688</Y><Width>120</Width><SpacingWidth>840</SpacingWidth><DescendantWidth>840</DescendantWidth><Height>96</Height></GUILayoutItem><GUILayoutItem><Name>Sequence_1</Name><X>512</X><Y>960</Y><Width>120</Width><SpacingWidth>552</SpacingWidth><DescendantWidth>552</DescendantWidth><Height>96</Height></GUILayoutItem><GUILayoutItem><Name>Sequence_20</Name><X>512</X><Y>824</Y><Width>120</Width><SpacingWidth>552</SpacingWidth><DescendantWidth>552</DescendantWidth><Height>96</Height></GUILayoutItem><GUILayoutItem><Name>ChkFilter</Name><X>520</X><Y>840</Y><Width>104</Width><SpacingWidth>0</SpacingWidth><DescendantWidth>0</DescendantWidth><Height>72</Height></GUILayoutItem><GUILayoutItem><Name>Sequence_21</Name><X>8</X><Y>960</Y><Width>120</Width><SpacingWidth>120</SpacingWidth><DescendantWidth>0</DescendantWidth><Height>96</Height></GUILayoutItem><GUILayoutItem><Name>Sequence_22</Name><X>152</X><Y>960</Y><Width>120</Width><SpacingWidth>120</SpacingWidth><DescendantWidth>0</DescendantWidth><Height>96</Height></GUILayoutItem><GUILayoutItem><Name>AssignConf</Name><X>16</X><Y>976</Y><Width>104</Width><SpacingWidth>0</SpacingWidth><DescendantWidth>0</DescendantWidth><Height>72</Height></GUILayoutItem><GUILayoutItem><Name>AssignCurrent</Name><X>160</X><Y>976</Y><Width>104</Width><SpacingWidth>0</SpacingWidth><DescendantWidth>0</DescendantWidth><Height>72</Height></GUILayoutItem><GUILayoutItem><Name>Sequence_24</Name><X>296</X><Y>1232</Y><Width>120</Width><SpacingWidth>120</SpacingWidth><DescendantWidth>0</DescendantWidth><Height>96</Height></GUILayoutItem><GUILayoutItem><Name>Sequence_2</Name><X>584</X><Y>1096</Y><Width>120</Width><SpacingWidth>408</SpacingWidth><DescendantWidth>408</DescendantWidth><Height>96</Height></GUILayoutItem><GUILayoutItem><Name>Interface_Detail</Name><X>592</X><Y>1112</Y><Width>104</Width><SpacingWidth>0</SpacingWidth><DescendantWidth>0</DescendantWidth><Height>72</Height></GUILayoutItem><GUILayoutItem><Name>ShowConf</Name><X>304</X><Y>1248</Y><Width>104</Width><SpacingWidth>0</SpacingWidth><DescendantWidth>0</DescendantWidth><Height>72</Height></GUILayoutItem><GUILayoutItem><Name>Sequence_25</Name><X>296</X><Y>1096</Y><Width>120</Width><SpacingWidth>120</SpacingWidth><DescendantWidth>120</DescendantWidth><Height>96</Height></GUILayoutItem><GUILayoutItem><Name>debug_0</Name><X>304</X><Y>1112</Y><Width>104</Width><SpacingWidth>0</SpacingWidth><DescendantWidth>0</DescendantWidth><Height>72</Height></GUILayoutItem><GUILayoutItem><Name>Sequence_26</Name><X>440</X><Y>1368</Y><Width>120</Width><SpacingWidth>120</SpacingWidth><DescendantWidth>0</DescendantWidth><Height>96</Height></GUILayoutItem><GUILayoutItem><Name>ShowDetail</Name><X>448</X><Y>1384</Y><Width>104</Width><SpacingWidth>0</SpacingWidth><DescendantWidth>0</DescendantWidth><Height>72</Height></GUILayoutItem><GUILayoutItem><Name>Sequence_3</Name><X>656</X><Y>1232</Y><Width>120</Width><SpacingWidth>264</SpacingWidth><DescendantWidth>264</DescendantWidth><Height>96</Height></GUILayoutItem><GUILayoutItem><Name>Sequence_4</Name><X>584</X><Y>1368</Y><Width>120</Width><SpacingWidth>120</SpacingWidth><DescendantWidth>120</DescendantWidth><Height>96</Height></GUILayoutItem><GUILayoutItem><Name>RepeatOnGM</Name><X>592</X><Y>1384</Y><Width>104</Width><SpacingWidth>0</SpacingWidth><DescendantWidth>0</DescendantWidth><Height>72</Height></GUILayoutItem><GUILayoutItem><Name>Sequence_6</Name><X>584</X><Y>1640</Y><Width>120</Width><SpacingWidth>120</SpacingWidth><DescendantWidth>0</DescendantWidth><Height>96</Height></GUILayoutItem><GUILayoutItem><Name>ShowGM</Name><X>592</X><Y>1656</Y><Width>104</Width><SpacingWidth>0</SpacingWidth><DescendantWidth>0</DescendantWidth><Height>72</Height></GUILayoutItem><GUILayoutItem><Name>Sequence_5</Name><X>728</X><Y>1368</Y><Width>120</Width><SpacingWidth>120</SpacingWidth><DescendantWidth>120</DescendantWidth><Height>96</Height></GUILayoutItem><GUILayoutItem><Name>RepeatOnFGM</Name><X>736</X><Y>1384</Y><Width>104</Width><SpacingWidth>0</SpacingWidth><DescendantWidth>0</DescendantWidth><Height>72</Height></GUILayoutItem><GUILayoutItem><Name>Sequence_13</Name><X>728</X><Y>1504</Y><Width>120</Width><SpacingWidth>120</SpacingWidth><DescendantWidth>120</DescendantWidth><Height>96</Height></GUILayoutItem><GUILayoutItem><Name>AssignFGM</Name><X>736</X><Y>1520</Y><Width>104</Width><SpacingWidth>0</SpacingWidth><DescendantWidth>0</DescendantWidth><Height>72</Height></GUILayoutItem><GUILayoutItem><Name>Sequence_7</Name><X>728</X><Y>1776</Y><Width>120</Width><SpacingWidth>120</SpacingWidth><DescendantWidth>0</DescendantWidth><Height>96</Height></GUILayoutItem><GUILayoutItem><Name>ShowFGM</Name><X>736</X><Y>1792</Y><Width>104</Width><SpacingWidth>0</SpacingWidth><DescendantWidth>0</DescendantWidth><Height>72</Height></GUILayoutItem><GUILayoutItem><Name>Sequence_27</Name><X>440</X><Y>1232</Y><Width>120</Width><SpacingWidth>120</SpacingWidth><DescendantWidth>120</DescendantWidth><Height>96</Height></GUILayoutItem><GUILayoutItem><Name>debug_1</Name><X>448</X><Y>1248</Y><Width>104</Width><SpacingWidth>0</SpacingWidth><DescendantWidth>0</DescendantWidth><Height>72</Height></GUILayoutItem><GUILayoutItem><Name>Sequence_23</Name><X>584</X><Y>1504</Y><Width>120</Width><SpacingWidth>120</SpacingWidth><DescendantWidth>120</DescendantWidth><Height>96</Height></GUILayoutItem><GUILayoutItem><Name>debug_2</Name><X>592</X><Y>1520</Y><Width>104</Width><SpacingWidth>0</SpacingWidth><DescendantWidth>0</DescendantWidth><Height>72</Height></GUILayoutItem><GUILayoutItem><Name>Sequence_28</Name><X>728</X><Y>1640</Y><Width>120</Width><SpacingWidth>120</SpacingWidth><DescendantWidth>120</DescendantWidth><Height>96</Height></GUILayoutItem><GUILayoutItem><Name>debug_3</Name><X>736</X><Y>1656</Y><Width>104</Width><SpacingWidth>0</SpacingWidth><DescendantWidth>0</DescendantWidth><Height>72</Height></GUILayoutItem><GUILayoutItem><Name>Sequence_16</Name><X>1016</X><Y>416</Y><Width>120</Width><SpacingWidth>120</SpacingWidth><DescendantWidth>120</DescendantWidth><Height>96</Height></GUILayoutItem><GUILayoutItem><Name>debug_4</Name><X>1024</X><Y>432</Y><Width>104</Width><SpacingWidth>0</SpacingWidth><DescendantWidth>0</DescendantWidth><Height>72</Height></GUILayoutItem></Layout><Actions><ContextItem><Name>ShowParam</Name><Description/><MinRange>0</MinRange><MaxRange>0</MaxRange><Value xsi:type="Tracer"><Message/><Level>INFO</Level></Value><ReadOnly>false</ReadOnly><AlertXMLAssigned>false</AlertXMLAssigned></ContextItem><ContextItem><Name>Exception_Enabler_0</Name><Description/><MinRange>0</MinRange><MaxRange>0</MaxRange><Value xsi:type="ExceptionEnabler"><EnableActionExceptions>true</EnableActionExceptions><EnableLinkExceptions>true</EnableLinkExceptions></Value><ReadOnly>false</ReadOnly><AlertXMLAssigned>false</AlertXMLAssigned></ContextItem><ContextItem><Name>Catch_0</Name><Description/><MinRange>0</MinRange><MaxRange>0</MaxRange><Value xsi:type="CatchAction"/><ReadOnly>false</ReadOnly><AlertXMLAssigned>false</AlertXMLAssigned></ContextItem><ContextItem><Name>ShowCatch_0</Name><Description/><MinRange>0</MinRange><MaxRange>0</MaxRange><Value xsi:type="Tracer"><Message/><Level>INFO</Level></Value><ReadOnly>false</ReadOnly><AlertXMLAssigned>false</AlertXMLAssigned></ContextItem><ContextItem><Name>DocumentFGM</Name><Description/><MinRange>0</MinRange><MaxRange>0</MaxRange><Value xsi:type="IlluminatorDocument"><EndDate>2016-07-15T09:42:15</EndDate><StartDate>2016-07-15T09:42:15</StartDate><Output><ReferenceDocumentSource/>&lt;?xml version="1.0" encoding="UTF-8"?&gt;&lt;Rowsets DateCreated="2016-07-15T09:42:15" EndDate="2016-07-15T09:42:15" StartDate="2016-07-15T09:42:15" Version="15.0 SP4 Patch 11"/&gt;</Output><ColumnSpecifications/></Value><SchemaURI/><SchemaElement/><ValidateXMLOnExecution>1</ValidateXMLOnExecution><ReadOnly>false</ReadOnly><AlertXMLAssigned>false</AlertXMLAssigned></ContextItem><ContextItem><Name>Show_XMLOUT</Name><Description/><MinRange>0</MinRange><MaxRange>0</MaxRange><Value xsi:type="Tracer"><Message/><Level>INFO</Level></Value><ReadOnly>false</ReadOnly><AlertXMLAssigned>false</AlertXMLAssigned></ContextItem><ContextItem><Name>Assign_XMLOUT</Name><Description/><MinRange>0</MinRange><MaxRange>0</MaxRange><Value xsi:type="Assignment"/><ReadOnly>false</ReadOnly><AlertXMLAssigned>false</AlertXMLAssigned></ContextItem><ContextItem><Name>RepeatOnConf</Name><Description/><MinRange>0</MinRange><MaxRange>0</MaxRange><Value xsi:type="RepeaterAction"><Output><ReferenceDocumentSource/>&lt;?xml version="1.0" encoding="UTF-8"?&gt;&lt;item&gt;&#13;
                &lt;CONF_NO&gt;0000000237&lt;/CONF_NO&gt;&#13;
                &lt;CONF_CNT&gt;00000001&lt;/CONF_CNT&gt;&#13;
                &lt;ORDERID&gt;000000800124&lt;/ORDERID&gt;&#13;
                &lt;SEQUENCE&gt;000000&lt;/SEQUENCE&gt;&#13;
                &lt;OPERATION&gt;0010&lt;/OPERATION&gt;&#13;
                &lt;SUBOPERATION/&gt;&#13;
                &lt;RECORDTYPE&gt;L20&lt;/RECORDTYPE&gt;&#13;
                &lt;CREATED_BY&gt;MII_USER&lt;/CREATED_BY&gt;&#13;
                &lt;CREATED_DATE&gt;2016-07-11&lt;/CREATED_DATE&gt;&#13;
                &lt;CREATED_TIME&gt;16:52:37&lt;/CREATED_TIME&gt;&#13;
                &lt;FIN_CONF/&gt;&#13;
                &lt;REVERSED/&gt;&#13;
                &lt;REV_CONF_CNT&gt;00000000&lt;/REV_CONF_CNT&gt;&#13;
                &lt;CONF_TEXT&gt;72213AA-0001&lt;/CONF_TEXT&gt;&#13;
                &lt;EX_IDENT&gt;11800000000000000000000000000000&lt;/EX_IDENT&gt;&#13;
            &lt;/item&gt;</Output><Break>false</Break><ItemCount>0</ItemCount><CurrentItem>0</CurrentItem><Source>Local.RESP_CONF_LIST{/BAPI_PRODORDCONF_GETLIST/TABLES/CONFIRMATIONS/item}</Source><Item><ReferenceDocumentSource/>&lt;?xml version="1.0" encoding="UTF-8"?&gt;&lt;item&gt;&#13;
                &lt;CONF_NO&gt;0000000237&lt;/CONF_NO&gt;&#13;
                &lt;CONF_CNT&gt;00000001&lt;/CONF_CNT&gt;&#13;
                &lt;ORDERID&gt;000000800124&lt;/ORDERID&gt;&#13;
                &lt;SEQUENCE&gt;000000&lt;/SEQUENCE&gt;&#13;
                &lt;OPERATION&gt;0010&lt;/OPERATION&gt;&#13;
                &lt;SUBOPERATION/&gt;&#13;
                &lt;RECORDTYPE&gt;L20&lt;/RECORDTYPE&gt;&#13;
                &lt;CREATED_BY&gt;MII_USER&lt;/CREATED_BY&gt;&#13;
                &lt;CREATED_DATE&gt;2016-07-11&lt;/CREATED_DATE&gt;&#13;
                &lt;CREATED_TIME&gt;16:52:37&lt;/CREATED_TIME&gt;&#13;
                &lt;FIN_CONF/&gt;&#13;
                &lt;REVERSED/&gt;&#13;
                &lt;REV_CONF_CNT&gt;00000000&lt;/REV_CONF_CNT&gt;&#13;
                &lt;CONF_TEXT&gt;72213AA-0001&lt;/CONF_TEXT&gt;&#13;
                &lt;EX_IDENT&gt;11800000000000000000000000000000&lt;/EX_IDENT&gt;&#13;
            &lt;/item&gt;</Item></Value><SchemaURI/><SchemaElement/><ValidateXMLOnExecution>1</ValidateXMLOnExecution><SchemaURI/><SchemaElement/><ValidateXMLOnExecution>1</ValidateXMLOnExecution><ReadOnly>false</ReadOnly><AlertXMLAssigned>false</AlertXMLAssigned></ContextItem><ContextItem><Name>CONF_GETLIST</Name><Description/><MinRange>0</MinRange><MaxRange>0</MaxRange><Value xsi:type="SAPJCOInterface"><Request><ReferenceDocumentSource/>&lt;?xml version="1.0" encoding="UTF-8"?&gt;&lt;BAPI_PRODORDCONF_GETLIST&gt;&lt;INPUT&gt;&lt;OPERATION/&gt;&lt;SEQUENCE/&gt;&lt;SUBOPERATION/&gt;&lt;/INPUT&gt;&lt;TABLES&gt;&lt;CONFIRMATIONS&gt;&lt;item&gt;&lt;CONF_NO/&gt;&lt;CONF_CNT/&gt;&lt;ORDERID/&gt;&lt;SEQUENCE/&gt;&lt;OPERATION/&gt;&lt;SUBOPERATION/&gt;&lt;RECORDTYPE/&gt;&lt;CREATED_BY/&gt;&lt;CREATED_DATE/&gt;&lt;CREATED_TIME/&gt;&lt;FIN_CONF/&gt;&lt;REVERSED/&gt;&lt;REV_CONF_CNT/&gt;&lt;CONF_TEXT/&gt;&lt;EX_IDENT/&gt;&lt;/item&gt;&lt;/CONFIRMATIONS&gt;&lt;CONF_RANGE&gt;&lt;item&gt;&lt;SIGN/&gt;&lt;OPTION/&gt;&lt;LOW/&gt;&lt;HIGH/&gt;&lt;/item&gt;&lt;/CONF_RANGE&gt;&lt;ORDER_RANGE&gt;&lt;item&gt;&lt;SIGN/&gt;&lt;OPTION/&gt;&lt;LOW/&gt;&lt;HIGH/&gt;&lt;/item&gt;&lt;/ORDER_RANGE&gt;&lt;/TABLES&gt;&lt;/BAPI_PRODORDCONF_GETLIST&gt;</Request><Response><ReferenceDocumentSource/>&lt;?xml version="1.0" encoding="UTF-8"?&gt;&lt;BAPI_PRODORDCONF_GETLIST&gt;&lt;OUTPUT&gt;&lt;RETURN&gt;&lt;TYPE/&gt;&lt;ID/&gt;&lt;NUMBER/&gt;&lt;MESSAGE/&gt;&lt;LOG_NO/&gt;&lt;LOG_MSG_NO/&gt;&lt;MESSAGE_V1/&gt;&lt;MESSAGE_V2/&gt;&lt;MESSAGE_V3/&gt;&lt;MESSAGE_V4/&gt;&lt;/RETURN&gt;&lt;/OUTPUT&gt;&lt;TABLES&gt;&lt;CONFIRMATIONS&gt;&lt;item&gt;&lt;CONF_NO/&gt;&lt;CONF_CNT/&gt;&lt;ORDERID/&gt;&lt;SEQUENCE/&gt;&lt;OPERATION/&gt;&lt;SUBOPERATION/&gt;&lt;RECORDTYPE/&gt;&lt;CREATED_BY/&gt;&lt;CREATED_DATE/&gt;&lt;CREATED_TIME/&gt;&lt;FIN_CONF/&gt;&lt;REVERSED/&gt;&lt;REV_CONF_CNT/&gt;&lt;CONF_TEXT/&gt;&lt;EX_IDENT/&gt;&lt;/item&gt;&lt;/CONFIRMATIONS&gt;&lt;CONF_RANGE&gt;&lt;item&gt;&lt;SIGN/&gt;&lt;OPTION/&gt;&lt;LOW/&gt;&lt;HIGH/&gt;&lt;/item&gt;&lt;/CONF_RANGE&gt;&lt;ORDER_RANGE&gt;&lt;item&gt;&lt;SIGN/&gt;&lt;OPTION/&gt;&lt;LOW/&gt;&lt;HIGH/&gt;&lt;/item&gt;&lt;/ORDER_RANGE&gt;&lt;/TABLES&gt;&lt;/BAPI_PRODORDCONF_GETLIST&gt;</Response><SAPRFC>BAPI_PRODORDCONF_GETLIST</SAPRFC><ExecuteFunction>true</ExecuteFunction><AutoCommit>false</AutoCommit><ConnPropAlias>SAP</ConnPropAlias><CredentialAlias>SAP</CredentialAlias><SAPServerName>10.2.8.38</SAPServerName><SAPClient>521</SAPClient><SAPSystemNumber>00</SAPSystemNumber><SAPUserName/><SAPPassword/><Language>EN</Language><SAPSSO2Ticket/><ConnectionTimeout>0</ConnectionTimeout><PoolConnections>false</PoolConnections><LogonGroup/><RecreateFunction>true</RecreateFunction><AllowMultipleRows>true</AllowMultipleRows><DaysRetention>7</DaysRetention><MaxRetryCount>5</MaxRetryCount><RetryInterval>30000</RetryInterval><ProcessingMode>1</ProcessingMode><Filter/><DataBufferComment/></Value><SchemaURI/><SchemaElement/><ValidateXMLOnExecution>1</ValidateXMLOnExecution><SchemaURI/><SchemaElement/><ValidateXMLOnExecution>1</ValidateXMLOnExecution><ReadOnly>false</ReadOnly><AlertXMLAssigned>false</AlertXMLAssigned></ContextItem><ContextItem><Name>SetFilter</Name><Description/><MinRange>0</MinRange><MaxRange>0</MaxRange><Value xsi:type="ConditionalAction"><Output>false</Output><InputCount>2</InputCount><LogicalAnd>true</LogicalAnd><Input1>false</Input1><Input2>false</Input2></Value><ReadOnly>false</ReadOnly><AlertXMLAssigned>false</AlertXMLAssigned></ContextItem><ContextItem><Name>ChkFilter</Name><Description/><MinRange>0</MinRange><MaxRange>0</MaxRange><Value xsi:type="ConditionalAction"><Output>false</Output><InputCount>2</InputCount><LogicalAnd>true</LogicalAnd><Input1>false</Input1><Input2>false</Input2></Value><ReadOnly>false</ReadOnly><AlertXMLAssigned>false</AlertXMLAssigned></ContextItem><ContextItem><Name>AssignConf</Name><Description/><MinRange>0</MinRange><MaxRange>0</MaxRange><Value xsi:type="Assignment"/><ReadOnly>false</ReadOnly><AlertXMLAssigned>false</AlertXMLAssigned></ContextItem><ContextItem><Name>AssignCurrent</Name><Description/><MinRange>0</MinRange><MaxRange>0</MaxRange><Value xsi:type="Assignment"/><ReadOnly>false</ReadOnly><AlertXMLAssigned>false</AlertXMLAssigned></ContextItem><ContextItem><Name>Interface_Detail</Name><Description/><MinRange>0</MinRange><MaxRange>0</MaxRange><Value xsi:type="SAPJCOInterface"><Request><ReferenceDocumentSource/>&lt;?xml version="1.0" encoding="UTF-8"?&gt;&lt;BAPI_PRODORDCONF_GETDETAIL&gt;&lt;INPUT&gt;&lt;CONFIRMATION/&gt;&lt;CONFIRMATIONCOUNTER/&gt;&lt;/INPUT&gt;&lt;TABLES&gt;&lt;FAILEDGMOVES&gt;&lt;item&gt;&lt;DOC_NO/&gt;&lt;DOC_ITM/&gt;&lt;CREATED_BY/&gt;&lt;CREATED_DATE/&gt;&lt;CREATED_TIME/&gt;&lt;FAILED_DATE/&gt;&lt;FAILED_TIME/&gt;&lt;MSG_ID/&gt;&lt;MSG_NO/&gt;&lt;MSG_TYPE/&gt;&lt;MSG_V1/&gt;&lt;MSG_V2/&gt;&lt;MSG_V3/&gt;&lt;MSG_V4/&gt;&lt;PSTNG_DATE/&gt;&lt;DOC_DATE/&gt;&lt;EXPIRYDATE/&gt;&lt;MATERIAL/&gt;&lt;PLANT/&gt;&lt;STGE_LOC/&gt;&lt;BATCH/&gt;&lt;MOVE_TYPE/&gt;&lt;STCK_TYPE/&gt;&lt;SPEC_STOCK/&gt;&lt;VENDOR/&gt;&lt;SALES_ORD/&gt;&lt;S_ORD_ITEM/&gt;&lt;SCHED_LINE/&gt;&lt;ENTRY_UOM/&gt;&lt;ENTRY_UOM_ISO/&gt;&lt;ENTRY_QNT/&gt;&lt;NO_MORE_GR/&gt;&lt;GR_RCPT/&gt;&lt;UNLOAD_PT/&gt;&lt;ORDERID/&gt;&lt;ORDERID_ITNO/&gt;&lt;CALC_MOTIVE/&gt;&lt;RESERV_NO/&gt;&lt;RES_ITEM/&gt;&lt;RES_TYPE/&gt;&lt;WITHDRAWN/&gt;&lt;MVT_IND/&gt;&lt;MATERIAL_EXTERNAL/&gt;&lt;MATERIAL_GUID/&gt;&lt;MATERIAL_VERSION/&gt;&lt;/item&gt;&lt;/FAILEDGMOVES&gt;&lt;GOODSMOVEMENTS&gt;&lt;item&gt;&lt;MAT_DOC/&gt;&lt;DOC_YEAR/&gt;&lt;MATDOC_ITM/&gt;&lt;MATERIAL/&gt;&lt;PLANT/&gt;&lt;STGE_LOC/&gt;&lt;BATCH/&gt;&lt;MOVE_TYPE/&gt;&lt;STCK_TYPE/&gt;&lt;SPEC_STOCK/&gt;&lt;VENDOR/&gt;&lt;CUSTOMER/&gt;&lt;SALES_ORD/&gt;&lt;S_ORD_ITEM/&gt;&lt;SCHED_LINE/&gt;&lt;VAL_TYPE/&gt;&lt;ENTRY_QNT/&gt;&lt;ENTRY_UOM/&gt;&lt;ENTRY_UOM_ISO/&gt;&lt;PO_PR_QNT/&gt;&lt;ORDERPR_UN/&gt;&lt;ORDERPR_UN_ISO/&gt;&lt;PO_NUMBER/&gt;&lt;PO_ITEM/&gt;&lt;SHIPPING/&gt;&lt;COMP_SHIP/&gt;&lt;NO_MORE_GR/&gt;&lt;ITEM_TEXT/&gt;&lt;GR_RCPT/&gt;&lt;UNLOAD_PT/&gt;&lt;COSTCENTER/&gt;&lt;ORDERID/&gt;&lt;ORDER_ITNO/&gt;&lt;CALC_MOTIVE/&gt;&lt;ASSET_NO/&gt;&lt;SUB_NUMBER/&gt;&lt;RESERV_NO/&gt;&lt;RES_ITEM/&gt;&lt;RES_TYPE/&gt;&lt;WITHDRAWN/&gt;&lt;MOVE_MAT/&gt;&lt;MOVE_PLANT/&gt;&lt;MOVE_STLOC/&gt;&lt;MOVE_BATCH/&gt;&lt;MOVE_VAL_TYPE/&gt;&lt;MVT_IND/&gt;&lt;MOVE_REAS/&gt;&lt;RL_EST_KEY/&gt;&lt;REF_DATE/&gt;&lt;COST_OBJ/&gt;&lt;PROFIT_SEGM_NO/&gt;&lt;PROFIT_CTR/&gt;&lt;WBS_ELEM/&gt;&lt;NETWORK/&gt;&lt;ACTIVITY/&gt;&lt;PART_ACCT/&gt;&lt;AMOUNT_LC/&gt;&lt;AMOUNT_SV/&gt;&lt;CURRENCY/&gt;&lt;CURRENCY_ISO/&gt;&lt;REF_DOC_YR/&gt;&lt;REF_DOC/&gt;&lt;REF_DOC_IT/&gt;&lt;EXPIRYDATE/&gt;&lt;PROD_DATE/&gt;&lt;FUND/&gt;&lt;FUNDS_CTR/&gt;&lt;CMMT_ITEM/&gt;&lt;VAL_SALES_ORD/&gt;&lt;VAL_S_ORD_ITEM/&gt;&lt;VAL_WBS_ELEM/&gt;&lt;CO_BUSPROC/&gt;&lt;ACTTYPE/&gt;&lt;SUPPL_VEND/&gt;&lt;X_AUTO_CRE/&gt;&lt;MATERIAL_EXTERNAL/&gt;&lt;MATERIAL_GUID/&gt;&lt;MATERIAL_VERSION/&gt;&lt;MOVE_MAT_EXTERNAL/&gt;&lt;MOVE_MAT_GUID/&gt;&lt;MOVE_MAT_VERSION/&gt;&lt;GRANT_NBR/&gt;&lt;CMMT_ITEM_LONG/&gt;&lt;FUNC_AREA_LONG/&gt;&lt;LINE_ID/&gt;&lt;PARENT_ID/&gt;&lt;LINE_DEPTH/&gt;&lt;BUDGET_PERIOD/&gt;&lt;EARMARKED_NUMBER/&gt;&lt;EARMARKED_ITEM/&gt;&lt;/item&gt;&lt;/GOODSMOVEMENTS&gt;&lt;/TABLES&gt;&lt;/BAPI_PRODORDCONF_GETDETAIL&gt;</Request><Response><ReferenceDocumentSource/>&lt;?xml version="1.0" encoding="UTF-8"?&gt;&lt;BAPI_PRODORDCONF_GETDETAIL&gt;&lt;OUTPUT&gt;&lt;CONF_DETAIL&gt;&lt;CONF_NO/&gt;&lt;CONF_CNT/&gt;&lt;ORDERID/&gt;&lt;SEQUENCE/&gt;&lt;OPERATION/&gt;&lt;SUB_OPER/&gt;&lt;CAPA_CATEGORY/&gt;&lt;SPLIT/&gt;&lt;CREATED_BY/&gt;&lt;CREATED_DATE/&gt;&lt;CREATED_TIME/&gt;&lt;CR_BY_APPL/&gt;&lt;ORIGIN/&gt;&lt;CREATE_MODE/&gt;&lt;CR_BY_MILEST/&gt;&lt;CONF_NO_MILEST/&gt;&lt;CONF_CNT_MILEST/&gt;&lt;REVERSED/&gt;&lt;REV_CONF_CNT/&gt;&lt;FIN_CONF/&gt;&lt;CLEAR_RES/&gt;&lt;POSTG_DATE/&gt;&lt;DEV_REASON/&gt;&lt;DEV_REAS_TXT/&gt;&lt;CONF_TEXT/&gt;&lt;EX_CREATED_BY/&gt;&lt;EX_CREATED_DATE/&gt;&lt;EX_CREATED_TIME/&gt;&lt;CONF_QUAN_UNIT/&gt;&lt;CONF_QUAN_UNIT_ISO/&gt;&lt;YIELD/&gt;&lt;SCRAP/&gt;&lt;REWORK/&gt;&lt;EXEC_START_DATE/&gt;&lt;EXEC_START_TIME/&gt;&lt;SETUP_FIN_DATE/&gt;&lt;SETUP_FIN_TIME/&gt;&lt;PROC_START_DATE/&gt;&lt;PROC_START_TIME/&gt;&lt;PROC_FIN_DATE/&gt;&lt;PROC_FIN_TIME/&gt;&lt;TEARDOWN_START_DATE/&gt;&lt;TEARDOWN_START_TIME/&gt;&lt;EXEC_FIN_DATE/&gt;&lt;EXEC_FIN_TIME/&gt;&lt;FCST_FIN_DATE/&gt;&lt;FCST_FIN_TIME/&gt;&lt;PLANT/&gt;&lt;WORK_CNTR/&gt;&lt;COSTCENTER/&gt;&lt;CO_AREA/&gt;&lt;RECORDTYPE/&gt;&lt;LOGDATE/&gt;&lt;LOGTIME/&gt;&lt;CONF_ACTI_UNIT1/&gt;&lt;CONF_ACTI_UNIT1_ISO/&gt;&lt;CONF_ACTIVITY1/&gt;&lt;NO_REMN_ACTI1/&gt;&lt;CONF_ACTI_UNIT2/&gt;&lt;CONF_ACTI_UNIT2_ISO/&gt;&lt;CONF_ACTIVITY2/&gt;&lt;NO_REMN_ACTI2/&gt;&lt;CONF_ACTI_UNIT3/&gt;&lt;CONF_ACTI_UNIT3_ISO/&gt;&lt;CONF_ACTIVITY3/&gt;&lt;NO_REMN_ACTI3/&gt;&lt;CONF_ACTI_UNIT4/&gt;&lt;CONF_ACTI_UNIT4_ISO/&gt;&lt;CONF_ACTIVITY4/&gt;&lt;NO_REMN_ACTI4/&gt;&lt;CONF_ACTI_UNIT5/&gt;&lt;CONF_ACTI_UNIT5_ISO/&gt;&lt;CONF_ACTIVITY5/&gt;&lt;NO_REMN_ACTI5/&gt;&lt;CONF_ACTI_UNIT6/&gt;&lt;CONF_ACTI_UNIT6_ISO/&gt;&lt;CONF_ACTIVITY6/&gt;&lt;NO_REMN_ACTI6/&gt;&lt;CONF_BUS_PROC_UNIT1/&gt;&lt;CONF_BUS_PROC_UNIT1_ISO/&gt;&lt;CONF_BUSS_PROC1/&gt;&lt;NO_REMN_BUS_PROC1/&gt;&lt;PROCSS_DEG/&gt;&lt;STD_UNIT1/&gt;&lt;STD_UNIT1_ISO/&gt;&lt;FORCAST_STD_VAL1/&gt;&lt;STD_UNIT2/&gt;&lt;STD_UNIT2_ISO/&gt;&lt;FORCAST_STD_VAL2/&gt;&lt;STD_UNIT3/&gt;&lt;STD_UNIT3_ISO/&gt;&lt;FORCAST_STD_VAL3/&gt;&lt;STD_UNIT4/&gt;&lt;STD_UNIT4_ISO/&gt;&lt;FORCAST_STD_VAL4/&gt;&lt;STD_UNIT5/&gt;&lt;STD_UNIT5_ISO/&gt;&lt;FORCAST_STD_VAL5/&gt;&lt;STD_UNIT6/&gt;&lt;STD_UNIT6_ISO/&gt;&lt;FORCAST_STD_VAL6/&gt;&lt;FORCAST_BUS_PROC_UNIT1/&gt;&lt;FORCAST_BUS_PROC_UNIT1_ISO/&gt;&lt;FORCAST_BUS_PROC_VAL1/&gt;&lt;PERS_NO/&gt;&lt;NAME/&gt;&lt;TIMEID_NO/&gt;&lt;WAGETYPE/&gt;&lt;SUITABILITY/&gt;&lt;NO_OF_EMPL/&gt;&lt;WAGEGROUP/&gt;&lt;BREAK_UNIT/&gt;&lt;BREAK_UNIT_ISO/&gt;&lt;BREAK_TIME/&gt;&lt;EX_IDENT/&gt;&lt;WIP_MATERIAL/&gt;&lt;WIP_BATCH/&gt;&lt;/CONF_DETAIL&gt;&lt;RETURN&gt;&lt;TYPE/&gt;&lt;ID/&gt;&lt;NUMBER/&gt;&lt;MESSAGE/&gt;&lt;LOG_NO/&gt;&lt;LOG_MSG_NO/&gt;&lt;MESSAGE_V1/&gt;&lt;MESSAGE_V2/&gt;&lt;MESSAGE_V3/&gt;&lt;MESSAGE_V4/&gt;&lt;/RETURN&gt;&lt;/OUTPUT&gt;&lt;TABLES&gt;&lt;FAILEDGMOVES&gt;&lt;item&gt;&lt;DOC_NO/&gt;&lt;DOC_ITM/&gt;&lt;CREATED_BY/&gt;&lt;CREATED_DATE/&gt;&lt;CREATED_TIME/&gt;&lt;FAILED_DATE/&gt;&lt;FAILED_TIME/&gt;&lt;MSG_ID/&gt;&lt;MSG_NO/&gt;&lt;MSG_TYPE/&gt;&lt;MSG_V1/&gt;&lt;MSG_V2/&gt;&lt;MSG_V3/&gt;&lt;MSG_V4/&gt;&lt;PSTNG_DATE/&gt;&lt;DOC_DATE/&gt;&lt;EXPIRYDATE/&gt;&lt;MATERIAL/&gt;&lt;PLANT/&gt;&lt;STGE_LOC/&gt;&lt;BATCH/&gt;&lt;MOVE_TYPE/&gt;&lt;STCK_TYPE/&gt;&lt;SPEC_STOCK/&gt;&lt;VENDOR/&gt;&lt;SALES_ORD/&gt;&lt;S_ORD_ITEM/&gt;&lt;SCHED_LINE/&gt;&lt;ENTRY_UOM/&gt;&lt;ENTRY_UOM_ISO/&gt;&lt;ENTRY_QNT/&gt;&lt;NO_MORE_GR/&gt;&lt;GR_RCPT/&gt;&lt;UNLOAD_PT/&gt;&lt;ORDERID/&gt;&lt;ORDERID_ITNO/&gt;&lt;CALC_MOTIVE/&gt;&lt;RESERV_NO/&gt;&lt;RES_ITEM/&gt;&lt;RES_TYPE/&gt;&lt;WITHDRAWN/&gt;&lt;MVT_IND/&gt;&lt;MATERIAL_EXTERNAL/&gt;&lt;MATERIAL_GUID/&gt;&lt;MATERIAL_VERSION/&gt;&lt;/item&gt;&lt;/FAILEDGMOVES&gt;&lt;GOODSMOVEMENTS&gt;&lt;item&gt;&lt;MAT_DOC/&gt;&lt;DOC_YEAR/&gt;&lt;MATDOC_ITM/&gt;&lt;MATERIAL/&gt;&lt;PLANT/&gt;&lt;STGE_LOC/&gt;&lt;BATCH/&gt;&lt;MOVE_TYPE/&gt;&lt;STCK_TYPE/&gt;&lt;SPEC_STOCK/&gt;&lt;VENDOR/&gt;&lt;CUSTOMER/&gt;&lt;SALES_ORD/&gt;&lt;S_ORD_ITEM/&gt;&lt;SCHED_LINE/&gt;&lt;VAL_TYPE/&gt;&lt;ENTRY_QNT/&gt;&lt;ENTRY_UOM/&gt;&lt;ENTRY_UOM_ISO/&gt;&lt;PO_PR_QNT/&gt;&lt;ORDERPR_UN/&gt;&lt;ORDERPR_UN_ISO/&gt;&lt;PO_NUMBER/&gt;&lt;PO_ITEM/&gt;&lt;SHIPPING/&gt;&lt;COMP_SHIP/&gt;&lt;NO_MORE_GR/&gt;&lt;ITEM_TEXT/&gt;&lt;GR_RCPT/&gt;&lt;UNLOAD_PT/&gt;&lt;COSTCENTER/&gt;&lt;ORDERID/&gt;&lt;ORDER_ITNO/&gt;&lt;CALC_MOTIVE/&gt;&lt;ASSET_NO/&gt;&lt;SUB_NUMBER/&gt;&lt;RESERV_NO/&gt;&lt;RES_ITEM/&gt;&lt;RES_TYPE/&gt;&lt;WITHDRAWN/&gt;&lt;MOVE_MAT/&gt;&lt;MOVE_PLANT/&gt;&lt;MOVE_STLOC/&gt;&lt;MOVE_BATCH/&gt;&lt;MOVE_VAL_TYPE/&gt;&lt;MVT_IND/&gt;&lt;MOVE_REAS/&gt;&lt;RL_EST_KEY/&gt;&lt;REF_DATE/&gt;&lt;COST_OBJ/&gt;&lt;PROFIT_SEGM_NO/&gt;&lt;PROFIT_CTR/&gt;&lt;WBS_ELEM/&gt;&lt;NETWORK/&gt;&lt;ACTIVITY/&gt;&lt;PART_ACCT/&gt;&lt;AMOUNT_LC/&gt;&lt;AMOUNT_SV/&gt;&lt;CURRENCY/&gt;&lt;CURRENCY_ISO/&gt;&lt;REF_DOC_YR/&gt;&lt;REF_DOC/&gt;&lt;REF_DOC_IT/&gt;&lt;EXPIRYDATE/&gt;&lt;PROD_DATE/&gt;&lt;FUND/&gt;&lt;FUNDS_CTR/&gt;&lt;CMMT_ITEM/&gt;&lt;VAL_SALES_ORD/&gt;&lt;VAL_S_ORD_ITEM/&gt;&lt;VAL_WBS_ELEM/&gt;&lt;CO_BUSPROC/&gt;&lt;ACTTYPE/&gt;&lt;SUPPL_VEND/&gt;&lt;X_AUTO_CRE/&gt;&lt;MATERIAL_EXTERNAL/&gt;&lt;MATERIAL_GUID/&gt;&lt;MATERIAL_VERSION/&gt;&lt;MOVE_MAT_EXTERNAL/&gt;&lt;MOVE_MAT_GUID/&gt;&lt;MOVE_MAT_VERSION/&gt;&lt;GRANT_NBR/&gt;&lt;CMMT_ITEM_LONG/&gt;&lt;FUNC_AREA_LONG/&gt;&lt;LINE_ID/&gt;&lt;PARENT_ID/&gt;&lt;LINE_DEPTH/&gt;&lt;BUDGET_PERIOD/&gt;&lt;EARMARKED_NUMBER/&gt;&lt;EARMARKED_ITEM/&gt;&lt;/item&gt;&lt;/GOODSMOVEMENTS&gt;&lt;/TABLES&gt;&lt;/BAPI_PRODORDCONF_GETDETAIL&gt;</Response><SAPRFC>BAPI_PRODORDCONF_GETDETAIL</SAPRFC><ExecuteFunction>true</ExecuteFunction><AutoCommit>false</AutoCommit><ConnPropAlias>SAP</ConnPropAlias><CredentialAlias>SAP</CredentialAlias><SAPServerName>10.2.8.38</SAPServerName><SAPClient>521</SAPClient><SAPSystemNumber>00</SAPSystemNumber><SAPUserName/><SAPPassword/><Language>EN</Language><SAPSSO2Ticket/><ConnectionTimeout>0</ConnectionTimeout><PoolConnections>false</PoolConnections><LogonGroup/><RecreateFunction>true</RecreateFunction><AllowMultipleRows>true</AllowMultipleRows><DaysRetention>7</DaysRetention><MaxRetryCount>5</MaxRetryCount><RetryInterval>30000</RetryInterval><ProcessingMode>1</ProcessingMode><Filter/><DataBufferComment/></Value><SchemaURI/><SchemaElement/><ValidateXMLOnExecution>1</ValidateXMLOnExecution><SchemaURI/><SchemaElement/><ValidateXMLOnExecution>1</ValidateXMLOnExecution><ReadOnly>false</ReadOnly><AlertXMLAssigned>false</AlertXMLAssigned></ContextItem><ContextItem><Name>ShowConf</Name><Description/><MinRange>0</MinRange><MaxRange>0</MaxRange><Value xsi:type="Tracer"><Message/><Level>INFO</Level></Value><ReadOnly>false</ReadOnly><AlertXMLAssigned>false</AlertXMLAssigned></ContextItem><ContextItem><Name>debug_0</Name><Description/><MinRange>0</MinRange><MaxRange>0</MaxRange><Value xsi:type="ConditionalAction"><Output>false</Output><InputCount>1</InputCount><LogicalAnd>false</LogicalAnd><Input1>false</Input1></Value><ReadOnly>false</ReadOnly><AlertXMLAssigned>false</AlertXMLAssigned></ContextItem><ContextItem><Name>ShowDetail</Name><Description/><MinRange>0</MinRange><MaxRange>0</MaxRange><Value xsi:type="Tracer"><Message/><Level>INFO</Level></Value><ReadOnly>false</ReadOnly><AlertXMLAssigned>false</AlertXMLAssigned></ContextItem><ContextItem><Name>RepeatOnGM</Name><Description/><MinRange>0</MinRange><MaxRange>0</MaxRange><Value xsi:type="RepeaterAction"><Output><ReferenceDocumentSource/>&lt;?xml version="1.0" encoding="UTF-8"?&gt;&lt;item&gt;&#13;
                &lt;MAT_DOC/&gt;&#13;
                &lt;DOC_YEAR/&gt;&#13;
                &lt;MATDOC_ITM/&gt;&#13;
                &lt;MATERIAL/&gt;&#13;
                &lt;PLANT/&gt;&#13;
                &lt;STGE_LOC/&gt;&#13;
                &lt;BATCH/&gt;&#13;
                &lt;MOVE_TYPE/&gt;&#13;
                &lt;STCK_TYPE/&gt;&#13;
                &lt;SPEC_STOCK/&gt;&#13;
                &lt;VENDOR/&gt;&#13;
                &lt;CUSTOMER/&gt;&#13;
                &lt;SALES_ORD/&gt;&#13;
                &lt;S_ORD_ITEM/&gt;&#13;
                &lt;SCHED_LINE/&gt;&#13;
                &lt;VAL_TYPE/&gt;&#13;
                &lt;ENTRY_QNT/&gt;&#13;
                &lt;ENTRY_UOM/&gt;&#13;
                &lt;ENTRY_UOM_ISO/&gt;&#13;
                &lt;PO_PR_QNT/&gt;&#13;
                &lt;ORDERPR_UN/&gt;&#13;
                &lt;ORDERPR_UN_ISO/&gt;&#13;
                &lt;PO_NUMBER/&gt;&#13;
                &lt;PO_ITEM/&gt;&#13;
                &lt;SHIPPING/&gt;&#13;
                &lt;COMP_SHIP/&gt;&#13;
                &lt;NO_MORE_GR/&gt;&#13;
                &lt;ITEM_TEXT/&gt;&#13;
                &lt;GR_RCPT/&gt;&#13;
                &lt;UNLOAD_PT/&gt;&#13;
                &lt;COSTCENTER/&gt;&#13;
                &lt;ORDERID/&gt;&#13;
                &lt;ORDER_ITNO/&gt;&#13;
                &lt;CALC_MOTIVE/&gt;&#13;
                &lt;ASSET_NO/&gt;&#13;
                &lt;SUB_NUMBER/&gt;&#13;
                &lt;RESERV_NO/&gt;&#13;
                &lt;RES_ITEM/&gt;&#13;
                &lt;RES_TYPE/&gt;&#13;
                &lt;WITHDRAWN/&gt;&#13;
                &lt;MOVE_MAT/&gt;&#13;
                &lt;MOVE_PLANT/&gt;&#13;
                &lt;MOVE_STLOC/&gt;&#13;
                &lt;MOVE_BATCH/&gt;&#13;
                &lt;MOVE_VAL_TYPE/&gt;&#13;
                &lt;MVT_IND/&gt;&#13;
                &lt;MOVE_REAS/&gt;&#13;
                &lt;RL_EST_KEY/&gt;&#13;
                &lt;REF_DATE/&gt;&#13;
                &lt;COST_OBJ/&gt;&#13;
                &lt;PROFIT_SEGM_NO/&gt;&#13;
                &lt;PROFIT_CTR/&gt;&#13;
                &lt;WBS_ELEM/&gt;&#13;
                &lt;NETWORK/&gt;&#13;
                &lt;ACTIVITY/&gt;&#13;
                &lt;PART_ACCT/&gt;&#13;
                &lt;AMOUNT_LC/&gt;&#13;
                &lt;AMOUNT_SV/&gt;&#13;
                &lt;CURRENCY/&gt;&#13;
                &lt;CURRENCY_ISO/&gt;&#13;
                &lt;REF_DOC_YR/&gt;&#13;
                &lt;REF_DOC/&gt;&#13;
                &lt;REF_DOC_IT/&gt;&#13;
                &lt;EXPIRYDATE/&gt;&#13;
                &lt;PROD_DATE/&gt;&#13;
                &lt;FUND/&gt;&#13;
                &lt;FUNDS_CTR/&gt;&#13;
                &lt;CMMT_ITEM/&gt;&#13;
                &lt;VAL_SALES_ORD/&gt;&#13;
                &lt;VAL_S_ORD_ITEM/&gt;&#13;
                &lt;VAL_WBS_ELEM/&gt;&#13;
                &lt;CO_BUSPROC/&gt;&#13;
                &lt;ACTTYPE/&gt;&#13;
                &lt;SUPPL_VEND/&gt;&#13;
                &lt;X_AUTO_CRE/&gt;&#13;
                &lt;MATERIAL_EXTERNAL/&gt;&#13;
                &lt;MATERIAL_GUID/&gt;&#13;
                &lt;MATERIAL_VERSION/&gt;&#13;
                &lt;MOVE_MAT_EXTERNAL/&gt;&#13;
                &lt;MOVE_MAT_GUID/&gt;&#13;
                &lt;MOVE_MAT_VERSION/&gt;&#13;
                &lt;GRANT_NBR/&gt;&#13;
                &lt;CMMT_ITEM_LONG/&gt;&#13;
                &lt;FUNC_AREA_LONG/&gt;&#13;
                &lt;LINE_ID/&gt;&#13;
                &lt;PARENT_ID/&gt;&#13;
                &lt;LINE_DEPTH/&gt;&#13;
                &lt;BUDGET_PERIOD/&gt;&#13;
                &lt;EARMARKED_NUMBER/&gt;&#13;
                &lt;EARMARKED_ITEM/&gt;&#13;
            &lt;/item&gt;</Output><Break>false</Break><ItemCount>0</ItemCount><CurrentItem>0</CurrentItem><Source>Interface_Detail.Response{/BAPI_PRODORDCONF_GETDETAIL/TABLES/GOODSMOVEMENTS/item}</Source><Item><ReferenceDocumentSource/>&lt;?xml version="1.0" encoding="UTF-8"?&gt;&lt;item&gt;&#13;
                &lt;MAT_DOC/&gt;&#13;
                &lt;DOC_YEAR/&gt;&#13;
                &lt;MATDOC_ITM/&gt;&#13;
                &lt;MATERIAL/&gt;&#13;
                &lt;PLANT/&gt;&#13;
                &lt;STGE_LOC/&gt;&#13;
                &lt;BATCH/&gt;&#13;
                &lt;MOVE_TYPE/&gt;&#13;
                &lt;STCK_TYPE/&gt;&#13;
                &lt;SPEC_STOCK/&gt;&#13;
                &lt;VENDOR/&gt;&#13;
                &lt;CUSTOMER/&gt;&#13;
                &lt;SALES_ORD/&gt;&#13;
                &lt;S_ORD_ITEM/&gt;&#13;
                &lt;SCHED_LINE/&gt;&#13;
                &lt;VAL_TYPE/&gt;&#13;
                &lt;ENTRY_QNT/&gt;&#13;
                &lt;ENTRY_UOM/&gt;&#13;
                &lt;ENTRY_UOM_ISO/&gt;&#13;
                &lt;PO_PR_QNT/&gt;&#13;
                &lt;ORDERPR_UN/&gt;&#13;
                &lt;ORDERPR_UN_ISO/&gt;&#13;
                &lt;PO_NUMBER/&gt;&#13;
                &lt;PO_ITEM/&gt;&#13;
                &lt;SHIPPING/&gt;&#13;
                &lt;COMP_SHIP/&gt;&#13;
                &lt;NO_MORE_GR/&gt;&#13;
                &lt;ITEM_TEXT/&gt;&#13;
                &lt;GR_RCPT/&gt;&#13;
                &lt;UNLOAD_PT/&gt;&#13;
                &lt;COSTCENTER/&gt;&#13;
                &lt;ORDERID/&gt;&#13;
                &lt;ORDER_ITNO/&gt;&#13;
                &lt;CALC_MOTIVE/&gt;&#13;
                &lt;ASSET_NO/&gt;&#13;
                &lt;SUB_NUMBER/&gt;&#13;
                &lt;RESERV_NO/&gt;&#13;
                &lt;RES_ITEM/&gt;&#13;
                &lt;RES_TYPE/&gt;&#13;
                &lt;WITHDRAWN/&gt;&#13;
                &lt;MOVE_MAT/&gt;&#13;
                &lt;MOVE_PLANT/&gt;&#13;
                &lt;MOVE_STLOC/&gt;&#13;
                &lt;MOVE_BATCH/&gt;&#13;
                &lt;MOVE_VAL_TYPE/&gt;&#13;
                &lt;MVT_IND/&gt;&#13;
                &lt;MOVE_REAS/&gt;&#13;
                &lt;RL_EST_KEY/&gt;&#13;
                &lt;REF_DATE/&gt;&#13;
                &lt;COST_OBJ/&gt;&#13;
                &lt;PROFIT_SEGM_NO/&gt;&#13;
                &lt;PROFIT_CTR/&gt;&#13;
                &lt;WBS_ELEM/&gt;&#13;
                &lt;NETWORK/&gt;&#13;
                &lt;ACTIVITY/&gt;&#13;
                &lt;PART_ACCT/&gt;&#13;
                &lt;AMOUNT_LC/&gt;&#13;
                &lt;AMOUNT_SV/&gt;&#13;
                &lt;CURRENCY/&gt;&#13;
                &lt;CURRENCY_ISO/&gt;&#13;
                &lt;REF_DOC_YR/&gt;&#13;
                &lt;REF_DOC/&gt;&#13;
                &lt;REF_DOC_IT/&gt;&#13;
                &lt;EXPIRYDATE/&gt;&#13;
                &lt;PROD_DATE/&gt;&#13;
                &lt;FUND/&gt;&#13;
                &lt;FUNDS_CTR/&gt;&#13;
                &lt;CMMT_ITEM/&gt;&#13;
                &lt;VAL_SALES_ORD/&gt;&#13;
                &lt;VAL_S_ORD_ITEM/&gt;&#13;
                &lt;VAL_WBS_ELEM/&gt;&#13;
                &lt;CO_BUSPROC/&gt;&#13;
                &lt;ACTTYPE/&gt;&#13;
                &lt;SUPPL_VEND/&gt;&#13;
                &lt;X_AUTO_CRE/&gt;&#13;
                &lt;MATERIAL_EXTERNAL/&gt;&#13;
                &lt;MATERIAL_GUID/&gt;&#13;
                &lt;MATERIAL_VERSION/&gt;&#13;
                &lt;MOVE_MAT_EXTERNAL/&gt;&#13;
                &lt;MOVE_MAT_GUID/&gt;&#13;
                &lt;MOVE_MAT_VERSION/&gt;&#13;
                &lt;GRANT_NBR/&gt;&#13;
                &lt;CMMT_ITEM_LONG/&gt;&#13;
                &lt;FUNC_AREA_LONG/&gt;&#13;
                &lt;LINE_ID/&gt;&#13;
                &lt;PARENT_ID/&gt;&#13;
                &lt;LINE_DEPTH/&gt;&#13;
                &lt;BUDGET_PERIOD/&gt;&#13;
                &lt;EARMARKED_NUMBER/&gt;&#13;
                &lt;EARMARKED_ITEM/&gt;&#13;
            &lt;/item&gt;</Item></Value><SchemaURI/><SchemaElement/><ValidateXMLOnExecution>1</ValidateXMLOnExecution><SchemaURI/><SchemaElement/><ValidateXMLOnExecution>1</ValidateXMLOnExecution><ReadOnly>false</ReadOnly><AlertXMLAssigned>false</AlertXMLAssigned></ContextItem><ContextItem><Name>ShowGM</Name><Description/><MinRange>0</MinRange><MaxRange>0</MaxRange><Value xsi:type="Tracer"><Message/><Level>INFO</Level></Value><ReadOnly>false</ReadOnly><AlertXMLAssigned>false</AlertXMLAssigned></ContextItem><ContextItem><Name>RepeatOnFGM</Name><Description/><MinRange>0</MinRange><MaxRange>0</MaxRange><Value xsi:type="RepeaterAction"><Output><ReferenceDocumentSource/>&lt;?xml version="1.0" encoding="UTF-8"?&gt;&lt;item&gt;&#13;
                &lt;DOC_NO/&gt;&#13;
                &lt;DOC_ITM/&gt;&#13;
                &lt;CREATED_BY/&gt;&#13;
                &lt;CREATED_DATE/&gt;&#13;
                &lt;CREATED_TIME/&gt;&#13;
                &lt;FAILED_DATE/&gt;&#13;
                &lt;FAILED_TIME/&gt;&#13;
                &lt;MSG_ID/&gt;&#13;
                &lt;MSG_NO/&gt;&#13;
                &lt;MSG_TYPE/&gt;&#13;
                &lt;MSG_V1/&gt;&#13;
                &lt;MSG_V2/&gt;&#13;
                &lt;MSG_V3/&gt;&#13;
                &lt;MSG_V4/&gt;&#13;
                &lt;PSTNG_DATE/&gt;&#13;
                &lt;DOC_DATE/&gt;&#13;
                &lt;EXPIRYDATE/&gt;&#13;
                &lt;MATERIAL/&gt;&#13;
                &lt;PLANT/&gt;&#13;
                &lt;STGE_LOC/&gt;&#13;
                &lt;BATCH/&gt;&#13;
                &lt;MOVE_TYPE/&gt;&#13;
                &lt;STCK_TYPE/&gt;&#13;
                &lt;SPEC_STOCK/&gt;&#13;
                &lt;VENDOR/&gt;&#13;
                &lt;SALES_ORD/&gt;&#13;
                &lt;S_ORD_ITEM/&gt;&#13;
                &lt;SCHED_LINE/&gt;&#13;
                &lt;ENTRY_UOM/&gt;&#13;
                &lt;ENTRY_UOM_ISO/&gt;&#13;
                &lt;ENTRY_QNT/&gt;&#13;
                &lt;NO_MORE_GR/&gt;&#13;
                &lt;GR_RCPT/&gt;&#13;
                &lt;UNLOAD_PT/&gt;&#13;
                &lt;ORDERID/&gt;&#13;
                &lt;ORDERID_ITNO/&gt;&#13;
                &lt;CALC_MOTIVE/&gt;&#13;
                &lt;RESERV_NO/&gt;&#13;
                &lt;RES_ITEM/&gt;&#13;
                &lt;RES_TYPE/&gt;&#13;
                &lt;WITHDRAWN/&gt;&#13;
                &lt;MVT_IND/&gt;&#13;
                &lt;MATERIAL_EXTERNAL/&gt;&#13;
                &lt;MATERIAL_GUID/&gt;&#13;
                &lt;MATERIAL_VERSION/&gt;&#13;
            &lt;/item&gt;</Output><Break>false</Break><ItemCount>0</ItemCount><CurrentItem>0</CurrentItem><Source>Interface_Detail.Response{/BAPI_PRODORDCONF_GETDETAIL/TABLES/FAILEDGMOVES/item}</Source><Item><ReferenceDocumentSource/>&lt;?xml version="1.0" encoding="UTF-8"?&gt;&lt;item&gt;&#13;
                &lt;DOC_NO/&gt;&#13;
                &lt;DOC_ITM/&gt;&#13;
                &lt;CREATED_BY/&gt;&#13;
                &lt;CREATED_DATE/&gt;&#13;
                &lt;CREATED_TIME/&gt;&#13;
                &lt;FAILED_DATE/&gt;&#13;
                &lt;FAILED_TIME/&gt;&#13;
                &lt;MSG_ID/&gt;&#13;
                &lt;MSG_NO/&gt;&#13;
                &lt;MSG_TYPE/&gt;&#13;
                &lt;MSG_V1/&gt;&#13;
                &lt;MSG_V2/&gt;&#13;
                &lt;MSG_V3/&gt;&#13;
                &lt;MSG_V4/&gt;&#13;
                &lt;PSTNG_DATE/&gt;&#13;
                &lt;DOC_DATE/&gt;&#13;
                &lt;EXPIRYDATE/&gt;&#13;
                &lt;MATERIAL/&gt;&#13;
                &lt;PLANT/&gt;&#13;
                &lt;STGE_LOC/&gt;&#13;
                &lt;BATCH/&gt;&#13;
                &lt;MOVE_TYPE/&gt;&#13;
                &lt;STCK_TYPE/&gt;&#13;
                &lt;SPEC_STOCK/&gt;&#13;
                &lt;VENDOR/&gt;&#13;
                &lt;SALES_ORD/&gt;&#13;
                &lt;S_ORD_ITEM/&gt;&#13;
                &lt;SCHED_LINE/&gt;&#13;
                &lt;ENTRY_UOM/&gt;&#13;
                &lt;ENTRY_UOM_ISO/&gt;&#13;
                &lt;ENTRY_QNT/&gt;&#13;
                &lt;NO_MORE_GR/&gt;&#13;
                &lt;GR_RCPT/&gt;&#13;
                &lt;UNLOAD_PT/&gt;&#13;
                &lt;ORDERID/&gt;&#13;
                &lt;ORDERID_ITNO/&gt;&#13;
                &lt;CALC_MOTIVE/&gt;&#13;
                &lt;RESERV_NO/&gt;&#13;
                &lt;RES_ITEM/&gt;&#13;
                &lt;RES_TYPE/&gt;&#13;
                &lt;WITHDRAWN/&gt;&#13;
                &lt;MVT_IND/&gt;&#13;
                &lt;MATERIAL_EXTERNAL/&gt;&#13;
                &lt;MATERIAL_GUID/&gt;&#13;
                &lt;MATERIAL_VERSION/&gt;&#13;
            &lt;/item&gt;</Item></Value><SchemaURI/><SchemaElement/><ValidateXMLOnExecution>1</ValidateXMLOnExecution><SchemaURI/><SchemaElement/><ValidateXMLOnExecution>1</ValidateXMLOnExecution><ReadOnly>false</ReadOnly><AlertXMLAssigned>false</AlertXMLAssigned></ContextItem><ContextItem><Name>AssignFGM</Name><Description/><MinRange>0</MinRange><MaxRange>0</MaxRange><Value xsi:type="Assignment"/><ReadOnly>false</ReadOnly><AlertXMLAssigned>false</AlertXMLAssigned></ContextItem><ContextItem><Name>ShowFGM</Name><Description/><MinRange>0</MinRange><MaxRange>0</MaxRange><Value xsi:type="Tracer"><Message/><Level>INFO</Level></Value><ReadOnly>false</ReadOnly><AlertXMLAssigned>false</AlertXMLAssigned></ContextItem><ContextItem><Name>debug_1</Name><Description/><MinRange>0</MinRange><MaxRange>0</MaxRange><Value xsi:type="ConditionalAction"><Output>false</Output><InputCount>1</InputCount><LogicalAnd>false</LogicalAnd><Input1>false</Input1></Value><ReadOnly>false</ReadOnly><AlertXMLAssigned>false</AlertXMLAssigned></ContextItem><ContextItem><Name>debug_2</Name><Description/><MinRange>0</MinRange><MaxRange>0</MaxRange><Value xsi:type="ConditionalAction"><Output>false</Output><InputCount>1</InputCount><LogicalAnd>false</LogicalAnd><Input1>false</Input1></Value><ReadOnly>false</ReadOnly><AlertXMLAssigned>false</AlertXMLAssigned></ContextItem><ContextItem><Name>debug_3</Name><Description/><MinRange>0</MinRange><MaxRange>0</MaxRange><Value xsi:type="ConditionalAction"><Output>false</Output><InputCount>1</InputCount><LogicalAnd>false</LogicalAnd><Input1>false</Input1></Value><ReadOnly>false</ReadOnly><AlertXMLAssigned>false</AlertXMLAssigned></ContextItem><ContextItem><Name>debug_4</Name><Description/><MinRange>0</MinRange><MaxRange>0</MaxRange><Value xsi:type="ConditionalAction"><Output>false</Output><InputCount>1</InputCount><LogicalAnd>false</LogicalAnd><Input1>false</Input1></Value><ReadOnly>false</ReadOnly><AlertXMLAssigned>false</AlertXMLAssigned></ContextItem></Actions><ReaderRoles>SAP_XMII_Super_Administrator,SAP_XMII_Administrator,SAP_XMII_Developer,SAP_XMII_User</ReaderRoles><Steps><Step xsi:type="ActionSequence"><Name>Sequence_9</Name><Description/><Steps><Step xsi:type="ActionSequence"><Name>Sequence_12</Name><Description/><Steps><Step xsi:type="ActionSequence"><Name>Sequence_8</Name><Description/><Steps><Step xsi:type="ActionSequence"><Name>Sequence_18</Name><Description/><Steps><Step xsi:type="Repeater"><Name>Sequence_0</Name><Description/><Steps><Step xsi:type="ActionSequence"><Name>Sequence_19</Name><Description/><Steps><Step xsi:type="Conditional"><Name>Sequence_17</Name><Description/><Steps><Step xsi:type="ActionSequence"><Name>Sequence_21</Name><Description/><Steps/><Actions><Action><Name>AssignConf</Name><Description> </Description><IncomingLinks/><OutgoingLinks><Assign xsi:type="Assign"><Name/><Description/><To>Local.CONF_CNT</To><From>Transaction.CONF_CNT</From></Assign><Assign xsi:type="Assign"><Name/><Description/><To>Local.CONF_NO</To><From>Transaction.CONF_NO</From></Assign></OutgoingLinks></Action></Actions></Step><Step xsi:type="ActionSequence"><Name>Sequence_22</Name><Description/><Steps/><Actions><Action><Name>AssignCurrent</Name><Description> </Description><IncomingLinks/><OutgoingLinks><Assign xsi:type="Assign"><Name/><Description/><To>Local.CONF_CNT</To><From>RepeatOnConf.Output{/item/CONF_CNT}</From></Assign><Assign xsi:type="Assign"><Name/><Description/><To>Local.CONF_NO</To><From>RepeatOnConf.Output{/item/CONF_NO}</From></Assign></OutgoingLinks></Action></Actions></Step></Steps><Actions><Action><Name>SetFilter</Name><Description> </Description><IncomingLinks><Assign xsi:type="Assign"><Name/><Description/><To>SetFilter.Input1</To><From>stringif(Transaction.CONF_NO!="",1,0)</From></Assign><Assign xsi:type="Assign"><Name/><Description/><To>SetFilter.Input2</To><From>stringif(Transaction.CONF_CNT!="",1,0)</From></Assign></IncomingLinks><OutgoingLinks/></Action></Actions></Step><Step xsi:type="Conditional"><Name>Sequence_20</Name><Description/><Steps><Step xsi:type="ActionSequence"><Name>Sequence_1</Name><Description/><Steps><Step xsi:type="Conditional"><Name>Sequence_25</Name><Description/><Steps><Step xsi:type="ActionSequence"><Name>Sequence_24</Name><Description/><Steps/><Actions><Action><Name>ShowConf</Name><Description> </Description><IncomingLinks><Assign xsi:type="Assign"><Name/><Description/><To>ShowConf.Message</To><From>" &gt;&gt; ITEM" &amp;RepeatOnConf.CurrentItem &amp; " of " &amp; RepeatOnConf.ItemCount &amp;  " -- CONF NO: " &amp; RepeatOnConf.Output{/item/CONF_NO} &amp; "-" &amp; RepeatOnConf.Output{/item/CONF_CNT} 
&amp; " -- ORDER: " &amp; RepeatOnConf.Output{/item/ORDERID} 
&amp; " --  SEQUENCE: " &amp; RepeatOnConf.Output{/item/SEQUENCE}
&amp; " -- OPERATION: " &amp; RepeatOnConf.Output{/item/OPERATION} 
&amp; " -- SUBOPERATION: " &amp; RepeatOnConf.Output{/item/SUBOPERATION} 
&amp; " -- TYPE: " &amp; RepeatOnConf.Output{/item/RECORDTYPE} 
&amp; " -- BY: " &amp; RepeatOnConf.Output{/item/CREATED_BY} 
&amp; " -- ON: " &amp; RepeatOnConf.Output{/item/CREATED_DATE} &amp; "  " &amp; RepeatOnConf.Output{/item/CREATED_TIME}
&amp; " -- FINAL : " &amp; RepeatOnConf.Output{/item/FIN_CONF}
&amp; " -- REVERSED: " &amp; RepeatOnConf.Output{/item/REVERSED}
&amp; " -- REV CNT: " &amp; RepeatOnConf.Output{/item/REV_CONF_CNT}
&amp; " -- TXT: " &amp; RepeatOnConf.Output{/item/CONF_TEXT}
&amp; " -- EX IDENT: " &amp; RepeatOnConf.Output{/item/EX_IDENT}</From></Assign></IncomingLinks><OutgoingLinks/></Action></Actions></Step></Steps><Actions><Action><Name>debug_0</Name><Description> </Description><IncomingLinks><Assign xsi:type="Assign"><Name/><Description/><To>debug_0.Input1</To><From>Local.debug</From></Assign></IncomingLinks><OutgoingLinks/></Action></Actions></Step><Step xsi:type="ActionSequence"><Name>Sequence_2</Name><Description/><Steps><Step xsi:type="Conditional"><Name>Sequence_27</Name><Description/><Steps><Step xsi:type="ActionSequence"><Name>Sequence_26</Name><Description/><Steps/><Actions><Action><Name>ShowDetail</Name><Description> </Description><IncomingLinks><Assign xsi:type="Assign"><Name/><Description/><To>ShowDetail.Message</To><From>" &gt;&gt; YIELD: " &amp; Interface_Detail.Response{/BAPI_PRODORDCONF_GETDETAIL/OUTPUT/CONF_DETAIL/YIELD} &amp; 
" -- SCRAP: " &amp; Interface_Detail.Response{/BAPI_PRODORDCONF_GETDETAIL/OUTPUT/CONF_DETAIL/SCRAP} &amp; 
" -- REWORK : " &amp; Interface_Detail.Response{/BAPI_PRODORDCONF_GETDETAIL/OUTPUT/CONF_DETAIL/REWORK} &amp; 
" -- WRK CTR: " &amp; Interface_Detail.Response{/BAPI_PRODORDCONF_GETDETAIL/OUTPUT/CONF_DETAIL/WORK_CNTR} &amp;
" -- ACT 1: " &amp; Interface_Detail.Response{/BAPI_PRODORDCONF_GETDETAIL/OUTPUT/CONF_DETAIL/CONF_ACTIVITY1}</From></Assign></IncomingLinks><OutgoingLinks/></Action></Actions></Step></Steps><Actions><Action><Name>debug_1</Name><Description> </Description><IncomingLinks><Assign xsi:type="Assign"><Name/><Description/><To>debug_1.Input1</To><From>Local.debug</From></Assign></IncomingLinks><OutgoingLinks/></Action></Actions></Step><Step xsi:type="ActionSequence"><Name>Sequence_3</Name><Description/><Steps><Step xsi:type="Repeater"><Name>Sequence_4</Name><Description/><Steps><Step xsi:type="Conditional"><Name>Sequence_23</Name><Description/><Steps><Step xsi:type="ActionSequence"><Name>Sequence_6</Name><Description/><Steps/><Actions><Action><Name>ShowGM</Name><Description> </Description><IncomingLinks><Assign xsi:type="Assign"><Name/><Description/><To>ShowGM.Message</To><From>" &gt;&gt; GM OK " &amp; RepeatOnGM.CurrentItem &amp; " of " &amp; RepeatOnGM.ItemCount &amp; 
" -- MAT: " &amp; RepeatOnGM.Output{/item/MATERIAL} &amp; 
" -- SLOC: " &amp; RepeatOnGM.Output{/item/STGE_LOC} &amp; 
" -- BATCH: " &amp; RepeatOnGM.Output{/item/BATCH} &amp; 
" -- MVE TYPE: " &amp; RepeatOnGM.Output{/item/MOVE_TYPE} &amp; 
" -- RES NO: " &amp; RepeatOnGM.Output{/item/RESERV_NO} &amp; 
" -- RES ITEM: " &amp; RepeatOnGM.Output{/item/RES_ITEM} &amp; 
" -- MVT IND: " &amp; RepeatOnGM.Output{/item/MVT_IND}</From></Assign></IncomingLinks><OutgoingLinks/></Action></Actions></Step></Steps><Actions><Action><Name>debug_2</Name><Description> </Description><IncomingLinks><Assign xsi:type="Assign"><Name/><Description/><To>debug_2.Input1</To><From>Local.debug</From></Assign></IncomingLinks><OutgoingLinks/></Action></Actions></Step></Steps><Actions><Action><Name>RepeatOnGM</Name><Description> </Description><IncomingLinks/><OutgoingLinks/></Action></Actions></Step><Step xsi:type="Repeater"><Name>Sequence_5</Name><Description/><Steps><Step xsi:type="ActionSequence"><Name>Sequence_13</Name><Description/><Steps><Step xsi:type="Conditional"><Name>Sequence_28</Name><Description/><Steps><Step xsi:type="ActionSequence"><Name>Sequence_7</Name><Description/><Steps/><Actions><Action><Name>ShowFGM</Name><Description> </Description><IncomingLinks><Assign xsi:type="Assign"><Name/><Description/><To>ShowFGM.Message</To><From>" FAILED GM (" &amp; RepeatOnFGM.Output{/item/MSG_V1} &amp; ") " &amp; 
RepeatOnFGM.CurrentItem &amp; " of " &amp; RepeatOnFGM.ItemCount &amp; 
" -- MAT: " &amp; RepeatOnFGM.Output{/item/MATERIAL} &amp;
" -- SLOC: " &amp; RepeatOnFGM.Output{/item/STGE_LOC} &amp; 
" -- BATCH: " &amp; RepeatOnFGM.Output{/item/BATCH} &amp;
" -- MVE TYPE: " &amp; RepeatOnFGM.Output{/item/MOVE_TYPE} &amp; 
" -- RES NO: " &amp; RepeatOnFGM.Output{/item/RESERV_NO} &amp;
" -- RES ITEM: " &amp; RepeatOnFGM.Output{/item/RES_ITEM} &amp;
" -- MVT IND: " &amp; RepeatOnFGM.Output{/item/MVT_IND}</From></Assign></IncomingLinks><OutgoingLinks/></Action></Actions></Step></Steps><Actions><Action><Name>debug_3</Name><Description> </Description><IncomingLinks><Assign xsi:type="Assign"><Name/><Description/><To>debug_3.Input1</To><From>Local.debug</From></Assign></IncomingLinks><OutgoingLinks/></Action></Actions></Step></Steps><Actions><Action><Name>AssignFGM</Name><Description> </Description><IncomingLinks/><OutgoingLinks><Assign xsi:type="AppendXml"><Name/><Description/><To>DocumentFGM.Output{/Rowsets}</To><From>RepeatOnFGM.Output{/item}</From></Assign></OutgoingLinks></Action></Actions></Step></Steps><Actions><Action><Name>RepeatOnFGM</Name><Description> </Description><IncomingLinks/><OutgoingLinks/></Action></Actions></Step></Steps><Actions/></Step></Steps><Actions><Action><Name>Interface_Detail</Name><Description> </Description><IncomingLinks><Assign xsi:type="Assign"><Name/><Description/><To>Interface_Detail.ConnPropAlias</To><From>Transaction.SAP_SERVER</From></Assign><Assign xsi:type="Assign"><Name/><Description/><To>Interface_Detail.CredentialAlias</To><From>Transaction.SAP_CREDENTIALS</From></Assign><Assign xsi:type="Assign"><Name/><Description/><To>Interface_Detail.Request{/BAPI_PRODORDCONF_GETDETAIL/INPUT/CONFIRMATION}</To><From>RepeatOnConf.Output{/item/CONF_NO}</From></Assign><Assign xsi:type="Assign"><Name/><Description/><To>Interface_Detail.Request{/BAPI_PRODORDCONF_GETDETAIL/INPUT/CONFIRMATIONCOUNTER}</To><From>RepeatOnConf.Output{/item/CONF_CNT}</From></Assign></IncomingLinks><OutgoingLinks/></Action></Actions></Step></Steps><Actions/></Step></Steps><Actions><Action><Name>ChkFilter</Name><Description> </Description><IncomingLinks><Assign xsi:type="Assign"><Name/><Description/><To>ChkFilter.Input1</To><From>stringif(Local.CONF_NO == RepeatOnConf.Output{/item/CONF_NO},1,0)</From></Assign><Assign xsi:type="Assign"><Name/><Description/><To>ChkFilter.Input2</To><From>stringif(Local.CONF_CNT == RepeatOnConf.Output{/item/CONF_CNT},1,0)</From></Assign></IncomingLinks><OutgoingLinks/></Action></Actions></Step></Steps><Actions/></Step></Steps><Actions><Action><Name>RepeatOnConf</Name><Description> </Description><IncomingLinks/><OutgoingLinks/></Action></Actions></Step></Steps><Actions><Action><Name>CONF_GETLIST</Name><Description> </Description><IncomingLinks><Assign xsi:type="Assign"><Name/><Description/><To>CONF_GETLIST.Request{/BAPI_PRODORDCONF_GETLIST/TABLES/ORDER_RANGE/item/SIGN}</To><From>"I"</From></Assign><Assign xsi:type="Assign"><Name/><Description/><To>CONF_GETLIST.Request{/BAPI_PRODORDCONF_GETLIST/TABLES/ORDER_RANGE/item/OPTION}</To><From>"EQ"</From></Assign><Assign xsi:type="Assign"><Name/><Description/><To>CONF_GETLIST.Request{/BAPI_PRODORDCONF_GETLIST/TABLES/ORDER_RANGE/item/LOW}</To><From>Transaction.WORK_ORDER</From></Assign><Assign xsi:type="Assign"><Name/><Description/><To>CONF_GETLIST.CredentialAlias</To><From>Transaction.SAP_CREDENTIALS</From></Assign><Assign xsi:type="Assign"><Name/><Description/><To>CONF_GETLIST.ConnPropAlias</To><From>Transaction.SAP_SERVER</From></Assign></IncomingLinks><OutgoingLinks><Assign xsi:type="AssignXml"><Name/><Description/><To>Local.RESP_CONF_LIST</To><From>CONF_GETLIST.Response</From></Assign></OutgoingLinks></Action></Actions></Step><Step xsi:type="Catch"><Name>Sequence_10</Name><Description/><Steps><Step xsi:type="ActionSequence"><Name>Sequence_11</Name><Description/><Steps/><Actions><Action><Name>ShowCatch_0</Name><Description> </Description><IncomingLinks><Assign xsi:type="Assign"><Name/><Description/><To>ShowCatch_0.Message</To><From>Catch_0.Message</From></Assign></IncomingLinks><OutgoingLinks/></Action></Actions></Step></Steps><Actions><Action><Name>Catch_0</Name><Description>Catches an exception</Description><IncomingLinks/><OutgoingLinks/></Action></Actions></Step></Steps><Actions><Action><Name>Exception_Enabler_0</Name><Description>Enables exceptions.</Description><IncomingLinks/><OutgoingLinks/></Action></Actions></Step><Step xsi:type="ActionSequence"><Name>Sequence_15</Name><Description/><Steps><Step xsi:type="Conditional"><Name>Sequence_16</Name><Description/><Steps><Step xsi:type="ActionSequence"><Name>Sequence_14</Name><Description/><Steps/><Actions><Action><Name>Show_XMLOUT</Name><Description> </Description><IncomingLinks><Assign xsi:type="Assign"><Name/><Description/><To>Show_XMLOUT.Message</To><From>Transaction.XML_OUT</From></Assign></IncomingLinks><OutgoingLinks/></Action></Actions></Step></Steps><Actions><Action><Name>debug_4</Name><Description> </Description><IncomingLinks><Assign xsi:type="Assign"><Name/><Description/><To>debug_4.Input1</To><From>Local.debug</From></Assign></IncomingLinks><OutgoingLinks/></Action></Actions></Step></Steps><Actions><Action><Name>Assign_XMLOUT</Name><Description> </Description><IncomingLinks/><OutgoingLinks><Assign xsi:type="AssignXml"><Name/><Description/><To>Transaction.XML_OUT</To><From>DocumentFGM.Output</From></Assign></OutgoingLinks></Action></Actions></Step></Steps><Actions><Action><Name>DocumentFGM</Name><Description> </Description><IncomingLinks/><OutgoingLinks/></Action></Actions></Step></Steps><Actions><Action><Name>ShowParam</Name><Description> </Description><IncomingLinks><Assign xsi:type="Assign"><Name/><Description/><To>ShowParam.Message</To><From>" &gt;&gt; SQL: " &amp; Transaction.SQL_SERVER &amp; " -- SAP SRV: " &amp; Transaction.SAP_SERVER &amp; " -- CRED: " &amp; Transaction.SAP_CREDENTIALS &amp; "  WO: " &amp; Transaction.WORK_ORDER &amp; " -- CONF NO: " &amp; Transaction.CONF_NO &amp; " -- CONF CNT: " &amp; Transaction.CONF_CNT</From></Assign></IncomingLinks><OutgoingLinks/></Action></Actions></Step></Steps></Transaction>