<?xml version="1.0" encoding="UTF-8"?><Transaction xmlns:xsd="http://www.w3.org/2001/XMLSchema" xmlns:xsi="http://www.w3.org/2001/XMLSchema-instance" Version="15.0.4.11"><TransactionAttributes><ContextItem><Name>AutoAppendBlankNamespaces</Name><Description>AutoAppendBlankNamespaces</Description><MinRange>0</MinRange><MaxRange>0</MaxRange><Value xsi:type="boolean">1</Value><ReadOnly>true</ReadOnly><AlertXMLAssigned>false</AlertXMLAssigned></ContextItem><ContextItem><Name>Category</Name><Description>Transaction Category</Description><MinRange>0</MinRange><MaxRange>0</MaxRange><Value xsi:type="string"/><ReadOnly>true</ReadOnly><AlertXMLAssigned>false</AlertXMLAssigned></ContextItem><ContextItem><Name>Comments</Name><Description>User Comments</Description><MinRange>0</MinRange><MaxRange>0</MaxRange><Value xsi:type="string"/><ReadOnly>true</ReadOnly><AlertXMLAssigned>false</AlertXMLAssigned></ContextItem><ContextItem><Name>CreatedBy</Name><Description>Created By</Description><MinRange>0</MinRange><MaxRange>0</MaxRange><Value xsi:type="string">RadPa</Value><ReadOnly>true</ReadOnly><AlertXMLAssigned>false</AlertXMLAssigned></ContextItem><ContextItem><Name>CreationDate</Name><Description>Creation Date</Description><MinRange>0</MinRange><MaxRange>0</MaxRange><Value xsi:type="dateTime">2016-07-12T16:37:31</Value><ReadOnly>true</ReadOnly><AlertXMLAssigned>false</AlertXMLAssigned></ContextItem><ContextItem><Name>Description</Name><Description>Transaction Description</Description><MinRange>0</MinRange><MaxRange>0</MaxRange><Value xsi:type="string"/><ReadOnly>true</ReadOnly><AlertXMLAssigned>false</AlertXMLAssigned></ContextItem><ContextItem><Name>FormatXMLOnConversion</Name><Description>By default XML will be formatted when assigned from XML data type to String data type. This behaviour can be changed with this flag.</Description><MinRange>0</MinRange><MaxRange>0</MaxRange><Value xsi:type="boolean">1</Value><ReadOnly>true</ReadOnly><AlertXMLAssigned>false</AlertXMLAssigned></ContextItem><ContextItem><Name>LastEditedBy</Name><Description>Last Edited By</Description><MinRange>0</MinRange><MaxRange>0</MaxRange><Value xsi:type="xsd:string">RadPa</Value><ReadOnly>true</ReadOnly><AlertXMLAssigned>false</AlertXMLAssigned></ContextItem><ContextItem><Name>LastEditedDate</Name><Description>Last Edited Date</Description><MinRange>0</MinRange><MaxRange>0</MaxRange><Value xsi:type="xsd:dateTime">2016-07-20T15:09:27</Value><ReadOnly>true</ReadOnly><AlertXMLAssigned>false</AlertXMLAssigned></ContextItem><ContextItem><Name>LegacyProcessingMode</Name><Description>Support the pre MII 12.1 Transaction Engine.</Description><MinRange>0</MinRange><MaxRange>0</MaxRange><Value xsi:type="boolean">0</Value><ReadOnly>true</ReadOnly><AlertXMLAssigned>false</AlertXMLAssigned></ContextItem><ContextItem><Name>Status</Name><Description>Deployment Status</Description><MinRange>0</MinRange><MaxRange>0</MaxRange><Value xsi:type="string">DEVELOPMENT</Value><ReadOnly>true</ReadOnly><AlertXMLAssigned>false</AlertXMLAssigned></ContextItem><ContextItem><Name>ThrowOnActionError</Name><Description>Throws an exception when an action error occurs</Description><MinRange>0</MinRange><MaxRange>0</MaxRange><Value xsi:type="boolean">1</Value><ReadOnly>true</ReadOnly><AlertXMLAssigned>false</AlertXMLAssigned></ContextItem><ContextItem><Name>ThrowOnLinkError</Name><Description>Throws an exception when a link error occures</Description><MinRange>0</MinRange><MaxRange>0</MaxRange><Value xsi:type="boolean">0</Value><ReadOnly>true</ReadOnly><AlertXMLAssigned>false</AlertXMLAssigned></ContextItem></TransactionAttributes><Name>MESM/ORDERS_CNF/TRANSACTIONS/getMatNrByHU</Name><Version>207</Version><WriterRoles>SAP_XMII_Super_Administrator,SAP_XMII_Administrator,SAP_XMII_Developer</WriterRoles><Context><ContextItem><Name>HU</Name><Description/><MinRange>0</MinRange><MaxRange>0</MaxRange><Value xsi:type="string">00000000001000001024</Value><ReadOnly>false</ReadOnly><AlertXMLAssigned>false</AlertXMLAssigned></ContextItem><ContextItem><Name>PLANT</Name><Description/><MinRange>0</MinRange><MaxRange>0</MaxRange><Value xsi:type="string">3602</Value><ReadOnly>false</ReadOnly><AlertXMLAssigned>false</AlertXMLAssigned></ContextItem><ContextItem><Name>SAP_CREDENTIALS</Name><Description/><MinRange>0</MinRange><MaxRange>0</MaxRange><Value xsi:type="string">SAP</Value><ReadOnly>false</ReadOnly><AlertXMLAssigned>false</AlertXMLAssigned></ContextItem><ContextItem><Name>SAP_SERVER</Name><Description/><MinRange>0</MinRange><MaxRange>0</MaxRange><Value xsi:type="string">SAP</Value><ReadOnly>false</ReadOnly><AlertXMLAssigned>false</AlertXMLAssigned></ContextItem><ContextItem><Name>SQL_SERVER</Name><Description/><MinRange>0</MinRange><MaxRange>0</MaxRange><Value xsi:type="string">MESM</Value><ReadOnly>false</ReadOnly><AlertXMLAssigned>false</AlertXMLAssigned></ContextItem><ContextItem><Name>XML_OUT</Name><Description/><MinRange>0</MinRange><MaxRange>0</MaxRange><Value xsi:type="xml"><ReferenceDocumentSource/>&lt;?xml version="1.0" encoding="UTF-8"?&gt;&lt;Rowsets DateCreated="2016-07-15T17:14:03" EndDate="2016-07-15T09:42:15" StartDate="2016-07-15T09:42:15" Version="15.0 SP4 Patch 11 (28-Aug-2015)"&gt;&#13;
    &lt;item&gt;&#13;
        &lt;DOC_NO&gt;0000000230&lt;/DOC_NO&gt;&#13;
        &lt;DOC_ITM&gt;00000001&lt;/DOC_ITM&gt;&#13;
        &lt;CREATED_BY&gt;MII_USER&lt;/CREATED_BY&gt;&#13;
        &lt;CREATED_DATE&gt;2016-07-13&lt;/CREATED_DATE&gt;&#13;
        &lt;CREATED_TIME&gt;10:32:55&lt;/CREATED_TIME&gt;&#13;
        &lt;FAILED_DATE&gt;2016-07-13&lt;/FAILED_DATE&gt;&#13;
        &lt;FAILED_TIME&gt;10:32:57&lt;/FAILED_TIME&gt;&#13;
        &lt;MSG_ID&gt;M7&lt;/MSG_ID&gt;&#13;
        &lt;MSG_NO&gt;018&lt;/MSG_NO&gt;&#13;
        &lt;MSG_TYPE&gt;E&lt;/MSG_TYPE&gt;&#13;
        &lt;MSG_V1&gt;Stor. Location&lt;/MSG_V1&gt;&#13;
        &lt;MSG_V2/&gt;&#13;
        &lt;MSG_V3/&gt;&#13;
        &lt;MSG_V4/&gt;&#13;
        &lt;PSTNG_DATE&gt;2016-07-13&lt;/PSTNG_DATE&gt;&#13;
        &lt;DOC_DATE&gt;2016-07-13&lt;/DOC_DATE&gt;&#13;
        &lt;EXPIRYDATE&gt;0000-00-00&lt;/EXPIRYDATE&gt;&#13;
        &lt;MATERIAL&gt;10041450A&lt;/MATERIAL&gt;&#13;
        &lt;PLANT&gt;3602&lt;/PLANT&gt;&#13;
        &lt;STGE_LOC/&gt;&#13;
        &lt;BATCH&gt;A&lt;/BATCH&gt;&#13;
        &lt;MOVE_TYPE&gt;101&lt;/MOVE_TYPE&gt;&#13;
        &lt;STCK_TYPE/&gt;&#13;
        &lt;SPEC_STOCK/&gt;&#13;
        &lt;VENDOR/&gt;&#13;
        &lt;SALES_ORD/&gt;&#13;
        &lt;S_ORD_ITEM&gt;000000&lt;/S_ORD_ITEM&gt;&#13;
        &lt;SCHED_LINE&gt;0000&lt;/SCHED_LINE&gt;&#13;
        &lt;ENTRY_UOM&gt;EA&lt;/ENTRY_UOM&gt;&#13;
        &lt;ENTRY_UOM_ISO&gt;EA&lt;/ENTRY_UOM_ISO&gt;&#13;
        &lt;ENTRY_QNT&gt;1.000&lt;/ENTRY_QNT&gt;&#13;
        &lt;NO_MORE_GR&gt;X&lt;/NO_MORE_GR&gt;&#13;
        &lt;GR_RCPT/&gt;&#13;
        &lt;UNLOAD_PT/&gt;&#13;
        &lt;ORDERID&gt;000000800124&lt;/ORDERID&gt;&#13;
        &lt;ORDERID_ITNO&gt;0001&lt;/ORDERID_ITNO&gt;&#13;
        &lt;CALC_MOTIVE/&gt;&#13;
        &lt;RESERV_NO&gt;0000000000&lt;/RESERV_NO&gt;&#13;
        &lt;RES_ITEM&gt;0000&lt;/RES_ITEM&gt;&#13;
        &lt;RES_TYPE/&gt;&#13;
        &lt;WITHDRAWN/&gt;&#13;
        &lt;MVT_IND&gt;F&lt;/MVT_IND&gt;&#13;
        &lt;MATERIAL_EXTERNAL/&gt;&#13;
        &lt;MATERIAL_GUID/&gt;&#13;
        &lt;MATERIAL_VERSION/&gt;&#13;
    &lt;/item&gt;&#13;
    &lt;item&gt;&#13;
        &lt;DOC_NO&gt;0000000230&lt;/DOC_NO&gt;&#13;
        &lt;DOC_ITM&gt;00000002&lt;/DOC_ITM&gt;&#13;
        &lt;CREATED_BY&gt;MII_USER&lt;/CREATED_BY&gt;&#13;
        &lt;CREATED_DATE&gt;2016-07-13&lt;/CREATED_DATE&gt;&#13;
        &lt;CREATED_TIME&gt;10:32:55&lt;/CREATED_TIME&gt;&#13;
        &lt;FAILED_DATE&gt;2016-07-13&lt;/FAILED_DATE&gt;&#13;
        &lt;FAILED_TIME&gt;10:32:58&lt;/FAILED_TIME&gt;&#13;
        &lt;MSG_ID&gt;M7&lt;/MSG_ID&gt;&#13;
        &lt;MSG_NO&gt;018&lt;/MSG_NO&gt;&#13;
        &lt;MSG_TYPE&gt;E&lt;/MSG_TYPE&gt;&#13;
        &lt;MSG_V1&gt;Batch&lt;/MSG_V1&gt;&#13;
        &lt;MSG_V2/&gt;&#13;
        &lt;MSG_V3/&gt;&#13;
        &lt;MSG_V4/&gt;&#13;
        &lt;PSTNG_DATE&gt;2016-07-13&lt;/PSTNG_DATE&gt;&#13;
        &lt;DOC_DATE&gt;2016-07-13&lt;/DOC_DATE&gt;&#13;
        &lt;EXPIRYDATE&gt;0000-00-00&lt;/EXPIRYDATE&gt;&#13;
        &lt;MATERIAL&gt;10019828&lt;/MATERIAL&gt;&#13;
        &lt;PLANT&gt;3602&lt;/PLANT&gt;&#13;
        &lt;STGE_LOC&gt;BGIN&lt;/STGE_LOC&gt;&#13;
        &lt;BATCH/&gt;&#13;
        &lt;MOVE_TYPE&gt;261&lt;/MOVE_TYPE&gt;&#13;
        &lt;STCK_TYPE/&gt;&#13;
        &lt;SPEC_STOCK/&gt;&#13;
        &lt;VENDOR/&gt;&#13;
        &lt;SALES_ORD/&gt;&#13;
        &lt;S_ORD_ITEM&gt;000000&lt;/S_ORD_ITEM&gt;&#13;
        &lt;SCHED_LINE&gt;0000&lt;/SCHED_LINE&gt;&#13;
        &lt;ENTRY_UOM&gt;EA&lt;/ENTRY_UOM&gt;&#13;
        &lt;ENTRY_UOM_ISO&gt;EA&lt;/ENTRY_UOM_ISO&gt;&#13;
        &lt;ENTRY_QNT&gt;8.000&lt;/ENTRY_QNT&gt;&#13;
        &lt;NO_MORE_GR/&gt;&#13;
        &lt;GR_RCPT/&gt;&#13;
        &lt;UNLOAD_PT/&gt;&#13;
        &lt;ORDERID&gt;000000800124&lt;/ORDERID&gt;&#13;
        &lt;ORDERID_ITNO&gt;0000&lt;/ORDERID_ITNO&gt;&#13;
        &lt;CALC_MOTIVE/&gt;&#13;
        &lt;RESERV_NO&gt;0000001358&lt;/RESERV_NO&gt;&#13;
        &lt;RES_ITEM&gt;0002&lt;/RES_ITEM&gt;&#13;
        &lt;RES_TYPE/&gt;&#13;
        &lt;WITHDRAWN&gt;X&lt;/WITHDRAWN&gt;&#13;
        &lt;MVT_IND/&gt;&#13;
        &lt;MATERIAL_EXTERNAL/&gt;&#13;
        &lt;MATERIAL_GUID/&gt;&#13;
        &lt;MATERIAL_VERSION/&gt;&#13;
    &lt;/item&gt;&#13;
    &lt;item&gt;&#13;
        &lt;DOC_NO&gt;0000000230&lt;/DOC_NO&gt;&#13;
        &lt;DOC_ITM&gt;00000003&lt;/DOC_ITM&gt;&#13;
        &lt;CREATED_BY&gt;MII_USER&lt;/CREATED_BY&gt;&#13;
        &lt;CREATED_DATE&gt;2016-07-13&lt;/CREATED_DATE&gt;&#13;
        &lt;CREATED_TIME&gt;10:32:55&lt;/CREATED_TIME&gt;&#13;
        &lt;FAILED_DATE&gt;2016-07-13&lt;/FAILED_DATE&gt;&#13;
        &lt;FAILED_TIME&gt;10:32:58&lt;/FAILED_TIME&gt;&#13;
        &lt;MSG_ID&gt;M7&lt;/MSG_ID&gt;&#13;
        &lt;MSG_NO&gt;018&lt;/MSG_NO&gt;&#13;
        &lt;MSG_TYPE&gt;E&lt;/MSG_TYPE&gt;&#13;
        &lt;MSG_V1&gt;Batch&lt;/MSG_V1&gt;&#13;
        &lt;MSG_V2/&gt;&#13;
        &lt;MSG_V3/&gt;&#13;
        &lt;MSG_V4/&gt;&#13;
        &lt;PSTNG_DATE&gt;2016-07-13&lt;/PSTNG_DATE&gt;&#13;
        &lt;DOC_DATE&gt;2016-07-13&lt;/DOC_DATE&gt;&#13;
        &lt;EXPIRYDATE&gt;0000-00-00&lt;/EXPIRYDATE&gt;&#13;
        &lt;MATERIAL&gt;10020290A&lt;/MATERIAL&gt;&#13;
        &lt;PLANT&gt;3602&lt;/PLANT&gt;&#13;
        &lt;STGE_LOC&gt;BGIN&lt;/STGE_LOC&gt;&#13;
        &lt;BATCH/&gt;&#13;
        &lt;MOVE_TYPE&gt;261&lt;/MOVE_TYPE&gt;&#13;
        &lt;STCK_TYPE/&gt;&#13;
        &lt;SPEC_STOCK/&gt;&#13;
        &lt;VENDOR/&gt;&#13;
        &lt;SALES_ORD/&gt;&#13;
        &lt;S_ORD_ITEM&gt;000000&lt;/S_ORD_ITEM&gt;&#13;
        &lt;SCHED_LINE&gt;0000&lt;/SCHED_LINE&gt;&#13;
        &lt;ENTRY_UOM&gt;EA&lt;/ENTRY_UOM&gt;&#13;
        &lt;ENTRY_UOM_ISO&gt;EA&lt;/ENTRY_UOM_ISO&gt;&#13;
        &lt;ENTRY_QNT&gt;2.000&lt;/ENTRY_QNT&gt;&#13;
        &lt;NO_MORE_GR/&gt;&#13;
        &lt;GR_RCPT/&gt;&#13;
        &lt;UNLOAD_PT/&gt;&#13;
        &lt;ORDERID&gt;000000800124&lt;/ORDERID&gt;&#13;
        &lt;ORDERID_ITNO&gt;0000&lt;/ORDERID_ITNO&gt;&#13;
        &lt;CALC_MOTIVE/&gt;&#13;
        &lt;RESERV_NO&gt;0000001358&lt;/RESERV_NO&gt;&#13;
        &lt;RES_ITEM&gt;0003&lt;/RES_ITEM&gt;&#13;
        &lt;RES_TYPE/&gt;&#13;
        &lt;WITHDRAWN&gt;X&lt;/WITHDRAWN&gt;&#13;
        &lt;MVT_IND/&gt;&#13;
        &lt;MATERIAL_EXTERNAL/&gt;&#13;
        &lt;MATERIAL_GUID/&gt;&#13;
        &lt;MATERIAL_VERSION/&gt;&#13;
    &lt;/item&gt;&#13;
    &lt;item&gt;&#13;
        &lt;DOC_NO&gt;0000000230&lt;/DOC_NO&gt;&#13;
        &lt;DOC_ITM&gt;00000004&lt;/DOC_ITM&gt;&#13;
        &lt;CREATED_BY&gt;MII_USER&lt;/CREATED_BY&gt;&#13;
        &lt;CREATED_DATE&gt;2016-07-13&lt;/CREATED_DATE&gt;&#13;
        &lt;CREATED_TIME&gt;10:32:55&lt;/CREATED_TIME&gt;&#13;
        &lt;FAILED_DATE&gt;2016-07-13&lt;/FAILED_DATE&gt;&#13;
        &lt;FAILED_TIME&gt;10:32:58&lt;/FAILED_TIME&gt;&#13;
        &lt;MSG_ID&gt;M7&lt;/MSG_ID&gt;&#13;
        &lt;MSG_NO&gt;018&lt;/MSG_NO&gt;&#13;
        &lt;MSG_TYPE&gt;E&lt;/MSG_TYPE&gt;&#13;
        &lt;MSG_V1&gt;Batch&lt;/MSG_V1&gt;&#13;
        &lt;MSG_V2/&gt;&#13;
        &lt;MSG_V3/&gt;&#13;
        &lt;MSG_V4/&gt;&#13;
        &lt;PSTNG_DATE&gt;2016-07-13&lt;/PSTNG_DATE&gt;&#13;
        &lt;DOC_DATE&gt;2016-07-13&lt;/DOC_DATE&gt;&#13;
        &lt;EXPIRYDATE&gt;0000-00-00&lt;/EXPIRYDATE&gt;&#13;
        &lt;MATERIAL&gt;10020280A&lt;/MATERIAL&gt;&#13;
        &lt;PLANT&gt;3602&lt;/PLANT&gt;&#13;
        &lt;STGE_LOC&gt;BGIN&lt;/STGE_LOC&gt;&#13;
        &lt;BATCH/&gt;&#13;
        &lt;MOVE_TYPE&gt;261&lt;/MOVE_TYPE&gt;&#13;
        &lt;STCK_TYPE/&gt;&#13;
        &lt;SPEC_STOCK/&gt;&#13;
        &lt;VENDOR/&gt;&#13;
        &lt;SALES_ORD/&gt;&#13;
        &lt;S_ORD_ITEM&gt;000000&lt;/S_ORD_ITEM&gt;&#13;
        &lt;SCHED_LINE&gt;0000&lt;/SCHED_LINE&gt;&#13;
        &lt;ENTRY_UOM&gt;EA&lt;/ENTRY_UOM&gt;&#13;
        &lt;ENTRY_UOM_ISO&gt;EA&lt;/ENTRY_UOM_ISO&gt;&#13;
        &lt;ENTRY_QNT&gt;1.000&lt;/ENTRY_QNT&gt;&#13;
        &lt;NO_MORE_GR/&gt;&#13;
        &lt;GR_RCPT/&gt;&#13;
        &lt;UNLOAD_PT/&gt;&#13;
        &lt;ORDERID&gt;000000800124&lt;/ORDERID&gt;&#13;
        &lt;ORDERID_ITNO&gt;0000&lt;/ORDERID_ITNO&gt;&#13;
        &lt;CALC_MOTIVE/&gt;&#13;
        &lt;RESERV_NO&gt;0000001358&lt;/RESERV_NO&gt;&#13;
        &lt;RES_ITEM&gt;0004&lt;/RES_ITEM&gt;&#13;
        &lt;RES_TYPE/&gt;&#13;
        &lt;WITHDRAWN&gt;X&lt;/WITHDRAWN&gt;&#13;
        &lt;MVT_IND/&gt;&#13;
        &lt;MATERIAL_EXTERNAL/&gt;&#13;
        &lt;MATERIAL_GUID/&gt;&#13;
        &lt;MATERIAL_VERSION/&gt;&#13;
    &lt;/item&gt;&#13;
    &lt;item&gt;&#13;
        &lt;DOC_NO&gt;0000000230&lt;/DOC_NO&gt;&#13;
        &lt;DOC_ITM&gt;00000005&lt;/DOC_ITM&gt;&#13;
        &lt;CREATED_BY&gt;MII_USER&lt;/CREATED_BY&gt;&#13;
        &lt;CREATED_DATE&gt;2016-07-13&lt;/CREATED_DATE&gt;&#13;
        &lt;CREATED_TIME&gt;10:32:55&lt;/CREATED_TIME&gt;&#13;
        &lt;FAILED_DATE&gt;2016-07-13&lt;/FAILED_DATE&gt;&#13;
        &lt;FAILED_TIME&gt;10:32:58&lt;/FAILED_TIME&gt;&#13;
        &lt;MSG_ID&gt;M7&lt;/MSG_ID&gt;&#13;
        &lt;MSG_NO&gt;018&lt;/MSG_NO&gt;&#13;
        &lt;MSG_TYPE&gt;E&lt;/MSG_TYPE&gt;&#13;
        &lt;MSG_V1&gt;Batch&lt;/MSG_V1&gt;&#13;
        &lt;MSG_V2/&gt;&#13;
        &lt;MSG_V3/&gt;&#13;
        &lt;MSG_V4/&gt;&#13;
        &lt;PSTNG_DATE&gt;2016-07-13&lt;/PSTNG_DATE&gt;&#13;
        &lt;DOC_DATE&gt;2016-07-13&lt;/DOC_DATE&gt;&#13;
        &lt;EXPIRYDATE&gt;0000-00-00&lt;/EXPIRYDATE&gt;&#13;
        &lt;MATERIAL&gt;10020281A&lt;/MATERIAL&gt;&#13;
        &lt;PLANT&gt;3602&lt;/PLANT&gt;&#13;
        &lt;STGE_LOC&gt;BGIN&lt;/STGE_LOC&gt;&#13;
        &lt;BATCH/&gt;&#13;
        &lt;MOVE_TYPE&gt;261&lt;/MOVE_TYPE&gt;&#13;
        &lt;STCK_TYPE/&gt;&#13;
        &lt;SPEC_STOCK/&gt;&#13;
        &lt;VENDOR/&gt;&#13;
        &lt;SALES_ORD/&gt;&#13;
        &lt;S_ORD_ITEM&gt;000000&lt;/S_ORD_ITEM&gt;&#13;
        &lt;SCHED_LINE&gt;0000&lt;/SCHED_LINE&gt;&#13;
        &lt;ENTRY_UOM&gt;EA&lt;/ENTRY_UOM&gt;&#13;
        &lt;ENTRY_UOM_ISO&gt;EA&lt;/ENTRY_UOM_ISO&gt;&#13;
        &lt;ENTRY_QNT&gt;1.000&lt;/ENTRY_QNT&gt;&#13;
        &lt;NO_MORE_GR/&gt;&#13;
        &lt;GR_RCPT/&gt;&#13;
        &lt;UNLOAD_PT/&gt;&#13;
        &lt;ORDERID&gt;000000800124&lt;/ORDERID&gt;&#13;
        &lt;ORDERID_ITNO&gt;0000&lt;/ORDERID_ITNO&gt;&#13;
        &lt;CALC_MOTIVE/&gt;&#13;
        &lt;RESERV_NO&gt;0000001358&lt;/RESERV_NO&gt;&#13;
        &lt;RES_ITEM&gt;0005&lt;/RES_ITEM&gt;&#13;
        &lt;RES_TYPE/&gt;&#13;
        &lt;WITHDRAWN&gt;X&lt;/WITHDRAWN&gt;&#13;
        &lt;MVT_IND/&gt;&#13;
        &lt;MATERIAL_EXTERNAL/&gt;&#13;
        &lt;MATERIAL_GUID/&gt;&#13;
        &lt;MATERIAL_VERSION/&gt;&#13;
    &lt;/item&gt;&#13;
    &lt;item&gt;&#13;
        &lt;DOC_NO&gt;0000000230&lt;/DOC_NO&gt;&#13;
        &lt;DOC_ITM&gt;00000006&lt;/DOC_ITM&gt;&#13;
        &lt;CREATED_BY&gt;MII_USER&lt;/CREATED_BY&gt;&#13;
        &lt;CREATED_DATE&gt;2016-07-13&lt;/CREATED_DATE&gt;&#13;
        &lt;CREATED_TIME&gt;10:32:55&lt;/CREATED_TIME&gt;&#13;
        &lt;FAILED_DATE&gt;2016-07-13&lt;/FAILED_DATE&gt;&#13;
        &lt;FAILED_TIME&gt;10:32:58&lt;/FAILED_TIME&gt;&#13;
        &lt;MSG_ID&gt;M7&lt;/MSG_ID&gt;&#13;
        &lt;MSG_NO&gt;018&lt;/MSG_NO&gt;&#13;
        &lt;MSG_TYPE&gt;E&lt;/MSG_TYPE&gt;&#13;
        &lt;MSG_V1&gt;Batch&lt;/MSG_V1&gt;&#13;
        &lt;MSG_V2/&gt;&#13;
        &lt;MSG_V3/&gt;&#13;
        &lt;MSG_V4/&gt;&#13;
        &lt;PSTNG_DATE&gt;2016-07-13&lt;/PSTNG_DATE&gt;&#13;
        &lt;DOC_DATE&gt;2016-07-13&lt;/DOC_DATE&gt;&#13;
        &lt;EXPIRYDATE&gt;0000-00-00&lt;/EXPIRYDATE&gt;&#13;
        &lt;MATERIAL&gt;10020288A&lt;/MATERIAL&gt;&#13;
        &lt;PLANT&gt;3602&lt;/PLANT&gt;&#13;
        &lt;STGE_LOC&gt;BGIN&lt;/STGE_LOC&gt;&#13;
        &lt;BATCH/&gt;&#13;
        &lt;MOVE_TYPE&gt;261&lt;/MOVE_TYPE&gt;&#13;
        &lt;STCK_TYPE/&gt;&#13;
        &lt;SPEC_STOCK/&gt;&#13;
        &lt;VENDOR/&gt;&#13;
        &lt;SALES_ORD/&gt;&#13;
        &lt;S_ORD_ITEM&gt;000000&lt;/S_ORD_ITEM&gt;&#13;
        &lt;SCHED_LINE&gt;0000&lt;/SCHED_LINE&gt;&#13;
        &lt;ENTRY_UOM&gt;EA&lt;/ENTRY_UOM&gt;&#13;
        &lt;ENTRY_UOM_ISO&gt;EA&lt;/ENTRY_UOM_ISO&gt;&#13;
        &lt;ENTRY_QNT&gt;2.000&lt;/ENTRY_QNT&gt;&#13;
        &lt;NO_MORE_GR/&gt;&#13;
        &lt;GR_RCPT/&gt;&#13;
        &lt;UNLOAD_PT/&gt;&#13;
        &lt;ORDERID&gt;000000800124&lt;/ORDERID&gt;&#13;
        &lt;ORDERID_ITNO&gt;0000&lt;/ORDERID_ITNO&gt;&#13;
        &lt;CALC_MOTIVE/&gt;&#13;
        &lt;RESERV_NO&gt;0000001358&lt;/RESERV_NO&gt;&#13;
        &lt;RES_ITEM&gt;0006&lt;/RES_ITEM&gt;&#13;
        &lt;RES_TYPE/&gt;&#13;
        &lt;WITHDRAWN&gt;X&lt;/WITHDRAWN&gt;&#13;
        &lt;MVT_IND/&gt;&#13;
        &lt;MATERIAL_EXTERNAL/&gt;&#13;
        &lt;MATERIAL_GUID/&gt;&#13;
        &lt;MATERIAL_VERSION/&gt;&#13;
    &lt;/item&gt;&#13;
    &lt;item&gt;&#13;
        &lt;DOC_NO&gt;0000000230&lt;/DOC_NO&gt;&#13;
        &lt;DOC_ITM&gt;00000007&lt;/DOC_ITM&gt;&#13;
        &lt;CREATED_BY&gt;MII_USER&lt;/CREATED_BY&gt;&#13;
        &lt;CREATED_DATE&gt;2016-07-13&lt;/CREATED_DATE&gt;&#13;
        &lt;CREATED_TIME&gt;10:32:55&lt;/CREATED_TIME&gt;&#13;
        &lt;FAILED_DATE&gt;2016-07-13&lt;/FAILED_DATE&gt;&#13;
        &lt;FAILED_TIME&gt;10:32:58&lt;/FAILED_TIME&gt;&#13;
        &lt;MSG_ID&gt;M7&lt;/MSG_ID&gt;&#13;
        &lt;MSG_NO&gt;018&lt;/MSG_NO&gt;&#13;
        &lt;MSG_TYPE&gt;E&lt;/MSG_TYPE&gt;&#13;
        &lt;MSG_V1&gt;Batch&lt;/MSG_V1&gt;&#13;
        &lt;MSG_V2/&gt;&#13;
        &lt;MSG_V3/&gt;&#13;
        &lt;MSG_V4/&gt;&#13;
        &lt;PSTNG_DATE&gt;2016-07-13&lt;/PSTNG_DATE&gt;&#13;
        &lt;DOC_DATE&gt;2016-07-13&lt;/DOC_DATE&gt;&#13;
        &lt;EXPIRYDATE&gt;0000-00-00&lt;/EXPIRYDATE&gt;&#13;
        &lt;MATERIAL&gt;10033039&lt;/MATERIAL&gt;&#13;
        &lt;PLANT&gt;3602&lt;/PLANT&gt;&#13;
        &lt;STGE_LOC&gt;BGIN&lt;/STGE_LOC&gt;&#13;
        &lt;BATCH/&gt;&#13;
        &lt;MOVE_TYPE&gt;261&lt;/MOVE_TYPE&gt;&#13;
        &lt;STCK_TYPE/&gt;&#13;
        &lt;SPEC_STOCK/&gt;&#13;
        &lt;VENDOR/&gt;&#13;
        &lt;SALES_ORD/&gt;&#13;
        &lt;S_ORD_ITEM&gt;000000&lt;/S_ORD_ITEM&gt;&#13;
        &lt;SCHED_LINE&gt;0000&lt;/SCHED_LINE&gt;&#13;
        &lt;ENTRY_UOM&gt;EA&lt;/ENTRY_UOM&gt;&#13;
        &lt;ENTRY_UOM_ISO&gt;EA&lt;/ENTRY_UOM_ISO&gt;&#13;
        &lt;ENTRY_QNT&gt;2.000&lt;/ENTRY_QNT&gt;&#13;
        &lt;NO_MORE_GR/&gt;&#13;
        &lt;GR_RCPT/&gt;&#13;
        &lt;UNLOAD_PT/&gt;&#13;
        &lt;ORDERID&gt;000000800124&lt;/ORDERID&gt;&#13;
        &lt;ORDERID_ITNO&gt;0000&lt;/ORDERID_ITNO&gt;&#13;
        &lt;CALC_MOTIVE/&gt;&#13;
        &lt;RESERV_NO&gt;0000001358&lt;/RESERV_NO&gt;&#13;
        &lt;RES_ITEM&gt;0007&lt;/RES_ITEM&gt;&#13;
        &lt;RES_TYPE/&gt;&#13;
        &lt;WITHDRAWN&gt;X&lt;/WITHDRAWN&gt;&#13;
        &lt;MVT_IND/&gt;&#13;
        &lt;MATERIAL_EXTERNAL/&gt;&#13;
        &lt;MATERIAL_GUID/&gt;&#13;
        &lt;MATERIAL_VERSION/&gt;&#13;
    &lt;/item&gt;&#13;
    &lt;item&gt;&#13;
        &lt;DOC_NO&gt;0000000230&lt;/DOC_NO&gt;&#13;
        &lt;DOC_ITM&gt;00000008&lt;/DOC_ITM&gt;&#13;
        &lt;CREATED_BY&gt;MII_USER&lt;/CREATED_BY&gt;&#13;
        &lt;CREATED_DATE&gt;2016-07-13&lt;/CREATED_DATE&gt;&#13;
        &lt;CREATED_TIME&gt;10:32:55&lt;/CREATED_TIME&gt;&#13;
        &lt;FAILED_DATE&gt;2016-07-13&lt;/FAILED_DATE&gt;&#13;
        &lt;FAILED_TIME&gt;10:32:58&lt;/FAILED_TIME&gt;&#13;
        &lt;MSG_ID&gt;M7&lt;/MSG_ID&gt;&#13;
        &lt;MSG_NO&gt;018&lt;/MSG_NO&gt;&#13;
        &lt;MSG_TYPE&gt;E&lt;/MSG_TYPE&gt;&#13;
        &lt;MSG_V1&gt;Batch&lt;/MSG_V1&gt;&#13;
        &lt;MSG_V2/&gt;&#13;
        &lt;MSG_V3/&gt;&#13;
        &lt;MSG_V4/&gt;&#13;
        &lt;PSTNG_DATE&gt;2016-07-13&lt;/PSTNG_DATE&gt;&#13;
        &lt;DOC_DATE&gt;2016-07-13&lt;/DOC_DATE&gt;&#13;
        &lt;EXPIRYDATE&gt;0000-00-00&lt;/EXPIRYDATE&gt;&#13;
        &lt;MATERIAL&gt;10033419&lt;/MATERIAL&gt;&#13;
        &lt;PLANT&gt;3602&lt;/PLANT&gt;&#13;
        &lt;STGE_LOC&gt;BGIN&lt;/STGE_LOC&gt;&#13;
        &lt;BATCH/&gt;&#13;
        &lt;MOVE_TYPE&gt;261&lt;/MOVE_TYPE&gt;&#13;
        &lt;STCK_TYPE/&gt;&#13;
        &lt;SPEC_STOCK/&gt;&#13;
        &lt;VENDOR/&gt;&#13;
        &lt;SALES_ORD/&gt;&#13;
        &lt;S_ORD_ITEM&gt;000000&lt;/S_ORD_ITEM&gt;&#13;
        &lt;SCHED_LINE&gt;0000&lt;/SCHED_LINE&gt;&#13;
        &lt;ENTRY_UOM&gt;EA&lt;/ENTRY_UOM&gt;&#13;
        &lt;ENTRY_UOM_ISO&gt;EA&lt;/ENTRY_UOM_ISO&gt;&#13;
        &lt;ENTRY_QNT&gt;1.000&lt;/ENTRY_QNT&gt;&#13;
        &lt;NO_MORE_GR/&gt;&#13;
        &lt;GR_RCPT/&gt;&#13;
        &lt;UNLOAD_PT/&gt;&#13;
        &lt;ORDERID&gt;000000800124&lt;/ORDERID&gt;&#13;
        &lt;ORDERID_ITNO&gt;0000&lt;/ORDERID_ITNO&gt;&#13;
        &lt;CALC_MOTIVE/&gt;&#13;
        &lt;RESERV_NO&gt;0000001358&lt;/RESERV_NO&gt;&#13;
        &lt;RES_ITEM&gt;0009&lt;/RES_ITEM&gt;&#13;
        &lt;RES_TYPE/&gt;&#13;
        &lt;WITHDRAWN&gt;X&lt;/WITHDRAWN&gt;&#13;
        &lt;MVT_IND/&gt;&#13;
        &lt;MATERIAL_EXTERNAL/&gt;&#13;
        &lt;MATERIAL_GUID/&gt;&#13;
        &lt;MATERIAL_VERSION/&gt;&#13;
    &lt;/item&gt;&#13;
    &lt;item&gt;&#13;
        &lt;DOC_NO&gt;0000000230&lt;/DOC_NO&gt;&#13;
        &lt;DOC_ITM&gt;00000009&lt;/DOC_ITM&gt;&#13;
        &lt;CREATED_BY&gt;MII_USER&lt;/CREATED_BY&gt;&#13;
        &lt;CREATED_DATE&gt;2016-07-13&lt;/CREATED_DATE&gt;&#13;
        &lt;CREATED_TIME&gt;10:32:55&lt;/CREATED_TIME&gt;&#13;
        &lt;FAILED_DATE&gt;2016-07-13&lt;/FAILED_DATE&gt;&#13;
        &lt;FAILED_TIME&gt;10:32:58&lt;/FAILED_TIME&gt;&#13;
        &lt;MSG_ID&gt;M7&lt;/MSG_ID&gt;&#13;
        &lt;MSG_NO&gt;018&lt;/MSG_NO&gt;&#13;
        &lt;MSG_TYPE&gt;E&lt;/MSG_TYPE&gt;&#13;
        &lt;MSG_V1&gt;Batch&lt;/MSG_V1&gt;&#13;
        &lt;MSG_V2/&gt;&#13;
        &lt;MSG_V3/&gt;&#13;
        &lt;MSG_V4/&gt;&#13;
        &lt;PSTNG_DATE&gt;2016-07-13&lt;/PSTNG_DATE&gt;&#13;
        &lt;DOC_DATE&gt;2016-07-13&lt;/DOC_DATE&gt;&#13;
        &lt;EXPIRYDATE&gt;0000-00-00&lt;/EXPIRYDATE&gt;&#13;
        &lt;MATERIAL&gt;10024619B&lt;/MATERIAL&gt;&#13;
        &lt;PLANT&gt;3602&lt;/PLANT&gt;&#13;
        &lt;STGE_LOC&gt;BGIN&lt;/STGE_LOC&gt;&#13;
        &lt;BATCH/&gt;&#13;
        &lt;MOVE_TYPE&gt;261&lt;/MOVE_TYPE&gt;&#13;
        &lt;STCK_TYPE/&gt;&#13;
        &lt;SPEC_STOCK/&gt;&#13;
        &lt;VENDOR/&gt;&#13;
        &lt;SALES_ORD/&gt;&#13;
        &lt;S_ORD_ITEM&gt;000000&lt;/S_ORD_ITEM&gt;&#13;
        &lt;SCHED_LINE&gt;0000&lt;/SCHED_LINE&gt;&#13;
        &lt;ENTRY_UOM&gt;EA&lt;/ENTRY_UOM&gt;&#13;
        &lt;ENTRY_UOM_ISO&gt;EA&lt;/ENTRY_UOM_ISO&gt;&#13;
        &lt;ENTRY_QNT&gt;1.000&lt;/ENTRY_QNT&gt;&#13;
        &lt;NO_MORE_GR/&gt;&#13;
        &lt;GR_RCPT/&gt;&#13;
        &lt;UNLOAD_PT/&gt;&#13;
        &lt;ORDERID&gt;000000800124&lt;/ORDERID&gt;&#13;
        &lt;ORDERID_ITNO&gt;0000&lt;/ORDERID_ITNO&gt;&#13;
        &lt;CALC_MOTIVE/&gt;&#13;
        &lt;RESERV_NO&gt;0000001358&lt;/RESERV_NO&gt;&#13;
        &lt;RES_ITEM&gt;0010&lt;/RES_ITEM&gt;&#13;
        &lt;RES_TYPE/&gt;&#13;
        &lt;WITHDRAWN&gt;X&lt;/WITHDRAWN&gt;&#13;
        &lt;MVT_IND/&gt;&#13;
        &lt;MATERIAL_EXTERNAL/&gt;&#13;
        &lt;MATERIAL_GUID/&gt;&#13;
        &lt;MATERIAL_VERSION/&gt;&#13;
    &lt;/item&gt;&#13;
    &lt;item&gt;&#13;
        &lt;DOC_NO&gt;0000000230&lt;/DOC_NO&gt;&#13;
        &lt;DOC_ITM&gt;00000010&lt;/DOC_ITM&gt;&#13;
        &lt;CREATED_BY&gt;MII_USER&lt;/CREATED_BY&gt;&#13;
        &lt;CREATED_DATE&gt;2016-07-13&lt;/CREATED_DATE&gt;&#13;
        &lt;CREATED_TIME&gt;10:32:55&lt;/CREATED_TIME&gt;&#13;
        &lt;FAILED_DATE&gt;2016-07-13&lt;/FAILED_DATE&gt;&#13;
        &lt;FAILED_TIME&gt;10:32:58&lt;/FAILED_TIME&gt;&#13;
        &lt;MSG_ID&gt;M7&lt;/MSG_ID&gt;&#13;
        &lt;MSG_NO&gt;018&lt;/MSG_NO&gt;&#13;
        &lt;MSG_TYPE&gt;E&lt;/MSG_TYPE&gt;&#13;
        &lt;MSG_V1&gt;Batch&lt;/MSG_V1&gt;&#13;
        &lt;MSG_V2/&gt;&#13;
        &lt;MSG_V3/&gt;&#13;
        &lt;MSG_V4/&gt;&#13;
        &lt;PSTNG_DATE&gt;2016-07-13&lt;/PSTNG_DATE&gt;&#13;
        &lt;DOC_DATE&gt;2016-07-13&lt;/DOC_DATE&gt;&#13;
        &lt;EXPIRYDATE&gt;0000-00-00&lt;/EXPIRYDATE&gt;&#13;
        &lt;MATERIAL&gt;10024674B&lt;/MATERIAL&gt;&#13;
        &lt;PLANT&gt;3602&lt;/PLANT&gt;&#13;
        &lt;STGE_LOC&gt;BGIN&lt;/STGE_LOC&gt;&#13;
        &lt;BATCH/&gt;&#13;
        &lt;MOVE_TYPE&gt;261&lt;/MOVE_TYPE&gt;&#13;
        &lt;STCK_TYPE/&gt;&#13;
        &lt;SPEC_STOCK/&gt;&#13;
        &lt;VENDOR/&gt;&#13;
        &lt;SALES_ORD/&gt;&#13;
        &lt;S_ORD_ITEM&gt;000000&lt;/S_ORD_ITEM&gt;&#13;
        &lt;SCHED_LINE&gt;0000&lt;/SCHED_LINE&gt;&#13;
        &lt;ENTRY_UOM&gt;EA&lt;/ENTRY_UOM&gt;&#13;
        &lt;ENTRY_UOM_ISO&gt;EA&lt;/ENTRY_UOM_ISO&gt;&#13;
        &lt;ENTRY_QNT&gt;1.000&lt;/ENTRY_QNT&gt;&#13;
        &lt;NO_MORE_GR/&gt;&#13;
        &lt;GR_RCPT/&gt;&#13;
        &lt;UNLOAD_PT/&gt;&#13;
        &lt;ORDERID&gt;000000800124&lt;/ORDERID&gt;&#13;
        &lt;ORDERID_ITNO&gt;0000&lt;/ORDERID_ITNO&gt;&#13;
        &lt;CALC_MOTIVE/&gt;&#13;
        &lt;RESERV_NO&gt;0000001358&lt;/RESERV_NO&gt;&#13;
        &lt;RES_ITEM&gt;0011&lt;/RES_ITEM&gt;&#13;
        &lt;RES_TYPE/&gt;&#13;
        &lt;WITHDRAWN&gt;X&lt;/WITHDRAWN&gt;&#13;
        &lt;MVT_IND/&gt;&#13;
        &lt;MATERIAL_EXTERNAL/&gt;&#13;
        &lt;MATERIAL_GUID/&gt;&#13;
        &lt;MATERIAL_VERSION/&gt;&#13;
    &lt;/item&gt;&#13;
    &lt;item&gt;&#13;
        &lt;DOC_NO&gt;0000000230&lt;/DOC_NO&gt;&#13;
        &lt;DOC_ITM&gt;00000011&lt;/DOC_ITM&gt;&#13;
        &lt;CREATED_BY&gt;MII_USER&lt;/CREATED_BY&gt;&#13;
        &lt;CREATED_DATE&gt;2016-07-13&lt;/CREATED_DATE&gt;&#13;
        &lt;CREATED_TIME&gt;10:32:55&lt;/CREATED_TIME&gt;&#13;
        &lt;FAILED_DATE&gt;2016-07-13&lt;/FAILED_DATE&gt;&#13;
        &lt;FAILED_TIME&gt;10:32:58&lt;/FAILED_TIME&gt;&#13;
        &lt;MSG_ID&gt;M7&lt;/MSG_ID&gt;&#13;
        &lt;MSG_NO&gt;018&lt;/MSG_NO&gt;&#13;
        &lt;MSG_TYPE&gt;E&lt;/MSG_TYPE&gt;&#13;
        &lt;MSG_V1&gt;Batch&lt;/MSG_V1&gt;&#13;
        &lt;MSG_V2/&gt;&#13;
        &lt;MSG_V3/&gt;&#13;
        &lt;MSG_V4/&gt;&#13;
        &lt;PSTNG_DATE&gt;2016-07-13&lt;/PSTNG_DATE&gt;&#13;
        &lt;DOC_DATE&gt;2016-07-13&lt;/DOC_DATE&gt;&#13;
        &lt;EXPIRYDATE&gt;0000-00-00&lt;/EXPIRYDATE&gt;&#13;
        &lt;MATERIAL&gt;10029007&lt;/MATERIAL&gt;&#13;
        &lt;PLANT&gt;3602&lt;/PLANT&gt;&#13;
        &lt;STGE_LOC&gt;BGIN&lt;/STGE_LOC&gt;&#13;
        &lt;BATCH/&gt;&#13;
        &lt;MOVE_TYPE&gt;261&lt;/MOVE_TYPE&gt;&#13;
        &lt;STCK_TYPE/&gt;&#13;
        &lt;SPEC_STOCK/&gt;&#13;
        &lt;VENDOR/&gt;&#13;
        &lt;SALES_ORD/&gt;&#13;
        &lt;S_ORD_ITEM&gt;000000&lt;/S_ORD_ITEM&gt;&#13;
        &lt;SCHED_LINE&gt;0000&lt;/SCHED_LINE&gt;&#13;
        &lt;ENTRY_UOM&gt;EA&lt;/ENTRY_UOM&gt;&#13;
        &lt;ENTRY_UOM_ISO&gt;EA&lt;/ENTRY_UOM_ISO&gt;&#13;
        &lt;ENTRY_QNT&gt;1.000&lt;/ENTRY_QNT&gt;&#13;
        &lt;NO_MORE_GR/&gt;&#13;
        &lt;GR_RCPT/&gt;&#13;
        &lt;UNLOAD_PT/&gt;&#13;
        &lt;ORDERID&gt;000000800124&lt;/ORDERID&gt;&#13;
        &lt;ORDERID_ITNO&gt;0000&lt;/ORDERID_ITNO&gt;&#13;
        &lt;CALC_MOTIVE/&gt;&#13;
        &lt;RESERV_NO&gt;0000001358&lt;/RESERV_NO&gt;&#13;
        &lt;RES_ITEM&gt;0012&lt;/RES_ITEM&gt;&#13;
        &lt;RES_TYPE/&gt;&#13;
        &lt;WITHDRAWN&gt;X&lt;/WITHDRAWN&gt;&#13;
        &lt;MVT_IND/&gt;&#13;
        &lt;MATERIAL_EXTERNAL/&gt;&#13;
        &lt;MATERIAL_GUID/&gt;&#13;
        &lt;MATERIAL_VERSION/&gt;&#13;
    &lt;/item&gt;&#13;
    &lt;item&gt;&#13;
        &lt;DOC_NO&gt;0000000230&lt;/DOC_NO&gt;&#13;
        &lt;DOC_ITM&gt;00000012&lt;/DOC_ITM&gt;&#13;
        &lt;CREATED_BY&gt;MII_USER&lt;/CREATED_BY&gt;&#13;
        &lt;CREATED_DATE&gt;2016-07-13&lt;/CREATED_DATE&gt;&#13;
        &lt;CREATED_TIME&gt;10:32:55&lt;/CREATED_TIME&gt;&#13;
        &lt;FAILED_DATE&gt;2016-07-13&lt;/FAILED_DATE&gt;&#13;
        &lt;FAILED_TIME&gt;10:32:58&lt;/FAILED_TIME&gt;&#13;
        &lt;MSG_ID&gt;M7&lt;/MSG_ID&gt;&#13;
        &lt;MSG_NO&gt;018&lt;/MSG_NO&gt;&#13;
        &lt;MSG_TYPE&gt;E&lt;/MSG_TYPE&gt;&#13;
        &lt;MSG_V1&gt;Batch&lt;/MSG_V1&gt;&#13;
        &lt;MSG_V2/&gt;&#13;
        &lt;MSG_V3/&gt;&#13;
        &lt;MSG_V4/&gt;&#13;
        &lt;PSTNG_DATE&gt;2016-07-13&lt;/PSTNG_DATE&gt;&#13;
        &lt;DOC_DATE&gt;2016-07-13&lt;/DOC_DATE&gt;&#13;
        &lt;EXPIRYDATE&gt;0000-00-00&lt;/EXPIRYDATE&gt;&#13;
        &lt;MATERIAL&gt;10023591A&lt;/MATERIAL&gt;&#13;
        &lt;PLANT&gt;3602&lt;/PLANT&gt;&#13;
        &lt;STGE_LOC&gt;BGIN&lt;/STGE_LOC&gt;&#13;
        &lt;BATCH/&gt;&#13;
        &lt;MOVE_TYPE&gt;261&lt;/MOVE_TYPE&gt;&#13;
        &lt;STCK_TYPE/&gt;&#13;
        &lt;SPEC_STOCK/&gt;&#13;
        &lt;VENDOR/&gt;&#13;
        &lt;SALES_ORD/&gt;&#13;
        &lt;S_ORD_ITEM&gt;000000&lt;/S_ORD_ITEM&gt;&#13;
        &lt;SCHED_LINE&gt;0000&lt;/SCHED_LINE&gt;&#13;
        &lt;ENTRY_UOM&gt;EA&lt;/ENTRY_UOM&gt;&#13;
        &lt;ENTRY_UOM_ISO&gt;EA&lt;/ENTRY_UOM_ISO&gt;&#13;
        &lt;ENTRY_QNT&gt;1.000&lt;/ENTRY_QNT&gt;&#13;
        &lt;NO_MORE_GR/&gt;&#13;
        &lt;GR_RCPT/&gt;&#13;
        &lt;UNLOAD_PT/&gt;&#13;
        &lt;ORDERID&gt;000000800124&lt;/ORDERID&gt;&#13;
        &lt;ORDERID_ITNO&gt;0000&lt;/ORDERID_ITNO&gt;&#13;
        &lt;CALC_MOTIVE/&gt;&#13;
        &lt;RESERV_NO&gt;0000001358&lt;/RESERV_NO&gt;&#13;
        &lt;RES_ITEM&gt;0013&lt;/RES_ITEM&gt;&#13;
        &lt;RES_TYPE/&gt;&#13;
        &lt;WITHDRAWN&gt;X&lt;/WITHDRAWN&gt;&#13;
        &lt;MVT_IND/&gt;&#13;
        &lt;MATERIAL_EXTERNAL/&gt;&#13;
        &lt;MATERIAL_GUID/&gt;&#13;
        &lt;MATERIAL_VERSION/&gt;&#13;
    &lt;/item&gt;&#13;
    &lt;item&gt;&#13;
        &lt;DOC_NO&gt;0000000230&lt;/DOC_NO&gt;&#13;
        &lt;DOC_ITM&gt;00000013&lt;/DOC_ITM&gt;&#13;
        &lt;CREATED_BY&gt;MII_USER&lt;/CREATED_BY&gt;&#13;
        &lt;CREATED_DATE&gt;2016-07-13&lt;/CREATED_DATE&gt;&#13;
        &lt;CREATED_TIME&gt;10:32:55&lt;/CREATED_TIME&gt;&#13;
        &lt;FAILED_DATE&gt;2016-07-13&lt;/FAILED_DATE&gt;&#13;
        &lt;FAILED_TIME&gt;10:32:58&lt;/FAILED_TIME&gt;&#13;
        &lt;MSG_ID&gt;M7&lt;/MSG_ID&gt;&#13;
        &lt;MSG_NO&gt;018&lt;/MSG_NO&gt;&#13;
        &lt;MSG_TYPE&gt;E&lt;/MSG_TYPE&gt;&#13;
        &lt;MSG_V1&gt;Batch&lt;/MSG_V1&gt;&#13;
        &lt;MSG_V2/&gt;&#13;
        &lt;MSG_V3/&gt;&#13;
        &lt;MSG_V4/&gt;&#13;
        &lt;PSTNG_DATE&gt;2016-07-13&lt;/PSTNG_DATE&gt;&#13;
        &lt;DOC_DATE&gt;2016-07-13&lt;/DOC_DATE&gt;&#13;
        &lt;EXPIRYDATE&gt;0000-00-00&lt;/EXPIRYDATE&gt;&#13;
        &lt;MATERIAL&gt;10033420&lt;/MATERIAL&gt;&#13;
        &lt;PLANT&gt;3602&lt;/PLANT&gt;&#13;
        &lt;STGE_LOC&gt;BGIN&lt;/STGE_LOC&gt;&#13;
        &lt;BATCH/&gt;&#13;
        &lt;MOVE_TYPE&gt;261&lt;/MOVE_TYPE&gt;&#13;
        &lt;STCK_TYPE/&gt;&#13;
        &lt;SPEC_STOCK/&gt;&#13;
        &lt;VENDOR/&gt;&#13;
        &lt;SALES_ORD/&gt;&#13;
        &lt;S_ORD_ITEM&gt;000000&lt;/S_ORD_ITEM&gt;&#13;
        &lt;SCHED_LINE&gt;0000&lt;/SCHED_LINE&gt;&#13;
        &lt;ENTRY_UOM&gt;EA&lt;/ENTRY_UOM&gt;&#13;
        &lt;ENTRY_UOM_ISO&gt;EA&lt;/ENTRY_UOM_ISO&gt;&#13;
        &lt;ENTRY_QNT&gt;1.000&lt;/ENTRY_QNT&gt;&#13;
        &lt;NO_MORE_GR/&gt;&#13;
        &lt;GR_RCPT/&gt;&#13;
        &lt;UNLOAD_PT/&gt;&#13;
        &lt;ORDERID&gt;000000800124&lt;/ORDERID&gt;&#13;
        &lt;ORDERID_ITNO&gt;0000&lt;/ORDERID_ITNO&gt;&#13;
        &lt;CALC_MOTIVE/&gt;&#13;
        &lt;RESERV_NO&gt;0000001358&lt;/RESERV_NO&gt;&#13;
        &lt;RES_ITEM&gt;0015&lt;/RES_ITEM&gt;&#13;
        &lt;RES_TYPE/&gt;&#13;
        &lt;WITHDRAWN&gt;X&lt;/WITHDRAWN&gt;&#13;
        &lt;MVT_IND/&gt;&#13;
        &lt;MATERIAL_EXTERNAL/&gt;&#13;
        &lt;MATERIAL_GUID/&gt;&#13;
        &lt;MATERIAL_VERSION/&gt;&#13;
    &lt;/item&gt;&#13;
    &lt;item&gt;&#13;
        &lt;DOC_NO&gt;0000000230&lt;/DOC_NO&gt;&#13;
        &lt;DOC_ITM&gt;00000014&lt;/DOC_ITM&gt;&#13;
        &lt;CREATED_BY&gt;MII_USER&lt;/CREATED_BY&gt;&#13;
        &lt;CREATED_DATE&gt;2016-07-13&lt;/CREATED_DATE&gt;&#13;
        &lt;CREATED_TIME&gt;10:32:55&lt;/CREATED_TIME&gt;&#13;
        &lt;FAILED_DATE&gt;2016-07-13&lt;/FAILED_DATE&gt;&#13;
        &lt;FAILED_TIME&gt;10:32:58&lt;/FAILED_TIME&gt;&#13;
        &lt;MSG_ID&gt;M7&lt;/MSG_ID&gt;&#13;
        &lt;MSG_NO&gt;018&lt;/MSG_NO&gt;&#13;
        &lt;MSG_TYPE&gt;E&lt;/MSG_TYPE&gt;&#13;
        &lt;MSG_V1&gt;Batch&lt;/MSG_V1&gt;&#13;
        &lt;MSG_V2/&gt;&#13;
        &lt;MSG_V3/&gt;&#13;
        &lt;MSG_V4/&gt;&#13;
        &lt;PSTNG_DATE&gt;2016-07-13&lt;/PSTNG_DATE&gt;&#13;
        &lt;DOC_DATE&gt;2016-07-13&lt;/DOC_DATE&gt;&#13;
        &lt;EXPIRYDATE&gt;0000-00-00&lt;/EXPIRYDATE&gt;&#13;
        &lt;MATERIAL&gt;10024619B&lt;/MATERIAL&gt;&#13;
        &lt;PLANT&gt;3602&lt;/PLANT&gt;&#13;
        &lt;STGE_LOC&gt;BGIN&lt;/STGE_LOC&gt;&#13;
        &lt;BATCH/&gt;&#13;
        &lt;MOVE_TYPE&gt;261&lt;/MOVE_TYPE&gt;&#13;
        &lt;STCK_TYPE/&gt;&#13;
        &lt;SPEC_STOCK/&gt;&#13;
        &lt;VENDOR/&gt;&#13;
        &lt;SALES_ORD/&gt;&#13;
        &lt;S_ORD_ITEM&gt;000000&lt;/S_ORD_ITEM&gt;&#13;
        &lt;SCHED_LINE&gt;0000&lt;/SCHED_LINE&gt;&#13;
        &lt;ENTRY_UOM&gt;EA&lt;/ENTRY_UOM&gt;&#13;
        &lt;ENTRY_UOM_ISO&gt;EA&lt;/ENTRY_UOM_ISO&gt;&#13;
        &lt;ENTRY_QNT&gt;1.000&lt;/ENTRY_QNT&gt;&#13;
        &lt;NO_MORE_GR/&gt;&#13;
        &lt;GR_RCPT/&gt;&#13;
        &lt;UNLOAD_PT/&gt;&#13;
        &lt;ORDERID&gt;000000800124&lt;/ORDERID&gt;&#13;
        &lt;ORDERID_ITNO&gt;0000&lt;/ORDERID_ITNO&gt;&#13;
        &lt;CALC_MOTIVE/&gt;&#13;
        &lt;RESERV_NO&gt;0000001358&lt;/RESERV_NO&gt;&#13;
        &lt;RES_ITEM&gt;0016&lt;/RES_ITEM&gt;&#13;
        &lt;RES_TYPE/&gt;&#13;
        &lt;WITHDRAWN&gt;X&lt;/WITHDRAWN&gt;&#13;
        &lt;MVT_IND/&gt;&#13;
        &lt;MATERIAL_EXTERNAL/&gt;&#13;
        &lt;MATERIAL_GUID/&gt;&#13;
        &lt;MATERIAL_VERSION/&gt;&#13;
    &lt;/item&gt;&#13;
    &lt;item&gt;&#13;
        &lt;DOC_NO&gt;0000000230&lt;/DOC_NO&gt;&#13;
        &lt;DOC_ITM&gt;00000015&lt;/DOC_ITM&gt;&#13;
        &lt;CREATED_BY&gt;MII_USER&lt;/CREATED_BY&gt;&#13;
        &lt;CREATED_DATE&gt;2016-07-13&lt;/CREATED_DATE&gt;&#13;
        &lt;CREATED_TIME&gt;10:32:55&lt;/CREATED_TIME&gt;&#13;
        &lt;FAILED_DATE&gt;2016-07-13&lt;/FAILED_DATE&gt;&#13;
        &lt;FAILED_TIME&gt;10:32:58&lt;/FAILED_TIME&gt;&#13;
        &lt;MSG_ID&gt;M7&lt;/MSG_ID&gt;&#13;
        &lt;MSG_NO&gt;018&lt;/MSG_NO&gt;&#13;
        &lt;MSG_TYPE&gt;E&lt;/MSG_TYPE&gt;&#13;
        &lt;MSG_V1&gt;Batch&lt;/MSG_V1&gt;&#13;
        &lt;MSG_V2/&gt;&#13;
        &lt;MSG_V3/&gt;&#13;
        &lt;MSG_V4/&gt;&#13;
        &lt;PSTNG_DATE&gt;2016-07-13&lt;/PSTNG_DATE&gt;&#13;
        &lt;DOC_DATE&gt;2016-07-13&lt;/DOC_DATE&gt;&#13;
        &lt;EXPIRYDATE&gt;0000-00-00&lt;/EXPIRYDATE&gt;&#13;
        &lt;MATERIAL&gt;10024674B&lt;/MATERIAL&gt;&#13;
        &lt;PLANT&gt;3602&lt;/PLANT&gt;&#13;
        &lt;STGE_LOC&gt;BGIN&lt;/STGE_LOC&gt;&#13;
        &lt;BATCH/&gt;&#13;
        &lt;MOVE_TYPE&gt;261&lt;/MOVE_TYPE&gt;&#13;
        &lt;STCK_TYPE/&gt;&#13;
        &lt;SPEC_STOCK/&gt;&#13;
        &lt;VENDOR/&gt;&#13;
        &lt;SALES_ORD/&gt;&#13;
        &lt;S_ORD_ITEM&gt;000000&lt;/S_ORD_ITEM&gt;&#13;
        &lt;SCHED_LINE&gt;0000&lt;/SCHED_LINE&gt;&#13;
        &lt;ENTRY_UOM&gt;EA&lt;/ENTRY_UOM&gt;&#13;
        &lt;ENTRY_UOM_ISO&gt;EA&lt;/ENTRY_UOM_ISO&gt;&#13;
        &lt;ENTRY_QNT&gt;1.000&lt;/ENTRY_QNT&gt;&#13;
        &lt;NO_MORE_GR/&gt;&#13;
        &lt;GR_RCPT/&gt;&#13;
        &lt;UNLOAD_PT/&gt;&#13;
        &lt;ORDERID&gt;000000800124&lt;/ORDERID&gt;&#13;
        &lt;ORDERID_ITNO&gt;0000&lt;/ORDERID_ITNO&gt;&#13;
        &lt;CALC_MOTIVE/&gt;&#13;
        &lt;RESERV_NO&gt;0000001358&lt;/RESERV_NO&gt;&#13;
        &lt;RES_ITEM&gt;0017&lt;/RES_ITEM&gt;&#13;
        &lt;RES_TYPE/&gt;&#13;
        &lt;WITHDRAWN&gt;X&lt;/WITHDRAWN&gt;&#13;
        &lt;MVT_IND/&gt;&#13;
        &lt;MATERIAL_EXTERNAL/&gt;&#13;
        &lt;MATERIAL_GUID/&gt;&#13;
        &lt;MATERIAL_VERSION/&gt;&#13;
    &lt;/item&gt;&#13;
    &lt;item&gt;&#13;
        &lt;DOC_NO&gt;0000000230&lt;/DOC_NO&gt;&#13;
        &lt;DOC_ITM&gt;00000016&lt;/DOC_ITM&gt;&#13;
        &lt;CREATED_BY&gt;MII_USER&lt;/CREATED_BY&gt;&#13;
        &lt;CREATED_DATE&gt;2016-07-13&lt;/CREATED_DATE&gt;&#13;
        &lt;CREATED_TIME&gt;10:32:55&lt;/CREATED_TIME&gt;&#13;
        &lt;FAILED_DATE&gt;2016-07-13&lt;/FAILED_DATE&gt;&#13;
        &lt;FAILED_TIME&gt;10:32:58&lt;/FAILED_TIME&gt;&#13;
        &lt;MSG_ID&gt;M7&lt;/MSG_ID&gt;&#13;
        &lt;MSG_NO&gt;018&lt;/MSG_NO&gt;&#13;
        &lt;MSG_TYPE&gt;E&lt;/MSG_TYPE&gt;&#13;
        &lt;MSG_V1&gt;Batch&lt;/MSG_V1&gt;&#13;
        &lt;MSG_V2/&gt;&#13;
        &lt;MSG_V3/&gt;&#13;
        &lt;MSG_V4/&gt;&#13;
        &lt;PSTNG_DATE&gt;2016-07-13&lt;/PSTNG_DATE&gt;&#13;
        &lt;DOC_DATE&gt;2016-07-13&lt;/DOC_DATE&gt;&#13;
        &lt;EXPIRYDATE&gt;0000-00-00&lt;/EXPIRYDATE&gt;&#13;
        &lt;MATERIAL&gt;10029007&lt;/MATERIAL&gt;&#13;
        &lt;PLANT&gt;3602&lt;/PLANT&gt;&#13;
        &lt;STGE_LOC&gt;BGIN&lt;/STGE_LOC&gt;&#13;
        &lt;BATCH/&gt;&#13;
        &lt;MOVE_TYPE&gt;261&lt;/MOVE_TYPE&gt;&#13;
        &lt;STCK_TYPE/&gt;&#13;
        &lt;SPEC_STOCK/&gt;&#13;
        &lt;VENDOR/&gt;&#13;
        &lt;SALES_ORD/&gt;&#13;
        &lt;S_ORD_ITEM&gt;000000&lt;/S_ORD_ITEM&gt;&#13;
        &lt;SCHED_LINE&gt;0000&lt;/SCHED_LINE&gt;&#13;
        &lt;ENTRY_UOM&gt;EA&lt;/ENTRY_UOM&gt;&#13;
        &lt;ENTRY_UOM_ISO&gt;EA&lt;/ENTRY_UOM_ISO&gt;&#13;
        &lt;ENTRY_QNT&gt;1.000&lt;/ENTRY_QNT&gt;&#13;
        &lt;NO_MORE_GR/&gt;&#13;
        &lt;GR_RCPT/&gt;&#13;
        &lt;UNLOAD_PT/&gt;&#13;
        &lt;ORDERID&gt;000000800124&lt;/ORDERID&gt;&#13;
        &lt;ORDERID_ITNO&gt;0000&lt;/ORDERID_ITNO&gt;&#13;
        &lt;CALC_MOTIVE/&gt;&#13;
        &lt;RESERV_NO&gt;0000001358&lt;/RESERV_NO&gt;&#13;
        &lt;RES_ITEM&gt;0018&lt;/RES_ITEM&gt;&#13;
        &lt;RES_TYPE/&gt;&#13;
        &lt;WITHDRAWN&gt;X&lt;/WITHDRAWN&gt;&#13;
        &lt;MVT_IND/&gt;&#13;
        &lt;MATERIAL_EXTERNAL/&gt;&#13;
        &lt;MATERIAL_GUID/&gt;&#13;
        &lt;MATERIAL_VERSION/&gt;&#13;
    &lt;/item&gt;&#13;
    &lt;item&gt;&#13;
        &lt;DOC_NO&gt;0000000230&lt;/DOC_NO&gt;&#13;
        &lt;DOC_ITM&gt;00000017&lt;/DOC_ITM&gt;&#13;
        &lt;CREATED_BY&gt;MII_USER&lt;/CREATED_BY&gt;&#13;
        &lt;CREATED_DATE&gt;2016-07-13&lt;/CREATED_DATE&gt;&#13;
        &lt;CREATED_TIME&gt;10:32:55&lt;/CREATED_TIME&gt;&#13;
        &lt;FAILED_DATE&gt;2016-07-13&lt;/FAILED_DATE&gt;&#13;
        &lt;FAILED_TIME&gt;10:32:58&lt;/FAILED_TIME&gt;&#13;
        &lt;MSG_ID&gt;M7&lt;/MSG_ID&gt;&#13;
        &lt;MSG_NO&gt;018&lt;/MSG_NO&gt;&#13;
        &lt;MSG_TYPE&gt;E&lt;/MSG_TYPE&gt;&#13;
        &lt;MSG_V1&gt;Batch&lt;/MSG_V1&gt;&#13;
        &lt;MSG_V2/&gt;&#13;
        &lt;MSG_V3/&gt;&#13;
        &lt;MSG_V4/&gt;&#13;
        &lt;PSTNG_DATE&gt;2016-07-13&lt;/PSTNG_DATE&gt;&#13;
        &lt;DOC_DATE&gt;2016-07-13&lt;/DOC_DATE&gt;&#13;
        &lt;EXPIRYDATE&gt;0000-00-00&lt;/EXPIRYDATE&gt;&#13;
        &lt;MATERIAL&gt;10023591A&lt;/MATERIAL&gt;&#13;
        &lt;PLANT&gt;3602&lt;/PLANT&gt;&#13;
        &lt;STGE_LOC&gt;BGIN&lt;/STGE_LOC&gt;&#13;
        &lt;BATCH/&gt;&#13;
        &lt;MOVE_TYPE&gt;261&lt;/MOVE_TYPE&gt;&#13;
        &lt;STCK_TYPE/&gt;&#13;
        &lt;SPEC_STOCK/&gt;&#13;
        &lt;VENDOR/&gt;&#13;
        &lt;SALES_ORD/&gt;&#13;
        &lt;S_ORD_ITEM&gt;000000&lt;/S_ORD_ITEM&gt;&#13;
        &lt;SCHED_LINE&gt;0000&lt;/SCHED_LINE&gt;&#13;
        &lt;ENTRY_UOM&gt;EA&lt;/ENTRY_UOM&gt;&#13;
        &lt;ENTRY_UOM_ISO&gt;EA&lt;/ENTRY_UOM_ISO&gt;&#13;
        &lt;ENTRY_QNT&gt;1.000&lt;/ENTRY_QNT&gt;&#13;
        &lt;NO_MORE_GR/&gt;&#13;
        &lt;GR_RCPT/&gt;&#13;
        &lt;UNLOAD_PT/&gt;&#13;
        &lt;ORDERID&gt;000000800124&lt;/ORDERID&gt;&#13;
        &lt;ORDERID_ITNO&gt;0000&lt;/ORDERID_ITNO&gt;&#13;
        &lt;CALC_MOTIVE/&gt;&#13;
        &lt;RESERV_NO&gt;0000001358&lt;/RESERV_NO&gt;&#13;
        &lt;RES_ITEM&gt;0019&lt;/RES_ITEM&gt;&#13;
        &lt;RES_TYPE/&gt;&#13;
        &lt;WITHDRAWN&gt;X&lt;/WITHDRAWN&gt;&#13;
        &lt;MVT_IND/&gt;&#13;
        &lt;MATERIAL_EXTERNAL/&gt;&#13;
        &lt;MATERIAL_GUID/&gt;&#13;
        &lt;MATERIAL_VERSION/&gt;&#13;
    &lt;/item&gt;&#13;
    &lt;item&gt;&#13;
        &lt;DOC_NO&gt;0000000230&lt;/DOC_NO&gt;&#13;
        &lt;DOC_ITM&gt;00000018&lt;/DOC_ITM&gt;&#13;
        &lt;CREATED_BY&gt;MII_USER&lt;/CREATED_BY&gt;&#13;
        &lt;CREATED_DATE&gt;2016-07-13&lt;/CREATED_DATE&gt;&#13;
        &lt;CREATED_TIME&gt;10:32:55&lt;/CREATED_TIME&gt;&#13;
        &lt;FAILED_DATE&gt;2016-07-13&lt;/FAILED_DATE&gt;&#13;
        &lt;FAILED_TIME&gt;10:32:58&lt;/FAILED_TIME&gt;&#13;
        &lt;MSG_ID&gt;M7&lt;/MSG_ID&gt;&#13;
        &lt;MSG_NO&gt;018&lt;/MSG_NO&gt;&#13;
        &lt;MSG_TYPE&gt;E&lt;/MSG_TYPE&gt;&#13;
        &lt;MSG_V1&gt;Batch&lt;/MSG_V1&gt;&#13;
        &lt;MSG_V2/&gt;&#13;
        &lt;MSG_V3/&gt;&#13;
        &lt;MSG_V4/&gt;&#13;
        &lt;PSTNG_DATE&gt;2016-07-13&lt;/PSTNG_DATE&gt;&#13;
        &lt;DOC_DATE&gt;2016-07-13&lt;/DOC_DATE&gt;&#13;
        &lt;EXPIRYDATE&gt;0000-00-00&lt;/EXPIRYDATE&gt;&#13;
        &lt;MATERIAL&gt;2021361&lt;/MATERIAL&gt;&#13;
        &lt;PLANT&gt;3602&lt;/PLANT&gt;&#13;
        &lt;STGE_LOC&gt;BGIN&lt;/STGE_LOC&gt;&#13;
        &lt;BATCH/&gt;&#13;
        &lt;MOVE_TYPE&gt;261&lt;/MOVE_TYPE&gt;&#13;
        &lt;STCK_TYPE/&gt;&#13;
        &lt;SPEC_STOCK/&gt;&#13;
        &lt;VENDOR/&gt;&#13;
        &lt;SALES_ORD/&gt;&#13;
        &lt;S_ORD_ITEM&gt;000000&lt;/S_ORD_ITEM&gt;&#13;
        &lt;SCHED_LINE&gt;0000&lt;/SCHED_LINE&gt;&#13;
        &lt;ENTRY_UOM&gt;EA&lt;/ENTRY_UOM&gt;&#13;
        &lt;ENTRY_UOM_ISO&gt;EA&lt;/ENTRY_UOM_ISO&gt;&#13;
        &lt;ENTRY_QNT&gt;1.000&lt;/ENTRY_QNT&gt;&#13;
        &lt;NO_MORE_GR/&gt;&#13;
        &lt;GR_RCPT/&gt;&#13;
        &lt;UNLOAD_PT/&gt;&#13;
        &lt;ORDERID&gt;000000800124&lt;/ORDERID&gt;&#13;
        &lt;ORDERID_ITNO&gt;0000&lt;/ORDERID_ITNO&gt;&#13;
        &lt;CALC_MOTIVE/&gt;&#13;
        &lt;RESERV_NO&gt;0000001358&lt;/RESERV_NO&gt;&#13;
        &lt;RES_ITEM&gt;0020&lt;/RES_ITEM&gt;&#13;
        &lt;RES_TYPE/&gt;&#13;
        &lt;WITHDRAWN&gt;X&lt;/WITHDRAWN&gt;&#13;
        &lt;MVT_IND/&gt;&#13;
        &lt;MATERIAL_EXTERNAL/&gt;&#13;
        &lt;MATERIAL_GUID/&gt;&#13;
        &lt;MATERIAL_VERSION/&gt;&#13;
    &lt;/item&gt;&#13;
&lt;/Rowsets&gt;</Value><SchemaURI/><SchemaElement/><ValidateXMLOnExecution>1</ValidateXMLOnExecution><ReadOnly>true</ReadOnly><AlertXMLAssigned>false</AlertXMLAssigned></ContextItem></Context><Local><ContextItem><Name>debug</Name><Description/><MinRange>0</MinRange><MaxRange>0</MaxRange><Value xsi:type="string">1</Value><ReadOnly>false</ReadOnly><AlertXMLAssigned>false</AlertXMLAssigned></ContextItem><ContextItem><Name>OPTIONS_VEKP</Name><Description/><MinRange>0</MinRange><MaxRange>0</MaxRange><Value xsi:type="string"/><ReadOnly>false</ReadOnly><AlertXMLAssigned>false</AlertXMLAssigned></ContextItem><ContextItem><Name>OPTIONS_VEPO</Name><Description/><MinRange>0</MinRange><MaxRange>0</MaxRange><Value xsi:type="string"/><ReadOnly>false</ReadOnly><AlertXMLAssigned>false</AlertXMLAssigned></ContextItem><ContextItem><Name>XML_REQUEST_VEKP</Name><Description/><MinRange>0</MinRange><MaxRange>0</MaxRange><Value xsi:type="string">&lt;?xml version="1.0" encoding="UTF-8"?&gt;&lt;RFC_READ_TABLE&gt;&#13;
&lt;INPUT&gt;&#13;
&lt;QUERY_TABLE&gt;VEKP&lt;/QUERY_TABLE&gt;&#13;
&lt;ROWCOUNT&gt;9999&lt;/ROWCOUNT&gt;&#13;
&lt;ROWSKIPS&gt;0&lt;/ROWSKIPS&gt;&#13;
&lt;/INPUT&gt;&#13;
&lt;TABLES&gt;&#13;
&lt;DATA&gt;&#13;
&lt;item&gt;&#13;
&lt;WA/&gt;&#13;
&lt;/item&gt;&#13;
&lt;/DATA&gt;&#13;
&lt;FIELDS&gt;&#13;
&lt;item&gt;&#13;
&lt;FIELDNAME&gt;VENUM&lt;/FIELDNAME&gt;&#13;
&lt;OFFSET/&gt;&#13;
&lt;LENGTH/&gt;&#13;
&lt;TYPE/&gt;&#13;
&lt;FIELDTEXT/&gt;&#13;
&lt;/item&gt;&#13;
&lt;item&gt;&#13;
&lt;FIELDNAME&gt;EXIDV&lt;/FIELDNAME&gt;&#13;
&lt;OFFSET/&gt;&#13;
&lt;LENGTH/&gt;&#13;
&lt;TYPE/&gt;&#13;
&lt;FIELDTEXT/&gt;&#13;
&lt;/item&gt;
&lt;/FIELDS&gt;&#13;
&lt;OPTIONS&gt;&#13;
&lt;item&gt;&#13;
&lt;TEXT/&gt;&#13;
&lt;/item&gt;&#13;
&lt;/OPTIONS&gt;&#13;
&lt;/TABLES&gt;&#13;
&lt;/RFC_READ_TABLE&gt;</Value><ReadOnly>false</ReadOnly><AlertXMLAssigned>false</AlertXMLAssigned></ContextItem><ContextItem><Name>XML_REQUEST_VEPO</Name><Description/><MinRange>0</MinRange><MaxRange>0</MaxRange><Value xsi:type="string">&lt;?xml version="1.0" encoding="UTF-8"?&gt;&lt;RFC_READ_TABLE&gt;&#13;
&lt;INPUT&gt;&#13;
&lt;QUERY_TABLE&gt;VEPO&lt;/QUERY_TABLE&gt;&#13;
&lt;ROWCOUNT&gt;9999&lt;/ROWCOUNT&gt;&#13;
&lt;ROWSKIPS&gt;0&lt;/ROWSKIPS&gt;&#13;
&lt;/INPUT&gt;&#13;
&lt;TABLES&gt;&#13;
&lt;DATA&gt;&#13;
&lt;item&gt;&#13;
&lt;WA/&gt;&#13;
&lt;/item&gt;&#13;
&lt;/DATA&gt;&#13;
&lt;FIELDS&gt;&#13;
&lt;item&gt;&#13;
&lt;FIELDNAME&gt;VEPOS&lt;/FIELDNAME&gt;&#13;
&lt;OFFSET/&gt;&#13;
&lt;LENGTH/&gt;&#13;
&lt;TYPE/&gt;&#13;
&lt;FIELDTEXT/&gt;&#13;
&lt;/item&gt;&#13;
&lt;item&gt;&#13;
&lt;FIELDNAME&gt;MATNR&lt;/FIELDNAME&gt;&#13;
&lt;OFFSET/&gt;&#13;
&lt;LENGTH/&gt;&#13;
&lt;TYPE/&gt;&#13;
&lt;FIELDTEXT/&gt;&#13;
&lt;/item&gt;
&lt;item&gt;&#13;
&lt;FIELDNAME&gt;CHARG&lt;/FIELDNAME&gt;&#13;
&lt;OFFSET/&gt;&#13;
&lt;LENGTH/&gt;&#13;
&lt;TYPE/&gt;&#13;
&lt;FIELDTEXT/&gt;&#13;
&lt;/item&gt;
&lt;item&gt;&#13;
&lt;FIELDNAME&gt;LGORT&lt;/FIELDNAME&gt;&#13;
&lt;OFFSET/&gt;&#13;
&lt;LENGTH/&gt;&#13;
&lt;TYPE/&gt;&#13;
&lt;FIELDTEXT/&gt;&#13;
&lt;/item&gt;
&lt;item&gt;&#13;
&lt;FIELDNAME&gt;VEMNG&lt;/FIELDNAME&gt;&#13;
&lt;OFFSET/&gt;&#13;
&lt;LENGTH/&gt;&#13;
&lt;TYPE/&gt;&#13;
&lt;FIELDTEXT/&gt;&#13;
&lt;/item&gt;
&lt;/FIELDS&gt;&#13;
&lt;OPTIONS&gt;&#13;
&lt;item&gt;&#13;
&lt;TEXT/&gt;&#13;
&lt;/item&gt;&#13;
&lt;/OPTIONS&gt;&#13;
&lt;/TABLES&gt;&#13;
&lt;/RFC_READ_TABLE&gt;</Value><ReadOnly>false</ReadOnly><AlertXMLAssigned>false</AlertXMLAssigned></ContextItem></Local><Layout><GUILayoutItem><Name>Sequence_8</Name><X>152</X><Y>280</Y><Width>120</Width><SpacingWidth>408</SpacingWidth><DescendantWidth>408</DescendantWidth><Height>96</Height></GUILayoutItem><GUILayoutItem><Name>Sequence_9</Name><X>224</X><Y>8</Y><Width>120</Width><SpacingWidth>552</SpacingWidth><DescendantWidth>552</DescendantWidth><Height>96</Height></GUILayoutItem><GUILayoutItem><Name>Sequence_11</Name><X>296</X><Y>552</Y><Width>120</Width><SpacingWidth>120</SpacingWidth><DescendantWidth>0</DescendantWidth><Height>96</Height></GUILayoutItem><GUILayoutItem><Name>ShowParam</Name><X>232</X><Y>24</Y><Width>104</Width><SpacingWidth>0</SpacingWidth><DescendantWidth>0</DescendantWidth><Height>72</Height></GUILayoutItem><GUILayoutItem><Name>Exception_Enabler_0</Name><X>160</X><Y>296</Y><Width>104</Width><SpacingWidth>0</SpacingWidth><DescendantWidth>0</DescendantWidth><Height>72</Height></GUILayoutItem><GUILayoutItem><Name>Sequence_10</Name><X>296</X><Y>416</Y><Width>120</Width><SpacingWidth>120</SpacingWidth><DescendantWidth>120</DescendantWidth><Height>96</Height></GUILayoutItem><GUILayoutItem><Name>Catch_0</Name><X>304</X><Y>432</Y><Width>104</Width><SpacingWidth>0</SpacingWidth><DescendantWidth>0</DescendantWidth><Height>72</Height></GUILayoutItem><GUILayoutItem><Name>ShowCatch_0</Name><X>304</X><Y>568</Y><Width>104</Width><SpacingWidth>0</SpacingWidth><DescendantWidth>0</DescendantWidth><Height>72</Height></GUILayoutItem><GUILayoutItem><Name>Sequence_12</Name><X>224</X><Y>144</Y><Width>120</Width><SpacingWidth>552</SpacingWidth><DescendantWidth>552</DescendantWidth><Height>96</Height></GUILayoutItem><GUILayoutItem><Name>DocumentHU</Name><X>232</X><Y>160</Y><Width>104</Width><SpacingWidth>0</SpacingWidth><DescendantWidth>0</DescendantWidth><Height>72</Height></GUILayoutItem><GUILayoutItem><Name>Sequence_18</Name><X>80</X><Y>688</Y><Width>120</Width><SpacingWidth>264</SpacingWidth><DescendantWidth>264</DescendantWidth><Height>96</Height></GUILayoutItem><GUILayoutItem><Name>Sequence_0</Name><X>80</X><Y>824</Y><Width>120</Width><SpacingWidth>264</SpacingWidth><DescendantWidth>264</DescendantWidth><Height>96</Height></GUILayoutItem><GUILayoutItem><Name>RepeatOnWA</Name><X>88</X><Y>840</Y><Width>104</Width><SpacingWidth>0</SpacingWidth><DescendantWidth>0</DescendantWidth><Height>72</Height></GUILayoutItem><GUILayoutItem><Name>Sequence_2</Name><X>80</X><Y>552</Y><Width>120</Width><SpacingWidth>264</SpacingWidth><DescendantWidth>264</DescendantWidth><Height>96</Height></GUILayoutItem><GUILayoutItem><Name>Options_1</Name><X>88</X><Y>568</Y><Width>104</Width><SpacingWidth>0</SpacingWidth><DescendantWidth>0</DescendantWidth><Height>72</Height></GUILayoutItem><GUILayoutItem><Name>VEKP</Name><X>88</X><Y>704</Y><Width>104</Width><SpacingWidth>0</SpacingWidth><DescendantWidth>0</DescendantWidth><Height>72</Height></GUILayoutItem><GUILayoutItem><Name>Sequence_1</Name><X>80</X><Y>416</Y><Width>120</Width><SpacingWidth>264</SpacingWidth><DescendantWidth>264</DescendantWidth><Height>96</Height></GUILayoutItem><GUILayoutItem><Name>SAP_JCo_Start</Name><X>88</X><Y>432</Y><Width>104</Width><SpacingWidth>0</SpacingWidth><DescendantWidth>0</DescendantWidth><Height>72</Height></GUILayoutItem><GUILayoutItem><Name>Sequence_15</Name><X>440</X><Y>280</Y><Width>120</Width><SpacingWidth>120</SpacingWidth><DescendantWidth>120</DescendantWidth><Height>96</Height></GUILayoutItem><GUILayoutItem><Name>Assign_XMLOUT</Name><X>448</X><Y>296</Y><Width>104</Width><SpacingWidth>0</SpacingWidth><DescendantWidth>0</DescendantWidth><Height>72</Height></GUILayoutItem><GUILayoutItem><Name>Sequence_16</Name><X>440</X><Y>416</Y><Width>120</Width><SpacingWidth>120</SpacingWidth><DescendantWidth>120</DescendantWidth><Height>96</Height></GUILayoutItem><GUILayoutItem><Name>debug</Name><X>448</X><Y>432</Y><Width>104</Width><SpacingWidth>0</SpacingWidth><DescendantWidth>0</DescendantWidth><Height>72</Height></GUILayoutItem><GUILayoutItem><Name>Sequence_14</Name><X>440</X><Y>552</Y><Width>120</Width><SpacingWidth>120</SpacingWidth><DescendantWidth>0</DescendantWidth><Height>96</Height></GUILayoutItem><GUILayoutItem><Name>Show_XMLOUT</Name><X>448</X><Y>568</Y><Width>104</Width><SpacingWidth>0</SpacingWidth><DescendantWidth>0</DescendantWidth><Height>72</Height></GUILayoutItem><GUILayoutItem><Name>Sequence_22</Name><X>8</X><Y>1368</Y><Width>120</Width><SpacingWidth>120</SpacingWidth><DescendantWidth>0</DescendantWidth><Height>96</Height></GUILayoutItem><GUILayoutItem><Name>ShowHU</Name><X>16</X><Y>1384</Y><Width>104</Width><SpacingWidth>0</SpacingWidth><DescendantWidth>0</DescendantWidth><Height>72</Height></GUILayoutItem><GUILayoutItem><Name>Sequence_20</Name><X>80</X><Y>960</Y><Width>120</Width><SpacingWidth>264</SpacingWidth><DescendantWidth>264</DescendantWidth><Height>96</Height></GUILayoutItem><GUILayoutItem><Name>InputHU</Name><X>88</X><Y>976</Y><Width>104</Width><SpacingWidth>0</SpacingWidth><DescendantWidth>0</DescendantWidth><Height>72</Height></GUILayoutItem><GUILayoutItem><Name>Sequence_4</Name><X>80</X><Y>1096</Y><Width>120</Width><SpacingWidth>264</SpacingWidth><DescendantWidth>264</DescendantWidth><Height>96</Height></GUILayoutItem><GUILayoutItem><Name>Sequence_17</Name><X>152</X><Y>1232</Y><Width>120</Width><SpacingWidth>120</SpacingWidth><DescendantWidth>120</DescendantWidth><Height>96</Height></GUILayoutItem><GUILayoutItem><Name>VEPO</Name><X>160</X><Y>1248</Y><Width>104</Width><SpacingWidth>0</SpacingWidth><DescendantWidth>0</DescendantWidth><Height>72</Height></GUILayoutItem><GUILayoutItem><Name>Sequence_19</Name><X>152</X><Y>1368</Y><Width>120</Width><SpacingWidth>120</SpacingWidth><DescendantWidth>120</DescendantWidth><Height>96</Height></GUILayoutItem><GUILayoutItem><Name>RepeatOnVEPO</Name><X>160</X><Y>1384</Y><Width>104</Width><SpacingWidth>0</SpacingWidth><DescendantWidth>0</DescendantWidth><Height>72</Height></GUILayoutItem><GUILayoutItem><Name>Sequence_21</Name><X>152</X><Y>1776</Y><Width>120</Width><SpacingWidth>120</SpacingWidth><DescendantWidth>0</DescendantWidth><Height>96</Height></GUILayoutItem><GUILayoutItem><Name>ShowPOS</Name><X>160</X><Y>1792</Y><Width>104</Width><SpacingWidth>0</SpacingWidth><DescendantWidth>0</DescendantWidth><Height>72</Height></GUILayoutItem><GUILayoutItem><Name>Options_2</Name><X>88</X><Y>1112</Y><Width>104</Width><SpacingWidth>0</SpacingWidth><DescendantWidth>0</DescendantWidth><Height>72</Height></GUILayoutItem><GUILayoutItem><Name>Sequence_6</Name><X>8</X><Y>1232</Y><Width>120</Width><SpacingWidth>120</SpacingWidth><DescendantWidth>120</DescendantWidth><Height>96</Height></GUILayoutItem><GUILayoutItem><Name>debug_1</Name><X>16</X><Y>1248</Y><Width>104</Width><SpacingWidth>0</SpacingWidth><DescendantWidth>0</DescendantWidth><Height>72</Height></GUILayoutItem><GUILayoutItem><Name>Sequence_13</Name><X>152</X><Y>1504</Y><Width>120</Width><SpacingWidth>120</SpacingWidth><DescendantWidth>120</DescendantWidth><Height>96</Height></GUILayoutItem><GUILayoutItem><Name>Sequence_5</Name><X>152</X><Y>1640</Y><Width>120</Width><SpacingWidth>120</SpacingWidth><DescendantWidth>120</DescendantWidth><Height>96</Height></GUILayoutItem><GUILayoutItem><Name>debug_2</Name><X>160</X><Y>1656</Y><Width>104</Width><SpacingWidth>0</SpacingWidth><DescendantWidth>0</DescendantWidth><Height>72</Height></GUILayoutItem><GUILayoutItem><Name>AddRow</Name><X>160</X><Y>1520</Y><Width>104</Width><SpacingWidth>0</SpacingWidth><DescendantWidth>0</DescendantWidth><Height>72</Height></GUILayoutItem></Layout><Actions><ContextItem><Name>ShowParam</Name><Description/><MinRange>0</MinRange><MaxRange>0</MaxRange><Value xsi:type="Tracer"><Message/><Level>INFO</Level></Value><ReadOnly>false</ReadOnly><AlertXMLAssigned>false</AlertXMLAssigned></ContextItem><ContextItem><Name>Exception_Enabler_0</Name><Description/><MinRange>0</MinRange><MaxRange>0</MaxRange><Value xsi:type="ExceptionEnabler"><EnableActionExceptions>true</EnableActionExceptions><EnableLinkExceptions>true</EnableLinkExceptions></Value><ReadOnly>false</ReadOnly><AlertXMLAssigned>false</AlertXMLAssigned></ContextItem><ContextItem><Name>Catch_0</Name><Description/><MinRange>0</MinRange><MaxRange>0</MaxRange><Value xsi:type="CatchAction"/><ReadOnly>false</ReadOnly><AlertXMLAssigned>false</AlertXMLAssigned></ContextItem><ContextItem><Name>ShowCatch_0</Name><Description/><MinRange>0</MinRange><MaxRange>0</MaxRange><Value xsi:type="Tracer"><Message/><Level>INFO</Level></Value><ReadOnly>false</ReadOnly><AlertXMLAssigned>false</AlertXMLAssigned></ContextItem><ContextItem><Name>DocumentHU</Name><Description/><MinRange>0</MinRange><MaxRange>0</MaxRange><Value xsi:type="IlluminatorDocument"><EndDate>2016-07-15T09:42:15</EndDate><StartDate>2016-07-15T09:42:15</StartDate><Output><ReferenceDocumentSource/>&lt;?xml version="1.0" encoding="UTF-8"?&gt;&lt;Rowsets DateCreated="2016-07-18T15:32:20" EndDate="2016-07-15T09:42:15" StartDate="2016-07-15T09:42:15" Version="15.0 SP4 Patch 11"&gt;&lt;Rowset&gt;&lt;Columns&gt;&lt;Column Description="" MaxRange="1" MinRange="0" Name="VENUM" SQLDataType="1" SourceColumn="VENUM"/&gt;&lt;Column Description="" MaxRange="1" MinRange="0" Name="EXIDV" SQLDataType="1" SourceColumn="EXIDV"/&gt;&lt;Column Description="" MaxRange="1" MinRange="0" Name="VEPOS" SQLDataType="1" SourceColumn="VEPOS"/&gt;&lt;Column Description="" MaxRange="1" MinRange="0" Name="MATNR" SQLDataType="1" SourceColumn="MATNR"/&gt;&lt;Column Description="" MaxRange="1" MinRange="0" Name="CHARG" SQLDataType="1" SourceColumn="CHARG"/&gt;&lt;Column Description="" MaxRange="1" MinRange="0" Name="LGORT" SQLDataType="1" SourceColumn="LGORT"/&gt;&lt;/Columns&gt;&lt;Row&gt;&lt;VENUM&gt;STRING&lt;/VENUM&gt;&lt;EXIDV&gt;STRING&lt;/EXIDV&gt;&lt;VEPOS&gt;STRING&lt;/VEPOS&gt;&lt;MATNR&gt;STRING&lt;/MATNR&gt;&lt;CHARG&gt;STRING&lt;/CHARG&gt;&lt;LGORT&gt;STRING&lt;/LGORT&gt;&lt;/Row&gt;&lt;/Rowset&gt;&lt;/Rowsets&gt;</Output><ColumnSpecifications><ContextItem><Name>VENUM</Name><Description/><MinRange>0</MinRange><MaxRange>1</MaxRange><Value xsi:type="string">STRING</Value><ReadOnly>false</ReadOnly><AlertXMLAssigned>false</AlertXMLAssigned></ContextItem><ContextItem><Name>EXIDV</Name><Description/><MinRange>0</MinRange><MaxRange>1</MaxRange><Value xsi:type="string">STRING</Value><ReadOnly>false</ReadOnly><AlertXMLAssigned>false</AlertXMLAssigned></ContextItem><ContextItem><Name>VEPOS</Name><Description/><MinRange>0</MinRange><MaxRange>1</MaxRange><Value xsi:type="string">STRING</Value><ReadOnly>false</ReadOnly><AlertXMLAssigned>false</AlertXMLAssigned></ContextItem><ContextItem><Name>MATNR</Name><Description/><MinRange>0</MinRange><MaxRange>1</MaxRange><Value xsi:type="string">STRING</Value><ReadOnly>false</ReadOnly><AlertXMLAssigned>false</AlertXMLAssigned></ContextItem><ContextItem><Name>CHARG</Name><Description/><MinRange>0</MinRange><MaxRange>1</MaxRange><Value xsi:type="string">STRING</Value><ReadOnly>false</ReadOnly><AlertXMLAssigned>false</AlertXMLAssigned></ContextItem><ContextItem><Name>LGORT</Name><Description/><MinRange>0</MinRange><MaxRange>1</MaxRange><Value xsi:type="string">STRING</Value><ReadOnly>false</ReadOnly><AlertXMLAssigned>false</AlertXMLAssigned></ContextItem></ColumnSpecifications></Value><SchemaURI/><SchemaElement/><ValidateXMLOnExecution>1</ValidateXMLOnExecution><ReadOnly>false</ReadOnly><AlertXMLAssigned>false</AlertXMLAssigned></ContextItem><ContextItem><Name>RepeatOnWA</Name><Description/><MinRange>0</MinRange><MaxRange>0</MaxRange><Value xsi:type="RepeaterAction"><Output><ReferenceDocumentSource/>&lt;?xml version="1.0" encoding="UTF-8"?&gt;&lt;WA/&gt;</Output><Break>false</Break><ItemCount>0</ItemCount><CurrentItem>0</CurrentItem><Source>VEKP.Response{/RFC_READ_TABLE/TABLES/DATA/item/WA}</Source><Item><ReferenceDocumentSource/>&lt;?xml version="1.0" encoding="UTF-8"?&gt;&lt;WA/&gt;</Item></Value><SchemaURI/><SchemaElement/><ValidateXMLOnExecution>1</ValidateXMLOnExecution><SchemaURI/><SchemaElement/><ValidateXMLOnExecution>1</ValidateXMLOnExecution><ReadOnly>false</ReadOnly><AlertXMLAssigned>false</AlertXMLAssigned></ContextItem><ContextItem><Name>Options_1</Name><Description/><MinRange>0</MinRange><MaxRange>0</MaxRange><Value xsi:type="Assignment"/><ReadOnly>false</ReadOnly><AlertXMLAssigned>false</AlertXMLAssigned></ContextItem><ContextItem><Name>VEKP</Name><Description/><MinRange>0</MinRange><MaxRange>0</MaxRange><Value xsi:type="SAPJCOFunction"><SourceSession>SAP_JCo_Start</SourceSession><Request><ReferenceDocumentSource/>&lt;?xml version="1.0" encoding="UTF-8"?&gt;&lt;RFC_READ_TABLE&gt;&lt;INPUT&gt;&lt;DELIMITER&gt; &lt;/DELIMITER&gt;&lt;NO_DATA&gt; &lt;/NO_DATA&gt;&lt;QUERY_TABLE/&gt;&lt;ROWCOUNT&gt;0&lt;/ROWCOUNT&gt;&lt;ROWSKIPS&gt;0&lt;/ROWSKIPS&gt;&lt;/INPUT&gt;&lt;TABLES&gt;&lt;DATA&gt;&lt;item&gt;&lt;WA/&gt;&lt;/item&gt;&lt;/DATA&gt;&lt;FIELDS&gt;&lt;item&gt;&lt;FIELDNAME/&gt;&lt;OFFSET/&gt;&lt;LENGTH/&gt;&lt;TYPE/&gt;&lt;FIELDTEXT/&gt;&lt;/item&gt;&lt;/FIELDS&gt;&lt;OPTIONS&gt;&lt;item&gt;&lt;TEXT/&gt;&lt;/item&gt;&lt;/OPTIONS&gt;&lt;/TABLES&gt;&lt;/RFC_READ_TABLE&gt;</Request><Response><ReferenceDocumentSource/>&lt;?xml version="1.0" encoding="UTF-8"?&gt;&lt;RFC_READ_TABLE&gt;&lt;TABLES&gt;&lt;DATA&gt;&lt;item&gt;&lt;WA/&gt;&lt;/item&gt;&lt;/DATA&gt;&lt;FIELDS&gt;&lt;item&gt;&lt;FIELDNAME/&gt;&lt;OFFSET/&gt;&lt;LENGTH/&gt;&lt;TYPE/&gt;&lt;FIELDTEXT/&gt;&lt;/item&gt;&lt;/FIELDS&gt;&lt;OPTIONS&gt;&lt;item&gt;&lt;TEXT/&gt;&lt;/item&gt;&lt;/OPTIONS&gt;&lt;/TABLES&gt;&lt;/RFC_READ_TABLE&gt;</Response><SAPRFC>RFC_READ_TABLE</SAPRFC><TYPERFC>0</TYPERFC><QueueName/><ExecuteFunction>true</ExecuteFunction><RecreateFunction>true</RecreateFunction><AllowMultipleRows>true</AllowMultipleRows><DaysRetention>7</DaysRetention><MaxRetryCount>5</MaxRetryCount><RetryInterval>30000</RetryInterval><ProcessingMode>1</ProcessingMode><Filter/><DataBufferComment/></Value><SchemaURI/><SchemaElement/><ValidateXMLOnExecution>1</ValidateXMLOnExecution><SchemaURI/><SchemaElement/><ValidateXMLOnExecution>1</ValidateXMLOnExecution><ReadOnly>false</ReadOnly><AlertXMLAssigned>false</AlertXMLAssigned></ContextItem><ContextItem><Name>SAP_JCo_Start</Name><Description/><MinRange>0</MinRange><MaxRange>0</MaxRange><Value xsi:type="SAPJCOStartSession"><ConnPropAlias>SAP</ConnPropAlias><CredentialAlias>SAP</CredentialAlias><SAPServerName/><SAPClient/><SAPSystemNumber/><Language/><ConnectionPoolSize>10</ConnectionPoolSize><SAPUserName/><SAPPassword/><SAPSSO2Ticket/><PoolConnections>true</PoolConnections><LogonGroup/><ConnectionTimeout>0</ConnectionTimeout></Value><ReadOnly>false</ReadOnly><AlertXMLAssigned>false</AlertXMLAssigned></ContextItem><ContextItem><Name>Assign_XMLOUT</Name><Description/><MinRange>0</MinRange><MaxRange>0</MaxRange><Value xsi:type="Assignment"/><ReadOnly>false</ReadOnly><AlertXMLAssigned>false</AlertXMLAssigned></ContextItem><ContextItem><Name>debug</Name><Description/><MinRange>0</MinRange><MaxRange>0</MaxRange><Value xsi:type="ConditionalAction"><Output>false</Output><InputCount>1</InputCount><LogicalAnd>false</LogicalAnd><Input1>false</Input1></Value><ReadOnly>false</ReadOnly><AlertXMLAssigned>false</AlertXMLAssigned></ContextItem><ContextItem><Name>Show_XMLOUT</Name><Description/><MinRange>0</MinRange><MaxRange>0</MaxRange><Value xsi:type="Tracer"><Message/><Level>INFO</Level></Value><ReadOnly>false</ReadOnly><AlertXMLAssigned>false</AlertXMLAssigned></ContextItem><ContextItem><Name>ShowHU</Name><Description/><MinRange>0</MinRange><MaxRange>0</MaxRange><Value xsi:type="Tracer"><Message/><Level>INFO</Level></Value><ReadOnly>false</ReadOnly><AlertXMLAssigned>false</AlertXMLAssigned></ContextItem><ContextItem><Name>InputHU</Name><Description/><MinRange>0</MinRange><MaxRange>0</MaxRange><Value xsi:type="ConditionalAction"><Output>false</Output><InputCount>1</InputCount><LogicalAnd>false</LogicalAnd><Input1>false</Input1></Value><ReadOnly>false</ReadOnly><AlertXMLAssigned>false</AlertXMLAssigned></ContextItem><ContextItem><Name>VEPO</Name><Description/><MinRange>0</MinRange><MaxRange>0</MaxRange><Value xsi:type="SAPJCOFunction"><SourceSession>SAP_JCo_Start</SourceSession><Request><ReferenceDocumentSource/>&lt;?xml version="1.0" encoding="UTF-8"?&gt;&lt;RFC_READ_TABLE&gt;&lt;INPUT&gt;&lt;DELIMITER&gt; &lt;/DELIMITER&gt;&lt;NO_DATA&gt; &lt;/NO_DATA&gt;&lt;QUERY_TABLE/&gt;&lt;ROWCOUNT&gt;0&lt;/ROWCOUNT&gt;&lt;ROWSKIPS&gt;0&lt;/ROWSKIPS&gt;&lt;/INPUT&gt;&lt;TABLES&gt;&lt;DATA&gt;&lt;item&gt;&lt;WA/&gt;&lt;/item&gt;&lt;/DATA&gt;&lt;FIELDS&gt;&lt;item&gt;&lt;FIELDNAME/&gt;&lt;OFFSET/&gt;&lt;LENGTH/&gt;&lt;TYPE/&gt;&lt;FIELDTEXT/&gt;&lt;/item&gt;&lt;/FIELDS&gt;&lt;OPTIONS&gt;&lt;item&gt;&lt;TEXT/&gt;&lt;/item&gt;&lt;/OPTIONS&gt;&lt;/TABLES&gt;&lt;/RFC_READ_TABLE&gt;</Request><Response><ReferenceDocumentSource/>&lt;?xml version="1.0" encoding="UTF-8"?&gt;&lt;RFC_READ_TABLE&gt;&lt;TABLES&gt;&lt;DATA&gt;&lt;item&gt;&lt;WA/&gt;&lt;/item&gt;&lt;/DATA&gt;&lt;FIELDS&gt;&lt;item&gt;&lt;FIELDNAME/&gt;&lt;OFFSET/&gt;&lt;LENGTH/&gt;&lt;TYPE/&gt;&lt;FIELDTEXT/&gt;&lt;/item&gt;&lt;/FIELDS&gt;&lt;OPTIONS&gt;&lt;item&gt;&lt;TEXT/&gt;&lt;/item&gt;&lt;/OPTIONS&gt;&lt;/TABLES&gt;&lt;/RFC_READ_TABLE&gt;</Response><SAPRFC>RFC_READ_TABLE</SAPRFC><TYPERFC>0</TYPERFC><QueueName/><ExecuteFunction>true</ExecuteFunction><RecreateFunction>true</RecreateFunction><AllowMultipleRows>true</AllowMultipleRows><DaysRetention>7</DaysRetention><MaxRetryCount>5</MaxRetryCount><RetryInterval>30000</RetryInterval><ProcessingMode>1</ProcessingMode><Filter/><DataBufferComment/></Value><SchemaURI/><SchemaElement/><ValidateXMLOnExecution>1</ValidateXMLOnExecution><SchemaURI/><SchemaElement/><ValidateXMLOnExecution>1</ValidateXMLOnExecution><ReadOnly>false</ReadOnly><AlertXMLAssigned>false</AlertXMLAssigned></ContextItem><ContextItem><Name>RepeatOnVEPO</Name><Description/><MinRange>0</MinRange><MaxRange>0</MaxRange><Value xsi:type="RepeaterAction"><Output><ReferenceDocumentSource/>&lt;?xml version="1.0" encoding="UTF-8"?&gt;&lt;WA/&gt;</Output><Break>false</Break><ItemCount>0</ItemCount><CurrentItem>0</CurrentItem><Source>VEPO.Response{/RFC_READ_TABLE/TABLES/DATA/item/WA}</Source><Item><ReferenceDocumentSource/>&lt;?xml version="1.0" encoding="UTF-8"?&gt;&lt;WA/&gt;</Item></Value><SchemaURI/><SchemaElement/><ValidateXMLOnExecution>1</ValidateXMLOnExecution><SchemaURI/><SchemaElement/><ValidateXMLOnExecution>1</ValidateXMLOnExecution><ReadOnly>false</ReadOnly><AlertXMLAssigned>false</AlertXMLAssigned></ContextItem><ContextItem><Name>ShowPOS</Name><Description/><MinRange>0</MinRange><MaxRange>0</MaxRange><Value xsi:type="Tracer"><Message/><Level>INFO</Level></Value><ReadOnly>false</ReadOnly><AlertXMLAssigned>false</AlertXMLAssigned></ContextItem><ContextItem><Name>Options_2</Name><Description/><MinRange>0</MinRange><MaxRange>0</MaxRange><Value xsi:type="Assignment"/><ReadOnly>false</ReadOnly><AlertXMLAssigned>false</AlertXMLAssigned></ContextItem><ContextItem><Name>debug_1</Name><Description/><MinRange>0</MinRange><MaxRange>0</MaxRange><Value xsi:type="ConditionalAction"><Output>false</Output><InputCount>1</InputCount><LogicalAnd>false</LogicalAnd><Input1>false</Input1></Value><ReadOnly>false</ReadOnly><AlertXMLAssigned>false</AlertXMLAssigned></ContextItem><ContextItem><Name>debug_2</Name><Description/><MinRange>0</MinRange><MaxRange>0</MaxRange><Value xsi:type="ConditionalAction"><Output>false</Output><InputCount>1</InputCount><LogicalAnd>false</LogicalAnd><Input1>false</Input1></Value><ReadOnly>false</ReadOnly><AlertXMLAssigned>false</AlertXMLAssigned></ContextItem><ContextItem><Name>AddRow</Name><Description/><MinRange>0</MinRange><MaxRange>0</MaxRange><Value xsi:type="IlluminatorRow"><IlluminatorDocument>DocumentHU.Output{/Rowsets/Rowset/Row}</IlluminatorDocument></Value><ReadOnly>false</ReadOnly><AlertXMLAssigned>false</AlertXMLAssigned></ContextItem></Actions><ReaderRoles>SAP_XMII_Super_Administrator,SAP_XMII_Administrator,SAP_XMII_Developer,SAP_XMII_User</ReaderRoles><Steps><Step xsi:type="ActionSequence"><Name>Sequence_9</Name><Description/><Steps><Step xsi:type="ActionSequence"><Name>Sequence_12</Name><Description/><Steps><Step xsi:type="ActionSequence"><Name>Sequence_8</Name><Description/><Steps><Step xsi:type="ActionSequence"><Name>Sequence_1</Name><Description/><Steps><Step xsi:type="ActionSequence"><Name>Sequence_2</Name><Description/><Steps><Step xsi:type="ActionSequence"><Name>Sequence_18</Name><Description/><Steps><Step xsi:type="Repeater"><Name>Sequence_0</Name><Description/><Steps><Step xsi:type="Conditional"><Name>Sequence_20</Name><Description/><Steps><Step xsi:type="ActionSequence"><Name>Sequence_4</Name><Description/><Steps><Step xsi:type="Conditional"><Name>Sequence_6</Name><Description/><Steps><Step xsi:type="ActionSequence"><Name>Sequence_22</Name><Description/><Steps/><Actions><Action><Name>ShowHU</Name><Description> </Description><IncomingLinks><Assign xsi:type="Assign"><Name/><Description/><To>ShowHU.Message</To><From>" HU " &amp; RepeatOnWA.CurrentItem &amp; " of " &amp; RepeatOnWA.ItemCount &amp;
" -- VENUM: " &amp; stringpart(RepeatOnWA.Output{/WA}, 1, 10) &amp; 
" -- EXIDV: " &amp; stringpart(RepeatOnWA.Output{/WA}, 11, 20) 
</From></Assign></IncomingLinks><OutgoingLinks/></Action></Actions></Step></Steps><Actions><Action><Name>debug_1</Name><Description> </Description><IncomingLinks><Assign xsi:type="Assign"><Name/><Description/><To>debug_1.Input1</To><From>Local.debug</From></Assign></IncomingLinks><OutgoingLinks/></Action></Actions></Step><Step xsi:type="ActionSequence"><Name>Sequence_17</Name><Description/><Steps><Step xsi:type="Repeater"><Name>Sequence_19</Name><Description/><Steps><Step xsi:type="ActionSequence"><Name>Sequence_13</Name><Description/><Steps><Step xsi:type="Conditional"><Name>Sequence_5</Name><Description/><Steps><Step xsi:type="ActionSequence"><Name>Sequence_21</Name><Description/><Steps/><Actions><Action><Name>ShowPOS</Name><Description> </Description><IncomingLinks><Assign xsi:type="Assign"><Name/><Description/><To>ShowPOS.Message</To><From>" HU " &amp; RepeatOnVEPO.CurrentItem &amp; " of " &amp; RepeatOnVEPO.ItemCount &amp;
" -- VEPOS: " &amp; stringtrim(stringpart(RepeatOnVEPO.Output{/WA}, 1, 6)) &amp; 
" -- MATNR: " &amp; stringtrim(stringpart(RepeatOnVEPO.Output{/WA}, 7, 18)) &amp;
" -- BATCH: " &amp; stringtrim(stringpart(RepeatOnVEPO.Output{/WA}, 25, 10)) &amp;
" -- LGORT: " &amp; stringtrim(stringpart(RepeatOnVEPO.Output{/WA}, 35, 4))
</From></Assign></IncomingLinks><OutgoingLinks/></Action></Actions></Step></Steps><Actions><Action><Name>debug_2</Name><Description> </Description><IncomingLinks><Assign xsi:type="Assign"><Name/><Description/><To>debug_2.Input1</To><From>Local.debug</From></Assign></IncomingLinks><OutgoingLinks/></Action></Actions></Step></Steps><Actions><Action><Name>AddRow</Name><Description> </Description><IncomingLinks><Assign xsi:type="Assign"><Name/><Description/><To>AddRow.VENUM</To><From>stringtrim(stringpart(RepeatOnWA.Output{/WA}, 1, 10))</From></Assign><Assign xsi:type="Assign"><Name/><Description/><To>AddRow.EXIDV</To><From>stringtrim(stringpart(RepeatOnWA.Output{/WA}, 11, 20))</From></Assign><Assign xsi:type="Assign"><Name/><Description/><To>AddRow.VEPOS</To><From>stringtrim(stringpart(RepeatOnVEPO.Output{/WA}, 1, 6))
</From></Assign><Assign xsi:type="Assign"><Name/><Description/><To>AddRow.MATNR</To><From>stringtrim(stringpart(RepeatOnVEPO.Output{/WA}, 7, 18))</From></Assign><Assign xsi:type="Assign"><Name/><Description/><To>AddRow.CHARG</To><From>stringtrim(stringpart(RepeatOnVEPO.Output{/WA}, 25, 10))</From></Assign><Assign xsi:type="Assign"><Name/><Description/><To>AddRow.LGORT</To><From>stringtrim(stringpart(RepeatOnVEPO.Output{/WA}, 35, 4))</From></Assign></IncomingLinks><OutgoingLinks/></Action></Actions></Step></Steps><Actions><Action><Name>RepeatOnVEPO</Name><Description> </Description><IncomingLinks/><OutgoingLinks/></Action></Actions></Step></Steps><Actions><Action><Name>VEPO</Name><Description> </Description><IncomingLinks><Assign xsi:type="Assign"><Name/><Description/><To>VEPO.Request</To><From>Local.XML_REQUEST_VEPO</From></Assign><Assign xsi:type="Assign"><Name/><Description/><To>VEPO.Request{/RFC_READ_TABLE/TABLES/OPTIONS/item/TEXT}</To><From>Local.OPTIONS_VEPO</From></Assign></IncomingLinks><OutgoingLinks/></Action></Actions></Step></Steps><Actions><Action><Name>Options_2</Name><Description> </Description><IncomingLinks/><OutgoingLinks><Assign xsi:type="Assign"><Name/><Description/><To>Local.OPTIONS_VEPO</To><From>"VENUM EQ \'" &amp; stringpart(RepeatOnWA.Output{/WA}, 1, 10) &amp; "\'"</From></Assign></OutgoingLinks></Action></Actions></Step></Steps><Actions><Action><Name>InputHU</Name><Description> </Description><IncomingLinks><Assign xsi:type="Assign"><Name/><Description/><To>InputHU.Input1</To><From>stringif(stringpart(RepeatOnWA.Output{/WA}, 11, 20) == Transaction.HU,1,0)</From></Assign></IncomingLinks><OutgoingLinks/></Action></Actions></Step></Steps><Actions><Action><Name>RepeatOnWA</Name><Description> </Description><IncomingLinks/><OutgoingLinks/></Action></Actions></Step></Steps><Actions><Action><Name>VEKP</Name><Description> </Description><IncomingLinks><Assign xsi:type="Assign"><Name/><Description/><To>VEKP.Request{/RFC_READ_TABLE/TABLES/OPTIONS/item/TEXT}</To><From>Local.OPTIONS_VEKP</From></Assign><Assign xsi:type="Assign"><Name/><Description/><To>VEKP.Request</To><From>Local.XML_REQUEST_VEKP</From></Assign></IncomingLinks><OutgoingLinks/></Action></Actions></Step></Steps><Actions><Action><Name>Options_1</Name><Description> </Description><IncomingLinks/><OutgoingLinks><Assign xsi:type="Assign"><Name/><Description/><To>Local.OPTIONS_VEKP</To><From>"WERKS EQ \'" &amp; stringtrim(Transaction.PLANT) &amp; "\'"</From></Assign></OutgoingLinks></Action></Actions></Step></Steps><Actions><Action><Name>SAP_JCo_Start</Name><Description> </Description><IncomingLinks><Assign xsi:type="Assign"><Name/><Description/><To>SAP_JCo_Start.CredentialAlias</To><From>Transaction.SAP_CREDENTIALS</From></Assign><Assign xsi:type="Assign"><Name/><Description/><To>SAP_JCo_Start.ConnPropAlias</To><From>Transaction.SAP_SERVER</From></Assign></IncomingLinks><OutgoingLinks/></Action></Actions></Step><Step xsi:type="Catch"><Name>Sequence_10</Name><Description/><Steps><Step xsi:type="ActionSequence"><Name>Sequence_11</Name><Description/><Steps/><Actions><Action><Name>ShowCatch_0</Name><Description> </Description><IncomingLinks><Assign xsi:type="Assign"><Name/><Description/><To>ShowCatch_0.Message</To><From>Catch_0.Message</From></Assign></IncomingLinks><OutgoingLinks/></Action></Actions></Step></Steps><Actions><Action><Name>Catch_0</Name><Description>Catches an exception</Description><IncomingLinks/><OutgoingLinks/></Action></Actions></Step></Steps><Actions><Action><Name>Exception_Enabler_0</Name><Description>Enables exceptions.</Description><IncomingLinks/><OutgoingLinks/></Action></Actions></Step><Step xsi:type="ActionSequence"><Name>Sequence_15</Name><Description/><Steps><Step xsi:type="Conditional"><Name>Sequence_16</Name><Description/><Steps><Step xsi:type="ActionSequence"><Name>Sequence_14</Name><Description/><Steps/><Actions><Action><Name>Show_XMLOUT</Name><Description> </Description><IncomingLinks><Assign xsi:type="Assign"><Name/><Description/><To>Show_XMLOUT.Message</To><From>Transaction.XML_OUT</From></Assign></IncomingLinks><OutgoingLinks/></Action></Actions></Step></Steps><Actions><Action><Name>debug</Name><Description> </Description><IncomingLinks><Assign xsi:type="Assign"><Name/><Description/><To>debug.Input1</To><From>Local.debug</From></Assign></IncomingLinks><OutgoingLinks/></Action></Actions></Step></Steps><Actions><Action><Name>Assign_XMLOUT</Name><Description> </Description><IncomingLinks/><OutgoingLinks><Assign xsi:type="AssignXml"><Name/><Description/><To>Transaction.XML_OUT</To><From>DocumentHU.Output</From></Assign></OutgoingLinks></Action></Actions></Step></Steps><Actions><Action><Name>DocumentHU</Name><Description> </Description><IncomingLinks/><OutgoingLinks/></Action></Actions></Step></Steps><Actions><Action><Name>ShowParam</Name><Description> </Description><IncomingLinks><Assign xsi:type="Assign"><Name/><Description/><To>ShowParam.Message</To><From>" &gt;&gt; SQL: " &amp; Transaction.SQL_SERVER &amp; " -- SAP SRV: " &amp; Transaction.SAP_SERVER &amp; " -- CRED: " &amp; Transaction.SAP_CREDENTIALS &amp; " -- PLANT: " &amp; Transaction.PLANT</From></Assign></IncomingLinks><OutgoingLinks/></Action></Actions></Step></Steps></Transaction>