<?xml version="1.0" encoding="UTF-8"?><Transaction xmlns:xsd="http://www.w3.org/2001/XMLSchema" xmlns:xsi="http://www.w3.org/2001/XMLSchema-instance" Version="15.0.7.12"><TransactionAttributes><ContextItem><Name>Description</Name><Description>Transaction Description</Description><MinRange>0</MinRange><MaxRange>0</MaxRange><Value xsi:type="string"/><ReadOnly>true</ReadOnly><AlertXMLAssigned>false</AlertXMLAssigned></ContextItem><ContextItem><Name>Comments</Name><Description>User Comments</Description><MinRange>0</MinRange><MaxRange>0</MaxRange><Value xsi:type="string"/><ReadOnly>true</ReadOnly><AlertXMLAssigned>false</AlertXMLAssigned></ContextItem><ContextItem><Name>CreatedBy</Name><Description>Created By</Description><MinRange>0</MinRange><MaxRange>0</MaxRange><Value xsi:type="string">RadPa</Value><ReadOnly>true</ReadOnly><AlertXMLAssigned>false</AlertXMLAssigned></ContextItem><ContextItem><Name>CreationDate</Name><Description>Creation Date</Description><MinRange>0</MinRange><MaxRange>0</MaxRange><Value xsi:type="dateTime">2017-03-15T16:54:33</Value><ReadOnly>true</ReadOnly><AlertXMLAssigned>false</AlertXMLAssigned></ContextItem><ContextItem><Name>Category</Name><Description>Transaction Category</Description><MinRange>0</MinRange><MaxRange>0</MaxRange><Value xsi:type="string"/><ReadOnly>true</ReadOnly><AlertXMLAssigned>false</AlertXMLAssigned></ContextItem><ContextItem><Name>Status</Name><Description>Deployment Status</Description><MinRange>0</MinRange><MaxRange>0</MaxRange><Value xsi:type="string">DEVELOPMENT</Value><ReadOnly>true</ReadOnly><AlertXMLAssigned>false</AlertXMLAssigned></ContextItem><ContextItem><Name>LegacyProcessingMode</Name><Description>Support the pre MII 12.1 Transaction Engine.</Description><MinRange>0</MinRange><MaxRange>0</MaxRange><Value xsi:type="boolean">0</Value><ReadOnly>true</ReadOnly><AlertXMLAssigned>false</AlertXMLAssigned></ContextItem><ContextItem><Name>AutoAppendBlankNamespaces</Name><Description>AutoAppendBlankNamespaces</Description><MinRange>0</MinRange><MaxRange>0</MaxRange><Value xsi:type="boolean">1</Value><ReadOnly>true</ReadOnly><AlertXMLAssigned>false</AlertXMLAssigned></ContextItem><ContextItem><Name>ThrowOnLinkError</Name><Description>Throws an exception when a link error occures</Description><MinRange>0</MinRange><MaxRange>0</MaxRange><Value xsi:type="boolean">0</Value><ReadOnly>true</ReadOnly><AlertXMLAssigned>false</AlertXMLAssigned></ContextItem><ContextItem><Name>ThrowOnActionError</Name><Description>Throws an exception when an action error occurs</Description><MinRange>0</MinRange><MaxRange>0</MaxRange><Value xsi:type="boolean">1</Value><ReadOnly>true</ReadOnly><AlertXMLAssigned>false</AlertXMLAssigned></ContextItem><ContextItem><Name>FormatXMLOnConversion</Name><Description>By default XML will be formatted when assigned from XML data type to String data type. This behaviour can be changed with this flag.</Description><MinRange>0</MinRange><MaxRange>0</MaxRange><Value xsi:type="boolean">1</Value><ReadOnly>true</ReadOnly><AlertXMLAssigned>false</AlertXMLAssigned></ContextItem><ContextItem><Name>LastEditedBy</Name><Description>Last Edited By</Description><MinRange>0</MinRange><MaxRange>0</MaxRange><Value xsi:type="xsd:string">RadPa</Value><ReadOnly>true</ReadOnly><AlertXMLAssigned>false</AlertXMLAssigned></ContextItem><ContextItem><Name>LastEditedDate</Name><Description>Last Edited Date</Description><MinRange>0</MinRange><MaxRange>0</MaxRange><Value xsi:type="xsd:dateTime">2017-03-15T19:24:38</Value><ReadOnly>true</ReadOnly><AlertXMLAssigned>false</AlertXMLAssigned></ContextItem></TransactionAttributes><Name>MESM/ORDERS_CNF/TRANSACTIONS/getSN_Match</Name><Version>88</Version><WriterRoles>SAP_XMII_Super_Administrator,SAP_XMII_Administrator,SAP_XMII_Developer</WriterRoles><Context><ContextItem><Name>MATCH</Name><Description/><MinRange>0</MinRange><MaxRange>0</MaxRange><Value xsi:type="string">NO MATCH</Value><ReadOnly>true</ReadOnly><AlertXMLAssigned>false</AlertXMLAssigned></ContextItem><ContextItem><Name>MBLNR</Name><Description/><MinRange>0</MinRange><MaxRange>0</MaxRange><Value xsi:type="string">5000324524</Value><ReadOnly>false</ReadOnly><AlertXMLAssigned>false</AlertXMLAssigned></ContextItem><ContextItem><Name>MJAHR</Name><Description/><MinRange>0</MinRange><MaxRange>0</MaxRange><Value xsi:type="string">2017</Value><ReadOnly>false</ReadOnly><AlertXMLAssigned>false</AlertXMLAssigned></ContextItem><ContextItem><Name>SAP_CREDENTIAL</Name><Description/><MinRange>0</MinRange><MaxRange>0</MaxRange><Value xsi:type="string">SAP</Value><ReadOnly>false</ReadOnly><AlertXMLAssigned>false</AlertXMLAssigned></ContextItem><ContextItem><Name>SAP_SERVER</Name><Description/><MinRange>0</MinRange><MaxRange>0</MaxRange><Value xsi:type="string">SAP</Value><ReadOnly>false</ReadOnly><AlertXMLAssigned>false</AlertXMLAssigned></ContextItem><ContextItem><Name>SERNUM</Name><Description/><MinRange>0</MinRange><MaxRange>0</MaxRange><Value xsi:type="string"/><ReadOnly>false</ReadOnly><AlertXMLAssigned>false</AlertXMLAssigned></ContextItem><ContextItem><Name>ZEILE</Name><Description/><MinRange>0</MinRange><MaxRange>0</MaxRange><Value xsi:type="string">001</Value><ReadOnly>false</ReadOnly><AlertXMLAssigned>false</AlertXMLAssigned></ContextItem></Context><Local><ContextItem><Name>REQUEST_OBJK</Name><Description/><MinRange>0</MinRange><MaxRange>0</MaxRange><Value xsi:type="string">&lt;?xml version="1.0" encoding="UTF-8"?&gt;&lt;RFC_READ_TABLE&gt;&#13;
&lt;INPUT&gt;&#13;
&lt;QUERY_TABLE&gt;OBJK&lt;/QUERY_TABLE&gt;&#13;
&lt;ROWCOUNT&gt;9999&lt;/ROWCOUNT&gt;&#13;
&lt;ROWSKIPS&gt;0&lt;/ROWSKIPS&gt;&#13;
&lt;/INPUT&gt;&#13;
&lt;TABLES&gt;&#13;
&lt;DATA&gt;&#13;
&lt;item&gt;&#13;
&lt;WA/&gt;&#13;
&lt;/item&gt;&#13;
&lt;/DATA&gt;&#13;
&lt;FIELDS&gt;&#13;
&lt;item&gt;&#13;
&lt;FIELDNAME&gt;SERNR&lt;/FIELDNAME&gt;&#13;
&lt;OFFSET/&gt;&#13;
&lt;LENGTH/&gt;&#13;
&lt;TYPE/&gt;&#13;
&lt;FIELDTEXT/&gt;&#13;
&lt;/item&gt;&#13;
&lt;item&gt;&#13;
&lt;FIELDNAME&gt;MATNR&lt;/FIELDNAME&gt;&#13;
&lt;OFFSET/&gt;&#13;
&lt;LENGTH/&gt;&#13;
&lt;TYPE/&gt;&#13;
&lt;FIELDTEXT/&gt;&#13;
&lt;/item&gt;&#13;
&lt;item&gt;&#13;
&lt;FIELDNAME&gt;SORTF&lt;/FIELDNAME&gt;&#13;
&lt;OFFSET/&gt;&#13;
&lt;LENGTH/&gt;&#13;
&lt;TYPE/&gt;&#13;
&lt;FIELDTEXT/&gt;&#13;
&lt;/item&gt;&#13;
&lt;/FIELDS&gt;&#13;
&lt;OPTIONS&gt;&#13;
&lt;item&gt;&#13;
&lt;TEXT/&gt;&#13;
&lt;/item&gt;&#13;
&lt;item&gt;&#13;
&lt;TEXT/&gt;&#13;
&lt;/item&gt;&#13;
&lt;item&gt;&#13;
&lt;TEXT/&gt;&#13;
&lt;/item&gt;&#13;
&lt;/OPTIONS&gt;&#13;
&lt;/TABLES&gt;&#13;
&lt;/RFC_READ_TABLE&gt;</Value><ReadOnly>false</ReadOnly><AlertXMLAssigned>false</AlertXMLAssigned></ContextItem><ContextItem><Name>REQUEST_SER03</Name><Description/><MinRange>0</MinRange><MaxRange>0</MaxRange><Value xsi:type="xml"><ReferenceDocumentSource/>&lt;?xml version="1.0" encoding="UTF-8"?&gt;&lt;RFC_READ_TABLE&gt;&#13;
&lt;INPUT&gt;&#13;
&lt;QUERY_TABLE&gt;SER03&lt;/QUERY_TABLE&gt;&#13;
&lt;ROWCOUNT&gt;9999&lt;/ROWCOUNT&gt;&#13;
&lt;ROWSKIPS&gt;0&lt;/ROWSKIPS&gt;&#13;
&lt;/INPUT&gt;&#13;
&lt;TABLES&gt;&#13;
&lt;DATA&gt;&#13;
&lt;item&gt;&#13;
&lt;WA/&gt;&#13;
&lt;/item&gt;&#13;
&lt;/DATA&gt;&#13;
&lt;FIELDS&gt;&#13;
&lt;item&gt;&#13;
&lt;FIELDNAME&gt;OBKNR&lt;/FIELDNAME&gt;&#13;
&lt;OFFSET/&gt;&#13;
&lt;LENGTH/&gt;&#13;
&lt;TYPE/&gt;&#13;
&lt;FIELDTEXT/&gt;&#13;
&lt;/item&gt;&#13;
&lt;/FIELDS&gt;&#13;
&lt;OPTIONS&gt;&#13;
&lt;item&gt;&#13;
&lt;TEXT/&gt;&#13;
&lt;/item&gt;&#13;
&lt;item&gt;&#13;
&lt;TEXT/&gt;&#13;
&lt;/item&gt;&#13;
&lt;item&gt;&#13;
&lt;TEXT/&gt;&#13;
&lt;/item&gt;&#13;
&lt;/OPTIONS&gt;&#13;
&lt;/TABLES&gt;&#13;
&lt;/RFC_READ_TABLE&gt;</Value><SchemaURI/><SchemaElement/><ValidateXMLOnExecution>1</ValidateXMLOnExecution><ReadOnly>false</ReadOnly><AlertXMLAssigned>false</AlertXMLAssigned></ContextItem></Local><Layout><GUILayoutItem><Name>Sequence_1</Name><X>8</X><Y>8</Y><Width>120</Width><SpacingWidth>120</SpacingWidth><DescendantWidth>120</DescendantWidth><Height>96</Height></GUILayoutItem><GUILayoutItem><Name>Sequence_9</Name><X>8</X><Y>280</Y><Width>120</Width><SpacingWidth>120</SpacingWidth><DescendantWidth>120</DescendantWidth><Height>96</Height></GUILayoutItem><GUILayoutItem><Name>SAP_JCo_SER03</Name><X>16</X><Y>296</Y><Width>104</Width><SpacingWidth>0</SpacingWidth><DescendantWidth>0</DescendantWidth><Height>72</Height></GUILayoutItem><GUILayoutItem><Name>Sequence_10</Name><X>8</X><Y>416</Y><Width>120</Width><SpacingWidth>120</SpacingWidth><DescendantWidth>120</DescendantWidth><Height>96</Height></GUILayoutItem><GUILayoutItem><Name>RepeatOnSer03</Name><X>16</X><Y>432</Y><Width>104</Width><SpacingWidth>0</SpacingWidth><DescendantWidth>0</DescendantWidth><Height>72</Height></GUILayoutItem><GUILayoutItem><Name>Sequence_22</Name><X>8</X><Y>552</Y><Width>120</Width><SpacingWidth>120</SpacingWidth><DescendantWidth>120</DescendantWidth><Height>96</Height></GUILayoutItem><GUILayoutItem><Name>ShowSer03</Name><X>16</X><Y>568</Y><Width>104</Width><SpacingWidth>0</SpacingWidth><DescendantWidth>0</DescendantWidth><Height>72</Height></GUILayoutItem><GUILayoutItem><Name>Sequence_0</Name><X>8</X><Y>144</Y><Width>120</Width><SpacingWidth>120</SpacingWidth><DescendantWidth>120</DescendantWidth><Height>96</Height></GUILayoutItem><GUILayoutItem><Name>AssignOPT</Name><X>16</X><Y>160</Y><Width>104</Width><SpacingWidth>0</SpacingWidth><DescendantWidth>0</DescendantWidth><Height>72</Height></GUILayoutItem><GUILayoutItem><Name>Sequence_4</Name><X>8</X><Y>688</Y><Width>120</Width><SpacingWidth>120</SpacingWidth><DescendantWidth>120</DescendantWidth><Height>96</Height></GUILayoutItem><GUILayoutItem><Name>SAP_JCo_OBJK</Name><X>16</X><Y>704</Y><Width>104</Width><SpacingWidth>0</SpacingWidth><DescendantWidth>0</DescendantWidth><Height>72</Height></GUILayoutItem><GUILayoutItem><Name>Sequence_5</Name><X>8</X><Y>960</Y><Width>120</Width><SpacingWidth>120</SpacingWidth><DescendantWidth>120</DescendantWidth><Height>96</Height></GUILayoutItem><GUILayoutItem><Name>ShowOBJK</Name><X>16</X><Y>976</Y><Width>104</Width><SpacingWidth>0</SpacingWidth><DescendantWidth>0</DescendantWidth><Height>72</Height></GUILayoutItem><GUILayoutItem><Name>Sequence_6</Name><X>8</X><Y>824</Y><Width>120</Width><SpacingWidth>120</SpacingWidth><DescendantWidth>120</DescendantWidth><Height>96</Height></GUILayoutItem><GUILayoutItem><Name>RepeatOnOBJK</Name><X>16</X><Y>840</Y><Width>104</Width><SpacingWidth>0</SpacingWidth><DescendantWidth>0</DescendantWidth><Height>72</Height></GUILayoutItem><GUILayoutItem><Name>ShowParam</Name><X>16</X><Y>24</Y><Width>104</Width><SpacingWidth>0</SpacingWidth><DescendantWidth>0</DescendantWidth><Height>72</Height></GUILayoutItem><GUILayoutItem><Name>Sequence_7</Name><X>8</X><Y>1232</Y><Width>120</Width><SpacingWidth>120</SpacingWidth><DescendantWidth>0</DescendantWidth><Height>96</Height></GUILayoutItem><GUILayoutItem><Name>Sequence_3</Name><X>8</X><Y>1096</Y><Width>120</Width><SpacingWidth>120</SpacingWidth><DescendantWidth>120</DescendantWidth><Height>96</Height></GUILayoutItem><GUILayoutItem><Name>SerNumMatch</Name><X>16</X><Y>1112</Y><Width>104</Width><SpacingWidth>0</SpacingWidth><DescendantWidth>0</DescendantWidth><Height>72</Height></GUILayoutItem><GUILayoutItem><Name>AssignMatch</Name><X>16</X><Y>1248</Y><Width>104</Width><SpacingWidth>0</SpacingWidth><DescendantWidth>0</DescendantWidth><Height>72</Height></GUILayoutItem></Layout><Actions><ContextItem><Name>SAP_JCo_SER03</Name><Description/><MinRange>0</MinRange><MaxRange>0</MaxRange><Value xsi:type="SAPJCOInterface"><Request><ReferenceDocumentSource/>&lt;?xml version="1.0" encoding="UTF-8"?&gt;&lt;RFC_READ_TABLE&gt;&lt;INPUT&gt;&lt;DELIMITER&gt; &lt;/DELIMITER&gt;&lt;NO_DATA&gt; &lt;/NO_DATA&gt;&lt;QUERY_TABLE/&gt;&lt;ROWCOUNT&gt;0&lt;/ROWCOUNT&gt;&lt;ROWSKIPS&gt;0&lt;/ROWSKIPS&gt;&lt;/INPUT&gt;&lt;TABLES&gt;&lt;DATA&gt;&lt;item&gt;&lt;WA/&gt;&lt;/item&gt;&lt;/DATA&gt;&lt;FIELDS&gt;&lt;item&gt;&lt;FIELDNAME/&gt;&lt;OFFSET/&gt;&lt;LENGTH/&gt;&lt;TYPE/&gt;&lt;FIELDTEXT/&gt;&lt;/item&gt;&lt;/FIELDS&gt;&lt;OPTIONS&gt;&lt;item&gt;&lt;TEXT/&gt;&lt;/item&gt;&lt;/OPTIONS&gt;&lt;/TABLES&gt;&lt;/RFC_READ_TABLE&gt;</Request><Response><ReferenceDocumentSource/>&lt;?xml version="1.0" encoding="UTF-8"?&gt;&lt;RFC_READ_TABLE&gt;&lt;TABLES&gt;&lt;DATA&gt;&lt;item&gt;&lt;WA/&gt;&lt;/item&gt;&lt;/DATA&gt;&lt;FIELDS&gt;&lt;item&gt;&lt;FIELDNAME/&gt;&lt;OFFSET/&gt;&lt;LENGTH/&gt;&lt;TYPE/&gt;&lt;FIELDTEXT/&gt;&lt;/item&gt;&lt;/FIELDS&gt;&lt;OPTIONS&gt;&lt;item&gt;&lt;TEXT/&gt;&lt;/item&gt;&lt;/OPTIONS&gt;&lt;/TABLES&gt;&lt;/RFC_READ_TABLE&gt;</Response><SAPRFC>RFC_READ_TABLE</SAPRFC><ExecuteFunction>true</ExecuteFunction><AutoCommit>false</AutoCommit><ConnPropAlias>SAP</ConnPropAlias><CredentialAlias>SAP</CredentialAlias><SAPServerName>10.2.9.139</SAPServerName><SAPClient>524</SAPClient><SAPSystemNumber>01</SAPSystemNumber><SAPUserName/><SAPPassword/><Language>EN</Language><SAPSSO2Ticket/><ConnectionTimeout>0</ConnectionTimeout><PoolConnections>false</PoolConnections><LogonGroup/><RecreateFunction>true</RecreateFunction><AllowMultipleRows>true</AllowMultipleRows><DaysRetention>7</DaysRetention><MaxRetryCount>5</MaxRetryCount><RetryInterval>30000</RetryInterval><ProcessingMode>1</ProcessingMode><Filter/><DataBufferComment/><RetryImmediately>false</RetryImmediately></Value><SchemaURI/><SchemaElement/><ValidateXMLOnExecution>1</ValidateXMLOnExecution><SchemaURI/><SchemaElement/><ValidateXMLOnExecution>1</ValidateXMLOnExecution><ReadOnly>false</ReadOnly><AlertXMLAssigned>false</AlertXMLAssigned></ContextItem><ContextItem><Name>RepeatOnSer03</Name><Description/><MinRange>0</MinRange><MaxRange>0</MaxRange><Value xsi:type="RepeaterAction"><Output><ReferenceDocumentSource/>&lt;?xml version="1.0" encoding="UTF-8"?&gt;&lt;item&gt;&#13;
                &lt;WA/&gt;&#13;
            &lt;/item&gt;</Output><Break>false</Break><ItemCount>0</ItemCount><CurrentItem>0</CurrentItem><Source>SAP_JCo_SER03.Response{/RFC_READ_TABLE/TABLES/DATA/item}</Source><Item><ReferenceDocumentSource/>&lt;?xml version="1.0" encoding="UTF-8"?&gt;&lt;item&gt;&#13;
                &lt;WA/&gt;&#13;
            &lt;/item&gt;</Item></Value><SchemaURI/><SchemaElement/><ValidateXMLOnExecution>1</ValidateXMLOnExecution><SchemaURI/><SchemaElement/><ValidateXMLOnExecution>1</ValidateXMLOnExecution><ReadOnly>false</ReadOnly><AlertXMLAssigned>false</AlertXMLAssigned></ContextItem><ContextItem><Name>ShowSer03</Name><Description/><MinRange>0</MinRange><MaxRange>0</MaxRange><Value xsi:type="Tracer"><Message/><Level>INFO</Level></Value><ReadOnly>false</ReadOnly><AlertXMLAssigned>false</AlertXMLAssigned></ContextItem><ContextItem><Name>AssignOPT</Name><Description/><MinRange>0</MinRange><MaxRange>0</MaxRange><Value xsi:type="Assignment"/><ReadOnly>false</ReadOnly><AlertXMLAssigned>false</AlertXMLAssigned></ContextItem><ContextItem><Name>SAP_JCo_OBJK</Name><Description/><MinRange>0</MinRange><MaxRange>0</MaxRange><Value xsi:type="SAPJCOInterface"><Request><ReferenceDocumentSource/>&lt;?xml version="1.0" encoding="UTF-8"?&gt;&lt;RFC_READ_TABLE&gt;&lt;INPUT&gt;&lt;DELIMITER&gt; &lt;/DELIMITER&gt;&lt;NO_DATA&gt; &lt;/NO_DATA&gt;&lt;QUERY_TABLE/&gt;&lt;ROWCOUNT&gt;0&lt;/ROWCOUNT&gt;&lt;ROWSKIPS&gt;0&lt;/ROWSKIPS&gt;&lt;/INPUT&gt;&lt;TABLES&gt;&lt;DATA&gt;&lt;item&gt;&lt;WA/&gt;&lt;/item&gt;&lt;/DATA&gt;&lt;FIELDS&gt;&lt;item&gt;&lt;FIELDNAME/&gt;&lt;OFFSET/&gt;&lt;LENGTH/&gt;&lt;TYPE/&gt;&lt;FIELDTEXT/&gt;&lt;/item&gt;&lt;/FIELDS&gt;&lt;OPTIONS&gt;&lt;item&gt;&lt;TEXT/&gt;&lt;/item&gt;&lt;/OPTIONS&gt;&lt;/TABLES&gt;&lt;/RFC_READ_TABLE&gt;</Request><Response><ReferenceDocumentSource/>&lt;?xml version="1.0" encoding="UTF-8"?&gt;&lt;RFC_READ_TABLE&gt;&lt;TABLES&gt;&lt;DATA&gt;&lt;item&gt;&lt;WA/&gt;&lt;/item&gt;&lt;/DATA&gt;&lt;FIELDS&gt;&lt;item&gt;&lt;FIELDNAME/&gt;&lt;OFFSET/&gt;&lt;LENGTH/&gt;&lt;TYPE/&gt;&lt;FIELDTEXT/&gt;&lt;/item&gt;&lt;/FIELDS&gt;&lt;OPTIONS&gt;&lt;item&gt;&lt;TEXT/&gt;&lt;/item&gt;&lt;/OPTIONS&gt;&lt;/TABLES&gt;&lt;/RFC_READ_TABLE&gt;</Response><SAPRFC>RFC_READ_TABLE</SAPRFC><ExecuteFunction>true</ExecuteFunction><AutoCommit>false</AutoCommit><ConnPropAlias>SAP</ConnPropAlias><CredentialAlias>SAP</CredentialAlias><SAPServerName>10.2.9.139</SAPServerName><SAPClient>524</SAPClient><SAPSystemNumber>01</SAPSystemNumber><SAPUserName/><SAPPassword/><Language>EN</Language><SAPSSO2Ticket/><ConnectionTimeout>0</ConnectionTimeout><PoolConnections>false</PoolConnections><LogonGroup/><RecreateFunction>true</RecreateFunction><AllowMultipleRows>true</AllowMultipleRows><DaysRetention>7</DaysRetention><MaxRetryCount>5</MaxRetryCount><RetryInterval>30000</RetryInterval><ProcessingMode>1</ProcessingMode><Filter/><DataBufferComment/><RetryImmediately>false</RetryImmediately></Value><SchemaURI/><SchemaElement/><ValidateXMLOnExecution>1</ValidateXMLOnExecution><SchemaURI/><SchemaElement/><ValidateXMLOnExecution>1</ValidateXMLOnExecution><ReadOnly>false</ReadOnly><AlertXMLAssigned>false</AlertXMLAssigned></ContextItem><ContextItem><Name>ShowOBJK</Name><Description/><MinRange>0</MinRange><MaxRange>0</MaxRange><Value xsi:type="Tracer"><Message/><Level>INFO</Level></Value><ReadOnly>false</ReadOnly><AlertXMLAssigned>false</AlertXMLAssigned></ContextItem><ContextItem><Name>RepeatOnOBJK</Name><Description/><MinRange>0</MinRange><MaxRange>0</MaxRange><Value xsi:type="RepeaterAction"><Output><ReferenceDocumentSource/>&lt;?xml version="1.0" encoding="UTF-8"?&gt;&lt;item&gt;&#13;
                &lt;WA/&gt;&#13;
            &lt;/item&gt;</Output><Break>false</Break><ItemCount>0</ItemCount><CurrentItem>0</CurrentItem><Source>SAP_JCo_OBJK.Response{/RFC_READ_TABLE/TABLES/DATA/item}</Source><Item><ReferenceDocumentSource/>&lt;?xml version="1.0" encoding="UTF-8"?&gt;&lt;item&gt;&#13;
                &lt;WA/&gt;&#13;
            &lt;/item&gt;</Item></Value><SchemaURI/><SchemaElement/><ValidateXMLOnExecution>1</ValidateXMLOnExecution><SchemaURI/><SchemaElement/><ValidateXMLOnExecution>1</ValidateXMLOnExecution><ReadOnly>false</ReadOnly><AlertXMLAssigned>false</AlertXMLAssigned></ContextItem><ContextItem><Name>ShowParam</Name><Description/><MinRange>0</MinRange><MaxRange>0</MaxRange><Value xsi:type="Tracer"><Message/><Level>INFO</Level></Value><ReadOnly>false</ReadOnly><AlertXMLAssigned>false</AlertXMLAssigned></ContextItem><ContextItem><Name>SerNumMatch</Name><Description/><MinRange>0</MinRange><MaxRange>0</MaxRange><Value xsi:type="ConditionalAction"><Output>false</Output><InputCount>1</InputCount><LogicalAnd>false</LogicalAnd><Input1>false</Input1></Value><ReadOnly>false</ReadOnly><AlertXMLAssigned>false</AlertXMLAssigned></ContextItem><ContextItem><Name>AssignMatch</Name><Description/><MinRange>0</MinRange><MaxRange>0</MaxRange><Value xsi:type="Assignment"/><ReadOnly>false</ReadOnly><AlertXMLAssigned>false</AlertXMLAssigned></ContextItem></Actions><ReaderRoles>SAP_XMII_Super_Administrator,SAP_XMII_Administrator,SAP_XMII_Developer,SAP_XMII_User</ReaderRoles><Steps><Step xsi:type="ActionSequence"><Name>Sequence_1</Name><Description/><Steps><Step xsi:type="ActionSequence"><Name>Sequence_0</Name><Description/><Steps><Step xsi:type="ActionSequence"><Name>Sequence_9</Name><Description/><Steps><Step xsi:type="Repeater"><Name>Sequence_10</Name><Description/><Steps><Step xsi:type="ActionSequence"><Name>Sequence_22</Name><Description/><Steps><Step xsi:type="ActionSequence"><Name>Sequence_4</Name><Description/><Steps><Step xsi:type="Repeater"><Name>Sequence_6</Name><Description/><Steps><Step xsi:type="ActionSequence"><Name>Sequence_5</Name><Description/><Steps><Step xsi:type="Conditional"><Name>Sequence_3</Name><Description/><Steps><Step xsi:type="ActionSequence"><Name>Sequence_7</Name><Description/><Steps/><Actions><Action><Name>AssignMatch</Name><Description> </Description><IncomingLinks/><OutgoingLinks><Assign xsi:type="Assign"><Name/><Description/><To>Transaction.MATCH</To><From>"TRUE"</From></Assign></OutgoingLinks></Action></Actions></Step></Steps><Actions><Action><Name>SerNumMatch</Name><Description> </Description><IncomingLinks><Assign xsi:type="Assign"><Name/><Description/><To>SerNumMatch.Input1</To><From>if(stringtrim(stringpart(RepeatOnOBJK.Output{/item/WA}, 1, 18)) == Transaction.SERNUM,1,0)</From></Assign></IncomingLinks><OutgoingLinks/></Action></Actions></Step></Steps><Actions><Action><Name>ShowOBJK</Name><Description> </Description><IncomingLinks><Assign xsi:type="Assign"><Name/><Description/><To>ShowOBJK.Message</To><From>" &gt;&gt; Row " &amp; RepeatOnOBJK.CurrentItem &amp; " of " &amp; RepeatOnOBJK.ItemCount &amp; " :: SERNUM -- " &amp; 
stringtrim(stringpart(RepeatOnOBJK.Output{/item/WA}, 1, 18)) </From></Assign></IncomingLinks><OutgoingLinks/></Action></Actions></Step></Steps><Actions><Action><Name>RepeatOnOBJK</Name><Description> </Description><IncomingLinks/><OutgoingLinks/></Action></Actions></Step></Steps><Actions><Action><Name>SAP_JCo_OBJK</Name><Description> </Description><IncomingLinks><Assign xsi:type="Assign"><Name/><Description/><To>SAP_JCo_OBJK.ConnPropAlias</To><From>Transaction.SAP_SERVER</From></Assign><Assign xsi:type="Assign"><Name/><Description/><To>SAP_JCo_OBJK.CredentialAlias</To><From>Transaction.SAP_CREDENTIAL</From></Assign><Assign xsi:type="Assign"><Name/><Description/><To>SAP_JCo_OBJK.Request</To><From>Local.REQUEST_OBJK</From></Assign><Assign xsi:type="Assign"><Name/><Description/><To>SAP_JCo_OBJK.Request{/RFC_READ_TABLE/TABLES/OPTIONS/item/TEXT}</To><From>"OBKNR EQ '" &amp; RepeatOnSer03.Output{/item/WA} &amp; "'"</From></Assign></IncomingLinks><OutgoingLinks/></Action></Actions></Step></Steps><Actions><Action><Name>ShowSer03</Name><Description> </Description><IncomingLinks><Assign xsi:type="Assign"><Name/><Description/><To>ShowSer03.Message</To><From>" &gt;&gt; Row " &amp; RepeatOnSer03.CurrentItem &amp; " of " &amp; RepeatOnSer03.ItemCount &amp; " :: OBKNR -- " &amp; RepeatOnSer03.Output{/item/WA}</From></Assign></IncomingLinks><OutgoingLinks/></Action></Actions></Step></Steps><Actions><Action><Name>RepeatOnSer03</Name><Description> </Description><IncomingLinks/><OutgoingLinks/></Action></Actions></Step></Steps><Actions><Action><Name>SAP_JCo_SER03</Name><Description> </Description><IncomingLinks><Assign xsi:type="Assign"><Name/><Description/><To>SAP_JCo_SER03.ConnPropAlias</To><From>Transaction.SAP_SERVER</From></Assign><Assign xsi:type="Assign"><Name/><Description/><To>SAP_JCo_SER03.CredentialAlias</To><From>Transaction.SAP_CREDENTIAL</From></Assign><Assign xsi:type="AssignXml"><Name/><Description/><To>SAP_JCo_SER03.Request</To><From>Local.REQUEST_SER03</From></Assign></IncomingLinks><OutgoingLinks/></Action></Actions></Step></Steps><Actions><Action><Name>AssignOPT</Name><Description> </Description><IncomingLinks/><OutgoingLinks><Assign xsi:type="Assign"><Name/><Description/><To>Local.REQUEST_SER03{/RFC_READ_TABLE/TABLES/OPTIONS/*[1]/TEXT}</To><From>"MBLNR EQ '" &amp; Transaction.MBLNR &amp; "' AND MJAHR EQ '" &amp; Transaction.MJAHR &amp; "' AND ZEILE EQ '" &amp; Transaction.ZEILE &amp; "'"</From></Assign></OutgoingLinks></Action></Actions></Step></Steps><Actions><Action><Name>ShowParam</Name><Description> </Description><IncomingLinks><Assign xsi:type="Assign"><Name/><Description/><To>ShowParam.Message</To><From>"MBLNR: " &amp; Transaction.MBLNR &amp; " -- MJAHR: " &amp; Transaction.MJAHR &amp; " -- ZEILE: " &amp; Transaction.ZEILE</From></Assign></IncomingLinks><OutgoingLinks/></Action></Actions></Step></Steps></Transaction>