<?xml version="1.0" encoding="UTF-8"?><Transaction xmlns:xsd="http://www.w3.org/2001/XMLSchema" xmlns:xsi="http://www.w3.org/2001/XMLSchema-instance" Version="15.0.7.12"><TransactionAttributes><ContextItem><Name>Description</Name><Description>Transaction Description</Description><MinRange>0</MinRange><MaxRange>0</MaxRange><Value xsi:type="string"/><ReadOnly>true</ReadOnly><AlertXMLAssigned>false</AlertXMLAssigned></ContextItem><ContextItem><Name>Comments</Name><Description>User Comments</Description><MinRange>0</MinRange><MaxRange>0</MaxRange><Value xsi:type="string"/><ReadOnly>true</ReadOnly><AlertXMLAssigned>false</AlertXMLAssigned></ContextItem><ContextItem><Name>CreatedBy</Name><Description>Created By</Description><MinRange>0</MinRange><MaxRange>0</MaxRange><Value xsi:type="string">pbrenuka</Value><ReadOnly>true</ReadOnly><AlertXMLAssigned>false</AlertXMLAssigned></ContextItem><ContextItem><Name>CreationDate</Name><Description>Creation Date</Description><MinRange>0</MinRange><MaxRange>0</MaxRange><Value xsi:type="dateTime">2012-07-25T19:13:16</Value><ReadOnly>true</ReadOnly><AlertXMLAssigned>false</AlertXMLAssigned></ContextItem><ContextItem><Name>Category</Name><Description>Transaction Category</Description><MinRange>0</MinRange><MaxRange>0</MaxRange><Value xsi:type="string"/><ReadOnly>true</ReadOnly><AlertXMLAssigned>false</AlertXMLAssigned></ContextItem><ContextItem><Name>Status</Name><Description>Deployment Status</Description><MinRange>0</MinRange><MaxRange>0</MaxRange><Value xsi:type="string">DEVELOPMENT</Value><ReadOnly>true</ReadOnly><AlertXMLAssigned>false</AlertXMLAssigned></ContextItem><ContextItem><Name>LegacyProcessingMode</Name><Description>Support the pre MII 12.1 Transaction Engine.</Description><MinRange>0</MinRange><MaxRange>0</MaxRange><Value xsi:type="boolean">0</Value><ReadOnly>true</ReadOnly><AlertXMLAssigned>false</AlertXMLAssigned></ContextItem><ContextItem><Name>AutoAppendBlankNamespaces</Name><Description>AutoAppendBlankNamespaces</Description><MinRange>0</MinRange><MaxRange>0</MaxRange><Value xsi:type="boolean">1</Value><ReadOnly>true</ReadOnly><AlertXMLAssigned>false</AlertXMLAssigned></ContextItem><ContextItem><Name>ThrowOnLinkError</Name><Description>Throws an exception when a link error occures</Description><MinRange>0</MinRange><MaxRange>0</MaxRange><Value xsi:type="boolean">0</Value><ReadOnly>true</ReadOnly><AlertXMLAssigned>false</AlertXMLAssigned></ContextItem><ContextItem><Name>ThrowOnActionError</Name><Description>Throws an exception when a actionbv error occures</Description><MinRange>0</MinRange><MaxRange>0</MaxRange><Value xsi:type="boolean">1</Value><ReadOnly>true</ReadOnly><AlertXMLAssigned>false</AlertXMLAssigned></ContextItem><ContextItem><Name>LastEditedBy</Name><Description>Last Edited By</Description><MinRange>0</MinRange><MaxRange>0</MaxRange><Value xsi:type="xsd:string">RadPa</Value><ReadOnly>true</ReadOnly><AlertXMLAssigned>false</AlertXMLAssigned></ContextItem><ContextItem><Name>LastEditedDate</Name><Description>Last Edited Date</Description><MinRange>0</MinRange><MaxRange>0</MaxRange><Value xsi:type="xsd:dateTime">2017-01-05T18:45:04</Value><ReadOnly>true</ReadOnly><AlertXMLAssigned>false</AlertXMLAssigned></ContextItem><ContextItem><Name>FormatXMLOnConversion</Name><Description>By default XML will be formatted when assigned from XML data type to String data type. This behaviour can be changed with this flag.</Description><MinRange>0</MinRange><MaxRange>0</MaxRange><Value xsi:type="boolean">1</Value><ReadOnly>true</ReadOnly><AlertXMLAssigned>false</AlertXMLAssigned></ContextItem></TransactionAttributes><Name>MESM/ORDERS_CNF/TRANSACTIONS/postOrderConfECC</Name><Version>178</Version><WriterRoles>SAP_XMII_Super_Administrator,SAP_XMII_Administrator,SAP_XMII_Developer</WriterRoles><Context><ContextItem><Name>ACTIVITYDURATION</Name><Description/><MinRange>0</MinRange><MaxRange>0</MaxRange><Value xsi:type="string">1.0</Value><ReadOnly>false</ReadOnly><AlertXMLAssigned>false</AlertXMLAssigned></ContextItem><ContextItem><Name>CONFTEXT</Name><Description/><MinRange>0</MinRange><MaxRange>0</MaxRange><Value xsi:type="string">01-0001</Value><ReadOnly>false</ReadOnly><AlertXMLAssigned>false</AlertXMLAssigned></ContextItem><ContextItem><Name>FINALCONF</Name><Description/><MinRange>0</MinRange><MaxRange>0</MaxRange><Value xsi:type="string"/><ReadOnly>false</ReadOnly><AlertXMLAssigned>false</AlertXMLAssigned></ContextItem><ContextItem><Name>FINISHDATETIME</Name><Description/><MinRange>0</MinRange><MaxRange>0</MaxRange><Value xsi:type="string">201701030160000</Value><ReadOnly>false</ReadOnly><AlertXMLAssigned>false</AlertXMLAssigned></ContextItem><ContextItem><Name>LABORTIME</Name><Description/><MinRange>0</MinRange><MaxRange>0</MaxRange><Value xsi:type="string">0</Value><ReadOnly>false</ReadOnly><AlertXMLAssigned>false</AlertXMLAssigned></ContextItem><ContextItem><Name>OPERATIONNUMBER</Name><Description/><MinRange>0</MinRange><MaxRange>0</MaxRange><Value xsi:type="string">10</Value><ReadOnly>false</ReadOnly><AlertXMLAssigned>false</AlertXMLAssigned></ContextItem><ContextItem><Name>OPERNR</Name><Description/><MinRange>0</MinRange><MaxRange>0</MaxRange><Value xsi:type="string">9999</Value><ReadOnly>false</ReadOnly><AlertXMLAssigned>false</AlertXMLAssigned></ContextItem><ContextItem><Name>ORDERNUMBER</Name><Description/><MinRange>0</MinRange><MaxRange>0</MaxRange><Value xsi:type="string">888446</Value><ReadOnly>false</ReadOnly><AlertXMLAssigned>false</AlertXMLAssigned></ContextItem><ContextItem><Name>OutputXML</Name><Description/><MinRange>0</MinRange><MaxRange>0</MaxRange><Value xsi:type="xml"><ReferenceDocumentSource/>&lt;?xml version="1.0" encoding="UTF-8"?&gt;&lt;Rowsets DateCreated="2016-07-12T17:00:37" EndDate="2012-07-25T19:48:56" StartDate="2012-07-25T19:48:56" Version="15.0 SP4 Patch 11 (28-Aug-2015)"&gt;&#13;
    &lt;Rowset&gt;&#13;
        &lt;Columns&gt;&#13;
            &lt;Column Description="0 - Failed, 1 - Success, -1 - Exception, -2 - SAP Connection Down" MaxRange="1" MinRange="0" Name="STATUS" SQLDataType="1" SourceColumn="STATUS"/&gt;&#13;
            &lt;Column Description="" MaxRange="1" MinRange="0" Name="ECCRESPONSETYPE" SQLDataType="1" SourceColumn="ECCRESPONSETYPE"/&gt;&#13;
            &lt;Column Description="" MaxRange="1" MinRange="0" Name="ECCRESPONSEMESSAGE" SQLDataType="1" SourceColumn="ECCRESPONSEMESSAGE"/&gt;&#13;
            &lt;Column Description="" MaxRange="1" MinRange="0" Name="OUTPUTMESSAGE" SQLDataType="1" SourceColumn="OUTPUTMESSAGE"/&gt;&#13;
            &lt;Column Description="" MaxRange="1" MinRange="0" Name="CONFNUMBER" SQLDataType="1" SourceColumn="CONFNUMBER"/&gt;&#13;
            &lt;Column Description="" MaxRange="1" MinRange="0" Name="CONFCOUNTER" SQLDataType="1" SourceColumn="CONFCOUNTER"/&gt;&#13;
        &lt;/Columns&gt;&#13;
        &lt;Row&gt;&#13;
            &lt;STATUS/&gt;&#13;
            &lt;ECCRESPONSETYPE/&gt;&#13;
            &lt;ECCRESPONSEMESSAGE/&gt;&#13;
            &lt;OUTPUTMESSAGE/&gt;&#13;
            &lt;CONFNUMBER/&gt;&#13;
            &lt;CONFCOUNTER/&gt;&#13;
        &lt;/Row&gt;&#13;
    &lt;/Rowset&gt;&#13;
&lt;/Rowsets&gt;</Value><SchemaURI/><SchemaElement/><ValidateXMLOnExecution>1</ValidateXMLOnExecution><ReadOnly>true</ReadOnly><AlertXMLAssigned>false</AlertXMLAssigned></ContextItem><ContextItem><Name>PRODPLANT</Name><Description/><MinRange>0</MinRange><MaxRange>0</MaxRange><Value xsi:type="string">3602</Value><ReadOnly>false</ReadOnly><AlertXMLAssigned>false</AlertXMLAssigned></ContextItem><ContextItem><Name>SAP_CREDENTIAL</Name><Description/><MinRange>0</MinRange><MaxRange>0</MaxRange><Value xsi:type="string">SAP</Value><ReadOnly>false</ReadOnly><AlertXMLAssigned>false</AlertXMLAssigned></ContextItem><ContextItem><Name>SAP_SERVER</Name><Description/><MinRange>0</MinRange><MaxRange>0</MaxRange><Value xsi:type="string">SAP</Value><ReadOnly>false</ReadOnly><AlertXMLAssigned>false</AlertXMLAssigned></ContextItem><ContextItem><Name>SCRAPQTY</Name><Description/><MinRange>0</MinRange><MaxRange>0</MaxRange><Value xsi:type="string">0</Value><ReadOnly>false</ReadOnly><AlertXMLAssigned>false</AlertXMLAssigned></ContextItem><ContextItem><Name>SETUPTIME</Name><Description/><MinRange>0</MinRange><MaxRange>0</MaxRange><Value xsi:type="string">0</Value><ReadOnly>false</ReadOnly><AlertXMLAssigned>false</AlertXMLAssigned></ContextItem><ContextItem><Name>STARTDATETIME</Name><Description/><MinRange>0</MinRange><MaxRange>0</MaxRange><Value xsi:type="string">201701030160000</Value><ReadOnly>false</ReadOnly><AlertXMLAssigned>false</AlertXMLAssigned></ContextItem><ContextItem><Name>WORKCENTER</Name><Description/><MinRange>0</MinRange><MaxRange>0</MaxRange><Value xsi:type="string">VWFINAL</Value><ReadOnly>false</ReadOnly><AlertXMLAssigned>false</AlertXMLAssigned></ContextItem><ContextItem><Name>YIELDQTY</Name><Description/><MinRange>0</MinRange><MaxRange>0</MaxRange><Value xsi:type="string">1</Value><ReadOnly>false</ReadOnly><AlertXMLAssigned>false</AlertXMLAssigned></ContextItem></Context><Local><ContextItem><Name>debug</Name><Description/><MinRange>0</MinRange><MaxRange>0</MaxRange><Value xsi:type="string">1</Value><ReadOnly>false</ReadOnly><AlertXMLAssigned>false</AlertXMLAssigned></ContextItem><ContextItem><Name>GM_FULL_XML</Name><Description/><MinRange>0</MinRange><MaxRange>0</MaxRange><Value xsi:type="xml"><ReferenceDocumentSource/>&lt;?xml version="1.0" encoding="UTF-8"?&gt;&lt;GOODSMOVEMENTS&gt;&#13;
&lt;/GOODSMOVEMENTS&gt;</Value><SchemaURI/><SchemaElement/><ValidateXMLOnExecution>1</ValidateXMLOnExecution><ReadOnly>false</ReadOnly><AlertXMLAssigned>false</AlertXMLAssigned></ContextItem><ContextItem><Name>GM_ITEM_XML</Name><Description/><MinRange>0</MinRange><MaxRange>0</MaxRange><Value xsi:type="xml"><ReferenceDocumentSource/>&lt;?xml version="1.0" encoding="UTF-8"?&gt;&lt;item&gt;&#13;
        &lt;MATERIAL/&gt;&#13;
        &lt;PLANT/&gt;&#13;
        &lt;STGE_LOC/&gt;&#13;
        &lt;BATCH/&gt;&#13;
        &lt;MOVE_TYPE/&gt;&#13;
        &lt;STCK_TYPE/&gt;&#13;
        &lt;SPEC_STOCK/&gt;&#13;
        &lt;VENDOR/&gt;&#13;
        &lt;CUSTOMER/&gt;&#13;
        &lt;SALES_ORD/&gt;&#13;
        &lt;S_ORD_ITEM/&gt;&#13;
        &lt;SCHED_LINE/&gt;&#13;
        &lt;VAL_TYPE/&gt;&#13;
        &lt;ENTRY_QNT/&gt;&#13;
        &lt;ENTRY_UOM/&gt;&#13;
        &lt;ENTRY_UOM_ISO/&gt;&#13;
        &lt;PO_PR_QNT/&gt;&#13;
        &lt;ORDERPR_UN/&gt;&#13;
        &lt;ORDERPR_UN_ISO/&gt;&#13;
        &lt;PO_NUMBER/&gt;&#13;
        &lt;PO_ITEM/&gt;&#13;
        &lt;SHIPPING/&gt;&#13;
        &lt;COMP_SHIP/&gt;&#13;
        &lt;NO_MORE_GR/&gt;&#13;
        &lt;ITEM_TEXT/&gt;&#13;
        &lt;GR_RCPT/&gt;&#13;
        &lt;UNLOAD_PT/&gt;&#13;
        &lt;COSTCENTER/&gt;&#13;
        &lt;ORDERID/&gt;&#13;
        &lt;ORDER_ITNO/&gt;&#13;
        &lt;CALC_MOTIVE/&gt;&#13;
        &lt;ASSET_NO/&gt;&#13;
        &lt;SUB_NUMBER/&gt;&#13;
        &lt;RESERV_NO/&gt;&#13;
        &lt;RES_ITEM/&gt;&#13;
        &lt;RES_TYPE/&gt;&#13;
        &lt;WITHDRAWN/&gt;&#13;
        &lt;MOVE_MAT/&gt;&#13;
        &lt;MOVE_PLANT/&gt;&#13;
        &lt;MOVE_STLOC/&gt;&#13;
        &lt;MOVE_BATCH/&gt;&#13;
        &lt;MOVE_VAL_TYPE/&gt;&#13;
        &lt;MVT_IND/&gt;&#13;
        &lt;MOVE_REAS/&gt;&#13;
        &lt;RL_EST_KEY/&gt;&#13;
        &lt;REF_DATE/&gt;&#13;
        &lt;COST_OBJ/&gt;&#13;
        &lt;PROFIT_SEGM_NO/&gt;&#13;
        &lt;PROFIT_CTR/&gt;&#13;
        &lt;WBS_ELEM/&gt;&#13;
        &lt;NETWORK/&gt;&#13;
        &lt;ACTIVITY/&gt;&#13;
        &lt;PART_ACCT/&gt;&#13;
        &lt;AMOUNT_LC/&gt;&#13;
        &lt;AMOUNT_SV/&gt;&#13;
        &lt;REF_DOC_YR/&gt;&#13;
        &lt;REF_DOC/&gt;&#13;
        &lt;REF_DOC_IT/&gt;&#13;
        &lt;EXPIRYDATE/&gt;&#13;
        &lt;PROD_DATE/&gt;&#13;
        &lt;FUND/&gt;&#13;
        &lt;FUNDS_CTR/&gt;&#13;
        &lt;CMMT_ITEM/&gt;&#13;
        &lt;VAL_SALES_ORD/&gt;&#13;
        &lt;VAL_S_ORD_ITEM/&gt;&#13;
        &lt;VAL_WBS_ELEM/&gt;&#13;
        &lt;GL_ACCOUNT/&gt;&#13;
        &lt;IND_PROPOSE_QUANX/&gt;&#13;
        &lt;XSTOB/&gt;&#13;
        &lt;EAN_UPC/&gt;&#13;
        &lt;DELIV_NUMB_TO_SEARCH/&gt;&#13;
        &lt;DELIV_ITEM_TO_SEARCH/&gt;&#13;
        &lt;SERIALNO_AUTO_NUMBERASSIGNMENT/&gt;&#13;
        &lt;VENDRBATCH/&gt;&#13;
        &lt;STGE_TYPE/&gt;&#13;
        &lt;STGE_BIN/&gt;&#13;
        &lt;SU_PL_STCK_1/&gt;&#13;
        &lt;ST_UN_QTYY_1/&gt;&#13;
        &lt;ST_UN_QTYY_1_ISO/&gt;&#13;
        &lt;UNITTYPE_1/&gt;&#13;
        &lt;SU_PL_STCK_2/&gt;&#13;
        &lt;ST_UN_QTYY_2/&gt;&#13;
        &lt;ST_UN_QTYY_2_ISO/&gt;&#13;
        &lt;UNITTYPE_2/&gt;&#13;
        &lt;STGE_TYPE_PC/&gt;&#13;
        &lt;STGE_BIN_PC/&gt;&#13;
        &lt;NO_PST_CHGNT/&gt;&#13;
        &lt;GR_NUMBER/&gt;&#13;
        &lt;STGE_TYPE_ST/&gt;&#13;
        &lt;STGE_BIN_ST/&gt;&#13;
        &lt;MATDOC_TR_CANCEL/&gt;&#13;
        &lt;MATITEM_TR_CANCEL/&gt;&#13;
        &lt;MATYEAR_TR_CANCEL/&gt;&#13;
        &lt;NO_TRANSFER_REQ/&gt;&#13;
        &lt;CO_BUSPROC/&gt;&#13;
        &lt;ACTTYPE/&gt;&#13;
        &lt;SUPPL_VEND/&gt;&#13;
        &lt;MATERIAL_EXTERNAL/&gt;&#13;
        &lt;MATERIAL_GUID/&gt;&#13;
        &lt;MATERIAL_VERSION/&gt;&#13;
        &lt;MOVE_MAT_EXTERNAL/&gt;&#13;
        &lt;MOVE_MAT_GUID/&gt;&#13;
        &lt;MOVE_MAT_VERSION/&gt;&#13;
        &lt;FUNC_AREA/&gt;&#13;
        &lt;TR_PART_BA/&gt;&#13;
        &lt;PAR_COMPCO/&gt;&#13;
        &lt;DELIV_NUMB/&gt;&#13;
        &lt;DELIV_ITEM/&gt;&#13;
        &lt;NB_SLIPS/&gt;&#13;
        &lt;NB_SLIPSX/&gt;&#13;
        &lt;GR_RCPTX/&gt;&#13;
        &lt;UNLOAD_PTX/&gt;&#13;
        &lt;SPEC_MVMT/&gt;&#13;
        &lt;GRANT_NBR/&gt;&#13;
        &lt;CMMT_ITEM_LONG/&gt;&#13;
        &lt;FUNC_AREA_LONG/&gt;&#13;
        &lt;LINE_ID/&gt;&#13;
        &lt;PARENT_ID/&gt;&#13;
        &lt;LINE_DEPTH/&gt;&#13;
        &lt;QUANTITY/&gt;&#13;
        &lt;BASE_UOM/&gt;&#13;
        &lt;LONGNUM/&gt;&#13;
        &lt;BUDGET_PERIOD/&gt;&#13;
        &lt;EARMARKED_NUMBER/&gt;&#13;
        &lt;EARMARKED_ITEM/&gt;&#13;
    &lt;/item&gt;</Value><SchemaURI/><SchemaElement/><ValidateXMLOnExecution>1</ValidateXMLOnExecution><ReadOnly>false</ReadOnly><AlertXMLAssigned>false</AlertXMLAssigned></ContextItem><ContextItem><Name>GOODSMOVEMENTSXML</Name><Description/><MinRange>0</MinRange><MaxRange>0</MaxRange><Value xsi:type="xml"><ReferenceDocumentSource/>&lt;?xml version="1.0" encoding="UTF-8"?&gt;&lt;GOODSMOVEMENTS&gt;&#13;
    &lt;item&gt;&#13;
        &lt;MATERIAL/&gt;&#13;
        &lt;PLANT/&gt;&#13;
        &lt;STGE_LOC/&gt;&#13;
        &lt;BATCH/&gt;&#13;
        &lt;MOVE_TYPE/&gt;&#13;
        &lt;STCK_TYPE/&gt;&#13;
        &lt;SPEC_STOCK/&gt;&#13;
        &lt;VENDOR/&gt;&#13;
        &lt;CUSTOMER/&gt;&#13;
        &lt;SALES_ORD/&gt;&#13;
        &lt;S_ORD_ITEM/&gt;&#13;
        &lt;SCHED_LINE/&gt;&#13;
        &lt;VAL_TYPE/&gt;&#13;
        &lt;ENTRY_QNT/&gt;&#13;
        &lt;ENTRY_UOM/&gt;&#13;
        &lt;ENTRY_UOM_ISO/&gt;&#13;
        &lt;PO_PR_QNT/&gt;&#13;
        &lt;ORDERPR_UN/&gt;&#13;
        &lt;ORDERPR_UN_ISO/&gt;&#13;
        &lt;PO_NUMBER/&gt;&#13;
        &lt;PO_ITEM/&gt;&#13;
        &lt;SHIPPING/&gt;&#13;
        &lt;COMP_SHIP/&gt;&#13;
        &lt;NO_MORE_GR/&gt;&#13;
        &lt;ITEM_TEXT/&gt;&#13;
        &lt;GR_RCPT/&gt;&#13;
        &lt;UNLOAD_PT/&gt;&#13;
        &lt;COSTCENTER/&gt;&#13;
        &lt;ORDERID/&gt;&#13;
        &lt;ORDER_ITNO/&gt;&#13;
        &lt;CALC_MOTIVE/&gt;&#13;
        &lt;ASSET_NO/&gt;&#13;
        &lt;SUB_NUMBER/&gt;&#13;
        &lt;RESERV_NO/&gt;&#13;
        &lt;RES_ITEM/&gt;&#13;
        &lt;RES_TYPE/&gt;&#13;
        &lt;WITHDRAWN/&gt;&#13;
        &lt;MOVE_MAT/&gt;&#13;
        &lt;MOVE_PLANT/&gt;&#13;
        &lt;MOVE_STLOC/&gt;&#13;
        &lt;MOVE_BATCH/&gt;&#13;
        &lt;MOVE_VAL_TYPE/&gt;&#13;
        &lt;MVT_IND/&gt;&#13;
        &lt;MOVE_REAS/&gt;&#13;
        &lt;RL_EST_KEY/&gt;&#13;
        &lt;REF_DATE/&gt;&#13;
        &lt;COST_OBJ/&gt;&#13;
        &lt;PROFIT_SEGM_NO/&gt;&#13;
        &lt;PROFIT_CTR/&gt;&#13;
        &lt;WBS_ELEM/&gt;&#13;
        &lt;NETWORK/&gt;&#13;
        &lt;ACTIVITY/&gt;&#13;
        &lt;PART_ACCT/&gt;&#13;
        &lt;AMOUNT_LC/&gt;&#13;
        &lt;AMOUNT_SV/&gt;&#13;
        &lt;REF_DOC_YR/&gt;&#13;
        &lt;REF_DOC/&gt;&#13;
        &lt;REF_DOC_IT/&gt;&#13;
        &lt;EXPIRYDATE/&gt;&#13;
        &lt;PROD_DATE/&gt;&#13;
        &lt;FUND/&gt;&#13;
        &lt;FUNDS_CTR/&gt;&#13;
        &lt;CMMT_ITEM/&gt;&#13;
        &lt;VAL_SALES_ORD/&gt;&#13;
        &lt;VAL_S_ORD_ITEM/&gt;&#13;
        &lt;VAL_WBS_ELEM/&gt;&#13;
        &lt;GL_ACCOUNT/&gt;&#13;
        &lt;IND_PROPOSE_QUANX/&gt;&#13;
        &lt;XSTOB/&gt;&#13;
        &lt;EAN_UPC/&gt;&#13;
        &lt;DELIV_NUMB_TO_SEARCH/&gt;&#13;
        &lt;DELIV_ITEM_TO_SEARCH/&gt;&#13;
        &lt;SERIALNO_AUTO_NUMBERASSIGNMENT/&gt;&#13;
        &lt;VENDRBATCH/&gt;&#13;
        &lt;STGE_TYPE/&gt;&#13;
        &lt;STGE_BIN/&gt;&#13;
        &lt;SU_PL_STCK_1/&gt;&#13;
        &lt;ST_UN_QTYY_1/&gt;&#13;
        &lt;ST_UN_QTYY_1_ISO/&gt;&#13;
        &lt;UNITTYPE_1/&gt;&#13;
        &lt;SU_PL_STCK_2/&gt;&#13;
        &lt;ST_UN_QTYY_2/&gt;&#13;
        &lt;ST_UN_QTYY_2_ISO/&gt;&#13;
        &lt;UNITTYPE_2/&gt;&#13;
        &lt;STGE_TYPE_PC/&gt;&#13;
        &lt;STGE_BIN_PC/&gt;&#13;
        &lt;NO_PST_CHGNT/&gt;&#13;
        &lt;GR_NUMBER/&gt;&#13;
        &lt;STGE_TYPE_ST/&gt;&#13;
        &lt;STGE_BIN_ST/&gt;&#13;
        &lt;MATDOC_TR_CANCEL/&gt;&#13;
        &lt;MATITEM_TR_CANCEL/&gt;&#13;
        &lt;MATYEAR_TR_CANCEL/&gt;&#13;
        &lt;NO_TRANSFER_REQ/&gt;&#13;
        &lt;CO_BUSPROC/&gt;&#13;
        &lt;ACTTYPE/&gt;&#13;
        &lt;SUPPL_VEND/&gt;&#13;
        &lt;MATERIAL_EXTERNAL/&gt;&#13;
        &lt;MATERIAL_GUID/&gt;&#13;
        &lt;MATERIAL_VERSION/&gt;&#13;
        &lt;MOVE_MAT_EXTERNAL/&gt;&#13;
        &lt;MOVE_MAT_GUID/&gt;&#13;
        &lt;MOVE_MAT_VERSION/&gt;&#13;
        &lt;FUNC_AREA/&gt;&#13;
        &lt;TR_PART_BA/&gt;&#13;
        &lt;PAR_COMPCO/&gt;&#13;
        &lt;DELIV_NUMB/&gt;&#13;
        &lt;DELIV_ITEM/&gt;&#13;
        &lt;NB_SLIPS/&gt;&#13;
        &lt;NB_SLIPSX/&gt;&#13;
        &lt;GR_RCPTX/&gt;&#13;
        &lt;UNLOAD_PTX/&gt;&#13;
        &lt;SPEC_MVMT/&gt;&#13;
        &lt;GRANT_NBR/&gt;&#13;
        &lt;CMMT_ITEM_LONG/&gt;&#13;
        &lt;FUNC_AREA_LONG/&gt;&#13;
        &lt;LINE_ID/&gt;&#13;
        &lt;PARENT_ID/&gt;&#13;
        &lt;LINE_DEPTH/&gt;&#13;
        &lt;QUANTITY/&gt;&#13;
        &lt;BASE_UOM/&gt;&#13;
        &lt;LONGNUM/&gt;&#13;
        &lt;BUDGET_PERIOD/&gt;&#13;
        &lt;EARMARKED_NUMBER/&gt;&#13;
        &lt;EARMARKED_ITEM/&gt;&#13;
    &lt;/item&gt;&#13;
&lt;/GOODSMOVEMENTS&gt;</Value><SchemaURI/><SchemaElement/><ValidateXMLOnExecution>1</ValidateXMLOnExecution><ReadOnly>false</ReadOnly><AlertXMLAssigned>false</AlertXMLAssigned></ContextItem><ContextItem><Name>isCompErr</Name><Description/><MinRange>0</MinRange><MaxRange>0</MaxRange><Value xsi:type="boolean">0</Value><ReadOnly>false</ReadOnly><AlertXMLAssigned>false</AlertXMLAssigned></ContextItem><ContextItem><Name>LocalDateFormat</Name><Description/><MinRange>0</MinRange><MaxRange>0</MaxRange><Value xsi:type="string">yyyyMMddHHmmss</Value><ReadOnly>false</ReadOnly><AlertXMLAssigned>false</AlertXMLAssigned></ContextItem><ContextItem><Name>LocalDateTime</Name><Description/><MinRange>0</MinRange><MaxRange>0</MaxRange><Value xsi:type="string"/><ReadOnly>false</ReadOnly><AlertXMLAssigned>false</AlertXMLAssigned></ContextItem><ContextItem><Name>LocalNumberFormat</Name><Description/><MinRange>0</MinRange><MaxRange>0</MaxRange><Value xsi:type="string">0.000</Value><ReadOnly>false</ReadOnly><AlertXMLAssigned>false</AlertXMLAssigned></ContextItem><ContextItem><Name>TIMETICKETSXML</Name><Description/><MinRange>0</MinRange><MaxRange>0</MaxRange><Value xsi:type="xml"><ReferenceDocumentSource/>&lt;?xml version="1.0" encoding="UTF-8"?&gt;&lt;TIMETICKETS&gt;&#13;
	&lt;item&gt;&#13;
		&lt;CONF_NO/&gt;&#13;
		&lt;ORDERID/&gt;&#13;
		&lt;SEQUENCE/&gt;&#13;
		&lt;OPERATION/&gt;&#13;
		&lt;SUB_OPER/&gt;&#13;
		&lt;CAPA_CATEGORY/&gt;&#13;
		&lt;SPLIT/&gt;&#13;
		&lt;FIN_CONF/&gt;&#13;
		&lt;CLEAR_RES/&gt;&#13;
		&lt;POSTG_DATE/&gt;&#13;
		&lt;DEV_REASON/&gt;&#13;
		&lt;CONF_TEXT/&gt;&#13;
		&lt;PLANT/&gt;&#13;
		&lt;WORK_CNTR/&gt;&#13;
		&lt;RECORDTYPE/&gt;&#13;
		&lt;CONF_QUAN_UNIT/&gt;&#13;
		&lt;CONF_QUAN_UNIT_ISO/&gt;&#13;
		&lt;YIELD/&gt;&#13;
		&lt;SCRAP/&gt;&#13;
		&lt;REWORK/&gt;&#13;
		&lt;CONF_ACTI_UNIT1/&gt;&#13;
		&lt;CONF_ACTI_UNIT1_ISO/&gt;&#13;
		&lt;CONF_ACTIVITY1/&gt;&#13;
		&lt;NO_REMN_ACTI1/&gt;&#13;
		&lt;CONF_ACTI_UNIT2/&gt;&#13;
		&lt;CONF_ACTI_UNIT2_ISO/&gt;&#13;
		&lt;CONF_ACTIVITY2/&gt;&#13;
		&lt;NO_REMN_ACTI2/&gt;&#13;
		&lt;CONF_ACTI_UNIT3/&gt;&#13;
		&lt;CONF_ACTI_UNIT3_ISO/&gt;&#13;
		&lt;CONF_ACTIVITY3/&gt;&#13;
		&lt;NO_REMN_ACTI3/&gt;&#13;
		&lt;CONF_ACTI_UNIT4/&gt;&#13;
		&lt;CONF_ACTI_UNIT4_ISO/&gt;&#13;
		&lt;CONF_ACTIVITY4/&gt;&#13;
		&lt;NO_REMN_ACTI4/&gt;&#13;
		&lt;CONF_ACTI_UNIT5/&gt;&#13;
		&lt;CONF_ACTI_UNIT5_ISO/&gt;&#13;
		&lt;CONF_ACTIVITY5/&gt;&#13;
		&lt;NO_REMN_ACTI5/&gt;&#13;
		&lt;CONF_ACTI_UNIT6/&gt;&#13;
		&lt;CONF_ACTI_UNIT6_ISO/&gt;&#13;
		&lt;CONF_ACTIVITY6/&gt;&#13;
		&lt;NO_REMN_ACTI6/&gt;&#13;
		&lt;CONF_BUS_PROC_UNIT1/&gt;&#13;
		&lt;CONF_BUS_PROC_UNIT1_ISO/&gt;&#13;
		&lt;CONF_BUS_PROC1/&gt;&#13;
		&lt;NO_REMN_BUS_PROC1/&gt;&#13;
		&lt;EXEC_START_DATE/&gt;&#13;
		&lt;EXEC_START_TIME/&gt;&#13;
		&lt;SETUP_FIN_DATE/&gt;&#13;
		&lt;SETUP_FIN_TIME/&gt;&#13;
		&lt;PROC_START_DATE/&gt;&#13;
		&lt;PROC_START_TIME/&gt;&#13;
		&lt;PROC_FIN_DATE/&gt;&#13;
		&lt;PROC_FIN_TIME/&gt;&#13;
		&lt;TEARDOWN_START_DATE/&gt;&#13;
		&lt;TEARDOWN_START_TIME/&gt;&#13;
		&lt;EXEC_FIN_DATE/&gt;&#13;
		&lt;EXEC_FIN_TIME/&gt;&#13;
		&lt;FCST_FIN_DATE/&gt;&#13;
		&lt;FCST_FIN_TIME/&gt;&#13;
		&lt;STD_UNIT1/&gt;&#13;
		&lt;STD_UNIT1_ISO/&gt;&#13;
		&lt;FORCAST_STD_VAL1/&gt;&#13;
		&lt;STD_UNIT2/&gt;&#13;
		&lt;STD_UNIT2_ISO/&gt;&#13;
		&lt;FORCAST_STD_VAL2/&gt;&#13;
		&lt;STD_UNIT3/&gt;&#13;
		&lt;STD_UNIT3_ISO/&gt;&#13;
		&lt;FORCAST_STD_VAL3/&gt;&#13;
		&lt;STD_UNIT4/&gt;&#13;
		&lt;STD_UNIT4_ISO/&gt;&#13;
		&lt;FORCAST_STD_VAL4/&gt;&#13;
		&lt;STD_UNIT5/&gt;&#13;
		&lt;STD_UNIT5_ISO/&gt;&#13;
		&lt;FORCAST_STD_VAL5/&gt;&#13;
		&lt;STD_UNIT6/&gt;&#13;
		&lt;STD_UNIT6_ISO/&gt;&#13;
		&lt;FORCAST_STD_VAL6/&gt;&#13;
		&lt;FORCAST_BUS_PROC_UNIT1/&gt;&#13;
		&lt;FORC_BUS_PROC_UNIT1_ISO/&gt;&#13;
		&lt;FORCAST_BUS_PROC_VAL1/&gt;&#13;
		&lt;PERS_NO/&gt;&#13;
		&lt;TIMEID_NO/&gt;&#13;
		&lt;WAGETYPE/&gt;&#13;
		&lt;SUITABILITY/&gt;&#13;
		&lt;NO_OF_EMPLOYEE/&gt;&#13;
		&lt;WAGEGROUP/&gt;&#13;
		&lt;BREAK_UNIT/&gt;&#13;
		&lt;BREAK_UNIT_ISO/&gt;&#13;
		&lt;BREAK_TIME/&gt;&#13;
		&lt;EX_CREATED_BY/&gt;&#13;
		&lt;EX_CREATED_DATE/&gt;&#13;
		&lt;EX_CREATED_TIME/&gt;&#13;
		&lt;TARGET_ACTI1/&gt;&#13;
		&lt;TARGET_ACTI2/&gt;&#13;
		&lt;TARGET_ACTI3/&gt;&#13;
		&lt;TARGET_ACTI4/&gt;&#13;
		&lt;TARGET_ACTI5/&gt;&#13;
		&lt;TARGET_ACTI6/&gt;&#13;
		&lt;TARGET_BUS_PROC1/&gt;&#13;
		&lt;EX_IDENT/&gt;&#13;
		&lt;LOGDATE/&gt;&#13;
		&lt;LOGTIME/&gt;&#13;
		&lt;WIP_BATCH/&gt;&#13;
		&lt;VENDRBATCH/&gt;&#13;
	&lt;/item&gt;&#13;
&lt;/TIMETICKETS&gt;</Value><SchemaURI/><SchemaElement/><ValidateXMLOnExecution>1</ValidateXMLOnExecution><ReadOnly>false</ReadOnly><AlertXMLAssigned>false</AlertXMLAssigned></ContextItem></Local><Layout><GUILayoutItem><Name>Sequence</Name><X>800</X><Y>280</Y><Width>120</Width><SpacingWidth>1704</SpacingWidth><DescendantWidth>1704</DescendantWidth><Height>96</Height></GUILayoutItem><GUILayoutItem><Name>Sequence_0</Name><X>728</X><Y>416</Y><Width>120</Width><SpacingWidth>1560</SpacingWidth><DescendantWidth>1560</DescendantWidth><Height>96</Height></GUILayoutItem><GUILayoutItem><Name>Exception_Enabler_0</Name><X>808</X><Y>296</Y><Width>104</Width><SpacingWidth>0</SpacingWidth><DescendantWidth>0</DescendantWidth><Height>72</Height></GUILayoutItem><GUILayoutItem><Name>Sequence_1</Name><X>1592</X><Y>416</Y><Width>120</Width><SpacingWidth>120</SpacingWidth><DescendantWidth>120</DescendantWidth><Height>96</Height></GUILayoutItem><GUILayoutItem><Name>Catch_0</Name><X>1600</X><Y>432</Y><Width>104</Width><SpacingWidth>0</SpacingWidth><DescendantWidth>0</DescendantWidth><Height>72</Height></GUILayoutItem><GUILayoutItem><Name>Start_Session_0</Name><X>736</X><Y>432</Y><Width>104</Width><SpacingWidth>0</SpacingWidth><DescendantWidth>0</DescendantWidth><Height>72</Height></GUILayoutItem><GUILayoutItem><Name>Sequence_2</Name><X>728</X><Y>688</Y><Width>120</Width><SpacingWidth>1560</SpacingWidth><DescendantWidth>1560</DescendantWidth><Height>96</Height></GUILayoutItem><GUILayoutItem><Name>Exception_Enabler_1</Name><X>736</X><Y>704</Y><Width>104</Width><SpacingWidth>0</SpacingWidth><DescendantWidth>0</DescendantWidth><Height>72</Height></GUILayoutItem><GUILayoutItem><Name>Sequence_4</Name><X>1448</X><Y>824</Y><Width>120</Width><SpacingWidth>120</SpacingWidth><DescendantWidth>120</DescendantWidth><Height>96</Height></GUILayoutItem><GUILayoutItem><Name>Catch_1</Name><X>1456</X><Y>840</Y><Width>104</Width><SpacingWidth>0</SpacingWidth><DescendantWidth>0</DescendantWidth><Height>72</Height></GUILayoutItem><GUILayoutItem><Name>Sequence_5</Name><X>656</X><Y>824</Y><Width>120</Width><SpacingWidth>1416</SpacingWidth><DescendantWidth>1416</DescendantWidth><Height>96</Height></GUILayoutItem><GUILayoutItem><Name>Sequence_6</Name><X>1592</X><Y>552</Y><Width>120</Width><SpacingWidth>120</SpacingWidth><DescendantWidth>0</DescendantWidth><Height>96</Height></GUILayoutItem><GUILayoutItem><Name>format_input</Name><X>664</X><Y>840</Y><Width>104</Width><SpacingWidth>0</SpacingWidth><DescendantWidth>0</DescendantWidth><Height>72</Height></GUILayoutItem><GUILayoutItem><Name>Sequence_7</Name><X>584</X><Y>960</Y><Width>120</Width><SpacingWidth>1272</SpacingWidth><DescendantWidth>1272</DescendantWidth><Height>96</Height></GUILayoutItem><GUILayoutItem><Name>BAPI_TT_PROP</Name><X>592</X><Y>976</Y><Width>104</Width><SpacingWidth>0</SpacingWidth><DescendantWidth>0</DescendantWidth><Height>72</Height></GUILayoutItem><GUILayoutItem><Name>Sequence_19</Name><X>1448</X><Y>1096</Y><Width>120</Width><SpacingWidth>120</SpacingWidth><DescendantWidth>0</DescendantWidth><Height>96</Height></GUILayoutItem><GUILayoutItem><Name>Row_3</Name><X>1456</X><Y>1112</Y><Width>104</Width><SpacingWidth>0</SpacingWidth><DescendantWidth>0</DescendantWidth><Height>72</Height></GUILayoutItem><GUILayoutItem><Name>Row_4</Name><X>1600</X><Y>568</Y><Width>104</Width><SpacingWidth>0</SpacingWidth><DescendantWidth>0</DescendantWidth><Height>72</Height></GUILayoutItem><GUILayoutItem><Name>Sequence_24</Name><X>1448</X><Y>960</Y><Width>120</Width><SpacingWidth>120</SpacingWidth><DescendantWidth>120</DescendantWidth><Height>96</Height></GUILayoutItem><GUILayoutItem><Name>End_Session_2</Name><X>1456</X><Y>976</Y><Width>104</Width><SpacingWidth>0</SpacingWidth><DescendantWidth>0</DescendantWidth><Height>72</Height></GUILayoutItem><GUILayoutItem><Name>Sequence_25</Name><X>872</X><Y>144</Y><Width>120</Width><SpacingWidth>1848</SpacingWidth><DescendantWidth>1848</DescendantWidth><Height>96</Height></GUILayoutItem><GUILayoutItem><Name>OutputDocument</Name><X>880</X><Y>160</Y><Width>104</Width><SpacingWidth>0</SpacingWidth><DescendantWidth>0</DescendantWidth><Height>72</Height></GUILayoutItem><GUILayoutItem><Name>Sequence_3</Name><X>1304</X><Y>960</Y><Width>120</Width><SpacingWidth>120</SpacingWidth><DescendantWidth>0</DescendantWidth><Height>96</Height></GUILayoutItem><GUILayoutItem><Name>End_Session_1</Name><X>1312</X><Y>976</Y><Width>104</Width><SpacingWidth>0</SpacingWidth><DescendantWidth>0</DescendantWidth><Height>72</Height></GUILayoutItem><GUILayoutItem><Name>Sequence_26</Name><X>1736</X><Y>280</Y><Width>120</Width><SpacingWidth>120</SpacingWidth><DescendantWidth>120</DescendantWidth><Height>96</Height></GUILayoutItem><GUILayoutItem><Name>Sequence_18</Name><X>728</X><Y>552</Y><Width>120</Width><SpacingWidth>1560</SpacingWidth><DescendantWidth>1560</DescendantWidth><Height>96</Height></GUILayoutItem><GUILayoutItem><Name>isECCConnectOk</Name><X>736</X><Y>568</Y><Width>104</Width><SpacingWidth>0</SpacingWidth><DescendantWidth>0</DescendantWidth><Height>72</Height></GUILayoutItem><GUILayoutItem><Name>Sequence_20</Name><X>872</X><Y>8</Y><Width>120</Width><SpacingWidth>1848</SpacingWidth><DescendantWidth>1848</DescendantWidth><Height>96</Height></GUILayoutItem><GUILayoutItem><Name>ShowParam</Name><X>880</X><Y>24</Y><Width>104</Width><SpacingWidth>0</SpacingWidth><DescendantWidth>0</DescendantWidth><Height>72</Height></GUILayoutItem><GUILayoutItem><Name>Sequence_23</Name><X>1736</X><Y>552</Y><Width>120</Width><SpacingWidth>120</SpacingWidth><DescendantWidth>0</DescendantWidth><Height>96</Height></GUILayoutItem><GUILayoutItem><Name>Show_XMLOUT</Name><X>1744</X><Y>568</Y><Width>104</Width><SpacingWidth>0</SpacingWidth><DescendantWidth>0</DescendantWidth><Height>72</Height></GUILayoutItem><GUILayoutItem><Name>Sequence_21</Name><X>1736</X><Y>416</Y><Width>120</Width><SpacingWidth>120</SpacingWidth><DescendantWidth>120</DescendantWidth><Height>96</Height></GUILayoutItem><GUILayoutItem><Name>return</Name><X>1744</X><Y>432</Y><Width>104</Width><SpacingWidth>0</SpacingWidth><DescendantWidth>0</DescendantWidth><Height>72</Height></GUILayoutItem><GUILayoutItem><Name>AssignXMLOUT</Name><X>1744</X><Y>296</Y><Width>104</Width><SpacingWidth>0</SpacingWidth><DescendantWidth>0</DescendantWidth><Height>72</Height></GUILayoutItem><GUILayoutItem><Name>Sequence_12</Name><X>584</X><Y>1096</Y><Width>120</Width><SpacingWidth>1272</SpacingWidth><DescendantWidth>1272</DescendantWidth><Height>96</Height></GUILayoutItem><GUILayoutItem><Name>BAPI_TT_PROP_ok</Name><X>592</X><Y>1112</Y><Width>104</Width><SpacingWidth>0</SpacingWidth><DescendantWidth>0</DescendantWidth><Height>72</Height></GUILayoutItem><GUILayoutItem><Name>Sequence_14</Name><X>1160</X><Y>1232</Y><Width>120</Width><SpacingWidth>120</SpacingWidth><DescendantWidth>0</DescendantWidth><Height>96</Height></GUILayoutItem><GUILayoutItem><Name>Row_0</Name><X>1168</X><Y>1248</Y><Width>104</Width><SpacingWidth>0</SpacingWidth><DescendantWidth>0</DescendantWidth><Height>72</Height></GUILayoutItem><GUILayoutItem><Name>Sequence_29</Name><X>512</X><Y>1232</Y><Width>120</Width><SpacingWidth>1128</SpacingWidth><DescendantWidth>1128</DescendantWidth><Height>96</Height></GUILayoutItem><GUILayoutItem><Name>timeTicketsXML</Name><X>520</X><Y>1248</Y><Width>104</Width><SpacingWidth>0</SpacingWidth><DescendantWidth>0</DescendantWidth><Height>72</Height></GUILayoutItem><GUILayoutItem><Name>Sequence_35</Name><X>512</X><Y>1368</Y><Width>120</Width><SpacingWidth>1128</SpacingWidth><DescendantWidth>1128</DescendantWidth><Height>96</Height></GUILayoutItem><GUILayoutItem><Name>Sequence_37</Name><X>8</X><Y>1640</Y><Width>120</Width><SpacingWidth>120</SpacingWidth><DescendantWidth>120</DescendantWidth><Height>96</Height></GUILayoutItem><GUILayoutItem><Name>ShowTT</Name><X>16</X><Y>1656</Y><Width>104</Width><SpacingWidth>0</SpacingWidth><DescendantWidth>0</DescendantWidth><Height>72</Height></GUILayoutItem><GUILayoutItem><Name>Sequence_27</Name><X>584</X><Y>1504</Y><Width>120</Width><SpacingWidth>984</SpacingWidth><DescendantWidth>984</DescendantWidth><Height>96</Height></GUILayoutItem><GUILayoutItem><Name>Sequence_30</Name><X>368</X><Y>1640</Y><Width>120</Width><SpacingWidth>552</SpacingWidth><DescendantWidth>552</DescendantWidth><Height>96</Height></GUILayoutItem><GUILayoutItem><Name>RepeatOnGM</Name><X>376</X><Y>1656</Y><Width>104</Width><SpacingWidth>0</SpacingWidth><DescendantWidth>0</DescendantWidth><Height>72</Height></GUILayoutItem><GUILayoutItem><Name>Sequence_9</Name><X>872</X><Y>1776</Y><Width>120</Width><SpacingWidth>408</SpacingWidth><DescendantWidth>408</DescendantWidth><Height>96</Height></GUILayoutItem><GUILayoutItem><Name>BAPI_CREATE_TT</Name><X>880</X><Y>1792</Y><Width>104</Width><SpacingWidth>0</SpacingWidth><DescendantWidth>0</DescendantWidth><Height>72</Height></GUILayoutItem><GUILayoutItem><Name>Sequence_13</Name><X>728</X><Y>2184</Y><Width>120</Width><SpacingWidth>120</SpacingWidth><DescendantWidth>0</DescendantWidth><Height>96</Height></GUILayoutItem><GUILayoutItem><Name>Response</Name><X>736</X><Y>2200</Y><Width>104</Width><SpacingWidth>0</SpacingWidth><DescendantWidth>0</DescendantWidth><Height>72</Height></GUILayoutItem><GUILayoutItem><Name>Sequence_38</Name><X>368</X><Y>1776</Y><Width>120</Width><SpacingWidth>552</SpacingWidth><DescendantWidth>552</DescendantWidth><Height>96</Height></GUILayoutItem><GUILayoutItem><Name>Sequence_40</Name><X>152</X><Y>2048</Y><Width>120</Width><SpacingWidth>120</SpacingWidth><DescendantWidth>0</DescendantWidth><Height>96</Height></GUILayoutItem><GUILayoutItem><Name>Sequence_8</Name><X>440</X><Y>1912</Y><Width>120</Width><SpacingWidth>408</SpacingWidth><DescendantWidth>408</DescendantWidth><Height>96</Height></GUILayoutItem><GUILayoutItem><Name>Sequence_28</Name><X>368</X><Y>2048</Y><Width>120</Width><SpacingWidth>264</SpacingWidth><DescendantWidth>264</DescendantWidth><Height>96</Height></GUILayoutItem><GUILayoutItem><Name>GM101</Name><X>376</X><Y>2064</Y><Width>104</Width><SpacingWidth>0</SpacingWidth><DescendantWidth>0</DescendantWidth><Height>72</Height></GUILayoutItem><GUILayoutItem><Name>Sequence_22</Name><X>296</X><Y>2184</Y><Width>120</Width><SpacingWidth>120</SpacingWidth><DescendantWidth>0</DescendantWidth><Height>96</Height></GUILayoutItem><GUILayoutItem><Name>AssignToItem_101</Name><X>304</X><Y>2200</Y><Width>104</Width><SpacingWidth>0</SpacingWidth><DescendantWidth>0</DescendantWidth><Height>72</Height></GUILayoutItem><GUILayoutItem><Name>Sequence_34</Name><X>440</X><Y>2184</Y><Width>120</Width><SpacingWidth>120</SpacingWidth><DescendantWidth>0</DescendantWidth><Height>96</Height></GUILayoutItem><GUILayoutItem><Name>AssignToItem_261</Name><X>448</X><Y>2200</Y><Width>104</Width><SpacingWidth>0</SpacingWidth><DescendantWidth>0</DescendantWidth><Height>72</Height></GUILayoutItem><GUILayoutItem><Name>Sequence_33</Name><X>584</X><Y>2048</Y><Width>120</Width><SpacingWidth>120</SpacingWidth><DescendantWidth>0</DescendantWidth><Height>96</Height></GUILayoutItem><GUILayoutItem><Name>AssignToXML</Name><X>592</X><Y>2064</Y><Width>104</Width><SpacingWidth>0</SpacingWidth><DescendantWidth>0</DescendantWidth><Height>72</Height></GUILayoutItem><GUILayoutItem><Name>ShowGM</Name><X>160</X><Y>2064</Y><Width>104</Width><SpacingWidth>0</SpacingWidth><DescendantWidth>0</DescendantWidth><Height>72</Height></GUILayoutItem><GUILayoutItem><Name>Sequence_36</Name><X>8</X><Y>1504</Y><Width>120</Width><SpacingWidth>120</SpacingWidth><DescendantWidth>120</DescendantWidth><Height>96</Height></GUILayoutItem><GUILayoutItem><Name>debug_1</Name><X>16</X><Y>1520</Y><Width>104</Width><SpacingWidth>0</SpacingWidth><DescendantWidth>0</DescendantWidth><Height>72</Height></GUILayoutItem><GUILayoutItem><Name>Sequence_39</Name><X>152</X><Y>1912</Y><Width>120</Width><SpacingWidth>120</SpacingWidth><DescendantWidth>120</DescendantWidth><Height>96</Height></GUILayoutItem><GUILayoutItem><Name>debug_2</Name><X>160</X><Y>1928</Y><Width>104</Width><SpacingWidth>0</SpacingWidth><DescendantWidth>0</DescendantWidth><Height>72</Height></GUILayoutItem><GUILayoutItem><Name>Sequence_41</Name><X>8</X><Y>1776</Y><Width>120</Width><SpacingWidth>120</SpacingWidth><DescendantWidth>0</DescendantWidth><Height>96</Height></GUILayoutItem><GUILayoutItem><Name>ShowGM_FULL</Name><X>16</X><Y>1792</Y><Width>104</Width><SpacingWidth>0</SpacingWidth><DescendantWidth>0</DescendantWidth><Height>72</Height></GUILayoutItem><GUILayoutItem><Name>Sequence_32</Name><X>728</X><Y>2048</Y><Width>120</Width><SpacingWidth>120</SpacingWidth><DescendantWidth>120</DescendantWidth><Height>96</Height></GUILayoutItem><GUILayoutItem><Name>Sequence_11</Name><X>944</X><Y>1912</Y><Width>120</Width><SpacingWidth>264</SpacingWidth><DescendantWidth>264</DescendantWidth><Height>96</Height></GUILayoutItem><GUILayoutItem><Name>BAPI_CREATE_TT_ok</Name><X>952</X><Y>1928</Y><Width>104</Width><SpacingWidth>0</SpacingWidth><DescendantWidth>0</DescendantWidth><Height>72</Height></GUILayoutItem><GUILayoutItem><Name>Sequence_16</Name><X>872</X><Y>2048</Y><Width>120</Width><SpacingWidth>120</SpacingWidth><DescendantWidth>120</DescendantWidth><Height>96</Height></GUILayoutItem><GUILayoutItem><Name>JCo_Commit</Name><X>880</X><Y>2064</Y><Width>104</Width><SpacingWidth>0</SpacingWidth><DescendantWidth>0</DescendantWidth><Height>72</Height></GUILayoutItem><GUILayoutItem><Name>Sequence_10</Name><X>872</X><Y>2184</Y><Width>120</Width><SpacingWidth>120</SpacingWidth><DescendantWidth>0</DescendantWidth><Height>96</Height></GUILayoutItem><GUILayoutItem><Name>Row_1</Name><X>880</X><Y>2200</Y><Width>104</Width><SpacingWidth>0</SpacingWidth><DescendantWidth>0</DescendantWidth><Height>72</Height></GUILayoutItem><GUILayoutItem><Name>Sequence_15</Name><X>1016</X><Y>2048</Y><Width>120</Width><SpacingWidth>120</SpacingWidth><DescendantWidth>120</DescendantWidth><Height>96</Height></GUILayoutItem><GUILayoutItem><Name>JCo_Rollback</Name><X>1024</X><Y>2064</Y><Width>104</Width><SpacingWidth>0</SpacingWidth><DescendantWidth>0</DescendantWidth><Height>72</Height></GUILayoutItem><GUILayoutItem><Name>Sequence_17</Name><X>1016</X><Y>2184</Y><Width>120</Width><SpacingWidth>120</SpacingWidth><DescendantWidth>0</DescendantWidth><Height>96</Height></GUILayoutItem><GUILayoutItem><Name>Row_2</Name><X>1024</X><Y>2200</Y><Width>104</Width><SpacingWidth>0</SpacingWidth><DescendantWidth>0</DescendantWidth><Height>72</Height></GUILayoutItem><GUILayoutItem><Name>Request</Name><X>736</X><Y>2064</Y><Width>104</Width><SpacingWidth>0</SpacingWidth><DescendantWidth>0</DescendantWidth><Height>72</Height></GUILayoutItem><GUILayoutItem><Name>Sequence_31</Name><X>728</X><Y>1912</Y><Width>120</Width><SpacingWidth>120</SpacingWidth><DescendantWidth>120</DescendantWidth><Height>96</Height></GUILayoutItem><GUILayoutItem><Name>debug_3</Name><X>736</X><Y>1928</Y><Width>104</Width><SpacingWidth>0</SpacingWidth><DescendantWidth>0</DescendantWidth><Height>72</Height></GUILayoutItem><GUILayoutItem><Name>Sequence_42</Name><X>872</X><Y>1640</Y><Width>120</Width><SpacingWidth>408</SpacingWidth><DescendantWidth>408</DescendantWidth><Height>96</Height></GUILayoutItem><GUILayoutItem><Name>DISABLE</Name><X>880</X><Y>1656</Y><Width>104</Width><SpacingWidth>0</SpacingWidth><DescendantWidth>0</DescendantWidth><Height>72</Height></GUILayoutItem></Layout><Actions><ContextItem><Name>Exception_Enabler_0</Name><Description/><MinRange>0</MinRange><MaxRange>0</MaxRange><Value xsi:type="ExceptionEnabler"><EnableActionExceptions>true</EnableActionExceptions><EnableLinkExceptions>true</EnableLinkExceptions></Value><ReadOnly>false</ReadOnly><AlertXMLAssigned>false</AlertXMLAssigned></ContextItem><ContextItem><Name>Catch_0</Name><Description/><MinRange>0</MinRange><MaxRange>0</MaxRange><Value xsi:type="CatchAction"/><ReadOnly>false</ReadOnly><AlertXMLAssigned>false</AlertXMLAssigned></ContextItem><ContextItem><Name>Start_Session_0</Name><Description/><MinRange>0</MinRange><MaxRange>0</MaxRange><Value xsi:type="SAPJCOStartSession"><ConnPropAlias>SAP</ConnPropAlias><CredentialAlias>SAP</CredentialAlias><SAPServerName/><SAPClient/><SAPSystemNumber/><Language/><ConnectionPoolSize>10</ConnectionPoolSize><SAPUserName/><SAPPassword/><SAPSSO2Ticket/><PoolConnections>true</PoolConnections><LogonGroup/><ConnectionTimeout>0</ConnectionTimeout></Value><ReadOnly>false</ReadOnly><AlertXMLAssigned>false</AlertXMLAssigned></ContextItem><ContextItem><Name>Exception_Enabler_1</Name><Description/><MinRange>0</MinRange><MaxRange>0</MaxRange><Value xsi:type="ExceptionEnabler"><EnableActionExceptions>true</EnableActionExceptions><EnableLinkExceptions>true</EnableLinkExceptions></Value><ReadOnly>false</ReadOnly><AlertXMLAssigned>false</AlertXMLAssigned></ContextItem><ContextItem><Name>Catch_1</Name><Description/><MinRange>0</MinRange><MaxRange>0</MaxRange><Value xsi:type="CatchAction"/><ReadOnly>false</ReadOnly><AlertXMLAssigned>false</AlertXMLAssigned></ContextItem><ContextItem><Name>format_input</Name><Description/><MinRange>0</MinRange><MaxRange>0</MaxRange><Value xsi:type="TransactionCall"><ResetState>true</ResetState><TransactionName>MESM/ORDERS_CNF/TRANSACTIONS/format_input</TransactionName><Async>false</Async><Persist>INHERIT</Persist><LogLevel>INHERIT</LogLevel><LogType>INHERIT</LogType><StoreTransactionOutput>false</StoreTransactionOutput><Expiration>-1</Expiration><OPERATIONNUMBER/><ORDERNUMBER/><SOITEMNUMBER/><BATCHNUMBER/><PLANTID/><SEQUENCENUMBER/><MATERIALNUMBER/><CONFNUMBER/><OPERNR/><SONUMBER/></Value><ReadOnly>false</ReadOnly><AlertXMLAssigned>false</AlertXMLAssigned></ContextItem><ContextItem><Name>BAPI_TT_PROP</Name><Description/><MinRange>0</MinRange><MaxRange>0</MaxRange><Value xsi:type="SAPJCOFunction"><SourceSession>Start_Session_0</SourceSession><Request><ReferenceDocumentSource/>&lt;?xml version="1.0" encoding="UTF-8"?&gt;&lt;BAPI_PRODORDCONF_GET_TT_PROP&gt;&lt;INPUT&gt;&lt;PROPOSE&gt;&lt;QUANTITY/&gt;&lt;ACTIVITY/&gt;&lt;DATE_AND_TIME/&gt;&lt;PERSONNEL/&gt;&lt;GOODSMOVEMENT/&gt;&lt;/PROPOSE&gt;&lt;/INPUT&gt;&lt;TABLES&gt;&lt;DETAIL_RETURN&gt;&lt;item&gt;&lt;TYPE/&gt;&lt;ID/&gt;&lt;NUMBER/&gt;&lt;MESSAGE/&gt;&lt;LOG_NO/&gt;&lt;LOG_MSG_NO/&gt;&lt;MESSAGE_V1/&gt;&lt;MESSAGE_V2/&gt;&lt;MESSAGE_V3/&gt;&lt;MESSAGE_V4/&gt;&lt;PARAMETER/&gt;&lt;ROW/&gt;&lt;FIELD/&gt;&lt;SYSTEM/&gt;&lt;FLG_LOCKED/&gt;&lt;CONF_NO/&gt;&lt;CONF_CNT/&gt;&lt;/item&gt;&lt;/DETAIL_RETURN&gt;&lt;GOODSMOVEMENTS&gt;&lt;item&gt;&lt;MATERIAL/&gt;&lt;PLANT/&gt;&lt;STGE_LOC/&gt;&lt;BATCH/&gt;&lt;MOVE_TYPE/&gt;&lt;STCK_TYPE/&gt;&lt;SPEC_STOCK/&gt;&lt;VENDOR/&gt;&lt;CUSTOMER/&gt;&lt;SALES_ORD/&gt;&lt;S_ORD_ITEM/&gt;&lt;SCHED_LINE/&gt;&lt;VAL_TYPE/&gt;&lt;ENTRY_QNT/&gt;&lt;ENTRY_UOM/&gt;&lt;ENTRY_UOM_ISO/&gt;&lt;PO_PR_QNT/&gt;&lt;ORDERPR_UN/&gt;&lt;ORDERPR_UN_ISO/&gt;&lt;PO_NUMBER/&gt;&lt;PO_ITEM/&gt;&lt;SHIPPING/&gt;&lt;COMP_SHIP/&gt;&lt;NO_MORE_GR/&gt;&lt;ITEM_TEXT/&gt;&lt;GR_RCPT/&gt;&lt;UNLOAD_PT/&gt;&lt;COSTCENTER/&gt;&lt;ORDERID/&gt;&lt;ORDER_ITNO/&gt;&lt;CALC_MOTIVE/&gt;&lt;ASSET_NO/&gt;&lt;SUB_NUMBER/&gt;&lt;RESERV_NO/&gt;&lt;RES_ITEM/&gt;&lt;RES_TYPE/&gt;&lt;WITHDRAWN/&gt;&lt;MOVE_MAT/&gt;&lt;MOVE_PLANT/&gt;&lt;MOVE_STLOC/&gt;&lt;MOVE_BATCH/&gt;&lt;MOVE_VAL_TYPE/&gt;&lt;MVT_IND/&gt;&lt;MOVE_REAS/&gt;&lt;RL_EST_KEY/&gt;&lt;REF_DATE/&gt;&lt;COST_OBJ/&gt;&lt;PROFIT_SEGM_NO/&gt;&lt;PROFIT_CTR/&gt;&lt;WBS_ELEM/&gt;&lt;NETWORK/&gt;&lt;ACTIVITY/&gt;&lt;PART_ACCT/&gt;&lt;AMOUNT_LC/&gt;&lt;AMOUNT_SV/&gt;&lt;REF_DOC_YR/&gt;&lt;REF_DOC/&gt;&lt;REF_DOC_IT/&gt;&lt;EXPIRYDATE/&gt;&lt;PROD_DATE/&gt;&lt;FUND/&gt;&lt;FUNDS_CTR/&gt;&lt;CMMT_ITEM/&gt;&lt;VAL_SALES_ORD/&gt;&lt;VAL_S_ORD_ITEM/&gt;&lt;VAL_WBS_ELEM/&gt;&lt;GL_ACCOUNT/&gt;&lt;IND_PROPOSE_QUANX/&gt;&lt;XSTOB/&gt;&lt;EAN_UPC/&gt;&lt;DELIV_NUMB_TO_SEARCH/&gt;&lt;DELIV_ITEM_TO_SEARCH/&gt;&lt;SERIALNO_AUTO_NUMBERASSIGNMENT/&gt;&lt;VENDRBATCH/&gt;&lt;STGE_TYPE/&gt;&lt;STGE_BIN/&gt;&lt;SU_PL_STCK_1/&gt;&lt;ST_UN_QTYY_1/&gt;&lt;ST_UN_QTYY_1_ISO/&gt;&lt;UNITTYPE_1/&gt;&lt;SU_PL_STCK_2/&gt;&lt;ST_UN_QTYY_2/&gt;&lt;ST_UN_QTYY_2_ISO/&gt;&lt;UNITTYPE_2/&gt;&lt;STGE_TYPE_PC/&gt;&lt;STGE_BIN_PC/&gt;&lt;NO_PST_CHGNT/&gt;&lt;GR_NUMBER/&gt;&lt;STGE_TYPE_ST/&gt;&lt;STGE_BIN_ST/&gt;&lt;MATDOC_TR_CANCEL/&gt;&lt;MATITEM_TR_CANCEL/&gt;&lt;MATYEAR_TR_CANCEL/&gt;&lt;NO_TRANSFER_REQ/&gt;&lt;CO_BUSPROC/&gt;&lt;ACTTYPE/&gt;&lt;SUPPL_VEND/&gt;&lt;MATERIAL_EXTERNAL/&gt;&lt;MATERIAL_GUID/&gt;&lt;MATERIAL_VERSION/&gt;&lt;MOVE_MAT_EXTERNAL/&gt;&lt;MOVE_MAT_GUID/&gt;&lt;MOVE_MAT_VERSION/&gt;&lt;FUNC_AREA/&gt;&lt;TR_PART_BA/&gt;&lt;PAR_COMPCO/&gt;&lt;DELIV_NUMB/&gt;&lt;DELIV_ITEM/&gt;&lt;NB_SLIPS/&gt;&lt;NB_SLIPSX/&gt;&lt;GR_RCPTX/&gt;&lt;UNLOAD_PTX/&gt;&lt;SPEC_MVMT/&gt;&lt;GRANT_NBR/&gt;&lt;CMMT_ITEM_LONG/&gt;&lt;FUNC_AREA_LONG/&gt;&lt;LINE_ID/&gt;&lt;PARENT_ID/&gt;&lt;LINE_DEPTH/&gt;&lt;QUANTITY/&gt;&lt;BASE_UOM/&gt;&lt;LONGNUM/&gt;&lt;BUDGET_PERIOD/&gt;&lt;EARMARKED_NUMBER/&gt;&lt;EARMARKED_ITEM/&gt;&lt;/item&gt;&lt;/GOODSMOVEMENTS&gt;&lt;LINK_CONF_GOODSMOV&gt;&lt;item&gt;&lt;INDEX_CONFIRM/&gt;&lt;INDEX_GOODSMOV/&gt;&lt;INDEX_GM_DEPEND/&gt;&lt;/item&gt;&lt;/LINK_CONF_GOODSMOV&gt;&lt;TIMETICKETS&gt;&lt;item&gt;&lt;CONF_NO/&gt;&lt;ORDERID/&gt;&lt;SEQUENCE/&gt;&lt;OPERATION/&gt;&lt;SUB_OPER/&gt;&lt;CAPA_CATEGORY/&gt;&lt;SPLIT/&gt;&lt;FIN_CONF/&gt;&lt;CLEAR_RES/&gt;&lt;POSTG_DATE/&gt;&lt;DEV_REASON/&gt;&lt;CONF_TEXT/&gt;&lt;PLANT/&gt;&lt;WORK_CNTR/&gt;&lt;RECORDTYPE/&gt;&lt;CONF_QUAN_UNIT/&gt;&lt;CONF_QUAN_UNIT_ISO/&gt;&lt;YIELD/&gt;&lt;SCRAP/&gt;&lt;REWORK/&gt;&lt;CONF_ACTI_UNIT1/&gt;&lt;CONF_ACTI_UNIT1_ISO/&gt;&lt;CONF_ACTIVITY1/&gt;&lt;NO_REMN_ACTI1/&gt;&lt;CONF_ACTI_UNIT2/&gt;&lt;CONF_ACTI_UNIT2_ISO/&gt;&lt;CONF_ACTIVITY2/&gt;&lt;NO_REMN_ACTI2/&gt;&lt;CONF_ACTI_UNIT3/&gt;&lt;CONF_ACTI_UNIT3_ISO/&gt;&lt;CONF_ACTIVITY3/&gt;&lt;NO_REMN_ACTI3/&gt;&lt;CONF_ACTI_UNIT4/&gt;&lt;CONF_ACTI_UNIT4_ISO/&gt;&lt;CONF_ACTIVITY4/&gt;&lt;NO_REMN_ACTI4/&gt;&lt;CONF_ACTI_UNIT5/&gt;&lt;CONF_ACTI_UNIT5_ISO/&gt;&lt;CONF_ACTIVITY5/&gt;&lt;NO_REMN_ACTI5/&gt;&lt;CONF_ACTI_UNIT6/&gt;&lt;CONF_ACTI_UNIT6_ISO/&gt;&lt;CONF_ACTIVITY6/&gt;&lt;NO_REMN_ACTI6/&gt;&lt;CONF_BUS_PROC_UNIT1/&gt;&lt;CONF_BUS_PROC_UNIT1_ISO/&gt;&lt;CONF_BUS_PROC1/&gt;&lt;NO_REMN_BUS_PROC1/&gt;&lt;EXEC_START_DATE/&gt;&lt;EXEC_START_TIME/&gt;&lt;SETUP_FIN_DATE/&gt;&lt;SETUP_FIN_TIME/&gt;&lt;PROC_START_DATE/&gt;&lt;PROC_START_TIME/&gt;&lt;PROC_FIN_DATE/&gt;&lt;PROC_FIN_TIME/&gt;&lt;TEARDOWN_START_DATE/&gt;&lt;TEARDOWN_START_TIME/&gt;&lt;EXEC_FIN_DATE/&gt;&lt;EXEC_FIN_TIME/&gt;&lt;FCST_FIN_DATE/&gt;&lt;FCST_FIN_TIME/&gt;&lt;STD_UNIT1/&gt;&lt;STD_UNIT1_ISO/&gt;&lt;FORCAST_STD_VAL1/&gt;&lt;STD_UNIT2/&gt;&lt;STD_UNIT2_ISO/&gt;&lt;FORCAST_STD_VAL2/&gt;&lt;STD_UNIT3/&gt;&lt;STD_UNIT3_ISO/&gt;&lt;FORCAST_STD_VAL3/&gt;&lt;STD_UNIT4/&gt;&lt;STD_UNIT4_ISO/&gt;&lt;FORCAST_STD_VAL4/&gt;&lt;STD_UNIT5/&gt;&lt;STD_UNIT5_ISO/&gt;&lt;FORCAST_STD_VAL5/&gt;&lt;STD_UNIT6/&gt;&lt;STD_UNIT6_ISO/&gt;&lt;FORCAST_STD_VAL6/&gt;&lt;FORCAST_BUS_PROC_UNIT1/&gt;&lt;FORC_BUS_PROC_UNIT1_ISO/&gt;&lt;FORCAST_BUS_PROC_VAL1/&gt;&lt;PERS_NO/&gt;&lt;TIMEID_NO/&gt;&lt;WAGETYPE/&gt;&lt;SUITABILITY/&gt;&lt;NO_OF_EMPLOYEE/&gt;&lt;WAGEGROUP/&gt;&lt;BREAK_UNIT/&gt;&lt;BREAK_UNIT_ISO/&gt;&lt;BREAK_TIME/&gt;&lt;EX_CREATED_BY/&gt;&lt;EX_CREATED_DATE/&gt;&lt;EX_CREATED_TIME/&gt;&lt;TARGET_ACTI1/&gt;&lt;TARGET_ACTI2/&gt;&lt;TARGET_ACTI3/&gt;&lt;TARGET_ACTI4/&gt;&lt;TARGET_ACTI5/&gt;&lt;TARGET_ACTI6/&gt;&lt;TARGET_BUS_PROC1/&gt;&lt;EX_IDENT/&gt;&lt;LOGDATE/&gt;&lt;LOGTIME/&gt;&lt;WIP_BATCH/&gt;&lt;VENDRBATCH/&gt;&lt;ME_SFC_ID/&gt;&lt;ME_2ND_CONF_QTY/&gt;&lt;/item&gt;&lt;/TIMETICKETS&gt;&lt;/TABLES&gt;&lt;/BAPI_PRODORDCONF_GET_TT_PROP&gt;</Request><Response><ReferenceDocumentSource/>&lt;?xml version="1.0" encoding="UTF-8"?&gt;&lt;BAPI_PRODORDCONF_GET_TT_PROP&gt;&lt;OUTPUT&gt;&lt;RETURN&gt;&lt;TYPE/&gt;&lt;ID/&gt;&lt;NUMBER/&gt;&lt;MESSAGE/&gt;&lt;LOG_NO/&gt;&lt;LOG_MSG_NO/&gt;&lt;MESSAGE_V1/&gt;&lt;MESSAGE_V2/&gt;&lt;MESSAGE_V3/&gt;&lt;MESSAGE_V4/&gt;&lt;/RETURN&gt;&lt;/OUTPUT&gt;&lt;TABLES&gt;&lt;DETAIL_RETURN&gt;&lt;item&gt;&lt;TYPE/&gt;&lt;ID/&gt;&lt;NUMBER/&gt;&lt;MESSAGE/&gt;&lt;LOG_NO/&gt;&lt;LOG_MSG_NO/&gt;&lt;MESSAGE_V1/&gt;&lt;MESSAGE_V2/&gt;&lt;MESSAGE_V3/&gt;&lt;MESSAGE_V4/&gt;&lt;PARAMETER/&gt;&lt;ROW/&gt;&lt;FIELD/&gt;&lt;SYSTEM/&gt;&lt;FLG_LOCKED/&gt;&lt;CONF_NO/&gt;&lt;CONF_CNT/&gt;&lt;/item&gt;&lt;/DETAIL_RETURN&gt;&lt;GOODSMOVEMENTS&gt;&lt;item&gt;&lt;MATERIAL/&gt;&lt;PLANT/&gt;&lt;STGE_LOC/&gt;&lt;BATCH/&gt;&lt;MOVE_TYPE/&gt;&lt;STCK_TYPE/&gt;&lt;SPEC_STOCK/&gt;&lt;VENDOR/&gt;&lt;CUSTOMER/&gt;&lt;SALES_ORD/&gt;&lt;S_ORD_ITEM/&gt;&lt;SCHED_LINE/&gt;&lt;VAL_TYPE/&gt;&lt;ENTRY_QNT/&gt;&lt;ENTRY_UOM/&gt;&lt;ENTRY_UOM_ISO/&gt;&lt;PO_PR_QNT/&gt;&lt;ORDERPR_UN/&gt;&lt;ORDERPR_UN_ISO/&gt;&lt;PO_NUMBER/&gt;&lt;PO_ITEM/&gt;&lt;SHIPPING/&gt;&lt;COMP_SHIP/&gt;&lt;NO_MORE_GR/&gt;&lt;ITEM_TEXT/&gt;&lt;GR_RCPT/&gt;&lt;UNLOAD_PT/&gt;&lt;COSTCENTER/&gt;&lt;ORDERID/&gt;&lt;ORDER_ITNO/&gt;&lt;CALC_MOTIVE/&gt;&lt;ASSET_NO/&gt;&lt;SUB_NUMBER/&gt;&lt;RESERV_NO/&gt;&lt;RES_ITEM/&gt;&lt;RES_TYPE/&gt;&lt;WITHDRAWN/&gt;&lt;MOVE_MAT/&gt;&lt;MOVE_PLANT/&gt;&lt;MOVE_STLOC/&gt;&lt;MOVE_BATCH/&gt;&lt;MOVE_VAL_TYPE/&gt;&lt;MVT_IND/&gt;&lt;MOVE_REAS/&gt;&lt;RL_EST_KEY/&gt;&lt;REF_DATE/&gt;&lt;COST_OBJ/&gt;&lt;PROFIT_SEGM_NO/&gt;&lt;PROFIT_CTR/&gt;&lt;WBS_ELEM/&gt;&lt;NETWORK/&gt;&lt;ACTIVITY/&gt;&lt;PART_ACCT/&gt;&lt;AMOUNT_LC/&gt;&lt;AMOUNT_SV/&gt;&lt;REF_DOC_YR/&gt;&lt;REF_DOC/&gt;&lt;REF_DOC_IT/&gt;&lt;EXPIRYDATE/&gt;&lt;PROD_DATE/&gt;&lt;FUND/&gt;&lt;FUNDS_CTR/&gt;&lt;CMMT_ITEM/&gt;&lt;VAL_SALES_ORD/&gt;&lt;VAL_S_ORD_ITEM/&gt;&lt;VAL_WBS_ELEM/&gt;&lt;GL_ACCOUNT/&gt;&lt;IND_PROPOSE_QUANX/&gt;&lt;XSTOB/&gt;&lt;EAN_UPC/&gt;&lt;DELIV_NUMB_TO_SEARCH/&gt;&lt;DELIV_ITEM_TO_SEARCH/&gt;&lt;SERIALNO_AUTO_NUMBERASSIGNMENT/&gt;&lt;VENDRBATCH/&gt;&lt;STGE_TYPE/&gt;&lt;STGE_BIN/&gt;&lt;SU_PL_STCK_1/&gt;&lt;ST_UN_QTYY_1/&gt;&lt;ST_UN_QTYY_1_ISO/&gt;&lt;UNITTYPE_1/&gt;&lt;SU_PL_STCK_2/&gt;&lt;ST_UN_QTYY_2/&gt;&lt;ST_UN_QTYY_2_ISO/&gt;&lt;UNITTYPE_2/&gt;&lt;STGE_TYPE_PC/&gt;&lt;STGE_BIN_PC/&gt;&lt;NO_PST_CHGNT/&gt;&lt;GR_NUMBER/&gt;&lt;STGE_TYPE_ST/&gt;&lt;STGE_BIN_ST/&gt;&lt;MATDOC_TR_CANCEL/&gt;&lt;MATITEM_TR_CANCEL/&gt;&lt;MATYEAR_TR_CANCEL/&gt;&lt;NO_TRANSFER_REQ/&gt;&lt;CO_BUSPROC/&gt;&lt;ACTTYPE/&gt;&lt;SUPPL_VEND/&gt;&lt;MATERIAL_EXTERNAL/&gt;&lt;MATERIAL_GUID/&gt;&lt;MATERIAL_VERSION/&gt;&lt;MOVE_MAT_EXTERNAL/&gt;&lt;MOVE_MAT_GUID/&gt;&lt;MOVE_MAT_VERSION/&gt;&lt;FUNC_AREA/&gt;&lt;TR_PART_BA/&gt;&lt;PAR_COMPCO/&gt;&lt;DELIV_NUMB/&gt;&lt;DELIV_ITEM/&gt;&lt;NB_SLIPS/&gt;&lt;NB_SLIPSX/&gt;&lt;GR_RCPTX/&gt;&lt;UNLOAD_PTX/&gt;&lt;SPEC_MVMT/&gt;&lt;GRANT_NBR/&gt;&lt;CMMT_ITEM_LONG/&gt;&lt;FUNC_AREA_LONG/&gt;&lt;LINE_ID/&gt;&lt;PARENT_ID/&gt;&lt;LINE_DEPTH/&gt;&lt;QUANTITY/&gt;&lt;BASE_UOM/&gt;&lt;LONGNUM/&gt;&lt;BUDGET_PERIOD/&gt;&lt;EARMARKED_NUMBER/&gt;&lt;EARMARKED_ITEM/&gt;&lt;/item&gt;&lt;/GOODSMOVEMENTS&gt;&lt;LINK_CONF_GOODSMOV&gt;&lt;item&gt;&lt;INDEX_CONFIRM/&gt;&lt;INDEX_GOODSMOV/&gt;&lt;INDEX_GM_DEPEND/&gt;&lt;/item&gt;&lt;/LINK_CONF_GOODSMOV&gt;&lt;TIMETICKETS&gt;&lt;item&gt;&lt;CONF_NO/&gt;&lt;ORDERID/&gt;&lt;SEQUENCE/&gt;&lt;OPERATION/&gt;&lt;SUB_OPER/&gt;&lt;CAPA_CATEGORY/&gt;&lt;SPLIT/&gt;&lt;FIN_CONF/&gt;&lt;CLEAR_RES/&gt;&lt;POSTG_DATE/&gt;&lt;DEV_REASON/&gt;&lt;CONF_TEXT/&gt;&lt;PLANT/&gt;&lt;WORK_CNTR/&gt;&lt;RECORDTYPE/&gt;&lt;CONF_QUAN_UNIT/&gt;&lt;CONF_QUAN_UNIT_ISO/&gt;&lt;YIELD/&gt;&lt;SCRAP/&gt;&lt;REWORK/&gt;&lt;CONF_ACTI_UNIT1/&gt;&lt;CONF_ACTI_UNIT1_ISO/&gt;&lt;CONF_ACTIVITY1/&gt;&lt;NO_REMN_ACTI1/&gt;&lt;CONF_ACTI_UNIT2/&gt;&lt;CONF_ACTI_UNIT2_ISO/&gt;&lt;CONF_ACTIVITY2/&gt;&lt;NO_REMN_ACTI2/&gt;&lt;CONF_ACTI_UNIT3/&gt;&lt;CONF_ACTI_UNIT3_ISO/&gt;&lt;CONF_ACTIVITY3/&gt;&lt;NO_REMN_ACTI3/&gt;&lt;CONF_ACTI_UNIT4/&gt;&lt;CONF_ACTI_UNIT4_ISO/&gt;&lt;CONF_ACTIVITY4/&gt;&lt;NO_REMN_ACTI4/&gt;&lt;CONF_ACTI_UNIT5/&gt;&lt;CONF_ACTI_UNIT5_ISO/&gt;&lt;CONF_ACTIVITY5/&gt;&lt;NO_REMN_ACTI5/&gt;&lt;CONF_ACTI_UNIT6/&gt;&lt;CONF_ACTI_UNIT6_ISO/&gt;&lt;CONF_ACTIVITY6/&gt;&lt;NO_REMN_ACTI6/&gt;&lt;CONF_BUS_PROC_UNIT1/&gt;&lt;CONF_BUS_PROC_UNIT1_ISO/&gt;&lt;CONF_BUS_PROC1/&gt;&lt;NO_REMN_BUS_PROC1/&gt;&lt;EXEC_START_DATE/&gt;&lt;EXEC_START_TIME/&gt;&lt;SETUP_FIN_DATE/&gt;&lt;SETUP_FIN_TIME/&gt;&lt;PROC_START_DATE/&gt;&lt;PROC_START_TIME/&gt;&lt;PROC_FIN_DATE/&gt;&lt;PROC_FIN_TIME/&gt;&lt;TEARDOWN_START_DATE/&gt;&lt;TEARDOWN_START_TIME/&gt;&lt;EXEC_FIN_DATE/&gt;&lt;EXEC_FIN_TIME/&gt;&lt;FCST_FIN_DATE/&gt;&lt;FCST_FIN_TIME/&gt;&lt;STD_UNIT1/&gt;&lt;STD_UNIT1_ISO/&gt;&lt;FORCAST_STD_VAL1/&gt;&lt;STD_UNIT2/&gt;&lt;STD_UNIT2_ISO/&gt;&lt;FORCAST_STD_VAL2/&gt;&lt;STD_UNIT3/&gt;&lt;STD_UNIT3_ISO/&gt;&lt;FORCAST_STD_VAL3/&gt;&lt;STD_UNIT4/&gt;&lt;STD_UNIT4_ISO/&gt;&lt;FORCAST_STD_VAL4/&gt;&lt;STD_UNIT5/&gt;&lt;STD_UNIT5_ISO/&gt;&lt;FORCAST_STD_VAL5/&gt;&lt;STD_UNIT6/&gt;&lt;STD_UNIT6_ISO/&gt;&lt;FORCAST_STD_VAL6/&gt;&lt;FORCAST_BUS_PROC_UNIT1/&gt;&lt;FORC_BUS_PROC_UNIT1_ISO/&gt;&lt;FORCAST_BUS_PROC_VAL1/&gt;&lt;PERS_NO/&gt;&lt;TIMEID_NO/&gt;&lt;WAGETYPE/&gt;&lt;SUITABILITY/&gt;&lt;NO_OF_EMPLOYEE/&gt;&lt;WAGEGROUP/&gt;&lt;BREAK_UNIT/&gt;&lt;BREAK_UNIT_ISO/&gt;&lt;BREAK_TIME/&gt;&lt;EX_CREATED_BY/&gt;&lt;EX_CREATED_DATE/&gt;&lt;EX_CREATED_TIME/&gt;&lt;TARGET_ACTI1/&gt;&lt;TARGET_ACTI2/&gt;&lt;TARGET_ACTI3/&gt;&lt;TARGET_ACTI4/&gt;&lt;TARGET_ACTI5/&gt;&lt;TARGET_ACTI6/&gt;&lt;TARGET_BUS_PROC1/&gt;&lt;EX_IDENT/&gt;&lt;LOGDATE/&gt;&lt;LOGTIME/&gt;&lt;WIP_BATCH/&gt;&lt;VENDRBATCH/&gt;&lt;ME_SFC_ID/&gt;&lt;ME_2ND_CONF_QTY/&gt;&lt;/item&gt;&lt;/TIMETICKETS&gt;&lt;/TABLES&gt;&lt;/BAPI_PRODORDCONF_GET_TT_PROP&gt;</Response><SAPRFC>BAPI_PRODORDCONF_GET_TT_PROP</SAPRFC><TYPERFC>0</TYPERFC><QueueName/><ExecuteFunction>true</ExecuteFunction><RecreateFunction>true</RecreateFunction><AllowMultipleRows>true</AllowMultipleRows><DaysRetention>7</DaysRetention><MaxRetryCount>5</MaxRetryCount><RetryInterval>30000</RetryInterval><ProcessingMode>1</ProcessingMode><Filter/><DataBufferComment/><RetryImmediately>false</RetryImmediately></Value><SchemaURI/><SchemaElement/><ValidateXMLOnExecution>1</ValidateXMLOnExecution><SchemaURI/><SchemaElement/><ValidateXMLOnExecution>1</ValidateXMLOnExecution><ReadOnly>false</ReadOnly><AlertXMLAssigned>false</AlertXMLAssigned></ContextItem><ContextItem><Name>Row_3</Name><Description/><MinRange>0</MinRange><MaxRange>0</MaxRange><Value xsi:type="IlluminatorRow"><IlluminatorDocument>OutputDocument.Output</IlluminatorDocument></Value><ReadOnly>false</ReadOnly><AlertXMLAssigned>false</AlertXMLAssigned></ContextItem><ContextItem><Name>Row_4</Name><Description/><MinRange>0</MinRange><MaxRange>0</MaxRange><Value xsi:type="IlluminatorRow"><IlluminatorDocument>OutputDocument.Output</IlluminatorDocument></Value><ReadOnly>false</ReadOnly><AlertXMLAssigned>false</AlertXMLAssigned></ContextItem><ContextItem><Name>End_Session_2</Name><Description/><MinRange>0</MinRange><MaxRange>0</MaxRange><Value xsi:type="SAPJCOEndSession"><SourceSession>SAP_JCo_Start_Session_0</SourceSession></Value><ReadOnly>false</ReadOnly><AlertXMLAssigned>false</AlertXMLAssigned></ContextItem><ContextItem><Name>OutputDocument</Name><Description/><MinRange>0</MinRange><MaxRange>0</MaxRange><Value xsi:type="IlluminatorDocument"><EndDate>2012-07-25T19:48:56</EndDate><StartDate>2012-07-25T19:48:56</StartDate><Output><ReferenceDocumentSource/>&lt;?xml version="1.0" encoding="UTF-8"?&gt;&lt;Rowsets DateCreated="2016-07-12T11:59:23" EndDate="2012-07-25T19:48:56" StartDate="2012-07-25T19:48:56" Version="15.0 SP4 Patch 11"&gt;&lt;Rowset&gt;&lt;Columns&gt;&lt;Column Description="0 - Failed, 1 - Success, -1 - Exception, -2 - SAP Connection Down" MaxRange="1" MinRange="0" Name="STATUS" SQLDataType="1" SourceColumn="STATUS"/&gt;&lt;Column Description="" MaxRange="1" MinRange="0" Name="ECCRESPONSETYPE" SQLDataType="1" SourceColumn="ECCRESPONSETYPE"/&gt;&lt;Column Description="" MaxRange="1" MinRange="0" Name="ECCRESPONSEMESSAGE" SQLDataType="1" SourceColumn="ECCRESPONSEMESSAGE"/&gt;&lt;Column Description="" MaxRange="1" MinRange="0" Name="OUTPUTMESSAGE" SQLDataType="1" SourceColumn="OUTPUTMESSAGE"/&gt;&lt;Column Description="" MaxRange="1" MinRange="0" Name="CONFNUMBER" SQLDataType="1" SourceColumn="CONFNUMBER"/&gt;&lt;Column Description="" MaxRange="1" MinRange="0" Name="CONFCOUNTER" SQLDataType="1" SourceColumn="CONFCOUNTER"/&gt;&lt;/Columns&gt;&lt;Row&gt;&lt;STATUS&gt;STRING&lt;/STATUS&gt;&lt;ECCRESPONSETYPE&gt;STRING&lt;/ECCRESPONSETYPE&gt;&lt;ECCRESPONSEMESSAGE&gt;STRING&lt;/ECCRESPONSEMESSAGE&gt;&lt;OUTPUTMESSAGE&gt;STRING&lt;/OUTPUTMESSAGE&gt;&lt;CONFNUMBER&gt;STRING&lt;/CONFNUMBER&gt;&lt;CONFCOUNTER&gt;STRING&lt;/CONFCOUNTER&gt;&lt;/Row&gt;&lt;/Rowset&gt;&lt;/Rowsets&gt;</Output><ColumnSpecifications><ContextItem><Name>STATUS</Name><Description>0 - Failed, 1 - Success, -1 - Exception, -2 - SAP Connection Down</Description><MinRange>0</MinRange><MaxRange>1</MaxRange><Value xsi:type="string">STRING</Value><ReadOnly>false</ReadOnly><AlertXMLAssigned>false</AlertXMLAssigned></ContextItem><ContextItem><Name>ECCRESPONSETYPE</Name><Description/><MinRange>0</MinRange><MaxRange>1</MaxRange><Value xsi:type="string">STRING</Value><ReadOnly>false</ReadOnly><AlertXMLAssigned>false</AlertXMLAssigned></ContextItem><ContextItem><Name>ECCRESPONSEMESSAGE</Name><Description/><MinRange>0</MinRange><MaxRange>1</MaxRange><Value xsi:type="string">STRING</Value><ReadOnly>false</ReadOnly><AlertXMLAssigned>false</AlertXMLAssigned></ContextItem><ContextItem><Name>OUTPUTMESSAGE</Name><Description/><MinRange>0</MinRange><MaxRange>1</MaxRange><Value xsi:type="string">STRING</Value><ReadOnly>false</ReadOnly><AlertXMLAssigned>false</AlertXMLAssigned></ContextItem><ContextItem><Name>CONFNUMBER</Name><Description/><MinRange>0</MinRange><MaxRange>1</MaxRange><Value xsi:type="string">STRING</Value><ReadOnly>false</ReadOnly><AlertXMLAssigned>false</AlertXMLAssigned></ContextItem><ContextItem><Name>CONFCOUNTER</Name><Description/><MinRange>0</MinRange><MaxRange>1</MaxRange><Value xsi:type="string">STRING</Value><ReadOnly>false</ReadOnly><AlertXMLAssigned>false</AlertXMLAssigned></ContextItem></ColumnSpecifications></Value><SchemaURI/><SchemaElement/><ValidateXMLOnExecution>1</ValidateXMLOnExecution><ReadOnly>false</ReadOnly><AlertXMLAssigned>false</AlertXMLAssigned></ContextItem><ContextItem><Name>End_Session_1</Name><Description/><MinRange>0</MinRange><MaxRange>0</MaxRange><Value xsi:type="SAPJCOEndSession"><SourceSession>SAP_JCo_Start_Session_0</SourceSession></Value><ReadOnly>false</ReadOnly><AlertXMLAssigned>false</AlertXMLAssigned></ContextItem><ContextItem><Name>isECCConnectOk</Name><Description/><MinRange>0</MinRange><MaxRange>0</MaxRange><Value xsi:type="ConditionalAction"><Output>false</Output><InputCount>1</InputCount><LogicalAnd>false</LogicalAnd><Input1>false</Input1></Value><ReadOnly>false</ReadOnly><AlertXMLAssigned>false</AlertXMLAssigned></ContextItem><ContextItem><Name>ShowParam</Name><Description/><MinRange>0</MinRange><MaxRange>0</MaxRange><Value xsi:type="Tracer"><Message/><Level>INFO</Level></Value><ReadOnly>false</ReadOnly><AlertXMLAssigned>false</AlertXMLAssigned></ContextItem><ContextItem><Name>Show_XMLOUT</Name><Description/><MinRange>0</MinRange><MaxRange>0</MaxRange><Value xsi:type="Tracer"><Message/><Level>INFO</Level></Value><ReadOnly>false</ReadOnly><AlertXMLAssigned>false</AlertXMLAssigned></ContextItem><ContextItem><Name>return</Name><Description/><MinRange>0</MinRange><MaxRange>0</MaxRange><Value xsi:type="Assignment"/><ReadOnly>false</ReadOnly><AlertXMLAssigned>false</AlertXMLAssigned></ContextItem><ContextItem><Name>AssignXMLOUT</Name><Description/><MinRange>0</MinRange><MaxRange>0</MaxRange><Value xsi:type="Assignment"/><ReadOnly>false</ReadOnly><AlertXMLAssigned>false</AlertXMLAssigned></ContextItem><ContextItem><Name>BAPI_TT_PROP_ok</Name><Description/><MinRange>0</MinRange><MaxRange>0</MaxRange><Value xsi:type="ConditionalAction"><Output>false</Output><InputCount>1</InputCount><LogicalAnd>false</LogicalAnd><Input1>false</Input1></Value><ReadOnly>false</ReadOnly><AlertXMLAssigned>false</AlertXMLAssigned></ContextItem><ContextItem><Name>Row_0</Name><Description/><MinRange>0</MinRange><MaxRange>0</MaxRange><Value xsi:type="IlluminatorRow"><IlluminatorDocument>OutputDocument.Output</IlluminatorDocument></Value><ReadOnly>false</ReadOnly><AlertXMLAssigned>false</AlertXMLAssigned></ContextItem><ContextItem><Name>timeTicketsXML</Name><Description/><MinRange>0</MinRange><MaxRange>0</MaxRange><Value xsi:type="Assignment"/><ReadOnly>false</ReadOnly><AlertXMLAssigned>false</AlertXMLAssigned></ContextItem><ContextItem><Name>ShowTT</Name><Description/><MinRange>0</MinRange><MaxRange>0</MaxRange><Value xsi:type="Tracer"><Message/><Level>INFO</Level></Value><ReadOnly>false</ReadOnly><AlertXMLAssigned>false</AlertXMLAssigned></ContextItem><ContextItem><Name>RepeatOnGM</Name><Description/><MinRange>0</MinRange><MaxRange>0</MaxRange><Value xsi:type="RepeaterAction"><Output><ReferenceDocumentSource/>&lt;?xml version="1.0" encoding="UTF-8"?&gt;&lt;item&gt;&#13;
        &lt;MATERIAL/&gt;&#13;
        &lt;PLANT/&gt;&#13;
        &lt;STGE_LOC/&gt;&#13;
        &lt;BATCH/&gt;&#13;
        &lt;MOVE_TYPE/&gt;&#13;
        &lt;STCK_TYPE/&gt;&#13;
        &lt;SPEC_STOCK/&gt;&#13;
        &lt;VENDOR/&gt;&#13;
        &lt;CUSTOMER/&gt;&#13;
        &lt;SALES_ORD/&gt;&#13;
        &lt;S_ORD_ITEM/&gt;&#13;
        &lt;SCHED_LINE/&gt;&#13;
        &lt;VAL_TYPE/&gt;&#13;
        &lt;ENTRY_QNT/&gt;&#13;
        &lt;ENTRY_UOM/&gt;&#13;
        &lt;ENTRY_UOM_ISO/&gt;&#13;
        &lt;PO_PR_QNT/&gt;&#13;
        &lt;ORDERPR_UN/&gt;&#13;
        &lt;ORDERPR_UN_ISO/&gt;&#13;
        &lt;PO_NUMBER/&gt;&#13;
        &lt;PO_ITEM/&gt;&#13;
        &lt;SHIPPING/&gt;&#13;
        &lt;COMP_SHIP/&gt;&#13;
        &lt;NO_MORE_GR/&gt;&#13;
        &lt;ITEM_TEXT/&gt;&#13;
        &lt;GR_RCPT/&gt;&#13;
        &lt;UNLOAD_PT/&gt;&#13;
        &lt;COSTCENTER/&gt;&#13;
        &lt;ORDERID/&gt;&#13;
        &lt;ORDER_ITNO/&gt;&#13;
        &lt;CALC_MOTIVE/&gt;&#13;
        &lt;ASSET_NO/&gt;&#13;
        &lt;SUB_NUMBER/&gt;&#13;
        &lt;RESERV_NO/&gt;&#13;
        &lt;RES_ITEM/&gt;&#13;
        &lt;RES_TYPE/&gt;&#13;
        &lt;WITHDRAWN/&gt;&#13;
        &lt;MOVE_MAT/&gt;&#13;
        &lt;MOVE_PLANT/&gt;&#13;
        &lt;MOVE_STLOC/&gt;&#13;
        &lt;MOVE_BATCH/&gt;&#13;
        &lt;MOVE_VAL_TYPE/&gt;&#13;
        &lt;MVT_IND/&gt;&#13;
        &lt;MOVE_REAS/&gt;&#13;
        &lt;RL_EST_KEY/&gt;&#13;
        &lt;REF_DATE/&gt;&#13;
        &lt;COST_OBJ/&gt;&#13;
        &lt;PROFIT_SEGM_NO/&gt;&#13;
        &lt;PROFIT_CTR/&gt;&#13;
        &lt;WBS_ELEM/&gt;&#13;
        &lt;NETWORK/&gt;&#13;
        &lt;ACTIVITY/&gt;&#13;
        &lt;PART_ACCT/&gt;&#13;
        &lt;AMOUNT_LC/&gt;&#13;
        &lt;AMOUNT_SV/&gt;&#13;
        &lt;REF_DOC_YR/&gt;&#13;
        &lt;REF_DOC/&gt;&#13;
        &lt;REF_DOC_IT/&gt;&#13;
        &lt;EXPIRYDATE/&gt;&#13;
        &lt;PROD_DATE/&gt;&#13;
        &lt;FUND/&gt;&#13;
        &lt;FUNDS_CTR/&gt;&#13;
        &lt;CMMT_ITEM/&gt;&#13;
        &lt;VAL_SALES_ORD/&gt;&#13;
        &lt;VAL_S_ORD_ITEM/&gt;&#13;
        &lt;VAL_WBS_ELEM/&gt;&#13;
        &lt;GL_ACCOUNT/&gt;&#13;
        &lt;IND_PROPOSE_QUANX/&gt;&#13;
        &lt;XSTOB/&gt;&#13;
        &lt;EAN_UPC/&gt;&#13;
        &lt;DELIV_NUMB_TO_SEARCH/&gt;&#13;
        &lt;DELIV_ITEM_TO_SEARCH/&gt;&#13;
        &lt;SERIALNO_AUTO_NUMBERASSIGNMENT/&gt;&#13;
        &lt;VENDRBATCH/&gt;&#13;
        &lt;STGE_TYPE/&gt;&#13;
        &lt;STGE_BIN/&gt;&#13;
        &lt;SU_PL_STCK_1/&gt;&#13;
        &lt;ST_UN_QTYY_1/&gt;&#13;
        &lt;ST_UN_QTYY_1_ISO/&gt;&#13;
        &lt;UNITTYPE_1/&gt;&#13;
        &lt;SU_PL_STCK_2/&gt;&#13;
        &lt;ST_UN_QTYY_2/&gt;&#13;
        &lt;ST_UN_QTYY_2_ISO/&gt;&#13;
        &lt;UNITTYPE_2/&gt;&#13;
        &lt;STGE_TYPE_PC/&gt;&#13;
        &lt;STGE_BIN_PC/&gt;&#13;
        &lt;NO_PST_CHGNT/&gt;&#13;
        &lt;GR_NUMBER/&gt;&#13;
        &lt;STGE_TYPE_ST/&gt;&#13;
        &lt;STGE_BIN_ST/&gt;&#13;
        &lt;MATDOC_TR_CANCEL/&gt;&#13;
        &lt;MATITEM_TR_CANCEL/&gt;&#13;
        &lt;MATYEAR_TR_CANCEL/&gt;&#13;
        &lt;NO_TRANSFER_REQ/&gt;&#13;
        &lt;CO_BUSPROC/&gt;&#13;
        &lt;ACTTYPE/&gt;&#13;
        &lt;SUPPL_VEND/&gt;&#13;
        &lt;MATERIAL_EXTERNAL/&gt;&#13;
        &lt;MATERIAL_GUID/&gt;&#13;
        &lt;MATERIAL_VERSION/&gt;&#13;
        &lt;MOVE_MAT_EXTERNAL/&gt;&#13;
        &lt;MOVE_MAT_GUID/&gt;&#13;
        &lt;MOVE_MAT_VERSION/&gt;&#13;
        &lt;FUNC_AREA/&gt;&#13;
        &lt;TR_PART_BA/&gt;&#13;
        &lt;PAR_COMPCO/&gt;&#13;
        &lt;DELIV_NUMB/&gt;&#13;
        &lt;DELIV_ITEM/&gt;&#13;
        &lt;NB_SLIPS/&gt;&#13;
        &lt;NB_SLIPSX/&gt;&#13;
        &lt;GR_RCPTX/&gt;&#13;
        &lt;UNLOAD_PTX/&gt;&#13;
        &lt;SPEC_MVMT/&gt;&#13;
        &lt;GRANT_NBR/&gt;&#13;
        &lt;CMMT_ITEM_LONG/&gt;&#13;
        &lt;FUNC_AREA_LONG/&gt;&#13;
        &lt;LINE_ID/&gt;&#13;
        &lt;PARENT_ID/&gt;&#13;
        &lt;LINE_DEPTH/&gt;&#13;
        &lt;QUANTITY/&gt;&#13;
        &lt;BASE_UOM/&gt;&#13;
        &lt;LONGNUM/&gt;&#13;
        &lt;BUDGET_PERIOD/&gt;&#13;
        &lt;EARMARKED_NUMBER/&gt;&#13;
        &lt;EARMARKED_ITEM/&gt;&#13;
    &lt;/item&gt;</Output><Break>false</Break><ItemCount>0</ItemCount><CurrentItem>0</CurrentItem><Source>Local.GOODSMOVEMENTSXML{/GOODSMOVEMENTS/item}</Source><Item><ReferenceDocumentSource/>&lt;?xml version="1.0" encoding="UTF-8"?&gt;&lt;item&gt;&#13;
        &lt;MATERIAL/&gt;&#13;
        &lt;PLANT/&gt;&#13;
        &lt;STGE_LOC/&gt;&#13;
        &lt;BATCH/&gt;&#13;
        &lt;MOVE_TYPE/&gt;&#13;
        &lt;STCK_TYPE/&gt;&#13;
        &lt;SPEC_STOCK/&gt;&#13;
        &lt;VENDOR/&gt;&#13;
        &lt;CUSTOMER/&gt;&#13;
        &lt;SALES_ORD/&gt;&#13;
        &lt;S_ORD_ITEM/&gt;&#13;
        &lt;SCHED_LINE/&gt;&#13;
        &lt;VAL_TYPE/&gt;&#13;
        &lt;ENTRY_QNT/&gt;&#13;
        &lt;ENTRY_UOM/&gt;&#13;
        &lt;ENTRY_UOM_ISO/&gt;&#13;
        &lt;PO_PR_QNT/&gt;&#13;
        &lt;ORDERPR_UN/&gt;&#13;
        &lt;ORDERPR_UN_ISO/&gt;&#13;
        &lt;PO_NUMBER/&gt;&#13;
        &lt;PO_ITEM/&gt;&#13;
        &lt;SHIPPING/&gt;&#13;
        &lt;COMP_SHIP/&gt;&#13;
        &lt;NO_MORE_GR/&gt;&#13;
        &lt;ITEM_TEXT/&gt;&#13;
        &lt;GR_RCPT/&gt;&#13;
        &lt;UNLOAD_PT/&gt;&#13;
        &lt;COSTCENTER/&gt;&#13;
        &lt;ORDERID/&gt;&#13;
        &lt;ORDER_ITNO/&gt;&#13;
        &lt;CALC_MOTIVE/&gt;&#13;
        &lt;ASSET_NO/&gt;&#13;
        &lt;SUB_NUMBER/&gt;&#13;
        &lt;RESERV_NO/&gt;&#13;
        &lt;RES_ITEM/&gt;&#13;
        &lt;RES_TYPE/&gt;&#13;
        &lt;WITHDRAWN/&gt;&#13;
        &lt;MOVE_MAT/&gt;&#13;
        &lt;MOVE_PLANT/&gt;&#13;
        &lt;MOVE_STLOC/&gt;&#13;
        &lt;MOVE_BATCH/&gt;&#13;
        &lt;MOVE_VAL_TYPE/&gt;&#13;
        &lt;MVT_IND/&gt;&#13;
        &lt;MOVE_REAS/&gt;&#13;
        &lt;RL_EST_KEY/&gt;&#13;
        &lt;REF_DATE/&gt;&#13;
        &lt;COST_OBJ/&gt;&#13;
        &lt;PROFIT_SEGM_NO/&gt;&#13;
        &lt;PROFIT_CTR/&gt;&#13;
        &lt;WBS_ELEM/&gt;&#13;
        &lt;NETWORK/&gt;&#13;
        &lt;ACTIVITY/&gt;&#13;
        &lt;PART_ACCT/&gt;&#13;
        &lt;AMOUNT_LC/&gt;&#13;
        &lt;AMOUNT_SV/&gt;&#13;
        &lt;REF_DOC_YR/&gt;&#13;
        &lt;REF_DOC/&gt;&#13;
        &lt;REF_DOC_IT/&gt;&#13;
        &lt;EXPIRYDATE/&gt;&#13;
        &lt;PROD_DATE/&gt;&#13;
        &lt;FUND/&gt;&#13;
        &lt;FUNDS_CTR/&gt;&#13;
        &lt;CMMT_ITEM/&gt;&#13;
        &lt;VAL_SALES_ORD/&gt;&#13;
        &lt;VAL_S_ORD_ITEM/&gt;&#13;
        &lt;VAL_WBS_ELEM/&gt;&#13;
        &lt;GL_ACCOUNT/&gt;&#13;
        &lt;IND_PROPOSE_QUANX/&gt;&#13;
        &lt;XSTOB/&gt;&#13;
        &lt;EAN_UPC/&gt;&#13;
        &lt;DELIV_NUMB_TO_SEARCH/&gt;&#13;
        &lt;DELIV_ITEM_TO_SEARCH/&gt;&#13;
        &lt;SERIALNO_AUTO_NUMBERASSIGNMENT/&gt;&#13;
        &lt;VENDRBATCH/&gt;&#13;
        &lt;STGE_TYPE/&gt;&#13;
        &lt;STGE_BIN/&gt;&#13;
        &lt;SU_PL_STCK_1/&gt;&#13;
        &lt;ST_UN_QTYY_1/&gt;&#13;
        &lt;ST_UN_QTYY_1_ISO/&gt;&#13;
        &lt;UNITTYPE_1/&gt;&#13;
        &lt;SU_PL_STCK_2/&gt;&#13;
        &lt;ST_UN_QTYY_2/&gt;&#13;
        &lt;ST_UN_QTYY_2_ISO/&gt;&#13;
        &lt;UNITTYPE_2/&gt;&#13;
        &lt;STGE_TYPE_PC/&gt;&#13;
        &lt;STGE_BIN_PC/&gt;&#13;
        &lt;NO_PST_CHGNT/&gt;&#13;
        &lt;GR_NUMBER/&gt;&#13;
        &lt;STGE_TYPE_ST/&gt;&#13;
        &lt;STGE_BIN_ST/&gt;&#13;
        &lt;MATDOC_TR_CANCEL/&gt;&#13;
        &lt;MATITEM_TR_CANCEL/&gt;&#13;
        &lt;MATYEAR_TR_CANCEL/&gt;&#13;
        &lt;NO_TRANSFER_REQ/&gt;&#13;
        &lt;CO_BUSPROC/&gt;&#13;
        &lt;ACTTYPE/&gt;&#13;
        &lt;SUPPL_VEND/&gt;&#13;
        &lt;MATERIAL_EXTERNAL/&gt;&#13;
        &lt;MATERIAL_GUID/&gt;&#13;
        &lt;MATERIAL_VERSION/&gt;&#13;
        &lt;MOVE_MAT_EXTERNAL/&gt;&#13;
        &lt;MOVE_MAT_GUID/&gt;&#13;
        &lt;MOVE_MAT_VERSION/&gt;&#13;
        &lt;FUNC_AREA/&gt;&#13;
        &lt;TR_PART_BA/&gt;&#13;
        &lt;PAR_COMPCO/&gt;&#13;
        &lt;DELIV_NUMB/&gt;&#13;
        &lt;DELIV_ITEM/&gt;&#13;
        &lt;NB_SLIPS/&gt;&#13;
        &lt;NB_SLIPSX/&gt;&#13;
        &lt;GR_RCPTX/&gt;&#13;
        &lt;UNLOAD_PTX/&gt;&#13;
        &lt;SPEC_MVMT/&gt;&#13;
        &lt;GRANT_NBR/&gt;&#13;
        &lt;CMMT_ITEM_LONG/&gt;&#13;
        &lt;FUNC_AREA_LONG/&gt;&#13;
        &lt;LINE_ID/&gt;&#13;
        &lt;PARENT_ID/&gt;&#13;
        &lt;LINE_DEPTH/&gt;&#13;
        &lt;QUANTITY/&gt;&#13;
        &lt;BASE_UOM/&gt;&#13;
        &lt;LONGNUM/&gt;&#13;
        &lt;BUDGET_PERIOD/&gt;&#13;
        &lt;EARMARKED_NUMBER/&gt;&#13;
        &lt;EARMARKED_ITEM/&gt;&#13;
    &lt;/item&gt;</Item></Value><SchemaURI/><SchemaElement/><ValidateXMLOnExecution>1</ValidateXMLOnExecution><SchemaURI/><SchemaElement/><ValidateXMLOnExecution>1</ValidateXMLOnExecution><ReadOnly>false</ReadOnly><AlertXMLAssigned>false</AlertXMLAssigned></ContextItem><ContextItem><Name>BAPI_CREATE_TT</Name><Description/><MinRange>0</MinRange><MaxRange>0</MaxRange><Value xsi:type="SAPJCOFunction"><SourceSession>Start_Session_0</SourceSession><Request><ReferenceDocumentSource/>&lt;?xml version="1.0" encoding="UTF-8"?&gt;&lt;BAPI_PRODORDCONF_CREATE_TT&gt;&lt;INPUT&gt;&lt;POST_WRONG_ENTRIES&gt;'0'&lt;/POST_WRONG_ENTRIES&gt;&lt;TESTRUN/&gt;&lt;/INPUT&gt;&lt;TABLES&gt;&lt;CHARACTERISTICS_BATCH&gt;&lt;item&gt;&lt;CHAR_NAME/&gt;&lt;CHAR_VALUE/&gt;&lt;/item&gt;&lt;/CHARACTERISTICS_BATCH&gt;&lt;CHARACTERISTICS_WIPBATCH&gt;&lt;item&gt;&lt;CHAR_NAME/&gt;&lt;CHAR_VALUE/&gt;&lt;/item&gt;&lt;/CHARACTERISTICS_WIPBATCH&gt;&lt;DETAIL_RETURN&gt;&lt;item&gt;&lt;TYPE/&gt;&lt;ID/&gt;&lt;NUMBER/&gt;&lt;MESSAGE/&gt;&lt;LOG_NO/&gt;&lt;LOG_MSG_NO/&gt;&lt;MESSAGE_V1/&gt;&lt;MESSAGE_V2/&gt;&lt;MESSAGE_V3/&gt;&lt;MESSAGE_V4/&gt;&lt;PARAMETER/&gt;&lt;ROW/&gt;&lt;FIELD/&gt;&lt;SYSTEM/&gt;&lt;FLG_LOCKED/&gt;&lt;CONF_NO/&gt;&lt;CONF_CNT/&gt;&lt;/item&gt;&lt;/DETAIL_RETURN&gt;&lt;GOODSMOVEMENTS&gt;&lt;item&gt;&lt;MATERIAL/&gt;&lt;PLANT/&gt;&lt;STGE_LOC/&gt;&lt;BATCH/&gt;&lt;MOVE_TYPE/&gt;&lt;STCK_TYPE/&gt;&lt;SPEC_STOCK/&gt;&lt;VENDOR/&gt;&lt;CUSTOMER/&gt;&lt;SALES_ORD/&gt;&lt;S_ORD_ITEM/&gt;&lt;SCHED_LINE/&gt;&lt;VAL_TYPE/&gt;&lt;ENTRY_QNT/&gt;&lt;ENTRY_UOM/&gt;&lt;ENTRY_UOM_ISO/&gt;&lt;PO_PR_QNT/&gt;&lt;ORDERPR_UN/&gt;&lt;ORDERPR_UN_ISO/&gt;&lt;PO_NUMBER/&gt;&lt;PO_ITEM/&gt;&lt;SHIPPING/&gt;&lt;COMP_SHIP/&gt;&lt;NO_MORE_GR/&gt;&lt;ITEM_TEXT/&gt;&lt;GR_RCPT/&gt;&lt;UNLOAD_PT/&gt;&lt;COSTCENTER/&gt;&lt;ORDERID/&gt;&lt;ORDER_ITNO/&gt;&lt;CALC_MOTIVE/&gt;&lt;ASSET_NO/&gt;&lt;SUB_NUMBER/&gt;&lt;RESERV_NO/&gt;&lt;RES_ITEM/&gt;&lt;RES_TYPE/&gt;&lt;WITHDRAWN/&gt;&lt;MOVE_MAT/&gt;&lt;MOVE_PLANT/&gt;&lt;MOVE_STLOC/&gt;&lt;MOVE_BATCH/&gt;&lt;MOVE_VAL_TYPE/&gt;&lt;MVT_IND/&gt;&lt;MOVE_REAS/&gt;&lt;RL_EST_KEY/&gt;&lt;REF_DATE/&gt;&lt;COST_OBJ/&gt;&lt;PROFIT_SEGM_NO/&gt;&lt;PROFIT_CTR/&gt;&lt;WBS_ELEM/&gt;&lt;NETWORK/&gt;&lt;ACTIVITY/&gt;&lt;PART_ACCT/&gt;&lt;AMOUNT_LC/&gt;&lt;AMOUNT_SV/&gt;&lt;REF_DOC_YR/&gt;&lt;REF_DOC/&gt;&lt;REF_DOC_IT/&gt;&lt;EXPIRYDATE/&gt;&lt;PROD_DATE/&gt;&lt;FUND/&gt;&lt;FUNDS_CTR/&gt;&lt;CMMT_ITEM/&gt;&lt;VAL_SALES_ORD/&gt;&lt;VAL_S_ORD_ITEM/&gt;&lt;VAL_WBS_ELEM/&gt;&lt;GL_ACCOUNT/&gt;&lt;IND_PROPOSE_QUANX/&gt;&lt;XSTOB/&gt;&lt;EAN_UPC/&gt;&lt;DELIV_NUMB_TO_SEARCH/&gt;&lt;DELIV_ITEM_TO_SEARCH/&gt;&lt;SERIALNO_AUTO_NUMBERASSIGNMENT/&gt;&lt;VENDRBATCH/&gt;&lt;STGE_TYPE/&gt;&lt;STGE_BIN/&gt;&lt;SU_PL_STCK_1/&gt;&lt;ST_UN_QTYY_1/&gt;&lt;ST_UN_QTYY_1_ISO/&gt;&lt;UNITTYPE_1/&gt;&lt;SU_PL_STCK_2/&gt;&lt;ST_UN_QTYY_2/&gt;&lt;ST_UN_QTYY_2_ISO/&gt;&lt;UNITTYPE_2/&gt;&lt;STGE_TYPE_PC/&gt;&lt;STGE_BIN_PC/&gt;&lt;NO_PST_CHGNT/&gt;&lt;GR_NUMBER/&gt;&lt;STGE_TYPE_ST/&gt;&lt;STGE_BIN_ST/&gt;&lt;MATDOC_TR_CANCEL/&gt;&lt;MATITEM_TR_CANCEL/&gt;&lt;MATYEAR_TR_CANCEL/&gt;&lt;NO_TRANSFER_REQ/&gt;&lt;CO_BUSPROC/&gt;&lt;ACTTYPE/&gt;&lt;SUPPL_VEND/&gt;&lt;MATERIAL_EXTERNAL/&gt;&lt;MATERIAL_GUID/&gt;&lt;MATERIAL_VERSION/&gt;&lt;MOVE_MAT_EXTERNAL/&gt;&lt;MOVE_MAT_GUID/&gt;&lt;MOVE_MAT_VERSION/&gt;&lt;FUNC_AREA/&gt;&lt;TR_PART_BA/&gt;&lt;PAR_COMPCO/&gt;&lt;DELIV_NUMB/&gt;&lt;DELIV_ITEM/&gt;&lt;NB_SLIPS/&gt;&lt;NB_SLIPSX/&gt;&lt;GR_RCPTX/&gt;&lt;UNLOAD_PTX/&gt;&lt;SPEC_MVMT/&gt;&lt;GRANT_NBR/&gt;&lt;CMMT_ITEM_LONG/&gt;&lt;FUNC_AREA_LONG/&gt;&lt;LINE_ID/&gt;&lt;PARENT_ID/&gt;&lt;LINE_DEPTH/&gt;&lt;QUANTITY/&gt;&lt;BASE_UOM/&gt;&lt;LONGNUM/&gt;&lt;BUDGET_PERIOD/&gt;&lt;EARMARKED_NUMBER/&gt;&lt;EARMARKED_ITEM/&gt;&lt;/item&gt;&lt;/GOODSMOVEMENTS&gt;&lt;LINK_CONF_CHAR_WIPBATCH&gt;&lt;item&gt;&lt;INDEX_CONFIRM/&gt;&lt;INDEX_CHAR_WIPBATCH/&gt;&lt;/item&gt;&lt;/LINK_CONF_CHAR_WIPBATCH&gt;&lt;LINK_CONF_GOODSMOV&gt;&lt;item&gt;&lt;INDEX_CONFIRM/&gt;&lt;INDEX_GOODSMOV/&gt;&lt;INDEX_GM_DEPEND/&gt;&lt;/item&gt;&lt;/LINK_CONF_GOODSMOV&gt;&lt;LINK_GM_CHAR_BATCH&gt;&lt;item&gt;&lt;INDEX_GOODSMVT/&gt;&lt;INDEX_CHAR_BATCH/&gt;&lt;/item&gt;&lt;/LINK_GM_CHAR_BATCH&gt;&lt;TIMETICKETS&gt;&lt;item&gt;&lt;CONF_NO/&gt;&lt;ORDERID/&gt;&lt;SEQUENCE/&gt;&lt;OPERATION/&gt;&lt;SUB_OPER/&gt;&lt;CAPA_CATEGORY/&gt;&lt;SPLIT/&gt;&lt;FIN_CONF/&gt;&lt;CLEAR_RES/&gt;&lt;POSTG_DATE/&gt;&lt;DEV_REASON/&gt;&lt;CONF_TEXT/&gt;&lt;PLANT/&gt;&lt;WORK_CNTR/&gt;&lt;RECORDTYPE/&gt;&lt;CONF_QUAN_UNIT/&gt;&lt;CONF_QUAN_UNIT_ISO/&gt;&lt;YIELD/&gt;&lt;SCRAP/&gt;&lt;REWORK/&gt;&lt;CONF_ACTI_UNIT1/&gt;&lt;CONF_ACTI_UNIT1_ISO/&gt;&lt;CONF_ACTIVITY1/&gt;&lt;NO_REMN_ACTI1/&gt;&lt;CONF_ACTI_UNIT2/&gt;&lt;CONF_ACTI_UNIT2_ISO/&gt;&lt;CONF_ACTIVITY2/&gt;&lt;NO_REMN_ACTI2/&gt;&lt;CONF_ACTI_UNIT3/&gt;&lt;CONF_ACTI_UNIT3_ISO/&gt;&lt;CONF_ACTIVITY3/&gt;&lt;NO_REMN_ACTI3/&gt;&lt;CONF_ACTI_UNIT4/&gt;&lt;CONF_ACTI_UNIT4_ISO/&gt;&lt;CONF_ACTIVITY4/&gt;&lt;NO_REMN_ACTI4/&gt;&lt;CONF_ACTI_UNIT5/&gt;&lt;CONF_ACTI_UNIT5_ISO/&gt;&lt;CONF_ACTIVITY5/&gt;&lt;NO_REMN_ACTI5/&gt;&lt;CONF_ACTI_UNIT6/&gt;&lt;CONF_ACTI_UNIT6_ISO/&gt;&lt;CONF_ACTIVITY6/&gt;&lt;NO_REMN_ACTI6/&gt;&lt;CONF_BUS_PROC_UNIT1/&gt;&lt;CONF_BUS_PROC_UNIT1_ISO/&gt;&lt;CONF_BUS_PROC1/&gt;&lt;NO_REMN_BUS_PROC1/&gt;&lt;EXEC_START_DATE/&gt;&lt;EXEC_START_TIME/&gt;&lt;SETUP_FIN_DATE/&gt;&lt;SETUP_FIN_TIME/&gt;&lt;PROC_START_DATE/&gt;&lt;PROC_START_TIME/&gt;&lt;PROC_FIN_DATE/&gt;&lt;PROC_FIN_TIME/&gt;&lt;TEARDOWN_START_DATE/&gt;&lt;TEARDOWN_START_TIME/&gt;&lt;EXEC_FIN_DATE/&gt;&lt;EXEC_FIN_TIME/&gt;&lt;FCST_FIN_DATE/&gt;&lt;FCST_FIN_TIME/&gt;&lt;STD_UNIT1/&gt;&lt;STD_UNIT1_ISO/&gt;&lt;FORCAST_STD_VAL1/&gt;&lt;STD_UNIT2/&gt;&lt;STD_UNIT2_ISO/&gt;&lt;FORCAST_STD_VAL2/&gt;&lt;STD_UNIT3/&gt;&lt;STD_UNIT3_ISO/&gt;&lt;FORCAST_STD_VAL3/&gt;&lt;STD_UNIT4/&gt;&lt;STD_UNIT4_ISO/&gt;&lt;FORCAST_STD_VAL4/&gt;&lt;STD_UNIT5/&gt;&lt;STD_UNIT5_ISO/&gt;&lt;FORCAST_STD_VAL5/&gt;&lt;STD_UNIT6/&gt;&lt;STD_UNIT6_ISO/&gt;&lt;FORCAST_STD_VAL6/&gt;&lt;FORCAST_BUS_PROC_UNIT1/&gt;&lt;FORC_BUS_PROC_UNIT1_ISO/&gt;&lt;FORCAST_BUS_PROC_VAL1/&gt;&lt;PERS_NO/&gt;&lt;TIMEID_NO/&gt;&lt;WAGETYPE/&gt;&lt;SUITABILITY/&gt;&lt;NO_OF_EMPLOYEE/&gt;&lt;WAGEGROUP/&gt;&lt;BREAK_UNIT/&gt;&lt;BREAK_UNIT_ISO/&gt;&lt;BREAK_TIME/&gt;&lt;EX_CREATED_BY/&gt;&lt;EX_CREATED_DATE/&gt;&lt;EX_CREATED_TIME/&gt;&lt;TARGET_ACTI1/&gt;&lt;TARGET_ACTI2/&gt;&lt;TARGET_ACTI3/&gt;&lt;TARGET_ACTI4/&gt;&lt;TARGET_ACTI5/&gt;&lt;TARGET_ACTI6/&gt;&lt;TARGET_BUS_PROC1/&gt;&lt;EX_IDENT/&gt;&lt;LOGDATE/&gt;&lt;LOGTIME/&gt;&lt;WIP_BATCH/&gt;&lt;VENDRBATCH/&gt;&lt;ME_SFC_ID/&gt;&lt;ME_2ND_CONF_QTY/&gt;&lt;/item&gt;&lt;/TIMETICKETS&gt;&lt;/TABLES&gt;&lt;/BAPI_PRODORDCONF_CREATE_TT&gt;</Request><Response><ReferenceDocumentSource/>&lt;?xml version="1.0" encoding="UTF-8"?&gt;&lt;BAPI_PRODORDCONF_CREATE_TT&gt;&lt;OUTPUT&gt;&lt;RETURN&gt;&lt;TYPE/&gt;&lt;ID/&gt;&lt;NUMBER/&gt;&lt;MESSAGE/&gt;&lt;LOG_NO/&gt;&lt;LOG_MSG_NO/&gt;&lt;MESSAGE_V1/&gt;&lt;MESSAGE_V2/&gt;&lt;MESSAGE_V3/&gt;&lt;MESSAGE_V4/&gt;&lt;/RETURN&gt;&lt;/OUTPUT&gt;&lt;TABLES&gt;&lt;CHARACTERISTICS_BATCH&gt;&lt;item&gt;&lt;CHAR_NAME/&gt;&lt;CHAR_VALUE/&gt;&lt;/item&gt;&lt;/CHARACTERISTICS_BATCH&gt;&lt;CHARACTERISTICS_WIPBATCH&gt;&lt;item&gt;&lt;CHAR_NAME/&gt;&lt;CHAR_VALUE/&gt;&lt;/item&gt;&lt;/CHARACTERISTICS_WIPBATCH&gt;&lt;DETAIL_RETURN&gt;&lt;item&gt;&lt;TYPE/&gt;&lt;ID/&gt;&lt;NUMBER/&gt;&lt;MESSAGE/&gt;&lt;LOG_NO/&gt;&lt;LOG_MSG_NO/&gt;&lt;MESSAGE_V1/&gt;&lt;MESSAGE_V2/&gt;&lt;MESSAGE_V3/&gt;&lt;MESSAGE_V4/&gt;&lt;PARAMETER/&gt;&lt;ROW/&gt;&lt;FIELD/&gt;&lt;SYSTEM/&gt;&lt;FLG_LOCKED/&gt;&lt;CONF_NO/&gt;&lt;CONF_CNT/&gt;&lt;/item&gt;&lt;/DETAIL_RETURN&gt;&lt;GOODSMOVEMENTS&gt;&lt;item&gt;&lt;MATERIAL/&gt;&lt;PLANT/&gt;&lt;STGE_LOC/&gt;&lt;BATCH/&gt;&lt;MOVE_TYPE/&gt;&lt;STCK_TYPE/&gt;&lt;SPEC_STOCK/&gt;&lt;VENDOR/&gt;&lt;CUSTOMER/&gt;&lt;SALES_ORD/&gt;&lt;S_ORD_ITEM/&gt;&lt;SCHED_LINE/&gt;&lt;VAL_TYPE/&gt;&lt;ENTRY_QNT/&gt;&lt;ENTRY_UOM/&gt;&lt;ENTRY_UOM_ISO/&gt;&lt;PO_PR_QNT/&gt;&lt;ORDERPR_UN/&gt;&lt;ORDERPR_UN_ISO/&gt;&lt;PO_NUMBER/&gt;&lt;PO_ITEM/&gt;&lt;SHIPPING/&gt;&lt;COMP_SHIP/&gt;&lt;NO_MORE_GR/&gt;&lt;ITEM_TEXT/&gt;&lt;GR_RCPT/&gt;&lt;UNLOAD_PT/&gt;&lt;COSTCENTER/&gt;&lt;ORDERID/&gt;&lt;ORDER_ITNO/&gt;&lt;CALC_MOTIVE/&gt;&lt;ASSET_NO/&gt;&lt;SUB_NUMBER/&gt;&lt;RESERV_NO/&gt;&lt;RES_ITEM/&gt;&lt;RES_TYPE/&gt;&lt;WITHDRAWN/&gt;&lt;MOVE_MAT/&gt;&lt;MOVE_PLANT/&gt;&lt;MOVE_STLOC/&gt;&lt;MOVE_BATCH/&gt;&lt;MOVE_VAL_TYPE/&gt;&lt;MVT_IND/&gt;&lt;MOVE_REAS/&gt;&lt;RL_EST_KEY/&gt;&lt;REF_DATE/&gt;&lt;COST_OBJ/&gt;&lt;PROFIT_SEGM_NO/&gt;&lt;PROFIT_CTR/&gt;&lt;WBS_ELEM/&gt;&lt;NETWORK/&gt;&lt;ACTIVITY/&gt;&lt;PART_ACCT/&gt;&lt;AMOUNT_LC/&gt;&lt;AMOUNT_SV/&gt;&lt;REF_DOC_YR/&gt;&lt;REF_DOC/&gt;&lt;REF_DOC_IT/&gt;&lt;EXPIRYDATE/&gt;&lt;PROD_DATE/&gt;&lt;FUND/&gt;&lt;FUNDS_CTR/&gt;&lt;CMMT_ITEM/&gt;&lt;VAL_SALES_ORD/&gt;&lt;VAL_S_ORD_ITEM/&gt;&lt;VAL_WBS_ELEM/&gt;&lt;GL_ACCOUNT/&gt;&lt;IND_PROPOSE_QUANX/&gt;&lt;XSTOB/&gt;&lt;EAN_UPC/&gt;&lt;DELIV_NUMB_TO_SEARCH/&gt;&lt;DELIV_ITEM_TO_SEARCH/&gt;&lt;SERIALNO_AUTO_NUMBERASSIGNMENT/&gt;&lt;VENDRBATCH/&gt;&lt;STGE_TYPE/&gt;&lt;STGE_BIN/&gt;&lt;SU_PL_STCK_1/&gt;&lt;ST_UN_QTYY_1/&gt;&lt;ST_UN_QTYY_1_ISO/&gt;&lt;UNITTYPE_1/&gt;&lt;SU_PL_STCK_2/&gt;&lt;ST_UN_QTYY_2/&gt;&lt;ST_UN_QTYY_2_ISO/&gt;&lt;UNITTYPE_2/&gt;&lt;STGE_TYPE_PC/&gt;&lt;STGE_BIN_PC/&gt;&lt;NO_PST_CHGNT/&gt;&lt;GR_NUMBER/&gt;&lt;STGE_TYPE_ST/&gt;&lt;STGE_BIN_ST/&gt;&lt;MATDOC_TR_CANCEL/&gt;&lt;MATITEM_TR_CANCEL/&gt;&lt;MATYEAR_TR_CANCEL/&gt;&lt;NO_TRANSFER_REQ/&gt;&lt;CO_BUSPROC/&gt;&lt;ACTTYPE/&gt;&lt;SUPPL_VEND/&gt;&lt;MATERIAL_EXTERNAL/&gt;&lt;MATERIAL_GUID/&gt;&lt;MATERIAL_VERSION/&gt;&lt;MOVE_MAT_EXTERNAL/&gt;&lt;MOVE_MAT_GUID/&gt;&lt;MOVE_MAT_VERSION/&gt;&lt;FUNC_AREA/&gt;&lt;TR_PART_BA/&gt;&lt;PAR_COMPCO/&gt;&lt;DELIV_NUMB/&gt;&lt;DELIV_ITEM/&gt;&lt;NB_SLIPS/&gt;&lt;NB_SLIPSX/&gt;&lt;GR_RCPTX/&gt;&lt;UNLOAD_PTX/&gt;&lt;SPEC_MVMT/&gt;&lt;GRANT_NBR/&gt;&lt;CMMT_ITEM_LONG/&gt;&lt;FUNC_AREA_LONG/&gt;&lt;LINE_ID/&gt;&lt;PARENT_ID/&gt;&lt;LINE_DEPTH/&gt;&lt;QUANTITY/&gt;&lt;BASE_UOM/&gt;&lt;LONGNUM/&gt;&lt;BUDGET_PERIOD/&gt;&lt;EARMARKED_NUMBER/&gt;&lt;EARMARKED_ITEM/&gt;&lt;/item&gt;&lt;/GOODSMOVEMENTS&gt;&lt;LINK_CONF_CHAR_WIPBATCH&gt;&lt;item&gt;&lt;INDEX_CONFIRM/&gt;&lt;INDEX_CHAR_WIPBATCH/&gt;&lt;/item&gt;&lt;/LINK_CONF_CHAR_WIPBATCH&gt;&lt;LINK_CONF_GOODSMOV&gt;&lt;item&gt;&lt;INDEX_CONFIRM/&gt;&lt;INDEX_GOODSMOV/&gt;&lt;INDEX_GM_DEPEND/&gt;&lt;/item&gt;&lt;/LINK_CONF_GOODSMOV&gt;&lt;LINK_GM_CHAR_BATCH&gt;&lt;item&gt;&lt;INDEX_GOODSMVT/&gt;&lt;INDEX_CHAR_BATCH/&gt;&lt;/item&gt;&lt;/LINK_GM_CHAR_BATCH&gt;&lt;TIMETICKETS&gt;&lt;item&gt;&lt;CONF_NO/&gt;&lt;ORDERID/&gt;&lt;SEQUENCE/&gt;&lt;OPERATION/&gt;&lt;SUB_OPER/&gt;&lt;CAPA_CATEGORY/&gt;&lt;SPLIT/&gt;&lt;FIN_CONF/&gt;&lt;CLEAR_RES/&gt;&lt;POSTG_DATE/&gt;&lt;DEV_REASON/&gt;&lt;CONF_TEXT/&gt;&lt;PLANT/&gt;&lt;WORK_CNTR/&gt;&lt;RECORDTYPE/&gt;&lt;CONF_QUAN_UNIT/&gt;&lt;CONF_QUAN_UNIT_ISO/&gt;&lt;YIELD/&gt;&lt;SCRAP/&gt;&lt;REWORK/&gt;&lt;CONF_ACTI_UNIT1/&gt;&lt;CONF_ACTI_UNIT1_ISO/&gt;&lt;CONF_ACTIVITY1/&gt;&lt;NO_REMN_ACTI1/&gt;&lt;CONF_ACTI_UNIT2/&gt;&lt;CONF_ACTI_UNIT2_ISO/&gt;&lt;CONF_ACTIVITY2/&gt;&lt;NO_REMN_ACTI2/&gt;&lt;CONF_ACTI_UNIT3/&gt;&lt;CONF_ACTI_UNIT3_ISO/&gt;&lt;CONF_ACTIVITY3/&gt;&lt;NO_REMN_ACTI3/&gt;&lt;CONF_ACTI_UNIT4/&gt;&lt;CONF_ACTI_UNIT4_ISO/&gt;&lt;CONF_ACTIVITY4/&gt;&lt;NO_REMN_ACTI4/&gt;&lt;CONF_ACTI_UNIT5/&gt;&lt;CONF_ACTI_UNIT5_ISO/&gt;&lt;CONF_ACTIVITY5/&gt;&lt;NO_REMN_ACTI5/&gt;&lt;CONF_ACTI_UNIT6/&gt;&lt;CONF_ACTI_UNIT6_ISO/&gt;&lt;CONF_ACTIVITY6/&gt;&lt;NO_REMN_ACTI6/&gt;&lt;CONF_BUS_PROC_UNIT1/&gt;&lt;CONF_BUS_PROC_UNIT1_ISO/&gt;&lt;CONF_BUS_PROC1/&gt;&lt;NO_REMN_BUS_PROC1/&gt;&lt;EXEC_START_DATE/&gt;&lt;EXEC_START_TIME/&gt;&lt;SETUP_FIN_DATE/&gt;&lt;SETUP_FIN_TIME/&gt;&lt;PROC_START_DATE/&gt;&lt;PROC_START_TIME/&gt;&lt;PROC_FIN_DATE/&gt;&lt;PROC_FIN_TIME/&gt;&lt;TEARDOWN_START_DATE/&gt;&lt;TEARDOWN_START_TIME/&gt;&lt;EXEC_FIN_DATE/&gt;&lt;EXEC_FIN_TIME/&gt;&lt;FCST_FIN_DATE/&gt;&lt;FCST_FIN_TIME/&gt;&lt;STD_UNIT1/&gt;&lt;STD_UNIT1_ISO/&gt;&lt;FORCAST_STD_VAL1/&gt;&lt;STD_UNIT2/&gt;&lt;STD_UNIT2_ISO/&gt;&lt;FORCAST_STD_VAL2/&gt;&lt;STD_UNIT3/&gt;&lt;STD_UNIT3_ISO/&gt;&lt;FORCAST_STD_VAL3/&gt;&lt;STD_UNIT4/&gt;&lt;STD_UNIT4_ISO/&gt;&lt;FORCAST_STD_VAL4/&gt;&lt;STD_UNIT5/&gt;&lt;STD_UNIT5_ISO/&gt;&lt;FORCAST_STD_VAL5/&gt;&lt;STD_UNIT6/&gt;&lt;STD_UNIT6_ISO/&gt;&lt;FORCAST_STD_VAL6/&gt;&lt;FORCAST_BUS_PROC_UNIT1/&gt;&lt;FORC_BUS_PROC_UNIT1_ISO/&gt;&lt;FORCAST_BUS_PROC_VAL1/&gt;&lt;PERS_NO/&gt;&lt;TIMEID_NO/&gt;&lt;WAGETYPE/&gt;&lt;SUITABILITY/&gt;&lt;NO_OF_EMPLOYEE/&gt;&lt;WAGEGROUP/&gt;&lt;BREAK_UNIT/&gt;&lt;BREAK_UNIT_ISO/&gt;&lt;BREAK_TIME/&gt;&lt;EX_CREATED_BY/&gt;&lt;EX_CREATED_DATE/&gt;&lt;EX_CREATED_TIME/&gt;&lt;TARGET_ACTI1/&gt;&lt;TARGET_ACTI2/&gt;&lt;TARGET_ACTI3/&gt;&lt;TARGET_ACTI4/&gt;&lt;TARGET_ACTI5/&gt;&lt;TARGET_ACTI6/&gt;&lt;TARGET_BUS_PROC1/&gt;&lt;EX_IDENT/&gt;&lt;LOGDATE/&gt;&lt;LOGTIME/&gt;&lt;WIP_BATCH/&gt;&lt;VENDRBATCH/&gt;&lt;ME_SFC_ID/&gt;&lt;ME_2ND_CONF_QTY/&gt;&lt;/item&gt;&lt;/TIMETICKETS&gt;&lt;/TABLES&gt;&lt;/BAPI_PRODORDCONF_CREATE_TT&gt;</Response><SAPRFC>BAPI_PRODORDCONF_CREATE_TT</SAPRFC><TYPERFC>0</TYPERFC><QueueName/><ExecuteFunction>true</ExecuteFunction><RecreateFunction>true</RecreateFunction><AllowMultipleRows>true</AllowMultipleRows><DaysRetention>7</DaysRetention><MaxRetryCount>5</MaxRetryCount><RetryInterval>30000</RetryInterval><ProcessingMode>1</ProcessingMode><Filter/><DataBufferComment/><RetryImmediately>false</RetryImmediately></Value><SchemaURI/><SchemaElement/><ValidateXMLOnExecution>1</ValidateXMLOnExecution><SchemaURI/><SchemaElement/><ValidateXMLOnExecution>1</ValidateXMLOnExecution><ReadOnly>false</ReadOnly><AlertXMLAssigned>false</AlertXMLAssigned></ContextItem><ContextItem><Name>Response</Name><Description/><MinRange>0</MinRange><MaxRange>0</MaxRange><Value xsi:type="Tracer"><Message/><Level>INFO</Level></Value><ReadOnly>false</ReadOnly><AlertXMLAssigned>false</AlertXMLAssigned></ContextItem><ContextItem><Name>GM101</Name><Description/><MinRange>0</MinRange><MaxRange>0</MaxRange><Value xsi:type="ConditionalAction"><Output>false</Output><InputCount>1</InputCount><LogicalAnd>false</LogicalAnd><Input1>false</Input1></Value><ReadOnly>false</ReadOnly><AlertXMLAssigned>false</AlertXMLAssigned></ContextItem><ContextItem><Name>AssignToItem_101</Name><Description/><MinRange>0</MinRange><MaxRange>0</MaxRange><Value xsi:type="Assignment"/><ReadOnly>false</ReadOnly><AlertXMLAssigned>false</AlertXMLAssigned></ContextItem><ContextItem><Name>AssignToItem_261</Name><Description/><MinRange>0</MinRange><MaxRange>0</MaxRange><Value xsi:type="Assignment"/><ReadOnly>false</ReadOnly><AlertXMLAssigned>false</AlertXMLAssigned></ContextItem><ContextItem><Name>AssignToXML</Name><Description/><MinRange>0</MinRange><MaxRange>0</MaxRange><Value xsi:type="Assignment"/><ReadOnly>false</ReadOnly><AlertXMLAssigned>false</AlertXMLAssigned></ContextItem><ContextItem><Name>ShowGM</Name><Description/><MinRange>0</MinRange><MaxRange>0</MaxRange><Value xsi:type="Tracer"><Message/><Level>INFO</Level></Value><ReadOnly>false</ReadOnly><AlertXMLAssigned>false</AlertXMLAssigned></ContextItem><ContextItem><Name>debug_1</Name><Description/><MinRange>0</MinRange><MaxRange>0</MaxRange><Value xsi:type="ConditionalAction"><Output>false</Output><InputCount>1</InputCount><LogicalAnd>false</LogicalAnd><Input1>false</Input1></Value><ReadOnly>false</ReadOnly><AlertXMLAssigned>false</AlertXMLAssigned></ContextItem><ContextItem><Name>debug_2</Name><Description/><MinRange>0</MinRange><MaxRange>0</MaxRange><Value xsi:type="ConditionalAction"><Output>false</Output><InputCount>1</InputCount><LogicalAnd>false</LogicalAnd><Input1>false</Input1></Value><ReadOnly>false</ReadOnly><AlertXMLAssigned>false</AlertXMLAssigned></ContextItem><ContextItem><Name>ShowGM_FULL</Name><Description/><MinRange>0</MinRange><MaxRange>0</MaxRange><Value xsi:type="Tracer"><Message/><Level>INFO</Level></Value><ReadOnly>false</ReadOnly><AlertXMLAssigned>false</AlertXMLAssigned></ContextItem><ContextItem><Name>BAPI_CREATE_TT_ok</Name><Description/><MinRange>0</MinRange><MaxRange>0</MaxRange><Value xsi:type="ConditionalAction"><Output>false</Output><InputCount>1</InputCount><LogicalAnd>false</LogicalAnd><Input1>false</Input1></Value><ReadOnly>false</ReadOnly><AlertXMLAssigned>false</AlertXMLAssigned></ContextItem><ContextItem><Name>JCo_Commit</Name><Description/><MinRange>0</MinRange><MaxRange>0</MaxRange><Value xsi:type="SAPJCOCommit"><SourceSession>Start_Session_0</SourceSession></Value><ReadOnly>false</ReadOnly><AlertXMLAssigned>false</AlertXMLAssigned></ContextItem><ContextItem><Name>Row_1</Name><Description/><MinRange>0</MinRange><MaxRange>0</MaxRange><Value xsi:type="IlluminatorRow"><IlluminatorDocument>OutputDocument.Output</IlluminatorDocument></Value><ReadOnly>false</ReadOnly><AlertXMLAssigned>false</AlertXMLAssigned></ContextItem><ContextItem><Name>JCo_Rollback</Name><Description/><MinRange>0</MinRange><MaxRange>0</MaxRange><Value xsi:type="SAPJCORollback"><SourceSession>Start_Session_0</SourceSession></Value><ReadOnly>false</ReadOnly><AlertXMLAssigned>false</AlertXMLAssigned></ContextItem><ContextItem><Name>Row_2</Name><Description/><MinRange>0</MinRange><MaxRange>0</MaxRange><Value xsi:type="IlluminatorRow"><IlluminatorDocument>OutputDocument.Output</IlluminatorDocument></Value><ReadOnly>false</ReadOnly><AlertXMLAssigned>false</AlertXMLAssigned></ContextItem><ContextItem><Name>Request</Name><Description/><MinRange>0</MinRange><MaxRange>0</MaxRange><Value xsi:type="Tracer"><Message/><Level>INFO</Level></Value><ReadOnly>false</ReadOnly><AlertXMLAssigned>false</AlertXMLAssigned></ContextItem><ContextItem><Name>debug_3</Name><Description/><MinRange>0</MinRange><MaxRange>0</MaxRange><Value xsi:type="ConditionalAction"><Output>false</Output><InputCount>1</InputCount><LogicalAnd>false</LogicalAnd><Input1>false</Input1></Value><ReadOnly>false</ReadOnly><AlertXMLAssigned>false</AlertXMLAssigned></ContextItem><ContextItem><Name>DISABLE</Name><Description/><MinRange>0</MinRange><MaxRange>0</MaxRange><Value xsi:type="ConditionalAction"><Output>false</Output><InputCount>1</InputCount><LogicalAnd>false</LogicalAnd><Input1>false</Input1></Value><ReadOnly>false</ReadOnly><AlertXMLAssigned>false</AlertXMLAssigned></ContextItem></Actions><ReaderRoles>SAP_XMII_Super_Administrator,SAP_XMII_Administrator,SAP_XMII_Developer,SAP_XMII_User</ReaderRoles><Steps><Step xsi:type="ActionSequence"><Name>Sequence_20</Name><Description/><Steps><Step xsi:type="ActionSequence"><Name>Sequence_25</Name><Description/><Steps><Step xsi:type="ActionSequence"><Name>Sequence</Name><Description/><Steps><Step xsi:type="ActionSequence"><Name>Sequence_0</Name><Description/><Steps><Step xsi:type="Conditional"><Name>Sequence_18</Name><Description/><Steps><Step xsi:type="ActionSequence"><Name>Sequence_2</Name><Description/><Steps><Step xsi:type="ActionSequence"><Name>Sequence_5</Name><Description/><Steps><Step xsi:type="ActionSequence"><Name>Sequence_7</Name><Description/><Steps><Step xsi:type="Conditional"><Name>Sequence_12</Name><Description/><Steps><Step xsi:type="ActionSequence"><Name>Sequence_29</Name><Description/><Steps><Step xsi:type="ActionSequence"><Name>Sequence_35</Name><Description/><Steps><Step xsi:type="Conditional"><Name>Sequence_36</Name><Description/><Steps><Step xsi:type="ActionSequence"><Name>Sequence_37</Name><Description/><Steps><Step xsi:type="ActionSequence"><Name>Sequence_41</Name><Description/><Steps/><Actions><Action><Name>ShowGM_FULL</Name><Description> </Description><IncomingLinks><Assign xsi:type="Assign"><Name/><Description/><To>ShowGM_FULL.Message</To><From>Local.GM_FULL_XML</From></Assign></IncomingLinks><OutgoingLinks/></Action></Actions></Step></Steps><Actions><Action><Name>ShowTT</Name><Description> </Description><IncomingLinks><Assign xsi:type="Assign"><Name/><Description/><To>ShowTT.Message</To><From>Local.TIMETICKETSXML</From></Assign></IncomingLinks><OutgoingLinks/></Action></Actions></Step></Steps><Actions><Action><Name>debug_1</Name><Description> </Description><IncomingLinks><Assign xsi:type="Assign"><Name/><Description/><To>debug_1.Input1</To><From>Local.debug</From></Assign></IncomingLinks><OutgoingLinks/></Action></Actions></Step><Step xsi:type="ActionSequence"><Name>Sequence_27</Name><Description/><Steps><Step xsi:type="Repeater"><Name>Sequence_30</Name><Description/><Steps><Step xsi:type="ActionSequence"><Name>Sequence_38</Name><Description/><Steps><Step xsi:type="Conditional"><Name>Sequence_39</Name><Description/><Steps><Step xsi:type="ActionSequence"><Name>Sequence_40</Name><Description/><Steps/><Actions><Action><Name>ShowGM</Name><Description> </Description><IncomingLinks><Assign xsi:type="Assign"><Name/><Description/><To>ShowGM.Message</To><From>" Item " &amp; RepeatOnGM.CurrentItem &amp; " of " &amp; RepeatOnGM.ItemCount &amp;
" -- MAT: " &amp; RepeatOnGM.Output{/item/MATERIAL} &amp;
" -- SLOC : " &amp; RepeatOnGM.Output{/item/STGE_LOC} &amp; 
" -- BATCH: " &amp; RepeatOnGM.Output{/item/BATCH} &amp; 
" -- MVE TYP: " &amp; RepeatOnGM.Output{/item/MOVE_TYPE} &amp; 
" -- ITEM QTY: " </From></Assign></IncomingLinks><OutgoingLinks/></Action></Actions></Step></Steps><Actions><Action><Name>debug_2</Name><Description> </Description><IncomingLinks><Assign xsi:type="Assign"><Name/><Description/><To>debug_2.Input1</To><From>Local.debug</From></Assign></IncomingLinks><OutgoingLinks/></Action></Actions></Step><Step xsi:type="ActionSequence"><Name>Sequence_8</Name><Description/><Steps><Step xsi:type="Conditional"><Name>Sequence_28</Name><Description/><Steps><Step xsi:type="ActionSequence"><Name>Sequence_22</Name><Description/><Steps/><Actions><Action><Name>AssignToItem_101</Name><Description> </Description><IncomingLinks/><OutgoingLinks><Assign xsi:type="Assign"><Name/><Description/><To>Local.GM_ITEM_XML{/item/MATERIAL}</To><From>RepeatOnGM.Output{/item/MATERIAL}</From></Assign><Assign xsi:type="Assign"><Name/><Description/><To>Local.GM_ITEM_XML{/item/PLANT}</To><From>RepeatOnGM.Output{/item/PLANT}</From></Assign><Assign xsi:type="Assign"><Name/><Description/><To>Local.GM_ITEM_XML{/item/STGE_LOC}</To><From>RepeatOnGM.Output{/item/STGE_LOC}</From></Assign><Assign xsi:type="Assign"><Name/><Description/><To>Local.GM_ITEM_XML{/item/BATCH}</To><From>RepeatOnGM.Output{/item/BATCH}</From></Assign><Assign xsi:type="Assign"><Name/><Description/><To>Local.GM_ITEM_XML{/item/MOVE_TYPE}</To><From>RepeatOnGM.Output{/item/MOVE_TYPE}</From></Assign><Assign xsi:type="Assign"><Name/><Description/><To>Local.GM_ITEM_XML{/item/STCK_TYPE}</To><From>RepeatOnGM.Output{/item/STCK_TYPE}</From></Assign><Assign xsi:type="Assign"><Name/><Description/><To>Local.GM_ITEM_XML{/item/SPEC_STOCK}</To><From>RepeatOnGM.Output{/item/SPEC_STOCK}</From></Assign><Assign xsi:type="Assign"><Name/><Description/><To>Local.GM_ITEM_XML{/item/VENDOR}</To><From>RepeatOnGM.Output{/item/VENDOR}</From></Assign><Assign xsi:type="Assign"><Name/><Description/><To>Local.GM_ITEM_XML{/item/CUSTOMER}</To><From>RepeatOnGM.Output{/item/CUSTOMER}</From></Assign><Assign xsi:type="Assign"><Name/><Description/><To>Local.GM_ITEM_XML{/item/SALES_ORD}</To><From>RepeatOnGM.Output{/item/SALES_ORD}</From></Assign><Assign xsi:type="Assign"><Name/><Description/><To>Local.GM_ITEM_XML{/item/S_ORD_ITEM}</To><From>RepeatOnGM.Output{/item/S_ORD_ITEM}</From></Assign><Assign xsi:type="Assign"><Name/><Description/><To>Local.GM_ITEM_XML{/item/SCHED_LINE}</To><From>RepeatOnGM.Output{/item/SCHED_LINE}</From></Assign><Assign xsi:type="Assign"><Name/><Description/><To>Local.GM_ITEM_XML{/item/VAL_TYPE}</To><From>RepeatOnGM.Output{/item/VAL_TYPE}</From></Assign><Assign xsi:type="Assign"><Name/><Description/><To>Local.GM_ITEM_XML{/item/ENTRY_QNT}</To><From>RepeatOnGM.Output{/item/ENTRY_QNT}</From></Assign><Assign xsi:type="Assign"><Name/><Description/><To>Local.GM_ITEM_XML{/item/ENTRY_UOM}</To><From>RepeatOnGM.Output{/item/ENTRY_UOM}</From></Assign><Assign xsi:type="Assign"><Name/><Description/><To>Local.GM_ITEM_XML{/item/ENTRY_UOM_ISO}</To><From>RepeatOnGM.Output{/item/ENTRY_UOM_ISO}</From></Assign><Assign xsi:type="Assign"><Name/><Description/><To>Local.GM_ITEM_XML{/item/PO_PR_QNT}</To><From>RepeatOnGM.Output{/item/PO_PR_QNT}</From></Assign><Assign xsi:type="Assign"><Name/><Description/><To>Local.GM_ITEM_XML{/item/ORDERPR_UN}</To><From>RepeatOnGM.Output{/item/ORDERPR_UN}</From></Assign><Assign xsi:type="Assign"><Name/><Description/><To>Local.GM_ITEM_XML{/item/ORDERPR_UN_ISO}</To><From>RepeatOnGM.Output{/item/ORDERPR_UN_ISO}</From></Assign><Assign xsi:type="Assign"><Name/><Description/><To>Local.GM_ITEM_XML{/item/PO_NUMBER}</To><From>RepeatOnGM.Output{/item/PO_NUMBER}</From></Assign><Assign xsi:type="Assign"><Name/><Description/><To>Local.GM_ITEM_XML{/item/PO_ITEM}</To><From>RepeatOnGM.Output{/item/PO_ITEM}</From></Assign><Assign xsi:type="Assign"><Name/><Description/><To>Local.GM_ITEM_XML{/item/SHIPPING}</To><From>RepeatOnGM.Output{/item/SHIPPING}</From></Assign><Assign xsi:type="Assign"><Name/><Description/><To>Local.GM_ITEM_XML{/item/COMP_SHIP}</To><From>RepeatOnGM.Output{/item/COMP_SHIP}</From></Assign><Assign xsi:type="Assign"><Name/><Description/><To>Local.GM_ITEM_XML{/item/NO_MORE_GR}</To><From>RepeatOnGM.Output{/item/NO_MORE_GR}</From></Assign><Assign xsi:type="Assign"><Name/><Description/><To>Local.GM_ITEM_XML{/item/ITEM_TEXT}</To><From>RepeatOnGM.Output{/item/ITEM_TEXT}</From></Assign><Assign xsi:type="Assign"><Name/><Description/><To>Local.GM_ITEM_XML{/item/GR_RCPT}</To><From>RepeatOnGM.Output{/item/GR_RCPT}</From></Assign><Assign xsi:type="Assign"><Name/><Description/><To>Local.GM_ITEM_XML{/item/UNLOAD_PT}</To><From>RepeatOnGM.Output{/item/UNLOAD_PT}</From></Assign><Assign xsi:type="Assign"><Name/><Description/><To>Local.GM_ITEM_XML{/item/COSTCENTER}</To><From>RepeatOnGM.Output{/item/COSTCENTER}</From></Assign><Assign xsi:type="Assign"><Name/><Description/><To>Local.GM_ITEM_XML{/item/ORDERID}</To><From>RepeatOnGM.Output{/item/ORDERID}</From></Assign><Assign xsi:type="Assign"><Name/><Description/><To>Local.GM_ITEM_XML{/item/ORDER_ITNO}</To><From>RepeatOnGM.Output{/item/ORDER_ITNO}</From></Assign><Assign xsi:type="Assign"><Name/><Description/><To>Local.GM_ITEM_XML{/item/CALC_MOTIVE}</To><From>RepeatOnGM.Output{/item/CALC_MOTIVE}</From></Assign><Assign xsi:type="Assign"><Name/><Description/><To>Local.GM_ITEM_XML{/item/ASSET_NO}</To><From>RepeatOnGM.Output{/item/ASSET_NO}</From></Assign><Assign xsi:type="Assign"><Name/><Description/><To>Local.GM_ITEM_XML{/item/SUB_NUMBER}</To><From>RepeatOnGM.Output{/item/SUB_NUMBER}</From></Assign><Assign xsi:type="Assign"><Name/><Description/><To>Local.GM_ITEM_XML{/item/RESERV_NO}</To><From>RepeatOnGM.Output{/item/RESERV_NO}</From></Assign><Assign xsi:type="Assign"><Name/><Description/><To>Local.GM_ITEM_XML{/item/RES_ITEM}</To><From>RepeatOnGM.Output{/item/RES_ITEM}</From></Assign><Assign xsi:type="Assign"><Name/><Description/><To>Local.GM_ITEM_XML{/item/RES_TYPE}</To><From>RepeatOnGM.Output{/item/RES_TYPE}</From></Assign><Assign xsi:type="Assign"><Name/><Description/><To>Local.GM_ITEM_XML{/item/WITHDRAWN}</To><From>RepeatOnGM.Output{/item/WITHDRAWN}</From></Assign><Assign xsi:type="Assign"><Name/><Description/><To>Local.GM_ITEM_XML{/item/MOVE_MAT}</To><From>RepeatOnGM.Output{/item/MOVE_MAT}</From></Assign><Assign xsi:type="Assign"><Name/><Description/><To>Local.GM_ITEM_XML{/item/MOVE_PLANT}</To><From>RepeatOnGM.Output{/item/MOVE_PLANT}</From></Assign><Assign xsi:type="Assign"><Name/><Description/><To>Local.GM_ITEM_XML{/item/MOVE_STLOC}</To><From>RepeatOnGM.Output{/item/MOVE_STLOC}</From></Assign><Assign xsi:type="Assign"><Name/><Description/><To>Local.GM_ITEM_XML{/item/MOVE_BATCH}</To><From>RepeatOnGM.Output{/item/MOVE_BATCH}</From></Assign><Assign xsi:type="Assign"><Name/><Description/><To>Local.GM_ITEM_XML{/item/MOVE_VAL_TYPE}</To><From>RepeatOnGM.Output{/item/MOVE_VAL_TYPE}</From></Assign><Assign xsi:type="Assign"><Name/><Description/><To>Local.GM_ITEM_XML{/item/MVT_IND}</To><From>RepeatOnGM.Output{/item/MVT_IND}</From></Assign><Assign xsi:type="Assign"><Name/><Description/><To>Local.GM_ITEM_XML{/item/MOVE_REAS}</To><From>RepeatOnGM.Output{/item/MOVE_REAS}</From></Assign><Assign xsi:type="Assign"><Name/><Description/><To>Local.GM_ITEM_XML{/item/RL_EST_KEY}</To><From>RepeatOnGM.Output{/item/RL_EST_KEY}</From></Assign><Assign xsi:type="Assign"><Name/><Description/><To>Local.GM_ITEM_XML{/item/REF_DATE}</To><From>RepeatOnGM.Output{/item/REF_DATE}</From></Assign><Assign xsi:type="Assign"><Name/><Description/><To>Local.GM_ITEM_XML{/item/COST_OBJ}</To><From>RepeatOnGM.Output{/item/COST_OBJ}</From></Assign><Assign xsi:type="Assign"><Name/><Description/><To>Local.GM_ITEM_XML{/item/PROFIT_SEGM_NO}</To><From>RepeatOnGM.Output{/item/PROFIT_SEGM_NO}</From></Assign><Assign xsi:type="Assign"><Name/><Description/><To>Local.GM_ITEM_XML{/item/PROFIT_CTR}</To><From>RepeatOnGM.Output{/item/PROFIT_CTR}</From></Assign><Assign xsi:type="Assign"><Name/><Description/><To>Local.GM_ITEM_XML{/item/WBS_ELEM}</To><From>RepeatOnGM.Output{/item/WBS_ELEM}</From></Assign><Assign xsi:type="Assign"><Name/><Description/><To>Local.GM_ITEM_XML{/item/NETWORK}</To><From>RepeatOnGM.Output{/item/NETWORK}</From></Assign><Assign xsi:type="Assign"><Name/><Description/><To>Local.GM_ITEM_XML{/item/ACTIVITY}</To><From>RepeatOnGM.Output{/item/ACTIVITY}</From></Assign><Assign xsi:type="Assign"><Name/><Description/><To>Local.GM_ITEM_XML{/item/PART_ACCT}</To><From>RepeatOnGM.Output{/item/PART_ACCT}</From></Assign><Assign xsi:type="Assign"><Name/><Description/><To>Local.GM_ITEM_XML{/item/AMOUNT_LC}</To><From>RepeatOnGM.Output{/item/AMOUNT_LC}</From></Assign><Assign xsi:type="Assign"><Name/><Description/><To>Local.GM_ITEM_XML{/item/AMOUNT_SV}</To><From>RepeatOnGM.Output{/item/AMOUNT_SV}</From></Assign><Assign xsi:type="Assign"><Name/><Description/><To>Local.GM_ITEM_XML{/item/REF_DOC_YR}</To><From>RepeatOnGM.Output{/item/REF_DOC_YR}</From></Assign><Assign xsi:type="Assign"><Name/><Description/><To>Local.GM_ITEM_XML{/item/REF_DOC}</To><From>RepeatOnGM.Output{/item/REF_DOC}</From></Assign><Assign xsi:type="Assign"><Name/><Description/><To>Local.GM_ITEM_XML{/item/REF_DOC_IT}</To><From>RepeatOnGM.Output{/item/REF_DOC_IT}</From></Assign><Assign xsi:type="Assign"><Name/><Description/><To>Local.GM_ITEM_XML{/item/EXPIRYDATE}</To><From>RepeatOnGM.Output{/item/EXPIRYDATE}</From></Assign><Assign xsi:type="Assign"><Name/><Description/><To>Local.GM_ITEM_XML{/item/PROD_DATE}</To><From>RepeatOnGM.Output{/item/PROD_DATE}</From></Assign><Assign xsi:type="Assign"><Name/><Description/><To>Local.GM_ITEM_XML{/item/FUND}</To><From>RepeatOnGM.Output{/item/FUND}</From></Assign><Assign xsi:type="Assign"><Name/><Description/><To>Local.GM_ITEM_XML{/item/FUNDS_CTR}</To><From>RepeatOnGM.Output{/item/FUNDS_CTR}</From></Assign><Assign xsi:type="Assign"><Name/><Description/><To>Local.GM_ITEM_XML{/item/CMMT_ITEM}</To><From>RepeatOnGM.Output{/item/CMMT_ITEM}</From></Assign><Assign xsi:type="Assign"><Name/><Description/><To>Local.GM_ITEM_XML{/item/VAL_SALES_ORD}</To><From>RepeatOnGM.Output{/item/VAL_SALES_ORD}</From></Assign><Assign xsi:type="Assign"><Name/><Description/><To>Local.GM_ITEM_XML{/item/VAL_S_ORD_ITEM}</To><From>RepeatOnGM.Output{/item/VAL_S_ORD_ITEM}</From></Assign><Assign xsi:type="Assign"><Name/><Description/><To>Local.GM_ITEM_XML{/item/VAL_WBS_ELEM}</To><From>RepeatOnGM.Output{/item/VAL_WBS_ELEM}</From></Assign><Assign xsi:type="Assign"><Name/><Description/><To>Local.GM_ITEM_XML{/item/GL_ACCOUNT}</To><From>RepeatOnGM.Output{/item/GL_ACCOUNT}</From></Assign><Assign xsi:type="Assign"><Name/><Description/><To>Local.GM_ITEM_XML{/item/IND_PROPOSE_QUANX}</To><From>RepeatOnGM.Output{/item/IND_PROPOSE_QUANX}</From></Assign><Assign xsi:type="Assign"><Name/><Description/><To>Local.GM_ITEM_XML{/item/XSTOB}</To><From>RepeatOnGM.Output{/item/XSTOB}</From></Assign><Assign xsi:type="Assign"><Name/><Description/><To>Local.GM_ITEM_XML{/item/EAN_UPC}</To><From>RepeatOnGM.Output{/item/EAN_UPC}</From></Assign><Assign xsi:type="Assign"><Name/><Description/><To>Local.GM_ITEM_XML{/item/DELIV_NUMB_TO_SEARCH}</To><From>RepeatOnGM.Output{/item/DELIV_NUMB_TO_SEARCH}</From></Assign><Assign xsi:type="Assign"><Name/><Description/><To>Local.GM_ITEM_XML{/item/DELIV_ITEM_TO_SEARCH}</To><From>RepeatOnGM.Output{/item/DELIV_ITEM_TO_SEARCH}</From></Assign><Assign xsi:type="Assign"><Name/><Description/><To>Local.GM_ITEM_XML{/item/SERIALNO_AUTO_NUMBERASSIGNMENT}</To><From>RepeatOnGM.Output{/item/SERIALNO_AUTO_NUMBERASSIGNMENT}</From></Assign><Assign xsi:type="Assign"><Name/><Description/><To>Local.GM_ITEM_XML{/item/VENDRBATCH}</To><From>RepeatOnGM.Output{/item/VENDRBATCH}</From></Assign><Assign xsi:type="Assign"><Name/><Description/><To>Local.GM_ITEM_XML{/item/STGE_TYPE}</To><From>RepeatOnGM.Output{/item/STGE_TYPE}</From></Assign><Assign xsi:type="Assign"><Name/><Description/><To>Local.GM_ITEM_XML{/item/STGE_BIN}</To><From>RepeatOnGM.Output{/item/STGE_BIN}</From></Assign><Assign xsi:type="Assign"><Name/><Description/><To>Local.GM_ITEM_XML{/item/SU_PL_STCK_1}</To><From>RepeatOnGM.Output{/item/SU_PL_STCK_1}</From></Assign><Assign xsi:type="Assign"><Name/><Description/><To>Local.GM_ITEM_XML{/item/ST_UN_QTYY_1}</To><From>RepeatOnGM.Output{/item/ST_UN_QTYY_1}</From></Assign><Assign xsi:type="Assign"><Name/><Description/><To>Local.GM_ITEM_XML{/item/ST_UN_QTYY_1_ISO}</To><From>RepeatOnGM.Output{/item/ST_UN_QTYY_1_ISO}</From></Assign><Assign xsi:type="Assign"><Name/><Description/><To>Local.GM_ITEM_XML{/item/UNITTYPE_1}</To><From>RepeatOnGM.Output{/item/UNITTYPE_1}</From></Assign><Assign xsi:type="Assign"><Name/><Description/><To>Local.GM_ITEM_XML{/item/SU_PL_STCK_2}</To><From>RepeatOnGM.Output{/item/SU_PL_STCK_2}</From></Assign><Assign xsi:type="Assign"><Name/><Description/><To>Local.GM_ITEM_XML{/item/ST_UN_QTYY_2}</To><From>RepeatOnGM.Output{/item/ST_UN_QTYY_2}</From></Assign><Assign xsi:type="Assign"><Name/><Description/><To>Local.GM_ITEM_XML{/item/ST_UN_QTYY_2_ISO}</To><From>RepeatOnGM.Output{/item/ST_UN_QTYY_2_ISO}</From></Assign><Assign xsi:type="Assign"><Name/><Description/><To>Local.GM_ITEM_XML{/item/UNITTYPE_2}</To><From>RepeatOnGM.Output{/item/UNITTYPE_2}</From></Assign><Assign xsi:type="Assign"><Name/><Description/><To>Local.GM_ITEM_XML{/item/STGE_TYPE_PC}</To><From>RepeatOnGM.Output{/item/STGE_TYPE_PC}</From></Assign><Assign xsi:type="Assign"><Name/><Description/><To>Local.GM_ITEM_XML{/item/STGE_BIN_PC}</To><From>RepeatOnGM.Output{/item/STGE_BIN_PC}</From></Assign><Assign xsi:type="Assign"><Name/><Description/><To>Local.GM_ITEM_XML{/item/NO_PST_CHGNT}</To><From>RepeatOnGM.Output{/item/NO_PST_CHGNT}</From></Assign><Assign xsi:type="Assign"><Name/><Description/><To>Local.GM_ITEM_XML{/item/GR_NUMBER}</To><From>RepeatOnGM.Output{/item/GR_NUMBER}</From></Assign><Assign xsi:type="Assign"><Name/><Description/><To>Local.GM_ITEM_XML{/item/STGE_TYPE_ST}</To><From>RepeatOnGM.Output{/item/STGE_TYPE_ST}</From></Assign><Assign xsi:type="Assign"><Name/><Description/><To>Local.GM_ITEM_XML{/item/STGE_BIN_ST}</To><From>RepeatOnGM.Output{/item/STGE_BIN_ST}</From></Assign><Assign xsi:type="Assign"><Name/><Description/><To>Local.GM_ITEM_XML{/item/MATDOC_TR_CANCEL}</To><From>RepeatOnGM.Output{/item/MATDOC_TR_CANCEL}</From></Assign><Assign xsi:type="Assign"><Name/><Description/><To>Local.GM_ITEM_XML{/item/MATITEM_TR_CANCEL}</To><From>RepeatOnGM.Output{/item/MATITEM_TR_CANCEL}</From></Assign><Assign xsi:type="Assign"><Name/><Description/><To>Local.GM_ITEM_XML{/item/MATYEAR_TR_CANCEL}</To><From>RepeatOnGM.Output{/item/MATYEAR_TR_CANCEL}</From></Assign><Assign xsi:type="Assign"><Name/><Description/><To>Local.GM_ITEM_XML{/item/NO_TRANSFER_REQ}</To><From>RepeatOnGM.Output{/item/NO_TRANSFER_REQ}</From></Assign><Assign xsi:type="Assign"><Name/><Description/><To>Local.GM_ITEM_XML{/item/CO_BUSPROC}</To><From>RepeatOnGM.Output{/item/CO_BUSPROC}</From></Assign><Assign xsi:type="Assign"><Name/><Description/><To>Local.GM_ITEM_XML{/item/ACTTYPE}</To><From>RepeatOnGM.Output{/item/ACTTYPE}</From></Assign><Assign xsi:type="Assign"><Name/><Description/><To>Local.GM_ITEM_XML{/item/SUPPL_VEND}</To><From>RepeatOnGM.Output{/item/SUPPL_VEND}</From></Assign><Assign xsi:type="Assign"><Name/><Description/><To>Local.GM_ITEM_XML{/item/MATERIAL_EXTERNAL}</To><From>RepeatOnGM.Output{/item/MATERIAL_EXTERNAL}</From></Assign><Assign xsi:type="Assign"><Name/><Description/><To>Local.GM_ITEM_XML{/item/MATERIAL_GUID}</To><From>RepeatOnGM.Output{/item/MATERIAL_GUID}</From></Assign><Assign xsi:type="Assign"><Name/><Description/><To>Local.GM_ITEM_XML{/item/MATERIAL_VERSION}</To><From>RepeatOnGM.Output{/item/MATERIAL_VERSION}</From></Assign><Assign xsi:type="Assign"><Name/><Description/><To>Local.GM_ITEM_XML{/item/MOVE_MAT_EXTERNAL}</To><From>RepeatOnGM.Output{/item/MOVE_MAT_EXTERNAL}</From></Assign><Assign xsi:type="Assign"><Name/><Description/><To>Local.GM_ITEM_XML{/item/MOVE_MAT_GUID}</To><From>RepeatOnGM.Output{/item/MOVE_MAT_GUID}</From></Assign><Assign xsi:type="Assign"><Name/><Description/><To>Local.GM_ITEM_XML{/item/MOVE_MAT_VERSION}</To><From>RepeatOnGM.Output{/item/MOVE_MAT_VERSION}</From></Assign><Assign xsi:type="Assign"><Name/><Description/><To>Local.GM_ITEM_XML{/item/FUNC_AREA}</To><From>RepeatOnGM.Output{/item/FUNC_AREA}</From></Assign><Assign xsi:type="Assign"><Name/><Description/><To>Local.GM_ITEM_XML{/item/TR_PART_BA}</To><From>RepeatOnGM.Output{/item/TR_PART_BA}</From></Assign><Assign xsi:type="Assign"><Name/><Description/><To>Local.GM_ITEM_XML{/item/PAR_COMPCO}</To><From>RepeatOnGM.Output{/item/PAR_COMPCO}</From></Assign><Assign xsi:type="Assign"><Name/><Description/><To>Local.GM_ITEM_XML{/item/DELIV_NUMB}</To><From>RepeatOnGM.Output{/item/DELIV_NUMB}</From></Assign><Assign xsi:type="Assign"><Name/><Description/><To>Local.GM_ITEM_XML{/item/DELIV_ITEM}</To><From>RepeatOnGM.Output{/item/DELIV_ITEM}</From></Assign><Assign xsi:type="Assign"><Name/><Description/><To>Local.GM_ITEM_XML{/item/NB_SLIPS}</To><From>RepeatOnGM.Output{/item/NB_SLIPS}</From></Assign><Assign xsi:type="Assign"><Name/><Description/><To>Local.GM_ITEM_XML{/item/NB_SLIPSX}</To><From>RepeatOnGM.Output{/item/NB_SLIPSX}</From></Assign><Assign xsi:type="Assign"><Name/><Description/><To>Local.GM_ITEM_XML{/item/GR_RCPTX}</To><From>RepeatOnGM.Output{/item/GR_RCPTX}</From></Assign><Assign xsi:type="Assign"><Name/><Description/><To>Local.GM_ITEM_XML{/item/UNLOAD_PTX}</To><From>RepeatOnGM.Output{/item/UNLOAD_PTX}</From></Assign><Assign xsi:type="Assign"><Name/><Description/><To>Local.GM_ITEM_XML{/item/SPEC_MVMT}</To><From>RepeatOnGM.Output{/item/SPEC_MVMT}</From></Assign><Assign xsi:type="Assign"><Name/><Description/><To>Local.GM_ITEM_XML{/item/GRANT_NBR}</To><From>RepeatOnGM.Output{/item/GRANT_NBR}</From></Assign><Assign xsi:type="Assign"><Name/><Description/><To>Local.GM_ITEM_XML{/item/CMMT_ITEM_LONG}</To><From>RepeatOnGM.Output{/item/CMMT_ITEM_LONG}</From></Assign><Assign xsi:type="Assign"><Name/><Description/><To>Local.GM_ITEM_XML{/item/FUNC_AREA_LONG}</To><From>RepeatOnGM.Output{/item/FUNC_AREA_LONG}</From></Assign><Assign xsi:type="Assign"><Name/><Description/><To>Local.GM_ITEM_XML{/item/LINE_ID}</To><From>RepeatOnGM.Output{/item/LINE_ID}</From></Assign><Assign xsi:type="Assign"><Name/><Description/><To>Local.GM_ITEM_XML{/item/PARENT_ID}</To><From>RepeatOnGM.Output{/item/PARENT_ID}</From></Assign><Assign xsi:type="Assign"><Name/><Description/><To>Local.GM_ITEM_XML{/item/LINE_DEPTH}</To><From>RepeatOnGM.Output{/item/LINE_DEPTH}</From></Assign><Assign xsi:type="Assign"><Name/><Description/><To>Local.GM_ITEM_XML{/item/QUANTITY}</To><From>RepeatOnGM.Output{/item/QUANTITY}</From></Assign><Assign xsi:type="Assign"><Name/><Description/><To>Local.GM_ITEM_XML{/item/BASE_UOM}</To><From>RepeatOnGM.Output{/item/BASE_UOM}</From></Assign><Assign xsi:type="Assign"><Name/><Description/><To>Local.GM_ITEM_XML{/item/LONGNUM}</To><From>RepeatOnGM.Output{/item/LONGNUM}</From></Assign><Assign xsi:type="Assign"><Name/><Description/><To>Local.GM_ITEM_XML{/item/BUDGET_PERIOD}</To><From>RepeatOnGM.Output{/item/BUDGET_PERIOD}</From></Assign><Assign xsi:type="Assign"><Name/><Description/><To>Local.GM_ITEM_XML{/item/EARMARKED_NUMBER}</To><From>RepeatOnGM.Output{/item/EARMARKED_NUMBER}</From></Assign><Assign xsi:type="Assign"><Name/><Description/><To>Local.GM_ITEM_XML{/item/EARMARKED_ITEM}</To><From>RepeatOnGM.Output{/item/EARMARKED_ITEM}</From></Assign></OutgoingLinks></Action></Actions></Step><Step xsi:type="ActionSequence"><Name>Sequence_34</Name><Description/><Steps/><Actions><Action><Name>AssignToItem_261</Name><Description> </Description><IncomingLinks/><OutgoingLinks><Assign xsi:type="Assign"><Name/><Description/><To>Local.GM_ITEM_XML{/item/MATERIAL}</To><From>RepeatOnGM.Output{/item/MATERIAL}</From></Assign><Assign xsi:type="Assign"><Name/><Description/><To>Local.GM_ITEM_XML{/item/PLANT}</To><From>RepeatOnGM.Output{/item/PLANT}</From></Assign><Assign xsi:type="Assign"><Name/><Description/><To>Local.GM_ITEM_XML{/item/STGE_LOC}</To><From>RepeatOnGM.Output{/item/STGE_LOC}</From></Assign><Assign xsi:type="Assign"><Name/><Description/><To>Local.GM_ITEM_XML{/item/BATCH}</To><From>RepeatOnGM.Output{/item/BATCH}</From></Assign><Assign xsi:type="Assign"><Name/><Description/><To>Local.GM_ITEM_XML{/item/MOVE_TYPE}</To><From>RepeatOnGM.Output{/item/MOVE_TYPE}</From></Assign><Assign xsi:type="Assign"><Name/><Description/><To>Local.GM_ITEM_XML{/item/STCK_TYPE}</To><From>RepeatOnGM.Output{/item/STCK_TYPE}</From></Assign><Assign xsi:type="Assign"><Name/><Description/><To>Local.GM_ITEM_XML{/item/SPEC_STOCK}</To><From>RepeatOnGM.Output{/item/SPEC_STOCK}</From></Assign><Assign xsi:type="Assign"><Name/><Description/><To>Local.GM_ITEM_XML{/item/VENDOR}</To><From>RepeatOnGM.Output{/item/VENDOR}</From></Assign><Assign xsi:type="Assign"><Name/><Description/><To>Local.GM_ITEM_XML{/item/CUSTOMER}</To><From>RepeatOnGM.Output{/item/CUSTOMER}</From></Assign><Assign xsi:type="Assign"><Name/><Description/><To>Local.GM_ITEM_XML{/item/SALES_ORD}</To><From>RepeatOnGM.Output{/item/SALES_ORD}</From></Assign><Assign xsi:type="Assign"><Name/><Description/><To>Local.GM_ITEM_XML{/item/S_ORD_ITEM}</To><From>RepeatOnGM.Output{/item/S_ORD_ITEM}</From></Assign><Assign xsi:type="Assign"><Name/><Description/><To>Local.GM_ITEM_XML{/item/SCHED_LINE}</To><From>RepeatOnGM.Output{/item/SCHED_LINE}</From></Assign><Assign xsi:type="Assign"><Name/><Description/><To>Local.GM_ITEM_XML{/item/VAL_TYPE}</To><From>RepeatOnGM.Output{/item/VAL_TYPE}</From></Assign><Assign xsi:type="Assign"><Name/><Description/><To>Local.GM_ITEM_XML{/item/ENTRY_QNT}</To><From>RepeatOnGM.Output{/item/ENTRY_QNT}</From></Assign><Assign xsi:type="Assign"><Name/><Description/><To>Local.GM_ITEM_XML{/item/ENTRY_UOM}</To><From>RepeatOnGM.Output{/item/ENTRY_UOM}</From></Assign><Assign xsi:type="Assign"><Name/><Description/><To>Local.GM_ITEM_XML{/item/ENTRY_UOM_ISO}</To><From>RepeatOnGM.Output{/item/ENTRY_UOM_ISO}</From></Assign><Assign xsi:type="Assign"><Name/><Description/><To>Local.GM_ITEM_XML{/item/PO_PR_QNT}</To><From>RepeatOnGM.Output{/item/PO_PR_QNT}</From></Assign><Assign xsi:type="Assign"><Name/><Description/><To>Local.GM_ITEM_XML{/item/ORDERPR_UN}</To><From>RepeatOnGM.Output{/item/ORDERPR_UN}</From></Assign><Assign xsi:type="Assign"><Name/><Description/><To>Local.GM_ITEM_XML{/item/ORDERPR_UN_ISO}</To><From>RepeatOnGM.Output{/item/ORDERPR_UN_ISO}</From></Assign><Assign xsi:type="Assign"><Name/><Description/><To>Local.GM_ITEM_XML{/item/PO_NUMBER}</To><From>RepeatOnGM.Output{/item/PO_NUMBER}</From></Assign><Assign xsi:type="Assign"><Name/><Description/><To>Local.GM_ITEM_XML{/item/PO_ITEM}</To><From>RepeatOnGM.Output{/item/PO_ITEM}</From></Assign><Assign xsi:type="Assign"><Name/><Description/><To>Local.GM_ITEM_XML{/item/SHIPPING}</To><From>RepeatOnGM.Output{/item/SHIPPING}</From></Assign><Assign xsi:type="Assign"><Name/><Description/><To>Local.GM_ITEM_XML{/item/COMP_SHIP}</To><From>RepeatOnGM.Output{/item/COMP_SHIP}</From></Assign><Assign xsi:type="Assign"><Name/><Description/><To>Local.GM_ITEM_XML{/item/NO_MORE_GR}</To><From>RepeatOnGM.Output{/item/NO_MORE_GR}</From></Assign><Assign xsi:type="Assign"><Name/><Description/><To>Local.GM_ITEM_XML{/item/ITEM_TEXT}</To><From>RepeatOnGM.Output{/item/ITEM_TEXT}</From></Assign><Assign xsi:type="Assign"><Name/><Description/><To>Local.GM_ITEM_XML{/item/GR_RCPT}</To><From>RepeatOnGM.Output{/item/GR_RCPT}</From></Assign><Assign xsi:type="Assign"><Name/><Description/><To>Local.GM_ITEM_XML{/item/UNLOAD_PT}</To><From>RepeatOnGM.Output{/item/UNLOAD_PT}</From></Assign><Assign xsi:type="Assign"><Name/><Description/><To>Local.GM_ITEM_XML{/item/COSTCENTER}</To><From>RepeatOnGM.Output{/item/COSTCENTER}</From></Assign><Assign xsi:type="Assign"><Name/><Description/><To>Local.GM_ITEM_XML{/item/ORDERID}</To><From>RepeatOnGM.Output{/item/ORDERID}</From></Assign><Assign xsi:type="Assign"><Name/><Description/><To>Local.GM_ITEM_XML{/item/ORDER_ITNO}</To><From>RepeatOnGM.Output{/item/ORDER_ITNO}</From></Assign><Assign xsi:type="Assign"><Name/><Description/><To>Local.GM_ITEM_XML{/item/CALC_MOTIVE}</To><From>RepeatOnGM.Output{/item/CALC_MOTIVE}</From></Assign><Assign xsi:type="Assign"><Name/><Description/><To>Local.GM_ITEM_XML{/item/ASSET_NO}</To><From>RepeatOnGM.Output{/item/ASSET_NO}</From></Assign><Assign xsi:type="Assign"><Name/><Description/><To>Local.GM_ITEM_XML{/item/SUB_NUMBER}</To><From>RepeatOnGM.Output{/item/SUB_NUMBER}</From></Assign><Assign xsi:type="Assign"><Name/><Description/><To>Local.GM_ITEM_XML{/item/RESERV_NO}</To><From>RepeatOnGM.Output{/item/RESERV_NO}</From></Assign><Assign xsi:type="Assign"><Name/><Description/><To>Local.GM_ITEM_XML{/item/RES_ITEM}</To><From>RepeatOnGM.Output{/item/RES_ITEM}</From></Assign><Assign xsi:type="Assign"><Name/><Description/><To>Local.GM_ITEM_XML{/item/RES_TYPE}</To><From>RepeatOnGM.Output{/item/RES_TYPE}</From></Assign><Assign xsi:type="Assign"><Name/><Description/><To>Local.GM_ITEM_XML{/item/WITHDRAWN}</To><From>RepeatOnGM.Output{/item/WITHDRAWN}</From></Assign><Assign xsi:type="Assign"><Name/><Description/><To>Local.GM_ITEM_XML{/item/MOVE_MAT}</To><From>RepeatOnGM.Output{/item/MOVE_MAT}</From></Assign><Assign xsi:type="Assign"><Name/><Description/><To>Local.GM_ITEM_XML{/item/MOVE_PLANT}</To><From>RepeatOnGM.Output{/item/MOVE_PLANT}</From></Assign><Assign xsi:type="Assign"><Name/><Description/><To>Local.GM_ITEM_XML{/item/MOVE_STLOC}</To><From>RepeatOnGM.Output{/item/MOVE_STLOC}</From></Assign><Assign xsi:type="Assign"><Name/><Description/><To>Local.GM_ITEM_XML{/item/MOVE_BATCH}</To><From>RepeatOnGM.Output{/item/MOVE_BATCH}</From></Assign><Assign xsi:type="Assign"><Name/><Description/><To>Local.GM_ITEM_XML{/item/MOVE_VAL_TYPE}</To><From>RepeatOnGM.Output{/item/MOVE_VAL_TYPE}</From></Assign><Assign xsi:type="Assign"><Name/><Description/><To>Local.GM_ITEM_XML{/item/MVT_IND}</To><From>RepeatOnGM.Output{/item/MVT_IND}</From></Assign><Assign xsi:type="Assign"><Name/><Description/><To>Local.GM_ITEM_XML{/item/MOVE_REAS}</To><From>RepeatOnGM.Output{/item/MOVE_REAS}</From></Assign><Assign xsi:type="Assign"><Name/><Description/><To>Local.GM_ITEM_XML{/item/RL_EST_KEY}</To><From>RepeatOnGM.Output{/item/RL_EST_KEY}</From></Assign><Assign xsi:type="Assign"><Name/><Description/><To>Local.GM_ITEM_XML{/item/REF_DATE}</To><From>RepeatOnGM.Output{/item/REF_DATE}</From></Assign><Assign xsi:type="Assign"><Name/><Description/><To>Local.GM_ITEM_XML{/item/COST_OBJ}</To><From>RepeatOnGM.Output{/item/COST_OBJ}</From></Assign><Assign xsi:type="Assign"><Name/><Description/><To>Local.GM_ITEM_XML{/item/PROFIT_SEGM_NO}</To><From>RepeatOnGM.Output{/item/PROFIT_SEGM_NO}</From></Assign><Assign xsi:type="Assign"><Name/><Description/><To>Local.GM_ITEM_XML{/item/PROFIT_CTR}</To><From>RepeatOnGM.Output{/item/PROFIT_CTR}</From></Assign><Assign xsi:type="Assign"><Name/><Description/><To>Local.GM_ITEM_XML{/item/WBS_ELEM}</To><From>RepeatOnGM.Output{/item/WBS_ELEM}</From></Assign><Assign xsi:type="Assign"><Name/><Description/><To>Local.GM_ITEM_XML{/item/NETWORK}</To><From>RepeatOnGM.Output{/item/NETWORK}</From></Assign><Assign xsi:type="Assign"><Name/><Description/><To>Local.GM_ITEM_XML{/item/ACTIVITY}</To><From>RepeatOnGM.Output{/item/ACTIVITY}</From></Assign><Assign xsi:type="Assign"><Name/><Description/><To>Local.GM_ITEM_XML{/item/PART_ACCT}</To><From>RepeatOnGM.Output{/item/PART_ACCT}</From></Assign><Assign xsi:type="Assign"><Name/><Description/><To>Local.GM_ITEM_XML{/item/AMOUNT_LC}</To><From>RepeatOnGM.Output{/item/AMOUNT_LC}</From></Assign><Assign xsi:type="Assign"><Name/><Description/><To>Local.GM_ITEM_XML{/item/AMOUNT_SV}</To><From>RepeatOnGM.Output{/item/AMOUNT_SV}</From></Assign><Assign xsi:type="Assign"><Name/><Description/><To>Local.GM_ITEM_XML{/item/REF_DOC_YR}</To><From>RepeatOnGM.Output{/item/REF_DOC_YR}</From></Assign><Assign xsi:type="Assign"><Name/><Description/><To>Local.GM_ITEM_XML{/item/REF_DOC}</To><From>RepeatOnGM.Output{/item/REF_DOC}</From></Assign><Assign xsi:type="Assign"><Name/><Description/><To>Local.GM_ITEM_XML{/item/REF_DOC_IT}</To><From>RepeatOnGM.Output{/item/REF_DOC_IT}</From></Assign><Assign xsi:type="Assign"><Name/><Description/><To>Local.GM_ITEM_XML{/item/EXPIRYDATE}</To><From>RepeatOnGM.Output{/item/EXPIRYDATE}</From></Assign><Assign xsi:type="Assign"><Name/><Description/><To>Local.GM_ITEM_XML{/item/PROD_DATE}</To><From>RepeatOnGM.Output{/item/PROD_DATE}</From></Assign><Assign xsi:type="Assign"><Name/><Description/><To>Local.GM_ITEM_XML{/item/FUND}</To><From>RepeatOnGM.Output{/item/FUND}</From></Assign><Assign xsi:type="Assign"><Name/><Description/><To>Local.GM_ITEM_XML{/item/FUNDS_CTR}</To><From>RepeatOnGM.Output{/item/FUNDS_CTR}</From></Assign><Assign xsi:type="Assign"><Name/><Description/><To>Local.GM_ITEM_XML{/item/CMMT_ITEM}</To><From>RepeatOnGM.Output{/item/CMMT_ITEM}</From></Assign><Assign xsi:type="Assign"><Name/><Description/><To>Local.GM_ITEM_XML{/item/VAL_SALES_ORD}</To><From>RepeatOnGM.Output{/item/VAL_SALES_ORD}</From></Assign><Assign xsi:type="Assign"><Name/><Description/><To>Local.GM_ITEM_XML{/item/VAL_S_ORD_ITEM}</To><From>RepeatOnGM.Output{/item/VAL_S_ORD_ITEM}</From></Assign><Assign xsi:type="Assign"><Name/><Description/><To>Local.GM_ITEM_XML{/item/VAL_WBS_ELEM}</To><From>RepeatOnGM.Output{/item/VAL_WBS_ELEM}</From></Assign><Assign xsi:type="Assign"><Name/><Description/><To>Local.GM_ITEM_XML{/item/GL_ACCOUNT}</To><From>RepeatOnGM.Output{/item/GL_ACCOUNT}</From></Assign><Assign xsi:type="Assign"><Name/><Description/><To>Local.GM_ITEM_XML{/item/IND_PROPOSE_QUANX}</To><From>RepeatOnGM.Output{/item/IND_PROPOSE_QUANX}</From></Assign><Assign xsi:type="Assign"><Name/><Description/><To>Local.GM_ITEM_XML{/item/XSTOB}</To><From>RepeatOnGM.Output{/item/XSTOB}</From></Assign><Assign xsi:type="Assign"><Name/><Description/><To>Local.GM_ITEM_XML{/item/EAN_UPC}</To><From>RepeatOnGM.Output{/item/EAN_UPC}</From></Assign><Assign xsi:type="Assign"><Name/><Description/><To>Local.GM_ITEM_XML{/item/DELIV_NUMB_TO_SEARCH}</To><From>RepeatOnGM.Output{/item/DELIV_NUMB_TO_SEARCH}</From></Assign><Assign xsi:type="Assign"><Name/><Description/><To>Local.GM_ITEM_XML{/item/DELIV_ITEM_TO_SEARCH}</To><From>RepeatOnGM.Output{/item/DELIV_ITEM_TO_SEARCH}</From></Assign><Assign xsi:type="Assign"><Name/><Description/><To>Local.GM_ITEM_XML{/item/SERIALNO_AUTO_NUMBERASSIGNMENT}</To><From>RepeatOnGM.Output{/item/SERIALNO_AUTO_NUMBERASSIGNMENT}</From></Assign><Assign xsi:type="Assign"><Name/><Description/><To>Local.GM_ITEM_XML{/item/VENDRBATCH}</To><From>RepeatOnGM.Output{/item/VENDRBATCH}</From></Assign><Assign xsi:type="Assign"><Name/><Description/><To>Local.GM_ITEM_XML{/item/STGE_TYPE}</To><From>RepeatOnGM.Output{/item/STGE_TYPE}</From></Assign><Assign xsi:type="Assign"><Name/><Description/><To>Local.GM_ITEM_XML{/item/STGE_BIN}</To><From>RepeatOnGM.Output{/item/STGE_BIN}</From></Assign><Assign xsi:type="Assign"><Name/><Description/><To>Local.GM_ITEM_XML{/item/SU_PL_STCK_1}</To><From>RepeatOnGM.Output{/item/SU_PL_STCK_1}</From></Assign><Assign xsi:type="Assign"><Name/><Description/><To>Local.GM_ITEM_XML{/item/ST_UN_QTYY_1}</To><From>RepeatOnGM.Output{/item/ST_UN_QTYY_1}</From></Assign><Assign xsi:type="Assign"><Name/><Description/><To>Local.GM_ITEM_XML{/item/ST_UN_QTYY_1_ISO}</To><From>RepeatOnGM.Output{/item/ST_UN_QTYY_1_ISO}</From></Assign><Assign xsi:type="Assign"><Name/><Description/><To>Local.GM_ITEM_XML{/item/UNITTYPE_1}</To><From>RepeatOnGM.Output{/item/UNITTYPE_1}</From></Assign><Assign xsi:type="Assign"><Name/><Description/><To>Local.GM_ITEM_XML{/item/SU_PL_STCK_2}</To><From>RepeatOnGM.Output{/item/SU_PL_STCK_2}</From></Assign><Assign xsi:type="Assign"><Name/><Description/><To>Local.GM_ITEM_XML{/item/ST_UN_QTYY_2}</To><From>RepeatOnGM.Output{/item/ST_UN_QTYY_2}</From></Assign><Assign xsi:type="Assign"><Name/><Description/><To>Local.GM_ITEM_XML{/item/ST_UN_QTYY_2_ISO}</To><From>RepeatOnGM.Output{/item/ST_UN_QTYY_2_ISO}</From></Assign><Assign xsi:type="Assign"><Name/><Description/><To>Local.GM_ITEM_XML{/item/UNITTYPE_2}</To><From>RepeatOnGM.Output{/item/UNITTYPE_2}</From></Assign><Assign xsi:type="Assign"><Name/><Description/><To>Local.GM_ITEM_XML{/item/STGE_TYPE_PC}</To><From>RepeatOnGM.Output{/item/STGE_TYPE_PC}</From></Assign><Assign xsi:type="Assign"><Name/><Description/><To>Local.GM_ITEM_XML{/item/STGE_BIN_PC}</To><From>RepeatOnGM.Output{/item/STGE_BIN_PC}</From></Assign><Assign xsi:type="Assign"><Name/><Description/><To>Local.GM_ITEM_XML{/item/NO_PST_CHGNT}</To><From>RepeatOnGM.Output{/item/NO_PST_CHGNT}</From></Assign><Assign xsi:type="Assign"><Name/><Description/><To>Local.GM_ITEM_XML{/item/GR_NUMBER}</To><From>RepeatOnGM.Output{/item/GR_NUMBER}</From></Assign><Assign xsi:type="Assign"><Name/><Description/><To>Local.GM_ITEM_XML{/item/STGE_TYPE_ST}</To><From>RepeatOnGM.Output{/item/STGE_TYPE_ST}</From></Assign><Assign xsi:type="Assign"><Name/><Description/><To>Local.GM_ITEM_XML{/item/STGE_BIN_ST}</To><From>RepeatOnGM.Output{/item/STGE_BIN_ST}</From></Assign><Assign xsi:type="Assign"><Name/><Description/><To>Local.GM_ITEM_XML{/item/MATDOC_TR_CANCEL}</To><From>RepeatOnGM.Output{/item/MATDOC_TR_CANCEL}</From></Assign><Assign xsi:type="Assign"><Name/><Description/><To>Local.GM_ITEM_XML{/item/MATITEM_TR_CANCEL}</To><From>RepeatOnGM.Output{/item/MATITEM_TR_CANCEL}</From></Assign><Assign xsi:type="Assign"><Name/><Description/><To>Local.GM_ITEM_XML{/item/MATYEAR_TR_CANCEL}</To><From>RepeatOnGM.Output{/item/MATYEAR_TR_CANCEL}</From></Assign><Assign xsi:type="Assign"><Name/><Description/><To>Local.GM_ITEM_XML{/item/NO_TRANSFER_REQ}</To><From>RepeatOnGM.Output{/item/NO_TRANSFER_REQ}</From></Assign><Assign xsi:type="Assign"><Name/><Description/><To>Local.GM_ITEM_XML{/item/CO_BUSPROC}</To><From>RepeatOnGM.Output{/item/CO_BUSPROC}</From></Assign><Assign xsi:type="Assign"><Name/><Description/><To>Local.GM_ITEM_XML{/item/ACTTYPE}</To><From>RepeatOnGM.Output{/item/ACTTYPE}</From></Assign><Assign xsi:type="Assign"><Name/><Description/><To>Local.GM_ITEM_XML{/item/SUPPL_VEND}</To><From>RepeatOnGM.Output{/item/SUPPL_VEND}</From></Assign><Assign xsi:type="Assign"><Name/><Description/><To>Local.GM_ITEM_XML{/item/MATERIAL_EXTERNAL}</To><From>RepeatOnGM.Output{/item/MATERIAL_EXTERNAL}</From></Assign><Assign xsi:type="Assign"><Name/><Description/><To>Local.GM_ITEM_XML{/item/MATERIAL_GUID}</To><From>RepeatOnGM.Output{/item/MATERIAL_GUID}</From></Assign><Assign xsi:type="Assign"><Name/><Description/><To>Local.GM_ITEM_XML{/item/MATERIAL_VERSION}</To><From>RepeatOnGM.Output{/item/MATERIAL_VERSION}</From></Assign><Assign xsi:type="Assign"><Name/><Description/><To>Local.GM_ITEM_XML{/item/MOVE_MAT_EXTERNAL}</To><From>RepeatOnGM.Output{/item/MOVE_MAT_EXTERNAL}</From></Assign><Assign xsi:type="Assign"><Name/><Description/><To>Local.GM_ITEM_XML{/item/MOVE_MAT_GUID}</To><From>RepeatOnGM.Output{/item/MOVE_MAT_GUID}</From></Assign><Assign xsi:type="Assign"><Name/><Description/><To>Local.GM_ITEM_XML{/item/MOVE_MAT_VERSION}</To><From>RepeatOnGM.Output{/item/MOVE_MAT_VERSION}</From></Assign><Assign xsi:type="Assign"><Name/><Description/><To>Local.GM_ITEM_XML{/item/FUNC_AREA}</To><From>RepeatOnGM.Output{/item/FUNC_AREA}</From></Assign><Assign xsi:type="Assign"><Name/><Description/><To>Local.GM_ITEM_XML{/item/TR_PART_BA}</To><From>RepeatOnGM.Output{/item/TR_PART_BA}</From></Assign><Assign xsi:type="Assign"><Name/><Description/><To>Local.GM_ITEM_XML{/item/PAR_COMPCO}</To><From>RepeatOnGM.Output{/item/PAR_COMPCO}</From></Assign><Assign xsi:type="Assign"><Name/><Description/><To>Local.GM_ITEM_XML{/item/DELIV_NUMB}</To><From>RepeatOnGM.Output{/item/DELIV_NUMB}</From></Assign><Assign xsi:type="Assign"><Name/><Description/><To>Local.GM_ITEM_XML{/item/DELIV_ITEM}</To><From>RepeatOnGM.Output{/item/DELIV_ITEM}</From></Assign><Assign xsi:type="Assign"><Name/><Description/><To>Local.GM_ITEM_XML{/item/NB_SLIPS}</To><From>RepeatOnGM.Output{/item/NB_SLIPS}</From></Assign><Assign xsi:type="Assign"><Name/><Description/><To>Local.GM_ITEM_XML{/item/NB_SLIPSX}</To><From>RepeatOnGM.Output{/item/NB_SLIPSX}</From></Assign><Assign xsi:type="Assign"><Name/><Description/><To>Local.GM_ITEM_XML{/item/GR_RCPTX}</To><From>RepeatOnGM.Output{/item/GR_RCPTX}</From></Assign><Assign xsi:type="Assign"><Name/><Description/><To>Local.GM_ITEM_XML{/item/UNLOAD_PTX}</To><From>RepeatOnGM.Output{/item/UNLOAD_PTX}</From></Assign><Assign xsi:type="Assign"><Name/><Description/><To>Local.GM_ITEM_XML{/item/SPEC_MVMT}</To><From>RepeatOnGM.Output{/item/SPEC_MVMT}</From></Assign><Assign xsi:type="Assign"><Name/><Description/><To>Local.GM_ITEM_XML{/item/GRANT_NBR}</To><From>RepeatOnGM.Output{/item/GRANT_NBR}</From></Assign><Assign xsi:type="Assign"><Name/><Description/><To>Local.GM_ITEM_XML{/item/CMMT_ITEM_LONG}</To><From>RepeatOnGM.Output{/item/CMMT_ITEM_LONG}</From></Assign><Assign xsi:type="Assign"><Name/><Description/><To>Local.GM_ITEM_XML{/item/FUNC_AREA_LONG}</To><From>RepeatOnGM.Output{/item/FUNC_AREA_LONG}</From></Assign><Assign xsi:type="Assign"><Name/><Description/><To>Local.GM_ITEM_XML{/item/LINE_ID}</To><From>RepeatOnGM.Output{/item/LINE_ID}</From></Assign><Assign xsi:type="Assign"><Name/><Description/><To>Local.GM_ITEM_XML{/item/PARENT_ID}</To><From>RepeatOnGM.Output{/item/PARENT_ID}</From></Assign><Assign xsi:type="Assign"><Name/><Description/><To>Local.GM_ITEM_XML{/item/LINE_DEPTH}</To><From>RepeatOnGM.Output{/item/LINE_DEPTH}</From></Assign><Assign xsi:type="Assign"><Name/><Description/><To>Local.GM_ITEM_XML{/item/QUANTITY}</To><From>RepeatOnGM.Output{/item/QUANTITY}</From></Assign><Assign xsi:type="Assign"><Name/><Description/><To>Local.GM_ITEM_XML{/item/BASE_UOM}</To><From>RepeatOnGM.Output{/item/BASE_UOM}</From></Assign><Assign xsi:type="Assign"><Name/><Description/><To>Local.GM_ITEM_XML{/item/LONGNUM}</To><From>RepeatOnGM.Output{/item/LONGNUM}</From></Assign><Assign xsi:type="Assign"><Name/><Description/><To>Local.GM_ITEM_XML{/item/BUDGET_PERIOD}</To><From>RepeatOnGM.Output{/item/BUDGET_PERIOD}</From></Assign><Assign xsi:type="Assign"><Name/><Description/><To>Local.GM_ITEM_XML{/item/EARMARKED_NUMBER}</To><From>RepeatOnGM.Output{/item/EARMARKED_NUMBER}</From></Assign><Assign xsi:type="Assign"><Name/><Description/><To>Local.GM_ITEM_XML{/item/EARMARKED_ITEM}</To><From>RepeatOnGM.Output{/item/EARMARKED_ITEM}</From></Assign></OutgoingLinks></Action></Actions></Step></Steps><Actions><Action><Name>GM101</Name><Description> </Description><IncomingLinks><Assign xsi:type="Assign"><Name/><Description/><To>GM101.Input1</To><From>if(RepeatOnGM.Output{/item/MOVE_TYPE} == "101",1,0)</From></Assign></IncomingLinks><OutgoingLinks/></Action></Actions></Step><Step xsi:type="ActionSequence"><Name>Sequence_33</Name><Description/><Steps/><Actions><Action><Name>AssignToXML</Name><Description> </Description><IncomingLinks/><OutgoingLinks><Assign xsi:type="AppendXml"><Name/><Description/><To>Local.GM_FULL_XML{/GOODSMOVEMENTS}</To><From>Local.GM_ITEM_XML{/item}</From></Assign></OutgoingLinks></Action></Actions></Step></Steps><Actions/></Step></Steps><Actions/></Step></Steps><Actions><Action><Name>RepeatOnGM</Name><Description> </Description><IncomingLinks/><OutgoingLinks/></Action></Actions></Step><Step xsi:type="Conditional"><Name>Sequence_42</Name><Description/><Steps><Step xsi:type="ActionSequence"><Name>Sequence_9</Name><Description/><Steps><Step xsi:type="Conditional"><Name>Sequence_31</Name><Description/><Steps><Step xsi:type="ActionSequence"><Name>Sequence_32</Name><Description/><Steps><Step xsi:type="ActionSequence"><Name>Sequence_13</Name><Description/><Steps/><Actions><Action><Name>Response</Name><Description> </Description><IncomingLinks><Assign xsi:type="Assign"><Name/><Description/><To>Response.Message</To><From>BAPI_CREATE_TT.Response</From></Assign></IncomingLinks><OutgoingLinks/></Action></Actions></Step></Steps><Actions><Action><Name>Request</Name><Description> </Description><IncomingLinks><Assign xsi:type="Assign"><Name/><Description/><To>Request.Message</To><From>BAPI_CREATE_TT.Request</From></Assign></IncomingLinks><OutgoingLinks/></Action></Actions></Step></Steps><Actions><Action><Name>debug_3</Name><Description> </Description><IncomingLinks><Assign xsi:type="Assign"><Name/><Description/><To>debug_3.Input1</To><From>Local.debug</From></Assign></IncomingLinks><OutgoingLinks/></Action></Actions></Step><Step xsi:type="Conditional"><Name>Sequence_11</Name><Description/><Steps><Step xsi:type="ActionSequence"><Name>Sequence_16</Name><Description/><Steps><Step xsi:type="ActionSequence"><Name>Sequence_10</Name><Description/><Steps/><Actions><Action><Name>Row_1</Name><Description> </Description><IncomingLinks><Assign xsi:type="Assign"><Name/><Description/><To>Row_1.STATUS</To><From>"1"</From></Assign><Assign xsi:type="Assign"><Name/><Description/><To>Row_1.ECCRESPONSETYPE</To><From>BAPI_CREATE_TT.Response{/BAPI_PRODORDCONF_CREATE_TT/TABLES/DETAIL_RETURN/item/TYPE}</From></Assign><Assign xsi:type="Assign"><Name/><Description/><To>Row_1.ECCRESPONSEMESSAGE</To><From>BAPI_CREATE_TT.Response{/BAPI_PRODORDCONF_CREATE_TT/TABLES/DETAIL_RETURN/item/MESSAGE}</From></Assign><Assign xsi:type="Assign"><Name/><Description/><To>Row_1.CONFNUMBER</To><From>BAPI_CREATE_TT.Response{/BAPI_PRODORDCONF_CREATE_TT/TABLES/DETAIL_RETURN/item/CONF_NO}</From></Assign><Assign xsi:type="Assign"><Name/><Description/><To>Row_1.CONFCOUNTER</To><From>BAPI_CREATE_TT.Response{/BAPI_PRODORDCONF_CREATE_TT/TABLES/DETAIL_RETURN/item/CONF_CNT}</From></Assign><Assign xsi:type="Assign"><Name/><Description/><To>Row_1.OUTPUTMESSAGE</To><From>BAPI_CREATE_TT.Response{/BAPI_PRODORDCONF_CREATE_TT/TABLES/DETAIL_RETURN/item/MESSAGE}</From></Assign></IncomingLinks><OutgoingLinks/></Action></Actions></Step></Steps><Actions><Action><Name>JCo_Commit</Name><Description> </Description><IncomingLinks/><OutgoingLinks/></Action></Actions></Step><Step xsi:type="ActionSequence"><Name>Sequence_15</Name><Description/><Steps><Step xsi:type="ActionSequence"><Name>Sequence_17</Name><Description/><Steps/><Actions><Action><Name>Row_2</Name><Description> </Description><IncomingLinks><Assign xsi:type="Assign"><Name/><Description/><To>Row_2.STATUS</To><From>"0"</From></Assign><Assign xsi:type="Assign"><Name/><Description/><To>Row_2.ECCRESPONSETYPE</To><From>BAPI_CREATE_TT.Response{/BAPI_PRODORDCONF_CREATE_TT/TABLES/DETAIL_RETURN/item/TYPE}</From></Assign><Assign xsi:type="Assign"><Name/><Description/><To>Row_2.ECCRESPONSEMESSAGE</To><From>BAPI_CREATE_TT.Response{/BAPI_PRODORDCONF_CREATE_TT/TABLES/DETAIL_RETURN/item/MESSAGE}</From></Assign><Assign xsi:type="Assign"><Name/><Description/><To>Row_2.OUTPUTMESSAGE</To><From>BAPI_CREATE_TT.Response{/BAPI_PRODORDCONF_CREATE_TT/TABLES/DETAIL_RETURN/item/MESSAGE}</From></Assign></IncomingLinks><OutgoingLinks/></Action></Actions></Step></Steps><Actions><Action><Name>JCo_Rollback</Name><Description> </Description><IncomingLinks/><OutgoingLinks/></Action></Actions></Step></Steps><Actions><Action><Name>BAPI_CREATE_TT_ok</Name><Description> </Description><IncomingLinks><Assign xsi:type="Assign"><Name/><Description/><To>BAPI_CREATE_TT_ok.Input1</To><From>BAPI_CREATE_TT.Response{/BAPI_PRODORDCONF_CREATE_TT/TABLES/DETAIL_RETURN/item/TYPE}!="E"</From></Assign></IncomingLinks><OutgoingLinks/></Action></Actions></Step></Steps><Actions><Action><Name>BAPI_CREATE_TT</Name><Description> </Description><IncomingLinks><Assign xsi:type="AssignXml"><Name/><Description/><To>BAPI_CREATE_TT.Request{/BAPI_PRODORDCONF_CREATE_TT/TABLES/TIMETICKETS}</To><From>Local.TIMETICKETSXML</From></Assign></IncomingLinks><OutgoingLinks/></Action></Actions></Step></Steps><Actions><Action><Name>DISABLE</Name><Description> </Description><IncomingLinks/><OutgoingLinks/></Action></Actions></Step></Steps><Actions/></Step></Steps><Actions/></Step></Steps><Actions><Action><Name>timeTicketsXML</Name><Description> </Description><IncomingLinks/><OutgoingLinks><Assign xsi:type="Assign"><Name/><Description/><To>Local.TIMETICKETSXML{/TIMETICKETS/item/RECORDTYPE}</To><From>stringif(Transaction.FINALCONF=="1","","L00")</From></Assign><Assign xsi:type="Assign"><Name/><Description/><To>Local.TIMETICKETSXML{/TIMETICKETS/item/EXEC_START_DATE}</To><From>stringleft(Transaction.STARTDATETIME,8)</From></Assign><Assign xsi:type="Assign"><Name/><Description/><To>Local.TIMETICKETSXML{/TIMETICKETS/item/EXEC_START_TIME}</To><From>stringright(Transaction.STARTDATETIME,6)</From></Assign><Assign xsi:type="Assign"><Name/><Description/><To>Local.TIMETICKETSXML{/TIMETICKETS/item/EXEC_FIN_DATE}</To><From>stringleft(Transaction.FINISHDATETIME,8)</From></Assign><Assign xsi:type="Assign"><Name/><Description/><To>Local.TIMETICKETSXML{/TIMETICKETS/item/EXEC_FIN_TIME}</To><From>stringright(Transaction.FINISHDATETIME,6)</From></Assign><Assign xsi:type="Assign"><Name/><Description/><To>Local.TIMETICKETSXML{/TIMETICKETS/item/EX_CREATED_BY}</To><From>username</From></Assign><Assign xsi:type="Assign"><Name/><Description/><To>Local.TIMETICKETSXML{/TIMETICKETS/item/EX_IDENT}</To><From>transactionid</From></Assign><Assign xsi:type="Assign"><Name/><Description/><To>Local.TIMETICKETSXML{/TIMETICKETS/item/EX_CREATED_DATE}</To><From>stringleft(Local.LocalDateTime,8)</From></Assign><Assign xsi:type="Assign"><Name/><Description/><To>Local.TIMETICKETSXML{/TIMETICKETS/item/EX_CREATED_TIME}</To><From>stringright(Local.LocalDateTime,6)</From></Assign><Assign xsi:type="Assign"><Name/><Description/><To>Local.TIMETICKETSXML{/TIMETICKETS/item/LOGDATE}</To><From>stringleft(Local.LocalDateTime,8)</From></Assign><Assign xsi:type="Assign"><Name/><Description/><To>Local.TIMETICKETSXML{/TIMETICKETS/item/LOGTIME}</To><From>stringright(Local.LocalDateTime,6)</From></Assign><Assign xsi:type="Assign"><Name/><Description/><To>Local.TIMETICKETSXML{/TIMETICKETS/item/POSTG_DATE}</To><From>stringleft(Local.LocalDateTime,8)</From></Assign><Assign xsi:type="Assign"><Name/><Description/><To>Local.TIMETICKETSXML{/TIMETICKETS/item/CONF_TEXT}</To><From>Transaction.CONFTEXT</From></Assign><Assign xsi:type="Assign"><Name/><Description/><To>Local.TIMETICKETSXML{/TIMETICKETS/item/SETUP_FIN_DATE}</To><From>""</From></Assign><Assign xsi:type="Assign"><Name/><Description/><To>Local.TIMETICKETSXML{/TIMETICKETS/item/SETUP_FIN_TIME}</To><From>""</From></Assign><Assign xsi:type="Assign"><Name/><Description/><To>Local.TIMETICKETSXML{/TIMETICKETS/item/PROC_START_DATE}</To><From>""</From></Assign><Assign xsi:type="Assign"><Name/><Description/><To>Local.TIMETICKETSXML{/TIMETICKETS/item/PROC_START_TIME}</To><From>""</From></Assign><Assign xsi:type="Assign"><Name/><Description/><To>Local.TIMETICKETSXML{/TIMETICKETS/item/PROC_FIN_DATE}</To><From>""</From></Assign><Assign xsi:type="Assign"><Name/><Description/><To>Local.TIMETICKETSXML{/TIMETICKETS/item/PROC_FIN_TIME}</To><From>""</From></Assign><Assign xsi:type="Assign"><Name/><Description/><To>Local.TIMETICKETSXML{/TIMETICKETS/item/TEARDOWN_START_DATE}</To><From>""</From></Assign><Assign xsi:type="Assign"><Name/><Description/><To>Local.TIMETICKETSXML{/TIMETICKETS/item/TEARDOWN_START_TIME}</To><From>""</From></Assign><Assign xsi:type="Assign"><Name/><Description/><To>Local.TIMETICKETSXML{/TIMETICKETS/item/YIELD}</To><From>Transaction.YIELDQTY</From></Assign><Assign xsi:type="Assign"><Name/><Description/><To>Local.TIMETICKETSXML{/TIMETICKETS/item/SCRAP}</To><From>Transaction.SCRAPQTY</From></Assign><Assign xsi:type="Assign"><Name/><Description/><To>Local.TIMETICKETSXML{/TIMETICKETS/item/FIN_CONF}</To><From>stringif(Transaction.FINALCONF=="1","X","1")</From></Assign><Assign xsi:type="Assign"><Name/><Description/><To>Local.TIMETICKETSXML{/TIMETICKETS/item/CLEAR_RES}</To><From>"X"</From></Assign><Assign xsi:type="Assign"><Name/><Description/><To>Local.TIMETICKETSXML{/TIMETICKETS/item/PLANT}</To><From>Transaction.PRODPLANT</From></Assign><Assign xsi:type="Assign"><Name/><Description/><To>Local.TIMETICKETSXML{/TIMETICKETS/item/WORK_CNTR}</To><From>Transaction.WORKCENTER</From></Assign><Assign xsi:type="Assign"><Name/><Description/><To>Local.TIMETICKETSXML{/TIMETICKETS/item/OPERATION}</To><From>Transaction.OPERNR</From></Assign><Assign xsi:type="Assign"><Name/><Description/><To>Local.TIMETICKETSXML{/TIMETICKETS/item/ORDERID}</To><From>Transaction.ORDERNUMBER</From></Assign></OutgoingLinks></Action></Actions></Step><Step xsi:type="ActionSequence"><Name>Sequence_14</Name><Description/><Steps/><Actions><Action><Name>Row_0</Name><Description> </Description><IncomingLinks><Assign xsi:type="Assign"><Name/><Description/><To>Row_0.STATUS</To><From>"0"</From></Assign><Assign xsi:type="Assign"><Name/><Description/><To>Row_0.ECCRESPONSETYPE</To><From>BAPI_TT_PROP.Response{/BAPI_PRODORDCONF_GET_TT_PROP/OUTPUT/RETURN/TYPE}</From></Assign><Assign xsi:type="Assign"><Name/><Description/><To>Row_0.ECCRESPONSEMESSAGE</To><From>BAPI_TT_PROP.Response{/BAPI_PRODORDCONF_GET_TT_PROP/OUTPUT/RETURN/MESSAGE}</From></Assign></IncomingLinks><OutgoingLinks/></Action></Actions></Step></Steps><Actions><Action><Name>BAPI_TT_PROP_ok</Name><Description> </Description><IncomingLinks><Assign xsi:type="Assign"><Name/><Description/><To>BAPI_TT_PROP_ok.Input1</To><From>BAPI_TT_PROP.Response{/BAPI_PRODORDCONF_GET_TT_PROP/OUTPUT/RETURN/TYPE}!="E"</From></Assign></IncomingLinks><OutgoingLinks/></Action></Actions></Step></Steps><Actions><Action><Name>BAPI_TT_PROP</Name><Description> </Description><IncomingLinks><Assign xsi:type="Assign"><Name/><Description/><To>BAPI_TT_PROP.Request{/BAPI_PRODORDCONF_GET_TT_PROP/INPUT/PROPOSE/QUANTITY}</To><From>"X"</From></Assign><Assign xsi:type="Assign"><Name/><Description/><To>BAPI_TT_PROP.Request{/BAPI_PRODORDCONF_GET_TT_PROP/INPUT/PROPOSE/GOODSMOVEMENT}</To><From>"X"</From></Assign><Assign xsi:type="Assign"><Name/><Description/><To>BAPI_TT_PROP.Request{/BAPI_PRODORDCONF_GET_TT_PROP/INPUT/PROPOSE/ACTIVITY}</To><From>"X"</From></Assign><Assign xsi:type="Assign"><Name/><Description/><To>BAPI_TT_PROP.Request{/BAPI_PRODORDCONF_GET_TT_PROP/INPUT/PROPOSE/DATE_AND_TIME}</To><From>"X"</From></Assign><Assign xsi:type="Assign"><Name/><Description/><To>BAPI_TT_PROP.Request{/BAPI_PRODORDCONF_GET_TT_PROP/TABLES/TIMETICKETS/item/PLANT}</To><From>Transaction.PRODPLANT</From></Assign><Assign xsi:type="Assign"><Name/><Description/><To>BAPI_TT_PROP.Request{/BAPI_PRODORDCONF_GET_TT_PROP/TABLES/TIMETICKETS/item/ORDERID}</To><From>Transaction.ORDERNUMBER</From></Assign><Assign xsi:type="Assign"><Name/><Description/><To>BAPI_TT_PROP.Request{/BAPI_PRODORDCONF_GET_TT_PROP/TABLES/TIMETICKETS/item/OPERATION}</To><From>Transaction.OPERATIONNUMBER</From></Assign><Assign xsi:type="Assign"><Name/><Description/><To>BAPI_TT_PROP.Request{/BAPI_PRODORDCONF_GET_TT_PROP/TABLES/TIMETICKETS/item/WORK_CNTR}</To><From>Transaction.WORKCENTER</From></Assign></IncomingLinks><OutgoingLinks><Assign xsi:type="AssignXml"><Name/><Description/><To>Local.TIMETICKETSXML</To><From>BAPI_TT_PROP.Response{/BAPI_PRODORDCONF_GET_TT_PROP/TABLES/TIMETICKETS}</From></Assign><Assign xsi:type="AssignXml"><Name/><Description/><To>Local.GOODSMOVEMENTSXML</To><From>BAPI_TT_PROP.Response{/BAPI_PRODORDCONF_GET_TT_PROP/TABLES/GOODSMOVEMENTS}</From></Assign></OutgoingLinks></Action></Actions></Step><Step xsi:type="ActionSequence"><Name>Sequence_3</Name><Description/><Steps/><Actions><Action><Name>End_Session_1</Name><Description> </Description><IncomingLinks/><OutgoingLinks/></Action></Actions></Step></Steps><Actions><Action><Name>format_input</Name><Description> </Description><IncomingLinks><Assign xsi:type="Assign"><Name/><Description/><To>format_input.ORDERNUMBER</To><From>Transaction.ORDERNUMBER</From></Assign><Assign xsi:type="Assign"><Name/><Description/><To>format_input.OPERATIONNUMBER</To><From>Transaction.OPERATIONNUMBER</From></Assign><Assign xsi:type="Assign"><Name/><Description/><To>format_input.OPERNR</To><From>Transaction.OPERNR</From></Assign></IncomingLinks><OutgoingLinks><Assign xsi:type="Assign"><Name/><Description/><To>Transaction.OPERATIONNUMBER</To><From>format_input.OPERATIONNUMBER</From></Assign><Assign xsi:type="Assign"><Name/><Description/><To>Transaction.ORDERNUMBER</To><From>format_input.ORDERNUMBER</From></Assign><Assign xsi:type="Assign"><Name/><Description/><To>Transaction.OPERNR</To><From>format_input.OPERNR</From></Assign><Assign xsi:type="Assign"><Name/><Description/><To>Local.LocalDateTime</To><From>datefromxmlformat(datenow,Local.LocalDateFormat)</From></Assign></OutgoingLinks></Action></Actions></Step><Step xsi:type="Catch"><Name>Sequence_4</Name><Description/><Steps><Step xsi:type="ActionSequence"><Name>Sequence_24</Name><Description/><Steps><Step xsi:type="ActionSequence"><Name>Sequence_19</Name><Description/><Steps/><Actions><Action><Name>Row_3</Name><Description> </Description><IncomingLinks><Assign xsi:type="Assign"><Name/><Description/><To>Row_3.STATUS</To><From>"0"</From></Assign><Assign xsi:type="Assign"><Name/><Description/><To>Row_3.OUTPUTMESSAGE</To><From>Catch_1.Message</From></Assign></IncomingLinks><OutgoingLinks/></Action></Actions></Step></Steps><Actions><Action><Name>End_Session_2</Name><Description> </Description><IncomingLinks/><OutgoingLinks/></Action></Actions></Step></Steps><Actions><Action><Name>Catch_1</Name><Description>Catches an exception</Description><IncomingLinks/><OutgoingLinks/></Action></Actions></Step></Steps><Actions><Action><Name>Exception_Enabler_1</Name><Description>Enables exceptions.</Description><IncomingLinks/><OutgoingLinks/></Action></Actions></Step></Steps><Actions><Action><Name>isECCConnectOk</Name><Description> </Description><IncomingLinks><Assign xsi:type="Assign"><Name/><Description/><To>isECCConnectOk.Input1</To><From>Start_Session_0.Success</From></Assign></IncomingLinks><OutgoingLinks/></Action></Actions></Step></Steps><Actions><Action><Name>Start_Session_0</Name><Description> </Description><IncomingLinks><Assign xsi:type="Assign"><Name/><Description/><To>Start_Session_0.CredentialAlias</To><From>Transaction.SAP_CREDENTIAL</From></Assign><Assign xsi:type="Assign"><Name/><Description/><To>Start_Session_0.ConnPropAlias</To><From>Transaction.SAP_SERVER</From></Assign></IncomingLinks><OutgoingLinks/></Action></Actions></Step><Step xsi:type="Catch"><Name>Sequence_1</Name><Description/><Steps><Step xsi:type="ActionSequence"><Name>Sequence_6</Name><Description/><Steps/><Actions><Action><Name>Row_4</Name><Description> </Description><IncomingLinks><Assign xsi:type="Assign"><Name/><Description/><To>Row_4.STATUS</To><From>"0"</From></Assign><Assign xsi:type="Assign"><Name/><Description/><To>Row_4.OUTPUTMESSAGE</To><From>Catch_0.Message</From></Assign></IncomingLinks><OutgoingLinks/></Action></Actions></Step></Steps><Actions><Action><Name>Catch_0</Name><Description>Catches an exception</Description><IncomingLinks/><OutgoingLinks/></Action></Actions></Step></Steps><Actions><Action><Name>Exception_Enabler_0</Name><Description>Enables exceptions.</Description><IncomingLinks/><OutgoingLinks/></Action></Actions></Step><Step xsi:type="ActionSequence"><Name>Sequence_26</Name><Description/><Steps><Step xsi:type="ActionSequence"><Name>Sequence_21</Name><Description/><Steps><Step xsi:type="ActionSequence"><Name>Sequence_23</Name><Description/><Steps/><Actions><Action><Name>Show_XMLOUT</Name><Description> </Description><IncomingLinks><Assign xsi:type="Assign"><Name/><Description/><To>Show_XMLOUT.Message</To><From>Transaction.OutputXML</From></Assign></IncomingLinks><OutgoingLinks/></Action></Actions></Step></Steps><Actions><Action><Name>return</Name><Description> </Description><IncomingLinks/><OutgoingLinks><Assign xsi:type="AssignXml"><Name/><Description/><To>Transaction.OutputXML</To><From>stringreplace(OutputDocument.Output,"&gt;---&lt;","&gt;&lt;")</From></Assign></OutgoingLinks></Action></Actions></Step></Steps><Actions><Action><Name>AssignXMLOUT</Name><Description> </Description><IncomingLinks/><OutgoingLinks><Assign xsi:type="AssignXml"><Name/><Description/><To>Transaction.OutputXML</To><From>OutputDocument.Output</From></Assign></OutgoingLinks></Action></Actions></Step></Steps><Actions><Action><Name>OutputDocument</Name><Description> </Description><IncomingLinks/><OutgoingLinks/></Action></Actions></Step></Steps><Actions><Action><Name>ShowParam</Name><Description> </Description><IncomingLinks><Assign xsi:type="Assign"><Name/><Description/><To>ShowParam.Message</To><From>" &gt;&gt; SAP PLANT ID " &amp; Transaction.PRODPLANT &amp; " -- " &amp;
" WORK ORDER " &amp; Transaction.ORDERNUMBER &amp; " -- " &amp;
" OPERATION  NO " &amp; Transaction.OPERATIONNUMBER &amp; " -- " &amp;
" WORKCENTER " &amp; Transaction.WORKCENTER &amp; " -- " &amp;
" YIELD " &amp; Transaction.YIELDQTY &amp; " -- " &amp;
" SCRAP " &amp; Transaction.SCRAPQTY &amp; " -- " &amp;
" CONFTEXT " &amp; Transaction.CONFTEXT &amp; " -- " &amp;
" LABOR TIME " &amp; Transaction.LABORTIME &amp; " -- " &amp;
" MACHINE TIME " &amp; Transaction.ACTIVITYDURATION &amp; " -- " &amp;
" SETUP TIME " &amp; Transaction.SETUPTIME &amp; " -- " &amp;
" START TIME " &amp; Transaction.STARTDATETIME &amp; " -- " &amp;
" FINISH TIME " &amp; Transaction.FINISHDATETIME &amp; " -- " &amp;
" OPERATOR " &amp; Transaction.OPERNR &amp; " -- " &amp;
" FINAL CONF " &amp; Transaction.FINALCONF
</From></Assign></IncomingLinks><OutgoingLinks/></Action></Actions></Step></Steps></Transaction>