<?xml version="1.0" encoding="UTF-8"?><Transaction xmlns:xsd="http://www.w3.org/2001/XMLSchema" xmlns:xsi="http://www.w3.org/2001/XMLSchema-instance" Version="15.0.4.11"><TransactionAttributes><ContextItem><Name>Description</Name><Description>Transaction Description</Description><MinRange>0</MinRange><MaxRange>0</MaxRange><Value xsi:type="string"/><ReadOnly>true</ReadOnly><AlertXMLAssigned>false</AlertXMLAssigned></ContextItem><ContextItem><Name>Comments</Name><Description>User Comments</Description><MinRange>0</MinRange><MaxRange>0</MaxRange><Value xsi:type="string"/><ReadOnly>true</ReadOnly><AlertXMLAssigned>false</AlertXMLAssigned></ContextItem><ContextItem><Name>CreatedBy</Name><Description>Created By</Description><MinRange>0</MinRange><MaxRange>0</MaxRange><Value xsi:type="string">pbrenuka</Value><ReadOnly>true</ReadOnly><AlertXMLAssigned>false</AlertXMLAssigned></ContextItem><ContextItem><Name>CreationDate</Name><Description>Creation Date</Description><MinRange>0</MinRange><MaxRange>0</MaxRange><Value xsi:type="dateTime">2012-07-25T19:13:16</Value><ReadOnly>true</ReadOnly><AlertXMLAssigned>false</AlertXMLAssigned></ContextItem><ContextItem><Name>Category</Name><Description>Transaction Category</Description><MinRange>0</MinRange><MaxRange>0</MaxRange><Value xsi:type="string"/><ReadOnly>true</ReadOnly><AlertXMLAssigned>false</AlertXMLAssigned></ContextItem><ContextItem><Name>Status</Name><Description>Deployment Status</Description><MinRange>0</MinRange><MaxRange>0</MaxRange><Value xsi:type="string">DEVELOPMENT</Value><ReadOnly>true</ReadOnly><AlertXMLAssigned>false</AlertXMLAssigned></ContextItem><ContextItem><Name>LegacyProcessingMode</Name><Description>Support the pre MII 12.1 Transaction Engine.</Description><MinRange>0</MinRange><MaxRange>0</MaxRange><Value xsi:type="boolean">0</Value><ReadOnly>true</ReadOnly><AlertXMLAssigned>false</AlertXMLAssigned></ContextItem><ContextItem><Name>AutoAppendBlankNamespaces</Name><Description>AutoAppendBlankNamespaces</Description><MinRange>0</MinRange><MaxRange>0</MaxRange><Value xsi:type="boolean">1</Value><ReadOnly>true</ReadOnly><AlertXMLAssigned>false</AlertXMLAssigned></ContextItem><ContextItem><Name>ThrowOnLinkError</Name><Description>Throws an exception when a link error occures</Description><MinRange>0</MinRange><MaxRange>0</MaxRange><Value xsi:type="boolean">0</Value><ReadOnly>true</ReadOnly><AlertXMLAssigned>false</AlertXMLAssigned></ContextItem><ContextItem><Name>ThrowOnActionError</Name><Description>Throws an exception when a actionbv error occures</Description><MinRange>0</MinRange><MaxRange>0</MaxRange><Value xsi:type="boolean">1</Value><ReadOnly>true</ReadOnly><AlertXMLAssigned>false</AlertXMLAssigned></ContextItem><ContextItem><Name>LastEditedBy</Name><Description>Last Edited By</Description><MinRange>0</MinRange><MaxRange>0</MaxRange><Value xsi:type="xsd:string">RadPa</Value><ReadOnly>true</ReadOnly><AlertXMLAssigned>false</AlertXMLAssigned></ContextItem><ContextItem><Name>LastEditedDate</Name><Description>Last Edited Date</Description><MinRange>0</MinRange><MaxRange>0</MaxRange><Value xsi:type="xsd:dateTime">2016-07-20T17:49:46</Value><ReadOnly>true</ReadOnly><AlertXMLAssigned>false</AlertXMLAssigned></ContextItem><ContextItem><Name>FormatXMLOnConversion</Name><Description>By default XML will be formatted when assigned from XML data type to String data type. This behaviour can be changed with this flag.</Description><MinRange>0</MinRange><MaxRange>0</MaxRange><Value xsi:type="boolean">1</Value><ReadOnly>true</ReadOnly><AlertXMLAssigned>false</AlertXMLAssigned></ContextItem></TransactionAttributes><Name>MESM/ORDERS_CNF/TRANSACTIONS/postGRtoECC</Name><Version>322</Version><WriterRoles>SAP_XMII_Super_Administrator,SAP_XMII_Administrator,SAP_XMII_Developer</WriterRoles><Context><ContextItem><Name>CONF_CNT</Name><Description/><MinRange>0</MinRange><MaxRange>0</MaxRange><Value xsi:type="string">000000013</Value><ReadOnly>false</ReadOnly><AlertXMLAssigned>false</AlertXMLAssigned></ContextItem><ContextItem><Name>CONF_NO</Name><Description/><MinRange>0</MinRange><MaxRange>0</MaxRange><Value xsi:type="string">0000000311</Value><ReadOnly>false</ReadOnly><AlertXMLAssigned>false</AlertXMLAssigned></ContextItem><ContextItem><Name>ORDER_NUMBER</Name><Description/><MinRange>0</MinRange><MaxRange>0</MaxRange><Value xsi:type="string">000000800190</Value><ReadOnly>false</ReadOnly><AlertXMLAssigned>false</AlertXMLAssigned></ContextItem><ContextItem><Name>OutputXML</Name><Description/><MinRange>0</MinRange><MaxRange>0</MaxRange><Value xsi:type="xml"><ReferenceDocumentSource/>&lt;?xml version="1.0" encoding="UTF-8"?&gt;&lt;Rowsets DateCreated="2016-07-20T18:44:15" EndDate="2012-07-25T19:48:56" StartDate="2012-07-25T19:48:56" Version="15.0 SP4 Patch 11 (28-Aug-2015)"&gt;&#13;
    &lt;Rowset&gt;&#13;
        &lt;Columns&gt;&#13;
            &lt;Column Description="0 - Failed, 1 - Success, -1 - Exception, -2 - SAP Connection Down" MaxRange="1" MinRange="0" Name="STATUS" SQLDataType="1" SourceColumn="STATUS"/&gt;&#13;
            &lt;Column Description="" MaxRange="1" MinRange="0" Name="ECCRESPONSETYPE" SQLDataType="1" SourceColumn="ECCRESPONSETYPE"/&gt;&#13;
            &lt;Column Description="" MaxRange="1" MinRange="0" Name="ECCRESPONSEMESSAGE" SQLDataType="1" SourceColumn="ECCRESPONSEMESSAGE"/&gt;&#13;
            &lt;Column Description="" MaxRange="1" MinRange="0" Name="MATDOCNO" SQLDataType="1" SourceColumn="MATDOCNO"/&gt;&#13;
            &lt;Column Description="" MaxRange="1" MinRange="0" Name="CONFNUMBER" SQLDataType="1" SourceColumn="CONFNUMBER"/&gt;&#13;
            &lt;Column Description="" MaxRange="1" MinRange="0" Name="CONFCOUNTER" SQLDataType="1" SourceColumn="CONFCOUNTER"/&gt;&#13;
        &lt;/Columns&gt;&#13;
        &lt;Row&gt;&#13;
            &lt;STATUS&gt;1&lt;/STATUS&gt;&#13;
            &lt;ECCRESPONSETYPE/&gt;&#13;
            &lt;ECCRESPONSEMESSAGE/&gt;&#13;
            &lt;MATDOCNO&gt;5000000224&lt;/MATDOCNO&gt;&#13;
            &lt;CONFNUMBER&gt;0000000311&lt;/CONFNUMBER&gt;&#13;
            &lt;CONFCOUNTER&gt;00000005&lt;/CONFCOUNTER&gt;&#13;
        &lt;/Row&gt;&#13;
    &lt;/Rowset&gt;&#13;
&lt;/Rowsets&gt;</Value><SchemaURI/><SchemaElement/><ValidateXMLOnExecution>1</ValidateXMLOnExecution><ReadOnly>true</ReadOnly><AlertXMLAssigned>false</AlertXMLAssigned></ContextItem><ContextItem><Name>SAP_CREDENTIAL</Name><Description/><MinRange>0</MinRange><MaxRange>0</MaxRange><Value xsi:type="string">SAP</Value><ReadOnly>false</ReadOnly><AlertXMLAssigned>false</AlertXMLAssigned></ContextItem><ContextItem><Name>SAP_SERVER</Name><Description/><MinRange>0</MinRange><MaxRange>0</MaxRange><Value xsi:type="string">SAP</Value><ReadOnly>false</ReadOnly><AlertXMLAssigned>false</AlertXMLAssigned></ContextItem><ContextItem><Name>SQL_SERVER</Name><Description/><MinRange>0</MinRange><MaxRange>0</MaxRange><Value xsi:type="string">MESM</Value><ReadOnly>false</ReadOnly><AlertXMLAssigned>false</AlertXMLAssigned></ContextItem></Context><Local><ContextItem><Name>debug</Name><Description/><MinRange>0</MinRange><MaxRange>0</MaxRange><Value xsi:type="string">0</Value><ReadOnly>false</ReadOnly><AlertXMLAssigned>false</AlertXMLAssigned></ContextItem><ContextItem><Name>MOVE_STOR_LOC</Name><Description/><MinRange>0</MinRange><MaxRange>0</MaxRange><Value xsi:type="string">SOEM</Value><ReadOnly>false</ReadOnly><AlertXMLAssigned>false</AlertXMLAssigned></ContextItem><ContextItem><Name>RESP_CONF_LIST</Name><Description/><MinRange>0</MinRange><MaxRange>0</MaxRange><Value xsi:type="xml"><ReferenceDocumentSource/>&lt;?xml version="1.0" encoding="UTF-8"?&gt;&lt;BAPI_PRODORDCONF_GETLIST&gt;&#13;
&lt;INPUT&gt;&#13;
        &lt;OPERATION/&gt;&#13;
        &lt;SEQUENCE/&gt;&#13;
        &lt;SUBOPERATION/&gt;&#13;
    &lt;/INPUT&gt;&#13;
&lt;OUTPUT&gt;&#13;
        &lt;RETURN&gt;&#13;
            &lt;TYPE/&gt;&#13;
            &lt;ID/&gt;&#13;
            &lt;NUMBER&gt;000&lt;/NUMBER&gt;&#13;
            &lt;MESSAGE/&gt;&#13;
            &lt;LOG_NO/&gt;&#13;
            &lt;LOG_MSG_NO&gt;000000&lt;/LOG_MSG_NO&gt;&#13;
            &lt;MESSAGE_V1/&gt;&#13;
            &lt;MESSAGE_V2/&gt;&#13;
            &lt;MESSAGE_V3/&gt;&#13;
            &lt;MESSAGE_V4/&gt;&#13;
        &lt;/RETURN&gt;&#13;
    &lt;/OUTPUT&gt;&#13;
&lt;TABLES&gt;&#13;
        &lt;CONFIRMATIONS&gt;&#13;
            &lt;item&gt;&#13;
                &lt;CONF_NO&gt;0000000311&lt;/CONF_NO&gt;&#13;
                &lt;CONF_CNT&gt;00000001&lt;/CONF_CNT&gt;&#13;
                &lt;ORDERID&gt;000000800190&lt;/ORDERID&gt;&#13;
                &lt;SEQUENCE&gt;000000&lt;/SEQUENCE&gt;&#13;
                &lt;OPERATION&gt;0010&lt;/OPERATION&gt;&#13;
                &lt;SUBOPERATION/&gt;&#13;
                &lt;RECORDTYPE&gt;L20&lt;/RECORDTYPE&gt;&#13;
                &lt;CREATED_BY&gt;TMOORE001&lt;/CREATED_BY&gt;&#13;
                &lt;CREATED_DATE&gt;2016-07-18&lt;/CREATED_DATE&gt;&#13;
                &lt;CREATED_TIME&gt;08:34:05&lt;/CREATED_TIME&gt;&#13;
                &lt;FIN_CONF/&gt;&#13;
                &lt;REVERSED/&gt;&#13;
                &lt;REV_CONF_CNT&gt;00000000&lt;/REV_CONF_CNT&gt;&#13;
                &lt;CONF_TEXT/&gt;&#13;
                &lt;EX_IDENT&gt;00000000000000000000000000000000&lt;/EX_IDENT&gt;&#13;
            &lt;/item&gt;&#13;
            &lt;item&gt;&#13;
                &lt;CONF_NO&gt;0000000311&lt;/CONF_NO&gt;&#13;
                &lt;CONF_CNT&gt;00000002&lt;/CONF_CNT&gt;&#13;
                &lt;ORDERID&gt;000000800190&lt;/ORDERID&gt;&#13;
                &lt;SEQUENCE&gt;000000&lt;/SEQUENCE&gt;&#13;
                &lt;OPERATION&gt;0010&lt;/OPERATION&gt;&#13;
                &lt;SUBOPERATION/&gt;&#13;
                &lt;RECORDTYPE&gt;L20&lt;/RECORDTYPE&gt;&#13;
                &lt;CREATED_BY&gt;MII_USER&lt;/CREATED_BY&gt;&#13;
                &lt;CREATED_DATE&gt;2016-07-18&lt;/CREATED_DATE&gt;&#13;
                &lt;CREATED_TIME&gt;11:10:24&lt;/CREATED_TIME&gt;&#13;
                &lt;FIN_CONF/&gt;&#13;
                &lt;REVERSED/&gt;&#13;
                &lt;REV_CONF_CNT&gt;00000000&lt;/REV_CONF_CNT&gt;&#13;
                &lt;CONF_TEXT&gt;70215AZ-0001&lt;/CONF_TEXT&gt;&#13;
                &lt;EX_IDENT&gt;39110000000000000000000000000000&lt;/EX_IDENT&gt;&#13;
            &lt;/item&gt;&#13;
            &lt;item&gt;&#13;
                &lt;CONF_NO&gt;0000000311&lt;/CONF_NO&gt;&#13;
                &lt;CONF_CNT&gt;00000003&lt;/CONF_CNT&gt;&#13;
                &lt;ORDERID&gt;000000800190&lt;/ORDERID&gt;&#13;
                &lt;SEQUENCE&gt;000000&lt;/SEQUENCE&gt;&#13;
                &lt;OPERATION&gt;0010&lt;/OPERATION&gt;&#13;
                &lt;SUBOPERATION/&gt;&#13;
                &lt;RECORDTYPE&gt;L20&lt;/RECORDTYPE&gt;&#13;
                &lt;CREATED_BY&gt;MII_USER&lt;/CREATED_BY&gt;&#13;
                &lt;CREATED_DATE&gt;2016-07-19&lt;/CREATED_DATE&gt;&#13;
                &lt;CREATED_TIME&gt;11:10:26&lt;/CREATED_TIME&gt;&#13;
                &lt;FIN_CONF/&gt;&#13;
                &lt;REVERSED/&gt;&#13;
                &lt;REV_CONF_CNT&gt;00000000&lt;/REV_CONF_CNT&gt;&#13;
                &lt;CONF_TEXT&gt;70215AAA-0002&lt;/CONF_TEXT&gt;&#13;
                &lt;EX_IDENT&gt;45440000000000000000000000000000&lt;/EX_IDENT&gt;&#13;
            &lt;/item&gt;&#13;
            &lt;item&gt;&#13;
                &lt;CONF_NO&gt;0000000311&lt;/CONF_NO&gt;&#13;
                &lt;CONF_CNT&gt;00000004&lt;/CONF_CNT&gt;&#13;
                &lt;ORDERID&gt;000000800190&lt;/ORDERID&gt;&#13;
                &lt;SEQUENCE&gt;000000&lt;/SEQUENCE&gt;&#13;
                &lt;OPERATION&gt;0010&lt;/OPERATION&gt;&#13;
                &lt;SUBOPERATION/&gt;&#13;
                &lt;RECORDTYPE&gt;L20&lt;/RECORDTYPE&gt;&#13;
                &lt;CREATED_BY&gt;TMOORE001&lt;/CREATED_BY&gt;&#13;
                &lt;CREATED_DATE&gt;2016-07-19&lt;/CREATED_DATE&gt;&#13;
                &lt;CREATED_TIME&gt;15:06:23&lt;/CREATED_TIME&gt;&#13;
                &lt;FIN_CONF/&gt;&#13;
                &lt;REVERSED/&gt;&#13;
                &lt;REV_CONF_CNT&gt;00000000&lt;/REV_CONF_CNT&gt;&#13;
                &lt;CONF_TEXT/&gt;&#13;
                &lt;EX_IDENT&gt;00000000000000000000000000000000&lt;/EX_IDENT&gt;&#13;
            &lt;/item&gt;&#13;
            &lt;item&gt;&#13;
                &lt;CONF_NO&gt;0000000311&lt;/CONF_NO&gt;&#13;
                &lt;CONF_CNT&gt;00000005&lt;/CONF_CNT&gt;&#13;
                &lt;ORDERID&gt;000000800190&lt;/ORDERID&gt;&#13;
                &lt;SEQUENCE&gt;000000&lt;/SEQUENCE&gt;&#13;
                &lt;OPERATION&gt;0010&lt;/OPERATION&gt;&#13;
                &lt;SUBOPERATION/&gt;&#13;
                &lt;RECORDTYPE&gt;L20&lt;/RECORDTYPE&gt;&#13;
                &lt;CREATED_BY&gt;MII_USER&lt;/CREATED_BY&gt;&#13;
                &lt;CREATED_DATE&gt;2016-07-19&lt;/CREATED_DATE&gt;&#13;
                &lt;CREATED_TIME&gt;15:43:28&lt;/CREATED_TIME&gt;&#13;
                &lt;FIN_CONF/&gt;&#13;
                &lt;REVERSED/&gt;&#13;
                &lt;REV_CONF_CNT&gt;00000000&lt;/REV_CONF_CNT&gt;&#13;
                &lt;CONF_TEXT&gt;10003-0005&lt;/CONF_TEXT&gt;&#13;
                &lt;EX_IDENT&gt;46610000000000000000000000000000&lt;/EX_IDENT&gt;&#13;
            &lt;/item&gt;&#13;
        &lt;/CONFIRMATIONS&gt;&#13;
        &lt;CONF_RANGE/&gt;&#13;
        &lt;ORDER_RANGE&gt;&#13;
            &lt;item&gt;&#13;
                &lt;SIGN&gt;I&lt;/SIGN&gt;&#13;
                &lt;OPTION&gt;EQ&lt;/OPTION&gt;&#13;
                &lt;LOW&gt;000000800190&lt;/LOW&gt;&#13;
                &lt;HIGH/&gt;&#13;
            &lt;/item&gt;&#13;
        &lt;/ORDER_RANGE&gt;&#13;
    &lt;/TABLES&gt;&#13;
&lt;/BAPI_PRODORDCONF_GETLIST&gt;</Value><SchemaURI/><SchemaElement/><ValidateXMLOnExecution>1</ValidateXMLOnExecution><ReadOnly>false</ReadOnly><AlertXMLAssigned>false</AlertXMLAssigned></ContextItem></Local><Layout><GUILayoutItem><Name>Sequence_20</Name><X>440</X><Y>8</Y><Width>120</Width><SpacingWidth>984</SpacingWidth><DescendantWidth>984</DescendantWidth><Height>96</Height></GUILayoutItem><GUILayoutItem><Name>ShowParam</Name><X>448</X><Y>24</Y><Width>104</Width><SpacingWidth>0</SpacingWidth><DescendantWidth>0</DescendantWidth><Height>72</Height></GUILayoutItem><GUILayoutItem><Name>Sequence_1</Name><X>368</X><Y>280</Y><Width>120</Width><SpacingWidth>840</SpacingWidth><DescendantWidth>840</DescendantWidth><Height>96</Height></GUILayoutItem><GUILayoutItem><Name>Sequence_3</Name><X>728</X><Y>552</Y><Width>120</Width><SpacingWidth>120</SpacingWidth><DescendantWidth>0</DescendantWidth><Height>96</Height></GUILayoutItem><GUILayoutItem><Name>Exception_Enabler_0</Name><X>376</X><Y>296</Y><Width>104</Width><SpacingWidth>0</SpacingWidth><DescendantWidth>0</DescendantWidth><Height>72</Height></GUILayoutItem><GUILayoutItem><Name>Sequence_2</Name><X>728</X><Y>416</Y><Width>120</Width><SpacingWidth>120</SpacingWidth><DescendantWidth>120</DescendantWidth><Height>96</Height></GUILayoutItem><GUILayoutItem><Name>Catch_0</Name><X>736</X><Y>432</Y><Width>104</Width><SpacingWidth>0</SpacingWidth><DescendantWidth>0</DescendantWidth><Height>72</Height></GUILayoutItem><GUILayoutItem><Name>ShowCatch_0</Name><X>736</X><Y>568</Y><Width>104</Width><SpacingWidth>0</SpacingWidth><DescendantWidth>0</DescendantWidth><Height>72</Height></GUILayoutItem><GUILayoutItem><Name>Sequence_7</Name><X>80</X><Y>1504</Y><Width>120</Width><SpacingWidth>264</SpacingWidth><DescendantWidth>264</DescendantWidth><Height>96</Height></GUILayoutItem><GUILayoutItem><Name>Show101</Name><X>88</X><Y>1520</Y><Width>104</Width><SpacingWidth>0</SpacingWidth><DescendantWidth>0</DescendantWidth><Height>72</Height></GUILayoutItem><GUILayoutItem><Name>Sequence_0</Name><X>224</X><Y>688</Y><Width>120</Width><SpacingWidth>552</SpacingWidth><DescendantWidth>552</DescendantWidth><Height>96</Height></GUILayoutItem><GUILayoutItem><Name>CONF_GETLIST</Name><X>232</X><Y>704</Y><Width>104</Width><SpacingWidth>0</SpacingWidth><DescendantWidth>0</DescendantWidth><Height>72</Height></GUILayoutItem><GUILayoutItem><Name>Sequence_4</Name><X>152</X><Y>960</Y><Width>120</Width><SpacingWidth>408</SpacingWidth><DescendantWidth>408</DescendantWidth><Height>96</Height></GUILayoutItem><GUILayoutItem><Name>RepeatOnConf</Name><X>160</X><Y>976</Y><Width>104</Width><SpacingWidth>0</SpacingWidth><DescendantWidth>0</DescendantWidth><Height>72</Height></GUILayoutItem><GUILayoutItem><Name>Sequence_5</Name><X>152</X><Y>1096</Y><Width>120</Width><SpacingWidth>408</SpacingWidth><DescendantWidth>408</DescendantWidth><Height>96</Height></GUILayoutItem><GUILayoutItem><Name>ChkFilter</Name><X>160</X><Y>1112</Y><Width>104</Width><SpacingWidth>0</SpacingWidth><DescendantWidth>0</DescendantWidth><Height>72</Height></GUILayoutItem><GUILayoutItem><Name>Sequence_6</Name><X>152</X><Y>1232</Y><Width>120</Width><SpacingWidth>408</SpacingWidth><DescendantWidth>408</DescendantWidth><Height>96</Height></GUILayoutItem><GUILayoutItem><Name>CONF_DETAIL</Name><X>160</X><Y>1248</Y><Width>104</Width><SpacingWidth>0</SpacingWidth><DescendantWidth>0</DescendantWidth><Height>72</Height></GUILayoutItem><GUILayoutItem><Name>Sequence_8</Name><X>224</X><Y>824</Y><Width>120</Width><SpacingWidth>552</SpacingWidth><DescendantWidth>552</DescendantWidth><Height>96</Height></GUILayoutItem><GUILayoutItem><Name>GETLIST_OK</Name><X>232</X><Y>840</Y><Width>104</Width><SpacingWidth>0</SpacingWidth><DescendantWidth>0</DescendantWidth><Height>72</Height></GUILayoutItem><GUILayoutItem><Name>Sequence_9</Name><X>440</X><Y>960</Y><Width>120</Width><SpacingWidth>120</SpacingWidth><DescendantWidth>0</DescendantWidth><Height>96</Height></GUILayoutItem><GUILayoutItem><Name>ShowGetListMsg</Name><X>448</X><Y>976</Y><Width>104</Width><SpacingWidth>0</SpacingWidth><DescendantWidth>0</DescendantWidth><Height>72</Height></GUILayoutItem><GUILayoutItem><Name>Sequence_11</Name><X>152</X><Y>1368</Y><Width>120</Width><SpacingWidth>408</SpacingWidth><DescendantWidth>408</DescendantWidth><Height>96</Height></GUILayoutItem><GUILayoutItem><Name>DETAIL_OK</Name><X>160</X><Y>1384</Y><Width>104</Width><SpacingWidth>0</SpacingWidth><DescendantWidth>0</DescendantWidth><Height>72</Height></GUILayoutItem><GUILayoutItem><Name>Sequence_10</Name><X>296</X><Y>1504</Y><Width>120</Width><SpacingWidth>120</SpacingWidth><DescendantWidth>0</DescendantWidth><Height>96</Height></GUILayoutItem><GUILayoutItem><Name>ShowDetailMsg</Name><X>304</X><Y>1520</Y><Width>104</Width><SpacingWidth>0</SpacingWidth><DescendantWidth>0</DescendantWidth><Height>72</Height></GUILayoutItem><GUILayoutItem><Name>Sequence_17</Name><X>296</X><Y>416</Y><Width>120</Width><SpacingWidth>696</SpacingWidth><DescendantWidth>696</DescendantWidth><Height>96</Height></GUILayoutItem><GUILayoutItem><Name>getSQLOrderData</Name><X>304</X><Y>432</Y><Width>104</Width><SpacingWidth>0</SpacingWidth><DescendantWidth>0</DescendantWidth><Height>72</Height></GUILayoutItem><GUILayoutItem><Name>Sequence_21</Name><X>296</X><Y>552</Y><Width>120</Width><SpacingWidth>696</SpacingWidth><DescendantWidth>696</DescendantWidth><Height>96</Height></GUILayoutItem><GUILayoutItem><Name>OrderDataOK</Name><X>304</X><Y>568</Y><Width>104</Width><SpacingWidth>0</SpacingWidth><DescendantWidth>0</DescendantWidth><Height>72</Height></GUILayoutItem><GUILayoutItem><Name>Sequence_22</Name><X>584</X><Y>688</Y><Width>120</Width><SpacingWidth>120</SpacingWidth><DescendantWidth>0</DescendantWidth><Height>96</Height></GUILayoutItem><GUILayoutItem><Name>NoRows</Name><X>592</X><Y>704</Y><Width>104</Width><SpacingWidth>0</SpacingWidth><DescendantWidth>0</DescendantWidth><Height>72</Height></GUILayoutItem><GUILayoutItem><Name>Sequence_24</Name><X>440</X><Y>144</Y><Width>120</Width><SpacingWidth>984</SpacingWidth><DescendantWidth>984</DescendantWidth><Height>96</Height></GUILayoutItem><GUILayoutItem><Name>OutputDocument</Name><X>448</X><Y>160</Y><Width>104</Width><SpacingWidth>0</SpacingWidth><DescendantWidth>0</DescendantWidth><Height>72</Height></GUILayoutItem><GUILayoutItem><Name>Sequence_26</Name><X>872</X><Y>280</Y><Width>120</Width><SpacingWidth>120</SpacingWidth><DescendantWidth>120</DescendantWidth><Height>96</Height></GUILayoutItem><GUILayoutItem><Name>AssignXMLOUT</Name><X>880</X><Y>296</Y><Width>104</Width><SpacingWidth>0</SpacingWidth><DescendantWidth>0</DescendantWidth><Height>72</Height></GUILayoutItem><GUILayoutItem><Name>Sequence_28</Name><X>872</X><Y>552</Y><Width>120</Width><SpacingWidth>120</SpacingWidth><DescendantWidth>0</DescendantWidth><Height>96</Height></GUILayoutItem><GUILayoutItem><Name>Show_XMLOUT</Name><X>880</X><Y>568</Y><Width>104</Width><SpacingWidth>0</SpacingWidth><DescendantWidth>0</DescendantWidth><Height>72</Height></GUILayoutItem><GUILayoutItem><Name>Sequence_25</Name><X>872</X><Y>416</Y><Width>120</Width><SpacingWidth>120</SpacingWidth><DescendantWidth>120</DescendantWidth><Height>96</Height></GUILayoutItem><GUILayoutItem><Name>debug_2</Name><X>880</X><Y>432</Y><Width>104</Width><SpacingWidth>0</SpacingWidth><DescendantWidth>0</DescendantWidth><Height>72</Height></GUILayoutItem><GUILayoutItem><Name>Sequence_12</Name><X>80</X><Y>2184</Y><Width>120</Width><SpacingWidth>264</SpacingWidth><DescendantWidth>264</DescendantWidth><Height>96</Height></GUILayoutItem><GUILayoutItem><Name>GR_OK</Name><X>88</X><Y>2200</Y><Width>104</Width><SpacingWidth>0</SpacingWidth><DescendantWidth>0</DescendantWidth><Height>72</Height></GUILayoutItem><GUILayoutItem><Name>Sequence_18</Name><X>8</X><Y>2320</Y><Width>120</Width><SpacingWidth>120</SpacingWidth><DescendantWidth>120</DescendantWidth><Height>96</Height></GUILayoutItem><GUILayoutItem><Name>Row_OK</Name><X>16</X><Y>2336</Y><Width>104</Width><SpacingWidth>0</SpacingWidth><DescendantWidth>0</DescendantWidth><Height>72</Height></GUILayoutItem><GUILayoutItem><Name>Sequence_15</Name><X>8</X><Y>2456</Y><Width>120</Width><SpacingWidth>120</SpacingWidth><DescendantWidth>120</DescendantWidth><Height>96</Height></GUILayoutItem><GUILayoutItem><Name>ShowComplete</Name><X>16</X><Y>2472</Y><Width>104</Width><SpacingWidth>0</SpacingWidth><DescendantWidth>0</DescendantWidth><Height>72</Height></GUILayoutItem><GUILayoutItem><Name>Sequence_16</Name><X>8</X><Y>2592</Y><Width>120</Width><SpacingWidth>120</SpacingWidth><DescendantWidth>120</DescendantWidth><Height>96</Height></GUILayoutItem><GUILayoutItem><Name>debug_1</Name><X>16</X><Y>2608</Y><Width>104</Width><SpacingWidth>0</SpacingWidth><DescendantWidth>0</DescendantWidth><Height>72</Height></GUILayoutItem><GUILayoutItem><Name>Sequence_13</Name><X>8</X><Y>2728</Y><Width>120</Width><SpacingWidth>120</SpacingWidth><DescendantWidth>0</DescendantWidth><Height>96</Height></GUILayoutItem><GUILayoutItem><Name>ShowGR</Name><X>16</X><Y>2744</Y><Width>104</Width><SpacingWidth>0</SpacingWidth><DescendantWidth>0</DescendantWidth><Height>72</Height></GUILayoutItem><GUILayoutItem><Name>Sequence_23</Name><X>152</X><Y>2320</Y><Width>120</Width><SpacingWidth>120</SpacingWidth><DescendantWidth>120</DescendantWidth><Height>96</Height></GUILayoutItem><GUILayoutItem><Name>Row_ERR</Name><X>160</X><Y>2336</Y><Width>104</Width><SpacingWidth>0</SpacingWidth><DescendantWidth>0</DescendantWidth><Height>72</Height></GUILayoutItem><GUILayoutItem><Name>Sequence_14</Name><X>152</X><Y>2456</Y><Width>120</Width><SpacingWidth>120</SpacingWidth><DescendantWidth>0</DescendantWidth><Height>96</Height></GUILayoutItem><GUILayoutItem><Name>ShowGRMsg</Name><X>160</X><Y>2472</Y><Width>104</Width><SpacingWidth>0</SpacingWidth><DescendantWidth>0</DescendantWidth><Height>72</Height></GUILayoutItem><GUILayoutItem><Name>Sequence_27</Name><X>80</X><Y>1640</Y><Width>120</Width><SpacingWidth>264</SpacingWidth><DescendantWidth>264</DescendantWidth><Height>96</Height></GUILayoutItem><GUILayoutItem><Name>Start_Session</Name><X>88</X><Y>1656</Y><Width>104</Width><SpacingWidth>0</SpacingWidth><DescendantWidth>0</DescendantWidth><Height>72</Height></GUILayoutItem><GUILayoutItem><Name>Sequence_29</Name><X>80</X><Y>1776</Y><Width>120</Width><SpacingWidth>264</SpacingWidth><DescendantWidth>264</DescendantWidth><Height>96</Height></GUILayoutItem><GUILayoutItem><Name>GOODSMVT_CREATE</Name><X>88</X><Y>1792</Y><Width>104</Width><SpacingWidth>0</SpacingWidth><DescendantWidth>0</DescendantWidth><Height>72</Height></GUILayoutItem><GUILayoutItem><Name>Sequence_30</Name><X>80</X><Y>1912</Y><Width>120</Width><SpacingWidth>264</SpacingWidth><DescendantWidth>264</DescendantWidth><Height>96</Height></GUILayoutItem><GUILayoutItem><Name>Commit</Name><X>88</X><Y>1928</Y><Width>104</Width><SpacingWidth>0</SpacingWidth><DescendantWidth>0</DescendantWidth><Height>72</Height></GUILayoutItem><GUILayoutItem><Name>Sequence_31</Name><X>80</X><Y>2048</Y><Width>120</Width><SpacingWidth>264</SpacingWidth><DescendantWidth>264</DescendantWidth><Height>96</Height></GUILayoutItem><GUILayoutItem><Name>End_Session</Name><X>88</X><Y>2064</Y><Width>104</Width><SpacingWidth>0</SpacingWidth><DescendantWidth>0</DescendantWidth><Height>72</Height></GUILayoutItem></Layout><Actions><ContextItem><Name>ShowParam</Name><Description/><MinRange>0</MinRange><MaxRange>0</MaxRange><Value xsi:type="Tracer"><Message/><Level>INFO</Level></Value><ReadOnly>false</ReadOnly><AlertXMLAssigned>false</AlertXMLAssigned></ContextItem><ContextItem><Name>Exception_Enabler_0</Name><Description/><MinRange>0</MinRange><MaxRange>0</MaxRange><Value xsi:type="ExceptionEnabler"><EnableActionExceptions>true</EnableActionExceptions><EnableLinkExceptions>true</EnableLinkExceptions></Value><ReadOnly>false</ReadOnly><AlertXMLAssigned>false</AlertXMLAssigned></ContextItem><ContextItem><Name>Catch_0</Name><Description/><MinRange>0</MinRange><MaxRange>0</MaxRange><Value xsi:type="CatchAction"/><ReadOnly>false</ReadOnly><AlertXMLAssigned>false</AlertXMLAssigned></ContextItem><ContextItem><Name>ShowCatch_0</Name><Description/><MinRange>0</MinRange><MaxRange>0</MaxRange><Value xsi:type="Tracer"><Message/><Level>INFO</Level></Value><ReadOnly>false</ReadOnly><AlertXMLAssigned>false</AlertXMLAssigned></ContextItem><ContextItem><Name>Show101</Name><Description/><MinRange>0</MinRange><MaxRange>0</MaxRange><Value xsi:type="Tracer"><Message/><Level>INFO</Level></Value><ReadOnly>false</ReadOnly><AlertXMLAssigned>false</AlertXMLAssigned></ContextItem><ContextItem><Name>CONF_GETLIST</Name><Description/><MinRange>0</MinRange><MaxRange>0</MaxRange><Value xsi:type="SAPJCOInterface"><Request><ReferenceDocumentSource/>&lt;?xml version="1.0" encoding="UTF-8"?&gt;&lt;BAPI_PRODORDCONF_GETLIST&gt;&lt;INPUT&gt;&lt;OPERATION/&gt;&lt;SEQUENCE/&gt;&lt;SUBOPERATION/&gt;&lt;/INPUT&gt;&lt;TABLES&gt;&lt;CONFIRMATIONS&gt;&lt;item&gt;&lt;CONF_NO/&gt;&lt;CONF_CNT/&gt;&lt;ORDERID/&gt;&lt;SEQUENCE/&gt;&lt;OPERATION/&gt;&lt;SUBOPERATION/&gt;&lt;RECORDTYPE/&gt;&lt;CREATED_BY/&gt;&lt;CREATED_DATE/&gt;&lt;CREATED_TIME/&gt;&lt;FIN_CONF/&gt;&lt;REVERSED/&gt;&lt;REV_CONF_CNT/&gt;&lt;CONF_TEXT/&gt;&lt;EX_IDENT/&gt;&lt;/item&gt;&lt;/CONFIRMATIONS&gt;&lt;CONF_RANGE&gt;&lt;item&gt;&lt;SIGN/&gt;&lt;OPTION/&gt;&lt;LOW/&gt;&lt;HIGH/&gt;&lt;/item&gt;&lt;/CONF_RANGE&gt;&lt;ORDER_RANGE&gt;&lt;item&gt;&lt;SIGN/&gt;&lt;OPTION/&gt;&lt;LOW/&gt;&lt;HIGH/&gt;&lt;/item&gt;&lt;/ORDER_RANGE&gt;&lt;/TABLES&gt;&lt;/BAPI_PRODORDCONF_GETLIST&gt;</Request><Response><ReferenceDocumentSource/>&lt;?xml version="1.0" encoding="UTF-8"?&gt;&lt;BAPI_PRODORDCONF_GETLIST&gt;&lt;OUTPUT&gt;&lt;RETURN&gt;&lt;TYPE/&gt;&lt;ID/&gt;&lt;NUMBER/&gt;&lt;MESSAGE/&gt;&lt;LOG_NO/&gt;&lt;LOG_MSG_NO/&gt;&lt;MESSAGE_V1/&gt;&lt;MESSAGE_V2/&gt;&lt;MESSAGE_V3/&gt;&lt;MESSAGE_V4/&gt;&lt;/RETURN&gt;&lt;/OUTPUT&gt;&lt;TABLES&gt;&lt;CONFIRMATIONS&gt;&lt;item&gt;&lt;CONF_NO/&gt;&lt;CONF_CNT/&gt;&lt;ORDERID/&gt;&lt;SEQUENCE/&gt;&lt;OPERATION/&gt;&lt;SUBOPERATION/&gt;&lt;RECORDTYPE/&gt;&lt;CREATED_BY/&gt;&lt;CREATED_DATE/&gt;&lt;CREATED_TIME/&gt;&lt;FIN_CONF/&gt;&lt;REVERSED/&gt;&lt;REV_CONF_CNT/&gt;&lt;CONF_TEXT/&gt;&lt;EX_IDENT/&gt;&lt;/item&gt;&lt;/CONFIRMATIONS&gt;&lt;CONF_RANGE&gt;&lt;item&gt;&lt;SIGN/&gt;&lt;OPTION/&gt;&lt;LOW/&gt;&lt;HIGH/&gt;&lt;/item&gt;&lt;/CONF_RANGE&gt;&lt;ORDER_RANGE&gt;&lt;item&gt;&lt;SIGN/&gt;&lt;OPTION/&gt;&lt;LOW/&gt;&lt;HIGH/&gt;&lt;/item&gt;&lt;/ORDER_RANGE&gt;&lt;/TABLES&gt;&lt;/BAPI_PRODORDCONF_GETLIST&gt;</Response><SAPRFC>BAPI_PRODORDCONF_GETLIST</SAPRFC><ExecuteFunction>true</ExecuteFunction><AutoCommit>false</AutoCommit><ConnPropAlias>SAP</ConnPropAlias><CredentialAlias>SAP</CredentialAlias><SAPServerName>10.2.8.38</SAPServerName><SAPClient>521</SAPClient><SAPSystemNumber>00</SAPSystemNumber><SAPUserName/><SAPPassword/><Language>EN</Language><SAPSSO2Ticket/><ConnectionTimeout>0</ConnectionTimeout><PoolConnections>false</PoolConnections><LogonGroup/><RecreateFunction>true</RecreateFunction><AllowMultipleRows>true</AllowMultipleRows><DaysRetention>7</DaysRetention><MaxRetryCount>5</MaxRetryCount><RetryInterval>30000</RetryInterval><ProcessingMode>1</ProcessingMode><Filter/><DataBufferComment/></Value><SchemaURI/><SchemaElement/><ValidateXMLOnExecution>1</ValidateXMLOnExecution><SchemaURI/><SchemaElement/><ValidateXMLOnExecution>1</ValidateXMLOnExecution><ReadOnly>false</ReadOnly><AlertXMLAssigned>false</AlertXMLAssigned></ContextItem><ContextItem><Name>RepeatOnConf</Name><Description/><MinRange>0</MinRange><MaxRange>0</MaxRange><Value xsi:type="RepeaterAction"><Output><ReferenceDocumentSource/>&lt;?xml version="1.0" encoding="UTF-8"?&gt;&lt;item&gt;&#13;
                &lt;CONF_NO&gt;0000000237&lt;/CONF_NO&gt;&#13;
                &lt;CONF_CNT&gt;00000001&lt;/CONF_CNT&gt;&#13;
                &lt;ORDERID&gt;000000800124&lt;/ORDERID&gt;&#13;
                &lt;SEQUENCE&gt;000000&lt;/SEQUENCE&gt;&#13;
                &lt;OPERATION&gt;0010&lt;/OPERATION&gt;&#13;
                &lt;SUBOPERATION/&gt;&#13;
                &lt;RECORDTYPE&gt;L20&lt;/RECORDTYPE&gt;&#13;
                &lt;CREATED_BY&gt;MII_USER&lt;/CREATED_BY&gt;&#13;
                &lt;CREATED_DATE&gt;2016-07-11&lt;/CREATED_DATE&gt;&#13;
                &lt;CREATED_TIME&gt;16:52:37&lt;/CREATED_TIME&gt;&#13;
                &lt;FIN_CONF/&gt;&#13;
                &lt;REVERSED/&gt;&#13;
                &lt;REV_CONF_CNT&gt;00000000&lt;/REV_CONF_CNT&gt;&#13;
                &lt;CONF_TEXT&gt;72213AA-0001&lt;/CONF_TEXT&gt;&#13;
                &lt;EX_IDENT&gt;11800000000000000000000000000000&lt;/EX_IDENT&gt;&#13;
            &lt;/item&gt;</Output><Break>false</Break><ItemCount>0</ItemCount><CurrentItem>0</CurrentItem><Source>Local.RESP_CONF_LIST{/BAPI_PRODORDCONF_GETLIST/TABLES/CONFIRMATIONS/item}</Source><Item><ReferenceDocumentSource/>&lt;?xml version="1.0" encoding="UTF-8"?&gt;&lt;item&gt;&#13;
                &lt;CONF_NO&gt;0000000237&lt;/CONF_NO&gt;&#13;
                &lt;CONF_CNT&gt;00000001&lt;/CONF_CNT&gt;&#13;
                &lt;ORDERID&gt;000000800124&lt;/ORDERID&gt;&#13;
                &lt;SEQUENCE&gt;000000&lt;/SEQUENCE&gt;&#13;
                &lt;OPERATION&gt;0010&lt;/OPERATION&gt;&#13;
                &lt;SUBOPERATION/&gt;&#13;
                &lt;RECORDTYPE&gt;L20&lt;/RECORDTYPE&gt;&#13;
                &lt;CREATED_BY&gt;MII_USER&lt;/CREATED_BY&gt;&#13;
                &lt;CREATED_DATE&gt;2016-07-11&lt;/CREATED_DATE&gt;&#13;
                &lt;CREATED_TIME&gt;16:52:37&lt;/CREATED_TIME&gt;&#13;
                &lt;FIN_CONF/&gt;&#13;
                &lt;REVERSED/&gt;&#13;
                &lt;REV_CONF_CNT&gt;00000000&lt;/REV_CONF_CNT&gt;&#13;
                &lt;CONF_TEXT&gt;72213AA-0001&lt;/CONF_TEXT&gt;&#13;
                &lt;EX_IDENT&gt;11800000000000000000000000000000&lt;/EX_IDENT&gt;&#13;
            &lt;/item&gt;</Item></Value><SchemaURI/><SchemaElement/><ValidateXMLOnExecution>1</ValidateXMLOnExecution><SchemaURI/><SchemaElement/><ValidateXMLOnExecution>1</ValidateXMLOnExecution><ReadOnly>false</ReadOnly><AlertXMLAssigned>false</AlertXMLAssigned></ContextItem><ContextItem><Name>ChkFilter</Name><Description/><MinRange>0</MinRange><MaxRange>0</MaxRange><Value xsi:type="ConditionalAction"><Output>false</Output><InputCount>2</InputCount><LogicalAnd>true</LogicalAnd><Input1>false</Input1><Input2>false</Input2></Value><ReadOnly>false</ReadOnly><AlertXMLAssigned>false</AlertXMLAssigned></ContextItem><ContextItem><Name>CONF_DETAIL</Name><Description/><MinRange>0</MinRange><MaxRange>0</MaxRange><Value xsi:type="SAPJCOInterface"><Request><ReferenceDocumentSource/>&lt;?xml version="1.0" encoding="UTF-8"?&gt;&lt;BAPI_PRODORDCONF_GETDETAIL&gt;&lt;INPUT&gt;&lt;CONFIRMATION/&gt;&lt;CONFIRMATIONCOUNTER/&gt;&lt;/INPUT&gt;&lt;TABLES&gt;&lt;FAILEDGMOVES&gt;&lt;item&gt;&lt;DOC_NO/&gt;&lt;DOC_ITM/&gt;&lt;CREATED_BY/&gt;&lt;CREATED_DATE/&gt;&lt;CREATED_TIME/&gt;&lt;FAILED_DATE/&gt;&lt;FAILED_TIME/&gt;&lt;MSG_ID/&gt;&lt;MSG_NO/&gt;&lt;MSG_TYPE/&gt;&lt;MSG_V1/&gt;&lt;MSG_V2/&gt;&lt;MSG_V3/&gt;&lt;MSG_V4/&gt;&lt;PSTNG_DATE/&gt;&lt;DOC_DATE/&gt;&lt;EXPIRYDATE/&gt;&lt;MATERIAL/&gt;&lt;PLANT/&gt;&lt;STGE_LOC/&gt;&lt;BATCH/&gt;&lt;MOVE_TYPE/&gt;&lt;STCK_TYPE/&gt;&lt;SPEC_STOCK/&gt;&lt;VENDOR/&gt;&lt;SALES_ORD/&gt;&lt;S_ORD_ITEM/&gt;&lt;SCHED_LINE/&gt;&lt;ENTRY_UOM/&gt;&lt;ENTRY_UOM_ISO/&gt;&lt;ENTRY_QNT/&gt;&lt;NO_MORE_GR/&gt;&lt;GR_RCPT/&gt;&lt;UNLOAD_PT/&gt;&lt;ORDERID/&gt;&lt;ORDERID_ITNO/&gt;&lt;CALC_MOTIVE/&gt;&lt;RESERV_NO/&gt;&lt;RES_ITEM/&gt;&lt;RES_TYPE/&gt;&lt;WITHDRAWN/&gt;&lt;MVT_IND/&gt;&lt;MATERIAL_EXTERNAL/&gt;&lt;MATERIAL_GUID/&gt;&lt;MATERIAL_VERSION/&gt;&lt;/item&gt;&lt;/FAILEDGMOVES&gt;&lt;GOODSMOVEMENTS&gt;&lt;item&gt;&lt;MAT_DOC/&gt;&lt;DOC_YEAR/&gt;&lt;MATDOC_ITM/&gt;&lt;MATERIAL/&gt;&lt;PLANT/&gt;&lt;STGE_LOC/&gt;&lt;BATCH/&gt;&lt;MOVE_TYPE/&gt;&lt;STCK_TYPE/&gt;&lt;SPEC_STOCK/&gt;&lt;VENDOR/&gt;&lt;CUSTOMER/&gt;&lt;SALES_ORD/&gt;&lt;S_ORD_ITEM/&gt;&lt;SCHED_LINE/&gt;&lt;VAL_TYPE/&gt;&lt;ENTRY_QNT/&gt;&lt;ENTRY_UOM/&gt;&lt;ENTRY_UOM_ISO/&gt;&lt;PO_PR_QNT/&gt;&lt;ORDERPR_UN/&gt;&lt;ORDERPR_UN_ISO/&gt;&lt;PO_NUMBER/&gt;&lt;PO_ITEM/&gt;&lt;SHIPPING/&gt;&lt;COMP_SHIP/&gt;&lt;NO_MORE_GR/&gt;&lt;ITEM_TEXT/&gt;&lt;GR_RCPT/&gt;&lt;UNLOAD_PT/&gt;&lt;COSTCENTER/&gt;&lt;ORDERID/&gt;&lt;ORDER_ITNO/&gt;&lt;CALC_MOTIVE/&gt;&lt;ASSET_NO/&gt;&lt;SUB_NUMBER/&gt;&lt;RESERV_NO/&gt;&lt;RES_ITEM/&gt;&lt;RES_TYPE/&gt;&lt;WITHDRAWN/&gt;&lt;MOVE_MAT/&gt;&lt;MOVE_PLANT/&gt;&lt;MOVE_STLOC/&gt;&lt;MOVE_BATCH/&gt;&lt;MOVE_VAL_TYPE/&gt;&lt;MVT_IND/&gt;&lt;MOVE_REAS/&gt;&lt;RL_EST_KEY/&gt;&lt;REF_DATE/&gt;&lt;COST_OBJ/&gt;&lt;PROFIT_SEGM_NO/&gt;&lt;PROFIT_CTR/&gt;&lt;WBS_ELEM/&gt;&lt;NETWORK/&gt;&lt;ACTIVITY/&gt;&lt;PART_ACCT/&gt;&lt;AMOUNT_LC/&gt;&lt;AMOUNT_SV/&gt;&lt;CURRENCY/&gt;&lt;CURRENCY_ISO/&gt;&lt;REF_DOC_YR/&gt;&lt;REF_DOC/&gt;&lt;REF_DOC_IT/&gt;&lt;EXPIRYDATE/&gt;&lt;PROD_DATE/&gt;&lt;FUND/&gt;&lt;FUNDS_CTR/&gt;&lt;CMMT_ITEM/&gt;&lt;VAL_SALES_ORD/&gt;&lt;VAL_S_ORD_ITEM/&gt;&lt;VAL_WBS_ELEM/&gt;&lt;CO_BUSPROC/&gt;&lt;ACTTYPE/&gt;&lt;SUPPL_VEND/&gt;&lt;X_AUTO_CRE/&gt;&lt;MATERIAL_EXTERNAL/&gt;&lt;MATERIAL_GUID/&gt;&lt;MATERIAL_VERSION/&gt;&lt;MOVE_MAT_EXTERNAL/&gt;&lt;MOVE_MAT_GUID/&gt;&lt;MOVE_MAT_VERSION/&gt;&lt;GRANT_NBR/&gt;&lt;CMMT_ITEM_LONG/&gt;&lt;FUNC_AREA_LONG/&gt;&lt;LINE_ID/&gt;&lt;PARENT_ID/&gt;&lt;LINE_DEPTH/&gt;&lt;BUDGET_PERIOD/&gt;&lt;EARMARKED_NUMBER/&gt;&lt;EARMARKED_ITEM/&gt;&lt;/item&gt;&lt;/GOODSMOVEMENTS&gt;&lt;/TABLES&gt;&lt;/BAPI_PRODORDCONF_GETDETAIL&gt;</Request><Response><ReferenceDocumentSource/>&lt;?xml version="1.0" encoding="UTF-8"?&gt;&lt;BAPI_PRODORDCONF_GETDETAIL&gt;&lt;OUTPUT&gt;&lt;CONF_DETAIL&gt;&lt;CONF_NO/&gt;&lt;CONF_CNT/&gt;&lt;ORDERID/&gt;&lt;SEQUENCE/&gt;&lt;OPERATION/&gt;&lt;SUB_OPER/&gt;&lt;CAPA_CATEGORY/&gt;&lt;SPLIT/&gt;&lt;CREATED_BY/&gt;&lt;CREATED_DATE/&gt;&lt;CREATED_TIME/&gt;&lt;CR_BY_APPL/&gt;&lt;ORIGIN/&gt;&lt;CREATE_MODE/&gt;&lt;CR_BY_MILEST/&gt;&lt;CONF_NO_MILEST/&gt;&lt;CONF_CNT_MILEST/&gt;&lt;REVERSED/&gt;&lt;REV_CONF_CNT/&gt;&lt;FIN_CONF/&gt;&lt;CLEAR_RES/&gt;&lt;POSTG_DATE/&gt;&lt;DEV_REASON/&gt;&lt;DEV_REAS_TXT/&gt;&lt;CONF_TEXT/&gt;&lt;EX_CREATED_BY/&gt;&lt;EX_CREATED_DATE/&gt;&lt;EX_CREATED_TIME/&gt;&lt;CONF_QUAN_UNIT/&gt;&lt;CONF_QUAN_UNIT_ISO/&gt;&lt;YIELD/&gt;&lt;SCRAP/&gt;&lt;REWORK/&gt;&lt;EXEC_START_DATE/&gt;&lt;EXEC_START_TIME/&gt;&lt;SETUP_FIN_DATE/&gt;&lt;SETUP_FIN_TIME/&gt;&lt;PROC_START_DATE/&gt;&lt;PROC_START_TIME/&gt;&lt;PROC_FIN_DATE/&gt;&lt;PROC_FIN_TIME/&gt;&lt;TEARDOWN_START_DATE/&gt;&lt;TEARDOWN_START_TIME/&gt;&lt;EXEC_FIN_DATE/&gt;&lt;EXEC_FIN_TIME/&gt;&lt;FCST_FIN_DATE/&gt;&lt;FCST_FIN_TIME/&gt;&lt;PLANT/&gt;&lt;WORK_CNTR/&gt;&lt;COSTCENTER/&gt;&lt;CO_AREA/&gt;&lt;RECORDTYPE/&gt;&lt;LOGDATE/&gt;&lt;LOGTIME/&gt;&lt;CONF_ACTI_UNIT1/&gt;&lt;CONF_ACTI_UNIT1_ISO/&gt;&lt;CONF_ACTIVITY1/&gt;&lt;NO_REMN_ACTI1/&gt;&lt;CONF_ACTI_UNIT2/&gt;&lt;CONF_ACTI_UNIT2_ISO/&gt;&lt;CONF_ACTIVITY2/&gt;&lt;NO_REMN_ACTI2/&gt;&lt;CONF_ACTI_UNIT3/&gt;&lt;CONF_ACTI_UNIT3_ISO/&gt;&lt;CONF_ACTIVITY3/&gt;&lt;NO_REMN_ACTI3/&gt;&lt;CONF_ACTI_UNIT4/&gt;&lt;CONF_ACTI_UNIT4_ISO/&gt;&lt;CONF_ACTIVITY4/&gt;&lt;NO_REMN_ACTI4/&gt;&lt;CONF_ACTI_UNIT5/&gt;&lt;CONF_ACTI_UNIT5_ISO/&gt;&lt;CONF_ACTIVITY5/&gt;&lt;NO_REMN_ACTI5/&gt;&lt;CONF_ACTI_UNIT6/&gt;&lt;CONF_ACTI_UNIT6_ISO/&gt;&lt;CONF_ACTIVITY6/&gt;&lt;NO_REMN_ACTI6/&gt;&lt;CONF_BUS_PROC_UNIT1/&gt;&lt;CONF_BUS_PROC_UNIT1_ISO/&gt;&lt;CONF_BUSS_PROC1/&gt;&lt;NO_REMN_BUS_PROC1/&gt;&lt;PROCSS_DEG/&gt;&lt;STD_UNIT1/&gt;&lt;STD_UNIT1_ISO/&gt;&lt;FORCAST_STD_VAL1/&gt;&lt;STD_UNIT2/&gt;&lt;STD_UNIT2_ISO/&gt;&lt;FORCAST_STD_VAL2/&gt;&lt;STD_UNIT3/&gt;&lt;STD_UNIT3_ISO/&gt;&lt;FORCAST_STD_VAL3/&gt;&lt;STD_UNIT4/&gt;&lt;STD_UNIT4_ISO/&gt;&lt;FORCAST_STD_VAL4/&gt;&lt;STD_UNIT5/&gt;&lt;STD_UNIT5_ISO/&gt;&lt;FORCAST_STD_VAL5/&gt;&lt;STD_UNIT6/&gt;&lt;STD_UNIT6_ISO/&gt;&lt;FORCAST_STD_VAL6/&gt;&lt;FORCAST_BUS_PROC_UNIT1/&gt;&lt;FORCAST_BUS_PROC_UNIT1_ISO/&gt;&lt;FORCAST_BUS_PROC_VAL1/&gt;&lt;PERS_NO/&gt;&lt;NAME/&gt;&lt;TIMEID_NO/&gt;&lt;WAGETYPE/&gt;&lt;SUITABILITY/&gt;&lt;NO_OF_EMPL/&gt;&lt;WAGEGROUP/&gt;&lt;BREAK_UNIT/&gt;&lt;BREAK_UNIT_ISO/&gt;&lt;BREAK_TIME/&gt;&lt;EX_IDENT/&gt;&lt;WIP_MATERIAL/&gt;&lt;WIP_BATCH/&gt;&lt;/CONF_DETAIL&gt;&lt;RETURN&gt;&lt;TYPE/&gt;&lt;ID/&gt;&lt;NUMBER/&gt;&lt;MESSAGE/&gt;&lt;LOG_NO/&gt;&lt;LOG_MSG_NO/&gt;&lt;MESSAGE_V1/&gt;&lt;MESSAGE_V2/&gt;&lt;MESSAGE_V3/&gt;&lt;MESSAGE_V4/&gt;&lt;/RETURN&gt;&lt;/OUTPUT&gt;&lt;TABLES&gt;&lt;FAILEDGMOVES&gt;&lt;item&gt;&lt;DOC_NO/&gt;&lt;DOC_ITM/&gt;&lt;CREATED_BY/&gt;&lt;CREATED_DATE/&gt;&lt;CREATED_TIME/&gt;&lt;FAILED_DATE/&gt;&lt;FAILED_TIME/&gt;&lt;MSG_ID/&gt;&lt;MSG_NO/&gt;&lt;MSG_TYPE/&gt;&lt;MSG_V1/&gt;&lt;MSG_V2/&gt;&lt;MSG_V3/&gt;&lt;MSG_V4/&gt;&lt;PSTNG_DATE/&gt;&lt;DOC_DATE/&gt;&lt;EXPIRYDATE/&gt;&lt;MATERIAL/&gt;&lt;PLANT/&gt;&lt;STGE_LOC/&gt;&lt;BATCH/&gt;&lt;MOVE_TYPE/&gt;&lt;STCK_TYPE/&gt;&lt;SPEC_STOCK/&gt;&lt;VENDOR/&gt;&lt;SALES_ORD/&gt;&lt;S_ORD_ITEM/&gt;&lt;SCHED_LINE/&gt;&lt;ENTRY_UOM/&gt;&lt;ENTRY_UOM_ISO/&gt;&lt;ENTRY_QNT/&gt;&lt;NO_MORE_GR/&gt;&lt;GR_RCPT/&gt;&lt;UNLOAD_PT/&gt;&lt;ORDERID/&gt;&lt;ORDERID_ITNO/&gt;&lt;CALC_MOTIVE/&gt;&lt;RESERV_NO/&gt;&lt;RES_ITEM/&gt;&lt;RES_TYPE/&gt;&lt;WITHDRAWN/&gt;&lt;MVT_IND/&gt;&lt;MATERIAL_EXTERNAL/&gt;&lt;MATERIAL_GUID/&gt;&lt;MATERIAL_VERSION/&gt;&lt;/item&gt;&lt;/FAILEDGMOVES&gt;&lt;GOODSMOVEMENTS&gt;&lt;item&gt;&lt;MAT_DOC/&gt;&lt;DOC_YEAR/&gt;&lt;MATDOC_ITM/&gt;&lt;MATERIAL/&gt;&lt;PLANT/&gt;&lt;STGE_LOC/&gt;&lt;BATCH/&gt;&lt;MOVE_TYPE/&gt;&lt;STCK_TYPE/&gt;&lt;SPEC_STOCK/&gt;&lt;VENDOR/&gt;&lt;CUSTOMER/&gt;&lt;SALES_ORD/&gt;&lt;S_ORD_ITEM/&gt;&lt;SCHED_LINE/&gt;&lt;VAL_TYPE/&gt;&lt;ENTRY_QNT/&gt;&lt;ENTRY_UOM/&gt;&lt;ENTRY_UOM_ISO/&gt;&lt;PO_PR_QNT/&gt;&lt;ORDERPR_UN/&gt;&lt;ORDERPR_UN_ISO/&gt;&lt;PO_NUMBER/&gt;&lt;PO_ITEM/&gt;&lt;SHIPPING/&gt;&lt;COMP_SHIP/&gt;&lt;NO_MORE_GR/&gt;&lt;ITEM_TEXT/&gt;&lt;GR_RCPT/&gt;&lt;UNLOAD_PT/&gt;&lt;COSTCENTER/&gt;&lt;ORDERID/&gt;&lt;ORDER_ITNO/&gt;&lt;CALC_MOTIVE/&gt;&lt;ASSET_NO/&gt;&lt;SUB_NUMBER/&gt;&lt;RESERV_NO/&gt;&lt;RES_ITEM/&gt;&lt;RES_TYPE/&gt;&lt;WITHDRAWN/&gt;&lt;MOVE_MAT/&gt;&lt;MOVE_PLANT/&gt;&lt;MOVE_STLOC/&gt;&lt;MOVE_BATCH/&gt;&lt;MOVE_VAL_TYPE/&gt;&lt;MVT_IND/&gt;&lt;MOVE_REAS/&gt;&lt;RL_EST_KEY/&gt;&lt;REF_DATE/&gt;&lt;COST_OBJ/&gt;&lt;PROFIT_SEGM_NO/&gt;&lt;PROFIT_CTR/&gt;&lt;WBS_ELEM/&gt;&lt;NETWORK/&gt;&lt;ACTIVITY/&gt;&lt;PART_ACCT/&gt;&lt;AMOUNT_LC/&gt;&lt;AMOUNT_SV/&gt;&lt;CURRENCY/&gt;&lt;CURRENCY_ISO/&gt;&lt;REF_DOC_YR/&gt;&lt;REF_DOC/&gt;&lt;REF_DOC_IT/&gt;&lt;EXPIRYDATE/&gt;&lt;PROD_DATE/&gt;&lt;FUND/&gt;&lt;FUNDS_CTR/&gt;&lt;CMMT_ITEM/&gt;&lt;VAL_SALES_ORD/&gt;&lt;VAL_S_ORD_ITEM/&gt;&lt;VAL_WBS_ELEM/&gt;&lt;CO_BUSPROC/&gt;&lt;ACTTYPE/&gt;&lt;SUPPL_VEND/&gt;&lt;X_AUTO_CRE/&gt;&lt;MATERIAL_EXTERNAL/&gt;&lt;MATERIAL_GUID/&gt;&lt;MATERIAL_VERSION/&gt;&lt;MOVE_MAT_EXTERNAL/&gt;&lt;MOVE_MAT_GUID/&gt;&lt;MOVE_MAT_VERSION/&gt;&lt;GRANT_NBR/&gt;&lt;CMMT_ITEM_LONG/&gt;&lt;FUNC_AREA_LONG/&gt;&lt;LINE_ID/&gt;&lt;PARENT_ID/&gt;&lt;LINE_DEPTH/&gt;&lt;BUDGET_PERIOD/&gt;&lt;EARMARKED_NUMBER/&gt;&lt;EARMARKED_ITEM/&gt;&lt;/item&gt;&lt;/GOODSMOVEMENTS&gt;&lt;/TABLES&gt;&lt;/BAPI_PRODORDCONF_GETDETAIL&gt;</Response><SAPRFC>BAPI_PRODORDCONF_GETDETAIL</SAPRFC><ExecuteFunction>true</ExecuteFunction><AutoCommit>false</AutoCommit><ConnPropAlias>SAP</ConnPropAlias><CredentialAlias>SAP</CredentialAlias><SAPServerName>10.2.8.38</SAPServerName><SAPClient>521</SAPClient><SAPSystemNumber>00</SAPSystemNumber><SAPUserName/><SAPPassword/><Language>EN</Language><SAPSSO2Ticket/><ConnectionTimeout>0</ConnectionTimeout><PoolConnections>false</PoolConnections><LogonGroup/><RecreateFunction>true</RecreateFunction><AllowMultipleRows>true</AllowMultipleRows><DaysRetention>7</DaysRetention><MaxRetryCount>5</MaxRetryCount><RetryInterval>30000</RetryInterval><ProcessingMode>1</ProcessingMode><Filter/><DataBufferComment/></Value><SchemaURI/><SchemaElement/><ValidateXMLOnExecution>1</ValidateXMLOnExecution><SchemaURI/><SchemaElement/><ValidateXMLOnExecution>1</ValidateXMLOnExecution><ReadOnly>false</ReadOnly><AlertXMLAssigned>false</AlertXMLAssigned></ContextItem><ContextItem><Name>GETLIST_OK</Name><Description/><MinRange>0</MinRange><MaxRange>0</MaxRange><Value xsi:type="ConditionalAction"><Output>false</Output><InputCount>1</InputCount><LogicalAnd>false</LogicalAnd><Input1>false</Input1></Value><ReadOnly>false</ReadOnly><AlertXMLAssigned>false</AlertXMLAssigned></ContextItem><ContextItem><Name>ShowGetListMsg</Name><Description/><MinRange>0</MinRange><MaxRange>0</MaxRange><Value xsi:type="Tracer"><Message/><Level>INFO</Level></Value><ReadOnly>false</ReadOnly><AlertXMLAssigned>false</AlertXMLAssigned></ContextItem><ContextItem><Name>DETAIL_OK</Name><Description/><MinRange>0</MinRange><MaxRange>0</MaxRange><Value xsi:type="ConditionalAction"><Output>false</Output><InputCount>1</InputCount><LogicalAnd>false</LogicalAnd><Input1>false</Input1></Value><ReadOnly>false</ReadOnly><AlertXMLAssigned>false</AlertXMLAssigned></ContextItem><ContextItem><Name>ShowDetailMsg</Name><Description/><MinRange>0</MinRange><MaxRange>0</MaxRange><Value xsi:type="Tracer"><Message/><Level>INFO</Level></Value><ReadOnly>false</ReadOnly><AlertXMLAssigned>false</AlertXMLAssigned></ContextItem><ContextItem><Name>getSQLOrderData</Name><Description/><MinRange>0</MinRange><MaxRange>0</MaxRange><Value xsi:type="IlluminatorSQLQueryObject"><Timeout>60</Timeout><QueryParameters/><QueryTemplate>MESM/ORDERS_CNF/QUERIES/getSQLOrderData</QueryTemplate><QueryStartDate>2016-07-20T12:50:29</QueryStartDate><QueryEndDate>2016-07-20T12:50:29</QueryEndDate><SQLTransaction/><Results><ReferenceDocumentSource/>&lt;?xml version="1.0" encoding="UTF-8"?&gt;&lt;Rowsets CachedTime="" DateCreated="2016-07-20T18:00:10" EndDate="2016-07-20T18:00:10" StartDate="2016-07-20T17:00:10" Version="15.0 SP4 Patch 11 (28-Aug-2015)"&gt;&lt;Rowset&gt;&lt;Columns&gt;&lt;Column Description="PRODUCTION_PLANT" MaxRange="1" MinRange="0" Name="PRODUCTION_PLANT" SQLDataType="-9" SourceColumn="PRODUCTION_PLANT"/&gt;&lt;Column Description="ORDER_NUMBER" MaxRange="1" MinRange="0" Name="ORDER_NUMBER" SQLDataType="-9" SourceColumn="ORDER_NUMBER"/&gt;&lt;Column Description="MATERIAL" MaxRange="1" MinRange="0" Name="MATERIAL" SQLDataType="-9" SourceColumn="MATERIAL"/&gt;&lt;Column Description="MATERIAL_TEXT" MaxRange="1" MinRange="0" Name="MATERIAL_TEXT" SQLDataType="-9" SourceColumn="MATERIAL_TEXT"/&gt;&lt;Column Description="TARGET_QUANTITY" MaxRange="1" MinRange="0" Name="TARGET_QUANTITY" SQLDataType="2" SourceColumn="TARGET_QUANTITY"/&gt;&lt;Column Description="UNIT" MaxRange="1" MinRange="0" Name="UNIT" SQLDataType="-9" SourceColumn="UNIT"/&gt;&lt;Column Description="UNIT_ISO" MaxRange="1" MinRange="0" Name="UNIT_ISO" SQLDataType="-9" SourceColumn="UNIT_ISO"/&gt;&lt;Column Description="BATCH" MaxRange="1" MinRange="0" Name="BATCH" SQLDataType="-9" SourceColumn="BATCH"/&gt;&lt;/Columns&gt;&lt;Row&gt;&lt;PRODUCTION_PLANT&gt;3602&lt;/PRODUCTION_PLANT&gt;&lt;ORDER_NUMBER&gt;000000800190&lt;/ORDER_NUMBER&gt;&lt;MATERIAL&gt;10041450A&lt;/MATERIAL&gt;&lt;MATERIAL_TEXT&gt;AXLE ASSY - REAR 3.92:1 (M250 SRW IS5)&lt;/MATERIAL_TEXT&gt;&lt;TARGET_QUANTITY&gt;40&lt;/TARGET_QUANTITY&gt;&lt;UNIT&gt;EA&lt;/UNIT&gt;&lt;UNIT_ISO&gt;EA&lt;/UNIT_ISO&gt;&lt;BATCH&gt;A&lt;/BATCH&gt;&lt;/Row&gt;&lt;/Rowset&gt;&lt;/Rowsets&gt;</Results><TagList/></Value><SchemaURI/><SchemaElement/><ValidateXMLOnExecution>1</ValidateXMLOnExecution><ReadOnly>false</ReadOnly><AlertXMLAssigned>false</AlertXMLAssigned></ContextItem><ContextItem><Name>OrderDataOK</Name><Description/><MinRange>0</MinRange><MaxRange>0</MaxRange><Value xsi:type="ConditionalAction"><Output>false</Output><InputCount>1</InputCount><LogicalAnd>false</LogicalAnd><Input1>false</Input1></Value><ReadOnly>false</ReadOnly><AlertXMLAssigned>false</AlertXMLAssigned></ContextItem><ContextItem><Name>NoRows</Name><Description/><MinRange>0</MinRange><MaxRange>0</MaxRange><Value xsi:type="Tracer"><Message/><Level>INFO</Level></Value><ReadOnly>false</ReadOnly><AlertXMLAssigned>false</AlertXMLAssigned></ContextItem><ContextItem><Name>OutputDocument</Name><Description/><MinRange>0</MinRange><MaxRange>0</MaxRange><Value xsi:type="IlluminatorDocument"><EndDate>2012-07-25T19:48:56</EndDate><StartDate>2012-07-25T19:48:56</StartDate><Output><ReferenceDocumentSource/>&lt;?xml version="1.0" encoding="UTF-8"?&gt;&lt;Rowsets DateCreated="2016-07-20T13:12:28" EndDate="2012-07-25T19:48:56" StartDate="2012-07-25T19:48:56" Version="15.0 SP4 Patch 11"&gt;&lt;Rowset&gt;&lt;Columns&gt;&lt;Column Description="0 - Failed, 1 - Success, -1 - Exception, -2 - SAP Connection Down" MaxRange="1" MinRange="0" Name="STATUS" SQLDataType="1" SourceColumn="STATUS"/&gt;&lt;Column Description="" MaxRange="1" MinRange="0" Name="ECCRESPONSETYPE" SQLDataType="1" SourceColumn="ECCRESPONSETYPE"/&gt;&lt;Column Description="" MaxRange="1" MinRange="0" Name="ECCRESPONSEMESSAGE" SQLDataType="1" SourceColumn="ECCRESPONSEMESSAGE"/&gt;&lt;Column Description="" MaxRange="1" MinRange="0" Name="MATDOCNO" SQLDataType="1" SourceColumn="MATDOCNO"/&gt;&lt;Column Description="" MaxRange="1" MinRange="0" Name="CONFNUMBER" SQLDataType="1" SourceColumn="CONFNUMBER"/&gt;&lt;Column Description="" MaxRange="1" MinRange="0" Name="CONFCOUNTER" SQLDataType="1" SourceColumn="CONFCOUNTER"/&gt;&lt;/Columns&gt;&lt;Row&gt;&lt;STATUS&gt;STRING&lt;/STATUS&gt;&lt;ECCRESPONSETYPE&gt;STRING&lt;/ECCRESPONSETYPE&gt;&lt;ECCRESPONSEMESSAGE&gt;STRING&lt;/ECCRESPONSEMESSAGE&gt;&lt;MATDOCNO&gt;STRING&lt;/MATDOCNO&gt;&lt;CONFNUMBER&gt;STRING&lt;/CONFNUMBER&gt;&lt;CONFCOUNTER&gt;STRING&lt;/CONFCOUNTER&gt;&lt;/Row&gt;&lt;/Rowset&gt;&lt;/Rowsets&gt;</Output><ColumnSpecifications><ContextItem><Name>STATUS</Name><Description>0 - Failed, 1 - Success, -1 - Exception, -2 - SAP Connection Down</Description><MinRange>0</MinRange><MaxRange>1</MaxRange><Value xsi:type="string">STRING</Value><ReadOnly>false</ReadOnly><AlertXMLAssigned>false</AlertXMLAssigned></ContextItem><ContextItem><Name>ECCRESPONSETYPE</Name><Description/><MinRange>0</MinRange><MaxRange>1</MaxRange><Value xsi:type="string">STRING</Value><ReadOnly>false</ReadOnly><AlertXMLAssigned>false</AlertXMLAssigned></ContextItem><ContextItem><Name>ECCRESPONSEMESSAGE</Name><Description/><MinRange>0</MinRange><MaxRange>1</MaxRange><Value xsi:type="string">STRING</Value><ReadOnly>false</ReadOnly><AlertXMLAssigned>false</AlertXMLAssigned></ContextItem><ContextItem><Name>MATDOCNO</Name><Description/><MinRange>0</MinRange><MaxRange>1</MaxRange><Value xsi:type="string">STRING</Value><ReadOnly>false</ReadOnly><AlertXMLAssigned>false</AlertXMLAssigned></ContextItem><ContextItem><Name>CONFNUMBER</Name><Description/><MinRange>0</MinRange><MaxRange>1</MaxRange><Value xsi:type="string">STRING</Value><ReadOnly>false</ReadOnly><AlertXMLAssigned>false</AlertXMLAssigned></ContextItem><ContextItem><Name>CONFCOUNTER</Name><Description/><MinRange>0</MinRange><MaxRange>1</MaxRange><Value xsi:type="string">STRING</Value><ReadOnly>false</ReadOnly><AlertXMLAssigned>false</AlertXMLAssigned></ContextItem></ColumnSpecifications></Value><SchemaURI/><SchemaElement/><ValidateXMLOnExecution>1</ValidateXMLOnExecution><ReadOnly>false</ReadOnly><AlertXMLAssigned>false</AlertXMLAssigned></ContextItem><ContextItem><Name>AssignXMLOUT</Name><Description/><MinRange>0</MinRange><MaxRange>0</MaxRange><Value xsi:type="Assignment"/><ReadOnly>false</ReadOnly><AlertXMLAssigned>false</AlertXMLAssigned></ContextItem><ContextItem><Name>Show_XMLOUT</Name><Description/><MinRange>0</MinRange><MaxRange>0</MaxRange><Value xsi:type="Tracer"><Message/><Level>INFO</Level></Value><ReadOnly>false</ReadOnly><AlertXMLAssigned>false</AlertXMLAssigned></ContextItem><ContextItem><Name>debug_2</Name><Description/><MinRange>0</MinRange><MaxRange>0</MaxRange><Value xsi:type="ConditionalAction"><Output>false</Output><InputCount>1</InputCount><LogicalAnd>false</LogicalAnd><Input1>false</Input1></Value><ReadOnly>false</ReadOnly><AlertXMLAssigned>false</AlertXMLAssigned></ContextItem><ContextItem><Name>GR_OK</Name><Description/><MinRange>0</MinRange><MaxRange>0</MaxRange><Value xsi:type="ConditionalAction"><Output>false</Output><InputCount>1</InputCount><LogicalAnd>false</LogicalAnd><Input1>false</Input1></Value><ReadOnly>false</ReadOnly><AlertXMLAssigned>false</AlertXMLAssigned></ContextItem><ContextItem><Name>Row_OK</Name><Description/><MinRange>0</MinRange><MaxRange>0</MaxRange><Value xsi:type="IlluminatorRow"><IlluminatorDocument>OutputDocument.Output{/Rowsets/Rowset/Row}</IlluminatorDocument></Value><ReadOnly>false</ReadOnly><AlertXMLAssigned>false</AlertXMLAssigned></ContextItem><ContextItem><Name>ShowComplete</Name><Description/><MinRange>0</MinRange><MaxRange>0</MaxRange><Value xsi:type="Tracer"><Message/><Level>INFO</Level></Value><ReadOnly>false</ReadOnly><AlertXMLAssigned>false</AlertXMLAssigned></ContextItem><ContextItem><Name>debug_1</Name><Description/><MinRange>0</MinRange><MaxRange>0</MaxRange><Value xsi:type="ConditionalAction"><Output>false</Output><InputCount>1</InputCount><LogicalAnd>false</LogicalAnd><Input1>false</Input1></Value><ReadOnly>false</ReadOnly><AlertXMLAssigned>false</AlertXMLAssigned></ContextItem><ContextItem><Name>ShowGR</Name><Description/><MinRange>0</MinRange><MaxRange>0</MaxRange><Value xsi:type="Tracer"><Message/><Level>INFO</Level></Value><ReadOnly>false</ReadOnly><AlertXMLAssigned>false</AlertXMLAssigned></ContextItem><ContextItem><Name>Row_ERR</Name><Description/><MinRange>0</MinRange><MaxRange>0</MaxRange><Value xsi:type="IlluminatorRow"><IlluminatorDocument>OutputDocument.Output{/Rowsets/Rowset/Row}</IlluminatorDocument></Value><ReadOnly>false</ReadOnly><AlertXMLAssigned>false</AlertXMLAssigned></ContextItem><ContextItem><Name>ShowGRMsg</Name><Description/><MinRange>0</MinRange><MaxRange>0</MaxRange><Value xsi:type="Tracer"><Message/><Level>INFO</Level></Value><ReadOnly>false</ReadOnly><AlertXMLAssigned>false</AlertXMLAssigned></ContextItem><ContextItem><Name>Start_Session</Name><Description/><MinRange>0</MinRange><MaxRange>0</MaxRange><Value xsi:type="SAPJCOStartSession"><ConnPropAlias>SAP</ConnPropAlias><CredentialAlias>SAP</CredentialAlias><SAPServerName/><SAPClient/><SAPSystemNumber/><Language/><ConnectionPoolSize>10</ConnectionPoolSize><SAPUserName/><SAPPassword/><SAPSSO2Ticket/><PoolConnections>true</PoolConnections><LogonGroup/><ConnectionTimeout>0</ConnectionTimeout></Value><ReadOnly>false</ReadOnly><AlertXMLAssigned>false</AlertXMLAssigned></ContextItem><ContextItem><Name>GOODSMVT_CREATE</Name><Description/><MinRange>0</MinRange><MaxRange>0</MaxRange><Value xsi:type="SAPJCOFunction"><SourceSession>Start_Session</SourceSession><Request><ReferenceDocumentSource/>&lt;?xml version="1.0" encoding="UTF-8"?&gt;&lt;BAPI_GOODSMVT_CREATE&gt;&lt;INPUT&gt;&lt;GOODSMVT_CODE&gt;&lt;GM_CODE/&gt;&lt;/GOODSMVT_CODE&gt;&lt;GOODSMVT_HEADER&gt;&lt;PSTNG_DATE/&gt;&lt;DOC_DATE/&gt;&lt;REF_DOC_NO/&gt;&lt;BILL_OF_LADING/&gt;&lt;GR_GI_SLIP_NO/&gt;&lt;PR_UNAME/&gt;&lt;HEADER_TXT/&gt;&lt;VER_GR_GI_SLIP/&gt;&lt;VER_GR_GI_SLIPX/&gt;&lt;EXT_WMS/&gt;&lt;REF_DOC_NO_LONG/&gt;&lt;BILL_OF_LADING_LONG/&gt;&lt;BAR_CODE/&gt;&lt;/GOODSMVT_HEADER&gt;&lt;GOODSMVT_REF_EWM&gt;&lt;REF_DOC_EWM/&gt;&lt;LOGSYS/&gt;&lt;GTS_SCRAP_NO/&gt;&lt;/GOODSMVT_REF_EWM&gt;&lt;TESTRUN&gt; &lt;/TESTRUN&gt;&lt;/INPUT&gt;&lt;TABLES&gt;&lt;EXTENSIONIN&gt;&lt;item&gt;&lt;STRUCTURE/&gt;&lt;VALUEPART1/&gt;&lt;VALUEPART2/&gt;&lt;VALUEPART3/&gt;&lt;VALUEPART4/&gt;&lt;/item&gt;&lt;/EXTENSIONIN&gt;&lt;GOODSMVT_ITEM&gt;&lt;item&gt;&lt;MATERIAL/&gt;&lt;PLANT/&gt;&lt;STGE_LOC/&gt;&lt;BATCH/&gt;&lt;MOVE_TYPE/&gt;&lt;STCK_TYPE/&gt;&lt;SPEC_STOCK/&gt;&lt;VENDOR/&gt;&lt;CUSTOMER/&gt;&lt;SALES_ORD/&gt;&lt;S_ORD_ITEM/&gt;&lt;SCHED_LINE/&gt;&lt;VAL_TYPE/&gt;&lt;ENTRY_QNT/&gt;&lt;ENTRY_UOM/&gt;&lt;ENTRY_UOM_ISO/&gt;&lt;PO_PR_QNT/&gt;&lt;ORDERPR_UN/&gt;&lt;ORDERPR_UN_ISO/&gt;&lt;PO_NUMBER/&gt;&lt;PO_ITEM/&gt;&lt;SHIPPING/&gt;&lt;COMP_SHIP/&gt;&lt;NO_MORE_GR/&gt;&lt;ITEM_TEXT/&gt;&lt;GR_RCPT/&gt;&lt;UNLOAD_PT/&gt;&lt;COSTCENTER/&gt;&lt;ORDERID/&gt;&lt;ORDER_ITNO/&gt;&lt;CALC_MOTIVE/&gt;&lt;ASSET_NO/&gt;&lt;SUB_NUMBER/&gt;&lt;RESERV_NO/&gt;&lt;RES_ITEM/&gt;&lt;RES_TYPE/&gt;&lt;WITHDRAWN/&gt;&lt;MOVE_MAT/&gt;&lt;MOVE_PLANT/&gt;&lt;MOVE_STLOC/&gt;&lt;MOVE_BATCH/&gt;&lt;MOVE_VAL_TYPE/&gt;&lt;MVT_IND/&gt;&lt;MOVE_REAS/&gt;&lt;RL_EST_KEY/&gt;&lt;REF_DATE/&gt;&lt;COST_OBJ/&gt;&lt;PROFIT_SEGM_NO/&gt;&lt;PROFIT_CTR/&gt;&lt;WBS_ELEM/&gt;&lt;NETWORK/&gt;&lt;ACTIVITY/&gt;&lt;PART_ACCT/&gt;&lt;AMOUNT_LC/&gt;&lt;AMOUNT_SV/&gt;&lt;REF_DOC_YR/&gt;&lt;REF_DOC/&gt;&lt;REF_DOC_IT/&gt;&lt;EXPIRYDATE/&gt;&lt;PROD_DATE/&gt;&lt;FUND/&gt;&lt;FUNDS_CTR/&gt;&lt;CMMT_ITEM/&gt;&lt;VAL_SALES_ORD/&gt;&lt;VAL_S_ORD_ITEM/&gt;&lt;VAL_WBS_ELEM/&gt;&lt;GL_ACCOUNT/&gt;&lt;IND_PROPOSE_QUANX/&gt;&lt;XSTOB/&gt;&lt;EAN_UPC/&gt;&lt;DELIV_NUMB_TO_SEARCH/&gt;&lt;DELIV_ITEM_TO_SEARCH/&gt;&lt;SERIALNO_AUTO_NUMBERASSIGNMENT/&gt;&lt;VENDRBATCH/&gt;&lt;STGE_TYPE/&gt;&lt;STGE_BIN/&gt;&lt;SU_PL_STCK_1/&gt;&lt;ST_UN_QTYY_1/&gt;&lt;ST_UN_QTYY_1_ISO/&gt;&lt;UNITTYPE_1/&gt;&lt;SU_PL_STCK_2/&gt;&lt;ST_UN_QTYY_2/&gt;&lt;ST_UN_QTYY_2_ISO/&gt;&lt;UNITTYPE_2/&gt;&lt;STGE_TYPE_PC/&gt;&lt;STGE_BIN_PC/&gt;&lt;NO_PST_CHGNT/&gt;&lt;GR_NUMBER/&gt;&lt;STGE_TYPE_ST/&gt;&lt;STGE_BIN_ST/&gt;&lt;MATDOC_TR_CANCEL/&gt;&lt;MATITEM_TR_CANCEL/&gt;&lt;MATYEAR_TR_CANCEL/&gt;&lt;NO_TRANSFER_REQ/&gt;&lt;CO_BUSPROC/&gt;&lt;ACTTYPE/&gt;&lt;SUPPL_VEND/&gt;&lt;MATERIAL_EXTERNAL/&gt;&lt;MATERIAL_GUID/&gt;&lt;MATERIAL_VERSION/&gt;&lt;MOVE_MAT_EXTERNAL/&gt;&lt;MOVE_MAT_GUID/&gt;&lt;MOVE_MAT_VERSION/&gt;&lt;FUNC_AREA/&gt;&lt;TR_PART_BA/&gt;&lt;PAR_COMPCO/&gt;&lt;DELIV_NUMB/&gt;&lt;DELIV_ITEM/&gt;&lt;NB_SLIPS/&gt;&lt;NB_SLIPSX/&gt;&lt;GR_RCPTX/&gt;&lt;UNLOAD_PTX/&gt;&lt;SPEC_MVMT/&gt;&lt;GRANT_NBR/&gt;&lt;CMMT_ITEM_LONG/&gt;&lt;FUNC_AREA_LONG/&gt;&lt;LINE_ID/&gt;&lt;PARENT_ID/&gt;&lt;LINE_DEPTH/&gt;&lt;QUANTITY/&gt;&lt;BASE_UOM/&gt;&lt;LONGNUM/&gt;&lt;BUDGET_PERIOD/&gt;&lt;EARMARKED_NUMBER/&gt;&lt;EARMARKED_ITEM/&gt;&lt;/item&gt;&lt;/GOODSMVT_ITEM&gt;&lt;GOODSMVT_SERIALNUMBER&gt;&lt;item&gt;&lt;MATDOC_ITM/&gt;&lt;SERIALNO/&gt;&lt;UII/&gt;&lt;/item&gt;&lt;/GOODSMVT_SERIALNUMBER&gt;&lt;GOODSMVT_SERV_PART_DATA&gt;&lt;item&gt;&lt;LINE_ID/&gt;&lt;RET_AUTH_NUMBER/&gt;&lt;DELIV_NUMBER/&gt;&lt;DELIV_ITEM/&gt;&lt;HU_NUMBER/&gt;&lt;INSPOUT_GUID/&gt;&lt;EVENT/&gt;&lt;DATE/&gt;&lt;TIME/&gt;&lt;ZONLO/&gt;&lt;TIMESTAMP/&gt;&lt;SCRAP_INDICATOR/&gt;&lt;KEEP_QUANTITY/&gt;&lt;GTS_STOCK_TYPE/&gt;&lt;MOVE_GTS_STOCK_TYPE/&gt;&lt;KEEP_QUANTITY_CONVERSION/&gt;&lt;ZERO_QUANTITY/&gt;&lt;NUMERATOR/&gt;&lt;DENOMINATR/&gt;&lt;/item&gt;&lt;/GOODSMVT_SERV_PART_DATA&gt;&lt;RETURN&gt;&lt;item&gt;&lt;TYPE/&gt;&lt;ID/&gt;&lt;NUMBER/&gt;&lt;MESSAGE/&gt;&lt;LOG_NO/&gt;&lt;LOG_MSG_NO/&gt;&lt;MESSAGE_V1/&gt;&lt;MESSAGE_V2/&gt;&lt;MESSAGE_V3/&gt;&lt;MESSAGE_V4/&gt;&lt;PARAMETER/&gt;&lt;ROW/&gt;&lt;FIELD/&gt;&lt;SYSTEM/&gt;&lt;/item&gt;&lt;/RETURN&gt;&lt;/TABLES&gt;&lt;/BAPI_GOODSMVT_CREATE&gt;</Request><Response><ReferenceDocumentSource/>&lt;?xml version="1.0" encoding="UTF-8"?&gt;&lt;BAPI_GOODSMVT_CREATE&gt;&lt;OUTPUT&gt;&lt;GOODSMVT_HEADRET&gt;&lt;MAT_DOC/&gt;&lt;DOC_YEAR/&gt;&lt;/GOODSMVT_HEADRET&gt;&lt;MATDOCUMENTYEAR/&gt;&lt;MATERIALDOCUMENT/&gt;&lt;/OUTPUT&gt;&lt;TABLES&gt;&lt;EXTENSIONIN&gt;&lt;item&gt;&lt;STRUCTURE/&gt;&lt;VALUEPART1/&gt;&lt;VALUEPART2/&gt;&lt;VALUEPART3/&gt;&lt;VALUEPART4/&gt;&lt;/item&gt;&lt;/EXTENSIONIN&gt;&lt;GOODSMVT_ITEM&gt;&lt;item&gt;&lt;MATERIAL/&gt;&lt;PLANT/&gt;&lt;STGE_LOC/&gt;&lt;BATCH/&gt;&lt;MOVE_TYPE/&gt;&lt;STCK_TYPE/&gt;&lt;SPEC_STOCK/&gt;&lt;VENDOR/&gt;&lt;CUSTOMER/&gt;&lt;SALES_ORD/&gt;&lt;S_ORD_ITEM/&gt;&lt;SCHED_LINE/&gt;&lt;VAL_TYPE/&gt;&lt;ENTRY_QNT/&gt;&lt;ENTRY_UOM/&gt;&lt;ENTRY_UOM_ISO/&gt;&lt;PO_PR_QNT/&gt;&lt;ORDERPR_UN/&gt;&lt;ORDERPR_UN_ISO/&gt;&lt;PO_NUMBER/&gt;&lt;PO_ITEM/&gt;&lt;SHIPPING/&gt;&lt;COMP_SHIP/&gt;&lt;NO_MORE_GR/&gt;&lt;ITEM_TEXT/&gt;&lt;GR_RCPT/&gt;&lt;UNLOAD_PT/&gt;&lt;COSTCENTER/&gt;&lt;ORDERID/&gt;&lt;ORDER_ITNO/&gt;&lt;CALC_MOTIVE/&gt;&lt;ASSET_NO/&gt;&lt;SUB_NUMBER/&gt;&lt;RESERV_NO/&gt;&lt;RES_ITEM/&gt;&lt;RES_TYPE/&gt;&lt;WITHDRAWN/&gt;&lt;MOVE_MAT/&gt;&lt;MOVE_PLANT/&gt;&lt;MOVE_STLOC/&gt;&lt;MOVE_BATCH/&gt;&lt;MOVE_VAL_TYPE/&gt;&lt;MVT_IND/&gt;&lt;MOVE_REAS/&gt;&lt;RL_EST_KEY/&gt;&lt;REF_DATE/&gt;&lt;COST_OBJ/&gt;&lt;PROFIT_SEGM_NO/&gt;&lt;PROFIT_CTR/&gt;&lt;WBS_ELEM/&gt;&lt;NETWORK/&gt;&lt;ACTIVITY/&gt;&lt;PART_ACCT/&gt;&lt;AMOUNT_LC/&gt;&lt;AMOUNT_SV/&gt;&lt;REF_DOC_YR/&gt;&lt;REF_DOC/&gt;&lt;REF_DOC_IT/&gt;&lt;EXPIRYDATE/&gt;&lt;PROD_DATE/&gt;&lt;FUND/&gt;&lt;FUNDS_CTR/&gt;&lt;CMMT_ITEM/&gt;&lt;VAL_SALES_ORD/&gt;&lt;VAL_S_ORD_ITEM/&gt;&lt;VAL_WBS_ELEM/&gt;&lt;GL_ACCOUNT/&gt;&lt;IND_PROPOSE_QUANX/&gt;&lt;XSTOB/&gt;&lt;EAN_UPC/&gt;&lt;DELIV_NUMB_TO_SEARCH/&gt;&lt;DELIV_ITEM_TO_SEARCH/&gt;&lt;SERIALNO_AUTO_NUMBERASSIGNMENT/&gt;&lt;VENDRBATCH/&gt;&lt;STGE_TYPE/&gt;&lt;STGE_BIN/&gt;&lt;SU_PL_STCK_1/&gt;&lt;ST_UN_QTYY_1/&gt;&lt;ST_UN_QTYY_1_ISO/&gt;&lt;UNITTYPE_1/&gt;&lt;SU_PL_STCK_2/&gt;&lt;ST_UN_QTYY_2/&gt;&lt;ST_UN_QTYY_2_ISO/&gt;&lt;UNITTYPE_2/&gt;&lt;STGE_TYPE_PC/&gt;&lt;STGE_BIN_PC/&gt;&lt;NO_PST_CHGNT/&gt;&lt;GR_NUMBER/&gt;&lt;STGE_TYPE_ST/&gt;&lt;STGE_BIN_ST/&gt;&lt;MATDOC_TR_CANCEL/&gt;&lt;MATITEM_TR_CANCEL/&gt;&lt;MATYEAR_TR_CANCEL/&gt;&lt;NO_TRANSFER_REQ/&gt;&lt;CO_BUSPROC/&gt;&lt;ACTTYPE/&gt;&lt;SUPPL_VEND/&gt;&lt;MATERIAL_EXTERNAL/&gt;&lt;MATERIAL_GUID/&gt;&lt;MATERIAL_VERSION/&gt;&lt;MOVE_MAT_EXTERNAL/&gt;&lt;MOVE_MAT_GUID/&gt;&lt;MOVE_MAT_VERSION/&gt;&lt;FUNC_AREA/&gt;&lt;TR_PART_BA/&gt;&lt;PAR_COMPCO/&gt;&lt;DELIV_NUMB/&gt;&lt;DELIV_ITEM/&gt;&lt;NB_SLIPS/&gt;&lt;NB_SLIPSX/&gt;&lt;GR_RCPTX/&gt;&lt;UNLOAD_PTX/&gt;&lt;SPEC_MVMT/&gt;&lt;GRANT_NBR/&gt;&lt;CMMT_ITEM_LONG/&gt;&lt;FUNC_AREA_LONG/&gt;&lt;LINE_ID/&gt;&lt;PARENT_ID/&gt;&lt;LINE_DEPTH/&gt;&lt;QUANTITY/&gt;&lt;BASE_UOM/&gt;&lt;LONGNUM/&gt;&lt;BUDGET_PERIOD/&gt;&lt;EARMARKED_NUMBER/&gt;&lt;EARMARKED_ITEM/&gt;&lt;/item&gt;&lt;/GOODSMVT_ITEM&gt;&lt;GOODSMVT_SERIALNUMBER&gt;&lt;item&gt;&lt;MATDOC_ITM/&gt;&lt;SERIALNO/&gt;&lt;UII/&gt;&lt;/item&gt;&lt;/GOODSMVT_SERIALNUMBER&gt;&lt;GOODSMVT_SERV_PART_DATA&gt;&lt;item&gt;&lt;LINE_ID/&gt;&lt;RET_AUTH_NUMBER/&gt;&lt;DELIV_NUMBER/&gt;&lt;DELIV_ITEM/&gt;&lt;HU_NUMBER/&gt;&lt;INSPOUT_GUID/&gt;&lt;EVENT/&gt;&lt;DATE/&gt;&lt;TIME/&gt;&lt;ZONLO/&gt;&lt;TIMESTAMP/&gt;&lt;SCRAP_INDICATOR/&gt;&lt;KEEP_QUANTITY/&gt;&lt;GTS_STOCK_TYPE/&gt;&lt;MOVE_GTS_STOCK_TYPE/&gt;&lt;KEEP_QUANTITY_CONVERSION/&gt;&lt;ZERO_QUANTITY/&gt;&lt;NUMERATOR/&gt;&lt;DENOMINATR/&gt;&lt;/item&gt;&lt;/GOODSMVT_SERV_PART_DATA&gt;&lt;RETURN&gt;&lt;item&gt;&lt;TYPE/&gt;&lt;ID/&gt;&lt;NUMBER/&gt;&lt;MESSAGE/&gt;&lt;LOG_NO/&gt;&lt;LOG_MSG_NO/&gt;&lt;MESSAGE_V1/&gt;&lt;MESSAGE_V2/&gt;&lt;MESSAGE_V3/&gt;&lt;MESSAGE_V4/&gt;&lt;PARAMETER/&gt;&lt;ROW/&gt;&lt;FIELD/&gt;&lt;SYSTEM/&gt;&lt;/item&gt;&lt;/RETURN&gt;&lt;/TABLES&gt;&lt;/BAPI_GOODSMVT_CREATE&gt;</Response><SAPRFC>BAPI_GOODSMVT_CREATE</SAPRFC><TYPERFC>0</TYPERFC><QueueName/><ExecuteFunction>true</ExecuteFunction><RecreateFunction>true</RecreateFunction><AllowMultipleRows>true</AllowMultipleRows><DaysRetention>7</DaysRetention><MaxRetryCount>5</MaxRetryCount><RetryInterval>30000</RetryInterval><ProcessingMode>1</ProcessingMode><Filter/><DataBufferComment/></Value><SchemaURI/><SchemaElement/><ValidateXMLOnExecution>1</ValidateXMLOnExecution><SchemaURI/><SchemaElement/><ValidateXMLOnExecution>1</ValidateXMLOnExecution><ReadOnly>false</ReadOnly><AlertXMLAssigned>false</AlertXMLAssigned></ContextItem><ContextItem><Name>Commit</Name><Description/><MinRange>0</MinRange><MaxRange>0</MaxRange><Value xsi:type="SAPJCOCommit"><SourceSession>Start_Session</SourceSession></Value><ReadOnly>false</ReadOnly><AlertXMLAssigned>false</AlertXMLAssigned></ContextItem><ContextItem><Name>End_Session</Name><Description/><MinRange>0</MinRange><MaxRange>0</MaxRange><Value xsi:type="SAPJCOEndSession"><SourceSession>Start_Session</SourceSession></Value><ReadOnly>false</ReadOnly><AlertXMLAssigned>false</AlertXMLAssigned></ContextItem></Actions><ReaderRoles>SAP_XMII_Super_Administrator,SAP_XMII_Administrator,SAP_XMII_Developer,SAP_XMII_User</ReaderRoles><Steps><Step xsi:type="ActionSequence"><Name>Sequence_20</Name><Description/><Steps><Step xsi:type="ActionSequence"><Name>Sequence_24</Name><Description/><Steps><Step xsi:type="ActionSequence"><Name>Sequence_1</Name><Description/><Steps><Step xsi:type="ActionSequence"><Name>Sequence_17</Name><Description/><Steps><Step xsi:type="Conditional"><Name>Sequence_21</Name><Description/><Steps><Step xsi:type="ActionSequence"><Name>Sequence_0</Name><Description/><Steps><Step xsi:type="Conditional"><Name>Sequence_8</Name><Description/><Steps><Step xsi:type="Repeater"><Name>Sequence_4</Name><Description/><Steps><Step xsi:type="Conditional"><Name>Sequence_5</Name><Description/><Steps><Step xsi:type="ActionSequence"><Name>Sequence_6</Name><Description/><Steps><Step xsi:type="Conditional"><Name>Sequence_11</Name><Description/><Steps><Step xsi:type="ActionSequence"><Name>Sequence_7</Name><Description/><Steps><Step xsi:type="ActionSequence"><Name>Sequence_27</Name><Description/><Steps><Step xsi:type="ActionSequence"><Name>Sequence_29</Name><Description/><Steps><Step xsi:type="ActionSequence"><Name>Sequence_30</Name><Description/><Steps><Step xsi:type="ActionSequence"><Name>Sequence_31</Name><Description/><Steps><Step xsi:type="Conditional"><Name>Sequence_12</Name><Description/><Steps><Step xsi:type="ActionSequence"><Name>Sequence_18</Name><Description/><Steps><Step xsi:type="ActionSequence"><Name>Sequence_15</Name><Description/><Steps><Step xsi:type="Conditional"><Name>Sequence_16</Name><Description/><Steps><Step xsi:type="ActionSequence"><Name>Sequence_13</Name><Description/><Steps/><Actions><Action><Name>ShowGR</Name><Description> </Description><IncomingLinks><Assign xsi:type="Assign"><Name/><Description/><To>ShowGR.Message</To><From>GOODSMVT_CREATE.Response</From></Assign></IncomingLinks><OutgoingLinks/></Action></Actions></Step></Steps><Actions><Action><Name>debug_1</Name><Description> </Description><IncomingLinks><Assign xsi:type="Assign"><Name/><Description/><To>debug_1.Input1</To><From>Local.debug</From></Assign></IncomingLinks><OutgoingLinks/></Action></Actions></Step></Steps><Actions><Action><Name>ShowComplete</Name><Description> </Description><IncomingLinks><Assign xsi:type="Assign"><Name/><Description/><To>ShowComplete.Message</To><From>" &gt;&gt; GR OK - MAT DOC: " &amp; GOODSMVT_CREATE.Response{/BAPI_GOODSMVT_CREATE/OUTPUT/MATERIALDOCUMENT} &amp; " -- " &amp; GOODSMVT_CREATE.Response{/BAPI_GOODSMVT_CREATE/OUTPUT/MATDOCUMENTYEAR}</From></Assign></IncomingLinks><OutgoingLinks/></Action></Actions></Step></Steps><Actions><Action><Name>Row_OK</Name><Description> </Description><IncomingLinks><Assign xsi:type="Assign"><Name/><Description/><To>Row_OK.STATUS</To><From>"1"</From></Assign><Assign xsi:type="Assign"><Name/><Description/><To>Row_OK.MATDOCNO</To><From>GOODSMVT_CREATE.Response{/BAPI_GOODSMVT_CREATE/OUTPUT/GOODSMVT_HEADRET/MAT_DOC} &amp; " -- " &amp; GOODSMVT_CREATE.Response{/BAPI_GOODSMVT_CREATE/OUTPUT/GOODSMVT_HEADRET/DOC_YEAR} </From></Assign><Assign xsi:type="Assign"><Name/><Description/><To>Row_OK.CONFNUMBER</To><From>Transaction.CONF_NO</From></Assign><Assign xsi:type="Assign"><Name/><Description/><To>Row_OK.CONFCOUNTER</To><From>Transaction.CONF_CNT</From></Assign><Assign xsi:type="Assign"><Name/><Description/><To>Row_OK.ECCRESPONSETYPE</To><From>GOODSMVT_CREATE.Response{/BAPI_GOODSMVT_CREATE/TABLES/RETURN/item/TYPE}</From></Assign><Assign xsi:type="Assign"><Name/><Description/><To>Row_OK.ECCRESPONSEMESSAGE</To><From>GOODSMVT_CREATE.Response{/BAPI_GOODSMVT_CREATE/TABLES/RETURN/item/MESSAGE}</From></Assign></IncomingLinks><OutgoingLinks/></Action></Actions></Step><Step xsi:type="ActionSequence"><Name>Sequence_23</Name><Description/><Steps><Step xsi:type="ActionSequence"><Name>Sequence_14</Name><Description/><Steps/><Actions><Action><Name>ShowGRMsg</Name><Description> </Description><IncomingLinks><Assign xsi:type="Assign"><Name/><Description/><To>ShowGRMsg.Message</To><From>GOODSMVT_CREATE.Response{/BAPI_GOODSMVT_CREATE/TABLES/RETURN/item/TYPE} &amp; " -- " &amp; GOODSMVT_CREATE.Response{/BAPI_GOODSMVT_CREATE/TABLES/RETURN/item/MESSAGE}</From></Assign></IncomingLinks><OutgoingLinks/></Action></Actions></Step></Steps><Actions><Action><Name>Row_ERR</Name><Description> </Description><IncomingLinks><Assign xsi:type="Assign"><Name/><Description/><To>Row_ERR.STATUS</To><From>"0"</From></Assign><Assign xsi:type="Assign"><Name/><Description/><To>Row_ERR.CONFNUMBER</To><From>Transaction.CONF_NO</From></Assign><Assign xsi:type="Assign"><Name/><Description/><To>Row_ERR.CONFCOUNTER</To><From>Transaction.CONF_CNT</From></Assign><Assign xsi:type="Assign"><Name/><Description/><To>Row_ERR.ECCRESPONSETYPE</To><From>GOODSMVT_CREATE.Response{/BAPI_GOODSMVT_CREATE/TABLES/RETURN/item/TYPE}</From></Assign><Assign xsi:type="Assign"><Name/><Description/><To>Row_ERR.ECCRESPONSEMESSAGE</To><From>GOODSMVT_CREATE.Response{/BAPI_GOODSMVT_CREATE/TABLES/RETURN/item/MESSAGE}</From></Assign><Assign xsi:type="Assign"><Name/><Description/><To>Row_ERR.MATDOCNO</To><From>GOODSMVT_CREATE.Response{/BAPI_GOODSMVT_CREATE/OUTPUT/GOODSMVT_HEADRET/MAT_DOC} &amp; " -- " &amp; GOODSMVT_CREATE.Response{/BAPI_GOODSMVT_CREATE/OUTPUT/GOODSMVT_HEADRET/DOC_YEAR}</From></Assign></IncomingLinks><OutgoingLinks/></Action></Actions></Step></Steps><Actions><Action><Name>GR_OK</Name><Description> </Description><IncomingLinks><Assign xsi:type="Assign"><Name/><Description/><To>GR_OK.Input1</To><From>stringif(GOODSMVT_CREATE.Response{/BAPI_GOODSMVT_CREATE/TABLES/RETURN/item/TYPE}!="E",1,0)</From></Assign></IncomingLinks><OutgoingLinks/></Action></Actions></Step></Steps><Actions><Action><Name>End_Session</Name><Description> </Description><IncomingLinks/><OutgoingLinks/></Action></Actions></Step></Steps><Actions><Action><Name>Commit</Name><Description> </Description><IncomingLinks/><OutgoingLinks/></Action></Actions></Step></Steps><Actions><Action><Name>GOODSMVT_CREATE</Name><Description> </Description><IncomingLinks><Assign xsi:type="Assign"><Name/><Description/><To>GOODSMVT_CREATE.Request{/BAPI_GOODSMVT_CREATE/INPUT/GOODSMVT_CODE/GM_CODE}</To><From>"02"</From></Assign><Assign xsi:type="Assign"><Name/><Description/><To>GOODSMVT_CREATE.Request{/BAPI_GOODSMVT_CREATE/INPUT/GOODSMVT_HEADER/PSTNG_DATE}</To><From>datefromxmlformat(datenow, "yyyyMMdd")</From></Assign><Assign xsi:type="Assign"><Name/><Description/><To>GOODSMVT_CREATE.Request{/BAPI_GOODSMVT_CREATE/INPUT/GOODSMVT_HEADER/DOC_DATE}</To><From>datefromxmlformat(datenow, "yyyyMMdd")</From></Assign><Assign xsi:type="Assign"><Name/><Description/><To>GOODSMVT_CREATE.Request{/BAPI_GOODSMVT_CREATE/TABLES/GOODSMVT_ITEM/item/PLANT}</To><From>getSQLOrderData.Results{/Rowsets/Rowset/Row/PRODUCTION_PLANT}</From></Assign><Assign xsi:type="Assign"><Name/><Description/><To>GOODSMVT_CREATE.Request{/BAPI_GOODSMVT_CREATE/TABLES/GOODSMVT_ITEM/item/MATERIAL}</To><From>getSQLOrderData.Results{/Rowsets/Rowset/Row/MATERIAL}</From></Assign><Assign xsi:type="Assign"><Name/><Description/><To>GOODSMVT_CREATE.Request{/BAPI_GOODSMVT_CREATE/TABLES/GOODSMVT_ITEM/item/STGE_LOC}</To><From>Local.MOVE_STOR_LOC</From></Assign><Assign xsi:type="Assign"><Name/><Description/><To>GOODSMVT_CREATE.Request{/BAPI_GOODSMVT_CREATE/TABLES/GOODSMVT_ITEM/item/BATCH}</To><From>getSQLOrderData.Results{/Rowsets/Rowset/Row/BATCH}</From></Assign><Assign xsi:type="Assign"><Name/><Description/><To>GOODSMVT_CREATE.Request{/BAPI_GOODSMVT_CREATE/TABLES/GOODSMVT_ITEM/item/MOVE_TYPE}</To><From>"101"</From></Assign><Assign xsi:type="Assign"><Name/><Description/><To>GOODSMVT_CREATE.Request{/BAPI_GOODSMVT_CREATE/TABLES/GOODSMVT_ITEM/item/ENTRY_QNT}</To><From>CONF_DETAIL.Response{/BAPI_PRODORDCONF_GETDETAIL/OUTPUT/CONF_DETAIL/YIELD}</From></Assign><Assign xsi:type="Assign"><Name/><Description/><To>GOODSMVT_CREATE.Request{/BAPI_GOODSMVT_CREATE/TABLES/GOODSMVT_ITEM/item/ENTRY_UOM}</To><From>CONF_DETAIL.Response{/BAPI_PRODORDCONF_GETDETAIL/OUTPUT/CONF_DETAIL/CONF_QUAN_UNIT}</From></Assign><Assign xsi:type="Assign"><Name/><Description/><To>GOODSMVT_CREATE.Request{/BAPI_GOODSMVT_CREATE/TABLES/GOODSMVT_ITEM/item/ENTRY_UOM_ISO}</To><From>CONF_DETAIL.Response{/BAPI_PRODORDCONF_GETDETAIL/OUTPUT/CONF_DETAIL/CONF_QUAN_UNIT_ISO}</From></Assign><Assign xsi:type="Assign"><Name/><Description/><To>GOODSMVT_CREATE.Request{/BAPI_GOODSMVT_CREATE/TABLES/GOODSMVT_ITEM/item/ORDERID}</To><From>CONF_DETAIL.Response{/BAPI_PRODORDCONF_GETDETAIL/OUTPUT/CONF_DETAIL/ORDERID}</From></Assign><Assign xsi:type="Assign"><Name/><Description/><To>GOODSMVT_CREATE.Request{/BAPI_GOODSMVT_CREATE/TABLES/GOODSMVT_ITEM/item/ORDER_ITNO}</To><From>"0001"</From></Assign><Assign xsi:type="Assign"><Name/><Description/><To>GOODSMVT_CREATE.Request{/BAPI_GOODSMVT_CREATE/TABLES/GOODSMVT_ITEM/item/MVT_IND}</To><From>"F"</From></Assign><Assign xsi:type="Assign"><Name/><Description/><To>GOODSMVT_CREATE.Request{/BAPI_GOODSMVT_CREATE/TABLES/GOODSMVT_SERIALNUMBER/item/MATDOC_ITM}</To><From>"0001"</From></Assign><Assign xsi:type="Assign"><Name/><Description/><To>GOODSMVT_CREATE.Request{/BAPI_GOODSMVT_CREATE/TABLES/GOODSMVT_SERIALNUMBER/item/SERIALNO}</To><From>CONF_DETAIL.Response{/BAPI_PRODORDCONF_GETDETAIL/OUTPUT/CONF_DETAIL/CONF_TEXT}</From></Assign></IncomingLinks><OutgoingLinks/></Action></Actions></Step></Steps><Actions><Action><Name>Start_Session</Name><Description> </Description><IncomingLinks/><OutgoingLinks/></Action></Actions></Step></Steps><Actions><Action><Name>Show101</Name><Description> </Description><IncomingLinks><Assign xsi:type="Assign"><Name/><Description/><To>Show101.Message</To><From>" &gt;&gt; Processing GR (101) for MATERIAL: " &amp; getSQLOrderData.Results{/Rowsets/Rowset/Row/MATERIAL} &amp; 
" -- SERNUM: " &amp; CONF_DETAIL.Response{/BAPI_PRODORDCONF_GETDETAIL/OUTPUT/CONF_DETAIL/CONF_TEXT} &amp; 
" -- YIELD: " &amp; CONF_DETAIL.Response{/BAPI_PRODORDCONF_GETDETAIL/OUTPUT/CONF_DETAIL/YIELD} &amp; 
" -- SCRAP: " &amp; CONF_DETAIL.Response{/BAPI_PRODORDCONF_GETDETAIL/OUTPUT/CONF_DETAIL/SCRAP} &amp; 
" -- REWORK : " &amp; CONF_DETAIL.Response{/BAPI_PRODORDCONF_GETDETAIL/OUTPUT/CONF_DETAIL/REWORK}</From></Assign></IncomingLinks><OutgoingLinks/></Action></Actions></Step><Step xsi:type="ActionSequence"><Name>Sequence_10</Name><Description/><Steps/><Actions><Action><Name>ShowDetailMsg</Name><Description> </Description><IncomingLinks><Assign xsi:type="Assign"><Name/><Description/><To>ShowDetailMsg.Message</To><From>CONF_DETAIL.Response{/BAPI_PRODORDCONF_GETDETAIL/OUTPUT/RETURN/TYPE} &amp; " -- " &amp; CONF_DETAIL.Response{/BAPI_PRODORDCONF_GETDETAIL/OUTPUT/RETURN/MESSAGE}</From></Assign></IncomingLinks><OutgoingLinks/></Action></Actions></Step></Steps><Actions><Action><Name>DETAIL_OK</Name><Description> </Description><IncomingLinks><Assign xsi:type="Assign"><Name/><Description/><To>DETAIL_OK.Input1</To><From>stringif(CONF_DETAIL.Response{/BAPI_PRODORDCONF_GETDETAIL/OUTPUT/RETURN/TYPE}!="E",1,0)</From></Assign></IncomingLinks><OutgoingLinks/></Action></Actions></Step></Steps><Actions><Action><Name>CONF_DETAIL</Name><Description> </Description><IncomingLinks><Assign xsi:type="Assign"><Name/><Description/><To>CONF_DETAIL.ConnPropAlias</To><From>Transaction.SAP_SERVER</From></Assign><Assign xsi:type="Assign"><Name/><Description/><To>CONF_DETAIL.CredentialAlias</To><From>Transaction.SAP_CREDENTIAL</From></Assign><Assign xsi:type="Assign"><Name/><Description/><To>CONF_DETAIL.Request{/BAPI_PRODORDCONF_GETDETAIL/INPUT/CONFIRMATION}</To><From>RepeatOnConf.Output{/item/CONF_NO}</From></Assign><Assign xsi:type="Assign"><Name/><Description/><To>CONF_DETAIL.Request{/BAPI_PRODORDCONF_GETDETAIL/INPUT/CONFIRMATIONCOUNTER}</To><From>RepeatOnConf.Output{/item/CONF_CNT}</From></Assign></IncomingLinks><OutgoingLinks/></Action></Actions></Step></Steps><Actions><Action><Name>ChkFilter</Name><Description> </Description><IncomingLinks><Assign xsi:type="Assign"><Name/><Description/><To>ChkFilter.Input1</To><From>stringif(Transaction.CONF_NO == RepeatOnConf.Output{/item/CONF_NO},1,0)</From></Assign><Assign xsi:type="Assign"><Name/><Description/><To>ChkFilter.Input2</To><From>stringif(Transaction.CONF_CNT == RepeatOnConf.Output{/item/CONF_CNT},1,0)</From></Assign></IncomingLinks><OutgoingLinks/></Action></Actions></Step></Steps><Actions><Action><Name>RepeatOnConf</Name><Description> </Description><IncomingLinks/><OutgoingLinks/></Action></Actions></Step><Step xsi:type="ActionSequence"><Name>Sequence_9</Name><Description/><Steps/><Actions><Action><Name>ShowGetListMsg</Name><Description> </Description><IncomingLinks><Assign xsi:type="Assign"><Name/><Description/><To>ShowGetListMsg.Message</To><From>CONF_GETLIST.Response{/BAPI_PRODORDCONF_GETLIST/OUTPUT/RETURN/TYPE} &amp; " -- " &amp; CONF_GETLIST.Response{/BAPI_PRODORDCONF_GETLIST/OUTPUT/RETURN/MESSAGE}</From></Assign></IncomingLinks><OutgoingLinks/></Action></Actions></Step></Steps><Actions><Action><Name>GETLIST_OK</Name><Description> </Description><IncomingLinks><Assign xsi:type="Assign"><Name/><Description/><To>GETLIST_OK.Input1</To><From>stringif(CONF_GETLIST.Response{/BAPI_PRODORDCONF_GETLIST/OUTPUT/RETURN/TYPE}!="E",1,0)</From></Assign></IncomingLinks><OutgoingLinks/></Action></Actions></Step></Steps><Actions><Action><Name>CONF_GETLIST</Name><Description> </Description><IncomingLinks><Assign xsi:type="Assign"><Name/><Description/><To>CONF_GETLIST.Request{/BAPI_PRODORDCONF_GETLIST/TABLES/ORDER_RANGE/item/SIGN}</To><From>"I"</From></Assign><Assign xsi:type="Assign"><Name/><Description/><To>CONF_GETLIST.Request{/BAPI_PRODORDCONF_GETLIST/TABLES/ORDER_RANGE/item/OPTION}</To><From>"EQ"</From></Assign><Assign xsi:type="Assign"><Name/><Description/><To>CONF_GETLIST.Request{/BAPI_PRODORDCONF_GETLIST/TABLES/ORDER_RANGE/item/LOW}</To><From>Transaction.ORDER_NUMBER</From></Assign><Assign xsi:type="Assign"><Name/><Description/><To>CONF_GETLIST.ConnPropAlias</To><From>Transaction.SAP_SERVER</From></Assign><Assign xsi:type="Assign"><Name/><Description/><To>CONF_GETLIST.CredentialAlias</To><From>Transaction.SAP_CREDENTIAL</From></Assign></IncomingLinks><OutgoingLinks><Assign xsi:type="AssignXml"><Name/><Description/><To>Local.RESP_CONF_LIST</To><From>CONF_GETLIST.Response</From></Assign></OutgoingLinks></Action></Actions></Step><Step xsi:type="ActionSequence"><Name>Sequence_22</Name><Description/><Steps/><Actions><Action><Name>NoRows</Name><Description> </Description><IncomingLinks><Assign xsi:type="Assign"><Name/><Description/><To>NoRows.Message</To><From>" &gt;&gt; Order " &amp; Transaction.ORDER_NUMBER &amp; " not imported from SAP .."</From></Assign></IncomingLinks><OutgoingLinks/></Action></Actions></Step></Steps><Actions><Action><Name>OrderDataOK</Name><Description> </Description><IncomingLinks><Assign xsi:type="Assign"><Name/><Description/><To>OrderDataOK.Input1</To><From>if(getSQLOrderData.Results{count(/Rowsets/Rowset/Row)} &gt;0,1,0)</From></Assign></IncomingLinks><OutgoingLinks/></Action></Actions></Step></Steps><Actions><Action><Name>getSQLOrderData</Name><Description>SQL Query</Description><IncomingLinks><Assign xsi:type="Assign"><Name/><Description/><To>getSQLOrderData.Server</To><From>Transaction.SQL_SERVER</From></Assign><Assign xsi:type="Assign"><Name/><Description/><To>getSQLOrderData.Param.1</To><From>Transaction.ORDER_NUMBER</From></Assign></IncomingLinks><OutgoingLinks/></Action></Actions></Step><Step xsi:type="Catch"><Name>Sequence_2</Name><Description/><Steps><Step xsi:type="ActionSequence"><Name>Sequence_3</Name><Description/><Steps/><Actions><Action><Name>ShowCatch_0</Name><Description> </Description><IncomingLinks><Assign xsi:type="Assign"><Name/><Description/><To>ShowCatch_0.Message</To><From>Catch_0.Message</From></Assign></IncomingLinks><OutgoingLinks/></Action></Actions></Step></Steps><Actions><Action><Name>Catch_0</Name><Description>Catches an exception</Description><IncomingLinks/><OutgoingLinks/></Action></Actions></Step></Steps><Actions><Action><Name>Exception_Enabler_0</Name><Description>Enables exceptions.</Description><IncomingLinks/><OutgoingLinks/></Action></Actions></Step><Step xsi:type="ActionSequence"><Name>Sequence_26</Name><Description/><Steps><Step xsi:type="Conditional"><Name>Sequence_25</Name><Description/><Steps><Step xsi:type="ActionSequence"><Name>Sequence_28</Name><Description/><Steps/><Actions><Action><Name>Show_XMLOUT</Name><Description> </Description><IncomingLinks><Assign xsi:type="Assign"><Name/><Description/><To>Show_XMLOUT.Message</To><From>Transaction.OutputXML</From></Assign></IncomingLinks><OutgoingLinks/></Action></Actions></Step></Steps><Actions><Action><Name>debug_2</Name><Description> </Description><IncomingLinks><Assign xsi:type="Assign"><Name/><Description/><To>debug_2.Input1</To><From>Local.debug</From></Assign></IncomingLinks><OutgoingLinks/></Action></Actions></Step></Steps><Actions><Action><Name>AssignXMLOUT</Name><Description> </Description><IncomingLinks/><OutgoingLinks><Assign xsi:type="AssignXml"><Name/><Description/><To>Transaction.OutputXML</To><From>OutputDocument.Output</From></Assign></OutgoingLinks></Action></Actions></Step></Steps><Actions><Action><Name>OutputDocument</Name><Description> </Description><IncomingLinks/><OutgoingLinks/></Action></Actions></Step></Steps><Actions><Action><Name>ShowParam</Name><Description> </Description><IncomingLinks><Assign xsi:type="Assign"><Name/><Description/><To>ShowParam.Message</To><From>" &gt;&gt; SQL: " &amp; Transaction.SQL_SERVER &amp; " -- SAP SRV: " &amp; Transaction.SAP_SERVER &amp; " -- CRED: " &amp; Transaction.SAP_CREDENTIAL &amp; "  WO: " &amp; Transaction.ORDER_NUMBER &amp; " -- CONF NO: " &amp; Transaction.CONF_NO &amp; " -- CONF CNT: " &amp; Transaction.CONF_CNT

</From></Assign></IncomingLinks><OutgoingLinks/></Action></Actions></Step></Steps></Transaction>