<?xml version="1.0" encoding="UTF-8"?><Transaction xmlns:xsd="http://www.w3.org/2001/XMLSchema" xmlns:xsi="http://www.w3.org/2001/XMLSchema-instance" Version="15.0.4.11"><TransactionAttributes><ContextItem><Name>Description</Name><Description>Transaction Description</Description><MinRange>0</MinRange><MaxRange>0</MaxRange><Value xsi:type="string"/><ReadOnly>true</ReadOnly><AlertXMLAssigned>false</AlertXMLAssigned></ContextItem><ContextItem><Name>Comments</Name><Description>User Comments</Description><MinRange>0</MinRange><MaxRange>0</MaxRange><Value xsi:type="string"/><ReadOnly>true</ReadOnly><AlertXMLAssigned>false</AlertXMLAssigned></ContextItem><ContextItem><Name>CreatedBy</Name><Description>Created By</Description><MinRange>0</MinRange><MaxRange>0</MaxRange><Value xsi:type="string">pbrenuka</Value><ReadOnly>true</ReadOnly><AlertXMLAssigned>false</AlertXMLAssigned></ContextItem><ContextItem><Name>CreationDate</Name><Description>Creation Date</Description><MinRange>0</MinRange><MaxRange>0</MaxRange><Value xsi:type="dateTime">2012-07-25T19:13:16</Value><ReadOnly>true</ReadOnly><AlertXMLAssigned>false</AlertXMLAssigned></ContextItem><ContextItem><Name>Category</Name><Description>Transaction Category</Description><MinRange>0</MinRange><MaxRange>0</MaxRange><Value xsi:type="string"/><ReadOnly>true</ReadOnly><AlertXMLAssigned>false</AlertXMLAssigned></ContextItem><ContextItem><Name>Status</Name><Description>Deployment Status</Description><MinRange>0</MinRange><MaxRange>0</MaxRange><Value xsi:type="string">DEVELOPMENT</Value><ReadOnly>true</ReadOnly><AlertXMLAssigned>false</AlertXMLAssigned></ContextItem><ContextItem><Name>LegacyProcessingMode</Name><Description>Support the pre MII 12.1 Transaction Engine.</Description><MinRange>0</MinRange><MaxRange>0</MaxRange><Value xsi:type="boolean">0</Value><ReadOnly>true</ReadOnly><AlertXMLAssigned>false</AlertXMLAssigned></ContextItem><ContextItem><Name>AutoAppendBlankNamespaces</Name><Description>AutoAppendBlankNamespaces</Description><MinRange>0</MinRange><MaxRange>0</MaxRange><Value xsi:type="boolean">1</Value><ReadOnly>true</ReadOnly><AlertXMLAssigned>false</AlertXMLAssigned></ContextItem><ContextItem><Name>ThrowOnLinkError</Name><Description>Throws an exception when a link error occures</Description><MinRange>0</MinRange><MaxRange>0</MaxRange><Value xsi:type="boolean">0</Value><ReadOnly>true</ReadOnly><AlertXMLAssigned>false</AlertXMLAssigned></ContextItem><ContextItem><Name>ThrowOnActionError</Name><Description>Throws an exception when a actionbv error occures</Description><MinRange>0</MinRange><MaxRange>0</MaxRange><Value xsi:type="boolean">1</Value><ReadOnly>true</ReadOnly><AlertXMLAssigned>false</AlertXMLAssigned></ContextItem><ContextItem><Name>LastEditedBy</Name><Description>Last Edited By</Description><MinRange>0</MinRange><MaxRange>0</MaxRange><Value xsi:type="xsd:string">RadPa</Value><ReadOnly>true</ReadOnly><AlertXMLAssigned>false</AlertXMLAssigned></ContextItem><ContextItem><Name>LastEditedDate</Name><Description>Last Edited Date</Description><MinRange>0</MinRange><MaxRange>0</MaxRange><Value xsi:type="xsd:dateTime">2016-07-20T15:10:21</Value><ReadOnly>true</ReadOnly><AlertXMLAssigned>false</AlertXMLAssigned></ContextItem><ContextItem><Name>FormatXMLOnConversion</Name><Description>By default XML will be formatted when assigned from XML data type to String data type. This behaviour can be changed with this flag.</Description><MinRange>0</MinRange><MaxRange>0</MaxRange><Value xsi:type="boolean">1</Value><ReadOnly>true</ReadOnly><AlertXMLAssigned>false</AlertXMLAssigned></ContextItem></TransactionAttributes><Name>MESM/ORDERS_CNF/TRANSACTIONS/postHUtoECC</Name><Version>194</Version><WriterRoles>SAP_XMII_Super_Administrator,SAP_XMII_Administrator,SAP_XMII_Developer</WriterRoles><Context><ContextItem><Name>BATCH</Name><Description/><MinRange>0</MinRange><MaxRange>0</MaxRange><Value xsi:type="string">A</Value><ReadOnly>false</ReadOnly><AlertXMLAssigned>false</AlertXMLAssigned></ContextItem><ContextItem><Name>CONFTEXT</Name><Description/><MinRange>0</MinRange><MaxRange>0</MaxRange><Value xsi:type="string">72214AA-0003</Value><ReadOnly>false</ReadOnly><AlertXMLAssigned>false</AlertXMLAssigned></ContextItem><ContextItem><Name>MATERIAL</Name><Description/><MinRange>0</MinRange><MaxRange>0</MaxRange><Value xsi:type="string">10041450A</Value><ReadOnly>false</ReadOnly><AlertXMLAssigned>false</AlertXMLAssigned></ContextItem><ContextItem><Name>ORDERNUMBER</Name><Description/><MinRange>0</MinRange><MaxRange>0</MaxRange><Value xsi:type="string">800124</Value><ReadOnly>false</ReadOnly><AlertXMLAssigned>false</AlertXMLAssigned></ContextItem><ContextItem><Name>OutputXML</Name><Description/><MinRange>0</MinRange><MaxRange>0</MaxRange><Value xsi:type="xml"><ReferenceDocumentSource/>&lt;?xml version="1.0" encoding="UTF-8"?&gt;&lt;Rowsets DateCreated="2016-07-12T17:00:37" EndDate="2012-07-25T19:48:56" StartDate="2012-07-25T19:48:56" Version="15.0 SP4 Patch 11 (28-Aug-2015)"&gt;&#13;
    &lt;Rowset&gt;&#13;
        &lt;Columns&gt;&#13;
            &lt;Column Description="0 - Failed, 1 - Success, -1 - Exception, -2 - SAP Connection Down" MaxRange="1" MinRange="0" Name="STATUS" SQLDataType="1" SourceColumn="STATUS"/&gt;&#13;
            &lt;Column Description="" MaxRange="1" MinRange="0" Name="ECCRESPONSETYPE" SQLDataType="1" SourceColumn="ECCRESPONSETYPE"/&gt;&#13;
            &lt;Column Description="" MaxRange="1" MinRange="0" Name="ECCRESPONSEMESSAGE" SQLDataType="1" SourceColumn="ECCRESPONSEMESSAGE"/&gt;&#13;
            &lt;Column Description="" MaxRange="1" MinRange="0" Name="OUTPUTMESSAGE" SQLDataType="1" SourceColumn="OUTPUTMESSAGE"/&gt;&#13;
            &lt;Column Description="" MaxRange="1" MinRange="0" Name="CONFNUMBER" SQLDataType="1" SourceColumn="CONFNUMBER"/&gt;&#13;
            &lt;Column Description="" MaxRange="1" MinRange="0" Name="CONFCOUNTER" SQLDataType="1" SourceColumn="CONFCOUNTER"/&gt;&#13;
        &lt;/Columns&gt;&#13;
        &lt;Row&gt;&#13;
            &lt;STATUS/&gt;&#13;
            &lt;ECCRESPONSETYPE/&gt;&#13;
            &lt;ECCRESPONSEMESSAGE/&gt;&#13;
            &lt;OUTPUTMESSAGE/&gt;&#13;
            &lt;CONFNUMBER/&gt;&#13;
            &lt;CONFCOUNTER/&gt;&#13;
        &lt;/Row&gt;&#13;
    &lt;/Rowset&gt;&#13;
&lt;/Rowsets&gt;</Value><SchemaURI/><SchemaElement/><ValidateXMLOnExecution>1</ValidateXMLOnExecution><ReadOnly>true</ReadOnly><AlertXMLAssigned>false</AlertXMLAssigned></ContextItem><ContextItem><Name>PRODPLANT</Name><Description/><MinRange>0</MinRange><MaxRange>0</MaxRange><Value xsi:type="string">3602</Value><ReadOnly>false</ReadOnly><AlertXMLAssigned>false</AlertXMLAssigned></ContextItem><ContextItem><Name>SAP_CREDENTIAL</Name><Description/><MinRange>0</MinRange><MaxRange>0</MaxRange><Value xsi:type="string">SAP</Value><ReadOnly>false</ReadOnly><AlertXMLAssigned>false</AlertXMLAssigned></ContextItem><ContextItem><Name>SAP_SERVER</Name><Description/><MinRange>0</MinRange><MaxRange>0</MaxRange><Value xsi:type="string">SAP</Value><ReadOnly>false</ReadOnly><AlertXMLAssigned>false</AlertXMLAssigned></ContextItem><ContextItem><Name>WORKCENTER</Name><Description/><MinRange>0</MinRange><MaxRange>0</MaxRange><Value xsi:type="string">VWFINAL</Value><ReadOnly>false</ReadOnly><AlertXMLAssigned>false</AlertXMLAssigned></ContextItem><ContextItem><Name>YIELDQTY</Name><Description/><MinRange>0</MinRange><MaxRange>0</MaxRange><Value xsi:type="string">1</Value><ReadOnly>false</ReadOnly><AlertXMLAssigned>false</AlertXMLAssigned></ContextItem></Context><Local><ContextItem><Name>debug</Name><Description/><MinRange>0</MinRange><MaxRange>0</MaxRange><Value xsi:type="string">0</Value><ReadOnly>false</ReadOnly><AlertXMLAssigned>false</AlertXMLAssigned></ContextItem></Local><Layout><GUILayoutItem><Name>Sequence</Name><X>296</X><Y>280</Y><Width>120</Width><SpacingWidth>696</SpacingWidth><DescendantWidth>696</DescendantWidth><Height>96</Height></GUILayoutItem><GUILayoutItem><Name>Sequence_0</Name><X>224</X><Y>416</Y><Width>120</Width><SpacingWidth>552</SpacingWidth><DescendantWidth>552</DescendantWidth><Height>96</Height></GUILayoutItem><GUILayoutItem><Name>Exception_Enabler_0</Name><X>304</X><Y>296</Y><Width>104</Width><SpacingWidth>0</SpacingWidth><DescendantWidth>0</DescendantWidth><Height>72</Height></GUILayoutItem><GUILayoutItem><Name>Sequence_1</Name><X>584</X><Y>416</Y><Width>120</Width><SpacingWidth>120</SpacingWidth><DescendantWidth>120</DescendantWidth><Height>96</Height></GUILayoutItem><GUILayoutItem><Name>Catch_0</Name><X>592</X><Y>432</Y><Width>104</Width><SpacingWidth>0</SpacingWidth><DescendantWidth>0</DescendantWidth><Height>72</Height></GUILayoutItem><GUILayoutItem><Name>Start_Session_0</Name><X>232</X><Y>432</Y><Width>104</Width><SpacingWidth>0</SpacingWidth><DescendantWidth>0</DescendantWidth><Height>72</Height></GUILayoutItem><GUILayoutItem><Name>Sequence_2</Name><X>224</X><Y>688</Y><Width>120</Width><SpacingWidth>552</SpacingWidth><DescendantWidth>552</DescendantWidth><Height>96</Height></GUILayoutItem><GUILayoutItem><Name>Exception_Enabler_1</Name><X>232</X><Y>704</Y><Width>104</Width><SpacingWidth>0</SpacingWidth><DescendantWidth>0</DescendantWidth><Height>72</Height></GUILayoutItem><GUILayoutItem><Name>Sequence_4</Name><X>440</X><Y>824</Y><Width>120</Width><SpacingWidth>120</SpacingWidth><DescendantWidth>120</DescendantWidth><Height>96</Height></GUILayoutItem><GUILayoutItem><Name>Catch_1</Name><X>448</X><Y>840</Y><Width>104</Width><SpacingWidth>0</SpacingWidth><DescendantWidth>0</DescendantWidth><Height>72</Height></GUILayoutItem><GUILayoutItem><Name>Sequence_5</Name><X>152</X><Y>824</Y><Width>120</Width><SpacingWidth>408</SpacingWidth><DescendantWidth>408</DescendantWidth><Height>96</Height></GUILayoutItem><GUILayoutItem><Name>Sequence_6</Name><X>584</X><Y>552</Y><Width>120</Width><SpacingWidth>120</SpacingWidth><DescendantWidth>0</DescendantWidth><Height>96</Height></GUILayoutItem><GUILayoutItem><Name>format_input</Name><X>160</X><Y>840</Y><Width>104</Width><SpacingWidth>0</SpacingWidth><DescendantWidth>0</DescendantWidth><Height>72</Height></GUILayoutItem><GUILayoutItem><Name>Sequence_7</Name><X>80</X><Y>960</Y><Width>120</Width><SpacingWidth>264</SpacingWidth><DescendantWidth>264</DescendantWidth><Height>96</Height></GUILayoutItem><GUILayoutItem><Name>BAPI_HU_CREATE</Name><X>88</X><Y>976</Y><Width>104</Width><SpacingWidth>0</SpacingWidth><DescendantWidth>0</DescendantWidth><Height>72</Height></GUILayoutItem><GUILayoutItem><Name>Sequence_19</Name><X>440</X><Y>1096</Y><Width>120</Width><SpacingWidth>120</SpacingWidth><DescendantWidth>0</DescendantWidth><Height>96</Height></GUILayoutItem><GUILayoutItem><Name>Row_3</Name><X>448</X><Y>1112</Y><Width>104</Width><SpacingWidth>0</SpacingWidth><DescendantWidth>0</DescendantWidth><Height>72</Height></GUILayoutItem><GUILayoutItem><Name>Row_4</Name><X>592</X><Y>568</Y><Width>104</Width><SpacingWidth>0</SpacingWidth><DescendantWidth>0</DescendantWidth><Height>72</Height></GUILayoutItem><GUILayoutItem><Name>Sequence_24</Name><X>440</X><Y>960</Y><Width>120</Width><SpacingWidth>120</SpacingWidth><DescendantWidth>120</DescendantWidth><Height>96</Height></GUILayoutItem><GUILayoutItem><Name>End_Session_2</Name><X>448</X><Y>976</Y><Width>104</Width><SpacingWidth>0</SpacingWidth><DescendantWidth>0</DescendantWidth><Height>72</Height></GUILayoutItem><GUILayoutItem><Name>Sequence_25</Name><X>368</X><Y>144</Y><Width>120</Width><SpacingWidth>840</SpacingWidth><DescendantWidth>840</DescendantWidth><Height>96</Height></GUILayoutItem><GUILayoutItem><Name>OutputDocument</Name><X>376</X><Y>160</Y><Width>104</Width><SpacingWidth>0</SpacingWidth><DescendantWidth>0</DescendantWidth><Height>72</Height></GUILayoutItem><GUILayoutItem><Name>Sequence_3</Name><X>296</X><Y>960</Y><Width>120</Width><SpacingWidth>120</SpacingWidth><DescendantWidth>0</DescendantWidth><Height>96</Height></GUILayoutItem><GUILayoutItem><Name>End_Session_1</Name><X>304</X><Y>976</Y><Width>104</Width><SpacingWidth>0</SpacingWidth><DescendantWidth>0</DescendantWidth><Height>72</Height></GUILayoutItem><GUILayoutItem><Name>Sequence_26</Name><X>728</X><Y>280</Y><Width>120</Width><SpacingWidth>120</SpacingWidth><DescendantWidth>120</DescendantWidth><Height>96</Height></GUILayoutItem><GUILayoutItem><Name>Sequence_18</Name><X>224</X><Y>552</Y><Width>120</Width><SpacingWidth>552</SpacingWidth><DescendantWidth>552</DescendantWidth><Height>96</Height></GUILayoutItem><GUILayoutItem><Name>isECCConnectOk</Name><X>232</X><Y>568</Y><Width>104</Width><SpacingWidth>0</SpacingWidth><DescendantWidth>0</DescendantWidth><Height>72</Height></GUILayoutItem><GUILayoutItem><Name>Sequence_20</Name><X>368</X><Y>8</Y><Width>120</Width><SpacingWidth>840</SpacingWidth><DescendantWidth>840</DescendantWidth><Height>96</Height></GUILayoutItem><GUILayoutItem><Name>ShowParam</Name><X>376</X><Y>24</Y><Width>104</Width><SpacingWidth>0</SpacingWidth><DescendantWidth>0</DescendantWidth><Height>72</Height></GUILayoutItem><GUILayoutItem><Name>Sequence_23</Name><X>728</X><Y>552</Y><Width>120</Width><SpacingWidth>120</SpacingWidth><DescendantWidth>0</DescendantWidth><Height>96</Height></GUILayoutItem><GUILayoutItem><Name>Show_XMLOUT</Name><X>736</X><Y>568</Y><Width>104</Width><SpacingWidth>0</SpacingWidth><DescendantWidth>0</DescendantWidth><Height>72</Height></GUILayoutItem><GUILayoutItem><Name>Sequence_21</Name><X>728</X><Y>416</Y><Width>120</Width><SpacingWidth>120</SpacingWidth><DescendantWidth>120</DescendantWidth><Height>96</Height></GUILayoutItem><GUILayoutItem><Name>return</Name><X>736</X><Y>432</Y><Width>104</Width><SpacingWidth>0</SpacingWidth><DescendantWidth>0</DescendantWidth><Height>72</Height></GUILayoutItem><GUILayoutItem><Name>AssignXMLOUT</Name><X>736</X><Y>296</Y><Width>104</Width><SpacingWidth>0</SpacingWidth><DescendantWidth>0</DescendantWidth><Height>72</Height></GUILayoutItem><GUILayoutItem><Name>Sequence_12</Name><X>80</X><Y>1096</Y><Width>120</Width><SpacingWidth>264</SpacingWidth><DescendantWidth>264</DescendantWidth><Height>96</Height></GUILayoutItem><GUILayoutItem><Name>HU_CREATE_ok</Name><X>88</X><Y>1112</Y><Width>104</Width><SpacingWidth>0</SpacingWidth><DescendantWidth>0</DescendantWidth><Height>72</Height></GUILayoutItem><GUILayoutItem><Name>Sequence_14</Name><X>8</X><Y>1232</Y><Width>120</Width><SpacingWidth>120</SpacingWidth><DescendantWidth>0</DescendantWidth><Height>96</Height></GUILayoutItem><GUILayoutItem><Name>Sequence_8</Name><X>152</X><Y>1232</Y><Width>120</Width><SpacingWidth>120</SpacingWidth><DescendantWidth>0</DescendantWidth><Height>96</Height></GUILayoutItem><GUILayoutItem><Name>Row_0</Name><X>160</X><Y>1248</Y><Width>104</Width><SpacingWidth>0</SpacingWidth><DescendantWidth>0</DescendantWidth><Height>72</Height></GUILayoutItem><GUILayoutItem><Name>Tracer_0</Name><X>16</X><Y>1248</Y><Width>104</Width><SpacingWidth>0</SpacingWidth><DescendantWidth>0</DescendantWidth><Height>72</Height></GUILayoutItem></Layout><Actions><ContextItem><Name>Exception_Enabler_0</Name><Description/><MinRange>0</MinRange><MaxRange>0</MaxRange><Value xsi:type="ExceptionEnabler"><EnableActionExceptions>true</EnableActionExceptions><EnableLinkExceptions>true</EnableLinkExceptions></Value><ReadOnly>false</ReadOnly><AlertXMLAssigned>false</AlertXMLAssigned></ContextItem><ContextItem><Name>Catch_0</Name><Description/><MinRange>0</MinRange><MaxRange>0</MaxRange><Value xsi:type="CatchAction"/><ReadOnly>false</ReadOnly><AlertXMLAssigned>false</AlertXMLAssigned></ContextItem><ContextItem><Name>Start_Session_0</Name><Description/><MinRange>0</MinRange><MaxRange>0</MaxRange><Value xsi:type="SAPJCOStartSession"><ConnPropAlias>SAP</ConnPropAlias><CredentialAlias>SAP</CredentialAlias><SAPServerName/><SAPClient/><SAPSystemNumber/><Language/><ConnectionPoolSize>10</ConnectionPoolSize><SAPUserName/><SAPPassword/><SAPSSO2Ticket/><PoolConnections>true</PoolConnections><LogonGroup/><ConnectionTimeout>0</ConnectionTimeout></Value><ReadOnly>false</ReadOnly><AlertXMLAssigned>false</AlertXMLAssigned></ContextItem><ContextItem><Name>Exception_Enabler_1</Name><Description/><MinRange>0</MinRange><MaxRange>0</MaxRange><Value xsi:type="ExceptionEnabler"><EnableActionExceptions>true</EnableActionExceptions><EnableLinkExceptions>true</EnableLinkExceptions></Value><ReadOnly>false</ReadOnly><AlertXMLAssigned>false</AlertXMLAssigned></ContextItem><ContextItem><Name>Catch_1</Name><Description/><MinRange>0</MinRange><MaxRange>0</MaxRange><Value xsi:type="CatchAction"/><ReadOnly>false</ReadOnly><AlertXMLAssigned>false</AlertXMLAssigned></ContextItem><ContextItem><Name>format_input</Name><Description/><MinRange>0</MinRange><MaxRange>0</MaxRange><Value xsi:type="TransactionCall"><ResetState>true</ResetState><TransactionName>MESM/ORDERS_CNF/TRANSACTIONS/format_input</TransactionName><Async>false</Async><Persist>INHERIT</Persist><LogLevel>INHERIT</LogLevel><LogType>INHERIT</LogType><StoreTransactionOutput>false</StoreTransactionOutput><Expiration>-1</Expiration><OPERATIONNUMBER/><ORDERNUMBER/><SOITEMNUMBER/><BATCHNUMBER/><PLANTID/><SEQUENCENUMBER/><MATERIALNUMBER/><CONFNUMBER/><OPERNR/><SONUMBER/></Value><ReadOnly>false</ReadOnly><AlertXMLAssigned>false</AlertXMLAssigned></ContextItem><ContextItem><Name>BAPI_HU_CREATE</Name><Description/><MinRange>0</MinRange><MaxRange>0</MaxRange><Value xsi:type="SAPJCOFunction"><SourceSession>Start_Session_0</SourceSession><Request><ReferenceDocumentSource/>&lt;?xml version="1.0" encoding="UTF-8"?&gt;&lt;BAPI_HU_CREATE&gt;&lt;INPUT&gt;&lt;HEADERPROPOSAL&gt;&lt;HU_STATUS_INIT/&gt;&lt;PACK_MAT/&gt;&lt;PACK_MAT_CUSTOMER/&gt;&lt;HU_EXID/&gt;&lt;HU_EXID_TYPE/&gt;&lt;TOTAL_WGHT/&gt;&lt;LOAD_WGHT/&gt;&lt;TARE_WGHT/&gt;&lt;UNIT_OF_WT_ISO/&gt;&lt;UNIT_OF_WT/&gt;&lt;ALLOWED_WGHT/&gt;&lt;MAX_UNIT_OF_WGHT_ISO/&gt;&lt;MAX_UNIT_OF_WGHT/&gt;&lt;WGHT_VOL_FIX/&gt;&lt;TOTAL_VOL/&gt;&lt;LOAD_VOL/&gt;&lt;TARE_VOL/&gt;&lt;VOLUMEUNIT_ISO/&gt;&lt;VOLUMEUNIT/&gt;&lt;ALLOWED_VOL/&gt;&lt;MAX_VOL_UNIT_ISO/&gt;&lt;MAX_VOL_UNIT/&gt;&lt;WGHT_TOL_HU/&gt;&lt;LENGTH/&gt;&lt;WIDTH/&gt;&lt;HEIGHT/&gt;&lt;UNIT_DIM_ISO/&gt;&lt;UNIT_DIM/&gt;&lt;VOL_TOL_HU/&gt;&lt;HU_GRP1/&gt;&lt;HU_GRP2/&gt;&lt;HU_GRP3/&gt;&lt;HU_GRP4/&gt;&lt;HU_GRP5/&gt;&lt;EXT_ID_HU_2/&gt;&lt;CONTENT/&gt;&lt;PLANT/&gt;&lt;STGE_LOC/&gt;&lt;SORT_FLD/&gt;&lt;PACKG_INSTRUCT/&gt;&lt;L_PACKG_STATUS_HU/&gt;&lt;FLAG_NO_EXT_LABLE/&gt;&lt;PERMISS_WORKLOAD/&gt;&lt;LGTH_LOAD/&gt;&lt;LGTH_LOAD_UNIT_ISO/&gt;&lt;LGTH_LOAD_UNIT/&gt;&lt;TRAVEL_TIME/&gt;&lt;TRAVEL_TIME_UNIT_ISO/&gt;&lt;TRAVEL_TIME_UNIT/&gt;&lt;DISTANCE/&gt;&lt;UNIT_OF_DIST_ISO/&gt;&lt;UNIT_OF_DIST/&gt;&lt;CNTRY_SHP_MAT_ISO/&gt;&lt;CNTRY_SHP_MAT/&gt;&lt;NATIONALITY_DRIVER_ISO/&gt;&lt;NATIONALITY_DRIVER/&gt;&lt;NAME_DRIVER/&gt;&lt;NAME_CO_DRIVER/&gt;&lt;PACK_MAT_EXTERNAL/&gt;&lt;PACK_MAT_GUID/&gt;&lt;PACK_MAT_VERSION/&gt;&lt;/HEADERPROPOSAL&gt;&lt;/INPUT&gt;&lt;TABLES&gt;&lt;HUITEM&gt;&lt;item&gt;&lt;CLIENT/&gt;&lt;HU_ITEM_NUMBER/&gt;&lt;HU_ITEM_TYPE/&gt;&lt;OBJECT_DOC/&gt;&lt;OBJ_ITEM_NUMBER/&gt;&lt;PACK_QTY/&gt;&lt;PACK_QTY_FLOAT/&gt;&lt;BASE_UNIT_QTY_ISO/&gt;&lt;BASE_UNIT_QTY/&gt;&lt;ALT_UNIT_QTY_ISO/&gt;&lt;LOWER_LEVEL_EXID/&gt;&lt;ALT_UNIT_QTY/&gt;&lt;NUMBER_PACK_MAT/&gt;&lt;FLAG_SUPLMT_ITEM/&gt;&lt;MATERIAL/&gt;&lt;BATCH/&gt;&lt;PLANT/&gt;&lt;STGE_LOC/&gt;&lt;INT_OBJ_NO/&gt;&lt;STOCK_CAT/&gt;&lt;SPEC_STOCK/&gt;&lt;SP_STCK_NO/&gt;&lt;INSPLOT/&gt;&lt;NO_OF_SERIAL_NUMBERS/&gt;&lt;SERNO_PROF/&gt;&lt;ITEM_CATEG/&gt;&lt;MATERIAL_PARTNER/&gt;&lt;PACK_MAT_TYPE/&gt;&lt;PACK_MAT_NAME/&gt;&lt;EXPIRYDATE/&gt;&lt;GR_DATE/&gt;&lt;HU_EXID/&gt;&lt;MATERIAL_EXTERNAL/&gt;&lt;MATERIAL_GUID/&gt;&lt;MATERIAL_VERSION/&gt;&lt;/item&gt;&lt;/HUITEM&gt;&lt;ITEMSPROPOSAL&gt;&lt;item&gt;&lt;HU_ITEM_TYPE/&gt;&lt;LOWER_LEVEL_EXID/&gt;&lt;PACK_QTY/&gt;&lt;BASE_UNIT_QTY_ISO/&gt;&lt;BASE_UNIT_QTY/&gt;&lt;NUMBER_PACK_MAT/&gt;&lt;FLAG_SUPLMT_ITEM/&gt;&lt;MATERIAL/&gt;&lt;BATCH/&gt;&lt;PLANT/&gt;&lt;STGE_LOC/&gt;&lt;STOCK_CAT/&gt;&lt;SPEC_STOCK/&gt;&lt;SP_STCK_NO/&gt;&lt;NO_OF_SERIAL_NUMBERS/&gt;&lt;MATERIAL_PARTNER/&gt;&lt;EXPIRYDATE/&gt;&lt;GR_DATE/&gt;&lt;MATERIAL_EXTERNAL/&gt;&lt;MATERIAL_GUID/&gt;&lt;MATERIAL_VERSION/&gt;&lt;/item&gt;&lt;/ITEMSPROPOSAL&gt;&lt;ITEMSSERIALNO&gt;&lt;item&gt;&lt;ROW_INDEX/&gt;&lt;SERIALNO/&gt;&lt;UII/&gt;&lt;/item&gt;&lt;/ITEMSSERIALNO&gt;&lt;RETURN&gt;&lt;item&gt;&lt;TYPE/&gt;&lt;ID/&gt;&lt;NUMBER/&gt;&lt;MESSAGE/&gt;&lt;LOG_NO/&gt;&lt;LOG_MSG_NO/&gt;&lt;MESSAGE_V1/&gt;&lt;MESSAGE_V2/&gt;&lt;MESSAGE_V3/&gt;&lt;MESSAGE_V4/&gt;&lt;PARAMETER/&gt;&lt;ROW/&gt;&lt;FIELD/&gt;&lt;SYSTEM/&gt;&lt;/item&gt;&lt;/RETURN&gt;&lt;/TABLES&gt;&lt;/BAPI_HU_CREATE&gt;</Request><Response><ReferenceDocumentSource/>&lt;?xml version="1.0" encoding="UTF-8"?&gt;&lt;BAPI_HU_CREATE&gt;&lt;OUTPUT&gt;&lt;HUHEADER&gt;&lt;CLIENT/&gt;&lt;HU_ID/&gt;&lt;HU_EXID/&gt;&lt;HU_EXID_TYPE/&gt;&lt;SHIP_POINT/&gt;&lt;LOADING_POINT/&gt;&lt;TOTAL_WGHT/&gt;&lt;LOAD_WGHT/&gt;&lt;TARE_WGHT/&gt;&lt;UNIT_OF_WT_ISO/&gt;&lt;UNIT_OF_WT/&gt;&lt;ALLOWED_WGHT/&gt;&lt;MAX_UNIT_OF_WGHT_ISO/&gt;&lt;MAX_UNIT_OF_WGHT/&gt;&lt;TOTAL_VOL/&gt;&lt;LOAD_VOL/&gt;&lt;TARE_VOL/&gt;&lt;VOLUMEUNIT_ISO/&gt;&lt;VOLUMEUNIT/&gt;&lt;ALLOWED_VOL/&gt;&lt;MAX_VOL_UNIT_ISO/&gt;&lt;MAX_VOL_UNIT/&gt;&lt;NO_SIMILAR_PACK_MAT/&gt;&lt;CREATED_BY/&gt;&lt;CREATED_DATE/&gt;&lt;CREATED_TIME/&gt;&lt;CHANGED_BY/&gt;&lt;CHANGED_DATE/&gt;&lt;CHANGED_TIME/&gt;&lt;SORT_FLD/&gt;&lt;HU_GRP1/&gt;&lt;HU_GRP2/&gt;&lt;HU_GRP3/&gt;&lt;HU_GRP4/&gt;&lt;HU_GRP5/&gt;&lt;PACK_MAT/&gt;&lt;LENGHT/&gt;&lt;WIDTH/&gt;&lt;HEIGHT/&gt;&lt;UNIT_DIM_ISO/&gt;&lt;UNIT_DIM/&gt;&lt;STATUS_OBSOLET/&gt;&lt;WGHT_TOL_HU/&gt;&lt;VOL_TOL_HU/&gt;&lt;BASE_UOM_ISO/&gt;&lt;BASE_UOM/&gt;&lt;CONTENT/&gt;&lt;PACK_MAT_TYPE/&gt;&lt;MAT_GRP_SM/&gt;&lt;PLANT/&gt;&lt;ITEM_CATEG/&gt;&lt;SALESORG/&gt;&lt;DC_CUSTOM_MAT/&gt;&lt;LGTH_LOAD/&gt;&lt;LGTH_LOAD_UNIT_ISO/&gt;&lt;LGTH_LOAD_UNIT/&gt;&lt;TRAVEL_TIME/&gt;&lt;TRAVEL_TIME_UNIT_ISO/&gt;&lt;TRAVEL_TIME_UNIT/&gt;&lt;DISTANCE/&gt;&lt;UNIT_OF_DIST_ISO/&gt;&lt;UNIT_OF_DIST/&gt;&lt;STGE_LOC/&gt;&lt;WGHT_VOL_FIX/&gt;&lt;PACK_MAT_CAT/&gt;&lt;EXT_ID_HU_2/&gt;&lt;CNTRY_SHP_MAT_ISO/&gt;&lt;CNTRY_SHP_MAT/&gt;&lt;NATIONALITY_DRIVER_ISO/&gt;&lt;NATIONALITY_DRIVER/&gt;&lt;NAME_DRIVER/&gt;&lt;NAME_CO_DRIVER/&gt;&lt;PACK_MAT_CUSTOMER/&gt;&lt;PACK_MAT_OBJECT/&gt;&lt;PACK_MAT_OBJ_KEY/&gt;&lt;HANDLE/&gt;&lt;CONTAINER_STAT/&gt;&lt;WAREHOUSE_NUMBER/&gt;&lt;CLOSED_BOX/&gt;&lt;FLAG_PACKG_LV_DANG_GOODS/&gt;&lt;FLAG_PACKG_LV_PRINT/&gt;&lt;HIGHER_LEVEL_HU/&gt;&lt;PACKG_INSTRUCT/&gt;&lt;L_PACKG_STATUS_HU/&gt;&lt;FLAG_NO_EXT_LABLE/&gt;&lt;PERMISS_WORKLOAD/&gt;&lt;HU_STOR_LOC/&gt;&lt;PACK_MAT_NAME/&gt;&lt;PACK_MAT_EXTERNAL/&gt;&lt;PACK_MAT_GUID/&gt;&lt;PACK_MAT_VERSION/&gt;&lt;/HUHEADER&gt;&lt;HUKEY/&gt;&lt;/OUTPUT&gt;&lt;TABLES&gt;&lt;HUITEM&gt;&lt;item&gt;&lt;CLIENT/&gt;&lt;HU_ITEM_NUMBER/&gt;&lt;HU_ITEM_TYPE/&gt;&lt;OBJECT_DOC/&gt;&lt;OBJ_ITEM_NUMBER/&gt;&lt;PACK_QTY/&gt;&lt;PACK_QTY_FLOAT/&gt;&lt;BASE_UNIT_QTY_ISO/&gt;&lt;BASE_UNIT_QTY/&gt;&lt;ALT_UNIT_QTY_ISO/&gt;&lt;LOWER_LEVEL_EXID/&gt;&lt;ALT_UNIT_QTY/&gt;&lt;NUMBER_PACK_MAT/&gt;&lt;FLAG_SUPLMT_ITEM/&gt;&lt;MATERIAL/&gt;&lt;BATCH/&gt;&lt;PLANT/&gt;&lt;STGE_LOC/&gt;&lt;INT_OBJ_NO/&gt;&lt;STOCK_CAT/&gt;&lt;SPEC_STOCK/&gt;&lt;SP_STCK_NO/&gt;&lt;INSPLOT/&gt;&lt;NO_OF_SERIAL_NUMBERS/&gt;&lt;SERNO_PROF/&gt;&lt;ITEM_CATEG/&gt;&lt;MATERIAL_PARTNER/&gt;&lt;PACK_MAT_TYPE/&gt;&lt;PACK_MAT_NAME/&gt;&lt;EXPIRYDATE/&gt;&lt;GR_DATE/&gt;&lt;HU_EXID/&gt;&lt;MATERIAL_EXTERNAL/&gt;&lt;MATERIAL_GUID/&gt;&lt;MATERIAL_VERSION/&gt;&lt;/item&gt;&lt;/HUITEM&gt;&lt;ITEMSPROPOSAL&gt;&lt;item&gt;&lt;HU_ITEM_TYPE/&gt;&lt;LOWER_LEVEL_EXID/&gt;&lt;PACK_QTY/&gt;&lt;BASE_UNIT_QTY_ISO/&gt;&lt;BASE_UNIT_QTY/&gt;&lt;NUMBER_PACK_MAT/&gt;&lt;FLAG_SUPLMT_ITEM/&gt;&lt;MATERIAL/&gt;&lt;BATCH/&gt;&lt;PLANT/&gt;&lt;STGE_LOC/&gt;&lt;STOCK_CAT/&gt;&lt;SPEC_STOCK/&gt;&lt;SP_STCK_NO/&gt;&lt;NO_OF_SERIAL_NUMBERS/&gt;&lt;MATERIAL_PARTNER/&gt;&lt;EXPIRYDATE/&gt;&lt;GR_DATE/&gt;&lt;MATERIAL_EXTERNAL/&gt;&lt;MATERIAL_GUID/&gt;&lt;MATERIAL_VERSION/&gt;&lt;/item&gt;&lt;/ITEMSPROPOSAL&gt;&lt;ITEMSSERIALNO&gt;&lt;item&gt;&lt;ROW_INDEX/&gt;&lt;SERIALNO/&gt;&lt;UII/&gt;&lt;/item&gt;&lt;/ITEMSSERIALNO&gt;&lt;RETURN&gt;&lt;item&gt;&lt;TYPE/&gt;&lt;ID/&gt;&lt;NUMBER/&gt;&lt;MESSAGE/&gt;&lt;LOG_NO/&gt;&lt;LOG_MSG_NO/&gt;&lt;MESSAGE_V1/&gt;&lt;MESSAGE_V2/&gt;&lt;MESSAGE_V3/&gt;&lt;MESSAGE_V4/&gt;&lt;PARAMETER/&gt;&lt;ROW/&gt;&lt;FIELD/&gt;&lt;SYSTEM/&gt;&lt;/item&gt;&lt;/RETURN&gt;&lt;/TABLES&gt;&lt;/BAPI_HU_CREATE&gt;</Response><SAPRFC>BAPI_HU_CREATE</SAPRFC><TYPERFC>0</TYPERFC><QueueName/><ExecuteFunction>true</ExecuteFunction><RecreateFunction>true</RecreateFunction><AllowMultipleRows>true</AllowMultipleRows><DaysRetention>7</DaysRetention><MaxRetryCount>5</MaxRetryCount><RetryInterval>30000</RetryInterval><ProcessingMode>1</ProcessingMode><Filter/><DataBufferComment/></Value><SchemaURI/><SchemaElement/><ValidateXMLOnExecution>1</ValidateXMLOnExecution><SchemaURI/><SchemaElement/><ValidateXMLOnExecution>1</ValidateXMLOnExecution><ReadOnly>false</ReadOnly><AlertXMLAssigned>false</AlertXMLAssigned></ContextItem><ContextItem><Name>Row_3</Name><Description/><MinRange>0</MinRange><MaxRange>0</MaxRange><Value xsi:type="IlluminatorRow"><IlluminatorDocument>OutputDocument.Output</IlluminatorDocument></Value><ReadOnly>false</ReadOnly><AlertXMLAssigned>false</AlertXMLAssigned></ContextItem><ContextItem><Name>Row_4</Name><Description/><MinRange>0</MinRange><MaxRange>0</MaxRange><Value xsi:type="IlluminatorRow"><IlluminatorDocument>OutputDocument.Output</IlluminatorDocument></Value><ReadOnly>false</ReadOnly><AlertXMLAssigned>false</AlertXMLAssigned></ContextItem><ContextItem><Name>End_Session_2</Name><Description/><MinRange>0</MinRange><MaxRange>0</MaxRange><Value xsi:type="SAPJCOEndSession"><SourceSession>SAP_JCo_Start_Session_0</SourceSession></Value><ReadOnly>false</ReadOnly><AlertXMLAssigned>false</AlertXMLAssigned></ContextItem><ContextItem><Name>OutputDocument</Name><Description/><MinRange>0</MinRange><MaxRange>0</MaxRange><Value xsi:type="IlluminatorDocument"><EndDate>2012-07-25T19:48:56</EndDate><StartDate>2012-07-25T19:48:56</StartDate><Output><ReferenceDocumentSource/>&lt;?xml version="1.0" encoding="UTF-8"?&gt;&lt;Rowsets DateCreated="2016-07-18T15:51:51" EndDate="2012-07-25T19:48:56" StartDate="2012-07-25T19:48:56" Version="15.0 SP4 Patch 11"&gt;&lt;Rowset&gt;&lt;Columns&gt;&lt;Column Description="0 - Failed, 1 - Success, -1 - Exception, -2 - SAP Connection Down" MaxRange="1" MinRange="0" Name="STATUS" SQLDataType="1" SourceColumn="STATUS"/&gt;&lt;Column Description="" MaxRange="1" MinRange="0" Name="ECCRESPONSETYPE" SQLDataType="1" SourceColumn="ECCRESPONSETYPE"/&gt;&lt;Column Description="" MaxRange="1" MinRange="0" Name="ECCRESPONSEMESSAGE" SQLDataType="1" SourceColumn="ECCRESPONSEMESSAGE"/&gt;&lt;Column Description="" MaxRange="1" MinRange="0" Name="OUTPUTMESSAGE" SQLDataType="1" SourceColumn="OUTPUTMESSAGE"/&gt;&lt;Column Description="" MaxRange="1" MinRange="0" Name="CONFNUMBER" SQLDataType="1" SourceColumn="CONFNUMBER"/&gt;&lt;Column Description="" MaxRange="1" MinRange="0" Name="CONFCOUNTER" SQLDataType="1" SourceColumn="CONFCOUNTER"/&gt;&lt;/Columns&gt;&lt;Row&gt;&lt;STATUS&gt;STRING&lt;/STATUS&gt;&lt;ECCRESPONSETYPE&gt;STRING&lt;/ECCRESPONSETYPE&gt;&lt;ECCRESPONSEMESSAGE&gt;STRING&lt;/ECCRESPONSEMESSAGE&gt;&lt;OUTPUTMESSAGE&gt;STRING&lt;/OUTPUTMESSAGE&gt;&lt;CONFNUMBER&gt;STRING&lt;/CONFNUMBER&gt;&lt;CONFCOUNTER&gt;STRING&lt;/CONFCOUNTER&gt;&lt;/Row&gt;&lt;/Rowset&gt;&lt;/Rowsets&gt;</Output><ColumnSpecifications><ContextItem><Name>STATUS</Name><Description>0 - Failed, 1 - Success, -1 - Exception, -2 - SAP Connection Down</Description><MinRange>0</MinRange><MaxRange>1</MaxRange><Value xsi:type="string">STRING</Value><ReadOnly>false</ReadOnly><AlertXMLAssigned>false</AlertXMLAssigned></ContextItem><ContextItem><Name>ECCRESPONSETYPE</Name><Description/><MinRange>0</MinRange><MaxRange>1</MaxRange><Value xsi:type="string">STRING</Value><ReadOnly>false</ReadOnly><AlertXMLAssigned>false</AlertXMLAssigned></ContextItem><ContextItem><Name>ECCRESPONSEMESSAGE</Name><Description/><MinRange>0</MinRange><MaxRange>1</MaxRange><Value xsi:type="string">STRING</Value><ReadOnly>false</ReadOnly><AlertXMLAssigned>false</AlertXMLAssigned></ContextItem><ContextItem><Name>OUTPUTMESSAGE</Name><Description/><MinRange>0</MinRange><MaxRange>1</MaxRange><Value xsi:type="string">STRING</Value><ReadOnly>false</ReadOnly><AlertXMLAssigned>false</AlertXMLAssigned></ContextItem><ContextItem><Name>CONFNUMBER</Name><Description/><MinRange>0</MinRange><MaxRange>1</MaxRange><Value xsi:type="string">STRING</Value><ReadOnly>false</ReadOnly><AlertXMLAssigned>false</AlertXMLAssigned></ContextItem><ContextItem><Name>CONFCOUNTER</Name><Description/><MinRange>0</MinRange><MaxRange>1</MaxRange><Value xsi:type="string">STRING</Value><ReadOnly>false</ReadOnly><AlertXMLAssigned>false</AlertXMLAssigned></ContextItem></ColumnSpecifications></Value><SchemaURI/><SchemaElement/><ValidateXMLOnExecution>1</ValidateXMLOnExecution><ReadOnly>false</ReadOnly><AlertXMLAssigned>false</AlertXMLAssigned></ContextItem><ContextItem><Name>End_Session_1</Name><Description/><MinRange>0</MinRange><MaxRange>0</MaxRange><Value xsi:type="SAPJCOEndSession"><SourceSession>SAP_JCo_Start_Session_0</SourceSession></Value><ReadOnly>false</ReadOnly><AlertXMLAssigned>false</AlertXMLAssigned></ContextItem><ContextItem><Name>isECCConnectOk</Name><Description/><MinRange>0</MinRange><MaxRange>0</MaxRange><Value xsi:type="ConditionalAction"><Output>false</Output><InputCount>1</InputCount><LogicalAnd>false</LogicalAnd><Input1>false</Input1></Value><ReadOnly>false</ReadOnly><AlertXMLAssigned>false</AlertXMLAssigned></ContextItem><ContextItem><Name>ShowParam</Name><Description/><MinRange>0</MinRange><MaxRange>0</MaxRange><Value xsi:type="Tracer"><Message/><Level>INFO</Level></Value><ReadOnly>false</ReadOnly><AlertXMLAssigned>false</AlertXMLAssigned></ContextItem><ContextItem><Name>Show_XMLOUT</Name><Description/><MinRange>0</MinRange><MaxRange>0</MaxRange><Value xsi:type="Tracer"><Message/><Level>INFO</Level></Value><ReadOnly>false</ReadOnly><AlertXMLAssigned>false</AlertXMLAssigned></ContextItem><ContextItem><Name>return</Name><Description/><MinRange>0</MinRange><MaxRange>0</MaxRange><Value xsi:type="Assignment"/><ReadOnly>false</ReadOnly><AlertXMLAssigned>false</AlertXMLAssigned></ContextItem><ContextItem><Name>AssignXMLOUT</Name><Description/><MinRange>0</MinRange><MaxRange>0</MaxRange><Value xsi:type="Assignment"/><ReadOnly>false</ReadOnly><AlertXMLAssigned>false</AlertXMLAssigned></ContextItem><ContextItem><Name>HU_CREATE_ok</Name><Description/><MinRange>0</MinRange><MaxRange>0</MaxRange><Value xsi:type="ConditionalAction"><Output>false</Output><InputCount>1</InputCount><LogicalAnd>false</LogicalAnd><Input1>false</Input1></Value><ReadOnly>false</ReadOnly><AlertXMLAssigned>false</AlertXMLAssigned></ContextItem><ContextItem><Name>Row_0</Name><Description/><MinRange>0</MinRange><MaxRange>0</MaxRange><Value xsi:type="IlluminatorRow"><IlluminatorDocument>OutputDocument.Output</IlluminatorDocument></Value><ReadOnly>false</ReadOnly><AlertXMLAssigned>false</AlertXMLAssigned></ContextItem><ContextItem><Name>Tracer_0</Name><Description/><MinRange>0</MinRange><MaxRange>0</MaxRange><Value xsi:type="Tracer"><Message/><Level>INFO</Level></Value><ReadOnly>false</ReadOnly><AlertXMLAssigned>false</AlertXMLAssigned></ContextItem></Actions><ReaderRoles>SAP_XMII_Super_Administrator,SAP_XMII_Administrator,SAP_XMII_Developer,SAP_XMII_User</ReaderRoles><Steps><Step xsi:type="ActionSequence"><Name>Sequence_20</Name><Description/><Steps><Step xsi:type="ActionSequence"><Name>Sequence_25</Name><Description/><Steps><Step xsi:type="ActionSequence"><Name>Sequence</Name><Description/><Steps><Step xsi:type="ActionSequence"><Name>Sequence_0</Name><Description/><Steps><Step xsi:type="Conditional"><Name>Sequence_18</Name><Description/><Steps><Step xsi:type="ActionSequence"><Name>Sequence_2</Name><Description/><Steps><Step xsi:type="ActionSequence"><Name>Sequence_5</Name><Description/><Steps><Step xsi:type="ActionSequence"><Name>Sequence_7</Name><Description/><Steps><Step xsi:type="Conditional"><Name>Sequence_12</Name><Description/><Steps><Step xsi:type="ActionSequence"><Name>Sequence_14</Name><Description/><Steps/><Actions><Action><Name>Tracer_0</Name><Description> </Description><IncomingLinks><Assign xsi:type="Assign"><Name/><Description/><To>Tracer_0.Message</To><From>BAPI_HU_CREATE.Response</From></Assign></IncomingLinks><OutgoingLinks/></Action></Actions></Step><Step xsi:type="ActionSequence"><Name>Sequence_8</Name><Description/><Steps/><Actions><Action><Name>Row_0</Name><Description> </Description><IncomingLinks><Assign xsi:type="Assign"><Name/><Description/><To>Row_0.STATUS</To><From>"0"</From></Assign><Assign xsi:type="Assign"><Name/><Description/><To>Row_0.ECCRESPONSETYPE</To><From>BAPI_HU_CREATE.Response{/BAPI_HU_CREATE/TABLES/RETURN/item/TYPE}</From></Assign><Assign xsi:type="Assign"><Name/><Description/><To>Row_0.ECCRESPONSEMESSAGE</To><From>BAPI_HU_CREATE.Response{/BAPI_HU_CREATE/TABLES/RETURN/item/MESSAGE}</From></Assign><Assign xsi:type="Assign"><Name/><Description/><To>Row_0.OUTPUTMESSAGE</To><From>BAPI_HU_CREATE.Response{/BAPI_HU_CREATE/TABLES/RETURN/item/MESSAGE_V1}</From></Assign></IncomingLinks><OutgoingLinks/></Action></Actions></Step></Steps><Actions><Action><Name>HU_CREATE_ok</Name><Description> </Description><IncomingLinks><Assign xsi:type="Assign"><Name/><Description/><To>HU_CREATE_ok.Input1</To><From>BAPI_HU_CREATE.Response{/BAPI_HU_CREATE/TABLES/RETURN/item/TYPE}!="E"</From></Assign></IncomingLinks><OutgoingLinks/></Action></Actions></Step></Steps><Actions><Action><Name>BAPI_HU_CREATE</Name><Description> </Description><IncomingLinks><Assign xsi:type="Assign"><Name/><Description/><To>BAPI_HU_CREATE.Request{/BAPI_HU_CREATE/INPUT/HEADERPROPOSAL/PLANT}</To><From>Transaction.PRODPLANT</From></Assign></IncomingLinks><OutgoingLinks/></Action></Actions></Step><Step xsi:type="ActionSequence"><Name>Sequence_3</Name><Description/><Steps/><Actions><Action><Name>End_Session_1</Name><Description> </Description><IncomingLinks/><OutgoingLinks/></Action></Actions></Step></Steps><Actions><Action><Name>format_input</Name><Description> </Description><IncomingLinks><Assign xsi:type="Assign"><Name/><Description/><To>format_input.PLANTID</To><From>Transaction.PRODPLANT</From></Assign><Assign xsi:type="Assign"><Name/><Description/><To>format_input.ORDERNUMBER</To><From>Transaction.ORDERNUMBER</From></Assign><Assign xsi:type="Assign"><Name/><Description/><To>format_input.MATERIALNUMBER</To><From>Transaction.MATERIAL</From></Assign><Assign xsi:type="Assign"><Name/><Description/><To>format_input.BATCHNUMBER</To><From>Transaction.BATCH</From></Assign></IncomingLinks><OutgoingLinks><Assign xsi:type="Assign"><Name/><Description/><To>Transaction.ORDERNUMBER</To><From>format_input.ORDERNUMBER</From></Assign><Assign xsi:type="Assign"><Name/><Description/><To>Transaction.BATCH</To><From>format_input.BATCHNUMBER</From></Assign><Assign xsi:type="Assign"><Name/><Description/><To>Transaction.PRODPLANT</To><From>format_input.PLANTID</From></Assign><Assign xsi:type="Assign"><Name/><Description/><To>Transaction.MATERIAL</To><From>format_input.MATERIALNUMBER</From></Assign></OutgoingLinks></Action></Actions></Step><Step xsi:type="Catch"><Name>Sequence_4</Name><Description/><Steps><Step xsi:type="ActionSequence"><Name>Sequence_24</Name><Description/><Steps><Step xsi:type="ActionSequence"><Name>Sequence_19</Name><Description/><Steps/><Actions><Action><Name>Row_3</Name><Description> </Description><IncomingLinks><Assign xsi:type="Assign"><Name/><Description/><To>Row_3.STATUS</To><From>"0"</From></Assign><Assign xsi:type="Assign"><Name/><Description/><To>Row_3.OUTPUTMESSAGE</To><From>Catch_1.Message</From></Assign></IncomingLinks><OutgoingLinks/></Action></Actions></Step></Steps><Actions><Action><Name>End_Session_2</Name><Description> </Description><IncomingLinks/><OutgoingLinks/></Action></Actions></Step></Steps><Actions><Action><Name>Catch_1</Name><Description>Catches an exception</Description><IncomingLinks/><OutgoingLinks/></Action></Actions></Step></Steps><Actions><Action><Name>Exception_Enabler_1</Name><Description>Enables exceptions.</Description><IncomingLinks/><OutgoingLinks/></Action></Actions></Step></Steps><Actions><Action><Name>isECCConnectOk</Name><Description> </Description><IncomingLinks><Assign xsi:type="Assign"><Name/><Description/><To>isECCConnectOk.Input1</To><From>Start_Session_0.Success</From></Assign></IncomingLinks><OutgoingLinks/></Action></Actions></Step></Steps><Actions><Action><Name>Start_Session_0</Name><Description> </Description><IncomingLinks><Assign xsi:type="Assign"><Name/><Description/><To>Start_Session_0.CredentialAlias</To><From>Transaction.SAP_CREDENTIAL</From></Assign><Assign xsi:type="Assign"><Name/><Description/><To>Start_Session_0.ConnPropAlias</To><From>Transaction.SAP_SERVER</From></Assign></IncomingLinks><OutgoingLinks/></Action></Actions></Step><Step xsi:type="Catch"><Name>Sequence_1</Name><Description/><Steps><Step xsi:type="ActionSequence"><Name>Sequence_6</Name><Description/><Steps/><Actions><Action><Name>Row_4</Name><Description> </Description><IncomingLinks><Assign xsi:type="Assign"><Name/><Description/><To>Row_4.STATUS</To><From>"0"</From></Assign><Assign xsi:type="Assign"><Name/><Description/><To>Row_4.OUTPUTMESSAGE</To><From>Catch_0.Message</From></Assign></IncomingLinks><OutgoingLinks/></Action></Actions></Step></Steps><Actions><Action><Name>Catch_0</Name><Description>Catches an exception</Description><IncomingLinks/><OutgoingLinks/></Action></Actions></Step></Steps><Actions><Action><Name>Exception_Enabler_0</Name><Description>Enables exceptions.</Description><IncomingLinks/><OutgoingLinks/></Action></Actions></Step><Step xsi:type="ActionSequence"><Name>Sequence_26</Name><Description/><Steps><Step xsi:type="ActionSequence"><Name>Sequence_21</Name><Description/><Steps><Step xsi:type="ActionSequence"><Name>Sequence_23</Name><Description/><Steps/><Actions><Action><Name>Show_XMLOUT</Name><Description> </Description><IncomingLinks><Assign xsi:type="Assign"><Name/><Description/><To>Show_XMLOUT.Message</To><From>Transaction.OutputXML</From></Assign></IncomingLinks><OutgoingLinks/></Action></Actions></Step></Steps><Actions><Action><Name>return</Name><Description> </Description><IncomingLinks/><OutgoingLinks><Assign xsi:type="AssignXml"><Name/><Description/><To>Transaction.OutputXML</To><From>stringreplace(OutputDocument.Output,"&gt;---&lt;","&gt;&lt;")</From></Assign></OutgoingLinks></Action></Actions></Step></Steps><Actions><Action><Name>AssignXMLOUT</Name><Description> </Description><IncomingLinks/><OutgoingLinks><Assign xsi:type="AssignXml"><Name/><Description/><To>Transaction.OutputXML</To><From>OutputDocument.Output</From></Assign></OutgoingLinks></Action></Actions></Step></Steps><Actions><Action><Name>OutputDocument</Name><Description> </Description><IncomingLinks/><OutgoingLinks/></Action></Actions></Step></Steps><Actions><Action><Name>ShowParam</Name><Description> </Description><IncomingLinks><Assign xsi:type="Assign"><Name/><Description/><To>ShowParam.Message</To><From>" &gt;&gt; SAP PLANT ID " &amp; Transaction.PRODPLANT &amp; " -- " &amp;
" WORK ORDER " &amp; Transaction.ORDERNUMBER &amp; " -- " &amp;
" MATERIAL " &amp; Transaction.MATERIAL &amp; " -- " &amp;
" BATCH " &amp; Transaction.BATCH &amp; " -- " &amp;
" WORKCENTER " &amp; Transaction.WORKCENTER &amp; " -- " &amp;
" YIELD " &amp; Transaction.YIELDQTY &amp; " -- " &amp;
" CONFTEXT " &amp; Transaction.CONFTEXT


</From></Assign></IncomingLinks><OutgoingLinks/></Action></Actions></Step></Steps></Transaction>