<?xml version="1.0" encoding="UTF-8"?><Transaction xmlns:xsd="http://www.w3.org/2001/XMLSchema" xmlns:xsi="http://www.w3.org/2001/XMLSchema-instance" Version="15.0.4.11"><TransactionAttributes><ContextItem><Name>Description</Name><Description>Transaction Description</Description><MinRange>0</MinRange><MaxRange>0</MaxRange><Value xsi:type="string"/><ReadOnly>true</ReadOnly><AlertXMLAssigned>false</AlertXMLAssigned></ContextItem><ContextItem><Name>Comments</Name><Description>User Comments</Description><MinRange>0</MinRange><MaxRange>0</MaxRange><Value xsi:type="string"/><ReadOnly>true</ReadOnly><AlertXMLAssigned>false</AlertXMLAssigned></ContextItem><ContextItem><Name>CreatedBy</Name><Description>Created By</Description><MinRange>0</MinRange><MaxRange>0</MaxRange><Value xsi:type="string">RadPa</Value><ReadOnly>true</ReadOnly><AlertXMLAssigned>false</AlertXMLAssigned></ContextItem><ContextItem><Name>CreationDate</Name><Description>Creation Date</Description><MinRange>0</MinRange><MaxRange>0</MaxRange><Value xsi:type="dateTime">2016-07-12T09:17:50</Value><ReadOnly>true</ReadOnly><AlertXMLAssigned>false</AlertXMLAssigned></ContextItem><ContextItem><Name>Category</Name><Description>Transaction Category</Description><MinRange>0</MinRange><MaxRange>0</MaxRange><Value xsi:type="string"/><ReadOnly>true</ReadOnly><AlertXMLAssigned>false</AlertXMLAssigned></ContextItem><ContextItem><Name>Status</Name><Description>Deployment Status</Description><MinRange>0</MinRange><MaxRange>0</MaxRange><Value xsi:type="string">DEVELOPMENT</Value><ReadOnly>true</ReadOnly><AlertXMLAssigned>false</AlertXMLAssigned></ContextItem><ContextItem><Name>LegacyProcessingMode</Name><Description>Support the pre MII 12.1 Transaction Engine.</Description><MinRange>0</MinRange><MaxRange>0</MaxRange><Value xsi:type="boolean">0</Value><ReadOnly>true</ReadOnly><AlertXMLAssigned>false</AlertXMLAssigned></ContextItem><ContextItem><Name>AutoAppendBlankNamespaces</Name><Description>AutoAppendBlankNamespaces</Description><MinRange>0</MinRange><MaxRange>0</MaxRange><Value xsi:type="boolean">1</Value><ReadOnly>true</ReadOnly><AlertXMLAssigned>false</AlertXMLAssigned></ContextItem><ContextItem><Name>ThrowOnLinkError</Name><Description>Throws an exception when a link error occures</Description><MinRange>0</MinRange><MaxRange>0</MaxRange><Value xsi:type="boolean">0</Value><ReadOnly>true</ReadOnly><AlertXMLAssigned>false</AlertXMLAssigned></ContextItem><ContextItem><Name>ThrowOnActionError</Name><Description>Throws an exception when an action error occurs</Description><MinRange>0</MinRange><MaxRange>0</MaxRange><Value xsi:type="boolean">1</Value><ReadOnly>true</ReadOnly><AlertXMLAssigned>false</AlertXMLAssigned></ContextItem><ContextItem><Name>FormatXMLOnConversion</Name><Description>By default XML will be formatted when assigned from XML data type to String data type. This behaviour can be changed with this flag.</Description><MinRange>0</MinRange><MaxRange>0</MaxRange><Value xsi:type="boolean">1</Value><ReadOnly>true</ReadOnly><AlertXMLAssigned>false</AlertXMLAssigned></ContextItem><ContextItem><Name>LastEditedBy</Name><Description>Last Edited By</Description><MinRange>0</MinRange><MaxRange>0</MaxRange><Value xsi:type="xsd:string">RadPa</Value><ReadOnly>true</ReadOnly><AlertXMLAssigned>false</AlertXMLAssigned></ContextItem><ContextItem><Name>LastEditedDate</Name><Description>Last Edited Date</Description><MinRange>0</MinRange><MaxRange>0</MaxRange><Value xsi:type="xsd:dateTime">2016-07-20T14:02:01</Value><ReadOnly>true</ReadOnly><AlertXMLAssigned>false</AlertXMLAssigned></ContextItem></TransactionAttributes><Name>MESM/ORDERS_CNF/TRANSACTIONS/postOrderConfECC_All</Name><Version>40</Version><WriterRoles>SAP_XMII_Super_Administrator,SAP_XMII_Administrator,SAP_XMII_Developer</WriterRoles><Context><ContextItem><Name>SAP_CREDENTIAL</Name><Description/><MinRange>0</MinRange><MaxRange>0</MaxRange><Value xsi:type="string">SAP</Value><ReadOnly>false</ReadOnly><AlertXMLAssigned>false</AlertXMLAssigned></ContextItem><ContextItem><Name>SAP_PLANT_ID</Name><Description/><MinRange>0</MinRange><MaxRange>0</MaxRange><Value xsi:type="string">3602</Value><ReadOnly>false</ReadOnly><AlertXMLAssigned>false</AlertXMLAssigned></ContextItem><ContextItem><Name>SAP_SERVER</Name><Description/><MinRange>0</MinRange><MaxRange>0</MaxRange><Value xsi:type="string">SAP</Value><ReadOnly>false</ReadOnly><AlertXMLAssigned>false</AlertXMLAssigned></ContextItem><ContextItem><Name>SQL_SERVER</Name><Description/><MinRange>0</MinRange><MaxRange>0</MaxRange><Value xsi:type="string">MESM</Value><ReadOnly>false</ReadOnly><AlertXMLAssigned>false</AlertXMLAssigned></ContextItem></Context><Local/><Layout><GUILayoutItem><Name>Sequence</Name><X>584</X><Y>8</Y><Width>120</Width><SpacingWidth>1272</SpacingWidth><DescendantWidth>1272</DescendantWidth><Height>96</Height></GUILayoutItem><GUILayoutItem><Name>ShowParam</Name><X>592</X><Y>24</Y><Width>104</Width><SpacingWidth>0</SpacingWidth><DescendantWidth>0</DescendantWidth><Height>72</Height></GUILayoutItem><GUILayoutItem><Name>Sequence_0</Name><X>584</X><Y>144</Y><Width>120</Width><SpacingWidth>1272</SpacingWidth><DescendantWidth>1272</DescendantWidth><Height>96</Height></GUILayoutItem><GUILayoutItem><Name>Sequence_1</Name><X>512</X><Y>280</Y><Width>120</Width><SpacingWidth>1128</SpacingWidth><DescendantWidth>1128</DescendantWidth><Height>96</Height></GUILayoutItem><GUILayoutItem><Name>Sequence_3</Name><X>1160</X><Y>416</Y><Width>120</Width><SpacingWidth>120</SpacingWidth><DescendantWidth>0</DescendantWidth><Height>96</Height></GUILayoutItem><GUILayoutItem><Name>Exception_Enabler_0</Name><X>592</X><Y>160</Y><Width>104</Width><SpacingWidth>0</SpacingWidth><DescendantWidth>0</DescendantWidth><Height>72</Height></GUILayoutItem><GUILayoutItem><Name>Sequence_2</Name><X>1160</X><Y>280</Y><Width>120</Width><SpacingWidth>120</SpacingWidth><DescendantWidth>120</DescendantWidth><Height>96</Height></GUILayoutItem><GUILayoutItem><Name>Catch_0</Name><X>1168</X><Y>296</Y><Width>104</Width><SpacingWidth>0</SpacingWidth><DescendantWidth>0</DescendantWidth><Height>72</Height></GUILayoutItem><GUILayoutItem><Name>ShowCatch_0</Name><X>1168</X><Y>432</Y><Width>104</Width><SpacingWidth>0</SpacingWidth><DescendantWidth>0</DescendantWidth><Height>72</Height></GUILayoutItem><GUILayoutItem><Name>getConfRowsbyPlant</Name><X>520</X><Y>296</Y><Width>104</Width><SpacingWidth>0</SpacingWidth><DescendantWidth>0</DescendantWidth><Height>72</Height></GUILayoutItem><GUILayoutItem><Name>Sequence_6</Name><X>1016</X><Y>552</Y><Width>120</Width><SpacingWidth>120</SpacingWidth><DescendantWidth>0</DescendantWidth><Height>96</Height></GUILayoutItem><GUILayoutItem><Name>NoRows</Name><X>1024</X><Y>568</Y><Width>104</Width><SpacingWidth>0</SpacingWidth><DescendantWidth>0</DescendantWidth><Height>72</Height></GUILayoutItem><GUILayoutItem><Name>Sequence_4</Name><X>512</X><Y>416</Y><Width>120</Width><SpacingWidth>1128</SpacingWidth><DescendantWidth>1128</DescendantWidth><Height>96</Height></GUILayoutItem><GUILayoutItem><Name>RowsPresent</Name><X>520</X><Y>432</Y><Width>104</Width><SpacingWidth>0</SpacingWidth><DescendantWidth>0</DescendantWidth><Height>72</Height></GUILayoutItem><GUILayoutItem><Name>Sequence_5</Name><X>440</X><Y>552</Y><Width>120</Width><SpacingWidth>984</SpacingWidth><DescendantWidth>984</DescendantWidth><Height>96</Height></GUILayoutItem><GUILayoutItem><Name>RepeatOnRow</Name><X>448</X><Y>568</Y><Width>104</Width><SpacingWidth>0</SpacingWidth><DescendantWidth>0</DescendantWidth><Height>72</Height></GUILayoutItem><GUILayoutItem><Name>Sequence_7</Name><X>440</X><Y>688</Y><Width>120</Width><SpacingWidth>984</SpacingWidth><DescendantWidth>984</DescendantWidth><Height>96</Height></GUILayoutItem><GUILayoutItem><Name>ShowRow</Name><X>448</X><Y>704</Y><Width>104</Width><SpacingWidth>0</SpacingWidth><DescendantWidth>0</DescendantWidth><Height>72</Height></GUILayoutItem><GUILayoutItem><Name>Sequence_8</Name><X>80</X><Y>824</Y><Width>120</Width><SpacingWidth>264</SpacingWidth><DescendantWidth>264</DescendantWidth><Height>96</Height></GUILayoutItem><GUILayoutItem><Name>Sequence_9</Name><X>8</X><Y>960</Y><Width>120</Width><SpacingWidth>120</SpacingWidth><DescendantWidth>120</DescendantWidth><Height>96</Height></GUILayoutItem><GUILayoutItem><Name>Sequence_11</Name><X>152</X><Y>1096</Y><Width>120</Width><SpacingWidth>120</SpacingWidth><DescendantWidth>0</DescendantWidth><Height>96</Height></GUILayoutItem><GUILayoutItem><Name>Exception_Enabler_1</Name><X>88</X><Y>840</Y><Width>104</Width><SpacingWidth>0</SpacingWidth><DescendantWidth>0</DescendantWidth><Height>72</Height></GUILayoutItem><GUILayoutItem><Name>Sequence_10</Name><X>152</X><Y>960</Y><Width>120</Width><SpacingWidth>120</SpacingWidth><DescendantWidth>120</DescendantWidth><Height>96</Height></GUILayoutItem><GUILayoutItem><Name>Catch_1</Name><X>160</X><Y>976</Y><Width>104</Width><SpacingWidth>0</SpacingWidth><DescendantWidth>0</DescendantWidth><Height>72</Height></GUILayoutItem><GUILayoutItem><Name>ShowCatch_1</Name><X>160</X><Y>1112</Y><Width>104</Width><SpacingWidth>0</SpacingWidth><DescendantWidth>0</DescendantWidth><Height>72</Height></GUILayoutItem><GUILayoutItem><Name>postOrderConfECC</Name><X>16</X><Y>976</Y><Width>104</Width><SpacingWidth>0</SpacingWidth><DescendantWidth>0</DescendantWidth><Height>72</Height></GUILayoutItem><GUILayoutItem><Name>Sequence_13</Name><X>8</X><Y>1096</Y><Width>120</Width><SpacingWidth>120</SpacingWidth><DescendantWidth>0</DescendantWidth><Height>96</Height></GUILayoutItem><GUILayoutItem><Name>setConfRowsByPlant</Name><X>16</X><Y>1112</Y><Width>104</Width><SpacingWidth>0</SpacingWidth><DescendantWidth>0</DescendantWidth><Height>72</Height></GUILayoutItem><GUILayoutItem><Name>Sequence_14</Name><X>296</X><Y>1232</Y><Width>120</Width><SpacingWidth>120</SpacingWidth><DescendantWidth>0</DescendantWidth><Height>96</Height></GUILayoutItem><GUILayoutItem><Name>Sequence_15</Name><X>296</X><Y>960</Y><Width>120</Width><SpacingWidth>120</SpacingWidth><DescendantWidth>120</DescendantWidth><Height>96</Height></GUILayoutItem><GUILayoutItem><Name>getFGMByConfNo</Name><X>304</X><Y>976</Y><Width>104</Width><SpacingWidth>0</SpacingWidth><DescendantWidth>0</DescendantWidth><Height>72</Height></GUILayoutItem><GUILayoutItem><Name>Sequence_16</Name><X>368</X><Y>824</Y><Width>120</Width><SpacingWidth>264</SpacingWidth><DescendantWidth>264</DescendantWidth><Height>96</Height></GUILayoutItem><GUILayoutItem><Name>Sequence_18</Name><X>440</X><Y>1096</Y><Width>120</Width><SpacingWidth>120</SpacingWidth><DescendantWidth>0</DescendantWidth><Height>96</Height></GUILayoutItem><GUILayoutItem><Name>Exception_Enabler_2</Name><X>376</X><Y>840</Y><Width>104</Width><SpacingWidth>0</SpacingWidth><DescendantWidth>0</DescendantWidth><Height>72</Height></GUILayoutItem><GUILayoutItem><Name>Sequence_17</Name><X>440</X><Y>960</Y><Width>120</Width><SpacingWidth>120</SpacingWidth><DescendantWidth>120</DescendantWidth><Height>96</Height></GUILayoutItem><GUILayoutItem><Name>Catch_2</Name><X>448</X><Y>976</Y><Width>104</Width><SpacingWidth>0</SpacingWidth><DescendantWidth>0</DescendantWidth><Height>72</Height></GUILayoutItem><GUILayoutItem><Name>ShowCatch_2</Name><X>448</X><Y>1112</Y><Width>104</Width><SpacingWidth>0</SpacingWidth><DescendantWidth>0</DescendantWidth><Height>72</Height></GUILayoutItem><GUILayoutItem><Name>Sequence_12</Name><X>728</X><Y>824</Y><Width>120</Width><SpacingWidth>408</SpacingWidth><DescendantWidth>408</DescendantWidth><Height>96</Height></GUILayoutItem><GUILayoutItem><Name>Sequence_19</Name><X>656</X><Y>960</Y><Width>120</Width><SpacingWidth>264</SpacingWidth><DescendantWidth>264</DescendantWidth><Height>96</Height></GUILayoutItem><GUILayoutItem><Name>ShowFGM</Name><X>304</X><Y>1248</Y><Width>104</Width><SpacingWidth>0</SpacingWidth><DescendantWidth>0</DescendantWidth><Height>72</Height></GUILayoutItem><GUILayoutItem><Name>Sequence_22</Name><X>296</X><Y>1096</Y><Width>120</Width><SpacingWidth>120</SpacingWidth><DescendantWidth>120</DescendantWidth><Height>96</Height></GUILayoutItem><GUILayoutItem><Name>RepeatOnFGM</Name><X>304</X><Y>1112</Y><Width>104</Width><SpacingWidth>0</SpacingWidth><DescendantWidth>0</DescendantWidth><Height>72</Height></GUILayoutItem><GUILayoutItem><Name>Exception_Enabler_3</Name><X>736</X><Y>840</Y><Width>104</Width><SpacingWidth>0</SpacingWidth><DescendantWidth>0</DescendantWidth><Height>72</Height></GUILayoutItem><GUILayoutItem><Name>Sequence_21</Name><X>872</X><Y>960</Y><Width>120</Width><SpacingWidth>120</SpacingWidth><DescendantWidth>120</DescendantWidth><Height>96</Height></GUILayoutItem><GUILayoutItem><Name>Catch_3</Name><X>880</X><Y>976</Y><Width>104</Width><SpacingWidth>0</SpacingWidth><DescendantWidth>0</DescendantWidth><Height>72</Height></GUILayoutItem><GUILayoutItem><Name>Sequence_23</Name><X>872</X><Y>1096</Y><Width>120</Width><SpacingWidth>120</SpacingWidth><DescendantWidth>0</DescendantWidth><Height>96</Height></GUILayoutItem><GUILayoutItem><Name>ShowCatch_3</Name><X>880</X><Y>1112</Y><Width>104</Width><SpacingWidth>0</SpacingWidth><DescendantWidth>0</DescendantWidth><Height>72</Height></GUILayoutItem><GUILayoutItem><Name>postGRtoECC</Name><X>664</X><Y>976</Y><Width>104</Width><SpacingWidth>0</SpacingWidth><DescendantWidth>0</DescendantWidth><Height>72</Height></GUILayoutItem><GUILayoutItem><Name>Sequence_20</Name><X>656</X><Y>1096</Y><Width>120</Width><SpacingWidth>264</SpacingWidth><DescendantWidth>264</DescendantWidth><Height>96</Height></GUILayoutItem><GUILayoutItem><Name>GR_OK</Name><X>664</X><Y>1112</Y><Width>104</Width><SpacingWidth>0</SpacingWidth><DescendantWidth>0</DescendantWidth><Height>72</Height></GUILayoutItem><GUILayoutItem><Name>Sequence_24</Name><X>584</X><Y>1232</Y><Width>120</Width><SpacingWidth>120</SpacingWidth><DescendantWidth>0</DescendantWidth><Height>96</Height></GUILayoutItem><GUILayoutItem><Name>setSQLOrderDataOK</Name><X>592</X><Y>1248</Y><Width>104</Width><SpacingWidth>0</SpacingWidth><DescendantWidth>0</DescendantWidth><Height>72</Height></GUILayoutItem><GUILayoutItem><Name>Sequence_25</Name><X>728</X><Y>1232</Y><Width>120</Width><SpacingWidth>120</SpacingWidth><DescendantWidth>0</DescendantWidth><Height>96</Height></GUILayoutItem><GUILayoutItem><Name>setSQLOrderDataERR</Name><X>736</X><Y>1248</Y><Width>104</Width><SpacingWidth>0</SpacingWidth><DescendantWidth>0</DescendantWidth><Height>72</Height></GUILayoutItem></Layout><Actions><ContextItem><Name>ShowParam</Name><Description/><MinRange>0</MinRange><MaxRange>0</MaxRange><Value xsi:type="Tracer"><Message/><Level>INFO</Level></Value><ReadOnly>false</ReadOnly><AlertXMLAssigned>false</AlertXMLAssigned></ContextItem><ContextItem><Name>Exception_Enabler_0</Name><Description/><MinRange>0</MinRange><MaxRange>0</MaxRange><Value xsi:type="ExceptionEnabler"><EnableActionExceptions>true</EnableActionExceptions><EnableLinkExceptions>true</EnableLinkExceptions></Value><ReadOnly>false</ReadOnly><AlertXMLAssigned>false</AlertXMLAssigned></ContextItem><ContextItem><Name>Catch_0</Name><Description/><MinRange>0</MinRange><MaxRange>0</MaxRange><Value xsi:type="CatchAction"/><ReadOnly>false</ReadOnly><AlertXMLAssigned>false</AlertXMLAssigned></ContextItem><ContextItem><Name>ShowCatch_0</Name><Description/><MinRange>0</MinRange><MaxRange>0</MaxRange><Value xsi:type="Tracer"><Message/><Level>INFO</Level></Value><ReadOnly>false</ReadOnly><AlertXMLAssigned>false</AlertXMLAssigned></ContextItem><ContextItem><Name>getConfRowsbyPlant</Name><Description/><MinRange>0</MinRange><MaxRange>0</MaxRange><Value xsi:type="IlluminatorSQLQueryObject"><Timeout>60</Timeout><QueryParameters/><QueryTemplate>MESM/ORDERS_CNF/QUERIES/getConfRowsbyPlant</QueryTemplate><QueryStartDate>2016-07-12T09:45:44</QueryStartDate><QueryEndDate>2016-07-12T09:45:44</QueryEndDate><SQLTransaction/><Results><ReferenceDocumentSource/>&lt;?xml version="1.0" encoding="UTF-8"?&gt;&lt;Rowsets CachedTime="" DateCreated="2016-07-12T16:49:05" EndDate="2016-07-12T16:49:05" StartDate="2016-07-12T15:49:05" Version="15.0 SP4 Patch 11 (28-Aug-2015)"&gt;&lt;Rowset&gt;&lt;Columns&gt;&lt;Column Description="recordID" MaxRange="1" MinRange="0" Name="recordID" SQLDataType="-5" SourceColumn="recordID"/&gt;&lt;Column Description="PROD_PLANT" MaxRange="1" MinRange="0" Name="PROD_PLANT" SQLDataType="-9" SourceColumn="PROD_PLANT"/&gt;&lt;Column Description="ORDER_NUMBER" MaxRange="1" MinRange="0" Name="ORDER_NUMBER" SQLDataType="-9" SourceColumn="ORDER_NUMBER"/&gt;&lt;Column Description="OPERATION_NUMBER" MaxRange="1" MinRange="0" Name="OPERATION_NUMBER" SQLDataType="-9" SourceColumn="OPERATION_NUMBER"/&gt;&lt;Column Description="WORKCENTER" MaxRange="1" MinRange="0" Name="WORKCENTER" SQLDataType="-9" SourceColumn="WORKCENTER"/&gt;&lt;Column Description="YIELDQTY" MaxRange="1" MinRange="0" Name="YIELDQTY" SQLDataType="3" SourceColumn="YIELDQTY"/&gt;&lt;Column Description="SCRAPQTY" MaxRange="1" MinRange="0" Name="SCRAPQTY" SQLDataType="3" SourceColumn="SCRAPQTY"/&gt;&lt;Column Description="SERIAL_NUMBER" MaxRange="1" MinRange="0" Name="SERIAL_NUMBER" SQLDataType="-9" SourceColumn="SERIAL_NUMBER"/&gt;&lt;Column Description="SERIAL_PHANTOM" MaxRange="1" MinRange="0" Name="SERIAL_PHANTOM" SQLDataType="-9" SourceColumn="SERIAL_PHANTOM"/&gt;&lt;Column Description="LABOR_TIME" MaxRange="1" MinRange="0" Name="LABOR_TIME" SQLDataType="-9" SourceColumn="LABOR_TIME"/&gt;&lt;Column Description="MACHINE_TIME" MaxRange="1" MinRange="0" Name="MACHINE_TIME" SQLDataType="-9" SourceColumn="MACHINE_TIME"/&gt;&lt;Column Description="SETUP_TIME" MaxRange="1" MinRange="0" Name="SETUP_TIME" SQLDataType="-9" SourceColumn="SETUP_TIME"/&gt;&lt;Column Description="START_TIME" MaxRange="1" MinRange="0" Name="START_TIME" SQLDataType="-9" SourceColumn="START_TIME"/&gt;&lt;Column Description="FINISH_TIME" MaxRange="1" MinRange="0" Name="FINISH_TIME" SQLDataType="-9" SourceColumn="FINISH_TIME"/&gt;&lt;Column Description="OPERATOR_CLOCKNR" MaxRange="1" MinRange="0" Name="OPERATOR_CLOCKNR" SQLDataType="-9" SourceColumn="OPERATOR_CLOCKNR"/&gt;&lt;Column Description="FINAL" MaxRange="1" MinRange="0" Name="FINAL" SQLDataType="-9" SourceColumn="FINAL"/&gt;&lt;Column Description="CreatedOn" MaxRange="1" MinRange="0" Name="CreatedOn" SQLDataType="93" SourceColumn="CreatedOn"/&gt;&lt;/Columns&gt;&lt;Row&gt;&lt;recordID&gt;2&lt;/recordID&gt;&lt;PROD_PLANT&gt;3602&lt;/PROD_PLANT&gt;&lt;ORDER_NUMBER&gt;800124&lt;/ORDER_NUMBER&gt;&lt;OPERATION_NUMBER&gt;10&lt;/OPERATION_NUMBER&gt;&lt;WORKCENTER&gt;VWFINAL&lt;/WORKCENTER&gt;&lt;YIELDQTY&gt;1&lt;/YIELDQTY&gt;&lt;SCRAPQTY&gt;0&lt;/SCRAPQTY&gt;&lt;SERIAL_NUMBER&gt;70214AA&lt;/SERIAL_NUMBER&gt;&lt;SERIAL_PHANTOM&gt;0002&lt;/SERIAL_PHANTOM&gt;&lt;LABOR_TIME&gt;0&lt;/LABOR_TIME&gt;&lt;MACHINE_TIME&gt;0&lt;/MACHINE_TIME&gt;&lt;SETUP_TIME&gt;0&lt;/SETUP_TIME&gt;&lt;START_TIME&gt;0&lt;/START_TIME&gt;&lt;FINISH_TIME&gt;0&lt;/FINISH_TIME&gt;&lt;OPERATOR_CLOCKNR&gt;9999&lt;/OPERATOR_CLOCKNR&gt;&lt;FINAL/&gt;&lt;CreatedOn&gt;2016-07-12T14:36:51&lt;/CreatedOn&gt;&lt;/Row&gt;&lt;/Rowset&gt;&lt;/Rowsets&gt;</Results><TagList/></Value><SchemaURI/><SchemaElement/><ValidateXMLOnExecution>1</ValidateXMLOnExecution><ReadOnly>false</ReadOnly><AlertXMLAssigned>false</AlertXMLAssigned></ContextItem><ContextItem><Name>NoRows</Name><Description/><MinRange>0</MinRange><MaxRange>0</MaxRange><Value xsi:type="Tracer"><Message/><Level>INFO</Level></Value><ReadOnly>false</ReadOnly><AlertXMLAssigned>false</AlertXMLAssigned></ContextItem><ContextItem><Name>RowsPresent</Name><Description/><MinRange>0</MinRange><MaxRange>0</MaxRange><Value xsi:type="ConditionalAction"><Output>false</Output><InputCount>1</InputCount><LogicalAnd>false</LogicalAnd><Input1>false</Input1></Value><ReadOnly>false</ReadOnly><AlertXMLAssigned>false</AlertXMLAssigned></ContextItem><ContextItem><Name>RepeatOnRow</Name><Description/><MinRange>0</MinRange><MaxRange>0</MaxRange><Value xsi:type="RepeaterAction"><Output><ReferenceDocumentSource/>&lt;?xml version="1.0" encoding="UTF-8"?&gt;&lt;Row&gt;&lt;recordID&gt;2&lt;/recordID&gt;&lt;PROD_PLANT&gt;3602&lt;/PROD_PLANT&gt;&lt;ORDER_NUMBER&gt;800124&lt;/ORDER_NUMBER&gt;&lt;OPERATION_NUMBER&gt;10&lt;/OPERATION_NUMBER&gt;&lt;WORKCENTER&gt;VWFINAL&lt;/WORKCENTER&gt;&lt;YIELDQTY&gt;1&lt;/YIELDQTY&gt;&lt;SCRAPQTY&gt;0&lt;/SCRAPQTY&gt;&lt;SERIAL_NUMBER&gt;70214AA&lt;/SERIAL_NUMBER&gt;&lt;SERIAL_PHANTOM&gt;0002&lt;/SERIAL_PHANTOM&gt;&lt;LABOR_TIME&gt;0&lt;/LABOR_TIME&gt;&lt;MACHINE_TIME&gt;0&lt;/MACHINE_TIME&gt;&lt;SETUP_TIME&gt;0&lt;/SETUP_TIME&gt;&lt;START_TIME&gt;0&lt;/START_TIME&gt;&lt;FINISH_TIME&gt;0&lt;/FINISH_TIME&gt;&lt;OPERATOR_CLOCKNR&gt;9999&lt;/OPERATOR_CLOCKNR&gt;&lt;FINAL/&gt;&lt;CreatedOn&gt;2016-07-12T14:36:51&lt;/CreatedOn&gt;&lt;/Row&gt;</Output><Break>false</Break><ItemCount>0</ItemCount><CurrentItem>0</CurrentItem><Source>getConfRowsbyPlant.Results{/Rowsets/Rowset/Row}</Source><Item><ReferenceDocumentSource/>&lt;?xml version="1.0" encoding="UTF-8"?&gt;&lt;Row&gt;&lt;recordID&gt;2&lt;/recordID&gt;&lt;PROD_PLANT&gt;3602&lt;/PROD_PLANT&gt;&lt;ORDER_NUMBER&gt;800124&lt;/ORDER_NUMBER&gt;&lt;OPERATION_NUMBER&gt;10&lt;/OPERATION_NUMBER&gt;&lt;WORKCENTER&gt;VWFINAL&lt;/WORKCENTER&gt;&lt;YIELDQTY&gt;1&lt;/YIELDQTY&gt;&lt;SCRAPQTY&gt;0&lt;/SCRAPQTY&gt;&lt;SERIAL_NUMBER&gt;70214AA&lt;/SERIAL_NUMBER&gt;&lt;SERIAL_PHANTOM&gt;0002&lt;/SERIAL_PHANTOM&gt;&lt;LABOR_TIME&gt;0&lt;/LABOR_TIME&gt;&lt;MACHINE_TIME&gt;0&lt;/MACHINE_TIME&gt;&lt;SETUP_TIME&gt;0&lt;/SETUP_TIME&gt;&lt;START_TIME&gt;0&lt;/START_TIME&gt;&lt;FINISH_TIME&gt;0&lt;/FINISH_TIME&gt;&lt;OPERATOR_CLOCKNR&gt;9999&lt;/OPERATOR_CLOCKNR&gt;&lt;FINAL/&gt;&lt;CreatedOn&gt;2016-07-12T14:36:51&lt;/CreatedOn&gt;&lt;/Row&gt;</Item></Value><SchemaURI/><SchemaElement/><ValidateXMLOnExecution>1</ValidateXMLOnExecution><SchemaURI/><SchemaElement/><ValidateXMLOnExecution>1</ValidateXMLOnExecution><ReadOnly>false</ReadOnly><AlertXMLAssigned>false</AlertXMLAssigned></ContextItem><ContextItem><Name>ShowRow</Name><Description/><MinRange>0</MinRange><MaxRange>0</MaxRange><Value xsi:type="Tracer"><Message/><Level>INFO</Level></Value><ReadOnly>false</ReadOnly><AlertXMLAssigned>false</AlertXMLAssigned></ContextItem><ContextItem><Name>Exception_Enabler_1</Name><Description/><MinRange>0</MinRange><MaxRange>0</MaxRange><Value xsi:type="ExceptionEnabler"><EnableActionExceptions>true</EnableActionExceptions><EnableLinkExceptions>true</EnableLinkExceptions></Value><ReadOnly>false</ReadOnly><AlertXMLAssigned>false</AlertXMLAssigned></ContextItem><ContextItem><Name>Catch_1</Name><Description/><MinRange>0</MinRange><MaxRange>0</MaxRange><Value xsi:type="CatchAction"/><ReadOnly>false</ReadOnly><AlertXMLAssigned>false</AlertXMLAssigned></ContextItem><ContextItem><Name>ShowCatch_1</Name><Description/><MinRange>0</MinRange><MaxRange>0</MaxRange><Value xsi:type="Tracer"><Message/><Level>INFO</Level></Value><ReadOnly>false</ReadOnly><AlertXMLAssigned>false</AlertXMLAssigned></ContextItem><ContextItem><Name>postOrderConfECC</Name><Description/><MinRange>0</MinRange><MaxRange>0</MaxRange><Value xsi:type="TransactionCall"><ResetState>false</ResetState><TransactionName>MESM/ORDERS_CNF/TRANSACTIONS/postOrderConfECC</TransactionName><Async>false</Async><Persist>INHERIT</Persist><LogLevel>INHERIT</LogLevel><LogType>INHERIT</LogType><StoreTransactionOutput>false</StoreTransactionOutput><Expiration>-1</Expiration><FINALCONF/><OPERATIONNUMBER>10</OPERATIONNUMBER><ORDERNUMBER>800124</ORDERNUMBER><CONFTEXT>72214AA-0003</CONFTEXT><SAP_CREDENTIAL>SAP</SAP_CREDENTIAL><SETUPTIME>0</SETUPTIME><SAP_SERVER>SAP</SAP_SERVER><PRODPLANT>3602</PRODPLANT><WORKCENTER>VWFINAL</WORKCENTER><YIELDQTY>1</YIELDQTY><LABORTIME>0</LABORTIME><SCRAPQTY>0</SCRAPQTY><FINISHDATETIME>201606280160000</FINISHDATETIME><STARTDATETIME>20160628080000</STARTDATETIME><ACTIVITYDURATION>1.0</ACTIVITYDURATION><OPERNR>9999</OPERNR></Value><ReadOnly>false</ReadOnly><AlertXMLAssigned>false</AlertXMLAssigned></ContextItem><ContextItem><Name>setConfRowsByPlant</Name><Description/><MinRange>0</MinRange><MaxRange>0</MaxRange><Value xsi:type="IlluminatorSQLQueryObject"><Timeout>60</Timeout><QueryParameters/><QueryTemplate>MESM/ORDERS_CNF/QUERIES/setConfRowsByPlant</QueryTemplate><QueryStartDate>2016-07-12T12:03:55</QueryStartDate><QueryEndDate>2016-07-12T12:03:55</QueryEndDate><SQLTransaction/><Results><ReferenceDocumentSource/>&lt;?xml version="1.0" encoding="UTF-8"?&gt;&lt;Rowsets CachedTime="" DateCreated="2016-07-12T17:03:55" EndDate="2016-07-12T17:03:55" StartDate="2016-07-12T16:03:55" Version="15.0 SP4 Patch 11 (28-Aug-2015)"/&gt;</Results><TagList/></Value><SchemaURI/><SchemaElement/><ValidateXMLOnExecution>1</ValidateXMLOnExecution><ReadOnly>false</ReadOnly><AlertXMLAssigned>false</AlertXMLAssigned></ContextItem><ContextItem><Name>getFGMByConfNo</Name><Description/><MinRange>0</MinRange><MaxRange>0</MaxRange><Value xsi:type="TransactionCall"><ResetState>false</ResetState><TransactionName>MESM/ORDERS_CNF/TRANSACTIONS/getFGMByOrder</TransactionName><Async>false</Async><Persist>INHERIT</Persist><LogLevel>INHERIT</LogLevel><LogType>INHERIT</LogType><StoreTransactionOutput>false</StoreTransactionOutput><Expiration>-1</Expiration><WORK_ORDER>000000800190</WORK_ORDER><SAP_SERVER>SAP</SAP_SERVER><CONF_CNT/><CONF_NO/><SAP_CREDENTIALS>SAP</SAP_CREDENTIALS><SQL_SERVER>MESM</SQL_SERVER></Value><ReadOnly>false</ReadOnly><AlertXMLAssigned>false</AlertXMLAssigned></ContextItem><ContextItem><Name>Exception_Enabler_2</Name><Description/><MinRange>0</MinRange><MaxRange>0</MaxRange><Value xsi:type="ExceptionEnabler"><EnableActionExceptions>true</EnableActionExceptions><EnableLinkExceptions>true</EnableLinkExceptions></Value><ReadOnly>false</ReadOnly><AlertXMLAssigned>false</AlertXMLAssigned></ContextItem><ContextItem><Name>Catch_2</Name><Description/><MinRange>0</MinRange><MaxRange>0</MaxRange><Value xsi:type="CatchAction"/><ReadOnly>false</ReadOnly><AlertXMLAssigned>false</AlertXMLAssigned></ContextItem><ContextItem><Name>ShowCatch_2</Name><Description/><MinRange>0</MinRange><MaxRange>0</MaxRange><Value xsi:type="Tracer"><Message/><Level>INFO</Level></Value><ReadOnly>false</ReadOnly><AlertXMLAssigned>false</AlertXMLAssigned></ContextItem><ContextItem><Name>ShowFGM</Name><Description/><MinRange>0</MinRange><MaxRange>0</MaxRange><Value xsi:type="Tracer"><Message/><Level>INFO</Level></Value><ReadOnly>false</ReadOnly><AlertXMLAssigned>false</AlertXMLAssigned></ContextItem><ContextItem><Name>RepeatOnFGM</Name><Description/><MinRange>0</MinRange><MaxRange>0</MaxRange><Value xsi:type="RepeaterAction"><Output><ReferenceDocumentSource/>&lt;?xml version="1.0" encoding="UTF-8"?&gt;&lt;item&gt;&#13;
        &lt;DOC_NO&gt;0000000230&lt;/DOC_NO&gt;&#13;
        &lt;DOC_ITM&gt;00000001&lt;/DOC_ITM&gt;&#13;
        &lt;CREATED_BY&gt;MII_USER&lt;/CREATED_BY&gt;&#13;
        &lt;CREATED_DATE&gt;2016-07-13&lt;/CREATED_DATE&gt;&#13;
        &lt;CREATED_TIME&gt;10:32:55&lt;/CREATED_TIME&gt;&#13;
        &lt;FAILED_DATE&gt;2016-07-13&lt;/FAILED_DATE&gt;&#13;
        &lt;FAILED_TIME&gt;10:32:57&lt;/FAILED_TIME&gt;&#13;
        &lt;MSG_ID&gt;M7&lt;/MSG_ID&gt;&#13;
        &lt;MSG_NO&gt;018&lt;/MSG_NO&gt;&#13;
        &lt;MSG_TYPE&gt;E&lt;/MSG_TYPE&gt;&#13;
        &lt;MSG_V1&gt;Stor. Location&lt;/MSG_V1&gt;&#13;
        &lt;MSG_V2/&gt;&#13;
        &lt;MSG_V3/&gt;&#13;
        &lt;MSG_V4/&gt;&#13;
        &lt;PSTNG_DATE&gt;2016-07-13&lt;/PSTNG_DATE&gt;&#13;
        &lt;DOC_DATE&gt;2016-07-13&lt;/DOC_DATE&gt;&#13;
        &lt;EXPIRYDATE&gt;0000-00-00&lt;/EXPIRYDATE&gt;&#13;
        &lt;MATERIAL&gt;10041450A&lt;/MATERIAL&gt;&#13;
        &lt;PLANT&gt;3602&lt;/PLANT&gt;&#13;
        &lt;STGE_LOC/&gt;&#13;
        &lt;BATCH&gt;A&lt;/BATCH&gt;&#13;
        &lt;MOVE_TYPE&gt;101&lt;/MOVE_TYPE&gt;&#13;
        &lt;STCK_TYPE/&gt;&#13;
        &lt;SPEC_STOCK/&gt;&#13;
        &lt;VENDOR/&gt;&#13;
        &lt;SALES_ORD/&gt;&#13;
        &lt;S_ORD_ITEM&gt;000000&lt;/S_ORD_ITEM&gt;&#13;
        &lt;SCHED_LINE&gt;0000&lt;/SCHED_LINE&gt;&#13;
        &lt;ENTRY_UOM&gt;EA&lt;/ENTRY_UOM&gt;&#13;
        &lt;ENTRY_UOM_ISO&gt;EA&lt;/ENTRY_UOM_ISO&gt;&#13;
        &lt;ENTRY_QNT&gt;1.000&lt;/ENTRY_QNT&gt;&#13;
        &lt;NO_MORE_GR&gt;X&lt;/NO_MORE_GR&gt;&#13;
        &lt;GR_RCPT/&gt;&#13;
        &lt;UNLOAD_PT/&gt;&#13;
        &lt;ORDERID&gt;000000800124&lt;/ORDERID&gt;&#13;
        &lt;ORDERID_ITNO&gt;0001&lt;/ORDERID_ITNO&gt;&#13;
        &lt;CALC_MOTIVE/&gt;&#13;
        &lt;RESERV_NO&gt;0000000000&lt;/RESERV_NO&gt;&#13;
        &lt;RES_ITEM&gt;0000&lt;/RES_ITEM&gt;&#13;
        &lt;RES_TYPE/&gt;&#13;
        &lt;WITHDRAWN/&gt;&#13;
        &lt;MVT_IND&gt;F&lt;/MVT_IND&gt;&#13;
        &lt;MATERIAL_EXTERNAL/&gt;&#13;
        &lt;MATERIAL_GUID/&gt;&#13;
        &lt;MATERIAL_VERSION/&gt;&#13;
    &lt;/item&gt;</Output><Break>false</Break><ItemCount>0</ItemCount><CurrentItem>0</CurrentItem><Source>getFGMByConfNo.XML_OUT{/Rowsets/item}</Source><Item><ReferenceDocumentSource/>&lt;?xml version="1.0" encoding="UTF-8"?&gt;&lt;item&gt;&#13;
        &lt;DOC_NO&gt;0000000230&lt;/DOC_NO&gt;&#13;
        &lt;DOC_ITM&gt;00000001&lt;/DOC_ITM&gt;&#13;
        &lt;CREATED_BY&gt;MII_USER&lt;/CREATED_BY&gt;&#13;
        &lt;CREATED_DATE&gt;2016-07-13&lt;/CREATED_DATE&gt;&#13;
        &lt;CREATED_TIME&gt;10:32:55&lt;/CREATED_TIME&gt;&#13;
        &lt;FAILED_DATE&gt;2016-07-13&lt;/FAILED_DATE&gt;&#13;
        &lt;FAILED_TIME&gt;10:32:57&lt;/FAILED_TIME&gt;&#13;
        &lt;MSG_ID&gt;M7&lt;/MSG_ID&gt;&#13;
        &lt;MSG_NO&gt;018&lt;/MSG_NO&gt;&#13;
        &lt;MSG_TYPE&gt;E&lt;/MSG_TYPE&gt;&#13;
        &lt;MSG_V1&gt;Stor. Location&lt;/MSG_V1&gt;&#13;
        &lt;MSG_V2/&gt;&#13;
        &lt;MSG_V3/&gt;&#13;
        &lt;MSG_V4/&gt;&#13;
        &lt;PSTNG_DATE&gt;2016-07-13&lt;/PSTNG_DATE&gt;&#13;
        &lt;DOC_DATE&gt;2016-07-13&lt;/DOC_DATE&gt;&#13;
        &lt;EXPIRYDATE&gt;0000-00-00&lt;/EXPIRYDATE&gt;&#13;
        &lt;MATERIAL&gt;10041450A&lt;/MATERIAL&gt;&#13;
        &lt;PLANT&gt;3602&lt;/PLANT&gt;&#13;
        &lt;STGE_LOC/&gt;&#13;
        &lt;BATCH&gt;A&lt;/BATCH&gt;&#13;
        &lt;MOVE_TYPE&gt;101&lt;/MOVE_TYPE&gt;&#13;
        &lt;STCK_TYPE/&gt;&#13;
        &lt;SPEC_STOCK/&gt;&#13;
        &lt;VENDOR/&gt;&#13;
        &lt;SALES_ORD/&gt;&#13;
        &lt;S_ORD_ITEM&gt;000000&lt;/S_ORD_ITEM&gt;&#13;
        &lt;SCHED_LINE&gt;0000&lt;/SCHED_LINE&gt;&#13;
        &lt;ENTRY_UOM&gt;EA&lt;/ENTRY_UOM&gt;&#13;
        &lt;ENTRY_UOM_ISO&gt;EA&lt;/ENTRY_UOM_ISO&gt;&#13;
        &lt;ENTRY_QNT&gt;1.000&lt;/ENTRY_QNT&gt;&#13;
        &lt;NO_MORE_GR&gt;X&lt;/NO_MORE_GR&gt;&#13;
        &lt;GR_RCPT/&gt;&#13;
        &lt;UNLOAD_PT/&gt;&#13;
        &lt;ORDERID&gt;000000800124&lt;/ORDERID&gt;&#13;
        &lt;ORDERID_ITNO&gt;0001&lt;/ORDERID_ITNO&gt;&#13;
        &lt;CALC_MOTIVE/&gt;&#13;
        &lt;RESERV_NO&gt;0000000000&lt;/RESERV_NO&gt;&#13;
        &lt;RES_ITEM&gt;0000&lt;/RES_ITEM&gt;&#13;
        &lt;RES_TYPE/&gt;&#13;
        &lt;WITHDRAWN/&gt;&#13;
        &lt;MVT_IND&gt;F&lt;/MVT_IND&gt;&#13;
        &lt;MATERIAL_EXTERNAL/&gt;&#13;
        &lt;MATERIAL_GUID/&gt;&#13;
        &lt;MATERIAL_VERSION/&gt;&#13;
    &lt;/item&gt;</Item></Value><SchemaURI/><SchemaElement/><ValidateXMLOnExecution>1</ValidateXMLOnExecution><SchemaURI/><SchemaElement/><ValidateXMLOnExecution>1</ValidateXMLOnExecution><ReadOnly>false</ReadOnly><AlertXMLAssigned>false</AlertXMLAssigned></ContextItem><ContextItem><Name>Exception_Enabler_3</Name><Description/><MinRange>0</MinRange><MaxRange>0</MaxRange><Value xsi:type="ExceptionEnabler"><EnableActionExceptions>true</EnableActionExceptions><EnableLinkExceptions>true</EnableLinkExceptions></Value><ReadOnly>false</ReadOnly><AlertXMLAssigned>false</AlertXMLAssigned></ContextItem><ContextItem><Name>Catch_3</Name><Description/><MinRange>0</MinRange><MaxRange>0</MaxRange><Value xsi:type="CatchAction"/><ReadOnly>false</ReadOnly><AlertXMLAssigned>false</AlertXMLAssigned></ContextItem><ContextItem><Name>ShowCatch_3</Name><Description/><MinRange>0</MinRange><MaxRange>0</MaxRange><Value xsi:type="Tracer"><Message/><Level>INFO</Level></Value><ReadOnly>false</ReadOnly><AlertXMLAssigned>false</AlertXMLAssigned></ContextItem><ContextItem><Name>postGRtoECC</Name><Description/><MinRange>0</MinRange><MaxRange>0</MaxRange><Value xsi:type="TransactionCall"><ResetState>false</ResetState><TransactionName>MESM/ORDERS_CNF/TRANSACTIONS/postGRtoECC</TransactionName><Async>false</Async><Persist>INHERIT</Persist><LogLevel>INHERIT</LogLevel><LogType>INHERIT</LogType><StoreTransactionOutput>false</StoreTransactionOutput><Expiration>-1</Expiration><SAP_CREDENTIAL>SAP</SAP_CREDENTIAL><SAP_SERVER>SAP</SAP_SERVER><CONF_CNT>00000005</CONF_CNT><CONF_NO>0000000311</CONF_NO><SQL_SERVER>MESM</SQL_SERVER><ORDER_NUMBER>000000800190</ORDER_NUMBER></Value><ReadOnly>false</ReadOnly><AlertXMLAssigned>false</AlertXMLAssigned></ContextItem><ContextItem><Name>GR_OK</Name><Description/><MinRange>0</MinRange><MaxRange>0</MaxRange><Value xsi:type="ConditionalAction"><Output>false</Output><InputCount>1</InputCount><LogicalAnd>false</LogicalAnd><Input1>false</Input1></Value><ReadOnly>false</ReadOnly><AlertXMLAssigned>false</AlertXMLAssigned></ContextItem><ContextItem><Name>setSQLOrderDataOK</Name><Description/><MinRange>0</MinRange><MaxRange>0</MaxRange><Value xsi:type="IlluminatorSQLQueryObject"><Timeout>60</Timeout><QueryParameters/><QueryTemplate>MESM/ORDERS_CNF/QUERIES/setSQLOrderData</QueryTemplate><QueryStartDate>2016-07-20T13:46:02</QueryStartDate><QueryEndDate>2016-07-20T13:46:02</QueryEndDate><SQLTransaction/><Results><ReferenceDocumentSource/>&lt;?xml version="1.0" encoding="UTF-8"?&gt;&lt;Rowsets CachedTime="" DateCreated="2016-07-20T18:48:05" EndDate="2016-07-20T18:48:05" StartDate="2016-07-20T17:48:05" Version="15.0 SP4 Patch 11 (28-Aug-2015)"/&gt;</Results><TagList/></Value><SchemaURI/><SchemaElement/><ValidateXMLOnExecution>1</ValidateXMLOnExecution><ReadOnly>false</ReadOnly><AlertXMLAssigned>false</AlertXMLAssigned></ContextItem><ContextItem><Name>setSQLOrderDataERR</Name><Description/><MinRange>0</MinRange><MaxRange>0</MaxRange><Value xsi:type="IlluminatorSQLQueryObject"><Timeout>60</Timeout><QueryParameters/><QueryTemplate>MESM/ORDERS_CNF/QUERIES/setSQLOrderData</QueryTemplate><QueryStartDate>2016-07-20T13:46:02</QueryStartDate><QueryEndDate>2016-07-20T13:46:02</QueryEndDate><SQLTransaction/><Results><ReferenceDocumentSource/>&lt;?xml version="1.0" encoding="UTF-8"?&gt;&lt;Rowsets CachedTime="" DateCreated="2016-07-20T18:48:05" EndDate="2016-07-20T18:48:05" StartDate="2016-07-20T17:48:05" Version="15.0 SP4 Patch 11 (28-Aug-2015)"/&gt;</Results><TagList/></Value><SchemaURI/><SchemaElement/><ValidateXMLOnExecution>1</ValidateXMLOnExecution><ReadOnly>false</ReadOnly><AlertXMLAssigned>false</AlertXMLAssigned></ContextItem></Actions><ReaderRoles>SAP_XMII_Super_Administrator,SAP_XMII_Administrator,SAP_XMII_Developer,SAP_XMII_User</ReaderRoles><Steps><Step xsi:type="ActionSequence"><Name>Sequence</Name><Description/><Steps><Step xsi:type="ActionSequence"><Name>Sequence_0</Name><Description/><Steps><Step xsi:type="ActionSequence"><Name>Sequence_1</Name><Description/><Steps><Step xsi:type="Conditional"><Name>Sequence_4</Name><Description/><Steps><Step xsi:type="Repeater"><Name>Sequence_5</Name><Description/><Steps><Step xsi:type="ActionSequence"><Name>Sequence_7</Name><Description/><Steps><Step xsi:type="ActionSequence"><Name>Sequence_8</Name><Description/><Steps><Step xsi:type="ActionSequence"><Name>Sequence_9</Name><Description/><Steps><Step xsi:type="ActionSequence"><Name>Sequence_13</Name><Description/><Steps/><Actions><Action><Name>setConfRowsByPlant</Name><Description>SQL Query</Description><IncomingLinks><Assign xsi:type="Assign"><Name/><Description/><To>setConfRowsByPlant.Server</To><From>Transaction.SQL_SERVER</From></Assign><Assign xsi:type="Assign"><Name/><Description/><To>setConfRowsByPlant.Param.1</To><From>RepeatOnRow.Output{/Row/recordID}</From></Assign><Assign xsi:type="Assign"><Name/><Description/><To>setConfRowsByPlant.Param.2</To><From>postOrderConfECC.OutputXML{/Rowsets/Rowset/Row/STATUS}</From></Assign><Assign xsi:type="Assign"><Name/><Description/><To>setConfRowsByPlant.Param.3</To><From>postOrderConfECC.OutputXML{/Rowsets/Rowset/Row/OUTPUTMESSAGE}</From></Assign><Assign xsi:type="Assign"><Name/><Description/><To>setConfRowsByPlant.Param.4</To><From>postOrderConfECC.OutputXML{/Rowsets/Rowset/Row/CONFNUMBER} &amp; "-" &amp; postOrderConfECC.OutputXML{/Rowsets/Rowset/Row/CONFCOUNTER}</From></Assign></IncomingLinks><OutgoingLinks/></Action></Actions></Step></Steps><Actions><Action><Name>postOrderConfECC</Name><Description> </Description><IncomingLinks><Assign xsi:type="Assign"><Name/><Description/><To>postOrderConfECC.SAP_CREDENTIAL</To><From>Transaction.SAP_CREDENTIAL</From></Assign><Assign xsi:type="Assign"><Name/><Description/><To>postOrderConfECC.SAP_SERVER</To><From>Transaction.SAP_SERVER</From></Assign><Assign xsi:type="Assign"><Name/><Description/><To>postOrderConfECC.PRODPLANT</To><From>RepeatOnRow.Output{/Row/PROD_PLANT}</From></Assign><Assign xsi:type="Assign"><Name/><Description/><To>postOrderConfECC.ORDERNUMBER</To><From>RepeatOnRow.Output{/Row/ORDER_NUMBER}</From></Assign><Assign xsi:type="Assign"><Name/><Description/><To>postOrderConfECC.OPERATIONNUMBER</To><From>RepeatOnRow.Output{/Row/OPERATION_NUMBER}</From></Assign><Assign xsi:type="Assign"><Name/><Description/><To>postOrderConfECC.OPERNR</To><From>RepeatOnRow.Output{/Row/OPERATOR_CLOCKNR}</From></Assign><Assign xsi:type="Assign"><Name/><Description/><To>postOrderConfECC.WORKCENTER</To><From>RepeatOnRow.Output{/Row/WORKCENTER}</From></Assign><Assign xsi:type="Assign"><Name/><Description/><To>postOrderConfECC.YIELDQTY</To><From>RepeatOnRow.Output{/Row/YIELDQTY}</From></Assign><Assign xsi:type="Assign"><Name/><Description/><To>postOrderConfECC.SCRAPQTY</To><From>RepeatOnRow.Output{/Row/SCRAPQTY}</From></Assign><Assign xsi:type="Assign"><Name/><Description/><To>postOrderConfECC.LABORTIME</To><From>RepeatOnRow.Output{/Row/LABOR_TIME}</From></Assign><Assign xsi:type="Assign"><Name/><Description/><To>postOrderConfECC.FINALCONF</To><From>RepeatOnRow.Output{/Row/FINAL}</From></Assign><Assign xsi:type="Assign"><Name/><Description/><To>postOrderConfECC.SETUPTIME</To><From>"0.00"</From></Assign><Assign xsi:type="Assign"><Name/><Description/><To>postOrderConfECC.CONFTEXT</To><From>RepeatOnRow.Output{/Row/SERIAL_NUMBER}</From></Assign><Assign xsi:type="Assign"><Name/><Description/><To>postOrderConfECC.ACTIVITYDURATION</To><From>RepeatOnRow.Output{/Row/MACHINE_TIME}</From></Assign><Assign xsi:type="Assign"><Name/><Description/><To>postOrderConfECC.FINISHDATETIME</To><From>RepeatOnRow.Output{/Row/FINISH_TIME}</From></Assign><Assign xsi:type="Assign"><Name/><Description/><To>postOrderConfECC.STARTDATETIME</To><From>RepeatOnRow.Output{/Row/START_TIME}</From></Assign></IncomingLinks><OutgoingLinks/></Action></Actions></Step><Step xsi:type="Catch"><Name>Sequence_10</Name><Description/><Steps><Step xsi:type="ActionSequence"><Name>Sequence_11</Name><Description/><Steps/><Actions><Action><Name>ShowCatch_1</Name><Description> </Description><IncomingLinks><Assign xsi:type="Assign"><Name/><Description/><To>ShowCatch_1.Message</To><From>Catch_1.Message</From></Assign></IncomingLinks><OutgoingLinks/></Action></Actions></Step></Steps><Actions><Action><Name>Catch_1</Name><Description>Catches an exception</Description><IncomingLinks/><OutgoingLinks/></Action></Actions></Step></Steps><Actions><Action><Name>Exception_Enabler_1</Name><Description>Enables exceptions.</Description><IncomingLinks/><OutgoingLinks/></Action></Actions></Step><Step xsi:type="ActionSequence"><Name>Sequence_16</Name><Description/><Steps><Step xsi:type="ActionSequence"><Name>Sequence_15</Name><Description/><Steps><Step xsi:type="Repeater"><Name>Sequence_22</Name><Description/><Steps><Step xsi:type="ActionSequence"><Name>Sequence_14</Name><Description/><Steps/><Actions><Action><Name>ShowFGM</Name><Description> </Description><IncomingLinks><Assign xsi:type="Assign"><Name/><Description/><To>ShowFGM.Message</To><From>" &gt;&gt; Failed GM (" &amp; RepeatOnFGM.Output{/item/MSG_V1} &amp; 
") -- Plant : " &amp; RepeatOnFGM.Output{/item/PLANT} &amp; 
" -- Material: " &amp; RepeatOnFGM.Output{/item/MATERIAL} &amp;
" -- SLoc: "  &amp; RepeatOnFGM.Output{/item/STGE_LOC} &amp;
" -- Batch: " &amp; RepeatOnFGM.Output{/item/BATCH} &amp;
" -- Move Type: " &amp; RepeatOnFGM.Output{/item/MOVE_TYPE} &amp;
" -- Move Ind: " &amp; RepeatOnFGM.Output{/item/MVT_IND} &amp; 
" -- Res No: " &amp; RepeatOnFGM.Output{/item/RESERV_NO} &amp; 
" -- Res Item: " &amp; RepeatOnFGM.Output{/item/RES_ITEM} &amp;
" -- WorkOrder : " &amp; RepeatOnFGM.Output{/item/ORDERID} &amp; 
" -- Conf No: " &amp; postOrderConfECC.OutputXML{/Rowsets/Rowset/Row/CONFNUMBER} 
&amp; "-" &amp; postOrderConfECC.OutputXML{/Rowsets/Rowset/Row/CONFCOUNTER}</From></Assign></IncomingLinks><OutgoingLinks/></Action></Actions></Step></Steps><Actions><Action><Name>RepeatOnFGM</Name><Description> </Description><IncomingLinks/><OutgoingLinks/></Action></Actions></Step></Steps><Actions><Action><Name>getFGMByConfNo</Name><Description> </Description><IncomingLinks><Assign xsi:type="Assign"><Name/><Description/><To>getFGMByConfNo.SAP_CREDENTIALS</To><From>Transaction.SAP_CREDENTIAL</From></Assign><Assign xsi:type="Assign"><Name/><Description/><To>getFGMByConfNo.SQL_SERVER</To><From>Transaction.SQL_SERVER</From></Assign><Assign xsi:type="Assign"><Name/><Description/><To>getFGMByConfNo.SAP_SERVER</To><From>Transaction.SAP_SERVER</From></Assign><Assign xsi:type="Assign"><Name/><Description/><To>getFGMByConfNo.CONF_CNT</To><From>postOrderConfECC.OutputXML{/Rowsets/Rowset/Row/CONFCOUNTER}</From></Assign><Assign xsi:type="Assign"><Name/><Description/><To>getFGMByConfNo.CONF_NO</To><From>postOrderConfECC.OutputXML{/Rowsets/Rowset/Row/CONFNUMBER}</From></Assign><Assign xsi:type="Assign"><Name/><Description/><To>getFGMByConfNo.WORK_ORDER</To><From>RepeatOnRow.Output{/Row/ORDER_NUMBER}</From></Assign></IncomingLinks><OutgoingLinks/></Action></Actions></Step><Step xsi:type="Catch"><Name>Sequence_17</Name><Description/><Steps><Step xsi:type="ActionSequence"><Name>Sequence_18</Name><Description/><Steps/><Actions><Action><Name>ShowCatch_2</Name><Description> </Description><IncomingLinks><Assign xsi:type="Assign"><Name/><Description/><To>ShowCatch_2.Message</To><From>Catch_2.Message</From></Assign></IncomingLinks><OutgoingLinks/></Action></Actions></Step></Steps><Actions><Action><Name>Catch_2</Name><Description>Catches an exception</Description><IncomingLinks/><OutgoingLinks/></Action></Actions></Step></Steps><Actions><Action><Name>Exception_Enabler_2</Name><Description>Enables exceptions.</Description><IncomingLinks/><OutgoingLinks/></Action></Actions></Step><Step xsi:type="ActionSequence"><Name>Sequence_12</Name><Description/><Steps><Step xsi:type="ActionSequence"><Name>Sequence_19</Name><Description/><Steps><Step xsi:type="Conditional"><Name>Sequence_20</Name><Description/><Steps><Step xsi:type="ActionSequence"><Name>Sequence_24</Name><Description/><Steps/><Actions><Action><Name>setSQLOrderDataOK</Name><Description>SQL Query</Description><IncomingLinks><Assign xsi:type="Assign"><Name/><Description/><To>setSQLOrderDataOK.Server</To><From>Transaction.SQL_SERVER</From></Assign><Assign xsi:type="Assign"><Name/><Description/><To>setSQLOrderDataOK.Param.1</To><From>postGRtoECC.OutputXML{/Rowsets/Rowset/Row/MATDOCNO}</From></Assign><Assign xsi:type="Assign"><Name/><Description/><To>setSQLOrderDataOK.Param.2</To><From>postGRtoECC.OutputXML{/Rowsets/Rowset/Row/CONFNUMBER}</From></Assign><Assign xsi:type="Assign"><Name/><Description/><To>setSQLOrderDataOK.Param.3</To><From>postGRtoECC.OutputXML{/Rowsets/Rowset/Row/CONFCOUNTER}</From></Assign></IncomingLinks><OutgoingLinks/></Action></Actions></Step><Step xsi:type="ActionSequence"><Name>Sequence_25</Name><Description/><Steps/><Actions><Action><Name>setSQLOrderDataERR</Name><Description>SQL Query</Description><IncomingLinks><Assign xsi:type="Assign"><Name/><Description/><To>setSQLOrderDataERR.Server</To><From>Transaction.SQL_SERVER</From></Assign><Assign xsi:type="Assign"><Name/><Description/><To>setSQLOrderDataERR.Param.1</To><From>postGRtoECC.OutputXML{/Rowsets/Rowset/Row/ECCRESPONSETYPE} &amp; " -- " &amp; postGRtoECC.OutputXML{/Rowsets/Rowset/Row/ECCRESPONSEMESSAGE}</From></Assign><Assign xsi:type="Assign"><Name/><Description/><To>setSQLOrderDataERR.Param.2</To><From>postGRtoECC.OutputXML{/Rowsets/Rowset/Row/CONFNUMBER}</From></Assign><Assign xsi:type="Assign"><Name/><Description/><To>setSQLOrderDataERR.Param.3</To><From>postGRtoECC.OutputXML{/Rowsets/Rowset/Row/CONFCOUNTER}</From></Assign></IncomingLinks><OutgoingLinks/></Action></Actions></Step></Steps><Actions><Action><Name>GR_OK</Name><Description> </Description><IncomingLinks><Assign xsi:type="Assign"><Name/><Description/><To>GR_OK.Input1</To><From>if(postGRtoECC.OutputXML{/Rowsets/Rowset/Row/STATUS} ==1,1,0)</From></Assign></IncomingLinks><OutgoingLinks/></Action></Actions></Step></Steps><Actions><Action><Name>postGRtoECC</Name><Description> </Description><IncomingLinks><Assign xsi:type="Assign"><Name/><Description/><To>postGRtoECC.SAP_CREDENTIAL</To><From>Transaction.SAP_CREDENTIAL</From></Assign><Assign xsi:type="Assign"><Name/><Description/><To>postGRtoECC.SAP_SERVER</To><From>Transaction.SAP_SERVER</From></Assign><Assign xsi:type="Assign"><Name/><Description/><To>postGRtoECC.SQL_SERVER</To><From>Transaction.SQL_SERVER</From></Assign><Assign xsi:type="Assign"><Name/><Description/><To>postGRtoECC.CONF_CNT</To><From>postOrderConfECC.OutputXML{/Rowsets/Rowset/Row/CONFCOUNTER}</From></Assign><Assign xsi:type="Assign"><Name/><Description/><To>postGRtoECC.CONF_NO</To><From>postOrderConfECC.OutputXML{/Rowsets/Rowset/Row/CONFNUMBER}</From></Assign><Assign xsi:type="Assign"><Name/><Description/><To>postGRtoECC.ORDER_NUMBER</To><From>postOrderConfECC.ORDERNUMBER</From></Assign></IncomingLinks><OutgoingLinks/></Action></Actions></Step><Step xsi:type="Catch"><Name>Sequence_21</Name><Description/><Steps><Step xsi:type="ActionSequence"><Name>Sequence_23</Name><Description/><Steps/><Actions><Action><Name>ShowCatch_3</Name><Description> </Description><IncomingLinks><Assign xsi:type="Assign"><Name/><Description/><To>ShowCatch_3.Message</To><From>Catch_3.Message</From></Assign></IncomingLinks><OutgoingLinks/></Action></Actions></Step></Steps><Actions><Action><Name>Catch_3</Name><Description>Catches an exception</Description><IncomingLinks/><OutgoingLinks/></Action></Actions></Step></Steps><Actions><Action><Name>Exception_Enabler_3</Name><Description>Enables exceptions.</Description><IncomingLinks/><OutgoingLinks/></Action></Actions></Step></Steps><Actions><Action><Name>ShowRow</Name><Description> </Description><IncomingLinks><Assign xsi:type="Assign"><Name/><Description/><To>ShowRow.Message</To><From>" Confirmation Task " &amp; RepeatOnRow.CurrentItem &amp; " of " &amp; RepeatOnRow.ItemCount &amp; " -- ORDER: " &amp; 
RepeatOnRow.Output{/Row/ORDER_NUMBER} &amp; " -- OPERATION: " &amp; RepeatOnRow.Output{/Row/OPERATION_NUMBER} &amp; " -- " &amp; RepeatOnRow.Output{/Row/WORKCENTER} &amp; " -- YIELD " &amp; RepeatOnRow.Output{/Row/YIELDQTY} &amp; " -- SCRAP " &amp; RepeatOnRow.Output{/Row/SCRAPQTY} &amp; " -- SERIAL " &amp; RepeatOnRow.Output{/Row/SERIAL_NUMBER} &amp; "-" &amp; RepeatOnRow.Output{/Row/SERIAL_PHANTOM}</From></Assign></IncomingLinks><OutgoingLinks/></Action></Actions></Step></Steps><Actions><Action><Name>RepeatOnRow</Name><Description> </Description><IncomingLinks/><OutgoingLinks/></Action></Actions></Step><Step xsi:type="ActionSequence"><Name>Sequence_6</Name><Description/><Steps/><Actions><Action><Name>NoRows</Name><Description> </Description><IncomingLinks><Assign xsi:type="Assign"><Name/><Description/><To>NoRows.Message</To><From>"No Confirmations Queued .."</From></Assign></IncomingLinks><OutgoingLinks/></Action></Actions></Step></Steps><Actions><Action><Name>RowsPresent</Name><Description> </Description><IncomingLinks><Assign xsi:type="Assign"><Name/><Description/><To>RowsPresent.Input1</To><From>if(getConfRowsbyPlant.Results{count(/Rowsets/Rowset/Row)} &gt;0,1,0)</From></Assign></IncomingLinks><OutgoingLinks/></Action></Actions></Step></Steps><Actions><Action><Name>getConfRowsbyPlant</Name><Description>SQL Query</Description><IncomingLinks><Assign xsi:type="Assign"><Name/><Description/><To>getConfRowsbyPlant.Param.1</To><From>Transaction.SAP_PLANT_ID</From></Assign><Assign xsi:type="Assign"><Name/><Description/><To>getConfRowsbyPlant.Server</To><From>Transaction.SQL_SERVER</From></Assign></IncomingLinks><OutgoingLinks/></Action></Actions></Step><Step xsi:type="Catch"><Name>Sequence_2</Name><Description/><Steps><Step xsi:type="ActionSequence"><Name>Sequence_3</Name><Description/><Steps/><Actions><Action><Name>ShowCatch_0</Name><Description> </Description><IncomingLinks><Assign xsi:type="Assign"><Name/><Description/><To>ShowCatch_0.Message</To><From>Catch_0.Message</From></Assign></IncomingLinks><OutgoingLinks/></Action></Actions></Step></Steps><Actions><Action><Name>Catch_0</Name><Description>Catches an exception</Description><IncomingLinks/><OutgoingLinks/></Action></Actions></Step></Steps><Actions><Action><Name>Exception_Enabler_0</Name><Description>Enables exceptions.</Description><IncomingLinks/><OutgoingLinks/></Action></Actions></Step></Steps><Actions><Action><Name>ShowParam</Name><Description> </Description><IncomingLinks><Assign xsi:type="Assign"><Name/><Description/><To>ShowParam.Message</To><From>" SAP SERVER: " &amp; Transaction.SAP_SERVER &amp; " --  CREDENTIAL: " &amp; Transaction.SAP_CREDENTIAL &amp; " -- PLANT: " &amp; Transaction.SAP_PLANT_ID &amp; " -- SQL SERVER: " &amp; Transaction.SQL_SERVER</From></Assign></IncomingLinks><OutgoingLinks/></Action></Actions></Step></Steps></Transaction>