<?xml version="1.0" encoding="UTF-8"?><Transaction xmlns:xsd="http://www.w3.org/2001/XMLSchema" xmlns:xsi="http://www.w3.org/2001/XMLSchema-instance" Version="15.0.7.12"><TransactionAttributes><ContextItem><Name>Description</Name><Description>Transaction Description</Description><MinRange>0</MinRange><MaxRange>0</MaxRange><Value xsi:type="string"/><ReadOnly>true</ReadOnly><AlertXMLAssigned>false</AlertXMLAssigned></ContextItem><ContextItem><Name>Comments</Name><Description>User Comments</Description><MinRange>0</MinRange><MaxRange>0</MaxRange><Value xsi:type="string"/><ReadOnly>true</ReadOnly><AlertXMLAssigned>false</AlertXMLAssigned></ContextItem><ContextItem><Name>CreatedBy</Name><Description>Created By</Description><MinRange>0</MinRange><MaxRange>0</MaxRange><Value xsi:type="string">RadPa</Value><ReadOnly>true</ReadOnly><AlertXMLAssigned>false</AlertXMLAssigned></ContextItem><ContextItem><Name>CreationDate</Name><Description>Creation Date</Description><MinRange>0</MinRange><MaxRange>0</MaxRange><Value xsi:type="dateTime">2016-07-20T15:28:54</Value><ReadOnly>true</ReadOnly><AlertXMLAssigned>false</AlertXMLAssigned></ContextItem><ContextItem><Name>Category</Name><Description>Transaction Category</Description><MinRange>0</MinRange><MaxRange>0</MaxRange><Value xsi:type="string"/><ReadOnly>true</ReadOnly><AlertXMLAssigned>false</AlertXMLAssigned></ContextItem><ContextItem><Name>Status</Name><Description>Deployment Status</Description><MinRange>0</MinRange><MaxRange>0</MaxRange><Value xsi:type="string">DEVELOPMENT</Value><ReadOnly>true</ReadOnly><AlertXMLAssigned>false</AlertXMLAssigned></ContextItem><ContextItem><Name>LegacyProcessingMode</Name><Description>Support the pre MII 12.1 Transaction Engine.</Description><MinRange>0</MinRange><MaxRange>0</MaxRange><Value xsi:type="boolean">0</Value><ReadOnly>true</ReadOnly><AlertXMLAssigned>false</AlertXMLAssigned></ContextItem><ContextItem><Name>AutoAppendBlankNamespaces</Name><Description>AutoAppendBlankNamespaces</Description><MinRange>0</MinRange><MaxRange>0</MaxRange><Value xsi:type="boolean">1</Value><ReadOnly>true</ReadOnly><AlertXMLAssigned>false</AlertXMLAssigned></ContextItem><ContextItem><Name>ThrowOnLinkError</Name><Description>Throws an exception when a link error occures</Description><MinRange>0</MinRange><MaxRange>0</MaxRange><Value xsi:type="boolean">0</Value><ReadOnly>true</ReadOnly><AlertXMLAssigned>false</AlertXMLAssigned></ContextItem><ContextItem><Name>ThrowOnActionError</Name><Description>Throws an exception when an action error occurs</Description><MinRange>0</MinRange><MaxRange>0</MaxRange><Value xsi:type="boolean">1</Value><ReadOnly>true</ReadOnly><AlertXMLAssigned>false</AlertXMLAssigned></ContextItem><ContextItem><Name>FormatXMLOnConversion</Name><Description>By default XML will be formatted when assigned from XML data type to String data type. This behaviour can be changed with this flag.</Description><MinRange>0</MinRange><MaxRange>0</MaxRange><Value xsi:type="boolean">1</Value><ReadOnly>true</ReadOnly><AlertXMLAssigned>false</AlertXMLAssigned></ContextItem><ContextItem><Name>LastEditedBy</Name><Description>Last Edited By</Description><MinRange>0</MinRange><MaxRange>0</MaxRange><Value xsi:type="xsd:string">RadPa</Value><ReadOnly>true</ReadOnly><AlertXMLAssigned>false</AlertXMLAssigned></ContextItem><ContextItem><Name>LastEditedDate</Name><Description>Last Edited Date</Description><MinRange>0</MinRange><MaxRange>0</MaxRange><Value xsi:type="xsd:dateTime">2017-02-24T20:55:13</Value><ReadOnly>true</ReadOnly><AlertXMLAssigned>false</AlertXMLAssigned></ContextItem></TransactionAttributes><Name>MESM/ORDERS_CNF/TRANSACTIONS/readMatDoc</Name><Version>56</Version><WriterRoles>SAP_XMII_Super_Administrator,SAP_XMII_Administrator,SAP_XMII_Developer</WriterRoles><Context><ContextItem><Name>MATDOCNR</Name><Description/><MinRange>0</MinRange><MaxRange>0</MaxRange><Value xsi:type="string">4901447653</Value><ReadOnly>false</ReadOnly><AlertXMLAssigned>false</AlertXMLAssigned></ContextItem><ContextItem><Name>MATDOCYR</Name><Description/><MinRange>0</MinRange><MaxRange>0</MaxRange><Value xsi:type="string">2017</Value><ReadOnly>false</ReadOnly><AlertXMLAssigned>false</AlertXMLAssigned></ContextItem><ContextItem><Name>SAP_CREDENTIAL</Name><Description/><MinRange>0</MinRange><MaxRange>0</MaxRange><Value xsi:type="string">SAP</Value><ReadOnly>false</ReadOnly><AlertXMLAssigned>false</AlertXMLAssigned></ContextItem><ContextItem><Name>SAP_SERVER</Name><Description/><MinRange>0</MinRange><MaxRange>0</MaxRange><Value xsi:type="string">SAP</Value><ReadOnly>false</ReadOnly><AlertXMLAssigned>false</AlertXMLAssigned></ContextItem></Context><Local><ContextItem><Name>RESP_FIELDS</Name><Description/><MinRange>0</MinRange><MaxRange>0</MaxRange><Value xsi:type="xml"><ReferenceDocumentSource/>&lt;?xml version="1.0" encoding="UTF-8"?&gt;&lt;GOODSMVT_FIELDS&gt;&#13;
                &lt;MAT_DOC&gt;MAT_DOC&lt;/MAT_DOC&gt;&#13;
                &lt;DOC_YEAR&gt;DOC_YEAR&lt;/DOC_YEAR&gt;&#13;
                &lt;MATDOC_ITM&gt;MATDOC_ITM&lt;/MATDOC_ITM&gt;&#13;
                &lt;MATERIAL&gt;MATERIAL&lt;/MATERIAL&gt;&#13;
                &lt;PLANT&gt;PLANT&lt;/PLANT&gt;&#13;
                &lt;STGE_LOC&gt;STGE_LOC&lt;/STGE_LOC&gt;&#13;
                &lt;BATCH&gt;BATCH&lt;/BATCH&gt;&#13;
                &lt;MOVE_TYPE&gt;MOVE_TYPE&lt;/MOVE_TYPE&gt;&#13;
                &lt;STCK_TYPE&gt;STCK_TYPE&lt;/STCK_TYPE&gt;&#13;
                &lt;SPEC_STOCK&gt;SPEC_STOCK&lt;/SPEC_STOCK&gt;&#13;
                &lt;VENDOR&gt;VENDOR&lt;/VENDOR&gt;&#13;
                &lt;CUSTOMER&gt;CUSTOMER&lt;/CUSTOMER&gt;&#13;
                &lt;SALES_ORD&gt;SALES_ORD&lt;/SALES_ORD&gt;&#13;
                &lt;S_ORD_ITEM&gt;S_ORD_ITEM&lt;/S_ORD_ITEM&gt;&#13;
                &lt;SCHED_LINE&gt;SCHED_LINE&lt;/SCHED_LINE&gt;&#13;
                &lt;VAL_TYPE&gt;VAL_TYPE&lt;/VAL_TYPE&gt;&#13;
                &lt;ENTRY_QNT&gt;ENTRY_QNT&lt;/ENTRY_QNT&gt;&#13;
                &lt;ENTRY_UOM&gt;ENTRY_UOM&lt;/ENTRY_UOM&gt;&#13;
                &lt;ENTRY_UOM_ISO&gt;ENTRY_UOM_ISO&lt;/ENTRY_UOM_ISO&gt;&#13;
                &lt;PO_PR_QNT&gt;PO_PR_QNT&lt;/PO_PR_QNT&gt;&#13;
                &lt;ORDERPR_UN&gt;ORDERPR_UN&lt;/ORDERPR_UN&gt;&#13;
                &lt;ORDERPR_UN_ISO&gt;ORDERPR_UN_ISO&lt;/ORDERPR_UN_ISO&gt;&#13;
                &lt;PO_NUMBER&gt;PO_NUMBER&lt;/PO_NUMBER&gt;&#13;
                &lt;PO_ITEM&gt;PO_ITEM&lt;/PO_ITEM&gt;&#13;
                &lt;SHIPPING&gt;SHIPPING&lt;/SHIPPING&gt;&#13;
                &lt;COMP_SHIP&gt;COMP_SHIP&lt;/COMP_SHIP&gt;&#13;
                &lt;NO_MORE_GR&gt;NO_MORE_GR&lt;/NO_MORE_GR&gt;&#13;
                &lt;ITEM_TEXT&gt;ITEM_TEXT&lt;/ITEM_TEXT&gt;&#13;
                &lt;GR_RCPT&gt;GR_RCPT&lt;/GR_RCPT&gt;&#13;
                &lt;UNLOAD_PT&gt;UNLOAD_PT&lt;/UNLOAD_PT&gt;&#13;
                &lt;COSTCENTER&gt;COSTCENTER&lt;/COSTCENTER&gt;&#13;
                &lt;ORDERID&gt;ORDERID&lt;/ORDERID&gt;&#13;
                &lt;ORDER_ITNO&gt;ORDER_ITNO&lt;/ORDER_ITNO&gt;&#13;
                &lt;CALC_MOTIVE&gt;CALC_MOTIVE&lt;/CALC_MOTIVE&gt;&#13;
                &lt;ASSET_NO&gt;ASSET_NO&lt;/ASSET_NO&gt;&#13;
                &lt;SUB_NUMBER&gt;SUB_NUMBER&lt;/SUB_NUMBER&gt;&#13;
                &lt;RESERV_NO&gt;RESERV_NO&lt;/RESERV_NO&gt;&#13;
                &lt;RES_ITEM&gt;RES_ITEM&lt;/RES_ITEM&gt;&#13;
                &lt;RES_TYPE&gt;RES_TYPE&lt;/RES_TYPE&gt;&#13;
                &lt;WITHDRAWN&gt;WITHDRAWN&lt;/WITHDRAWN&gt;&#13;
                &lt;MOVE_MAT&gt;MOVE_MAT&lt;/MOVE_MAT&gt;&#13;
                &lt;MOVE_PLANT&gt;&#13;
MOVE_PLANT&lt;/MOVE_PLANT&gt;&#13;
                &lt;MOVE_STLOC&gt;MOVE_STLOC&lt;/MOVE_STLOC&gt;&#13;
                &lt;MOVE_BATCH&gt;MOVE_BATCH&lt;/MOVE_BATCH&gt;&#13;
                &lt;MOVE_VAL_TYPE&gt;&#13;
MOVE_VAL_TYPE&lt;/MOVE_VAL_TYPE&gt;&#13;
                &lt;MVT_IND&gt;MVT_IND&lt;/MVT_IND&gt;&#13;
                &lt;MOVE_REAS&gt;MOVE_REAS&lt;/MOVE_REAS&gt;&#13;
                &lt;RL_EST_KEY&gt;RL_EST_KEY&lt;/RL_EST_KEY&gt;&#13;
                &lt;REF_DATE&gt;REF_DATE&lt;/REF_DATE&gt;&#13;
                &lt;COST_OBJ&gt;COST_OBJ&lt;/COST_OBJ&gt;&#13;
                &lt;PROFIT_SEGM_NO&gt;PROFIT_SEGM_NO&lt;/PROFIT_SEGM_NO&gt;&#13;
                &lt;PROFIT_CTR&gt;PROFIT_CTR&lt;/PROFIT_CTR&gt;&#13;
                &lt;WBS_ELEM&gt;WBS_ELEM&lt;/WBS_ELEM&gt;&#13;
                &lt;NETWORK&gt;NETWORK&lt;/NETWORK&gt;&#13;
                &lt;ACTIVITY&gt;&#13;
ACTIVITY&lt;/ACTIVITY&gt;&#13;
                &lt;PART_ACCT&gt;PART_ACCT&lt;/PART_ACCT&gt;&#13;
                &lt;AMOUNT_LC&gt;AMOUNT_LC&lt;/AMOUNT_LC&gt;&#13;
                &lt;AMOUNT_SV&gt;AMOUNT_SV&lt;/AMOUNT_SV&gt;&#13;
                &lt;CURRENCY&gt;CURRENCY&lt;/CURRENCY&gt;&#13;
                &lt;CURRENCY_ISO&gt;CURRENCY_ISO&lt;/CURRENCY_ISO&gt;&#13;
                &lt;REF_DOC_YR&gt;REF_DOC_YR&lt;/REF_DOC_YR&gt;&#13;
                &lt;REF_DOC&gt;REF_DOC&lt;/REF_DOC&gt;&#13;
                &lt;REF_DOC_IT&gt;REF_DOC_IT&lt;/REF_DOC_IT&gt;&#13;
                &lt;EXPIRYDATE&gt;EXPIRYDATE&lt;/EXPIRYDATE&gt;&#13;
                &lt;PROD_DATE&gt;PROD_DATE&lt;/PROD_DATE&gt;&#13;
                &lt;FUND&gt;FUND&lt;/FUND&gt;&#13;
                &lt;FUNDS_CTR&gt;&#13;
FUNDS_CTR&lt;/FUNDS_CTR&gt;&#13;
                &lt;CMMT_ITEM&gt;&#13;
CMMT_ITEM&lt;/CMMT_ITEM&gt;&#13;
                &lt;VAL_SALES_ORD&gt;VAL_SALES_ORD&lt;/VAL_SALES_ORD&gt;&#13;
                &lt;VAL_S_ORD_ITEM&gt;VAL_S_ORD_ITEM&lt;/VAL_S_ORD_ITEM&gt;&#13;
                &lt;VAL_WBS_ELEM&gt;&#13;
VAL_WBS_ELEM&lt;/VAL_WBS_ELEM&gt;&#13;
                &lt;CO_BUSPROC&gt;&#13;
CO_BUSPROC&lt;/CO_BUSPROC&gt;&#13;
                &lt;ACTTYPE&gt;&#13;
ACTTYPE&lt;/ACTTYPE&gt;&#13;
                &lt;SUPPL_VEND&gt;SUPPL_VEND&lt;/SUPPL_VEND&gt;&#13;
                &lt;X_AUTO_CRE&gt;X_AUTO_CRE&lt;/X_AUTO_CRE&gt;&#13;
                &lt;MATERIAL_EXTERNAL&gt;MATERIAL_EXTERNAL&lt;/MATERIAL_EXTERNAL&gt;&#13;
                &lt;MATERIAL_GUID&gt;&#13;
MATERIAL_GUID&lt;/MATERIAL_GUID&gt;&#13;
                &lt;MATERIAL_VERSION&gt;MATERIAL_VERSION&lt;/MATERIAL_VERSION&gt;&#13;
                &lt;MOVE_MAT_EXTERNAL&gt;&#13;
MOVE_MAT_EXTERNAL&lt;/MOVE_MAT_EXTERNAL&gt;&#13;
                &lt;MOVE_MAT_GUID&gt;&#13;
MOVE_MAT_GUID&lt;/MOVE_MAT_GUID&gt;&#13;
                &lt;MOVE_MAT_VERSION&gt;&#13;
MOVE_MAT_VERSION&lt;/MOVE_MAT_VERSION&gt;&#13;
                &lt;GRANT_NBR&gt;&#13;
GRANT_NBR&lt;/GRANT_NBR&gt;&#13;
                &lt;CMMT_ITEM_LONG&gt;&#13;
CMMT_ITEM_LONG&lt;/CMMT_ITEM_LONG&gt;&#13;
                &lt;FUNC_AREA_LONG&gt;&#13;
FUNC_AREA_LONG&lt;/FUNC_AREA_LONG&gt;&#13;
                &lt;LINE_ID&gt;LINE_ID&lt;/LINE_ID&gt;&#13;
                &lt;PARENT_ID&gt;PARENT_ID&lt;/PARENT_ID&gt;&#13;
                &lt;LINE_DEPTH&gt;LINE_DEPTH&lt;/LINE_DEPTH&gt;&#13;
                &lt;BUDGET_PERIOD&gt;BUDGET_PERIOD&lt;/BUDGET_PERIOD&gt;&#13;
                &lt;EARMARKED_NUMBER&gt;EARMARKED_NUMBER&lt;/EARMARKED_NUMBER&gt;&#13;
                &lt;EARMARKED_ITEM&gt;EARMARKED_ITEM&lt;/EARMARKED_ITEM&gt;&#13;
&lt;/GOODSMVT_FIELDS&gt;</Value><SchemaURI/><SchemaElement/><ValidateXMLOnExecution>1</ValidateXMLOnExecution><ReadOnly>false</ReadOnly><AlertXMLAssigned>false</AlertXMLAssigned></ContextItem></Local><Layout><GUILayoutItem><Name>Sequence</Name><X>80</X><Y>280</Y><Width>120</Width><SpacingWidth>264</SpacingWidth><DescendantWidth>264</DescendantWidth><Height>96</Height></GUILayoutItem><GUILayoutItem><Name>GM_DETAIL</Name><X>88</X><Y>296</Y><Width>104</Width><SpacingWidth>0</SpacingWidth><DescendantWidth>0</DescendantWidth><Height>72</Height></GUILayoutItem><GUILayoutItem><Name>Sequence_3</Name><X>8</X><Y>824</Y><Width>120</Width><SpacingWidth>120</SpacingWidth><DescendantWidth>0</DescendantWidth><Height>96</Height></GUILayoutItem><GUILayoutItem><Name>Sequence_4</Name><X>152</X><Y>688</Y><Width>120</Width><SpacingWidth>120</SpacingWidth><DescendantWidth>0</DescendantWidth><Height>96</Height></GUILayoutItem><GUILayoutItem><Name>ShowDetail</Name><X>16</X><Y>840</Y><Width>104</Width><SpacingWidth>0</SpacingWidth><DescendantWidth>0</DescendantWidth><Height>72</Height></GUILayoutItem><GUILayoutItem><Name>ShowMsg</Name><X>160</X><Y>704</Y><Width>104</Width><SpacingWidth>0</SpacingWidth><DescendantWidth>0</DescendantWidth><Height>72</Height></GUILayoutItem><GUILayoutItem><Name>Sequence_2</Name><X>80</X><Y>552</Y><Width>120</Width><SpacingWidth>264</SpacingWidth><DescendantWidth>264</DescendantWidth><Height>96</Height></GUILayoutItem><GUILayoutItem><Name>DetailOK</Name><X>88</X><Y>568</Y><Width>104</Width><SpacingWidth>0</SpacingWidth><DescendantWidth>0</DescendantWidth><Height>72</Height></GUILayoutItem><GUILayoutItem><Name>Sequence_0</Name><X>152</X><Y>144</Y><Width>120</Width><SpacingWidth>408</SpacingWidth><DescendantWidth>408</DescendantWidth><Height>96</Height></GUILayoutItem><GUILayoutItem><Name>Sequence_1</Name><X>152</X><Y>8</Y><Width>120</Width><SpacingWidth>408</SpacingWidth><DescendantWidth>408</DescendantWidth><Height>96</Height></GUILayoutItem><GUILayoutItem><Name>Sequence_6</Name><X>296</X><Y>416</Y><Width>120</Width><SpacingWidth>120</SpacingWidth><DescendantWidth>0</DescendantWidth><Height>96</Height></GUILayoutItem><GUILayoutItem><Name>Exception_Enabler_0</Name><X>160</X><Y>160</Y><Width>104</Width><SpacingWidth>0</SpacingWidth><DescendantWidth>0</DescendantWidth><Height>72</Height></GUILayoutItem><GUILayoutItem><Name>Sequence_5</Name><X>296</X><Y>280</Y><Width>120</Width><SpacingWidth>120</SpacingWidth><DescendantWidth>120</DescendantWidth><Height>96</Height></GUILayoutItem><GUILayoutItem><Name>Catch_0</Name><X>304</X><Y>296</Y><Width>104</Width><SpacingWidth>0</SpacingWidth><DescendantWidth>0</DescendantWidth><Height>72</Height></GUILayoutItem><GUILayoutItem><Name>ShowCatch_0</Name><X>304</X><Y>432</Y><Width>104</Width><SpacingWidth>0</SpacingWidth><DescendantWidth>0</DescendantWidth><Height>72</Height></GUILayoutItem><GUILayoutItem><Name>ShowParam</Name><X>160</X><Y>24</Y><Width>104</Width><SpacingWidth>0</SpacingWidth><DescendantWidth>0</DescendantWidth><Height>72</Height></GUILayoutItem><GUILayoutItem><Name>Sequence_7</Name><X>8</X><Y>688</Y><Width>120</Width><SpacingWidth>120</SpacingWidth><DescendantWidth>120</DescendantWidth><Height>96</Height></GUILayoutItem><GUILayoutItem><Name>For_Next_Loop</Name><X>16</X><Y>704</Y><Width>104</Width><SpacingWidth>0</SpacingWidth><DescendantWidth>0</DescendantWidth><Height>72</Height></GUILayoutItem><GUILayoutItem><Name>Sequence_8</Name><X>80</X><Y>416</Y><Width>120</Width><SpacingWidth>264</SpacingWidth><DescendantWidth>264</DescendantWidth><Height>96</Height></GUILayoutItem><GUILayoutItem><Name>Tracer_0</Name><X>88</X><Y>432</Y><Width>104</Width><SpacingWidth>0</SpacingWidth><DescendantWidth>0</DescendantWidth><Height>72</Height></GUILayoutItem></Layout><Actions><ContextItem><Name>GM_DETAIL</Name><Description/><MinRange>0</MinRange><MaxRange>0</MaxRange><Value xsi:type="SAPJCOInterface"><Request><ReferenceDocumentSource/>&lt;?xml version="1.0" encoding="UTF-8"?&gt;&lt;BAPI_GOODSMVT_GETDETAIL&gt;&lt;INPUT&gt;&lt;MATDOCUMENTYEAR/&gt;&lt;MATERIALDOCUMENT/&gt;&lt;/INPUT&gt;&lt;TABLES&gt;&lt;GOODSMVT_ITEMS&gt;&lt;item&gt;&lt;MAT_DOC/&gt;&lt;DOC_YEAR/&gt;&lt;MATDOC_ITM/&gt;&lt;MATERIAL/&gt;&lt;PLANT/&gt;&lt;STGE_LOC/&gt;&lt;BATCH/&gt;&lt;MOVE_TYPE/&gt;&lt;STCK_TYPE/&gt;&lt;SPEC_STOCK/&gt;&lt;VENDOR/&gt;&lt;CUSTOMER/&gt;&lt;SALES_ORD/&gt;&lt;S_ORD_ITEM/&gt;&lt;SCHED_LINE/&gt;&lt;VAL_TYPE/&gt;&lt;ENTRY_QNT/&gt;&lt;ENTRY_UOM/&gt;&lt;ENTRY_UOM_ISO/&gt;&lt;PO_PR_QNT/&gt;&lt;ORDERPR_UN/&gt;&lt;ORDERPR_UN_ISO/&gt;&lt;PO_NUMBER/&gt;&lt;PO_ITEM/&gt;&lt;SHIPPING/&gt;&lt;COMP_SHIP/&gt;&lt;NO_MORE_GR/&gt;&lt;ITEM_TEXT/&gt;&lt;GR_RCPT/&gt;&lt;UNLOAD_PT/&gt;&lt;COSTCENTER/&gt;&lt;ORDERID/&gt;&lt;ORDER_ITNO/&gt;&lt;CALC_MOTIVE/&gt;&lt;ASSET_NO/&gt;&lt;SUB_NUMBER/&gt;&lt;RESERV_NO/&gt;&lt;RES_ITEM/&gt;&lt;RES_TYPE/&gt;&lt;WITHDRAWN/&gt;&lt;MOVE_MAT/&gt;&lt;MOVE_PLANT/&gt;&lt;MOVE_STLOC/&gt;&lt;MOVE_BATCH/&gt;&lt;MOVE_VAL_TYPE/&gt;&lt;MVT_IND/&gt;&lt;MOVE_REAS/&gt;&lt;RL_EST_KEY/&gt;&lt;REF_DATE/&gt;&lt;COST_OBJ/&gt;&lt;PROFIT_SEGM_NO/&gt;&lt;PROFIT_CTR/&gt;&lt;WBS_ELEM/&gt;&lt;NETWORK/&gt;&lt;ACTIVITY/&gt;&lt;PART_ACCT/&gt;&lt;AMOUNT_LC/&gt;&lt;AMOUNT_SV/&gt;&lt;CURRENCY/&gt;&lt;CURRENCY_ISO/&gt;&lt;REF_DOC_YR/&gt;&lt;REF_DOC/&gt;&lt;REF_DOC_IT/&gt;&lt;EXPIRYDATE/&gt;&lt;PROD_DATE/&gt;&lt;FUND/&gt;&lt;FUNDS_CTR/&gt;&lt;CMMT_ITEM/&gt;&lt;VAL_SALES_ORD/&gt;&lt;VAL_S_ORD_ITEM/&gt;&lt;VAL_WBS_ELEM/&gt;&lt;CO_BUSPROC/&gt;&lt;ACTTYPE/&gt;&lt;SUPPL_VEND/&gt;&lt;X_AUTO_CRE/&gt;&lt;MATERIAL_EXTERNAL/&gt;&lt;MATERIAL_GUID/&gt;&lt;MATERIAL_VERSION/&gt;&lt;MOVE_MAT_EXTERNAL/&gt;&lt;MOVE_MAT_GUID/&gt;&lt;MOVE_MAT_VERSION/&gt;&lt;GRANT_NBR/&gt;&lt;CMMT_ITEM_LONG/&gt;&lt;FUNC_AREA_LONG/&gt;&lt;LINE_ID/&gt;&lt;PARENT_ID/&gt;&lt;LINE_DEPTH/&gt;&lt;BUDGET_PERIOD/&gt;&lt;EARMARKED_NUMBER/&gt;&lt;EARMARKED_ITEM/&gt;&lt;/item&gt;&lt;/GOODSMVT_ITEMS&gt;&lt;RETURN&gt;&lt;item&gt;&lt;TYPE/&gt;&lt;ID/&gt;&lt;NUMBER/&gt;&lt;MESSAGE/&gt;&lt;LOG_NO/&gt;&lt;LOG_MSG_NO/&gt;&lt;MESSAGE_V1/&gt;&lt;MESSAGE_V2/&gt;&lt;MESSAGE_V3/&gt;&lt;MESSAGE_V4/&gt;&lt;PARAMETER/&gt;&lt;ROW/&gt;&lt;FIELD/&gt;&lt;SYSTEM/&gt;&lt;/item&gt;&lt;/RETURN&gt;&lt;/TABLES&gt;&lt;/BAPI_GOODSMVT_GETDETAIL&gt;</Request><Response><ReferenceDocumentSource/>&lt;?xml version="1.0" encoding="UTF-8"?&gt;&lt;BAPI_GOODSMVT_GETDETAIL&gt;&lt;OUTPUT&gt;&lt;GOODSMVT_HEADER&gt;&lt;MAT_DOC/&gt;&lt;DOC_YEAR/&gt;&lt;TR_EV_TYPE/&gt;&lt;DOC_DATE/&gt;&lt;PSTNG_DATE/&gt;&lt;ENTRY_DATE/&gt;&lt;ENTRY_TIME/&gt;&lt;USERNAME/&gt;&lt;VER_GR_GI_SLIP/&gt;&lt;EXPIMP_NO/&gt;&lt;REF_DOC_NO/&gt;&lt;HEADER_TXT/&gt;&lt;REF_DOC_NO_LONG/&gt;&lt;/GOODSMVT_HEADER&gt;&lt;/OUTPUT&gt;&lt;TABLES&gt;&lt;GOODSMVT_ITEMS&gt;&lt;item&gt;&lt;MAT_DOC/&gt;&lt;DOC_YEAR/&gt;&lt;MATDOC_ITM/&gt;&lt;MATERIAL/&gt;&lt;PLANT/&gt;&lt;STGE_LOC/&gt;&lt;BATCH/&gt;&lt;MOVE_TYPE/&gt;&lt;STCK_TYPE/&gt;&lt;SPEC_STOCK/&gt;&lt;VENDOR/&gt;&lt;CUSTOMER/&gt;&lt;SALES_ORD/&gt;&lt;S_ORD_ITEM/&gt;&lt;SCHED_LINE/&gt;&lt;VAL_TYPE/&gt;&lt;ENTRY_QNT/&gt;&lt;ENTRY_UOM/&gt;&lt;ENTRY_UOM_ISO/&gt;&lt;PO_PR_QNT/&gt;&lt;ORDERPR_UN/&gt;&lt;ORDERPR_UN_ISO/&gt;&lt;PO_NUMBER/&gt;&lt;PO_ITEM/&gt;&lt;SHIPPING/&gt;&lt;COMP_SHIP/&gt;&lt;NO_MORE_GR/&gt;&lt;ITEM_TEXT/&gt;&lt;GR_RCPT/&gt;&lt;UNLOAD_PT/&gt;&lt;COSTCENTER/&gt;&lt;ORDERID/&gt;&lt;ORDER_ITNO/&gt;&lt;CALC_MOTIVE/&gt;&lt;ASSET_NO/&gt;&lt;SUB_NUMBER/&gt;&lt;RESERV_NO/&gt;&lt;RES_ITEM/&gt;&lt;RES_TYPE/&gt;&lt;WITHDRAWN/&gt;&lt;MOVE_MAT/&gt;&lt;MOVE_PLANT/&gt;&lt;MOVE_STLOC/&gt;&lt;MOVE_BATCH/&gt;&lt;MOVE_VAL_TYPE/&gt;&lt;MVT_IND/&gt;&lt;MOVE_REAS/&gt;&lt;RL_EST_KEY/&gt;&lt;REF_DATE/&gt;&lt;COST_OBJ/&gt;&lt;PROFIT_SEGM_NO/&gt;&lt;PROFIT_CTR/&gt;&lt;WBS_ELEM/&gt;&lt;NETWORK/&gt;&lt;ACTIVITY/&gt;&lt;PART_ACCT/&gt;&lt;AMOUNT_LC/&gt;&lt;AMOUNT_SV/&gt;&lt;CURRENCY/&gt;&lt;CURRENCY_ISO/&gt;&lt;REF_DOC_YR/&gt;&lt;REF_DOC/&gt;&lt;REF_DOC_IT/&gt;&lt;EXPIRYDATE/&gt;&lt;PROD_DATE/&gt;&lt;FUND/&gt;&lt;FUNDS_CTR/&gt;&lt;CMMT_ITEM/&gt;&lt;VAL_SALES_ORD/&gt;&lt;VAL_S_ORD_ITEM/&gt;&lt;VAL_WBS_ELEM/&gt;&lt;CO_BUSPROC/&gt;&lt;ACTTYPE/&gt;&lt;SUPPL_VEND/&gt;&lt;X_AUTO_CRE/&gt;&lt;MATERIAL_EXTERNAL/&gt;&lt;MATERIAL_GUID/&gt;&lt;MATERIAL_VERSION/&gt;&lt;MOVE_MAT_EXTERNAL/&gt;&lt;MOVE_MAT_GUID/&gt;&lt;MOVE_MAT_VERSION/&gt;&lt;GRANT_NBR/&gt;&lt;CMMT_ITEM_LONG/&gt;&lt;FUNC_AREA_LONG/&gt;&lt;LINE_ID/&gt;&lt;PARENT_ID/&gt;&lt;LINE_DEPTH/&gt;&lt;BUDGET_PERIOD/&gt;&lt;EARMARKED_NUMBER/&gt;&lt;EARMARKED_ITEM/&gt;&lt;/item&gt;&lt;/GOODSMVT_ITEMS&gt;&lt;RETURN&gt;&lt;item&gt;&lt;TYPE/&gt;&lt;ID/&gt;&lt;NUMBER/&gt;&lt;MESSAGE/&gt;&lt;LOG_NO/&gt;&lt;LOG_MSG_NO/&gt;&lt;MESSAGE_V1/&gt;&lt;MESSAGE_V2/&gt;&lt;MESSAGE_V3/&gt;&lt;MESSAGE_V4/&gt;&lt;PARAMETER/&gt;&lt;ROW/&gt;&lt;FIELD/&gt;&lt;SYSTEM/&gt;&lt;/item&gt;&lt;/RETURN&gt;&lt;/TABLES&gt;&lt;/BAPI_GOODSMVT_GETDETAIL&gt;</Response><SAPRFC>BAPI_GOODSMVT_GETDETAIL</SAPRFC><ExecuteFunction>true</ExecuteFunction><AutoCommit>false</AutoCommit><ConnPropAlias>SAP</ConnPropAlias><CredentialAlias>SAP</CredentialAlias><SAPServerName>10.2.8.38</SAPServerName><SAPClient>521</SAPClient><SAPSystemNumber>00</SAPSystemNumber><SAPUserName/><SAPPassword/><Language>EN</Language><SAPSSO2Ticket/><ConnectionTimeout>0</ConnectionTimeout><PoolConnections>false</PoolConnections><LogonGroup/><RecreateFunction>true</RecreateFunction><AllowMultipleRows>true</AllowMultipleRows><DaysRetention>7</DaysRetention><MaxRetryCount>5</MaxRetryCount><RetryInterval>30000</RetryInterval><ProcessingMode>1</ProcessingMode><Filter/><DataBufferComment/><RetryImmediately>false</RetryImmediately></Value><SchemaURI/><SchemaElement/><ValidateXMLOnExecution>1</ValidateXMLOnExecution><SchemaURI/><SchemaElement/><ValidateXMLOnExecution>1</ValidateXMLOnExecution><ReadOnly>false</ReadOnly><AlertXMLAssigned>false</AlertXMLAssigned></ContextItem><ContextItem><Name>ShowDetail</Name><Description/><MinRange>0</MinRange><MaxRange>0</MaxRange><Value xsi:type="Tracer"><Message/><Level>INFO</Level></Value><ReadOnly>false</ReadOnly><AlertXMLAssigned>false</AlertXMLAssigned></ContextItem><ContextItem><Name>ShowMsg</Name><Description/><MinRange>0</MinRange><MaxRange>0</MaxRange><Value xsi:type="Tracer"><Message/><Level>INFO</Level></Value><ReadOnly>false</ReadOnly><AlertXMLAssigned>false</AlertXMLAssigned></ContextItem><ContextItem><Name>DetailOK</Name><Description/><MinRange>0</MinRange><MaxRange>0</MaxRange><Value xsi:type="ConditionalAction"><Output>false</Output><InputCount>1</InputCount><LogicalAnd>false</LogicalAnd><Input1>false</Input1></Value><ReadOnly>false</ReadOnly><AlertXMLAssigned>false</AlertXMLAssigned></ContextItem><ContextItem><Name>Exception_Enabler_0</Name><Description/><MinRange>0</MinRange><MaxRange>0</MaxRange><Value xsi:type="ExceptionEnabler"><EnableActionExceptions>true</EnableActionExceptions><EnableLinkExceptions>true</EnableLinkExceptions></Value><ReadOnly>false</ReadOnly><AlertXMLAssigned>false</AlertXMLAssigned></ContextItem><ContextItem><Name>Catch_0</Name><Description/><MinRange>0</MinRange><MaxRange>0</MaxRange><Value xsi:type="CatchAction"/><ReadOnly>false</ReadOnly><AlertXMLAssigned>false</AlertXMLAssigned></ContextItem><ContextItem><Name>ShowCatch_0</Name><Description/><MinRange>0</MinRange><MaxRange>0</MaxRange><Value xsi:type="Tracer"><Message/><Level>INFO</Level></Value><ReadOnly>false</ReadOnly><AlertXMLAssigned>false</AlertXMLAssigned></ContextItem><ContextItem><Name>ShowParam</Name><Description/><MinRange>0</MinRange><MaxRange>0</MaxRange><Value xsi:type="Tracer"><Message/><Level>INFO</Level></Value><ReadOnly>false</ReadOnly><AlertXMLAssigned>false</AlertXMLAssigned></ContextItem><ContextItem><Name>For_Next_Loop</Name><Description/><MinRange>0</MinRange><MaxRange>0</MaxRange><Value xsi:type="ForNextRepeaterAction"><From>0</From><To>0</To><Step>1</Step><Break>false</Break><CurrentItem>0</CurrentItem></Value><ReadOnly>false</ReadOnly><AlertXMLAssigned>false</AlertXMLAssigned></ContextItem><ContextItem><Name>Tracer_0</Name><Description/><MinRange>0</MinRange><MaxRange>0</MaxRange><Value xsi:type="Tracer"><Message/><Level>INFO</Level></Value><ReadOnly>false</ReadOnly><AlertXMLAssigned>false</AlertXMLAssigned></ContextItem></Actions><ReaderRoles>SAP_XMII_Super_Administrator,SAP_XMII_Administrator,SAP_XMII_Developer,SAP_XMII_User</ReaderRoles><Steps><Step xsi:type="ActionSequence"><Name>Sequence_1</Name><Description/><Steps><Step xsi:type="ActionSequence"><Name>Sequence_0</Name><Description/><Steps><Step xsi:type="ActionSequence"><Name>Sequence</Name><Description/><Steps><Step xsi:type="ActionSequence"><Name>Sequence_8</Name><Description/><Steps><Step xsi:type="Conditional"><Name>Sequence_2</Name><Description/><Steps><Step xsi:type="ForNextRepeater"><Name>Sequence_7</Name><Description/><Steps><Step xsi:type="ActionSequence"><Name>Sequence_3</Name><Description/><Steps/><Actions><Action><Name>ShowDetail</Name><Description> </Description><IncomingLinks><Assign xsi:type="Assign"><Name/><Description/><To>ShowDetail.Message</To><From>" Item " &amp; For_Next_Loop.CurrentItem &amp; " &lt;&lt; " &amp; 
Local.RESP_FIELDS{/GOODSMVT_FIELDS/*[#For_Next_Loop.CurrentItem#]} &amp; " &gt;&gt; " &amp; 
stringif(GM_DETAIL.Response{/BAPI_GOODSMVT_GETDETAIL/TABLES/GOODSMVT_ITEMS/item/*[#For_Next_Loop.CurrentItem#]} == "", "NULL", GM_DETAIL.Response{/BAPI_GOODSMVT_GETDETAIL/TABLES/GOODSMVT_ITEMS/item/*[#For_Next_Loop.CurrentItem#]})</From></Assign></IncomingLinks><OutgoingLinks/></Action></Actions></Step></Steps><Actions><Action><Name>For_Next_Loop</Name><Description> </Description><IncomingLinks><Assign xsi:type="Assign"><Name/><Description/><To>For_Next_Loop.From</To><From>"1"</From></Assign><Assign xsi:type="Assign"><Name/><Description/><To>For_Next_Loop.To</To><From>GM_DETAIL.Response{count(/BAPI_GOODSMVT_GETDETAIL/TABLES/GOODSMVT_ITEMS/item/*)}</From></Assign></IncomingLinks><OutgoingLinks/></Action></Actions></Step><Step xsi:type="ActionSequence"><Name>Sequence_4</Name><Description/><Steps/><Actions><Action><Name>ShowMsg</Name><Description> </Description><IncomingLinks><Assign xsi:type="Assign"><Name/><Description/><To>ShowMsg.Message</To><From>GM_DETAIL.Response{/BAPI_GOODSMVT_GETDETAIL/TABLES/RETURN/item/TYPE} &amp; " -- " &amp; GM_DETAIL.Response{/BAPI_GOODSMVT_GETDETAIL/TABLES/RETURN/item/MESSAGE}</From></Assign></IncomingLinks><OutgoingLinks/></Action></Actions></Step></Steps><Actions><Action><Name>DetailOK</Name><Description> </Description><IncomingLinks><Assign xsi:type="Assign"><Name/><Description/><To>DetailOK.Input1</To><From>stringif(GM_DETAIL.Response{/BAPI_GOODSMVT_GETDETAIL/TABLES/RETURN/item/TYPE}!="E",1,0)</From></Assign></IncomingLinks><OutgoingLinks/></Action></Actions></Step></Steps><Actions><Action><Name>Tracer_0</Name><Description> </Description><IncomingLinks><Assign xsi:type="Assign"><Name/><Description/><To>Tracer_0.Message</To><From>GM_DETAIL.Response</From></Assign></IncomingLinks><OutgoingLinks/></Action></Actions></Step></Steps><Actions><Action><Name>GM_DETAIL</Name><Description> </Description><IncomingLinks><Assign xsi:type="Assign"><Name/><Description/><To>GM_DETAIL.Request{/BAPI_GOODSMVT_GETDETAIL/INPUT/MATERIALDOCUMENT}</To><From>Transaction.MATDOCNR</From></Assign><Assign xsi:type="Assign"><Name/><Description/><To>GM_DETAIL.Request{/BAPI_GOODSMVT_GETDETAIL/INPUT/MATDOCUMENTYEAR}</To><From>Transaction.MATDOCYR</From></Assign></IncomingLinks><OutgoingLinks/></Action></Actions></Step><Step xsi:type="Catch"><Name>Sequence_5</Name><Description/><Steps><Step xsi:type="ActionSequence"><Name>Sequence_6</Name><Description/><Steps/><Actions><Action><Name>ShowCatch_0</Name><Description> </Description><IncomingLinks><Assign xsi:type="Assign"><Name/><Description/><To>ShowCatch_0.Message</To><From>Catch_0.Message</From></Assign></IncomingLinks><OutgoingLinks/></Action></Actions></Step></Steps><Actions><Action><Name>Catch_0</Name><Description>Catches an exception</Description><IncomingLinks/><OutgoingLinks/></Action></Actions></Step></Steps><Actions><Action><Name>Exception_Enabler_0</Name><Description>Enables exceptions.</Description><IncomingLinks/><OutgoingLinks/></Action></Actions></Step></Steps><Actions><Action><Name>ShowParam</Name><Description> </Description><IncomingLinks><Assign xsi:type="Assign"><Name/><Description/><To>ShowParam.Message</To><From>" &gt;&gt; SERVER: " &amp; Transaction.SAP_SERVER &amp; 
" -- CRED: " &amp; Transaction.SAP_CREDENTIAL &amp;
" -- MAT DOC: " &amp; Transaction.MATDOCNR &amp; 
" -- YEAR: " &amp; Transaction.MATDOCYR</From></Assign></IncomingLinks><OutgoingLinks/></Action></Actions></Step></Steps></Transaction>