<?xml version="1.0" encoding="UTF-8"?><Transaction xmlns:xsd="http://www.w3.org/2001/XMLSchema" xmlns:xsi="http://www.w3.org/2001/XMLSchema-instance" Version="15.0.4.11"><TransactionAttributes><ContextItem><Name>Description</Name><Description>Transaction Description</Description><MinRange>0</MinRange><MaxRange>0</MaxRange><Value xsi:type="string"/><ReadOnly>true</ReadOnly><AlertXMLAssigned>false</AlertXMLAssigned></ContextItem><ContextItem><Name>Comments</Name><Description>User Comments</Description><MinRange>0</MinRange><MaxRange>0</MaxRange><Value xsi:type="string"/><ReadOnly>true</ReadOnly><AlertXMLAssigned>false</AlertXMLAssigned></ContextItem><ContextItem><Name>CreatedBy</Name><Description>Created By</Description><MinRange>0</MinRange><MaxRange>0</MaxRange><Value xsi:type="string">RadPa</Value><ReadOnly>true</ReadOnly><AlertXMLAssigned>false</AlertXMLAssigned></ContextItem><ContextItem><Name>CreationDate</Name><Description>Creation Date</Description><MinRange>0</MinRange><MaxRange>0</MaxRange><Value xsi:type="dateTime">2016-07-20T15:28:54</Value><ReadOnly>true</ReadOnly><AlertXMLAssigned>false</AlertXMLAssigned></ContextItem><ContextItem><Name>Category</Name><Description>Transaction Category</Description><MinRange>0</MinRange><MaxRange>0</MaxRange><Value xsi:type="string"/><ReadOnly>true</ReadOnly><AlertXMLAssigned>false</AlertXMLAssigned></ContextItem><ContextItem><Name>Status</Name><Description>Deployment Status</Description><MinRange>0</MinRange><MaxRange>0</MaxRange><Value xsi:type="string">DEVELOPMENT</Value><ReadOnly>true</ReadOnly><AlertXMLAssigned>false</AlertXMLAssigned></ContextItem><ContextItem><Name>LegacyProcessingMode</Name><Description>Support the pre MII 12.1 Transaction Engine.</Description><MinRange>0</MinRange><MaxRange>0</MaxRange><Value xsi:type="boolean">0</Value><ReadOnly>true</ReadOnly><AlertXMLAssigned>false</AlertXMLAssigned></ContextItem><ContextItem><Name>AutoAppendBlankNamespaces</Name><Description>AutoAppendBlankNamespaces</Description><MinRange>0</MinRange><MaxRange>0</MaxRange><Value xsi:type="boolean">1</Value><ReadOnly>true</ReadOnly><AlertXMLAssigned>false</AlertXMLAssigned></ContextItem><ContextItem><Name>ThrowOnLinkError</Name><Description>Throws an exception when a link error occures</Description><MinRange>0</MinRange><MaxRange>0</MaxRange><Value xsi:type="boolean">0</Value><ReadOnly>true</ReadOnly><AlertXMLAssigned>false</AlertXMLAssigned></ContextItem><ContextItem><Name>ThrowOnActionError</Name><Description>Throws an exception when an action error occurs</Description><MinRange>0</MinRange><MaxRange>0</MaxRange><Value xsi:type="boolean">1</Value><ReadOnly>true</ReadOnly><AlertXMLAssigned>false</AlertXMLAssigned></ContextItem><ContextItem><Name>FormatXMLOnConversion</Name><Description>By default XML will be formatted when assigned from XML data type to String data type. This behaviour can be changed with this flag.</Description><MinRange>0</MinRange><MaxRange>0</MaxRange><Value xsi:type="boolean">1</Value><ReadOnly>true</ReadOnly><AlertXMLAssigned>false</AlertXMLAssigned></ContextItem><ContextItem><Name>LastEditedBy</Name><Description>Last Edited By</Description><MinRange>0</MinRange><MaxRange>0</MaxRange><Value xsi:type="xsd:string">RadPa</Value><ReadOnly>true</ReadOnly><AlertXMLAssigned>false</AlertXMLAssigned></ContextItem><ContextItem><Name>LastEditedDate</Name><Description>Last Edited Date</Description><MinRange>0</MinRange><MaxRange>0</MaxRange><Value xsi:type="xsd:dateTime">2016-07-20T15:40:42</Value><ReadOnly>true</ReadOnly><AlertXMLAssigned>false</AlertXMLAssigned></ContextItem></TransactionAttributes><Name>MESM/ORDERS_CNF/TRANSACTIONS/readPackingInstr</Name><Version>4</Version><WriterRoles>SAP_XMII_Super_Administrator,SAP_XMII_Administrator,SAP_XMII_Developer</WriterRoles><Context><ContextItem><Name>SAP_CREDENTIAL</Name><Description/><MinRange>0</MinRange><MaxRange>0</MaxRange><Value xsi:type="string">SAP</Value><ReadOnly>false</ReadOnly><AlertXMLAssigned>false</AlertXMLAssigned></ContextItem><ContextItem><Name>SAP_SERVER</Name><Description/><MinRange>0</MinRange><MaxRange>0</MaxRange><Value xsi:type="string">SAP</Value><ReadOnly>false</ReadOnly><AlertXMLAssigned>false</AlertXMLAssigned></ContextItem></Context><Local/><Layout><GUILayoutItem><Name>Sequence</Name><X>80</X><Y>8</Y><Width>120</Width><SpacingWidth>264</SpacingWidth><DescendantWidth>264</DescendantWidth><Height>96</Height></GUILayoutItem><GUILayoutItem><Name>HU_PI_READ</Name><X>88</X><Y>24</Y><Width>104</Width><SpacingWidth>0</SpacingWidth><DescendantWidth>0</DescendantWidth><Height>72</Height></GUILayoutItem><GUILayoutItem><Name>Sequence_0</Name><X>8</X><Y>144</Y><Width>120</Width><SpacingWidth>120</SpacingWidth><DescendantWidth>0</DescendantWidth><Height>96</Height></GUILayoutItem><GUILayoutItem><Name>Tracer_0</Name><X>16</X><Y>160</Y><Width>104</Width><SpacingWidth>0</SpacingWidth><DescendantWidth>0</DescendantWidth><Height>72</Height></GUILayoutItem><GUILayoutItem><Name>Sequence_1</Name><X>152</X><Y>144</Y><Width>120</Width><SpacingWidth>120</SpacingWidth><DescendantWidth>0</DescendantWidth><Height>96</Height></GUILayoutItem><GUILayoutItem><Name>ShowMsg</Name><X>160</X><Y>160</Y><Width>104</Width><SpacingWidth>0</SpacingWidth><DescendantWidth>0</DescendantWidth><Height>72</Height></GUILayoutItem></Layout><Actions><ContextItem><Name>HU_PI_READ</Name><Description/><MinRange>0</MinRange><MaxRange>0</MaxRange><Value xsi:type="SAPJCOInterface"><Request><ReferenceDocumentSource/>&lt;?xml version="1.0" encoding="UTF-8"?&gt;&lt;BAPI_HU_PI_READ&gt;&lt;INPUT&gt;&lt;PIKEY/&gt;&lt;/INPUT&gt;&lt;TABLES&gt;&lt;POSITIONS&gt;&lt;item&gt;&lt;ITEM_NUMBER/&gt;&lt;DETAIL_ITEMTYPE/&gt;&lt;MATERIAL/&gt;&lt;SUB_PACKINSTRID/&gt;&lt;TARGET_QTY/&gt;&lt;MINIMUM_QTY/&gt;&lt;ROUNDING_QTY/&gt;&lt;UNIT_QTY/&gt;&lt;UNIT_QTY_ISO/&gt;&lt;MATERIAL_MIX_ALLOWED/&gt;&lt;BATCH_MIX_ALLOWED/&gt;&lt;LOAD_CARRIER_INDICATOR/&gt;&lt;NOT_HU_RELEVANT/&gt;&lt;MATERIAL_EXTERNAL/&gt;&lt;MATERIAL_GUID/&gt;&lt;MATERIAL_VERSION/&gt;&lt;/item&gt;&lt;/POSITIONS&gt;&lt;RETURN&gt;&lt;item&gt;&lt;TYPE/&gt;&lt;ID/&gt;&lt;NUMBER/&gt;&lt;MESSAGE/&gt;&lt;LOG_NO/&gt;&lt;LOG_MSG_NO/&gt;&lt;MESSAGE_V1/&gt;&lt;MESSAGE_V2/&gt;&lt;MESSAGE_V3/&gt;&lt;MESSAGE_V4/&gt;&lt;PARAMETER/&gt;&lt;ROW/&gt;&lt;FIELD/&gt;&lt;SYSTEM/&gt;&lt;/item&gt;&lt;/RETURN&gt;&lt;/TABLES&gt;&lt;/BAPI_HU_PI_READ&gt;</Request><Response><ReferenceDocumentSource/>&lt;?xml version="1.0" encoding="UTF-8"?&gt;&lt;BAPI_HU_PI_READ&gt;&lt;OUTPUT&gt;&lt;HEADER_EXT&gt;&lt;PACKINSTRID/&gt;&lt;DESCRIPTION/&gt;&lt;EXT_DESCRIPTION/&gt;&lt;HEIGHT/&gt;&lt;WIDTH/&gt;&lt;LENGTH/&gt;&lt;INNER_HEIGHT/&gt;&lt;INNER_WIDTH/&gt;&lt;INNER_LENGTH/&gt;&lt;UNIT_DIM/&gt;&lt;UNIT_DIM_ISO/&gt;&lt;SIZE_FIX/&gt;&lt;TOTAL_VOL/&gt;&lt;LOAD_VOL/&gt;&lt;ALLOWED_VOL/&gt;&lt;VOL_UNIT/&gt;&lt;VOL_UNIT_ISO/&gt;&lt;TARE_VOL/&gt;&lt;TARE_VOL_UNIT/&gt;&lt;TARE_VOL_UNIT_ISO/&gt;&lt;VOL_FIX/&gt;&lt;VOL_TOLERANCE/&gt;&lt;TOTAL_WGHT/&gt;&lt;LOAD_WGHT/&gt;&lt;ALLOWED_WGHT/&gt;&lt;MAX_UNIT_OF_WGHT/&gt;&lt;MAX_UNIT_OF_WGHT_ISO/&gt;&lt;TARE_WGHT/&gt;&lt;UNIT_OF_WT/&gt;&lt;UNIT_OF_WT_ISO/&gt;&lt;WEIGHT_FIX/&gt;&lt;WEIGHT_TOLERANCE/&gt;&lt;ALLOWED_LOAD/&gt;&lt;STACK_FACTOR/&gt;&lt;PRINT_NO_SHIPLABEL/&gt;&lt;CLOSED_BOX/&gt;&lt;CHECK_PROFILE/&gt;&lt;HU_GRP1/&gt;&lt;HU_GRP2/&gt;&lt;HU_GRP3/&gt;&lt;HU_GRP4/&gt;&lt;HU_GRP5/&gt;&lt;/HEADER_EXT&gt;&lt;/OUTPUT&gt;&lt;TABLES&gt;&lt;POSITIONS&gt;&lt;item&gt;&lt;ITEM_NUMBER/&gt;&lt;DETAIL_ITEMTYPE/&gt;&lt;MATERIAL/&gt;&lt;SUB_PACKINSTRID/&gt;&lt;TARGET_QTY/&gt;&lt;MINIMUM_QTY/&gt;&lt;ROUNDING_QTY/&gt;&lt;UNIT_QTY/&gt;&lt;UNIT_QTY_ISO/&gt;&lt;MATERIAL_MIX_ALLOWED/&gt;&lt;BATCH_MIX_ALLOWED/&gt;&lt;LOAD_CARRIER_INDICATOR/&gt;&lt;NOT_HU_RELEVANT/&gt;&lt;MATERIAL_EXTERNAL/&gt;&lt;MATERIAL_GUID/&gt;&lt;MATERIAL_VERSION/&gt;&lt;/item&gt;&lt;/POSITIONS&gt;&lt;RETURN&gt;&lt;item&gt;&lt;TYPE/&gt;&lt;ID/&gt;&lt;NUMBER/&gt;&lt;MESSAGE/&gt;&lt;LOG_NO/&gt;&lt;LOG_MSG_NO/&gt;&lt;MESSAGE_V1/&gt;&lt;MESSAGE_V2/&gt;&lt;MESSAGE_V3/&gt;&lt;MESSAGE_V4/&gt;&lt;PARAMETER/&gt;&lt;ROW/&gt;&lt;FIELD/&gt;&lt;SYSTEM/&gt;&lt;/item&gt;&lt;/RETURN&gt;&lt;/TABLES&gt;&lt;/BAPI_HU_PI_READ&gt;</Response><SAPRFC>BAPI_HU_PI_READ</SAPRFC><ExecuteFunction>true</ExecuteFunction><AutoCommit>false</AutoCommit><ConnPropAlias>SAP</ConnPropAlias><CredentialAlias>SAP</CredentialAlias><SAPServerName>10.2.8.38</SAPServerName><SAPClient>521</SAPClient><SAPSystemNumber>00</SAPSystemNumber><SAPUserName/><SAPPassword/><Language>EN</Language><SAPSSO2Ticket/><ConnectionTimeout>0</ConnectionTimeout><PoolConnections>false</PoolConnections><LogonGroup/><RecreateFunction>true</RecreateFunction><AllowMultipleRows>true</AllowMultipleRows><DaysRetention>7</DaysRetention><MaxRetryCount>5</MaxRetryCount><RetryInterval>30000</RetryInterval><ProcessingMode>1</ProcessingMode><Filter/><DataBufferComment/></Value><SchemaURI/><SchemaElement/><ValidateXMLOnExecution>1</ValidateXMLOnExecution><SchemaURI/><SchemaElement/><ValidateXMLOnExecution>1</ValidateXMLOnExecution><ReadOnly>false</ReadOnly><AlertXMLAssigned>false</AlertXMLAssigned></ContextItem><ContextItem><Name>Tracer_0</Name><Description/><MinRange>0</MinRange><MaxRange>0</MaxRange><Value xsi:type="Tracer"><Message/><Level>INFO</Level></Value><ReadOnly>false</ReadOnly><AlertXMLAssigned>false</AlertXMLAssigned></ContextItem><ContextItem><Name>ShowMsg</Name><Description/><MinRange>0</MinRange><MaxRange>0</MaxRange><Value xsi:type="Tracer"><Message/><Level>INFO</Level></Value><ReadOnly>false</ReadOnly><AlertXMLAssigned>false</AlertXMLAssigned></ContextItem></Actions><ReaderRoles>SAP_XMII_Super_Administrator,SAP_XMII_Administrator,SAP_XMII_Developer,SAP_XMII_User</ReaderRoles><Steps><Step xsi:type="ActionSequence"><Name>Sequence</Name><Description/><Steps><Step xsi:type="ActionSequence"><Name>Sequence_0</Name><Description/><Steps/><Actions><Action><Name>Tracer_0</Name><Description> </Description><IncomingLinks><Assign xsi:type="Assign"><Name/><Description/><To>Tracer_0.Message</To><From>HU_PI_READ.Response</From></Assign></IncomingLinks><OutgoingLinks/></Action></Actions></Step><Step xsi:type="ActionSequence"><Name>Sequence_1</Name><Description/><Steps/><Actions><Action><Name>ShowMsg</Name><Description> </Description><IncomingLinks/><OutgoingLinks/></Action></Actions></Step></Steps><Actions><Action><Name>HU_PI_READ</Name><Description> </Description><IncomingLinks><Assign xsi:type="Assign"><Name/><Description/><To>HU_PI_READ.Request{/BAPI_HU_PI_READ/INPUT/PIKEY}</To><From>"24"</From></Assign></IncomingLinks><OutgoingLinks/></Action></Actions></Step></Steps></Transaction>