<?xml version="1.0" encoding="UTF-8"?><Transaction xmlns:xsd="http://www.w3.org/2001/XMLSchema" xmlns:xsi="http://www.w3.org/2001/XMLSchema-instance" Version="15.0.7.12"><TransactionAttributes><ContextItem><Name>Description</Name><Description>Transaction Description</Description><MinRange>0</MinRange><MaxRange>0</MaxRange><Value xsi:type="string"/><ReadOnly>true</ReadOnly><AlertXMLAssigned>false</AlertXMLAssigned></ContextItem><ContextItem><Name>Comments</Name><Description>User Comments</Description><MinRange>0</MinRange><MaxRange>0</MaxRange><Value xsi:type="string"/><ReadOnly>true</ReadOnly><AlertXMLAssigned>false</AlertXMLAssigned></ContextItem><ContextItem><Name>CreatedBy</Name><Description>Created By</Description><MinRange>0</MinRange><MaxRange>0</MaxRange><Value xsi:type="string">RadPa</Value><ReadOnly>true</ReadOnly><AlertXMLAssigned>false</AlertXMLAssigned></ContextItem><ContextItem><Name>CreationDate</Name><Description>Creation Date</Description><MinRange>0</MinRange><MaxRange>0</MaxRange><Value xsi:type="dateTime">2015-10-27T16:48:40</Value><ReadOnly>true</ReadOnly><AlertXMLAssigned>false</AlertXMLAssigned></ContextItem><ContextItem><Name>Category</Name><Description>Transaction Category</Description><MinRange>0</MinRange><MaxRange>0</MaxRange><Value xsi:type="string"/><ReadOnly>true</ReadOnly><AlertXMLAssigned>false</AlertXMLAssigned></ContextItem><ContextItem><Name>Status</Name><Description>Deployment Status</Description><MinRange>0</MinRange><MaxRange>0</MaxRange><Value xsi:type="string">DEVELOPMENT</Value><ReadOnly>true</ReadOnly><AlertXMLAssigned>false</AlertXMLAssigned></ContextItem><ContextItem><Name>LegacyProcessingMode</Name><Description>Support the pre MII 12.1 Transaction Engine.</Description><MinRange>0</MinRange><MaxRange>0</MaxRange><Value xsi:type="boolean">0</Value><ReadOnly>true</ReadOnly><AlertXMLAssigned>false</AlertXMLAssigned></ContextItem><ContextItem><Name>AutoAppendBlankNamespaces</Name><Description>AutoAppendBlankNamespaces</Description><MinRange>0</MinRange><MaxRange>0</MaxRange><Value xsi:type="boolean">1</Value><ReadOnly>true</ReadOnly><AlertXMLAssigned>false</AlertXMLAssigned></ContextItem><ContextItem><Name>ThrowOnLinkError</Name><Description>Throws an exception when a link error occures</Description><MinRange>0</MinRange><MaxRange>0</MaxRange><Value xsi:type="boolean">0</Value><ReadOnly>true</ReadOnly><AlertXMLAssigned>false</AlertXMLAssigned></ContextItem><ContextItem><Name>ThrowOnActionError</Name><Description>Throws an exception when an action error occurs</Description><MinRange>0</MinRange><MaxRange>0</MaxRange><Value xsi:type="boolean">1</Value><ReadOnly>true</ReadOnly><AlertXMLAssigned>false</AlertXMLAssigned></ContextItem><ContextItem><Name>FormatXMLOnConversion</Name><Description>By default XML will be formatted when assigned from XML data type to String data type. This behaviour can be changed with this flag.</Description><MinRange>0</MinRange><MaxRange>0</MaxRange><Value xsi:type="boolean">1</Value><ReadOnly>true</ReadOnly><AlertXMLAssigned>false</AlertXMLAssigned></ContextItem><ContextItem><Name>LastEditedBy</Name><Description>Last Edited By</Description><MinRange>0</MinRange><MaxRange>0</MaxRange><Value xsi:type="xsd:string">ChiCa</Value><ReadOnly>true</ReadOnly><AlertXMLAssigned>false</AlertXMLAssigned></ContextItem><ContextItem><Name>LastEditedDate</Name><Description>Last Edited Date</Description><MinRange>0</MinRange><MaxRange>0</MaxRange><Value xsi:type="xsd:dateTime">2016-11-18T09:04:31</Value><ReadOnly>true</ReadOnly><AlertXMLAssigned>false</AlertXMLAssigned></ContextItem></TransactionAttributes><Name>MESM/MATERIALS/TRANSACTIONS/mailProductList</Name><Version>309</Version><WriterRoles>SAP_XMII_Super_Administrator,SAP_XMII_Administrator,SAP_XMII_Developer</WriterRoles><Context><ContextItem><Name>DataServer</Name><Description>MII Data Server Used for Query</Description><MinRange>0</MinRange><MaxRange>0</MaxRange><Value xsi:type="string">MESM</Value><ReadOnly>false</ReadOnly><AlertXMLAssigned>false</AlertXMLAssigned></ContextItem><ContextItem><Name>MailRecipient</Name><Description>Mail To</Description><MinRange>0</MinRange><MaxRange>0</MaxRange><Value xsi:type="string">catalin.chirvase@rtsautomation.com</Value><ReadOnly>false</ReadOnly><AlertXMLAssigned>false</AlertXMLAssigned></ContextItem><ContextItem><Name>PlantID</Name><Description>Plant ID</Description><MinRange>0</MinRange><MaxRange>0</MaxRange><Value xsi:type="string">0</Value><ReadOnly>false</ReadOnly><AlertXMLAssigned>false</AlertXMLAssigned></ContextItem><ContextItem><Name>ProductRoute</Name><Description>Product Route</Description><MinRange>0</MinRange><MaxRange>0</MaxRange><Value xsi:type="string">100</Value><ReadOnly>false</ReadOnly><AlertXMLAssigned>false</AlertXMLAssigned></ContextItem><ContextItem><Name>XML_RESULT</Name><Description>Query Result as XML</Description><MinRange>0</MinRange><MaxRange>0</MaxRange><Value xsi:type="xml"><ReferenceDocumentSource/>&lt;?xml version="1.0" encoding="UTF-8"?&gt;&lt;Rowsets DateCreated="2015-11-02T13:25:37" EndDate="2015-10-30T17:10:57" StartDate="2015-10-30T17:10:57" Version="15.0 SP4 Patch 11 (Aug 28, 2015)"&gt;&#13;
    &lt;Rowset&gt;&#13;
        &lt;Columns&gt;&#13;
            &lt;Column Description="" MaxRange="1" MinRange="0" Name="DATE" SQLDataType="93" SourceColumn="DATE"/&gt;&#13;
            &lt;Column Description="" MaxRange="1" MinRange="0" Name="RECIPIENT" SQLDataType="1" SourceColumn="RECIPIENT"/&gt;&#13;
            &lt;Column Description="" MaxRange="1" MinRange="0" Name="SUBJECT" SQLDataType="1" SourceColumn="SUBJECT"/&gt;&#13;
            &lt;Column Description="" MaxRange="1" MinRange="0" Name="MESSAGEHTML" SQLDataType="1" SourceColumn="MESSAGEHTML"/&gt;&#13;
            &lt;Column Description="" MaxRange="1" MinRange="0" Name="TRXRESULT" SQLDataType="1" SourceColumn="TRXRESULT"/&gt;&#13;
        &lt;/Columns&gt;&#13;
        &lt;Row&gt;&#13;
            &lt;DATE&gt;2015-11-02T13:25:37&lt;/DATE&gt;&#13;
            &lt;RECIPIENT&gt;zarko.klasnja@rtsautomation.com&lt;/RECIPIENT&gt;&#13;
            &lt;SUBJECT&gt;USMAULSMIIAPPS1 says :  MESSAGE&lt;/SUBJECT&gt;&#13;
            &lt;MESSAGEHTML&gt;TEST MESSAGE&lt;/MESSAGEHTML&gt;&#13;
            &lt;TRXRESULT&gt;MAIL SUCCESS&lt;/TRXRESULT&gt;&#13;
        &lt;/Row&gt;&#13;
    &lt;/Rowset&gt;&#13;
&lt;/Rowsets&gt;</Value><SchemaURI/><SchemaElement/><ValidateXMLOnExecution>1</ValidateXMLOnExecution><ReadOnly>true</ReadOnly><AlertXMLAssigned>false</AlertXMLAssigned></ContextItem></Context><Local><ContextItem><Name>BgColor</Name><Description>Background Color</Description><MinRange>0</MinRange><MaxRange>0</MaxRange><Value xsi:type="string">#EFEFEF</Value><ReadOnly>false</ReadOnly><AlertXMLAssigned>false</AlertXMLAssigned></ContextItem><ContextItem><Name>DefaultResult</Name><Description>Default DB Query Result as XML Message</Description><MinRange>0</MinRange><MaxRange>0</MaxRange><Value xsi:type="xml"><ReferenceDocumentSource/>&lt;?xml version="1.0" encoding="UTF-8"?&gt;&lt;Rowsets CachedTime="" DateCreated="" EndDate="" StartDate="" Version="15.0 SP4 Patch 11 (Aug 28, 2015)"&gt;&#13;
    &lt;Rowset&gt;&#13;
        &lt;Columns/&gt;&#13;
        &lt;Message/&gt;&#13;
    &lt;/Rowset&gt;&#13;
&lt;/Rowsets&gt;</Value><SchemaURI/><SchemaElement/><ValidateXMLOnExecution>1</ValidateXMLOnExecution><ReadOnly>false</ReadOnly><AlertXMLAssigned>false</AlertXMLAssigned></ContextItem><ContextItem><Name>QueryTemplate</Name><Description>Default Query Template at Runtime</Description><MinRange>0</MinRange><MaxRange>0</MaxRange><Value xsi:type="string">DEFAULT</Value><ReadOnly>false</ReadOnly><AlertXMLAssigned>false</AlertXMLAssigned></ContextItem><ContextItem><Name>QueryTitle</Name><Description>Query Title</Description><MinRange>0</MinRange><MaxRange>0</MaxRange><Value xsi:type="string">PRODUCT LIST</Value><ReadOnly>false</ReadOnly><AlertXMLAssigned>false</AlertXMLAssigned></ContextItem><ContextItem><Name>stringHTML</Name><Description>HTML Mesage being built</Description><MinRange>0</MinRange><MaxRange>0</MaxRange><Value xsi:type="string"/><ReadOnly>false</ReadOnly><AlertXMLAssigned>false</AlertXMLAssigned></ContextItem></Local><Layout><GUILayoutItem><Name>Sequence</Name><X>872</X><Y>8</Y><Width>120</Width><SpacingWidth>1848</SpacingWidth><DescendantWidth>1848</DescendantWidth><Height>96</Height></GUILayoutItem><GUILayoutItem><Name>Sequence_0</Name><X>224</X><Y>144</Y><Width>120</Width><SpacingWidth>552</SpacingWidth><DescendantWidth>552</DescendantWidth><Height>96</Height></GUILayoutItem><GUILayoutItem><Name>ShowParam</Name><X>880</X><Y>24</Y><Width>104</Width><SpacingWidth>0</SpacingWidth><DescendantWidth>0</DescendantWidth><Height>72</Height></GUILayoutItem><GUILayoutItem><Name>AssignTemplate</Name><X>232</X><Y>160</Y><Width>104</Width><SpacingWidth>0</SpacingWidth><DescendantWidth>0</DescendantWidth><Height>72</Height></GUILayoutItem><GUILayoutItem><Name>Sequence_1</Name><X>224</X><Y>280</Y><Width>120</Width><SpacingWidth>552</SpacingWidth><DescendantWidth>552</DescendantWidth><Height>96</Height></GUILayoutItem><GUILayoutItem><Name>ShowTemplate</Name><X>232</X><Y>296</Y><Width>104</Width><SpacingWidth>0</SpacingWidth><DescendantWidth>0</DescendantWidth><Height>72</Height></GUILayoutItem><GUILayoutItem><Name>Sequence_2</Name><X>224</X><Y>416</Y><Width>120</Width><SpacingWidth>552</SpacingWidth><DescendantWidth>552</DescendantWidth><Height>96</Height></GUILayoutItem><GUILayoutItem><Name>Sequence_3</Name><X>152</X><Y>552</Y><Width>120</Width><SpacingWidth>408</SpacingWidth><DescendantWidth>408</DescendantWidth><Height>96</Height></GUILayoutItem><GUILayoutItem><Name>Sequence_5</Name><X>440</X><Y>688</Y><Width>120</Width><SpacingWidth>120</SpacingWidth><DescendantWidth>120</DescendantWidth><Height>96</Height></GUILayoutItem><GUILayoutItem><Name>Exception_Enabler_0</Name><X>232</X><Y>432</Y><Width>104</Width><SpacingWidth>0</SpacingWidth><DescendantWidth>0</DescendantWidth><Height>72</Height></GUILayoutItem><GUILayoutItem><Name>Sequence_4</Name><X>440</X><Y>552</Y><Width>120</Width><SpacingWidth>120</SpacingWidth><DescendantWidth>120</DescendantWidth><Height>96</Height></GUILayoutItem><GUILayoutItem><Name>Catch_0</Name><X>448</X><Y>568</Y><Width>104</Width><SpacingWidth>0</SpacingWidth><DescendantWidth>0</DescendantWidth><Height>72</Height></GUILayoutItem><GUILayoutItem><Name>ShowCatch_0</Name><X>448</X><Y>704</Y><Width>104</Width><SpacingWidth>0</SpacingWidth><DescendantWidth>0</DescendantWidth><Height>72</Height></GUILayoutItem><GUILayoutItem><Name>RunQuery</Name><X>160</X><Y>568</Y><Width>104</Width><SpacingWidth>0</SpacingWidth><DescendantWidth>0</DescendantWidth><Height>72</Height></GUILayoutItem><GUILayoutItem><Name>Sequence_6</Name><X>8</X><Y>960</Y><Width>120</Width><SpacingWidth>120</SpacingWidth><DescendantWidth>120</DescendantWidth><Height>96</Height></GUILayoutItem><GUILayoutItem><Name>AssignResult</Name><X>16</X><Y>976</Y><Width>104</Width><SpacingWidth>0</SpacingWidth><DescendantWidth>0</DescendantWidth><Height>72</Height></GUILayoutItem><GUILayoutItem><Name>Sequence_7</Name><X>8</X><Y>1096</Y><Width>120</Width><SpacingWidth>120</SpacingWidth><DescendantWidth>0</DescendantWidth><Height>96</Height></GUILayoutItem><GUILayoutItem><Name>ShowXML</Name><X>16</X><Y>1112</Y><Width>104</Width><SpacingWidth>0</SpacingWidth><DescendantWidth>0</DescendantWidth><Height>72</Height></GUILayoutItem><GUILayoutItem><Name>Sequence_8</Name><X>440</X><Y>824</Y><Width>120</Width><SpacingWidth>120</SpacingWidth><DescendantWidth>120</DescendantWidth><Height>96</Height></GUILayoutItem><GUILayoutItem><Name>AssignDefault</Name><X>448</X><Y>840</Y><Width>104</Width><SpacingWidth>0</SpacingWidth><DescendantWidth>0</DescendantWidth><Height>72</Height></GUILayoutItem><GUILayoutItem><Name>Sequence_9</Name><X>440</X><Y>960</Y><Width>120</Width><SpacingWidth>120</SpacingWidth><DescendantWidth>0</DescendantWidth><Height>96</Height></GUILayoutItem><GUILayoutItem><Name>ShowDefault</Name><X>448</X><Y>976</Y><Width>104</Width><SpacingWidth>0</SpacingWidth><DescendantWidth>0</DescendantWidth><Height>72</Height></GUILayoutItem><GUILayoutItem><Name>Sequence_10</Name><X>152</X><Y>688</Y><Width>120</Width><SpacingWidth>408</SpacingWidth><DescendantWidth>408</DescendantWidth><Height>96</Height></GUILayoutItem><GUILayoutItem><Name>SUCCESS</Name><X>160</X><Y>704</Y><Width>104</Width><SpacingWidth>0</SpacingWidth><DescendantWidth>0</DescendantWidth><Height>72</Height></GUILayoutItem><GUILayoutItem><Name>Sequence_12</Name><X>296</X><Y>824</Y><Width>120</Width><SpacingWidth>120</SpacingWidth><DescendantWidth>120</DescendantWidth><Height>96</Height></GUILayoutItem><GUILayoutItem><Name>AssignError</Name><X>304</X><Y>840</Y><Width>104</Width><SpacingWidth>0</SpacingWidth><DescendantWidth>0</DescendantWidth><Height>72</Height></GUILayoutItem><GUILayoutItem><Name>Sequence_13</Name><X>296</X><Y>960</Y><Width>120</Width><SpacingWidth>120</SpacingWidth><DescendantWidth>0</DescendantWidth><Height>96</Height></GUILayoutItem><GUILayoutItem><Name>ShowError</Name><X>304</X><Y>976</Y><Width>104</Width><SpacingWidth>0</SpacingWidth><DescendantWidth>0</DescendantWidth><Height>72</Height></GUILayoutItem><GUILayoutItem><Name>Sequence_14</Name><X>152</X><Y>960</Y><Width>120</Width><SpacingWidth>120</SpacingWidth><DescendantWidth>120</DescendantWidth><Height>96</Height></GUILayoutItem><GUILayoutItem><Name>EmptySet</Name><X>160</X><Y>976</Y><Width>104</Width><SpacingWidth>0</SpacingWidth><DescendantWidth>0</DescendantWidth><Height>72</Height></GUILayoutItem><GUILayoutItem><Name>Sequence_15</Name><X>152</X><Y>1096</Y><Width>120</Width><SpacingWidth>120</SpacingWidth><DescendantWidth>0</DescendantWidth><Height>96</Height></GUILayoutItem><GUILayoutItem><Name>ShowEmpty</Name><X>160</X><Y>1112</Y><Width>104</Width><SpacingWidth>0</SpacingWidth><DescendantWidth>0</DescendantWidth><Height>72</Height></GUILayoutItem><GUILayoutItem><Name>Sequence_11</Name><X>80</X><Y>824</Y><Width>120</Width><SpacingWidth>264</SpacingWidth><DescendantWidth>264</DescendantWidth><Height>96</Height></GUILayoutItem><GUILayoutItem><Name>NotEmpty</Name><X>88</X><Y>840</Y><Width>104</Width><SpacingWidth>0</SpacingWidth><DescendantWidth>0</DescendantWidth><Height>72</Height></GUILayoutItem><GUILayoutItem><Name>Sequence_16</Name><X>1160</X><Y>144</Y><Width>120</Width><SpacingWidth>1272</SpacingWidth><DescendantWidth>1272</DescendantWidth><Height>96</Height></GUILayoutItem><GUILayoutItem><Name>Rowset_Ready</Name><X>1168</X><Y>160</Y><Width>104</Width><SpacingWidth>0</SpacingWidth><DescendantWidth>0</DescendantWidth><Height>72</Height></GUILayoutItem><GUILayoutItem><Name>Sequence_18</Name><X>1736</X><Y>280</Y><Width>120</Width><SpacingWidth>120</SpacingWidth><DescendantWidth>0</DescendantWidth><Height>96</Height></GUILayoutItem><GUILayoutItem><Name>NoMailNeeded</Name><X>1744</X><Y>296</Y><Width>104</Width><SpacingWidth>0</SpacingWidth><DescendantWidth>0</DescendantWidth><Height>72</Height></GUILayoutItem><GUILayoutItem><Name>Sequence_17</Name><X>944</X><Y>416</Y><Width>120</Width><SpacingWidth>840</SpacingWidth><DescendantWidth>840</DescendantWidth><Height>96</Height></GUILayoutItem><GUILayoutItem><Name>RepeatOnRow</Name><X>952</X><Y>432</Y><Width>104</Width><SpacingWidth>0</SpacingWidth><DescendantWidth>0</DescendantWidth><Height>72</Height></GUILayoutItem><GUILayoutItem><Name>Sequence_21</Name><X>1088</X><Y>280</Y><Width>120</Width><SpacingWidth>1128</SpacingWidth><DescendantWidth>1128</DescendantWidth><Height>96</Height></GUILayoutItem><GUILayoutItem><Name>Sequence_20</Name><X>1520</X><Y>416</Y><Width>120</Width><SpacingWidth>264</SpacingWidth><DescendantWidth>264</DescendantWidth><Height>96</Height></GUILayoutItem><GUILayoutItem><Name>AssignHTML_Hdr</Name><X>1096</X><Y>296</Y><Width>104</Width><SpacingWidth>0</SpacingWidth><DescendantWidth>0</DescendantWidth><Height>72</Height></GUILayoutItem><GUILayoutItem><Name>AssignHTML_Ftr</Name><X>1528</X><Y>432</Y><Width>104</Width><SpacingWidth>0</SpacingWidth><DescendantWidth>0</DescendantWidth><Height>72</Height></GUILayoutItem><GUILayoutItem><Name>Sequence_22</Name><X>1520</X><Y>552</Y><Width>120</Width><SpacingWidth>264</SpacingWidth><DescendantWidth>264</DescendantWidth><Height>96</Height></GUILayoutItem><GUILayoutItem><Name>ShowHTML</Name><X>1528</X><Y>568</Y><Width>104</Width><SpacingWidth>0</SpacingWidth><DescendantWidth>0</DescendantWidth><Height>72</Height></GUILayoutItem><GUILayoutItem><Name>Sequence_19</Name><X>800</X><Y>688</Y><Width>120</Width><SpacingWidth>552</SpacingWidth><DescendantWidth>552</DescendantWidth><Height>96</Height></GUILayoutItem><GUILayoutItem><Name>FirstRow</Name><X>808</X><Y>704</Y><Width>104</Width><SpacingWidth>0</SpacingWidth><DescendantWidth>0</DescendantWidth><Height>72</Height></GUILayoutItem><GUILayoutItem><Name>Sequence_23</Name><X>584</X><Y>824</Y><Width>120</Width><SpacingWidth>120</SpacingWidth><DescendantWidth>0</DescendantWidth><Height>96</Height></GUILayoutItem><GUILayoutItem><Name>Sequence_35</Name><X>944</X><Y>552</Y><Width>120</Width><SpacingWidth>840</SpacingWidth><DescendantWidth>840</DescendantWidth><Height>96</Height></GUILayoutItem><GUILayoutItem><Name>Sequence_25</Name><X>1232</X><Y>688</Y><Width>120</Width><SpacingWidth>264</SpacingWidth><DescendantWidth>264</DescendantWidth><Height>96</Height></GUILayoutItem><GUILayoutItem><Name>FIX_bgColor</Name><X>1240</X><Y>704</Y><Width>104</Width><SpacingWidth>0</SpacingWidth><DescendantWidth>0</DescendantWidth><Height>72</Height></GUILayoutItem><GUILayoutItem><Name>Sequence_27</Name><X>1160</X><Y>824</Y><Width>120</Width><SpacingWidth>120</SpacingWidth><DescendantWidth>0</DescendantWidth><Height>96</Height></GUILayoutItem><GUILayoutItem><Name>AssignFFFFFF</Name><X>1168</X><Y>840</Y><Width>104</Width><SpacingWidth>0</SpacingWidth><DescendantWidth>0</DescendantWidth><Height>72</Height></GUILayoutItem><GUILayoutItem><Name>Sequence_28</Name><X>1304</X><Y>824</Y><Width>120</Width><SpacingWidth>120</SpacingWidth><DescendantWidth>0</DescendantWidth><Height>96</Height></GUILayoutItem><GUILayoutItem><Name>AssignEFEFEF</Name><X>1312</X><Y>840</Y><Width>104</Width><SpacingWidth>0</SpacingWidth><DescendantWidth>0</DescendantWidth><Height>72</Height></GUILayoutItem><GUILayoutItem><Name>Sequence_39</Name><X>1448</X><Y>824</Y><Width>120</Width><SpacingWidth>120</SpacingWidth><DescendantWidth>120</DescendantWidth><Height>96</Height></GUILayoutItem><GUILayoutItem><Name>SendMail</Name><X>1456</X><Y>840</Y><Width>104</Width><SpacingWidth>0</SpacingWidth><DescendantWidth>0</DescendantWidth><Height>72</Height></GUILayoutItem><GUILayoutItem><Name>Sequence_41</Name><X>1448</X><Y>1096</Y><Width>120</Width><SpacingWidth>120</SpacingWidth><DescendantWidth>0</DescendantWidth><Height>96</Height></GUILayoutItem><GUILayoutItem><Name>ShowMessage</Name><X>1456</X><Y>1112</Y><Width>104</Width><SpacingWidth>0</SpacingWidth><DescendantWidth>0</DescendantWidth><Height>72</Height></GUILayoutItem><GUILayoutItem><Name>Sequence_42</Name><X>1520</X><Y>688</Y><Width>120</Width><SpacingWidth>264</SpacingWidth><DescendantWidth>264</DescendantWidth><Height>96</Height></GUILayoutItem><GUILayoutItem><Name>Sequence_44</Name><X>1592</X><Y>960</Y><Width>120</Width><SpacingWidth>120</SpacingWidth><DescendantWidth>0</DescendantWidth><Height>96</Height></GUILayoutItem><GUILayoutItem><Name>Exception_Enabler_1</Name><X>1528</X><Y>704</Y><Width>104</Width><SpacingWidth>0</SpacingWidth><DescendantWidth>0</DescendantWidth><Height>72</Height></GUILayoutItem><GUILayoutItem><Name>Sequence_43</Name><X>1592</X><Y>824</Y><Width>120</Width><SpacingWidth>120</SpacingWidth><DescendantWidth>120</DescendantWidth><Height>96</Height></GUILayoutItem><GUILayoutItem><Name>Catch_1</Name><X>1600</X><Y>840</Y><Width>104</Width><SpacingWidth>0</SpacingWidth><DescendantWidth>0</DescendantWidth><Height>72</Height></GUILayoutItem><GUILayoutItem><Name>ShowCatch_1</Name><X>1600</X><Y>976</Y><Width>104</Width><SpacingWidth>0</SpacingWidth><DescendantWidth>0</DescendantWidth><Height>72</Height></GUILayoutItem><GUILayoutItem><Name>Sequence_45</Name><X>1448</X><Y>960</Y><Width>120</Width><SpacingWidth>120</SpacingWidth><DescendantWidth>120</DescendantWidth><Height>96</Height></GUILayoutItem><GUILayoutItem><Name>AssignOUT</Name><X>1456</X><Y>976</Y><Width>104</Width><SpacingWidth>0</SpacingWidth><DescendantWidth>0</DescendantWidth><Height>72</Height></GUILayoutItem><GUILayoutItem><Name>AssignTableHdr</Name><X>592</X><Y>840</Y><Width>104</Width><SpacingWidth>0</SpacingWidth><DescendantWidth>0</DescendantWidth><Height>72</Height></GUILayoutItem><GUILayoutItem><Name>Sequence_29</Name><X>728</X><Y>824</Y><Width>120</Width><SpacingWidth>120</SpacingWidth><DescendantWidth>0</DescendantWidth><Height>96</Height></GUILayoutItem><GUILayoutItem><Name>Sequence_36</Name><X>944</X><Y>824</Y><Width>120</Width><SpacingWidth>264</SpacingWidth><DescendantWidth>264</DescendantWidth><Height>96</Height></GUILayoutItem><GUILayoutItem><Name>AssignDataVal</Name><X>952</X><Y>840</Y><Width>104</Width><SpacingWidth>0</SpacingWidth><DescendantWidth>0</DescendantWidth><Height>72</Height></GUILayoutItem><GUILayoutItem><Name>NotTableHDR</Name><X>736</X><Y>840</Y><Width>104</Width><SpacingWidth>0</SpacingWidth><DescendantWidth>0</DescendantWidth><Height>72</Height></GUILayoutItem><GUILayoutItem><Name>Sequence_31</Name><X>944</X><Y>960</Y><Width>120</Width><SpacingWidth>264</SpacingWidth><DescendantWidth>264</DescendantWidth><Height>96</Height></GUILayoutItem><GUILayoutItem><Name>LastRow</Name><X>952</X><Y>976</Y><Width>104</Width><SpacingWidth>0</SpacingWidth><DescendantWidth>0</DescendantWidth><Height>72</Height></GUILayoutItem><GUILayoutItem><Name>Sequence_40</Name><X>872</X><Y>1096</Y><Width>120</Width><SpacingWidth>120</SpacingWidth><DescendantWidth>0</DescendantWidth><Height>96</Height></GUILayoutItem><GUILayoutItem><Name>AssignTableFooter</Name><X>880</X><Y>1112</Y><Width>104</Width><SpacingWidth>0</SpacingWidth><DescendantWidth>0</DescendantWidth><Height>72</Height></GUILayoutItem><GUILayoutItem><Name>Sequence_33</Name><X>1016</X><Y>1096</Y><Width>120</Width><SpacingWidth>120</SpacingWidth><DescendantWidth>0</DescendantWidth><Height>96</Height></GUILayoutItem></Layout><Actions><ContextItem><Name>ShowParam</Name><Description/><MinRange>0</MinRange><MaxRange>0</MaxRange><Value xsi:type="Tracer"><Message/><Level>INFO</Level></Value><ReadOnly>false</ReadOnly><AlertXMLAssigned>false</AlertXMLAssigned></ContextItem><ContextItem><Name>AssignTemplate</Name><Description/><MinRange>0</MinRange><MaxRange>0</MaxRange><Value xsi:type="Assignment"/><ReadOnly>false</ReadOnly><AlertXMLAssigned>false</AlertXMLAssigned></ContextItem><ContextItem><Name>ShowTemplate</Name><Description/><MinRange>0</MinRange><MaxRange>0</MaxRange><Value xsi:type="Tracer"><Message/><Level>INFO</Level></Value><ReadOnly>false</ReadOnly><AlertXMLAssigned>false</AlertXMLAssigned></ContextItem><ContextItem><Name>Exception_Enabler_0</Name><Description/><MinRange>0</MinRange><MaxRange>0</MaxRange><Value xsi:type="ExceptionEnabler"><EnableActionExceptions>true</EnableActionExceptions><EnableLinkExceptions>true</EnableLinkExceptions></Value><ReadOnly>false</ReadOnly><AlertXMLAssigned>false</AlertXMLAssigned></ContextItem><ContextItem><Name>Catch_0</Name><Description/><MinRange>0</MinRange><MaxRange>0</MaxRange><Value xsi:type="CatchAction"/><ReadOnly>false</ReadOnly><AlertXMLAssigned>false</AlertXMLAssigned></ContextItem><ContextItem><Name>ShowCatch_0</Name><Description/><MinRange>0</MinRange><MaxRange>0</MaxRange><Value xsi:type="Tracer"><Message/><Level>INFO</Level></Value><ReadOnly>false</ReadOnly><AlertXMLAssigned>false</AlertXMLAssigned></ContextItem><ContextItem><Name>RunQuery</Name><Description/><MinRange>0</MinRange><MaxRange>0</MaxRange><Value xsi:type="IlluminatorSQLQueryObject"><Timeout>60</Timeout><QueryParameters/><QueryTemplate>MESM/MATERIALS/QUERIES/get_Materials</QueryTemplate><QueryStartDate>2015-10-27T17:01:59</QueryStartDate><QueryEndDate>2015-10-27T17:01:59</QueryEndDate><SQLTransaction/><Results><ReferenceDocumentSource/>&lt;?xml version="1.0" encoding="UTF-8"?&gt;&lt;Rowsets CachedTime="" DateCreated="2016-11-17T19:27:13" EndDate="2016-11-17T19:27:13" StartDate="2016-11-17T18:27:13" Version="15.0 SP7 Patch 12 (07-Sep-2016)"&gt;&lt;Rowset&gt;&lt;Columns&gt;&lt;Column Description="materialID" MaxRange="1" MinRange="0" Name="materialID" SQLDataType="4" SourceColumn="materialID"/&gt;&lt;Column Description="materialName" MaxRange="1" MinRange="0" Name="materialName" SQLDataType="-9" SourceColumn="materialName"/&gt;&lt;Column Description="materialDescription" MaxRange="1" MinRange="0" Name="materialDescription" SQLDataType="-9" SourceColumn="materialDescription"/&gt;&lt;Column Description="specialRequirementCode" MaxRange="1" MinRange="0" Name="specialRequirementCode" SQLDataType="-9" SourceColumn="specialRequirementCode"/&gt;&lt;Column Description="materialRevision" MaxRange="1" MinRange="0" Name="materialRevision" SQLDataType="-9" SourceColumn="materialRevision"/&gt;&lt;Column Description="maxQuantity" MaxRange="1" MinRange="0" Name="maxQuantity" SQLDataType="2" SourceColumn="maxQuantity"/&gt;&lt;Column Description="materialCommodity" MaxRange="1" MinRange="0" Name="materialCommodity" SQLDataType="-9" SourceColumn="materialCommodity"/&gt;&lt;Column Description="materialModel" MaxRange="1" MinRange="0" Name="materialModel" SQLDataType="-9" SourceColumn="materialModel"/&gt;&lt;Column Description="materialType" MaxRange="1" MinRange="0" Name="materialType" SQLDataType="-9" SourceColumn="materialType"/&gt;&lt;Column Description="materialAccount" MaxRange="1" MinRange="0" Name="materialAccount" SQLDataType="-9" SourceColumn="materialAccount"/&gt;&lt;Column Description="routeDesc" MaxRange="1" MinRange="0" Name="routeDesc" SQLDataType="12" SourceColumn="routeDesc"/&gt;&lt;Column Description="materialUOM" MaxRange="1" MinRange="0" Name="materialUOM" SQLDataType="4" SourceColumn="materialUOM"/&gt;&lt;Column Description="UOMName" MaxRange="1" MinRange="0" Name="UOMName" SQLDataType="-9" SourceColumn="UOMName"/&gt;&lt;Column Description="materialBOM" MaxRange="1" MinRange="0" Name="materialBOM" SQLDataType="4" SourceColumn="materialBOM"/&gt;&lt;Column Description="src_bom" MaxRange="1" MinRange="0" Name="src_bom" SQLDataType="12" SourceColumn="src_bom"/&gt;&lt;Column Description="materialSAPID" MaxRange="1" MinRange="0" Name="materialSAPID" SQLDataType="-9" SourceColumn="materialSAPID"/&gt;&lt;Column Description="CreatedBy" MaxRange="1" MinRange="0" Name="CreatedBy" SQLDataType="-9" SourceColumn="CreatedBy"/&gt;&lt;Column Description="CreatedOn" MaxRange="1" MinRange="0" Name="CreatedOn" SQLDataType="93" SourceColumn="CreatedOn"/&gt;&lt;Column Description="ModifiedBy" MaxRange="1" MinRange="0" Name="ModifiedBy" SQLDataType="-9" SourceColumn="ModifiedBy"/&gt;&lt;Column Description="ModifiedOn" MaxRange="1" MinRange="0" Name="ModifiedOn" SQLDataType="93" SourceColumn="ModifiedOn"/&gt;&lt;Column Description="Active" MaxRange="1" MinRange="0" Name="Active" SQLDataType="4" SourceColumn="Active"/&gt;&lt;Column Description="src_act" MaxRange="1" MinRange="0" Name="src_act" SQLDataType="12" SourceColumn="src_act"/&gt;&lt;Column Description="routeName" MaxRange="1" MinRange="0" Name="routeName" SQLDataType="12" SourceColumn="routeName"/&gt;&lt;/Columns&gt;&lt;Row&gt;&lt;materialID&gt;7&lt;/materialID&gt;&lt;materialName&gt;10043392&lt;/materialName&gt;&lt;materialDescription&gt;M180 2.47:1 OPEN CARRIER ASSY&lt;/materialDescription&gt;&lt;specialRequirementCode&gt;---&lt;/specialRequirementCode&gt;&lt;materialRevision&gt;A&lt;/materialRevision&gt;&lt;maxQuantity&gt;9999&lt;/maxQuantity&gt;&lt;materialCommodity&gt;---&lt;/materialCommodity&gt;&lt;materialModel&gt;---&lt;/materialModel&gt;&lt;materialType&gt;---&lt;/materialType&gt;&lt;materialAccount&gt;---&lt;/materialAccount&gt;&lt;routeDesc&gt;VW SUB ASSEMBLY&lt;/routeDesc&gt;&lt;materialUOM&gt;3&lt;/materialUOM&gt;&lt;UOMName&gt;EA&lt;/UOMName&gt;&lt;materialBOM&gt;1&lt;/materialBOM&gt;&lt;src_bom&gt;Common/img/check.png&lt;/src_bom&gt;&lt;materialSAPID&gt;3602&lt;/materialSAPID&gt;&lt;CreatedBy&gt;ZarKl&lt;/CreatedBy&gt;&lt;CreatedOn&gt;2016-08-24T00:00:00&lt;/CreatedOn&gt;&lt;ModifiedBy&gt;---&lt;/ModifiedBy&gt;&lt;ModifiedOn&gt;TimeUnavailable&lt;/ModifiedOn&gt;&lt;Active&gt;1&lt;/Active&gt;&lt;src_act&gt;Common/img/check.png&lt;/src_act&gt;&lt;routeName&gt;100&lt;/routeName&gt;&lt;/Row&gt;&lt;Row&gt;&lt;materialID&gt;8&lt;/materialID&gt;&lt;materialName&gt;10043393&lt;/materialName&gt;&lt;materialDescription&gt;M180 2.47:1 EDL CARRIER ASSY&lt;/materialDescription&gt;&lt;specialRequirementCode&gt;---&lt;/specialRequirementCode&gt;&lt;materialRevision&gt;A&lt;/materialRevision&gt;&lt;maxQuantity&gt;9999&lt;/maxQuantity&gt;&lt;materialCommodity&gt;---&lt;/materialCommodity&gt;&lt;materialModel&gt;---&lt;/materialModel&gt;&lt;materialType&gt;---&lt;/materialType&gt;&lt;materialAccount&gt;---&lt;/materialAccount&gt;&lt;routeDesc&gt;VW SUB ASSEMBLY&lt;/routeDesc&gt;&lt;materialUOM&gt;3&lt;/materialUOM&gt;&lt;UOMName&gt;EA&lt;/UOMName&gt;&lt;materialBOM&gt;1&lt;/materialBOM&gt;&lt;src_bom&gt;Common/img/check.png&lt;/src_bom&gt;&lt;materialSAPID&gt;3602&lt;/materialSAPID&gt;&lt;CreatedBy&gt;ZarKl&lt;/CreatedBy&gt;&lt;CreatedOn&gt;2016-08-24T00:00:00&lt;/CreatedOn&gt;&lt;ModifiedBy&gt;---&lt;/ModifiedBy&gt;&lt;ModifiedOn&gt;TimeUnavailable&lt;/ModifiedOn&gt;&lt;Active&gt;1&lt;/Active&gt;&lt;src_act&gt;Common/img/check.png&lt;/src_act&gt;&lt;routeName&gt;100&lt;/routeName&gt;&lt;/Row&gt;&lt;Row&gt;&lt;materialID&gt;9&lt;/materialID&gt;&lt;materialName&gt;10032435&lt;/materialName&gt;&lt;materialDescription&gt;M250 4.70:1 DRW CARRIER REAR&lt;/materialDescription&gt;&lt;specialRequirementCode&gt;---&lt;/specialRequirementCode&gt;&lt;materialRevision&gt;A&lt;/materialRevision&gt;&lt;maxQuantity&gt;9999&lt;/maxQuantity&gt;&lt;materialCommodity&gt;---&lt;/materialCommodity&gt;&lt;materialModel&gt;---&lt;/materialModel&gt;&lt;materialType&gt;---&lt;/materialType&gt;&lt;materialAccount&gt;---&lt;/materialAccount&gt;&lt;routeDesc&gt;VW SUB ASSEMBLY&lt;/routeDesc&gt;&lt;materialUOM&gt;3&lt;/materialUOM&gt;&lt;UOMName&gt;EA&lt;/UOMName&gt;&lt;materialBOM&gt;1&lt;/materialBOM&gt;&lt;src_bom&gt;Common/img/check.png&lt;/src_bom&gt;&lt;materialSAPID&gt;3602&lt;/materialSAPID&gt;&lt;CreatedBy&gt;ZarKl&lt;/CreatedBy&gt;&lt;CreatedOn&gt;2016-08-24T00:00:00&lt;/CreatedOn&gt;&lt;ModifiedBy&gt;---&lt;/ModifiedBy&gt;&lt;ModifiedOn&gt;TimeUnavailable&lt;/ModifiedOn&gt;&lt;Active&gt;1&lt;/Active&gt;&lt;src_act&gt;Common/img/check.png&lt;/src_act&gt;&lt;routeName&gt;100&lt;/routeName&gt;&lt;/Row&gt;&lt;Row&gt;&lt;materialID&gt;10&lt;/materialID&gt;&lt;materialName&gt;10032436&lt;/materialName&gt;&lt;materialDescription&gt;M250 5.10:1 DRW CARRIER REAR&lt;/materialDescription&gt;&lt;specialRequirementCode&gt;---&lt;/specialRequirementCode&gt;&lt;materialRevision&gt;A&lt;/materialRevision&gt;&lt;maxQuantity&gt;9999&lt;/maxQuantity&gt;&lt;materialCommodity&gt;---&lt;/materialCommodity&gt;&lt;materialModel&gt;---&lt;/materialModel&gt;&lt;materialType&gt;---&lt;/materialType&gt;&lt;materialAccount&gt;---&lt;/materialAccount&gt;&lt;routeDesc&gt;VW SUB ASSEMBLY&lt;/routeDesc&gt;&lt;materialUOM&gt;3&lt;/materialUOM&gt;&lt;UOMName&gt;EA&lt;/UOMName&gt;&lt;materialBOM&gt;1&lt;/materialBOM&gt;&lt;src_bom&gt;Common/img/check.png&lt;/src_bom&gt;&lt;materialSAPID&gt;3602&lt;/materialSAPID&gt;&lt;CreatedBy&gt;ZarKl&lt;/CreatedBy&gt;&lt;CreatedOn&gt;2016-08-24T00:00:00&lt;/CreatedOn&gt;&lt;ModifiedBy&gt;---&lt;/ModifiedBy&gt;&lt;ModifiedOn&gt;TimeUnavailable&lt;/ModifiedOn&gt;&lt;Active&gt;1&lt;/Active&gt;&lt;src_act&gt;Common/img/check.png&lt;/src_act&gt;&lt;routeName&gt;100&lt;/routeName&gt;&lt;/Row&gt;&lt;Row&gt;&lt;materialID&gt;11&lt;/materialID&gt;&lt;materialName&gt;10041448&lt;/materialName&gt;&lt;materialDescription&gt;M250 3.92:1 SRW CARRIER REAR&lt;/materialDescription&gt;&lt;specialRequirementCode&gt;---&lt;/specialRequirementCode&gt;&lt;materialRevision&gt;A&lt;/materialRevision&gt;&lt;maxQuantity&gt;9999&lt;/maxQuantity&gt;&lt;materialCommodity&gt;---&lt;/materialCommodity&gt;&lt;materialModel&gt;---&lt;/materialModel&gt;&lt;materialType&gt;---&lt;/materialType&gt;&lt;materialAccount&gt;---&lt;/materialAccount&gt;&lt;routeDesc&gt;VW SUB ASSEMBLY&lt;/routeDesc&gt;&lt;materialUOM&gt;3&lt;/materialUOM&gt;&lt;UOMName&gt;EA&lt;/UOMName&gt;&lt;materialBOM&gt;1&lt;/materialBOM&gt;&lt;src_bom&gt;Common/img/check.png&lt;/src_bom&gt;&lt;materialSAPID&gt;3602&lt;/materialSAPID&gt;&lt;CreatedBy&gt;ZarKl&lt;/CreatedBy&gt;&lt;CreatedOn&gt;2016-08-24T00:00:00&lt;/CreatedOn&gt;&lt;ModifiedBy&gt;---&lt;/ModifiedBy&gt;&lt;ModifiedOn&gt;TimeUnavailable&lt;/ModifiedOn&gt;&lt;Active&gt;1&lt;/Active&gt;&lt;src_act&gt;Common/img/check.png&lt;/src_act&gt;&lt;routeName&gt;100&lt;/routeName&gt;&lt;/Row&gt;&lt;Row&gt;&lt;materialID&gt;12&lt;/materialID&gt;&lt;materialName&gt;10023377&lt;/materialName&gt;&lt;materialDescription&gt;M250 4.70.1 SRW CARRIER REAR&lt;/materialDescription&gt;&lt;specialRequirementCode&gt;---&lt;/specialRequirementCode&gt;&lt;materialRevision&gt;A&lt;/materialRevision&gt;&lt;maxQuantity&gt;9999&lt;/maxQuantity&gt;&lt;materialCommodity&gt;---&lt;/materialCommodity&gt;&lt;materialModel&gt;---&lt;/materialModel&gt;&lt;materialType&gt;---&lt;/materialType&gt;&lt;materialAccount&gt;---&lt;/materialAccount&gt;&lt;routeDesc&gt;VW SUB ASSEMBLY&lt;/routeDesc&gt;&lt;materialUOM&gt;3&lt;/materialUOM&gt;&lt;UOMName&gt;EA&lt;/UOMName&gt;&lt;materialBOM&gt;NA&lt;/materialBOM&gt;&lt;src_bom&gt;Common/img/blank.png&lt;/src_bom&gt;&lt;materialSAPID&gt;3602&lt;/materialSAPID&gt;&lt;CreatedBy&gt;ZarKl&lt;/CreatedBy&gt;&lt;CreatedOn&gt;2016-08-24T00:00:00&lt;/CreatedOn&gt;&lt;ModifiedBy&gt;---&lt;/ModifiedBy&gt;&lt;ModifiedOn&gt;TimeUnavailable&lt;/ModifiedOn&gt;&lt;Active&gt;0&lt;/Active&gt;&lt;src_act&gt;Common/img/blank.png&lt;/src_act&gt;&lt;routeName&gt;100&lt;/routeName&gt;&lt;/Row&gt;&lt;/Rowset&gt;&lt;/Rowsets&gt;</Results><TagList/></Value><SchemaURI/><SchemaElement/><ValidateXMLOnExecution>1</ValidateXMLOnExecution><ReadOnly>false</ReadOnly><AlertXMLAssigned>false</AlertXMLAssigned></ContextItem><ContextItem><Name>AssignResult</Name><Description/><MinRange>0</MinRange><MaxRange>0</MaxRange><Value xsi:type="Assignment"/><ReadOnly>false</ReadOnly><AlertXMLAssigned>false</AlertXMLAssigned></ContextItem><ContextItem><Name>ShowXML</Name><Description/><MinRange>0</MinRange><MaxRange>0</MaxRange><Value xsi:type="Tracer"><Message/><Level>INFO</Level></Value><ReadOnly>false</ReadOnly><AlertXMLAssigned>false</AlertXMLAssigned></ContextItem><ContextItem><Name>AssignDefault</Name><Description/><MinRange>0</MinRange><MaxRange>0</MaxRange><Value xsi:type="Assignment"/><ReadOnly>false</ReadOnly><AlertXMLAssigned>false</AlertXMLAssigned></ContextItem><ContextItem><Name>ShowDefault</Name><Description/><MinRange>0</MinRange><MaxRange>0</MaxRange><Value xsi:type="Tracer"><Message/><Level>INFO</Level></Value><ReadOnly>false</ReadOnly><AlertXMLAssigned>false</AlertXMLAssigned></ContextItem><ContextItem><Name>SUCCESS</Name><Description/><MinRange>0</MinRange><MaxRange>0</MaxRange><Value xsi:type="ConditionalAction"><Output>false</Output><InputCount>1</InputCount><LogicalAnd>false</LogicalAnd><Input1>false</Input1></Value><ReadOnly>false</ReadOnly><AlertXMLAssigned>false</AlertXMLAssigned></ContextItem><ContextItem><Name>AssignError</Name><Description/><MinRange>0</MinRange><MaxRange>0</MaxRange><Value xsi:type="Assignment"/><ReadOnly>false</ReadOnly><AlertXMLAssigned>false</AlertXMLAssigned></ContextItem><ContextItem><Name>ShowError</Name><Description/><MinRange>0</MinRange><MaxRange>0</MaxRange><Value xsi:type="Tracer"><Message/><Level>INFO</Level></Value><ReadOnly>false</ReadOnly><AlertXMLAssigned>false</AlertXMLAssigned></ContextItem><ContextItem><Name>EmptySet</Name><Description/><MinRange>0</MinRange><MaxRange>0</MaxRange><Value xsi:type="Assignment"/><ReadOnly>false</ReadOnly><AlertXMLAssigned>false</AlertXMLAssigned></ContextItem><ContextItem><Name>ShowEmpty</Name><Description/><MinRange>0</MinRange><MaxRange>0</MaxRange><Value xsi:type="Tracer"><Message/><Level>INFO</Level></Value><ReadOnly>false</ReadOnly><AlertXMLAssigned>false</AlertXMLAssigned></ContextItem><ContextItem><Name>NotEmpty</Name><Description/><MinRange>0</MinRange><MaxRange>0</MaxRange><Value xsi:type="ConditionalAction"><Output>false</Output><InputCount>1</InputCount><LogicalAnd>false</LogicalAnd><Input1>false</Input1></Value><ReadOnly>false</ReadOnly><AlertXMLAssigned>false</AlertXMLAssigned></ContextItem><ContextItem><Name>Rowset_Ready</Name><Description/><MinRange>0</MinRange><MaxRange>0</MaxRange><Value xsi:type="ConditionalAction"><Output>false</Output><InputCount>1</InputCount><LogicalAnd>false</LogicalAnd><Input1>false</Input1></Value><ReadOnly>false</ReadOnly><AlertXMLAssigned>false</AlertXMLAssigned></ContextItem><ContextItem><Name>NoMailNeeded</Name><Description/><MinRange>0</MinRange><MaxRange>0</MaxRange><Value xsi:type="Tracer"><Message/><Level>INFO</Level></Value><ReadOnly>false</ReadOnly><AlertXMLAssigned>false</AlertXMLAssigned></ContextItem><ContextItem><Name>RepeatOnRow</Name><Description/><MinRange>0</MinRange><MaxRange>0</MaxRange><Value xsi:type="RepeaterAction"><Output><ReferenceDocumentSource/>&lt;?xml version="1.0" encoding="UTF-8"?&gt;&lt;Row&gt;&lt;materialID&gt;7&lt;/materialID&gt;&lt;materialName&gt;10043392&lt;/materialName&gt;&lt;materialDescription&gt;M180 2.47:1 OPEN CARRIER ASSY&lt;/materialDescription&gt;&lt;specialRequirementCode&gt;---&lt;/specialRequirementCode&gt;&lt;materialRevision&gt;A&lt;/materialRevision&gt;&lt;maxQuantity&gt;9999&lt;/maxQuantity&gt;&lt;materialCommodity&gt;---&lt;/materialCommodity&gt;&lt;materialModel&gt;---&lt;/materialModel&gt;&lt;materialType&gt;---&lt;/materialType&gt;&lt;materialAccount&gt;---&lt;/materialAccount&gt;&lt;routeDesc&gt;VW SUB ASSEMBLY&lt;/routeDesc&gt;&lt;materialUOM&gt;3&lt;/materialUOM&gt;&lt;UOMName&gt;EA&lt;/UOMName&gt;&lt;materialBOM&gt;1&lt;/materialBOM&gt;&lt;src_bom&gt;Common/img/check.png&lt;/src_bom&gt;&lt;materialSAPID&gt;3602&lt;/materialSAPID&gt;&lt;CreatedBy&gt;ZarKl&lt;/CreatedBy&gt;&lt;CreatedOn&gt;2016-08-24T00:00:00&lt;/CreatedOn&gt;&lt;ModifiedBy&gt;---&lt;/ModifiedBy&gt;&lt;ModifiedOn&gt;TimeUnavailable&lt;/ModifiedOn&gt;&lt;Active&gt;1&lt;/Active&gt;&lt;src_act&gt;Common/img/check.png&lt;/src_act&gt;&lt;routeName&gt;100&lt;/routeName&gt;&lt;/Row&gt;</Output><Break>false</Break><ItemCount>0</ItemCount><CurrentItem>0</CurrentItem><Source>RunQuery.Results{/Rowsets/Rowset/Row}</Source><Item><ReferenceDocumentSource/>&lt;?xml version="1.0" encoding="UTF-8"?&gt;&lt;Row&gt;&lt;materialID&gt;7&lt;/materialID&gt;&lt;materialName&gt;10043392&lt;/materialName&gt;&lt;materialDescription&gt;M180 2.47:1 OPEN CARRIER ASSY&lt;/materialDescription&gt;&lt;specialRequirementCode&gt;---&lt;/specialRequirementCode&gt;&lt;materialRevision&gt;A&lt;/materialRevision&gt;&lt;maxQuantity&gt;9999&lt;/maxQuantity&gt;&lt;materialCommodity&gt;---&lt;/materialCommodity&gt;&lt;materialModel&gt;---&lt;/materialModel&gt;&lt;materialType&gt;---&lt;/materialType&gt;&lt;materialAccount&gt;---&lt;/materialAccount&gt;&lt;routeDesc&gt;VW SUB ASSEMBLY&lt;/routeDesc&gt;&lt;materialUOM&gt;3&lt;/materialUOM&gt;&lt;UOMName&gt;EA&lt;/UOMName&gt;&lt;materialBOM&gt;1&lt;/materialBOM&gt;&lt;src_bom&gt;Common/img/check.png&lt;/src_bom&gt;&lt;materialSAPID&gt;3602&lt;/materialSAPID&gt;&lt;CreatedBy&gt;ZarKl&lt;/CreatedBy&gt;&lt;CreatedOn&gt;2016-08-24T00:00:00&lt;/CreatedOn&gt;&lt;ModifiedBy&gt;---&lt;/ModifiedBy&gt;&lt;ModifiedOn&gt;TimeUnavailable&lt;/ModifiedOn&gt;&lt;Active&gt;1&lt;/Active&gt;&lt;src_act&gt;Common/img/check.png&lt;/src_act&gt;&lt;routeName&gt;100&lt;/routeName&gt;&lt;/Row&gt;</Item></Value><SchemaURI/><SchemaElement/><ValidateXMLOnExecution>1</ValidateXMLOnExecution><SchemaURI/><SchemaElement/><ValidateXMLOnExecution>1</ValidateXMLOnExecution><ReadOnly>false</ReadOnly><AlertXMLAssigned>false</AlertXMLAssigned></ContextItem><ContextItem><Name>AssignHTML_Hdr</Name><Description/><MinRange>0</MinRange><MaxRange>0</MaxRange><Value xsi:type="Assignment"/><ReadOnly>false</ReadOnly><AlertXMLAssigned>false</AlertXMLAssigned></ContextItem><ContextItem><Name>AssignHTML_Ftr</Name><Description/><MinRange>0</MinRange><MaxRange>0</MaxRange><Value xsi:type="Assignment"/><ReadOnly>false</ReadOnly><AlertXMLAssigned>false</AlertXMLAssigned></ContextItem><ContextItem><Name>ShowHTML</Name><Description/><MinRange>0</MinRange><MaxRange>0</MaxRange><Value xsi:type="Tracer"><Message/><Level>INFO</Level></Value><ReadOnly>false</ReadOnly><AlertXMLAssigned>false</AlertXMLAssigned></ContextItem><ContextItem><Name>FirstRow</Name><Description/><MinRange>0</MinRange><MaxRange>0</MaxRange><Value xsi:type="ConditionalAction"><Output>false</Output><InputCount>1</InputCount><LogicalAnd>false</LogicalAnd><Input1>false</Input1></Value><ReadOnly>false</ReadOnly><AlertXMLAssigned>false</AlertXMLAssigned></ContextItem><ContextItem><Name>FIX_bgColor</Name><Description/><MinRange>0</MinRange><MaxRange>0</MaxRange><Value xsi:type="ConditionalAction"><Output>false</Output><InputCount>1</InputCount><LogicalAnd>false</LogicalAnd><Input1>false</Input1></Value><ReadOnly>false</ReadOnly><AlertXMLAssigned>false</AlertXMLAssigned></ContextItem><ContextItem><Name>AssignFFFFFF</Name><Description/><MinRange>0</MinRange><MaxRange>0</MaxRange><Value xsi:type="Assignment"/><ReadOnly>false</ReadOnly><AlertXMLAssigned>false</AlertXMLAssigned></ContextItem><ContextItem><Name>AssignEFEFEF</Name><Description/><MinRange>0</MinRange><MaxRange>0</MaxRange><Value xsi:type="Assignment"/><ReadOnly>false</ReadOnly><AlertXMLAssigned>false</AlertXMLAssigned></ContextItem><ContextItem><Name>SendMail</Name><Description/><MinRange>0</MinRange><MaxRange>0</MaxRange><Value xsi:type="TransactionCall"><ResetState>false</ResetState><TransactionName>MESM/MATERIALS/TRANSACTIONS/SendMail</TransactionName><Async>false</Async><Persist>INHERIT</Persist><LogLevel>INHERIT</LogLevel><LogType>INHERIT</LogType><StoreTransactionOutput>false</StoreTransactionOutput><Expiration>-1</Expiration><mailAttachment/><mailMessage>&lt;b&gt; TEST MESSAGE BOLD &lt;/b&gt;</mailMessage><mailSubject>SAPMII15 says :  MESSAGE</mailSubject><ToAddress>zarko.klasnja@rtsautomation.com</ToAddress></Value><ReadOnly>false</ReadOnly><AlertXMLAssigned>false</AlertXMLAssigned></ContextItem><ContextItem><Name>ShowMessage</Name><Description/><MinRange>0</MinRange><MaxRange>0</MaxRange><Value xsi:type="Tracer"><Message/><Level>INFO</Level></Value><ReadOnly>false</ReadOnly><AlertXMLAssigned>false</AlertXMLAssigned></ContextItem><ContextItem><Name>Exception_Enabler_1</Name><Description/><MinRange>0</MinRange><MaxRange>0</MaxRange><Value xsi:type="ExceptionEnabler"><EnableActionExceptions>true</EnableActionExceptions><EnableLinkExceptions>true</EnableLinkExceptions></Value><ReadOnly>false</ReadOnly><AlertXMLAssigned>false</AlertXMLAssigned></ContextItem><ContextItem><Name>Catch_1</Name><Description/><MinRange>0</MinRange><MaxRange>0</MaxRange><Value xsi:type="CatchAction"/><ReadOnly>false</ReadOnly><AlertXMLAssigned>false</AlertXMLAssigned></ContextItem><ContextItem><Name>ShowCatch_1</Name><Description/><MinRange>0</MinRange><MaxRange>0</MaxRange><Value xsi:type="Tracer"><Message/><Level>INFO</Level></Value><ReadOnly>false</ReadOnly><AlertXMLAssigned>false</AlertXMLAssigned></ContextItem><ContextItem><Name>AssignOUT</Name><Description/><MinRange>0</MinRange><MaxRange>0</MaxRange><Value xsi:type="Assignment"/><ReadOnly>false</ReadOnly><AlertXMLAssigned>false</AlertXMLAssigned></ContextItem><ContextItem><Name>AssignTableHdr</Name><Description/><MinRange>0</MinRange><MaxRange>0</MaxRange><Value xsi:type="Assignment"/><ReadOnly>false</ReadOnly><AlertXMLAssigned>false</AlertXMLAssigned></ContextItem><ContextItem><Name>AssignDataVal</Name><Description/><MinRange>0</MinRange><MaxRange>0</MaxRange><Value xsi:type="Assignment"/><ReadOnly>false</ReadOnly><AlertXMLAssigned>false</AlertXMLAssigned></ContextItem><ContextItem><Name>NotTableHDR</Name><Description/><MinRange>0</MinRange><MaxRange>0</MaxRange><Value xsi:type="Tracer"><Message/><Level>INFO</Level></Value><ReadOnly>false</ReadOnly><AlertXMLAssigned>false</AlertXMLAssigned></ContextItem><ContextItem><Name>LastRow</Name><Description/><MinRange>0</MinRange><MaxRange>0</MaxRange><Value xsi:type="ConditionalAction"><Output>false</Output><InputCount>1</InputCount><LogicalAnd>false</LogicalAnd><Input1>false</Input1></Value><ReadOnly>false</ReadOnly><AlertXMLAssigned>false</AlertXMLAssigned></ContextItem><ContextItem><Name>AssignTableFooter</Name><Description/><MinRange>0</MinRange><MaxRange>0</MaxRange><Value xsi:type="Assignment"/><ReadOnly>false</ReadOnly><AlertXMLAssigned>false</AlertXMLAssigned></ContextItem></Actions><ReaderRoles>SAP_XMII_Super_Administrator,SAP_XMII_Administrator,SAP_XMII_Developer,SAP_XMII_User</ReaderRoles><Steps><Step xsi:type="ActionSequence"><Name>Sequence</Name><Description/><Steps><Step xsi:type="ActionSequence"><Name>Sequence_0</Name><Description/><Steps><Step xsi:type="ActionSequence"><Name>Sequence_1</Name><Description/><Steps><Step xsi:type="ActionSequence"><Name>Sequence_2</Name><Description/><Steps><Step xsi:type="ActionSequence"><Name>Sequence_3</Name><Description/><Steps><Step xsi:type="Conditional"><Name>Sequence_10</Name><Description/><Steps><Step xsi:type="Conditional"><Name>Sequence_11</Name><Description/><Steps><Step xsi:type="ActionSequence"><Name>Sequence_6</Name><Description/><Steps><Step xsi:type="ActionSequence"><Name>Sequence_7</Name><Description/><Steps/><Actions><Action><Name>ShowXML</Name><Description> </Description><IncomingLinks><Assign xsi:type="Assign"><Name/><Description/><To>ShowXML.Message</To><From>Transaction.XML_RESULT</From></Assign></IncomingLinks><OutgoingLinks/></Action></Actions></Step></Steps><Actions><Action><Name>AssignResult</Name><Description> </Description><IncomingLinks/><OutgoingLinks><Assign xsi:type="AssignXml"><Name/><Description/><To>Transaction.XML_RESULT</To><From>RunQuery.Results</From></Assign></OutgoingLinks></Action></Actions></Step><Step xsi:type="ActionSequence"><Name>Sequence_14</Name><Description/><Steps><Step xsi:type="ActionSequence"><Name>Sequence_15</Name><Description/><Steps/><Actions><Action><Name>ShowEmpty</Name><Description> </Description><IncomingLinks><Assign xsi:type="Assign"><Name/><Description/><To>ShowEmpty.Message</To><From>Transaction.XML_RESULT</From></Assign></IncomingLinks><OutgoingLinks/></Action></Actions></Step></Steps><Actions><Action><Name>EmptySet</Name><Description> </Description><IncomingLinks/><OutgoingLinks><Assign xsi:type="Assign"><Name/><Description/><To>Local.DefaultResult{/Rowsets/Rowset/Message}</To><From>"No data returned for current parameter selection .."</From></Assign><Assign xsi:type="AssignXml"><Name/><Description/><To>Transaction.XML_RESULT</To><From>Local.DefaultResult</From></Assign></OutgoingLinks></Action></Actions></Step></Steps><Actions><Action><Name>NotEmpty</Name><Description> </Description><IncomingLinks><Assign xsi:type="Assign"><Name/><Description/><To>NotEmpty.Input1</To><From>if(RunQuery.Results{count(/Rowsets/Rowset/Row)}&gt;0,1,0)</From></Assign></IncomingLinks><OutgoingLinks/></Action></Actions></Step><Step xsi:type="ActionSequence"><Name>Sequence_12</Name><Description/><Steps><Step xsi:type="ActionSequence"><Name>Sequence_13</Name><Description/><Steps/><Actions><Action><Name>ShowError</Name><Description> </Description><IncomingLinks><Assign xsi:type="Assign"><Name/><Description/><To>ShowError.Message</To><From>Transaction.XML_RESULT</From></Assign></IncomingLinks><OutgoingLinks/></Action></Actions></Step></Steps><Actions><Action><Name>AssignError</Name><Description> </Description><IncomingLinks/><OutgoingLinks><Assign xsi:type="Assign"><Name/><Description/><To>Local.DefaultResult{/Rowsets/Rowset/Message}</To><From>RunQuery.LastErrorMessage</From></Assign><Assign xsi:type="AssignXml"><Name/><Description/><To>Transaction.XML_RESULT</To><From>Local.DefaultResult</From></Assign></OutgoingLinks></Action></Actions></Step></Steps><Actions><Action><Name>SUCCESS</Name><Description> </Description><IncomingLinks><Assign xsi:type="Assign"><Name/><Description/><To>SUCCESS.Input1</To><From>RunQuery.Success</From></Assign></IncomingLinks><OutgoingLinks/></Action></Actions></Step></Steps><Actions><Action><Name>RunQuery</Name><Description>SQL Query</Description><IncomingLinks><Assign xsi:type="Assign"><Name/><Description/><To>RunQuery.Server</To><From>Transaction.DataServer</From></Assign><Assign xsi:type="Assign"><Name/><Description/><To>RunQuery.Param.1</To><From>Transaction.PlantID</From></Assign><Assign xsi:type="Assign"><Name/><Description/><To>RunQuery.Param.2</To><From>Transaction.ProductRoute</From></Assign></IncomingLinks><OutgoingLinks/></Action></Actions></Step><Step xsi:type="Catch"><Name>Sequence_4</Name><Description/><Steps><Step xsi:type="ActionSequence"><Name>Sequence_5</Name><Description/><Steps><Step xsi:type="ActionSequence"><Name>Sequence_8</Name><Description/><Steps><Step xsi:type="ActionSequence"><Name>Sequence_9</Name><Description/><Steps/><Actions><Action><Name>ShowDefault</Name><Description> </Description><IncomingLinks><Assign xsi:type="Assign"><Name/><Description/><To>ShowDefault.Message</To><From>Transaction.XML_RESULT</From></Assign></IncomingLinks><OutgoingLinks/></Action></Actions></Step></Steps><Actions><Action><Name>AssignDefault</Name><Description> </Description><IncomingLinks/><OutgoingLinks><Assign xsi:type="Assign"><Name/><Description/><To>Local.DefaultResult{/Rowsets/Rowset/Message}</To><From> Catch_0.ExceptionType &amp; " -- " &amp; Catch_0.Message</From></Assign><Assign xsi:type="AssignXml"><Name/><Description/><To>Transaction.XML_RESULT</To><From>Local.DefaultResult</From></Assign></OutgoingLinks></Action></Actions></Step></Steps><Actions><Action><Name>ShowCatch_0</Name><Description> </Description><IncomingLinks><Assign xsi:type="Assign"><Name/><Description/><To>ShowCatch_0.Message</To><From>Catch_0.Message</From></Assign></IncomingLinks><OutgoingLinks/></Action></Actions></Step></Steps><Actions><Action><Name>Catch_0</Name><Description>Catches an exception</Description><IncomingLinks/><OutgoingLinks/></Action></Actions></Step></Steps><Actions><Action><Name>Exception_Enabler_0</Name><Description>Enables exceptions.</Description><IncomingLinks/><OutgoingLinks/></Action></Actions></Step></Steps><Actions><Action><Name>ShowTemplate</Name><Description> </Description><IncomingLinks><Assign xsi:type="Assign"><Name/><Description/><To>ShowTemplate.Message</To><From>"Query Template : " &amp; Local.QueryTemplate</From></Assign></IncomingLinks><OutgoingLinks/></Action></Actions></Step></Steps><Actions><Action><Name>AssignTemplate</Name><Description> </Description><IncomingLinks/><OutgoingLinks><Assign xsi:type="Assign"><Name/><Description/><To>Local.QueryTemplate</To><From>"get_Materials"</From></Assign></OutgoingLinks></Action></Actions></Step><Step xsi:type="Conditional"><Name>Sequence_16</Name><Description/><Steps><Step xsi:type="ActionSequence"><Name>Sequence_21</Name><Description/><Steps><Step xsi:type="Repeater"><Name>Sequence_17</Name><Description/><Steps><Step xsi:type="ActionSequence"><Name>Sequence_35</Name><Description/><Steps><Step xsi:type="Conditional"><Name>Sequence_19</Name><Description/><Steps><Step xsi:type="ActionSequence"><Name>Sequence_23</Name><Description/><Steps/><Actions><Action><Name>AssignTableHdr</Name><Description> </Description><IncomingLinks/><OutgoingLinks><Assign xsi:type="Assign"><Name/><Description/><To>Local.stringHTML</To><From>Local.stringHTML &amp; "&lt;table id=\"top-hdr\" cellspacing=0 cellpadding=4 border=0 align=center width=1030 style=\"margin-top:0px;font-family: Arial;\"&gt;
&lt;tr style=\"border-top:2px solid #666;margin-top:0px;background-color:#ffffff;\"&gt;
&lt;td colspan=13 style=\"font-size:32px;font-weight:bold;color: #007dc0;text-align:center\"&gt;" &amp; Local.QueryTitle &amp; " ( Route " &amp; Transaction.ProductRoute &amp; " )&lt;/td&gt;&lt;/tr&gt;
&lt;tr style=\"font-size:12px;font-weight:bold;border-top:2px solid #666;margin-top:0px;background-color:#cfcfcf;\"&gt;
&lt;td style=\"width:100px; text-align:center;\"&gt;Product Name&lt;/td&gt;
&lt;td style=\"width:140px; text-align:center;\"&gt;Description&lt;/td&gt;
&lt;td style=\"width:80px; text-align:center;\"&gt;Code&lt;/td&gt;
&lt;td style=\"width:60px; text-align:center;\"&gt;Revision&lt;/td&gt;
&lt;td style=\"width:120px; text-align:center;\"&gt;Max Qty&lt;/td&gt;
&lt;td style=\"width:60px; text-align:center;\"&gt;Com&lt;/td&gt;
&lt;td style=\"width:60px; text-align:center;\"&gt;Model&lt;/td&gt;
&lt;td style=\"width:60px; text-align:center;\"&gt;Type&lt;/td&gt;
&lt;td style=\"width:80px; text-align:center;\"&gt;Account&lt;/td&gt;
&lt;td style=\"width:60px; text-align:center;\"&gt;Route&lt;/td&gt;
&lt;td style=\"width:60px; text-align:center;\"&gt;UOM&lt;/td&gt;
&lt;td style=\"width:60px; text-align:center;\"&gt;BOM&lt;/td&gt;
&lt;td style=\"width:70px; text-align:center;\"&gt;Active&lt;/td&gt;&lt;/tr&gt;&lt;/table&gt;"</From></Assign></OutgoingLinks></Action></Actions></Step><Step xsi:type="ActionSequence"><Name>Sequence_29</Name><Description/><Steps/><Actions><Action><Name>NotTableHDR</Name><Description> </Description><IncomingLinks/><OutgoingLinks/></Action></Actions></Step><Step xsi:type="ActionSequence"><Name>Sequence_36</Name><Description/><Steps><Step xsi:type="Conditional"><Name>Sequence_31</Name><Description/><Steps><Step xsi:type="ActionSequence"><Name>Sequence_40</Name><Description/><Steps/><Actions><Action><Name>AssignTableFooter</Name><Description> </Description><IncomingLinks/><OutgoingLinks><Assign xsi:type="Assign"><Name/><Description/><To>Local.stringHTML</To><From>Local.stringHTML &amp; "&lt;table id=\"data-bot" &amp; "\" cellspacing=0 cellpadding=4 border=0 align=center width=1030 style=\"margin-top:0px; font-size:12px; font-family: Arial;font-weight:bold\"&gt;&lt;tr style=\"border-top:2px solid #666;background-color:#ffffff;\"&gt;&lt;td colspan=13 style=\"border-top:2px solid #666;margin-top:0px;\" align=left&gt;&amp;nbsp;" &amp; datefromxmlformat(datenow, "yyyy-MM-dd HH:mm:ss") &amp; " -- " &amp; RepeatOnRow.ItemCount &amp; " Records&lt;/td&gt;&lt;/tr&gt;&lt;/table&gt;"
</From></Assign></OutgoingLinks></Action></Actions></Step><Step xsi:type="ActionSequence"><Name>Sequence_33</Name><Description/><Steps/><Actions/></Step></Steps><Actions><Action><Name>LastRow</Name><Description> </Description><IncomingLinks><Assign xsi:type="Assign"><Name/><Description/><To>LastRow.Input1</To><From>if(RepeatOnRow.CurrentItem==RepeatOnRow.ItemCount,1,0)</From></Assign></IncomingLinks><OutgoingLinks/></Action></Actions></Step></Steps><Actions><Action><Name>AssignDataVal</Name><Description> </Description><IncomingLinks/><OutgoingLinks><Assign xsi:type="Assign"><Name/><Description/><To>Local.stringHTML</To><From>Local.stringHTML &amp; "&lt;table id=\"data-val" &amp; RepeatOnRow.CurrentItem &amp; "\" cellspacing=0 cellpadding=4 border=0 align=center width=1030 style=\"margin-top:0px; font-size:12px;font-family: Arial;\"&gt;
&lt;tr style=\"background-color:" &amp; Local.BgColor &amp; ";\"&gt;
&lt;td style=\"width:100px; text-align:center;\"&gt;" &amp; RepeatOnRow.Output{/Row/materialName} &amp; "&lt;/td&gt;
&lt;td style=\"width:140px; text-align:center;\"&gt;" &amp; RepeatOnRow.Output{/Row/materialDescription} &amp; "&lt;/td&gt;
&lt;td style=\"width:60px; text-align:center;\"&gt;" &amp; RepeatOnRow.Output{/Row/specialRequirementCode} &amp; "&lt;/td&gt;
&lt;td style=\"width:80px; text-align:center;\"&gt;" &amp; RepeatOnRow.Output{/Row/materialRevision} &amp; "&lt;/td&gt;
&lt;td style=\"width:120px; text-align:center;\"&gt;" &amp; RepeatOnRow.Output{/Row/maxQuantity} &amp; "&lt;/td&gt;
&lt;td style=\"width:60px; text-align:center;\"&gt;" &amp; RepeatOnRow.Output{/Row/materialCommodity} &amp; "&lt;/td&gt;
&lt;td style=\"width:60px; text-align:center;\"&gt;" &amp; RepeatOnRow.Output{/Row/materialModel} &amp; "&lt;/td&gt;
&lt;td style=\"width:60px; text-align:center;\"&gt;" &amp; RepeatOnRow.Output{/Row/materialType} &amp; "&lt;/td&gt;
&lt;td style=\"width:80px; text-align:center;\"&gt;" &amp; RepeatOnRow.Output{/Row/materialAccount} &amp; "&lt;/td&gt;
&lt;td style=\"width:60px; text-align:center;\"&gt;" &amp; RepeatOnRow.Output{/Row/routeDesc} &amp; "&lt;/td&gt;
&lt;td style=\"width:60px; text-align:center;\"&gt;" &amp; RepeatOnRow.Output{/Row/UOMName} &amp; "&lt;/td&gt;
&lt;td style=\"width:60px; text-align:center;\"&gt;" &amp; RepeatOnRow.Output{/Row/materialBOM} &amp; "&lt;/td&gt;
&lt;td style=\"width:70px; text-align:center;\"&gt;" &amp; stringif(RepeatOnRow.Output{/Row/Active} == 0, "NO", "YES") &amp; "&lt;/td&gt;&lt;/tr&gt;&lt;/table&gt;"</From></Assign></OutgoingLinks></Action></Actions></Step></Steps><Actions><Action><Name>FirstRow</Name><Description> </Description><IncomingLinks><Assign xsi:type="Assign"><Name/><Description/><To>FirstRow.Input1</To><From>if(RepeatOnRow.CurrentItem==1,1,0)</From></Assign></IncomingLinks><OutgoingLinks/></Action></Actions></Step><Step xsi:type="Conditional"><Name>Sequence_25</Name><Description/><Steps><Step xsi:type="ActionSequence"><Name>Sequence_27</Name><Description/><Steps/><Actions><Action><Name>AssignFFFFFF</Name><Description> </Description><IncomingLinks/><OutgoingLinks><Assign xsi:type="Assign"><Name/><Description/><To>Local.BgColor</To><From>"#FFFFFF"</From></Assign></OutgoingLinks></Action></Actions></Step><Step xsi:type="ActionSequence"><Name>Sequence_28</Name><Description/><Steps/><Actions><Action><Name>AssignEFEFEF</Name><Description> </Description><IncomingLinks/><OutgoingLinks><Assign xsi:type="Assign"><Name/><Description/><To>Local.BgColor</To><From>"#EFEFEF"</From></Assign></OutgoingLinks></Action></Actions></Step></Steps><Actions><Action><Name>FIX_bgColor</Name><Description> </Description><IncomingLinks><Assign xsi:type="Assign"><Name/><Description/><To>FIX_bgColor.Input1</To><From>stringif(Local.BgColor =="#EFEFEF", 1,0)</From></Assign></IncomingLinks><OutgoingLinks/></Action></Actions></Step></Steps><Actions/></Step></Steps><Actions><Action><Name>RepeatOnRow</Name><Description> </Description><IncomingLinks/><OutgoingLinks/></Action></Actions></Step><Step xsi:type="ActionSequence"><Name>Sequence_20</Name><Description/><Steps><Step xsi:type="ActionSequence"><Name>Sequence_22</Name><Description/><Steps><Step xsi:type="ActionSequence"><Name>Sequence_42</Name><Description/><Steps><Step xsi:type="ActionSequence"><Name>Sequence_39</Name><Description/><Steps><Step xsi:type="ActionSequence"><Name>Sequence_45</Name><Description/><Steps><Step xsi:type="ActionSequence"><Name>Sequence_41</Name><Description/><Steps/><Actions><Action><Name>ShowMessage</Name><Description> </Description><IncomingLinks><Assign xsi:type="Assign"><Name/><Description/><To>ShowMessage.Message</To><From>Transaction.XML_RESULT{/Rowsets/Rowset/Row/TRXRESULT}</From></Assign></IncomingLinks><OutgoingLinks/></Action></Actions></Step></Steps><Actions><Action><Name>AssignOUT</Name><Description> </Description><IncomingLinks/><OutgoingLinks><Assign xsi:type="AssignXml"><Name/><Description/><To>Transaction.XML_RESULT</To><From>SendMail.XML_OUT</From></Assign></OutgoingLinks></Action></Actions></Step></Steps><Actions><Action><Name>SendMail</Name><Description> </Description><IncomingLinks><Assign xsi:type="Assign"><Name/><Description/><To>SendMail.mailSubject</To><From>"SAP MII CTM - " &amp; Local.QueryTitle</From></Assign><Assign xsi:type="Assign"><Name/><Description/><To>SendMail.mailMessage</To><From>Local.stringHTML</From></Assign><Assign xsi:type="Assign"><Name/><Description/><To>SendMail.ToAddress</To><From>Transaction.MailRecipient</From></Assign></IncomingLinks><OutgoingLinks/></Action></Actions></Step><Step xsi:type="Catch"><Name>Sequence_43</Name><Description/><Steps><Step xsi:type="ActionSequence"><Name>Sequence_44</Name><Description/><Steps/><Actions><Action><Name>ShowCatch_1</Name><Description> </Description><IncomingLinks><Assign xsi:type="Assign"><Name/><Description/><To>ShowCatch_1.Message</To><From>Catch_1.Message</From></Assign></IncomingLinks><OutgoingLinks/></Action></Actions></Step></Steps><Actions><Action><Name>Catch_1</Name><Description>Catches an exception</Description><IncomingLinks/><OutgoingLinks/></Action></Actions></Step></Steps><Actions><Action><Name>Exception_Enabler_1</Name><Description>Enables exceptions.</Description><IncomingLinks/><OutgoingLinks/></Action></Actions></Step></Steps><Actions><Action><Name>ShowHTML</Name><Description> </Description><IncomingLinks><Assign xsi:type="Assign"><Name/><Description/><To>ShowHTML.Message</To><From>Local.stringHTML</From></Assign></IncomingLinks><OutgoingLinks/></Action></Actions></Step></Steps><Actions><Action><Name>AssignHTML_Ftr</Name><Description> </Description><IncomingLinks/><OutgoingLinks><Assign xsi:type="Assign"><Name/><Description/><To>Local.stringHTML</To><From>Local.stringHTML &amp; "&lt;/center&gt;&lt;/body&gt;&lt;/html&gt;"</From></Assign></OutgoingLinks></Action></Actions></Step></Steps><Actions><Action><Name>AssignHTML_Hdr</Name><Description> </Description><IncomingLinks/><OutgoingLinks><Assign xsi:type="Assign"><Name/><Description/><To>Local.stringHTML</To><From>Local.stringHTML &amp;
"&lt;!DOCTYPE html PUBLIC \"-//W3C//DTD XHTML 1.0 Transitional//EN\" \"http://www.w3.org/TR/xhtml1/DTD/xhtml1-transitional.dtd\"&gt;
&lt;html xmlns=\"http://www.w3.org/1999/xhtml\"&gt;
 &lt;head&gt;
  &lt;meta http-equiv=\"Content-Type\" content=\"text/html; charset=UTF-8\" /&gt;
  &lt;title&gt;SAP MII CTM&lt;/title&gt;
  &lt;meta name=\"viewport\" content=\"width=device-width, initial-scale=1.0\"/&gt;
&lt;/head&gt;&lt;body style=\"margin: 0; padding: 0; font-family: Arial,Helvetica,sans-serif;\"&gt;&lt;center&gt;"
</From></Assign></OutgoingLinks></Action></Actions></Step><Step xsi:type="ActionSequence"><Name>Sequence_18</Name><Description/><Steps/><Actions><Action><Name>NoMailNeeded</Name><Description> </Description><IncomingLinks><Assign xsi:type="Assign"><Name/><Description/><To>NoMailNeeded.Message</To><From>"Error In obtaining the recordset .. " &amp; Local.DefaultResult{/Rowsets/Rowset/Message}</From></Assign></IncomingLinks><OutgoingLinks/></Action></Actions></Step></Steps><Actions><Action><Name>Rowset_Ready</Name><Description> </Description><IncomingLinks><Assign xsi:type="Assign"><Name/><Description/><To>Rowset_Ready.Input1</To><From>stringif(Local.DefaultResult{/Rowsets/Rowset/Message} =="",1,0)</From></Assign></IncomingLinks><OutgoingLinks/></Action></Actions></Step></Steps><Actions><Action><Name>ShowParam</Name><Description> </Description><IncomingLinks><Assign xsi:type="Assign"><Name/><Description/><To>ShowParam.Message</To><From>"Data Server : " &amp; Transaction.DataServer &amp; " -- QueryType : " &amp; Transaction.PlantID &amp; " -- " &amp; Transaction.ProductRoute</From></Assign></IncomingLinks><OutgoingLinks/></Action></Actions></Step></Steps></Transaction>