<?xml version="1.0" encoding="UTF-8"?><Transaction xmlns:xsd="http://www.w3.org/2001/XMLSchema" xmlns:xsi="http://www.w3.org/2001/XMLSchema-instance" Version="15.0.7.12"><TransactionAttributes><ContextItem><Name>Description</Name><Description>Transaction Description</Description><MinRange>0</MinRange><MaxRange>0</MaxRange><Value xsi:type="string"/><ReadOnly>true</ReadOnly><AlertXMLAssigned>false</AlertXMLAssigned></ContextItem><ContextItem><Name>Comments</Name><Description>User Comments</Description><MinRange>0</MinRange><MaxRange>0</MaxRange><Value xsi:type="string"/><ReadOnly>true</ReadOnly><AlertXMLAssigned>false</AlertXMLAssigned></ContextItem><ContextItem><Name>CreatedBy</Name><Description>Created By</Description><MinRange>0</MinRange><MaxRange>0</MaxRange><Value xsi:type="string">RadPa</Value><ReadOnly>true</ReadOnly><AlertXMLAssigned>false</AlertXMLAssigned></ContextItem><ContextItem><Name>CreationDate</Name><Description>Creation Date</Description><MinRange>0</MinRange><MaxRange>0</MaxRange><Value xsi:type="dateTime">2016-05-04T12:47:53</Value><ReadOnly>true</ReadOnly><AlertXMLAssigned>false</AlertXMLAssigned></ContextItem><ContextItem><Name>Category</Name><Description>Transaction Category</Description><MinRange>0</MinRange><MaxRange>0</MaxRange><Value xsi:type="string"/><ReadOnly>true</ReadOnly><AlertXMLAssigned>false</AlertXMLAssigned></ContextItem><ContextItem><Name>Status</Name><Description>Deployment Status</Description><MinRange>0</MinRange><MaxRange>0</MaxRange><Value xsi:type="string">DEVELOPMENT</Value><ReadOnly>true</ReadOnly><AlertXMLAssigned>false</AlertXMLAssigned></ContextItem><ContextItem><Name>LegacyProcessingMode</Name><Description>Support the pre MII 12.1 Transaction Engine.</Description><MinRange>0</MinRange><MaxRange>0</MaxRange><Value xsi:type="boolean">0</Value><ReadOnly>true</ReadOnly><AlertXMLAssigned>false</AlertXMLAssigned></ContextItem><ContextItem><Name>AutoAppendBlankNamespaces</Name><Description>AutoAppendBlankNamespaces</Description><MinRange>0</MinRange><MaxRange>0</MaxRange><Value xsi:type="boolean">1</Value><ReadOnly>true</ReadOnly><AlertXMLAssigned>false</AlertXMLAssigned></ContextItem><ContextItem><Name>ThrowOnLinkError</Name><Description>Throws an exception when a link error occures</Description><MinRange>0</MinRange><MaxRange>0</MaxRange><Value xsi:type="boolean">0</Value><ReadOnly>true</ReadOnly><AlertXMLAssigned>false</AlertXMLAssigned></ContextItem><ContextItem><Name>ThrowOnActionError</Name><Description>Throws an exception when an action error occurs</Description><MinRange>0</MinRange><MaxRange>0</MaxRange><Value xsi:type="boolean">1</Value><ReadOnly>true</ReadOnly><AlertXMLAssigned>false</AlertXMLAssigned></ContextItem><ContextItem><Name>FormatXMLOnConversion</Name><Description>By default XML will be formatted when assigned from XML data type to String data type. This behaviour can be changed with this flag.</Description><MinRange>0</MinRange><MaxRange>0</MaxRange><Value xsi:type="boolean">1</Value><ReadOnly>true</ReadOnly><AlertXMLAssigned>false</AlertXMLAssigned></ContextItem><ContextItem><Name>LastEditedBy</Name><Description>Last Edited By</Description><MinRange>0</MinRange><MaxRange>0</MaxRange><Value xsi:type="xsd:string">RadPa</Value><ReadOnly>true</ReadOnly><AlertXMLAssigned>false</AlertXMLAssigned></ContextItem><ContextItem><Name>LastEditedDate</Name><Description>Last Edited Date</Description><MinRange>0</MinRange><MaxRange>0</MaxRange><Value xsi:type="xsd:dateTime">2016-11-21T13:45:27</Value><ReadOnly>true</ReadOnly><AlertXMLAssigned>false</AlertXMLAssigned></ContextItem></TransactionAttributes><Name>MESM/PCO_HANDLER/TRANSACTIONS/PCoTrxHandler</Name><Version>99</Version><WriterRoles>SAP_XMII_Super_Administrator,SAP_XMII_Administrator,SAP_XMII_Developer</WriterRoles><Context><ContextItem><Name>SQL_SERVER</Name><Description/><MinRange>0</MinRange><MaxRange>0</MaxRange><Value xsi:type="string">MESM_1002</Value><ReadOnly>false</ReadOnly><AlertXMLAssigned>false</AlertXMLAssigned></ContextItem><ContextItem><Name>TRX_PCOAGENT</Name><Description/><MinRange>0</MinRange><MaxRange>0</MaxRange><Value xsi:type="string"/><ReadOnly>false</ReadOnly><AlertXMLAssigned>false</AlertXMLAssigned></ContextItem><ContextItem><Name>TRX_PLCNAME</Name><Description/><MinRange>0</MinRange><MaxRange>0</MaxRange><Value xsi:type="string"/><ReadOnly>false</ReadOnly><AlertXMLAssigned>false</AlertXMLAssigned></ContextItem><ContextItem><Name>TRX_SYSID</Name><Description/><MinRange>0</MinRange><MaxRange>0</MaxRange><Value xsi:type="string"/><ReadOnly>false</ReadOnly><AlertXMLAssigned>false</AlertXMLAssigned></ContextItem><ContextItem><Name>TRX_TRXCTR</Name><Description/><MinRange>0</MinRange><MaxRange>0</MaxRange><Value xsi:type="string"/><ReadOnly>false</ReadOnly><AlertXMLAssigned>false</AlertXMLAssigned></ContextItem><ContextItem><Name>TRX_TYPE</Name><Description/><MinRange>0</MinRange><MaxRange>0</MaxRange><Value xsi:type="string"/><ReadOnly>false</ReadOnly><AlertXMLAssigned>false</AlertXMLAssigned></ContextItem><ContextItem><Name>TRX_XMLOUT</Name><Description/><MinRange>0</MinRange><MaxRange>0</MaxRange><Value xsi:type="xml"><ReferenceDocumentSource/></Value><SchemaURI/><SchemaElement/><ValidateXMLOnExecution>1</ValidateXMLOnExecution><ReadOnly>true</ReadOnly><AlertXMLAssigned>false</AlertXMLAssigned></ContextItem></Context><Local><ContextItem><Name>strTagName</Name><Description/><MinRange>0</MinRange><MaxRange>0</MaxRange><Value xsi:type="string"/><ReadOnly>false</ReadOnly><AlertXMLAssigned>false</AlertXMLAssigned></ContextItem></Local><Layout><GUILayoutItem><Name>Sequence</Name><X>368</X><Y>8</Y><Width>120</Width><SpacingWidth>840</SpacingWidth><DescendantWidth>840</DescendantWidth><Height>96</Height></GUILayoutItem><GUILayoutItem><Name>ShowParam</Name><X>376</X><Y>24</Y><Width>104</Width><SpacingWidth>0</SpacingWidth><DescendantWidth>0</DescendantWidth><Height>72</Height></GUILayoutItem><GUILayoutItem><Name>Sequence_0</Name><X>368</X><Y>144</Y><Width>120</Width><SpacingWidth>840</SpacingWidth><DescendantWidth>840</DescendantWidth><Height>96</Height></GUILayoutItem><GUILayoutItem><Name>XML_Doc</Name><X>376</X><Y>160</Y><Width>104</Width><SpacingWidth>0</SpacingWidth><DescendantWidth>0</DescendantWidth><Height>72</Height></GUILayoutItem><GUILayoutItem><Name>Sequence_1</Name><X>296</X><Y>280</Y><Width>120</Width><SpacingWidth>696</SpacingWidth><DescendantWidth>696</DescendantWidth><Height>96</Height></GUILayoutItem><GUILayoutItem><Name>Sequence_2</Name><X>224</X><Y>416</Y><Width>120</Width><SpacingWidth>552</SpacingWidth><DescendantWidth>552</DescendantWidth><Height>96</Height></GUILayoutItem><GUILayoutItem><Name>Sequence_4</Name><X>584</X><Y>552</Y><Width>120</Width><SpacingWidth>120</SpacingWidth><DescendantWidth>0</DescendantWidth><Height>96</Height></GUILayoutItem><GUILayoutItem><Name>Exception_Enabler_0</Name><X>304</X><Y>296</Y><Width>104</Width><SpacingWidth>0</SpacingWidth><DescendantWidth>0</DescendantWidth><Height>72</Height></GUILayoutItem><GUILayoutItem><Name>Sequence_3</Name><X>584</X><Y>416</Y><Width>120</Width><SpacingWidth>120</SpacingWidth><DescendantWidth>120</DescendantWidth><Height>96</Height></GUILayoutItem><GUILayoutItem><Name>Catch_0</Name><X>592</X><Y>432</Y><Width>104</Width><SpacingWidth>0</SpacingWidth><DescendantWidth>0</DescendantWidth><Height>72</Height></GUILayoutItem><GUILayoutItem><Name>ShowCatch_0</Name><X>592</X><Y>568</Y><Width>104</Width><SpacingWidth>0</SpacingWidth><DescendantWidth>0</DescendantWidth><Height>72</Height></GUILayoutItem><GUILayoutItem><Name>getTrxTagsList</Name><X>232</X><Y>432</Y><Width>104</Width><SpacingWidth>0</SpacingWidth><DescendantWidth>0</DescendantWidth><Height>72</Height></GUILayoutItem><GUILayoutItem><Name>Sequence_5</Name><X>224</X><Y>552</Y><Width>120</Width><SpacingWidth>552</SpacingWidth><DescendantWidth>552</DescendantWidth><Height>96</Height></GUILayoutItem><GUILayoutItem><Name>TagsListHasRows</Name><X>232</X><Y>568</Y><Width>104</Width><SpacingWidth>0</SpacingWidth><DescendantWidth>0</DescendantWidth><Height>72</Height></GUILayoutItem><GUILayoutItem><Name>Sequence_6</Name><X>224</X><Y>688</Y><Width>120</Width><SpacingWidth>552</SpacingWidth><DescendantWidth>552</DescendantWidth><Height>96</Height></GUILayoutItem><GUILayoutItem><Name>RepeatOnRow</Name><X>232</X><Y>704</Y><Width>104</Width><SpacingWidth>0</SpacingWidth><DescendantWidth>0</DescendantWidth><Height>72</Height></GUILayoutItem><GUILayoutItem><Name>Sequence_8</Name><X>224</X><Y>824</Y><Width>120</Width><SpacingWidth>552</SpacingWidth><DescendantWidth>552</DescendantWidth><Height>96</Height></GUILayoutItem><GUILayoutItem><Name>ShowRow</Name><X>232</X><Y>840</Y><Width>104</Width><SpacingWidth>0</SpacingWidth><DescendantWidth>0</DescendantWidth><Height>72</Height></GUILayoutItem><GUILayoutItem><Name>Sequence_7</Name><X>728</X><Y>280</Y><Width>120</Width><SpacingWidth>120</SpacingWidth><DescendantWidth>120</DescendantWidth><Height>96</Height></GUILayoutItem><GUILayoutItem><Name>HasTags</Name><X>736</X><Y>296</Y><Width>104</Width><SpacingWidth>0</SpacingWidth><DescendantWidth>0</DescendantWidth><Height>72</Height></GUILayoutItem><GUILayoutItem><Name>Sequence_11</Name><X>728</X><Y>552</Y><Width>120</Width><SpacingWidth>120</SpacingWidth><DescendantWidth>0</DescendantWidth><Height>96</Height></GUILayoutItem><GUILayoutItem><Name>ShowDoc</Name><X>736</X><Y>568</Y><Width>104</Width><SpacingWidth>0</SpacingWidth><DescendantWidth>0</DescendantWidth><Height>72</Height></GUILayoutItem><GUILayoutItem><Name>Sequence_17</Name><X>728</X><Y>416</Y><Width>120</Width><SpacingWidth>120</SpacingWidth><DescendantWidth>120</DescendantWidth><Height>96</Height></GUILayoutItem><GUILayoutItem><Name>Assign_XMLOUT</Name><X>736</X><Y>432</Y><Width>104</Width><SpacingWidth>0</SpacingWidth><DescendantWidth>0</DescendantWidth><Height>72</Height></GUILayoutItem><GUILayoutItem><Name>Sequence_14</Name><X>224</X><Y>960</Y><Width>120</Width><SpacingWidth>552</SpacingWidth><DescendantWidth>552</DescendantWidth><Height>96</Height></GUILayoutItem><GUILayoutItem><Name>Exception_Enabler_1</Name><X>232</X><Y>976</Y><Width>104</Width><SpacingWidth>0</SpacingWidth><DescendantWidth>0</DescendantWidth><Height>72</Height></GUILayoutItem><GUILayoutItem><Name>Sequence_12</Name><X>152</X><Y>1096</Y><Width>120</Width><SpacingWidth>408</SpacingWidth><DescendantWidth>408</DescendantWidth><Height>96</Height></GUILayoutItem><GUILayoutItem><Name>PCoReadTrxData</Name><X>160</X><Y>1112</Y><Width>104</Width><SpacingWidth>0</SpacingWidth><DescendantWidth>0</DescendantWidth><Height>72</Height></GUILayoutItem><GUILayoutItem><Name>Sequence_9</Name><X>152</X><Y>1232</Y><Width>120</Width><SpacingWidth>408</SpacingWidth><DescendantWidth>408</DescendantWidth><Height>96</Height></GUILayoutItem><GUILayoutItem><Name>NoError</Name><X>160</X><Y>1248</Y><Width>104</Width><SpacingWidth>0</SpacingWidth><DescendantWidth>0</DescendantWidth><Height>72</Height></GUILayoutItem><GUILayoutItem><Name>Sequence_13</Name><X>152</X><Y>1368</Y><Width>120</Width><SpacingWidth>408</SpacingWidth><DescendantWidth>408</DescendantWidth><Height>96</Height></GUILayoutItem><GUILayoutItem><Name>ShowQueryResult</Name><X>160</X><Y>1384</Y><Width>104</Width><SpacingWidth>0</SpacingWidth><DescendantWidth>0</DescendantWidth><Height>72</Height></GUILayoutItem><GUILayoutItem><Name>Sequence_15</Name><X>440</X><Y>1096</Y><Width>120</Width><SpacingWidth>120</SpacingWidth><DescendantWidth>120</DescendantWidth><Height>96</Height></GUILayoutItem><GUILayoutItem><Name>Catch_1</Name><X>448</X><Y>1112</Y><Width>104</Width><SpacingWidth>0</SpacingWidth><DescendantWidth>0</DescendantWidth><Height>72</Height></GUILayoutItem><GUILayoutItem><Name>Sequence_16</Name><X>440</X><Y>1232</Y><Width>120</Width><SpacingWidth>120</SpacingWidth><DescendantWidth>0</DescendantWidth><Height>96</Height></GUILayoutItem><GUILayoutItem><Name>ShowCatch_1</Name><X>448</X><Y>1248</Y><Width>104</Width><SpacingWidth>0</SpacingWidth><DescendantWidth>0</DescendantWidth><Height>72</Height></GUILayoutItem><GUILayoutItem><Name>Sequence_20</Name><X>8</X><Y>1504</Y><Width>120</Width><SpacingWidth>120</SpacingWidth><DescendantWidth>0</DescendantWidth><Height>96</Height></GUILayoutItem><GUILayoutItem><Name>Sequence_18</Name><X>224</X><Y>1504</Y><Width>120</Width><SpacingWidth>264</SpacingWidth><DescendantWidth>264</DescendantWidth><Height>96</Height></GUILayoutItem><GUILayoutItem><Name>NoFloat</Name><X>232</X><Y>1520</Y><Width>104</Width><SpacingWidth>0</SpacingWidth><DescendantWidth>0</DescendantWidth><Height>72</Height></GUILayoutItem><GUILayoutItem><Name>Sequence_10</Name><X>152</X><Y>1640</Y><Width>120</Width><SpacingWidth>120</SpacingWidth><DescendantWidth>0</DescendantWidth><Height>96</Height></GUILayoutItem><GUILayoutItem><Name>AddRow</Name><X>160</X><Y>1656</Y><Width>104</Width><SpacingWidth>0</SpacingWidth><DescendantWidth>0</DescendantWidth><Height>72</Height></GUILayoutItem><GUILayoutItem><Name>Sequence_19</Name><X>296</X><Y>1640</Y><Width>120</Width><SpacingWidth>120</SpacingWidth><DescendantWidth>0</DescendantWidth><Height>96</Height></GUILayoutItem><GUILayoutItem><Name>AddRowFloat</Name><X>304</X><Y>1656</Y><Width>104</Width><SpacingWidth>0</SpacingWidth><DescendantWidth>0</DescendantWidth><Height>72</Height></GUILayoutItem><GUILayoutItem><Name>getOffsetByRecID</Name><X>16</X><Y>1520</Y><Width>104</Width><SpacingWidth>0</SpacingWidth><DescendantWidth>0</DescendantWidth><Height>72</Height></GUILayoutItem></Layout><Actions><ContextItem><Name>ShowParam</Name><Description/><MinRange>0</MinRange><MaxRange>0</MaxRange><Value xsi:type="Tracer"><Message/><Level>INFO</Level></Value><ReadOnly>false</ReadOnly><AlertXMLAssigned>false</AlertXMLAssigned></ContextItem><ContextItem><Name>XML_Doc</Name><Description/><MinRange>0</MinRange><MaxRange>0</MaxRange><Value xsi:type="IlluminatorDocument"><EndDate>2016-05-04T12:55:48</EndDate><StartDate>2016-05-04T12:55:48</StartDate><Output><ReferenceDocumentSource/>&lt;?xml version="1.0" encoding="UTF-8"?&gt;&lt;Rowsets DateCreated="2016-05-04T16:11:41" EndDate="2016-05-04T12:55:48" StartDate="2016-05-04T12:55:48" Version="15.0 SP4 Patch 11"&gt;&lt;Rowset&gt;&lt;Columns&gt;&lt;Column Description="" MaxRange="1" MinRange="0" Name="TAGID" SQLDataType="1" SourceColumn="TAGID"/&gt;&lt;Column Description="" MaxRange="1" MinRange="0" Name="VALUE" SQLDataType="1" SourceColumn="VALUE"/&gt;&lt;/Columns&gt;&lt;Row&gt;&lt;TAGID&gt;STRING&lt;/TAGID&gt;&lt;VALUE&gt;STRING&lt;/VALUE&gt;&lt;/Row&gt;&lt;/Rowset&gt;&lt;/Rowsets&gt;</Output><ColumnSpecifications><ContextItem><Name>TAGID</Name><Description/><MinRange>0</MinRange><MaxRange>1</MaxRange><Value xsi:type="string">STRING</Value><ReadOnly>false</ReadOnly><AlertXMLAssigned>false</AlertXMLAssigned></ContextItem><ContextItem><Name>VALUE</Name><Description/><MinRange>0</MinRange><MaxRange>1</MaxRange><Value xsi:type="string">STRING</Value><ReadOnly>false</ReadOnly><AlertXMLAssigned>false</AlertXMLAssigned></ContextItem></ColumnSpecifications></Value><SchemaURI/><SchemaElement/><ValidateXMLOnExecution>1</ValidateXMLOnExecution><ReadOnly>false</ReadOnly><AlertXMLAssigned>false</AlertXMLAssigned></ContextItem><ContextItem><Name>Exception_Enabler_0</Name><Description/><MinRange>0</MinRange><MaxRange>0</MaxRange><Value xsi:type="ExceptionEnabler"><EnableActionExceptions>true</EnableActionExceptions><EnableLinkExceptions>true</EnableLinkExceptions></Value><ReadOnly>false</ReadOnly><AlertXMLAssigned>false</AlertXMLAssigned></ContextItem><ContextItem><Name>Catch_0</Name><Description/><MinRange>0</MinRange><MaxRange>0</MaxRange><Value xsi:type="CatchAction"/><ReadOnly>false</ReadOnly><AlertXMLAssigned>false</AlertXMLAssigned></ContextItem><ContextItem><Name>ShowCatch_0</Name><Description/><MinRange>0</MinRange><MaxRange>0</MaxRange><Value xsi:type="Tracer"><Message/><Level>INFO</Level></Value><ReadOnly>false</ReadOnly><AlertXMLAssigned>false</AlertXMLAssigned></ContextItem><ContextItem><Name>getTrxTagsList</Name><Description/><MinRange>0</MinRange><MaxRange>0</MaxRange><Value xsi:type="IlluminatorSQLQueryObject"><Timeout>60</Timeout><QueryParameters/><QueryTemplate>MESM/PCO_HANDLER/QUERIES/getTrxTagsList</QueryTemplate><QueryStartDate>2016-05-04T15:12:06</QueryStartDate><QueryEndDate>2016-05-04T15:12:06</QueryEndDate><SQLTransaction/><Results><ReferenceDocumentSource/>&lt;?xml version="1.0" encoding="UTF-8"?&gt;&lt;Rowsets CachedTime="" DateCreated="2016-11-04T14:34:33" EndDate="2016-11-04T14:34:33" StartDate="2016-11-04T13:34:33" Version="15.0 SP7 Patch 12 (Sep 7, 2016)"&gt;&lt;Rowset&gt;&lt;Columns&gt;&lt;Column Description="COM_typeName" MaxRange="1" MinRange="0" Name="COM_typeName" SQLDataType="-9" SourceColumn="COM_typeName"/&gt;&lt;Column Description="tagName" MaxRange="1" MinRange="0" Name="tagName" SQLDataType="-9" SourceColumn="tagName"/&gt;&lt;Column Description="recordID" MaxRange="1" MinRange="0" Name="recordID" SQLDataType="4" SourceColumn="recordID"/&gt;&lt;Column Description="FNC_typeName" MaxRange="1" MinRange="0" Name="FNC_typeName" SQLDataType="-9" SourceColumn="FNC_typeName"/&gt;&lt;Column Description="DataType" MaxRange="1" MinRange="0" Name="DataType" SQLDataType="-9" SourceColumn="DataType"/&gt;&lt;/Columns&gt;&lt;Row&gt;&lt;COM_typeName&gt;TSend&lt;/COM_typeName&gt;&lt;tagName&gt;TransCtr&lt;/tagName&gt;&lt;recordID&gt;2&lt;/recordID&gt;&lt;FNC_typeName&gt;DataTable&lt;/FNC_typeName&gt;&lt;DataType&gt;DIN&lt;/DataType&gt;&lt;/Row&gt;&lt;Row&gt;&lt;COM_typeName&gt;TSend&lt;/COM_typeName&gt;&lt;tagName&gt;TransStatus&lt;/tagName&gt;&lt;recordID&gt;3&lt;/recordID&gt;&lt;FNC_typeName&gt;DataTable&lt;/FNC_typeName&gt;&lt;DataType&gt;DIN&lt;/DataType&gt;&lt;/Row&gt;&lt;Row&gt;&lt;COM_typeName&gt;TSend&lt;/COM_typeName&gt;&lt;tagName&gt;MemMapVer&lt;/tagName&gt;&lt;recordID&gt;4&lt;/recordID&gt;&lt;FNC_typeName&gt;DataTable&lt;/FNC_typeName&gt;&lt;DataType&gt;DIN&lt;/DataType&gt;&lt;/Row&gt;&lt;Row&gt;&lt;COM_typeName&gt;TSend&lt;/COM_typeName&gt;&lt;tagName&gt;OperatorID&lt;/tagName&gt;&lt;recordID&gt;5&lt;/recordID&gt;&lt;FNC_typeName&gt;DataTable&lt;/FNC_typeName&gt;&lt;DataType&gt;DIN&lt;/DataType&gt;&lt;/Row&gt;&lt;Row&gt;&lt;COM_typeName&gt;TSend&lt;/COM_typeName&gt;&lt;tagName&gt;RejectCode&lt;/tagName&gt;&lt;recordID&gt;6&lt;/recordID&gt;&lt;FNC_typeName&gt;DataTable&lt;/FNC_typeName&gt;&lt;DataType&gt;DIN&lt;/DataType&gt;&lt;/Row&gt;&lt;Row&gt;&lt;COM_typeName&gt;TSend&lt;/COM_typeName&gt;&lt;tagName&gt;TransType&lt;/tagName&gt;&lt;recordID&gt;7&lt;/recordID&gt;&lt;FNC_typeName&gt;DataTable&lt;/FNC_typeName&gt;&lt;DataType&gt;DIN&lt;/DataType&gt;&lt;/Row&gt;&lt;Row&gt;&lt;COM_typeName&gt;TSend&lt;/COM_typeName&gt;&lt;tagName&gt;DataSrcID/DATA&lt;/tagName&gt;&lt;recordID&gt;8&lt;/recordID&gt;&lt;FNC_typeName&gt;DataTable&lt;/FNC_typeName&gt;&lt;DataType&gt;STR&lt;/DataType&gt;&lt;/Row&gt;&lt;Row&gt;&lt;COM_typeName&gt;TSend&lt;/COM_typeName&gt;&lt;tagName&gt;JobOrderID/DATA&lt;/tagName&gt;&lt;recordID&gt;9&lt;/recordID&gt;&lt;FNC_typeName&gt;DataTable&lt;/FNC_typeName&gt;&lt;DataType&gt;STR&lt;/DataType&gt;&lt;/Row&gt;&lt;Row&gt;&lt;COM_typeName&gt;TSend&lt;/COM_typeName&gt;&lt;tagName&gt;SerNum/DATA&lt;/tagName&gt;&lt;recordID&gt;10&lt;/recordID&gt;&lt;FNC_typeName&gt;DataTable&lt;/FNC_typeName&gt;&lt;DataType&gt;STR&lt;/DataType&gt;&lt;/Row&gt;&lt;Row&gt;&lt;COM_typeName&gt;TSend&lt;/COM_typeName&gt;&lt;tagName&gt;CustomerSerNum/DATA&lt;/tagName&gt;&lt;recordID&gt;11&lt;/recordID&gt;&lt;FNC_typeName&gt;DataTable&lt;/FNC_typeName&gt;&lt;DataType&gt;STR&lt;/DataType&gt;&lt;/Row&gt;&lt;Row&gt;&lt;COM_typeName&gt;TSend&lt;/COM_typeName&gt;&lt;tagName&gt;PNCode/DATA&lt;/tagName&gt;&lt;recordID&gt;12&lt;/recordID&gt;&lt;FNC_typeName&gt;DataTable&lt;/FNC_typeName&gt;&lt;DataType&gt;STR&lt;/DataType&gt;&lt;/Row&gt;&lt;Row&gt;&lt;COM_typeName&gt;TSend&lt;/COM_typeName&gt;&lt;tagName&gt;Lot/DATA&lt;/tagName&gt;&lt;recordID&gt;13&lt;/recordID&gt;&lt;FNC_typeName&gt;DataTable&lt;/FNC_typeName&gt;&lt;DataType&gt;STR&lt;/DataType&gt;&lt;/Row&gt;&lt;Row&gt;&lt;COM_typeName&gt;TSend&lt;/COM_typeName&gt;&lt;tagName&gt;Data_00&lt;/tagName&gt;&lt;recordID&gt;123&lt;/recordID&gt;&lt;FNC_typeName&gt;DefDataTable&lt;/FNC_typeName&gt;&lt;DataType&gt;DIN&lt;/DataType&gt;&lt;/Row&gt;&lt;Row&gt;&lt;COM_typeName&gt;TSend&lt;/COM_typeName&gt;&lt;tagName&gt;Data_01&lt;/tagName&gt;&lt;recordID&gt;124&lt;/recordID&gt;&lt;FNC_typeName&gt;DefDataTable&lt;/FNC_typeName&gt;&lt;DataType&gt;DIN&lt;/DataType&gt;&lt;/Row&gt;&lt;Row&gt;&lt;COM_typeName&gt;TSend&lt;/COM_typeName&gt;&lt;tagName&gt;Data_02&lt;/tagName&gt;&lt;recordID&gt;125&lt;/recordID&gt;&lt;FNC_typeName&gt;DefDataTable&lt;/FNC_typeName&gt;&lt;DataType&gt;DIN&lt;/DataType&gt;&lt;/Row&gt;&lt;Row&gt;&lt;COM_typeName&gt;TSend&lt;/COM_typeName&gt;&lt;tagName&gt;Data_03&lt;/tagName&gt;&lt;recordID&gt;126&lt;/recordID&gt;&lt;FNC_typeName&gt;DefDataTable&lt;/FNC_typeName&gt;&lt;DataType&gt;DIN&lt;/DataType&gt;&lt;/Row&gt;&lt;Row&gt;&lt;COM_typeName&gt;TSend&lt;/COM_typeName&gt;&lt;tagName&gt;Data_04&lt;/tagName&gt;&lt;recordID&gt;127&lt;/recordID&gt;&lt;FNC_typeName&gt;DefDataTable&lt;/FNC_typeName&gt;&lt;DataType&gt;DIN&lt;/DataType&gt;&lt;/Row&gt;&lt;Row&gt;&lt;COM_typeName&gt;TSend&lt;/COM_typeName&gt;&lt;tagName&gt;Data_05&lt;/tagName&gt;&lt;recordID&gt;128&lt;/recordID&gt;&lt;FNC_typeName&gt;DefDataTable&lt;/FNC_typeName&gt;&lt;DataType&gt;DIN&lt;/DataType&gt;&lt;/Row&gt;&lt;Row&gt;&lt;COM_typeName&gt;TSend&lt;/COM_typeName&gt;&lt;tagName&gt;Data_06&lt;/tagName&gt;&lt;recordID&gt;129&lt;/recordID&gt;&lt;FNC_typeName&gt;DefDataTable&lt;/FNC_typeName&gt;&lt;DataType&gt;DIN&lt;/DataType&gt;&lt;/Row&gt;&lt;Row&gt;&lt;COM_typeName&gt;TSend&lt;/COM_typeName&gt;&lt;tagName&gt;Data_07&lt;/tagName&gt;&lt;recordID&gt;130&lt;/recordID&gt;&lt;FNC_typeName&gt;DefDataTable&lt;/FNC_typeName&gt;&lt;DataType&gt;DIN&lt;/DataType&gt;&lt;/Row&gt;&lt;Row&gt;&lt;COM_typeName&gt;TSend&lt;/COM_typeName&gt;&lt;tagName&gt;Data_08&lt;/tagName&gt;&lt;recordID&gt;131&lt;/recordID&gt;&lt;FNC_typeName&gt;DefDataTable&lt;/FNC_typeName&gt;&lt;DataType&gt;DIN&lt;/DataType&gt;&lt;/Row&gt;&lt;Row&gt;&lt;COM_typeName&gt;TSend&lt;/COM_typeName&gt;&lt;tagName&gt;Data_09&lt;/tagName&gt;&lt;recordID&gt;132&lt;/recordID&gt;&lt;FNC_typeName&gt;DefDataTable&lt;/FNC_typeName&gt;&lt;DataType&gt;DIN&lt;/DataType&gt;&lt;/Row&gt;&lt;Row&gt;&lt;COM_typeName&gt;TSend&lt;/COM_typeName&gt;&lt;tagName&gt;Data_10&lt;/tagName&gt;&lt;recordID&gt;133&lt;/recordID&gt;&lt;FNC_typeName&gt;DefDataTable&lt;/FNC_typeName&gt;&lt;DataType&gt;DIN&lt;/DataType&gt;&lt;/Row&gt;&lt;Row&gt;&lt;COM_typeName&gt;TSend&lt;/COM_typeName&gt;&lt;tagName&gt;Data_11&lt;/tagName&gt;&lt;recordID&gt;134&lt;/recordID&gt;&lt;FNC_typeName&gt;DefDataTable&lt;/FNC_typeName&gt;&lt;DataType&gt;DIN&lt;/DataType&gt;&lt;/Row&gt;&lt;Row&gt;&lt;COM_typeName&gt;TSend&lt;/COM_typeName&gt;&lt;tagName&gt;Data_12&lt;/tagName&gt;&lt;recordID&gt;135&lt;/recordID&gt;&lt;FNC_typeName&gt;DefDataTable&lt;/FNC_typeName&gt;&lt;DataType&gt;DIN&lt;/DataType&gt;&lt;/Row&gt;&lt;Row&gt;&lt;COM_typeName&gt;TSend&lt;/COM_typeName&gt;&lt;tagName&gt;Data_13&lt;/tagName&gt;&lt;recordID&gt;136&lt;/recordID&gt;&lt;FNC_typeName&gt;DefDataTable&lt;/FNC_typeName&gt;&lt;DataType&gt;DIN&lt;/DataType&gt;&lt;/Row&gt;&lt;Row&gt;&lt;COM_typeName&gt;TSend&lt;/COM_typeName&gt;&lt;tagName&gt;Data_14&lt;/tagName&gt;&lt;recordID&gt;137&lt;/recordID&gt;&lt;FNC_typeName&gt;DefDataTable&lt;/FNC_typeName&gt;&lt;DataType&gt;DIN&lt;/DataType&gt;&lt;/Row&gt;&lt;Row&gt;&lt;COM_typeName&gt;TSend&lt;/COM_typeName&gt;&lt;tagName&gt;Data_15&lt;/tagName&gt;&lt;recordID&gt;138&lt;/recordID&gt;&lt;FNC_typeName&gt;DefDataTable&lt;/FNC_typeName&gt;&lt;DataType&gt;DIN&lt;/DataType&gt;&lt;/Row&gt;&lt;Row&gt;&lt;COM_typeName&gt;TSend&lt;/COM_typeName&gt;&lt;tagName&gt;Data_16&lt;/tagName&gt;&lt;recordID&gt;139&lt;/recordID&gt;&lt;FNC_typeName&gt;DefDataTable&lt;/FNC_typeName&gt;&lt;DataType&gt;DIN&lt;/DataType&gt;&lt;/Row&gt;&lt;Row&gt;&lt;COM_typeName&gt;TSend&lt;/COM_typeName&gt;&lt;tagName&gt;Data_17&lt;/tagName&gt;&lt;recordID&gt;140&lt;/recordID&gt;&lt;FNC_typeName&gt;DefDataTable&lt;/FNC_typeName&gt;&lt;DataType&gt;DIN&lt;/DataType&gt;&lt;/Row&gt;&lt;Row&gt;&lt;COM_typeName&gt;TSend&lt;/COM_typeName&gt;&lt;tagName&gt;Data_18&lt;/tagName&gt;&lt;recordID&gt;141&lt;/recordID&gt;&lt;FNC_typeName&gt;DefDataTable&lt;/FNC_typeName&gt;&lt;DataType&gt;DIN&lt;/DataType&gt;&lt;/Row&gt;&lt;Row&gt;&lt;COM_typeName&gt;TSend&lt;/COM_typeName&gt;&lt;tagName&gt;Data_19&lt;/tagName&gt;&lt;recordID&gt;142&lt;/recordID&gt;&lt;FNC_typeName&gt;DefDataTable&lt;/FNC_typeName&gt;&lt;DataType&gt;DIN&lt;/DataType&gt;&lt;/Row&gt;&lt;Row&gt;&lt;COM_typeName&gt;TSend&lt;/COM_typeName&gt;&lt;tagName&gt;Data_20&lt;/tagName&gt;&lt;recordID&gt;143&lt;/recordID&gt;&lt;FNC_typeName&gt;DefDataTable&lt;/FNC_typeName&gt;&lt;DataType&gt;DIN&lt;/DataType&gt;&lt;/Row&gt;&lt;Row&gt;&lt;COM_typeName&gt;TSend&lt;/COM_typeName&gt;&lt;tagName&gt;Data_21&lt;/tagName&gt;&lt;recordID&gt;144&lt;/recordID&gt;&lt;FNC_typeName&gt;DefDataTable&lt;/FNC_typeName&gt;&lt;DataType&gt;DIN&lt;/DataType&gt;&lt;/Row&gt;&lt;Row&gt;&lt;COM_typeName&gt;TSend&lt;/COM_typeName&gt;&lt;tagName&gt;Data_22&lt;/tagName&gt;&lt;recordID&gt;145&lt;/recordID&gt;&lt;FNC_typeName&gt;DefDataTable&lt;/FNC_typeName&gt;&lt;DataType&gt;DIN&lt;/DataType&gt;&lt;/Row&gt;&lt;Row&gt;&lt;COM_typeName&gt;TSend&lt;/COM_typeName&gt;&lt;tagName&gt;Data_23&lt;/tagName&gt;&lt;recordID&gt;146&lt;/recordID&gt;&lt;FNC_typeName&gt;DefDataTable&lt;/FNC_typeName&gt;&lt;DataType&gt;DIN&lt;/DataType&gt;&lt;/Row&gt;&lt;Row&gt;&lt;COM_typeName&gt;TSend&lt;/COM_typeName&gt;&lt;tagName&gt;Data_24&lt;/tagName&gt;&lt;recordID&gt;147&lt;/recordID&gt;&lt;FNC_typeName&gt;DefDataTable&lt;/FNC_typeName&gt;&lt;DataType&gt;DIN&lt;/DataType&gt;&lt;/Row&gt;&lt;Row&gt;&lt;COM_typeName&gt;TSend&lt;/COM_typeName&gt;&lt;tagName&gt;Data_25&lt;/tagName&gt;&lt;recordID&gt;148&lt;/recordID&gt;&lt;FNC_typeName&gt;DefDataTable&lt;/FNC_typeName&gt;&lt;DataType&gt;DIN&lt;/DataType&gt;&lt;/Row&gt;&lt;Row&gt;&lt;COM_typeName&gt;TSend&lt;/COM_typeName&gt;&lt;tagName&gt;Data_26&lt;/tagName&gt;&lt;recordID&gt;149&lt;/recordID&gt;&lt;FNC_typeName&gt;DefDataTable&lt;/FNC_typeName&gt;&lt;DataType&gt;DIN&lt;/DataType&gt;&lt;/Row&gt;&lt;Row&gt;&lt;COM_typeName&gt;TSend&lt;/COM_typeName&gt;&lt;tagName&gt;Data_27&lt;/tagName&gt;&lt;recordID&gt;150&lt;/recordID&gt;&lt;FNC_typeName&gt;DefDataTable&lt;/FNC_typeName&gt;&lt;DataType&gt;DIN&lt;/DataType&gt;&lt;/Row&gt;&lt;Row&gt;&lt;COM_typeName&gt;TSend&lt;/COM_typeName&gt;&lt;tagName&gt;Data_28&lt;/tagName&gt;&lt;recordID&gt;151&lt;/recordID&gt;&lt;FNC_typeName&gt;DefDataTable&lt;/FNC_typeName&gt;&lt;DataType&gt;DIN&lt;/DataType&gt;&lt;/Row&gt;&lt;Row&gt;&lt;COM_typeName&gt;TSend&lt;/COM_typeName&gt;&lt;tagName&gt;Data_29&lt;/tagName&gt;&lt;recordID&gt;152&lt;/recordID&gt;&lt;FNC_typeName&gt;DefDataTable&lt;/FNC_typeName&gt;&lt;DataType&gt;DIN&lt;/DataType&gt;&lt;/Row&gt;&lt;Row&gt;&lt;COM_typeName&gt;TSend&lt;/COM_typeName&gt;&lt;tagName&gt;Data_30&lt;/tagName&gt;&lt;recordID&gt;153&lt;/recordID&gt;&lt;FNC_typeName&gt;DefDataTable&lt;/FNC_typeName&gt;&lt;DataType&gt;DIN&lt;/DataType&gt;&lt;/Row&gt;&lt;Row&gt;&lt;COM_typeName&gt;TSend&lt;/COM_typeName&gt;&lt;tagName&gt;Data_31&lt;/tagName&gt;&lt;recordID&gt;154&lt;/recordID&gt;&lt;FNC_typeName&gt;DefDataTable&lt;/FNC_typeName&gt;&lt;DataType&gt;DIN&lt;/DataType&gt;&lt;/Row&gt;&lt;Row&gt;&lt;COM_typeName&gt;TReceive&lt;/COM_typeName&gt;&lt;tagName&gt;TransCtr&lt;/tagName&gt;&lt;recordID&gt;14&lt;/recordID&gt;&lt;FNC_typeName&gt;DataTable&lt;/FNC_typeName&gt;&lt;DataType&gt;DIN&lt;/DataType&gt;&lt;/Row&gt;&lt;Row&gt;&lt;COM_typeName&gt;TReceive&lt;/COM_typeName&gt;&lt;tagName&gt;TransStatus&lt;/tagName&gt;&lt;recordID&gt;15&lt;/recordID&gt;&lt;FNC_typeName&gt;DataTable&lt;/FNC_typeName&gt;&lt;DataType&gt;DIN&lt;/DataType&gt;&lt;/Row&gt;&lt;Row&gt;&lt;COM_typeName&gt;TReceive&lt;/COM_typeName&gt;&lt;tagName&gt;MemMapVer&lt;/tagName&gt;&lt;recordID&gt;16&lt;/recordID&gt;&lt;FNC_typeName&gt;DataTable&lt;/FNC_typeName&gt;&lt;DataType&gt;DIN&lt;/DataType&gt;&lt;/Row&gt;&lt;Row&gt;&lt;COM_typeName&gt;TReceive&lt;/COM_typeName&gt;&lt;tagName&gt;Response0&lt;/tagName&gt;&lt;recordID&gt;17&lt;/recordID&gt;&lt;FNC_typeName&gt;DataTable&lt;/FNC_typeName&gt;&lt;DataType&gt;DIN&lt;/DataType&gt;&lt;/Row&gt;&lt;Row&gt;&lt;COM_typeName&gt;TReceive&lt;/COM_typeName&gt;&lt;tagName&gt;Response1&lt;/tagName&gt;&lt;recordID&gt;18&lt;/recordID&gt;&lt;FNC_typeName&gt;DataTable&lt;/FNC_typeName&gt;&lt;DataType&gt;DIN&lt;/DataType&gt;&lt;/Row&gt;&lt;Row&gt;&lt;COM_typeName&gt;TReceive&lt;/COM_typeName&gt;&lt;tagName&gt;Response2&lt;/tagName&gt;&lt;recordID&gt;19&lt;/recordID&gt;&lt;FNC_typeName&gt;DataTable&lt;/FNC_typeName&gt;&lt;DataType&gt;DIN&lt;/DataType&gt;&lt;/Row&gt;&lt;Row&gt;&lt;COM_typeName&gt;TReceive&lt;/COM_typeName&gt;&lt;tagName&gt;TransType&lt;/tagName&gt;&lt;recordID&gt;20&lt;/recordID&gt;&lt;FNC_typeName&gt;DataTable&lt;/FNC_typeName&gt;&lt;DataType&gt;DIN&lt;/DataType&gt;&lt;/Row&gt;&lt;Row&gt;&lt;COM_typeName&gt;TReceive&lt;/COM_typeName&gt;&lt;tagName&gt;DataSrcID/DATA&lt;/tagName&gt;&lt;recordID&gt;21&lt;/recordID&gt;&lt;FNC_typeName&gt;DataTable&lt;/FNC_typeName&gt;&lt;DataType&gt;STR&lt;/DataType&gt;&lt;/Row&gt;&lt;Row&gt;&lt;COM_typeName&gt;TReceive&lt;/COM_typeName&gt;&lt;tagName&gt;JobOrderID/DATA&lt;/tagName&gt;&lt;recordID&gt;22&lt;/recordID&gt;&lt;FNC_typeName&gt;DataTable&lt;/FNC_typeName&gt;&lt;DataType&gt;STR&lt;/DataType&gt;&lt;/Row&gt;&lt;Row&gt;&lt;COM_typeName&gt;TReceive&lt;/COM_typeName&gt;&lt;tagName&gt;SerNum/DATA&lt;/tagName&gt;&lt;recordID&gt;23&lt;/recordID&gt;&lt;FNC_typeName&gt;DataTable&lt;/FNC_typeName&gt;&lt;DataType&gt;STR&lt;/DataType&gt;&lt;/Row&gt;&lt;Row&gt;&lt;COM_typeName&gt;TReceive&lt;/COM_typeName&gt;&lt;tagName&gt;PNCode/DATA&lt;/tagName&gt;&lt;recordID&gt;24&lt;/recordID&gt;&lt;FNC_typeName&gt;DataTable&lt;/FNC_typeName&gt;&lt;DataType&gt;STR&lt;/DataType&gt;&lt;/Row&gt;&lt;Row&gt;&lt;COM_typeName&gt;TReceive&lt;/COM_typeName&gt;&lt;tagName&gt;TransResponse/DATA&lt;/tagName&gt;&lt;recordID&gt;25&lt;/recordID&gt;&lt;FNC_typeName&gt;DataTable&lt;/FNC_typeName&gt;&lt;DataType&gt;STR&lt;/DataType&gt;&lt;/Row&gt;&lt;/Rowset&gt;&lt;/Rowsets&gt;</Results><TagList/></Value><SchemaURI/><SchemaElement/><ValidateXMLOnExecution>1</ValidateXMLOnExecution><ReadOnly>false</ReadOnly><AlertXMLAssigned>false</AlertXMLAssigned></ContextItem><ContextItem><Name>TagsListHasRows</Name><Description/><MinRange>0</MinRange><MaxRange>0</MaxRange><Value xsi:type="ConditionalAction"><Output>false</Output><InputCount>1</InputCount><LogicalAnd>false</LogicalAnd><Input1>false</Input1></Value><ReadOnly>false</ReadOnly><AlertXMLAssigned>false</AlertXMLAssigned></ContextItem><ContextItem><Name>RepeatOnRow</Name><Description/><MinRange>0</MinRange><MaxRange>0</MaxRange><Value xsi:type="RepeaterAction"><Output><ReferenceDocumentSource/>&lt;?xml version="1.0" encoding="UTF-8"?&gt;&lt;Row&gt;&lt;COM_typeName&gt;TSend&lt;/COM_typeName&gt;&lt;tagName&gt;TransCtr&lt;/tagName&gt;&lt;recordID&gt;2&lt;/recordID&gt;&lt;FNC_typeName&gt;DataTable&lt;/FNC_typeName&gt;&lt;DataType&gt;DIN&lt;/DataType&gt;&lt;/Row&gt;</Output><Break>false</Break><ItemCount>0</ItemCount><CurrentItem>0</CurrentItem><Source>getTrxTagsList.Results{/Rowsets/Rowset/Row}</Source><Item><ReferenceDocumentSource/>&lt;?xml version="1.0" encoding="UTF-8"?&gt;&lt;Row&gt;&lt;COM_typeName&gt;TSend&lt;/COM_typeName&gt;&lt;tagName&gt;TransCtr&lt;/tagName&gt;&lt;recordID&gt;2&lt;/recordID&gt;&lt;FNC_typeName&gt;DataTable&lt;/FNC_typeName&gt;&lt;DataType&gt;DIN&lt;/DataType&gt;&lt;/Row&gt;</Item></Value><SchemaURI/><SchemaElement/><ValidateXMLOnExecution>1</ValidateXMLOnExecution><SchemaURI/><SchemaElement/><ValidateXMLOnExecution>1</ValidateXMLOnExecution><ReadOnly>false</ReadOnly><AlertXMLAssigned>false</AlertXMLAssigned></ContextItem><ContextItem><Name>ShowRow</Name><Description/><MinRange>0</MinRange><MaxRange>0</MaxRange><Value xsi:type="Tracer"><Message/><Level>INFO</Level></Value><ReadOnly>false</ReadOnly><AlertXMLAssigned>false</AlertXMLAssigned></ContextItem><ContextItem><Name>HasTags</Name><Description/><MinRange>0</MinRange><MaxRange>0</MaxRange><Value xsi:type="ConditionalAction"><Output>false</Output><InputCount>1</InputCount><LogicalAnd>false</LogicalAnd><Input1>false</Input1></Value><ReadOnly>false</ReadOnly><AlertXMLAssigned>false</AlertXMLAssigned></ContextItem><ContextItem><Name>ShowDoc</Name><Description/><MinRange>0</MinRange><MaxRange>0</MaxRange><Value xsi:type="Tracer"><Message/><Level>INFO</Level></Value><ReadOnly>false</ReadOnly><AlertXMLAssigned>false</AlertXMLAssigned></ContextItem><ContextItem><Name>Assign_XMLOUT</Name><Description/><MinRange>0</MinRange><MaxRange>0</MaxRange><Value xsi:type="Assignment"/><ReadOnly>false</ReadOnly><AlertXMLAssigned>false</AlertXMLAssigned></ContextItem><ContextItem><Name>Exception_Enabler_1</Name><Description/><MinRange>0</MinRange><MaxRange>0</MaxRange><Value xsi:type="ExceptionEnabler"><EnableActionExceptions>true</EnableActionExceptions><EnableLinkExceptions>true</EnableLinkExceptions></Value><ReadOnly>false</ReadOnly><AlertXMLAssigned>false</AlertXMLAssigned></ContextItem><ContextItem><Name>PCoReadTrxData</Name><Description/><MinRange>0</MinRange><MaxRange>0</MaxRange><Value xsi:type="IlluminatorPCoQueryObject"><Timeout>60</Timeout><QueryParameters/><QueryTemplate>MESM/PCO_HANDLER/QUERIES/PCoReadTrxData</QueryTemplate><QueryStartDate>2016-05-04T15:28:08</QueryStartDate><QueryEndDate>2016-05-04T15:28:08</QueryEndDate><SQLTransaction/><Results><ReferenceDocumentSource/>&lt;?xml version="1.0" encoding="UTF-8"?&gt;&lt;Rowsets CachedTime="" DateCreated="2016-05-04T15:56:04" EndDate="2016-05-04T15:56:04" StartDate="2016-05-04T14:56:04" Version="15.0 SP4 Patch 11 (Aug 28, 2015)"&gt;&lt;Rowset&gt;&lt;Columns&gt;&lt;Column Description="DateTime" MaxRange="0" MinRange="0" Name="DateTime" SQLDataType="93" SourceColumn="DateTime"/&gt;&lt;Column Description="" MaxRange="0" MinRange="0" Name="TransCtr" SQLDataType="4" SourceColumn="TransCtr"/&gt;&lt;/Columns&gt;&lt;Row&gt;&lt;DateTime&gt;2016-05-04T15:57:45&lt;/DateTime&gt;&lt;TransCtr&gt;5191&lt;/TransCtr&gt;&lt;/Row&gt;&lt;/Rowset&gt;&lt;/Rowsets&gt;</Results><TagList/></Value><SchemaURI/><SchemaElement/><ValidateXMLOnExecution>1</ValidateXMLOnExecution><ReadOnly>false</ReadOnly><AlertXMLAssigned>false</AlertXMLAssigned></ContextItem><ContextItem><Name>NoError</Name><Description/><MinRange>0</MinRange><MaxRange>0</MaxRange><Value xsi:type="ConditionalAction"><Output>false</Output><InputCount>1</InputCount><LogicalAnd>false</LogicalAnd><Input1>false</Input1></Value><ReadOnly>false</ReadOnly><AlertXMLAssigned>false</AlertXMLAssigned></ContextItem><ContextItem><Name>ShowQueryResult</Name><Description/><MinRange>0</MinRange><MaxRange>0</MaxRange><Value xsi:type="Tracer"><Message/><Level>INFO</Level></Value><ReadOnly>false</ReadOnly><AlertXMLAssigned>false</AlertXMLAssigned></ContextItem><ContextItem><Name>Catch_1</Name><Description/><MinRange>0</MinRange><MaxRange>0</MaxRange><Value xsi:type="CatchAction"/><ReadOnly>false</ReadOnly><AlertXMLAssigned>false</AlertXMLAssigned></ContextItem><ContextItem><Name>ShowCatch_1</Name><Description/><MinRange>0</MinRange><MaxRange>0</MaxRange><Value xsi:type="Tracer"><Message/><Level>INFO</Level></Value><ReadOnly>false</ReadOnly><AlertXMLAssigned>false</AlertXMLAssigned></ContextItem><ContextItem><Name>NoFloat</Name><Description/><MinRange>0</MinRange><MaxRange>0</MaxRange><Value xsi:type="ConditionalAction"><Output>false</Output><InputCount>1</InputCount><LogicalAnd>false</LogicalAnd><Input1>false</Input1></Value><ReadOnly>false</ReadOnly><AlertXMLAssigned>false</AlertXMLAssigned></ContextItem><ContextItem><Name>AddRow</Name><Description/><MinRange>0</MinRange><MaxRange>0</MaxRange><Value xsi:type="IlluminatorRow"><IlluminatorDocument>XML_Doc.Output{/Rowsets/Rowset/Row}</IlluminatorDocument></Value><ReadOnly>false</ReadOnly><AlertXMLAssigned>false</AlertXMLAssigned></ContextItem><ContextItem><Name>AddRowFloat</Name><Description/><MinRange>0</MinRange><MaxRange>0</MaxRange><Value xsi:type="IlluminatorRow"><IlluminatorDocument>XML_Doc.Output{/Rowsets/Rowset/Row}</IlluminatorDocument></Value><ReadOnly>false</ReadOnly><AlertXMLAssigned>false</AlertXMLAssigned></ContextItem><ContextItem><Name>getOffsetByRecID</Name><Description/><MinRange>0</MinRange><MaxRange>0</MaxRange><Value xsi:type="IlluminatorSQLQueryObject"><Timeout>60</Timeout><QueryParameters/><QueryTemplate>MESM/PCO_HANDLER/QUERIES/getOffsetByRecID</QueryTemplate><QueryStartDate>2016-11-04T14:47:01</QueryStartDate><QueryEndDate>2016-11-04T14:47:01</QueryEndDate><SQLTransaction/><Results><ReferenceDocumentSource/>&lt;?xml version="1.0" encoding="UTF-8"?&gt;&lt;Rowsets CachedTime="" DateCreated="2016-11-04T14:46:33" EndDate="2016-11-04T14:46:33" StartDate="2016-11-04T13:46:33" Version="15.0 SP7 Patch 12 (Sep 7, 2016)"&gt;&lt;Rowset&gt;&lt;Columns&gt;&lt;Column Description="recordID" MaxRange="1" MinRange="0" Name="recordID" SQLDataType="4" SourceColumn="recordID"/&gt;&lt;Column Description="multiplierDefined" MaxRange="1" MinRange="0" Name="multiplierDefined" SQLDataType="8" SourceColumn="multiplierDefined"/&gt;&lt;Column Description="offsetDefined" MaxRange="1" MinRange="0" Name="offsetDefined" SQLDataType="8" SourceColumn="offsetDefined"/&gt;&lt;/Columns&gt;&lt;Row&gt;&lt;recordID&gt;123&lt;/recordID&gt;&lt;multiplierDefined&gt;1&lt;/multiplierDefined&gt;&lt;offsetDefined&gt;0&lt;/offsetDefined&gt;&lt;/Row&gt;&lt;/Rowset&gt;&lt;/Rowsets&gt;</Results><TagList/></Value><SchemaURI/><SchemaElement/><ValidateXMLOnExecution>1</ValidateXMLOnExecution><ReadOnly>false</ReadOnly><AlertXMLAssigned>false</AlertXMLAssigned></ContextItem></Actions><ReaderRoles>SAP_XMII_Super_Administrator,SAP_XMII_Administrator,SAP_XMII_Developer,SAP_XMII_User</ReaderRoles><Steps><Step xsi:type="ActionSequence"><Name>Sequence</Name><Description/><Steps><Step xsi:type="ActionSequence"><Name>Sequence_0</Name><Description/><Steps><Step xsi:type="ActionSequence"><Name>Sequence_1</Name><Description/><Steps><Step xsi:type="ActionSequence"><Name>Sequence_2</Name><Description/><Steps><Step xsi:type="Conditional"><Name>Sequence_5</Name><Description/><Steps><Step xsi:type="Repeater"><Name>Sequence_6</Name><Description/><Steps><Step xsi:type="ActionSequence"><Name>Sequence_8</Name><Description/><Steps><Step xsi:type="ActionSequence"><Name>Sequence_14</Name><Description/><Steps><Step xsi:type="ActionSequence"><Name>Sequence_12</Name><Description/><Steps><Step xsi:type="Conditional"><Name>Sequence_9</Name><Description/><Steps><Step xsi:type="ActionSequence"><Name>Sequence_13</Name><Description/><Steps><Step xsi:type="ActionSequence"><Name>Sequence_20</Name><Description/><Steps/><Actions><Action><Name>getOffsetByRecID</Name><Description>SQL Query</Description><IncomingLinks><Assign xsi:type="Assign"><Name/><Description/><To>getOffsetByRecID.Param.1</To><From>RepeatOnRow.Output{/Row/recordID}</From></Assign><Assign xsi:type="Assign"><Name/><Description/><To>getOffsetByRecID.Server</To><From>Transaction.SQL_SERVER</From></Assign></IncomingLinks><OutgoingLinks/></Action></Actions></Step><Step xsi:type="Conditional"><Name>Sequence_18</Name><Description/><Steps><Step xsi:type="ActionSequence"><Name>Sequence_10</Name><Description/><Steps/><Actions><Action><Name>AddRow</Name><Description> </Description><IncomingLinks><Assign xsi:type="Assign"><Name/><Description/><To>AddRow.TAGID</To><From>RepeatOnRow.Output{/Row/recordID}</From></Assign><Assign xsi:type="Assign"><Name/><Description/><To>AddRow.VALUE</To><From>PCoReadTrxData.Results{/Rowsets/Rowset/Row/*[2]}</From></Assign></IncomingLinks><OutgoingLinks/></Action></Actions></Step><Step xsi:type="ActionSequence"><Name>Sequence_19</Name><Description/><Steps/><Actions><Action><Name>AddRowFloat</Name><Description> </Description><IncomingLinks><Assign xsi:type="Assign"><Name/><Description/><To>AddRowFloat.TAGID</To><From>RepeatOnRow.Output{/Row/recordID}</From></Assign><Assign xsi:type="Assign"><Name/><Description/><To>AddRowFloat.VALUE</To><From>PCoReadTrxData.Results{/Rowsets/Rowset/Row/*[2]} * getOffsetByRecID.Results{/Rowsets/Rowset/Row/multiplierDefined} + getOffsetByRecID.Results{/Rowsets/Rowset/Row/offsetDefined}</From></Assign></IncomingLinks><OutgoingLinks/></Action></Actions></Step></Steps><Actions><Action><Name>NoFloat</Name><Description> </Description><IncomingLinks><Assign xsi:type="Assign"><Name/><Description/><To>NoFloat.Input1</To><From>stringif(stringupper(RepeatOnRow.Output{/Row/DataType}) != "FLO", 1, 0)</From></Assign></IncomingLinks><OutgoingLinks/></Action></Actions></Step></Steps><Actions><Action><Name>ShowQueryResult</Name><Description> </Description><IncomingLinks><Assign xsi:type="Assign"><Name/><Description/><To>ShowQueryResult.Message</To><From>"&gt;&gt; Retrieved Value : " &amp; PCoReadTrxData.Results{/Rowsets/Rowset/Row/*[1]} &amp; " -- " &amp; PCoReadTrxData.Results{/Rowsets/Rowset/Row/*[2]} </From></Assign></IncomingLinks><OutgoingLinks/></Action></Actions></Step></Steps><Actions><Action><Name>NoError</Name><Description> </Description><IncomingLinks><Assign xsi:type="Assign"><Name/><Description/><To>NoError.Input1</To><From>PCoReadTrxData.Success</From></Assign></IncomingLinks><OutgoingLinks/></Action></Actions></Step></Steps><Actions><Action><Name>PCoReadTrxData</Name><Description>PCo Query</Description><IncomingLinks><Assign xsi:type="Assign"><Name/><Description/><To>PCoReadTrxData.Server</To><From>Transaction.TRX_PCOAGENT</From></Assign><Assign xsi:type="Assign"><Name/><Description/><To>PCoReadTrxData.SelectedTags</To><From>Transaction.TRX_PCOAGENT &amp; "/" &amp; Transaction.TRX_PLCNAME &amp; "/" &amp; RepeatOnRow.Output{/Row/COM_typeName} &amp; "/" &amp; RepeatOnRow.Output{/Row/tagName}</From></Assign><Assign xsi:type="Assign"><Name/><Description/><To>PCoReadTrxData.SelectedTagsDisplayName</To><From>RepeatOnRow.Output{/Row/tagName}</From></Assign><Assign xsi:type="Assign"><Name/><Description/><To>PCoReadTrxData.Mode</To><From>"TagRetrieveQuery"</From></Assign><Assign xsi:type="Assign"><Name/><Description/><To>PCoReadTrxData.SelectedView</To><From>"Current"</From></Assign></IncomingLinks><OutgoingLinks/></Action></Actions></Step><Step xsi:type="Catch"><Name>Sequence_15</Name><Description/><Steps><Step xsi:type="ActionSequence"><Name>Sequence_16</Name><Description/><Steps/><Actions><Action><Name>ShowCatch_1</Name><Description> </Description><IncomingLinks><Assign xsi:type="Assign"><Name/><Description/><To>ShowCatch_1.Message</To><From>Catch_1.Message</From></Assign></IncomingLinks><OutgoingLinks/></Action></Actions></Step></Steps><Actions><Action><Name>Catch_1</Name><Description>Catches an exception</Description><IncomingLinks/><OutgoingLinks/></Action></Actions></Step></Steps><Actions><Action><Name>Exception_Enabler_1</Name><Description>Enables exceptions.</Description><IncomingLinks/><OutgoingLinks/></Action></Actions></Step></Steps><Actions><Action><Name>ShowRow</Name><Description> </Description><IncomingLinks><Assign xsi:type="Assign"><Name/><Description/><To>ShowRow.Message</To><From>" &gt;&gt; Processing Row " &amp; RepeatOnRow.CurrentItem &amp; " of " &amp; RepeatOnRow.ItemCount &amp; " -- " &amp;  Transaction.TRX_PCOAGENT &amp; "/" &amp; Transaction.TRX_PLCNAME &amp; "/" &amp; RepeatOnRow.Output{/Row/COM_typeName} &amp; "/" &amp; RepeatOnRow.Output{/Row/tagName}</From></Assign></IncomingLinks><OutgoingLinks/></Action></Actions></Step></Steps><Actions><Action><Name>RepeatOnRow</Name><Description> </Description><IncomingLinks/><OutgoingLinks/></Action></Actions></Step></Steps><Actions><Action><Name>TagsListHasRows</Name><Description> </Description><IncomingLinks><Assign xsi:type="Assign"><Name/><Description/><To>TagsListHasRows.Input1</To><From>getTrxTagsList.Results{count(/Rowsets/Rowset/Row)}&gt;0</From></Assign></IncomingLinks><OutgoingLinks/></Action></Actions></Step></Steps><Actions><Action><Name>getTrxTagsList</Name><Description>SQL Query</Description><IncomingLinks><Assign xsi:type="Assign"><Name/><Description/><To>getTrxTagsList.Param.1</To><From>Transaction.TRX_SYSID</From></Assign><Assign xsi:type="Assign"><Name/><Description/><To>getTrxTagsList.Param.2</To><From>Transaction.TRX_PCOAGENT</From></Assign><Assign xsi:type="Assign"><Name/><Description/><To>getTrxTagsList.Server</To><From>Transaction.SQL_SERVER</From></Assign></IncomingLinks><OutgoingLinks/></Action></Actions></Step><Step xsi:type="Catch"><Name>Sequence_3</Name><Description/><Steps><Step xsi:type="ActionSequence"><Name>Sequence_4</Name><Description/><Steps/><Actions><Action><Name>ShowCatch_0</Name><Description> </Description><IncomingLinks><Assign xsi:type="Assign"><Name/><Description/><To>ShowCatch_0.Message</To><From>Catch_0.Message</From></Assign></IncomingLinks><OutgoingLinks/></Action></Actions></Step></Steps><Actions><Action><Name>Catch_0</Name><Description>Catches an exception</Description><IncomingLinks/><OutgoingLinks/></Action></Actions></Step></Steps><Actions><Action><Name>Exception_Enabler_0</Name><Description>Enables exceptions.</Description><IncomingLinks/><OutgoingLinks/></Action></Actions></Step><Step xsi:type="Conditional"><Name>Sequence_7</Name><Description/><Steps><Step xsi:type="ActionSequence"><Name>Sequence_17</Name><Description/><Steps><Step xsi:type="ActionSequence"><Name>Sequence_11</Name><Description/><Steps/><Actions><Action><Name>ShowDoc</Name><Description> </Description><IncomingLinks><Assign xsi:type="Assign"><Name/><Description/><To>ShowDoc.Message</To><From>XML_Doc.Output</From></Assign></IncomingLinks><OutgoingLinks/></Action></Actions></Step></Steps><Actions><Action><Name>Assign_XMLOUT</Name><Description> </Description><IncomingLinks/><OutgoingLinks><Assign xsi:type="AssignXml"><Name/><Description/><To>Transaction.TRX_XMLOUT</To><From>XML_Doc.Output</From></Assign></OutgoingLinks></Action></Actions></Step></Steps><Actions><Action><Name>HasTags</Name><Description> </Description><IncomingLinks><Assign xsi:type="Assign"><Name/><Description/><To>HasTags.Input1</To><From>if( XML_Doc.Output{count(/Rowsets/Rowset/Row)}&gt;0,1,0)</From></Assign></IncomingLinks><OutgoingLinks/></Action></Actions></Step></Steps><Actions><Action><Name>XML_Doc</Name><Description> </Description><IncomingLinks/><OutgoingLinks/></Action></Actions></Step></Steps><Actions><Action><Name>ShowParam</Name><Description> </Description><IncomingLinks><Assign xsi:type="Assign"><Name/><Description/><To>ShowParam.Message</To><From>" &gt;&gt; Equipment: " &amp; Transaction.TRX_PCOAGENT &amp; "/" &amp; Transaction.TRX_PLCNAME &amp; " -- TrxType: " &amp; Transaction.TRX_TYPE &amp; " -- TrxSysID : " &amp; Transaction.TRX_SYSID &amp; " -- TrxCtr: " &amp; Transaction.TRX_TRXCTR</From></Assign></IncomingLinks><OutgoingLinks/></Action></Actions></Step></Steps></Transaction>