<?xml version="1.0" encoding="UTF-8"?><Transaction xmlns:xsd="http://www.w3.org/2001/XMLSchema" xmlns:xsi="http://www.w3.org/2001/XMLSchema-instance" Version="15.0.4.11"><TransactionAttributes><ContextItem><Name>Description</Name><Description>Transaction Description</Description><MinRange>0</MinRange><MaxRange>0</MaxRange><Value xsi:type="string"/><ReadOnly>true</ReadOnly><AlertXMLAssigned>false</AlertXMLAssigned></ContextItem><ContextItem><Name>Comments</Name><Description>User Comments</Description><MinRange>0</MinRange><MaxRange>0</MaxRange><Value xsi:type="string"/><ReadOnly>true</ReadOnly><AlertXMLAssigned>false</AlertXMLAssigned></ContextItem><ContextItem><Name>CreatedBy</Name><Description>Created By</Description><MinRange>0</MinRange><MaxRange>0</MaxRange><Value xsi:type="string">ChiCa</Value><ReadOnly>true</ReadOnly><AlertXMLAssigned>false</AlertXMLAssigned></ContextItem><ContextItem><Name>CreationDate</Name><Description>Creation Date</Description><MinRange>0</MinRange><MaxRange>0</MaxRange><Value xsi:type="dateTime">2016-07-12T09:40:52</Value><ReadOnly>true</ReadOnly><AlertXMLAssigned>false</AlertXMLAssigned></ContextItem><ContextItem><Name>Category</Name><Description>Transaction Category</Description><MinRange>0</MinRange><MaxRange>0</MaxRange><Value xsi:type="string"/><ReadOnly>true</ReadOnly><AlertXMLAssigned>false</AlertXMLAssigned></ContextItem><ContextItem><Name>Status</Name><Description>Deployment Status</Description><MinRange>0</MinRange><MaxRange>0</MaxRange><Value xsi:type="string">DEVELOPMENT</Value><ReadOnly>true</ReadOnly><AlertXMLAssigned>false</AlertXMLAssigned></ContextItem><ContextItem><Name>LegacyProcessingMode</Name><Description>Support the pre MII 12.1 Transaction Engine.</Description><MinRange>0</MinRange><MaxRange>0</MaxRange><Value xsi:type="boolean">0</Value><ReadOnly>true</ReadOnly><AlertXMLAssigned>false</AlertXMLAssigned></ContextItem><ContextItem><Name>AutoAppendBlankNamespaces</Name><Description>AutoAppendBlankNamespaces</Description><MinRange>0</MinRange><MaxRange>0</MaxRange><Value xsi:type="boolean">1</Value><ReadOnly>true</ReadOnly><AlertXMLAssigned>false</AlertXMLAssigned></ContextItem><ContextItem><Name>ThrowOnLinkError</Name><Description>Throws an exception when a link error occures</Description><MinRange>0</MinRange><MaxRange>0</MaxRange><Value xsi:type="boolean">0</Value><ReadOnly>true</ReadOnly><AlertXMLAssigned>false</AlertXMLAssigned></ContextItem><ContextItem><Name>ThrowOnActionError</Name><Description>Throws an exception when an action error occurs</Description><MinRange>0</MinRange><MaxRange>0</MaxRange><Value xsi:type="boolean">1</Value><ReadOnly>true</ReadOnly><AlertXMLAssigned>false</AlertXMLAssigned></ContextItem><ContextItem><Name>FormatXMLOnConversion</Name><Description>By default XML will be formatted when assigned from XML data type to String data type. This behaviour can be changed with this flag.</Description><MinRange>0</MinRange><MaxRange>0</MaxRange><Value xsi:type="boolean">1</Value><ReadOnly>true</ReadOnly><AlertXMLAssigned>false</AlertXMLAssigned></ContextItem><ContextItem><Name>LastEditedBy</Name><Description>Last Edited By</Description><MinRange>0</MinRange><MaxRange>0</MaxRange><Value xsi:type="xsd:string">ChiCa</Value><ReadOnly>true</ReadOnly><AlertXMLAssigned>false</AlertXMLAssigned></ContextItem><ContextItem><Name>LastEditedDate</Name><Description>Last Edited Date</Description><MinRange>0</MinRange><MaxRange>0</MaxRange><Value xsi:type="xsd:dateTime">2016-11-02T15:21:08</Value><ReadOnly>true</ReadOnly><AlertXMLAssigned>false</AlertXMLAssigned></ContextItem></TransactionAttributes><Name>MESM/PCO_HANDLER/TRANSACTIONS/PCoTrxSixteen</Name><Version>217</Version><WriterRoles>SAP_XMII_Super_Administrator,SAP_XMII_Administrator,SAP_XMII_Developer</WriterRoles><Context><ContextItem><Name>NOTIFRECID</Name><Description/><MinRange>0</MinRange><MaxRange>0</MaxRange><Value xsi:type="string"/><ReadOnly>false</ReadOnly><AlertXMLAssigned>false</AlertXMLAssigned></ContextItem><ContextItem><Name>SQL_SERVER</Name><Description/><MinRange>0</MinRange><MaxRange>0</MaxRange><Value xsi:type="string">MESM_1002</Value><ReadOnly>false</ReadOnly><AlertXMLAssigned>false</AlertXMLAssigned></ContextItem><ContextItem><Name>TRX_ID</Name><Description/><MinRange>0</MinRange><MaxRange>0</MaxRange><Value xsi:type="string"/><ReadOnly>false</ReadOnly><AlertXMLAssigned>false</AlertXMLAssigned></ContextItem><ContextItem><Name>TRX_MEMMAPVER</Name><Description/><MinRange>0</MinRange><MaxRange>0</MaxRange><Value xsi:type="string">1</Value><ReadOnly>false</ReadOnly><AlertXMLAssigned>false</AlertXMLAssigned></ContextItem><ContextItem><Name>TRX_OUT</Name><Description/><MinRange>0</MinRange><MaxRange>0</MaxRange><Value xsi:type="string"/><ReadOnly>true</ReadOnly><AlertXMLAssigned>false</AlertXMLAssigned></ContextItem><ContextItem><Name>TRX_PCOAGENT</Name><Description/><MinRange>0</MinRange><MaxRange>0</MaxRange><Value xsi:type="string">P558_ASSY_OP160</Value><ReadOnly>false</ReadOnly><AlertXMLAssigned>false</AlertXMLAssigned></ContextItem><ContextItem><Name>TRX_PLCNAME</Name><Description/><MinRange>0</MinRange><MaxRange>0</MaxRange><Value xsi:type="string">PLC</Value><ReadOnly>false</ReadOnly><AlertXMLAssigned>false</AlertXMLAssigned></ContextItem><ContextItem><Name>TRX_TRXCTR</Name><Description/><MinRange>0</MinRange><MaxRange>0</MaxRange><Value xsi:type="string"/><ReadOnly>false</ReadOnly><AlertXMLAssigned>false</AlertXMLAssigned></ContextItem><ContextItem><Name>TRX_TYPE</Name><Description/><MinRange>0</MinRange><MaxRange>0</MaxRange><Value xsi:type="string">16</Value><ReadOnly>false</ReadOnly><AlertXMLAssigned>false</AlertXMLAssigned></ContextItem></Context><Local><ContextItem><Name>actualQty</Name><Description/><MinRange>0</MinRange><MaxRange>0</MaxRange><Value xsi:type="double">0</Value><ReadOnly>false</ReadOnly><AlertXMLAssigned>false</AlertXMLAssigned></ContextItem><ContextItem><Name>EMPTY_STRING</Name><Description/><MinRange>0</MinRange><MaxRange>0</MaxRange><Value xsi:type="string"/><ReadOnly>false</ReadOnly><AlertXMLAssigned>false</AlertXMLAssigned></ContextItem><ContextItem><Name>ERROR_STR</Name><Description/><MinRange>0</MinRange><MaxRange>0</MaxRange><Value xsi:type="string"/><ReadOnly>false</ReadOnly><AlertXMLAssigned>false</AlertXMLAssigned></ContextItem><ContextItem><Name>LABEL_REJECT</Name><Description/><MinRange>0</MinRange><MaxRange>0</MaxRange><Value xsi:type="string">0</Value><ReadOnly>false</ReadOnly><AlertXMLAssigned>false</AlertXMLAssigned></ContextItem><ContextItem><Name>LABEL_YIELD</Name><Description/><MinRange>0</MinRange><MaxRange>0</MaxRange><Value xsi:type="string">1</Value><ReadOnly>false</ReadOnly><AlertXMLAssigned>false</AlertXMLAssigned></ContextItem><ContextItem><Name>lineID</Name><Description/><MinRange>0</MinRange><MaxRange>0</MaxRange><Value xsi:type="string"/><ReadOnly>false</ReadOnly><AlertXMLAssigned>false</AlertXMLAssigned></ContextItem><ContextItem><Name>materialName</Name><Description/><MinRange>0</MinRange><MaxRange>0</MaxRange><Value xsi:type="string"/><ReadOnly>false</ReadOnly><AlertXMLAssigned>false</AlertXMLAssigned></ContextItem><ContextItem><Name>operationID</Name><Description/><MinRange>0</MinRange><MaxRange>0</MaxRange><Value xsi:type="string"/><ReadOnly>false</ReadOnly><AlertXMLAssigned>false</AlertXMLAssigned></ContextItem><ContextItem><Name>orderFirstID</Name><Description/><MinRange>0</MinRange><MaxRange>0</MaxRange><Value xsi:type="string"/><ReadOnly>false</ReadOnly><AlertXMLAssigned>false</AlertXMLAssigned></ContextItem><ContextItem><Name>orderLastID</Name><Description/><MinRange>0</MinRange><MaxRange>0</MaxRange><Value xsi:type="string"/><ReadOnly>false</ReadOnly><AlertXMLAssigned>false</AlertXMLAssigned></ContextItem><ContextItem><Name>orderRecordID</Name><Description/><MinRange>0</MinRange><MaxRange>0</MaxRange><Value xsi:type="string"/><ReadOnly>false</ReadOnly><AlertXMLAssigned>false</AlertXMLAssigned></ContextItem><ContextItem><Name>PCO_RESULT</Name><Description/><MinRange>0</MinRange><MaxRange>0</MaxRange><Value xsi:type="string"/><ReadOnly>false</ReadOnly><AlertXMLAssigned>false</AlertXMLAssigned></ContextItem><ContextItem><Name>scheduledQty</Name><Description/><MinRange>0</MinRange><MaxRange>0</MaxRange><Value xsi:type="double">0</Value><ReadOnly>false</ReadOnly><AlertXMLAssigned>false</AlertXMLAssigned></ContextItem><ContextItem><Name>scrapQty</Name><Description/><MinRange>0</MinRange><MaxRange>0</MaxRange><Value xsi:type="double">0</Value><ReadOnly>false</ReadOnly><AlertXMLAssigned>false</AlertXMLAssigned></ContextItem><ContextItem><Name>serialNumber</Name><Description/><MinRange>0</MinRange><MaxRange>0</MaxRange><Value xsi:type="string"/><ReadOnly>false</ReadOnly><AlertXMLAssigned>false</AlertXMLAssigned></ContextItem><ContextItem><Name>serialNumberwoPattern</Name><Description/><MinRange>0</MinRange><MaxRange>0</MaxRange><Value xsi:type="string"/><ReadOnly>false</ReadOnly><AlertXMLAssigned>false</AlertXMLAssigned></ContextItem><ContextItem><Name>strTagName</Name><Description/><MinRange>0</MinRange><MaxRange>0</MaxRange><Value xsi:type="string"/><ReadOnly>false</ReadOnly><AlertXMLAssigned>false</AlertXMLAssigned></ContextItem><ContextItem><Name>strTagValue</Name><Description/><MinRange>0</MinRange><MaxRange>0</MaxRange><Value xsi:type="string"/><ReadOnly>false</ReadOnly><AlertXMLAssigned>false</AlertXMLAssigned></ContextItem><ContextItem><Name>TRANS_STATUS_FAIL</Name><Description/><MinRange>0</MinRange><MaxRange>0</MaxRange><Value xsi:type="string">2</Value><ReadOnly>false</ReadOnly><AlertXMLAssigned>false</AlertXMLAssigned></ContextItem><ContextItem><Name>TRANS_STATUS_PASS</Name><Description/><MinRange>0</MinRange><MaxRange>0</MaxRange><Value xsi:type="string">1</Value><ReadOnly>false</ReadOnly><AlertXMLAssigned>false</AlertXMLAssigned></ContextItem><ContextItem><Name>TRANS_STATUS_REC</Name><Description>Recoverable failure</Description><MinRange>0</MinRange><MaxRange>0</MaxRange><Value xsi:type="string">3</Value><ReadOnly>false</ReadOnly><AlertXMLAssigned>false</AlertXMLAssigned></ContextItem><ContextItem><Name>TRX_JOBORDER</Name><Description/><MinRange>0</MinRange><MaxRange>0</MaxRange><Value xsi:type="string"/><ReadOnly>false</ReadOnly><AlertXMLAssigned>false</AlertXMLAssigned></ContextItem><ContextItem><Name>TRX_RESPONSE</Name><Description/><MinRange>0</MinRange><MaxRange>0</MaxRange><Value xsi:type="string"/><ReadOnly>false</ReadOnly><AlertXMLAssigned>false</AlertXMLAssigned></ContextItem><ContextItem><Name>TRX_SERNUM</Name><Description/><MinRange>0</MinRange><MaxRange>0</MaxRange><Value xsi:type="string"/><ReadOnly>false</ReadOnly><AlertXMLAssigned>false</AlertXMLAssigned></ContextItem><ContextItem><Name>TRX_STATUS</Name><Description/><MinRange>0</MinRange><MaxRange>0</MaxRange><Value xsi:type="string"/><ReadOnly>false</ReadOnly><AlertXMLAssigned>false</AlertXMLAssigned></ContextItem></Local><Layout><GUILayoutItem><Name>Sequence</Name><X>2240</X><Y>8</Y><Width>120</Width><SpacingWidth>4584</SpacingWidth><DescendantWidth>4584</DescendantWidth><Height>96</Height></GUILayoutItem><GUILayoutItem><Name>ShowParam</Name><X>2248</X><Y>24</Y><Width>104</Width><SpacingWidth>0</SpacingWidth><DescendantWidth>0</DescendantWidth><Height>72</Height></GUILayoutItem><GUILayoutItem><Name>Sequence_0</Name><X>8</X><Y>552</Y><Width>120</Width><SpacingWidth>120</SpacingWidth><DescendantWidth>120</DescendantWidth><Height>96</Height></GUILayoutItem><GUILayoutItem><Name>Sequence_2</Name><X>8</X><Y>824</Y><Width>120</Width><SpacingWidth>120</SpacingWidth><DescendantWidth>0</DescendantWidth><Height>96</Height></GUILayoutItem><GUILayoutItem><Name>Show_LabelInfoYield</Name><X>16</X><Y>840</Y><Width>104</Width><SpacingWidth>0</SpacingWidth><DescendantWidth>0</DescendantWidth><Height>72</Height></GUILayoutItem><GUILayoutItem><Name>Sequence_3</Name><X>224</X><Y>144</Y><Width>120</Width><SpacingWidth>552</SpacingWidth><DescendantWidth>552</DescendantWidth><Height>96</Height></GUILayoutItem><GUILayoutItem><Name>chk_PCoNotificationsData_TransStatus</Name><X>232</X><Y>160</Y><Width>104</Width><SpacingWidth>0</SpacingWidth><DescendantWidth>0</DescendantWidth><Height>72</Height></GUILayoutItem><GUILayoutItem><Name>Sequence_4</Name><X>224</X><Y>280</Y><Width>120</Width><SpacingWidth>552</SpacingWidth><DescendantWidth>552</DescendantWidth><Height>96</Height></GUILayoutItem><GUILayoutItem><Name>TransStatusGood</Name><X>232</X><Y>296</Y><Width>104</Width><SpacingWidth>0</SpacingWidth><DescendantWidth>0</DescendantWidth><Height>72</Height></GUILayoutItem><GUILayoutItem><Name>Sequence_6</Name><X>3392</X><Y>144</Y><Width>120</Width><SpacingWidth>552</SpacingWidth><DescendantWidth>552</DescendantWidth><Height>96</Height></GUILayoutItem><GUILayoutItem><Name>Show_Params_PCoWriteTxtData</Name><X>3400</X><Y>160</Y><Width>104</Width><SpacingWidth>0</SpacingWidth><DescendantWidth>0</DescendantWidth><Height>72</Height></GUILayoutItem><GUILayoutItem><Name>Sequence_7</Name><X>3392</X><Y>280</Y><Width>120</Width><SpacingWidth>552</SpacingWidth><DescendantWidth>552</DescendantWidth><Height>96</Height></GUILayoutItem><GUILayoutItem><Name>Exception_Enabler_0</Name><X>3400</X><Y>296</Y><Width>104</Width><SpacingWidth>0</SpacingWidth><DescendantWidth>0</DescendantWidth><Height>72</Height></GUILayoutItem><GUILayoutItem><Name>Sequence_8</Name><X>3320</X><Y>416</Y><Width>120</Width><SpacingWidth>408</SpacingWidth><DescendantWidth>408</DescendantWidth><Height>96</Height></GUILayoutItem><GUILayoutItem><Name>Sequence_9</Name><X>3608</X><Y>416</Y><Width>120</Width><SpacingWidth>120</SpacingWidth><DescendantWidth>120</DescendantWidth><Height>96</Height></GUILayoutItem><GUILayoutItem><Name>Catch_0</Name><X>3616</X><Y>432</Y><Width>104</Width><SpacingWidth>0</SpacingWidth><DescendantWidth>0</DescendantWidth><Height>72</Height></GUILayoutItem><GUILayoutItem><Name>Sequence_10</Name><X>3608</X><Y>552</Y><Width>120</Width><SpacingWidth>120</SpacingWidth><DescendantWidth>0</DescendantWidth><Height>96</Height></GUILayoutItem><GUILayoutItem><Name>ShowCatch_0</Name><X>3616</X><Y>568</Y><Width>104</Width><SpacingWidth>0</SpacingWidth><DescendantWidth>0</DescendantWidth><Height>72</Height></GUILayoutItem><GUILayoutItem><Name>AssignTagList</Name><X>3328</X><Y>432</Y><Width>104</Width><SpacingWidth>0</SpacingWidth><DescendantWidth>0</DescendantWidth><Height>72</Height></GUILayoutItem><GUILayoutItem><Name>Sequence_11</Name><X>3320</X><Y>552</Y><Width>120</Width><SpacingWidth>408</SpacingWidth><DescendantWidth>408</DescendantWidth><Height>96</Height></GUILayoutItem><GUILayoutItem><Name>ShowTagListValue</Name><X>3328</X><Y>568</Y><Width>104</Width><SpacingWidth>0</SpacingWidth><DescendantWidth>0</DescendantWidth><Height>72</Height></GUILayoutItem><GUILayoutItem><Name>Sequence_12</Name><X>3320</X><Y>688</Y><Width>120</Width><SpacingWidth>408</SpacingWidth><DescendantWidth>408</DescendantWidth><Height>96</Height></GUILayoutItem><GUILayoutItem><Name>PCoWriteTrxData</Name><X>3328</X><Y>704</Y><Width>104</Width><SpacingWidth>0</SpacingWidth><DescendantWidth>0</DescendantWidth><Height>72</Height></GUILayoutItem><GUILayoutItem><Name>Sequence_13</Name><X>3320</X><Y>1096</Y><Width>120</Width><SpacingWidth>408</SpacingWidth><DescendantWidth>408</DescendantWidth><Height>96</Height></GUILayoutItem><GUILayoutItem><Name>ShowPCO_RESULT</Name><X>3328</X><Y>1112</Y><Width>104</Width><SpacingWidth>0</SpacingWidth><DescendantWidth>0</DescendantWidth><Height>72</Height></GUILayoutItem><GUILayoutItem><Name>Sequence_14</Name><X>3320</X><Y>1232</Y><Width>120</Width><SpacingWidth>408</SpacingWidth><DescendantWidth>408</DescendantWidth><Height>96</Height></GUILayoutItem><GUILayoutItem><Name>RepeatOnTag</Name><X>3328</X><Y>1248</Y><Width>104</Width><SpacingWidth>0</SpacingWidth><DescendantWidth>0</DescendantWidth><Height>72</Height></GUILayoutItem><GUILayoutItem><Name>Sequence_15</Name><X>3248</X><Y>1368</Y><Width>120</Width><SpacingWidth>264</SpacingWidth><DescendantWidth>264</DescendantWidth><Height>96</Height></GUILayoutItem><GUILayoutItem><Name>ShowTagMSG</Name><X>3256</X><Y>1384</Y><Width>104</Width><SpacingWidth>0</SpacingWidth><DescendantWidth>0</DescendantWidth><Height>72</Height></GUILayoutItem><GUILayoutItem><Name>Sequence_16</Name><X>3464</X><Y>1368</Y><Width>120</Width><SpacingWidth>120</SpacingWidth><DescendantWidth>0</DescendantWidth><Height>96</Height></GUILayoutItem><GUILayoutItem><Name>ShowERROR_STR</Name><X>3472</X><Y>1384</Y><Width>104</Width><SpacingWidth>0</SpacingWidth><DescendantWidth>0</DescendantWidth><Height>72</Height></GUILayoutItem><GUILayoutItem><Name>Sequence_17</Name><X>3248</X><Y>1504</Y><Width>120</Width><SpacingWidth>264</SpacingWidth><DescendantWidth>264</DescendantWidth><Height>96</Height></GUILayoutItem><GUILayoutItem><Name>IfSuccess</Name><X>3256</X><Y>1520</Y><Width>104</Width><SpacingWidth>0</SpacingWidth><DescendantWidth>0</DescendantWidth><Height>72</Height></GUILayoutItem><GUILayoutItem><Name>Sequence_18</Name><X>3176</X><Y>1640</Y><Width>120</Width><SpacingWidth>120</SpacingWidth><DescendantWidth>0</DescendantWidth><Height>96</Height></GUILayoutItem><GUILayoutItem><Name>Sequence_19</Name><X>3320</X><Y>1640</Y><Width>120</Width><SpacingWidth>120</SpacingWidth><DescendantWidth>0</DescendantWidth><Height>96</Height></GUILayoutItem><GUILayoutItem><Name>ShowTagWriteOK</Name><X>3184</X><Y>1656</Y><Width>104</Width><SpacingWidth>0</SpacingWidth><DescendantWidth>0</DescendantWidth><Height>72</Height></GUILayoutItem><GUILayoutItem><Name>AssignToErrStr</Name><X>3328</X><Y>1656</Y><Width>104</Width><SpacingWidth>0</SpacingWidth><DescendantWidth>0</DescendantWidth><Height>72</Height></GUILayoutItem><GUILayoutItem><Name>Sequence_20</Name><X>3968</X><Y>144</Y><Width>120</Width><SpacingWidth>552</SpacingWidth><DescendantWidth>552</DescendantWidth><Height>96</Height></GUILayoutItem><GUILayoutItem><Name>ShowErrMsg</Name><X>3976</X><Y>160</Y><Width>104</Width><SpacingWidth>0</SpacingWidth><DescendantWidth>0</DescendantWidth><Height>72</Height></GUILayoutItem><GUILayoutItem><Name>Sequence_21</Name><X>3968</X><Y>280</Y><Width>120</Width><SpacingWidth>552</SpacingWidth><DescendantWidth>552</DescendantWidth><Height>96</Height></GUILayoutItem><GUILayoutItem><Name>NoErrors</Name><X>3976</X><Y>296</Y><Width>104</Width><SpacingWidth>0</SpacingWidth><DescendantWidth>0</DescendantWidth><Height>72</Height></GUILayoutItem><GUILayoutItem><Name>Sequence_22</Name><X>3824</X><Y>416</Y><Width>120</Width><SpacingWidth>264</SpacingWidth><DescendantWidth>264</DescendantWidth><Height>96</Height></GUILayoutItem><GUILayoutItem><Name>Exception_Enabler_1</Name><X>3832</X><Y>432</Y><Width>104</Width><SpacingWidth>0</SpacingWidth><DescendantWidth>0</DescendantWidth><Height>72</Height></GUILayoutItem><GUILayoutItem><Name>Sequence_23</Name><X>3752</X><Y>552</Y><Width>120</Width><SpacingWidth>120</SpacingWidth><DescendantWidth>0</DescendantWidth><Height>96</Height></GUILayoutItem><GUILayoutItem><Name>upd_PCoNotificationsStatusSubmitted</Name><X>3760</X><Y>568</Y><Width>104</Width><SpacingWidth>0</SpacingWidth><DescendantWidth>0</DescendantWidth><Height>72</Height></GUILayoutItem><GUILayoutItem><Name>Sequence_41</Name><X>3896</X><Y>552</Y><Width>120</Width><SpacingWidth>120</SpacingWidth><DescendantWidth>120</DescendantWidth><Height>96</Height></GUILayoutItem><GUILayoutItem><Name>Catch_1</Name><X>3904</X><Y>568</Y><Width>104</Width><SpacingWidth>0</SpacingWidth><DescendantWidth>0</DescendantWidth><Height>72</Height></GUILayoutItem><GUILayoutItem><Name>Sequence_42</Name><X>3896</X><Y>688</Y><Width>120</Width><SpacingWidth>120</SpacingWidth><DescendantWidth>0</DescendantWidth><Height>96</Height></GUILayoutItem><GUILayoutItem><Name>ShowCatch_1</Name><X>3904</X><Y>704</Y><Width>104</Width><SpacingWidth>0</SpacingWidth><DescendantWidth>0</DescendantWidth><Height>72</Height></GUILayoutItem><GUILayoutItem><Name>Sequence_25</Name><X>4112</X><Y>416</Y><Width>120</Width><SpacingWidth>264</SpacingWidth><DescendantWidth>264</DescendantWidth><Height>96</Height></GUILayoutItem><GUILayoutItem><Name>Exception_Enabler_2</Name><X>4120</X><Y>432</Y><Width>104</Width><SpacingWidth>0</SpacingWidth><DescendantWidth>0</DescendantWidth><Height>72</Height></GUILayoutItem><GUILayoutItem><Name>Sequence_26</Name><X>4040</X><Y>552</Y><Width>120</Width><SpacingWidth>120</SpacingWidth><DescendantWidth>0</DescendantWidth><Height>96</Height></GUILayoutItem><GUILayoutItem><Name>upd_PCoNotificationsStatusError</Name><X>4048</X><Y>568</Y><Width>104</Width><SpacingWidth>0</SpacingWidth><DescendantWidth>0</DescendantWidth><Height>72</Height></GUILayoutItem><GUILayoutItem><Name>Sequence_53</Name><X>4184</X><Y>552</Y><Width>120</Width><SpacingWidth>120</SpacingWidth><DescendantWidth>120</DescendantWidth><Height>96</Height></GUILayoutItem><GUILayoutItem><Name>Catch_2</Name><X>4192</X><Y>568</Y><Width>104</Width><SpacingWidth>0</SpacingWidth><DescendantWidth>0</DescendantWidth><Height>72</Height></GUILayoutItem><GUILayoutItem><Name>Sequence_54</Name><X>4184</X><Y>688</Y><Width>120</Width><SpacingWidth>120</SpacingWidth><DescendantWidth>0</DescendantWidth><Height>96</Height></GUILayoutItem><GUILayoutItem><Name>ShowCatch_2</Name><X>4192</X><Y>704</Y><Width>104</Width><SpacingWidth>0</SpacingWidth><DescendantWidth>0</DescendantWidth><Height>72</Height></GUILayoutItem><GUILayoutItem><Name>Sequence_28</Name><X>4328</X><Y>280</Y><Width>120</Width><SpacingWidth>120</SpacingWidth><DescendantWidth>0</DescendantWidth><Height>96</Height></GUILayoutItem><GUILayoutItem><Name>upd_PCoNotificationsData_SIXTEEN</Name><X>4336</X><Y>296</Y><Width>104</Width><SpacingWidth>0</SpacingWidth><DescendantWidth>0</DescendantWidth><Height>72</Height></GUILayoutItem><GUILayoutItem><Name>Sequence_34</Name><X>1808</X><Y>144</Y><Width>120</Width><SpacingWidth>2568</SpacingWidth><DescendantWidth>2568</DescendantWidth><Height>96</Height></GUILayoutItem><GUILayoutItem><Name>Exception_Enabler_4</Name><X>1816</X><Y>160</Y><Width>104</Width><SpacingWidth>0</SpacingWidth><DescendantWidth>0</DescendantWidth><Height>72</Height></GUILayoutItem><GUILayoutItem><Name>Sequence_35</Name><X>3032</X><Y>280</Y><Width>120</Width><SpacingWidth>120</SpacingWidth><DescendantWidth>120</DescendantWidth><Height>96</Height></GUILayoutItem><GUILayoutItem><Name>Catch_4</Name><X>3040</X><Y>296</Y><Width>104</Width><SpacingWidth>0</SpacingWidth><DescendantWidth>0</DescendantWidth><Height>72</Height></GUILayoutItem><GUILayoutItem><Name>Sequence_36</Name><X>3032</X><Y>416</Y><Width>120</Width><SpacingWidth>120</SpacingWidth><DescendantWidth>0</DescendantWidth><Height>96</Height></GUILayoutItem><GUILayoutItem><Name>ShowCatch_4</Name><X>3040</X><Y>432</Y><Width>104</Width><SpacingWidth>0</SpacingWidth><DescendantWidth>0</DescendantWidth><Height>72</Height></GUILayoutItem><GUILayoutItem><Name>Sequence_37</Name><X>1736</X><Y>280</Y><Width>120</Width><SpacingWidth>2424</SpacingWidth><DescendantWidth>2424</DescendantWidth><Height>96</Height></GUILayoutItem><GUILayoutItem><Name>Sequence_40</Name><X>296</X><Y>552</Y><Width>120</Width><SpacingWidth>120</SpacingWidth><DescendantWidth>120</DescendantWidth><Height>96</Height></GUILayoutItem><GUILayoutItem><Name>Sequence_45</Name><X>4400</X><Y>144</Y><Width>120</Width><SpacingWidth>264</SpacingWidth><DescendantWidth>264</DescendantWidth><Height>96</Height></GUILayoutItem><GUILayoutItem><Name>Exception_Enabler_5</Name><X>4408</X><Y>160</Y><Width>104</Width><SpacingWidth>0</SpacingWidth><DescendantWidth>0</DescendantWidth><Height>72</Height></GUILayoutItem><GUILayoutItem><Name>Sequence_55</Name><X>4472</X><Y>280</Y><Width>120</Width><SpacingWidth>120</SpacingWidth><DescendantWidth>120</DescendantWidth><Height>96</Height></GUILayoutItem><GUILayoutItem><Name>Catch_5</Name><X>4480</X><Y>296</Y><Width>104</Width><SpacingWidth>0</SpacingWidth><DescendantWidth>0</DescendantWidth><Height>72</Height></GUILayoutItem><GUILayoutItem><Name>Sequence_56</Name><X>4472</X><Y>416</Y><Width>120</Width><SpacingWidth>120</SpacingWidth><DescendantWidth>0</DescendantWidth><Height>96</Height></GUILayoutItem><GUILayoutItem><Name>ShowCatch_5</Name><X>4480</X><Y>432</Y><Width>104</Width><SpacingWidth>0</SpacingWidth><DescendantWidth>0</DescendantWidth><Height>72</Height></GUILayoutItem><GUILayoutItem><Name>getLabelInfoReject</Name><X>304</X><Y>568</Y><Width>104</Width><SpacingWidth>0</SpacingWidth><DescendantWidth>0</DescendantWidth><Height>72</Height></GUILayoutItem><GUILayoutItem><Name>getLabelInfoYield</Name><X>16</X><Y>568</Y><Width>104</Width><SpacingWidth>0</SpacingWidth><DescendantWidth>0</DescendantWidth><Height>72</Height></GUILayoutItem><GUILayoutItem><Name>Sequence_1</Name><X>296</X><Y>824</Y><Width>120</Width><SpacingWidth>120</SpacingWidth><DescendantWidth>0</DescendantWidth><Height>96</Height></GUILayoutItem><GUILayoutItem><Name>Show_LabelInfoReject</Name><X>304</X><Y>840</Y><Width>104</Width><SpacingWidth>0</SpacingWidth><DescendantWidth>0</DescendantWidth><Height>72</Height></GUILayoutItem><GUILayoutItem><Name>Sequence_65</Name><X>8</X><Y>688</Y><Width>120</Width><SpacingWidth>120</SpacingWidth><DescendantWidth>120</DescendantWidth><Height>96</Height></GUILayoutItem><GUILayoutItem><Name>LabelInfoYield_OK</Name><X>16</X><Y>704</Y><Width>104</Width><SpacingWidth>0</SpacingWidth><DescendantWidth>0</DescendantWidth><Height>72</Height></GUILayoutItem><GUILayoutItem><Name>Sequence_66</Name><X>296</X><Y>688</Y><Width>120</Width><SpacingWidth>120</SpacingWidth><DescendantWidth>120</DescendantWidth><Height>96</Height></GUILayoutItem><GUILayoutItem><Name>LabelInfoReject_OK</Name><X>304</X><Y>704</Y><Width>104</Width><SpacingWidth>0</SpacingWidth><DescendantWidth>0</DescendantWidth><Height>72</Height></GUILayoutItem><GUILayoutItem><Name>Sequence_69</Name><X>80</X><Y>416</Y><Width>120</Width><SpacingWidth>264</SpacingWidth><DescendantWidth>264</DescendantWidth><Height>96</Height></GUILayoutItem><GUILayoutItem><Name>Exception_Enabler_8</Name><X>88</X><Y>432</Y><Width>104</Width><SpacingWidth>0</SpacingWidth><DescendantWidth>0</DescendantWidth><Height>72</Height></GUILayoutItem><GUILayoutItem><Name>Sequence_70</Name><X>152</X><Y>552</Y><Width>120</Width><SpacingWidth>120</SpacingWidth><DescendantWidth>120</DescendantWidth><Height>96</Height></GUILayoutItem><GUILayoutItem><Name>Catch_8</Name><X>160</X><Y>568</Y><Width>104</Width><SpacingWidth>0</SpacingWidth><DescendantWidth>0</DescendantWidth><Height>72</Height></GUILayoutItem><GUILayoutItem><Name>Sequence_71</Name><X>152</X><Y>688</Y><Width>120</Width><SpacingWidth>120</SpacingWidth><DescendantWidth>0</DescendantWidth><Height>96</Height></GUILayoutItem><GUILayoutItem><Name>ShowCatch_8</Name><X>160</X><Y>704</Y><Width>104</Width><SpacingWidth>0</SpacingWidth><DescendantWidth>0</DescendantWidth><Height>72</Height></GUILayoutItem><GUILayoutItem><Name>Sequence_72</Name><X>368</X><Y>416</Y><Width>120</Width><SpacingWidth>264</SpacingWidth><DescendantWidth>264</DescendantWidth><Height>96</Height></GUILayoutItem><GUILayoutItem><Name>Exception_Enabler_9</Name><X>376</X><Y>432</Y><Width>104</Width><SpacingWidth>0</SpacingWidth><DescendantWidth>0</DescendantWidth><Height>72</Height></GUILayoutItem><GUILayoutItem><Name>Sequence_73</Name><X>440</X><Y>552</Y><Width>120</Width><SpacingWidth>120</SpacingWidth><DescendantWidth>120</DescendantWidth><Height>96</Height></GUILayoutItem><GUILayoutItem><Name>Catch_9</Name><X>448</X><Y>568</Y><Width>104</Width><SpacingWidth>0</SpacingWidth><DescendantWidth>0</DescendantWidth><Height>72</Height></GUILayoutItem><GUILayoutItem><Name>Sequence_74</Name><X>440</X><Y>688</Y><Width>120</Width><SpacingWidth>120</SpacingWidth><DescendantWidth>0</DescendantWidth><Height>96</Height></GUILayoutItem><GUILayoutItem><Name>ShowCatch_9</Name><X>448</X><Y>704</Y><Width>104</Width><SpacingWidth>0</SpacingWidth><DescendantWidth>0</DescendantWidth><Height>72</Height></GUILayoutItem><GUILayoutItem><Name>Sequence_80</Name><X>2888</X><Y>688</Y><Width>120</Width><SpacingWidth>120</SpacingWidth><DescendantWidth>0</DescendantWidth><Height>96</Height></GUILayoutItem><GUILayoutItem><Name>Sequence_61</Name><X>1664</X><Y>552</Y><Width>120</Width><SpacingWidth>2280</SpacingWidth><DescendantWidth>2280</DescendantWidth><Height>96</Height></GUILayoutItem><GUILayoutItem><Name>Sequence_106</Name><X>3320</X><Y>824</Y><Width>120</Width><SpacingWidth>408</SpacingWidth><DescendantWidth>408</DescendantWidth><Height>96</Height></GUILayoutItem><GUILayoutItem><Name>Pause_500ms</Name><X>3328</X><Y>840</Y><Width>104</Width><SpacingWidth>0</SpacingWidth><DescendantWidth>0</DescendantWidth><Height>72</Height></GUILayoutItem><GUILayoutItem><Name>Sequence_112</Name><X>3320</X><Y>960</Y><Width>120</Width><SpacingWidth>408</SpacingWidth><DescendantWidth>408</DescendantWidth><Height>96</Height></GUILayoutItem><GUILayoutItem><Name>PCoWriteTrxDataTransCtr</Name><X>3328</X><Y>976</Y><Width>104</Width><SpacingWidth>0</SpacingWidth><DescendantWidth>0</DescendantWidth><Height>72</Height></GUILayoutItem><GUILayoutItem><Name>Sequence_33</Name><X>1664</X><Y>688</Y><Width>120</Width><SpacingWidth>2280</SpacingWidth><DescendantWidth>2280</DescendantWidth><Height>96</Height></GUILayoutItem><GUILayoutItem><Name>Exception_Enabler_6</Name><X>1672</X><Y>704</Y><Width>104</Width><SpacingWidth>0</SpacingWidth><DescendantWidth>0</DescendantWidth><Height>72</Height></GUILayoutItem><GUILayoutItem><Name>Sequence_31</Name><X>1592</X><Y>824</Y><Width>120</Width><SpacingWidth>2136</SpacingWidth><DescendantWidth>2136</DescendantWidth><Height>96</Height></GUILayoutItem><GUILayoutItem><Name>getMatrixRouting</Name><X>1600</X><Y>840</Y><Width>104</Width><SpacingWidth>0</SpacingWidth><DescendantWidth>0</DescendantWidth><Height>72</Height></GUILayoutItem><GUILayoutItem><Name>Sequence_58</Name><X>1592</X><Y>960</Y><Width>120</Width><SpacingWidth>2136</SpacingWidth><DescendantWidth>2136</DescendantWidth><Height>96</Height></GUILayoutItem><GUILayoutItem><Name>Routing_OK</Name><X>1600</X><Y>976</Y><Width>104</Width><SpacingWidth>0</SpacingWidth><DescendantWidth>0</DescendantWidth><Height>72</Height></GUILayoutItem><GUILayoutItem><Name>Sequence_100</Name><X>1520</X><Y>1096</Y><Width>120</Width><SpacingWidth>1992</SpacingWidth><DescendantWidth>1992</DescendantWidth><Height>96</Height></GUILayoutItem><GUILayoutItem><Name>Assign_OP</Name><X>1528</X><Y>1112</Y><Width>104</Width><SpacingWidth>0</SpacingWidth><DescendantWidth>0</DescendantWidth><Height>72</Height></GUILayoutItem><GUILayoutItem><Name>Sequence_62</Name><X>1520</X><Y>1232</Y><Width>120</Width><SpacingWidth>1992</SpacingWidth><DescendantWidth>1992</DescendantWidth><Height>96</Height></GUILayoutItem><GUILayoutItem><Name>Show_Routing</Name><X>1528</X><Y>1248</Y><Width>104</Width><SpacingWidth>0</SpacingWidth><DescendantWidth>0</DescendantWidth><Height>72</Height></GUILayoutItem><GUILayoutItem><Name>Sequence_29</Name><X>1520</X><Y>1368</Y><Width>120</Width><SpacingWidth>1992</SpacingWidth><DescendantWidth>1992</DescendantWidth><Height>96</Height></GUILayoutItem><GUILayoutItem><Name>Exception_Enabler_3</Name><X>1528</X><Y>1384</Y><Width>104</Width><SpacingWidth>0</SpacingWidth><DescendantWidth>0</DescendantWidth><Height>72</Height></GUILayoutItem><GUILayoutItem><Name>Sequence_50</Name><X>1448</X><Y>1504</Y><Width>120</Width><SpacingWidth>1848</SpacingWidth><DescendantWidth>1848</DescendantWidth><Height>96</Height></GUILayoutItem><GUILayoutItem><Name>Sequence_99</Name><X>1376</X><Y>1776</Y><Width>120</Width><SpacingWidth>1704</SpacingWidth><DescendantWidth>1704</DescendantWidth><Height>96</Height></GUILayoutItem><GUILayoutItem><Name>Sequence_60</Name><X>1376</X><Y>1912</Y><Width>120</Width><SpacingWidth>1704</SpacingWidth><DescendantWidth>1704</DescendantWidth><Height>96</Height></GUILayoutItem><GUILayoutItem><Name>Show_SerNum</Name><X>1384</X><Y>1928</Y><Width>104</Width><SpacingWidth>0</SpacingWidth><DescendantWidth>0</DescendantWidth><Height>72</Height></GUILayoutItem><GUILayoutItem><Name>Sequence_77</Name><X>2312</X><Y>1776</Y><Width>120</Width><SpacingWidth>120</SpacingWidth><DescendantWidth>0</DescendantWidth><Height>96</Height></GUILayoutItem><GUILayoutItem><Name>Sequence_43</Name><X>2456</X><Y>1504</Y><Width>120</Width><SpacingWidth>120</SpacingWidth><DescendantWidth>120</DescendantWidth><Height>96</Height></GUILayoutItem><GUILayoutItem><Name>Catch_3</Name><X>2464</X><Y>1520</Y><Width>104</Width><SpacingWidth>0</SpacingWidth><DescendantWidth>0</DescendantWidth><Height>72</Height></GUILayoutItem><GUILayoutItem><Name>Sequence_44</Name><X>2456</X><Y>1640</Y><Width>120</Width><SpacingWidth>120</SpacingWidth><DescendantWidth>0</DescendantWidth><Height>96</Height></GUILayoutItem><GUILayoutItem><Name>ShowCatch_3</Name><X>2464</X><Y>1656</Y><Width>104</Width><SpacingWidth>0</SpacingWidth><DescendantWidth>0</DescendantWidth><Height>72</Height></GUILayoutItem><GUILayoutItem><Name>Sequence_79</Name><X>2600</X><Y>1096</Y><Width>120</Width><SpacingWidth>120</SpacingWidth><DescendantWidth>120</DescendantWidth><Height>96</Height></GUILayoutItem><GUILayoutItem><Name>Routing_Err</Name><X>2608</X><Y>1112</Y><Width>104</Width><SpacingWidth>0</SpacingWidth><DescendantWidth>0</DescendantWidth><Height>72</Height></GUILayoutItem><GUILayoutItem><Name>Sequence_81</Name><X>2600</X><Y>1232</Y><Width>120</Width><SpacingWidth>120</SpacingWidth><DescendantWidth>0</DescendantWidth><Height>96</Height></GUILayoutItem><GUILayoutItem><Name>AssignToRoutingErrStr</Name><X>2608</X><Y>1248</Y><Width>104</Width><SpacingWidth>0</SpacingWidth><DescendantWidth>0</DescendantWidth><Height>72</Height></GUILayoutItem><GUILayoutItem><Name>Sequence_48</Name><X>2744</X><Y>824</Y><Width>120</Width><SpacingWidth>120</SpacingWidth><DescendantWidth>120</DescendantWidth><Height>96</Height></GUILayoutItem><GUILayoutItem><Name>Catch_6</Name><X>2752</X><Y>840</Y><Width>104</Width><SpacingWidth>0</SpacingWidth><DescendantWidth>0</DescendantWidth><Height>72</Height></GUILayoutItem><GUILayoutItem><Name>Sequence_49</Name><X>2744</X><Y>960</Y><Width>120</Width><SpacingWidth>120</SpacingWidth><DescendantWidth>0</DescendantWidth><Height>96</Height></GUILayoutItem><GUILayoutItem><Name>ShowCatch_6</Name><X>2752</X><Y>976</Y><Width>104</Width><SpacingWidth>0</SpacingWidth><DescendantWidth>0</DescendantWidth><Height>72</Height></GUILayoutItem><GUILayoutItem><Name>Sequence_24</Name><X>944</X><Y>2048</Y><Width>120</Width><SpacingWidth>840</SpacingWidth><DescendantWidth>840</DescendantWidth><Height>96</Height></GUILayoutItem><GUILayoutItem><Name>Show_Params_AddConfirmation</Name><X>952</X><Y>2064</Y><Width>104</Width><SpacingWidth>0</SpacingWidth><DescendantWidth>0</DescendantWidth><Height>72</Height></GUILayoutItem><GUILayoutItem><Name>Sequence_51</Name><X>944</X><Y>2184</Y><Width>120</Width><SpacingWidth>840</SpacingWidth><DescendantWidth>840</DescendantWidth><Height>96</Height></GUILayoutItem><GUILayoutItem><Name>Exception_Enabler_7</Name><X>952</X><Y>2200</Y><Width>104</Width><SpacingWidth>0</SpacingWidth><DescendantWidth>0</DescendantWidth><Height>72</Height></GUILayoutItem><GUILayoutItem><Name>Sequence_30</Name><X>872</X><Y>2320</Y><Width>120</Width><SpacingWidth>696</SpacingWidth><DescendantWidth>696</DescendantWidth><Height>96</Height></GUILayoutItem><GUILayoutItem><Name>add_OrderConfirmation</Name><X>880</X><Y>2336</Y><Width>104</Width><SpacingWidth>0</SpacingWidth><DescendantWidth>0</DescendantWidth><Height>72</Height></GUILayoutItem><GUILayoutItem><Name>Sequence_75</Name><X>872</X><Y>2456</Y><Width>120</Width><SpacingWidth>696</SpacingWidth><DescendantWidth>696</DescendantWidth><Height>96</Height></GUILayoutItem><GUILayoutItem><Name>AddConfirmation_OK</Name><X>880</X><Y>2472</Y><Width>104</Width><SpacingWidth>0</SpacingWidth><DescendantWidth>0</DescendantWidth><Height>72</Height></GUILayoutItem><GUILayoutItem><Name>Sequence_32</Name><X>800</X><Y>2592</Y><Width>120</Width><SpacingWidth>552</SpacingWidth><DescendantWidth>552</DescendantWidth><Height>96</Height></GUILayoutItem><GUILayoutItem><Name>CheckOrderStatus</Name><X>808</X><Y>2608</Y><Width>104</Width><SpacingWidth>0</SpacingWidth><DescendantWidth>0</DescendantWidth><Height>72</Height></GUILayoutItem><GUILayoutItem><Name>Sequence_5</Name><X>584</X><Y>2728</Y><Width>120</Width><SpacingWidth>120</SpacingWidth><DescendantWidth>0</DescendantWidth><Height>96</Height></GUILayoutItem><GUILayoutItem><Name>Show_OrderStatusQty</Name><X>592</X><Y>2744</Y><Width>104</Width><SpacingWidth>0</SpacingWidth><DescendantWidth>0</DescendantWidth><Height>72</Height></GUILayoutItem><GUILayoutItem><Name>Sequence_84</Name><X>800</X><Y>2728</Y><Width>120</Width><SpacingWidth>264</SpacingWidth><DescendantWidth>264</DescendantWidth><Height>96</Height></GUILayoutItem><GUILayoutItem><Name>Exception_Enabler_10</Name><X>808</X><Y>2744</Y><Width>104</Width><SpacingWidth>0</SpacingWidth><DescendantWidth>0</DescendantWidth><Height>72</Height></GUILayoutItem><GUILayoutItem><Name>Sequence_39</Name><X>728</X><Y>2864</Y><Width>120</Width><SpacingWidth>120</SpacingWidth><DescendantWidth>0</DescendantWidth><Height>96</Height></GUILayoutItem><GUILayoutItem><Name>setActiveOrderStatusCNF</Name><X>736</X><Y>2880</Y><Width>104</Width><SpacingWidth>0</SpacingWidth><DescendantWidth>0</DescendantWidth><Height>72</Height></GUILayoutItem><GUILayoutItem><Name>Sequence_85</Name><X>872</X><Y>2864</Y><Width>120</Width><SpacingWidth>120</SpacingWidth><DescendantWidth>120</DescendantWidth><Height>96</Height></GUILayoutItem><GUILayoutItem><Name>Catch_10</Name><X>880</X><Y>2880</Y><Width>104</Width><SpacingWidth>0</SpacingWidth><DescendantWidth>0</DescendantWidth><Height>72</Height></GUILayoutItem><GUILayoutItem><Name>Sequence_86</Name><X>872</X><Y>3000</Y><Width>120</Width><SpacingWidth>120</SpacingWidth><DescendantWidth>0</DescendantWidth><Height>96</Height></GUILayoutItem><GUILayoutItem><Name>ShowCatch_10</Name><X>880</X><Y>3016</Y><Width>104</Width><SpacingWidth>0</SpacingWidth><DescendantWidth>0</DescendantWidth><Height>72</Height></GUILayoutItem><GUILayoutItem><Name>Sequence_46</Name><X>1016</X><Y>2728</Y><Width>120</Width><SpacingWidth>120</SpacingWidth><DescendantWidth>120</DescendantWidth><Height>96</Height></GUILayoutItem><GUILayoutItem><Name>Assign_TRX16_Pass</Name><X>1024</X><Y>2744</Y><Width>104</Width><SpacingWidth>0</SpacingWidth><DescendantWidth>0</DescendantWidth><Height>72</Height></GUILayoutItem><GUILayoutItem><Name>Sequence_47</Name><X>1016</X><Y>2864</Y><Width>120</Width><SpacingWidth>120</SpacingWidth><DescendantWidth>0</DescendantWidth><Height>96</Height></GUILayoutItem><GUILayoutItem><Name>Show_PASS</Name><X>1024</X><Y>2880</Y><Width>104</Width><SpacingWidth>0</SpacingWidth><DescendantWidth>0</DescendantWidth><Height>72</Height></GUILayoutItem><GUILayoutItem><Name>Sequence_76</Name><X>1160</X><Y>2592</Y><Width>120</Width><SpacingWidth>120</SpacingWidth><DescendantWidth>120</DescendantWidth><Height>96</Height></GUILayoutItem><GUILayoutItem><Name>Confirmation_Err</Name><X>1168</X><Y>2608</Y><Width>104</Width><SpacingWidth>0</SpacingWidth><DescendantWidth>0</DescendantWidth><Height>72</Height></GUILayoutItem><GUILayoutItem><Name>Sequence_83</Name><X>1160</X><Y>2728</Y><Width>120</Width><SpacingWidth>120</SpacingWidth><DescendantWidth>120</DescendantWidth><Height>96</Height></GUILayoutItem><GUILayoutItem><Name>AssignConfErrStr</Name><X>1168</X><Y>2744</Y><Width>104</Width><SpacingWidth>0</SpacingWidth><DescendantWidth>0</DescendantWidth><Height>72</Height></GUILayoutItem><GUILayoutItem><Name>Sequence_103</Name><X>1160</X><Y>2864</Y><Width>120</Width><SpacingWidth>120</SpacingWidth><DescendantWidth>0</DescendantWidth><Height>96</Height></GUILayoutItem><GUILayoutItem><Name>Assign_TRX16_Fail</Name><X>1168</X><Y>2880</Y><Width>104</Width><SpacingWidth>0</SpacingWidth><DescendantWidth>0</DescendantWidth><Height>72</Height></GUILayoutItem><GUILayoutItem><Name>Sequence_52</Name><X>1304</X><Y>2320</Y><Width>120</Width><SpacingWidth>120</SpacingWidth><DescendantWidth>120</DescendantWidth><Height>96</Height></GUILayoutItem><GUILayoutItem><Name>Catch_7</Name><X>1312</X><Y>2336</Y><Width>104</Width><SpacingWidth>0</SpacingWidth><DescendantWidth>0</DescendantWidth><Height>72</Height></GUILayoutItem><GUILayoutItem><Name>Sequence_57</Name><X>1304</X><Y>2456</Y><Width>120</Width><SpacingWidth>120</SpacingWidth><DescendantWidth>120</DescendantWidth><Height>96</Height></GUILayoutItem><GUILayoutItem><Name>ShowCatch_7</Name><X>1312</X><Y>2472</Y><Width>104</Width><SpacingWidth>0</SpacingWidth><DescendantWidth>0</DescendantWidth><Height>72</Height></GUILayoutItem><GUILayoutItem><Name>Sequence_102</Name><X>1304</X><Y>2592</Y><Width>120</Width><SpacingWidth>120</SpacingWidth><DescendantWidth>0</DescendantWidth><Height>96</Height></GUILayoutItem><GUILayoutItem><Name>Assig_TRX16_Error</Name><X>1312</X><Y>2608</Y><Width>104</Width><SpacingWidth>0</SpacingWidth><DescendantWidth>0</DescendantWidth><Height>72</Height></GUILayoutItem><GUILayoutItem><Name>Sequence_64</Name><X>1808</X><Y>2048</Y><Width>120</Width><SpacingWidth>840</SpacingWidth><DescendantWidth>840</DescendantWidth><Height>96</Height></GUILayoutItem><GUILayoutItem><Name>SN_NotEmpty</Name><X>1816</X><Y>2064</Y><Width>104</Width><SpacingWidth>0</SpacingWidth><DescendantWidth>0</DescendantWidth><Height>72</Height></GUILayoutItem><GUILayoutItem><Name>Sequence_63</Name><X>1808</X><Y>2184</Y><Width>120</Width><SpacingWidth>840</SpacingWidth><DescendantWidth>840</DescendantWidth><Height>96</Height></GUILayoutItem><GUILayoutItem><Name>Sequence_67</Name><X>1520</X><Y>2320</Y><Width>120</Width><SpacingWidth>264</SpacingWidth><DescendantWidth>264</DescendantWidth><Height>96</Height></GUILayoutItem><GUILayoutItem><Name>SNPatternFound</Name><X>1528</X><Y>2336</Y><Width>104</Width><SpacingWidth>0</SpacingWidth><DescendantWidth>0</DescendantWidth><Height>72</Height></GUILayoutItem><GUILayoutItem><Name>Sequence_68</Name><X>1448</X><Y>2456</Y><Width>120</Width><SpacingWidth>120</SpacingWidth><DescendantWidth>0</DescendantWidth><Height>96</Height></GUILayoutItem><GUILayoutItem><Name>Assign_SN_woPattern</Name><X>1456</X><Y>2472</Y><Width>104</Width><SpacingWidth>0</SpacingWidth><DescendantWidth>0</DescendantWidth><Height>72</Height></GUILayoutItem><GUILayoutItem><Name>Sequence_78</Name><X>1592</X><Y>2456</Y><Width>120</Width><SpacingWidth>120</SpacingWidth><DescendantWidth>0</DescendantWidth><Height>96</Height></GUILayoutItem><GUILayoutItem><Name>Assign_SN_woPattern1</Name><X>1600</X><Y>2472</Y><Width>104</Width><SpacingWidth>0</SpacingWidth><DescendantWidth>0</DescendantWidth><Height>72</Height></GUILayoutItem><GUILayoutItem><Name>Sequence_90</Name><X>1952</X><Y>2320</Y><Width>120</Width><SpacingWidth>552</SpacingWidth><DescendantWidth>552</DescendantWidth><Height>96</Height></GUILayoutItem><GUILayoutItem><Name>Exception_Enabler_11</Name><X>1960</X><Y>2336</Y><Width>104</Width><SpacingWidth>0</SpacingWidth><DescendantWidth>0</DescendantWidth><Height>72</Height></GUILayoutItem><GUILayoutItem><Name>Sequence_89</Name><X>1880</X><Y>2456</Y><Width>120</Width><SpacingWidth>408</SpacingWidth><DescendantWidth>408</DescendantWidth><Height>96</Height></GUILayoutItem><GUILayoutItem><Name>chk_SerialNumberExists</Name><X>1888</X><Y>2472</Y><Width>104</Width><SpacingWidth>0</SpacingWidth><DescendantWidth>0</DescendantWidth><Height>72</Height></GUILayoutItem><GUILayoutItem><Name>Sequence_93</Name><X>1880</X><Y>2592</Y><Width>120</Width><SpacingWidth>408</SpacingWidth><DescendantWidth>408</DescendantWidth><Height>96</Height></GUILayoutItem><GUILayoutItem><Name>SerialNumberExists_OK</Name><X>1888</X><Y>2608</Y><Width>104</Width><SpacingWidth>0</SpacingWidth><DescendantWidth>0</DescendantWidth><Height>72</Height></GUILayoutItem><GUILayoutItem><Name>Sequence_94</Name><X>1880</X><Y>2728</Y><Width>120</Width><SpacingWidth>408</SpacingWidth><DescendantWidth>408</DescendantWidth><Height>96</Height></GUILayoutItem><GUILayoutItem><Name>SeriaNumberExists</Name><X>1888</X><Y>2744</Y><Width>104</Width><SpacingWidth>0</SpacingWidth><DescendantWidth>0</DescendantWidth><Height>72</Height></GUILayoutItem><GUILayoutItem><Name>Sequence_95</Name><X>1736</X><Y>2864</Y><Width>120</Width><SpacingWidth>120</SpacingWidth><DescendantWidth>0</DescendantWidth><Height>96</Height></GUILayoutItem><GUILayoutItem><Name>SerialNumberExists</Name><X>1744</X><Y>2880</Y><Width>104</Width><SpacingWidth>0</SpacingWidth><DescendantWidth>0</DescendantWidth><Height>72</Height></GUILayoutItem><GUILayoutItem><Name>Sequence_109</Name><X>1952</X><Y>2864</Y><Width>120</Width><SpacingWidth>264</SpacingWidth><DescendantWidth>264</DescendantWidth><Height>96</Height></GUILayoutItem><GUILayoutItem><Name>Exception_Enabler_13</Name><X>1960</X><Y>2880</Y><Width>104</Width><SpacingWidth>0</SpacingWidth><DescendantWidth>0</DescendantWidth><Height>72</Height></GUILayoutItem><GUILayoutItem><Name>Sequence_96</Name><X>1880</X><Y>3000</Y><Width>120</Width><SpacingWidth>120</SpacingWidth><DescendantWidth>0</DescendantWidth><Height>96</Height></GUILayoutItem><GUILayoutItem><Name>addSerialNumber</Name><X>1888</X><Y>3016</Y><Width>104</Width><SpacingWidth>0</SpacingWidth><DescendantWidth>0</DescendantWidth><Height>72</Height></GUILayoutItem><GUILayoutItem><Name>Sequence_110</Name><X>2024</X><Y>3000</Y><Width>120</Width><SpacingWidth>120</SpacingWidth><DescendantWidth>120</DescendantWidth><Height>96</Height></GUILayoutItem><GUILayoutItem><Name>Catch_13</Name><X>2032</X><Y>3016</Y><Width>104</Width><SpacingWidth>0</SpacingWidth><DescendantWidth>0</DescendantWidth><Height>72</Height></GUILayoutItem><GUILayoutItem><Name>Sequence_111</Name><X>2024</X><Y>3136</Y><Width>120</Width><SpacingWidth>120</SpacingWidth><DescendantWidth>0</DescendantWidth><Height>96</Height></GUILayoutItem><GUILayoutItem><Name>ShowCatch_13</Name><X>2032</X><Y>3152</Y><Width>104</Width><SpacingWidth>0</SpacingWidth><DescendantWidth>0</DescendantWidth><Height>72</Height></GUILayoutItem><GUILayoutItem><Name>Sequence_91</Name><X>2168</X><Y>2456</Y><Width>120</Width><SpacingWidth>120</SpacingWidth><DescendantWidth>120</DescendantWidth><Height>96</Height></GUILayoutItem><GUILayoutItem><Name>Catch_11</Name><X>2176</X><Y>2472</Y><Width>104</Width><SpacingWidth>0</SpacingWidth><DescendantWidth>0</DescendantWidth><Height>72</Height></GUILayoutItem><GUILayoutItem><Name>Sequence_92</Name><X>2168</X><Y>2592</Y><Width>120</Width><SpacingWidth>120</SpacingWidth><DescendantWidth>0</DescendantWidth><Height>96</Height></GUILayoutItem><GUILayoutItem><Name>ShowCatch_11</Name><X>2176</X><Y>2608</Y><Width>104</Width><SpacingWidth>0</SpacingWidth><DescendantWidth>0</DescendantWidth><Height>72</Height></GUILayoutItem><GUILayoutItem><Name>chk_PCoNotificationsData_SerNum</Name><X>1744</X><Y>296</Y><Width>104</Width><SpacingWidth>0</SpacingWidth><DescendantWidth>0</DescendantWidth><Height>72</Height></GUILayoutItem><GUILayoutItem><Name>getActiveOrder</Name><X>1456</X><Y>1520</Y><Width>104</Width><SpacingWidth>0</SpacingWidth><DescendantWidth>0</DescendantWidth><Height>72</Height></GUILayoutItem><GUILayoutItem><Name>Sequence_59</Name><X>1448</X><Y>1640</Y><Width>120</Width><SpacingWidth>1848</SpacingWidth><DescendantWidth>1848</DescendantWidth><Height>96</Height></GUILayoutItem><GUILayoutItem><Name>ActiveOrder_OK</Name><X>1456</X><Y>1656</Y><Width>104</Width><SpacingWidth>0</SpacingWidth><DescendantWidth>0</DescendantWidth><Height>72</Height></GUILayoutItem><GUILayoutItem><Name>Sequence_38</Name><X>1736</X><Y>416</Y><Width>120</Width><SpacingWidth>2424</SpacingWidth><DescendantWidth>2424</DescendantWidth><Height>96</Height></GUILayoutItem><GUILayoutItem><Name>SerNum_OK</Name><X>1744</X><Y>432</Y><Width>104</Width><SpacingWidth>0</SpacingWidth><DescendantWidth>0</DescendantWidth><Height>72</Height></GUILayoutItem><GUILayoutItem><Name>Assign_SN</Name><X>1672</X><Y>568</Y><Width>104</Width><SpacingWidth>0</SpacingWidth><DescendantWidth>0</DescendantWidth><Height>72</Height></GUILayoutItem><GUILayoutItem><Name>Assign_LV_ActiveOrder</Name><X>1384</X><Y>1792</Y><Width>104</Width><SpacingWidth>0</SpacingWidth><DescendantWidth>0</DescendantWidth><Height>72</Height></GUILayoutItem><GUILayoutItem><Name>Sequence_82</Name><X>2888</X><Y>552</Y><Width>120</Width><SpacingWidth>120</SpacingWidth><DescendantWidth>120</DescendantWidth><Height>96</Height></GUILayoutItem><GUILayoutItem><Name>SerNum_Err</Name><X>2896</X><Y>568</Y><Width>104</Width><SpacingWidth>0</SpacingWidth><DescendantWidth>0</DescendantWidth><Height>72</Height></GUILayoutItem><GUILayoutItem><Name>AssignToSerNumErrStr</Name><X>2896</X><Y>704</Y><Width>104</Width><SpacingWidth>0</SpacingWidth><DescendantWidth>0</DescendantWidth><Height>72</Height></GUILayoutItem><GUILayoutItem><Name>Assign_TRX16_OrderNotStarted</Name><X>2320</X><Y>1792</Y><Width>104</Width><SpacingWidth>0</SpacingWidth><DescendantWidth>0</DescendantWidth><Height>72</Height></GUILayoutItem></Layout><Actions><ContextItem><Name>ShowParam</Name><Description/><MinRange>0</MinRange><MaxRange>0</MaxRange><Value xsi:type="Tracer"><Message/><Level>INFO</Level></Value><ReadOnly>false</ReadOnly><AlertXMLAssigned>false</AlertXMLAssigned></ContextItem><ContextItem><Name>Show_LabelInfoYield</Name><Description/><MinRange>0</MinRange><MaxRange>0</MaxRange><Value xsi:type="Tracer"><Message/><Level>INFO</Level></Value><ReadOnly>false</ReadOnly><AlertXMLAssigned>false</AlertXMLAssigned></ContextItem><ContextItem><Name>chk_PCoNotificationsData_TransStatus</Name><Description/><MinRange>0</MinRange><MaxRange>0</MaxRange><Value xsi:type="IlluminatorSQLQueryObject"><Timeout>60</Timeout><QueryParameters/><QueryTemplate>MESM/PCO_HANDLER/QUERIES/chk_PCoNotificationsData</QueryTemplate><QueryStartDate>2016-07-12T12:26:24</QueryStartDate><QueryEndDate>2016-07-12T12:26:24</QueryEndDate><SQLTransaction/><Results><ReferenceDocumentSource/>&lt;?xml version="1.0" encoding="UTF-8"?&gt;&lt;Rowsets CachedTime="" DateCreated="2016-07-13T11:20:41" EndDate="2016-07-13T11:20:41" StartDate="2016-07-13T10:20:41" Version="15.0 SP4 Patch 11 (Aug 28, 2015)"&gt;&lt;Rowset&gt;&lt;Columns&gt;&lt;Column Description="recordID" MaxRange="1" MinRange="0" Name="recordID" SQLDataType="-5" SourceColumn="recordID"/&gt;&lt;Column Description="notifRecordID" MaxRange="1" MinRange="0" Name="notifRecordID" SQLDataType="-5" SourceColumn="notifRecordID"/&gt;&lt;Column Description="notifTagID" MaxRange="1" MinRange="0" Name="notifTagID" SQLDataType="-5" SourceColumn="notifTagID"/&gt;&lt;Column Description="notifTagValue" MaxRange="1" MinRange="0" Name="notifTagValue" SQLDataType="12" SourceColumn="notifTagValue"/&gt;&lt;/Columns&gt;&lt;Row&gt;&lt;recordID&gt;232&lt;/recordID&gt;&lt;notifRecordID&gt;18&lt;/notifRecordID&gt;&lt;notifTagID&gt;264&lt;/notifTagID&gt;&lt;notifTagValue&gt;1&lt;/notifTagValue&gt;&lt;/Row&gt;&lt;/Rowset&gt;&lt;/Rowsets&gt;</Results><TagList/></Value><SchemaURI/><SchemaElement/><ValidateXMLOnExecution>1</ValidateXMLOnExecution><ReadOnly>false</ReadOnly><AlertXMLAssigned>false</AlertXMLAssigned></ContextItem><ContextItem><Name>TransStatusGood</Name><Description/><MinRange>0</MinRange><MaxRange>0</MaxRange><Value xsi:type="ConditionalAction"><Output>false</Output><InputCount>2</InputCount><LogicalAnd>true</LogicalAnd><Input1>false</Input1><Input2>false</Input2></Value><ReadOnly>false</ReadOnly><AlertXMLAssigned>false</AlertXMLAssigned></ContextItem><ContextItem><Name>AssignTagList</Name><Description/><MinRange>0</MinRange><MaxRange>0</MaxRange><Value xsi:type="Assignment"/><ReadOnly>false</ReadOnly><AlertXMLAssigned>false</AlertXMLAssigned></ContextItem><ContextItem><Name>ShowTagListValue</Name><Description/><MinRange>0</MinRange><MaxRange>0</MaxRange><Value xsi:type="Tracer"><Message/><Level>INFO</Level></Value><ReadOnly>false</ReadOnly><AlertXMLAssigned>false</AlertXMLAssigned></ContextItem><ContextItem><Name>PCoWriteTrxData</Name><Description/><MinRange>0</MinRange><MaxRange>0</MaxRange><Value xsi:type="IlluminatorPCoQueryObject"><Timeout>60</Timeout><QueryParameters/><QueryTemplate>MESM/PCO_HANDLER/QUERIES/PCoWriteTrxData</QueryTemplate><QueryStartDate>2016-05-18T13:58:53</QueryStartDate><QueryEndDate>2016-05-18T13:58:53</QueryEndDate><SQLTransaction/><Results><ReferenceDocumentSource/>&lt;?xml version="1.0" encoding="UTF-8"?&gt;&lt;Rowsets CachedTime="" DateCreated="2016-05-18T14:01:53" EndDate="2016-05-18T14:01:53" StartDate="2016-05-18T13:01:53" Version="15.0 SP4 Patch 11 (Aug 28, 2015)"&gt;&lt;FatalError&gt;Select a tag&lt;/FatalError&gt;&lt;/Rowsets&gt;</Results><TagList/></Value><SchemaURI/><SchemaElement/><ValidateXMLOnExecution>1</ValidateXMLOnExecution><ReadOnly>false</ReadOnly><AlertXMLAssigned>false</AlertXMLAssigned></ContextItem><ContextItem><Name>ShowPCO_RESULT</Name><Description/><MinRange>0</MinRange><MaxRange>0</MaxRange><Value xsi:type="Tracer"><Message/><Level>INFO</Level></Value><ReadOnly>false</ReadOnly><AlertXMLAssigned>false</AlertXMLAssigned></ContextItem><ContextItem><Name>RepeatOnTag</Name><Description/><MinRange>0</MinRange><MaxRange>0</MaxRange><Value xsi:type="RepeaterAction"><Output><ReferenceDocumentSource/></Output><Break>false</Break><ItemCount>0</ItemCount><CurrentItem>0</CurrentItem><Source>Local.PCO_RESULT{/Rowsets/Messages/Message}</Source><Item><ReferenceDocumentSource/></Item></Value><SchemaURI/><SchemaElement/><ValidateXMLOnExecution>1</ValidateXMLOnExecution><SchemaURI/><SchemaElement/><ValidateXMLOnExecution>1</ValidateXMLOnExecution><ReadOnly>false</ReadOnly><AlertXMLAssigned>false</AlertXMLAssigned></ContextItem><ContextItem><Name>ShowTagMSG</Name><Description/><MinRange>0</MinRange><MaxRange>0</MaxRange><Value xsi:type="Tracer"><Message/><Level>INFO</Level></Value><ReadOnly>false</ReadOnly><AlertXMLAssigned>false</AlertXMLAssigned></ContextItem><ContextItem><Name>IfSuccess</Name><Description/><MinRange>0</MinRange><MaxRange>0</MaxRange><Value xsi:type="ConditionalAction"><Output>false</Output><InputCount>1</InputCount><LogicalAnd>false</LogicalAnd><Input1>false</Input1></Value><ReadOnly>false</ReadOnly><AlertXMLAssigned>false</AlertXMLAssigned></ContextItem><ContextItem><Name>ShowTagWriteOK</Name><Description/><MinRange>0</MinRange><MaxRange>0</MaxRange><Value xsi:type="Tracer"><Message/><Level>INFO</Level></Value><ReadOnly>false</ReadOnly><AlertXMLAssigned>false</AlertXMLAssigned></ContextItem><ContextItem><Name>AssignToErrStr</Name><Description/><MinRange>0</MinRange><MaxRange>0</MaxRange><Value xsi:type="Assignment"/><ReadOnly>false</ReadOnly><AlertXMLAssigned>false</AlertXMLAssigned></ContextItem><ContextItem><Name>ShowERROR_STR</Name><Description/><MinRange>0</MinRange><MaxRange>0</MaxRange><Value xsi:type="Tracer"><Message/><Level>INFO</Level></Value><ReadOnly>false</ReadOnly><AlertXMLAssigned>false</AlertXMLAssigned></ContextItem><ContextItem><Name>Show_Params_PCoWriteTxtData</Name><Description/><MinRange>0</MinRange><MaxRange>0</MaxRange><Value xsi:type="Tracer"><Message/><Level>INFO</Level></Value><ReadOnly>false</ReadOnly><AlertXMLAssigned>false</AlertXMLAssigned></ContextItem><ContextItem><Name>Exception_Enabler_0</Name><Description/><MinRange>0</MinRange><MaxRange>0</MaxRange><Value xsi:type="ExceptionEnabler"><EnableActionExceptions>true</EnableActionExceptions><EnableLinkExceptions>true</EnableLinkExceptions></Value><ReadOnly>false</ReadOnly><AlertXMLAssigned>false</AlertXMLAssigned></ContextItem><ContextItem><Name>Catch_0</Name><Description/><MinRange>0</MinRange><MaxRange>0</MaxRange><Value xsi:type="CatchAction"/><ReadOnly>false</ReadOnly><AlertXMLAssigned>false</AlertXMLAssigned></ContextItem><ContextItem><Name>ShowCatch_0</Name><Description/><MinRange>0</MinRange><MaxRange>0</MaxRange><Value xsi:type="Tracer"><Message/><Level>INFO</Level></Value><ReadOnly>false</ReadOnly><AlertXMLAssigned>false</AlertXMLAssigned></ContextItem><ContextItem><Name>ShowErrMsg</Name><Description/><MinRange>0</MinRange><MaxRange>0</MaxRange><Value xsi:type="Tracer"><Message/><Level>INFO</Level></Value><ReadOnly>false</ReadOnly><AlertXMLAssigned>false</AlertXMLAssigned></ContextItem><ContextItem><Name>NoErrors</Name><Description/><MinRange>0</MinRange><MaxRange>0</MaxRange><Value xsi:type="ConditionalAction"><Output>false</Output><InputCount>1</InputCount><LogicalAnd>false</LogicalAnd><Input1>false</Input1></Value><ReadOnly>false</ReadOnly><AlertXMLAssigned>false</AlertXMLAssigned></ContextItem><ContextItem><Name>Exception_Enabler_1</Name><Description/><MinRange>0</MinRange><MaxRange>0</MaxRange><Value xsi:type="ExceptionEnabler"><EnableActionExceptions>true</EnableActionExceptions><EnableLinkExceptions>true</EnableLinkExceptions></Value><ReadOnly>false</ReadOnly><AlertXMLAssigned>false</AlertXMLAssigned></ContextItem><ContextItem><Name>upd_PCoNotificationsStatusSubmitted</Name><Description/><MinRange>0</MinRange><MaxRange>0</MaxRange><Value xsi:type="IlluminatorSQLQueryObject"><Timeout>60</Timeout><QueryParameters/><QueryTemplate>MESM/PCO_HANDLER/QUERIES/upd_PCoNotificationsStatusSubmitted</QueryTemplate><QueryStartDate>2016-05-10T16:55:07</QueryStartDate><QueryEndDate>2016-05-10T16:55:07</QueryEndDate><SQLTransaction/><Results><ReferenceDocumentSource/>&lt;?xml version="1.0" encoding="UTF-8"?&gt;&lt;Rowsets CachedTime="" DateCreated="2016-05-10T16:52:53" EndDate="2016-05-10T16:52:53" StartDate="2016-05-10T15:52:53" Version="15.0 SP4 Patch 11 (Aug 28, 2015)"/&gt;</Results><TagList/></Value><SchemaURI/><SchemaElement/><ValidateXMLOnExecution>1</ValidateXMLOnExecution><ReadOnly>false</ReadOnly><AlertXMLAssigned>false</AlertXMLAssigned></ContextItem><ContextItem><Name>Catch_1</Name><Description/><MinRange>0</MinRange><MaxRange>0</MaxRange><Value xsi:type="CatchAction"/><ReadOnly>false</ReadOnly><AlertXMLAssigned>false</AlertXMLAssigned></ContextItem><ContextItem><Name>ShowCatch_1</Name><Description/><MinRange>0</MinRange><MaxRange>0</MaxRange><Value xsi:type="Tracer"><Message/><Level>INFO</Level></Value><ReadOnly>false</ReadOnly><AlertXMLAssigned>false</AlertXMLAssigned></ContextItem><ContextItem><Name>Exception_Enabler_2</Name><Description/><MinRange>0</MinRange><MaxRange>0</MaxRange><Value xsi:type="ExceptionEnabler"><EnableActionExceptions>true</EnableActionExceptions><EnableLinkExceptions>true</EnableLinkExceptions></Value><ReadOnly>false</ReadOnly><AlertXMLAssigned>false</AlertXMLAssigned></ContextItem><ContextItem><Name>upd_PCoNotificationsStatusError</Name><Description/><MinRange>0</MinRange><MaxRange>0</MaxRange><Value xsi:type="IlluminatorSQLQueryObject"><Timeout>60</Timeout><QueryParameters/><QueryTemplate>MESM/PCO_HANDLER/QUERIES/upd_PCoNotificationsStatusError</QueryTemplate><QueryStartDate>2016-05-18T13:27:13</QueryStartDate><QueryEndDate>2016-05-18T13:27:13</QueryEndDate><SQLTransaction/><Results><ReferenceDocumentSource/>&lt;?xml version="1.0" encoding="UTF-8"?&gt;&lt;Rowsets CachedTime="" DateCreated="2016-05-18T13:24:55" EndDate="2016-05-18T13:24:55" StartDate="2016-05-18T12:24:55" Version="15.0 SP4 Patch 11 (Aug 28, 2015)"/&gt;</Results><TagList/></Value><SchemaURI/><SchemaElement/><ValidateXMLOnExecution>1</ValidateXMLOnExecution><ReadOnly>false</ReadOnly><AlertXMLAssigned>false</AlertXMLAssigned></ContextItem><ContextItem><Name>Catch_2</Name><Description/><MinRange>0</MinRange><MaxRange>0</MaxRange><Value xsi:type="CatchAction"/><ReadOnly>false</ReadOnly><AlertXMLAssigned>false</AlertXMLAssigned></ContextItem><ContextItem><Name>ShowCatch_2</Name><Description/><MinRange>0</MinRange><MaxRange>0</MaxRange><Value xsi:type="Tracer"><Message/><Level>INFO</Level></Value><ReadOnly>false</ReadOnly><AlertXMLAssigned>false</AlertXMLAssigned></ContextItem><ContextItem><Name>upd_PCoNotificationsData_SIXTEEN</Name><Description/><MinRange>0</MinRange><MaxRange>0</MaxRange><Value xsi:type="IlluminatorSQLQueryObject"><Timeout>60</Timeout><QueryParameters/><QueryTemplate>MESM/PCO_HANDLER/QUERIES/upd_PCoNotificationsData_SIXTEEN</QueryTemplate><QueryStartDate>2016-06-30T17:50:12</QueryStartDate><QueryEndDate>2016-06-30T17:50:12</QueryEndDate><SQLTransaction/><Results><ReferenceDocumentSource/>&lt;?xml version="1.0" encoding="UTF-8"?&gt;&lt;Rowsets CachedTime="" DateCreated="2016-06-30T17:50:08" EndDate="2016-06-30T17:50:08" StartDate="2016-06-30T16:50:08" Version="15.0 SP4 Patch 11 (Aug 28, 2015)"/&gt;</Results><TagList/></Value><SchemaURI/><SchemaElement/><ValidateXMLOnExecution>1</ValidateXMLOnExecution><ReadOnly>false</ReadOnly><AlertXMLAssigned>false</AlertXMLAssigned></ContextItem><ContextItem><Name>Exception_Enabler_4</Name><Description/><MinRange>0</MinRange><MaxRange>0</MaxRange><Value xsi:type="ExceptionEnabler"><EnableActionExceptions>true</EnableActionExceptions><EnableLinkExceptions>true</EnableLinkExceptions></Value><ReadOnly>false</ReadOnly><AlertXMLAssigned>false</AlertXMLAssigned></ContextItem><ContextItem><Name>Catch_4</Name><Description/><MinRange>0</MinRange><MaxRange>0</MaxRange><Value xsi:type="CatchAction"/><ReadOnly>false</ReadOnly><AlertXMLAssigned>false</AlertXMLAssigned></ContextItem><ContextItem><Name>ShowCatch_4</Name><Description/><MinRange>0</MinRange><MaxRange>0</MaxRange><Value xsi:type="Tracer"><Message/><Level>INFO</Level></Value><ReadOnly>false</ReadOnly><AlertXMLAssigned>false</AlertXMLAssigned></ContextItem><ContextItem><Name>Exception_Enabler_5</Name><Description/><MinRange>0</MinRange><MaxRange>0</MaxRange><Value xsi:type="ExceptionEnabler"><EnableActionExceptions>true</EnableActionExceptions><EnableLinkExceptions>true</EnableLinkExceptions></Value><ReadOnly>false</ReadOnly><AlertXMLAssigned>false</AlertXMLAssigned></ContextItem><ContextItem><Name>Catch_5</Name><Description/><MinRange>0</MinRange><MaxRange>0</MaxRange><Value xsi:type="CatchAction"/><ReadOnly>false</ReadOnly><AlertXMLAssigned>false</AlertXMLAssigned></ContextItem><ContextItem><Name>ShowCatch_5</Name><Description/><MinRange>0</MinRange><MaxRange>0</MaxRange><Value xsi:type="Tracer"><Message/><Level>INFO</Level></Value><ReadOnly>false</ReadOnly><AlertXMLAssigned>false</AlertXMLAssigned></ContextItem><ContextItem><Name>getLabelInfoReject</Name><Description/><MinRange>0</MinRange><MaxRange>0</MaxRange><Value xsi:type="IlluminatorSQLQueryObject"><Timeout>60</Timeout><QueryParameters/><QueryTemplate>MESM/PCO_HANDLER/QUERIES/getLabelInfo</QueryTemplate><QueryStartDate>2016-07-12T16:50:55</QueryStartDate><QueryEndDate>2016-07-12T16:50:55</QueryEndDate><SQLTransaction/><Results><ReferenceDocumentSource/>&lt;?xml version="1.0" encoding="UTF-8"?&gt;&lt;Rowsets CachedTime="" DateCreated="2016-07-12T17:21:15" EndDate="2016-07-12T17:21:15" StartDate="2016-07-12T16:21:15" Version="15.0 SP4 Patch 11 (Aug 28, 2015)"&gt;&lt;Rowset&gt;&lt;Columns&gt;&lt;Column Description="recordID" MaxRange="1" MinRange="0" Name="recordID" SQLDataType="-5" SourceColumn="recordID"/&gt;&lt;Column Description="unitID" MaxRange="1" MinRange="0" Name="unitID" SQLDataType="4" SourceColumn="unitID"/&gt;&lt;Column Description="labelID" MaxRange="1" MinRange="0" Name="labelID" SQLDataType="4" SourceColumn="labelID"/&gt;&lt;Column Description="trxLblID" MaxRange="1" MinRange="0" Name="trxLblID" SQLDataType="4" SourceColumn="trxLblID"/&gt;&lt;Column Description="unitName" MaxRange="1" MinRange="0" Name="unitName" SQLDataType="-9" SourceColumn="unitName"/&gt;&lt;Column Description="labelName" MaxRange="1" MinRange="0" Name="labelName" SQLDataType="-9" SourceColumn="labelName"/&gt;&lt;Column Description="trxID" MaxRange="1" MinRange="0" Name="trxID" SQLDataType="4" SourceColumn="trxID"/&gt;&lt;/Columns&gt;&lt;Row&gt;&lt;recordID&gt;4&lt;/recordID&gt;&lt;unitID&gt;30&lt;/unitID&gt;&lt;labelID&gt;8&lt;/labelID&gt;&lt;trxLblID&gt;4&lt;/trxLblID&gt;&lt;unitName&gt;P558_ASSY_OP160&lt;/unitName&gt;&lt;labelName&gt;LBL_REJECT&lt;/labelName&gt;&lt;trxID&gt;16&lt;/trxID&gt;&lt;/Row&gt;&lt;/Rowset&gt;&lt;/Rowsets&gt;</Results><TagList/></Value><SchemaURI/><SchemaElement/><ValidateXMLOnExecution>1</ValidateXMLOnExecution><ReadOnly>false</ReadOnly><AlertXMLAssigned>false</AlertXMLAssigned></ContextItem><ContextItem><Name>getLabelInfoYield</Name><Description/><MinRange>0</MinRange><MaxRange>0</MaxRange><Value xsi:type="IlluminatorSQLQueryObject"><Timeout>60</Timeout><QueryParameters/><QueryTemplate>MESM/PCO_HANDLER/QUERIES/getLabelInfo</QueryTemplate><QueryStartDate>2016-07-12T17:13:03</QueryStartDate><QueryEndDate>2016-07-12T17:13:03</QueryEndDate><SQLTransaction/><Results><ReferenceDocumentSource/>&lt;?xml version="1.0" encoding="UTF-8"?&gt;&lt;Rowsets CachedTime="" DateCreated="2016-07-12T17:20:48" EndDate="2016-07-12T17:20:48" StartDate="2016-07-12T16:20:48" Version="15.0 SP4 Patch 11 (Aug 28, 2015)"&gt;&lt;Rowset&gt;&lt;Columns&gt;&lt;Column Description="recordID" MaxRange="1" MinRange="0" Name="recordID" SQLDataType="-5" SourceColumn="recordID"/&gt;&lt;Column Description="unitID" MaxRange="1" MinRange="0" Name="unitID" SQLDataType="4" SourceColumn="unitID"/&gt;&lt;Column Description="labelID" MaxRange="1" MinRange="0" Name="labelID" SQLDataType="4" SourceColumn="labelID"/&gt;&lt;Column Description="trxLblID" MaxRange="1" MinRange="0" Name="trxLblID" SQLDataType="4" SourceColumn="trxLblID"/&gt;&lt;Column Description="unitName" MaxRange="1" MinRange="0" Name="unitName" SQLDataType="-9" SourceColumn="unitName"/&gt;&lt;Column Description="labelName" MaxRange="1" MinRange="0" Name="labelName" SQLDataType="-9" SourceColumn="labelName"/&gt;&lt;Column Description="trxID" MaxRange="1" MinRange="0" Name="trxID" SQLDataType="4" SourceColumn="trxID"/&gt;&lt;/Columns&gt;&lt;Row&gt;&lt;recordID&gt;4&lt;/recordID&gt;&lt;unitID&gt;30&lt;/unitID&gt;&lt;labelID&gt;8&lt;/labelID&gt;&lt;trxLblID&gt;4&lt;/trxLblID&gt;&lt;unitName&gt;P558_ASSY_OP160&lt;/unitName&gt;&lt;labelName&gt;LBL_REJECT&lt;/labelName&gt;&lt;trxID&gt;16&lt;/trxID&gt;&lt;/Row&gt;&lt;/Rowset&gt;&lt;/Rowsets&gt;</Results><TagList/></Value><SchemaURI/><SchemaElement/><ValidateXMLOnExecution>1</ValidateXMLOnExecution><ReadOnly>false</ReadOnly><AlertXMLAssigned>false</AlertXMLAssigned></ContextItem><ContextItem><Name>Show_LabelInfoReject</Name><Description/><MinRange>0</MinRange><MaxRange>0</MaxRange><Value xsi:type="Tracer"><Message/><Level>INFO</Level></Value><ReadOnly>false</ReadOnly><AlertXMLAssigned>false</AlertXMLAssigned></ContextItem><ContextItem><Name>LabelInfoYield_OK</Name><Description/><MinRange>0</MinRange><MaxRange>0</MaxRange><Value xsi:type="ConditionalAction"><Output>false</Output><InputCount>2</InputCount><LogicalAnd>true</LogicalAnd><Input1>false</Input1><Input2>false</Input2></Value><ReadOnly>false</ReadOnly><AlertXMLAssigned>false</AlertXMLAssigned></ContextItem><ContextItem><Name>LabelInfoReject_OK</Name><Description/><MinRange>0</MinRange><MaxRange>0</MaxRange><Value xsi:type="ConditionalAction"><Output>false</Output><InputCount>2</InputCount><LogicalAnd>true</LogicalAnd><Input1>false</Input1><Input2>false</Input2></Value><ReadOnly>false</ReadOnly><AlertXMLAssigned>false</AlertXMLAssigned></ContextItem><ContextItem><Name>Exception_Enabler_8</Name><Description/><MinRange>0</MinRange><MaxRange>0</MaxRange><Value xsi:type="ExceptionEnabler"><EnableActionExceptions>true</EnableActionExceptions><EnableLinkExceptions>true</EnableLinkExceptions></Value><ReadOnly>false</ReadOnly><AlertXMLAssigned>false</AlertXMLAssigned></ContextItem><ContextItem><Name>Catch_8</Name><Description/><MinRange>0</MinRange><MaxRange>0</MaxRange><Value xsi:type="CatchAction"/><ReadOnly>false</ReadOnly><AlertXMLAssigned>false</AlertXMLAssigned></ContextItem><ContextItem><Name>ShowCatch_8</Name><Description/><MinRange>0</MinRange><MaxRange>0</MaxRange><Value xsi:type="Tracer"><Message/><Level>INFO</Level></Value><ReadOnly>false</ReadOnly><AlertXMLAssigned>false</AlertXMLAssigned></ContextItem><ContextItem><Name>Exception_Enabler_9</Name><Description/><MinRange>0</MinRange><MaxRange>0</MaxRange><Value xsi:type="ExceptionEnabler"><EnableActionExceptions>true</EnableActionExceptions><EnableLinkExceptions>true</EnableLinkExceptions></Value><ReadOnly>false</ReadOnly><AlertXMLAssigned>false</AlertXMLAssigned></ContextItem><ContextItem><Name>Catch_9</Name><Description/><MinRange>0</MinRange><MaxRange>0</MaxRange><Value xsi:type="CatchAction"/><ReadOnly>false</ReadOnly><AlertXMLAssigned>false</AlertXMLAssigned></ContextItem><ContextItem><Name>ShowCatch_9</Name><Description/><MinRange>0</MinRange><MaxRange>0</MaxRange><Value xsi:type="Tracer"><Message/><Level>INFO</Level></Value><ReadOnly>false</ReadOnly><AlertXMLAssigned>false</AlertXMLAssigned></ContextItem><ContextItem><Name>Pause_500ms</Name><Description/><MinRange>0</MinRange><MaxRange>0</MaxRange><Value xsi:type="Pause"><Delay>500</Delay></Value><ReadOnly>false</ReadOnly><AlertXMLAssigned>false</AlertXMLAssigned></ContextItem><ContextItem><Name>PCoWriteTrxDataTransCtr</Name><Description/><MinRange>0</MinRange><MaxRange>0</MaxRange><Value xsi:type="IlluminatorPCoQueryObject"><Timeout>60</Timeout><QueryParameters/><QueryTemplate>MESM/PCO_HANDLER/QUERIES/PCoWriteTrxData</QueryTemplate><QueryStartDate>2016-05-18T13:58:53</QueryStartDate><QueryEndDate>2016-05-18T13:58:53</QueryEndDate><SQLTransaction/><Results><ReferenceDocumentSource/>&lt;?xml version="1.0" encoding="UTF-8"?&gt;&lt;Rowsets CachedTime="" DateCreated="2016-09-14T12:35:42" EndDate="2016-09-14T12:35:42" StartDate="2016-09-14T11:35:42" Version="15.0 SP7 Patch 12 (07-Sep-2016)"&gt;&lt;FatalError&gt;Select a tag&lt;/FatalError&gt;&lt;/Rowsets&gt;</Results><TagList/></Value><SchemaURI/><SchemaElement/><ValidateXMLOnExecution>1</ValidateXMLOnExecution><ReadOnly>false</ReadOnly><AlertXMLAssigned>false</AlertXMLAssigned></ContextItem><ContextItem><Name>Exception_Enabler_6</Name><Description/><MinRange>0</MinRange><MaxRange>0</MaxRange><Value xsi:type="ExceptionEnabler"><EnableActionExceptions>true</EnableActionExceptions><EnableLinkExceptions>true</EnableLinkExceptions></Value><ReadOnly>false</ReadOnly><AlertXMLAssigned>false</AlertXMLAssigned></ContextItem><ContextItem><Name>getMatrixRouting</Name><Description/><MinRange>0</MinRange><MaxRange>0</MaxRange><Value xsi:type="IlluminatorSQLQueryObject"><Timeout>60</Timeout><QueryParameters/><QueryTemplate>MESM/PCO_HANDLER/QUERIES/getMatrixRouting</QueryTemplate><QueryStartDate>2016-07-07T13:04:07</QueryStartDate><QueryEndDate>2016-07-07T13:04:07</QueryEndDate><SQLTransaction/><Results><ReferenceDocumentSource/>&lt;?xml version="1.0" encoding="UTF-8"?&gt;&lt;Rowsets CachedTime="" DateCreated="2016-07-11T14:58:01" EndDate="2016-07-11T14:58:01" StartDate="2016-07-11T13:58:01" Version="15.0 SP4 Patch 11 (Aug 28, 2015)"&gt;&lt;Rowset&gt;&lt;Columns&gt;&lt;Column Description="routingID" MaxRange="1" MinRange="0" Name="routingID" SQLDataType="-5" SourceColumn="routingID"/&gt;&lt;Column Description="orderTypeID" MaxRange="1" MinRange="0" Name="orderTypeID" SQLDataType="4" SourceColumn="orderTypeID"/&gt;&lt;Column Description="materialID" MaxRange="1" MinRange="0" Name="materialID" SQLDataType="4" SourceColumn="materialID"/&gt;&lt;Column Description="operationStationRecordID" MaxRange="1" MinRange="0" Name="operationStationRecordID" SQLDataType="4" SourceColumn="operationStationRecordID"/&gt;&lt;Column Description="transactionRecordID" MaxRange="1" MinRange="0" Name="transactionRecordID" SQLDataType="4" SourceColumn="transactionRecordID"/&gt;&lt;Column Description="operationID_SAP" MaxRange="1" MinRange="0" Name="operationID_SAP" SQLDataType="4" SourceColumn="operationID_SAP"/&gt;&lt;/Columns&gt;&lt;Row&gt;&lt;routingID&gt;8&lt;/routingID&gt;&lt;orderTypeID&gt;4&lt;/orderTypeID&gt;&lt;materialID&gt;57&lt;/materialID&gt;&lt;operationStationRecordID&gt;12&lt;/operationStationRecordID&gt;&lt;transactionRecordID&gt;1&lt;/transactionRecordID&gt;&lt;operationID_SAP&gt;10&lt;/operationID_SAP&gt;&lt;/Row&gt;&lt;/Rowset&gt;&lt;/Rowsets&gt;</Results><TagList/></Value><SchemaURI/><SchemaElement/><ValidateXMLOnExecution>1</ValidateXMLOnExecution><ReadOnly>false</ReadOnly><AlertXMLAssigned>false</AlertXMLAssigned></ContextItem><ContextItem><Name>Routing_OK</Name><Description/><MinRange>0</MinRange><MaxRange>0</MaxRange><Value xsi:type="ConditionalAction"><Output>false</Output><InputCount>2</InputCount><LogicalAnd>true</LogicalAnd><Input1>false</Input1><Input2>false</Input2></Value><ReadOnly>false</ReadOnly><AlertXMLAssigned>false</AlertXMLAssigned></ContextItem><ContextItem><Name>Assign_OP</Name><Description/><MinRange>0</MinRange><MaxRange>0</MaxRange><Value xsi:type="Assignment"/><ReadOnly>false</ReadOnly><AlertXMLAssigned>false</AlertXMLAssigned></ContextItem><ContextItem><Name>Show_Routing</Name><Description/><MinRange>0</MinRange><MaxRange>0</MaxRange><Value xsi:type="Tracer"><Message/><Level>INFO</Level></Value><ReadOnly>false</ReadOnly><AlertXMLAssigned>false</AlertXMLAssigned></ContextItem><ContextItem><Name>Exception_Enabler_3</Name><Description/><MinRange>0</MinRange><MaxRange>0</MaxRange><Value xsi:type="ExceptionEnabler"><EnableActionExceptions>true</EnableActionExceptions><EnableLinkExceptions>true</EnableLinkExceptions></Value><ReadOnly>false</ReadOnly><AlertXMLAssigned>false</AlertXMLAssigned></ContextItem><ContextItem><Name>Show_SerNum</Name><Description/><MinRange>0</MinRange><MaxRange>0</MaxRange><Value xsi:type="Tracer"><Message/><Level>INFO</Level></Value><ReadOnly>false</ReadOnly><AlertXMLAssigned>false</AlertXMLAssigned></ContextItem><ContextItem><Name>Catch_3</Name><Description/><MinRange>0</MinRange><MaxRange>0</MaxRange><Value xsi:type="CatchAction"/><ReadOnly>false</ReadOnly><AlertXMLAssigned>false</AlertXMLAssigned></ContextItem><ContextItem><Name>ShowCatch_3</Name><Description/><MinRange>0</MinRange><MaxRange>0</MaxRange><Value xsi:type="Tracer"><Message/><Level>INFO</Level></Value><ReadOnly>false</ReadOnly><AlertXMLAssigned>false</AlertXMLAssigned></ContextItem><ContextItem><Name>Routing_Err</Name><Description/><MinRange>0</MinRange><MaxRange>0</MaxRange><Value xsi:type="Tracer"><Message/><Level>INFO</Level></Value><ReadOnly>false</ReadOnly><AlertXMLAssigned>false</AlertXMLAssigned></ContextItem><ContextItem><Name>AssignToRoutingErrStr</Name><Description/><MinRange>0</MinRange><MaxRange>0</MaxRange><Value xsi:type="Assignment"/><ReadOnly>false</ReadOnly><AlertXMLAssigned>false</AlertXMLAssigned></ContextItem><ContextItem><Name>Catch_6</Name><Description/><MinRange>0</MinRange><MaxRange>0</MaxRange><Value xsi:type="CatchAction"/><ReadOnly>false</ReadOnly><AlertXMLAssigned>false</AlertXMLAssigned></ContextItem><ContextItem><Name>ShowCatch_6</Name><Description/><MinRange>0</MinRange><MaxRange>0</MaxRange><Value xsi:type="Tracer"><Message/><Level>INFO</Level></Value><ReadOnly>false</ReadOnly><AlertXMLAssigned>false</AlertXMLAssigned></ContextItem><ContextItem><Name>Show_Params_AddConfirmation</Name><Description/><MinRange>0</MinRange><MaxRange>0</MaxRange><Value xsi:type="Tracer"><Message/><Level>INFO</Level></Value><ReadOnly>false</ReadOnly><AlertXMLAssigned>false</AlertXMLAssigned></ContextItem><ContextItem><Name>Exception_Enabler_7</Name><Description/><MinRange>0</MinRange><MaxRange>0</MaxRange><Value xsi:type="ExceptionEnabler"><EnableActionExceptions>true</EnableActionExceptions><EnableLinkExceptions>true</EnableLinkExceptions></Value><ReadOnly>false</ReadOnly><AlertXMLAssigned>false</AlertXMLAssigned></ContextItem><ContextItem><Name>add_OrderConfirmation</Name><Description/><MinRange>0</MinRange><MaxRange>0</MaxRange><Value xsi:type="IlluminatorSQLQueryObject"><Timeout>60</Timeout><QueryParameters/><QueryTemplate>MESM/PCO_HANDLER/QUERIES/add_OrderConfirmation</QueryTemplate><QueryStartDate>2016-07-07T13:25:19</QueryStartDate><QueryEndDate>2016-07-07T13:25:19</QueryEndDate><SQLTransaction/><Results><ReferenceDocumentSource/>&lt;?xml version="1.0" encoding="UTF-8"?&gt;&lt;Rowsets CachedTime="" DateCreated="2016-08-16T13:18:05" EndDate="2016-08-16T13:18:05" StartDate="2016-08-16T12:18:05" Version="15.0 SP4 Patch 11 (Aug 28, 2015)"&gt;&lt;Rowset&gt;&lt;Columns&gt;&lt;Column Description="totalParts" MaxRange="1" MinRange="0" Name="totalParts" SQLDataType="4" SourceColumn="totalParts"/&gt;&lt;/Columns&gt;&lt;Row&gt;&lt;totalParts&gt;0&lt;/totalParts&gt;&lt;/Row&gt;&lt;/Rowset&gt;&lt;/Rowsets&gt;</Results><TagList/></Value><SchemaURI/><SchemaElement/><ValidateXMLOnExecution>1</ValidateXMLOnExecution><ReadOnly>false</ReadOnly><AlertXMLAssigned>false</AlertXMLAssigned></ContextItem><ContextItem><Name>AddConfirmation_OK</Name><Description/><MinRange>0</MinRange><MaxRange>0</MaxRange><Value xsi:type="ConditionalAction"><Output>false</Output><InputCount>1</InputCount><LogicalAnd>false</LogicalAnd><Input1>false</Input1></Value><ReadOnly>false</ReadOnly><AlertXMLAssigned>false</AlertXMLAssigned></ContextItem><ContextItem><Name>CheckOrderStatus</Name><Description/><MinRange>0</MinRange><MaxRange>0</MaxRange><Value xsi:type="ConditionalAction"><Output>false</Output><InputCount>1</InputCount><LogicalAnd>false</LogicalAnd><Input1>false</Input1></Value><ReadOnly>false</ReadOnly><AlertXMLAssigned>false</AlertXMLAssigned></ContextItem><ContextItem><Name>Show_OrderStatusQty</Name><Description/><MinRange>0</MinRange><MaxRange>0</MaxRange><Value xsi:type="Tracer"><Message/><Level>INFO</Level></Value><ReadOnly>false</ReadOnly><AlertXMLAssigned>false</AlertXMLAssigned></ContextItem><ContextItem><Name>Exception_Enabler_10</Name><Description/><MinRange>0</MinRange><MaxRange>0</MaxRange><Value xsi:type="ExceptionEnabler"><EnableActionExceptions>true</EnableActionExceptions><EnableLinkExceptions>true</EnableLinkExceptions></Value><ReadOnly>false</ReadOnly><AlertXMLAssigned>false</AlertXMLAssigned></ContextItem><ContextItem><Name>setActiveOrderStatusCNF</Name><Description/><MinRange>0</MinRange><MaxRange>0</MaxRange><Value xsi:type="IlluminatorSQLQueryObject"><Timeout>60</Timeout><QueryParameters/><QueryTemplate>MESM/PCO_HANDLER/QUERIES/setActiveOrderStatusCNF</QueryTemplate><QueryStartDate>2016-07-12T13:25:35</QueryStartDate><QueryEndDate>2016-07-12T13:25:35</QueryEndDate><SQLTransaction/><Results><ReferenceDocumentSource/>&lt;?xml version="1.0" encoding="UTF-8"?&gt;&lt;Rowsets CachedTime="" DateCreated="2016-07-12T13:25:25" EndDate="2016-07-12T13:25:25" StartDate="2016-07-12T12:25:25" Version="15.0 SP4 Patch 11 (Aug 28, 2015)"&gt;&lt;Rowset&gt;&lt;Columns&gt;&lt;Column Description="orderRecordID" MaxRange="1" MinRange="0" Name="orderRecordID" SQLDataType="-5" SourceColumn="orderRecordID"/&gt;&lt;Column Description="orderFirstID" MaxRange="1" MinRange="0" Name="orderFirstID" SQLDataType="-9" SourceColumn="orderFirstID"/&gt;&lt;Column Description="orderLastID" MaxRange="1" MinRange="0" Name="orderLastID" SQLDataType="-9" SourceColumn="orderLastID"/&gt;&lt;Column Description="leadingOrderID" MaxRange="1" MinRange="0" Name="leadingOrderID" SQLDataType="-9" SourceColumn="leadingOrderID"/&gt;&lt;Column Description="colectiveOrderID" MaxRange="1" MinRange="0" Name="colectiveOrderID" SQLDataType="-9" SourceColumn="colectiveOrderID"/&gt;&lt;Column Description="orderCategoryTypeID" MaxRange="1" MinRange="0" Name="orderCategoryTypeID" SQLDataType="4" SourceColumn="orderCategoryTypeID"/&gt;&lt;Column Description="plantID" MaxRange="1" MinRange="0" Name="plantID" SQLDataType="4" SourceColumn="plantID"/&gt;&lt;Column Description="lineID" MaxRange="1" MinRange="0" Name="lineID" SQLDataType="4" SourceColumn="lineID"/&gt;&lt;Column Description="workcenterID" MaxRange="1" MinRange="0" Name="workcenterID" SQLDataType="4" SourceColumn="workcenterID"/&gt;&lt;Column Description="orderSequence" MaxRange="1" MinRange="0" Name="orderSequence" SQLDataType="4" SourceColumn="orderSequence"/&gt;&lt;Column Description="materialID" MaxRange="1" MinRange="0" Name="materialID" SQLDataType="4" SourceColumn="materialID"/&gt;&lt;Column Description="routeID" MaxRange="1" MinRange="0" Name="routeID" SQLDataType="4" SourceColumn="routeID"/&gt;&lt;Column Description="materialRevision" MaxRange="1" MinRange="0" Name="materialRevision" SQLDataType="-9" SourceColumn="materialRevision"/&gt;&lt;Column Description="materialType" MaxRange="1" MinRange="0" Name="materialType" SQLDataType="4" SourceColumn="materialType"/&gt;&lt;Column Description="scheduledStart" MaxRange="1" MinRange="0" Name="scheduledStart" SQLDataType="93" SourceColumn="scheduledStart"/&gt;&lt;Column Description="scheduledFinish" MaxRange="1" MinRange="0" Name="scheduledFinish" SQLDataType="93" SourceColumn="scheduledFinish"/&gt;&lt;Column Description="scheduledQty" MaxRange="1" MinRange="0" Name="scheduledQty" SQLDataType="3" SourceColumn="scheduledQty"/&gt;&lt;Column Description="actualStart" MaxRange="1" MinRange="0" Name="actualStart" SQLDataType="93" SourceColumn="actualStart"/&gt;&lt;Column Description="actualFinish" MaxRange="1" MinRange="0" Name="actualFinish" SQLDataType="93" SourceColumn="actualFinish"/&gt;&lt;Column Description="actualQty" MaxRange="1" MinRange="0" Name="actualQty" SQLDataType="3" SourceColumn="actualQty"/&gt;&lt;Column Description="scrapQty" MaxRange="1" MinRange="0" Name="scrapQty" SQLDataType="3" SourceColumn="scrapQty"/&gt;&lt;Column Description="uom" MaxRange="1" MinRange="0" Name="uom" SQLDataType="4" SourceColumn="uom"/&gt;&lt;Column Description="longText" MaxRange="1" MinRange="0" Name="longText" SQLDataType="-9" SourceColumn="longText"/&gt;&lt;Column Description="orderStatusID" MaxRange="1" MinRange="0" Name="orderStatusID" SQLDataType="4" SourceColumn="orderStatusID"/&gt;&lt;Column Description="orderStatusFLRID" MaxRange="1" MinRange="0" Name="orderStatusFLRID" SQLDataType="4" SourceColumn="orderStatusFLRID"/&gt;&lt;Column Description="ModifiedBy" MaxRange="1" MinRange="0" Name="ModifiedBy" SQLDataType="-9" SourceColumn="ModifiedBy"/&gt;&lt;Column Description="ModifiedOn" MaxRange="1" MinRange="0" Name="ModifiedOn" SQLDataType="93" SourceColumn="ModifiedOn"/&gt;&lt;Column Description="CreatedBy" MaxRange="1" MinRange="0" Name="CreatedBy" SQLDataType="-9" SourceColumn="CreatedBy"/&gt;&lt;Column Description="CreatedOn" MaxRange="1" MinRange="0" Name="CreatedOn" SQLDataType="93" SourceColumn="CreatedOn"/&gt;&lt;Column Description="recordID" MaxRange="1" MinRange="0" Name="recordID" SQLDataType="-5" SourceColumn="recordID"/&gt;&lt;Column Description="ParentID" MaxRange="1" MinRange="0" Name="ParentID" SQLDataType="-5" SourceColumn="ParentID"/&gt;&lt;/Columns&gt;&lt;Row&gt;&lt;orderRecordID&gt;112&lt;/orderRecordID&gt;&lt;orderFirstID&gt;966&lt;/orderFirstID&gt;&lt;orderLastID&gt;000000000589&lt;/orderLastID&gt;&lt;leadingOrderID&gt;---&lt;/leadingOrderID&gt;&lt;colectiveOrderID&gt;---&lt;/colectiveOrderID&gt;&lt;orderCategoryTypeID&gt;NA&lt;/orderCategoryTypeID&gt;&lt;plantID&gt;1&lt;/plantID&gt;&lt;lineID&gt;4&lt;/lineID&gt;&lt;workcenterID&gt;0&lt;/workcenterID&gt;&lt;orderSequence&gt;NA&lt;/orderSequence&gt;&lt;materialID&gt;573&lt;/materialID&gt;&lt;routeID&gt;8&lt;/routeID&gt;&lt;materialRevision&gt;E&lt;/materialRevision&gt;&lt;materialType&gt;NA&lt;/materialType&gt;&lt;scheduledStart&gt;2016-07-01T00:00:00&lt;/scheduledStart&gt;&lt;scheduledFinish&gt;2016-02-29T11:15:00&lt;/scheduledFinish&gt;&lt;scheduledQty&gt;18&lt;/scheduledQty&gt;&lt;actualStart&gt;TimeUnavailable&lt;/actualStart&gt;&lt;actualFinish&gt;TimeUnavailable&lt;/actualFinish&gt;&lt;actualQty&gt;NA&lt;/actualQty&gt;&lt;scrapQty&gt;NA&lt;/scrapQty&gt;&lt;uom&gt;3&lt;/uom&gt;&lt;longText/&gt;&lt;orderStatusID&gt;5&lt;/orderStatusID&gt;&lt;orderStatusFLRID&gt;1&lt;/orderStatusFLRID&gt;&lt;ModifiedBy&gt;MalAm&lt;/ModifiedBy&gt;&lt;ModifiedOn&gt;2016-07-12T09:47:27&lt;/ModifiedOn&gt;&lt;CreatedBy&gt;MalAm&lt;/CreatedBy&gt;&lt;CreatedOn&gt;2016-07-12T09:36:35&lt;/CreatedOn&gt;&lt;recordID&gt;12&lt;/recordID&gt;&lt;ParentID&gt;4&lt;/ParentID&gt;&lt;/Row&gt;&lt;/Rowset&gt;&lt;/Rowsets&gt;</Results><TagList/></Value><SchemaURI/><SchemaElement/><ValidateXMLOnExecution>1</ValidateXMLOnExecution><ReadOnly>false</ReadOnly><AlertXMLAssigned>false</AlertXMLAssigned></ContextItem><ContextItem><Name>Catch_10</Name><Description/><MinRange>0</MinRange><MaxRange>0</MaxRange><Value xsi:type="CatchAction"/><ReadOnly>false</ReadOnly><AlertXMLAssigned>false</AlertXMLAssigned></ContextItem><ContextItem><Name>ShowCatch_10</Name><Description/><MinRange>0</MinRange><MaxRange>0</MaxRange><Value xsi:type="Tracer"><Message/><Level>INFO</Level></Value><ReadOnly>false</ReadOnly><AlertXMLAssigned>false</AlertXMLAssigned></ContextItem><ContextItem><Name>Assign_TRX16_Pass</Name><Description/><MinRange>0</MinRange><MaxRange>0</MaxRange><Value xsi:type="Assignment"/><ReadOnly>false</ReadOnly><AlertXMLAssigned>false</AlertXMLAssigned></ContextItem><ContextItem><Name>Show_PASS</Name><Description/><MinRange>0</MinRange><MaxRange>0</MaxRange><Value xsi:type="Tracer"><Message/><Level>INFO</Level></Value><ReadOnly>false</ReadOnly><AlertXMLAssigned>false</AlertXMLAssigned></ContextItem><ContextItem><Name>Confirmation_Err</Name><Description/><MinRange>0</MinRange><MaxRange>0</MaxRange><Value xsi:type="Tracer"><Message/><Level>INFO</Level></Value><ReadOnly>false</ReadOnly><AlertXMLAssigned>false</AlertXMLAssigned></ContextItem><ContextItem><Name>AssignConfErrStr</Name><Description/><MinRange>0</MinRange><MaxRange>0</MaxRange><Value xsi:type="Assignment"/><ReadOnly>false</ReadOnly><AlertXMLAssigned>false</AlertXMLAssigned></ContextItem><ContextItem><Name>Assign_TRX16_Fail</Name><Description/><MinRange>0</MinRange><MaxRange>0</MaxRange><Value xsi:type="Assignment"/><ReadOnly>false</ReadOnly><AlertXMLAssigned>false</AlertXMLAssigned></ContextItem><ContextItem><Name>Catch_7</Name><Description/><MinRange>0</MinRange><MaxRange>0</MaxRange><Value xsi:type="CatchAction"/><ReadOnly>false</ReadOnly><AlertXMLAssigned>false</AlertXMLAssigned></ContextItem><ContextItem><Name>ShowCatch_7</Name><Description/><MinRange>0</MinRange><MaxRange>0</MaxRange><Value xsi:type="Tracer"><Message/><Level>INFO</Level></Value><ReadOnly>false</ReadOnly><AlertXMLAssigned>false</AlertXMLAssigned></ContextItem><ContextItem><Name>Assig_TRX16_Error</Name><Description/><MinRange>0</MinRange><MaxRange>0</MaxRange><Value xsi:type="Assignment"/><ReadOnly>false</ReadOnly><AlertXMLAssigned>false</AlertXMLAssigned></ContextItem><ContextItem><Name>SN_NotEmpty</Name><Description/><MinRange>0</MinRange><MaxRange>0</MaxRange><Value xsi:type="ConditionalAction"><Output>false</Output><InputCount>1</InputCount><LogicalAnd>false</LogicalAnd><Input1>false</Input1></Value><ReadOnly>false</ReadOnly><AlertXMLAssigned>false</AlertXMLAssigned></ContextItem><ContextItem><Name>SNPatternFound</Name><Description/><MinRange>0</MinRange><MaxRange>0</MaxRange><Value xsi:type="ConditionalAction"><Output>false</Output><InputCount>1</InputCount><LogicalAnd>false</LogicalAnd><Input1>false</Input1></Value><ReadOnly>false</ReadOnly><AlertXMLAssigned>false</AlertXMLAssigned></ContextItem><ContextItem><Name>Assign_SN_woPattern</Name><Description/><MinRange>0</MinRange><MaxRange>0</MaxRange><Value xsi:type="Assignment"/><ReadOnly>false</ReadOnly><AlertXMLAssigned>false</AlertXMLAssigned></ContextItem><ContextItem><Name>Assign_SN_woPattern1</Name><Description/><MinRange>0</MinRange><MaxRange>0</MaxRange><Value xsi:type="Assignment"/><ReadOnly>false</ReadOnly><AlertXMLAssigned>false</AlertXMLAssigned></ContextItem><ContextItem><Name>Exception_Enabler_11</Name><Description/><MinRange>0</MinRange><MaxRange>0</MaxRange><Value xsi:type="ExceptionEnabler"><EnableActionExceptions>true</EnableActionExceptions><EnableLinkExceptions>true</EnableLinkExceptions></Value><ReadOnly>false</ReadOnly><AlertXMLAssigned>false</AlertXMLAssigned></ContextItem><ContextItem><Name>chk_SerialNumberExists</Name><Description/><MinRange>0</MinRange><MaxRange>0</MaxRange><Value xsi:type="IlluminatorSQLQueryObject"><Timeout>60</Timeout><QueryParameters/><QueryTemplate>MESM/PCO_HANDLER/QUERIES/chk_SerialNumberExists</QueryTemplate><QueryStartDate>2016-10-03T16:33:50</QueryStartDate><QueryEndDate>2016-10-03T16:33:50</QueryEndDate><SQLTransaction/><Results><ReferenceDocumentSource/>&lt;?xml version="1.0" encoding="UTF-8"?&gt;&lt;Rowsets CachedTime="" DateCreated="2016-10-07T11:38:49" EndDate="2016-10-07T11:38:49" StartDate="2016-10-07T10:38:49" Version="15.0 SP7 Patch 12 (Sep 7, 2016)"&gt;&lt;Rowset&gt;&lt;Columns&gt;&lt;Column Description="" MaxRange="1" MinRange="0" Name="" SQLDataType="4" SourceColumn=""/&gt;&lt;/Columns&gt;&lt;Row&gt;&lt;col1&gt;1&lt;/col1&gt;&lt;/Row&gt;&lt;/Rowset&gt;&lt;/Rowsets&gt;</Results><TagList/></Value><SchemaURI/><SchemaElement/><ValidateXMLOnExecution>1</ValidateXMLOnExecution><ReadOnly>false</ReadOnly><AlertXMLAssigned>false</AlertXMLAssigned></ContextItem><ContextItem><Name>SerialNumberExists_OK</Name><Description/><MinRange>0</MinRange><MaxRange>0</MaxRange><Value xsi:type="ConditionalAction"><Output>false</Output><InputCount>1</InputCount><LogicalAnd>false</LogicalAnd><Input1>false</Input1></Value><ReadOnly>false</ReadOnly><AlertXMLAssigned>false</AlertXMLAssigned></ContextItem><ContextItem><Name>SeriaNumberExists</Name><Description/><MinRange>0</MinRange><MaxRange>0</MaxRange><Value xsi:type="ConditionalAction"><Output>false</Output><InputCount>1</InputCount><LogicalAnd>false</LogicalAnd><Input1>false</Input1></Value><ReadOnly>false</ReadOnly><AlertXMLAssigned>false</AlertXMLAssigned></ContextItem><ContextItem><Name>SerialNumberExists</Name><Description/><MinRange>0</MinRange><MaxRange>0</MaxRange><Value xsi:type="Tracer"><Message/><Level>INFO</Level></Value><ReadOnly>false</ReadOnly><AlertXMLAssigned>false</AlertXMLAssigned></ContextItem><ContextItem><Name>Exception_Enabler_13</Name><Description/><MinRange>0</MinRange><MaxRange>0</MaxRange><Value xsi:type="ExceptionEnabler"><EnableActionExceptions>true</EnableActionExceptions><EnableLinkExceptions>true</EnableLinkExceptions></Value><ReadOnly>false</ReadOnly><AlertXMLAssigned>false</AlertXMLAssigned></ContextItem><ContextItem><Name>addSerialNumber</Name><Description/><MinRange>0</MinRange><MaxRange>0</MaxRange><Value xsi:type="IlluminatorSQLQueryObject"><Timeout>60</Timeout><QueryParameters/><QueryTemplate>MESM/PCO_HANDLER/QUERIES/addSerialNumber</QueryTemplate><QueryStartDate>2016-09-29T15:06:04</QueryStartDate><QueryEndDate>2016-09-29T15:06:04</QueryEndDate><SQLTransaction/><Results><ReferenceDocumentSource/>&lt;?xml version="1.0" encoding="UTF-8"?&gt;&lt;Rowsets CachedTime="" DateCreated="2016-09-29T20:06:05" EndDate="2016-09-29T20:06:05" StartDate="2016-09-29T19:06:05" Version="15.0 SP7 Patch 12 (07-Sep-2016)"&gt;&lt;Messages&gt;&lt;Message&gt;Command Query Successful&lt;/Message&gt;&lt;/Messages&gt;&lt;/Rowsets&gt;</Results><TagList/></Value><SchemaURI/><SchemaElement/><ValidateXMLOnExecution>1</ValidateXMLOnExecution><ReadOnly>false</ReadOnly><AlertXMLAssigned>false</AlertXMLAssigned></ContextItem><ContextItem><Name>Catch_13</Name><Description/><MinRange>0</MinRange><MaxRange>0</MaxRange><Value xsi:type="CatchAction"/><ReadOnly>false</ReadOnly><AlertXMLAssigned>false</AlertXMLAssigned></ContextItem><ContextItem><Name>ShowCatch_13</Name><Description/><MinRange>0</MinRange><MaxRange>0</MaxRange><Value xsi:type="Tracer"><Message/><Level>INFO</Level></Value><ReadOnly>false</ReadOnly><AlertXMLAssigned>false</AlertXMLAssigned></ContextItem><ContextItem><Name>Catch_11</Name><Description/><MinRange>0</MinRange><MaxRange>0</MaxRange><Value xsi:type="CatchAction"/><ReadOnly>false</ReadOnly><AlertXMLAssigned>false</AlertXMLAssigned></ContextItem><ContextItem><Name>ShowCatch_11</Name><Description/><MinRange>0</MinRange><MaxRange>0</MaxRange><Value xsi:type="Tracer"><Message/><Level>INFO</Level></Value><ReadOnly>false</ReadOnly><AlertXMLAssigned>false</AlertXMLAssigned></ContextItem><ContextItem><Name>chk_PCoNotificationsData_SerNum</Name><Description/><MinRange>0</MinRange><MaxRange>0</MaxRange><Value xsi:type="IlluminatorSQLQueryObject"><Timeout>60</Timeout><QueryParameters/><QueryTemplate>MESM/PCO_HANDLER/QUERIES/chk_PCoNotificationsData</QueryTemplate><QueryStartDate>2016-07-13T09:16:28</QueryStartDate><QueryEndDate>2016-07-13T09:16:28</QueryEndDate><SQLTransaction/><Results><ReferenceDocumentSource/>&lt;?xml version="1.0" encoding="UTF-8"?&gt;&lt;Rowsets CachedTime="" DateCreated="2016-10-04T16:07:37" EndDate="2016-10-04T16:07:37" StartDate="2016-10-04T15:07:37" Version="15.0 SP7 Patch 12 (Sep 7, 2016)"&gt;&lt;Rowset&gt;&lt;Columns&gt;&lt;Column Description="recordID" MaxRange="1" MinRange="0" Name="recordID" SQLDataType="-5" SourceColumn="recordID"/&gt;&lt;Column Description="notifRecordID" MaxRange="1" MinRange="0" Name="notifRecordID" SQLDataType="-5" SourceColumn="notifRecordID"/&gt;&lt;Column Description="notifTagID" MaxRange="1" MinRange="0" Name="notifTagID" SQLDataType="-5" SourceColumn="notifTagID"/&gt;&lt;Column Description="notifTagValue" MaxRange="1" MinRange="0" Name="notifTagValue" SQLDataType="12" SourceColumn="notifTagValue"/&gt;&lt;/Columns&gt;&lt;Row&gt;&lt;recordID&gt;871328&lt;/recordID&gt;&lt;notifRecordID&gt;34664&lt;/notifRecordID&gt;&lt;notifTagID&gt;10&lt;/notifTagID&gt;&lt;notifTagValue&gt;FTW3M160004ik&lt;/notifTagValue&gt;&lt;/Row&gt;&lt;/Rowset&gt;&lt;/Rowsets&gt;</Results><TagList/></Value><SchemaURI/><SchemaElement/><ValidateXMLOnExecution>1</ValidateXMLOnExecution><ReadOnly>false</ReadOnly><AlertXMLAssigned>false</AlertXMLAssigned></ContextItem><ContextItem><Name>getActiveOrder</Name><Description/><MinRange>0</MinRange><MaxRange>0</MaxRange><Value xsi:type="IlluminatorSQLQueryObject"><Timeout>60</Timeout><QueryParameters/><QueryTemplate>MESM/PCO_HANDLER/QUERIES/getActiveOrderSN</QueryTemplate><QueryStartDate>2016-07-05T15:28:13</QueryStartDate><QueryEndDate>2016-07-05T15:28:13</QueryEndDate><SQLTransaction/><Results><ReferenceDocumentSource/>&lt;?xml version="1.0" encoding="UTF-8"?&gt;&lt;Rowsets CachedTime="" DateCreated="2016-10-28T13:09:05" EndDate="2016-10-28T13:09:05" StartDate="2016-10-28T12:09:05" Version="15.0 SP7 Patch 12 (Sep 7, 2016)"&gt;&lt;Rowset&gt;&lt;Columns&gt;&lt;Column Description="orderRecordID" MaxRange="1" MinRange="0" Name="orderRecordID" SQLDataType="-5" SourceColumn="orderRecordID"/&gt;&lt;Column Description="orderFirstID" MaxRange="1" MinRange="0" Name="orderFirstID" SQLDataType="-9" SourceColumn="orderFirstID"/&gt;&lt;Column Description="orderLastID" MaxRange="1" MinRange="0" Name="orderLastID" SQLDataType="-9" SourceColumn="orderLastID"/&gt;&lt;Column Description="leadingOrderID" MaxRange="1" MinRange="0" Name="leadingOrderID" SQLDataType="-9" SourceColumn="leadingOrderID"/&gt;&lt;Column Description="colectiveOrderID" MaxRange="1" MinRange="0" Name="colectiveOrderID" SQLDataType="-9" SourceColumn="colectiveOrderID"/&gt;&lt;Column Description="orderCategoryTypeID" MaxRange="1" MinRange="0" Name="orderCategoryTypeID" SQLDataType="4" SourceColumn="orderCategoryTypeID"/&gt;&lt;Column Description="plantID" MaxRange="1" MinRange="0" Name="plantID" SQLDataType="4" SourceColumn="plantID"/&gt;&lt;Column Description="lineID" MaxRange="1" MinRange="0" Name="lineID" SQLDataType="4" SourceColumn="lineID"/&gt;&lt;Column Description="workcenterID" MaxRange="1" MinRange="0" Name="workcenterID" SQLDataType="4" SourceColumn="workcenterID"/&gt;&lt;Column Description="orderSequence" MaxRange="1" MinRange="0" Name="orderSequence" SQLDataType="4" SourceColumn="orderSequence"/&gt;&lt;Column Description="materialID" MaxRange="1" MinRange="0" Name="materialID" SQLDataType="4" SourceColumn="materialID"/&gt;&lt;Column Description="routeID" MaxRange="1" MinRange="0" Name="routeID" SQLDataType="4" SourceColumn="routeID"/&gt;&lt;Column Description="materialRevision" MaxRange="1" MinRange="0" Name="materialRevision" SQLDataType="-9" SourceColumn="materialRevision"/&gt;&lt;Column Description="materialType" MaxRange="1" MinRange="0" Name="materialType" SQLDataType="4" SourceColumn="materialType"/&gt;&lt;Column Description="scheduledStart" MaxRange="1" MinRange="0" Name="scheduledStart" SQLDataType="93" SourceColumn="scheduledStart"/&gt;&lt;Column Description="scheduledFinish" MaxRange="1" MinRange="0" Name="scheduledFinish" SQLDataType="93" SourceColumn="scheduledFinish"/&gt;&lt;Column Description="scheduledQty" MaxRange="1" MinRange="0" Name="scheduledQty" SQLDataType="3" SourceColumn="scheduledQty"/&gt;&lt;Column Description="actualStart" MaxRange="1" MinRange="0" Name="actualStart" SQLDataType="93" SourceColumn="actualStart"/&gt;&lt;Column Description="actualFinish" MaxRange="1" MinRange="0" Name="actualFinish" SQLDataType="93" SourceColumn="actualFinish"/&gt;&lt;Column Description="actualQty" MaxRange="1" MinRange="0" Name="actualQty" SQLDataType="3" SourceColumn="actualQty"/&gt;&lt;Column Description="scrapQty" MaxRange="1" MinRange="0" Name="scrapQty" SQLDataType="3" SourceColumn="scrapQty"/&gt;&lt;Column Description="uom" MaxRange="1" MinRange="0" Name="uom" SQLDataType="4" SourceColumn="uom"/&gt;&lt;Column Description="longText" MaxRange="1" MinRange="0" Name="longText" SQLDataType="-9" SourceColumn="longText"/&gt;&lt;Column Description="orderStatusID" MaxRange="1" MinRange="0" Name="orderStatusID" SQLDataType="4" SourceColumn="orderStatusID"/&gt;&lt;Column Description="orderStatusFLRID" MaxRange="1" MinRange="0" Name="orderStatusFLRID" SQLDataType="4" SourceColumn="orderStatusFLRID"/&gt;&lt;Column Description="ModifiedBy" MaxRange="1" MinRange="0" Name="ModifiedBy" SQLDataType="-9" SourceColumn="ModifiedBy"/&gt;&lt;Column Description="ModifiedOn" MaxRange="1" MinRange="0" Name="ModifiedOn" SQLDataType="93" SourceColumn="ModifiedOn"/&gt;&lt;Column Description="CreatedBy" MaxRange="1" MinRange="0" Name="CreatedBy" SQLDataType="-9" SourceColumn="CreatedBy"/&gt;&lt;Column Description="CreatedOn" MaxRange="1" MinRange="0" Name="CreatedOn" SQLDataType="93" SourceColumn="CreatedOn"/&gt;&lt;Column Description="recordID" MaxRange="1" MinRange="0" Name="recordID" SQLDataType="-5" SourceColumn="recordID"/&gt;&lt;Column Description="ParentID" MaxRange="1" MinRange="0" Name="ParentID" SQLDataType="-5" SourceColumn="ParentID"/&gt;&lt;Column Description="unitName" MaxRange="1" MinRange="0" Name="unitName" SQLDataType="-9" SourceColumn="unitName"/&gt;&lt;Column Description="materialName" MaxRange="1" MinRange="0" Name="materialName" SQLDataType="-9" SourceColumn="materialName"/&gt;&lt;Column Description="materialDescription" MaxRange="1" MinRange="0" Name="materialDescription" SQLDataType="-9" SourceColumn="materialDescription"/&gt;&lt;/Columns&gt;&lt;Row&gt;&lt;orderRecordID&gt;115&lt;/orderRecordID&gt;&lt;orderFirstID&gt;055&lt;/orderFirstID&gt;&lt;orderLastID&gt;000000055&lt;/orderLastID&gt;&lt;leadingOrderID&gt;---&lt;/leadingOrderID&gt;&lt;colectiveOrderID&gt;---&lt;/colectiveOrderID&gt;&lt;orderCategoryTypeID&gt;NA&lt;/orderCategoryTypeID&gt;&lt;plantID&gt;1&lt;/plantID&gt;&lt;lineID&gt;9&lt;/lineID&gt;&lt;workcenterID&gt;0&lt;/workcenterID&gt;&lt;orderSequence&gt;NA&lt;/orderSequence&gt;&lt;materialID&gt;1266&lt;/materialID&gt;&lt;routeID&gt;9&lt;/routeID&gt;&lt;materialRevision&gt;A&lt;/materialRevision&gt;&lt;materialType&gt;NA&lt;/materialType&gt;&lt;scheduledStart&gt;2016-07-21T00:00:00&lt;/scheduledStart&gt;&lt;scheduledFinish&gt;2016-10-20T11:06:00&lt;/scheduledFinish&gt;&lt;scheduledQty&gt;9999&lt;/scheduledQty&gt;&lt;actualStart&gt;TimeUnavailable&lt;/actualStart&gt;&lt;actualFinish&gt;TimeUnavailable&lt;/actualFinish&gt;&lt;actualQty&gt;203&lt;/actualQty&gt;&lt;scrapQty&gt;412&lt;/scrapQty&gt;&lt;uom&gt;3&lt;/uom&gt;&lt;longText/&gt;&lt;orderStatusID&gt;3&lt;/orderStatusID&gt;&lt;orderStatusFLRID&gt;1&lt;/orderStatusFLRID&gt;&lt;ModifiedBy&gt;RadPa&lt;/ModifiedBy&gt;&lt;ModifiedOn&gt;2016-10-19T11:12:10&lt;/ModifiedOn&gt;&lt;CreatedBy&gt;MalAm&lt;/CreatedBy&gt;&lt;CreatedOn&gt;2016-07-21T10:48:16&lt;/CreatedOn&gt;&lt;recordID&gt;12&lt;/recordID&gt;&lt;ParentID&gt;9&lt;/ParentID&gt;&lt;unitName&gt;CARRIER C3&lt;/unitName&gt;&lt;materialName&gt;2021812 2&lt;/materialName&gt;&lt;materialDescription&gt;CAR ASSY 201371&lt;/materialDescription&gt;&lt;/Row&gt;&lt;/Rowset&gt;&lt;/Rowsets&gt;</Results><TagList/></Value><SchemaURI/><SchemaElement/><ValidateXMLOnExecution>1</ValidateXMLOnExecution><ReadOnly>false</ReadOnly><AlertXMLAssigned>false</AlertXMLAssigned></ContextItem><ContextItem><Name>ActiveOrder_OK</Name><Description/><MinRange>0</MinRange><MaxRange>0</MaxRange><Value xsi:type="ConditionalAction"><Output>false</Output><InputCount>2</InputCount><LogicalAnd>true</LogicalAnd><Input1>false</Input1><Input2>false</Input2></Value><ReadOnly>false</ReadOnly><AlertXMLAssigned>false</AlertXMLAssigned></ContextItem><ContextItem><Name>SerNum_OK</Name><Description/><MinRange>0</MinRange><MaxRange>0</MaxRange><Value xsi:type="ConditionalAction"><Output>false</Output><InputCount>2</InputCount><LogicalAnd>true</LogicalAnd><Input1>false</Input1><Input2>false</Input2></Value><ReadOnly>false</ReadOnly><AlertXMLAssigned>false</AlertXMLAssigned></ContextItem><ContextItem><Name>Assign_SN</Name><Description/><MinRange>0</MinRange><MaxRange>0</MaxRange><Value xsi:type="Assignment"/><ReadOnly>false</ReadOnly><AlertXMLAssigned>false</AlertXMLAssigned></ContextItem><ContextItem><Name>Assign_LV_ActiveOrder</Name><Description/><MinRange>0</MinRange><MaxRange>0</MaxRange><Value xsi:type="Assignment"/><ReadOnly>false</ReadOnly><AlertXMLAssigned>false</AlertXMLAssigned></ContextItem><ContextItem><Name>SerNum_Err</Name><Description/><MinRange>0</MinRange><MaxRange>0</MaxRange><Value xsi:type="Tracer"><Message/><Level>INFO</Level></Value><ReadOnly>false</ReadOnly><AlertXMLAssigned>false</AlertXMLAssigned></ContextItem><ContextItem><Name>AssignToSerNumErrStr</Name><Description/><MinRange>0</MinRange><MaxRange>0</MaxRange><Value xsi:type="Assignment"/><ReadOnly>false</ReadOnly><AlertXMLAssigned>false</AlertXMLAssigned></ContextItem><ContextItem><Name>Assign_TRX16_OrderNotStarted</Name><Description/><MinRange>0</MinRange><MaxRange>0</MaxRange><Value xsi:type="Assignment"/><ReadOnly>false</ReadOnly><AlertXMLAssigned>false</AlertXMLAssigned></ContextItem></Actions><ReaderRoles>SAP_XMII_Super_Administrator,SAP_XMII_Administrator,SAP_XMII_Developer,SAP_XMII_User</ReaderRoles><Steps><Step xsi:type="ActionSequence"><Name>Sequence</Name><Description/><Steps><Step xsi:type="ActionSequence"><Name>Sequence_3</Name><Description/><Steps><Step xsi:type="Conditional"><Name>Sequence_4</Name><Description/><Steps><Step xsi:type="ActionSequence"><Name>Sequence_69</Name><Description/><Steps><Step xsi:type="ActionSequence"><Name>Sequence_0</Name><Description/><Steps><Step xsi:type="Conditional"><Name>Sequence_65</Name><Description/><Steps><Step xsi:type="ActionSequence"><Name>Sequence_2</Name><Description/><Steps/><Actions><Action><Name>Show_LabelInfoYield</Name><Description> </Description><IncomingLinks><Assign xsi:type="Assign"><Name/><Description/><To>Show_LabelInfoYield.Message</To><From>getLabelInfoYield.Results{/Rowsets/Rowset/Row/recordID} &amp; " &gt;&gt; " &amp; getLabelInfoYield.Results{/Rowsets/Rowset/Row/labelName}</From></Assign></IncomingLinks><OutgoingLinks/></Action></Actions></Step></Steps><Actions><Action><Name>LabelInfoYield_OK</Name><Description> </Description><IncomingLinks><Assign xsi:type="Assign"><Name/><Description/><To>LabelInfoYield_OK.Input1</To><From>getLabelInfoYield.Success</From></Assign><Assign xsi:type="Assign"><Name/><Description/><To>LabelInfoYield_OK.Input2</To><From>if(getLabelInfoYield.Results{count(/Rowsets/Rowset/Row)} &gt; 0, 1, 0)</From></Assign></IncomingLinks><OutgoingLinks/></Action></Actions></Step></Steps><Actions><Action><Name>getLabelInfoYield</Name><Description>SQL Query</Description><IncomingLinks><Assign xsi:type="Assign"><Name/><Description/><To>getLabelInfoYield.Param.1</To><From>Transaction.TRX_PCOAGENT</From></Assign><Assign xsi:type="Assign"><Name/><Description/><To>getLabelInfoYield.Param.2</To><From>Local.LABEL_YIELD</From></Assign><Assign xsi:type="Assign"><Name/><Description/><To>getLabelInfoYield.Server</To><From>Transaction.SQL_SERVER</From></Assign></IncomingLinks><OutgoingLinks/></Action></Actions></Step><Step xsi:type="Catch"><Name>Sequence_70</Name><Description/><Steps><Step xsi:type="ActionSequence"><Name>Sequence_71</Name><Description/><Steps/><Actions><Action><Name>ShowCatch_8</Name><Description> </Description><IncomingLinks><Assign xsi:type="Assign"><Name/><Description/><To>ShowCatch_8.Message</To><From>Catch_8.Message</From></Assign></IncomingLinks><OutgoingLinks/></Action></Actions></Step></Steps><Actions><Action><Name>Catch_8</Name><Description>Catches an exception</Description><IncomingLinks/><OutgoingLinks/></Action></Actions></Step></Steps><Actions><Action><Name>Exception_Enabler_8</Name><Description>Enables exceptions.</Description><IncomingLinks/><OutgoingLinks/></Action></Actions></Step><Step xsi:type="ActionSequence"><Name>Sequence_72</Name><Description/><Steps><Step xsi:type="ActionSequence"><Name>Sequence_40</Name><Description/><Steps><Step xsi:type="Conditional"><Name>Sequence_66</Name><Description/><Steps><Step xsi:type="ActionSequence"><Name>Sequence_1</Name><Description/><Steps/><Actions><Action><Name>Show_LabelInfoReject</Name><Description> </Description><IncomingLinks><Assign xsi:type="Assign"><Name/><Description/><To>Show_LabelInfoReject.Message</To><From>getLabelInfoReject.Results{/Rowsets/Rowset/Row/recordID} &amp; " &gt;&gt; " &amp; getLabelInfoReject.Results{/Rowsets/Rowset/Row/labelName}</From></Assign></IncomingLinks><OutgoingLinks/></Action></Actions></Step></Steps><Actions><Action><Name>LabelInfoReject_OK</Name><Description> </Description><IncomingLinks><Assign xsi:type="Assign"><Name/><Description/><To>LabelInfoReject_OK.Input1</To><From>getLabelInfoReject.Success</From></Assign><Assign xsi:type="Assign"><Name/><Description/><To>LabelInfoReject_OK.Input2</To><From>if(getLabelInfoReject.Results{count(/Rowsets/Rowset/Row)} &gt; 0, 1, 0)</From></Assign></IncomingLinks><OutgoingLinks/></Action></Actions></Step></Steps><Actions><Action><Name>getLabelInfoReject</Name><Description>SQL Query</Description><IncomingLinks><Assign xsi:type="Assign"><Name/><Description/><To>getLabelInfoReject.Param.1</To><From>Transaction.TRX_PCOAGENT</From></Assign><Assign xsi:type="Assign"><Name/><Description/><To>getLabelInfoReject.Param.2</To><From>Local.LABEL_REJECT</From></Assign><Assign xsi:type="Assign"><Name/><Description/><To>getLabelInfoReject.Server</To><From>Transaction.SQL_SERVER</From></Assign></IncomingLinks><OutgoingLinks/></Action></Actions></Step><Step xsi:type="Catch"><Name>Sequence_73</Name><Description/><Steps><Step xsi:type="ActionSequence"><Name>Sequence_74</Name><Description/><Steps/><Actions><Action><Name>ShowCatch_9</Name><Description> </Description><IncomingLinks><Assign xsi:type="Assign"><Name/><Description/><To>ShowCatch_9.Message</To><From>Catch_9.Message</From></Assign></IncomingLinks><OutgoingLinks/></Action></Actions></Step></Steps><Actions><Action><Name>Catch_9</Name><Description>Catches an exception</Description><IncomingLinks/><OutgoingLinks/></Action></Actions></Step></Steps><Actions><Action><Name>Exception_Enabler_9</Name><Description>Enables exceptions.</Description><IncomingLinks/><OutgoingLinks/></Action></Actions></Step></Steps><Actions><Action><Name>TransStatusGood</Name><Description> </Description><IncomingLinks><Assign xsi:type="Assign"><Name/><Description/><To>TransStatusGood.Input1</To><From>if(chk_PCoNotificationsData_TransStatus.Results{count(/Rowsets/Rowset/Row)} &gt; 0, 1, 0)</From></Assign><Assign xsi:type="Assign"><Name/><Description/><To>TransStatusGood.Input2</To><From>if(chk_PCoNotificationsData_TransStatus.Results{/Rowsets/Rowset/Row/notifTagValue} == Local.TRANS_STATUS_PASS, 1, 0)</From></Assign></IncomingLinks><OutgoingLinks/></Action></Actions></Step></Steps><Actions><Action><Name>chk_PCoNotificationsData_TransStatus</Name><Description>SQL Query</Description><IncomingLinks><Assign xsi:type="Assign"><Name/><Description/><To>chk_PCoNotificationsData_TransStatus.Param.1</To><From>Transaction.NOTIFRECID</From></Assign><Assign xsi:type="Assign"><Name/><Description/><To>chk_PCoNotificationsData_TransStatus.Param.2</To><From>"TransStatus"</From></Assign><Assign xsi:type="Assign"><Name/><Description/><To>chk_PCoNotificationsData_TransStatus.Param.3</To><From>Transaction.TRX_MEMMAPVER</From></Assign><Assign xsi:type="Assign"><Name/><Description/><To>chk_PCoNotificationsData_TransStatus.Server</To><From>Transaction.SQL_SERVER</From></Assign></IncomingLinks><OutgoingLinks/></Action></Actions></Step><Step xsi:type="ActionSequence"><Name>Sequence_34</Name><Description/><Steps><Step xsi:type="ActionSequence"><Name>Sequence_37</Name><Description/><Steps><Step xsi:type="Conditional"><Name>Sequence_38</Name><Description/><Steps><Step xsi:type="ActionSequence"><Name>Sequence_61</Name><Description/><Steps><Step xsi:type="ActionSequence"><Name>Sequence_33</Name><Description/><Steps><Step xsi:type="ActionSequence"><Name>Sequence_31</Name><Description/><Steps><Step xsi:type="Conditional"><Name>Sequence_58</Name><Description/><Steps><Step xsi:type="ActionSequence"><Name>Sequence_100</Name><Description/><Steps><Step xsi:type="ActionSequence"><Name>Sequence_62</Name><Description/><Steps><Step xsi:type="ActionSequence"><Name>Sequence_29</Name><Description/><Steps><Step xsi:type="ActionSequence"><Name>Sequence_50</Name><Description/><Steps><Step xsi:type="Conditional"><Name>Sequence_59</Name><Description/><Steps><Step xsi:type="ActionSequence"><Name>Sequence_99</Name><Description/><Steps><Step xsi:type="ActionSequence"><Name>Sequence_60</Name><Description/><Steps><Step xsi:type="ActionSequence"><Name>Sequence_24</Name><Description/><Steps><Step xsi:type="ActionSequence"><Name>Sequence_51</Name><Description/><Steps><Step xsi:type="ActionSequence"><Name>Sequence_30</Name><Description/><Steps><Step xsi:type="Conditional"><Name>Sequence_75</Name><Description/><Steps><Step xsi:type="Conditional"><Name>Sequence_32</Name><Description/><Steps><Step xsi:type="ActionSequence"><Name>Sequence_5</Name><Description/><Steps/><Actions><Action><Name>Show_OrderStatusQty</Name><Description> </Description><IncomingLinks><Assign xsi:type="Assign"><Name/><Description/><To>Show_OrderStatusQty.Message</To><From>"totalParts: " &amp; add_OrderConfirmation.Results{/Rowsets/Rowset/Row/totalParts} &amp; ", scheduledQty: " &amp; getActiveOrder.Results{/Rowsets/Rowset/Row/scheduledQty}</From></Assign></IncomingLinks><OutgoingLinks/></Action></Actions></Step><Step xsi:type="ActionSequence"><Name>Sequence_84</Name><Description/><Steps><Step xsi:type="ActionSequence"><Name>Sequence_39</Name><Description/><Steps/><Actions><Action><Name>setActiveOrderStatusCNF</Name><Description>SQL Query</Description><IncomingLinks><Assign xsi:type="Assign"><Name/><Description/><To>setActiveOrderStatusCNF.Param.1</To><From>Transaction.TRX_PCOAGENT</From></Assign><Assign xsi:type="Assign"><Name/><Description/><To>setActiveOrderStatusCNF.Server</To><From>Transaction.SQL_SERVER</From></Assign></IncomingLinks><OutgoingLinks/></Action></Actions></Step><Step xsi:type="Catch"><Name>Sequence_85</Name><Description/><Steps><Step xsi:type="ActionSequence"><Name>Sequence_86</Name><Description/><Steps/><Actions><Action><Name>ShowCatch_10</Name><Description> </Description><IncomingLinks><Assign xsi:type="Assign"><Name/><Description/><To>ShowCatch_10.Message</To><From>Catch_10.Message</From></Assign></IncomingLinks><OutgoingLinks/></Action></Actions></Step></Steps><Actions><Action><Name>Catch_10</Name><Description>Catches an exception</Description><IncomingLinks/><OutgoingLinks/></Action></Actions></Step></Steps><Actions><Action><Name>Exception_Enabler_10</Name><Description>Enables exceptions.</Description><IncomingLinks/><OutgoingLinks/></Action></Actions></Step><Step xsi:type="ActionSequence"><Name>Sequence_46</Name><Description/><Steps><Step xsi:type="ActionSequence"><Name>Sequence_47</Name><Description/><Steps/><Actions><Action><Name>Show_PASS</Name><Description> </Description><IncomingLinks><Assign xsi:type="Assign"><Name/><Description/><To>Show_PASS.Message</To><From>"PASS"</From></Assign></IncomingLinks><OutgoingLinks/></Action></Actions></Step></Steps><Actions><Action><Name>Assign_TRX16_Pass</Name><Description> </Description><IncomingLinks/><OutgoingLinks><Assign xsi:type="Assign"><Name/><Description/><To>Local.TRX_STATUS</To><From>Local.TRANS_STATUS_PASS</From></Assign><Assign xsi:type="Assign"><Name/><Description/><To>Local.TRX_RESPONSE</To><From>"PASS"</From></Assign></OutgoingLinks></Action></Actions></Step></Steps><Actions><Action><Name>CheckOrderStatus</Name><Description> </Description><IncomingLinks><Assign xsi:type="Assign"><Name/><Description/><To>CheckOrderStatus.Input1</To><From>if(number(add_OrderConfirmation.Results{/Rowsets/Rowset/Row/totalParts}) &lt; number(Local.scheduledQty), 1, 0)</From></Assign></IncomingLinks><OutgoingLinks/></Action></Actions></Step><Step xsi:type="ActionSequence"><Name>Sequence_76</Name><Description/><Steps><Step xsi:type="ActionSequence"><Name>Sequence_83</Name><Description/><Steps><Step xsi:type="ActionSequence"><Name>Sequence_103</Name><Description/><Steps/><Actions><Action><Name>Assign_TRX16_Fail</Name><Description> </Description><IncomingLinks/><OutgoingLinks><Assign xsi:type="Assign"><Name/><Description/><To>Local.TRX_STATUS</To><From>Local.TRANS_STATUS_FAIL</From></Assign><Assign xsi:type="Assign"><Name/><Description/><To>Local.TRX_RESPONSE</To><From>"ADD CONFIRMATION FAILED"</From></Assign></OutgoingLinks></Action></Actions></Step></Steps><Actions><Action><Name>AssignConfErrStr</Name><Description> </Description><IncomingLinks/><OutgoingLinks><Assign xsi:type="Assign"><Name/><Description/><To>Local.ERROR_STR</To><From>stringif(stringlength(Local.ERROR_STR)==0, "Add Confirmation Failed", Local.ERROR_STR &amp; "; " &amp; "Add Confirmation Failed")</From></Assign></OutgoingLinks></Action></Actions></Step></Steps><Actions><Action><Name>Confirmation_Err</Name><Description> </Description><IncomingLinks><Assign xsi:type="Assign"><Name/><Description/><To>Confirmation_Err.Message</To><From>"Add Confirmation Failed"</From></Assign></IncomingLinks><OutgoingLinks/></Action></Actions></Step></Steps><Actions><Action><Name>AddConfirmation_OK</Name><Description> </Description><IncomingLinks><Assign xsi:type="Assign"><Name/><Description/><To>AddConfirmation_OK.Input1</To><From>add_OrderConfirmation.Success</From></Assign></IncomingLinks><OutgoingLinks/></Action></Actions></Step></Steps><Actions><Action><Name>add_OrderConfirmation</Name><Description>SQL Query</Description><IncomingLinks><Assign xsi:type="Assign"><Name/><Description/><To>add_OrderConfirmation.Param.1</To><From>Local.orderFirstID &amp; "-" &amp; Local.orderLastID</From></Assign><Assign xsi:type="Assign"><Name/><Description/><To>add_OrderConfirmation.Param.2</To><From>Local.orderRecordID</From></Assign><Assign xsi:type="Assign"><Name/><Description/><To>add_OrderConfirmation.Param.3</To><From>Local.lineID</From></Assign><Assign xsi:type="Assign"><Name/><Description/><To>add_OrderConfirmation.Param.4</To><From>Local.operationID</From></Assign><Assign xsi:type="Assign"><Name/><Description/><To>add_OrderConfirmation.Param.5</To><From>Local.serialNumber</From></Assign><Assign xsi:type="Assign"><Name/><Description/><To>add_OrderConfirmation.Param.6</To><From>Transaction.TRX_ID</From></Assign><Assign xsi:type="Assign"><Name/><Description/><To>add_OrderConfirmation.Param.7</To><From>Transaction.TRX_MEMMAPVER</From></Assign><Assign xsi:type="Assign"><Name/><Description/><To>add_OrderConfirmation.Param.8</To><From>Transaction.NOTIFRECID</From></Assign><Assign xsi:type="Assign"><Name/><Description/><To>add_OrderConfirmation.Server</To><From>Transaction.SQL_SERVER</From></Assign></IncomingLinks><OutgoingLinks/></Action></Actions></Step><Step xsi:type="Catch"><Name>Sequence_52</Name><Description/><Steps><Step xsi:type="ActionSequence"><Name>Sequence_57</Name><Description/><Steps><Step xsi:type="ActionSequence"><Name>Sequence_102</Name><Description/><Steps/><Actions><Action><Name>Assig_TRX16_Error</Name><Description> </Description><IncomingLinks/><OutgoingLinks><Assign xsi:type="Assign"><Name/><Description/><To>Local.TRX_STATUS</To><From>Local.TRANS_STATUS_FAIL</From></Assign><Assign xsi:type="Assign"><Name/><Description/><To>Local.TRX_RESPONSE</To><From>Catch_7.Message</From></Assign></OutgoingLinks></Action></Actions></Step></Steps><Actions><Action><Name>ShowCatch_7</Name><Description> </Description><IncomingLinks><Assign xsi:type="Assign"><Name/><Description/><To>ShowCatch_7.Message</To><From>Catch_7.Message</From></Assign></IncomingLinks><OutgoingLinks/></Action></Actions></Step></Steps><Actions><Action><Name>Catch_7</Name><Description>Catches an exception</Description><IncomingLinks/><OutgoingLinks/></Action></Actions></Step></Steps><Actions><Action><Name>Exception_Enabler_7</Name><Description>Enables exceptions.</Description><IncomingLinks/><OutgoingLinks/></Action></Actions></Step></Steps><Actions><Action><Name>Show_Params_AddConfirmation</Name><Description> </Description><IncomingLinks><Assign xsi:type="Assign"><Name/><Description/><To>Show_Params_AddConfirmation.Message</To><From>"orderFirstID-orderLastID: " &amp; Local.orderFirstID &amp; "-" &amp; Local.orderLastID &amp; " " &amp; "orderRecordID: " &amp; Local.orderRecordID &amp; " " &amp;
"lineID: " &amp; Local.lineID &amp; " " &amp; 
"operationID_SAP: " &amp; Local.operationID &amp; " " &amp;
"Transaction ID: " &amp; Transaction.TRX_ID &amp; " " &amp;
"Transaction Notif Record ID: " &amp; Transaction.NOTIFRECID</From></Assign></IncomingLinks><OutgoingLinks/></Action></Actions></Step><Step xsi:type="Conditional"><Name>Sequence_64</Name><Description/><Steps><Step xsi:type="ActionSequence"><Name>Sequence_63</Name><Description/><Steps><Step xsi:type="Conditional"><Name>Sequence_67</Name><Description/><Steps><Step xsi:type="ActionSequence"><Name>Sequence_68</Name><Description/><Steps/><Actions><Action><Name>Assign_SN_woPattern</Name><Description> </Description><IncomingLinks/><OutgoingLinks><Assign xsi:type="Assign"><Name/><Description/><To>Local.serialNumberwoPattern</To><From>stringleft(Local.serialNumber, stringindexof(Local.serialNumber, "/") - 1)</From></Assign></OutgoingLinks></Action></Actions></Step><Step xsi:type="ActionSequence"><Name>Sequence_78</Name><Description/><Steps/><Actions><Action><Name>Assign_SN_woPattern1</Name><Description> </Description><IncomingLinks/><OutgoingLinks><Assign xsi:type="Assign"><Name/><Description/><To>Local.serialNumberwoPattern</To><From>Local.serialNumber</From></Assign></OutgoingLinks></Action></Actions></Step></Steps><Actions><Action><Name>SNPatternFound</Name><Description> </Description><IncomingLinks><Assign xsi:type="Assign"><Name/><Description/><To>SNPatternFound.Input1</To><From>stringindexof(Local.serialNumber, "/") &gt; 0</From></Assign></IncomingLinks><OutgoingLinks/></Action></Actions></Step><Step xsi:type="ActionSequence"><Name>Sequence_90</Name><Description/><Steps><Step xsi:type="ActionSequence"><Name>Sequence_89</Name><Description/><Steps><Step xsi:type="Conditional"><Name>Sequence_93</Name><Description/><Steps><Step xsi:type="Conditional"><Name>Sequence_94</Name><Description/><Steps><Step xsi:type="ActionSequence"><Name>Sequence_95</Name><Description/><Steps/><Actions><Action><Name>SerialNumberExists</Name><Description> </Description><IncomingLinks><Assign xsi:type="Assign"><Name/><Description/><To>SerialNumberExists.Message</To><From>"Serial Number Exists"</From></Assign></IncomingLinks><OutgoingLinks/></Action></Actions></Step><Step xsi:type="ActionSequence"><Name>Sequence_109</Name><Description/><Steps><Step xsi:type="ActionSequence"><Name>Sequence_96</Name><Description/><Steps/><Actions><Action><Name>addSerialNumber</Name><Description>SQL Query</Description><IncomingLinks><Assign xsi:type="Assign"><Name/><Description/><To>addSerialNumber.Param.1</To><From>Local.materialName</From></Assign><Assign xsi:type="Assign"><Name/><Description/><To>addSerialNumber.Param.2</To><From>stringleft(Local.serialNumberwoPattern, stringlength(Local.serialNumberwoPattern) - 4)</From></Assign><Assign xsi:type="Assign"><Name/><Description/><To>addSerialNumber.Param.3</To><From>stringright(Local.serialNumberwoPattern, 4)</From></Assign><Assign xsi:type="Assign"><Name/><Description/><To>addSerialNumber.Param.4</To><From>Local.serialNumberwoPattern</From></Assign><Assign xsi:type="Assign"><Name/><Description/><To>addSerialNumber.Param.5</To><From>Local.orderFirstID &amp; "-" &amp; Local.orderLastID</From></Assign><Assign xsi:type="Assign"><Name/><Description/><To>addSerialNumber.Server</To><From>Transaction.SQL_SERVER</From></Assign></IncomingLinks><OutgoingLinks/></Action></Actions></Step><Step xsi:type="Catch"><Name>Sequence_110</Name><Description/><Steps><Step xsi:type="ActionSequence"><Name>Sequence_111</Name><Description/><Steps/><Actions><Action><Name>ShowCatch_13</Name><Description> </Description><IncomingLinks><Assign xsi:type="Assign"><Name/><Description/><To>ShowCatch_13.Message</To><From>Catch_13.Message</From></Assign></IncomingLinks><OutgoingLinks/></Action></Actions></Step></Steps><Actions><Action><Name>Catch_13</Name><Description>Catches an exception</Description><IncomingLinks/><OutgoingLinks/></Action></Actions></Step></Steps><Actions><Action><Name>Exception_Enabler_13</Name><Description>Enables exceptions.</Description><IncomingLinks/><OutgoingLinks/></Action></Actions></Step></Steps><Actions><Action><Name>SeriaNumberExists</Name><Description> </Description><IncomingLinks><Assign xsi:type="Assign"><Name/><Description/><To>SeriaNumberExists.Input1</To><From>if(chk_SerialNumberExists.Results{count(/Rowsets/Rowset/Row)} &gt; 0, 1, 0)</From></Assign></IncomingLinks><OutgoingLinks/></Action></Actions></Step></Steps><Actions><Action><Name>SerialNumberExists_OK</Name><Description> </Description><IncomingLinks><Assign xsi:type="Assign"><Name/><Description/><To>SerialNumberExists_OK.Input1</To><From>chk_SerialNumberExists.Success</From></Assign></IncomingLinks><OutgoingLinks/></Action></Actions></Step></Steps><Actions><Action><Name>chk_SerialNumberExists</Name><Description>SQL Query</Description><IncomingLinks><Assign xsi:type="Assign"><Name/><Description/><To>chk_SerialNumberExists.Param.1</To><From>Local.serialNumberwoPattern</From></Assign><Assign xsi:type="Assign"><Name/><Description/><To>chk_SerialNumberExists.Server</To><From>Transaction.SQL_SERVER</From></Assign></IncomingLinks><OutgoingLinks/></Action></Actions></Step><Step xsi:type="Catch"><Name>Sequence_91</Name><Description/><Steps><Step xsi:type="ActionSequence"><Name>Sequence_92</Name><Description/><Steps/><Actions><Action><Name>ShowCatch_11</Name><Description> </Description><IncomingLinks><Assign xsi:type="Assign"><Name/><Description/><To>ShowCatch_11.Message</To><From>Catch_11.Message</From></Assign></IncomingLinks><OutgoingLinks/></Action></Actions></Step></Steps><Actions><Action><Name>Catch_11</Name><Description>Catches an exception</Description><IncomingLinks/><OutgoingLinks/></Action></Actions></Step></Steps><Actions><Action><Name>Exception_Enabler_11</Name><Description>Enables exceptions.</Description><IncomingLinks/><OutgoingLinks/></Action></Actions></Step></Steps><Actions/></Step></Steps><Actions><Action><Name>SN_NotEmpty</Name><Description> </Description><IncomingLinks><Assign xsi:type="Assign"><Name/><Description/><To>SN_NotEmpty.Input1</To><From>if(stringlength(Local.serialNumber) != 0, 1, 0)</From></Assign></IncomingLinks><OutgoingLinks/></Action></Actions></Step></Steps><Actions><Action><Name>Show_SerNum</Name><Description> </Description><IncomingLinks><Assign xsi:type="Assign"><Name/><Description/><To>Show_SerNum.Message</To><From>Local.serialNumber</From></Assign></IncomingLinks><OutgoingLinks/></Action></Actions></Step></Steps><Actions><Action><Name>Assign_LV_ActiveOrder</Name><Description> </Description><IncomingLinks/><OutgoingLinks><Assign xsi:type="Assign"><Name/><Description/><To>Local.orderFirstID</To><From>getActiveOrder.Results{/Rowsets/Rowset/Row/orderFirstID}</From></Assign><Assign xsi:type="Assign"><Name/><Description/><To>Local.orderLastID</To><From>getActiveOrder.Results{/Rowsets/Rowset/Row/orderLastID}</From></Assign><Assign xsi:type="Assign"><Name/><Description/><To>Local.orderRecordID</To><From>getActiveOrder.Results{/Rowsets/Rowset/Row/orderRecordID}</From></Assign><Assign xsi:type="Assign"><Name/><Description/><To>Local.lineID</To><From>getActiveOrder.Results{/Rowsets/Rowset/Row/lineID}</From></Assign><Assign xsi:type="Assign"><Name/><Description/><To>Local.materialName</To><From>getActiveOrder.Results{/Rowsets/Rowset/Row/materialName}</From></Assign><Assign xsi:type="Assign"><Name/><Description/><To>Local.scheduledQty</To><From>if(getActiveOrder.Results{/Rowsets/Rowset/Row/scheduledQty} == "NA", 0, getActiveOrder.Results{/Rowsets/Rowset/Row/scheduledQty})</From></Assign><Assign xsi:type="Assign"><Name/><Description/><To>Local.actualQty</To><From>if(getActiveOrder.Results{/Rowsets/Rowset/Row/actualQty} == "NA", 0, getActiveOrder.Results{/Rowsets/Rowset/Row/actualQty})</From></Assign><Assign xsi:type="Assign"><Name/><Description/><To>Local.scrapQty</To><From>if(getActiveOrder.Results{/Rowsets/Rowset/Row/scrapQty} == "NA", 0, getActiveOrder.Results{/Rowsets/Rowset/Row/scrapQty})</From></Assign></OutgoingLinks></Action></Actions></Step><Step xsi:type="ActionSequence"><Name>Sequence_77</Name><Description/><Steps/><Actions><Action><Name>Assign_TRX16_OrderNotStarted</Name><Description> </Description><IncomingLinks/><OutgoingLinks><Assign xsi:type="Assign"><Name/><Description/><To>Local.TRX_STATUS</To><From>Local.TRANS_STATUS_REC</From></Assign><Assign xsi:type="Assign"><Name/><Description/><To>Local.TRX_RESPONSE</To><From>"Order Not Started"</From></Assign><Assign xsi:type="Assign"><Name/><Description/><To>Local.TRX_JOBORDER</To><From>Local.EMPTY_STRING</From></Assign><Assign xsi:type="Assign"><Name/><Description/><To>Local.TRX_SERNUM</To><From>Local.EMPTY_STRING</From></Assign></OutgoingLinks></Action></Actions></Step></Steps><Actions><Action><Name>ActiveOrder_OK</Name><Description> </Description><IncomingLinks><Assign xsi:type="Assign"><Name/><Description/><To>ActiveOrder_OK.Input1</To><From>getActiveOrder.Success</From></Assign><Assign xsi:type="Assign"><Name/><Description/><To>ActiveOrder_OK.Input2</To><From>if(getActiveOrder.Results{count(/Rowsets/Rowset/Row)} &gt; 0, 1, 0)</From></Assign></IncomingLinks><OutgoingLinks/></Action></Actions></Step></Steps><Actions><Action><Name>getActiveOrder</Name><Description>SQL Query</Description><IncomingLinks><Assign xsi:type="Assign"><Name/><Description/><To>getActiveOrder.Param.1</To><From>Transaction.TRX_PCOAGENT</From></Assign><Assign xsi:type="Assign"><Name/><Description/><To>getActiveOrder.Param.2</To><From>stringif(stringindexof(Local.serialNumber, "/") &gt; 0, stringleft(Local.serialNumber, stringindexof(Local.serialNumber, "/") - 1), Local.serialNumber)</From></Assign><Assign xsi:type="Assign"><Name/><Description/><To>getActiveOrder.Server</To><From>Transaction.SQL_SERVER</From></Assign></IncomingLinks><OutgoingLinks/></Action></Actions></Step><Step xsi:type="Catch"><Name>Sequence_43</Name><Description/><Steps><Step xsi:type="ActionSequence"><Name>Sequence_44</Name><Description/><Steps/><Actions><Action><Name>ShowCatch_3</Name><Description> </Description><IncomingLinks><Assign xsi:type="Assign"><Name/><Description/><To>ShowCatch_3.Message</To><From>Catch_3.Message</From></Assign></IncomingLinks><OutgoingLinks/></Action></Actions></Step></Steps><Actions><Action><Name>Catch_3</Name><Description>Catches an exception</Description><IncomingLinks/><OutgoingLinks/></Action></Actions></Step></Steps><Actions><Action><Name>Exception_Enabler_3</Name><Description>Enables exceptions.</Description><IncomingLinks/><OutgoingLinks/></Action></Actions></Step></Steps><Actions><Action><Name>Show_Routing</Name><Description> </Description><IncomingLinks><Assign xsi:type="Assign"><Name/><Description/><To>Show_Routing.Message</To><From>Local.operationID</From></Assign></IncomingLinks><OutgoingLinks/></Action></Actions></Step></Steps><Actions><Action><Name>Assign_OP</Name><Description> </Description><IncomingLinks/><OutgoingLinks><Assign xsi:type="Assign"><Name/><Description/><To>Local.operationID</To><From>getMatrixRouting.Results{/Rowsets/Rowset/Row/operationID_SAP}</From></Assign></OutgoingLinks></Action></Actions></Step><Step xsi:type="ActionSequence"><Name>Sequence_79</Name><Description/><Steps><Step xsi:type="ActionSequence"><Name>Sequence_81</Name><Description/><Steps/><Actions><Action><Name>AssignToRoutingErrStr</Name><Description> </Description><IncomingLinks/><OutgoingLinks><Assign xsi:type="Assign"><Name/><Description/><To>Local.ERROR_STR</To><From>stringif(stringlength(Local.ERROR_STR)==0, "Rounting Missing/Operation not set", Local.ERROR_STR &amp; "; " &amp; "Rounting Missing/Operation not set")</From></Assign></OutgoingLinks></Action></Actions></Step></Steps><Actions><Action><Name>Routing_Err</Name><Description> </Description><IncomingLinks><Assign xsi:type="Assign"><Name/><Description/><To>Routing_Err.Message</To><From>"Rounting Missing/Operation not set"</From></Assign></IncomingLinks><OutgoingLinks/></Action></Actions></Step></Steps><Actions><Action><Name>Routing_OK</Name><Description> </Description><IncomingLinks><Assign xsi:type="Assign"><Name/><Description/><To>Routing_OK.Input1</To><From>getMatrixRouting.Success</From></Assign><Assign xsi:type="Assign"><Name/><Description/><To>Routing_OK.Input2</To><From>if(getMatrixRouting.Results{count(/Rowsets/Rowset/Row)} &gt; 0, 1, 0)</From></Assign></IncomingLinks><OutgoingLinks/></Action></Actions></Step></Steps><Actions><Action><Name>getMatrixRouting</Name><Description>SQL Query</Description><IncomingLinks><Assign xsi:type="Assign"><Name/><Description/><To>getMatrixRouting.Param.1</To><From>Transaction.TRX_ID</From></Assign><Assign xsi:type="Assign"><Name/><Description/><To>getMatrixRouting.Param.2</To><From>Transaction.TRX_PCOAGENT</From></Assign><Assign xsi:type="Assign"><Name/><Description/><To>getMatrixRouting.Server</To><From>Transaction.SQL_SERVER</From></Assign></IncomingLinks><OutgoingLinks/></Action></Actions></Step><Step xsi:type="Catch"><Name>Sequence_48</Name><Description/><Steps><Step xsi:type="ActionSequence"><Name>Sequence_49</Name><Description/><Steps/><Actions><Action><Name>ShowCatch_6</Name><Description> </Description><IncomingLinks><Assign xsi:type="Assign"><Name/><Description/><To>ShowCatch_6.Message</To><From>Catch_6.Message</From></Assign></IncomingLinks><OutgoingLinks/></Action></Actions></Step></Steps><Actions><Action><Name>Catch_6</Name><Description>Catches an exception</Description><IncomingLinks/><OutgoingLinks/></Action></Actions></Step></Steps><Actions><Action><Name>Exception_Enabler_6</Name><Description>Enables exceptions.</Description><IncomingLinks/><OutgoingLinks/></Action></Actions></Step></Steps><Actions><Action><Name>Assign_SN</Name><Description> </Description><IncomingLinks/><OutgoingLinks><Assign xsi:type="Assign"><Name/><Description/><To>Local.serialNumber</To><From>chk_PCoNotificationsData_SerNum.Results{/Rowsets/Rowset/Row/notifTagValue}</From></Assign></OutgoingLinks></Action></Actions></Step><Step xsi:type="ActionSequence"><Name>Sequence_82</Name><Description/><Steps><Step xsi:type="ActionSequence"><Name>Sequence_80</Name><Description/><Steps/><Actions><Action><Name>AssignToSerNumErrStr</Name><Description> </Description><IncomingLinks/><OutgoingLinks><Assign xsi:type="Assign"><Name/><Description/><To>Local.ERROR_STR</To><From>stringif(stringlength(Local.ERROR_STR)==0, "Serial Number Missing", Local.ERROR_STR &amp; "; " &amp; "Serial Number Missing")</From></Assign></OutgoingLinks></Action></Actions></Step></Steps><Actions><Action><Name>SerNum_Err</Name><Description> </Description><IncomingLinks><Assign xsi:type="Assign"><Name/><Description/><To>SerNum_Err.Message</To><From>"Serial Number Missing"</From></Assign></IncomingLinks><OutgoingLinks/></Action></Actions></Step></Steps><Actions><Action><Name>SerNum_OK</Name><Description> </Description><IncomingLinks><Assign xsi:type="Assign"><Name/><Description/><To>SerNum_OK.Input1</To><From>chk_PCoNotificationsData_SerNum.Success</From></Assign><Assign xsi:type="Assign"><Name/><Description/><To>SerNum_OK.Input2</To><From>if(chk_PCoNotificationsData_SerNum.Results{count(/Rowsets/Rowset/Row)} &gt; 0, 1, 0)</From></Assign></IncomingLinks><OutgoingLinks/></Action></Actions></Step></Steps><Actions><Action><Name>chk_PCoNotificationsData_SerNum</Name><Description>SQL Query</Description><IncomingLinks><Assign xsi:type="Assign"><Name/><Description/><To>chk_PCoNotificationsData_SerNum.Param.1</To><From>Transaction.NOTIFRECID</From></Assign><Assign xsi:type="Assign"><Name/><Description/><To>chk_PCoNotificationsData_SerNum.Param.2</To><From>"SerNum"</From></Assign><Assign xsi:type="Assign"><Name/><Description/><To>chk_PCoNotificationsData_SerNum.Param.3</To><From>Transaction.TRX_MEMMAPVER</From></Assign><Assign xsi:type="Assign"><Name/><Description/><To>chk_PCoNotificationsData_SerNum.Server</To><From>Transaction.SQL_SERVER</From></Assign></IncomingLinks><OutgoingLinks/></Action></Actions></Step><Step xsi:type="Catch"><Name>Sequence_35</Name><Description/><Steps><Step xsi:type="ActionSequence"><Name>Sequence_36</Name><Description/><Steps/><Actions><Action><Name>ShowCatch_4</Name><Description> </Description><IncomingLinks><Assign xsi:type="Assign"><Name/><Description/><To>ShowCatch_4.Message</To><From>Catch_4.Message</From></Assign></IncomingLinks><OutgoingLinks/></Action></Actions></Step></Steps><Actions><Action><Name>Catch_4</Name><Description>Catches an exception</Description><IncomingLinks/><OutgoingLinks/></Action></Actions></Step></Steps><Actions><Action><Name>Exception_Enabler_4</Name><Description>Enables exceptions.</Description><IncomingLinks/><OutgoingLinks/></Action></Actions></Step><Step xsi:type="ActionSequence"><Name>Sequence_6</Name><Description/><Steps><Step xsi:type="ActionSequence"><Name>Sequence_7</Name><Description/><Steps><Step xsi:type="ActionSequence"><Name>Sequence_8</Name><Description/><Steps><Step xsi:type="ActionSequence"><Name>Sequence_11</Name><Description/><Steps><Step xsi:type="ActionSequence"><Name>Sequence_12</Name><Description/><Steps><Step xsi:type="ActionSequence"><Name>Sequence_106</Name><Description/><Steps><Step xsi:type="ActionSequence"><Name>Sequence_112</Name><Description/><Steps><Step xsi:type="ActionSequence"><Name>Sequence_13</Name><Description/><Steps><Step xsi:type="Repeater"><Name>Sequence_14</Name><Description/><Steps><Step xsi:type="ActionSequence"><Name>Sequence_15</Name><Description/><Steps><Step xsi:type="Conditional"><Name>Sequence_17</Name><Description/><Steps><Step xsi:type="ActionSequence"><Name>Sequence_18</Name><Description/><Steps/><Actions><Action><Name>ShowTagWriteOK</Name><Description> </Description><IncomingLinks><Assign xsi:type="Assign"><Name/><Description/><To>ShowTagWriteOK.Message</To><From>RepeatOnTag.Output{/Message}</From></Assign></IncomingLinks><OutgoingLinks/></Action></Actions></Step><Step xsi:type="ActionSequence"><Name>Sequence_19</Name><Description/><Steps/><Actions><Action><Name>AssignToErrStr</Name><Description> </Description><IncomingLinks/><OutgoingLinks><Assign xsi:type="Assign"><Name/><Description/><To>Local.ERROR_STR</To><From>stringif(stringlength(Local.ERROR_STR)==0, RepeatOnTag.Output{/Message}, Local.ERROR_STR &amp; "; " &amp; RepeatOnTag.Output{/Message})</From></Assign></OutgoingLinks></Action></Actions></Step></Steps><Actions><Action><Name>IfSuccess</Name><Description> </Description><IncomingLinks><Assign xsi:type="Assign"><Name/><Description/><To>IfSuccess.Input1</To><From>stringindexof(RepeatOnTag.Output{/Message}, "Operation successful") &gt; 0</From></Assign></IncomingLinks><OutgoingLinks/></Action></Actions></Step></Steps><Actions><Action><Name>ShowTagMSG</Name><Description> </Description><IncomingLinks><Assign xsi:type="Assign"><Name/><Description/><To>ShowTagMSG.Message</To><From>RepeatOnTag.Output{/Message}</From></Assign></IncomingLinks><OutgoingLinks/></Action></Actions></Step><Step xsi:type="ActionSequence"><Name>Sequence_16</Name><Description/><Steps/><Actions><Action><Name>ShowERROR_STR</Name><Description> </Description><IncomingLinks><Assign xsi:type="Assign"><Name/><Description/><To>ShowERROR_STR.Message</To><From>Local.ERROR_STR</From></Assign></IncomingLinks><OutgoingLinks/></Action></Actions></Step></Steps><Actions><Action><Name>RepeatOnTag</Name><Description> </Description><IncomingLinks/><OutgoingLinks/></Action></Actions></Step></Steps><Actions><Action><Name>ShowPCO_RESULT</Name><Description> </Description><IncomingLinks><Assign xsi:type="Assign"><Name/><Description/><To>ShowPCO_RESULT.Message</To><From>Local.PCO_RESULT</From></Assign></IncomingLinks><OutgoingLinks/></Action></Actions></Step></Steps><Actions><Action><Name>PCoWriteTrxDataTransCtr</Name><Description>PCo Query</Description><IncomingLinks><Assign xsi:type="Assign"><Name/><Description/><To>PCoWriteTrxDataTransCtr.Server</To><From>Transaction.TRX_PCOAGENT</From></Assign><Assign xsi:type="Assign"><Name/><Description/><To>PCoWriteTrxDataTransCtr.SelectedTags</To><From>stringtrim(Transaction.TRX_PCOAGENT &amp; "/" &amp; Transaction.TRX_PLCNAME &amp; "/" &amp; "TReceive/TransCtr")</From></Assign><Assign xsi:type="Assign"><Name/><Description/><To>PCoWriteTrxDataTransCtr.SelectedTagsValue</To><From>stringtrim(number(Transaction.TRX_TRXCTR))</From></Assign><Assign xsi:type="Assign"><Name/><Description/><To>PCoWriteTrxDataTransCtr.TagValueEncoded</To><From>false</From></Assign></IncomingLinks><OutgoingLinks><Assign xsi:type="Assign"><Name/><Description/><To>Local.PCO_RESULT</To><From>PCoWriteTrxDataTransCtr.Results</From></Assign></OutgoingLinks></Action></Actions></Step></Steps><Actions><Action><Name>Pause_500ms</Name><Description> </Description><IncomingLinks/><OutgoingLinks/></Action></Actions></Step></Steps><Actions><Action><Name>PCoWriteTrxData</Name><Description>PCo Query</Description><IncomingLinks><Assign xsi:type="Assign"><Name/><Description/><To>PCoWriteTrxData.Server</To><From>Transaction.TRX_PCOAGENT</From></Assign><Assign xsi:type="Assign"><Name/><Description/><To>PCoWriteTrxData.SelectedTags</To><From>stringtrim(Local.strTagName)</From></Assign><Assign xsi:type="Assign"><Name/><Description/><To>PCoWriteTrxData.SelectedTagsValue</To><From>stringtrim(Local.strTagValue)</From></Assign><Assign xsi:type="Assign"><Name/><Description/><To>PCoWriteTrxData.TagValueEncoded</To><From>false</From></Assign></IncomingLinks><OutgoingLinks><Assign xsi:type="Assign"><Name/><Description/><To>Local.PCO_RESULT</To><From>PCoWriteTrxData.Results</From></Assign></OutgoingLinks></Action></Actions></Step></Steps><Actions><Action><Name>ShowTagListValue</Name><Description> </Description><IncomingLinks><Assign xsi:type="Assign"><Name/><Description/><To>ShowTagListValue.Message</To><From>"TagsName: " &amp; Local.strTagName &amp; ", TagsValue: " &amp; Local.strTagValue</From></Assign></IncomingLinks><OutgoingLinks/></Action></Actions></Step></Steps><Actions><Action><Name>AssignTagList</Name><Description> </Description><IncomingLinks/><OutgoingLinks><Assign xsi:type="Assign"><Name/><Description/><To>Local.strTagName</To><From>Transaction.TRX_PCOAGENT &amp; "/" &amp; Transaction.TRX_PLCNAME &amp; "/" &amp; "TReceive/TransType," &amp;
Transaction.TRX_PCOAGENT &amp; "/" &amp; Transaction.TRX_PLCNAME &amp; "/" &amp; "TReceive/TransStatus," &amp;
Transaction.TRX_PCOAGENT &amp; "/" &amp; Transaction.TRX_PLCNAME &amp; "/" &amp; "TReceive/TransResponse/DATA"</From></Assign><Assign xsi:type="Assign"><Name/><Description/><To>Local.strTagValue</To><From>number(Transaction.TRX_TYPE) &amp; "," &amp; number(Local.TRX_STATUS) &amp; "," &amp; stringpart(Local.TRX_RESPONSE, 1, if(stringlength(Local.TRX_RESPONSE) &gt; 200, 200, stringlength(Local.TRX_RESPONSE)))</From></Assign></OutgoingLinks></Action></Actions></Step><Step xsi:type="Catch"><Name>Sequence_9</Name><Description/><Steps><Step xsi:type="ActionSequence"><Name>Sequence_10</Name><Description/><Steps/><Actions><Action><Name>ShowCatch_0</Name><Description> </Description><IncomingLinks><Assign xsi:type="Assign"><Name/><Description/><To>ShowCatch_0.Message</To><From>Catch_0.Message</From></Assign></IncomingLinks><OutgoingLinks/></Action></Actions></Step></Steps><Actions><Action><Name>Catch_0</Name><Description>Catches an exception</Description><IncomingLinks/><OutgoingLinks/></Action></Actions></Step></Steps><Actions><Action><Name>Exception_Enabler_0</Name><Description>Enables exceptions.</Description><IncomingLinks/><OutgoingLinks/></Action></Actions></Step></Steps><Actions><Action><Name>Show_Params_PCoWriteTxtData</Name><Description> </Description><IncomingLinks><Assign xsi:type="Assign"><Name/><Description/><To>Show_Params_PCoWriteTxtData.Message</To><From>Transaction.TRX_TRXCTR &amp; "," &amp; Transaction.TRX_TYPE &amp; "," &amp; Local.TRX_STATUS &amp; "," &amp; Local.TRX_RESPONSE</From></Assign></IncomingLinks><OutgoingLinks/></Action></Actions></Step><Step xsi:type="ActionSequence"><Name>Sequence_20</Name><Description/><Steps><Step xsi:type="Conditional"><Name>Sequence_21</Name><Description/><Steps><Step xsi:type="ActionSequence"><Name>Sequence_22</Name><Description/><Steps><Step xsi:type="ActionSequence"><Name>Sequence_23</Name><Description/><Steps/><Actions><Action><Name>upd_PCoNotificationsStatusSubmitted</Name><Description>SQL Query</Description><IncomingLinks><Assign xsi:type="Assign"><Name/><Description/><To>upd_PCoNotificationsStatusSubmitted.Param.1</To><From>Transaction.NOTIFRECID</From></Assign><Assign xsi:type="Assign"><Name/><Description/><To>upd_PCoNotificationsStatusSubmitted.Param.2</To><From>"System"</From></Assign><Assign xsi:type="Assign"><Name/><Description/><To>upd_PCoNotificationsStatusSubmitted.Server</To><From>Transaction.SQL_SERVER</From></Assign></IncomingLinks><OutgoingLinks/></Action></Actions></Step><Step xsi:type="Catch"><Name>Sequence_41</Name><Description/><Steps><Step xsi:type="ActionSequence"><Name>Sequence_42</Name><Description/><Steps/><Actions><Action><Name>ShowCatch_1</Name><Description> </Description><IncomingLinks><Assign xsi:type="Assign"><Name/><Description/><To>ShowCatch_1.Message</To><From>Catch_1.Message</From></Assign></IncomingLinks><OutgoingLinks/></Action></Actions></Step></Steps><Actions><Action><Name>Catch_1</Name><Description>Catches an exception</Description><IncomingLinks/><OutgoingLinks/></Action></Actions></Step></Steps><Actions><Action><Name>Exception_Enabler_1</Name><Description>Enables exceptions.</Description><IncomingLinks/><OutgoingLinks/></Action></Actions></Step><Step xsi:type="ActionSequence"><Name>Sequence_25</Name><Description/><Steps><Step xsi:type="ActionSequence"><Name>Sequence_26</Name><Description/><Steps/><Actions><Action><Name>upd_PCoNotificationsStatusError</Name><Description>SQL Query</Description><IncomingLinks><Assign xsi:type="Assign"><Name/><Description/><To>upd_PCoNotificationsStatusError.Param.1</To><From>Transaction.NOTIFRECID</From></Assign><Assign xsi:type="Assign"><Name/><Description/><To>upd_PCoNotificationsStatusError.Param.2</To><From>stringreplace(Local.ERROR_STR, "'", "''")</From></Assign><Assign xsi:type="Assign"><Name/><Description/><To>upd_PCoNotificationsStatusError.Param.3</To><From>"System"</From></Assign><Assign xsi:type="Assign"><Name/><Description/><To>upd_PCoNotificationsStatusError.Server</To><From>Transaction.SQL_SERVER</From></Assign></IncomingLinks><OutgoingLinks/></Action></Actions></Step><Step xsi:type="Catch"><Name>Sequence_53</Name><Description/><Steps><Step xsi:type="ActionSequence"><Name>Sequence_54</Name><Description/><Steps/><Actions><Action><Name>ShowCatch_2</Name><Description> </Description><IncomingLinks><Assign xsi:type="Assign"><Name/><Description/><To>ShowCatch_2.Message</To><From>Catch_2.Message</From></Assign></IncomingLinks><OutgoingLinks/></Action></Actions></Step></Steps><Actions><Action><Name>Catch_2</Name><Description>Catches an exception</Description><IncomingLinks/><OutgoingLinks/></Action></Actions></Step></Steps><Actions><Action><Name>Exception_Enabler_2</Name><Description>Enables exceptions.</Description><IncomingLinks/><OutgoingLinks/></Action></Actions></Step></Steps><Actions><Action><Name>NoErrors</Name><Description> </Description><IncomingLinks><Assign xsi:type="Assign"><Name/><Description/><To>NoErrors.Input1</To><From>stringlength(Local.ERROR_STR)==0</From></Assign></IncomingLinks><OutgoingLinks/></Action></Actions></Step></Steps><Actions><Action><Name>ShowErrMsg</Name><Description> </Description><IncomingLinks><Assign xsi:type="Assign"><Name/><Description/><To>ShowErrMsg.Message</To><From>Local.ERROR_STR</From></Assign></IncomingLinks><OutgoingLinks/></Action></Actions></Step><Step xsi:type="ActionSequence"><Name>Sequence_45</Name><Description/><Steps><Step xsi:type="ActionSequence"><Name>Sequence_28</Name><Description/><Steps/><Actions><Action><Name>upd_PCoNotificationsData_SIXTEEN</Name><Description>SQL Query</Description><IncomingLinks><Assign xsi:type="Assign"><Name/><Description/><To>upd_PCoNotificationsData_SIXTEEN.Param.1</To><From>Transaction.NOTIFRECID</From></Assign><Assign xsi:type="Assign"><Name/><Description/><To>upd_PCoNotificationsData_SIXTEEN.Param.2</To><From>Transaction.TRX_TRXCTR</From></Assign><Assign xsi:type="Assign"><Name/><Description/><To>upd_PCoNotificationsData_SIXTEEN.Param.3</To><From>Transaction.TRX_TYPE</From></Assign><Assign xsi:type="Assign"><Name/><Description/><To>upd_PCoNotificationsData_SIXTEEN.Param.4</To><From>Local.TRX_STATUS</From></Assign><Assign xsi:type="Assign"><Name/><Description/><To>upd_PCoNotificationsData_SIXTEEN.Param.5</To><From>Local.TRX_RESPONSE</From></Assign><Assign xsi:type="Assign"><Name/><Description/><To>upd_PCoNotificationsData_SIXTEEN.Server</To><From>Transaction.SQL_SERVER</From></Assign></IncomingLinks><OutgoingLinks/></Action></Actions></Step><Step xsi:type="Catch"><Name>Sequence_55</Name><Description/><Steps><Step xsi:type="ActionSequence"><Name>Sequence_56</Name><Description/><Steps/><Actions><Action><Name>ShowCatch_5</Name><Description> </Description><IncomingLinks><Assign xsi:type="Assign"><Name/><Description/><To>ShowCatch_5.Message</To><From>Catch_5.Message</From></Assign></IncomingLinks><OutgoingLinks/></Action></Actions></Step></Steps><Actions><Action><Name>Catch_5</Name><Description>Catches an exception</Description><IncomingLinks/><OutgoingLinks/></Action></Actions></Step></Steps><Actions><Action><Name>Exception_Enabler_5</Name><Description>Enables exceptions.</Description><IncomingLinks/><OutgoingLinks/></Action></Actions></Step></Steps><Actions><Action><Name>ShowParam</Name><Description> </Description><IncomingLinks><Assign xsi:type="Assign"><Name/><Description/><To>ShowParam.Message</To><From>" &gt;&gt; Equipment: " &amp; Transaction.TRX_PCOAGENT &amp; "/" &amp; Transaction.TRX_PLCNAME &amp; " -- TrxType: " &amp; Transaction.TRX_TYPE &amp; " -- TrxCtr: " &amp; Transaction.TRX_TRXCTR &amp; " -- TrxID: " &amp; Transaction.TRX_ID &amp; " -- NotifRecID: " &amp; Transaction.NOTIFRECID</From></Assign></IncomingLinks><OutgoingLinks/></Action></Actions></Step></Steps></Transaction>