<?xml version="1.0" encoding="UTF-8"?><Transaction xmlns:xsd="http://www.w3.org/2001/XMLSchema" xmlns:xsi="http://www.w3.org/2001/XMLSchema-instance" Version="15.0.4.11"><TransactionAttributes><ContextItem><Name>Description</Name><Description>Transaction Description</Description><MinRange>0</MinRange><MaxRange>0</MaxRange><Value xsi:type="xsd:string"/><ReadOnly>true</ReadOnly><AlertXMLAssigned>false</AlertXMLAssigned></ContextItem><ContextItem><Name>Comments</Name><Description>User Comments</Description><MinRange>0</MinRange><MaxRange>0</MaxRange><Value xsi:type="xsd:string"/><ReadOnly>true</ReadOnly><AlertXMLAssigned>false</AlertXMLAssigned></ContextItem><ContextItem><Name>CreatedBy</Name><Description>Created By</Description><MinRange>0</MinRange><MaxRange>0</MaxRange><Value xsi:type="xsd:string">ChiCa</Value><ReadOnly>true</ReadOnly><AlertXMLAssigned>false</AlertXMLAssigned></ContextItem><ContextItem><Name>CreationDate</Name><Description>Creation Date</Description><MinRange>0</MinRange><MaxRange>0</MaxRange><Value xsi:type="xsd:dateTime">2016-11-03T14:44:24</Value><ReadOnly>true</ReadOnly><AlertXMLAssigned>false</AlertXMLAssigned></ContextItem><ContextItem><Name>Category</Name><Description>Transaction Category</Description><MinRange>0</MinRange><MaxRange>0</MaxRange><Value xsi:type="xsd:string"/><ReadOnly>true</ReadOnly><AlertXMLAssigned>false</AlertXMLAssigned></ContextItem><ContextItem><Name>Status</Name><Description>Deployment Status</Description><MinRange>0</MinRange><MaxRange>0</MaxRange><Value xsi:type="xsd:string">DEVELOPMENT</Value><ReadOnly>true</ReadOnly><AlertXMLAssigned>false</AlertXMLAssigned></ContextItem><ContextItem><Name>LegacyProcessingMode</Name><Description>Support the pre MII 12.1 Transaction Engine.</Description><MinRange>0</MinRange><MaxRange>0</MaxRange><Value xsi:type="xsd:boolean">false</Value><ReadOnly>true</ReadOnly><AlertXMLAssigned>false</AlertXMLAssigned></ContextItem><ContextItem><Name>AutoAppendBlankNamespaces</Name><Description>AutoAppendBlankNamespaces</Description><MinRange>0</MinRange><MaxRange>0</MaxRange><Value xsi:type="xsd:boolean">true</Value><ReadOnly>true</ReadOnly><AlertXMLAssigned>false</AlertXMLAssigned></ContextItem><ContextItem><Name>ThrowOnLinkError</Name><Description>Throws an exception when a link error occures</Description><MinRange>0</MinRange><MaxRange>0</MaxRange><Value xsi:type="xsd:boolean">false</Value><ReadOnly>true</ReadOnly><AlertXMLAssigned>false</AlertXMLAssigned></ContextItem><ContextItem><Name>ThrowOnActionError</Name><Description>Throws an exception when an action error occurs</Description><MinRange>0</MinRange><MaxRange>0</MaxRange><Value xsi:type="xsd:boolean">true</Value><ReadOnly>true</ReadOnly><AlertXMLAssigned>false</AlertXMLAssigned></ContextItem><ContextItem><Name>FormatXMLOnConversion</Name><Description>By default XML will be formatted when assigned from XML data type to String data type. This behaviour can be changed with this flag.</Description><MinRange>0</MinRange><MaxRange>0</MaxRange><Value xsi:type="xsd:boolean">true</Value><ReadOnly>true</ReadOnly><AlertXMLAssigned>false</AlertXMLAssigned></ContextItem><ContextItem><Name>LastEditedBy</Name><Description>Last Edited By</Description><MinRange>0</MinRange><MaxRange>0</MaxRange><Value xsi:type="xsd:string">ChiCa</Value><ReadOnly>true</ReadOnly><AlertXMLAssigned>false</AlertXMLAssigned></ContextItem><ContextItem><Name>LastEditedDate</Name><Description>Last Edited Date</Description><MinRange>0</MinRange><MaxRange>0</MaxRange><Value xsi:type="xsd:dateTime">2016-11-03T15:18:56</Value><ReadOnly>true</ReadOnly><AlertXMLAssigned>false</AlertXMLAssigned></ContextItem></TransactionAttributes><Name>MESM/PCO_HANDLER/TRANSACTIONS/TESTPCO</Name><Version>19</Version><WriterRoles>SAP_XMII_Super_Administrator,SAP_XMII_Administrator,SAP_XMII_Developer</WriterRoles><Context/><Local/><Layout><GUILayoutItem><Name>Sequence</Name><X>8</X><Y>8</Y><Width>120</Width><SpacingWidth>120</SpacingWidth><DescendantWidth>120</DescendantWidth><Height>96</Height></GUILayoutItem><GUILayoutItem><Name>PCoHandlerQuery</Name><X>16</X><Y>24</Y><Width>104</Width><SpacingWidth>0</SpacingWidth><DescendantWidth>0</DescendantWidth><Height>72</Height></GUILayoutItem><GUILayoutItem><Name>Sequence_0</Name><X>8</X><Y>144</Y><Width>120</Width><SpacingWidth>120</SpacingWidth><DescendantWidth>0</DescendantWidth><Height>96</Height></GUILayoutItem><GUILayoutItem><Name>ShowPCoResult_0</Name><X>16</X><Y>160</Y><Width>104</Width><SpacingWidth>0</SpacingWidth><DescendantWidth>0</DescendantWidth><Height>72</Height></GUILayoutItem></Layout><Actions><ContextItem><Name>PCoHandlerQuery</Name><Description/><MinRange>0</MinRange><MaxRange>0</MaxRange><Value xsi:type="IlluminatorPCoQueryObject"><Timeout>60</Timeout><QueryParameters/><QueryTemplate>MESM/PCO_HANDLER/QUERIES/PCoHandlerQuery_1</QueryTemplate><QueryStartDate>2016-05-03T17:11:18</QueryStartDate><QueryEndDate>2016-05-03T17:11:18</QueryEndDate><SQLTransaction/><Results><ReferenceDocumentSource/>&lt;?xml version="1.0" encoding="UTF-8"?&gt;&lt;Rowsets CachedTime="" DateCreated="2016-11-03T15:07:48" EndDate="2016-11-03T15:07:48" StartDate="2016-11-03T14:07:48" Version="15.0 SP7 Patch 12 (Sep 7, 2016)"&gt;&lt;FatalError&gt;Server name cannot be blank; enter a server name&lt;/FatalError&gt;&lt;/Rowsets&gt;</Results><TagList/></Value><SchemaURI/><SchemaElement/><ValidateXMLOnExecution>1</ValidateXMLOnExecution><ReadOnly>false</ReadOnly><AlertXMLAssigned>false</AlertXMLAssigned></ContextItem><ContextItem><Name>ShowPCoResult_0</Name><Description/><MinRange>0</MinRange><MaxRange>0</MaxRange><Value xsi:type="Tracer"><Message/><Level>INFO</Level></Value><ReadOnly>false</ReadOnly><AlertXMLAssigned>false</AlertXMLAssigned></ContextItem></Actions><ReaderRoles>SAP_XMII_Super_Administrator,SAP_XMII_Administrator,SAP_XMII_Developer,SAP_XMII_User</ReaderRoles><Steps><Step xsi:type="ActionSequence"><Name>Sequence</Name><Description/><Steps><Step xsi:type="ActionSequence"><Name>Sequence_0</Name><Description/><Steps/><Actions><Action><Name>ShowPCoResult_0</Name><Description> </Description><IncomingLinks><Assign xsi:type="Assign"><Name/><Description/><To>ShowPCoResult_0.Message</To><From>" &gt;&gt; Timestamp : " &amp; datefromxmlformat(PCoHandlerQuery.Results{/Rowsets/Rowset/Row/DateTime}, "yyyy-MM-dd HH:mm:ss")
&amp; " -- TransCtr : " &amp; PCoHandlerQuery.Results{/Rowsets/Rowset/Row/TransCtr}
&amp; " -- TransType : "  &amp;  PCoHandlerQuery.Results{/Rowsets/Rowset/Row/TransType}
&amp; " -- MemMapVer : "  &amp;  PCoHandlerQuery.Results{/Rowsets/Rowset/Row/MemMapVer}</From></Assign></IncomingLinks><OutgoingLinks/></Action></Actions></Step></Steps><Actions><Action><Name>PCoHandlerQuery</Name><Description>PCo Query</Description><IncomingLinks><Assign xsi:type="Assign"><Name/><Description/><To>PCoHandlerQuery.Server</To><From>"P558_JENOPTIK"</From></Assign><Assign xsi:type="Assign"><Name/><Description/><To>PCoHandlerQuery.SelectedTags</To><From>"P558_JENOPTIK" &amp; "/" &amp; "PLC" &amp; "/TSend/TransCtr," &amp; 
"P558_JENOPTIK" &amp; "/" &amp; "PLC" &amp; "/TSend/TransType," &amp; 
"P558_JENOPTIK" &amp; "/" &amp; "PLC" &amp; "/TSend/MemMapVer" </From></Assign><Assign xsi:type="Assign"><Name/><Description/><To>PCoHandlerQuery.Mode</To><From>"TagRetrieveQuery"</From></Assign><Assign xsi:type="Assign"><Name/><Description/><To>PCoHandlerQuery.View</To><From>"Current"</From></Assign><Assign xsi:type="Assign"><Name/><Description/><To>PCoHandlerQuery.SelectedTagsDisplayName</To><From>"TransCtr," &amp; "TransType," &amp; "MemMapVer"</From></Assign></IncomingLinks><OutgoingLinks/></Action></Actions></Step></Steps></Transaction>