<?xml version="1.0" encoding="UTF-8"?><Transaction xmlns:xsd="http://www.w3.org/2001/XMLSchema" xmlns:xsi="http://www.w3.org/2001/XMLSchema-instance" Version="15.0.7.12"><TransactionAttributes><ContextItem><Name>Description</Name><Description>Transaction Description</Description><MinRange>0</MinRange><MaxRange>0</MaxRange><Value xsi:type="string"/><ReadOnly>true</ReadOnly><AlertXMLAssigned>false</AlertXMLAssigned></ContextItem><ContextItem><Name>Comments</Name><Description>User Comments</Description><MinRange>0</MinRange><MaxRange>0</MaxRange><Value xsi:type="string"/><ReadOnly>true</ReadOnly><AlertXMLAssigned>false</AlertXMLAssigned></ContextItem><ContextItem><Name>CreatedBy</Name><Description>Created By</Description><MinRange>0</MinRange><MaxRange>0</MaxRange><Value xsi:type="string">RadPa</Value><ReadOnly>true</ReadOnly><AlertXMLAssigned>false</AlertXMLAssigned></ContextItem><ContextItem><Name>CreationDate</Name><Description>Creation Date</Description><MinRange>0</MinRange><MaxRange>0</MaxRange><Value xsi:type="dateTime">2017-03-10T16:46:23</Value><ReadOnly>true</ReadOnly><AlertXMLAssigned>false</AlertXMLAssigned></ContextItem><ContextItem><Name>Category</Name><Description>Transaction Category</Description><MinRange>0</MinRange><MaxRange>0</MaxRange><Value xsi:type="string"/><ReadOnly>true</ReadOnly><AlertXMLAssigned>false</AlertXMLAssigned></ContextItem><ContextItem><Name>Status</Name><Description>Deployment Status</Description><MinRange>0</MinRange><MaxRange>0</MaxRange><Value xsi:type="string">DEVELOPMENT</Value><ReadOnly>true</ReadOnly><AlertXMLAssigned>false</AlertXMLAssigned></ContextItem><ContextItem><Name>LegacyProcessingMode</Name><Description>Support the pre MII 12.1 Transaction Engine.</Description><MinRange>0</MinRange><MaxRange>0</MaxRange><Value xsi:type="boolean">0</Value><ReadOnly>true</ReadOnly><AlertXMLAssigned>false</AlertXMLAssigned></ContextItem><ContextItem><Name>AutoAppendBlankNamespaces</Name><Description>AutoAppendBlankNamespaces</Description><MinRange>0</MinRange><MaxRange>0</MaxRange><Value xsi:type="boolean">1</Value><ReadOnly>true</ReadOnly><AlertXMLAssigned>false</AlertXMLAssigned></ContextItem><ContextItem><Name>ThrowOnLinkError</Name><Description>Throws an exception when a link error occures</Description><MinRange>0</MinRange><MaxRange>0</MaxRange><Value xsi:type="boolean">0</Value><ReadOnly>true</ReadOnly><AlertXMLAssigned>false</AlertXMLAssigned></ContextItem><ContextItem><Name>ThrowOnActionError</Name><Description>Throws an exception when an action error occurs</Description><MinRange>0</MinRange><MaxRange>0</MaxRange><Value xsi:type="boolean">1</Value><ReadOnly>true</ReadOnly><AlertXMLAssigned>false</AlertXMLAssigned></ContextItem><ContextItem><Name>FormatXMLOnConversion</Name><Description>By default XML will be formatted when assigned from XML data type to String data type. This behaviour can be changed with this flag.</Description><MinRange>0</MinRange><MaxRange>0</MaxRange><Value xsi:type="boolean">1</Value><ReadOnly>true</ReadOnly><AlertXMLAssigned>false</AlertXMLAssigned></ContextItem><ContextItem><Name>LastEditedBy</Name><Description>Last Edited By</Description><MinRange>0</MinRange><MaxRange>0</MaxRange><Value xsi:type="xsd:string">RadPa</Value><ReadOnly>true</ReadOnly><AlertXMLAssigned>false</AlertXMLAssigned></ContextItem><ContextItem><Name>LastEditedDate</Name><Description>Last Edited Date</Description><MinRange>0</MinRange><MaxRange>0</MaxRange><Value xsi:type="xsd:dateTime">2017-03-14T14:45:44</Value><ReadOnly>true</ReadOnly><AlertXMLAssigned>false</AlertXMLAssigned></ContextItem></TransactionAttributes><Name>MESM/ORDERS_GMVT/GetMaterialData</Name><Version>30</Version><WriterRoles>SAP_XMII_Super_Administrator,SAP_XMII_Administrator,SAP_XMII_Developer</WriterRoles><Context><ContextItem><Name>MATNR</Name><Description/><MinRange>0</MinRange><MaxRange>0</MaxRange><Value xsi:type="string">10041518</Value><ReadOnly>false</ReadOnly><AlertXMLAssigned>false</AlertXMLAssigned></ContextItem><ContextItem><Name>SAP_CREDENTIAL</Name><Description/><MinRange>0</MinRange><MaxRange>0</MaxRange><Value xsi:type="string">SAP</Value><ReadOnly>false</ReadOnly><AlertXMLAssigned>false</AlertXMLAssigned></ContextItem><ContextItem><Name>SAP_SERVER</Name><Description/><MinRange>0</MinRange><MaxRange>0</MaxRange><Value xsi:type="string">SAP</Value><ReadOnly>false</ReadOnly><AlertXMLAssigned>false</AlertXMLAssigned></ContextItem></Context><Local><ContextItem><Name>REQUEST_AUSP</Name><Description/><MinRange>0</MinRange><MaxRange>0</MaxRange><Value xsi:type="string">&lt;?xml version="1.0" encoding="UTF-8"?&gt;&lt;RFC_READ_TABLE&gt;
&lt;INPUT&gt;
&lt;QUERY_TABLE&gt;AUSP&lt;/QUERY_TABLE&gt;
&lt;ROWCOUNT&gt;9999&lt;/ROWCOUNT&gt;
&lt;ROWSKIPS&gt;0&lt;/ROWSKIPS&gt;
&lt;/INPUT&gt;
&lt;TABLES&gt;
&lt;DATA&gt;
&lt;item&gt;
&lt;WA/&gt;
&lt;/item&gt;
&lt;/DATA&gt;
&lt;FIELDS&gt;
&lt;item&gt;
&lt;FIELDNAME&gt;ATINN&lt;/FIELDNAME&gt;
&lt;OFFSET/&gt;
&lt;LENGTH/&gt;
&lt;TYPE/&gt;
&lt;FIELDTEXT/&gt;
&lt;/item&gt;
&lt;item&gt;
&lt;FIELDNAME&gt;ATWRT&lt;/FIELDNAME&gt;
&lt;OFFSET/&gt;
&lt;LENGTH/&gt;
&lt;TYPE/&gt;
&lt;FIELDTEXT/&gt;
&lt;/item&gt;
&lt;item&gt;
&lt;FIELDNAME&gt;MAFID&lt;/FIELDNAME&gt;
&lt;OFFSET/&gt;
&lt;LENGTH/&gt;
&lt;TYPE/&gt;
&lt;FIELDTEXT/&gt;
&lt;/item&gt;
&lt;item&gt;
&lt;FIELDNAME&gt;KLART&lt;/FIELDNAME&gt;
&lt;OFFSET/&gt;
&lt;LENGTH/&gt;
&lt;TYPE/&gt;
&lt;FIELDTEXT/&gt;
&lt;/item&gt;
&lt;item&gt;
&lt;FIELDNAME&gt;LKENZ&lt;/FIELDNAME&gt;
&lt;OFFSET/&gt;
&lt;LENGTH/&gt;
&lt;TYPE/&gt;
&lt;FIELDTEXT/&gt;
&lt;/item&gt;
&lt;item&gt;
&lt;FIELDNAME&gt;DATUV&lt;/FIELDNAME&gt;
&lt;OFFSET/&gt;
&lt;LENGTH/&gt;
&lt;TYPE/&gt;
&lt;FIELDTEXT/&gt;
&lt;/item&gt;
&lt;/FIELDS&gt;
&lt;OPTIONS&gt;
&lt;item&gt;
&lt;TEXT/&gt;
&lt;/item&gt;
&lt;/OPTIONS&gt;
&lt;/TABLES&gt;
&lt;/RFC_READ_TABLE&gt;</Value><ReadOnly>false</ReadOnly><AlertXMLAssigned>false</AlertXMLAssigned></ContextItem><ContextItem><Name>REQUEST_CABN</Name><Description/><MinRange>0</MinRange><MaxRange>0</MaxRange><Value xsi:type="string">&lt;?xml version="1.0" encoding="UTF-8"?&gt;&lt;RFC_READ_TABLE&gt;
&lt;INPUT&gt;
&lt;QUERY_TABLE&gt;CABN&lt;/QUERY_TABLE&gt;
&lt;ROWCOUNT&gt;9999&lt;/ROWCOUNT&gt;
&lt;ROWSKIPS&gt;0&lt;/ROWSKIPS&gt;
&lt;/INPUT&gt;
&lt;TABLES&gt;
&lt;DATA&gt;
&lt;item&gt;
&lt;WA/&gt;
&lt;/item&gt;
&lt;/DATA&gt;
&lt;FIELDS&gt;
&lt;item&gt;
&lt;FIELDNAME&gt;ATNAM&lt;/FIELDNAME&gt;
&lt;OFFSET/&gt;
&lt;LENGTH/&gt;
&lt;TYPE/&gt;
&lt;FIELDTEXT/&gt;
&lt;/item&gt;
&lt;/FIELDS&gt;
&lt;OPTIONS&gt;
&lt;item&gt;
&lt;TEXT/&gt;
&lt;/item&gt;
&lt;/OPTIONS&gt;
&lt;/TABLES&gt;
&lt;/RFC_READ_TABLE&gt;</Value><ReadOnly>false</ReadOnly><AlertXMLAssigned>false</AlertXMLAssigned></ContextItem></Local><Layout><GUILayoutItem><Name>Sequence_1</Name><X>8</X><Y>8</Y><Width>120</Width><SpacingWidth>120</SpacingWidth><DescendantWidth>120</DescendantWidth><Height>96</Height></GUILayoutItem><GUILayoutItem><Name>Sequence_2</Name><X>8</X><Y>144</Y><Width>120</Width><SpacingWidth>120</SpacingWidth><DescendantWidth>120</DescendantWidth><Height>96</Height></GUILayoutItem><GUILayoutItem><Name>SAP_JCo_AUSP</Name><X>16</X><Y>160</Y><Width>104</Width><SpacingWidth>0</SpacingWidth><DescendantWidth>0</DescendantWidth><Height>72</Height></GUILayoutItem><GUILayoutItem><Name>Sequence_3</Name><X>8</X><Y>280</Y><Width>120</Width><SpacingWidth>120</SpacingWidth><DescendantWidth>120</DescendantWidth><Height>96</Height></GUILayoutItem><GUILayoutItem><Name>RepeatOnWa_AUSP</Name><X>16</X><Y>296</Y><Width>104</Width><SpacingWidth>0</SpacingWidth><DescendantWidth>0</DescendantWidth><Height>72</Height></GUILayoutItem><GUILayoutItem><Name>Sequence_4</Name><X>8</X><Y>552</Y><Width>120</Width><SpacingWidth>120</SpacingWidth><DescendantWidth>0</DescendantWidth><Height>96</Height></GUILayoutItem><GUILayoutItem><Name>ShowWA</Name><X>16</X><Y>568</Y><Width>104</Width><SpacingWidth>0</SpacingWidth><DescendantWidth>0</DescendantWidth><Height>72</Height></GUILayoutItem><GUILayoutItem><Name>Sequence_5</Name><X>8</X><Y>416</Y><Width>120</Width><SpacingWidth>120</SpacingWidth><DescendantWidth>120</DescendantWidth><Height>96</Height></GUILayoutItem><GUILayoutItem><Name>SAP_JCo_CABN</Name><X>16</X><Y>432</Y><Width>104</Width><SpacingWidth>0</SpacingWidth><DescendantWidth>0</DescendantWidth><Height>72</Height></GUILayoutItem><GUILayoutItem><Name>ShowParam</Name><X>16</X><Y>24</Y><Width>104</Width><SpacingWidth>0</SpacingWidth><DescendantWidth>0</DescendantWidth><Height>72</Height></GUILayoutItem></Layout><Actions><ContextItem><Name>SAP_JCo_AUSP</Name><Description/><MinRange>0</MinRange><MaxRange>0</MaxRange><Value xsi:type="SAPJCOInterface"><Request><ReferenceDocumentSource/>&lt;?xml version="1.0" encoding="UTF-8"?&gt;&lt;RFC_READ_TABLE&gt;&lt;INPUT&gt;&lt;DELIMITER&gt; &lt;/DELIMITER&gt;&lt;NO_DATA&gt; &lt;/NO_DATA&gt;&lt;QUERY_TABLE/&gt;&lt;ROWCOUNT&gt;0&lt;/ROWCOUNT&gt;&lt;ROWSKIPS&gt;0&lt;/ROWSKIPS&gt;&lt;/INPUT&gt;&lt;TABLES&gt;&lt;DATA&gt;&lt;item&gt;&lt;WA/&gt;&lt;/item&gt;&lt;/DATA&gt;&lt;FIELDS&gt;&lt;item&gt;&lt;FIELDNAME/&gt;&lt;OFFSET/&gt;&lt;LENGTH/&gt;&lt;TYPE/&gt;&lt;FIELDTEXT/&gt;&lt;/item&gt;&lt;/FIELDS&gt;&lt;OPTIONS&gt;&lt;item&gt;&lt;TEXT/&gt;&lt;/item&gt;&lt;/OPTIONS&gt;&lt;/TABLES&gt;&lt;/RFC_READ_TABLE&gt;</Request><Response><ReferenceDocumentSource/>&lt;?xml version="1.0" encoding="UTF-8"?&gt;&lt;RFC_READ_TABLE&gt;&lt;TABLES&gt;&lt;DATA&gt;&lt;item&gt;&lt;WA/&gt;&lt;/item&gt;&lt;/DATA&gt;&lt;FIELDS&gt;&lt;item&gt;&lt;FIELDNAME/&gt;&lt;OFFSET/&gt;&lt;LENGTH/&gt;&lt;TYPE/&gt;&lt;FIELDTEXT/&gt;&lt;/item&gt;&lt;/FIELDS&gt;&lt;OPTIONS&gt;&lt;item&gt;&lt;TEXT/&gt;&lt;/item&gt;&lt;/OPTIONS&gt;&lt;/TABLES&gt;&lt;/RFC_READ_TABLE&gt;</Response><SAPRFC>RFC_READ_TABLE</SAPRFC><ExecuteFunction>true</ExecuteFunction><AutoCommit>false</AutoCommit><ConnPropAlias>SAP</ConnPropAlias><CredentialAlias>SAP</CredentialAlias><SAPServerName>10.2.9.139</SAPServerName><SAPClient>524</SAPClient><SAPSystemNumber>01</SAPSystemNumber><SAPUserName/><SAPPassword/><Language>EN</Language><SAPSSO2Ticket/><ConnectionTimeout>0</ConnectionTimeout><PoolConnections>false</PoolConnections><LogonGroup/><RecreateFunction>true</RecreateFunction><AllowMultipleRows>true</AllowMultipleRows><DaysRetention>7</DaysRetention><MaxRetryCount>5</MaxRetryCount><RetryInterval>30000</RetryInterval><ProcessingMode>1</ProcessingMode><Filter/><DataBufferComment/><RetryImmediately>false</RetryImmediately></Value><SchemaURI/><SchemaElement/><ValidateXMLOnExecution>1</ValidateXMLOnExecution><SchemaURI/><SchemaElement/><ValidateXMLOnExecution>1</ValidateXMLOnExecution><ReadOnly>false</ReadOnly><AlertXMLAssigned>false</AlertXMLAssigned></ContextItem><ContextItem><Name>RepeatOnWa_AUSP</Name><Description/><MinRange>0</MinRange><MaxRange>0</MaxRange><Value xsi:type="RepeaterAction"><Output><ReferenceDocumentSource/>&lt;?xml version="1.0" encoding="UTF-8"?&gt;&lt;item&gt;&#13;
                &lt;WA/&gt;&#13;
            &lt;/item&gt;</Output><Break>false</Break><ItemCount>0</ItemCount><CurrentItem>0</CurrentItem><Source>SAP_JCo_AUSP.Response{/RFC_READ_TABLE/TABLES/DATA/item}</Source><Item><ReferenceDocumentSource/>&lt;?xml version="1.0" encoding="UTF-8"?&gt;&lt;item&gt;&#13;
                &lt;WA/&gt;&#13;
            &lt;/item&gt;</Item></Value><SchemaURI/><SchemaElement/><ValidateXMLOnExecution>1</ValidateXMLOnExecution><SchemaURI/><SchemaElement/><ValidateXMLOnExecution>1</ValidateXMLOnExecution><ReadOnly>false</ReadOnly><AlertXMLAssigned>false</AlertXMLAssigned></ContextItem><ContextItem><Name>ShowWA</Name><Description/><MinRange>0</MinRange><MaxRange>0</MaxRange><Value xsi:type="Tracer"><Message/><Level>INFO</Level></Value><ReadOnly>false</ReadOnly><AlertXMLAssigned>false</AlertXMLAssigned></ContextItem><ContextItem><Name>SAP_JCo_CABN</Name><Description/><MinRange>0</MinRange><MaxRange>0</MaxRange><Value xsi:type="SAPJCOInterface"><Request><ReferenceDocumentSource/>&lt;?xml version="1.0" encoding="UTF-8"?&gt;&lt;RFC_READ_TABLE&gt;&lt;INPUT&gt;&lt;DELIMITER&gt; &lt;/DELIMITER&gt;&lt;NO_DATA&gt; &lt;/NO_DATA&gt;&lt;QUERY_TABLE/&gt;&lt;ROWCOUNT&gt;0&lt;/ROWCOUNT&gt;&lt;ROWSKIPS&gt;0&lt;/ROWSKIPS&gt;&lt;/INPUT&gt;&lt;TABLES&gt;&lt;DATA&gt;&lt;item&gt;&lt;WA/&gt;&lt;/item&gt;&lt;/DATA&gt;&lt;FIELDS&gt;&lt;item&gt;&lt;FIELDNAME/&gt;&lt;OFFSET/&gt;&lt;LENGTH/&gt;&lt;TYPE/&gt;&lt;FIELDTEXT/&gt;&lt;/item&gt;&lt;/FIELDS&gt;&lt;OPTIONS&gt;&lt;item&gt;&lt;TEXT/&gt;&lt;/item&gt;&lt;/OPTIONS&gt;&lt;/TABLES&gt;&lt;/RFC_READ_TABLE&gt;</Request><Response><ReferenceDocumentSource/>&lt;?xml version="1.0" encoding="UTF-8"?&gt;&lt;RFC_READ_TABLE&gt;&lt;TABLES&gt;&lt;DATA&gt;&lt;item&gt;&lt;WA/&gt;&lt;/item&gt;&lt;/DATA&gt;&lt;FIELDS&gt;&lt;item&gt;&lt;FIELDNAME/&gt;&lt;OFFSET/&gt;&lt;LENGTH/&gt;&lt;TYPE/&gt;&lt;FIELDTEXT/&gt;&lt;/item&gt;&lt;/FIELDS&gt;&lt;OPTIONS&gt;&lt;item&gt;&lt;TEXT/&gt;&lt;/item&gt;&lt;/OPTIONS&gt;&lt;/TABLES&gt;&lt;/RFC_READ_TABLE&gt;</Response><SAPRFC>RFC_READ_TABLE</SAPRFC><ExecuteFunction>true</ExecuteFunction><AutoCommit>false</AutoCommit><ConnPropAlias>SAP</ConnPropAlias><CredentialAlias>SAP</CredentialAlias><SAPServerName>10.2.9.139</SAPServerName><SAPClient>524</SAPClient><SAPSystemNumber>01</SAPSystemNumber><SAPUserName/><SAPPassword/><Language>EN</Language><SAPSSO2Ticket/><ConnectionTimeout>0</ConnectionTimeout><PoolConnections>false</PoolConnections><LogonGroup/><RecreateFunction>true</RecreateFunction><AllowMultipleRows>true</AllowMultipleRows><DaysRetention>7</DaysRetention><MaxRetryCount>5</MaxRetryCount><RetryInterval>30000</RetryInterval><ProcessingMode>1</ProcessingMode><Filter/><DataBufferComment/><RetryImmediately>false</RetryImmediately></Value><SchemaURI/><SchemaElement/><ValidateXMLOnExecution>1</ValidateXMLOnExecution><SchemaURI/><SchemaElement/><ValidateXMLOnExecution>1</ValidateXMLOnExecution><ReadOnly>false</ReadOnly><AlertXMLAssigned>false</AlertXMLAssigned></ContextItem><ContextItem><Name>ShowParam</Name><Description/><MinRange>0</MinRange><MaxRange>0</MaxRange><Value xsi:type="Tracer"><Message/><Level>INFO</Level></Value><ReadOnly>false</ReadOnly><AlertXMLAssigned>false</AlertXMLAssigned></ContextItem></Actions><ReaderRoles>SAP_XMII_Super_Administrator,SAP_XMII_Administrator,SAP_XMII_Developer,SAP_XMII_User</ReaderRoles><Steps><Step xsi:type="ActionSequence"><Name>Sequence_1</Name><Description/><Steps><Step xsi:type="ActionSequence"><Name>Sequence_2</Name><Description/><Steps><Step xsi:type="Repeater"><Name>Sequence_3</Name><Description/><Steps><Step xsi:type="ActionSequence"><Name>Sequence_5</Name><Description/><Steps><Step xsi:type="ActionSequence"><Name>Sequence_4</Name><Description/><Steps/><Actions><Action><Name>ShowWA</Name><Description> </Description><IncomingLinks><Assign xsi:type="Assign"><Name/><Description/><To>ShowWA.Message</To><From>" &gt;&gt; OBJEK: " &amp;  Transaction.MATNR &amp; 
" -- ATINN: " &amp; stringtrim(stringpart(RepeatOnWa_AUSP.Output{/item/WA}, 1, 10)) &amp; 
" -- ATWRT: " &amp; stringtrim(stringpart(RepeatOnWa_AUSP.Output{/item/WA}, 11, 30)) &amp; 
" -- KLART: " &amp; stringtrim(stringpart(RepeatOnWa_AUSP.Output{/item/WA}, 42, 3)) &amp;
" -- ATNAM: " &amp; SAP_JCo_CABN.Response{/RFC_READ_TABLE/TABLES/DATA/item/WA}
</From></Assign></IncomingLinks><OutgoingLinks/></Action></Actions></Step></Steps><Actions><Action><Name>SAP_JCo_CABN</Name><Description> </Description><IncomingLinks><Assign xsi:type="Assign"><Name/><Description/><To>SAP_JCo_CABN.ConnPropAlias</To><From>Transaction.SAP_SERVER</From></Assign><Assign xsi:type="Assign"><Name/><Description/><To>SAP_JCo_CABN.CredentialAlias</To><From>Transaction.SAP_CREDENTIAL</From></Assign><Assign xsi:type="Assign"><Name/><Description/><To>SAP_JCo_CABN.Request</To><From>Local.REQUEST_CABN</From></Assign><Assign xsi:type="Assign"><Name/><Description/><To>SAP_JCo_CABN.Request{/RFC_READ_TABLE/TABLES/OPTIONS/item/TEXT}</To><From>"ATINN EQ '" &amp; stringtrim(stringpart(RepeatOnWa_AUSP.Output{/item/WA}, 1, 10)) &amp; "'"</From></Assign></IncomingLinks><OutgoingLinks/></Action></Actions></Step></Steps><Actions><Action><Name>RepeatOnWa_AUSP</Name><Description> </Description><IncomingLinks/><OutgoingLinks/></Action></Actions></Step></Steps><Actions><Action><Name>SAP_JCo_AUSP</Name><Description> </Description><IncomingLinks><Assign xsi:type="Assign"><Name/><Description/><To>SAP_JCo_AUSP.ConnPropAlias</To><From>Transaction.SAP_SERVER</From></Assign><Assign xsi:type="Assign"><Name/><Description/><To>SAP_JCo_AUSP.CredentialAlias</To><From>Transaction.SAP_CREDENTIAL</From></Assign><Assign xsi:type="Assign"><Name/><Description/><To>SAP_JCo_AUSP.Request</To><From>Local.REQUEST_AUSP</From></Assign><Assign xsi:type="Assign"><Name/><Description/><To>SAP_JCo_AUSP.Request{/RFC_READ_TABLE/TABLES/OPTIONS/item/TEXT}</To><From>"OBJEK EQ '" &amp; Transaction.MATNR &amp; "'"</From></Assign></IncomingLinks><OutgoingLinks/></Action></Actions></Step></Steps><Actions><Action><Name>ShowParam</Name><Description> </Description><IncomingLinks><Assign xsi:type="Assign"><Name/><Description/><To>ShowParam.Message</To><From>" &gt;&gt; " &amp; Transaction.SAP_SERVER &amp; " Query -- MATNR: " &amp; Transaction.MATNR</From></Assign></IncomingLinks><OutgoingLinks/></Action></Actions></Step></Steps></Transaction>