<?xml version="1.0" encoding="UTF-8"?><Transaction xmlns:xsd="http://www.w3.org/2001/XMLSchema" xmlns:xsi="http://www.w3.org/2001/XMLSchema-instance" Version="15.0.7.12"><TransactionAttributes><ContextItem><Name>Description</Name><Description>Transaction Description</Description><MinRange>0</MinRange><MaxRange>0</MaxRange><Value xsi:type="string"/><ReadOnly>true</ReadOnly><AlertXMLAssigned>false</AlertXMLAssigned></ContextItem><ContextItem><Name>Comments</Name><Description>User Comments</Description><MinRange>0</MinRange><MaxRange>0</MaxRange><Value xsi:type="string"/><ReadOnly>true</ReadOnly><AlertXMLAssigned>false</AlertXMLAssigned></ContextItem><ContextItem><Name>CreatedBy</Name><Description>Created By</Description><MinRange>0</MinRange><MaxRange>0</MaxRange><Value xsi:type="string">RadPa</Value><ReadOnly>true</ReadOnly><AlertXMLAssigned>false</AlertXMLAssigned></ContextItem><ContextItem><Name>CreationDate</Name><Description>Creation Date</Description><MinRange>0</MinRange><MaxRange>0</MaxRange><Value xsi:type="dateTime">2016-09-15T15:02:31</Value><ReadOnly>true</ReadOnly><AlertXMLAssigned>false</AlertXMLAssigned></ContextItem><ContextItem><Name>Category</Name><Description>Transaction Category</Description><MinRange>0</MinRange><MaxRange>0</MaxRange><Value xsi:type="string"/><ReadOnly>true</ReadOnly><AlertXMLAssigned>false</AlertXMLAssigned></ContextItem><ContextItem><Name>Status</Name><Description>Deployment Status</Description><MinRange>0</MinRange><MaxRange>0</MaxRange><Value xsi:type="string">DEVELOPMENT</Value><ReadOnly>true</ReadOnly><AlertXMLAssigned>false</AlertXMLAssigned></ContextItem><ContextItem><Name>LegacyProcessingMode</Name><Description>Support the pre MII 12.1 Transaction Engine.</Description><MinRange>0</MinRange><MaxRange>0</MaxRange><Value xsi:type="boolean">0</Value><ReadOnly>true</ReadOnly><AlertXMLAssigned>false</AlertXMLAssigned></ContextItem><ContextItem><Name>AutoAppendBlankNamespaces</Name><Description>AutoAppendBlankNamespaces</Description><MinRange>0</MinRange><MaxRange>0</MaxRange><Value xsi:type="boolean">1</Value><ReadOnly>true</ReadOnly><AlertXMLAssigned>false</AlertXMLAssigned></ContextItem><ContextItem><Name>ThrowOnLinkError</Name><Description>Throws an exception when a link error occures</Description><MinRange>0</MinRange><MaxRange>0</MaxRange><Value xsi:type="boolean">0</Value><ReadOnly>true</ReadOnly><AlertXMLAssigned>false</AlertXMLAssigned></ContextItem><ContextItem><Name>ThrowOnActionError</Name><Description>Throws an exception when an action error occurs</Description><MinRange>0</MinRange><MaxRange>0</MaxRange><Value xsi:type="boolean">1</Value><ReadOnly>true</ReadOnly><AlertXMLAssigned>false</AlertXMLAssigned></ContextItem><ContextItem><Name>FormatXMLOnConversion</Name><Description>By default XML will be formatted when assigned from XML data type to String data type. This behaviour can be changed with this flag.</Description><MinRange>0</MinRange><MaxRange>0</MaxRange><Value xsi:type="boolean">1</Value><ReadOnly>true</ReadOnly><AlertXMLAssigned>false</AlertXMLAssigned></ContextItem><ContextItem><Name>LastEditedBy</Name><Description>Last Edited By</Description><MinRange>0</MinRange><MaxRange>0</MaxRange><Value xsi:type="xsd:string">ChiCa</Value><ReadOnly>true</ReadOnly><AlertXMLAssigned>false</AlertXMLAssigned></ContextItem><ContextItem><Name>LastEditedDate</Name><Description>Last Edited Date</Description><MinRange>0</MinRange><MaxRange>0</MaxRange><Value xsi:type="xsd:dateTime">2017-03-03T15:25:15</Value><ReadOnly>true</ReadOnly><AlertXMLAssigned>false</AlertXMLAssigned></ContextItem></TransactionAttributes><Name>MESM/REPORTS/TRANSACTIONS/buildItemTraceability</Name><Version>182</Version><WriterRoles>SAP_XMII_Super_Administrator,SAP_XMII_Administrator,SAP_XMII_Developer</WriterRoles><Context><ContextItem><Name>INCHEADER</Name><Description/><MinRange>0</MinRange><MaxRange>0</MaxRange><Value xsi:type="integer">0</Value><ReadOnly>false</ReadOnly><AlertXMLAssigned>false</AlertXMLAssigned></ContextItem><ContextItem><Name>SERNUM</Name><Description>Serial Number of the Part</Description><MinRange>0</MinRange><MaxRange>0</MaxRange><Value xsi:type="string">01-0011108</Value><ReadOnly>false</ReadOnly><AlertXMLAssigned>false</AlertXMLAssigned></ContextItem><ContextItem><Name>SQL_SERVER</Name><Description>SQL Server to query</Description><MinRange>0</MinRange><MaxRange>0</MaxRange><Value xsi:type="string">MESM</Value><ReadOnly>false</ReadOnly><AlertXMLAssigned>false</AlertXMLAssigned></ContextItem><ContextItem><Name>STR_RESULT</Name><Description/><MinRange>0</MinRange><MaxRange>0</MaxRange><Value xsi:type="string"/><ReadOnly>true</ReadOnly><AlertXMLAssigned>false</AlertXMLAssigned></ContextItem></Context><Local><ContextItem><Name>BgColor</Name><Description>Background Color</Description><MinRange>0</MinRange><MaxRange>0</MaxRange><Value xsi:type="string">#EFEFEF</Value><ReadOnly>false</ReadOnly><AlertXMLAssigned>false</AlertXMLAssigned></ContextItem><ContextItem><Name>HTML_TEXT</Name><Description/><MinRange>0</MinRange><MaxRange>0</MaxRange><Value xsi:type="string"/><ReadOnly>false</ReadOnly><AlertXMLAssigned>false</AlertXMLAssigned></ContextItem></Local><Layout><GUILayoutItem><Name>Sequence</Name><X>2744</X><Y>8</Y><Width>120</Width><SpacingWidth>5592</SpacingWidth><DescendantWidth>5592</DescendantWidth><Height>96</Height></GUILayoutItem><GUILayoutItem><Name>ShowParam</Name><X>2752</X><Y>24</Y><Width>104</Width><SpacingWidth>0</SpacingWidth><DescendantWidth>0</DescendantWidth><Height>72</Height></GUILayoutItem><GUILayoutItem><Name>Sequence_59</Name><X>2744</X><Y>280</Y><Width>120</Width><SpacingWidth>5592</SpacingWidth><DescendantWidth>5592</DescendantWidth><Height>96</Height></GUILayoutItem><GUILayoutItem><Name>AssignSerNum</Name><X>2752</X><Y>296</Y><Width>104</Width><SpacingWidth>0</SpacingWidth><DescendantWidth>0</DescendantWidth><Height>72</Height></GUILayoutItem><GUILayoutItem><Name>Sequence_77</Name><X>440</X><Y>416</Y><Width>120</Width><SpacingWidth>984</SpacingWidth><DescendantWidth>984</DescendantWidth><Height>96</Height></GUILayoutItem><GUILayoutItem><Name>Exception_Enabler_ORD</Name><X>448</X><Y>432</Y><Width>104</Width><SpacingWidth>0</SpacingWidth><DescendantWidth>0</DescendantWidth><Height>72</Height></GUILayoutItem><GUILayoutItem><Name>Sequence_0</Name><X>1448</X><Y>416</Y><Width>120</Width><SpacingWidth>984</SpacingWidth><DescendantWidth>984</DescendantWidth><Height>96</Height></GUILayoutItem><GUILayoutItem><Name>Exception_Enabler_DEF</Name><X>1456</X><Y>432</Y><Width>104</Width><SpacingWidth>0</SpacingWidth><DescendantWidth>0</DescendantWidth><Height>72</Height></GUILayoutItem><GUILayoutItem><Name>Sequence_1</Name><X>1376</X><Y>552</Y><Width>120</Width><SpacingWidth>840</SpacingWidth><DescendantWidth>840</DescendantWidth><Height>96</Height></GUILayoutItem><GUILayoutItem><Name>RunQuery_DEF</Name><X>1384</X><Y>568</Y><Width>104</Width><SpacingWidth>0</SpacingWidth><DescendantWidth>0</DescendantWidth><Height>72</Height></GUILayoutItem><GUILayoutItem><Name>Sequence_4</Name><X>1376</X><Y>688</Y><Width>120</Width><SpacingWidth>840</SpacingWidth><DescendantWidth>840</DescendantWidth><Height>96</Height></GUILayoutItem><GUILayoutItem><Name>Success_DEF</Name><X>1384</X><Y>704</Y><Width>104</Width><SpacingWidth>0</SpacingWidth><DescendantWidth>0</DescendantWidth><Height>72</Height></GUILayoutItem><GUILayoutItem><Name>Sequence_5</Name><X>1376</X><Y>824</Y><Width>120</Width><SpacingWidth>840</SpacingWidth><DescendantWidth>840</DescendantWidth><Height>96</Height></GUILayoutItem><GUILayoutItem><Name>NotEmpty_DEF</Name><X>1384</X><Y>840</Y><Width>104</Width><SpacingWidth>0</SpacingWidth><DescendantWidth>0</DescendantWidth><Height>72</Height></GUILayoutItem><GUILayoutItem><Name>Sequence_6</Name><X>1304</X><Y>960</Y><Width>120</Width><SpacingWidth>696</SpacingWidth><DescendantWidth>696</DescendantWidth><Height>96</Height></GUILayoutItem><GUILayoutItem><Name>RepeatOnRow_DEF</Name><X>1312</X><Y>976</Y><Width>104</Width><SpacingWidth>0</SpacingWidth><DescendantWidth>0</DescendantWidth><Height>72</Height></GUILayoutItem><GUILayoutItem><Name>Sequence_65</Name><X>1304</X><Y>1096</Y><Width>120</Width><SpacingWidth>696</SpacingWidth><DescendantWidth>696</DescendantWidth><Height>96</Height></GUILayoutItem><GUILayoutItem><Name>Sequence_8</Name><X>1160</X><Y>1232</Y><Width>120</Width><SpacingWidth>408</SpacingWidth><DescendantWidth>408</DescendantWidth><Height>96</Height></GUILayoutItem><GUILayoutItem><Name>FirstRow_DEF</Name><X>1168</X><Y>1248</Y><Width>104</Width><SpacingWidth>0</SpacingWidth><DescendantWidth>0</DescendantWidth><Height>72</Height></GUILayoutItem><GUILayoutItem><Name>Sequence_9</Name><X>1016</X><Y>1368</Y><Width>120</Width><SpacingWidth>120</SpacingWidth><DescendantWidth>0</DescendantWidth><Height>96</Height></GUILayoutItem><GUILayoutItem><Name>AssignTableHdr_DEF</Name><X>1024</X><Y>1384</Y><Width>104</Width><SpacingWidth>0</SpacingWidth><DescendantWidth>0</DescendantWidth><Height>72</Height></GUILayoutItem><GUILayoutItem><Name>Sequence_10</Name><X>1160</X><Y>1368</Y><Width>120</Width><SpacingWidth>120</SpacingWidth><DescendantWidth>0</DescendantWidth><Height>96</Height></GUILayoutItem><GUILayoutItem><Name>NotTableHdr_DEF</Name><X>1168</X><Y>1384</Y><Width>104</Width><SpacingWidth>0</SpacingWidth><DescendantWidth>0</DescendantWidth><Height>72</Height></GUILayoutItem><GUILayoutItem><Name>Sequence_11</Name><X>1304</X><Y>1368</Y><Width>120</Width><SpacingWidth>120</SpacingWidth><DescendantWidth>0</DescendantWidth><Height>96</Height></GUILayoutItem><GUILayoutItem><Name>AssignDataVal_DEF</Name><X>1312</X><Y>1384</Y><Width>104</Width><SpacingWidth>0</SpacingWidth><DescendantWidth>0</DescendantWidth><Height>72</Height></GUILayoutItem><GUILayoutItem><Name>Sequence_12</Name><X>1520</X><Y>1232</Y><Width>120</Width><SpacingWidth>264</SpacingWidth><DescendantWidth>264</DescendantWidth><Height>96</Height></GUILayoutItem><GUILayoutItem><Name>FIX_bgColor_DEF</Name><X>1528</X><Y>1248</Y><Width>104</Width><SpacingWidth>0</SpacingWidth><DescendantWidth>0</DescendantWidth><Height>72</Height></GUILayoutItem><GUILayoutItem><Name>Sequence_13</Name><X>1448</X><Y>1368</Y><Width>120</Width><SpacingWidth>120</SpacingWidth><DescendantWidth>0</DescendantWidth><Height>96</Height></GUILayoutItem><GUILayoutItem><Name>AssignFFFFFF_DEF</Name><X>1456</X><Y>1384</Y><Width>104</Width><SpacingWidth>0</SpacingWidth><DescendantWidth>0</DescendantWidth><Height>72</Height></GUILayoutItem><GUILayoutItem><Name>Sequence_14</Name><X>1592</X><Y>1368</Y><Width>120</Width><SpacingWidth>120</SpacingWidth><DescendantWidth>0</DescendantWidth><Height>96</Height></GUILayoutItem><GUILayoutItem><Name>AssignEFEFEF_DEF</Name><X>1600</X><Y>1384</Y><Width>104</Width><SpacingWidth>0</SpacingWidth><DescendantWidth>0</DescendantWidth><Height>72</Height></GUILayoutItem><GUILayoutItem><Name>Sequence_7</Name><X>1736</X><Y>960</Y><Width>120</Width><SpacingWidth>120</SpacingWidth><DescendantWidth>0</DescendantWidth><Height>96</Height></GUILayoutItem><GUILayoutItem><Name>Sequence_2</Name><X>1880</X><Y>552</Y><Width>120</Width><SpacingWidth>120</SpacingWidth><DescendantWidth>120</DescendantWidth><Height>96</Height></GUILayoutItem><GUILayoutItem><Name>Catch_DEF</Name><X>1888</X><Y>568</Y><Width>104</Width><SpacingWidth>0</SpacingWidth><DescendantWidth>0</DescendantWidth><Height>72</Height></GUILayoutItem><GUILayoutItem><Name>Sequence_3</Name><X>1880</X><Y>688</Y><Width>120</Width><SpacingWidth>120</SpacingWidth><DescendantWidth>0</DescendantWidth><Height>96</Height></GUILayoutItem><GUILayoutItem><Name>ShowCatch_DEF</Name><X>1888</X><Y>704</Y><Width>104</Width><SpacingWidth>0</SpacingWidth><DescendantWidth>0</DescendantWidth><Height>72</Height></GUILayoutItem><GUILayoutItem><Name>Sequence_15</Name><X>2456</X><Y>416</Y><Width>120</Width><SpacingWidth>984</SpacingWidth><DescendantWidth>984</DescendantWidth><Height>96</Height></GUILayoutItem><GUILayoutItem><Name>Exception_Enabler_REW</Name><X>2464</X><Y>432</Y><Width>104</Width><SpacingWidth>0</SpacingWidth><DescendantWidth>0</DescendantWidth><Height>72</Height></GUILayoutItem><GUILayoutItem><Name>Sequence_16</Name><X>2384</X><Y>552</Y><Width>120</Width><SpacingWidth>840</SpacingWidth><DescendantWidth>840</DescendantWidth><Height>96</Height></GUILayoutItem><GUILayoutItem><Name>RunQuery_REW</Name><X>2392</X><Y>568</Y><Width>104</Width><SpacingWidth>0</SpacingWidth><DescendantWidth>0</DescendantWidth><Height>72</Height></GUILayoutItem><GUILayoutItem><Name>Sequence_19</Name><X>2384</X><Y>688</Y><Width>120</Width><SpacingWidth>840</SpacingWidth><DescendantWidth>840</DescendantWidth><Height>96</Height></GUILayoutItem><GUILayoutItem><Name>Success_REW</Name><X>2392</X><Y>704</Y><Width>104</Width><SpacingWidth>0</SpacingWidth><DescendantWidth>0</DescendantWidth><Height>72</Height></GUILayoutItem><GUILayoutItem><Name>Sequence_20</Name><X>2384</X><Y>824</Y><Width>120</Width><SpacingWidth>840</SpacingWidth><DescendantWidth>840</DescendantWidth><Height>96</Height></GUILayoutItem><GUILayoutItem><Name>NotEmpty_REW</Name><X>2392</X><Y>840</Y><Width>104</Width><SpacingWidth>0</SpacingWidth><DescendantWidth>0</DescendantWidth><Height>72</Height></GUILayoutItem><GUILayoutItem><Name>Sequence_21</Name><X>2312</X><Y>960</Y><Width>120</Width><SpacingWidth>696</SpacingWidth><DescendantWidth>696</DescendantWidth><Height>96</Height></GUILayoutItem><GUILayoutItem><Name>RepeatOnRow_REW</Name><X>2320</X><Y>976</Y><Width>104</Width><SpacingWidth>0</SpacingWidth><DescendantWidth>0</DescendantWidth><Height>72</Height></GUILayoutItem><GUILayoutItem><Name>Sequence_66</Name><X>2312</X><Y>1096</Y><Width>120</Width><SpacingWidth>696</SpacingWidth><DescendantWidth>696</DescendantWidth><Height>96</Height></GUILayoutItem><GUILayoutItem><Name>Sequence_22</Name><X>2168</X><Y>1232</Y><Width>120</Width><SpacingWidth>408</SpacingWidth><DescendantWidth>408</DescendantWidth><Height>96</Height></GUILayoutItem><GUILayoutItem><Name>FirstRow_REW</Name><X>2176</X><Y>1248</Y><Width>104</Width><SpacingWidth>0</SpacingWidth><DescendantWidth>0</DescendantWidth><Height>72</Height></GUILayoutItem><GUILayoutItem><Name>Sequence_24</Name><X>2024</X><Y>1368</Y><Width>120</Width><SpacingWidth>120</SpacingWidth><DescendantWidth>0</DescendantWidth><Height>96</Height></GUILayoutItem><GUILayoutItem><Name>AssignTableHdr_REW</Name><X>2032</X><Y>1384</Y><Width>104</Width><SpacingWidth>0</SpacingWidth><DescendantWidth>0</DescendantWidth><Height>72</Height></GUILayoutItem><GUILayoutItem><Name>Sequence_25</Name><X>2168</X><Y>1368</Y><Width>120</Width><SpacingWidth>120</SpacingWidth><DescendantWidth>0</DescendantWidth><Height>96</Height></GUILayoutItem><GUILayoutItem><Name>NotTableHdr_REW</Name><X>2176</X><Y>1384</Y><Width>104</Width><SpacingWidth>0</SpacingWidth><DescendantWidth>0</DescendantWidth><Height>72</Height></GUILayoutItem><GUILayoutItem><Name>Sequence_60</Name><X>2312</X><Y>1368</Y><Width>120</Width><SpacingWidth>120</SpacingWidth><DescendantWidth>0</DescendantWidth><Height>96</Height></GUILayoutItem><GUILayoutItem><Name>AssignDataVal_REW</Name><X>2320</X><Y>1384</Y><Width>104</Width><SpacingWidth>0</SpacingWidth><DescendantWidth>0</DescendantWidth><Height>72</Height></GUILayoutItem><GUILayoutItem><Name>Sequence_26</Name><X>2528</X><Y>1232</Y><Width>120</Width><SpacingWidth>264</SpacingWidth><DescendantWidth>264</DescendantWidth><Height>96</Height></GUILayoutItem><GUILayoutItem><Name>FIX_bgColor_REW</Name><X>2536</X><Y>1248</Y><Width>104</Width><SpacingWidth>0</SpacingWidth><DescendantWidth>0</DescendantWidth><Height>72</Height></GUILayoutItem><GUILayoutItem><Name>Sequence_27</Name><X>2456</X><Y>1368</Y><Width>120</Width><SpacingWidth>120</SpacingWidth><DescendantWidth>0</DescendantWidth><Height>96</Height></GUILayoutItem><GUILayoutItem><Name>AssignFFFFFF_REW</Name><X>2464</X><Y>1384</Y><Width>104</Width><SpacingWidth>0</SpacingWidth><DescendantWidth>0</DescendantWidth><Height>72</Height></GUILayoutItem><GUILayoutItem><Name>Sequence_28</Name><X>2600</X><Y>1368</Y><Width>120</Width><SpacingWidth>120</SpacingWidth><DescendantWidth>0</DescendantWidth><Height>96</Height></GUILayoutItem><GUILayoutItem><Name>AssignEFEFEF_REW</Name><X>2608</X><Y>1384</Y><Width>104</Width><SpacingWidth>0</SpacingWidth><DescendantWidth>0</DescendantWidth><Height>72</Height></GUILayoutItem><GUILayoutItem><Name>Sequence_23</Name><X>2744</X><Y>960</Y><Width>120</Width><SpacingWidth>120</SpacingWidth><DescendantWidth>0</DescendantWidth><Height>96</Height></GUILayoutItem><GUILayoutItem><Name>Sequence_17</Name><X>2888</X><Y>552</Y><Width>120</Width><SpacingWidth>120</SpacingWidth><DescendantWidth>120</DescendantWidth><Height>96</Height></GUILayoutItem><GUILayoutItem><Name>Catch_REW</Name><X>2896</X><Y>568</Y><Width>104</Width><SpacingWidth>0</SpacingWidth><DescendantWidth>0</DescendantWidth><Height>72</Height></GUILayoutItem><GUILayoutItem><Name>Sequence_18</Name><X>2888</X><Y>688</Y><Width>120</Width><SpacingWidth>120</SpacingWidth><DescendantWidth>0</DescendantWidth><Height>96</Height></GUILayoutItem><GUILayoutItem><Name>ShowCatch_REW</Name><X>2896</X><Y>704</Y><Width>104</Width><SpacingWidth>0</SpacingWidth><DescendantWidth>0</DescendantWidth><Height>72</Height></GUILayoutItem><GUILayoutItem><Name>Sequence_29</Name><X>3464</X><Y>416</Y><Width>120</Width><SpacingWidth>984</SpacingWidth><DescendantWidth>984</DescendantWidth><Height>96</Height></GUILayoutItem><GUILayoutItem><Name>Exception_Enabler_TRX</Name><X>3472</X><Y>432</Y><Width>104</Width><SpacingWidth>0</SpacingWidth><DescendantWidth>0</DescendantWidth><Height>72</Height></GUILayoutItem><GUILayoutItem><Name>Sequence_30</Name><X>3392</X><Y>552</Y><Width>120</Width><SpacingWidth>840</SpacingWidth><DescendantWidth>840</DescendantWidth><Height>96</Height></GUILayoutItem><GUILayoutItem><Name>RunQuery_TRX</Name><X>3400</X><Y>568</Y><Width>104</Width><SpacingWidth>0</SpacingWidth><DescendantWidth>0</DescendantWidth><Height>72</Height></GUILayoutItem><GUILayoutItem><Name>Sequence_33</Name><X>3392</X><Y>688</Y><Width>120</Width><SpacingWidth>840</SpacingWidth><DescendantWidth>840</DescendantWidth><Height>96</Height></GUILayoutItem><GUILayoutItem><Name>Success_TRX</Name><X>3400</X><Y>704</Y><Width>104</Width><SpacingWidth>0</SpacingWidth><DescendantWidth>0</DescendantWidth><Height>72</Height></GUILayoutItem><GUILayoutItem><Name>Sequence_34</Name><X>3392</X><Y>824</Y><Width>120</Width><SpacingWidth>840</SpacingWidth><DescendantWidth>840</DescendantWidth><Height>96</Height></GUILayoutItem><GUILayoutItem><Name>NotEmpty_TRX</Name><X>3400</X><Y>840</Y><Width>104</Width><SpacingWidth>0</SpacingWidth><DescendantWidth>0</DescendantWidth><Height>72</Height></GUILayoutItem><GUILayoutItem><Name>Sequence_35</Name><X>3320</X><Y>960</Y><Width>120</Width><SpacingWidth>696</SpacingWidth><DescendantWidth>696</DescendantWidth><Height>96</Height></GUILayoutItem><GUILayoutItem><Name>RepeatOnRow_TRX</Name><X>3328</X><Y>976</Y><Width>104</Width><SpacingWidth>0</SpacingWidth><DescendantWidth>0</DescendantWidth><Height>72</Height></GUILayoutItem><GUILayoutItem><Name>Sequence_67</Name><X>3320</X><Y>1096</Y><Width>120</Width><SpacingWidth>696</SpacingWidth><DescendantWidth>696</DescendantWidth><Height>96</Height></GUILayoutItem><GUILayoutItem><Name>Sequence_37</Name><X>3176</X><Y>1232</Y><Width>120</Width><SpacingWidth>408</SpacingWidth><DescendantWidth>408</DescendantWidth><Height>96</Height></GUILayoutItem><GUILayoutItem><Name>FirstRow_TRX</Name><X>3184</X><Y>1248</Y><Width>104</Width><SpacingWidth>0</SpacingWidth><DescendantWidth>0</DescendantWidth><Height>72</Height></GUILayoutItem><GUILayoutItem><Name>Sequence_38</Name><X>3032</X><Y>1368</Y><Width>120</Width><SpacingWidth>120</SpacingWidth><DescendantWidth>0</DescendantWidth><Height>96</Height></GUILayoutItem><GUILayoutItem><Name>AssignTableHdr_TRX</Name><X>3040</X><Y>1384</Y><Width>104</Width><SpacingWidth>0</SpacingWidth><DescendantWidth>0</DescendantWidth><Height>72</Height></GUILayoutItem><GUILayoutItem><Name>Sequence_39</Name><X>3176</X><Y>1368</Y><Width>120</Width><SpacingWidth>120</SpacingWidth><DescendantWidth>0</DescendantWidth><Height>96</Height></GUILayoutItem><GUILayoutItem><Name>NotTableHDR_TRX</Name><X>3184</X><Y>1384</Y><Width>104</Width><SpacingWidth>0</SpacingWidth><DescendantWidth>0</DescendantWidth><Height>72</Height></GUILayoutItem><GUILayoutItem><Name>Sequence_61</Name><X>3320</X><Y>1368</Y><Width>120</Width><SpacingWidth>120</SpacingWidth><DescendantWidth>0</DescendantWidth><Height>96</Height></GUILayoutItem><GUILayoutItem><Name>AssignDataVal_TRX</Name><X>3328</X><Y>1384</Y><Width>104</Width><SpacingWidth>0</SpacingWidth><DescendantWidth>0</DescendantWidth><Height>72</Height></GUILayoutItem><GUILayoutItem><Name>Sequence_40</Name><X>3536</X><Y>1232</Y><Width>120</Width><SpacingWidth>264</SpacingWidth><DescendantWidth>264</DescendantWidth><Height>96</Height></GUILayoutItem><GUILayoutItem><Name>FIX_bgColor_TRX</Name><X>3544</X><Y>1248</Y><Width>104</Width><SpacingWidth>0</SpacingWidth><DescendantWidth>0</DescendantWidth><Height>72</Height></GUILayoutItem><GUILayoutItem><Name>Sequence_41</Name><X>3464</X><Y>1368</Y><Width>120</Width><SpacingWidth>120</SpacingWidth><DescendantWidth>0</DescendantWidth><Height>96</Height></GUILayoutItem><GUILayoutItem><Name>AssignFFFFFF_TRX</Name><X>3472</X><Y>1384</Y><Width>104</Width><SpacingWidth>0</SpacingWidth><DescendantWidth>0</DescendantWidth><Height>72</Height></GUILayoutItem><GUILayoutItem><Name>Sequence_42</Name><X>3608</X><Y>1368</Y><Width>120</Width><SpacingWidth>120</SpacingWidth><DescendantWidth>0</DescendantWidth><Height>96</Height></GUILayoutItem><GUILayoutItem><Name>AssignEFEFEF_TRX</Name><X>3616</X><Y>1384</Y><Width>104</Width><SpacingWidth>0</SpacingWidth><DescendantWidth>0</DescendantWidth><Height>72</Height></GUILayoutItem><GUILayoutItem><Name>Sequence_36</Name><X>3752</X><Y>960</Y><Width>120</Width><SpacingWidth>120</SpacingWidth><DescendantWidth>0</DescendantWidth><Height>96</Height></GUILayoutItem><GUILayoutItem><Name>Sequence_31</Name><X>3896</X><Y>552</Y><Width>120</Width><SpacingWidth>120</SpacingWidth><DescendantWidth>120</DescendantWidth><Height>96</Height></GUILayoutItem><GUILayoutItem><Name>Catch_TRX</Name><X>3904</X><Y>568</Y><Width>104</Width><SpacingWidth>0</SpacingWidth><DescendantWidth>0</DescendantWidth><Height>72</Height></GUILayoutItem><GUILayoutItem><Name>Sequence_32</Name><X>3896</X><Y>688</Y><Width>120</Width><SpacingWidth>120</SpacingWidth><DescendantWidth>0</DescendantWidth><Height>96</Height></GUILayoutItem><GUILayoutItem><Name>ShowCatch_TRX</Name><X>3904</X><Y>704</Y><Width>104</Width><SpacingWidth>0</SpacingWidth><DescendantWidth>0</DescendantWidth><Height>72</Height></GUILayoutItem><GUILayoutItem><Name>Sequence_69</Name><X>4688</X><Y>416</Y><Width>120</Width><SpacingWidth>1416</SpacingWidth><DescendantWidth>1416</DescendantWidth><Height>96</Height></GUILayoutItem><GUILayoutItem><Name>RunQuery_TRX_TST</Name><X>4696</X><Y>432</Y><Width>104</Width><SpacingWidth>0</SpacingWidth><DescendantWidth>0</DescendantWidth><Height>72</Height></GUILayoutItem><GUILayoutItem><Name>Sequence_70</Name><X>4688</X><Y>552</Y><Width>120</Width><SpacingWidth>1416</SpacingWidth><DescendantWidth>1416</DescendantWidth><Height>96</Height></GUILayoutItem><GUILayoutItem><Name>NotEmpty_TRX_TST</Name><X>4696</X><Y>568</Y><Width>104</Width><SpacingWidth>0</SpacingWidth><DescendantWidth>0</DescendantWidth><Height>72</Height></GUILayoutItem><GUILayoutItem><Name>Sequence_71</Name><X>4616</X><Y>688</Y><Width>120</Width><SpacingWidth>1272</SpacingWidth><DescendantWidth>1272</DescendantWidth><Height>96</Height></GUILayoutItem><GUILayoutItem><Name>RepeatOnRow_TRX_TST</Name><X>4624</X><Y>704</Y><Width>104</Width><SpacingWidth>0</SpacingWidth><DescendantWidth>0</DescendantWidth><Height>72</Height></GUILayoutItem><GUILayoutItem><Name>Sequence_73</Name><X>4616</X><Y>824</Y><Width>120</Width><SpacingWidth>1272</SpacingWidth><DescendantWidth>1272</DescendantWidth><Height>96</Height></GUILayoutItem><GUILayoutItem><Name>Sequence_75</Name><X>4040</X><Y>960</Y><Width>120</Width><SpacingWidth>120</SpacingWidth><DescendantWidth>120</DescendantWidth><Height>96</Height></GUILayoutItem><GUILayoutItem><Name>Sequence_76</Name><X>4040</X><Y>1096</Y><Width>120</Width><SpacingWidth>120</SpacingWidth><DescendantWidth>0</DescendantWidth><Height>96</Height></GUILayoutItem><GUILayoutItem><Name>Sequence_43</Name><X>4688</X><Y>960</Y><Width>120</Width><SpacingWidth>1128</SpacingWidth><DescendantWidth>1128</DescendantWidth><Height>96</Height></GUILayoutItem><GUILayoutItem><Name>Exception_Enabler_TST</Name><X>4696</X><Y>976</Y><Width>104</Width><SpacingWidth>0</SpacingWidth><DescendantWidth>0</DescendantWidth><Height>72</Height></GUILayoutItem><GUILayoutItem><Name>Sequence_44</Name><X>4616</X><Y>1096</Y><Width>120</Width><SpacingWidth>984</SpacingWidth><DescendantWidth>984</DescendantWidth><Height>96</Height></GUILayoutItem><GUILayoutItem><Name>RunQuery_TST</Name><X>4624</X><Y>1112</Y><Width>104</Width><SpacingWidth>0</SpacingWidth><DescendantWidth>0</DescendantWidth><Height>72</Height></GUILayoutItem><GUILayoutItem><Name>Sequence_47</Name><X>4616</X><Y>1232</Y><Width>120</Width><SpacingWidth>984</SpacingWidth><DescendantWidth>984</DescendantWidth><Height>96</Height></GUILayoutItem><GUILayoutItem><Name>Success_TST</Name><X>4624</X><Y>1248</Y><Width>104</Width><SpacingWidth>0</SpacingWidth><DescendantWidth>0</DescendantWidth><Height>72</Height></GUILayoutItem><GUILayoutItem><Name>Sequence_48</Name><X>4616</X><Y>1368</Y><Width>120</Width><SpacingWidth>984</SpacingWidth><DescendantWidth>984</DescendantWidth><Height>96</Height></GUILayoutItem><GUILayoutItem><Name>NotEmpty_TST</Name><X>4624</X><Y>1384</Y><Width>104</Width><SpacingWidth>0</SpacingWidth><DescendantWidth>0</DescendantWidth><Height>72</Height></GUILayoutItem><GUILayoutItem><Name>Sequence_49</Name><X>4544</X><Y>1504</Y><Width>120</Width><SpacingWidth>840</SpacingWidth><DescendantWidth>840</DescendantWidth><Height>96</Height></GUILayoutItem><GUILayoutItem><Name>RepeatOnRow_TST</Name><X>4552</X><Y>1520</Y><Width>104</Width><SpacingWidth>0</SpacingWidth><DescendantWidth>0</DescendantWidth><Height>72</Height></GUILayoutItem><GUILayoutItem><Name>Sequence_68</Name><X>4544</X><Y>1640</Y><Width>120</Width><SpacingWidth>840</SpacingWidth><DescendantWidth>840</DescendantWidth><Height>96</Height></GUILayoutItem><GUILayoutItem><Name>Sequence_50</Name><X>4400</X><Y>1776</Y><Width>120</Width><SpacingWidth>552</SpacingWidth><DescendantWidth>552</DescendantWidth><Height>96</Height></GUILayoutItem><GUILayoutItem><Name>FirstRow_TST</Name><X>4408</X><Y>1792</Y><Width>104</Width><SpacingWidth>0</SpacingWidth><DescendantWidth>0</DescendantWidth><Height>72</Height></GUILayoutItem><GUILayoutItem><Name>Sequence_52</Name><X>4256</X><Y>1912</Y><Width>120</Width><SpacingWidth>264</SpacingWidth><DescendantWidth>264</DescendantWidth><Height>96</Height></GUILayoutItem><GUILayoutItem><Name>FirstRow_TRX_TST</Name><X>4264</X><Y>1928</Y><Width>104</Width><SpacingWidth>0</SpacingWidth><DescendantWidth>0</DescendantWidth><Height>72</Height></GUILayoutItem><GUILayoutItem><Name>Sequence_72</Name><X>4184</X><Y>2048</Y><Width>120</Width><SpacingWidth>120</SpacingWidth><DescendantWidth>0</DescendantWidth><Height>96</Height></GUILayoutItem><GUILayoutItem><Name>AsignTableHdr_TST</Name><X>4192</X><Y>2064</Y><Width>104</Width><SpacingWidth>0</SpacingWidth><DescendantWidth>0</DescendantWidth><Height>72</Height></GUILayoutItem><GUILayoutItem><Name>Sequence_74</Name><X>4328</X><Y>2048</Y><Width>120</Width><SpacingWidth>120</SpacingWidth><DescendantWidth>0</DescendantWidth><Height>96</Height></GUILayoutItem><GUILayoutItem><Name>AsignTableHdr_TRX_TST</Name><X>4336</X><Y>2064</Y><Width>104</Width><SpacingWidth>0</SpacingWidth><DescendantWidth>0</DescendantWidth><Height>72</Height></GUILayoutItem><GUILayoutItem><Name>Sequence_53</Name><X>4472</X><Y>1912</Y><Width>120</Width><SpacingWidth>120</SpacingWidth><DescendantWidth>0</DescendantWidth><Height>96</Height></GUILayoutItem><GUILayoutItem><Name>NotTableHdr_TST</Name><X>4480</X><Y>1928</Y><Width>104</Width><SpacingWidth>0</SpacingWidth><DescendantWidth>0</DescendantWidth><Height>72</Height></GUILayoutItem><GUILayoutItem><Name>Sequence_62</Name><X>4616</X><Y>1912</Y><Width>120</Width><SpacingWidth>120</SpacingWidth><DescendantWidth>120</DescendantWidth><Height>96</Height></GUILayoutItem><GUILayoutItem><Name>AssignDataVal_TST</Name><X>4624</X><Y>1928</Y><Width>104</Width><SpacingWidth>0</SpacingWidth><DescendantWidth>0</DescendantWidth><Height>72</Height></GUILayoutItem><GUILayoutItem><Name>Sequence_63</Name><X>4616</X><Y>2048</Y><Width>120</Width><SpacingWidth>120</SpacingWidth><DescendantWidth>120</DescendantWidth><Height>96</Height></GUILayoutItem><GUILayoutItem><Name>LastRow_TST</Name><X>4624</X><Y>2064</Y><Width>104</Width><SpacingWidth>0</SpacingWidth><DescendantWidth>0</DescendantWidth><Height>72</Height></GUILayoutItem><GUILayoutItem><Name>Sequence_64</Name><X>4616</X><Y>2184</Y><Width>120</Width><SpacingWidth>120</SpacingWidth><DescendantWidth>0</DescendantWidth><Height>96</Height></GUILayoutItem><GUILayoutItem><Name>AssignTableFooter_TST</Name><X>4624</X><Y>2200</Y><Width>104</Width><SpacingWidth>0</SpacingWidth><DescendantWidth>0</DescendantWidth><Height>72</Height></GUILayoutItem><GUILayoutItem><Name>Sequence_51</Name><X>4832</X><Y>1776</Y><Width>120</Width><SpacingWidth>264</SpacingWidth><DescendantWidth>264</DescendantWidth><Height>96</Height></GUILayoutItem><GUILayoutItem><Name>FIX_bgColor_TST</Name><X>4840</X><Y>1792</Y><Width>104</Width><SpacingWidth>0</SpacingWidth><DescendantWidth>0</DescendantWidth><Height>72</Height></GUILayoutItem><GUILayoutItem><Name>Sequence_54</Name><X>4760</X><Y>1912</Y><Width>120</Width><SpacingWidth>120</SpacingWidth><DescendantWidth>0</DescendantWidth><Height>96</Height></GUILayoutItem><GUILayoutItem><Name>AssignFFFFFF_TST</Name><X>4768</X><Y>1928</Y><Width>104</Width><SpacingWidth>0</SpacingWidth><DescendantWidth>0</DescendantWidth><Height>72</Height></GUILayoutItem><GUILayoutItem><Name>Sequence_55</Name><X>4904</X><Y>1912</Y><Width>120</Width><SpacingWidth>120</SpacingWidth><DescendantWidth>0</DescendantWidth><Height>96</Height></GUILayoutItem><GUILayoutItem><Name>AssignEFEFEF_TST</Name><X>4912</X><Y>1928</Y><Width>104</Width><SpacingWidth>0</SpacingWidth><DescendantWidth>0</DescendantWidth><Height>72</Height></GUILayoutItem><GUILayoutItem><Name>Sequence_45</Name><X>5192</X><Y>1096</Y><Width>120</Width><SpacingWidth>120</SpacingWidth><DescendantWidth>120</DescendantWidth><Height>96</Height></GUILayoutItem><GUILayoutItem><Name>Catch_TST</Name><X>5200</X><Y>1112</Y><Width>104</Width><SpacingWidth>0</SpacingWidth><DescendantWidth>0</DescendantWidth><Height>72</Height></GUILayoutItem><GUILayoutItem><Name>Sequence_46</Name><X>5192</X><Y>1232</Y><Width>120</Width><SpacingWidth>120</SpacingWidth><DescendantWidth>0</DescendantWidth><Height>96</Height></GUILayoutItem><GUILayoutItem><Name>ShowCatch_TST</Name><X>5200</X><Y>1248</Y><Width>104</Width><SpacingWidth>0</SpacingWidth><DescendantWidth>0</DescendantWidth><Height>72</Height></GUILayoutItem><GUILayoutItem><Name>Sequence_78</Name><X>368</X><Y>552</Y><Width>120</Width><SpacingWidth>840</SpacingWidth><DescendantWidth>840</DescendantWidth><Height>96</Height></GUILayoutItem><GUILayoutItem><Name>Sequence_80</Name><X>872</X><Y>688</Y><Width>120</Width><SpacingWidth>120</SpacingWidth><DescendantWidth>0</DescendantWidth><Height>96</Height></GUILayoutItem><GUILayoutItem><Name>Sequence_79</Name><X>872</X><Y>552</Y><Width>120</Width><SpacingWidth>120</SpacingWidth><DescendantWidth>120</DescendantWidth><Height>96</Height></GUILayoutItem><GUILayoutItem><Name>Catch_ORD</Name><X>880</X><Y>568</Y><Width>104</Width><SpacingWidth>0</SpacingWidth><DescendantWidth>0</DescendantWidth><Height>72</Height></GUILayoutItem><GUILayoutItem><Name>ShowCatch_ORD</Name><X>880</X><Y>704</Y><Width>104</Width><SpacingWidth>0</SpacingWidth><DescendantWidth>0</DescendantWidth><Height>72</Height></GUILayoutItem><GUILayoutItem><Name>RunQuery_ORD</Name><X>376</X><Y>568</Y><Width>104</Width><SpacingWidth>0</SpacingWidth><DescendantWidth>0</DescendantWidth><Height>72</Height></GUILayoutItem><GUILayoutItem><Name>Sequence_81</Name><X>368</X><Y>688</Y><Width>120</Width><SpacingWidth>840</SpacingWidth><DescendantWidth>840</DescendantWidth><Height>96</Height></GUILayoutItem><GUILayoutItem><Name>Success_ORD</Name><X>376</X><Y>704</Y><Width>104</Width><SpacingWidth>0</SpacingWidth><DescendantWidth>0</DescendantWidth><Height>72</Height></GUILayoutItem><GUILayoutItem><Name>Sequence_82</Name><X>368</X><Y>824</Y><Width>120</Width><SpacingWidth>840</SpacingWidth><DescendantWidth>840</DescendantWidth><Height>96</Height></GUILayoutItem><GUILayoutItem><Name>NotEmpty_ORD</Name><X>376</X><Y>840</Y><Width>104</Width><SpacingWidth>0</SpacingWidth><DescendantWidth>0</DescendantWidth><Height>72</Height></GUILayoutItem><GUILayoutItem><Name>Sequence_83</Name><X>296</X><Y>960</Y><Width>120</Width><SpacingWidth>696</SpacingWidth><DescendantWidth>696</DescendantWidth><Height>96</Height></GUILayoutItem><GUILayoutItem><Name>RepeatOnRow_ORD</Name><X>304</X><Y>976</Y><Width>104</Width><SpacingWidth>0</SpacingWidth><DescendantWidth>0</DescendantWidth><Height>72</Height></GUILayoutItem><GUILayoutItem><Name>Sequence_84</Name><X>296</X><Y>1096</Y><Width>120</Width><SpacingWidth>696</SpacingWidth><DescendantWidth>696</DescendantWidth><Height>96</Height></GUILayoutItem><GUILayoutItem><Name>Sequence_85</Name><X>152</X><Y>1232</Y><Width>120</Width><SpacingWidth>408</SpacingWidth><DescendantWidth>408</DescendantWidth><Height>96</Height></GUILayoutItem><GUILayoutItem><Name>FirstRow_ORD</Name><X>160</X><Y>1248</Y><Width>104</Width><SpacingWidth>0</SpacingWidth><DescendantWidth>0</DescendantWidth><Height>72</Height></GUILayoutItem><GUILayoutItem><Name>Sequence_86</Name><X>8</X><Y>1368</Y><Width>120</Width><SpacingWidth>120</SpacingWidth><DescendantWidth>0</DescendantWidth><Height>96</Height></GUILayoutItem><GUILayoutItem><Name>Sequence_87</Name><X>152</X><Y>1368</Y><Width>120</Width><SpacingWidth>120</SpacingWidth><DescendantWidth>0</DescendantWidth><Height>96</Height></GUILayoutItem><GUILayoutItem><Name>Sequence_88</Name><X>296</X><Y>1368</Y><Width>120</Width><SpacingWidth>120</SpacingWidth><DescendantWidth>0</DescendantWidth><Height>96</Height></GUILayoutItem><GUILayoutItem><Name>Sequence_89</Name><X>512</X><Y>1232</Y><Width>120</Width><SpacingWidth>264</SpacingWidth><DescendantWidth>264</DescendantWidth><Height>96</Height></GUILayoutItem><GUILayoutItem><Name>FIX_bgColor_ORD</Name><X>520</X><Y>1248</Y><Width>104</Width><SpacingWidth>0</SpacingWidth><DescendantWidth>0</DescendantWidth><Height>72</Height></GUILayoutItem><GUILayoutItem><Name>Sequence_90</Name><X>440</X><Y>1368</Y><Width>120</Width><SpacingWidth>120</SpacingWidth><DescendantWidth>0</DescendantWidth><Height>96</Height></GUILayoutItem><GUILayoutItem><Name>Sequence_91</Name><X>584</X><Y>1368</Y><Width>120</Width><SpacingWidth>120</SpacingWidth><DescendantWidth>0</DescendantWidth><Height>96</Height></GUILayoutItem><GUILayoutItem><Name>AssignFFFFFF_ORD</Name><X>448</X><Y>1384</Y><Width>104</Width><SpacingWidth>0</SpacingWidth><DescendantWidth>0</DescendantWidth><Height>72</Height></GUILayoutItem><GUILayoutItem><Name>AssignEFEFEF_ORD</Name><X>592</X><Y>1384</Y><Width>104</Width><SpacingWidth>0</SpacingWidth><DescendantWidth>0</DescendantWidth><Height>72</Height></GUILayoutItem><GUILayoutItem><Name>AssignTableHdr_ORD</Name><X>16</X><Y>1384</Y><Width>104</Width><SpacingWidth>0</SpacingWidth><DescendantWidth>0</DescendantWidth><Height>72</Height></GUILayoutItem><GUILayoutItem><Name>NotTableHdr_ORD</Name><X>160</X><Y>1384</Y><Width>104</Width><SpacingWidth>0</SpacingWidth><DescendantWidth>0</DescendantWidth><Height>72</Height></GUILayoutItem><GUILayoutItem><Name>AssignDataVal_ORD</Name><X>304</X><Y>1384</Y><Width>104</Width><SpacingWidth>0</SpacingWidth><DescendantWidth>0</DescendantWidth><Height>72</Height></GUILayoutItem><GUILayoutItem><Name>Sequence_56</Name><X>5480</X><Y>416</Y><Width>120</Width><SpacingWidth>120</SpacingWidth><DescendantWidth>120</DescendantWidth><Height>96</Height></GUILayoutItem><GUILayoutItem><Name>AssignMsgFtr</Name><X>5488</X><Y>432</Y><Width>104</Width><SpacingWidth>0</SpacingWidth><DescendantWidth>0</DescendantWidth><Height>72</Height></GUILayoutItem><GUILayoutItem><Name>Sequence_57</Name><X>5480</X><Y>552</Y><Width>120</Width><SpacingWidth>120</SpacingWidth><DescendantWidth>120</DescendantWidth><Height>96</Height></GUILayoutItem><GUILayoutItem><Name>ShowHtml</Name><X>5488</X><Y>568</Y><Width>104</Width><SpacingWidth>0</SpacingWidth><DescendantWidth>0</DescendantWidth><Height>72</Height></GUILayoutItem><GUILayoutItem><Name>Sequence_58</Name><X>5480</X><Y>688</Y><Width>120</Width><SpacingWidth>120</SpacingWidth><DescendantWidth>0</DescendantWidth><Height>96</Height></GUILayoutItem><GUILayoutItem><Name>AssignResult</Name><X>5488</X><Y>704</Y><Width>104</Width><SpacingWidth>0</SpacingWidth><DescendantWidth>0</DescendantWidth><Height>72</Height></GUILayoutItem><GUILayoutItem><Name>Sequence_92</Name><X>2744</X><Y>144</Y><Width>120</Width><SpacingWidth>5592</SpacingWidth><DescendantWidth>5592</DescendantWidth><Height>96</Height></GUILayoutItem><GUILayoutItem><Name>AssignMsgHdr</Name><X>2752</X><Y>160</Y><Width>104</Width><SpacingWidth>0</SpacingWidth><DescendantWidth>0</DescendantWidth><Height>72</Height></GUILayoutItem><GUILayoutItem><Name>Sequence_93</Name><X>728</X><Y>960</Y><Width>120</Width><SpacingWidth>120</SpacingWidth><DescendantWidth>0</DescendantWidth><Height>96</Height></GUILayoutItem><GUILayoutItem><Name>ShowEmpty_ORD</Name><X>736</X><Y>976</Y><Width>104</Width><SpacingWidth>0</SpacingWidth><DescendantWidth>0</DescendantWidth><Height>72</Height></GUILayoutItem><GUILayoutItem><Name>ShowEmpty_DEF</Name><X>1744</X><Y>976</Y><Width>104</Width><SpacingWidth>0</SpacingWidth><DescendantWidth>0</DescendantWidth><Height>72</Height></GUILayoutItem><GUILayoutItem><Name>ShowEmpty_REW</Name><X>2752</X><Y>976</Y><Width>104</Width><SpacingWidth>0</SpacingWidth><DescendantWidth>0</DescendantWidth><Height>72</Height></GUILayoutItem><GUILayoutItem><Name>ShowEmpty_TRX</Name><X>3760</X><Y>976</Y><Width>104</Width><SpacingWidth>0</SpacingWidth><DescendantWidth>0</DescendantWidth><Height>72</Height></GUILayoutItem><GUILayoutItem><Name>Sequence_94</Name><X>5336</X><Y>688</Y><Width>120</Width><SpacingWidth>120</SpacingWidth><DescendantWidth>0</DescendantWidth><Height>96</Height></GUILayoutItem><GUILayoutItem><Name>ShowEmpty_TRX_TST</Name><X>5344</X><Y>704</Y><Width>104</Width><SpacingWidth>0</SpacingWidth><DescendantWidth>0</DescendantWidth><Height>72</Height></GUILayoutItem><GUILayoutItem><Name>Sequence_95</Name><X>5048</X><Y>1504</Y><Width>120</Width><SpacingWidth>120</SpacingWidth><DescendantWidth>0</DescendantWidth><Height>96</Height></GUILayoutItem><GUILayoutItem><Name>ShowEmpty_TST</Name><X>5056</X><Y>1520</Y><Width>104</Width><SpacingWidth>0</SpacingWidth><DescendantWidth>0</DescendantWidth><Height>72</Height></GUILayoutItem></Layout><Actions><ContextItem><Name>ShowParam</Name><Description/><MinRange>0</MinRange><MaxRange>0</MaxRange><Value xsi:type="Tracer"><Message/><Level>INFO</Level></Value><ReadOnly>false</ReadOnly><AlertXMLAssigned>false</AlertXMLAssigned></ContextItem><ContextItem><Name>AssignSerNum</Name><Description/><MinRange>0</MinRange><MaxRange>0</MaxRange><Value xsi:type="Assignment"/><ReadOnly>false</ReadOnly><AlertXMLAssigned>false</AlertXMLAssigned></ContextItem><ContextItem><Name>Exception_Enabler_ORD</Name><Description/><MinRange>0</MinRange><MaxRange>0</MaxRange><Value xsi:type="ExceptionEnabler"><EnableActionExceptions>true</EnableActionExceptions><EnableLinkExceptions>true</EnableLinkExceptions></Value><ReadOnly>false</ReadOnly><AlertXMLAssigned>false</AlertXMLAssigned></ContextItem><ContextItem><Name>Exception_Enabler_DEF</Name><Description/><MinRange>0</MinRange><MaxRange>0</MaxRange><Value xsi:type="ExceptionEnabler"><EnableActionExceptions>true</EnableActionExceptions><EnableLinkExceptions>true</EnableLinkExceptions></Value><ReadOnly>false</ReadOnly><AlertXMLAssigned>false</AlertXMLAssigned></ContextItem><ContextItem><Name>RunQuery_DEF</Name><Description/><MinRange>0</MinRange><MaxRange>0</MaxRange><Value xsi:type="IlluminatorSQLQueryObject"><Timeout>60</Timeout><QueryParameters/><QueryTemplate>MESM/REPORTS/QUERIES/get_ItemTraceRep_OperationsDefects</QueryTemplate><QueryStartDate>2015-10-27T17:01:59</QueryStartDate><QueryEndDate>2015-10-27T17:01:59</QueryEndDate><SQLTransaction/><Results><ReferenceDocumentSource/>&lt;?xml version="1.0" encoding="UTF-8"?&gt;&lt;Rowsets CachedTime="" DateCreated="2017-01-27T15:57:25" EndDate="2017-01-27T15:57:25" StartDate="2017-01-27T14:57:25" Version="15.0 SP7 Patch 12 (07-Sep-2016)"&gt;&lt;Rowset&gt;&lt;Columns&gt;&lt;Column Description="operationName" MaxRange="1" MinRange="0" Name="operationName" SQLDataType="12" SourceColumn="operationName"/&gt;&lt;Column Description="notifTagValue" MaxRange="1" MinRange="0" Name="notifTagValue" SQLDataType="12" SourceColumn="notifTagValue"/&gt;&lt;Column Description="CreatedOn" MaxRange="1" MinRange="0" Name="CreatedOn" SQLDataType="-9" SourceColumn="CreatedOn"/&gt;&lt;Column Description="notifRecordID" MaxRange="1" MinRange="0" Name="notifRecordID" SQLDataType="-5" SourceColumn="notifRecordID"/&gt;&lt;Column Description="error_code" MaxRange="1" MinRange="0" Name="error_code" SQLDataType="12" SourceColumn="error_code"/&gt;&lt;/Columns&gt;&lt;Row&gt;&lt;operationName&gt;VWC_SUBASSY_OP220&lt;/operationName&gt;&lt;notifTagValue&gt;FAIL&lt;/notifTagValue&gt;&lt;CreatedOn&gt;2017-01-25 16:10:33&lt;/CreatedOn&gt;&lt;notifRecordID&gt;279257&lt;/notifRecordID&gt;&lt;error_code&gt;0&lt;/error_code&gt;&lt;/Row&gt;&lt;Row&gt;&lt;operationName&gt;VWC_FINASSY_OP110&lt;/operationName&gt;&lt;notifTagValue&gt;FAIL&lt;/notifTagValue&gt;&lt;CreatedOn&gt;2017-01-27 12:26:44&lt;/CreatedOn&gt;&lt;notifRecordID&gt;280011&lt;/notifRecordID&gt;&lt;error_code&gt;0&lt;/error_code&gt;&lt;/Row&gt;&lt;/Rowset&gt;&lt;/Rowsets&gt;</Results><TagList/></Value><SchemaURI/><SchemaElement/><ValidateXMLOnExecution>1</ValidateXMLOnExecution><ReadOnly>false</ReadOnly><AlertXMLAssigned>false</AlertXMLAssigned></ContextItem><ContextItem><Name>Success_DEF</Name><Description/><MinRange>0</MinRange><MaxRange>0</MaxRange><Value xsi:type="ConditionalAction"><Output>false</Output><InputCount>1</InputCount><LogicalAnd>false</LogicalAnd><Input1>false</Input1></Value><ReadOnly>false</ReadOnly><AlertXMLAssigned>false</AlertXMLAssigned></ContextItem><ContextItem><Name>NotEmpty_DEF</Name><Description/><MinRange>0</MinRange><MaxRange>0</MaxRange><Value xsi:type="ConditionalAction"><Output>false</Output><InputCount>1</InputCount><LogicalAnd>false</LogicalAnd><Input1>false</Input1></Value><ReadOnly>false</ReadOnly><AlertXMLAssigned>false</AlertXMLAssigned></ContextItem><ContextItem><Name>RepeatOnRow_DEF</Name><Description/><MinRange>0</MinRange><MaxRange>0</MaxRange><Value xsi:type="RepeaterAction"><Output><ReferenceDocumentSource/>&lt;?xml version="1.0" encoding="UTF-8"?&gt;&lt;Row&gt;&lt;operationName&gt;VWC_SUBASSY_OP220&lt;/operationName&gt;&lt;notifTagValue&gt;FAIL&lt;/notifTagValue&gt;&lt;CreatedOn&gt;2017-01-25 16:10:33&lt;/CreatedOn&gt;&lt;notifRecordID&gt;279257&lt;/notifRecordID&gt;&lt;error_code&gt;0&lt;/error_code&gt;&lt;/Row&gt;</Output><Break>false</Break><ItemCount>0</ItemCount><CurrentItem>0</CurrentItem><Source>RunQuery_DEF.Results{/Rowsets/Rowset/Row}</Source><Item><ReferenceDocumentSource/>&lt;?xml version="1.0" encoding="UTF-8"?&gt;&lt;Row&gt;&lt;operationName&gt;VWC_SUBASSY_OP220&lt;/operationName&gt;&lt;notifTagValue&gt;FAIL&lt;/notifTagValue&gt;&lt;CreatedOn&gt;2017-01-25 16:10:33&lt;/CreatedOn&gt;&lt;notifRecordID&gt;279257&lt;/notifRecordID&gt;&lt;error_code&gt;0&lt;/error_code&gt;&lt;/Row&gt;</Item></Value><SchemaURI/><SchemaElement/><ValidateXMLOnExecution>1</ValidateXMLOnExecution><SchemaURI/><SchemaElement/><ValidateXMLOnExecution>1</ValidateXMLOnExecution><ReadOnly>false</ReadOnly><AlertXMLAssigned>false</AlertXMLAssigned></ContextItem><ContextItem><Name>FirstRow_DEF</Name><Description/><MinRange>0</MinRange><MaxRange>0</MaxRange><Value xsi:type="ConditionalAction"><Output>false</Output><InputCount>1</InputCount><LogicalAnd>false</LogicalAnd><Input1>false</Input1></Value><ReadOnly>false</ReadOnly><AlertXMLAssigned>false</AlertXMLAssigned></ContextItem><ContextItem><Name>AssignTableHdr_DEF</Name><Description/><MinRange>0</MinRange><MaxRange>0</MaxRange><Value xsi:type="Assignment"/><ReadOnly>false</ReadOnly><AlertXMLAssigned>false</AlertXMLAssigned></ContextItem><ContextItem><Name>NotTableHdr_DEF</Name><Description/><MinRange>0</MinRange><MaxRange>0</MaxRange><Value xsi:type="Tracer"><Message/><Level>INFO</Level></Value><ReadOnly>false</ReadOnly><AlertXMLAssigned>false</AlertXMLAssigned></ContextItem><ContextItem><Name>AssignDataVal_DEF</Name><Description/><MinRange>0</MinRange><MaxRange>0</MaxRange><Value xsi:type="Assignment"/><ReadOnly>false</ReadOnly><AlertXMLAssigned>false</AlertXMLAssigned></ContextItem><ContextItem><Name>FIX_bgColor_DEF</Name><Description/><MinRange>0</MinRange><MaxRange>0</MaxRange><Value xsi:type="ConditionalAction"><Output>false</Output><InputCount>1</InputCount><LogicalAnd>false</LogicalAnd><Input1>false</Input1></Value><ReadOnly>false</ReadOnly><AlertXMLAssigned>false</AlertXMLAssigned></ContextItem><ContextItem><Name>AssignFFFFFF_DEF</Name><Description/><MinRange>0</MinRange><MaxRange>0</MaxRange><Value xsi:type="Assignment"/><ReadOnly>false</ReadOnly><AlertXMLAssigned>false</AlertXMLAssigned></ContextItem><ContextItem><Name>AssignEFEFEF_DEF</Name><Description/><MinRange>0</MinRange><MaxRange>0</MaxRange><Value xsi:type="Assignment"/><ReadOnly>false</ReadOnly><AlertXMLAssigned>false</AlertXMLAssigned></ContextItem><ContextItem><Name>Catch_DEF</Name><Description/><MinRange>0</MinRange><MaxRange>0</MaxRange><Value xsi:type="CatchAction"/><ReadOnly>false</ReadOnly><AlertXMLAssigned>false</AlertXMLAssigned></ContextItem><ContextItem><Name>ShowCatch_DEF</Name><Description/><MinRange>0</MinRange><MaxRange>0</MaxRange><Value xsi:type="Tracer"><Message/><Level>INFO</Level></Value><ReadOnly>false</ReadOnly><AlertXMLAssigned>false</AlertXMLAssigned></ContextItem><ContextItem><Name>Exception_Enabler_REW</Name><Description/><MinRange>0</MinRange><MaxRange>0</MaxRange><Value xsi:type="ExceptionEnabler"><EnableActionExceptions>true</EnableActionExceptions><EnableLinkExceptions>true</EnableLinkExceptions></Value><ReadOnly>false</ReadOnly><AlertXMLAssigned>false</AlertXMLAssigned></ContextItem><ContextItem><Name>RunQuery_REW</Name><Description/><MinRange>0</MinRange><MaxRange>0</MaxRange><Value xsi:type="IlluminatorSQLQueryObject"><Timeout>60</Timeout><QueryParameters/><QueryTemplate>MESM/REPORTS/QUERIES/get_ItemTraceRep_OperationsRework</QueryTemplate><QueryStartDate>2015-10-27T17:01:59</QueryStartDate><QueryEndDate>2015-10-27T17:01:59</QueryEndDate><SQLTransaction/><Results><ReferenceDocumentSource/>&lt;?xml version="1.0" encoding="UTF-8"?&gt;&lt;Rowsets CachedTime="" DateCreated="2017-01-27T16:05:10" EndDate="2017-01-27T16:05:10" StartDate="2017-01-27T15:05:10" Version="15.0 SP7 Patch 12 (07-Sep-2016)"&gt;&lt;Rowset&gt;&lt;Columns&gt;&lt;Column Description="operationName" MaxRange="1" MinRange="0" Name="operationName" SQLDataType="12" SourceColumn="operationName"/&gt;&lt;Column Description="notifTagValue" MaxRange="1" MinRange="0" Name="notifTagValue" SQLDataType="12" SourceColumn="notifTagValue"/&gt;&lt;Column Description="CreatedOn" MaxRange="1" MinRange="0" Name="CreatedOn" SQLDataType="-9" SourceColumn="CreatedOn"/&gt;&lt;Column Description="notifRecordID" MaxRange="1" MinRange="0" Name="notifRecordID" SQLDataType="-5" SourceColumn="notifRecordID"/&gt;&lt;Column Description="error_code" MaxRange="1" MinRange="0" Name="error_code" SQLDataType="12" SourceColumn="error_code"/&gt;&lt;/Columns&gt;&lt;Row&gt;&lt;operationName&gt;VWC_SUBASSY_OP020&lt;/operationName&gt;&lt;notifTagValue&gt;PASS&lt;/notifTagValue&gt;&lt;CreatedOn&gt;2017-01-26 12:40:00&lt;/CreatedOn&gt;&lt;notifRecordID&gt;279796&lt;/notifRecordID&gt;&lt;error_code&gt;0&lt;/error_code&gt;&lt;/Row&gt;&lt;/Rowset&gt;&lt;/Rowsets&gt;</Results><TagList/></Value><SchemaURI/><SchemaElement/><ValidateXMLOnExecution>1</ValidateXMLOnExecution><ReadOnly>false</ReadOnly><AlertXMLAssigned>false</AlertXMLAssigned></ContextItem><ContextItem><Name>Success_REW</Name><Description/><MinRange>0</MinRange><MaxRange>0</MaxRange><Value xsi:type="ConditionalAction"><Output>false</Output><InputCount>1</InputCount><LogicalAnd>false</LogicalAnd><Input1>false</Input1></Value><ReadOnly>false</ReadOnly><AlertXMLAssigned>false</AlertXMLAssigned></ContextItem><ContextItem><Name>NotEmpty_REW</Name><Description/><MinRange>0</MinRange><MaxRange>0</MaxRange><Value xsi:type="ConditionalAction"><Output>false</Output><InputCount>1</InputCount><LogicalAnd>false</LogicalAnd><Input1>false</Input1></Value><ReadOnly>false</ReadOnly><AlertXMLAssigned>false</AlertXMLAssigned></ContextItem><ContextItem><Name>RepeatOnRow_REW</Name><Description/><MinRange>0</MinRange><MaxRange>0</MaxRange><Value xsi:type="RepeaterAction"><Output><ReferenceDocumentSource/>&lt;?xml version="1.0" encoding="UTF-8"?&gt;&lt;Row&gt;&lt;operationName&gt;VWC_SUBASSY_OP020&lt;/operationName&gt;&lt;notifTagValue&gt;PASS&lt;/notifTagValue&gt;&lt;CreatedOn&gt;2017-01-26 12:40:00&lt;/CreatedOn&gt;&lt;notifRecordID&gt;279796&lt;/notifRecordID&gt;&lt;error_code&gt;0&lt;/error_code&gt;&lt;/Row&gt;</Output><Break>false</Break><ItemCount>0</ItemCount><CurrentItem>0</CurrentItem><Source>RunQuery_REW.Results{/Rowsets/Rowset/Row}</Source><Item><ReferenceDocumentSource/>&lt;?xml version="1.0" encoding="UTF-8"?&gt;&lt;Row&gt;&lt;operationName&gt;VWC_SUBASSY_OP020&lt;/operationName&gt;&lt;notifTagValue&gt;PASS&lt;/notifTagValue&gt;&lt;CreatedOn&gt;2017-01-26 12:40:00&lt;/CreatedOn&gt;&lt;notifRecordID&gt;279796&lt;/notifRecordID&gt;&lt;error_code&gt;0&lt;/error_code&gt;&lt;/Row&gt;</Item></Value><SchemaURI/><SchemaElement/><ValidateXMLOnExecution>1</ValidateXMLOnExecution><SchemaURI/><SchemaElement/><ValidateXMLOnExecution>1</ValidateXMLOnExecution><ReadOnly>false</ReadOnly><AlertXMLAssigned>false</AlertXMLAssigned></ContextItem><ContextItem><Name>FirstRow_REW</Name><Description/><MinRange>0</MinRange><MaxRange>0</MaxRange><Value xsi:type="ConditionalAction"><Output>false</Output><InputCount>1</InputCount><LogicalAnd>false</LogicalAnd><Input1>false</Input1></Value><ReadOnly>false</ReadOnly><AlertXMLAssigned>false</AlertXMLAssigned></ContextItem><ContextItem><Name>AssignTableHdr_REW</Name><Description/><MinRange>0</MinRange><MaxRange>0</MaxRange><Value xsi:type="Assignment"/><ReadOnly>false</ReadOnly><AlertXMLAssigned>false</AlertXMLAssigned></ContextItem><ContextItem><Name>NotTableHdr_REW</Name><Description/><MinRange>0</MinRange><MaxRange>0</MaxRange><Value xsi:type="Tracer"><Message/><Level>INFO</Level></Value><ReadOnly>false</ReadOnly><AlertXMLAssigned>false</AlertXMLAssigned></ContextItem><ContextItem><Name>AssignDataVal_REW</Name><Description/><MinRange>0</MinRange><MaxRange>0</MaxRange><Value xsi:type="Assignment"/><ReadOnly>false</ReadOnly><AlertXMLAssigned>false</AlertXMLAssigned></ContextItem><ContextItem><Name>FIX_bgColor_REW</Name><Description/><MinRange>0</MinRange><MaxRange>0</MaxRange><Value xsi:type="ConditionalAction"><Output>false</Output><InputCount>1</InputCount><LogicalAnd>false</LogicalAnd><Input1>false</Input1></Value><ReadOnly>false</ReadOnly><AlertXMLAssigned>false</AlertXMLAssigned></ContextItem><ContextItem><Name>AssignFFFFFF_REW</Name><Description/><MinRange>0</MinRange><MaxRange>0</MaxRange><Value xsi:type="Assignment"/><ReadOnly>false</ReadOnly><AlertXMLAssigned>false</AlertXMLAssigned></ContextItem><ContextItem><Name>AssignEFEFEF_REW</Name><Description/><MinRange>0</MinRange><MaxRange>0</MaxRange><Value xsi:type="Assignment"/><ReadOnly>false</ReadOnly><AlertXMLAssigned>false</AlertXMLAssigned></ContextItem><ContextItem><Name>Catch_REW</Name><Description/><MinRange>0</MinRange><MaxRange>0</MaxRange><Value xsi:type="CatchAction"/><ReadOnly>false</ReadOnly><AlertXMLAssigned>false</AlertXMLAssigned></ContextItem><ContextItem><Name>ShowCatch_REW</Name><Description/><MinRange>0</MinRange><MaxRange>0</MaxRange><Value xsi:type="Tracer"><Message/><Level>INFO</Level></Value><ReadOnly>false</ReadOnly><AlertXMLAssigned>false</AlertXMLAssigned></ContextItem><ContextItem><Name>Exception_Enabler_TRX</Name><Description/><MinRange>0</MinRange><MaxRange>0</MaxRange><Value xsi:type="ExceptionEnabler"><EnableActionExceptions>true</EnableActionExceptions><EnableLinkExceptions>true</EnableLinkExceptions></Value><ReadOnly>false</ReadOnly><AlertXMLAssigned>false</AlertXMLAssigned></ContextItem><ContextItem><Name>RunQuery_TRX</Name><Description/><MinRange>0</MinRange><MaxRange>0</MaxRange><Value xsi:type="IlluminatorSQLQueryObject"><Timeout>60</Timeout><QueryParameters/><QueryTemplate>MESM/REPORTS/QUERIES/get_ItemTraceRep_OperationsStarts</QueryTemplate><QueryStartDate>2015-10-27T17:01:59</QueryStartDate><QueryEndDate>2015-10-27T17:01:59</QueryEndDate><SQLTransaction/><Results><ReferenceDocumentSource/>&lt;?xml version="1.0" encoding="UTF-8"?&gt;&lt;Rowsets CachedTime="" DateCreated="2017-02-21T17:57:04" EndDate="2017-02-21T17:57:04" StartDate="2017-02-21T16:57:04" Version="15.0 SP7 Patch 12 (07-Sep-2016)"&gt;&lt;Rowset&gt;&lt;Columns&gt;&lt;Column Description="notifTagValue" MaxRange="1" MinRange="0" Name="notifTagValue" SQLDataType="12" SourceColumn="notifTagValue"/&gt;&lt;Column Description="CreatedOn" MaxRange="1" MinRange="0" Name="CreatedOn" SQLDataType="-9" SourceColumn="CreatedOn"/&gt;&lt;Column Description="notifRecordID" MaxRange="1" MinRange="0" Name="notifRecordID" SQLDataType="-5" SourceColumn="notifRecordID"/&gt;&lt;Column Description="operationName" MaxRange="1" MinRange="0" Name="operationName" SQLDataType="-9" SourceColumn="operationName"/&gt;&lt;Column Description="transactionType" MaxRange="1" MinRange="0" Name="transactionType" SQLDataType="4" SourceColumn="transactionType"/&gt;&lt;/Columns&gt;&lt;Row&gt;&lt;notifTagValue&gt;UNKNOWN&lt;/notifTagValue&gt;&lt;CreatedOn&gt;2016-09-08 16:05:57&lt;/CreatedOn&gt;&lt;notifRecordID&gt;1325&lt;/notifRecordID&gt;&lt;operationName&gt;VWC_SUBASSY_OP010&lt;/operationName&gt;&lt;transactionType&gt;10&lt;/transactionType&gt;&lt;/Row&gt;&lt;Row&gt;&lt;notifTagValue&gt;UNKNOWN&lt;/notifTagValue&gt;&lt;CreatedOn&gt;2016-09-08 16:06:10&lt;/CreatedOn&gt;&lt;notifRecordID&gt;1326&lt;/notifRecordID&gt;&lt;operationName&gt;VWC_SUBASSY_OP010&lt;/operationName&gt;&lt;transactionType&gt;16&lt;/transactionType&gt;&lt;/Row&gt;&lt;Row&gt;&lt;notifTagValue&gt;UNKNOWN&lt;/notifTagValue&gt;&lt;CreatedOn&gt;2016-09-08 16:07:00&lt;/CreatedOn&gt;&lt;notifRecordID&gt;1327&lt;/notifRecordID&gt;&lt;operationName&gt;VWC_SUBASSY_OP070&lt;/operationName&gt;&lt;transactionType&gt;16&lt;/transactionType&gt;&lt;/Row&gt;&lt;Row&gt;&lt;notifTagValue&gt;UNKNOWN&lt;/notifTagValue&gt;&lt;CreatedOn&gt;2016-09-08 16:08:17&lt;/CreatedOn&gt;&lt;notifRecordID&gt;1328&lt;/notifRecordID&gt;&lt;operationName&gt;VWC_SUBASSY_OP080&lt;/operationName&gt;&lt;transactionType&gt;16&lt;/transactionType&gt;&lt;/Row&gt;&lt;Row&gt;&lt;notifTagValue&gt;UNKNOWN&lt;/notifTagValue&gt;&lt;CreatedOn&gt;2016-09-08 16:27:42&lt;/CreatedOn&gt;&lt;notifRecordID&gt;1329&lt;/notifRecordID&gt;&lt;operationName&gt;VWC_SUBASSY_OP040&lt;/operationName&gt;&lt;transactionType&gt;16&lt;/transactionType&gt;&lt;/Row&gt;&lt;Row&gt;&lt;notifTagValue&gt;UNKNOWN&lt;/notifTagValue&gt;&lt;CreatedOn&gt;2016-09-08 16:29:34&lt;/CreatedOn&gt;&lt;notifRecordID&gt;1331&lt;/notifRecordID&gt;&lt;operationName&gt;VWC_SUBASSY_OP030&lt;/operationName&gt;&lt;transactionType&gt;16&lt;/transactionType&gt;&lt;/Row&gt;&lt;Row&gt;&lt;notifTagValue&gt;UNKNOWN&lt;/notifTagValue&gt;&lt;CreatedOn&gt;2016-09-08 16:30:19&lt;/CreatedOn&gt;&lt;notifRecordID&gt;1332&lt;/notifRecordID&gt;&lt;operationName&gt;VWC_SUBASSY_OP050&lt;/operationName&gt;&lt;transactionType&gt;16&lt;/transactionType&gt;&lt;/Row&gt;&lt;Row&gt;&lt;notifTagValue&gt;UNKNOWN&lt;/notifTagValue&gt;&lt;CreatedOn&gt;2016-09-08 16:31:28&lt;/CreatedOn&gt;&lt;notifRecordID&gt;1333&lt;/notifRecordID&gt;&lt;operationName&gt;VWC_SUBASSY_OP060&lt;/operationName&gt;&lt;transactionType&gt;16&lt;/transactionType&gt;&lt;/Row&gt;&lt;Row&gt;&lt;notifTagValue&gt;UNKNOWN&lt;/notifTagValue&gt;&lt;CreatedOn&gt;2016-09-09 07:30:52&lt;/CreatedOn&gt;&lt;notifRecordID&gt;1348&lt;/notifRecordID&gt;&lt;operationName&gt;VWC_SUBASSY_OP140&lt;/operationName&gt;&lt;transactionType&gt;16&lt;/transactionType&gt;&lt;/Row&gt;&lt;/Rowset&gt;&lt;/Rowsets&gt;</Results><TagList/></Value><SchemaURI/><SchemaElement/><ValidateXMLOnExecution>1</ValidateXMLOnExecution><ReadOnly>false</ReadOnly><AlertXMLAssigned>false</AlertXMLAssigned></ContextItem><ContextItem><Name>Success_TRX</Name><Description/><MinRange>0</MinRange><MaxRange>0</MaxRange><Value xsi:type="ConditionalAction"><Output>false</Output><InputCount>1</InputCount><LogicalAnd>false</LogicalAnd><Input1>false</Input1></Value><ReadOnly>false</ReadOnly><AlertXMLAssigned>false</AlertXMLAssigned></ContextItem><ContextItem><Name>NotEmpty_TRX</Name><Description/><MinRange>0</MinRange><MaxRange>0</MaxRange><Value xsi:type="ConditionalAction"><Output>false</Output><InputCount>1</InputCount><LogicalAnd>false</LogicalAnd><Input1>false</Input1></Value><ReadOnly>false</ReadOnly><AlertXMLAssigned>false</AlertXMLAssigned></ContextItem><ContextItem><Name>RepeatOnRow_TRX</Name><Description/><MinRange>0</MinRange><MaxRange>0</MaxRange><Value xsi:type="RepeaterAction"><Output><ReferenceDocumentSource/>&lt;?xml version="1.0" encoding="UTF-8"?&gt;&lt;Row&gt;&lt;notifTagValue&gt;UNKNOWN&lt;/notifTagValue&gt;&lt;CreatedOn&gt;2016-09-08 16:05:57&lt;/CreatedOn&gt;&lt;notifRecordID&gt;1325&lt;/notifRecordID&gt;&lt;operationName&gt;VWC_SUBASSY_OP010&lt;/operationName&gt;&lt;transactionType&gt;10&lt;/transactionType&gt;&lt;/Row&gt;</Output><Break>false</Break><ItemCount>0</ItemCount><CurrentItem>0</CurrentItem><Source>RunQuery_TRX.Results{/Rowsets/Rowset/Row}</Source><Item><ReferenceDocumentSource/>&lt;?xml version="1.0" encoding="UTF-8"?&gt;&lt;Row&gt;&lt;notifTagValue&gt;UNKNOWN&lt;/notifTagValue&gt;&lt;CreatedOn&gt;2016-09-08 16:05:57&lt;/CreatedOn&gt;&lt;notifRecordID&gt;1325&lt;/notifRecordID&gt;&lt;operationName&gt;VWC_SUBASSY_OP010&lt;/operationName&gt;&lt;transactionType&gt;10&lt;/transactionType&gt;&lt;/Row&gt;</Item></Value><SchemaURI/><SchemaElement/><ValidateXMLOnExecution>1</ValidateXMLOnExecution><SchemaURI/><SchemaElement/><ValidateXMLOnExecution>1</ValidateXMLOnExecution><ReadOnly>false</ReadOnly><AlertXMLAssigned>false</AlertXMLAssigned></ContextItem><ContextItem><Name>FirstRow_TRX</Name><Description/><MinRange>0</MinRange><MaxRange>0</MaxRange><Value xsi:type="ConditionalAction"><Output>false</Output><InputCount>1</InputCount><LogicalAnd>false</LogicalAnd><Input1>false</Input1></Value><ReadOnly>false</ReadOnly><AlertXMLAssigned>false</AlertXMLAssigned></ContextItem><ContextItem><Name>AssignTableHdr_TRX</Name><Description/><MinRange>0</MinRange><MaxRange>0</MaxRange><Value xsi:type="Assignment"/><ReadOnly>false</ReadOnly><AlertXMLAssigned>false</AlertXMLAssigned></ContextItem><ContextItem><Name>NotTableHDR_TRX</Name><Description/><MinRange>0</MinRange><MaxRange>0</MaxRange><Value xsi:type="Tracer"><Message/><Level>INFO</Level></Value><ReadOnly>false</ReadOnly><AlertXMLAssigned>false</AlertXMLAssigned></ContextItem><ContextItem><Name>AssignDataVal_TRX</Name><Description/><MinRange>0</MinRange><MaxRange>0</MaxRange><Value xsi:type="Assignment"/><ReadOnly>false</ReadOnly><AlertXMLAssigned>false</AlertXMLAssigned></ContextItem><ContextItem><Name>FIX_bgColor_TRX</Name><Description/><MinRange>0</MinRange><MaxRange>0</MaxRange><Value xsi:type="ConditionalAction"><Output>false</Output><InputCount>1</InputCount><LogicalAnd>false</LogicalAnd><Input1>false</Input1></Value><ReadOnly>false</ReadOnly><AlertXMLAssigned>false</AlertXMLAssigned></ContextItem><ContextItem><Name>AssignFFFFFF_TRX</Name><Description/><MinRange>0</MinRange><MaxRange>0</MaxRange><Value xsi:type="Assignment"/><ReadOnly>false</ReadOnly><AlertXMLAssigned>false</AlertXMLAssigned></ContextItem><ContextItem><Name>AssignEFEFEF_TRX</Name><Description/><MinRange>0</MinRange><MaxRange>0</MaxRange><Value xsi:type="Assignment"/><ReadOnly>false</ReadOnly><AlertXMLAssigned>false</AlertXMLAssigned></ContextItem><ContextItem><Name>Catch_TRX</Name><Description/><MinRange>0</MinRange><MaxRange>0</MaxRange><Value xsi:type="CatchAction"/><ReadOnly>false</ReadOnly><AlertXMLAssigned>false</AlertXMLAssigned></ContextItem><ContextItem><Name>ShowCatch_TRX</Name><Description/><MinRange>0</MinRange><MaxRange>0</MaxRange><Value xsi:type="Tracer"><Message/><Level>INFO</Level></Value><ReadOnly>false</ReadOnly><AlertXMLAssigned>false</AlertXMLAssigned></ContextItem><ContextItem><Name>RunQuery_TRX_TST</Name><Description/><MinRange>0</MinRange><MaxRange>0</MaxRange><Value xsi:type="IlluminatorSQLQueryObject"><Timeout>60</Timeout><QueryParameters/><QueryTemplate>MESM/REPORTS/QUERIES/get_ItemTraceRep_OperationsStarts</QueryTemplate><QueryStartDate>2015-10-27T17:01:59</QueryStartDate><QueryEndDate>2015-10-27T17:01:59</QueryEndDate><SQLTransaction/><Results><ReferenceDocumentSource/>&lt;?xml version="1.0" encoding="UTF-8"?&gt;&lt;Rowsets CachedTime="" DateCreated="2017-02-21T19:42:22" EndDate="2017-02-21T19:42:22" StartDate="2017-02-21T18:42:22" Version="15.0 SP7 Patch 12 (07-Sep-2016)"&gt;&lt;Rowset&gt;&lt;Columns&gt;&lt;Column Description="notifTagValue" MaxRange="1" MinRange="0" Name="notifTagValue" SQLDataType="12" SourceColumn="notifTagValue"/&gt;&lt;Column Description="CreatedOn" MaxRange="1" MinRange="0" Name="CreatedOn" SQLDataType="-9" SourceColumn="CreatedOn"/&gt;&lt;Column Description="notifRecordID" MaxRange="1" MinRange="0" Name="notifRecordID" SQLDataType="-5" SourceColumn="notifRecordID"/&gt;&lt;Column Description="operationName" MaxRange="1" MinRange="0" Name="operationName" SQLDataType="-9" SourceColumn="operationName"/&gt;&lt;Column Description="transactionType" MaxRange="1" MinRange="0" Name="transactionType" SQLDataType="4" SourceColumn="transactionType"/&gt;&lt;/Columns&gt;&lt;Row&gt;&lt;notifTagValue&gt;PASS&lt;/notifTagValue&gt;&lt;CreatedOn&gt;2017-02-21 06:29:44&lt;/CreatedOn&gt;&lt;notifRecordID&gt;286040&lt;/notifRecordID&gt;&lt;operationName&gt;VWC_SUBASSY_OP010&lt;/operationName&gt;&lt;transactionType&gt;10&lt;/transactionType&gt;&lt;/Row&gt;&lt;Row&gt;&lt;notifTagValue&gt;PASS&lt;/notifTagValue&gt;&lt;CreatedOn&gt;2017-02-21 06:30:11&lt;/CreatedOn&gt;&lt;notifRecordID&gt;286041&lt;/notifRecordID&gt;&lt;operationName&gt;VWC_SUBASSY_OP010&lt;/operationName&gt;&lt;transactionType&gt;16&lt;/transactionType&gt;&lt;/Row&gt;&lt;Row&gt;&lt;notifTagValue&gt;PASS&lt;/notifTagValue&gt;&lt;CreatedOn&gt;2017-02-21 06:31:17&lt;/CreatedOn&gt;&lt;notifRecordID&gt;286042&lt;/notifRecordID&gt;&lt;operationName&gt;VWC_SUBASSY_OP020&lt;/operationName&gt;&lt;transactionType&gt;16&lt;/transactionType&gt;&lt;/Row&gt;&lt;Row&gt;&lt;notifTagValue&gt;PASS&lt;/notifTagValue&gt;&lt;CreatedOn&gt;2017-02-21 06:33:19&lt;/CreatedOn&gt;&lt;notifRecordID&gt;286043&lt;/notifRecordID&gt;&lt;operationName&gt;VWC_SUBASSY_OP030&lt;/operationName&gt;&lt;transactionType&gt;16&lt;/transactionType&gt;&lt;/Row&gt;&lt;Row&gt;&lt;notifTagValue&gt;PASS&lt;/notifTagValue&gt;&lt;CreatedOn&gt;2017-02-21 06:34:18&lt;/CreatedOn&gt;&lt;notifRecordID&gt;286046&lt;/notifRecordID&gt;&lt;operationName&gt;VWC_SUBASSY_OP040&lt;/operationName&gt;&lt;transactionType&gt;16&lt;/transactionType&gt;&lt;/Row&gt;&lt;Row&gt;&lt;notifTagValue&gt;PASS&lt;/notifTagValue&gt;&lt;CreatedOn&gt;2017-02-21 06:36:59&lt;/CreatedOn&gt;&lt;notifRecordID&gt;286049&lt;/notifRecordID&gt;&lt;operationName&gt;VWC_SUBASSY_OP050&lt;/operationName&gt;&lt;transactionType&gt;16&lt;/transactionType&gt;&lt;/Row&gt;&lt;Row&gt;&lt;notifTagValue&gt;PASS&lt;/notifTagValue&gt;&lt;CreatedOn&gt;2017-02-21 06:37:54&lt;/CreatedOn&gt;&lt;notifRecordID&gt;286051&lt;/notifRecordID&gt;&lt;operationName&gt;VWC_SUBASSY_OP060&lt;/operationName&gt;&lt;transactionType&gt;16&lt;/transactionType&gt;&lt;/Row&gt;&lt;Row&gt;&lt;notifTagValue&gt;PASS&lt;/notifTagValue&gt;&lt;CreatedOn&gt;2017-02-21 06:39:12&lt;/CreatedOn&gt;&lt;notifRecordID&gt;286052&lt;/notifRecordID&gt;&lt;operationName&gt;VWC_SUBASSY_OP070&lt;/operationName&gt;&lt;transactionType&gt;16&lt;/transactionType&gt;&lt;/Row&gt;&lt;Row&gt;&lt;notifTagValue&gt;PASS&lt;/notifTagValue&gt;&lt;CreatedOn&gt;2017-02-21 06:40:17&lt;/CreatedOn&gt;&lt;notifRecordID&gt;286053&lt;/notifRecordID&gt;&lt;operationName&gt;VWC_SUBASSY_OP080&lt;/operationName&gt;&lt;transactionType&gt;16&lt;/transactionType&gt;&lt;/Row&gt;&lt;Row&gt;&lt;notifTagValue&gt;PASS&lt;/notifTagValue&gt;&lt;CreatedOn&gt;2017-02-21 06:41:47&lt;/CreatedOn&gt;&lt;notifRecordID&gt;286054&lt;/notifRecordID&gt;&lt;operationName&gt;VWC_SUBASSY_OP090&lt;/operationName&gt;&lt;transactionType&gt;16&lt;/transactionType&gt;&lt;/Row&gt;&lt;Row&gt;&lt;notifTagValue&gt;PASS&lt;/notifTagValue&gt;&lt;CreatedOn&gt;2017-02-21 06:43:18&lt;/CreatedOn&gt;&lt;notifRecordID&gt;286056&lt;/notifRecordID&gt;&lt;operationName&gt;VWC_SUBASSY_OP100&lt;/operationName&gt;&lt;transactionType&gt;16&lt;/transactionType&gt;&lt;/Row&gt;&lt;Row&gt;&lt;notifTagValue&gt;PASS&lt;/notifTagValue&gt;&lt;CreatedOn&gt;2017-02-21 06:44:11&lt;/CreatedOn&gt;&lt;notifRecordID&gt;286057&lt;/notifRecordID&gt;&lt;operationName&gt;VWC_SUBASSY_OP110&lt;/operationName&gt;&lt;transactionType&gt;16&lt;/transactionType&gt;&lt;/Row&gt;&lt;Row&gt;&lt;notifTagValue&gt;PASS&lt;/notifTagValue&gt;&lt;CreatedOn&gt;2017-02-21 06:48:57&lt;/CreatedOn&gt;&lt;notifRecordID&gt;286063&lt;/notifRecordID&gt;&lt;operationName&gt;VWC_SUBASSY_OP120&lt;/operationName&gt;&lt;transactionType&gt;16&lt;/transactionType&gt;&lt;/Row&gt;&lt;Row&gt;&lt;notifTagValue&gt;PASS&lt;/notifTagValue&gt;&lt;CreatedOn&gt;2017-02-21 06:51:34&lt;/CreatedOn&gt;&lt;notifRecordID&gt;286066&lt;/notifRecordID&gt;&lt;operationName&gt;VWC_SUBASSY_OP140&lt;/operationName&gt;&lt;transactionType&gt;16&lt;/transactionType&gt;&lt;/Row&gt;&lt;Row&gt;&lt;notifTagValue&gt;PASS&lt;/notifTagValue&gt;&lt;CreatedOn&gt;2017-02-21 06:52:29&lt;/CreatedOn&gt;&lt;notifRecordID&gt;286068&lt;/notifRecordID&gt;&lt;operationName&gt;VWC_SUBASSY_OP150&lt;/operationName&gt;&lt;transactionType&gt;16&lt;/transactionType&gt;&lt;/Row&gt;&lt;Row&gt;&lt;notifTagValue&gt;PASS&lt;/notifTagValue&gt;&lt;CreatedOn&gt;2017-02-21 06:57:36&lt;/CreatedOn&gt;&lt;notifRecordID&gt;286069&lt;/notifRecordID&gt;&lt;operationName&gt;VWC_SUBASSY_OP160&lt;/operationName&gt;&lt;transactionType&gt;16&lt;/transactionType&gt;&lt;/Row&gt;&lt;Row&gt;&lt;notifTagValue&gt;PASS&lt;/notifTagValue&gt;&lt;CreatedOn&gt;2017-02-21 07:00:44&lt;/CreatedOn&gt;&lt;notifRecordID&gt;286070&lt;/notifRecordID&gt;&lt;operationName&gt;VWC_SUBASSY_OP170&lt;/operationName&gt;&lt;transactionType&gt;16&lt;/transactionType&gt;&lt;/Row&gt;&lt;Row&gt;&lt;notifTagValue&gt;PASS&lt;/notifTagValue&gt;&lt;CreatedOn&gt;2017-02-21 07:01:13&lt;/CreatedOn&gt;&lt;notifRecordID&gt;286071&lt;/notifRecordID&gt;&lt;operationName&gt;VWC_SUBASSY_OP180&lt;/operationName&gt;&lt;transactionType&gt;16&lt;/transactionType&gt;&lt;/Row&gt;&lt;Row&gt;&lt;notifTagValue&gt;PASS&lt;/notifTagValue&gt;&lt;CreatedOn&gt;2017-02-21 07:02:26&lt;/CreatedOn&gt;&lt;notifRecordID&gt;286072&lt;/notifRecordID&gt;&lt;operationName&gt;VWC_SUBASSY_OP190&lt;/operationName&gt;&lt;transactionType&gt;16&lt;/transactionType&gt;&lt;/Row&gt;&lt;Row&gt;&lt;notifTagValue&gt;PASS&lt;/notifTagValue&gt;&lt;CreatedOn&gt;2017-02-21 07:07:09&lt;/CreatedOn&gt;&lt;notifRecordID&gt;286073&lt;/notifRecordID&gt;&lt;operationName&gt;VWC_SUBASSY_OP200&lt;/operationName&gt;&lt;transactionType&gt;16&lt;/transactionType&gt;&lt;/Row&gt;&lt;Row&gt;&lt;notifTagValue&gt;PASS&lt;/notifTagValue&gt;&lt;CreatedOn&gt;2017-02-21 07:08:18&lt;/CreatedOn&gt;&lt;notifRecordID&gt;286075&lt;/notifRecordID&gt;&lt;operationName&gt;VWC_SUBASSY_OP210&lt;/operationName&gt;&lt;transactionType&gt;16&lt;/transactionType&gt;&lt;/Row&gt;&lt;Row&gt;&lt;notifTagValue&gt;PASS&lt;/notifTagValue&gt;&lt;CreatedOn&gt;2017-02-21 07:10:00&lt;/CreatedOn&gt;&lt;notifRecordID&gt;286076&lt;/notifRecordID&gt;&lt;operationName&gt;VWC_SUBASSY_OP220&lt;/operationName&gt;&lt;transactionType&gt;16&lt;/transactionType&gt;&lt;/Row&gt;&lt;/Rowset&gt;&lt;/Rowsets&gt;</Results><TagList/></Value><SchemaURI/><SchemaElement/><ValidateXMLOnExecution>1</ValidateXMLOnExecution><ReadOnly>false</ReadOnly><AlertXMLAssigned>false</AlertXMLAssigned></ContextItem><ContextItem><Name>NotEmpty_TRX_TST</Name><Description/><MinRange>0</MinRange><MaxRange>0</MaxRange><Value xsi:type="ConditionalAction"><Output>false</Output><InputCount>2</InputCount><LogicalAnd>true</LogicalAnd><Input1>false</Input1><Input2>false</Input2></Value><ReadOnly>false</ReadOnly><AlertXMLAssigned>false</AlertXMLAssigned></ContextItem><ContextItem><Name>RepeatOnRow_TRX_TST</Name><Description/><MinRange>0</MinRange><MaxRange>0</MaxRange><Value xsi:type="RepeaterAction"><Output><ReferenceDocumentSource/>&lt;?xml version="1.0" encoding="UTF-8"?&gt;&lt;Row&gt;&lt;notifTagValue&gt;PASS&lt;/notifTagValue&gt;&lt;CreatedOn&gt;2017-02-21 06:29:44&lt;/CreatedOn&gt;&lt;notifRecordID&gt;286040&lt;/notifRecordID&gt;&lt;operationName&gt;VWC_SUBASSY_OP010&lt;/operationName&gt;&lt;transactionType&gt;10&lt;/transactionType&gt;&lt;/Row&gt;</Output><Break>false</Break><ItemCount>0</ItemCount><CurrentItem>0</CurrentItem><Source>RunQuery_TRX_TST.Results{/Rowsets/Rowset/Row}</Source><Item><ReferenceDocumentSource/>&lt;?xml version="1.0" encoding="UTF-8"?&gt;&lt;Row&gt;&lt;notifTagValue&gt;PASS&lt;/notifTagValue&gt;&lt;CreatedOn&gt;2017-02-21 06:29:44&lt;/CreatedOn&gt;&lt;notifRecordID&gt;286040&lt;/notifRecordID&gt;&lt;operationName&gt;VWC_SUBASSY_OP010&lt;/operationName&gt;&lt;transactionType&gt;10&lt;/transactionType&gt;&lt;/Row&gt;</Item></Value><SchemaURI/><SchemaElement/><ValidateXMLOnExecution>1</ValidateXMLOnExecution><SchemaURI/><SchemaElement/><ValidateXMLOnExecution>1</ValidateXMLOnExecution><ReadOnly>false</ReadOnly><AlertXMLAssigned>false</AlertXMLAssigned></ContextItem><ContextItem><Name>Exception_Enabler_TST</Name><Description/><MinRange>0</MinRange><MaxRange>0</MaxRange><Value xsi:type="ExceptionEnabler"><EnableActionExceptions>true</EnableActionExceptions><EnableLinkExceptions>true</EnableLinkExceptions></Value><ReadOnly>false</ReadOnly><AlertXMLAssigned>false</AlertXMLAssigned></ContextItem><ContextItem><Name>RunQuery_TST</Name><Description/><MinRange>0</MinRange><MaxRange>0</MaxRange><Value xsi:type="IlluminatorSQLQueryObject"><Timeout>60</Timeout><QueryParameters/><QueryTemplate>MESM/REPORTS/QUERIES/get_ItemTraceRep_TestsDataForOperation</QueryTemplate><QueryStartDate>2015-10-27T17:01:59</QueryStartDate><QueryEndDate>2015-10-27T17:01:59</QueryEndDate><SQLTransaction/><Results><ReferenceDocumentSource/>&lt;?xml version="1.0" encoding="UTF-8"?&gt;&lt;Rowsets CachedTime="" DateCreated="2017-02-21T19:42:54" EndDate="2017-02-21T19:42:54" StartDate="2017-02-21T18:42:54" Version="15.0 SP7 Patch 12 (07-Sep-2016)"&gt;&lt;Rowset&gt;&lt;Columns&gt;&lt;Column Description="serialNumber" MaxRange="1" MinRange="0" Name="serialNumber" SQLDataType="12" SourceColumn="serialNumber"/&gt;&lt;Column Description="uom" MaxRange="1" MinRange="0" Name="uom" SQLDataType="-9" SourceColumn="uom"/&gt;&lt;Column Description="notifTagValue" MaxRange="1" MinRange="0" Name="notifTagValue" SQLDataType="12" SourceColumn="notifTagValue"/&gt;&lt;Column Description="notifTagID" MaxRange="1" MinRange="0" Name="notifTagID" SQLDataType="-5" SourceColumn="notifTagID"/&gt;&lt;Column Description="notifRecordID" MaxRange="1" MinRange="0" Name="notifRecordID" SQLDataType="-5" SourceColumn="notifRecordID"/&gt;&lt;Column Description="descriptionDefined" MaxRange="1" MinRange="0" Name="descriptionDefined" SQLDataType="-9" SourceColumn="descriptionDefined"/&gt;&lt;Column Description="nameDefined" MaxRange="1" MinRange="0" Name="nameDefined" SQLDataType="-9" SourceColumn="nameDefined"/&gt;&lt;Column Description="operationName" MaxRange="1" MinRange="0" Name="operationName" SQLDataType="-9" SourceColumn="operationName"/&gt;&lt;Column Description="CreatedOn" MaxRange="1" MinRange="0" Name="CreatedOn" SQLDataType="-9" SourceColumn="CreatedOn"/&gt;&lt;/Columns&gt;&lt;/Rowset&gt;&lt;/Rowsets&gt;</Results><TagList/></Value><SchemaURI/><SchemaElement/><ValidateXMLOnExecution>1</ValidateXMLOnExecution><ReadOnly>false</ReadOnly><AlertXMLAssigned>false</AlertXMLAssigned></ContextItem><ContextItem><Name>Success_TST</Name><Description/><MinRange>0</MinRange><MaxRange>0</MaxRange><Value xsi:type="ConditionalAction"><Output>false</Output><InputCount>1</InputCount><LogicalAnd>false</LogicalAnd><Input1>false</Input1></Value><ReadOnly>false</ReadOnly><AlertXMLAssigned>false</AlertXMLAssigned></ContextItem><ContextItem><Name>NotEmpty_TST</Name><Description/><MinRange>0</MinRange><MaxRange>0</MaxRange><Value xsi:type="ConditionalAction"><Output>false</Output><InputCount>1</InputCount><LogicalAnd>false</LogicalAnd><Input1>false</Input1></Value><ReadOnly>false</ReadOnly><AlertXMLAssigned>false</AlertXMLAssigned></ContextItem><ContextItem><Name>RepeatOnRow_TST</Name><Description/><MinRange>0</MinRange><MaxRange>0</MaxRange><Value xsi:type="RepeaterAction"><Output><ReferenceDocumentSource/>&lt;?xml version="1.0" encoding="UTF-8"?&gt;&lt;Row&gt;&lt;serialNumber&gt;10023376B006E&lt;/serialNumber&gt;&lt;uom&gt;NONE&lt;/uom&gt;&lt;notifTagValue&gt;0&lt;/notifTagValue&gt;&lt;notifTagID&gt;318&lt;/notifTagID&gt;&lt;notifRecordID&gt;263617&lt;/notifRecordID&gt;&lt;descriptionDefined&gt;OP010 - Pinion Head Thickness (After Offset)&lt;/descriptionDefined&gt;&lt;nameDefined&gt;Pinion_Head_Thickness&lt;/nameDefined&gt;&lt;operationName&gt;VWC_SUBASSY_OP010&lt;/operationName&gt;&lt;CreatedOn&gt;2016-10-08 08:15:43&lt;/CreatedOn&gt;&lt;/Row&gt;</Output><Break>false</Break><ItemCount>0</ItemCount><CurrentItem>0</CurrentItem><Source>RunQuery_TST.Results{/Rowsets/Rowset/Row}</Source><Item><ReferenceDocumentSource/>&lt;?xml version="1.0" encoding="UTF-8"?&gt;&lt;Row&gt;&lt;serialNumber&gt;10023376B006E&lt;/serialNumber&gt;&lt;uom&gt;NONE&lt;/uom&gt;&lt;notifTagValue&gt;0&lt;/notifTagValue&gt;&lt;notifTagID&gt;318&lt;/notifTagID&gt;&lt;notifRecordID&gt;263617&lt;/notifRecordID&gt;&lt;descriptionDefined&gt;OP010 - Pinion Head Thickness (After Offset)&lt;/descriptionDefined&gt;&lt;nameDefined&gt;Pinion_Head_Thickness&lt;/nameDefined&gt;&lt;operationName&gt;VWC_SUBASSY_OP010&lt;/operationName&gt;&lt;CreatedOn&gt;2016-10-08 08:15:43&lt;/CreatedOn&gt;&lt;/Row&gt;</Item></Value><SchemaURI/><SchemaElement/><ValidateXMLOnExecution>1</ValidateXMLOnExecution><SchemaURI/><SchemaElement/><ValidateXMLOnExecution>1</ValidateXMLOnExecution><ReadOnly>false</ReadOnly><AlertXMLAssigned>false</AlertXMLAssigned></ContextItem><ContextItem><Name>FirstRow_TST</Name><Description/><MinRange>0</MinRange><MaxRange>0</MaxRange><Value xsi:type="ConditionalAction"><Output>false</Output><InputCount>1</InputCount><LogicalAnd>false</LogicalAnd><Input1>false</Input1></Value><ReadOnly>false</ReadOnly><AlertXMLAssigned>false</AlertXMLAssigned></ContextItem><ContextItem><Name>FirstRow_TRX_TST</Name><Description/><MinRange>0</MinRange><MaxRange>0</MaxRange><Value xsi:type="ConditionalAction"><Output>false</Output><InputCount>1</InputCount><LogicalAnd>false</LogicalAnd><Input1>false</Input1></Value><ReadOnly>false</ReadOnly><AlertXMLAssigned>false</AlertXMLAssigned></ContextItem><ContextItem><Name>AsignTableHdr_TST</Name><Description/><MinRange>0</MinRange><MaxRange>0</MaxRange><Value xsi:type="Assignment"/><ReadOnly>false</ReadOnly><AlertXMLAssigned>false</AlertXMLAssigned></ContextItem><ContextItem><Name>AsignTableHdr_TRX_TST</Name><Description/><MinRange>0</MinRange><MaxRange>0</MaxRange><Value xsi:type="Assignment"/><ReadOnly>false</ReadOnly><AlertXMLAssigned>false</AlertXMLAssigned></ContextItem><ContextItem><Name>NotTableHdr_TST</Name><Description/><MinRange>0</MinRange><MaxRange>0</MaxRange><Value xsi:type="Tracer"><Message/><Level>INFO</Level></Value><ReadOnly>false</ReadOnly><AlertXMLAssigned>false</AlertXMLAssigned></ContextItem><ContextItem><Name>AssignDataVal_TST</Name><Description/><MinRange>0</MinRange><MaxRange>0</MaxRange><Value xsi:type="Assignment"/><ReadOnly>false</ReadOnly><AlertXMLAssigned>false</AlertXMLAssigned></ContextItem><ContextItem><Name>LastRow_TST</Name><Description/><MinRange>0</MinRange><MaxRange>0</MaxRange><Value xsi:type="ConditionalAction"><Output>false</Output><InputCount>1</InputCount><LogicalAnd>false</LogicalAnd><Input1>false</Input1></Value><ReadOnly>false</ReadOnly><AlertXMLAssigned>false</AlertXMLAssigned></ContextItem><ContextItem><Name>AssignTableFooter_TST</Name><Description/><MinRange>0</MinRange><MaxRange>0</MaxRange><Value xsi:type="Assignment"/><ReadOnly>false</ReadOnly><AlertXMLAssigned>false</AlertXMLAssigned></ContextItem><ContextItem><Name>FIX_bgColor_TST</Name><Description/><MinRange>0</MinRange><MaxRange>0</MaxRange><Value xsi:type="ConditionalAction"><Output>false</Output><InputCount>1</InputCount><LogicalAnd>false</LogicalAnd><Input1>false</Input1></Value><ReadOnly>false</ReadOnly><AlertXMLAssigned>false</AlertXMLAssigned></ContextItem><ContextItem><Name>AssignFFFFFF_TST</Name><Description/><MinRange>0</MinRange><MaxRange>0</MaxRange><Value xsi:type="Assignment"/><ReadOnly>false</ReadOnly><AlertXMLAssigned>false</AlertXMLAssigned></ContextItem><ContextItem><Name>AssignEFEFEF_TST</Name><Description/><MinRange>0</MinRange><MaxRange>0</MaxRange><Value xsi:type="Assignment"/><ReadOnly>false</ReadOnly><AlertXMLAssigned>false</AlertXMLAssigned></ContextItem><ContextItem><Name>Catch_TST</Name><Description/><MinRange>0</MinRange><MaxRange>0</MaxRange><Value xsi:type="CatchAction"/><ReadOnly>false</ReadOnly><AlertXMLAssigned>false</AlertXMLAssigned></ContextItem><ContextItem><Name>ShowCatch_TST</Name><Description/><MinRange>0</MinRange><MaxRange>0</MaxRange><Value xsi:type="Tracer"><Message/><Level>INFO</Level></Value><ReadOnly>false</ReadOnly><AlertXMLAssigned>false</AlertXMLAssigned></ContextItem><ContextItem><Name>Catch_ORD</Name><Description/><MinRange>0</MinRange><MaxRange>0</MaxRange><Value xsi:type="CatchAction"/><ReadOnly>false</ReadOnly><AlertXMLAssigned>false</AlertXMLAssigned></ContextItem><ContextItem><Name>ShowCatch_ORD</Name><Description/><MinRange>0</MinRange><MaxRange>0</MaxRange><Value xsi:type="Tracer"><Message/><Level>INFO</Level></Value><ReadOnly>false</ReadOnly><AlertXMLAssigned>false</AlertXMLAssigned></ContextItem><ContextItem><Name>RunQuery_ORD</Name><Description/><MinRange>0</MinRange><MaxRange>0</MaxRange><Value xsi:type="IlluminatorSQLQueryObject"><Timeout>60</Timeout><QueryParameters/><QueryTemplate>MESM/REPORTS/QUERIES/get_OrderData</QueryTemplate><QueryStartDate>2015-10-27T17:01:59</QueryStartDate><QueryEndDate>2015-10-27T17:01:59</QueryEndDate><SQLTransaction/><Results><ReferenceDocumentSource/>&lt;?xml version="1.0" encoding="UTF-8"?&gt;&lt;Rowsets CachedTime="" DateCreated="2017-02-21T21:48:40" EndDate="2017-02-21T21:48:40" StartDate="2017-02-21T20:48:40" Version="15.0 SP7 Patch 12 (07-Sep-2016)"&gt;&lt;Rowset&gt;&lt;Columns&gt;&lt;Column Description="orderRecordID" MaxRange="1" MinRange="0" Name="orderRecordID" SQLDataType="-5" SourceColumn="orderRecordID"/&gt;&lt;Column Description="orderFirstID" MaxRange="1" MinRange="0" Name="orderFirstID" SQLDataType="-9" SourceColumn="orderFirstID"/&gt;&lt;Column Description="orderLastID" MaxRange="1" MinRange="0" Name="orderLastID" SQLDataType="-9" SourceColumn="orderLastID"/&gt;&lt;Column Description="leadingOrderID" MaxRange="1" MinRange="0" Name="leadingOrderID" SQLDataType="-9" SourceColumn="leadingOrderID"/&gt;&lt;Column Description="colectiveOrderID" MaxRange="1" MinRange="0" Name="colectiveOrderID" SQLDataType="-9" SourceColumn="colectiveOrderID"/&gt;&lt;Column Description="orderCategoryTypeID" MaxRange="1" MinRange="0" Name="orderCategoryTypeID" SQLDataType="4" SourceColumn="orderCategoryTypeID"/&gt;&lt;Column Description="plantID" MaxRange="1" MinRange="0" Name="plantID" SQLDataType="4" SourceColumn="plantID"/&gt;&lt;Column Description="lineID" MaxRange="1" MinRange="0" Name="lineID" SQLDataType="4" SourceColumn="lineID"/&gt;&lt;Column Description="workcenterID" MaxRange="1" MinRange="0" Name="workcenterID" SQLDataType="4" SourceColumn="workcenterID"/&gt;&lt;Column Description="orderSequence" MaxRange="1" MinRange="0" Name="orderSequence" SQLDataType="4" SourceColumn="orderSequence"/&gt;&lt;Column Description="materialID" MaxRange="1" MinRange="0" Name="materialID" SQLDataType="4" SourceColumn="materialID"/&gt;&lt;Column Description="routeID" MaxRange="1" MinRange="0" Name="routeID" SQLDataType="4" SourceColumn="routeID"/&gt;&lt;Column Description="materialRevision" MaxRange="1" MinRange="0" Name="materialRevision" SQLDataType="-9" SourceColumn="materialRevision"/&gt;&lt;Column Description="materialType" MaxRange="1" MinRange="0" Name="materialType" SQLDataType="4" SourceColumn="materialType"/&gt;&lt;Column Description="scheduledStart" MaxRange="1" MinRange="0" Name="scheduledStart" SQLDataType="93" SourceColumn="scheduledStart"/&gt;&lt;Column Description="scheduledFinish" MaxRange="1" MinRange="0" Name="scheduledFinish" SQLDataType="93" SourceColumn="scheduledFinish"/&gt;&lt;Column Description="scheduledQty" MaxRange="1" MinRange="0" Name="scheduledQty" SQLDataType="3" SourceColumn="scheduledQty"/&gt;&lt;Column Description="actualStart" MaxRange="1" MinRange="0" Name="actualStart" SQLDataType="93" SourceColumn="actualStart"/&gt;&lt;Column Description="actualFinish" MaxRange="1" MinRange="0" Name="actualFinish" SQLDataType="93" SourceColumn="actualFinish"/&gt;&lt;Column Description="actualQty" MaxRange="1" MinRange="0" Name="actualQty" SQLDataType="3" SourceColumn="actualQty"/&gt;&lt;Column Description="scrapQty" MaxRange="1" MinRange="0" Name="scrapQty" SQLDataType="3" SourceColumn="scrapQty"/&gt;&lt;Column Description="uom" MaxRange="1" MinRange="0" Name="uom" SQLDataType="4" SourceColumn="uom"/&gt;&lt;Column Description="longText" MaxRange="1" MinRange="0" Name="longText" SQLDataType="-9" SourceColumn="longText"/&gt;&lt;Column Description="orderStatusID" MaxRange="1" MinRange="0" Name="orderStatusID" SQLDataType="4" SourceColumn="orderStatusID"/&gt;&lt;Column Description="orderStatusFLRID" MaxRange="1" MinRange="0" Name="orderStatusFLRID" SQLDataType="4" SourceColumn="orderStatusFLRID"/&gt;&lt;Column Description="ModifiedBy" MaxRange="1" MinRange="0" Name="ModifiedBy" SQLDataType="-9" SourceColumn="ModifiedBy"/&gt;&lt;Column Description="ModifiedOn" MaxRange="1" MinRange="0" Name="ModifiedOn" SQLDataType="93" SourceColumn="ModifiedOn"/&gt;&lt;Column Description="CreatedBy" MaxRange="1" MinRange="0" Name="CreatedBy" SQLDataType="-9" SourceColumn="CreatedBy"/&gt;&lt;Column Description="CreatedOn" MaxRange="1" MinRange="0" Name="CreatedOn" SQLDataType="93" SourceColumn="CreatedOn"/&gt;&lt;Column Description="materialID" MaxRange="1" MinRange="0" Name="materialID" SQLDataType="4" SourceColumn="materialID"/&gt;&lt;Column Description="materialName" MaxRange="1" MinRange="0" Name="materialName" SQLDataType="-9" SourceColumn="materialName"/&gt;&lt;Column Description="materialDescription" MaxRange="1" MinRange="0" Name="materialDescription" SQLDataType="-9" SourceColumn="materialDescription"/&gt;&lt;Column Description="materialGearRatio" MaxRange="1" MinRange="0" Name="materialGearRatio" SQLDataType="12" SourceColumn="materialGearRatio"/&gt;&lt;Column Description="specialRequirementCode" MaxRange="1" MinRange="0" Name="specialRequirementCode" SQLDataType="-9" SourceColumn="specialRequirementCode"/&gt;&lt;Column Description="materialRevision" MaxRange="1" MinRange="0" Name="materialRevision" SQLDataType="-9" SourceColumn="materialRevision"/&gt;&lt;Column Description="maxQuantity" MaxRange="1" MinRange="0" Name="maxQuantity" SQLDataType="2" SourceColumn="maxQuantity"/&gt;&lt;Column Description="materialCommodity" MaxRange="1" MinRange="0" Name="materialCommodity" SQLDataType="-9" SourceColumn="materialCommodity"/&gt;&lt;Column Description="materialModel" MaxRange="1" MinRange="0" Name="materialModel" SQLDataType="-9" SourceColumn="materialModel"/&gt;&lt;Column Description="materialType" MaxRange="1" MinRange="0" Name="materialType" SQLDataType="-9" SourceColumn="materialType"/&gt;&lt;Column Description="materialAccount" MaxRange="1" MinRange="0" Name="materialAccount" SQLDataType="-9" SourceColumn="materialAccount"/&gt;&lt;Column Description="materialDeptRoute" MaxRange="1" MinRange="0" Name="materialDeptRoute" SQLDataType="-9" SourceColumn="materialDeptRoute"/&gt;&lt;Column Description="materialUOM" MaxRange="1" MinRange="0" Name="materialUOM" SQLDataType="4" SourceColumn="materialUOM"/&gt;&lt;Column Description="materialBOM" MaxRange="1" MinRange="0" Name="materialBOM" SQLDataType="4" SourceColumn="materialBOM"/&gt;&lt;Column Description="materialSAPID" MaxRange="1" MinRange="0" Name="materialSAPID" SQLDataType="-9" SourceColumn="materialSAPID"/&gt;&lt;Column Description="materialDerivativeNo" MaxRange="1" MinRange="0" Name="materialDerivativeNo" SQLDataType="-9" SourceColumn="materialDerivativeNo"/&gt;&lt;Column Description="materialFinalPartNo" MaxRange="1" MinRange="0" Name="materialFinalPartNo" SQLDataType="-9" SourceColumn="materialFinalPartNo"/&gt;&lt;Column Description="materialCustPartNo" MaxRange="1" MinRange="0" Name="materialCustPartNo" SQLDataType="-9" SourceColumn="materialCustPartNo"/&gt;&lt;Column Description="materialFinalPartDesc" MaxRange="1" MinRange="0" Name="materialFinalPartDesc" SQLDataType="-9" SourceColumn="materialFinalPartDesc"/&gt;&lt;Column Description="materialFinalPartRatio" MaxRange="1" MinRange="0" Name="materialFinalPartRatio" SQLDataType="-9" SourceColumn="materialFinalPartRatio"/&gt;&lt;Column Description="materialVDA260" MaxRange="1" MinRange="0" Name="materialVDA260" SQLDataType="-9" SourceColumn="materialVDA260"/&gt;&lt;Column Description="materialManufNo" MaxRange="1" MinRange="0" Name="materialManufNo" SQLDataType="-9" SourceColumn="materialManufNo"/&gt;&lt;Column Description="CreatedBy" MaxRange="1" MinRange="0" Name="CreatedBy" SQLDataType="-9" SourceColumn="CreatedBy"/&gt;&lt;Column Description="CreatedOn" MaxRange="1" MinRange="0" Name="CreatedOn" SQLDataType="93" SourceColumn="CreatedOn"/&gt;&lt;Column Description="ModifiedBy" MaxRange="1" MinRange="0" Name="ModifiedBy" SQLDataType="-9" SourceColumn="ModifiedBy"/&gt;&lt;Column Description="ModifiedOn" MaxRange="1" MinRange="0" Name="ModifiedOn" SQLDataType="93" SourceColumn="ModifiedOn"/&gt;&lt;Column Description="Active" MaxRange="1" MinRange="0" Name="Active" SQLDataType="4" SourceColumn="Active"/&gt;&lt;/Columns&gt;&lt;Row&gt;&lt;orderRecordID&gt;12&lt;/orderRecordID&gt;&lt;orderFirstID&gt;FLR&lt;/orderFirstID&gt;&lt;orderLastID&gt;000000012&lt;/orderLastID&gt;&lt;leadingOrderID&gt;---&lt;/leadingOrderID&gt;&lt;colectiveOrderID&gt;---&lt;/colectiveOrderID&gt;&lt;orderCategoryTypeID&gt;NA&lt;/orderCategoryTypeID&gt;&lt;plantID&gt;1&lt;/plantID&gt;&lt;lineID&gt;3&lt;/lineID&gt;&lt;workcenterID&gt;0&lt;/workcenterID&gt;&lt;orderSequence&gt;NA&lt;/orderSequence&gt;&lt;materialID&gt;11&lt;/materialID&gt;&lt;routeID&gt;1&lt;/routeID&gt;&lt;materialRevision&gt;A&lt;/materialRevision&gt;&lt;materialType&gt;NA&lt;/materialType&gt;&lt;scheduledStart&gt;2016-10-17T00:00:00&lt;/scheduledStart&gt;&lt;scheduledFinish&gt;2016-10-19T00:00:00&lt;/scheduledFinish&gt;&lt;scheduledQty&gt;1100&lt;/scheduledQty&gt;&lt;actualStart&gt;TimeUnavailable&lt;/actualStart&gt;&lt;actualFinish&gt;TimeUnavailable&lt;/actualFinish&gt;&lt;actualQty&gt;41&lt;/actualQty&gt;&lt;scrapQty&gt;17&lt;/scrapQty&gt;&lt;uom&gt;3&lt;/uom&gt;&lt;longText/&gt;&lt;orderStatusID&gt;2&lt;/orderStatusID&gt;&lt;orderStatusFLRID&gt;2&lt;/orderStatusFLRID&gt;&lt;ModifiedBy&gt;OPS_3602&lt;/ModifiedBy&gt;&lt;ModifiedOn&gt;2017-02-20T10:27:49&lt;/ModifiedOn&gt;&lt;CreatedBy&gt;RadPa&lt;/CreatedBy&gt;&lt;CreatedOn&gt;2016-10-17T12:43:36&lt;/CreatedOn&gt;&lt;materialID&gt;11&lt;/materialID&gt;&lt;materialName&gt;10041448&lt;/materialName&gt;&lt;materialDescription&gt;M250 3.92:1 SRW CARRIER REAR&lt;/materialDescription&gt;&lt;materialGearRatio/&gt;&lt;specialRequirementCode/&gt;&lt;materialRevision&gt;A&lt;/materialRevision&gt;&lt;maxQuantity&gt;9999&lt;/maxQuantity&gt;&lt;materialCommodity/&gt;&lt;materialModel/&gt;&lt;materialType&gt;S&lt;/materialType&gt;&lt;materialAccount/&gt;&lt;materialDeptRoute&gt;100&lt;/materialDeptRoute&gt;&lt;materialUOM&gt;3&lt;/materialUOM&gt;&lt;materialBOM&gt;1&lt;/materialBOM&gt;&lt;materialSAPID&gt;3602&lt;/materialSAPID&gt;&lt;materialDerivativeNo&gt;03&lt;/materialDerivativeNo&gt;&lt;materialFinalPartNo&gt;10041449&lt;/materialFinalPartNo&gt;&lt;materialCustPartNo&gt;2N0_501_011_F&lt;/materialCustPartNo&gt;&lt;materialFinalPartDesc&gt;M250 SRW&lt;/materialFinalPartDesc&gt;&lt;materialFinalPartRatio&gt;3.92:1 Ratio&lt;/materialFinalPartRatio&gt;&lt;materialVDA260&gt;VDA260-03S&lt;/materialVDA260&gt;&lt;materialManufNo&gt;RXU&lt;/materialManufNo&gt;&lt;CreatedBy&gt;ZarKl&lt;/CreatedBy&gt;&lt;CreatedOn&gt;2016-08-24T00:00:00&lt;/CreatedOn&gt;&lt;ModifiedBy&gt;---&lt;/ModifiedBy&gt;&lt;ModifiedOn&gt;TimeUnavailable&lt;/ModifiedOn&gt;&lt;Active&gt;1&lt;/Active&gt;&lt;/Row&gt;&lt;Row&gt;&lt;orderRecordID&gt;72&lt;/orderRecordID&gt;&lt;orderFirstID&gt;FIN&lt;/orderFirstID&gt;&lt;orderLastID&gt;891304&lt;/orderLastID&gt;&lt;leadingOrderID&gt;---&lt;/leadingOrderID&gt;&lt;colectiveOrderID&gt;---&lt;/colectiveOrderID&gt;&lt;orderCategoryTypeID&gt;NA&lt;/orderCategoryTypeID&gt;&lt;plantID&gt;1&lt;/plantID&gt;&lt;lineID&gt;4&lt;/lineID&gt;&lt;workcenterID&gt;0&lt;/workcenterID&gt;&lt;orderSequence&gt;NA&lt;/orderSequence&gt;&lt;materialID&gt;2&lt;/materialID&gt;&lt;routeID&gt;2&lt;/routeID&gt;&lt;materialRevision&gt;A&lt;/materialRevision&gt;&lt;materialType&gt;NA&lt;/materialType&gt;&lt;scheduledStart&gt;2017-02-06T00:00:00&lt;/scheduledStart&gt;&lt;scheduledFinish&gt;2017-02-08T00:00:00&lt;/scheduledFinish&gt;&lt;scheduledQty&gt;4&lt;/scheduledQty&gt;&lt;actualStart&gt;TimeUnavailable&lt;/actualStart&gt;&lt;actualFinish&gt;TimeUnavailable&lt;/actualFinish&gt;&lt;actualQty&gt;5&lt;/actualQty&gt;&lt;scrapQty&gt;NA&lt;/scrapQty&gt;&lt;uom&gt;3&lt;/uom&gt;&lt;longText/&gt;&lt;orderStatusID&gt;4&lt;/orderStatusID&gt;&lt;orderStatusFLRID&gt;1&lt;/orderStatusFLRID&gt;&lt;ModifiedBy&gt;OPS_3602&lt;/ModifiedBy&gt;&lt;ModifiedOn&gt;2017-02-17T09:55:04&lt;/ModifiedOn&gt;&lt;CreatedBy&gt;System&lt;/CreatedBy&gt;&lt;CreatedOn&gt;2017-02-06T05:00:12&lt;/CreatedOn&gt;&lt;materialID&gt;2&lt;/materialID&gt;&lt;materialName&gt;10033991&lt;/materialName&gt;&lt;materialDescription&gt;M180 2.47:1 EDL&lt;/materialDescription&gt;&lt;materialGearRatio/&gt;&lt;specialRequirementCode/&gt;&lt;materialRevision&gt;A&lt;/materialRevision&gt;&lt;maxQuantity&gt;9999&lt;/maxQuantity&gt;&lt;materialCommodity/&gt;&lt;materialModel/&gt;&lt;materialType&gt;F&lt;/materialType&gt;&lt;materialAccount/&gt;&lt;materialDeptRoute&gt;200&lt;/materialDeptRoute&gt;&lt;materialUOM&gt;3&lt;/materialUOM&gt;&lt;materialBOM&gt;1&lt;/materialBOM&gt;&lt;materialSAPID&gt;3602&lt;/materialSAPID&gt;&lt;materialDerivativeNo&gt;02&lt;/materialDerivativeNo&gt;&lt;materialFinalPartNo&gt;10033991&lt;/materialFinalPartNo&gt;&lt;materialCustPartNo&gt;2N0_500_050_C&lt;/materialCustPartNo&gt;&lt;materialFinalPartDesc&gt;M180 EDL&lt;/materialFinalPartDesc&gt;&lt;materialFinalPartRatio&gt;2.47:1 Ratio&lt;/materialFinalPartRatio&gt;&lt;materialVDA260&gt;VDA260-02F&lt;/materialVDA260&gt;&lt;materialManufNo&gt;RXU&lt;/materialManufNo&gt;&lt;CreatedBy&gt;ZarKl&lt;/CreatedBy&gt;&lt;CreatedOn&gt;2016-09-22T00:00:00&lt;/CreatedOn&gt;&lt;ModifiedBy&gt;tony.pasquinelli&lt;/ModifiedBy&gt;&lt;ModifiedOn&gt;2017-02-16T12:44:02&lt;/ModifiedOn&gt;&lt;Active&gt;1&lt;/Active&gt;&lt;/Row&gt;&lt;/Rowset&gt;&lt;/Rowsets&gt;</Results><TagList/></Value><SchemaURI/><SchemaElement/><ValidateXMLOnExecution>1</ValidateXMLOnExecution><ReadOnly>false</ReadOnly><AlertXMLAssigned>false</AlertXMLAssigned></ContextItem><ContextItem><Name>Success_ORD</Name><Description/><MinRange>0</MinRange><MaxRange>0</MaxRange><Value xsi:type="ConditionalAction"><Output>false</Output><InputCount>1</InputCount><LogicalAnd>false</LogicalAnd><Input1>false</Input1></Value><ReadOnly>false</ReadOnly><AlertXMLAssigned>false</AlertXMLAssigned></ContextItem><ContextItem><Name>NotEmpty_ORD</Name><Description/><MinRange>0</MinRange><MaxRange>0</MaxRange><Value xsi:type="ConditionalAction"><Output>false</Output><InputCount>1</InputCount><LogicalAnd>false</LogicalAnd><Input1>false</Input1></Value><ReadOnly>false</ReadOnly><AlertXMLAssigned>false</AlertXMLAssigned></ContextItem><ContextItem><Name>RepeatOnRow_ORD</Name><Description/><MinRange>0</MinRange><MaxRange>0</MaxRange><Value xsi:type="RepeaterAction"><Output><ReferenceDocumentSource/>&lt;?xml version="1.0" encoding="UTF-8"?&gt;&lt;Row&gt;&lt;orderRecordID&gt;12&lt;/orderRecordID&gt;&lt;orderFirstID&gt;FLR&lt;/orderFirstID&gt;&lt;orderLastID&gt;000000012&lt;/orderLastID&gt;&lt;leadingOrderID&gt;---&lt;/leadingOrderID&gt;&lt;colectiveOrderID&gt;---&lt;/colectiveOrderID&gt;&lt;orderCategoryTypeID&gt;NA&lt;/orderCategoryTypeID&gt;&lt;plantID&gt;1&lt;/plantID&gt;&lt;lineID&gt;3&lt;/lineID&gt;&lt;workcenterID&gt;0&lt;/workcenterID&gt;&lt;orderSequence&gt;NA&lt;/orderSequence&gt;&lt;materialID&gt;11&lt;/materialID&gt;&lt;routeID&gt;1&lt;/routeID&gt;&lt;materialRevision&gt;A&lt;/materialRevision&gt;&lt;materialType&gt;NA&lt;/materialType&gt;&lt;scheduledStart&gt;2016-10-17T00:00:00&lt;/scheduledStart&gt;&lt;scheduledFinish&gt;2016-10-19T00:00:00&lt;/scheduledFinish&gt;&lt;scheduledQty&gt;1100&lt;/scheduledQty&gt;&lt;actualStart&gt;TimeUnavailable&lt;/actualStart&gt;&lt;actualFinish&gt;TimeUnavailable&lt;/actualFinish&gt;&lt;actualQty&gt;41&lt;/actualQty&gt;&lt;scrapQty&gt;17&lt;/scrapQty&gt;&lt;uom&gt;3&lt;/uom&gt;&lt;longText/&gt;&lt;orderStatusID&gt;2&lt;/orderStatusID&gt;&lt;orderStatusFLRID&gt;2&lt;/orderStatusFLRID&gt;&lt;ModifiedBy&gt;OPS_3602&lt;/ModifiedBy&gt;&lt;ModifiedOn&gt;2017-02-20T10:27:49&lt;/ModifiedOn&gt;&lt;CreatedBy&gt;RadPa&lt;/CreatedBy&gt;&lt;CreatedOn&gt;2016-10-17T12:43:36&lt;/CreatedOn&gt;&lt;materialID&gt;11&lt;/materialID&gt;&lt;materialName&gt;10041448&lt;/materialName&gt;&lt;materialDescription&gt;M250 3.92:1 SRW CARRIER REAR&lt;/materialDescription&gt;&lt;materialGearRatio/&gt;&lt;specialRequirementCode/&gt;&lt;materialRevision&gt;A&lt;/materialRevision&gt;&lt;maxQuantity&gt;9999&lt;/maxQuantity&gt;&lt;materialCommodity/&gt;&lt;materialModel/&gt;&lt;materialType&gt;S&lt;/materialType&gt;&lt;materialAccount/&gt;&lt;materialDeptRoute&gt;100&lt;/materialDeptRoute&gt;&lt;materialUOM&gt;3&lt;/materialUOM&gt;&lt;materialBOM&gt;1&lt;/materialBOM&gt;&lt;materialSAPID&gt;3602&lt;/materialSAPID&gt;&lt;materialDerivativeNo&gt;03&lt;/materialDerivativeNo&gt;&lt;materialFinalPartNo&gt;10041449&lt;/materialFinalPartNo&gt;&lt;materialCustPartNo&gt;2N0_501_011_F&lt;/materialCustPartNo&gt;&lt;materialFinalPartDesc&gt;M250 SRW&lt;/materialFinalPartDesc&gt;&lt;materialFinalPartRatio&gt;3.92:1 Ratio&lt;/materialFinalPartRatio&gt;&lt;materialVDA260&gt;VDA260-03S&lt;/materialVDA260&gt;&lt;materialManufNo&gt;RXU&lt;/materialManufNo&gt;&lt;CreatedBy&gt;ZarKl&lt;/CreatedBy&gt;&lt;CreatedOn&gt;2016-08-24T00:00:00&lt;/CreatedOn&gt;&lt;ModifiedBy&gt;---&lt;/ModifiedBy&gt;&lt;ModifiedOn&gt;TimeUnavailable&lt;/ModifiedOn&gt;&lt;Active&gt;1&lt;/Active&gt;&lt;/Row&gt;</Output><Break>false</Break><ItemCount>0</ItemCount><CurrentItem>0</CurrentItem><Source>RunQuery_ORD.Results{/Rowsets/Rowset/Row}</Source><Item><ReferenceDocumentSource/>&lt;?xml version="1.0" encoding="UTF-8"?&gt;&lt;Row&gt;&lt;orderRecordID&gt;12&lt;/orderRecordID&gt;&lt;orderFirstID&gt;FLR&lt;/orderFirstID&gt;&lt;orderLastID&gt;000000012&lt;/orderLastID&gt;&lt;leadingOrderID&gt;---&lt;/leadingOrderID&gt;&lt;colectiveOrderID&gt;---&lt;/colectiveOrderID&gt;&lt;orderCategoryTypeID&gt;NA&lt;/orderCategoryTypeID&gt;&lt;plantID&gt;1&lt;/plantID&gt;&lt;lineID&gt;3&lt;/lineID&gt;&lt;workcenterID&gt;0&lt;/workcenterID&gt;&lt;orderSequence&gt;NA&lt;/orderSequence&gt;&lt;materialID&gt;11&lt;/materialID&gt;&lt;routeID&gt;1&lt;/routeID&gt;&lt;materialRevision&gt;A&lt;/materialRevision&gt;&lt;materialType&gt;NA&lt;/materialType&gt;&lt;scheduledStart&gt;2016-10-17T00:00:00&lt;/scheduledStart&gt;&lt;scheduledFinish&gt;2016-10-19T00:00:00&lt;/scheduledFinish&gt;&lt;scheduledQty&gt;1100&lt;/scheduledQty&gt;&lt;actualStart&gt;TimeUnavailable&lt;/actualStart&gt;&lt;actualFinish&gt;TimeUnavailable&lt;/actualFinish&gt;&lt;actualQty&gt;41&lt;/actualQty&gt;&lt;scrapQty&gt;17&lt;/scrapQty&gt;&lt;uom&gt;3&lt;/uom&gt;&lt;longText/&gt;&lt;orderStatusID&gt;2&lt;/orderStatusID&gt;&lt;orderStatusFLRID&gt;2&lt;/orderStatusFLRID&gt;&lt;ModifiedBy&gt;OPS_3602&lt;/ModifiedBy&gt;&lt;ModifiedOn&gt;2017-02-20T10:27:49&lt;/ModifiedOn&gt;&lt;CreatedBy&gt;RadPa&lt;/CreatedBy&gt;&lt;CreatedOn&gt;2016-10-17T12:43:36&lt;/CreatedOn&gt;&lt;materialID&gt;11&lt;/materialID&gt;&lt;materialName&gt;10041448&lt;/materialName&gt;&lt;materialDescription&gt;M250 3.92:1 SRW CARRIER REAR&lt;/materialDescription&gt;&lt;materialGearRatio/&gt;&lt;specialRequirementCode/&gt;&lt;materialRevision&gt;A&lt;/materialRevision&gt;&lt;maxQuantity&gt;9999&lt;/maxQuantity&gt;&lt;materialCommodity/&gt;&lt;materialModel/&gt;&lt;materialType&gt;S&lt;/materialType&gt;&lt;materialAccount/&gt;&lt;materialDeptRoute&gt;100&lt;/materialDeptRoute&gt;&lt;materialUOM&gt;3&lt;/materialUOM&gt;&lt;materialBOM&gt;1&lt;/materialBOM&gt;&lt;materialSAPID&gt;3602&lt;/materialSAPID&gt;&lt;materialDerivativeNo&gt;03&lt;/materialDerivativeNo&gt;&lt;materialFinalPartNo&gt;10041449&lt;/materialFinalPartNo&gt;&lt;materialCustPartNo&gt;2N0_501_011_F&lt;/materialCustPartNo&gt;&lt;materialFinalPartDesc&gt;M250 SRW&lt;/materialFinalPartDesc&gt;&lt;materialFinalPartRatio&gt;3.92:1 Ratio&lt;/materialFinalPartRatio&gt;&lt;materialVDA260&gt;VDA260-03S&lt;/materialVDA260&gt;&lt;materialManufNo&gt;RXU&lt;/materialManufNo&gt;&lt;CreatedBy&gt;ZarKl&lt;/CreatedBy&gt;&lt;CreatedOn&gt;2016-08-24T00:00:00&lt;/CreatedOn&gt;&lt;ModifiedBy&gt;---&lt;/ModifiedBy&gt;&lt;ModifiedOn&gt;TimeUnavailable&lt;/ModifiedOn&gt;&lt;Active&gt;1&lt;/Active&gt;&lt;/Row&gt;</Item></Value><SchemaURI/><SchemaElement/><ValidateXMLOnExecution>1</ValidateXMLOnExecution><SchemaURI/><SchemaElement/><ValidateXMLOnExecution>1</ValidateXMLOnExecution><ReadOnly>false</ReadOnly><AlertXMLAssigned>false</AlertXMLAssigned></ContextItem><ContextItem><Name>FirstRow_ORD</Name><Description/><MinRange>0</MinRange><MaxRange>0</MaxRange><Value xsi:type="ConditionalAction"><Output>false</Output><InputCount>1</InputCount><LogicalAnd>false</LogicalAnd><Input1>false</Input1></Value><ReadOnly>false</ReadOnly><AlertXMLAssigned>false</AlertXMLAssigned></ContextItem><ContextItem><Name>FIX_bgColor_ORD</Name><Description/><MinRange>0</MinRange><MaxRange>0</MaxRange><Value xsi:type="ConditionalAction"><Output>false</Output><InputCount>1</InputCount><LogicalAnd>false</LogicalAnd><Input1>false</Input1></Value><ReadOnly>false</ReadOnly><AlertXMLAssigned>false</AlertXMLAssigned></ContextItem><ContextItem><Name>AssignFFFFFF_ORD</Name><Description/><MinRange>0</MinRange><MaxRange>0</MaxRange><Value xsi:type="Assignment"/><ReadOnly>false</ReadOnly><AlertXMLAssigned>false</AlertXMLAssigned></ContextItem><ContextItem><Name>AssignEFEFEF_ORD</Name><Description/><MinRange>0</MinRange><MaxRange>0</MaxRange><Value xsi:type="Assignment"/><ReadOnly>false</ReadOnly><AlertXMLAssigned>false</AlertXMLAssigned></ContextItem><ContextItem><Name>AssignTableHdr_ORD</Name><Description/><MinRange>0</MinRange><MaxRange>0</MaxRange><Value xsi:type="Assignment"/><ReadOnly>false</ReadOnly><AlertXMLAssigned>false</AlertXMLAssigned></ContextItem><ContextItem><Name>NotTableHdr_ORD</Name><Description/><MinRange>0</MinRange><MaxRange>0</MaxRange><Value xsi:type="Tracer"><Message/><Level>INFO</Level></Value><ReadOnly>false</ReadOnly><AlertXMLAssigned>false</AlertXMLAssigned></ContextItem><ContextItem><Name>AssignDataVal_ORD</Name><Description/><MinRange>0</MinRange><MaxRange>0</MaxRange><Value xsi:type="Assignment"/><ReadOnly>false</ReadOnly><AlertXMLAssigned>false</AlertXMLAssigned></ContextItem><ContextItem><Name>AssignMsgFtr</Name><Description/><MinRange>0</MinRange><MaxRange>0</MaxRange><Value xsi:type="Assignment"/><ReadOnly>false</ReadOnly><AlertXMLAssigned>false</AlertXMLAssigned></ContextItem><ContextItem><Name>ShowHtml</Name><Description/><MinRange>0</MinRange><MaxRange>0</MaxRange><Value xsi:type="Tracer"><Message/><Level>INFO</Level></Value><ReadOnly>false</ReadOnly><AlertXMLAssigned>false</AlertXMLAssigned></ContextItem><ContextItem><Name>AssignResult</Name><Description/><MinRange>0</MinRange><MaxRange>0</MaxRange><Value xsi:type="Assignment"/><ReadOnly>false</ReadOnly><AlertXMLAssigned>false</AlertXMLAssigned></ContextItem><ContextItem><Name>AssignMsgHdr</Name><Description/><MinRange>0</MinRange><MaxRange>0</MaxRange><Value xsi:type="Assignment"/><ReadOnly>false</ReadOnly><AlertXMLAssigned>false</AlertXMLAssigned></ContextItem><ContextItem><Name>ShowEmpty_ORD</Name><Description/><MinRange>0</MinRange><MaxRange>0</MaxRange><Value xsi:type="Tracer"><Message/><Level>INFO</Level></Value><ReadOnly>false</ReadOnly><AlertXMLAssigned>false</AlertXMLAssigned></ContextItem><ContextItem><Name>ShowEmpty_DEF</Name><Description/><MinRange>0</MinRange><MaxRange>0</MaxRange><Value xsi:type="Tracer"><Message/><Level>INFO</Level></Value><ReadOnly>false</ReadOnly><AlertXMLAssigned>false</AlertXMLAssigned></ContextItem><ContextItem><Name>ShowEmpty_REW</Name><Description/><MinRange>0</MinRange><MaxRange>0</MaxRange><Value xsi:type="Tracer"><Message/><Level>INFO</Level></Value><ReadOnly>false</ReadOnly><AlertXMLAssigned>false</AlertXMLAssigned></ContextItem><ContextItem><Name>ShowEmpty_TRX</Name><Description/><MinRange>0</MinRange><MaxRange>0</MaxRange><Value xsi:type="Tracer"><Message/><Level>INFO</Level></Value><ReadOnly>false</ReadOnly><AlertXMLAssigned>false</AlertXMLAssigned></ContextItem><ContextItem><Name>ShowEmpty_TRX_TST</Name><Description/><MinRange>0</MinRange><MaxRange>0</MaxRange><Value xsi:type="Tracer"><Message/><Level>INFO</Level></Value><ReadOnly>false</ReadOnly><AlertXMLAssigned>false</AlertXMLAssigned></ContextItem><ContextItem><Name>ShowEmpty_TST</Name><Description/><MinRange>0</MinRange><MaxRange>0</MaxRange><Value xsi:type="Tracer"><Message/><Level>INFO</Level></Value><ReadOnly>false</ReadOnly><AlertXMLAssigned>false</AlertXMLAssigned></ContextItem></Actions><ReaderRoles>SAP_XMII_Super_Administrator,SAP_XMII_Administrator,SAP_XMII_Developer,SAP_XMII_User</ReaderRoles><Steps><Step xsi:type="ActionSequence"><Name>Sequence</Name><Description/><Steps><Step xsi:type="ActionSequence"><Name>Sequence_92</Name><Description/><Steps><Step xsi:type="ActionSequence"><Name>Sequence_59</Name><Description/><Steps><Step xsi:type="ActionSequence"><Name>Sequence_77</Name><Description/><Steps><Step xsi:type="ActionSequence"><Name>Sequence_78</Name><Description/><Steps><Step xsi:type="Conditional"><Name>Sequence_81</Name><Description/><Steps><Step xsi:type="Conditional"><Name>Sequence_82</Name><Description/><Steps><Step xsi:type="Repeater"><Name>Sequence_83</Name><Description/><Steps><Step xsi:type="ActionSequence"><Name>Sequence_84</Name><Description/><Steps><Step xsi:type="Conditional"><Name>Sequence_85</Name><Description/><Steps><Step xsi:type="ActionSequence"><Name>Sequence_86</Name><Description/><Steps/><Actions><Action><Name>AssignTableHdr_ORD</Name><Description> </Description><IncomingLinks/><OutgoingLinks><Assign xsi:type="Assign"><Name/><Description/><To>Local.HTML_TEXT</To><From>Local.HTML_TEXT &amp; "&lt;table id=\"top-hdr4\" cellspacing=0 cellpadding=4 border=0 align=center width=1030 style=\"margin-top:0px;font-family: Arial;\"&gt;
&lt;tr style=\"border-top:2px solid #666;margin-top:0px;background-color:#ffffff;\"&gt;&lt;td colspan=4 style=\"font-size:28px;font-weight:bold;color: #007dc0;text-align:center\"&gt;" &amp; "ORDERS" &amp; "&lt;/td&gt;&lt;/tr&gt;
&lt;tr style=\"font-size:12px;font-weight:bold;border-top:2px solid #666;margin-top:0px;background-color:#cfcfcf;\"&gt;
&lt;td style=\"width:400px; text-align:center;\"&gt;Order&lt;/td&gt;
&lt;td style=\"width:200px; text-align:center;\"&gt;PN&lt;/td&gt;
&lt;td style=\"width:300px; text-align:center;\"&gt;Descr&lt;/td&gt;
&lt;td style=\"width:130px; text-align:center;\"&gt;Qty&lt;/td&gt;&lt;/tr&gt;&lt;/table&gt;"</From></Assign></OutgoingLinks></Action></Actions></Step><Step xsi:type="ActionSequence"><Name>Sequence_87</Name><Description/><Steps/><Actions><Action><Name>NotTableHdr_ORD</Name><Description> </Description><IncomingLinks/><OutgoingLinks/></Action></Actions></Step><Step xsi:type="ActionSequence"><Name>Sequence_88</Name><Description/><Steps/><Actions><Action><Name>AssignDataVal_ORD</Name><Description> </Description><IncomingLinks/><OutgoingLinks><Assign xsi:type="Assign"><Name/><Description/><To>Local.HTML_TEXT</To><From>Local.HTML_TEXT &amp; "&lt;table id=\"data-head" &amp; RepeatOnRow_ORD.CurrentItem &amp; "\" cellspacing=0 cellpadding=4 border=0 align=center width=1030 style=\"margin-top:0px; font-size:12px;font-family: Arial;\"&gt;
&lt;tr style=\"background-color:" &amp; Local.BgColor &amp; ";\"&gt;
&lt;td style=\"width:400px; text-align:center;\"&gt;" &amp; RepeatOnRow_ORD.Output{/Row/orderFirstID} &amp; RepeatOnRow_ORD.Output{/Row/orderLastID} &amp; "&lt;/td&gt;
&lt;td style=\"width:200px; text-align:center;\"&gt;" &amp; RepeatOnRow_ORD.Output{/Row/materialName} &amp; "&lt;/td&gt;
&lt;td style=\"width:300px; text-align:center;\"&gt;" &amp; RepeatOnRow_ORD.Output{/Row/materialDescription} &amp; " &lt;/td&gt;
&lt;td style=\"width:130px; text-align:center;\"&gt;" &amp; RepeatOnRow_ORD.Output{/Row/scheduledQty} &amp; " &lt;/td&gt;&lt;/tr&gt;&lt;/table&gt;"</From></Assign></OutgoingLinks></Action></Actions></Step></Steps><Actions><Action><Name>FirstRow_ORD</Name><Description> </Description><IncomingLinks><Assign xsi:type="Assign"><Name/><Description/><To>FirstRow_ORD.Input1</To><From>if(RepeatOnRow_ORD.CurrentItem==1,1,0)</From></Assign></IncomingLinks><OutgoingLinks/></Action></Actions></Step><Step xsi:type="Conditional"><Name>Sequence_89</Name><Description/><Steps><Step xsi:type="ActionSequence"><Name>Sequence_90</Name><Description/><Steps/><Actions><Action><Name>AssignFFFFFF_ORD</Name><Description> </Description><IncomingLinks/><OutgoingLinks><Assign xsi:type="Assign"><Name/><Description/><To>Local.BgColor</To><From>"#FFFFFF"</From></Assign></OutgoingLinks></Action></Actions></Step><Step xsi:type="ActionSequence"><Name>Sequence_91</Name><Description/><Steps/><Actions><Action><Name>AssignEFEFEF_ORD</Name><Description> </Description><IncomingLinks/><OutgoingLinks><Assign xsi:type="Assign"><Name/><Description/><To>Local.BgColor</To><From>"#EFEFEF"</From></Assign></OutgoingLinks></Action></Actions></Step></Steps><Actions><Action><Name>FIX_bgColor_ORD</Name><Description> </Description><IncomingLinks><Assign xsi:type="Assign"><Name/><Description/><To>FIX_bgColor_ORD.Input1</To><From>stringif(Local.BgColor =="#EFEFEF", 1,0)</From></Assign></IncomingLinks><OutgoingLinks/></Action></Actions></Step></Steps><Actions/></Step></Steps><Actions><Action><Name>RepeatOnRow_ORD</Name><Description> </Description><IncomingLinks/><OutgoingLinks/></Action></Actions></Step><Step xsi:type="ActionSequence"><Name>Sequence_93</Name><Description/><Steps/><Actions><Action><Name>ShowEmpty_ORD</Name><Description> </Description><IncomingLinks/><OutgoingLinks/></Action></Actions></Step></Steps><Actions><Action><Name>NotEmpty_ORD</Name><Description> </Description><IncomingLinks><Assign xsi:type="Assign"><Name/><Description/><To>NotEmpty_ORD.Input1</To><From>if(RunQuery_ORD.Results{count(/Rowsets/Rowset/Row)}&gt;0,1,0)</From></Assign></IncomingLinks><OutgoingLinks/></Action></Actions></Step></Steps><Actions><Action><Name>Success_ORD</Name><Description> </Description><IncomingLinks><Assign xsi:type="Assign"><Name/><Description/><To>Success_ORD.Input1</To><From>RunQuery_ORD.Success</From></Assign></IncomingLinks><OutgoingLinks/></Action></Actions></Step></Steps><Actions><Action><Name>RunQuery_ORD</Name><Description>SQL Query</Description><IncomingLinks><Assign xsi:type="Assign"><Name/><Description/><To>RunQuery_ORD.Server</To><From>Transaction.SQL_SERVER</From></Assign><Assign xsi:type="Assign"><Name/><Description/><To>RunQuery_ORD.Param.1</To><From>Transaction.SERNUM</From></Assign></IncomingLinks><OutgoingLinks/></Action></Actions></Step><Step xsi:type="Catch"><Name>Sequence_79</Name><Description/><Steps><Step xsi:type="ActionSequence"><Name>Sequence_80</Name><Description/><Steps/><Actions><Action><Name>ShowCatch_ORD</Name><Description> </Description><IncomingLinks><Assign xsi:type="Assign"><Name/><Description/><To>ShowCatch_ORD.Message</To><From>Catch_ORD.Message</From></Assign></IncomingLinks><OutgoingLinks/></Action></Actions></Step></Steps><Actions><Action><Name>Catch_ORD</Name><Description>Catches an exception</Description><IncomingLinks/><OutgoingLinks/></Action></Actions></Step></Steps><Actions><Action><Name>Exception_Enabler_ORD</Name><Description>Enables exceptions.</Description><IncomingLinks/><OutgoingLinks/></Action></Actions></Step><Step xsi:type="ActionSequence"><Name>Sequence_0</Name><Description/><Steps><Step xsi:type="ActionSequence"><Name>Sequence_1</Name><Description/><Steps><Step xsi:type="Conditional"><Name>Sequence_4</Name><Description/><Steps><Step xsi:type="Conditional"><Name>Sequence_5</Name><Description/><Steps><Step xsi:type="Repeater"><Name>Sequence_6</Name><Description/><Steps><Step xsi:type="ActionSequence"><Name>Sequence_65</Name><Description/><Steps><Step xsi:type="Conditional"><Name>Sequence_8</Name><Description/><Steps><Step xsi:type="ActionSequence"><Name>Sequence_9</Name><Description/><Steps/><Actions><Action><Name>AssignTableHdr_DEF</Name><Description> </Description><IncomingLinks/><OutgoingLinks><Assign xsi:type="Assign"><Name/><Description/><To>Local.HTML_TEXT</To><From>Local.HTML_TEXT &amp; "&lt;table id=\"top-hdr4\" cellspacing=0 cellpadding=4 border=0 align=center width=1030 style=\"margin-top:0px;font-family: Arial;\"&gt;
&lt;tr style=\"border-top:2px solid #666;margin-top:0px;background-color:#ffffff;\"&gt;&lt;td colspan=4 style=\"font-size:28px;font-weight:bold;color: #007dc0;text-align:center\"&gt;" &amp; "DEFECTS" &amp; "&lt;/td&gt;&lt;/tr&gt;
&lt;tr style=\"font-size:12px;font-weight:bold;border-top:2px solid #666;margin-top:0px;background-color:#cfcfcf;\"&gt;
&lt;td style=\"width:400px; text-align:center;\"&gt;Station&lt;/td&gt;
&lt;td style=\"width:200px; text-align:center;\"&gt;Operation Status&lt;/td&gt;
&lt;td style=\"width:300px; text-align:center;\"&gt;Error Code&lt;/td&gt;
&lt;td style=\"width:130px; text-align:center;\"&gt;Actual Exit DTTM&lt;/td&gt;&lt;/tr&gt;&lt;/table&gt;"</From></Assign></OutgoingLinks></Action></Actions></Step><Step xsi:type="ActionSequence"><Name>Sequence_10</Name><Description/><Steps/><Actions><Action><Name>NotTableHdr_DEF</Name><Description> </Description><IncomingLinks/><OutgoingLinks/></Action></Actions></Step><Step xsi:type="ActionSequence"><Name>Sequence_11</Name><Description/><Steps/><Actions><Action><Name>AssignDataVal_DEF</Name><Description> </Description><IncomingLinks/><OutgoingLinks><Assign xsi:type="Assign"><Name/><Description/><To>Local.HTML_TEXT</To><From>Local.HTML_TEXT &amp; "&lt;table id=\"data-head" &amp; RepeatOnRow_DEF.CurrentItem &amp; "\" cellspacing=0 cellpadding=4 border=0 align=center width=1030 style=\"margin-top:0px; font-size:12px;font-family: Arial;\"&gt;
&lt;tr style=\"background-color:" &amp; Local.BgColor &amp; ";\"&gt;
&lt;td style=\"width:400px; text-align:center;\"&gt;" &amp; RepeatOnRow_DEF.Output{/Row/operationName} &amp; "&lt;/td&gt;
&lt;td style=\"width:200px; text-align:center;\"&gt;" &amp; RepeatOnRow_DEF.Output{/Row/notifTagValue} &amp; "&lt;/td&gt;
&lt;td style=\"width:300px; text-align:center;\"&gt;" &amp; RepeatOnRow_DEF.Output{/Row/error_code} &amp; " &lt;/td&gt;
&lt;td style=\"width:130px; text-align:center;\"&gt;" &amp; RepeatOnRow_DEF.Output{/Row/CreatedOn} &amp; " &lt;/td&gt;&lt;/tr&gt;&lt;/table&gt;"</From></Assign></OutgoingLinks></Action></Actions></Step></Steps><Actions><Action><Name>FirstRow_DEF</Name><Description> </Description><IncomingLinks><Assign xsi:type="Assign"><Name/><Description/><To>FirstRow_DEF.Input1</To><From>if(RepeatOnRow_DEF.CurrentItem==1,1,0)</From></Assign></IncomingLinks><OutgoingLinks/></Action></Actions></Step><Step xsi:type="Conditional"><Name>Sequence_12</Name><Description/><Steps><Step xsi:type="ActionSequence"><Name>Sequence_13</Name><Description/><Steps/><Actions><Action><Name>AssignFFFFFF_DEF</Name><Description> </Description><IncomingLinks/><OutgoingLinks><Assign xsi:type="Assign"><Name/><Description/><To>Local.BgColor</To><From>"#FFFFFF"</From></Assign></OutgoingLinks></Action></Actions></Step><Step xsi:type="ActionSequence"><Name>Sequence_14</Name><Description/><Steps/><Actions><Action><Name>AssignEFEFEF_DEF</Name><Description> </Description><IncomingLinks/><OutgoingLinks><Assign xsi:type="Assign"><Name/><Description/><To>Local.BgColor</To><From>"#EFEFEF"</From></Assign></OutgoingLinks></Action></Actions></Step></Steps><Actions><Action><Name>FIX_bgColor_DEF</Name><Description> </Description><IncomingLinks><Assign xsi:type="Assign"><Name/><Description/><To>FIX_bgColor_DEF.Input1</To><From>stringif(Local.BgColor =="#EFEFEF", 1,0)</From></Assign></IncomingLinks><OutgoingLinks/></Action></Actions></Step></Steps><Actions/></Step></Steps><Actions><Action><Name>RepeatOnRow_DEF</Name><Description> </Description><IncomingLinks/><OutgoingLinks/></Action></Actions></Step><Step xsi:type="ActionSequence"><Name>Sequence_7</Name><Description/><Steps/><Actions><Action><Name>ShowEmpty_DEF</Name><Description> </Description><IncomingLinks/><OutgoingLinks/></Action></Actions></Step></Steps><Actions><Action><Name>NotEmpty_DEF</Name><Description> </Description><IncomingLinks><Assign xsi:type="Assign"><Name/><Description/><To>NotEmpty_DEF.Input1</To><From>if(RunQuery_DEF.Results{count(/Rowsets/Rowset/Row)}&gt;0,1,0)</From></Assign></IncomingLinks><OutgoingLinks/></Action></Actions></Step></Steps><Actions><Action><Name>Success_DEF</Name><Description> </Description><IncomingLinks><Assign xsi:type="Assign"><Name/><Description/><To>Success_DEF.Input1</To><From>RunQuery_DEF.Success</From></Assign></IncomingLinks><OutgoingLinks/></Action></Actions></Step></Steps><Actions><Action><Name>RunQuery_DEF</Name><Description>SQL Query</Description><IncomingLinks><Assign xsi:type="Assign"><Name/><Description/><To>RunQuery_DEF.Server</To><From>Transaction.SQL_SERVER</From></Assign><Assign xsi:type="Assign"><Name/><Description/><To>RunQuery_DEF.Param.1</To><From>Transaction.SERNUM</From></Assign></IncomingLinks><OutgoingLinks/></Action></Actions></Step><Step xsi:type="Catch"><Name>Sequence_2</Name><Description/><Steps><Step xsi:type="ActionSequence"><Name>Sequence_3</Name><Description/><Steps/><Actions><Action><Name>ShowCatch_DEF</Name><Description> </Description><IncomingLinks><Assign xsi:type="Assign"><Name/><Description/><To>ShowCatch_DEF.Message</To><From>Catch_DEF.Message</From></Assign></IncomingLinks><OutgoingLinks/></Action></Actions></Step></Steps><Actions><Action><Name>Catch_DEF</Name><Description>Catches an exception</Description><IncomingLinks/><OutgoingLinks/></Action></Actions></Step></Steps><Actions><Action><Name>Exception_Enabler_DEF</Name><Description>Enables exceptions.</Description><IncomingLinks/><OutgoingLinks/></Action></Actions></Step><Step xsi:type="ActionSequence"><Name>Sequence_15</Name><Description/><Steps><Step xsi:type="ActionSequence"><Name>Sequence_16</Name><Description/><Steps><Step xsi:type="Conditional"><Name>Sequence_19</Name><Description/><Steps><Step xsi:type="Conditional"><Name>Sequence_20</Name><Description/><Steps><Step xsi:type="Repeater"><Name>Sequence_21</Name><Description/><Steps><Step xsi:type="ActionSequence"><Name>Sequence_66</Name><Description/><Steps><Step xsi:type="Conditional"><Name>Sequence_22</Name><Description/><Steps><Step xsi:type="ActionSequence"><Name>Sequence_24</Name><Description/><Steps/><Actions><Action><Name>AssignTableHdr_REW</Name><Description> </Description><IncomingLinks/><OutgoingLinks><Assign xsi:type="Assign"><Name/><Description/><To>Local.HTML_TEXT</To><From>Local.HTML_TEXT &amp; "&lt;table id=\"top-hdr4\" cellspacing=0 cellpadding=4 border=0 align=center width=1030 style=\"margin-top:0px;font-family: Arial;\"&gt;
&lt;tr style=\"border-top:2px solid #666;margin-top:0px;background-color:#ffffff;\"&gt;&lt;td colspan=4 style=\"font-size:28px;font-weight:bold;color: #007dc0;text-align:center\"&gt;" &amp; "REWORK" &amp; "&lt;/td&gt;&lt;/tr&gt;
&lt;tr style=\"font-size:12px;font-weight:bold;border-top:2px solid #666;margin-top:0px;background-color:#cfcfcf;\"&gt;
&lt;td  style=\"width:400px; text-align:center;\"&gt;Station&lt;/td&gt;
&lt;td colspan=2  style=\"width:500px; text-align:center;\"&gt;Operation Status&lt;/td&gt;
&lt;td style=\"width:130px; text-align:center;\"&gt;Actual Exit DTTM&lt;/td&gt;&lt;/tr&gt;&lt;/table&gt;"</From></Assign></OutgoingLinks></Action></Actions></Step><Step xsi:type="ActionSequence"><Name>Sequence_25</Name><Description/><Steps/><Actions><Action><Name>NotTableHdr_REW</Name><Description> </Description><IncomingLinks/><OutgoingLinks/></Action></Actions></Step><Step xsi:type="ActionSequence"><Name>Sequence_60</Name><Description/><Steps/><Actions><Action><Name>AssignDataVal_REW</Name><Description> </Description><IncomingLinks/><OutgoingLinks><Assign xsi:type="Assign"><Name/><Description/><To>Local.HTML_TEXT</To><From>Local.HTML_TEXT &amp; "&lt;table id=\"data-head" &amp; RepeatOnRow_REW.CurrentItem &amp; "\" cellspacing=0 cellpadding=4 border=0 align=center width=1030 style=\"margin-top:0px; font-size:12px;font-family: Arial;\"&gt;
&lt;tr style=\"background-color:" &amp; Local.BgColor &amp; ";\"&gt;
&lt;td style=\"width:400px; text-align:center;\"&gt;" &amp; RepeatOnRow_REW.Output{/Row/operationName} &amp; "&lt;/td&gt;
&lt;td colspan=2   style=\"width:500px; text-align:center;\"&gt;" &amp; RepeatOnRow_REW.Output{/Row/notifTagValue} &amp; "&lt;/td&gt;
&lt;td style=\"width:130px; text-align:center;\"&gt;" &amp; RepeatOnRow_REW.Output{/Row/CreatedOn} &amp; " &lt;/td&gt;&lt;/tr&gt;&lt;/table&gt;"
</From></Assign></OutgoingLinks></Action></Actions></Step></Steps><Actions><Action><Name>FirstRow_REW</Name><Description> </Description><IncomingLinks><Assign xsi:type="Assign"><Name/><Description/><To>FirstRow_REW.Input1</To><From>if(RepeatOnRow_REW.CurrentItem==1,1,0)</From></Assign></IncomingLinks><OutgoingLinks/></Action></Actions></Step><Step xsi:type="Conditional"><Name>Sequence_26</Name><Description/><Steps><Step xsi:type="ActionSequence"><Name>Sequence_27</Name><Description/><Steps/><Actions><Action><Name>AssignFFFFFF_REW</Name><Description> </Description><IncomingLinks/><OutgoingLinks><Assign xsi:type="Assign"><Name/><Description/><To>Local.BgColor</To><From>"#FFFFFF"</From></Assign></OutgoingLinks></Action></Actions></Step><Step xsi:type="ActionSequence"><Name>Sequence_28</Name><Description/><Steps/><Actions><Action><Name>AssignEFEFEF_REW</Name><Description> </Description><IncomingLinks/><OutgoingLinks><Assign xsi:type="Assign"><Name/><Description/><To>Local.BgColor</To><From>"#EFEFEF"</From></Assign></OutgoingLinks></Action></Actions></Step></Steps><Actions><Action><Name>FIX_bgColor_REW</Name><Description> </Description><IncomingLinks><Assign xsi:type="Assign"><Name/><Description/><To>FIX_bgColor_REW.Input1</To><From>stringif(Local.BgColor =="#EFEFEF", 1,0)</From></Assign></IncomingLinks><OutgoingLinks/></Action></Actions></Step></Steps><Actions/></Step></Steps><Actions><Action><Name>RepeatOnRow_REW</Name><Description> </Description><IncomingLinks/><OutgoingLinks/></Action></Actions></Step><Step xsi:type="ActionSequence"><Name>Sequence_23</Name><Description/><Steps/><Actions><Action><Name>ShowEmpty_REW</Name><Description> </Description><IncomingLinks/><OutgoingLinks/></Action></Actions></Step></Steps><Actions><Action><Name>NotEmpty_REW</Name><Description> </Description><IncomingLinks><Assign xsi:type="Assign"><Name/><Description/><To>NotEmpty_REW.Input1</To><From>if(RunQuery_REW.Results{count(/Rowsets/Rowset/Row)}&gt;0,1,0)</From></Assign></IncomingLinks><OutgoingLinks/></Action></Actions></Step></Steps><Actions><Action><Name>Success_REW</Name><Description> </Description><IncomingLinks><Assign xsi:type="Assign"><Name/><Description/><To>Success_REW.Input1</To><From>RunQuery_REW.Success</From></Assign></IncomingLinks><OutgoingLinks/></Action></Actions></Step></Steps><Actions><Action><Name>RunQuery_REW</Name><Description>SQL Query</Description><IncomingLinks><Assign xsi:type="Assign"><Name/><Description/><To>RunQuery_REW.Server</To><From>Transaction.SQL_SERVER</From></Assign><Assign xsi:type="Assign"><Name/><Description/><To>RunQuery_REW.Param.1</To><From>Transaction.SERNUM</From></Assign></IncomingLinks><OutgoingLinks/></Action></Actions></Step><Step xsi:type="Catch"><Name>Sequence_17</Name><Description/><Steps><Step xsi:type="ActionSequence"><Name>Sequence_18</Name><Description/><Steps/><Actions><Action><Name>ShowCatch_REW</Name><Description> </Description><IncomingLinks><Assign xsi:type="Assign"><Name/><Description/><To>ShowCatch_REW.Message</To><From>Catch_REW.Message</From></Assign></IncomingLinks><OutgoingLinks/></Action></Actions></Step></Steps><Actions><Action><Name>Catch_REW</Name><Description>Catches an exception</Description><IncomingLinks/><OutgoingLinks/></Action></Actions></Step></Steps><Actions><Action><Name>Exception_Enabler_REW</Name><Description>Enables exceptions.</Description><IncomingLinks/><OutgoingLinks/></Action></Actions></Step><Step xsi:type="ActionSequence"><Name>Sequence_29</Name><Description/><Steps><Step xsi:type="ActionSequence"><Name>Sequence_30</Name><Description/><Steps><Step xsi:type="Conditional"><Name>Sequence_33</Name><Description/><Steps><Step xsi:type="Conditional"><Name>Sequence_34</Name><Description/><Steps><Step xsi:type="Repeater"><Name>Sequence_35</Name><Description/><Steps><Step xsi:type="ActionSequence"><Name>Sequence_67</Name><Description/><Steps><Step xsi:type="Conditional"><Name>Sequence_37</Name><Description/><Steps><Step xsi:type="ActionSequence"><Name>Sequence_38</Name><Description/><Steps/><Actions><Action><Name>AssignTableHdr_TRX</Name><Description> </Description><IncomingLinks/><OutgoingLinks><Assign xsi:type="Assign"><Name/><Description/><To>Local.HTML_TEXT</To><From>Local.HTML_TEXT &amp; "&lt;table id=\"top-hdr4\" cellspacing=0 cellpadding=4 border=0 align=center width=1030 style=\"margin-top:0px;font-family: Arial;\"&gt;
&lt;tr style=\"border-top:2px solid #666;margin-top:0px;background-color:#ffffff;\"&gt;&lt;td colspan=4 style=\"font-size:28px;font-weight:bold;color: #007dc0;text-align:center\"&gt;" &amp; "TRANSACTIONS" &amp; "&lt;/td&gt;&lt;/tr&gt;
&lt;tr style=\"font-size:12px;font-weight:bold;border-top:2px solid #666;margin-top:0px;background-color:#cfcfcf;\"&gt;
&lt;td  style=\"width:400px; text-align:center;\"&gt;Station&lt;/td&gt;
&lt;td style=\"width:250px; text-align:center;\"&gt;Transaction Type&lt;/td&gt;
&lt;td style=\"width:250px; text-align:center;\"&gt;Transaction Status&lt;/td&gt;
&lt;td style=\"width:130px; text-align:center;\"&gt;Actual Exit DTTM&lt;/td&gt;&lt;/tr&gt;&lt;/table&gt;"</From></Assign></OutgoingLinks></Action></Actions></Step><Step xsi:type="ActionSequence"><Name>Sequence_39</Name><Description/><Steps/><Actions><Action><Name>NotTableHDR_TRX</Name><Description> </Description><IncomingLinks/><OutgoingLinks/></Action></Actions></Step><Step xsi:type="ActionSequence"><Name>Sequence_61</Name><Description/><Steps/><Actions><Action><Name>AssignDataVal_TRX</Name><Description> </Description><IncomingLinks/><OutgoingLinks><Assign xsi:type="Assign"><Name/><Description/><To>Local.HTML_TEXT</To><From>Local.HTML_TEXT &amp; "&lt;table id=\"data-head" &amp; RepeatOnRow_TRX.CurrentItem &amp; "\" cellspacing=0 cellpadding=4 border=0 align=center width=1030 style=\"margin-top:0px; font-size:12px;font-family: Arial;\"&gt;
&lt;tr style=\"background-color:" &amp; Local.BgColor &amp; ";\"&gt;
&lt;td style=\"width:400px; text-align:center;\"&gt;" &amp; RepeatOnRow_TRX.Output{/Row/operationName} &amp; "&lt;/td&gt;
&lt;td style=\"width:250px; text-align:center;\"&gt;" &amp; RepeatOnRow_TRX.Output{/Row/transactionType} &amp; "&lt;/td&gt;
&lt;td style=\"width:250px; text-align:center;\"&gt;" &amp; RepeatOnRow_TRX.Output{/Row/notifTagValue} &amp; "&lt;/td&gt;
&lt;td style=\"width:130px; text-align:center;\"&gt;" &amp; RepeatOnRow_TRX.Output{/Row/CreatedOn} &amp; " &lt;/td&gt;&lt;/tr&gt;&lt;/table&gt;"
</From></Assign></OutgoingLinks></Action></Actions></Step></Steps><Actions><Action><Name>FirstRow_TRX</Name><Description> </Description><IncomingLinks><Assign xsi:type="Assign"><Name/><Description/><To>FirstRow_TRX.Input1</To><From>if(RepeatOnRow_TRX.CurrentItem==1,1,0)</From></Assign></IncomingLinks><OutgoingLinks/></Action></Actions></Step><Step xsi:type="Conditional"><Name>Sequence_40</Name><Description/><Steps><Step xsi:type="ActionSequence"><Name>Sequence_41</Name><Description/><Steps/><Actions><Action><Name>AssignFFFFFF_TRX</Name><Description> </Description><IncomingLinks/><OutgoingLinks><Assign xsi:type="Assign"><Name/><Description/><To>Local.BgColor</To><From>"#FFFFFF"</From></Assign></OutgoingLinks></Action></Actions></Step><Step xsi:type="ActionSequence"><Name>Sequence_42</Name><Description/><Steps/><Actions><Action><Name>AssignEFEFEF_TRX</Name><Description> </Description><IncomingLinks/><OutgoingLinks><Assign xsi:type="Assign"><Name/><Description/><To>Local.BgColor</To><From>"#EFEFEF"</From></Assign></OutgoingLinks></Action></Actions></Step></Steps><Actions><Action><Name>FIX_bgColor_TRX</Name><Description> </Description><IncomingLinks><Assign xsi:type="Assign"><Name/><Description/><To>FIX_bgColor_TRX.Input1</To><From>stringif(Local.BgColor =="#EFEFEF", 1,0)</From></Assign></IncomingLinks><OutgoingLinks/></Action></Actions></Step></Steps><Actions/></Step></Steps><Actions><Action><Name>RepeatOnRow_TRX</Name><Description> </Description><IncomingLinks/><OutgoingLinks/></Action></Actions></Step><Step xsi:type="ActionSequence"><Name>Sequence_36</Name><Description/><Steps/><Actions><Action><Name>ShowEmpty_TRX</Name><Description> </Description><IncomingLinks/><OutgoingLinks/></Action></Actions></Step></Steps><Actions><Action><Name>NotEmpty_TRX</Name><Description> </Description><IncomingLinks><Assign xsi:type="Assign"><Name/><Description/><To>NotEmpty_TRX.Input1</To><From>if(RunQuery_TRX.Results{count(/Rowsets/Rowset/Row)}&gt;0,1,0)</From></Assign></IncomingLinks><OutgoingLinks/></Action></Actions></Step></Steps><Actions><Action><Name>Success_TRX</Name><Description> </Description><IncomingLinks><Assign xsi:type="Assign"><Name/><Description/><To>Success_TRX.Input1</To><From>RunQuery_TRX.Success</From></Assign></IncomingLinks><OutgoingLinks/></Action></Actions></Step></Steps><Actions><Action><Name>RunQuery_TRX</Name><Description>SQL Query</Description><IncomingLinks><Assign xsi:type="Assign"><Name/><Description/><To>RunQuery_TRX.Server</To><From>Transaction.SQL_SERVER</From></Assign><Assign xsi:type="Assign"><Name/><Description/><To>RunQuery_TRX.Param.1</To><From>Transaction.SERNUM</From></Assign></IncomingLinks><OutgoingLinks/></Action></Actions></Step><Step xsi:type="Catch"><Name>Sequence_31</Name><Description/><Steps><Step xsi:type="ActionSequence"><Name>Sequence_32</Name><Description/><Steps/><Actions><Action><Name>ShowCatch_TRX</Name><Description> </Description><IncomingLinks><Assign xsi:type="Assign"><Name/><Description/><To>ShowCatch_TRX.Message</To><From>Catch_TRX.Message</From></Assign></IncomingLinks><OutgoingLinks/></Action></Actions></Step></Steps><Actions><Action><Name>Catch_TRX</Name><Description>Catches an exception</Description><IncomingLinks/><OutgoingLinks/></Action></Actions></Step></Steps><Actions><Action><Name>Exception_Enabler_TRX</Name><Description>Enables exceptions.</Description><IncomingLinks/><OutgoingLinks/></Action></Actions></Step><Step xsi:type="ActionSequence"><Name>Sequence_69</Name><Description/><Steps><Step xsi:type="Conditional"><Name>Sequence_70</Name><Description/><Steps><Step xsi:type="Repeater"><Name>Sequence_71</Name><Description/><Steps><Step xsi:type="ActionSequence"><Name>Sequence_73</Name><Description/><Steps><Step xsi:type="ActionSequence"><Name>Sequence_75</Name><Description/><Steps><Step xsi:type="ActionSequence"><Name>Sequence_76</Name><Description/><Steps/><Actions/></Step></Steps><Actions/></Step><Step xsi:type="ActionSequence"><Name>Sequence_43</Name><Description/><Steps><Step xsi:type="ActionSequence"><Name>Sequence_44</Name><Description/><Steps><Step xsi:type="Conditional"><Name>Sequence_47</Name><Description/><Steps><Step xsi:type="Conditional"><Name>Sequence_48</Name><Description/><Steps><Step xsi:type="Repeater"><Name>Sequence_49</Name><Description/><Steps><Step xsi:type="ActionSequence"><Name>Sequence_68</Name><Description/><Steps><Step xsi:type="Conditional"><Name>Sequence_50</Name><Description/><Steps><Step xsi:type="Conditional"><Name>Sequence_52</Name><Description/><Steps><Step xsi:type="ActionSequence"><Name>Sequence_72</Name><Description/><Steps/><Actions><Action><Name>AsignTableHdr_TST</Name><Description> </Description><IncomingLinks/><OutgoingLinks><Assign xsi:type="Assign"><Name/><Description/><To>Local.HTML_TEXT</To><From>Local.HTML_TEXT &amp; 
"&lt;table id=\"top-hdr\" cellspacing=0 cellpadding=4 border=0 align=center width=1030 style=\"margin-top:0px;font-family: Arial;\"&gt;
&lt;tr style=\"border-top:2px solid #666;margin-top:0px;background-color:#ffffff;\"&gt;&lt;td colspan=6 style=\"font-size:28px;font-weight:bold;color: #007dc0;text-align:center\"&gt;" &amp; "RUNTIME DATA" &amp; "&lt;/td&gt;&lt;/tr&gt;
&lt;tr style=\"border-top:2px solid #666;margin-top:0px;background-color:#ffffff;\"&gt;&lt;td colspan=6 style=\"font-size:25px;font-weight:bold;color: #007dc0;text-align:center\"&gt;" &amp; RepeatOnRow_TRX_TST.Output{/Row/operationName} &amp; " - TT" &amp; RepeatOnRow_TRX_TST.Output{/Row/transactionType} &amp; "&lt;/td&gt;&lt;/tr&gt;
&lt;tr style=\"font-size:12px;font-weight:bold;border-top:2px solid #666;margin-top:0px;background-color:#cfcfcf;\"&gt;
&lt;td style=\"width:550px; text-align:center;\"&gt;Tag Name&lt;/td&gt;
&lt;td style=\"width:150px; text-align:center;\"&gt;Tag Value&lt;/td&gt;
&lt;td style=\"width:150px; text-align:center;\"&gt;UOM&lt;/td&gt;
&lt;td style=\"width:160px; text-align:center;\"&gt;Created On&lt;/td&gt;&lt;/tr&gt;&lt;/table&gt;"</From></Assign></OutgoingLinks></Action></Actions></Step><Step xsi:type="ActionSequence"><Name>Sequence_74</Name><Description/><Steps/><Actions><Action><Name>AsignTableHdr_TRX_TST</Name><Description> </Description><IncomingLinks/><OutgoingLinks><Assign xsi:type="Assign"><Name/><Description/><To>Local.HTML_TEXT</To><From>Local.HTML_TEXT &amp; 
"&lt;table id=\"top-hdr\" cellspacing=0 cellpadding=4 border=0 align=center width=1030 style=\"margin-top:0px;font-family: Arial;\"&gt;
&lt;tr style=\"border-top:2px solid #666;margin-top:0px;background-color:#ffffff;\"&gt;&lt;td colspan=6 style=\"font-size:25px;font-weight:bold;color: #007dc0;text-align:center\"&gt;" &amp; RepeatOnRow_TRX_TST.Output{/Row/operationName} &amp; " - TT" &amp; RepeatOnRow_TRX_TST.Output{/Row/transactionType} &amp; "&lt;/td&gt;&lt;/tr&gt;
&lt;tr style=\"font-size:12px;font-weight:bold;border-top:2px solid #666;margin-top:0px;background-color:#cfcfcf;\"&gt;
&lt;td style=\"width:550px; text-align:center;\"&gt;Tag Name&lt;/td&gt;
&lt;td style=\"width:150px; text-align:center;\"&gt;Tag Value&lt;/td&gt;
&lt;td style=\"width:150px; text-align:center;\"&gt;UOM&lt;/td&gt;
&lt;td style=\"width:160px; text-align:center;\"&gt;Created On&lt;/td&gt;&lt;/tr&gt;&lt;/table&gt;"</From></Assign></OutgoingLinks></Action></Actions></Step></Steps><Actions><Action><Name>FirstRow_TRX_TST</Name><Description> </Description><IncomingLinks><Assign xsi:type="Assign"><Name/><Description/><To>FirstRow_TRX_TST.Input1</To><From>if(RepeatOnRow_TRX_TST.CurrentItem==1,1,0)</From></Assign></IncomingLinks><OutgoingLinks/></Action></Actions></Step><Step xsi:type="ActionSequence"><Name>Sequence_53</Name><Description/><Steps/><Actions><Action><Name>NotTableHdr_TST</Name><Description> </Description><IncomingLinks/><OutgoingLinks/></Action></Actions></Step><Step xsi:type="ActionSequence"><Name>Sequence_62</Name><Description/><Steps><Step xsi:type="Conditional"><Name>Sequence_63</Name><Description/><Steps><Step xsi:type="ActionSequence"><Name>Sequence_64</Name><Description/><Steps/><Actions><Action><Name>AssignTableFooter_TST</Name><Description> </Description><IncomingLinks/><OutgoingLinks><Assign xsi:type="Assign"><Name/><Description/><To>Local.HTML_TEXT</To><From>Local.HTML_TEXT &amp; "&lt;table id=\"data-bot" &amp; "\" cellspacing=0 cellpadding=4 border=0 align=center width=1030 style=\"margin-top:0px; font-size:12px; font-family: Arial;font-weight:bold\"&gt;&lt;tr style=\"border-top:2px solid #666;background-color:#ffffff;\"&gt;&lt;td colspan=6 style=\"border-top:2px solid #666;margin-top:0px;\" align=left&gt;&amp;nbsp;" &amp; "Created On: " &amp; datefromxmlformat(datenow, "yyyy-MM-dd HH:mm:ss") &amp; "&lt;/td&gt;&lt;/tr&gt;&lt;/table&gt;"</From></Assign></OutgoingLinks></Action></Actions></Step></Steps><Actions><Action><Name>LastRow_TST</Name><Description> </Description><IncomingLinks><Assign xsi:type="Assign"><Name/><Description/><To>LastRow_TST.Input1</To><From>if((RepeatOnRow_TST.CurrentItem==RepeatOnRow_TST.ItemCount) &amp;&amp; (RepeatOnRow_TRX_TST.CurrentItem==RepeatOnRow_TRX_TST.ItemCount), 1, 0)</From></Assign></IncomingLinks><OutgoingLinks/></Action></Actions></Step></Steps><Actions><Action><Name>AssignDataVal_TST</Name><Description> </Description><IncomingLinks/><OutgoingLinks><Assign xsi:type="Assign"><Name/><Description/><To>Local.HTML_TEXT</To><From>Local.HTML_TEXT &amp; "&lt;table id=\"data-val" &amp; RepeatOnRow_TST.CurrentItem &amp; "\" cellspacing=0 cellpadding=4 border=0 align=center width=1030 style=\"margin-top:0px; font-size:12px;font-family: Arial;\"&gt;
&lt;tr style=\"background-color:" &amp; Local.BgColor &amp; ";\"&gt;
&lt;td style=\"width:550px; text-align:center;\"&gt;" &amp; RepeatOnRow_TST.Output{/Row/descriptionDefined} &amp; " &lt;/td&gt;
&lt;td style=\"width:150px; text-align:center;\"&gt;" &amp; RepeatOnRow_TST.Output{/Row/notifTagValue} &amp; "&lt;/td&gt;
&lt;td style=\"width:150px; text-align:center;\"&gt;" &amp; RepeatOnRow_TST.Output{/Row/uom} &amp; "&lt;/td&gt;
&lt;td style=\"width:160px; text-align:center;\"&gt;" &amp; RepeatOnRow_TST.Output{/Row/CreatedOn} &amp; " &lt;/td&gt;&lt;/tr&gt;&lt;/table&gt;"
</From></Assign></OutgoingLinks></Action></Actions></Step></Steps><Actions><Action><Name>FirstRow_TST</Name><Description> </Description><IncomingLinks><Assign xsi:type="Assign"><Name/><Description/><To>FirstRow_TST.Input1</To><From>if(RepeatOnRow_TST.CurrentItem==1,1,0)</From></Assign></IncomingLinks><OutgoingLinks/></Action></Actions></Step><Step xsi:type="Conditional"><Name>Sequence_51</Name><Description/><Steps><Step xsi:type="ActionSequence"><Name>Sequence_54</Name><Description/><Steps/><Actions><Action><Name>AssignFFFFFF_TST</Name><Description> </Description><IncomingLinks/><OutgoingLinks><Assign xsi:type="Assign"><Name/><Description/><To>Local.BgColor</To><From>"#FFFFFF"</From></Assign></OutgoingLinks></Action></Actions></Step><Step xsi:type="ActionSequence"><Name>Sequence_55</Name><Description/><Steps/><Actions><Action><Name>AssignEFEFEF_TST</Name><Description> </Description><IncomingLinks/><OutgoingLinks><Assign xsi:type="Assign"><Name/><Description/><To>Local.BgColor</To><From>"#EFEFEF"</From></Assign></OutgoingLinks></Action></Actions></Step></Steps><Actions><Action><Name>FIX_bgColor_TST</Name><Description> </Description><IncomingLinks><Assign xsi:type="Assign"><Name/><Description/><To>FIX_bgColor_TST.Input1</To><From>stringif(Local.BgColor =="#EFEFEF", 1,0)</From></Assign></IncomingLinks><OutgoingLinks/></Action></Actions></Step></Steps><Actions/></Step></Steps><Actions><Action><Name>RepeatOnRow_TST</Name><Description> </Description><IncomingLinks/><OutgoingLinks/></Action></Actions></Step><Step xsi:type="ActionSequence"><Name>Sequence_95</Name><Description/><Steps/><Actions><Action><Name>ShowEmpty_TST</Name><Description> </Description><IncomingLinks/><OutgoingLinks/></Action></Actions></Step></Steps><Actions><Action><Name>NotEmpty_TST</Name><Description> </Description><IncomingLinks><Assign xsi:type="Assign"><Name/><Description/><To>NotEmpty_TST.Input1</To><From>if(RunQuery_TST.Results{count(/Rowsets/Rowset/Row)}&gt;0,1,0)</From></Assign></IncomingLinks><OutgoingLinks/></Action></Actions></Step></Steps><Actions><Action><Name>Success_TST</Name><Description> </Description><IncomingLinks><Assign xsi:type="Assign"><Name/><Description/><To>Success_TST.Input1</To><From>RunQuery_TST.Success</From></Assign></IncomingLinks><OutgoingLinks/></Action></Actions></Step></Steps><Actions><Action><Name>RunQuery_TST</Name><Description>SQL Query</Description><IncomingLinks><Assign xsi:type="Assign"><Name/><Description/><To>RunQuery_TST.Server</To><From>Transaction.SQL_SERVER</From></Assign><Assign xsi:type="Assign"><Name/><Description/><To>RunQuery_TST.Param.1</To><From>Transaction.SERNUM</From></Assign><Assign xsi:type="Assign"><Name/><Description/><To>RunQuery_TST.Param.2</To><From>RepeatOnRow_TRX_TST.Output{/Row/notifRecordID}</From></Assign><Assign xsi:type="Assign"><Name/><Description/><To>RunQuery_TST.Param.3</To><From>RepeatOnRow_TRX_TST.Output{/Row/operationName}</From></Assign><Assign xsi:type="Assign"><Name/><Description/><To>RunQuery_TST.QueryTemplate</To><From>if(Transaction.INCHEADER == 1, "MESM/REPORTS/QUERIES/get_ItemTraceRep_HeaderTestsDataForOperation", "MESM/REPORTS/QUERIES/get_ItemTraceRep_TestsDataForOperation")</From></Assign></IncomingLinks><OutgoingLinks/></Action></Actions></Step><Step xsi:type="Catch"><Name>Sequence_45</Name><Description/><Steps><Step xsi:type="ActionSequence"><Name>Sequence_46</Name><Description/><Steps/><Actions><Action><Name>ShowCatch_TST</Name><Description> </Description><IncomingLinks><Assign xsi:type="Assign"><Name/><Description/><To>ShowCatch_TST.Message</To><From>Catch_TST.Message</From></Assign></IncomingLinks><OutgoingLinks/></Action></Actions></Step></Steps><Actions><Action><Name>Catch_TST</Name><Description>Catches an exception</Description><IncomingLinks/><OutgoingLinks/></Action></Actions></Step></Steps><Actions><Action><Name>Exception_Enabler_TST</Name><Description>Enables exceptions.</Description><IncomingLinks/><OutgoingLinks/></Action></Actions></Step></Steps><Actions/></Step></Steps><Actions><Action><Name>RepeatOnRow_TRX_TST</Name><Description> </Description><IncomingLinks/><OutgoingLinks/></Action></Actions></Step><Step xsi:type="ActionSequence"><Name>Sequence_94</Name><Description/><Steps/><Actions><Action><Name>ShowEmpty_TRX_TST</Name><Description> </Description><IncomingLinks/><OutgoingLinks/></Action></Actions></Step></Steps><Actions><Action><Name>NotEmpty_TRX_TST</Name><Description> </Description><IncomingLinks><Assign xsi:type="Assign"><Name/><Description/><To>NotEmpty_TRX_TST.Input1</To><From>RunQuery_TRX_TST.Success</From></Assign><Assign xsi:type="Assign"><Name/><Description/><To>NotEmpty_TRX_TST.Input2</To><From>if(RunQuery_TRX.Results{count(/Rowsets/Rowset/Row)}&gt;0,1,0)</From></Assign></IncomingLinks><OutgoingLinks/></Action></Actions></Step></Steps><Actions><Action><Name>RunQuery_TRX_TST</Name><Description>SQL Query</Description><IncomingLinks><Assign xsi:type="Assign"><Name/><Description/><To>RunQuery_TRX_TST.Server</To><From>Transaction.SQL_SERVER</From></Assign><Assign xsi:type="Assign"><Name/><Description/><To>RunQuery_TRX_TST.Param.1</To><From>Transaction.SERNUM</From></Assign></IncomingLinks><OutgoingLinks/></Action></Actions></Step><Step xsi:type="ActionSequence"><Name>Sequence_56</Name><Description/><Steps><Step xsi:type="ActionSequence"><Name>Sequence_57</Name><Description/><Steps><Step xsi:type="ActionSequence"><Name>Sequence_58</Name><Description/><Steps/><Actions><Action><Name>AssignResult</Name><Description> </Description><IncomingLinks/><OutgoingLinks><Assign xsi:type="Assign"><Name/><Description/><To>Transaction.STR_RESULT</To><From>Local.HTML_TEXT</From></Assign></OutgoingLinks></Action></Actions></Step></Steps><Actions><Action><Name>ShowHtml</Name><Description> </Description><IncomingLinks><Assign xsi:type="Assign"><Name/><Description/><To>ShowHtml.Message</To><From>Local.HTML_TEXT</From></Assign></IncomingLinks><OutgoingLinks/></Action></Actions></Step></Steps><Actions><Action><Name>AssignMsgFtr</Name><Description> </Description><IncomingLinks/><OutgoingLinks><Assign xsi:type="Assign"><Name/><Description/><To>Local.HTML_TEXT</To><From>Local.HTML_TEXT &amp; "&lt;/center&gt;"</From></Assign></OutgoingLinks></Action></Actions></Step></Steps><Actions><Action><Name>AssignSerNum</Name><Description> </Description><IncomingLinks/><OutgoingLinks><Assign xsi:type="Assign"><Name/><Description/><To>Local.HTML_TEXT</To><From>Local.HTML_TEXT &amp; "&lt;table id=\"top-hdr4\" cellspacing=0 cellpadding=4 border=0 align=center width=1030 style=\"margin-top:0px;font-family: Arial;\"&gt;
&lt;tr style=\"border-top:2px solid #666;margin-top:0px;background-color:#ffffff;\"&gt;&lt;td colspan=4 style=\"font-size:28px;font-weight:bold;color: #007dc0;text-align:center\"&gt;" &amp; "SERIAL NUMBER: " &amp; Transaction.SERNUM &amp; "&lt;/td&gt;&lt;/tr&gt;&lt;/table&gt;" &amp; "&lt;center&gt;"
</From></Assign></OutgoingLinks></Action></Actions></Step></Steps><Actions><Action><Name>AssignMsgHdr</Name><Description> </Description><IncomingLinks/><OutgoingLinks><Assign xsi:type="Assign"><Name/><Description/><To>Local.HTML_TEXT</To><From>Local.HTML_TEXT &amp; "&lt;center&gt;"
</From></Assign></OutgoingLinks></Action></Actions></Step></Steps><Actions><Action><Name>ShowParam</Name><Description> </Description><IncomingLinks><Assign xsi:type="Assign"><Name/><Description/><To>ShowParam.Message</To><From>" &gt;&gt; PART SN : " &amp; Transaction.SERNUM</From></Assign></IncomingLinks><OutgoingLinks/></Action></Actions></Step></Steps></Transaction>