<?xml version="1.0" encoding="UTF-8"?><Transaction xmlns:xsd="http://www.w3.org/2001/XMLSchema" xmlns:xsi="http://www.w3.org/2001/XMLSchema-instance" Version="15.0.7.12"><TransactionAttributes><ContextItem><Name>AutoAppendBlankNamespaces</Name><Description>AutoAppendBlankNamespaces</Description><MinRange>0</MinRange><MaxRange>0</MaxRange><Value xsi:type="boolean">1</Value><ReadOnly>true</ReadOnly><AlertXMLAssigned>false</AlertXMLAssigned></ContextItem><ContextItem><Name>Category</Name><Description>Transaction Category</Description><MinRange>0</MinRange><MaxRange>0</MaxRange><Value xsi:type="string"/><ReadOnly>true</ReadOnly><AlertXMLAssigned>false</AlertXMLAssigned></ContextItem><ContextItem><Name>Comments</Name><Description>User Comments</Description><MinRange>0</MinRange><MaxRange>0</MaxRange><Value xsi:type="string"/><ReadOnly>true</ReadOnly><AlertXMLAssigned>false</AlertXMLAssigned></ContextItem><ContextItem><Name>CreatedBy</Name><Description>Created By</Description><MinRange>0</MinRange><MaxRange>0</MaxRange><Value xsi:type="string">RadPa</Value><ReadOnly>true</ReadOnly><AlertXMLAssigned>false</AlertXMLAssigned></ContextItem><ContextItem><Name>CreationDate</Name><Description>Creation Date</Description><MinRange>0</MinRange><MaxRange>0</MaxRange><Value xsi:type="dateTime">2013-11-02T15:14:07</Value><ReadOnly>true</ReadOnly><AlertXMLAssigned>false</AlertXMLAssigned></ContextItem><ContextItem><Name>Description</Name><Description>Transaction Description</Description><MinRange>0</MinRange><MaxRange>0</MaxRange><Value xsi:type="string"/><ReadOnly>true</ReadOnly><AlertXMLAssigned>false</AlertXMLAssigned></ContextItem><ContextItem><Name>LastEditedBy</Name><Description>Last Edited By</Description><MinRange>0</MinRange><MaxRange>0</MaxRange><Value xsi:type="xsd:string">ZarKl</Value><ReadOnly>true</ReadOnly><AlertXMLAssigned>false</AlertXMLAssigned></ContextItem><ContextItem><Name>LastEditedDate</Name><Description>Last Edited Date</Description><MinRange>0</MinRange><MaxRange>0</MaxRange><Value xsi:type="xsd:dateTime">2016-11-01T14:21:43</Value><ReadOnly>true</ReadOnly><AlertXMLAssigned>false</AlertXMLAssigned></ContextItem><ContextItem><Name>LegacyProcessingMode</Name><Description>Support the pre MII 12.1 Transaction Engine.</Description><MinRange>0</MinRange><MaxRange>0</MaxRange><Value xsi:type="boolean">0</Value><ReadOnly>true</ReadOnly><AlertXMLAssigned>false</AlertXMLAssigned></ContextItem><ContextItem><Name>Status</Name><Description>Deployment Status</Description><MinRange>0</MinRange><MaxRange>0</MaxRange><Value xsi:type="string">DEVELOPMENT</Value><ReadOnly>true</ReadOnly><AlertXMLAssigned>false</AlertXMLAssigned></ContextItem><ContextItem><Name>ThrowOnActionError</Name><Description>Throws an exception when an action error occurs</Description><MinRange>0</MinRange><MaxRange>0</MaxRange><Value xsi:type="boolean">1</Value><ReadOnly>true</ReadOnly><AlertXMLAssigned>false</AlertXMLAssigned></ContextItem><ContextItem><Name>ThrowOnLinkError</Name><Description>Throws an exception when a link error occures</Description><MinRange>0</MinRange><MaxRange>0</MaxRange><Value xsi:type="boolean">0</Value><ReadOnly>true</ReadOnly><AlertXMLAssigned>false</AlertXMLAssigned></ContextItem><ContextItem><Name>FormatXMLOnConversion</Name><Description>By default XML will be formatted when assigned from XML data type to String data type. This behaviour can be changed with this flag.</Description><MinRange>0</MinRange><MaxRange>0</MaxRange><Value xsi:type="boolean">1</Value><ReadOnly>true</ReadOnly><AlertXMLAssigned>false</AlertXMLAssigned></ContextItem></TransactionAttributes><Name>MESM/REPORTS/TRANSACTIONS/dld_ItemDataExport_Excel</Name><Version>231</Version><WriterRoles>SAP_XMII_Super_Administrator,SAP_XMII_Administrator,SAP_XMII_Developer</WriterRoles><Context><ContextItem><Name>DEBUG</Name><Description>Enables extended tracing</Description><MinRange>0</MinRange><MaxRange>0</MaxRange><Value xsi:type="integer">1</Value><ReadOnly>false</ReadOnly><AlertXMLAssigned>false</AlertXMLAssigned></ContextItem><ContextItem><Name>SERIAL_NUMBER_ID</Name><Description>serial number</Description><MinRange>0</MinRange><MaxRange>0</MaxRange><Value xsi:type="string">10023376B03ZZ</Value><ReadOnly>false</ReadOnly><AlertXMLAssigned>false</AlertXMLAssigned></ContextItem><ContextItem><Name>TXT_OUT</Name><Description>Output XML as String</Description><MinRange>0</MinRange><MaxRange>0</MaxRange><Value xsi:type="string"/><ReadOnly>true</ReadOnly><AlertXMLAssigned>false</AlertXMLAssigned></ContextItem></Context><Local><ContextItem><Name>OUT_NAME</Name><Description>Filename OUT</Description><MinRange>0</MinRange><MaxRange>0</MaxRange><Value xsi:type="string">ItemTraceabilityData</Value><ReadOnly>false</ReadOnly><AlertXMLAssigned>false</AlertXMLAssigned></ContextItem><ContextItem><Name>XML_FTR</Name><Description>XML FOOTER</Description><MinRange>0</MinRange><MaxRange>0</MaxRange><Value xsi:type="string">&lt;/Table&gt;
  &lt;WorksheetOptions xmlns="urn:schemas-microsoft-com:office:excel"&gt;
   &lt;PageSetup&gt;
    &lt;Header x:Margin="0.3"/&gt;
    &lt;Footer x:Margin="0.3"/&gt;
    &lt;PageMargins x:Bottom="0.75" x:Left="0.7" x:Right="0.7" x:Top="0.75"/&gt;
   &lt;/PageSetup&gt;
   &lt;Unsynced/&gt;
   &lt;Selected/&gt;
   &lt;ProtectObjects&gt;False&lt;/ProtectObjects&gt;
   &lt;ProtectScenarios&gt;False&lt;/ProtectScenarios&gt;
  &lt;/WorksheetOptions&gt;
 &lt;/Worksheet&gt;
&lt;/Workbook&gt;</Value><ReadOnly>false</ReadOnly><AlertXMLAssigned>false</AlertXMLAssigned></ContextItem><ContextItem><Name>XML_HDR</Name><Description>XML HDR</Description><MinRange>0</MinRange><MaxRange>0</MaxRange><Value xsi:type="string">&lt;?xml version="1.0"?&gt;
&lt;?mso-application progid="Excel.Sheet"?&gt;
&lt;Workbook xmlns="urn:schemas-microsoft-com:office:spreadsheet"
 xmlns:o="urn:schemas-microsoft-com:office:office"
 xmlns:x="urn:schemas-microsoft-com:office:excel"
 xmlns:ss="urn:schemas-microsoft-com:office:spreadsheet"
 xmlns:html="http://www.w3.org/TR/REC-html40"&gt;
 &lt;DocumentProperties xmlns="urn:schemas-microsoft-com:office:office"&gt;
  &lt;Author&gt;RadPa&lt;/Author&gt;
  &lt;LastAuthor&gt;MII14.0.2&lt;/LastAuthor&gt;
  &lt;Created&gt;{ReplaceDateNow}&lt;/Created&gt;
  &lt;Version&gt;12.00&lt;/Version&gt;
 &lt;/DocumentProperties&gt;
 &lt;ExcelWorkbook xmlns="urn:schemas-microsoft-com:office:excel"&gt;
  &lt;WindowHeight&gt;10740&lt;/WindowHeight&gt;
  &lt;WindowWidth&gt;12375&lt;/WindowWidth&gt;
  &lt;WindowTopX&gt;10&lt;/WindowTopX&gt;
  &lt;WindowTopY&gt;10&lt;/WindowTopY&gt;
  &lt;ProtectStructure&gt;False&lt;/ProtectStructure&gt;
  &lt;ProtectWindows&gt;False&lt;/ProtectWindows&gt;
 &lt;/ExcelWorkbook&gt;
 &lt;Styles&gt;
  &lt;Style ss:ID="Default" ss:Name="Normal"&gt;
   &lt;Alignment ss:Vertical="Bottom"/&gt;
   &lt;Borders/&gt;
   &lt;Font ss:FontName="Calibri" x:Family="Swiss" ss:Size="11" ss:Color="#000000"/&gt;
   &lt;Interior/&gt;
   &lt;NumberFormat ss:Format="#,##0.00"/&gt;
   &lt;Protection/&gt;
  &lt;/Style&gt;
 &lt;/Styles&gt;
 &lt;Worksheet ss:Name="Item Quality Data"&gt;
  &lt;Table ss:ExpandedColumnCount="7" ss:ExpandedRowCount="{ReplaceColumnCount}" x:FullColumns="1"
   x:FullRows="1" ss:DefaultRowHeight="15"&gt;&lt;Row&gt;
   &lt;Cell&gt;&lt;Data ss:Type="String"&gt;serialNumber&lt;/Data&gt;&lt;/Cell&gt;
   &lt;Cell&gt;&lt;Data ss:Type="String"&gt;operationName&lt;/Data&gt;&lt;/Cell&gt;
   &lt;Cell&gt;&lt;Data ss:Type="String"&gt;tagDescription&lt;/Data&gt;&lt;/Cell&gt;
   &lt;Cell&gt;&lt;Data ss:Type="String"&gt;notifTagValue&lt;/Data&gt;&lt;/Cell&gt;
   &lt;Cell&gt;&lt;Data ss:Type="String"&gt;uom&lt;/Data&gt;
   &lt;/Cell&gt;&lt;Cell&gt;&lt;Data ss:Type="String"&gt;CreatedOn&lt;/Data&gt;&lt;/Cell&gt;
  &lt;/Row&gt;</Value><ReadOnly>false</ReadOnly><AlertXMLAssigned>false</AlertXMLAssigned></ContextItem><ContextItem><Name>XML_ROW</Name><Description>XML ROW</Description><MinRange>0</MinRange><MaxRange>0</MaxRange><Value xsi:type="string"/><ReadOnly>false</ReadOnly><AlertXMLAssigned>false</AlertXMLAssigned></ContextItem></Local><Layout><GUILayoutItem><Name>Sequence_1</Name><X>368</X><Y>8</Y><Width>120</Width><SpacingWidth>840</SpacingWidth><DescendantWidth>840</DescendantWidth><Height>96</Height></GUILayoutItem><GUILayoutItem><Name>ItemTraceblity</Name><X>376</X><Y>24</Y><Width>104</Width><SpacingWidth>0</SpacingWidth><DescendantWidth>0</DescendantWidth><Height>72</Height></GUILayoutItem><GUILayoutItem><Name>Sequence_6</Name><X>152</X><Y>280</Y><Width>120</Width><SpacingWidth>408</SpacingWidth><DescendantWidth>408</DescendantWidth><Height>96</Height></GUILayoutItem><GUILayoutItem><Name>Sequence_7</Name><X>152</X><Y>416</Y><Width>120</Width><SpacingWidth>408</SpacingWidth><DescendantWidth>408</DescendantWidth><Height>96</Height></GUILayoutItem><GUILayoutItem><Name>GetTableOk</Name><X>160</X><Y>432</Y><Width>104</Width><SpacingWidth>0</SpacingWidth><DescendantWidth>0</DescendantWidth><Height>72</Height></GUILayoutItem><GUILayoutItem><Name>Sequence_8</Name><X>224</X><Y>144</Y><Width>120</Width><SpacingWidth>552</SpacingWidth><DescendantWidth>552</DescendantWidth><Height>96</Height></GUILayoutItem><GUILayoutItem><Name>Exception_Enabler_1</Name><X>232</X><Y>160</Y><Width>104</Width><SpacingWidth>0</SpacingWidth><DescendantWidth>0</DescendantWidth><Height>72</Height></GUILayoutItem><GUILayoutItem><Name>Sequence_9</Name><X>440</X><Y>280</Y><Width>120</Width><SpacingWidth>120</SpacingWidth><DescendantWidth>120</DescendantWidth><Height>96</Height></GUILayoutItem><GUILayoutItem><Name>Catch_1</Name><X>448</X><Y>296</Y><Width>104</Width><SpacingWidth>0</SpacingWidth><DescendantWidth>0</DescendantWidth><Height>72</Height></GUILayoutItem><GUILayoutItem><Name>Sequence_10</Name><X>440</X><Y>416</Y><Width>120</Width><SpacingWidth>120</SpacingWidth><DescendantWidth>0</DescendantWidth><Height>96</Height></GUILayoutItem><GUILayoutItem><Name>Err_1</Name><X>448</X><Y>432</Y><Width>104</Width><SpacingWidth>0</SpacingWidth><DescendantWidth>0</DescendantWidth><Height>72</Height></GUILayoutItem><GUILayoutItem><Name>Sequence_12</Name><X>296</X><Y>552</Y><Width>120</Width><SpacingWidth>120</SpacingWidth><DescendantWidth>0</DescendantWidth><Height>96</Height></GUILayoutItem><GUILayoutItem><Name>GetTableErr</Name><X>304</X><Y>568</Y><Width>104</Width><SpacingWidth>0</SpacingWidth><DescendantWidth>0</DescendantWidth><Height>72</Height></GUILayoutItem><GUILayoutItem><Name>Sequence_16</Name><X>80</X><Y>824</Y><Width>120</Width><SpacingWidth>264</SpacingWidth><DescendantWidth>264</DescendantWidth><Height>96</Height></GUILayoutItem><GUILayoutItem><Name>ShowRows</Name><X>88</X><Y>840</Y><Width>104</Width><SpacingWidth>0</SpacingWidth><DescendantWidth>0</DescendantWidth><Height>72</Height></GUILayoutItem><GUILayoutItem><Name>Sequence_5</Name><X>80</X><Y>960</Y><Width>120</Width><SpacingWidth>264</SpacingWidth><DescendantWidth>264</DescendantWidth><Height>96</Height></GUILayoutItem><GUILayoutItem><Name>RepeatOnRow</Name><X>88</X><Y>976</Y><Width>104</Width><SpacingWidth>0</SpacingWidth><DescendantWidth>0</DescendantWidth><Height>72</Height></GUILayoutItem><GUILayoutItem><Name>Sequence_11</Name><X>8</X><Y>1368</Y><Width>120</Width><SpacingWidth>120</SpacingWidth><DescendantWidth>0</DescendantWidth><Height>96</Height></GUILayoutItem><GUILayoutItem><Name>ShowRow</Name><X>16</X><Y>1384</Y><Width>104</Width><SpacingWidth>0</SpacingWidth><DescendantWidth>0</DescendantWidth><Height>72</Height></GUILayoutItem><GUILayoutItem><Name>Sequence_13</Name><X>80</X><Y>552</Y><Width>120</Width><SpacingWidth>264</SpacingWidth><DescendantWidth>264</DescendantWidth><Height>96</Height></GUILayoutItem><GUILayoutItem><Name>AssignRows</Name><X>88</X><Y>568</Y><Width>104</Width><SpacingWidth>0</SpacingWidth><DescendantWidth>0</DescendantWidth><Height>72</Height></GUILayoutItem><GUILayoutItem><Name>Sequence_14</Name><X>80</X><Y>688</Y><Width>120</Width><SpacingWidth>264</SpacingWidth><DescendantWidth>264</DescendantWidth><Height>96</Height></GUILayoutItem><GUILayoutItem><Name>AssignDate</Name><X>88</X><Y>704</Y><Width>104</Width><SpacingWidth>0</SpacingWidth><DescendantWidth>0</DescendantWidth><Height>72</Height></GUILayoutItem><GUILayoutItem><Name>Sequence_17</Name><X>8</X><Y>1096</Y><Width>120</Width><SpacingWidth>120</SpacingWidth><DescendantWidth>120</DescendantWidth><Height>96</Height></GUILayoutItem><GUILayoutItem><Name>AssignRow</Name><X>16</X><Y>1112</Y><Width>104</Width><SpacingWidth>0</SpacingWidth><DescendantWidth>0</DescendantWidth><Height>72</Height></GUILayoutItem><GUILayoutItem><Name>Sequence_15</Name><X>152</X><Y>1096</Y><Width>120</Width><SpacingWidth>120</SpacingWidth><DescendantWidth>0</DescendantWidth><Height>96</Height></GUILayoutItem><GUILayoutItem><Name>AssignOUT</Name><X>160</X><Y>1112</Y><Width>104</Width><SpacingWidth>0</SpacingWidth><DescendantWidth>0</DescendantWidth><Height>72</Height></GUILayoutItem><GUILayoutItem><Name>Sequence_19</Name><X>8</X><Y>1232</Y><Width>120</Width><SpacingWidth>120</SpacingWidth><DescendantWidth>120</DescendantWidth><Height>96</Height></GUILayoutItem><GUILayoutItem><Name>If_Debug</Name><X>16</X><Y>1248</Y><Width>104</Width><SpacingWidth>0</SpacingWidth><DescendantWidth>0</DescendantWidth><Height>72</Height></GUILayoutItem><GUILayoutItem><Name>Sequence_18</Name><X>656</X><Y>144</Y><Width>120</Width><SpacingWidth>264</SpacingWidth><DescendantWidth>264</DescendantWidth><Height>96</Height></GUILayoutItem><GUILayoutItem><Name>Exception_Enabler</Name><X>664</X><Y>160</Y><Width>104</Width><SpacingWidth>0</SpacingWidth><DescendantWidth>0</DescendantWidth><Height>72</Height></GUILayoutItem><GUILayoutItem><Name>Sequence_21</Name><X>584</X><Y>280</Y><Width>120</Width><SpacingWidth>120</SpacingWidth><DescendantWidth>120</DescendantWidth><Height>96</Height></GUILayoutItem><GUILayoutItem><Name>Sequence_20</Name><X>728</X><Y>280</Y><Width>120</Width><SpacingWidth>120</SpacingWidth><DescendantWidth>120</DescendantWidth><Height>96</Height></GUILayoutItem><GUILayoutItem><Name>Catch</Name><X>736</X><Y>296</Y><Width>104</Width><SpacingWidth>0</SpacingWidth><DescendantWidth>0</DescendantWidth><Height>72</Height></GUILayoutItem><GUILayoutItem><Name>Sequence_22</Name><X>728</X><Y>416</Y><Width>120</Width><SpacingWidth>120</SpacingWidth><DescendantWidth>0</DescendantWidth><Height>96</Height></GUILayoutItem><GUILayoutItem><Name>Err</Name><X>736</X><Y>432</Y><Width>104</Width><SpacingWidth>0</SpacingWidth><DescendantWidth>0</DescendantWidth><Height>72</Height></GUILayoutItem><GUILayoutItem><Name>get_Item_Data</Name><X>160</X><Y>296</Y><Width>104</Width><SpacingWidth>0</SpacingWidth><DescendantWidth>0</DescendantWidth><Height>72</Height></GUILayoutItem><GUILayoutItem><Name>Sequence_0</Name><X>584</X><Y>416</Y><Width>120</Width><SpacingWidth>120</SpacingWidth><DescendantWidth>0</DescendantWidth><Height>96</Height></GUILayoutItem><GUILayoutItem><Name>Tracer_Write_File</Name><X>592</X><Y>432</Y><Width>104</Width><SpacingWidth>0</SpacingWidth><DescendantWidth>0</DescendantWidth><Height>72</Height></GUILayoutItem></Layout><Actions><ContextItem><Name>ItemTraceblity</Name><Description/><MinRange>0</MinRange><MaxRange>0</MaxRange><Value xsi:type="Tracer"><Message/><Level>INFO</Level></Value><ReadOnly>false</ReadOnly><AlertXMLAssigned>false</AlertXMLAssigned></ContextItem><ContextItem><Name>GetTableOk</Name><Description/><MinRange>0</MinRange><MaxRange>0</MaxRange><Value xsi:type="ConditionalAction"><Output>false</Output><InputCount>1</InputCount><LogicalAnd>false</LogicalAnd><Input1>false</Input1></Value><ReadOnly>false</ReadOnly><AlertXMLAssigned>false</AlertXMLAssigned></ContextItem><ContextItem><Name>Exception_Enabler_1</Name><Description/><MinRange>0</MinRange><MaxRange>0</MaxRange><Value xsi:type="ExceptionEnabler"><EnableActionExceptions>true</EnableActionExceptions><EnableLinkExceptions>true</EnableLinkExceptions></Value><ReadOnly>false</ReadOnly><AlertXMLAssigned>false</AlertXMLAssigned></ContextItem><ContextItem><Name>Catch_1</Name><Description/><MinRange>0</MinRange><MaxRange>0</MaxRange><Value xsi:type="CatchAction"/><ReadOnly>false</ReadOnly><AlertXMLAssigned>false</AlertXMLAssigned></ContextItem><ContextItem><Name>Err_1</Name><Description/><MinRange>0</MinRange><MaxRange>0</MaxRange><Value xsi:type="Tracer"><Message/><Level>INFO</Level></Value><ReadOnly>false</ReadOnly><AlertXMLAssigned>false</AlertXMLAssigned></ContextItem><ContextItem><Name>GetTableErr</Name><Description/><MinRange>0</MinRange><MaxRange>0</MaxRange><Value xsi:type="Tracer"><Message/><Level>INFO</Level></Value><ReadOnly>false</ReadOnly><AlertXMLAssigned>false</AlertXMLAssigned></ContextItem><ContextItem><Name>ShowRows</Name><Description/><MinRange>0</MinRange><MaxRange>0</MaxRange><Value xsi:type="Tracer"><Message/><Level>INFO</Level></Value><ReadOnly>false</ReadOnly><AlertXMLAssigned>false</AlertXMLAssigned></ContextItem><ContextItem><Name>RepeatOnRow</Name><Description/><MinRange>0</MinRange><MaxRange>0</MaxRange><Value xsi:type="RepeaterAction"><Output><ReferenceDocumentSource/>&lt;?xml version="1.0" encoding="UTF-8"?&gt;&lt;Row&gt;&lt;serialNumber&gt;FTW3M160004sf&lt;/serialNumber&gt;&lt;uom&gt;NONE&lt;/uom&gt;&lt;notifTagValue&gt;000100&lt;/notifTagValue&gt;&lt;notifTagID&gt;30&lt;/notifTagID&gt;&lt;notifRecordID&gt;37308&lt;/notifRecordID&gt;&lt;descriptionDefined&gt;NA&lt;/descriptionDefined&gt;&lt;nameDefined&gt;CapLargeLot&lt;/nameDefined&gt;&lt;operationName&gt;P558_MACHC3_OP030&lt;/operationName&gt;&lt;CreatedOn&gt;2016-10-07 12:19:17&lt;/CreatedOn&gt;&lt;/Row&gt;</Output><Break>false</Break><ItemCount>0</ItemCount><CurrentItem>0</CurrentItem><Source>get_Item_Data.Results{/Rowsets/Rowset/Row}</Source><Item><ReferenceDocumentSource/>&lt;?xml version="1.0" encoding="UTF-8"?&gt;&lt;Row&gt;&lt;serialNumber&gt;FTW3M160004sf&lt;/serialNumber&gt;&lt;uom&gt;NONE&lt;/uom&gt;&lt;notifTagValue&gt;000100&lt;/notifTagValue&gt;&lt;notifTagID&gt;30&lt;/notifTagID&gt;&lt;notifRecordID&gt;37308&lt;/notifRecordID&gt;&lt;descriptionDefined&gt;NA&lt;/descriptionDefined&gt;&lt;nameDefined&gt;CapLargeLot&lt;/nameDefined&gt;&lt;operationName&gt;P558_MACHC3_OP030&lt;/operationName&gt;&lt;CreatedOn&gt;2016-10-07 12:19:17&lt;/CreatedOn&gt;&lt;/Row&gt;</Item></Value><SchemaURI/><SchemaElement/><ValidateXMLOnExecution>1</ValidateXMLOnExecution><SchemaURI/><SchemaElement/><ValidateXMLOnExecution>1</ValidateXMLOnExecution><ReadOnly>false</ReadOnly><AlertXMLAssigned>false</AlertXMLAssigned></ContextItem><ContextItem><Name>ShowRow</Name><Description/><MinRange>0</MinRange><MaxRange>0</MaxRange><Value xsi:type="Tracer"><Message/><Level>INFO</Level></Value><ReadOnly>false</ReadOnly><AlertXMLAssigned>false</AlertXMLAssigned></ContextItem><ContextItem><Name>AssignRows</Name><Description/><MinRange>0</MinRange><MaxRange>0</MaxRange><Value xsi:type="Assignment"/><ReadOnly>false</ReadOnly><AlertXMLAssigned>false</AlertXMLAssigned></ContextItem><ContextItem><Name>AssignDate</Name><Description/><MinRange>0</MinRange><MaxRange>0</MaxRange><Value xsi:type="Assignment"/><ReadOnly>false</ReadOnly><AlertXMLAssigned>false</AlertXMLAssigned></ContextItem><ContextItem><Name>AssignRow</Name><Description/><MinRange>0</MinRange><MaxRange>0</MaxRange><Value xsi:type="Assignment"/><ReadOnly>false</ReadOnly><AlertXMLAssigned>false</AlertXMLAssigned></ContextItem><ContextItem><Name>AssignOUT</Name><Description/><MinRange>0</MinRange><MaxRange>0</MaxRange><Value xsi:type="Assignment"/><ReadOnly>false</ReadOnly><AlertXMLAssigned>false</AlertXMLAssigned></ContextItem><ContextItem><Name>If_Debug</Name><Description/><MinRange>0</MinRange><MaxRange>0</MaxRange><Value xsi:type="ConditionalAction"><Output>false</Output><InputCount>1</InputCount><LogicalAnd>false</LogicalAnd><Input1>false</Input1></Value><ReadOnly>false</ReadOnly><AlertXMLAssigned>false</AlertXMLAssigned></ContextItem><ContextItem><Name>Exception_Enabler</Name><Description/><MinRange>0</MinRange><MaxRange>0</MaxRange><Value xsi:type="ExceptionEnabler"><EnableActionExceptions>true</EnableActionExceptions><EnableLinkExceptions>true</EnableLinkExceptions></Value><ReadOnly>false</ReadOnly><AlertXMLAssigned>false</AlertXMLAssigned></ContextItem><ContextItem><Name>Catch</Name><Description/><MinRange>0</MinRange><MaxRange>0</MaxRange><Value xsi:type="CatchAction"/><ReadOnly>false</ReadOnly><AlertXMLAssigned>false</AlertXMLAssigned></ContextItem><ContextItem><Name>Err</Name><Description/><MinRange>0</MinRange><MaxRange>0</MaxRange><Value xsi:type="Tracer"><Message/><Level>INFO</Level></Value><ReadOnly>false</ReadOnly><AlertXMLAssigned>false</AlertXMLAssigned></ContextItem><ContextItem><Name>get_Item_Data</Name><Description/><MinRange>0</MinRange><MaxRange>0</MaxRange><Value xsi:type="IlluminatorSQLQueryObject"><Timeout>60</Timeout><QueryParameters/><QueryTemplate>MESM/REPORTS/QUERIES/get_ItemTraceRep_TestsData</QueryTemplate><QueryStartDate>2013-11-03T00:22:42</QueryStartDate><QueryEndDate>2013-11-03T00:22:42</QueryEndDate><SQLTransaction/><Results><ReferenceDocumentSource/>&lt;?xml version="1.0" encoding="UTF-8"?&gt;&lt;Rowsets CachedTime="" DateCreated="2016-11-01T14:15:14" EndDate="2016-11-01T14:15:14" StartDate="2016-11-01T13:15:14" Version="15.0 SP7 Patch 12 (Sep 7, 2016)"&gt;&lt;Rowset&gt;&lt;Columns&gt;&lt;Column Description="serialNumber" MaxRange="1" MinRange="0" Name="serialNumber" SQLDataType="-9" SourceColumn="serialNumber"/&gt;&lt;Column Description="uom" MaxRange="1" MinRange="0" Name="uom" SQLDataType="-9" SourceColumn="uom"/&gt;&lt;Column Description="notifTagValue" MaxRange="1" MinRange="0" Name="notifTagValue" SQLDataType="12" SourceColumn="notifTagValue"/&gt;&lt;Column Description="notifTagID" MaxRange="1" MinRange="0" Name="notifTagID" SQLDataType="-5" SourceColumn="notifTagID"/&gt;&lt;Column Description="notifRecordID" MaxRange="1" MinRange="0" Name="notifRecordID" SQLDataType="-5" SourceColumn="notifRecordID"/&gt;&lt;Column Description="descriptionDefined" MaxRange="1" MinRange="0" Name="descriptionDefined" SQLDataType="-9" SourceColumn="descriptionDefined"/&gt;&lt;Column Description="nameDefined" MaxRange="1" MinRange="0" Name="nameDefined" SQLDataType="-9" SourceColumn="nameDefined"/&gt;&lt;Column Description="operationName" MaxRange="1" MinRange="0" Name="operationName" SQLDataType="-9" SourceColumn="operationName"/&gt;&lt;Column Description="CreatedOn" MaxRange="1" MinRange="0" Name="CreatedOn" SQLDataType="-9" SourceColumn="CreatedOn"/&gt;&lt;/Columns&gt;&lt;Row&gt;&lt;serialNumber&gt;FTW3M160004sf&lt;/serialNumber&gt;&lt;uom&gt;NONE&lt;/uom&gt;&lt;notifTagValue&gt;000100&lt;/notifTagValue&gt;&lt;notifTagID&gt;30&lt;/notifTagID&gt;&lt;notifRecordID&gt;37308&lt;/notifRecordID&gt;&lt;descriptionDefined&gt;NA&lt;/descriptionDefined&gt;&lt;nameDefined&gt;CapLargeLot&lt;/nameDefined&gt;&lt;operationName&gt;P558_MACHC3_OP030&lt;/operationName&gt;&lt;CreatedOn&gt;2016-10-07 12:19:17&lt;/CreatedOn&gt;&lt;/Row&gt;&lt;Row&gt;&lt;serialNumber&gt;FTW3M160004sf&lt;/serialNumber&gt;&lt;uom&gt;NONE&lt;/uom&gt;&lt;notifTagValue&gt;000200&lt;/notifTagValue&gt;&lt;notifTagID&gt;31&lt;/notifTagID&gt;&lt;notifRecordID&gt;37308&lt;/notifRecordID&gt;&lt;descriptionDefined&gt;NA&lt;/descriptionDefined&gt;&lt;nameDefined&gt;CapSmallLot&lt;/nameDefined&gt;&lt;operationName&gt;P558_MACHC3_OP030&lt;/operationName&gt;&lt;CreatedOn&gt;2016-10-07 12:19:17&lt;/CreatedOn&gt;&lt;/Row&gt;&lt;Row&gt;&lt;serialNumber&gt;FTW3M160004sf&lt;/serialNumber&gt;&lt;uom&gt;NONE&lt;/uom&gt;&lt;notifTagValue&gt;1&lt;/notifTagValue&gt;&lt;notifTagID&gt;32&lt;/notifTagID&gt;&lt;notifRecordID&gt;37308&lt;/notifRecordID&gt;&lt;descriptionDefined&gt;NA&lt;/descriptionDefined&gt;&lt;nameDefined&gt;OP10_Result&lt;/nameDefined&gt;&lt;operationName&gt;P558_MACHC3_OP030&lt;/operationName&gt;&lt;CreatedOn&gt;2016-10-07 12:19:17&lt;/CreatedOn&gt;&lt;/Row&gt;&lt;Row&gt;&lt;serialNumber&gt;FTW3M160004sf&lt;/serialNumber&gt;&lt;uom&gt;NONE&lt;/uom&gt;&lt;notifTagValue&gt;1&lt;/notifTagValue&gt;&lt;notifTagID&gt;34&lt;/notifTagID&gt;&lt;notifRecordID&gt;37308&lt;/notifRecordID&gt;&lt;descriptionDefined&gt;NA&lt;/descriptionDefined&gt;&lt;nameDefined&gt;OP20_CapCheck_Result&lt;/nameDefined&gt;&lt;operationName&gt;P558_MACHC3_OP030&lt;/operationName&gt;&lt;CreatedOn&gt;2016-10-07 12:19:17&lt;/CreatedOn&gt;&lt;/Row&gt;&lt;Row&gt;&lt;serialNumber&gt;FTW3M160004sf&lt;/serialNumber&gt;&lt;uom&gt;NONE&lt;/uom&gt;&lt;notifTagValue&gt;1&lt;/notifTagValue&gt;&lt;notifTagID&gt;35&lt;/notifTagID&gt;&lt;notifRecordID&gt;37308&lt;/notifRecordID&gt;&lt;descriptionDefined&gt;NA&lt;/descriptionDefined&gt;&lt;nameDefined&gt;OP20_OperatorResult&lt;/nameDefined&gt;&lt;operationName&gt;P558_MACHC3_OP030&lt;/operationName&gt;&lt;CreatedOn&gt;2016-10-07 12:19:17&lt;/CreatedOn&gt;&lt;/Row&gt;&lt;Row&gt;&lt;serialNumber&gt;FTW3M160004sf&lt;/serialNumber&gt;&lt;uom&gt;NONE&lt;/uom&gt;&lt;notifTagValue&gt;1&lt;/notifTagValue&gt;&lt;notifTagID&gt;36&lt;/notifTagID&gt;&lt;notifRecordID&gt;37308&lt;/notifRecordID&gt;&lt;descriptionDefined&gt;NA&lt;/descriptionDefined&gt;&lt;nameDefined&gt;OP30_Result&lt;/nameDefined&gt;&lt;operationName&gt;P558_MACHC3_OP030&lt;/operationName&gt;&lt;CreatedOn&gt;2016-10-07 12:19:17&lt;/CreatedOn&gt;&lt;/Row&gt;&lt;Row&gt;&lt;serialNumber&gt;FTW3M160004sf&lt;/serialNumber&gt;&lt;uom&gt;NONE&lt;/uom&gt;&lt;notifTagValue&gt;2007551-1&lt;/notifTagValue&gt;&lt;notifTagID&gt;28&lt;/notifTagID&gt;&lt;notifRecordID&gt;37308&lt;/notifRecordID&gt;&lt;descriptionDefined&gt;NA&lt;/descriptionDefined&gt;&lt;nameDefined&gt;BoltsLargeLot&lt;/nameDefined&gt;&lt;operationName&gt;P558_MACHC3_OP030&lt;/operationName&gt;&lt;CreatedOn&gt;2016-10-07 12:19:17&lt;/CreatedOn&gt;&lt;/Row&gt;&lt;Row&gt;&lt;serialNumber&gt;FTW3M160004sf&lt;/serialNumber&gt;&lt;uom&gt;NONE&lt;/uom&gt;&lt;notifTagValue&gt;80&lt;/notifTagValue&gt;&lt;notifTagID&gt;33&lt;/notifTagID&gt;&lt;notifRecordID&gt;37308&lt;/notifRecordID&gt;&lt;descriptionDefined&gt;NA&lt;/descriptionDefined&gt;&lt;nameDefined&gt;OP10_VisionResult&lt;/nameDefined&gt;&lt;operationName&gt;P558_MACHC3_OP030&lt;/operationName&gt;&lt;CreatedOn&gt;2016-10-07 12:19:17&lt;/CreatedOn&gt;&lt;/Row&gt;&lt;Row&gt;&lt;serialNumber&gt;FTW3M160004sf&lt;/serialNumber&gt;&lt;uom&gt;NONE&lt;/uom&gt;&lt;notifTagValue&gt;80&lt;/notifTagValue&gt;&lt;notifTagID&gt;37&lt;/notifTagID&gt;&lt;notifRecordID&gt;37308&lt;/notifRecordID&gt;&lt;descriptionDefined&gt;NA&lt;/descriptionDefined&gt;&lt;nameDefined&gt;OP30_VisionResult&lt;/nameDefined&gt;&lt;operationName&gt;P558_MACHC3_OP030&lt;/operationName&gt;&lt;CreatedOn&gt;2016-10-07 12:19:17&lt;/CreatedOn&gt;&lt;/Row&gt;&lt;Row&gt;&lt;serialNumber&gt;FTW3M160004sf&lt;/serialNumber&gt;&lt;uom&gt;NONE&lt;/uom&gt;&lt;notifTagValue&gt;D&lt;/notifTagValue&gt;&lt;notifTagID&gt;26&lt;/notifTagID&gt;&lt;notifRecordID&gt;37308&lt;/notifRecordID&gt;&lt;descriptionDefined&gt;NA&lt;/descriptionDefined&gt;&lt;nameDefined&gt;OP10_CNCID&lt;/nameDefined&gt;&lt;operationName&gt;P558_MACHC3_OP030&lt;/operationName&gt;&lt;CreatedOn&gt;2016-10-07 12:19:17&lt;/CreatedOn&gt;&lt;/Row&gt;&lt;Row&gt;&lt;serialNumber&gt;FTW3M160004sf&lt;/serialNumber&gt;&lt;uom&gt;NONE&lt;/uom&gt;&lt;notifTagValue&gt;D&lt;/notifTagValue&gt;&lt;notifTagID&gt;27&lt;/notifTagID&gt;&lt;notifRecordID&gt;37308&lt;/notifRecordID&gt;&lt;descriptionDefined&gt;NA&lt;/descriptionDefined&gt;&lt;nameDefined&gt;OP30_CNCID&lt;/nameDefined&gt;&lt;operationName&gt;P558_MACHC3_OP030&lt;/operationName&gt;&lt;CreatedOn&gt;2016-10-07 12:19:17&lt;/CreatedOn&gt;&lt;/Row&gt;&lt;Row&gt;&lt;serialNumber&gt;FTW3M160004sf&lt;/serialNumber&gt;&lt;uom&gt;NONE&lt;/uom&gt;&lt;notifTagValue&gt;E2007507-1&lt;/notifTagValue&gt;&lt;notifTagID&gt;29&lt;/notifTagID&gt;&lt;notifRecordID&gt;37308&lt;/notifRecordID&gt;&lt;descriptionDefined&gt;NA&lt;/descriptionDefined&gt;&lt;nameDefined&gt;BoltsSmallLot&lt;/nameDefined&gt;&lt;operationName&gt;P558_MACHC3_OP030&lt;/operationName&gt;&lt;CreatedOn&gt;2016-10-07 12:19:17&lt;/CreatedOn&gt;&lt;/Row&gt;&lt;Row&gt;&lt;serialNumber&gt;FTW3M160004sf&lt;/serialNumber&gt;&lt;uom&gt;NONE&lt;/uom&gt;&lt;notifTagValue&gt;-2&lt;/notifTagValue&gt;&lt;notifTagID&gt;127&lt;/notifTagID&gt;&lt;notifRecordID&gt;37344&lt;/notifRecordID&gt;&lt;descriptionDefined&gt;Dia Rear Pin L2 Avg&lt;/descriptionDefined&gt;&lt;nameDefined&gt;Dia Rear Pin L2 Avg&lt;/nameDefined&gt;&lt;operationName&gt;P558_JENOPTIK&lt;/operationName&gt;&lt;CreatedOn&gt;2016-10-07 12:54:36&lt;/CreatedOn&gt;&lt;/Row&gt;&lt;Row&gt;&lt;serialNumber&gt;FTW3M160004sf&lt;/serialNumber&gt;&lt;uom&gt;NONE&lt;/uom&gt;&lt;notifTagValue&gt;-2&lt;/notifTagValue&gt;&lt;notifTagID&gt;145&lt;/notifTagID&gt;&lt;notifRecordID&gt;37344&lt;/notifRecordID&gt;&lt;descriptionDefined&gt;Dia LH Inr Tube Avg&lt;/descriptionDefined&gt;&lt;nameDefined&gt;Dia LH Inr Tube Avg&lt;/nameDefined&gt;&lt;operationName&gt;P558_JENOPTIK&lt;/operationName&gt;&lt;CreatedOn&gt;2016-10-07 12:54:36&lt;/CreatedOn&gt;&lt;/Row&gt;&lt;Row&gt;&lt;serialNumber&gt;FTW3M160004sf&lt;/serialNumber&gt;&lt;uom&gt;NONE&lt;/uom&gt;&lt;notifTagValue&gt;-23&lt;/notifTagValue&gt;&lt;notifTagID&gt;129&lt;/notifTagID&gt;&lt;notifRecordID&gt;37344&lt;/notifRecordID&gt;&lt;descriptionDefined&gt;Depth Rear Pin to G&lt;/descriptionDefined&gt;&lt;nameDefined&gt;Depth Rear Pin to G&lt;/nameDefined&gt;&lt;operationName&gt;P558_JENOPTIK&lt;/operationName&gt;&lt;CreatedOn&gt;2016-10-07 12:54:36&lt;/CreatedOn&gt;&lt;/Row&gt;&lt;Row&gt;&lt;serialNumber&gt;FTW3M160004sf&lt;/serialNumber&gt;&lt;uom&gt;NONE&lt;/uom&gt;&lt;notifTagValue&gt;-29&lt;/notifTagValue&gt;&lt;notifTagID&gt;143&lt;/notifTagID&gt;&lt;notifRecordID&gt;37344&lt;/notifRecordID&gt;&lt;descriptionDefined&gt;Dia LH Out Tube Avg&lt;/descriptionDefined&gt;&lt;nameDefined&gt;Dia LH Out Tube Avg&lt;/nameDefined&gt;&lt;operationName&gt;P558_JENOPTIK&lt;/operationName&gt;&lt;CreatedOn&gt;2016-10-07 12:54:36&lt;/CreatedOn&gt;&lt;/Row&gt;&lt;Row&gt;&lt;serialNumber&gt;FTW3M160004sf&lt;/serialNumber&gt;&lt;uom&gt;NONE&lt;/uom&gt;&lt;notifTagValue&gt;-3&lt;/notifTagValue&gt;&lt;notifTagID&gt;128&lt;/notifTagID&gt;&lt;notifRecordID&gt;37344&lt;/notifRecordID&gt;&lt;descriptionDefined&gt;Dia Rear Pin Avg&lt;/descriptionDefined&gt;&lt;nameDefined&gt;Dia Rear Pin Avg&lt;/nameDefined&gt;&lt;operationName&gt;P558_JENOPTIK&lt;/operationName&gt;&lt;CreatedOn&gt;2016-10-07 12:54:36&lt;/CreatedOn&gt;&lt;/Row&gt;&lt;Row&gt;&lt;serialNumber&gt;FTW3M160004sf&lt;/serialNumber&gt;&lt;uom&gt;NONE&lt;/uom&gt;&lt;notifTagValue&gt;-34&lt;/notifTagValue&gt;&lt;notifTagID&gt;132&lt;/notifTagID&gt;&lt;notifRecordID&gt;37344&lt;/notifRecordID&gt;&lt;descriptionDefined&gt;Depth Front Pin to G&lt;/descriptionDefined&gt;&lt;nameDefined&gt;Depth Front Pin to G&lt;/nameDefined&gt;&lt;operationName&gt;P558_JENOPTIK&lt;/operationName&gt;&lt;CreatedOn&gt;2016-10-07 12:54:36&lt;/CreatedOn&gt;&lt;/Row&gt;&lt;Row&gt;&lt;serialNumber&gt;FTW3M160004sf&lt;/serialNumber&gt;&lt;uom&gt;NONE&lt;/uom&gt;&lt;notifTagValue&gt;-4&lt;/notifTagValue&gt;&lt;notifTagID&gt;126&lt;/notifTagID&gt;&lt;notifRecordID&gt;37344&lt;/notifRecordID&gt;&lt;descriptionDefined&gt;Dia Rear Pin L1 Avg&lt;/descriptionDefined&gt;&lt;nameDefined&gt;Dia Rear Pin L1 Avg&lt;/nameDefined&gt;&lt;operationName&gt;P558_JENOPTIK&lt;/operationName&gt;&lt;CreatedOn&gt;2016-10-07 12:54:36&lt;/CreatedOn&gt;&lt;/Row&gt;&lt;Row&gt;&lt;serialNumber&gt;FTW3M160004sf&lt;/serialNumber&gt;&lt;uom&gt;NONE&lt;/uom&gt;&lt;notifTagValue&gt;-6&lt;/notifTagValue&gt;&lt;notifTagID&gt;139&lt;/notifTagID&gt;&lt;notifRecordID&gt;37344&lt;/notifRecordID&gt;&lt;descriptionDefined&gt;Dia RH Out Tube Avg&lt;/descriptionDefined&gt;&lt;nameDefined&gt;Dia RH Out Tube Avg&lt;/nameDefined&gt;&lt;operationName&gt;P558_JENOPTIK&lt;/operationName&gt;&lt;CreatedOn&gt;2016-10-07 12:54:36&lt;/CreatedOn&gt;&lt;/Row&gt;&lt;Row&gt;&lt;serialNumber&gt;FTW3M160004sf&lt;/serialNumber&gt;&lt;uom&gt;NONE&lt;/uom&gt;&lt;notifTagValue&gt;-8&lt;/notifTagValue&gt;&lt;notifTagID&gt;131&lt;/notifTagID&gt;&lt;notifRecordID&gt;37344&lt;/notifRecordID&gt;&lt;descriptionDefined&gt;Dia Front Pin Avg&lt;/descriptionDefined&gt;&lt;nameDefined&gt;Dia Front Pin Avg&lt;/nameDefined&gt;&lt;operationName&gt;P558_JENOPTIK&lt;/operationName&gt;&lt;CreatedOn&gt;2016-10-07 12:54:36&lt;/CreatedOn&gt;&lt;/Row&gt;&lt;Row&gt;&lt;serialNumber&gt;FTW3M160004sf&lt;/serialNumber&gt;&lt;uom&gt;NONE&lt;/uom&gt;&lt;notifTagValue&gt;0&lt;/notifTagValue&gt;&lt;notifTagID&gt;123&lt;/notifTagID&gt;&lt;notifRecordID&gt;37344&lt;/notifRecordID&gt;&lt;descriptionDefined&gt;Hi\Lo&lt;/descriptionDefined&gt;&lt;nameDefined&gt;Hi\Lo&lt;/nameDefined&gt;&lt;operationName&gt;P558_JENOPTIK&lt;/operationName&gt;&lt;CreatedOn&gt;2016-10-07 12:54:36&lt;/CreatedOn&gt;&lt;/Row&gt;&lt;Row&gt;&lt;serialNumber&gt;FTW3M160004sf&lt;/serialNumber&gt;&lt;uom&gt;NONE&lt;/uom&gt;&lt;notifTagValue&gt;0&lt;/notifTagValue&gt;&lt;notifTagID&gt;135&lt;/notifTagID&gt;&lt;notifRecordID&gt;37344&lt;/notifRecordID&gt;&lt;descriptionDefined&gt;Dia LH Diff Avg&lt;/descriptionDefined&gt;&lt;nameDefined&gt;Dia LH Diff Avg&lt;/nameDefined&gt;&lt;operationName&gt;P558_JENOPTIK&lt;/operationName&gt;&lt;CreatedOn&gt;2016-10-07 12:54:36&lt;/CreatedOn&gt;&lt;/Row&gt;&lt;Row&gt;&lt;serialNumber&gt;FTW3M160004sf&lt;/serialNumber&gt;&lt;uom&gt;NONE&lt;/uom&gt;&lt;notifTagValue&gt;0&lt;/notifTagValue&gt;&lt;notifTagID&gt;146&lt;/notifTagID&gt;&lt;notifRecordID&gt;37344&lt;/notifRecordID&gt;&lt;descriptionDefined&gt;Data_23&lt;/descriptionDefined&gt;&lt;nameDefined&gt;Data_23&lt;/nameDefined&gt;&lt;operationName&gt;P558_JENOPTIK&lt;/operationName&gt;&lt;CreatedOn&gt;2016-10-07 12:54:36&lt;/CreatedOn&gt;&lt;/Row&gt;&lt;Row&gt;&lt;serialNumber&gt;FTW3M160004sf&lt;/serialNumber&gt;&lt;uom&gt;NONE&lt;/uom&gt;&lt;notifTagValue&gt;0&lt;/notifTagValue&gt;&lt;notifTagID&gt;147&lt;/notifTagID&gt;&lt;notifRecordID&gt;37344&lt;/notifRecordID&gt;&lt;descriptionDefined&gt;Data_24&lt;/descriptionDefined&gt;&lt;nameDefined&gt;Data_24&lt;/nameDefined&gt;&lt;operationName&gt;P558_JENOPTIK&lt;/operationName&gt;&lt;CreatedOn&gt;2016-10-07 12:54:36&lt;/CreatedOn&gt;&lt;/Row&gt;&lt;Row&gt;&lt;serialNumber&gt;FTW3M160004sf&lt;/serialNumber&gt;&lt;uom&gt;NONE&lt;/uom&gt;&lt;notifTagValue&gt;0&lt;/notifTagValue&gt;&lt;notifTagID&gt;148&lt;/notifTagID&gt;&lt;notifRecordID&gt;37344&lt;/notifRecordID&gt;&lt;descriptionDefined&gt;Data_25&lt;/descriptionDefined&gt;&lt;nameDefined&gt;Data_25&lt;/nameDefined&gt;&lt;operationName&gt;P558_JENOPTIK&lt;/operationName&gt;&lt;CreatedOn&gt;2016-10-07 12:54:36&lt;/CreatedOn&gt;&lt;/Row&gt;&lt;Row&gt;&lt;serialNumber&gt;FTW3M160004sf&lt;/serialNumber&gt;&lt;uom&gt;NONE&lt;/uom&gt;&lt;notifTagValue&gt;0&lt;/notifTagValue&gt;&lt;notifTagID&gt;149&lt;/notifTagID&gt;&lt;notifRecordID&gt;37344&lt;/notifRecordID&gt;&lt;descriptionDefined&gt;Data_26&lt;/descriptionDefined&gt;&lt;nameDefined&gt;Data_26&lt;/nameDefined&gt;&lt;operationName&gt;P558_JENOPTIK&lt;/operationName&gt;&lt;CreatedOn&gt;2016-10-07 12:54:36&lt;/CreatedOn&gt;&lt;/Row&gt;&lt;Row&gt;&lt;serialNumber&gt;FTW3M160004sf&lt;/serialNumber&gt;&lt;uom&gt;NONE&lt;/uom&gt;&lt;notifTagValue&gt;0&lt;/notifTagValue&gt;&lt;notifTagID&gt;150&lt;/notifTagID&gt;&lt;notifRecordID&gt;37344&lt;/notifRecordID&gt;&lt;descriptionDefined&gt;Data_27&lt;/descriptionDefined&gt;&lt;nameDefined&gt;Data_27&lt;/nameDefined&gt;&lt;operationName&gt;P558_JENOPTIK&lt;/operationName&gt;&lt;CreatedOn&gt;2016-10-07 12:54:36&lt;/CreatedOn&gt;&lt;/Row&gt;&lt;Row&gt;&lt;serialNumber&gt;FTW3M160004sf&lt;/serialNumber&gt;&lt;uom&gt;NONE&lt;/uom&gt;&lt;notifTagValue&gt;0&lt;/notifTagValue&gt;&lt;notifTagID&gt;151&lt;/notifTagID&gt;&lt;notifRecordID&gt;37344&lt;/notifRecordID&gt;&lt;descriptionDefined&gt;Data_28&lt;/descriptionDefined&gt;&lt;nameDefined&gt;Data_28&lt;/nameDefined&gt;&lt;operationName&gt;P558_JENOPTIK&lt;/operationName&gt;&lt;CreatedOn&gt;2016-10-07 12:54:36&lt;/CreatedOn&gt;&lt;/Row&gt;&lt;Row&gt;&lt;serialNumber&gt;FTW3M160004sf&lt;/serialNumber&gt;&lt;uom&gt;NONE&lt;/uom&gt;&lt;notifTagValue&gt;0&lt;/notifTagValue&gt;&lt;notifTagID&gt;152&lt;/notifTagID&gt;&lt;notifRecordID&gt;37344&lt;/notifRecordID&gt;&lt;descriptionDefined&gt;Data_29&lt;/descriptionDefined&gt;&lt;nameDefined&gt;Data_29&lt;/nameDefined&gt;&lt;operationName&gt;P558_JENOPTIK&lt;/operationName&gt;&lt;CreatedOn&gt;2016-10-07 12:54:36&lt;/CreatedOn&gt;&lt;/Row&gt;&lt;Row&gt;&lt;serialNumber&gt;FTW3M160004sf&lt;/serialNumber&gt;&lt;uom&gt;NONE&lt;/uom&gt;&lt;notifTagValue&gt;0&lt;/notifTagValue&gt;&lt;notifTagID&gt;153&lt;/notifTagID&gt;&lt;notifRecordID&gt;37344&lt;/notifRecordID&gt;&lt;descriptionDefined&gt;Data_30&lt;/descriptionDefined&gt;&lt;nameDefined&gt;Data_30&lt;/nameDefined&gt;&lt;operationName&gt;P558_JENOPTIK&lt;/operationName&gt;&lt;CreatedOn&gt;2016-10-07 12:54:36&lt;/CreatedOn&gt;&lt;/Row&gt;&lt;Row&gt;&lt;serialNumber&gt;FTW3M160004sf&lt;/serialNumber&gt;&lt;uom&gt;NONE&lt;/uom&gt;&lt;notifTagValue&gt;0&lt;/notifTagValue&gt;&lt;notifTagID&gt;154&lt;/notifTagID&gt;&lt;notifRecordID&gt;37344&lt;/notifRecordID&gt;&lt;descriptionDefined&gt;Data_31&lt;/descriptionDefined&gt;&lt;nameDefined&gt;Data_31&lt;/nameDefined&gt;&lt;operationName&gt;P558_JENOPTIK&lt;/operationName&gt;&lt;CreatedOn&gt;2016-10-07 12:54:36&lt;/CreatedOn&gt;&lt;/Row&gt;&lt;Row&gt;&lt;serialNumber&gt;FTW3M160004sf&lt;/serialNumber&gt;&lt;uom&gt;NONE&lt;/uom&gt;&lt;notifTagValue&gt;100&lt;/notifTagValue&gt;&lt;notifTagID&gt;138&lt;/notifTagID&gt;&lt;notifRecordID&gt;37344&lt;/notifRecordID&gt;&lt;descriptionDefined&gt;TP RH Tube to DEF&lt;/descriptionDefined&gt;&lt;nameDefined&gt;TP RH Tube to DEF&lt;/nameDefined&gt;&lt;operationName&gt;P558_JENOPTIK&lt;/operationName&gt;&lt;CreatedOn&gt;2016-10-07 12:54:36&lt;/CreatedOn&gt;&lt;/Row&gt;&lt;Row&gt;&lt;serialNumber&gt;FTW3M160004sf&lt;/serialNumber&gt;&lt;uom&gt;NONE&lt;/uom&gt;&lt;notifTagValue&gt;14&lt;/notifTagValue&gt;&lt;notifTagID&gt;137&lt;/notifTagID&gt;&lt;notifRecordID&gt;37344&lt;/notifRecordID&gt;&lt;descriptionDefined&gt;Dia RH Diff Avg&lt;/descriptionDefined&gt;&lt;nameDefined&gt;Dia RH Diff Avg&lt;/nameDefined&gt;&lt;operationName&gt;P558_JENOPTIK&lt;/operationName&gt;&lt;CreatedOn&gt;2016-10-07 12:54:36&lt;/CreatedOn&gt;&lt;/Row&gt;&lt;Row&gt;&lt;serialNumber&gt;FTW3M160004sf&lt;/serialNumber&gt;&lt;uom&gt;NONE&lt;/uom&gt;&lt;notifTagValue&gt;15&lt;/notifTagValue&gt;&lt;notifTagID&gt;144&lt;/notifTagID&gt;&lt;notifRecordID&gt;37344&lt;/notifRecordID&gt;&lt;descriptionDefined&gt;TP LH Tube to K&lt;/descriptionDefined&gt;&lt;nameDefined&gt;TP LH Tube to K&lt;/nameDefined&gt;&lt;operationName&gt;P558_JENOPTIK&lt;/operationName&gt;&lt;CreatedOn&gt;2016-10-07 12:54:36&lt;/CreatedOn&gt;&lt;/Row&gt;&lt;Row&gt;&lt;serialNumber&gt;FTW3M160004sf&lt;/serialNumber&gt;&lt;uom&gt;NONE&lt;/uom&gt;&lt;notifTagValue&gt;18&lt;/notifTagValue&gt;&lt;notifTagID&gt;134&lt;/notifTagID&gt;&lt;notifRecordID&gt;37344&lt;/notifRecordID&gt;&lt;descriptionDefined&gt;TP LH Diff to K&lt;/descriptionDefined&gt;&lt;nameDefined&gt;TP LH Diff to K&lt;/nameDefined&gt;&lt;operationName&gt;P558_JENOPTIK&lt;/operationName&gt;&lt;CreatedOn&gt;2016-10-07 12:54:36&lt;/CreatedOn&gt;&lt;/Row&gt;&lt;Row&gt;&lt;serialNumber&gt;FTW3M160004sf&lt;/serialNumber&gt;&lt;uom&gt;NONE&lt;/uom&gt;&lt;notifTagValue&gt;206&lt;/notifTagValue&gt;&lt;notifTagID&gt;125&lt;/notifTagID&gt;&lt;notifRecordID&gt;37344&lt;/notifRecordID&gt;&lt;descriptionDefined&gt;TP Rear Pin to Def&lt;/descriptionDefined&gt;&lt;nameDefined&gt;TP Rear Pin to Def&lt;/nameDefined&gt;&lt;operationName&gt;P558_JENOPTIK&lt;/operationName&gt;&lt;CreatedOn&gt;2016-10-07 12:54:36&lt;/CreatedOn&gt;&lt;/Row&gt;&lt;Row&gt;&lt;serialNumber&gt;FTW3M160004sf&lt;/serialNumber&gt;&lt;uom&gt;NONE&lt;/uom&gt;&lt;notifTagValue&gt;26&lt;/notifTagValue&gt;&lt;notifTagID&gt;140&lt;/notifTagID&gt;&lt;notifRecordID&gt;37344&lt;/notifRecordID&gt;&lt;descriptionDefined&gt;TP RH Tube to K&lt;/descriptionDefined&gt;&lt;nameDefined&gt;TP RH Tube to K&lt;/nameDefined&gt;&lt;operationName&gt;P558_JENOPTIK&lt;/operationName&gt;&lt;CreatedOn&gt;2016-10-07 12:54:36&lt;/CreatedOn&gt;&lt;/Row&gt;&lt;Row&gt;&lt;serialNumber&gt;FTW3M160004sf&lt;/serialNumber&gt;&lt;uom&gt;NONE&lt;/uom&gt;&lt;notifTagValue&gt;29&lt;/notifTagValue&gt;&lt;notifTagID&gt;130&lt;/notifTagID&gt;&lt;notifRecordID&gt;37344&lt;/notifRecordID&gt;&lt;descriptionDefined&gt;TP Front Pin to H&lt;/descriptionDefined&gt;&lt;nameDefined&gt;TP Front Pin to H&lt;/nameDefined&gt;&lt;operationName&gt;P558_JENOPTIK&lt;/operationName&gt;&lt;CreatedOn&gt;2016-10-07 12:54:36&lt;/CreatedOn&gt;&lt;/Row&gt;&lt;Row&gt;&lt;serialNumber&gt;FTW3M160004sf&lt;/serialNumber&gt;&lt;uom&gt;NONE&lt;/uom&gt;&lt;notifTagValue&gt;3&lt;/notifTagValue&gt;&lt;notifTagID&gt;124&lt;/notifTagID&gt;&lt;notifRecordID&gt;37344&lt;/notifRecordID&gt;&lt;descriptionDefined&gt;Squareness Pin to G&lt;/descriptionDefined&gt;&lt;nameDefined&gt;Squareness Pin to G&lt;/nameDefined&gt;&lt;operationName&gt;P558_JENOPTIK&lt;/operationName&gt;&lt;CreatedOn&gt;2016-10-07 12:54:36&lt;/CreatedOn&gt;&lt;/Row&gt;&lt;Row&gt;&lt;serialNumber&gt;FTW3M160004sf&lt;/serialNumber&gt;&lt;uom&gt;NONE&lt;/uom&gt;&lt;notifTagValue&gt;32&lt;/notifTagValue&gt;&lt;notifTagID&gt;136&lt;/notifTagID&gt;&lt;notifRecordID&gt;37344&lt;/notifRecordID&gt;&lt;descriptionDefined&gt;TP RH Diff to K&lt;/descriptionDefined&gt;&lt;nameDefined&gt;TP RH Diff to K&lt;/nameDefined&gt;&lt;operationName&gt;P558_JENOPTIK&lt;/operationName&gt;&lt;CreatedOn&gt;2016-10-07 12:54:36&lt;/CreatedOn&gt;&lt;/Row&gt;&lt;Row&gt;&lt;serialNumber&gt;FTW3M160004sf&lt;/serialNumber&gt;&lt;uom&gt;NONE&lt;/uom&gt;&lt;notifTagValue&gt;4&lt;/notifTagValue&gt;&lt;notifTagID&gt;133&lt;/notifTagID&gt;&lt;notifRecordID&gt;37344&lt;/notifRecordID&gt;&lt;descriptionDefined&gt;Dia Pin Seal Avg&lt;/descriptionDefined&gt;&lt;nameDefined&gt;Dia Pin Seal Avg&lt;/nameDefined&gt;&lt;operationName&gt;P558_JENOPTIK&lt;/operationName&gt;&lt;CreatedOn&gt;2016-10-07 12:54:36&lt;/CreatedOn&gt;&lt;/Row&gt;&lt;Row&gt;&lt;serialNumber&gt;FTW3M160004sf&lt;/serialNumber&gt;&lt;uom&gt;NONE&lt;/uom&gt;&lt;notifTagValue&gt;74&lt;/notifTagValue&gt;&lt;notifTagID&gt;142&lt;/notifTagID&gt;&lt;notifRecordID&gt;37344&lt;/notifRecordID&gt;&lt;descriptionDefined&gt;TP LH Tube to DEF&lt;/descriptionDefined&gt;&lt;nameDefined&gt;TP LH Tube to DEF&lt;/nameDefined&gt;&lt;operationName&gt;P558_JENOPTIK&lt;/operationName&gt;&lt;CreatedOn&gt;2016-10-07 12:54:36&lt;/CreatedOn&gt;&lt;/Row&gt;&lt;Row&gt;&lt;serialNumber&gt;FTW3M160004sf&lt;/serialNumber&gt;&lt;uom&gt;NONE&lt;/uom&gt;&lt;notifTagValue&gt;8&lt;/notifTagValue&gt;&lt;notifTagID&gt;141&lt;/notifTagID&gt;&lt;notifRecordID&gt;37344&lt;/notifRecordID&gt;&lt;descriptionDefined&gt;Dia RH Inr Tube Avg&lt;/descriptionDefined&gt;&lt;nameDefined&gt;Dia RH Inr Tube Avg&lt;/nameDefined&gt;&lt;operationName&gt;P558_JENOPTIK&lt;/operationName&gt;&lt;CreatedOn&gt;2016-10-07 12:54:36&lt;/CreatedOn&gt;&lt;/Row&gt;&lt;/Rowset&gt;&lt;/Rowsets&gt;</Results><TagList/></Value><SchemaURI/><SchemaElement/><ValidateXMLOnExecution>1</ValidateXMLOnExecution><ReadOnly>false</ReadOnly><AlertXMLAssigned>false</AlertXMLAssigned></ContextItem><ContextItem><Name>Tracer_Write_File</Name><Description/><MinRange>0</MinRange><MaxRange>0</MaxRange><Value xsi:type="Tracer"><Message/><Level>INFO</Level></Value><ReadOnly>false</ReadOnly><AlertXMLAssigned>false</AlertXMLAssigned></ContextItem></Actions><ReaderRoles>SAP_XMII_Super_Administrator,SAP_XMII_Administrator,SAP_XMII_Developer,SAP_XMII_User</ReaderRoles><Steps><Step xsi:type="ActionSequence"><Name>Sequence_1</Name><Description/><Steps><Step xsi:type="ActionSequence"><Name>Sequence_8</Name><Description/><Steps><Step xsi:type="ActionSequence"><Name>Sequence_6</Name><Description/><Steps><Step xsi:type="Conditional"><Name>Sequence_7</Name><Description/><Steps><Step xsi:type="ActionSequence"><Name>Sequence_13</Name><Description/><Steps><Step xsi:type="ActionSequence"><Name>Sequence_14</Name><Description/><Steps><Step xsi:type="ActionSequence"><Name>Sequence_16</Name><Description/><Steps><Step xsi:type="Repeater"><Name>Sequence_5</Name><Description/><Steps><Step xsi:type="ActionSequence"><Name>Sequence_17</Name><Description/><Steps><Step xsi:type="Conditional"><Name>Sequence_19</Name><Description/><Steps><Step xsi:type="ActionSequence"><Name>Sequence_11</Name><Description/><Steps/><Actions><Action><Name>ShowRow</Name><Description> </Description><IncomingLinks><Assign xsi:type="Assign"><Name/><Description/><To>ShowRow.Message</To><From>"&lt;Row&gt;&lt;Cell&gt;&lt;Data ss:Type=\"String\"&gt; " &amp; 
RepeatOnRow.Output{/Row/serialNumber} &amp; "&lt;/Data&gt;&lt;/Cell&gt;&lt;Cell&gt;&lt;Data ss:Type=\"String\"&gt; " &amp; 
RepeatOnRow.Output{/Row/operationName} &amp; "&lt;/Data&gt;&lt;/Cell&gt;&lt;Cell&gt;&lt;Data ss:Type=\"String\"&gt; " &amp; 
RepeatOnRow.Output{/Row/tagDescription} &amp; "&lt;/Data&gt;&lt;/Cell&gt;&lt;Cell&gt;&lt;Data ss:Type=\"String\"&gt; " &amp; 
RepeatOnRow.Output{/Row/notifTagValue} &amp; "&lt;/Data&gt;&lt;/Cell&gt;&lt;Cell&gt;&lt;Data ss:Type=\"String\"&gt; " &amp; 
RepeatOnRow.Output{/Row/uom} &amp; "&lt;/Data&gt;&lt;/Cell&gt;&lt;Cell&gt;&lt;Data ss:Type=\"String\"&gt; " &amp; 
RepeatOnRow.Output{/Row/CreatedOn} &amp; "&lt;/Data&gt;&lt;/Cell&gt;&lt;/Row&gt;"</From></Assign></IncomingLinks><OutgoingLinks/></Action></Actions></Step></Steps><Actions><Action><Name>If_Debug</Name><Description> </Description><IncomingLinks><Assign xsi:type="Assign"><Name/><Description/><To>If_Debug.Input1</To><From>if(Transaction.DEBUG==1,1,0)</From></Assign></IncomingLinks><OutgoingLinks/></Action></Actions></Step></Steps><Actions><Action><Name>AssignRow</Name><Description> </Description><IncomingLinks/><OutgoingLinks><Assign xsi:type="Assign"><Name/><Description/><To>Local.XML_ROW</To><From>Local.XML_ROW  &amp; "&lt;Row&gt;" &amp;
"&lt;Cell&gt;&lt;Data ss:Type=\"String\"&gt;" &amp; xmlencode(stringif(RepeatOnRow.Output{/Row/serialNumber} == "---", "NULL", RepeatOnRow.Output{/Row/serialNumber})) &amp; "&lt;/Data&gt;&lt;/Cell&gt;" &amp;
"&lt;Cell&gt;&lt;Data ss:Type=\"String\"&gt;" &amp; xmlencode(stringif(RepeatOnRow.Output{/Row/operationName} == "---", "NULL", RepeatOnRow.Output{/Row/operationName})) &amp; "&lt;/Data&gt;&lt;/Cell&gt;" &amp;
"&lt;Cell&gt;&lt;Data ss:Type=\"String\"&gt;" &amp; xmlencode(stringif(RepeatOnRow.Output{/Row/nameDefined} == "---", "NULL", RepeatOnRow.Output{/Row/nameDefined})) &amp; "&lt;/Data&gt;&lt;/Cell&gt;" &amp;
"&lt;Cell&gt;&lt;Data ss:Type=\"String\"&gt;" &amp; xmlencode(stringif(RepeatOnRow.Output{/Row/notifTagValue} == "---", "NULL", RepeatOnRow.Output{/Row/notifTagValue})) &amp; "&lt;/Data&gt;&lt;/Cell&gt;" &amp;
"&lt;Cell&gt;&lt;Data ss:Type=\"String\"&gt;" &amp; xmlencode(stringif(RepeatOnRow.Output{/Row/uom} == "---", "NULL", RepeatOnRow.Output{/Row/uom})) &amp; "&lt;/Data&gt;&lt;/Cell&gt;" &amp;
"&lt;Cell&gt;&lt;Data ss:Type=\"String\"&gt;" &amp; xmlencode(stringif(RepeatOnRow.Output{/Row/CreatedOn} == "---", "NULL", RepeatOnRow.Output{/Row/CreatedOn})) &amp; "&lt;/Data&gt;&lt;/Cell&gt;" &amp;
"&lt;/Row&gt;"</From></Assign></OutgoingLinks></Action></Actions></Step><Step xsi:type="ActionSequence"><Name>Sequence_15</Name><Description/><Steps/><Actions><Action><Name>AssignOUT</Name><Description> </Description><IncomingLinks/><OutgoingLinks><Assign xsi:type="Assign"><Name/><Description/><To>Transaction.TXT_OUT</To><From>Local.XML_HDR &amp; Local.XML_ROW &amp; Local.XML_FTR</From></Assign><Assign xsi:type="Assign"><Name/><Description/><To>Local.OUT_NAME</To><From>"Item Tracebility Report"</From></Assign></OutgoingLinks></Action></Actions></Step></Steps><Actions><Action><Name>RepeatOnRow</Name><Description> </Description><IncomingLinks/><OutgoingLinks/></Action></Actions></Step></Steps><Actions><Action><Name>ShowRows</Name><Description> </Description><IncomingLinks><Assign xsi:type="Assign"><Name/><Description/><To>ShowRows.Message</To><From>get_Item_Data.Results{count(/Rowsets/Rowset/Row)} &amp; " Rows read .. "</From></Assign></IncomingLinks><OutgoingLinks/></Action></Actions></Step></Steps><Actions><Action><Name>AssignDate</Name><Description> </Description><IncomingLinks/><OutgoingLinks><Assign xsi:type="Assign"><Name/><Description/><To>Local.XML_HDR</To><From>stringreplace(Local.XML_HDR, "{ReplaceDateNow}", datenow)</From></Assign></OutgoingLinks></Action></Actions></Step></Steps><Actions><Action><Name>AssignRows</Name><Description> </Description><IncomingLinks/><OutgoingLinks><Assign xsi:type="Assign"><Name/><Description/><To>Local.XML_HDR</To><From>stringreplace(Local.XML_HDR, "{ReplaceColumnCount}", 
get_Item_Data.Results{count(/Rowsets/Rowset/Row)+1}
)</From></Assign></OutgoingLinks></Action></Actions></Step><Step xsi:type="ActionSequence"><Name>Sequence_12</Name><Description/><Steps/><Actions><Action><Name>GetTableErr</Name><Description> </Description><IncomingLinks><Assign xsi:type="Assign"><Name/><Description/><To>GetTableErr.Message</To><From>"Cannot Read Table: " &amp; get_Item_Data.LastErrorMessage</From></Assign></IncomingLinks><OutgoingLinks/></Action></Actions></Step></Steps><Actions><Action><Name>GetTableOk</Name><Description> </Description><IncomingLinks><Assign xsi:type="Assign"><Name/><Description/><To>GetTableOk.Input1</To><From>get_Item_Data.Success</From></Assign></IncomingLinks><OutgoingLinks/></Action></Actions></Step></Steps><Actions><Action><Name>get_Item_Data</Name><Description>SQL Query</Description><IncomingLinks><Assign xsi:type="Assign"><Name/><Description/><To>get_Item_Data.Param.1</To><From>Transaction.SERIAL_NUMBER_ID</From></Assign></IncomingLinks><OutgoingLinks/></Action></Actions></Step><Step xsi:type="Catch"><Name>Sequence_9</Name><Description/><Steps><Step xsi:type="ActionSequence"><Name>Sequence_10</Name><Description/><Steps/><Actions><Action><Name>Err_1</Name><Description> </Description><IncomingLinks><Assign xsi:type="Assign"><Name/><Description/><To>Err_1.Message</To><From>Catch_1.Message</From></Assign></IncomingLinks><OutgoingLinks/></Action></Actions></Step></Steps><Actions><Action><Name>Catch_1</Name><Description>Catches an exception</Description><IncomingLinks/><OutgoingLinks/></Action></Actions></Step></Steps><Actions><Action><Name>Exception_Enabler_1</Name><Description>Enables exceptions.</Description><IncomingLinks/><OutgoingLinks/></Action></Actions></Step><Step xsi:type="ActionSequence"><Name>Sequence_18</Name><Description/><Steps><Step xsi:type="ActionSequence"><Name>Sequence_21</Name><Description/><Steps><Step xsi:type="ActionSequence"><Name>Sequence_0</Name><Description/><Steps/><Actions><Action><Name>Tracer_Write_File</Name><Description> </Description><IncomingLinks><Assign xsi:type="Assign"><Name/><Description/><To>Tracer_Write_File.Message</To><From>"test"</From></Assign></IncomingLinks><OutgoingLinks/></Action></Actions></Step></Steps><Actions/></Step><Step xsi:type="Catch"><Name>Sequence_20</Name><Description/><Steps><Step xsi:type="ActionSequence"><Name>Sequence_22</Name><Description/><Steps/><Actions><Action><Name>Err</Name><Description> </Description><IncomingLinks><Assign xsi:type="Assign"><Name/><Description/><To>Err.Message</To><From>Catch.Message</From></Assign></IncomingLinks><OutgoingLinks/></Action></Actions></Step></Steps><Actions><Action><Name>Catch</Name><Description>Catches an exception</Description><IncomingLinks/><OutgoingLinks/></Action></Actions></Step></Steps><Actions><Action><Name>Exception_Enabler</Name><Description>Enables exceptions.</Description><IncomingLinks/><OutgoingLinks/></Action></Actions></Step></Steps><Actions><Action><Name>ItemTraceblity</Name><Description> </Description><IncomingLinks><Assign xsi:type="Assign"><Name/><Description/><To>ItemTraceblity.Message</To><From>"Processing Fabrication Table"</From></Assign></IncomingLinks><OutgoingLinks/></Action></Actions></Step></Steps></Transaction>