<?xml version="1.0" encoding="UTF-8"?><Transaction xmlns:xsd="http://www.w3.org/2001/XMLSchema" xmlns:xsi="http://www.w3.org/2001/XMLSchema-instance" Version="15.0.7.12"><TransactionAttributes><ContextItem><Name>AutoAppendBlankNamespaces</Name><Description>AutoAppendBlankNamespaces</Description><MinRange>0</MinRange><MaxRange>0</MaxRange><Value xsi:type="boolean">1</Value><ReadOnly>true</ReadOnly><AlertXMLAssigned>false</AlertXMLAssigned></ContextItem><ContextItem><Name>Category</Name><Description>Transaction Category</Description><MinRange>0</MinRange><MaxRange>0</MaxRange><Value xsi:type="string"/><ReadOnly>true</ReadOnly><AlertXMLAssigned>false</AlertXMLAssigned></ContextItem><ContextItem><Name>Comments</Name><Description>User Comments</Description><MinRange>0</MinRange><MaxRange>0</MaxRange><Value xsi:type="string"/><ReadOnly>true</ReadOnly><AlertXMLAssigned>false</AlertXMLAssigned></ContextItem><ContextItem><Name>CreatedBy</Name><Description>Created By</Description><MinRange>0</MinRange><MaxRange>0</MaxRange><Value xsi:type="string">RadPa</Value><ReadOnly>true</ReadOnly><AlertXMLAssigned>false</AlertXMLAssigned></ContextItem><ContextItem><Name>CreationDate</Name><Description>Creation Date</Description><MinRange>0</MinRange><MaxRange>0</MaxRange><Value xsi:type="dateTime">2014-04-22T14:01:46</Value><ReadOnly>true</ReadOnly><AlertXMLAssigned>false</AlertXMLAssigned></ContextItem><ContextItem><Name>Description</Name><Description>Transaction Description</Description><MinRange>0</MinRange><MaxRange>0</MaxRange><Value xsi:type="string"/><ReadOnly>true</ReadOnly><AlertXMLAssigned>false</AlertXMLAssigned></ContextItem><ContextItem><Name>LastEditedBy</Name><Description>Last Edited By</Description><MinRange>0</MinRange><MaxRange>0</MaxRange><Value xsi:type="xsd:string">ZarKl</Value><ReadOnly>true</ReadOnly><AlertXMLAssigned>false</AlertXMLAssigned></ContextItem><ContextItem><Name>LastEditedDate</Name><Description>Last Edited Date</Description><MinRange>0</MinRange><MaxRange>0</MaxRange><Value xsi:type="xsd:dateTime">2017-01-20T11:58:42</Value><ReadOnly>true</ReadOnly><AlertXMLAssigned>false</AlertXMLAssigned></ContextItem><ContextItem><Name>LegacyProcessingMode</Name><Description>Support the pre MII 12.1 Transaction Engine.</Description><MinRange>0</MinRange><MaxRange>0</MaxRange><Value xsi:type="boolean">0</Value><ReadOnly>true</ReadOnly><AlertXMLAssigned>false</AlertXMLAssigned></ContextItem><ContextItem><Name>Status</Name><Description>Deployment Status</Description><MinRange>0</MinRange><MaxRange>0</MaxRange><Value xsi:type="string">DEVELOPMENT</Value><ReadOnly>true</ReadOnly><AlertXMLAssigned>false</AlertXMLAssigned></ContextItem><ContextItem><Name>ThrowOnActionError</Name><Description>Throws an exception when an action error occurs</Description><MinRange>0</MinRange><MaxRange>0</MaxRange><Value xsi:type="boolean">1</Value><ReadOnly>true</ReadOnly><AlertXMLAssigned>false</AlertXMLAssigned></ContextItem><ContextItem><Name>ThrowOnLinkError</Name><Description>Throws an exception when a link error occures</Description><MinRange>0</MinRange><MaxRange>0</MaxRange><Value xsi:type="boolean">0</Value><ReadOnly>true</ReadOnly><AlertXMLAssigned>false</AlertXMLAssigned></ContextItem><ContextItem><Name>FormatXMLOnConversion</Name><Description>By default XML will be formatted when assigned from XML data type to String data type. This behaviour can be changed with this flag.</Description><MinRange>0</MinRange><MaxRange>0</MaxRange><Value xsi:type="boolean">1</Value><ReadOnly>true</ReadOnly><AlertXMLAssigned>false</AlertXMLAssigned></ContextItem></TransactionAttributes><Name>MESM/REPORTS/TRANSACTIONS/getTrendRepChartData</Name><Version>419</Version><WriterRoles>SAP_XMII_Administrator,SAP_XMII_Developer,SAP_XMII_Super_Administrator,SAP_XMII_User,Everyone</WriterRoles><Context><ContextItem><Name>FILTER_STR</Name><Description/><MinRange>0</MinRange><MaxRange>0</MaxRange><Value xsi:type="string"/><ReadOnly>false</ReadOnly><AlertXMLAssigned>false</AlertXMLAssigned></ContextItem><ContextItem><Name>HC_OUT</Name><Description>JSON Output for HighCharts</Description><MinRange>0</MinRange><MaxRange>0</MaxRange><Value xsi:type="string"/><ReadOnly>true</ReadOnly><AlertXMLAssigned>false</AlertXMLAssigned></ContextItem><ContextItem><Name>ID_LINE</Name><Description>Line ID for which the query is made</Description><MinRange>0</MinRange><MaxRange>0</MaxRange><Value xsi:type="string">0</Value><ReadOnly>false</ReadOnly><AlertXMLAssigned>false</AlertXMLAssigned></ContextItem><ContextItem><Name>ID_OP</Name><Description>Operation ID for which the query is made</Description><MinRange>0</MinRange><MaxRange>0</MaxRange><Value xsi:type="string">0</Value><ReadOnly>false</ReadOnly><AlertXMLAssigned>false</AlertXMLAssigned></ContextItem><ContextItem><Name>ID_TAGFLOAT</Name><Description/><MinRange>0</MinRange><MaxRange>0</MaxRange><Value xsi:type="string">123</Value><ReadOnly>false</ReadOnly><AlertXMLAssigned>false</AlertXMLAssigned></ContextItem><ContextItem><Name>ID_UNITPARENTFLOAT</Name><Description/><MinRange>0</MinRange><MaxRange>0</MaxRange><Value xsi:type="string">33</Value><ReadOnly>false</ReadOnly><AlertXMLAssigned>false</AlertXMLAssigned></ContextItem><ContextItem><Name>SERVER_SQL</Name><Description>SQL server where the data is stored</Description><MinRange>0</MinRange><MaxRange>0</MaxRange><Value xsi:type="string">MESM</Value><ReadOnly>false</ReadOnly><AlertXMLAssigned>false</AlertXMLAssigned></ContextItem><ContextItem><Name>TS_ENDING</Name><Description/><MinRange>0</MinRange><MaxRange>0</MaxRange><Value xsi:type="string">12-20-2016 00:00</Value><ReadOnly>false</ReadOnly><AlertXMLAssigned>false</AlertXMLAssigned></ContextItem><ContextItem><Name>TS_STARTING</Name><Description/><MinRange>0</MinRange><MaxRange>0</MaxRange><Value xsi:type="string">12-19-2016 23:00</Value><ReadOnly>false</ReadOnly><AlertXMLAssigned>false</AlertXMLAssigned></ContextItem></Context><Local><ContextItem><Name>json_Series1</Name><Description/><MinRange>0</MinRange><MaxRange>0</MaxRange><Value xsi:type="string"/><ReadOnly>false</ReadOnly><AlertXMLAssigned>false</AlertXMLAssigned></ContextItem><ContextItem><Name>json_Series2</Name><Description/><MinRange>0</MinRange><MaxRange>0</MaxRange><Value xsi:type="string"/><ReadOnly>false</ReadOnly><AlertXMLAssigned>false</AlertXMLAssigned></ContextItem><ContextItem><Name>startchart</Name><Description/><MinRange>0</MinRange><MaxRange>0</MaxRange><Value xsi:type="string"/><ReadOnly>false</ReadOnly><AlertXMLAssigned>false</AlertXMLAssigned></ContextItem></Local><Layout><GUILayoutItem><Name>Sequence</Name><X>512</X><Y>8</Y><Width>120</Width><SpacingWidth>1128</SpacingWidth><DescendantWidth>1128</DescendantWidth><Height>96</Height></GUILayoutItem><GUILayoutItem><Name>ShowParam</Name><X>520</X><Y>24</Y><Width>104</Width><SpacingWidth>0</SpacingWidth><DescendantWidth>0</DescendantWidth><Height>72</Height></GUILayoutItem><GUILayoutItem><Name>Sequence_18</Name><X>80</X><Y>144</Y><Width>120</Width><SpacingWidth>264</SpacingWidth><DescendantWidth>264</DescendantWidth><Height>96</Height></GUILayoutItem><GUILayoutItem><Name>Sequence_47</Name><X>8</X><Y>280</Y><Width>120</Width><SpacingWidth>120</SpacingWidth><DescendantWidth>120</DescendantWidth><Height>96</Height></GUILayoutItem><GUILayoutItem><Name>TargetDateEmpty</Name><X>16</X><Y>296</Y><Width>104</Width><SpacingWidth>0</SpacingWidth><DescendantWidth>0</DescendantWidth><Height>72</Height></GUILayoutItem><GUILayoutItem><Name>Sequence_17</Name><X>8</X><Y>416</Y><Width>120</Width><SpacingWidth>120</SpacingWidth><DescendantWidth>0</DescendantWidth><Height>96</Height></GUILayoutItem><GUILayoutItem><Name>AssignDate</Name><X>16</X><Y>432</Y><Width>104</Width><SpacingWidth>0</SpacingWidth><DescendantWidth>0</DescendantWidth><Height>72</Height></GUILayoutItem><GUILayoutItem><Name>Sequence_7</Name><X>152</X><Y>280</Y><Width>120</Width><SpacingWidth>120</SpacingWidth><DescendantWidth>120</DescendantWidth><Height>96</Height></GUILayoutItem><GUILayoutItem><Name>AssignSpecified</Name><X>160</X><Y>296</Y><Width>104</Width><SpacingWidth>0</SpacingWidth><DescendantWidth>0</DescendantWidth><Height>72</Height></GUILayoutItem><GUILayoutItem><Name>Sequence_8</Name><X>152</X><Y>416</Y><Width>120</Width><SpacingWidth>120</SpacingWidth><DescendantWidth>0</DescendantWidth><Height>96</Height></GUILayoutItem><GUILayoutItem><Name>ShowDates</Name><X>160</X><Y>432</Y><Width>104</Width><SpacingWidth>0</SpacingWidth><DescendantWidth>0</DescendantWidth><Height>72</Height></GUILayoutItem><GUILayoutItem><Name>Sequence_3</Name><X>584</X><Y>144</Y><Width>120</Width><SpacingWidth>696</SpacingWidth><DescendantWidth>696</DescendantWidth><Height>96</Height></GUILayoutItem><GUILayoutItem><Name>Exception_Enabler_0</Name><X>592</X><Y>160</Y><Width>104</Width><SpacingWidth>0</SpacingWidth><DescendantWidth>0</DescendantWidth><Height>72</Height></GUILayoutItem><GUILayoutItem><Name>Sequence_4</Name><X>512</X><Y>280</Y><Width>120</Width><SpacingWidth>552</SpacingWidth><DescendantWidth>552</DescendantWidth><Height>96</Height></GUILayoutItem><GUILayoutItem><Name>getChartData</Name><X>520</X><Y>296</Y><Width>104</Width><SpacingWidth>0</SpacingWidth><DescendantWidth>0</DescendantWidth><Height>72</Height></GUILayoutItem><GUILayoutItem><Name>Sequence_0</Name><X>512</X><Y>416</Y><Width>120</Width><SpacingWidth>552</SpacingWidth><DescendantWidth>552</DescendantWidth><Height>96</Height></GUILayoutItem><GUILayoutItem><Name>ChartData_Ok</Name><X>520</X><Y>432</Y><Width>104</Width><SpacingWidth>0</SpacingWidth><DescendantWidth>0</DescendantWidth><Height>72</Height></GUILayoutItem><GUILayoutItem><Name>Sequence_1</Name><X>440</X><Y>552</Y><Width>120</Width><SpacingWidth>408</SpacingWidth><DescendantWidth>408</DescendantWidth><Height>96</Height></GUILayoutItem><GUILayoutItem><Name>RepeatOnRow</Name><X>448</X><Y>568</Y><Width>104</Width><SpacingWidth>0</SpacingWidth><DescendantWidth>0</DescendantWidth><Height>72</Height></GUILayoutItem><GUILayoutItem><Name>Sequence_9</Name><X>440</X><Y>688</Y><Width>120</Width><SpacingWidth>408</SpacingWidth><DescendantWidth>408</DescendantWidth><Height>96</Height></GUILayoutItem><GUILayoutItem><Name>ShowRow</Name><X>448</X><Y>704</Y><Width>104</Width><SpacingWidth>0</SpacingWidth><DescendantWidth>0</DescendantWidth><Height>72</Height></GUILayoutItem><GUILayoutItem><Name>Sequence_11</Name><X>440</X><Y>824</Y><Width>120</Width><SpacingWidth>408</SpacingWidth><DescendantWidth>408</DescendantWidth><Height>96</Height></GUILayoutItem><GUILayoutItem><Name>FirstRec</Name><X>448</X><Y>840</Y><Width>104</Width><SpacingWidth>0</SpacingWidth><DescendantWidth>0</DescendantWidth><Height>72</Height></GUILayoutItem><GUILayoutItem><Name>Sequence_10</Name><X>296</X><Y>960</Y><Width>120</Width><SpacingWidth>120</SpacingWidth><DescendantWidth>0</DescendantWidth><Height>96</Height></GUILayoutItem><GUILayoutItem><Name>AssignFirst</Name><X>304</X><Y>976</Y><Width>104</Width><SpacingWidth>0</SpacingWidth><DescendantWidth>0</DescendantWidth><Height>72</Height></GUILayoutItem><GUILayoutItem><Name>Sequence_12</Name><X>512</X><Y>960</Y><Width>120</Width><SpacingWidth>264</SpacingWidth><DescendantWidth>264</DescendantWidth><Height>96</Height></GUILayoutItem><GUILayoutItem><Name>LastRec</Name><X>520</X><Y>976</Y><Width>104</Width><SpacingWidth>0</SpacingWidth><DescendantWidth>0</DescendantWidth><Height>72</Height></GUILayoutItem><GUILayoutItem><Name>Sequence_13</Name><X>440</X><Y>1096</Y><Width>120</Width><SpacingWidth>120</SpacingWidth><DescendantWidth>0</DescendantWidth><Height>96</Height></GUILayoutItem><GUILayoutItem><Name>AssignLast</Name><X>448</X><Y>1112</Y><Width>104</Width><SpacingWidth>0</SpacingWidth><DescendantWidth>0</DescendantWidth><Height>72</Height></GUILayoutItem><GUILayoutItem><Name>Sequence_14</Name><X>584</X><Y>1096</Y><Width>120</Width><SpacingWidth>120</SpacingWidth><DescendantWidth>0</DescendantWidth><Height>96</Height></GUILayoutItem><GUILayoutItem><Name>AssignMid</Name><X>592</X><Y>1112</Y><Width>104</Width><SpacingWidth>0</SpacingWidth><DescendantWidth>0</DescendantWidth><Height>72</Height></GUILayoutItem><GUILayoutItem><Name>Sequence_2</Name><X>728</X><Y>552</Y><Width>120</Width><SpacingWidth>120</SpacingWidth><DescendantWidth>0</DescendantWidth><Height>96</Height></GUILayoutItem><GUILayoutItem><Name>Err_1</Name><X>736</X><Y>568</Y><Width>104</Width><SpacingWidth>0</SpacingWidth><DescendantWidth>0</DescendantWidth><Height>72</Height></GUILayoutItem><GUILayoutItem><Name>Sequence_5</Name><X>872</X><Y>280</Y><Width>120</Width><SpacingWidth>120</SpacingWidth><DescendantWidth>120</DescendantWidth><Height>96</Height></GUILayoutItem><GUILayoutItem><Name>Catch_0</Name><X>880</X><Y>296</Y><Width>104</Width><SpacingWidth>0</SpacingWidth><DescendantWidth>0</DescendantWidth><Height>72</Height></GUILayoutItem><GUILayoutItem><Name>Sequence_6</Name><X>872</X><Y>416</Y><Width>120</Width><SpacingWidth>120</SpacingWidth><DescendantWidth>0</DescendantWidth><Height>96</Height></GUILayoutItem><GUILayoutItem><Name>ShowCatch_0</Name><X>880</X><Y>432</Y><Width>104</Width><SpacingWidth>0</SpacingWidth><DescendantWidth>0</DescendantWidth><Height>72</Height></GUILayoutItem><GUILayoutItem><Name>Sequence_15</Name><X>1016</X><Y>144</Y><Width>120</Width><SpacingWidth>120</SpacingWidth><DescendantWidth>120</DescendantWidth><Height>96</Height></GUILayoutItem><GUILayoutItem><Name>Assign_HC_OUT</Name><X>1024</X><Y>160</Y><Width>104</Width><SpacingWidth>0</SpacingWidth><DescendantWidth>0</DescendantWidth><Height>72</Height></GUILayoutItem><GUILayoutItem><Name>Sequence_16</Name><X>1016</X><Y>280</Y><Width>120</Width><SpacingWidth>120</SpacingWidth><DescendantWidth>0</DescendantWidth><Height>96</Height></GUILayoutItem><GUILayoutItem><Name>ShowHCOutput</Name><X>1024</X><Y>296</Y><Width>104</Width><SpacingWidth>0</SpacingWidth><DescendantWidth>0</DescendantWidth><Height>72</Height></GUILayoutItem></Layout><Actions><ContextItem><Name>ShowParam</Name><Description/><MinRange>0</MinRange><MaxRange>0</MaxRange><Value xsi:type="Tracer"><Message/><Level>INFO</Level></Value><ReadOnly>false</ReadOnly><AlertXMLAssigned>false</AlertXMLAssigned></ContextItem><ContextItem><Name>TargetDateEmpty</Name><Description/><MinRange>0</MinRange><MaxRange>0</MaxRange><Value xsi:type="ConditionalAction"><Output>false</Output><InputCount>2</InputCount><LogicalAnd>true</LogicalAnd><Input1>false</Input1><Input2>false</Input2></Value><ReadOnly>false</ReadOnly><AlertXMLAssigned>false</AlertXMLAssigned></ContextItem><ContextItem><Name>AssignDate</Name><Description/><MinRange>0</MinRange><MaxRange>0</MaxRange><Value xsi:type="Assignment"/><ReadOnly>false</ReadOnly><AlertXMLAssigned>false</AlertXMLAssigned></ContextItem><ContextItem><Name>AssignSpecified</Name><Description/><MinRange>0</MinRange><MaxRange>0</MaxRange><Value xsi:type="Assignment"/><ReadOnly>false</ReadOnly><AlertXMLAssigned>false</AlertXMLAssigned></ContextItem><ContextItem><Name>ShowDates</Name><Description/><MinRange>0</MinRange><MaxRange>0</MaxRange><Value xsi:type="Tracer"><Message/><Level>INFO</Level></Value><ReadOnly>false</ReadOnly><AlertXMLAssigned>false</AlertXMLAssigned></ContextItem><ContextItem><Name>Exception_Enabler_0</Name><Description/><MinRange>0</MinRange><MaxRange>0</MaxRange><Value xsi:type="ExceptionEnabler"><EnableActionExceptions>true</EnableActionExceptions><EnableLinkExceptions>true</EnableLinkExceptions></Value><ReadOnly>false</ReadOnly><AlertXMLAssigned>false</AlertXMLAssigned></ContextItem><ContextItem><Name>getChartData</Name><Description/><MinRange>0</MinRange><MaxRange>0</MaxRange><Value xsi:type="IlluminatorSQLQueryObject"><Timeout>60</Timeout><QueryParameters/><QueryTemplate>MESM/REPORTS/QUERIES/get_TrendRepData</QueryTemplate><QueryStartDate>2016-12-12T12:48:26</QueryStartDate><QueryEndDate>2016-12-12T12:48:26</QueryEndDate><SQLTransaction/><Results><ReferenceDocumentSource/>&lt;?xml version="1.0" encoding="UTF-8"?&gt;&lt;Rowsets CachedTime="" DateCreated="2017-01-03T14:58:35" EndDate="2017-01-03T14:58:35" StartDate="2017-01-03T13:58:35" Version="15.0 SP7 Patch 12 (Sep 7, 2016)"&gt;&lt;Rowset&gt;&lt;Columns&gt;&lt;Column Description="notifRecordID" MaxRange="1" MinRange="0" Name="notifRecordID" SQLDataType="4" SourceColumn="notifRecordID"/&gt;&lt;Column Description="notifTagID" MaxRange="1" MinRange="0" Name="notifTagID" SQLDataType="4" SourceColumn="notifTagID"/&gt;&lt;Column Description="notifTagValue" MaxRange="1" MinRange="0" Name="notifTagValue" SQLDataType="12" SourceColumn="notifTagValue"/&gt;&lt;Column Description="recordID" MaxRange="1" MinRange="0" Name="recordID" SQLDataType="4" SourceColumn="recordID"/&gt;&lt;Column Description="notifName" MaxRange="1" MinRange="0" Name="notifName" SQLDataType="-9" SourceColumn="notifName"/&gt;&lt;Column Description="notifDescription" MaxRange="1" MinRange="0" Name="notifDescription" SQLDataType="-9" SourceColumn="notifDescription"/&gt;&lt;Column Description="CreatedBy" MaxRange="1" MinRange="0" Name="CreatedBy" SQLDataType="-9" SourceColumn="CreatedBy"/&gt;&lt;Column Description="CreatedOn" MaxRange="1" MinRange="0" Name="CreatedOn" SQLDataType="93" SourceColumn="CreatedOn"/&gt;&lt;Column Description="ModifiedBy" MaxRange="1" MinRange="0" Name="ModifiedBy" SQLDataType="-9" SourceColumn="ModifiedBy"/&gt;&lt;Column Description="ModifiedOn" MaxRange="1" MinRange="0" Name="ModifiedOn" SQLDataType="93" SourceColumn="ModifiedOn"/&gt;&lt;Column Description="tagName" MaxRange="1" MinRange="0" Name="tagName" SQLDataType="-9" SourceColumn="tagName"/&gt;&lt;Column Description="tagTypeID" MaxRange="1" MinRange="0" Name="tagTypeID" SQLDataType="4" SourceColumn="tagTypeID"/&gt;&lt;Column Description="tagGroupID" MaxRange="1" MinRange="0" Name="tagGroupID" SQLDataType="4" SourceColumn="tagGroupID"/&gt;&lt;Column Description="tagFunctionID" MaxRange="1" MinRange="0" Name="tagFunctionID" SQLDataType="4" SourceColumn="tagFunctionID"/&gt;&lt;Column Description="COM_typeName" MaxRange="1" MinRange="0" Name="COM_typeName" SQLDataType="-9" SourceColumn="COM_typeName"/&gt;&lt;Column Description="FNC_typeName" MaxRange="1" MinRange="0" Name="FNC_typeName" SQLDataType="-9" SourceColumn="FNC_typeName"/&gt;&lt;Column Description="OPC_typeName" MaxRange="1" MinRange="0" Name="OPC_typeName" SQLDataType="-9" SourceColumn="OPC_typeName"/&gt;&lt;Column Description="unitID" MaxRange="1" MinRange="0" Name="unitID" SQLDataType="4" SourceColumn="unitID"/&gt;&lt;Column Description="lineID" MaxRange="1" MinRange="0" Name="lineID" SQLDataType="4" SourceColumn="lineID"/&gt;&lt;Column Description="nameDefined" MaxRange="1" MinRange="0" Name="nameDefined" SQLDataType="-9" SourceColumn="nameDefined"/&gt;&lt;Column Description="uomDefinedID" MaxRange="1" MinRange="0" Name="uomDefinedID" SQLDataType="4" SourceColumn="uomDefinedID"/&gt;&lt;Column Description="UOMName" MaxRange="1" MinRange="0" Name="UOMName" SQLDataType="-9" SourceColumn="UOMName"/&gt;&lt;Column Description="UOMDescription" MaxRange="1" MinRange="0" Name="UOMDescription" SQLDataType="-9" SourceColumn="UOMDescription"/&gt;&lt;Column Description="serialNumber" MaxRange="1" MinRange="0" Name="serialNumber" SQLDataType="-9" SourceColumn="serialNumber"/&gt;&lt;Column Description="avrg" MaxRange="1" MinRange="0" Name="avrg" SQLDataType="3" SourceColumn="avrg"/&gt;&lt;/Columns&gt;&lt;Row&gt;&lt;notifRecordID&gt;111941&lt;/notifRecordID&gt;&lt;notifTagID&gt;123&lt;/notifTagID&gt;&lt;notifTagValue&gt;-0.001&lt;/notifTagValue&gt;&lt;recordID&gt;111941&lt;/recordID&gt;&lt;notifName&gt;TransCtr&lt;/notifName&gt;&lt;notifDescription&gt;P558_JENOPTIK&lt;/notifDescription&gt;&lt;CreatedBy&gt;SYSTEM&lt;/CreatedBy&gt;&lt;CreatedOn&gt;2016-12-16T00:06:54&lt;/CreatedOn&gt;&lt;ModifiedBy&gt;System&lt;/ModifiedBy&gt;&lt;ModifiedOn&gt;2016-12-16T00:06:56&lt;/ModifiedOn&gt;&lt;tagName&gt;Data_00&lt;/tagName&gt;&lt;tagTypeID&gt;8&lt;/tagTypeID&gt;&lt;tagGroupID&gt;1&lt;/tagGroupID&gt;&lt;tagFunctionID&gt;4&lt;/tagFunctionID&gt;&lt;COM_typeName&gt;TSend&lt;/COM_typeName&gt;&lt;FNC_typeName&gt;DefDataTable&lt;/FNC_typeName&gt;&lt;OPC_typeName&gt;FLOAT&lt;/OPC_typeName&gt;&lt;unitID&gt;36&lt;/unitID&gt;&lt;lineID&gt;35&lt;/lineID&gt;&lt;nameDefined&gt;Hi\Lo&lt;/nameDefined&gt;&lt;uomDefinedID&gt;24&lt;/uomDefinedID&gt;&lt;UOMName&gt;MM&lt;/UOMName&gt;&lt;UOMDescription&gt;MILIMETERS&lt;/UOMDescription&gt;&lt;serialNumber&gt;FTW2M160006ru&lt;/serialNumber&gt;&lt;avrg&gt;0.002575&lt;/avrg&gt;&lt;/Row&gt;&lt;Row&gt;&lt;notifRecordID&gt;111944&lt;/notifRecordID&gt;&lt;notifTagID&gt;123&lt;/notifTagID&gt;&lt;notifTagValue&gt;0.002&lt;/notifTagValue&gt;&lt;recordID&gt;111944&lt;/recordID&gt;&lt;notifName&gt;TransCtr&lt;/notifName&gt;&lt;notifDescription&gt;P558_JENOPTIK&lt;/notifDescription&gt;&lt;CreatedBy&gt;SYSTEM&lt;/CreatedBy&gt;&lt;CreatedOn&gt;2016-12-16T00:08:18&lt;/CreatedOn&gt;&lt;ModifiedBy&gt;System&lt;/ModifiedBy&gt;&lt;ModifiedOn&gt;2016-12-16T00:08:20&lt;/ModifiedOn&gt;&lt;tagName&gt;Data_00&lt;/tagName&gt;&lt;tagTypeID&gt;8&lt;/tagTypeID&gt;&lt;tagGroupID&gt;1&lt;/tagGroupID&gt;&lt;tagFunctionID&gt;4&lt;/tagFunctionID&gt;&lt;COM_typeName&gt;TSend&lt;/COM_typeName&gt;&lt;FNC_typeName&gt;DefDataTable&lt;/FNC_typeName&gt;&lt;OPC_typeName&gt;FLOAT&lt;/OPC_typeName&gt;&lt;unitID&gt;36&lt;/unitID&gt;&lt;lineID&gt;35&lt;/lineID&gt;&lt;nameDefined&gt;Hi\Lo&lt;/nameDefined&gt;&lt;uomDefinedID&gt;24&lt;/uomDefinedID&gt;&lt;UOMName&gt;MM&lt;/UOMName&gt;&lt;UOMDescription&gt;MILIMETERS&lt;/UOMDescription&gt;&lt;serialNumber&gt;FTW3M16000aif&lt;/serialNumber&gt;&lt;avrg&gt;0.002575&lt;/avrg&gt;&lt;/Row&gt;&lt;Row&gt;&lt;notifRecordID&gt;111956&lt;/notifRecordID&gt;&lt;notifTagID&gt;123&lt;/notifTagID&gt;&lt;notifTagValue&gt;-0.001&lt;/notifTagValue&gt;&lt;recordID&gt;111956&lt;/recordID&gt;&lt;notifName&gt;TransCtr&lt;/notifName&gt;&lt;notifDescription&gt;P558_JENOPTIK&lt;/notifDescription&gt;&lt;CreatedBy&gt;SYSTEM&lt;/CreatedBy&gt;&lt;CreatedOn&gt;2016-12-16T00:30:10&lt;/CreatedOn&gt;&lt;ModifiedBy&gt;System&lt;/ModifiedBy&gt;&lt;ModifiedOn&gt;2016-12-16T00:30:12&lt;/ModifiedOn&gt;&lt;tagName&gt;Data_00&lt;/tagName&gt;&lt;tagTypeID&gt;8&lt;/tagTypeID&gt;&lt;tagGroupID&gt;1&lt;/tagGroupID&gt;&lt;tagFunctionID&gt;4&lt;/tagFunctionID&gt;&lt;COM_typeName&gt;TSend&lt;/COM_typeName&gt;&lt;FNC_typeName&gt;DefDataTable&lt;/FNC_typeName&gt;&lt;OPC_typeName&gt;FLOAT&lt;/OPC_typeName&gt;&lt;unitID&gt;36&lt;/unitID&gt;&lt;lineID&gt;35&lt;/lineID&gt;&lt;nameDefined&gt;Hi\Lo&lt;/nameDefined&gt;&lt;uomDefinedID&gt;24&lt;/uomDefinedID&gt;&lt;UOMName&gt;MM&lt;/UOMName&gt;&lt;UOMDescription&gt;MILIMETERS&lt;/UOMDescription&gt;&lt;serialNumber&gt;FTW3M16000aig&lt;/serialNumber&gt;&lt;avrg&gt;0.002575&lt;/avrg&gt;&lt;/Row&gt;&lt;Row&gt;&lt;notifRecordID&gt;111960&lt;/notifRecordID&gt;&lt;notifTagID&gt;123&lt;/notifTagID&gt;&lt;notifTagValue&gt;0.003&lt;/notifTagValue&gt;&lt;recordID&gt;111960&lt;/recordID&gt;&lt;notifName&gt;TransCtr&lt;/notifName&gt;&lt;notifDescription&gt;P558_JENOPTIK&lt;/notifDescription&gt;&lt;CreatedBy&gt;SYSTEM&lt;/CreatedBy&gt;&lt;CreatedOn&gt;2016-12-16T00:32:07&lt;/CreatedOn&gt;&lt;ModifiedBy&gt;System&lt;/ModifiedBy&gt;&lt;ModifiedOn&gt;2016-12-16T00:32:08&lt;/ModifiedOn&gt;&lt;tagName&gt;Data_00&lt;/tagName&gt;&lt;tagTypeID&gt;8&lt;/tagTypeID&gt;&lt;tagGroupID&gt;1&lt;/tagGroupID&gt;&lt;tagFunctionID&gt;4&lt;/tagFunctionID&gt;&lt;COM_typeName&gt;TSend&lt;/COM_typeName&gt;&lt;FNC_typeName&gt;DefDataTable&lt;/FNC_typeName&gt;&lt;OPC_typeName&gt;FLOAT&lt;/OPC_typeName&gt;&lt;unitID&gt;36&lt;/unitID&gt;&lt;lineID&gt;35&lt;/lineID&gt;&lt;nameDefined&gt;Hi\Lo&lt;/nameDefined&gt;&lt;uomDefinedID&gt;24&lt;/uomDefinedID&gt;&lt;UOMName&gt;MM&lt;/UOMName&gt;&lt;UOMDescription&gt;MILIMETERS&lt;/UOMDescription&gt;&lt;serialNumber&gt;FTW2M160006rw&lt;/serialNumber&gt;&lt;avrg&gt;0.002575&lt;/avrg&gt;&lt;/Row&gt;&lt;Row&gt;&lt;notifRecordID&gt;111962&lt;/notifRecordID&gt;&lt;notifTagID&gt;123&lt;/notifTagID&gt;&lt;notifTagValue&gt;0.003&lt;/notifTagValue&gt;&lt;recordID&gt;111962&lt;/recordID&gt;&lt;notifName&gt;TransCtr&lt;/notifName&gt;&lt;notifDescription&gt;P558_JENOPTIK&lt;/notifDescription&gt;&lt;CreatedBy&gt;SYSTEM&lt;/CreatedBy&gt;&lt;CreatedOn&gt;2016-12-16T00:35:29&lt;/CreatedOn&gt;&lt;ModifiedBy&gt;System&lt;/ModifiedBy&gt;&lt;ModifiedOn&gt;2016-12-16T00:35:31&lt;/ModifiedOn&gt;&lt;tagName&gt;Data_00&lt;/tagName&gt;&lt;tagTypeID&gt;8&lt;/tagTypeID&gt;&lt;tagGroupID&gt;1&lt;/tagGroupID&gt;&lt;tagFunctionID&gt;4&lt;/tagFunctionID&gt;&lt;COM_typeName&gt;TSend&lt;/COM_typeName&gt;&lt;FNC_typeName&gt;DefDataTable&lt;/FNC_typeName&gt;&lt;OPC_typeName&gt;FLOAT&lt;/OPC_typeName&gt;&lt;unitID&gt;36&lt;/unitID&gt;&lt;lineID&gt;35&lt;/lineID&gt;&lt;nameDefined&gt;Hi\Lo&lt;/nameDefined&gt;&lt;uomDefinedID&gt;24&lt;/uomDefinedID&gt;&lt;UOMName&gt;MM&lt;/UOMName&gt;&lt;UOMDescription&gt;MILIMETERS&lt;/UOMDescription&gt;&lt;serialNumber&gt;FTW2M160006rw&lt;/serialNumber&gt;&lt;avrg&gt;0.002575&lt;/avrg&gt;&lt;/Row&gt;&lt;Row&gt;&lt;notifRecordID&gt;111966&lt;/notifRecordID&gt;&lt;notifTagID&gt;123&lt;/notifTagID&gt;&lt;notifTagValue&gt;0.007&lt;/notifTagValue&gt;&lt;recordID&gt;111966&lt;/recordID&gt;&lt;notifName&gt;TransCtr&lt;/notifName&gt;&lt;notifDescription&gt;P558_JENOPTIK&lt;/notifDescription&gt;&lt;CreatedBy&gt;SYSTEM&lt;/CreatedBy&gt;&lt;CreatedOn&gt;2016-12-16T00:42:28&lt;/CreatedOn&gt;&lt;ModifiedBy&gt;System&lt;/ModifiedBy&gt;&lt;ModifiedOn&gt;2016-12-16T00:42:30&lt;/ModifiedOn&gt;&lt;tagName&gt;Data_00&lt;/tagName&gt;&lt;tagTypeID&gt;8&lt;/tagTypeID&gt;&lt;tagGroupID&gt;1&lt;/tagGroupID&gt;&lt;tagFunctionID&gt;4&lt;/tagFunctionID&gt;&lt;COM_typeName&gt;TSend&lt;/COM_typeName&gt;&lt;FNC_typeName&gt;DefDataTable&lt;/FNC_typeName&gt;&lt;OPC_typeName&gt;FLOAT&lt;/OPC_typeName&gt;&lt;unitID&gt;36&lt;/unitID&gt;&lt;lineID&gt;35&lt;/lineID&gt;&lt;nameDefined&gt;Hi\Lo&lt;/nameDefined&gt;&lt;uomDefinedID&gt;24&lt;/uomDefinedID&gt;&lt;UOMName&gt;MM&lt;/UOMName&gt;&lt;UOMDescription&gt;MILIMETERS&lt;/UOMDescription&gt;&lt;serialNumber&gt;FTW2M160006rx&lt;/serialNumber&gt;&lt;avrg&gt;0.002575&lt;/avrg&gt;&lt;/Row&gt;&lt;Row&gt;&lt;notifRecordID&gt;111970&lt;/notifRecordID&gt;&lt;notifTagID&gt;123&lt;/notifTagID&gt;&lt;notifTagValue&gt;0.002&lt;/notifTagValue&gt;&lt;recordID&gt;111970&lt;/recordID&gt;&lt;notifName&gt;TransCtr&lt;/notifName&gt;&lt;notifDescription&gt;P558_JENOPTIK&lt;/notifDescription&gt;&lt;CreatedBy&gt;SYSTEM&lt;/CreatedBy&gt;&lt;CreatedOn&gt;2016-12-16T00:44:26&lt;/CreatedOn&gt;&lt;ModifiedBy&gt;System&lt;/ModifiedBy&gt;&lt;ModifiedOn&gt;2016-12-16T00:44:27&lt;/ModifiedOn&gt;&lt;tagName&gt;Data_00&lt;/tagName&gt;&lt;tagTypeID&gt;8&lt;/tagTypeID&gt;&lt;tagGroupID&gt;1&lt;/tagGroupID&gt;&lt;tagFunctionID&gt;4&lt;/tagFunctionID&gt;&lt;COM_typeName&gt;TSend&lt;/COM_typeName&gt;&lt;FNC_typeName&gt;DefDataTable&lt;/FNC_typeName&gt;&lt;OPC_typeName&gt;FLOAT&lt;/OPC_typeName&gt;&lt;unitID&gt;36&lt;/unitID&gt;&lt;lineID&gt;35&lt;/lineID&gt;&lt;nameDefined&gt;Hi\Lo&lt;/nameDefined&gt;&lt;uomDefinedID&gt;24&lt;/uomDefinedID&gt;&lt;UOMName&gt;MM&lt;/UOMName&gt;&lt;UOMDescription&gt;MILIMETERS&lt;/UOMDescription&gt;&lt;serialNumber&gt;FTW2M160006ry&lt;/serialNumber&gt;&lt;avrg&gt;0.002575&lt;/avrg&gt;&lt;/Row&gt;&lt;Row&gt;&lt;notifRecordID&gt;111973&lt;/notifRecordID&gt;&lt;notifTagID&gt;123&lt;/notifTagID&gt;&lt;notifTagValue&gt;0.005&lt;/notifTagValue&gt;&lt;recordID&gt;111973&lt;/recordID&gt;&lt;notifName&gt;TransCtr&lt;/notifName&gt;&lt;notifDescription&gt;P558_JENOPTIK&lt;/notifDescription&gt;&lt;CreatedBy&gt;SYSTEM&lt;/CreatedBy&gt;&lt;CreatedOn&gt;2016-12-16T00:46:32&lt;/CreatedOn&gt;&lt;ModifiedBy&gt;System&lt;/ModifiedBy&gt;&lt;ModifiedOn&gt;2016-12-16T00:46:34&lt;/ModifiedOn&gt;&lt;tagName&gt;Data_00&lt;/tagName&gt;&lt;tagTypeID&gt;8&lt;/tagTypeID&gt;&lt;tagGroupID&gt;1&lt;/tagGroupID&gt;&lt;tagFunctionID&gt;4&lt;/tagFunctionID&gt;&lt;COM_typeName&gt;TSend&lt;/COM_typeName&gt;&lt;FNC_typeName&gt;DefDataTable&lt;/FNC_typeName&gt;&lt;OPC_typeName&gt;FLOAT&lt;/OPC_typeName&gt;&lt;unitID&gt;36&lt;/unitID&gt;&lt;lineID&gt;35&lt;/lineID&gt;&lt;nameDefined&gt;Hi\Lo&lt;/nameDefined&gt;&lt;uomDefinedID&gt;24&lt;/uomDefinedID&gt;&lt;UOMName&gt;MM&lt;/UOMName&gt;&lt;UOMDescription&gt;MILIMETERS&lt;/UOMDescription&gt;&lt;serialNumber&gt;FTW3M16000aij&lt;/serialNumber&gt;&lt;avrg&gt;0.002575&lt;/avrg&gt;&lt;/Row&gt;&lt;Row&gt;&lt;notifRecordID&gt;111977&lt;/notifRecordID&gt;&lt;notifTagID&gt;123&lt;/notifTagID&gt;&lt;notifTagValue&gt;0.008&lt;/notifTagValue&gt;&lt;recordID&gt;111977&lt;/recordID&gt;&lt;notifName&gt;TransCtr&lt;/notifName&gt;&lt;notifDescription&gt;P558_JENOPTIK&lt;/notifDescription&gt;&lt;CreatedBy&gt;SYSTEM&lt;/CreatedBy&gt;&lt;CreatedOn&gt;2016-12-16T00:53:49&lt;/CreatedOn&gt;&lt;ModifiedBy&gt;System&lt;/ModifiedBy&gt;&lt;ModifiedOn&gt;2016-12-16T00:53:51&lt;/ModifiedOn&gt;&lt;tagName&gt;Data_00&lt;/tagName&gt;&lt;tagTypeID&gt;8&lt;/tagTypeID&gt;&lt;tagGroupID&gt;1&lt;/tagGroupID&gt;&lt;tagFunctionID&gt;4&lt;/tagFunctionID&gt;&lt;COM_typeName&gt;TSend&lt;/COM_typeName&gt;&lt;FNC_typeName&gt;DefDataTable&lt;/FNC_typeName&gt;&lt;OPC_typeName&gt;FLOAT&lt;/OPC_typeName&gt;&lt;unitID&gt;36&lt;/unitID&gt;&lt;lineID&gt;35&lt;/lineID&gt;&lt;nameDefined&gt;Hi\Lo&lt;/nameDefined&gt;&lt;uomDefinedID&gt;24&lt;/uomDefinedID&gt;&lt;UOMName&gt;MM&lt;/UOMName&gt;&lt;UOMDescription&gt;MILIMETERS&lt;/UOMDescription&gt;&lt;serialNumber&gt;FTW3M16000aik&lt;/serialNumber&gt;&lt;avrg&gt;0.002575&lt;/avrg&gt;&lt;/Row&gt;&lt;Row&gt;&lt;notifRecordID&gt;111980&lt;/notifRecordID&gt;&lt;notifTagID&gt;123&lt;/notifTagID&gt;&lt;notifTagValue&gt;0.001&lt;/notifTagValue&gt;&lt;recordID&gt;111980&lt;/recordID&gt;&lt;notifName&gt;TransCtr&lt;/notifName&gt;&lt;notifDescription&gt;P558_JENOPTIK&lt;/notifDescription&gt;&lt;CreatedBy&gt;SYSTEM&lt;/CreatedBy&gt;&lt;CreatedOn&gt;2016-12-16T00:55:41&lt;/CreatedOn&gt;&lt;ModifiedBy&gt;System&lt;/ModifiedBy&gt;&lt;ModifiedOn&gt;2016-12-16T00:55:42&lt;/ModifiedOn&gt;&lt;tagName&gt;Data_00&lt;/tagName&gt;&lt;tagTypeID&gt;8&lt;/tagTypeID&gt;&lt;tagGroupID&gt;1&lt;/tagGroupID&gt;&lt;tagFunctionID&gt;4&lt;/tagFunctionID&gt;&lt;COM_typeName&gt;TSend&lt;/COM_typeName&gt;&lt;FNC_typeName&gt;DefDataTable&lt;/FNC_typeName&gt;&lt;OPC_typeName&gt;FLOAT&lt;/OPC_typeName&gt;&lt;unitID&gt;36&lt;/unitID&gt;&lt;lineID&gt;35&lt;/lineID&gt;&lt;nameDefined&gt;Hi\Lo&lt;/nameDefined&gt;&lt;uomDefinedID&gt;24&lt;/uomDefinedID&gt;&lt;UOMName&gt;MM&lt;/UOMName&gt;&lt;UOMDescription&gt;MILIMETERS&lt;/UOMDescription&gt;&lt;serialNumber&gt;FTW2M160006s0&lt;/serialNumber&gt;&lt;avrg&gt;0.002575&lt;/avrg&gt;&lt;/Row&gt;&lt;Row&gt;&lt;notifRecordID&gt;111985&lt;/notifRecordID&gt;&lt;notifTagID&gt;123&lt;/notifTagID&gt;&lt;notifTagValue&gt;0.008&lt;/notifTagValue&gt;&lt;recordID&gt;111985&lt;/recordID&gt;&lt;notifName&gt;TransCtr&lt;/notifName&gt;&lt;notifDescription&gt;P558_JENOPTIK&lt;/notifDescription&gt;&lt;CreatedBy&gt;SYSTEM&lt;/CreatedBy&gt;&lt;CreatedOn&gt;2016-12-16T01:00:32&lt;/CreatedOn&gt;&lt;ModifiedBy&gt;System&lt;/ModifiedBy&gt;&lt;ModifiedOn&gt;2016-12-16T01:00:34&lt;/ModifiedOn&gt;&lt;tagName&gt;Data_00&lt;/tagName&gt;&lt;tagTypeID&gt;8&lt;/tagTypeID&gt;&lt;tagGroupID&gt;1&lt;/tagGroupID&gt;&lt;tagFunctionID&gt;4&lt;/tagFunctionID&gt;&lt;COM_typeName&gt;TSend&lt;/COM_typeName&gt;&lt;FNC_typeName&gt;DefDataTable&lt;/FNC_typeName&gt;&lt;OPC_typeName&gt;FLOAT&lt;/OPC_typeName&gt;&lt;unitID&gt;36&lt;/unitID&gt;&lt;lineID&gt;35&lt;/lineID&gt;&lt;nameDefined&gt;Hi\Lo&lt;/nameDefined&gt;&lt;uomDefinedID&gt;24&lt;/uomDefinedID&gt;&lt;UOMName&gt;MM&lt;/UOMName&gt;&lt;UOMDescription&gt;MILIMETERS&lt;/UOMDescription&gt;&lt;serialNumber&gt;FTW2M160006rz&lt;/serialNumber&gt;&lt;avrg&gt;0.002575&lt;/avrg&gt;&lt;/Row&gt;&lt;Row&gt;&lt;notifRecordID&gt;111996&lt;/notifRecordID&gt;&lt;notifTagID&gt;123&lt;/notifTagID&gt;&lt;notifTagValue&gt;0.001&lt;/notifTagValue&gt;&lt;recordID&gt;111996&lt;/recordID&gt;&lt;notifName&gt;TransCtr&lt;/notifName&gt;&lt;notifDescription&gt;P558_JENOPTIK&lt;/notifDescription&gt;&lt;CreatedBy&gt;SYSTEM&lt;/CreatedBy&gt;&lt;CreatedOn&gt;2016-12-16T01:25:56&lt;/CreatedOn&gt;&lt;ModifiedBy&gt;System&lt;/ModifiedBy&gt;&lt;ModifiedOn&gt;2016-12-16T01:25:58&lt;/ModifiedOn&gt;&lt;tagName&gt;Data_00&lt;/tagName&gt;&lt;tagTypeID&gt;8&lt;/tagTypeID&gt;&lt;tagGroupID&gt;1&lt;/tagGroupID&gt;&lt;tagFunctionID&gt;4&lt;/tagFunctionID&gt;&lt;COM_typeName&gt;TSend&lt;/COM_typeName&gt;&lt;FNC_typeName&gt;DefDataTable&lt;/FNC_typeName&gt;&lt;OPC_typeName&gt;FLOAT&lt;/OPC_typeName&gt;&lt;unitID&gt;36&lt;/unitID&gt;&lt;lineID&gt;35&lt;/lineID&gt;&lt;nameDefined&gt;Hi\Lo&lt;/nameDefined&gt;&lt;uomDefinedID&gt;24&lt;/uomDefinedID&gt;&lt;UOMName&gt;MM&lt;/UOMName&gt;&lt;UOMDescription&gt;MILIMETERS&lt;/UOMDescription&gt;&lt;serialNumber&gt;FTW3M16000ail&lt;/serialNumber&gt;&lt;avrg&gt;0.002575&lt;/avrg&gt;&lt;/Row&gt;&lt;Row&gt;&lt;notifRecordID&gt;111999&lt;/notifRecordID&gt;&lt;notifTagID&gt;123&lt;/notifTagID&gt;&lt;notifTagValue&gt;0.005&lt;/notifTagValue&gt;&lt;recordID&gt;111999&lt;/recordID&gt;&lt;notifName&gt;TransCtr&lt;/notifName&gt;&lt;notifDescription&gt;P558_JENOPTIK&lt;/notifDescription&gt;&lt;CreatedBy&gt;SYSTEM&lt;/CreatedBy&gt;&lt;CreatedOn&gt;2016-12-16T01:28:06&lt;/CreatedOn&gt;&lt;ModifiedBy&gt;System&lt;/ModifiedBy&gt;&lt;ModifiedOn&gt;2016-12-16T01:28:08&lt;/ModifiedOn&gt;&lt;tagName&gt;Data_00&lt;/tagName&gt;&lt;tagTypeID&gt;8&lt;/tagTypeID&gt;&lt;tagGroupID&gt;1&lt;/tagGroupID&gt;&lt;tagFunctionID&gt;4&lt;/tagFunctionID&gt;&lt;COM_typeName&gt;TSend&lt;/COM_typeName&gt;&lt;FNC_typeName&gt;DefDataTable&lt;/FNC_typeName&gt;&lt;OPC_typeName&gt;FLOAT&lt;/OPC_typeName&gt;&lt;unitID&gt;36&lt;/unitID&gt;&lt;lineID&gt;35&lt;/lineID&gt;&lt;nameDefined&gt;Hi\Lo&lt;/nameDefined&gt;&lt;uomDefinedID&gt;24&lt;/uomDefinedID&gt;&lt;UOMName&gt;MM&lt;/UOMName&gt;&lt;UOMDescription&gt;MILIMETERS&lt;/UOMDescription&gt;&lt;serialNumber&gt;FTW2M160006s1&lt;/serialNumber&gt;&lt;avrg&gt;0.002575&lt;/avrg&gt;&lt;/Row&gt;&lt;Row&gt;&lt;notifRecordID&gt;112006&lt;/notifRecordID&gt;&lt;notifTagID&gt;123&lt;/notifTagID&gt;&lt;notifTagValue&gt;0.006&lt;/notifTagValue&gt;&lt;recordID&gt;112006&lt;/recordID&gt;&lt;notifName&gt;TransCtr&lt;/notifName&gt;&lt;notifDescription&gt;P558_JENOPTIK&lt;/notifDescription&gt;&lt;CreatedBy&gt;SYSTEM&lt;/CreatedBy&gt;&lt;CreatedOn&gt;2016-12-16T01:35:32&lt;/CreatedOn&gt;&lt;ModifiedBy&gt;System&lt;/ModifiedBy&gt;&lt;ModifiedOn&gt;2016-12-16T01:35:34&lt;/ModifiedOn&gt;&lt;tagName&gt;Data_00&lt;/tagName&gt;&lt;tagTypeID&gt;8&lt;/tagTypeID&gt;&lt;tagGroupID&gt;1&lt;/tagGroupID&gt;&lt;tagFunctionID&gt;4&lt;/tagFunctionID&gt;&lt;COM_typeName&gt;TSend&lt;/COM_typeName&gt;&lt;FNC_typeName&gt;DefDataTable&lt;/FNC_typeName&gt;&lt;OPC_typeName&gt;FLOAT&lt;/OPC_typeName&gt;&lt;unitID&gt;36&lt;/unitID&gt;&lt;lineID&gt;35&lt;/lineID&gt;&lt;nameDefined&gt;Hi\Lo&lt;/nameDefined&gt;&lt;uomDefinedID&gt;24&lt;/uomDefinedID&gt;&lt;UOMName&gt;MM&lt;/UOMName&gt;&lt;UOMDescription&gt;MILIMETERS&lt;/UOMDescription&gt;&lt;serialNumber&gt;FTW3M16000ain&lt;/serialNumber&gt;&lt;avrg&gt;0.002575&lt;/avrg&gt;&lt;/Row&gt;&lt;Row&gt;&lt;notifRecordID&gt;112009&lt;/notifRecordID&gt;&lt;notifTagID&gt;123&lt;/notifTagID&gt;&lt;notifTagValue&gt;0.003&lt;/notifTagValue&gt;&lt;recordID&gt;112009&lt;/recordID&gt;&lt;notifName&gt;TransCtr&lt;/notifName&gt;&lt;notifDescription&gt;P558_JENOPTIK&lt;/notifDescription&gt;&lt;CreatedBy&gt;SYSTEM&lt;/CreatedBy&gt;&lt;CreatedOn&gt;2016-12-16T01:36:59&lt;/CreatedOn&gt;&lt;ModifiedBy&gt;System&lt;/ModifiedBy&gt;&lt;ModifiedOn&gt;2016-12-16T01:37:01&lt;/ModifiedOn&gt;&lt;tagName&gt;Data_00&lt;/tagName&gt;&lt;tagTypeID&gt;8&lt;/tagTypeID&gt;&lt;tagGroupID&gt;1&lt;/tagGroupID&gt;&lt;tagFunctionID&gt;4&lt;/tagFunctionID&gt;&lt;COM_typeName&gt;TSend&lt;/COM_typeName&gt;&lt;FNC_typeName&gt;DefDataTable&lt;/FNC_typeName&gt;&lt;OPC_typeName&gt;FLOAT&lt;/OPC_typeName&gt;&lt;unitID&gt;36&lt;/unitID&gt;&lt;lineID&gt;35&lt;/lineID&gt;&lt;nameDefined&gt;Hi\Lo&lt;/nameDefined&gt;&lt;uomDefinedID&gt;24&lt;/uomDefinedID&gt;&lt;UOMName&gt;MM&lt;/UOMName&gt;&lt;UOMDescription&gt;MILIMETERS&lt;/UOMDescription&gt;&lt;serialNumber&gt;FTW2M160006s2&lt;/serialNumber&gt;&lt;avrg&gt;0.002575&lt;/avrg&gt;&lt;/Row&gt;&lt;Row&gt;&lt;notifRecordID&gt;112012&lt;/notifRecordID&gt;&lt;notifTagID&gt;123&lt;/notifTagID&gt;&lt;notifTagValue&gt;-0.001&lt;/notifTagValue&gt;&lt;recordID&gt;112012&lt;/recordID&gt;&lt;notifName&gt;TransCtr&lt;/notifName&gt;&lt;notifDescription&gt;P558_JENOPTIK&lt;/notifDescription&gt;&lt;CreatedBy&gt;SYSTEM&lt;/CreatedBy&gt;&lt;CreatedOn&gt;2016-12-16T01:38:14&lt;/CreatedOn&gt;&lt;ModifiedBy&gt;System&lt;/ModifiedBy&gt;&lt;ModifiedOn&gt;2016-12-16T01:38:16&lt;/ModifiedOn&gt;&lt;tagName&gt;Data_00&lt;/tagName&gt;&lt;tagTypeID&gt;8&lt;/tagTypeID&gt;&lt;tagGroupID&gt;1&lt;/tagGroupID&gt;&lt;tagFunctionID&gt;4&lt;/tagFunctionID&gt;&lt;COM_typeName&gt;TSend&lt;/COM_typeName&gt;&lt;FNC_typeName&gt;DefDataTable&lt;/FNC_typeName&gt;&lt;OPC_typeName&gt;FLOAT&lt;/OPC_typeName&gt;&lt;unitID&gt;36&lt;/unitID&gt;&lt;lineID&gt;35&lt;/lineID&gt;&lt;nameDefined&gt;Hi\Lo&lt;/nameDefined&gt;&lt;uomDefinedID&gt;24&lt;/uomDefinedID&gt;&lt;UOMName&gt;MM&lt;/UOMName&gt;&lt;UOMDescription&gt;MILIMETERS&lt;/UOMDescription&gt;&lt;serialNumber&gt;FTW2M160006s3&lt;/serialNumber&gt;&lt;avrg&gt;0.002575&lt;/avrg&gt;&lt;/Row&gt;&lt;Row&gt;&lt;notifRecordID&gt;112014&lt;/notifRecordID&gt;&lt;notifTagID&gt;123&lt;/notifTagID&gt;&lt;notifTagValue&gt;0.008&lt;/notifTagValue&gt;&lt;recordID&gt;112014&lt;/recordID&gt;&lt;notifName&gt;TransCtr&lt;/notifName&gt;&lt;notifDescription&gt;P558_JENOPTIK&lt;/notifDescription&gt;&lt;CreatedBy&gt;SYSTEM&lt;/CreatedBy&gt;&lt;CreatedOn&gt;2016-12-16T01:39:29&lt;/CreatedOn&gt;&lt;ModifiedBy&gt;System&lt;/ModifiedBy&gt;&lt;ModifiedOn&gt;2016-12-16T01:39:31&lt;/ModifiedOn&gt;&lt;tagName&gt;Data_00&lt;/tagName&gt;&lt;tagTypeID&gt;8&lt;/tagTypeID&gt;&lt;tagGroupID&gt;1&lt;/tagGroupID&gt;&lt;tagFunctionID&gt;4&lt;/tagFunctionID&gt;&lt;COM_typeName&gt;TSend&lt;/COM_typeName&gt;&lt;FNC_typeName&gt;DefDataTable&lt;/FNC_typeName&gt;&lt;OPC_typeName&gt;FLOAT&lt;/OPC_typeName&gt;&lt;unitID&gt;36&lt;/unitID&gt;&lt;lineID&gt;35&lt;/lineID&gt;&lt;nameDefined&gt;Hi\Lo&lt;/nameDefined&gt;&lt;uomDefinedID&gt;24&lt;/uomDefinedID&gt;&lt;UOMName&gt;MM&lt;/UOMName&gt;&lt;UOMDescription&gt;MILIMETERS&lt;/UOMDescription&gt;&lt;serialNumber&gt;FTW3M16000aio&lt;/serialNumber&gt;&lt;avrg&gt;0.002575&lt;/avrg&gt;&lt;/Row&gt;&lt;Row&gt;&lt;notifRecordID&gt;112018&lt;/notifRecordID&gt;&lt;notifTagID&gt;123&lt;/notifTagID&gt;&lt;notifTagValue&gt;0.01&lt;/notifTagValue&gt;&lt;recordID&gt;112018&lt;/recordID&gt;&lt;notifName&gt;TransCtr&lt;/notifName&gt;&lt;notifDescription&gt;P558_JENOPTIK&lt;/notifDescription&gt;&lt;CreatedBy&gt;SYSTEM&lt;/CreatedBy&gt;&lt;CreatedOn&gt;2016-12-16T01:45:59&lt;/CreatedOn&gt;&lt;ModifiedBy&gt;System&lt;/ModifiedBy&gt;&lt;ModifiedOn&gt;2016-12-16T01:46:01&lt;/ModifiedOn&gt;&lt;tagName&gt;Data_00&lt;/tagName&gt;&lt;tagTypeID&gt;8&lt;/tagTypeID&gt;&lt;tagGroupID&gt;1&lt;/tagGroupID&gt;&lt;tagFunctionID&gt;4&lt;/tagFunctionID&gt;&lt;COM_typeName&gt;TSend&lt;/COM_typeName&gt;&lt;FNC_typeName&gt;DefDataTable&lt;/FNC_typeName&gt;&lt;OPC_typeName&gt;FLOAT&lt;/OPC_typeName&gt;&lt;unitID&gt;36&lt;/unitID&gt;&lt;lineID&gt;35&lt;/lineID&gt;&lt;nameDefined&gt;Hi\Lo&lt;/nameDefined&gt;&lt;uomDefinedID&gt;24&lt;/uomDefinedID&gt;&lt;UOMName&gt;MM&lt;/UOMName&gt;&lt;UOMDescription&gt;MILIMETERS&lt;/UOMDescription&gt;&lt;serialNumber&gt;FTW2M160006s4&lt;/serialNumber&gt;&lt;avrg&gt;0.002575&lt;/avrg&gt;&lt;/Row&gt;&lt;Row&gt;&lt;notifRecordID&gt;112021&lt;/notifRecordID&gt;&lt;notifTagID&gt;123&lt;/notifTagID&gt;&lt;notifTagValue&gt;0.01&lt;/notifTagValue&gt;&lt;recordID&gt;112021&lt;/recordID&gt;&lt;notifName&gt;TransCtr&lt;/notifName&gt;&lt;notifDescription&gt;P558_JENOPTIK&lt;/notifDescription&gt;&lt;CreatedBy&gt;SYSTEM&lt;/CreatedBy&gt;&lt;CreatedOn&gt;2016-12-16T01:48:07&lt;/CreatedOn&gt;&lt;ModifiedBy&gt;System&lt;/ModifiedBy&gt;&lt;ModifiedOn&gt;2016-12-16T01:48:08&lt;/ModifiedOn&gt;&lt;tagName&gt;Data_00&lt;/tagName&gt;&lt;tagTypeID&gt;8&lt;/tagTypeID&gt;&lt;tagGroupID&gt;1&lt;/tagGroupID&gt;&lt;tagFunctionID&gt;4&lt;/tagFunctionID&gt;&lt;COM_typeName&gt;TSend&lt;/COM_typeName&gt;&lt;FNC_typeName&gt;DefDataTable&lt;/FNC_typeName&gt;&lt;OPC_typeName&gt;FLOAT&lt;/OPC_typeName&gt;&lt;unitID&gt;36&lt;/unitID&gt;&lt;lineID&gt;35&lt;/lineID&gt;&lt;nameDefined&gt;Hi\Lo&lt;/nameDefined&gt;&lt;uomDefinedID&gt;24&lt;/uomDefinedID&gt;&lt;UOMName&gt;MM&lt;/UOMName&gt;&lt;UOMDescription&gt;MILIMETERS&lt;/UOMDescription&gt;&lt;serialNumber&gt;FTW2M160006s4&lt;/serialNumber&gt;&lt;avrg&gt;0.002575&lt;/avrg&gt;&lt;/Row&gt;&lt;Row&gt;&lt;notifRecordID&gt;112032&lt;/notifRecordID&gt;&lt;notifTagID&gt;123&lt;/notifTagID&gt;&lt;notifTagValue&gt;0.003&lt;/notifTagValue&gt;&lt;recordID&gt;112032&lt;/recordID&gt;&lt;notifName&gt;TransCtr&lt;/notifName&gt;&lt;notifDescription&gt;P558_JENOPTIK&lt;/notifDescription&gt;&lt;CreatedBy&gt;SYSTEM&lt;/CreatedBy&gt;&lt;CreatedOn&gt;2016-12-16T02:12:28&lt;/CreatedOn&gt;&lt;ModifiedBy&gt;System&lt;/ModifiedBy&gt;&lt;ModifiedOn&gt;2016-12-16T02:12:30&lt;/ModifiedOn&gt;&lt;tagName&gt;Data_00&lt;/tagName&gt;&lt;tagTypeID&gt;8&lt;/tagTypeID&gt;&lt;tagGroupID&gt;1&lt;/tagGroupID&gt;&lt;tagFunctionID&gt;4&lt;/tagFunctionID&gt;&lt;COM_typeName&gt;TSend&lt;/COM_typeName&gt;&lt;FNC_typeName&gt;DefDataTable&lt;/FNC_typeName&gt;&lt;OPC_typeName&gt;FLOAT&lt;/OPC_typeName&gt;&lt;unitID&gt;36&lt;/unitID&gt;&lt;lineID&gt;35&lt;/lineID&gt;&lt;nameDefined&gt;Hi\Lo&lt;/nameDefined&gt;&lt;uomDefinedID&gt;24&lt;/uomDefinedID&gt;&lt;UOMName&gt;MM&lt;/UOMName&gt;&lt;UOMDescription&gt;MILIMETERS&lt;/UOMDescription&gt;&lt;serialNumber&gt;FTW3M16000aip&lt;/serialNumber&gt;&lt;avrg&gt;0.002575&lt;/avrg&gt;&lt;/Row&gt;&lt;Row&gt;&lt;notifRecordID&gt;112034&lt;/notifRecordID&gt;&lt;notifTagID&gt;123&lt;/notifTagID&gt;&lt;notifTagValue&gt;0.012&lt;/notifTagValue&gt;&lt;recordID&gt;112034&lt;/recordID&gt;&lt;notifName&gt;TransCtr&lt;/notifName&gt;&lt;notifDescription&gt;P558_JENOPTIK&lt;/notifDescription&gt;&lt;CreatedBy&gt;SYSTEM&lt;/CreatedBy&gt;&lt;CreatedOn&gt;2016-12-16T02:14:19&lt;/CreatedOn&gt;&lt;ModifiedBy&gt;System&lt;/ModifiedBy&gt;&lt;ModifiedOn&gt;2016-12-16T02:14:21&lt;/ModifiedOn&gt;&lt;tagName&gt;Data_00&lt;/tagName&gt;&lt;tagTypeID&gt;8&lt;/tagTypeID&gt;&lt;tagGroupID&gt;1&lt;/tagGroupID&gt;&lt;tagFunctionID&gt;4&lt;/tagFunctionID&gt;&lt;COM_typeName&gt;TSend&lt;/COM_typeName&gt;&lt;FNC_typeName&gt;DefDataTable&lt;/FNC_typeName&gt;&lt;OPC_typeName&gt;FLOAT&lt;/OPC_typeName&gt;&lt;unitID&gt;36&lt;/unitID&gt;&lt;lineID&gt;35&lt;/lineID&gt;&lt;nameDefined&gt;Hi\Lo&lt;/nameDefined&gt;&lt;uomDefinedID&gt;24&lt;/uomDefinedID&gt;&lt;UOMName&gt;MM&lt;/UOMName&gt;&lt;UOMDescription&gt;MILIMETERS&lt;/UOMDescription&gt;&lt;serialNumber&gt;FTW3M16000aiq&lt;/serialNumber&gt;&lt;avrg&gt;0.002575&lt;/avrg&gt;&lt;/Row&gt;&lt;Row&gt;&lt;notifRecordID&gt;112036&lt;/notifRecordID&gt;&lt;notifTagID&gt;123&lt;/notifTagID&gt;&lt;notifTagValue&gt;0.007&lt;/notifTagValue&gt;&lt;recordID&gt;112036&lt;/recordID&gt;&lt;notifName&gt;TransCtr&lt;/notifName&gt;&lt;notifDescription&gt;P558_JENOPTIK&lt;/notifDescription&gt;&lt;CreatedBy&gt;SYSTEM&lt;/CreatedBy&gt;&lt;CreatedOn&gt;2016-12-16T02:15:44&lt;/CreatedOn&gt;&lt;ModifiedBy&gt;System&lt;/ModifiedBy&gt;&lt;ModifiedOn&gt;2016-12-16T02:15:46&lt;/ModifiedOn&gt;&lt;tagName&gt;Data_00&lt;/tagName&gt;&lt;tagTypeID&gt;8&lt;/tagTypeID&gt;&lt;tagGroupID&gt;1&lt;/tagGroupID&gt;&lt;tagFunctionID&gt;4&lt;/tagFunctionID&gt;&lt;COM_typeName&gt;TSend&lt;/COM_typeName&gt;&lt;FNC_typeName&gt;DefDataTable&lt;/FNC_typeName&gt;&lt;OPC_typeName&gt;FLOAT&lt;/OPC_typeName&gt;&lt;unitID&gt;36&lt;/unitID&gt;&lt;lineID&gt;35&lt;/lineID&gt;&lt;nameDefined&gt;Hi\Lo&lt;/nameDefined&gt;&lt;uomDefinedID&gt;24&lt;/uomDefinedID&gt;&lt;UOMName&gt;MM&lt;/UOMName&gt;&lt;UOMDescription&gt;MILIMETERS&lt;/UOMDescription&gt;&lt;serialNumber&gt;FTW2M160006s6&lt;/serialNumber&gt;&lt;avrg&gt;0.002575&lt;/avrg&gt;&lt;/Row&gt;&lt;Row&gt;&lt;notifRecordID&gt;112039&lt;/notifRecordID&gt;&lt;notifTagID&gt;123&lt;/notifTagID&gt;&lt;notifTagValue&gt;0.008&lt;/notifTagValue&gt;&lt;recordID&gt;112039&lt;/recordID&gt;&lt;notifName&gt;TransCtr&lt;/notifName&gt;&lt;notifDescription&gt;P558_JENOPTIK&lt;/notifDescription&gt;&lt;CreatedBy&gt;SYSTEM&lt;/CreatedBy&gt;&lt;CreatedOn&gt;2016-12-16T02:17:05&lt;/CreatedOn&gt;&lt;ModifiedBy&gt;System&lt;/ModifiedBy&gt;&lt;ModifiedOn&gt;2016-12-16T02:17:07&lt;/ModifiedOn&gt;&lt;tagName&gt;Data_00&lt;/tagName&gt;&lt;tagTypeID&gt;8&lt;/tagTypeID&gt;&lt;tagGroupID&gt;1&lt;/tagGroupID&gt;&lt;tagFunctionID&gt;4&lt;/tagFunctionID&gt;&lt;COM_typeName&gt;TSend&lt;/COM_typeName&gt;&lt;FNC_typeName&gt;DefDataTable&lt;/FNC_typeName&gt;&lt;OPC_typeName&gt;FLOAT&lt;/OPC_typeName&gt;&lt;unitID&gt;36&lt;/unitID&gt;&lt;lineID&gt;35&lt;/lineID&gt;&lt;nameDefined&gt;Hi\Lo&lt;/nameDefined&gt;&lt;uomDefinedID&gt;24&lt;/uomDefinedID&gt;&lt;UOMName&gt;MM&lt;/UOMName&gt;&lt;UOMDescription&gt;MILIMETERS&lt;/UOMDescription&gt;&lt;serialNumber&gt;FTW3M16000aih&lt;/serialNumber&gt;&lt;avrg&gt;0.002575&lt;/avrg&gt;&lt;/Row&gt;&lt;Row&gt;&lt;notifRecordID&gt;112043&lt;/notifRecordID&gt;&lt;notifTagID&gt;123&lt;/notifTagID&gt;&lt;notifTagValue&gt;-0.001&lt;/notifTagValue&gt;&lt;recordID&gt;112043&lt;/recordID&gt;&lt;notifName&gt;TransCtr&lt;/notifName&gt;&lt;notifDescription&gt;P558_JENOPTIK&lt;/notifDescription&gt;&lt;CreatedBy&gt;SYSTEM&lt;/CreatedBy&gt;&lt;CreatedOn&gt;2016-12-16T02:20:36&lt;/CreatedOn&gt;&lt;ModifiedBy&gt;System&lt;/ModifiedBy&gt;&lt;ModifiedOn&gt;2016-12-16T02:20:38&lt;/ModifiedOn&gt;&lt;tagName&gt;Data_00&lt;/tagName&gt;&lt;tagTypeID&gt;8&lt;/tagTypeID&gt;&lt;tagGroupID&gt;1&lt;/tagGroupID&gt;&lt;tagFunctionID&gt;4&lt;/tagFunctionID&gt;&lt;COM_typeName&gt;TSend&lt;/COM_typeName&gt;&lt;FNC_typeName&gt;DefDataTable&lt;/FNC_typeName&gt;&lt;OPC_typeName&gt;FLOAT&lt;/OPC_typeName&gt;&lt;unitID&gt;36&lt;/unitID&gt;&lt;lineID&gt;35&lt;/lineID&gt;&lt;nameDefined&gt;Hi\Lo&lt;/nameDefined&gt;&lt;uomDefinedID&gt;24&lt;/uomDefinedID&gt;&lt;UOMName&gt;MM&lt;/UOMName&gt;&lt;UOMDescription&gt;MILIMETERS&lt;/UOMDescription&gt;&lt;serialNumber&gt;FTW2M160006s5&lt;/serialNumber&gt;&lt;avrg&gt;0.002575&lt;/avrg&gt;&lt;/Row&gt;&lt;Row&gt;&lt;notifRecordID&gt;112047&lt;/notifRecordID&gt;&lt;notifTagID&gt;123&lt;/notifTagID&gt;&lt;notifTagValue&gt;0.005&lt;/notifTagValue&gt;&lt;recordID&gt;112047&lt;/recordID&gt;&lt;notifName&gt;TransCtr&lt;/notifName&gt;&lt;notifDescription&gt;P558_JENOPTIK&lt;/notifDescription&gt;&lt;CreatedBy&gt;SYSTEM&lt;/CreatedBy&gt;&lt;CreatedOn&gt;2016-12-16T02:24:20&lt;/CreatedOn&gt;&lt;ModifiedBy&gt;System&lt;/ModifiedBy&gt;&lt;ModifiedOn&gt;2016-12-16T02:24:22&lt;/ModifiedOn&gt;&lt;tagName&gt;Data_00&lt;/tagName&gt;&lt;tagTypeID&gt;8&lt;/tagTypeID&gt;&lt;tagGroupID&gt;1&lt;/tagGroupID&gt;&lt;tagFunctionID&gt;4&lt;/tagFunctionID&gt;&lt;COM_typeName&gt;TSend&lt;/COM_typeName&gt;&lt;FNC_typeName&gt;DefDataTable&lt;/FNC_typeName&gt;&lt;OPC_typeName&gt;FLOAT&lt;/OPC_typeName&gt;&lt;unitID&gt;36&lt;/unitID&gt;&lt;lineID&gt;35&lt;/lineID&gt;&lt;nameDefined&gt;Hi\Lo&lt;/nameDefined&gt;&lt;uomDefinedID&gt;24&lt;/uomDefinedID&gt;&lt;UOMName&gt;MM&lt;/UOMName&gt;&lt;UOMDescription&gt;MILIMETERS&lt;/UOMDescription&gt;&lt;serialNumber&gt;FTW3M16000ais&lt;/serialNumber&gt;&lt;avrg&gt;0.002575&lt;/avrg&gt;&lt;/Row&gt;&lt;Row&gt;&lt;notifRecordID&gt;112051&lt;/notifRecordID&gt;&lt;notifTagID&gt;123&lt;/notifTagID&gt;&lt;notifTagValue&gt;0.006&lt;/notifTagValue&gt;&lt;recordID&gt;112051&lt;/recordID&gt;&lt;notifName&gt;TransCtr&lt;/notifName&gt;&lt;notifDescription&gt;P558_JENOPTIK&lt;/notifDescription&gt;&lt;CreatedBy&gt;SYSTEM&lt;/CreatedBy&gt;&lt;CreatedOn&gt;2016-12-16T02:27:50&lt;/CreatedOn&gt;&lt;ModifiedBy&gt;System&lt;/ModifiedBy&gt;&lt;ModifiedOn&gt;2016-12-16T02:27:52&lt;/ModifiedOn&gt;&lt;tagName&gt;Data_00&lt;/tagName&gt;&lt;tagTypeID&gt;8&lt;/tagTypeID&gt;&lt;tagGroupID&gt;1&lt;/tagGroupID&gt;&lt;tagFunctionID&gt;4&lt;/tagFunctionID&gt;&lt;COM_typeName&gt;TSend&lt;/COM_typeName&gt;&lt;FNC_typeName&gt;DefDataTable&lt;/FNC_typeName&gt;&lt;OPC_typeName&gt;FLOAT&lt;/OPC_typeName&gt;&lt;unitID&gt;36&lt;/unitID&gt;&lt;lineID&gt;35&lt;/lineID&gt;&lt;nameDefined&gt;Hi\Lo&lt;/nameDefined&gt;&lt;uomDefinedID&gt;24&lt;/uomDefinedID&gt;&lt;UOMName&gt;MM&lt;/UOMName&gt;&lt;UOMDescription&gt;MILIMETERS&lt;/UOMDescription&gt;&lt;serialNumber&gt;FTW2M160006s7&lt;/serialNumber&gt;&lt;avrg&gt;0.002575&lt;/avrg&gt;&lt;/Row&gt;&lt;Row&gt;&lt;notifRecordID&gt;112056&lt;/notifRecordID&gt;&lt;notifTagID&gt;123&lt;/notifTagID&gt;&lt;notifTagValue&gt;0.008&lt;/notifTagValue&gt;&lt;recordID&gt;112056&lt;/recordID&gt;&lt;notifName&gt;TransCtr&lt;/notifName&gt;&lt;notifDescription&gt;P558_JENOPTIK&lt;/notifDescription&gt;&lt;CreatedBy&gt;SYSTEM&lt;/CreatedBy&gt;&lt;CreatedOn&gt;2016-12-16T02:31:39&lt;/CreatedOn&gt;&lt;ModifiedBy&gt;System&lt;/ModifiedBy&gt;&lt;ModifiedOn&gt;2016-12-16T02:31:41&lt;/ModifiedOn&gt;&lt;tagName&gt;Data_00&lt;/tagName&gt;&lt;tagTypeID&gt;8&lt;/tagTypeID&gt;&lt;tagGroupID&gt;1&lt;/tagGroupID&gt;&lt;tagFunctionID&gt;4&lt;/tagFunctionID&gt;&lt;COM_typeName&gt;TSend&lt;/COM_typeName&gt;&lt;FNC_typeName&gt;DefDataTable&lt;/FNC_typeName&gt;&lt;OPC_typeName&gt;FLOAT&lt;/OPC_typeName&gt;&lt;unitID&gt;36&lt;/unitID&gt;&lt;lineID&gt;35&lt;/lineID&gt;&lt;nameDefined&gt;Hi\Lo&lt;/nameDefined&gt;&lt;uomDefinedID&gt;24&lt;/uomDefinedID&gt;&lt;UOMName&gt;MM&lt;/UOMName&gt;&lt;UOMDescription&gt;MILIMETERS&lt;/UOMDescription&gt;&lt;serialNumber&gt;FTW3M16000ait&lt;/serialNumber&gt;&lt;avrg&gt;0.002575&lt;/avrg&gt;&lt;/Row&gt;&lt;Row&gt;&lt;notifRecordID&gt;112058&lt;/notifRecordID&gt;&lt;notifTagID&gt;123&lt;/notifTagID&gt;&lt;notifTagValue&gt;0.008&lt;/notifTagValue&gt;&lt;recordID&gt;112058&lt;/recordID&gt;&lt;notifName&gt;TransCtr&lt;/notifName&gt;&lt;notifDescription&gt;P558_JENOPTIK&lt;/notifDescription&gt;&lt;CreatedBy&gt;SYSTEM&lt;/CreatedBy&gt;&lt;CreatedOn&gt;2016-12-16T02:32:29&lt;/CreatedOn&gt;&lt;ModifiedBy&gt;System&lt;/ModifiedBy&gt;&lt;ModifiedOn&gt;2016-12-16T02:32:31&lt;/ModifiedOn&gt;&lt;tagName&gt;Data_00&lt;/tagName&gt;&lt;tagTypeID&gt;8&lt;/tagTypeID&gt;&lt;tagGroupID&gt;1&lt;/tagGroupID&gt;&lt;tagFunctionID&gt;4&lt;/tagFunctionID&gt;&lt;COM_typeName&gt;TSend&lt;/COM_typeName&gt;&lt;FNC_typeName&gt;DefDataTable&lt;/FNC_typeName&gt;&lt;OPC_typeName&gt;FLOAT&lt;/OPC_typeName&gt;&lt;unitID&gt;36&lt;/unitID&gt;&lt;lineID&gt;35&lt;/lineID&gt;&lt;nameDefined&gt;Hi\Lo&lt;/nameDefined&gt;&lt;uomDefinedID&gt;24&lt;/uomDefinedID&gt;&lt;UOMName&gt;MM&lt;/UOMName&gt;&lt;UOMDescription&gt;MILIMETERS&lt;/UOMDescription&gt;&lt;serialNumber&gt;FTW3M16000ait&lt;/serialNumber&gt;&lt;avrg&gt;0.002575&lt;/avrg&gt;&lt;/Row&gt;&lt;Row&gt;&lt;notifRecordID&gt;112063&lt;/notifRecordID&gt;&lt;notifTagID&gt;123&lt;/notifTagID&gt;&lt;notifTagValue&gt;0.003&lt;/notifTagValue&gt;&lt;recordID&gt;112063&lt;/recordID&gt;&lt;notifName&gt;TransCtr&lt;/notifName&gt;&lt;notifDescription&gt;P558_JENOPTIK&lt;/notifDescription&gt;&lt;CreatedBy&gt;SYSTEM&lt;/CreatedBy&gt;&lt;CreatedOn&gt;2016-12-16T02:39:24&lt;/CreatedOn&gt;&lt;ModifiedBy&gt;System&lt;/ModifiedBy&gt;&lt;ModifiedOn&gt;2016-12-16T02:39:26&lt;/ModifiedOn&gt;&lt;tagName&gt;Data_00&lt;/tagName&gt;&lt;tagTypeID&gt;8&lt;/tagTypeID&gt;&lt;tagGroupID&gt;1&lt;/tagGroupID&gt;&lt;tagFunctionID&gt;4&lt;/tagFunctionID&gt;&lt;COM_typeName&gt;TSend&lt;/COM_typeName&gt;&lt;FNC_typeName&gt;DefDataTable&lt;/FNC_typeName&gt;&lt;OPC_typeName&gt;FLOAT&lt;/OPC_typeName&gt;&lt;unitID&gt;36&lt;/unitID&gt;&lt;lineID&gt;35&lt;/lineID&gt;&lt;nameDefined&gt;Hi\Lo&lt;/nameDefined&gt;&lt;uomDefinedID&gt;24&lt;/uomDefinedID&gt;&lt;UOMName&gt;MM&lt;/UOMName&gt;&lt;UOMDescription&gt;MILIMETERS&lt;/UOMDescription&gt;&lt;serialNumber&gt;FTW2M160006s8&lt;/serialNumber&gt;&lt;avrg&gt;0.002575&lt;/avrg&gt;&lt;/Row&gt;&lt;Row&gt;&lt;notifRecordID&gt;112068&lt;/notifRecordID&gt;&lt;notifTagID&gt;123&lt;/notifTagID&gt;&lt;notifTagValue&gt;0.001&lt;/notifTagValue&gt;&lt;recordID&gt;112068&lt;/recordID&gt;&lt;notifName&gt;TransCtr&lt;/notifName&gt;&lt;notifDescription&gt;P558_JENOPTIK&lt;/notifDescription&gt;&lt;CreatedBy&gt;SYSTEM&lt;/CreatedBy&gt;&lt;CreatedOn&gt;2016-12-16T02:43:47&lt;/CreatedOn&gt;&lt;ModifiedBy&gt;System&lt;/ModifiedBy&gt;&lt;ModifiedOn&gt;2016-12-16T02:43:49&lt;/ModifiedOn&gt;&lt;tagName&gt;Data_00&lt;/tagName&gt;&lt;tagTypeID&gt;8&lt;/tagTypeID&gt;&lt;tagGroupID&gt;1&lt;/tagGroupID&gt;&lt;tagFunctionID&gt;4&lt;/tagFunctionID&gt;&lt;COM_typeName&gt;TSend&lt;/COM_typeName&gt;&lt;FNC_typeName&gt;DefDataTable&lt;/FNC_typeName&gt;&lt;OPC_typeName&gt;FLOAT&lt;/OPC_typeName&gt;&lt;unitID&gt;36&lt;/unitID&gt;&lt;lineID&gt;35&lt;/lineID&gt;&lt;nameDefined&gt;Hi\Lo&lt;/nameDefined&gt;&lt;uomDefinedID&gt;24&lt;/uomDefinedID&gt;&lt;UOMName&gt;MM&lt;/UOMName&gt;&lt;UOMDescription&gt;MILIMETERS&lt;/UOMDescription&gt;&lt;serialNumber&gt;FTW3M16000air&lt;/serialNumber&gt;&lt;avrg&gt;0.002575&lt;/avrg&gt;&lt;/Row&gt;&lt;Row&gt;&lt;notifRecordID&gt;112078&lt;/notifRecordID&gt;&lt;notifTagID&gt;123&lt;/notifTagID&gt;&lt;notifTagValue&gt;0.002&lt;/notifTagValue&gt;&lt;recordID&gt;112078&lt;/recordID&gt;&lt;notifName&gt;TransCtr&lt;/notifName&gt;&lt;notifDescription&gt;P558_JENOPTIK&lt;/notifDescription&gt;&lt;CreatedBy&gt;SYSTEM&lt;/CreatedBy&gt;&lt;CreatedOn&gt;2016-12-16T03:03:20&lt;/CreatedOn&gt;&lt;ModifiedBy&gt;System&lt;/ModifiedBy&gt;&lt;ModifiedOn&gt;2016-12-16T03:03:22&lt;/ModifiedOn&gt;&lt;tagName&gt;Data_00&lt;/tagName&gt;&lt;tagTypeID&gt;8&lt;/tagTypeID&gt;&lt;tagGroupID&gt;1&lt;/tagGroupID&gt;&lt;tagFunctionID&gt;4&lt;/tagFunctionID&gt;&lt;COM_typeName&gt;TSend&lt;/COM_typeName&gt;&lt;FNC_typeName&gt;DefDataTable&lt;/FNC_typeName&gt;&lt;OPC_typeName&gt;FLOAT&lt;/OPC_typeName&gt;&lt;unitID&gt;36&lt;/unitID&gt;&lt;lineID&gt;35&lt;/lineID&gt;&lt;nameDefined&gt;Hi\Lo&lt;/nameDefined&gt;&lt;uomDefinedID&gt;24&lt;/uomDefinedID&gt;&lt;UOMName&gt;MM&lt;/UOMName&gt;&lt;UOMDescription&gt;MILIMETERS&lt;/UOMDescription&gt;&lt;serialNumber&gt;FTW3M16000aiu&lt;/serialNumber&gt;&lt;avrg&gt;0.002575&lt;/avrg&gt;&lt;/Row&gt;&lt;Row&gt;&lt;notifRecordID&gt;112080&lt;/notifRecordID&gt;&lt;notifTagID&gt;123&lt;/notifTagID&gt;&lt;notifTagValue&gt;0.006&lt;/notifTagValue&gt;&lt;recordID&gt;112080&lt;/recordID&gt;&lt;notifName&gt;TransCtr&lt;/notifName&gt;&lt;notifDescription&gt;P558_JENOPTIK&lt;/notifDescription&gt;&lt;CreatedBy&gt;SYSTEM&lt;/CreatedBy&gt;&lt;CreatedOn&gt;2016-12-16T03:04:40&lt;/CreatedOn&gt;&lt;ModifiedBy&gt;System&lt;/ModifiedBy&gt;&lt;ModifiedOn&gt;2016-12-16T03:04:42&lt;/ModifiedOn&gt;&lt;tagName&gt;Data_00&lt;/tagName&gt;&lt;tagTypeID&gt;8&lt;/tagTypeID&gt;&lt;tagGroupID&gt;1&lt;/tagGroupID&gt;&lt;tagFunctionID&gt;4&lt;/tagFunctionID&gt;&lt;COM_typeName&gt;TSend&lt;/COM_typeName&gt;&lt;FNC_typeName&gt;DefDataTable&lt;/FNC_typeName&gt;&lt;OPC_typeName&gt;FLOAT&lt;/OPC_typeName&gt;&lt;unitID&gt;36&lt;/unitID&gt;&lt;lineID&gt;35&lt;/lineID&gt;&lt;nameDefined&gt;Hi\Lo&lt;/nameDefined&gt;&lt;uomDefinedID&gt;24&lt;/uomDefinedID&gt;&lt;UOMName&gt;MM&lt;/UOMName&gt;&lt;UOMDescription&gt;MILIMETERS&lt;/UOMDescription&gt;&lt;serialNumber&gt;FTW2M160006s9&lt;/serialNumber&gt;&lt;avrg&gt;0.002575&lt;/avrg&gt;&lt;/Row&gt;&lt;Row&gt;&lt;notifRecordID&gt;112082&lt;/notifRecordID&gt;&lt;notifTagID&gt;123&lt;/notifTagID&gt;&lt;notifTagValue&gt;0.004&lt;/notifTagValue&gt;&lt;recordID&gt;112082&lt;/recordID&gt;&lt;notifName&gt;TransCtr&lt;/notifName&gt;&lt;notifDescription&gt;P558_JENOPTIK&lt;/notifDescription&gt;&lt;CreatedBy&gt;SYSTEM&lt;/CreatedBy&gt;&lt;CreatedOn&gt;2016-12-16T03:06:08&lt;/CreatedOn&gt;&lt;ModifiedBy&gt;System&lt;/ModifiedBy&gt;&lt;ModifiedOn&gt;2016-12-16T03:06:10&lt;/ModifiedOn&gt;&lt;tagName&gt;Data_00&lt;/tagName&gt;&lt;tagTypeID&gt;8&lt;/tagTypeID&gt;&lt;tagGroupID&gt;1&lt;/tagGroupID&gt;&lt;tagFunctionID&gt;4&lt;/tagFunctionID&gt;&lt;COM_typeName&gt;TSend&lt;/COM_typeName&gt;&lt;FNC_typeName&gt;DefDataTable&lt;/FNC_typeName&gt;&lt;OPC_typeName&gt;FLOAT&lt;/OPC_typeName&gt;&lt;unitID&gt;36&lt;/unitID&gt;&lt;lineID&gt;35&lt;/lineID&gt;&lt;nameDefined&gt;Hi\Lo&lt;/nameDefined&gt;&lt;uomDefinedID&gt;24&lt;/uomDefinedID&gt;&lt;UOMName&gt;MM&lt;/UOMName&gt;&lt;UOMDescription&gt;MILIMETERS&lt;/UOMDescription&gt;&lt;serialNumber&gt;FTW3M16000aiv&lt;/serialNumber&gt;&lt;avrg&gt;0.002575&lt;/avrg&gt;&lt;/Row&gt;&lt;Row&gt;&lt;notifRecordID&gt;112092&lt;/notifRecordID&gt;&lt;notifTagID&gt;123&lt;/notifTagID&gt;&lt;notifTagValue&gt;0.001&lt;/notifTagValue&gt;&lt;recordID&gt;112092&lt;/recordID&gt;&lt;notifName&gt;TransCtr&lt;/notifName&gt;&lt;notifDescription&gt;P558_JENOPTIK&lt;/notifDescription&gt;&lt;CreatedBy&gt;SYSTEM&lt;/CreatedBy&gt;&lt;CreatedOn&gt;2016-12-16T03:19:10&lt;/CreatedOn&gt;&lt;ModifiedBy&gt;System&lt;/ModifiedBy&gt;&lt;ModifiedOn&gt;2016-12-16T03:19:12&lt;/ModifiedOn&gt;&lt;tagName&gt;Data_00&lt;/tagName&gt;&lt;tagTypeID&gt;8&lt;/tagTypeID&gt;&lt;tagGroupID&gt;1&lt;/tagGroupID&gt;&lt;tagFunctionID&gt;4&lt;/tagFunctionID&gt;&lt;COM_typeName&gt;TSend&lt;/COM_typeName&gt;&lt;FNC_typeName&gt;DefDataTable&lt;/FNC_typeName&gt;&lt;OPC_typeName&gt;FLOAT&lt;/OPC_typeName&gt;&lt;unitID&gt;36&lt;/unitID&gt;&lt;lineID&gt;35&lt;/lineID&gt;&lt;nameDefined&gt;Hi\Lo&lt;/nameDefined&gt;&lt;uomDefinedID&gt;24&lt;/uomDefinedID&gt;&lt;UOMName&gt;MM&lt;/UOMName&gt;&lt;UOMDescription&gt;MILIMETERS&lt;/UOMDescription&gt;&lt;serialNumber&gt;FTW2M160006sa&lt;/serialNumber&gt;&lt;avrg&gt;0.002575&lt;/avrg&gt;&lt;/Row&gt;&lt;Row&gt;&lt;notifRecordID&gt;112096&lt;/notifRecordID&gt;&lt;notifTagID&gt;123&lt;/notifTagID&gt;&lt;notifTagValue&gt;0.004&lt;/notifTagValue&gt;&lt;recordID&gt;112096&lt;/recordID&gt;&lt;notifName&gt;TransCtr&lt;/notifName&gt;&lt;notifDescription&gt;P558_JENOPTIK&lt;/notifDescription&gt;&lt;CreatedBy&gt;SYSTEM&lt;/CreatedBy&gt;&lt;CreatedOn&gt;2016-12-16T03:21:28&lt;/CreatedOn&gt;&lt;ModifiedBy&gt;System&lt;/ModifiedBy&gt;&lt;ModifiedOn&gt;2016-12-16T03:21:30&lt;/ModifiedOn&gt;&lt;tagName&gt;Data_00&lt;/tagName&gt;&lt;tagTypeID&gt;8&lt;/tagTypeID&gt;&lt;tagGroupID&gt;1&lt;/tagGroupID&gt;&lt;tagFunctionID&gt;4&lt;/tagFunctionID&gt;&lt;COM_typeName&gt;TSend&lt;/COM_typeName&gt;&lt;FNC_typeName&gt;DefDataTable&lt;/FNC_typeName&gt;&lt;OPC_typeName&gt;FLOAT&lt;/OPC_typeName&gt;&lt;unitID&gt;36&lt;/unitID&gt;&lt;lineID&gt;35&lt;/lineID&gt;&lt;nameDefined&gt;Hi\Lo&lt;/nameDefined&gt;&lt;uomDefinedID&gt;24&lt;/uomDefinedID&gt;&lt;UOMName&gt;MM&lt;/UOMName&gt;&lt;UOMDescription&gt;MILIMETERS&lt;/UOMDescription&gt;&lt;serialNumber&gt;FTW3M16000aiw&lt;/serialNumber&gt;&lt;avrg&gt;0.002575&lt;/avrg&gt;&lt;/Row&gt;&lt;Row&gt;&lt;notifRecordID&gt;112098&lt;/notifRecordID&gt;&lt;notifTagID&gt;123&lt;/notifTagID&gt;&lt;notifTagValue&gt;0.005&lt;/notifTagValue&gt;&lt;recordID&gt;112098&lt;/recordID&gt;&lt;notifName&gt;TransCtr&lt;/notifName&gt;&lt;notifDescription&gt;P558_JENOPTIK&lt;/notifDescription&gt;&lt;CreatedBy&gt;SYSTEM&lt;/CreatedBy&gt;&lt;CreatedOn&gt;2016-12-16T03:23:44&lt;/CreatedOn&gt;&lt;ModifiedBy&gt;System&lt;/ModifiedBy&gt;&lt;ModifiedOn&gt;2016-12-16T03:23:46&lt;/ModifiedOn&gt;&lt;tagName&gt;Data_00&lt;/tagName&gt;&lt;tagTypeID&gt;8&lt;/tagTypeID&gt;&lt;tagGroupID&gt;1&lt;/tagGroupID&gt;&lt;tagFunctionID&gt;4&lt;/tagFunctionID&gt;&lt;COM_typeName&gt;TSend&lt;/COM_typeName&gt;&lt;FNC_typeName&gt;DefDataTable&lt;/FNC_typeName&gt;&lt;OPC_typeName&gt;FLOAT&lt;/OPC_typeName&gt;&lt;unitID&gt;36&lt;/unitID&gt;&lt;lineID&gt;35&lt;/lineID&gt;&lt;nameDefined&gt;Hi\Lo&lt;/nameDefined&gt;&lt;uomDefinedID&gt;24&lt;/uomDefinedID&gt;&lt;UOMName&gt;MM&lt;/UOMName&gt;&lt;UOMDescription&gt;MILIMETERS&lt;/UOMDescription&gt;&lt;serialNumber&gt;FTW3M16000aix&lt;/serialNumber&gt;&lt;avrg&gt;0.002575&lt;/avrg&gt;&lt;/Row&gt;&lt;Row&gt;&lt;notifRecordID&gt;112101&lt;/notifRecordID&gt;&lt;notifTagID&gt;123&lt;/notifTagID&gt;&lt;notifTagValue&gt;0.007&lt;/notifTagValue&gt;&lt;recordID&gt;112101&lt;/recordID&gt;&lt;notifName&gt;TransCtr&lt;/notifName&gt;&lt;notifDescription&gt;P558_JENOPTIK&lt;/notifDescription&gt;&lt;CreatedBy&gt;SYSTEM&lt;/CreatedBy&gt;&lt;CreatedOn&gt;2016-12-16T03:28:00&lt;/CreatedOn&gt;&lt;ModifiedBy&gt;System&lt;/ModifiedBy&gt;&lt;ModifiedOn&gt;2016-12-16T03:28:01&lt;/ModifiedOn&gt;&lt;tagName&gt;Data_00&lt;/tagName&gt;&lt;tagTypeID&gt;8&lt;/tagTypeID&gt;&lt;tagGroupID&gt;1&lt;/tagGroupID&gt;&lt;tagFunctionID&gt;4&lt;/tagFunctionID&gt;&lt;COM_typeName&gt;TSend&lt;/COM_typeName&gt;&lt;FNC_typeName&gt;DefDataTable&lt;/FNC_typeName&gt;&lt;OPC_typeName&gt;FLOAT&lt;/OPC_typeName&gt;&lt;unitID&gt;36&lt;/unitID&gt;&lt;lineID&gt;35&lt;/lineID&gt;&lt;nameDefined&gt;Hi\Lo&lt;/nameDefined&gt;&lt;uomDefinedID&gt;24&lt;/uomDefinedID&gt;&lt;UOMName&gt;MM&lt;/UOMName&gt;&lt;UOMDescription&gt;MILIMETERS&lt;/UOMDescription&gt;&lt;serialNumber&gt;FTW2M160006sb&lt;/serialNumber&gt;&lt;avrg&gt;0.002575&lt;/avrg&gt;&lt;/Row&gt;&lt;Row&gt;&lt;notifRecordID&gt;112105&lt;/notifRecordID&gt;&lt;notifTagID&gt;123&lt;/notifTagID&gt;&lt;notifTagValue&gt;0.003&lt;/notifTagValue&gt;&lt;recordID&gt;112105&lt;/recordID&gt;&lt;notifName&gt;TransCtr&lt;/notifName&gt;&lt;notifDescription&gt;P558_JENOPTIK&lt;/notifDescription&gt;&lt;CreatedBy&gt;SYSTEM&lt;/CreatedBy&gt;&lt;CreatedOn&gt;2016-12-16T03:30:09&lt;/CreatedOn&gt;&lt;ModifiedBy&gt;System&lt;/ModifiedBy&gt;&lt;ModifiedOn&gt;2016-12-16T03:30:11&lt;/ModifiedOn&gt;&lt;tagName&gt;Data_00&lt;/tagName&gt;&lt;tagTypeID&gt;8&lt;/tagTypeID&gt;&lt;tagGroupID&gt;1&lt;/tagGroupID&gt;&lt;tagFunctionID&gt;4&lt;/tagFunctionID&gt;&lt;COM_typeName&gt;TSend&lt;/COM_typeName&gt;&lt;FNC_typeName&gt;DefDataTable&lt;/FNC_typeName&gt;&lt;OPC_typeName&gt;FLOAT&lt;/OPC_typeName&gt;&lt;unitID&gt;36&lt;/unitID&gt;&lt;lineID&gt;35&lt;/lineID&gt;&lt;nameDefined&gt;Hi\Lo&lt;/nameDefined&gt;&lt;uomDefinedID&gt;24&lt;/uomDefinedID&gt;&lt;UOMName&gt;MM&lt;/UOMName&gt;&lt;UOMDescription&gt;MILIMETERS&lt;/UOMDescription&gt;&lt;serialNumber&gt;FTW3M16000aiy&lt;/serialNumber&gt;&lt;avrg&gt;0.002575&lt;/avrg&gt;&lt;/Row&gt;&lt;Row&gt;&lt;notifRecordID&gt;112109&lt;/notifRecordID&gt;&lt;notifTagID&gt;123&lt;/notifTagID&gt;&lt;notifTagValue&gt;0.005&lt;/notifTagValue&gt;&lt;recordID&gt;112109&lt;/recordID&gt;&lt;notifName&gt;TransCtr&lt;/notifName&gt;&lt;notifDescription&gt;P558_JENOPTIK&lt;/notifDescription&gt;&lt;CreatedBy&gt;SYSTEM&lt;/CreatedBy&gt;&lt;CreatedOn&gt;2016-12-16T03:33:47&lt;/CreatedOn&gt;&lt;ModifiedBy&gt;System&lt;/ModifiedBy&gt;&lt;ModifiedOn&gt;2016-12-16T03:33:49&lt;/ModifiedOn&gt;&lt;tagName&gt;Data_00&lt;/tagName&gt;&lt;tagTypeID&gt;8&lt;/tagTypeID&gt;&lt;tagGroupID&gt;1&lt;/tagGroupID&gt;&lt;tagFunctionID&gt;4&lt;/tagFunctionID&gt;&lt;COM_typeName&gt;TSend&lt;/COM_typeName&gt;&lt;FNC_typeName&gt;DefDataTable&lt;/FNC_typeName&gt;&lt;OPC_typeName&gt;FLOAT&lt;/OPC_typeName&gt;&lt;unitID&gt;36&lt;/unitID&gt;&lt;lineID&gt;35&lt;/lineID&gt;&lt;nameDefined&gt;Hi\Lo&lt;/nameDefined&gt;&lt;uomDefinedID&gt;24&lt;/uomDefinedID&gt;&lt;UOMName&gt;MM&lt;/UOMName&gt;&lt;UOMDescription&gt;MILIMETERS&lt;/UOMDescription&gt;&lt;serialNumber&gt;FTW2M160006sc&lt;/serialNumber&gt;&lt;avrg&gt;0.002575&lt;/avrg&gt;&lt;/Row&gt;&lt;Row&gt;&lt;notifRecordID&gt;112123&lt;/notifRecordID&gt;&lt;notifTagID&gt;123&lt;/notifTagID&gt;&lt;notifTagValue&gt;0.002&lt;/notifTagValue&gt;&lt;recordID&gt;112123&lt;/recordID&gt;&lt;notifName&gt;TransCtr&lt;/notifName&gt;&lt;notifDescription&gt;P558_JENOPTIK&lt;/notifDescription&gt;&lt;CreatedBy&gt;SYSTEM&lt;/CreatedBy&gt;&lt;CreatedOn&gt;2016-12-16T04:10:52&lt;/CreatedOn&gt;&lt;ModifiedBy&gt;System&lt;/ModifiedBy&gt;&lt;ModifiedOn&gt;2016-12-16T04:10:54&lt;/ModifiedOn&gt;&lt;tagName&gt;Data_00&lt;/tagName&gt;&lt;tagTypeID&gt;8&lt;/tagTypeID&gt;&lt;tagGroupID&gt;1&lt;/tagGroupID&gt;&lt;tagFunctionID&gt;4&lt;/tagFunctionID&gt;&lt;COM_typeName&gt;TSend&lt;/COM_typeName&gt;&lt;FNC_typeName&gt;DefDataTable&lt;/FNC_typeName&gt;&lt;OPC_typeName&gt;FLOAT&lt;/OPC_typeName&gt;&lt;unitID&gt;36&lt;/unitID&gt;&lt;lineID&gt;35&lt;/lineID&gt;&lt;nameDefined&gt;Hi\Lo&lt;/nameDefined&gt;&lt;uomDefinedID&gt;24&lt;/uomDefinedID&gt;&lt;UOMName&gt;MM&lt;/UOMName&gt;&lt;UOMDescription&gt;MILIMETERS&lt;/UOMDescription&gt;&lt;serialNumber&gt;FTW3M16000aiz&lt;/serialNumber&gt;&lt;avrg&gt;0.002575&lt;/avrg&gt;&lt;/Row&gt;&lt;Row&gt;&lt;notifRecordID&gt;112127&lt;/notifRecordID&gt;&lt;notifTagID&gt;123&lt;/notifTagID&gt;&lt;notifTagValue&gt;0.005&lt;/notifTagValue&gt;&lt;recordID&gt;112127&lt;/recordID&gt;&lt;notifName&gt;TransCtr&lt;/notifName&gt;&lt;notifDescription&gt;P558_JENOPTIK&lt;/notifDescription&gt;&lt;CreatedBy&gt;SYSTEM&lt;/CreatedBy&gt;&lt;CreatedOn&gt;2016-12-16T04:12:42&lt;/CreatedOn&gt;&lt;ModifiedBy&gt;System&lt;/ModifiedBy&gt;&lt;ModifiedOn&gt;2016-12-16T04:12:43&lt;/ModifiedOn&gt;&lt;tagName&gt;Data_00&lt;/tagName&gt;&lt;tagTypeID&gt;8&lt;/tagTypeID&gt;&lt;tagGroupID&gt;1&lt;/tagGroupID&gt;&lt;tagFunctionID&gt;4&lt;/tagFunctionID&gt;&lt;COM_typeName&gt;TSend&lt;/COM_typeName&gt;&lt;FNC_typeName&gt;DefDataTable&lt;/FNC_typeName&gt;&lt;OPC_typeName&gt;FLOAT&lt;/OPC_typeName&gt;&lt;unitID&gt;36&lt;/unitID&gt;&lt;lineID&gt;35&lt;/lineID&gt;&lt;nameDefined&gt;Hi\Lo&lt;/nameDefined&gt;&lt;uomDefinedID&gt;24&lt;/uomDefinedID&gt;&lt;UOMName&gt;MM&lt;/UOMName&gt;&lt;UOMDescription&gt;MILIMETERS&lt;/UOMDescription&gt;&lt;serialNumber&gt;FTW2M160006sd&lt;/serialNumber&gt;&lt;avrg&gt;0.002575&lt;/avrg&gt;&lt;/Row&gt;&lt;Row&gt;&lt;notifRecordID&gt;112130&lt;/notifRecordID&gt;&lt;notifTagID&gt;123&lt;/notifTagID&gt;&lt;notifTagValue&gt;0.004&lt;/notifTagValue&gt;&lt;recordID&gt;112130&lt;/recordID&gt;&lt;notifName&gt;TransCtr&lt;/notifName&gt;&lt;notifDescription&gt;P558_JENOPTIK&lt;/notifDescription&gt;&lt;CreatedBy&gt;SYSTEM&lt;/CreatedBy&gt;&lt;CreatedOn&gt;2016-12-16T04:15:01&lt;/CreatedOn&gt;&lt;ModifiedBy&gt;System&lt;/ModifiedBy&gt;&lt;ModifiedOn&gt;2016-12-16T04:15:03&lt;/ModifiedOn&gt;&lt;tagName&gt;Data_00&lt;/tagName&gt;&lt;tagTypeID&gt;8&lt;/tagTypeID&gt;&lt;tagGroupID&gt;1&lt;/tagGroupID&gt;&lt;tagFunctionID&gt;4&lt;/tagFunctionID&gt;&lt;COM_typeName&gt;TSend&lt;/COM_typeName&gt;&lt;FNC_typeName&gt;DefDataTable&lt;/FNC_typeName&gt;&lt;OPC_typeName&gt;FLOAT&lt;/OPC_typeName&gt;&lt;unitID&gt;36&lt;/unitID&gt;&lt;lineID&gt;35&lt;/lineID&gt;&lt;nameDefined&gt;Hi\Lo&lt;/nameDefined&gt;&lt;uomDefinedID&gt;24&lt;/uomDefinedID&gt;&lt;UOMName&gt;MM&lt;/UOMName&gt;&lt;UOMDescription&gt;MILIMETERS&lt;/UOMDescription&gt;&lt;serialNumber&gt;FTW3M16000aj1&lt;/serialNumber&gt;&lt;avrg&gt;0.002575&lt;/avrg&gt;&lt;/Row&gt;&lt;Row&gt;&lt;notifRecordID&gt;112133&lt;/notifRecordID&gt;&lt;notifTagID&gt;123&lt;/notifTagID&gt;&lt;notifTagValue&gt;-0.001&lt;/notifTagValue&gt;&lt;recordID&gt;112133&lt;/recordID&gt;&lt;notifName&gt;TransCtr&lt;/notifName&gt;&lt;notifDescription&gt;P558_JENOPTIK&lt;/notifDescription&gt;&lt;CreatedBy&gt;SYSTEM&lt;/CreatedBy&gt;&lt;CreatedOn&gt;2016-12-16T04:17:00&lt;/CreatedOn&gt;&lt;ModifiedBy&gt;System&lt;/ModifiedBy&gt;&lt;ModifiedOn&gt;2016-12-16T04:17:02&lt;/ModifiedOn&gt;&lt;tagName&gt;Data_00&lt;/tagName&gt;&lt;tagTypeID&gt;8&lt;/tagTypeID&gt;&lt;tagGroupID&gt;1&lt;/tagGroupID&gt;&lt;tagFunctionID&gt;4&lt;/tagFunctionID&gt;&lt;COM_typeName&gt;TSend&lt;/COM_typeName&gt;&lt;FNC_typeName&gt;DefDataTable&lt;/FNC_typeName&gt;&lt;OPC_typeName&gt;FLOAT&lt;/OPC_typeName&gt;&lt;unitID&gt;36&lt;/unitID&gt;&lt;lineID&gt;35&lt;/lineID&gt;&lt;nameDefined&gt;Hi\Lo&lt;/nameDefined&gt;&lt;uomDefinedID&gt;24&lt;/uomDefinedID&gt;&lt;UOMName&gt;MM&lt;/UOMName&gt;&lt;UOMDescription&gt;MILIMETERS&lt;/UOMDescription&gt;&lt;serialNumber&gt;FTW2M160006se&lt;/serialNumber&gt;&lt;avrg&gt;0.002575&lt;/avrg&gt;&lt;/Row&gt;&lt;Row&gt;&lt;notifRecordID&gt;112136&lt;/notifRecordID&gt;&lt;notifTagID&gt;123&lt;/notifTagID&gt;&lt;notifTagValue&gt;0.007&lt;/notifTagValue&gt;&lt;recordID&gt;112136&lt;/recordID&gt;&lt;notifName&gt;TransCtr&lt;/notifName&gt;&lt;notifDescription&gt;P558_JENOPTIK&lt;/notifDescription&gt;&lt;CreatedBy&gt;SYSTEM&lt;/CreatedBy&gt;&lt;CreatedOn&gt;2016-12-16T04:18:43&lt;/CreatedOn&gt;&lt;ModifiedBy&gt;System&lt;/ModifiedBy&gt;&lt;ModifiedOn&gt;2016-12-16T04:18:45&lt;/ModifiedOn&gt;&lt;tagName&gt;Data_00&lt;/tagName&gt;&lt;tagTypeID&gt;8&lt;/tagTypeID&gt;&lt;tagGroupID&gt;1&lt;/tagGroupID&gt;&lt;tagFunctionID&gt;4&lt;/tagFunctionID&gt;&lt;COM_typeName&gt;TSend&lt;/COM_typeName&gt;&lt;FNC_typeName&gt;DefDataTable&lt;/FNC_typeName&gt;&lt;OPC_typeName&gt;FLOAT&lt;/OPC_typeName&gt;&lt;unitID&gt;36&lt;/unitID&gt;&lt;lineID&gt;35&lt;/lineID&gt;&lt;nameDefined&gt;Hi\Lo&lt;/nameDefined&gt;&lt;uomDefinedID&gt;24&lt;/uomDefinedID&gt;&lt;UOMName&gt;MM&lt;/UOMName&gt;&lt;UOMDescription&gt;MILIMETERS&lt;/UOMDescription&gt;&lt;serialNumber&gt;FTW2M160006sf&lt;/serialNumber&gt;&lt;avrg&gt;0.002575&lt;/avrg&gt;&lt;/Row&gt;&lt;Row&gt;&lt;notifRecordID&gt;112140&lt;/notifRecordID&gt;&lt;notifTagID&gt;123&lt;/notifTagID&gt;&lt;notifTagValue&gt;-0.004&lt;/notifTagValue&gt;&lt;recordID&gt;112140&lt;/recordID&gt;&lt;notifName&gt;TransCtr&lt;/notifName&gt;&lt;notifDescription&gt;P558_JENOPTIK&lt;/notifDescription&gt;&lt;CreatedBy&gt;SYSTEM&lt;/CreatedBy&gt;&lt;CreatedOn&gt;2016-12-16T04:21:23&lt;/CreatedOn&gt;&lt;ModifiedBy&gt;System&lt;/ModifiedBy&gt;&lt;ModifiedOn&gt;2016-12-16T04:21:25&lt;/ModifiedOn&gt;&lt;tagName&gt;Data_00&lt;/tagName&gt;&lt;tagTypeID&gt;8&lt;/tagTypeID&gt;&lt;tagGroupID&gt;1&lt;/tagGroupID&gt;&lt;tagFunctionID&gt;4&lt;/tagFunctionID&gt;&lt;COM_typeName&gt;TSend&lt;/COM_typeName&gt;&lt;FNC_typeName&gt;DefDataTable&lt;/FNC_typeName&gt;&lt;OPC_typeName&gt;FLOAT&lt;/OPC_typeName&gt;&lt;unitID&gt;36&lt;/unitID&gt;&lt;lineID&gt;35&lt;/lineID&gt;&lt;nameDefined&gt;Hi\Lo&lt;/nameDefined&gt;&lt;uomDefinedID&gt;24&lt;/uomDefinedID&gt;&lt;UOMName&gt;MM&lt;/UOMName&gt;&lt;UOMDescription&gt;MILIMETERS&lt;/UOMDescription&gt;&lt;serialNumber&gt;FTW2M160006sg&lt;/serialNumber&gt;&lt;avrg&gt;0.002575&lt;/avrg&gt;&lt;/Row&gt;&lt;Row&gt;&lt;notifRecordID&gt;112146&lt;/notifRecordID&gt;&lt;notifTagID&gt;123&lt;/notifTagID&gt;&lt;notifTagValue&gt;0.006&lt;/notifTagValue&gt;&lt;recordID&gt;112146&lt;/recordID&gt;&lt;notifName&gt;TransCtr&lt;/notifName&gt;&lt;notifDescription&gt;P558_JENOPTIK&lt;/notifDescription&gt;&lt;CreatedBy&gt;SYSTEM&lt;/CreatedBy&gt;&lt;CreatedOn&gt;2016-12-16T04:30:00&lt;/CreatedOn&gt;&lt;ModifiedBy&gt;System&lt;/ModifiedBy&gt;&lt;ModifiedOn&gt;2016-12-16T04:30:01&lt;/ModifiedOn&gt;&lt;tagName&gt;Data_00&lt;/tagName&gt;&lt;tagTypeID&gt;8&lt;/tagTypeID&gt;&lt;tagGroupID&gt;1&lt;/tagGroupID&gt;&lt;tagFunctionID&gt;4&lt;/tagFunctionID&gt;&lt;COM_typeName&gt;TSend&lt;/COM_typeName&gt;&lt;FNC_typeName&gt;DefDataTable&lt;/FNC_typeName&gt;&lt;OPC_typeName&gt;FLOAT&lt;/OPC_typeName&gt;&lt;unitID&gt;36&lt;/unitID&gt;&lt;lineID&gt;35&lt;/lineID&gt;&lt;nameDefined&gt;Hi\Lo&lt;/nameDefined&gt;&lt;uomDefinedID&gt;24&lt;/uomDefinedID&gt;&lt;UOMName&gt;MM&lt;/UOMName&gt;&lt;UOMDescription&gt;MILIMETERS&lt;/UOMDescription&gt;&lt;serialNumber&gt;FTW3M16000aj0&lt;/serialNumber&gt;&lt;avrg&gt;0.002575&lt;/avrg&gt;&lt;/Row&gt;&lt;Row&gt;&lt;notifRecordID&gt;112149&lt;/notifRecordID&gt;&lt;notifTagID&gt;123&lt;/notifTagID&gt;&lt;notifTagValue&gt;0.0&lt;/notifTagValue&gt;&lt;recordID&gt;112149&lt;/recordID&gt;&lt;notifName&gt;TransCtr&lt;/notifName&gt;&lt;notifDescription&gt;P558_JENOPTIK&lt;/notifDescription&gt;&lt;CreatedBy&gt;SYSTEM&lt;/CreatedBy&gt;&lt;CreatedOn&gt;2016-12-16T04:33:22&lt;/CreatedOn&gt;&lt;ModifiedBy&gt;System&lt;/ModifiedBy&gt;&lt;ModifiedOn&gt;2016-12-16T04:33:24&lt;/ModifiedOn&gt;&lt;tagName&gt;Data_00&lt;/tagName&gt;&lt;tagTypeID&gt;8&lt;/tagTypeID&gt;&lt;tagGroupID&gt;1&lt;/tagGroupID&gt;&lt;tagFunctionID&gt;4&lt;/tagFunctionID&gt;&lt;COM_typeName&gt;TSend&lt;/COM_typeName&gt;&lt;FNC_typeName&gt;DefDataTable&lt;/FNC_typeName&gt;&lt;OPC_typeName&gt;FLOAT&lt;/OPC_typeName&gt;&lt;unitID&gt;36&lt;/unitID&gt;&lt;lineID&gt;35&lt;/lineID&gt;&lt;nameDefined&gt;Hi\Lo&lt;/nameDefined&gt;&lt;uomDefinedID&gt;24&lt;/uomDefinedID&gt;&lt;UOMName&gt;MM&lt;/UOMName&gt;&lt;UOMDescription&gt;MILIMETERS&lt;/UOMDescription&gt;&lt;serialNumber&gt;FTW3M16000aj3&lt;/serialNumber&gt;&lt;avrg&gt;0.002575&lt;/avrg&gt;&lt;/Row&gt;&lt;Row&gt;&lt;notifRecordID&gt;112161&lt;/notifRecordID&gt;&lt;notifTagID&gt;123&lt;/notifTagID&gt;&lt;notifTagValue&gt;0.004&lt;/notifTagValue&gt;&lt;recordID&gt;112161&lt;/recordID&gt;&lt;notifName&gt;TransCtr&lt;/notifName&gt;&lt;notifDescription&gt;P558_JENOPTIK&lt;/notifDescription&gt;&lt;CreatedBy&gt;SYSTEM&lt;/CreatedBy&gt;&lt;CreatedOn&gt;2016-12-16T04:44:10&lt;/CreatedOn&gt;&lt;ModifiedBy&gt;System&lt;/ModifiedBy&gt;&lt;ModifiedOn&gt;2016-12-16T04:44:12&lt;/ModifiedOn&gt;&lt;tagName&gt;Data_00&lt;/tagName&gt;&lt;tagTypeID&gt;8&lt;/tagTypeID&gt;&lt;tagGroupID&gt;1&lt;/tagGroupID&gt;&lt;tagFunctionID&gt;4&lt;/tagFunctionID&gt;&lt;COM_typeName&gt;TSend&lt;/COM_typeName&gt;&lt;FNC_typeName&gt;DefDataTable&lt;/FNC_typeName&gt;&lt;OPC_typeName&gt;FLOAT&lt;/OPC_typeName&gt;&lt;unitID&gt;36&lt;/unitID&gt;&lt;lineID&gt;35&lt;/lineID&gt;&lt;nameDefined&gt;Hi\Lo&lt;/nameDefined&gt;&lt;uomDefinedID&gt;24&lt;/uomDefinedID&gt;&lt;UOMName&gt;MM&lt;/UOMName&gt;&lt;UOMDescription&gt;MILIMETERS&lt;/UOMDescription&gt;&lt;serialNumber&gt;FTW3M16000aj6&lt;/serialNumber&gt;&lt;avrg&gt;0.002575&lt;/avrg&gt;&lt;/Row&gt;&lt;Row&gt;&lt;notifRecordID&gt;112164&lt;/notifRecordID&gt;&lt;notifTagID&gt;123&lt;/notifTagID&gt;&lt;notifTagValue&gt;0.004&lt;/notifTagValue&gt;&lt;recordID&gt;112164&lt;/recordID&gt;&lt;notifName&gt;TransCtr&lt;/notifName&gt;&lt;notifDescription&gt;P558_JENOPTIK&lt;/notifDescription&gt;&lt;CreatedBy&gt;SYSTEM&lt;/CreatedBy&gt;&lt;CreatedOn&gt;2016-12-16T04:47:59&lt;/CreatedOn&gt;&lt;ModifiedBy&gt;System&lt;/ModifiedBy&gt;&lt;ModifiedOn&gt;2016-12-16T04:48:01&lt;/ModifiedOn&gt;&lt;tagName&gt;Data_00&lt;/tagName&gt;&lt;tagTypeID&gt;8&lt;/tagTypeID&gt;&lt;tagGroupID&gt;1&lt;/tagGroupID&gt;&lt;tagFunctionID&gt;4&lt;/tagFunctionID&gt;&lt;COM_typeName&gt;TSend&lt;/COM_typeName&gt;&lt;FNC_typeName&gt;DefDataTable&lt;/FNC_typeName&gt;&lt;OPC_typeName&gt;FLOAT&lt;/OPC_typeName&gt;&lt;unitID&gt;36&lt;/unitID&gt;&lt;lineID&gt;35&lt;/lineID&gt;&lt;nameDefined&gt;Hi\Lo&lt;/nameDefined&gt;&lt;uomDefinedID&gt;24&lt;/uomDefinedID&gt;&lt;UOMName&gt;MM&lt;/UOMName&gt;&lt;UOMDescription&gt;MILIMETERS&lt;/UOMDescription&gt;&lt;serialNumber&gt;FTW2M160006sh&lt;/serialNumber&gt;&lt;avrg&gt;0.002575&lt;/avrg&gt;&lt;/Row&gt;&lt;Row&gt;&lt;notifRecordID&gt;112172&lt;/notifRecordID&gt;&lt;notifTagID&gt;123&lt;/notifTagID&gt;&lt;notifTagValue&gt;0.001&lt;/notifTagValue&gt;&lt;recordID&gt;112172&lt;/recordID&gt;&lt;notifName&gt;TransCtr&lt;/notifName&gt;&lt;notifDescription&gt;P558_JENOPTIK&lt;/notifDescription&gt;&lt;CreatedBy&gt;SYSTEM&lt;/CreatedBy&gt;&lt;CreatedOn&gt;2016-12-16T04:57:04&lt;/CreatedOn&gt;&lt;ModifiedBy&gt;System&lt;/ModifiedBy&gt;&lt;ModifiedOn&gt;2016-12-16T04:57:06&lt;/ModifiedOn&gt;&lt;tagName&gt;Data_00&lt;/tagName&gt;&lt;tagTypeID&gt;8&lt;/tagTypeID&gt;&lt;tagGroupID&gt;1&lt;/tagGroupID&gt;&lt;tagFunctionID&gt;4&lt;/tagFunctionID&gt;&lt;COM_typeName&gt;TSend&lt;/COM_typeName&gt;&lt;FNC_typeName&gt;DefDataTable&lt;/FNC_typeName&gt;&lt;OPC_typeName&gt;FLOAT&lt;/OPC_typeName&gt;&lt;unitID&gt;36&lt;/unitID&gt;&lt;lineID&gt;35&lt;/lineID&gt;&lt;nameDefined&gt;Hi\Lo&lt;/nameDefined&gt;&lt;uomDefinedID&gt;24&lt;/uomDefinedID&gt;&lt;UOMName&gt;MM&lt;/UOMName&gt;&lt;UOMDescription&gt;MILIMETERS&lt;/UOMDescription&gt;&lt;serialNumber&gt;FTW2M160006si&lt;/serialNumber&gt;&lt;avrg&gt;0.002575&lt;/avrg&gt;&lt;/Row&gt;&lt;Row&gt;&lt;notifRecordID&gt;112178&lt;/notifRecordID&gt;&lt;notifTagID&gt;123&lt;/notifTagID&gt;&lt;notifTagValue&gt;0.009&lt;/notifTagValue&gt;&lt;recordID&gt;112178&lt;/recordID&gt;&lt;notifName&gt;TransCtr&lt;/notifName&gt;&lt;notifDescription&gt;P558_JENOPTIK&lt;/notifDescription&gt;&lt;CreatedBy&gt;SYSTEM&lt;/CreatedBy&gt;&lt;CreatedOn&gt;2016-12-16T05:03:53&lt;/CreatedOn&gt;&lt;ModifiedBy&gt;System&lt;/ModifiedBy&gt;&lt;ModifiedOn&gt;2016-12-16T05:03:55&lt;/ModifiedOn&gt;&lt;tagName&gt;Data_00&lt;/tagName&gt;&lt;tagTypeID&gt;8&lt;/tagTypeID&gt;&lt;tagGroupID&gt;1&lt;/tagGroupID&gt;&lt;tagFunctionID&gt;4&lt;/tagFunctionID&gt;&lt;COM_typeName&gt;TSend&lt;/COM_typeName&gt;&lt;FNC_typeName&gt;DefDataTable&lt;/FNC_typeName&gt;&lt;OPC_typeName&gt;FLOAT&lt;/OPC_typeName&gt;&lt;unitID&gt;36&lt;/unitID&gt;&lt;lineID&gt;35&lt;/lineID&gt;&lt;nameDefined&gt;Hi\Lo&lt;/nameDefined&gt;&lt;uomDefinedID&gt;24&lt;/uomDefinedID&gt;&lt;UOMName&gt;MM&lt;/UOMName&gt;&lt;UOMDescription&gt;MILIMETERS&lt;/UOMDescription&gt;&lt;serialNumber&gt;FTW2M160006sj&lt;/serialNumber&gt;&lt;avrg&gt;0.002575&lt;/avrg&gt;&lt;/Row&gt;&lt;Row&gt;&lt;notifRecordID&gt;112185&lt;/notifRecordID&gt;&lt;notifTagID&gt;123&lt;/notifTagID&gt;&lt;notifTagValue&gt;-0.003&lt;/notifTagValue&gt;&lt;recordID&gt;112185&lt;/recordID&gt;&lt;notifName&gt;TransCtr&lt;/notifName&gt;&lt;notifDescription&gt;P558_JENOPTIK&lt;/notifDescription&gt;&lt;CreatedBy&gt;SYSTEM&lt;/CreatedBy&gt;&lt;CreatedOn&gt;2016-12-16T05:12:23&lt;/CreatedOn&gt;&lt;ModifiedBy&gt;System&lt;/ModifiedBy&gt;&lt;ModifiedOn&gt;2016-12-16T05:12:24&lt;/ModifiedOn&gt;&lt;tagName&gt;Data_00&lt;/tagName&gt;&lt;tagTypeID&gt;8&lt;/tagTypeID&gt;&lt;tagGroupID&gt;1&lt;/tagGroupID&gt;&lt;tagFunctionID&gt;4&lt;/tagFunctionID&gt;&lt;COM_typeName&gt;TSend&lt;/COM_typeName&gt;&lt;FNC_typeName&gt;DefDataTable&lt;/FNC_typeName&gt;&lt;OPC_typeName&gt;FLOAT&lt;/OPC_typeName&gt;&lt;unitID&gt;36&lt;/unitID&gt;&lt;lineID&gt;35&lt;/lineID&gt;&lt;nameDefined&gt;Hi\Lo&lt;/nameDefined&gt;&lt;uomDefinedID&gt;24&lt;/uomDefinedID&gt;&lt;UOMName&gt;MM&lt;/UOMName&gt;&lt;UOMDescription&gt;MILIMETERS&lt;/UOMDescription&gt;&lt;serialNumber&gt;FTW3M16000aj9&lt;/serialNumber&gt;&lt;avrg&gt;0.002575&lt;/avrg&gt;&lt;/Row&gt;&lt;Row&gt;&lt;notifRecordID&gt;112188&lt;/notifRecordID&gt;&lt;notifTagID&gt;123&lt;/notifTagID&gt;&lt;notifTagValue&gt;-0.003&lt;/notifTagValue&gt;&lt;recordID&gt;112188&lt;/recordID&gt;&lt;notifName&gt;TransCtr&lt;/notifName&gt;&lt;notifDescription&gt;P558_JENOPTIK&lt;/notifDescription&gt;&lt;CreatedBy&gt;SYSTEM&lt;/CreatedBy&gt;&lt;CreatedOn&gt;2016-12-16T05:15:27&lt;/CreatedOn&gt;&lt;ModifiedBy&gt;System&lt;/ModifiedBy&gt;&lt;ModifiedOn&gt;2016-12-16T05:15:29&lt;/ModifiedOn&gt;&lt;tagName&gt;Data_00&lt;/tagName&gt;&lt;tagTypeID&gt;8&lt;/tagTypeID&gt;&lt;tagGroupID&gt;1&lt;/tagGroupID&gt;&lt;tagFunctionID&gt;4&lt;/tagFunctionID&gt;&lt;COM_typeName&gt;TSend&lt;/COM_typeName&gt;&lt;FNC_typeName&gt;DefDataTable&lt;/FNC_typeName&gt;&lt;OPC_typeName&gt;FLOAT&lt;/OPC_typeName&gt;&lt;unitID&gt;36&lt;/unitID&gt;&lt;lineID&gt;35&lt;/lineID&gt;&lt;nameDefined&gt;Hi\Lo&lt;/nameDefined&gt;&lt;uomDefinedID&gt;24&lt;/uomDefinedID&gt;&lt;UOMName&gt;MM&lt;/UOMName&gt;&lt;UOMDescription&gt;MILIMETERS&lt;/UOMDescription&gt;&lt;serialNumber&gt;FTW2M160006sk&lt;/serialNumber&gt;&lt;avrg&gt;0.002575&lt;/avrg&gt;&lt;/Row&gt;&lt;Row&gt;&lt;notifRecordID&gt;112194&lt;/notifRecordID&gt;&lt;notifTagID&gt;123&lt;/notifTagID&gt;&lt;notifTagValue&gt;-0.001&lt;/notifTagValue&gt;&lt;recordID&gt;112194&lt;/recordID&gt;&lt;notifName&gt;TransCtr&lt;/notifName&gt;&lt;notifDescription&gt;P558_JENOPTIK&lt;/notifDescription&gt;&lt;CreatedBy&gt;SYSTEM&lt;/CreatedBy&gt;&lt;CreatedOn&gt;2016-12-16T05:21:13&lt;/CreatedOn&gt;&lt;ModifiedBy&gt;System&lt;/ModifiedBy&gt;&lt;ModifiedOn&gt;2016-12-16T05:21:15&lt;/ModifiedOn&gt;&lt;tagName&gt;Data_00&lt;/tagName&gt;&lt;tagTypeID&gt;8&lt;/tagTypeID&gt;&lt;tagGroupID&gt;1&lt;/tagGroupID&gt;&lt;tagFunctionID&gt;4&lt;/tagFunctionID&gt;&lt;COM_typeName&gt;TSend&lt;/COM_typeName&gt;&lt;FNC_typeName&gt;DefDataTable&lt;/FNC_typeName&gt;&lt;OPC_typeName&gt;FLOAT&lt;/OPC_typeName&gt;&lt;unitID&gt;36&lt;/unitID&gt;&lt;lineID&gt;35&lt;/lineID&gt;&lt;nameDefined&gt;Hi\Lo&lt;/nameDefined&gt;&lt;uomDefinedID&gt;24&lt;/uomDefinedID&gt;&lt;UOMName&gt;MM&lt;/UOMName&gt;&lt;UOMDescription&gt;MILIMETERS&lt;/UOMDescription&gt;&lt;serialNumber&gt;FTW3M16000aja&lt;/serialNumber&gt;&lt;avrg&gt;0.002575&lt;/avrg&gt;&lt;/Row&gt;&lt;Row&gt;&lt;notifRecordID&gt;112199&lt;/notifRecordID&gt;&lt;notifTagID&gt;123&lt;/notifTagID&gt;&lt;notifTagValue&gt;0.003&lt;/notifTagValue&gt;&lt;recordID&gt;112199&lt;/recordID&gt;&lt;notifName&gt;TransCtr&lt;/notifName&gt;&lt;notifDescription&gt;P558_JENOPTIK&lt;/notifDescription&gt;&lt;CreatedBy&gt;SYSTEM&lt;/CreatedBy&gt;&lt;CreatedOn&gt;2016-12-16T05:33:46&lt;/CreatedOn&gt;&lt;ModifiedBy&gt;System&lt;/ModifiedBy&gt;&lt;ModifiedOn&gt;2016-12-16T05:33:48&lt;/ModifiedOn&gt;&lt;tagName&gt;Data_00&lt;/tagName&gt;&lt;tagTypeID&gt;8&lt;/tagTypeID&gt;&lt;tagGroupID&gt;1&lt;/tagGroupID&gt;&lt;tagFunctionID&gt;4&lt;/tagFunctionID&gt;&lt;COM_typeName&gt;TSend&lt;/COM_typeName&gt;&lt;FNC_typeName&gt;DefDataTable&lt;/FNC_typeName&gt;&lt;OPC_typeName&gt;FLOAT&lt;/OPC_typeName&gt;&lt;unitID&gt;36&lt;/unitID&gt;&lt;lineID&gt;35&lt;/lineID&gt;&lt;nameDefined&gt;Hi\Lo&lt;/nameDefined&gt;&lt;uomDefinedID&gt;24&lt;/uomDefinedID&gt;&lt;UOMName&gt;MM&lt;/UOMName&gt;&lt;UOMDescription&gt;MILIMETERS&lt;/UOMDescription&gt;&lt;serialNumber&gt;FTW2M160006sl&lt;/serialNumber&gt;&lt;avrg&gt;0.002575&lt;/avrg&gt;&lt;/Row&gt;&lt;Row&gt;&lt;notifRecordID&gt;112214&lt;/notifRecordID&gt;&lt;notifTagID&gt;123&lt;/notifTagID&gt;&lt;notifTagValue&gt;0.003&lt;/notifTagValue&gt;&lt;recordID&gt;112214&lt;/recordID&gt;&lt;notifName&gt;TransCtr&lt;/notifName&gt;&lt;notifDescription&gt;P558_JENOPTIK&lt;/notifDescription&gt;&lt;CreatedBy&gt;SYSTEM&lt;/CreatedBy&gt;&lt;CreatedOn&gt;2016-12-16T05:56:59&lt;/CreatedOn&gt;&lt;ModifiedBy&gt;System&lt;/ModifiedBy&gt;&lt;ModifiedOn&gt;2016-12-16T05:57:01&lt;/ModifiedOn&gt;&lt;tagName&gt;Data_00&lt;/tagName&gt;&lt;tagTypeID&gt;8&lt;/tagTypeID&gt;&lt;tagGroupID&gt;1&lt;/tagGroupID&gt;&lt;tagFunctionID&gt;4&lt;/tagFunctionID&gt;&lt;COM_typeName&gt;TSend&lt;/COM_typeName&gt;&lt;FNC_typeName&gt;DefDataTable&lt;/FNC_typeName&gt;&lt;OPC_typeName&gt;FLOAT&lt;/OPC_typeName&gt;&lt;unitID&gt;36&lt;/unitID&gt;&lt;lineID&gt;35&lt;/lineID&gt;&lt;nameDefined&gt;Hi\Lo&lt;/nameDefined&gt;&lt;uomDefinedID&gt;24&lt;/uomDefinedID&gt;&lt;UOMName&gt;MM&lt;/UOMName&gt;&lt;UOMDescription&gt;MILIMETERS&lt;/UOMDescription&gt;&lt;serialNumber&gt;FTW3M16000ajc&lt;/serialNumber&gt;&lt;avrg&gt;0.002575&lt;/avrg&gt;&lt;/Row&gt;&lt;Row&gt;&lt;notifRecordID&gt;112216&lt;/notifRecordID&gt;&lt;notifTagID&gt;123&lt;/notifTagID&gt;&lt;notifTagValue&gt;-0.001&lt;/notifTagValue&gt;&lt;recordID&gt;112216&lt;/recordID&gt;&lt;notifName&gt;TransCtr&lt;/notifName&gt;&lt;notifDescription&gt;P558_JENOPTIK&lt;/notifDescription&gt;&lt;CreatedBy&gt;SYSTEM&lt;/CreatedBy&gt;&lt;CreatedOn&gt;2016-12-16T05:59:03&lt;/CreatedOn&gt;&lt;ModifiedBy&gt;System&lt;/ModifiedBy&gt;&lt;ModifiedOn&gt;2016-12-16T05:59:05&lt;/ModifiedOn&gt;&lt;tagName&gt;Data_00&lt;/tagName&gt;&lt;tagTypeID&gt;8&lt;/tagTypeID&gt;&lt;tagGroupID&gt;1&lt;/tagGroupID&gt;&lt;tagFunctionID&gt;4&lt;/tagFunctionID&gt;&lt;COM_typeName&gt;TSend&lt;/COM_typeName&gt;&lt;FNC_typeName&gt;DefDataTable&lt;/FNC_typeName&gt;&lt;OPC_typeName&gt;FLOAT&lt;/OPC_typeName&gt;&lt;unitID&gt;36&lt;/unitID&gt;&lt;lineID&gt;35&lt;/lineID&gt;&lt;nameDefined&gt;Hi\Lo&lt;/nameDefined&gt;&lt;uomDefinedID&gt;24&lt;/uomDefinedID&gt;&lt;UOMName&gt;MM&lt;/UOMName&gt;&lt;UOMDescription&gt;MILIMETERS&lt;/UOMDescription&gt;&lt;serialNumber&gt;FTW2M160006sm&lt;/serialNumber&gt;&lt;avrg&gt;0.002575&lt;/avrg&gt;&lt;/Row&gt;&lt;Row&gt;&lt;notifRecordID&gt;112221&lt;/notifRecordID&gt;&lt;notifTagID&gt;123&lt;/notifTagID&gt;&lt;notifTagValue&gt;0.004&lt;/notifTagValue&gt;&lt;recordID&gt;112221&lt;/recordID&gt;&lt;notifName&gt;TransCtr&lt;/notifName&gt;&lt;notifDescription&gt;P558_JENOPTIK&lt;/notifDescription&gt;&lt;CreatedBy&gt;SYSTEM&lt;/CreatedBy&gt;&lt;CreatedOn&gt;2016-12-16T06:03:10&lt;/CreatedOn&gt;&lt;ModifiedBy&gt;System&lt;/ModifiedBy&gt;&lt;ModifiedOn&gt;2016-12-16T06:03:12&lt;/ModifiedOn&gt;&lt;tagName&gt;Data_00&lt;/tagName&gt;&lt;tagTypeID&gt;8&lt;/tagTypeID&gt;&lt;tagGroupID&gt;1&lt;/tagGroupID&gt;&lt;tagFunctionID&gt;4&lt;/tagFunctionID&gt;&lt;COM_typeName&gt;TSend&lt;/COM_typeName&gt;&lt;FNC_typeName&gt;DefDataTable&lt;/FNC_typeName&gt;&lt;OPC_typeName&gt;FLOAT&lt;/OPC_typeName&gt;&lt;unitID&gt;36&lt;/unitID&gt;&lt;lineID&gt;35&lt;/lineID&gt;&lt;nameDefined&gt;Hi\Lo&lt;/nameDefined&gt;&lt;uomDefinedID&gt;24&lt;/uomDefinedID&gt;&lt;UOMName&gt;MM&lt;/UOMName&gt;&lt;UOMDescription&gt;MILIMETERS&lt;/UOMDescription&gt;&lt;serialNumber&gt;FTW3M16000ajd&lt;/serialNumber&gt;&lt;avrg&gt;0.002575&lt;/avrg&gt;&lt;/Row&gt;&lt;Row&gt;&lt;notifRecordID&gt;112224&lt;/notifRecordID&gt;&lt;notifTagID&gt;123&lt;/notifTagID&gt;&lt;notifTagValue&gt;0.007&lt;/notifTagValue&gt;&lt;recordID&gt;112224&lt;/recordID&gt;&lt;notifName&gt;TransCtr&lt;/notifName&gt;&lt;notifDescription&gt;P558_JENOPTIK&lt;/notifDescription&gt;&lt;CreatedBy&gt;SYSTEM&lt;/CreatedBy&gt;&lt;CreatedOn&gt;2016-12-16T06:05:15&lt;/CreatedOn&gt;&lt;ModifiedBy&gt;System&lt;/ModifiedBy&gt;&lt;ModifiedOn&gt;2016-12-16T06:05:17&lt;/ModifiedOn&gt;&lt;tagName&gt;Data_00&lt;/tagName&gt;&lt;tagTypeID&gt;8&lt;/tagTypeID&gt;&lt;tagGroupID&gt;1&lt;/tagGroupID&gt;&lt;tagFunctionID&gt;4&lt;/tagFunctionID&gt;&lt;COM_typeName&gt;TSend&lt;/COM_typeName&gt;&lt;FNC_typeName&gt;DefDataTable&lt;/FNC_typeName&gt;&lt;OPC_typeName&gt;FLOAT&lt;/OPC_typeName&gt;&lt;unitID&gt;36&lt;/unitID&gt;&lt;lineID&gt;35&lt;/lineID&gt;&lt;nameDefined&gt;Hi\Lo&lt;/nameDefined&gt;&lt;uomDefinedID&gt;24&lt;/uomDefinedID&gt;&lt;UOMName&gt;MM&lt;/UOMName&gt;&lt;UOMDescription&gt;MILIMETERS&lt;/UOMDescription&gt;&lt;serialNumber&gt;FTW2M160006sn&lt;/serialNumber&gt;&lt;avrg&gt;0.002575&lt;/avrg&gt;&lt;/Row&gt;&lt;Row&gt;&lt;notifRecordID&gt;112227&lt;/notifRecordID&gt;&lt;notifTagID&gt;123&lt;/notifTagID&gt;&lt;notifTagValue&gt;0.002&lt;/notifTagValue&gt;&lt;recordID&gt;112227&lt;/recordID&gt;&lt;notifName&gt;TransCtr&lt;/notifName&gt;&lt;notifDescription&gt;P558_JENOPTIK&lt;/notifDescription&gt;&lt;CreatedBy&gt;SYSTEM&lt;/CreatedBy&gt;&lt;CreatedOn&gt;2016-12-16T06:07:44&lt;/CreatedOn&gt;&lt;ModifiedBy&gt;System&lt;/ModifiedBy&gt;&lt;ModifiedOn&gt;2016-12-16T06:07:46&lt;/ModifiedOn&gt;&lt;tagName&gt;Data_00&lt;/tagName&gt;&lt;tagTypeID&gt;8&lt;/tagTypeID&gt;&lt;tagGroupID&gt;1&lt;/tagGroupID&gt;&lt;tagFunctionID&gt;4&lt;/tagFunctionID&gt;&lt;COM_typeName&gt;TSend&lt;/COM_typeName&gt;&lt;FNC_typeName&gt;DefDataTable&lt;/FNC_typeName&gt;&lt;OPC_typeName&gt;FLOAT&lt;/OPC_typeName&gt;&lt;unitID&gt;36&lt;/unitID&gt;&lt;lineID&gt;35&lt;/lineID&gt;&lt;nameDefined&gt;Hi\Lo&lt;/nameDefined&gt;&lt;uomDefinedID&gt;24&lt;/uomDefinedID&gt;&lt;UOMName&gt;MM&lt;/UOMName&gt;&lt;UOMDescription&gt;MILIMETERS&lt;/UOMDescription&gt;&lt;serialNumber&gt;FTW3M16000aje&lt;/serialNumber&gt;&lt;avrg&gt;0.002575&lt;/avrg&gt;&lt;/Row&gt;&lt;Row&gt;&lt;notifRecordID&gt;112231&lt;/notifRecordID&gt;&lt;notifTagID&gt;123&lt;/notifTagID&gt;&lt;notifTagValue&gt;-0.001&lt;/notifTagValue&gt;&lt;recordID&gt;112231&lt;/recordID&gt;&lt;notifName&gt;TransCtr&lt;/notifName&gt;&lt;notifDescription&gt;P558_JENOPTIK&lt;/notifDescription&gt;&lt;CreatedBy&gt;SYSTEM&lt;/CreatedBy&gt;&lt;CreatedOn&gt;2016-12-16T06:10:48&lt;/CreatedOn&gt;&lt;ModifiedBy&gt;System&lt;/ModifiedBy&gt;&lt;ModifiedOn&gt;2016-12-16T06:10:49&lt;/ModifiedOn&gt;&lt;tagName&gt;Data_00&lt;/tagName&gt;&lt;tagTypeID&gt;8&lt;/tagTypeID&gt;&lt;tagGroupID&gt;1&lt;/tagGroupID&gt;&lt;tagFunctionID&gt;4&lt;/tagFunctionID&gt;&lt;COM_typeName&gt;TSend&lt;/COM_typeName&gt;&lt;FNC_typeName&gt;DefDataTable&lt;/FNC_typeName&gt;&lt;OPC_typeName&gt;FLOAT&lt;/OPC_typeName&gt;&lt;unitID&gt;36&lt;/unitID&gt;&lt;lineID&gt;35&lt;/lineID&gt;&lt;nameDefined&gt;Hi\Lo&lt;/nameDefined&gt;&lt;uomDefinedID&gt;24&lt;/uomDefinedID&gt;&lt;UOMName&gt;MM&lt;/UOMName&gt;&lt;UOMDescription&gt;MILIMETERS&lt;/UOMDescription&gt;&lt;serialNumber&gt;FTW2M160006so&lt;/serialNumber&gt;&lt;avrg&gt;0.002575&lt;/avrg&gt;&lt;/Row&gt;&lt;Row&gt;&lt;notifRecordID&gt;112234&lt;/notifRecordID&gt;&lt;notifTagID&gt;123&lt;/notifTagID&gt;&lt;notifTagValue&gt;0.006&lt;/notifTagValue&gt;&lt;recordID&gt;112234&lt;/recordID&gt;&lt;notifName&gt;TransCtr&lt;/notifName&gt;&lt;notifDescription&gt;P558_JENOPTIK&lt;/notifDescription&gt;&lt;CreatedBy&gt;SYSTEM&lt;/CreatedBy&gt;&lt;CreatedOn&gt;2016-12-16T06:13:55&lt;/CreatedOn&gt;&lt;ModifiedBy&gt;System&lt;/ModifiedBy&gt;&lt;ModifiedOn&gt;2016-12-16T06:13:57&lt;/ModifiedOn&gt;&lt;tagName&gt;Data_00&lt;/tagName&gt;&lt;tagTypeID&gt;8&lt;/tagTypeID&gt;&lt;tagGroupID&gt;1&lt;/tagGroupID&gt;&lt;tagFunctionID&gt;4&lt;/tagFunctionID&gt;&lt;COM_typeName&gt;TSend&lt;/COM_typeName&gt;&lt;FNC_typeName&gt;DefDataTable&lt;/FNC_typeName&gt;&lt;OPC_typeName&gt;FLOAT&lt;/OPC_typeName&gt;&lt;unitID&gt;36&lt;/unitID&gt;&lt;lineID&gt;35&lt;/lineID&gt;&lt;nameDefined&gt;Hi\Lo&lt;/nameDefined&gt;&lt;uomDefinedID&gt;24&lt;/uomDefinedID&gt;&lt;UOMName&gt;MM&lt;/UOMName&gt;&lt;UOMDescription&gt;MILIMETERS&lt;/UOMDescription&gt;&lt;serialNumber&gt;FTW3M16000ajf&lt;/serialNumber&gt;&lt;avrg&gt;0.002575&lt;/avrg&gt;&lt;/Row&gt;&lt;Row&gt;&lt;notifRecordID&gt;112237&lt;/notifRecordID&gt;&lt;notifTagID&gt;123&lt;/notifTagID&gt;&lt;notifTagValue&gt;-0.001&lt;/notifTagValue&gt;&lt;recordID&gt;112237&lt;/recordID&gt;&lt;notifName&gt;TransCtr&lt;/notifName&gt;&lt;notifDescription&gt;P558_JENOPTIK&lt;/notifDescription&gt;&lt;CreatedBy&gt;SYSTEM&lt;/CreatedBy&gt;&lt;CreatedOn&gt;2016-12-16T06:16:17&lt;/CreatedOn&gt;&lt;ModifiedBy&gt;System&lt;/ModifiedBy&gt;&lt;ModifiedOn&gt;2016-12-16T06:16:19&lt;/ModifiedOn&gt;&lt;tagName&gt;Data_00&lt;/tagName&gt;&lt;tagTypeID&gt;8&lt;/tagTypeID&gt;&lt;tagGroupID&gt;1&lt;/tagGroupID&gt;&lt;tagFunctionID&gt;4&lt;/tagFunctionID&gt;&lt;COM_typeName&gt;TSend&lt;/COM_typeName&gt;&lt;FNC_typeName&gt;DefDataTable&lt;/FNC_typeName&gt;&lt;OPC_typeName&gt;FLOAT&lt;/OPC_typeName&gt;&lt;unitID&gt;36&lt;/unitID&gt;&lt;lineID&gt;35&lt;/lineID&gt;&lt;nameDefined&gt;Hi\Lo&lt;/nameDefined&gt;&lt;uomDefinedID&gt;24&lt;/uomDefinedID&gt;&lt;UOMName&gt;MM&lt;/UOMName&gt;&lt;UOMDescription&gt;MILIMETERS&lt;/UOMDescription&gt;&lt;serialNumber&gt;FTW3M16000ajg&lt;/serialNumber&gt;&lt;avrg&gt;0.002575&lt;/avrg&gt;&lt;/Row&gt;&lt;Row&gt;&lt;notifRecordID&gt;112241&lt;/notifRecordID&gt;&lt;notifTagID&gt;123&lt;/notifTagID&gt;&lt;notifTagValue&gt;0.011&lt;/notifTagValue&gt;&lt;recordID&gt;112241&lt;/recordID&gt;&lt;notifName&gt;TransCtr&lt;/notifName&gt;&lt;notifDescription&gt;P558_JENOPTIK&lt;/notifDescription&gt;&lt;CreatedBy&gt;SYSTEM&lt;/CreatedBy&gt;&lt;CreatedOn&gt;2016-12-16T06:19:46&lt;/CreatedOn&gt;&lt;ModifiedBy&gt;System&lt;/ModifiedBy&gt;&lt;ModifiedOn&gt;2016-12-16T06:19:48&lt;/ModifiedOn&gt;&lt;tagName&gt;Data_00&lt;/tagName&gt;&lt;tagTypeID&gt;8&lt;/tagTypeID&gt;&lt;tagGroupID&gt;1&lt;/tagGroupID&gt;&lt;tagFunctionID&gt;4&lt;/tagFunctionID&gt;&lt;COM_typeName&gt;TSend&lt;/COM_typeName&gt;&lt;FNC_typeName&gt;DefDataTable&lt;/FNC_typeName&gt;&lt;OPC_typeName&gt;FLOAT&lt;/OPC_typeName&gt;&lt;unitID&gt;36&lt;/unitID&gt;&lt;lineID&gt;35&lt;/lineID&gt;&lt;nameDefined&gt;Hi\Lo&lt;/nameDefined&gt;&lt;uomDefinedID&gt;24&lt;/uomDefinedID&gt;&lt;UOMName&gt;MM&lt;/UOMName&gt;&lt;UOMDescription&gt;MILIMETERS&lt;/UOMDescription&gt;&lt;serialNumber&gt;FTW2M160006sp&lt;/serialNumber&gt;&lt;avrg&gt;0.002575&lt;/avrg&gt;&lt;/Row&gt;&lt;Row&gt;&lt;notifRecordID&gt;112244&lt;/notifRecordID&gt;&lt;notifTagID&gt;123&lt;/notifTagID&gt;&lt;notifTagValue&gt;0.005&lt;/notifTagValue&gt;&lt;recordID&gt;112244&lt;/recordID&gt;&lt;notifName&gt;TransCtr&lt;/notifName&gt;&lt;notifDescription&gt;P558_JENOPTIK&lt;/notifDescription&gt;&lt;CreatedBy&gt;SYSTEM&lt;/CreatedBy&gt;&lt;CreatedOn&gt;2016-12-16T06:22:40&lt;/CreatedOn&gt;&lt;ModifiedBy&gt;System&lt;/ModifiedBy&gt;&lt;ModifiedOn&gt;2016-12-16T06:22:42&lt;/ModifiedOn&gt;&lt;tagName&gt;Data_00&lt;/tagName&gt;&lt;tagTypeID&gt;8&lt;/tagTypeID&gt;&lt;tagGroupID&gt;1&lt;/tagGroupID&gt;&lt;tagFunctionID&gt;4&lt;/tagFunctionID&gt;&lt;COM_typeName&gt;TSend&lt;/COM_typeName&gt;&lt;FNC_typeName&gt;DefDataTable&lt;/FNC_typeName&gt;&lt;OPC_typeName&gt;FLOAT&lt;/OPC_typeName&gt;&lt;unitID&gt;36&lt;/unitID&gt;&lt;lineID&gt;35&lt;/lineID&gt;&lt;nameDefined&gt;Hi\Lo&lt;/nameDefined&gt;&lt;uomDefinedID&gt;24&lt;/uomDefinedID&gt;&lt;UOMName&gt;MM&lt;/UOMName&gt;&lt;UOMDescription&gt;MILIMETERS&lt;/UOMDescription&gt;&lt;serialNumber&gt;FTW3M16000ajh&lt;/serialNumber&gt;&lt;avrg&gt;0.002575&lt;/avrg&gt;&lt;/Row&gt;&lt;Row&gt;&lt;notifRecordID&gt;112250&lt;/notifRecordID&gt;&lt;notifTagID&gt;123&lt;/notifTagID&gt;&lt;notifTagValue&gt;-0.002&lt;/notifTagValue&gt;&lt;recordID&gt;112250&lt;/recordID&gt;&lt;notifName&gt;TransCtr&lt;/notifName&gt;&lt;notifDescription&gt;P558_JENOPTIK&lt;/notifDescription&gt;&lt;CreatedBy&gt;SYSTEM&lt;/CreatedBy&gt;&lt;CreatedOn&gt;2016-12-16T06:35:54&lt;/CreatedOn&gt;&lt;ModifiedBy&gt;System&lt;/ModifiedBy&gt;&lt;ModifiedOn&gt;2016-12-16T06:35:56&lt;/ModifiedOn&gt;&lt;tagName&gt;Data_00&lt;/tagName&gt;&lt;tagTypeID&gt;8&lt;/tagTypeID&gt;&lt;tagGroupID&gt;1&lt;/tagGroupID&gt;&lt;tagFunctionID&gt;4&lt;/tagFunctionID&gt;&lt;COM_typeName&gt;TSend&lt;/COM_typeName&gt;&lt;FNC_typeName&gt;DefDataTable&lt;/FNC_typeName&gt;&lt;OPC_typeName&gt;FLOAT&lt;/OPC_typeName&gt;&lt;unitID&gt;36&lt;/unitID&gt;&lt;lineID&gt;35&lt;/lineID&gt;&lt;nameDefined&gt;Hi\Lo&lt;/nameDefined&gt;&lt;uomDefinedID&gt;24&lt;/uomDefinedID&gt;&lt;UOMName&gt;MM&lt;/UOMName&gt;&lt;UOMDescription&gt;MILIMETERS&lt;/UOMDescription&gt;&lt;serialNumber&gt;FTW2M160006sq&lt;/serialNumber&gt;&lt;avrg&gt;0.002575&lt;/avrg&gt;&lt;/Row&gt;&lt;Row&gt;&lt;notifRecordID&gt;112255&lt;/notifRecordID&gt;&lt;notifTagID&gt;123&lt;/notifTagID&gt;&lt;notifTagValue&gt;0.008&lt;/notifTagValue&gt;&lt;recordID&gt;112255&lt;/recordID&gt;&lt;notifName&gt;TransCtr&lt;/notifName&gt;&lt;notifDescription&gt;P558_JENOPTIK&lt;/notifDescription&gt;&lt;CreatedBy&gt;SYSTEM&lt;/CreatedBy&gt;&lt;CreatedOn&gt;2016-12-16T06:43:39&lt;/CreatedOn&gt;&lt;ModifiedBy&gt;System&lt;/ModifiedBy&gt;&lt;ModifiedOn&gt;2016-12-16T06:43:41&lt;/ModifiedOn&gt;&lt;tagName&gt;Data_00&lt;/tagName&gt;&lt;tagTypeID&gt;8&lt;/tagTypeID&gt;&lt;tagGroupID&gt;1&lt;/tagGroupID&gt;&lt;tagFunctionID&gt;4&lt;/tagFunctionID&gt;&lt;COM_typeName&gt;TSend&lt;/COM_typeName&gt;&lt;FNC_typeName&gt;DefDataTable&lt;/FNC_typeName&gt;&lt;OPC_typeName&gt;FLOAT&lt;/OPC_typeName&gt;&lt;unitID&gt;36&lt;/unitID&gt;&lt;lineID&gt;35&lt;/lineID&gt;&lt;nameDefined&gt;Hi\Lo&lt;/nameDefined&gt;&lt;uomDefinedID&gt;24&lt;/uomDefinedID&gt;&lt;UOMName&gt;MM&lt;/UOMName&gt;&lt;UOMDescription&gt;MILIMETERS&lt;/UOMDescription&gt;&lt;serialNumber&gt;FTW3M16000ajk&lt;/serialNumber&gt;&lt;avrg&gt;0.002575&lt;/avrg&gt;&lt;/Row&gt;&lt;Row&gt;&lt;notifRecordID&gt;112257&lt;/notifRecordID&gt;&lt;notifTagID&gt;123&lt;/notifTagID&gt;&lt;notifTagValue&gt;-0.001&lt;/notifTagValue&gt;&lt;recordID&gt;112257&lt;/recordID&gt;&lt;notifName&gt;TransCtr&lt;/notifName&gt;&lt;notifDescription&gt;P558_JENOPTIK&lt;/notifDescription&gt;&lt;CreatedBy&gt;SYSTEM&lt;/CreatedBy&gt;&lt;CreatedOn&gt;2016-12-16T06:45:43&lt;/CreatedOn&gt;&lt;ModifiedBy&gt;System&lt;/ModifiedBy&gt;&lt;ModifiedOn&gt;2016-12-16T06:45:44&lt;/ModifiedOn&gt;&lt;tagName&gt;Data_00&lt;/tagName&gt;&lt;tagTypeID&gt;8&lt;/tagTypeID&gt;&lt;tagGroupID&gt;1&lt;/tagGroupID&gt;&lt;tagFunctionID&gt;4&lt;/tagFunctionID&gt;&lt;COM_typeName&gt;TSend&lt;/COM_typeName&gt;&lt;FNC_typeName&gt;DefDataTable&lt;/FNC_typeName&gt;&lt;OPC_typeName&gt;FLOAT&lt;/OPC_typeName&gt;&lt;unitID&gt;36&lt;/unitID&gt;&lt;lineID&gt;35&lt;/lineID&gt;&lt;nameDefined&gt;Hi\Lo&lt;/nameDefined&gt;&lt;uomDefinedID&gt;24&lt;/uomDefinedID&gt;&lt;UOMName&gt;MM&lt;/UOMName&gt;&lt;UOMDescription&gt;MILIMETERS&lt;/UOMDescription&gt;&lt;serialNumber&gt;FTW2M160006sr&lt;/serialNumber&gt;&lt;avrg&gt;0.002575&lt;/avrg&gt;&lt;/Row&gt;&lt;Row&gt;&lt;notifRecordID&gt;112292&lt;/notifRecordID&gt;&lt;notifTagID&gt;123&lt;/notifTagID&gt;&lt;notifTagValue&gt;0.008&lt;/notifTagValue&gt;&lt;recordID&gt;112292&lt;/recordID&gt;&lt;notifName&gt;TransCtr&lt;/notifName&gt;&lt;notifDescription&gt;P558_JENOPTIK&lt;/notifDescription&gt;&lt;CreatedBy&gt;SYSTEM&lt;/CreatedBy&gt;&lt;CreatedOn&gt;2016-12-16T07:49:37&lt;/CreatedOn&gt;&lt;ModifiedBy&gt;System&lt;/ModifiedBy&gt;&lt;ModifiedOn&gt;2016-12-16T07:49:39&lt;/ModifiedOn&gt;&lt;tagName&gt;Data_00&lt;/tagName&gt;&lt;tagTypeID&gt;8&lt;/tagTypeID&gt;&lt;tagGroupID&gt;1&lt;/tagGroupID&gt;&lt;tagFunctionID&gt;4&lt;/tagFunctionID&gt;&lt;COM_typeName&gt;TSend&lt;/COM_typeName&gt;&lt;FNC_typeName&gt;DefDataTable&lt;/FNC_typeName&gt;&lt;OPC_typeName&gt;FLOAT&lt;/OPC_typeName&gt;&lt;unitID&gt;36&lt;/unitID&gt;&lt;lineID&gt;35&lt;/lineID&gt;&lt;nameDefined&gt;Hi\Lo&lt;/nameDefined&gt;&lt;uomDefinedID&gt;24&lt;/uomDefinedID&gt;&lt;UOMName&gt;MM&lt;/UOMName&gt;&lt;UOMDescription&gt;MILIMETERS&lt;/UOMDescription&gt;&lt;serialNumber&gt;FTW3M16000ajn&lt;/serialNumber&gt;&lt;avrg&gt;0.002575&lt;/avrg&gt;&lt;/Row&gt;&lt;Row&gt;&lt;notifRecordID&gt;112296&lt;/notifRecordID&gt;&lt;notifTagID&gt;123&lt;/notifTagID&gt;&lt;notifTagValue&gt;-0.001&lt;/notifTagValue&gt;&lt;recordID&gt;112296&lt;/recordID&gt;&lt;notifName&gt;TransCtr&lt;/notifName&gt;&lt;notifDescription&gt;P558_JENOPTIK&lt;/notifDescription&gt;&lt;CreatedBy&gt;SYSTEM&lt;/CreatedBy&gt;&lt;CreatedOn&gt;2016-12-16T07:54:21&lt;/CreatedOn&gt;&lt;ModifiedBy&gt;System&lt;/ModifiedBy&gt;&lt;ModifiedOn&gt;2016-12-16T07:54:23&lt;/ModifiedOn&gt;&lt;tagName&gt;Data_00&lt;/tagName&gt;&lt;tagTypeID&gt;8&lt;/tagTypeID&gt;&lt;tagGroupID&gt;1&lt;/tagGroupID&gt;&lt;tagFunctionID&gt;4&lt;/tagFunctionID&gt;&lt;COM_typeName&gt;TSend&lt;/COM_typeName&gt;&lt;FNC_typeName&gt;DefDataTable&lt;/FNC_typeName&gt;&lt;OPC_typeName&gt;FLOAT&lt;/OPC_typeName&gt;&lt;unitID&gt;36&lt;/unitID&gt;&lt;lineID&gt;35&lt;/lineID&gt;&lt;nameDefined&gt;Hi\Lo&lt;/nameDefined&gt;&lt;uomDefinedID&gt;24&lt;/uomDefinedID&gt;&lt;UOMName&gt;MM&lt;/UOMName&gt;&lt;UOMDescription&gt;MILIMETERS&lt;/UOMDescription&gt;&lt;serialNumber&gt;FTW3M16000ajm&lt;/serialNumber&gt;&lt;avrg&gt;0.002575&lt;/avrg&gt;&lt;/Row&gt;&lt;Row&gt;&lt;notifRecordID&gt;112300&lt;/notifRecordID&gt;&lt;notifTagID&gt;123&lt;/notifTagID&gt;&lt;notifTagValue&gt;-0.002&lt;/notifTagValue&gt;&lt;recordID&gt;112300&lt;/recordID&gt;&lt;notifName&gt;TransCtr&lt;/notifName&gt;&lt;notifDescription&gt;P558_JENOPTIK&lt;/notifDescription&gt;&lt;CreatedBy&gt;SYSTEM&lt;/CreatedBy&gt;&lt;CreatedOn&gt;2016-12-16T07:56:28&lt;/CreatedOn&gt;&lt;ModifiedBy&gt;System&lt;/ModifiedBy&gt;&lt;ModifiedOn&gt;2016-12-16T07:56:30&lt;/ModifiedOn&gt;&lt;tagName&gt;Data_00&lt;/tagName&gt;&lt;tagTypeID&gt;8&lt;/tagTypeID&gt;&lt;tagGroupID&gt;1&lt;/tagGroupID&gt;&lt;tagFunctionID&gt;4&lt;/tagFunctionID&gt;&lt;COM_typeName&gt;TSend&lt;/COM_typeName&gt;&lt;FNC_typeName&gt;DefDataTable&lt;/FNC_typeName&gt;&lt;OPC_typeName&gt;FLOAT&lt;/OPC_typeName&gt;&lt;unitID&gt;36&lt;/unitID&gt;&lt;lineID&gt;35&lt;/lineID&gt;&lt;nameDefined&gt;Hi\Lo&lt;/nameDefined&gt;&lt;uomDefinedID&gt;24&lt;/uomDefinedID&gt;&lt;UOMName&gt;MM&lt;/UOMName&gt;&lt;UOMDescription&gt;MILIMETERS&lt;/UOMDescription&gt;&lt;serialNumber&gt;FTW2M160006su&lt;/serialNumber&gt;&lt;avrg&gt;0.002575&lt;/avrg&gt;&lt;/Row&gt;&lt;Row&gt;&lt;notifRecordID&gt;112304&lt;/notifRecordID&gt;&lt;notifTagID&gt;123&lt;/notifTagID&gt;&lt;notifTagValue&gt;0.003&lt;/notifTagValue&gt;&lt;recordID&gt;112304&lt;/recordID&gt;&lt;notifName&gt;TransCtr&lt;/notifName&gt;&lt;notifDescription&gt;P558_JENOPTIK&lt;/notifDescription&gt;&lt;CreatedBy&gt;SYSTEM&lt;/CreatedBy&gt;&lt;CreatedOn&gt;2016-12-16T08:00:34&lt;/CreatedOn&gt;&lt;ModifiedBy&gt;System&lt;/ModifiedBy&gt;&lt;ModifiedOn&gt;2016-12-16T08:00:36&lt;/ModifiedOn&gt;&lt;tagName&gt;Data_00&lt;/tagName&gt;&lt;tagTypeID&gt;8&lt;/tagTypeID&gt;&lt;tagGroupID&gt;1&lt;/tagGroupID&gt;&lt;tagFunctionID&gt;4&lt;/tagFunctionID&gt;&lt;COM_typeName&gt;TSend&lt;/COM_typeName&gt;&lt;FNC_typeName&gt;DefDataTable&lt;/FNC_typeName&gt;&lt;OPC_typeName&gt;FLOAT&lt;/OPC_typeName&gt;&lt;unitID&gt;36&lt;/unitID&gt;&lt;lineID&gt;35&lt;/lineID&gt;&lt;nameDefined&gt;Hi\Lo&lt;/nameDefined&gt;&lt;uomDefinedID&gt;24&lt;/uomDefinedID&gt;&lt;UOMName&gt;MM&lt;/UOMName&gt;&lt;UOMDescription&gt;MILIMETERS&lt;/UOMDescription&gt;&lt;serialNumber&gt;FTW2M160006sv&lt;/serialNumber&gt;&lt;avrg&gt;0.002575&lt;/avrg&gt;&lt;/Row&gt;&lt;Row&gt;&lt;notifRecordID&gt;112309&lt;/notifRecordID&gt;&lt;notifTagID&gt;123&lt;/notifTagID&gt;&lt;notifTagValue&gt;0.006&lt;/notifTagValue&gt;&lt;recordID&gt;112309&lt;/recordID&gt;&lt;notifName&gt;TransCtr&lt;/notifName&gt;&lt;notifDescription&gt;P558_JENOPTIK&lt;/notifDescription&gt;&lt;CreatedBy&gt;SYSTEM&lt;/CreatedBy&gt;&lt;CreatedOn&gt;2016-12-16T08:10:54&lt;/CreatedOn&gt;&lt;ModifiedBy&gt;System&lt;/ModifiedBy&gt;&lt;ModifiedOn&gt;2016-12-16T08:10:56&lt;/ModifiedOn&gt;&lt;tagName&gt;Data_00&lt;/tagName&gt;&lt;tagTypeID&gt;8&lt;/tagTypeID&gt;&lt;tagGroupID&gt;1&lt;/tagGroupID&gt;&lt;tagFunctionID&gt;4&lt;/tagFunctionID&gt;&lt;COM_typeName&gt;TSend&lt;/COM_typeName&gt;&lt;FNC_typeName&gt;DefDataTable&lt;/FNC_typeName&gt;&lt;OPC_typeName&gt;FLOAT&lt;/OPC_typeName&gt;&lt;unitID&gt;36&lt;/unitID&gt;&lt;lineID&gt;35&lt;/lineID&gt;&lt;nameDefined&gt;Hi\Lo&lt;/nameDefined&gt;&lt;uomDefinedID&gt;24&lt;/uomDefinedID&gt;&lt;UOMName&gt;MM&lt;/UOMName&gt;&lt;UOMDescription&gt;MILIMETERS&lt;/UOMDescription&gt;&lt;serialNumber&gt;FTW3M16000ajo&lt;/serialNumber&gt;&lt;avrg&gt;0.002575&lt;/avrg&gt;&lt;/Row&gt;&lt;Row&gt;&lt;notifRecordID&gt;112311&lt;/notifRecordID&gt;&lt;notifTagID&gt;123&lt;/notifTagID&gt;&lt;notifTagValue&gt;0.006&lt;/notifTagValue&gt;&lt;recordID&gt;112311&lt;/recordID&gt;&lt;notifName&gt;TransCtr&lt;/notifName&gt;&lt;notifDescription&gt;P558_JENOPTIK&lt;/notifDescription&gt;&lt;CreatedBy&gt;SYSTEM&lt;/CreatedBy&gt;&lt;CreatedOn&gt;2016-12-16T08:13:29&lt;/CreatedOn&gt;&lt;ModifiedBy&gt;System&lt;/ModifiedBy&gt;&lt;ModifiedOn&gt;2016-12-16T08:13:31&lt;/ModifiedOn&gt;&lt;tagName&gt;Data_00&lt;/tagName&gt;&lt;tagTypeID&gt;8&lt;/tagTypeID&gt;&lt;tagGroupID&gt;1&lt;/tagGroupID&gt;&lt;tagFunctionID&gt;4&lt;/tagFunctionID&gt;&lt;COM_typeName&gt;TSend&lt;/COM_typeName&gt;&lt;FNC_typeName&gt;DefDataTable&lt;/FNC_typeName&gt;&lt;OPC_typeName&gt;FLOAT&lt;/OPC_typeName&gt;&lt;unitID&gt;36&lt;/unitID&gt;&lt;lineID&gt;35&lt;/lineID&gt;&lt;nameDefined&gt;Hi\Lo&lt;/nameDefined&gt;&lt;uomDefinedID&gt;24&lt;/uomDefinedID&gt;&lt;UOMName&gt;MM&lt;/UOMName&gt;&lt;UOMDescription&gt;MILIMETERS&lt;/UOMDescription&gt;&lt;serialNumber&gt;FTW2M160006sx&lt;/serialNumber&gt;&lt;avrg&gt;0.002575&lt;/avrg&gt;&lt;/Row&gt;&lt;Row&gt;&lt;notifRecordID&gt;112314&lt;/notifRecordID&gt;&lt;notifTagID&gt;123&lt;/notifTagID&gt;&lt;notifTagValue&gt;0.007&lt;/notifTagValue&gt;&lt;recordID&gt;112314&lt;/recordID&gt;&lt;notifName&gt;TransCtr&lt;/notifName&gt;&lt;notifDescription&gt;P558_JENOPTIK&lt;/notifDescription&gt;&lt;CreatedBy&gt;SYSTEM&lt;/CreatedBy&gt;&lt;CreatedOn&gt;2016-12-16T08:15:50&lt;/CreatedOn&gt;&lt;ModifiedBy&gt;System&lt;/ModifiedBy&gt;&lt;ModifiedOn&gt;2016-12-16T08:15:52&lt;/ModifiedOn&gt;&lt;tagName&gt;Data_00&lt;/tagName&gt;&lt;tagTypeID&gt;8&lt;/tagTypeID&gt;&lt;tagGroupID&gt;1&lt;/tagGroupID&gt;&lt;tagFunctionID&gt;4&lt;/tagFunctionID&gt;&lt;COM_typeName&gt;TSend&lt;/COM_typeName&gt;&lt;FNC_typeName&gt;DefDataTable&lt;/FNC_typeName&gt;&lt;OPC_typeName&gt;FLOAT&lt;/OPC_typeName&gt;&lt;unitID&gt;36&lt;/unitID&gt;&lt;lineID&gt;35&lt;/lineID&gt;&lt;nameDefined&gt;Hi\Lo&lt;/nameDefined&gt;&lt;uomDefinedID&gt;24&lt;/uomDefinedID&gt;&lt;UOMName&gt;MM&lt;/UOMName&gt;&lt;UOMDescription&gt;MILIMETERS&lt;/UOMDescription&gt;&lt;serialNumber&gt;FTW3M16000ajp&lt;/serialNumber&gt;&lt;avrg&gt;0.002575&lt;/avrg&gt;&lt;/Row&gt;&lt;Row&gt;&lt;notifRecordID&gt;112317&lt;/notifRecordID&gt;&lt;notifTagID&gt;123&lt;/notifTagID&gt;&lt;notifTagValue&gt;-0.004&lt;/notifTagValue&gt;&lt;recordID&gt;112317&lt;/recordID&gt;&lt;notifName&gt;TransCtr&lt;/notifName&gt;&lt;notifDescription&gt;P558_JENOPTIK&lt;/notifDescription&gt;&lt;CreatedBy&gt;SYSTEM&lt;/CreatedBy&gt;&lt;CreatedOn&gt;2016-12-16T08:20:12&lt;/CreatedOn&gt;&lt;ModifiedBy&gt;System&lt;/ModifiedBy&gt;&lt;ModifiedOn&gt;2016-12-16T08:20:13&lt;/ModifiedOn&gt;&lt;tagName&gt;Data_00&lt;/tagName&gt;&lt;tagTypeID&gt;8&lt;/tagTypeID&gt;&lt;tagGroupID&gt;1&lt;/tagGroupID&gt;&lt;tagFunctionID&gt;4&lt;/tagFunctionID&gt;&lt;COM_typeName&gt;TSend&lt;/COM_typeName&gt;&lt;FNC_typeName&gt;DefDataTable&lt;/FNC_typeName&gt;&lt;OPC_typeName&gt;FLOAT&lt;/OPC_typeName&gt;&lt;unitID&gt;36&lt;/unitID&gt;&lt;lineID&gt;35&lt;/lineID&gt;&lt;nameDefined&gt;Hi\Lo&lt;/nameDefined&gt;&lt;uomDefinedID&gt;24&lt;/uomDefinedID&gt;&lt;UOMName&gt;MM&lt;/UOMName&gt;&lt;UOMDescription&gt;MILIMETERS&lt;/UOMDescription&gt;&lt;serialNumber&gt;FTW3M16000ajq&lt;/serialNumber&gt;&lt;avrg&gt;0.002575&lt;/avrg&gt;&lt;/Row&gt;&lt;Row&gt;&lt;notifRecordID&gt;112325&lt;/notifRecordID&gt;&lt;notifTagID&gt;123&lt;/notifTagID&gt;&lt;notifTagValue&gt;0.004&lt;/notifTagValue&gt;&lt;recordID&gt;112325&lt;/recordID&gt;&lt;notifName&gt;TransCtr&lt;/notifName&gt;&lt;notifDescription&gt;P558_JENOPTIK&lt;/notifDescription&gt;&lt;CreatedBy&gt;SYSTEM&lt;/CreatedBy&gt;&lt;CreatedOn&gt;2016-12-16T08:30:50&lt;/CreatedOn&gt;&lt;ModifiedBy&gt;System&lt;/ModifiedBy&gt;&lt;ModifiedOn&gt;2016-12-16T08:30:52&lt;/ModifiedOn&gt;&lt;tagName&gt;Data_00&lt;/tagName&gt;&lt;tagTypeID&gt;8&lt;/tagTypeID&gt;&lt;tagGroupID&gt;1&lt;/tagGroupID&gt;&lt;tagFunctionID&gt;4&lt;/tagFunctionID&gt;&lt;COM_typeName&gt;TSend&lt;/COM_typeName&gt;&lt;FNC_typeName&gt;DefDataTable&lt;/FNC_typeName&gt;&lt;OPC_typeName&gt;FLOAT&lt;/OPC_typeName&gt;&lt;unitID&gt;36&lt;/unitID&gt;&lt;lineID&gt;35&lt;/lineID&gt;&lt;nameDefined&gt;Hi\Lo&lt;/nameDefined&gt;&lt;uomDefinedID&gt;24&lt;/uomDefinedID&gt;&lt;UOMName&gt;MM&lt;/UOMName&gt;&lt;UOMDescription&gt;MILIMETERS&lt;/UOMDescription&gt;&lt;serialNumber&gt;FTW2M160006sw&lt;/serialNumber&gt;&lt;avrg&gt;0.002575&lt;/avrg&gt;&lt;/Row&gt;&lt;Row&gt;&lt;notifRecordID&gt;112327&lt;/notifRecordID&gt;&lt;notifTagID&gt;123&lt;/notifTagID&gt;&lt;notifTagValue&gt;0.0&lt;/notifTagValue&gt;&lt;recordID&gt;112327&lt;/recordID&gt;&lt;notifName&gt;TransCtr&lt;/notifName&gt;&lt;notifDescription&gt;P558_JENOPTIK&lt;/notifDescription&gt;&lt;CreatedBy&gt;SYSTEM&lt;/CreatedBy&gt;&lt;CreatedOn&gt;2016-12-16T08:33:18&lt;/CreatedOn&gt;&lt;ModifiedBy&gt;System&lt;/ModifiedBy&gt;&lt;ModifiedOn&gt;2016-12-16T08:33:20&lt;/ModifiedOn&gt;&lt;tagName&gt;Data_00&lt;/tagName&gt;&lt;tagTypeID&gt;8&lt;/tagTypeID&gt;&lt;tagGroupID&gt;1&lt;/tagGroupID&gt;&lt;tagFunctionID&gt;4&lt;/tagFunctionID&gt;&lt;COM_typeName&gt;TSend&lt;/COM_typeName&gt;&lt;FNC_typeName&gt;DefDataTable&lt;/FNC_typeName&gt;&lt;OPC_typeName&gt;FLOAT&lt;/OPC_typeName&gt;&lt;unitID&gt;36&lt;/unitID&gt;&lt;lineID&gt;35&lt;/lineID&gt;&lt;nameDefined&gt;Hi\Lo&lt;/nameDefined&gt;&lt;uomDefinedID&gt;24&lt;/uomDefinedID&gt;&lt;UOMName&gt;MM&lt;/UOMName&gt;&lt;UOMDescription&gt;MILIMETERS&lt;/UOMDescription&gt;&lt;serialNumber&gt;FTW3M16000ajr&lt;/serialNumber&gt;&lt;avrg&gt;0.002575&lt;/avrg&gt;&lt;/Row&gt;&lt;Row&gt;&lt;notifRecordID&gt;112331&lt;/notifRecordID&gt;&lt;notifTagID&gt;123&lt;/notifTagID&gt;&lt;notifTagValue&gt;0.004&lt;/notifTagValue&gt;&lt;recordID&gt;112331&lt;/recordID&gt;&lt;notifName&gt;TransCtr&lt;/notifName&gt;&lt;notifDescription&gt;P558_JENOPTIK&lt;/notifDescription&gt;&lt;CreatedBy&gt;SYSTEM&lt;/CreatedBy&gt;&lt;CreatedOn&gt;2016-12-16T08:41:40&lt;/CreatedOn&gt;&lt;ModifiedBy&gt;System&lt;/ModifiedBy&gt;&lt;ModifiedOn&gt;2016-12-16T08:41:42&lt;/ModifiedOn&gt;&lt;tagName&gt;Data_00&lt;/tagName&gt;&lt;tagTypeID&gt;8&lt;/tagTypeID&gt;&lt;tagGroupID&gt;1&lt;/tagGroupID&gt;&lt;tagFunctionID&gt;4&lt;/tagFunctionID&gt;&lt;COM_typeName&gt;TSend&lt;/COM_typeName&gt;&lt;FNC_typeName&gt;DefDataTable&lt;/FNC_typeName&gt;&lt;OPC_typeName&gt;FLOAT&lt;/OPC_typeName&gt;&lt;unitID&gt;36&lt;/unitID&gt;&lt;lineID&gt;35&lt;/lineID&gt;&lt;nameDefined&gt;Hi\Lo&lt;/nameDefined&gt;&lt;uomDefinedID&gt;24&lt;/uomDefinedID&gt;&lt;UOMName&gt;MM&lt;/UOMName&gt;&lt;UOMDescription&gt;MILIMETERS&lt;/UOMDescription&gt;&lt;serialNumber&gt;FTW3M16000ajs&lt;/serialNumber&gt;&lt;avrg&gt;0.002575&lt;/avrg&gt;&lt;/Row&gt;&lt;Row&gt;&lt;notifRecordID&gt;112336&lt;/notifRecordID&gt;&lt;notifTagID&gt;123&lt;/notifTagID&gt;&lt;notifTagValue&gt;0.004&lt;/notifTagValue&gt;&lt;recordID&gt;112336&lt;/recordID&gt;&lt;notifName&gt;TransCtr&lt;/notifName&gt;&lt;notifDescription&gt;P558_JENOPTIK&lt;/notifDescription&gt;&lt;CreatedBy&gt;SYSTEM&lt;/CreatedBy&gt;&lt;CreatedOn&gt;2016-12-16T08:51:21&lt;/CreatedOn&gt;&lt;ModifiedBy&gt;System&lt;/ModifiedBy&gt;&lt;ModifiedOn&gt;2016-12-16T08:51:23&lt;/ModifiedOn&gt;&lt;tagName&gt;Data_00&lt;/tagName&gt;&lt;tagTypeID&gt;8&lt;/tagTypeID&gt;&lt;tagGroupID&gt;1&lt;/tagGroupID&gt;&lt;tagFunctionID&gt;4&lt;/tagFunctionID&gt;&lt;COM_typeName&gt;TSend&lt;/COM_typeName&gt;&lt;FNC_typeName&gt;DefDataTable&lt;/FNC_typeName&gt;&lt;OPC_typeName&gt;FLOAT&lt;/OPC_typeName&gt;&lt;unitID&gt;36&lt;/unitID&gt;&lt;lineID&gt;35&lt;/lineID&gt;&lt;nameDefined&gt;Hi\Lo&lt;/nameDefined&gt;&lt;uomDefinedID&gt;24&lt;/uomDefinedID&gt;&lt;UOMName&gt;MM&lt;/UOMName&gt;&lt;UOMDescription&gt;MILIMETERS&lt;/UOMDescription&gt;&lt;serialNumber&gt;FTW2M160006sy&lt;/serialNumber&gt;&lt;avrg&gt;0.002575&lt;/avrg&gt;&lt;/Row&gt;&lt;Row&gt;&lt;notifRecordID&gt;112342&lt;/notifRecordID&gt;&lt;notifTagID&gt;123&lt;/notifTagID&gt;&lt;notifTagValue&gt;0.003&lt;/notifTagValue&gt;&lt;recordID&gt;112342&lt;/recordID&gt;&lt;notifName&gt;TransCtr&lt;/notifName&gt;&lt;notifDescription&gt;P558_JENOPTIK&lt;/notifDescription&gt;&lt;CreatedBy&gt;SYSTEM&lt;/CreatedBy&gt;&lt;CreatedOn&gt;2016-12-16T09:07:10&lt;/CreatedOn&gt;&lt;ModifiedBy&gt;System&lt;/ModifiedBy&gt;&lt;ModifiedOn&gt;2016-12-16T09:07:12&lt;/ModifiedOn&gt;&lt;tagName&gt;Data_00&lt;/tagName&gt;&lt;tagTypeID&gt;8&lt;/tagTypeID&gt;&lt;tagGroupID&gt;1&lt;/tagGroupID&gt;&lt;tagFunctionID&gt;4&lt;/tagFunctionID&gt;&lt;COM_typeName&gt;TSend&lt;/COM_typeName&gt;&lt;FNC_typeName&gt;DefDataTable&lt;/FNC_typeName&gt;&lt;OPC_typeName&gt;FLOAT&lt;/OPC_typeName&gt;&lt;unitID&gt;36&lt;/unitID&gt;&lt;lineID&gt;35&lt;/lineID&gt;&lt;nameDefined&gt;Hi\Lo&lt;/nameDefined&gt;&lt;uomDefinedID&gt;24&lt;/uomDefinedID&gt;&lt;UOMName&gt;MM&lt;/UOMName&gt;&lt;UOMDescription&gt;MILIMETERS&lt;/UOMDescription&gt;&lt;serialNumber&gt;FTW2M160006t0&lt;/serialNumber&gt;&lt;avrg&gt;0.002575&lt;/avrg&gt;&lt;/Row&gt;&lt;Row&gt;&lt;notifRecordID&gt;112345&lt;/notifRecordID&gt;&lt;notifTagID&gt;123&lt;/notifTagID&gt;&lt;notifTagValue&gt;0.008&lt;/notifTagValue&gt;&lt;recordID&gt;112345&lt;/recordID&gt;&lt;notifName&gt;TransCtr&lt;/notifName&gt;&lt;notifDescription&gt;P558_JENOPTIK&lt;/notifDescription&gt;&lt;CreatedBy&gt;SYSTEM&lt;/CreatedBy&gt;&lt;CreatedOn&gt;2016-12-16T09:11:52&lt;/CreatedOn&gt;&lt;ModifiedBy&gt;System&lt;/ModifiedBy&gt;&lt;ModifiedOn&gt;2016-12-16T09:11:54&lt;/ModifiedOn&gt;&lt;tagName&gt;Data_00&lt;/tagName&gt;&lt;tagTypeID&gt;8&lt;/tagTypeID&gt;&lt;tagGroupID&gt;1&lt;/tagGroupID&gt;&lt;tagFunctionID&gt;4&lt;/tagFunctionID&gt;&lt;COM_typeName&gt;TSend&lt;/COM_typeName&gt;&lt;FNC_typeName&gt;DefDataTable&lt;/FNC_typeName&gt;&lt;OPC_typeName&gt;FLOAT&lt;/OPC_typeName&gt;&lt;unitID&gt;36&lt;/unitID&gt;&lt;lineID&gt;35&lt;/lineID&gt;&lt;nameDefined&gt;Hi\Lo&lt;/nameDefined&gt;&lt;uomDefinedID&gt;24&lt;/uomDefinedID&gt;&lt;UOMName&gt;MM&lt;/UOMName&gt;&lt;UOMDescription&gt;MILIMETERS&lt;/UOMDescription&gt;&lt;serialNumber&gt;FTW2M160006sz&lt;/serialNumber&gt;&lt;avrg&gt;0.002575&lt;/avrg&gt;&lt;/Row&gt;&lt;Row&gt;&lt;notifRecordID&gt;112352&lt;/notifRecordID&gt;&lt;notifTagID&gt;123&lt;/notifTagID&gt;&lt;notifTagValue&gt;0.005&lt;/notifTagValue&gt;&lt;recordID&gt;112352&lt;/recordID&gt;&lt;notifName&gt;TransCtr&lt;/notifName&gt;&lt;notifDescription&gt;P558_JENOPTIK&lt;/notifDescription&gt;&lt;CreatedBy&gt;SYSTEM&lt;/CreatedBy&gt;&lt;CreatedOn&gt;2016-12-16T09:30:58&lt;/CreatedOn&gt;&lt;ModifiedBy&gt;System&lt;/ModifiedBy&gt;&lt;ModifiedOn&gt;2016-12-16T09:31:00&lt;/ModifiedOn&gt;&lt;tagName&gt;Data_00&lt;/tagName&gt;&lt;tagTypeID&gt;8&lt;/tagTypeID&gt;&lt;tagGroupID&gt;1&lt;/tagGroupID&gt;&lt;tagFunctionID&gt;4&lt;/tagFunctionID&gt;&lt;COM_typeName&gt;TSend&lt;/COM_typeName&gt;&lt;FNC_typeName&gt;DefDataTable&lt;/FNC_typeName&gt;&lt;OPC_typeName&gt;FLOAT&lt;/OPC_typeName&gt;&lt;unitID&gt;36&lt;/unitID&gt;&lt;lineID&gt;35&lt;/lineID&gt;&lt;nameDefined&gt;Hi\Lo&lt;/nameDefined&gt;&lt;uomDefinedID&gt;24&lt;/uomDefinedID&gt;&lt;UOMName&gt;MM&lt;/UOMName&gt;&lt;UOMDescription&gt;MILIMETERS&lt;/UOMDescription&gt;&lt;serialNumber&gt;FTW2M160006t1&lt;/serialNumber&gt;&lt;avrg&gt;0.002575&lt;/avrg&gt;&lt;/Row&gt;&lt;Row&gt;&lt;notifRecordID&gt;112355&lt;/notifRecordID&gt;&lt;notifTagID&gt;123&lt;/notifTagID&gt;&lt;notifTagValue&gt;0.005&lt;/notifTagValue&gt;&lt;recordID&gt;112355&lt;/recordID&gt;&lt;notifName&gt;TransCtr&lt;/notifName&gt;&lt;notifDescription&gt;P558_JENOPTIK&lt;/notifDescription&gt;&lt;CreatedBy&gt;SYSTEM&lt;/CreatedBy&gt;&lt;CreatedOn&gt;2016-12-16T09:34:07&lt;/CreatedOn&gt;&lt;ModifiedBy&gt;System&lt;/ModifiedBy&gt;&lt;ModifiedOn&gt;2016-12-16T09:34:09&lt;/ModifiedOn&gt;&lt;tagName&gt;Data_00&lt;/tagName&gt;&lt;tagTypeID&gt;8&lt;/tagTypeID&gt;&lt;tagGroupID&gt;1&lt;/tagGroupID&gt;&lt;tagFunctionID&gt;4&lt;/tagFunctionID&gt;&lt;COM_typeName&gt;TSend&lt;/COM_typeName&gt;&lt;FNC_typeName&gt;DefDataTable&lt;/FNC_typeName&gt;&lt;OPC_typeName&gt;FLOAT&lt;/OPC_typeName&gt;&lt;unitID&gt;36&lt;/unitID&gt;&lt;lineID&gt;35&lt;/lineID&gt;&lt;nameDefined&gt;Hi\Lo&lt;/nameDefined&gt;&lt;uomDefinedID&gt;24&lt;/uomDefinedID&gt;&lt;UOMName&gt;MM&lt;/UOMName&gt;&lt;UOMDescription&gt;MILIMETERS&lt;/UOMDescription&gt;&lt;serialNumber&gt;FTW2M160006t2&lt;/serialNumber&gt;&lt;avrg&gt;0.002575&lt;/avrg&gt;&lt;/Row&gt;&lt;Row&gt;&lt;notifRecordID&gt;112366&lt;/notifRecordID&gt;&lt;notifTagID&gt;123&lt;/notifTagID&gt;&lt;notifTagValue&gt;0.009&lt;/notifTagValue&gt;&lt;recordID&gt;112366&lt;/recordID&gt;&lt;notifName&gt;TransCtr&lt;/notifName&gt;&lt;notifDescription&gt;P558_JENOPTIK&lt;/notifDescription&gt;&lt;CreatedBy&gt;SYSTEM&lt;/CreatedBy&gt;&lt;CreatedOn&gt;2016-12-16T10:01:50&lt;/CreatedOn&gt;&lt;ModifiedBy&gt;System&lt;/ModifiedBy&gt;&lt;ModifiedOn&gt;2016-12-16T10:01:52&lt;/ModifiedOn&gt;&lt;tagName&gt;Data_00&lt;/tagName&gt;&lt;tagTypeID&gt;8&lt;/tagTypeID&gt;&lt;tagGroupID&gt;1&lt;/tagGroupID&gt;&lt;tagFunctionID&gt;4&lt;/tagFunctionID&gt;&lt;COM_typeName&gt;TSend&lt;/COM_typeName&gt;&lt;FNC_typeName&gt;DefDataTable&lt;/FNC_typeName&gt;&lt;OPC_typeName&gt;FLOAT&lt;/OPC_typeName&gt;&lt;unitID&gt;36&lt;/unitID&gt;&lt;lineID&gt;35&lt;/lineID&gt;&lt;nameDefined&gt;Hi\Lo&lt;/nameDefined&gt;&lt;uomDefinedID&gt;24&lt;/uomDefinedID&gt;&lt;UOMName&gt;MM&lt;/UOMName&gt;&lt;UOMDescription&gt;MILIMETERS&lt;/UOMDescription&gt;&lt;serialNumber&gt;FTW2M160006t4&lt;/serialNumber&gt;&lt;avrg&gt;0.002575&lt;/avrg&gt;&lt;/Row&gt;&lt;Row&gt;&lt;notifRecordID&gt;112368&lt;/notifRecordID&gt;&lt;notifTagID&gt;123&lt;/notifTagID&gt;&lt;notifTagValue&gt;0.002&lt;/notifTagValue&gt;&lt;recordID&gt;112368&lt;/recordID&gt;&lt;notifName&gt;TransCtr&lt;/notifName&gt;&lt;notifDescription&gt;P558_JENOPTIK&lt;/notifDescription&gt;&lt;CreatedBy&gt;SYSTEM&lt;/CreatedBy&gt;&lt;CreatedOn&gt;2016-12-16T10:03:40&lt;/CreatedOn&gt;&lt;ModifiedBy&gt;System&lt;/ModifiedBy&gt;&lt;ModifiedOn&gt;2016-12-16T10:03:41&lt;/ModifiedOn&gt;&lt;tagName&gt;Data_00&lt;/tagName&gt;&lt;tagTypeID&gt;8&lt;/tagTypeID&gt;&lt;tagGroupID&gt;1&lt;/tagGroupID&gt;&lt;tagFunctionID&gt;4&lt;/tagFunctionID&gt;&lt;COM_typeName&gt;TSend&lt;/COM_typeName&gt;&lt;FNC_typeName&gt;DefDataTable&lt;/FNC_typeName&gt;&lt;OPC_typeName&gt;FLOAT&lt;/OPC_typeName&gt;&lt;unitID&gt;36&lt;/unitID&gt;&lt;lineID&gt;35&lt;/lineID&gt;&lt;nameDefined&gt;Hi\Lo&lt;/nameDefined&gt;&lt;uomDefinedID&gt;24&lt;/uomDefinedID&gt;&lt;UOMName&gt;MM&lt;/UOMName&gt;&lt;UOMDescription&gt;MILIMETERS&lt;/UOMDescription&gt;&lt;serialNumber&gt;FTW2M160006t3&lt;/serialNumber&gt;&lt;avrg&gt;0.002575&lt;/avrg&gt;&lt;/Row&gt;&lt;Row&gt;&lt;notifRecordID&gt;112372&lt;/notifRecordID&gt;&lt;notifTagID&gt;123&lt;/notifTagID&gt;&lt;notifTagValue&gt;0.007&lt;/notifTagValue&gt;&lt;recordID&gt;112372&lt;/recordID&gt;&lt;notifName&gt;TransCtr&lt;/notifName&gt;&lt;notifDescription&gt;P558_JENOPTIK&lt;/notifDescription&gt;&lt;CreatedBy&gt;SYSTEM&lt;/CreatedBy&gt;&lt;CreatedOn&gt;2016-12-16T10:06:35&lt;/CreatedOn&gt;&lt;ModifiedBy&gt;System&lt;/ModifiedBy&gt;&lt;ModifiedOn&gt;2016-12-16T10:06:38&lt;/ModifiedOn&gt;&lt;tagName&gt;Data_00&lt;/tagName&gt;&lt;tagTypeID&gt;8&lt;/tagTypeID&gt;&lt;tagGroupID&gt;1&lt;/tagGroupID&gt;&lt;tagFunctionID&gt;4&lt;/tagFunctionID&gt;&lt;COM_typeName&gt;TSend&lt;/COM_typeName&gt;&lt;FNC_typeName&gt;DefDataTable&lt;/FNC_typeName&gt;&lt;OPC_typeName&gt;FLOAT&lt;/OPC_typeName&gt;&lt;unitID&gt;36&lt;/unitID&gt;&lt;lineID&gt;35&lt;/lineID&gt;&lt;nameDefined&gt;Hi\Lo&lt;/nameDefined&gt;&lt;uomDefinedID&gt;24&lt;/uomDefinedID&gt;&lt;UOMName&gt;MM&lt;/UOMName&gt;&lt;UOMDescription&gt;MILIMETERS&lt;/UOMDescription&gt;&lt;serialNumber&gt;FTW3M16000ajv&lt;/serialNumber&gt;&lt;avrg&gt;0.002575&lt;/avrg&gt;&lt;/Row&gt;&lt;Row&gt;&lt;notifRecordID&gt;112375&lt;/notifRecordID&gt;&lt;notifTagID&gt;123&lt;/notifTagID&gt;&lt;notifTagValue&gt;0.007&lt;/notifTagValue&gt;&lt;recordID&gt;112375&lt;/recordID&gt;&lt;notifName&gt;TransCtr&lt;/notifName&gt;&lt;notifDescription&gt;P558_JENOPTIK&lt;/notifDescription&gt;&lt;CreatedBy&gt;SYSTEM&lt;/CreatedBy&gt;&lt;CreatedOn&gt;2016-12-16T10:09:47&lt;/CreatedOn&gt;&lt;ModifiedBy&gt;System&lt;/ModifiedBy&gt;&lt;ModifiedOn&gt;2016-12-16T10:09:49&lt;/ModifiedOn&gt;&lt;tagName&gt;Data_00&lt;/tagName&gt;&lt;tagTypeID&gt;8&lt;/tagTypeID&gt;&lt;tagGroupID&gt;1&lt;/tagGroupID&gt;&lt;tagFunctionID&gt;4&lt;/tagFunctionID&gt;&lt;COM_typeName&gt;TSend&lt;/COM_typeName&gt;&lt;FNC_typeName&gt;DefDataTable&lt;/FNC_typeName&gt;&lt;OPC_typeName&gt;FLOAT&lt;/OPC_typeName&gt;&lt;unitID&gt;36&lt;/unitID&gt;&lt;lineID&gt;35&lt;/lineID&gt;&lt;nameDefined&gt;Hi\Lo&lt;/nameDefined&gt;&lt;uomDefinedID&gt;24&lt;/uomDefinedID&gt;&lt;UOMName&gt;MM&lt;/UOMName&gt;&lt;UOMDescription&gt;MILIMETERS&lt;/UOMDescription&gt;&lt;serialNumber&gt;FTW3M16000ajt&lt;/serialNumber&gt;&lt;avrg&gt;0.002575&lt;/avrg&gt;&lt;/Row&gt;&lt;Row&gt;&lt;notifRecordID&gt;112383&lt;/notifRecordID&gt;&lt;notifTagID&gt;123&lt;/notifTagID&gt;&lt;notifTagValue&gt;0.002&lt;/notifTagValue&gt;&lt;recordID&gt;112383&lt;/recordID&gt;&lt;notifName&gt;TransCtr&lt;/notifName&gt;&lt;notifDescription&gt;P558_JENOPTIK&lt;/notifDescription&gt;&lt;CreatedBy&gt;SYSTEM&lt;/CreatedBy&gt;&lt;CreatedOn&gt;2016-12-16T10:17:42&lt;/CreatedOn&gt;&lt;ModifiedBy&gt;System&lt;/ModifiedBy&gt;&lt;ModifiedOn&gt;2016-12-16T10:17:44&lt;/ModifiedOn&gt;&lt;tagName&gt;Data_00&lt;/tagName&gt;&lt;tagTypeID&gt;8&lt;/tagTypeID&gt;&lt;tagGroupID&gt;1&lt;/tagGroupID&gt;&lt;tagFunctionID&gt;4&lt;/tagFunctionID&gt;&lt;COM_typeName&gt;TSend&lt;/COM_typeName&gt;&lt;FNC_typeName&gt;DefDataTable&lt;/FNC_typeName&gt;&lt;OPC_typeName&gt;FLOAT&lt;/OPC_typeName&gt;&lt;unitID&gt;36&lt;/unitID&gt;&lt;lineID&gt;35&lt;/lineID&gt;&lt;nameDefined&gt;Hi\Lo&lt;/nameDefined&gt;&lt;uomDefinedID&gt;24&lt;/uomDefinedID&gt;&lt;UOMName&gt;MM&lt;/UOMName&gt;&lt;UOMDescription&gt;MILIMETERS&lt;/UOMDescription&gt;&lt;serialNumber&gt;FTW3M16000aju&lt;/serialNumber&gt;&lt;avrg&gt;0.002575&lt;/avrg&gt;&lt;/Row&gt;&lt;Row&gt;&lt;notifRecordID&gt;112386&lt;/notifRecordID&gt;&lt;notifTagID&gt;123&lt;/notifTagID&gt;&lt;notifTagValue&gt;0.008&lt;/notifTagValue&gt;&lt;recordID&gt;112386&lt;/recordID&gt;&lt;notifName&gt;TransCtr&lt;/notifName&gt;&lt;notifDescription&gt;P558_JENOPTIK&lt;/notifDescription&gt;&lt;CreatedBy&gt;SYSTEM&lt;/CreatedBy&gt;&lt;CreatedOn&gt;2016-12-16T10:20:30&lt;/CreatedOn&gt;&lt;ModifiedBy&gt;System&lt;/ModifiedBy&gt;&lt;ModifiedOn&gt;2016-12-16T10:20:32&lt;/ModifiedOn&gt;&lt;tagName&gt;Data_00&lt;/tagName&gt;&lt;tagTypeID&gt;8&lt;/tagTypeID&gt;&lt;tagGroupID&gt;1&lt;/tagGroupID&gt;&lt;tagFunctionID&gt;4&lt;/tagFunctionID&gt;&lt;COM_typeName&gt;TSend&lt;/COM_typeName&gt;&lt;FNC_typeName&gt;DefDataTable&lt;/FNC_typeName&gt;&lt;OPC_typeName&gt;FLOAT&lt;/OPC_typeName&gt;&lt;unitID&gt;36&lt;/unitID&gt;&lt;lineID&gt;35&lt;/lineID&gt;&lt;nameDefined&gt;Hi\Lo&lt;/nameDefined&gt;&lt;uomDefinedID&gt;24&lt;/uomDefinedID&gt;&lt;UOMName&gt;MM&lt;/UOMName&gt;&lt;UOMDescription&gt;MILIMETERS&lt;/UOMDescription&gt;&lt;serialNumber&gt;FTW2M160006t5&lt;/serialNumber&gt;&lt;avrg&gt;0.002575&lt;/avrg&gt;&lt;/Row&gt;&lt;Row&gt;&lt;notifRecordID&gt;112389&lt;/notifRecordID&gt;&lt;notifTagID&gt;123&lt;/notifTagID&gt;&lt;notifTagValue&gt;0.002&lt;/notifTagValue&gt;&lt;recordID&gt;112389&lt;/recordID&gt;&lt;notifName&gt;TransCtr&lt;/notifName&gt;&lt;notifDescription&gt;P558_JENOPTIK&lt;/notifDescription&gt;&lt;CreatedBy&gt;SYSTEM&lt;/CreatedBy&gt;&lt;CreatedOn&gt;2016-12-16T10:23:09&lt;/CreatedOn&gt;&lt;ModifiedBy&gt;System&lt;/ModifiedBy&gt;&lt;ModifiedOn&gt;2016-12-16T10:23:11&lt;/ModifiedOn&gt;&lt;tagName&gt;Data_00&lt;/tagName&gt;&lt;tagTypeID&gt;8&lt;/tagTypeID&gt;&lt;tagGroupID&gt;1&lt;/tagGroupID&gt;&lt;tagFunctionID&gt;4&lt;/tagFunctionID&gt;&lt;COM_typeName&gt;TSend&lt;/COM_typeName&gt;&lt;FNC_typeName&gt;DefDataTable&lt;/FNC_typeName&gt;&lt;OPC_typeName&gt;FLOAT&lt;/OPC_typeName&gt;&lt;unitID&gt;36&lt;/unitID&gt;&lt;lineID&gt;35&lt;/lineID&gt;&lt;nameDefined&gt;Hi\Lo&lt;/nameDefined&gt;&lt;uomDefinedID&gt;24&lt;/uomDefinedID&gt;&lt;UOMName&gt;MM&lt;/UOMName&gt;&lt;UOMDescription&gt;MILIMETERS&lt;/UOMDescription&gt;&lt;serialNumber&gt;FTW2M160006t6&lt;/serialNumber&gt;&lt;avrg&gt;0.002575&lt;/avrg&gt;&lt;/Row&gt;&lt;Row&gt;&lt;notifRecordID&gt;112392&lt;/notifRecordID&gt;&lt;notifTagID&gt;123&lt;/notifTagID&gt;&lt;notifTagValue&gt;0.007&lt;/notifTagValue&gt;&lt;recordID&gt;112392&lt;/recordID&gt;&lt;notifName&gt;TransCtr&lt;/notifName&gt;&lt;notifDescription&gt;P558_JENOPTIK&lt;/notifDescription&gt;&lt;CreatedBy&gt;SYSTEM&lt;/CreatedBy&gt;&lt;CreatedOn&gt;2016-12-16T10:27:27&lt;/CreatedOn&gt;&lt;ModifiedBy&gt;System&lt;/ModifiedBy&gt;&lt;ModifiedOn&gt;2016-12-16T10:27:29&lt;/ModifiedOn&gt;&lt;tagName&gt;Data_00&lt;/tagName&gt;&lt;tagTypeID&gt;8&lt;/tagTypeID&gt;&lt;tagGroupID&gt;1&lt;/tagGroupID&gt;&lt;tagFunctionID&gt;4&lt;/tagFunctionID&gt;&lt;COM_typeName&gt;TSend&lt;/COM_typeName&gt;&lt;FNC_typeName&gt;DefDataTable&lt;/FNC_typeName&gt;&lt;OPC_typeName&gt;FLOAT&lt;/OPC_typeName&gt;&lt;unitID&gt;36&lt;/unitID&gt;&lt;lineID&gt;35&lt;/lineID&gt;&lt;nameDefined&gt;Hi\Lo&lt;/nameDefined&gt;&lt;uomDefinedID&gt;24&lt;/uomDefinedID&gt;&lt;UOMName&gt;MM&lt;/UOMName&gt;&lt;UOMDescription&gt;MILIMETERS&lt;/UOMDescription&gt;&lt;serialNumber&gt;FTW3M16000ajw&lt;/serialNumber&gt;&lt;avrg&gt;0.002575&lt;/avrg&gt;&lt;/Row&gt;&lt;Row&gt;&lt;notifRecordID&gt;112409&lt;/notifRecordID&gt;&lt;notifTagID&gt;123&lt;/notifTagID&gt;&lt;notifTagValue&gt;0.008&lt;/notifTagValue&gt;&lt;recordID&gt;112409&lt;/recordID&gt;&lt;notifName&gt;TransCtr&lt;/notifName&gt;&lt;notifDescription&gt;P558_JENOPTIK&lt;/notifDescription&gt;&lt;CreatedBy&gt;SYSTEM&lt;/CreatedBy&gt;&lt;CreatedOn&gt;2016-12-16T10:54:06&lt;/CreatedOn&gt;&lt;ModifiedBy&gt;System&lt;/ModifiedBy&gt;&lt;ModifiedOn&gt;2016-12-16T10:54:08&lt;/ModifiedOn&gt;&lt;tagName&gt;Data_00&lt;/tagName&gt;&lt;tagTypeID&gt;8&lt;/tagTypeID&gt;&lt;tagGroupID&gt;1&lt;/tagGroupID&gt;&lt;tagFunctionID&gt;4&lt;/tagFunctionID&gt;&lt;COM_typeName&gt;TSend&lt;/COM_typeName&gt;&lt;FNC_typeName&gt;DefDataTable&lt;/FNC_typeName&gt;&lt;OPC_typeName&gt;FLOAT&lt;/OPC_typeName&gt;&lt;unitID&gt;36&lt;/unitID&gt;&lt;lineID&gt;35&lt;/lineID&gt;&lt;nameDefined&gt;Hi\Lo&lt;/nameDefined&gt;&lt;uomDefinedID&gt;24&lt;/uomDefinedID&gt;&lt;UOMName&gt;MM&lt;/UOMName&gt;&lt;UOMDescription&gt;MILIMETERS&lt;/UOMDescription&gt;&lt;serialNumber&gt;FTW3M16000ajx&lt;/serialNumber&gt;&lt;avrg&gt;0.002575&lt;/avrg&gt;&lt;/Row&gt;&lt;Row&gt;&lt;notifRecordID&gt;112412&lt;/notifRecordID&gt;&lt;notifTagID&gt;123&lt;/notifTagID&gt;&lt;notifTagValue&gt;0.005&lt;/notifTagValue&gt;&lt;recordID&gt;112412&lt;/recordID&gt;&lt;notifName&gt;TransCtr&lt;/notifName&gt;&lt;notifDescription&gt;P558_JENOPTIK&lt;/notifDescription&gt;&lt;CreatedBy&gt;SYSTEM&lt;/CreatedBy&gt;&lt;CreatedOn&gt;2016-12-16T10:57:03&lt;/CreatedOn&gt;&lt;ModifiedBy&gt;System&lt;/ModifiedBy&gt;&lt;ModifiedOn&gt;2016-12-16T10:57:05&lt;/ModifiedOn&gt;&lt;tagName&gt;Data_00&lt;/tagName&gt;&lt;tagTypeID&gt;8&lt;/tagTypeID&gt;&lt;tagGroupID&gt;1&lt;/tagGroupID&gt;&lt;tagFunctionID&gt;4&lt;/tagFunctionID&gt;&lt;COM_typeName&gt;TSend&lt;/COM_typeName&gt;&lt;FNC_typeName&gt;DefDataTable&lt;/FNC_typeName&gt;&lt;OPC_typeName&gt;FLOAT&lt;/OPC_typeName&gt;&lt;unitID&gt;36&lt;/unitID&gt;&lt;lineID&gt;35&lt;/lineID&gt;&lt;nameDefined&gt;Hi\Lo&lt;/nameDefined&gt;&lt;uomDefinedID&gt;24&lt;/uomDefinedID&gt;&lt;UOMName&gt;MM&lt;/UOMName&gt;&lt;UOMDescription&gt;MILIMETERS&lt;/UOMDescription&gt;&lt;serialNumber&gt;FTW2M160006t7&lt;/serialNumber&gt;&lt;avrg&gt;0.002575&lt;/avrg&gt;&lt;/Row&gt;&lt;Row&gt;&lt;notifRecordID&gt;112416&lt;/notifRecordID&gt;&lt;notifTagID&gt;123&lt;/notifTagID&gt;&lt;notifTagValue&gt;0.003&lt;/notifTagValue&gt;&lt;recordID&gt;112416&lt;/recordID&gt;&lt;notifName&gt;TransCtr&lt;/notifName&gt;&lt;notifDescription&gt;P558_JENOPTIK&lt;/notifDescription&gt;&lt;CreatedBy&gt;SYSTEM&lt;/CreatedBy&gt;&lt;CreatedOn&gt;2016-12-16T11:00:44&lt;/CreatedOn&gt;&lt;ModifiedBy&gt;System&lt;/ModifiedBy&gt;&lt;ModifiedOn&gt;2016-12-16T11:00:46&lt;/ModifiedOn&gt;&lt;tagName&gt;Data_00&lt;/tagName&gt;&lt;tagTypeID&gt;8&lt;/tagTypeID&gt;&lt;tagGroupID&gt;1&lt;/tagGroupID&gt;&lt;tagFunctionID&gt;4&lt;/tagFunctionID&gt;&lt;COM_typeName&gt;TSend&lt;/COM_typeName&gt;&lt;FNC_typeName&gt;DefDataTable&lt;/FNC_typeName&gt;&lt;OPC_typeName&gt;FLOAT&lt;/OPC_typeName&gt;&lt;unitID&gt;36&lt;/unitID&gt;&lt;lineID&gt;35&lt;/lineID&gt;&lt;nameDefined&gt;Hi\Lo&lt;/nameDefined&gt;&lt;uomDefinedID&gt;24&lt;/uomDefinedID&gt;&lt;UOMName&gt;MM&lt;/UOMName&gt;&lt;UOMDescription&gt;MILIMETERS&lt;/UOMDescription&gt;&lt;serialNumber&gt;FTW2M160006t8&lt;/serialNumber&gt;&lt;avrg&gt;0.002575&lt;/avrg&gt;&lt;/Row&gt;&lt;Row&gt;&lt;notifRecordID&gt;112420&lt;/notifRecordID&gt;&lt;notifTagID&gt;123&lt;/notifTagID&gt;&lt;notifTagValue&gt;0.005&lt;/notifTagValue&gt;&lt;recordID&gt;112420&lt;/recordID&gt;&lt;notifName&gt;TransCtr&lt;/notifName&gt;&lt;notifDescription&gt;P558_JENOPTIK&lt;/notifDescription&gt;&lt;CreatedBy&gt;SYSTEM&lt;/CreatedBy&gt;&lt;CreatedOn&gt;2016-12-16T11:03:59&lt;/CreatedOn&gt;&lt;ModifiedBy&gt;System&lt;/ModifiedBy&gt;&lt;ModifiedOn&gt;2016-12-16T11:04:01&lt;/ModifiedOn&gt;&lt;tagName&gt;Data_00&lt;/tagName&gt;&lt;tagTypeID&gt;8&lt;/tagTypeID&gt;&lt;tagGroupID&gt;1&lt;/tagGroupID&gt;&lt;tagFunctionID&gt;4&lt;/tagFunctionID&gt;&lt;COM_typeName&gt;TSend&lt;/COM_typeName&gt;&lt;FNC_typeName&gt;DefDataTable&lt;/FNC_typeName&gt;&lt;OPC_typeName&gt;FLOAT&lt;/OPC_typeName&gt;&lt;unitID&gt;36&lt;/unitID&gt;&lt;lineID&gt;35&lt;/lineID&gt;&lt;nameDefined&gt;Hi\Lo&lt;/nameDefined&gt;&lt;uomDefinedID&gt;24&lt;/uomDefinedID&gt;&lt;UOMName&gt;MM&lt;/UOMName&gt;&lt;UOMDescription&gt;MILIMETERS&lt;/UOMDescription&gt;&lt;serialNumber&gt;FTW3M16000ajy&lt;/serialNumber&gt;&lt;avrg&gt;0.002575&lt;/avrg&gt;&lt;/Row&gt;&lt;Row&gt;&lt;notifRecordID&gt;112423&lt;/notifRecordID&gt;&lt;notifTagID&gt;123&lt;/notifTagID&gt;&lt;notifTagValue&gt;0.003&lt;/notifTagValue&gt;&lt;recordID&gt;112423&lt;/recordID&gt;&lt;notifName&gt;TransCtr&lt;/notifName&gt;&lt;notifDescription&gt;P558_JENOPTIK&lt;/notifDescription&gt;&lt;CreatedBy&gt;SYSTEM&lt;/CreatedBy&gt;&lt;CreatedOn&gt;2016-12-16T11:05:40&lt;/CreatedOn&gt;&lt;ModifiedBy&gt;System&lt;/ModifiedBy&gt;&lt;ModifiedOn&gt;2016-12-16T11:05:42&lt;/ModifiedOn&gt;&lt;tagName&gt;Data_00&lt;/tagName&gt;&lt;tagTypeID&gt;8&lt;/tagTypeID&gt;&lt;tagGroupID&gt;1&lt;/tagGroupID&gt;&lt;tagFunctionID&gt;4&lt;/tagFunctionID&gt;&lt;COM_typeName&gt;TSend&lt;/COM_typeName&gt;&lt;FNC_typeName&gt;DefDataTable&lt;/FNC_typeName&gt;&lt;OPC_typeName&gt;FLOAT&lt;/OPC_typeName&gt;&lt;unitID&gt;36&lt;/unitID&gt;&lt;lineID&gt;35&lt;/lineID&gt;&lt;nameDefined&gt;Hi\Lo&lt;/nameDefined&gt;&lt;uomDefinedID&gt;24&lt;/uomDefinedID&gt;&lt;UOMName&gt;MM&lt;/UOMName&gt;&lt;UOMDescription&gt;MILIMETERS&lt;/UOMDescription&gt;&lt;serialNumber&gt;FTW3M16000ajz&lt;/serialNumber&gt;&lt;avrg&gt;0.002575&lt;/avrg&gt;&lt;/Row&gt;&lt;Row&gt;&lt;notifRecordID&gt;112426&lt;/notifRecordID&gt;&lt;notifTagID&gt;123&lt;/notifTagID&gt;&lt;notifTagValue&gt;0.009&lt;/notifTagValue&gt;&lt;recordID&gt;112426&lt;/recordID&gt;&lt;notifName&gt;TransCtr&lt;/notifName&gt;&lt;notifDescription&gt;P558_JENOPTIK&lt;/notifDescription&gt;&lt;CreatedBy&gt;SYSTEM&lt;/CreatedBy&gt;&lt;CreatedOn&gt;2016-12-16T11:08:11&lt;/CreatedOn&gt;&lt;ModifiedBy&gt;System&lt;/ModifiedBy&gt;&lt;ModifiedOn&gt;2016-12-16T11:08:13&lt;/ModifiedOn&gt;&lt;tagName&gt;Data_00&lt;/tagName&gt;&lt;tagTypeID&gt;8&lt;/tagTypeID&gt;&lt;tagGroupID&gt;1&lt;/tagGroupID&gt;&lt;tagFunctionID&gt;4&lt;/tagFunctionID&gt;&lt;COM_typeName&gt;TSend&lt;/COM_typeName&gt;&lt;FNC_typeName&gt;DefDataTable&lt;/FNC_typeName&gt;&lt;OPC_typeName&gt;FLOAT&lt;/OPC_typeName&gt;&lt;unitID&gt;36&lt;/unitID&gt;&lt;lineID&gt;35&lt;/lineID&gt;&lt;nameDefined&gt;Hi\Lo&lt;/nameDefined&gt;&lt;uomDefinedID&gt;24&lt;/uomDefinedID&gt;&lt;UOMName&gt;MM&lt;/UOMName&gt;&lt;UOMDescription&gt;MILIMETERS&lt;/UOMDescription&gt;&lt;serialNumber&gt;FTW3M16000ak0&lt;/serialNumber&gt;&lt;avrg&gt;0.002575&lt;/avrg&gt;&lt;/Row&gt;&lt;Row&gt;&lt;notifRecordID&gt;112429&lt;/notifRecordID&gt;&lt;notifTagID&gt;123&lt;/notifTagID&gt;&lt;notifTagValue&gt;0.007&lt;/notifTagValue&gt;&lt;recordID&gt;112429&lt;/recordID&gt;&lt;notifName&gt;TransCtr&lt;/notifName&gt;&lt;notifDescription&gt;P558_JENOPTIK&lt;/notifDescription&gt;&lt;CreatedBy&gt;SYSTEM&lt;/CreatedBy&gt;&lt;CreatedOn&gt;2016-12-16T11:11:12&lt;/CreatedOn&gt;&lt;ModifiedBy&gt;System&lt;/ModifiedBy&gt;&lt;ModifiedOn&gt;2016-12-16T11:11:14&lt;/ModifiedOn&gt;&lt;tagName&gt;Data_00&lt;/tagName&gt;&lt;tagTypeID&gt;8&lt;/tagTypeID&gt;&lt;tagGroupID&gt;1&lt;/tagGroupID&gt;&lt;tagFunctionID&gt;4&lt;/tagFunctionID&gt;&lt;COM_typeName&gt;TSend&lt;/COM_typeName&gt;&lt;FNC_typeName&gt;DefDataTable&lt;/FNC_typeName&gt;&lt;OPC_typeName&gt;FLOAT&lt;/OPC_typeName&gt;&lt;unitID&gt;36&lt;/unitID&gt;&lt;lineID&gt;35&lt;/lineID&gt;&lt;nameDefined&gt;Hi\Lo&lt;/nameDefined&gt;&lt;uomDefinedID&gt;24&lt;/uomDefinedID&gt;&lt;UOMName&gt;MM&lt;/UOMName&gt;&lt;UOMDescription&gt;MILIMETERS&lt;/UOMDescription&gt;&lt;serialNumber&gt;FTW2M160006t9&lt;/serialNumber&gt;&lt;avrg&gt;0.002575&lt;/avrg&gt;&lt;/Row&gt;&lt;Row&gt;&lt;notifRecordID&gt;112433&lt;/notifRecordID&gt;&lt;notifTagID&gt;123&lt;/notifTagID&gt;&lt;notifTagValue&gt;0.002&lt;/notifTagValue&gt;&lt;recordID&gt;112433&lt;/recordID&gt;&lt;notifName&gt;TransCtr&lt;/notifName&gt;&lt;notifDescription&gt;P558_JENOPTIK&lt;/notifDescription&gt;&lt;CreatedBy&gt;SYSTEM&lt;/CreatedBy&gt;&lt;CreatedOn&gt;2016-12-16T11:13:16&lt;/CreatedOn&gt;&lt;ModifiedBy&gt;System&lt;/ModifiedBy&gt;&lt;ModifiedOn&gt;2016-12-16T11:13:18&lt;/ModifiedOn&gt;&lt;tagName&gt;Data_00&lt;/tagName&gt;&lt;tagTypeID&gt;8&lt;/tagTypeID&gt;&lt;tagGroupID&gt;1&lt;/tagGroupID&gt;&lt;tagFunctionID&gt;4&lt;/tagFunctionID&gt;&lt;COM_typeName&gt;TSend&lt;/COM_typeName&gt;&lt;FNC_typeName&gt;DefDataTable&lt;/FNC_typeName&gt;&lt;OPC_typeName&gt;FLOAT&lt;/OPC_typeName&gt;&lt;unitID&gt;36&lt;/unitID&gt;&lt;lineID&gt;35&lt;/lineID&gt;&lt;nameDefined&gt;Hi\Lo&lt;/nameDefined&gt;&lt;uomDefinedID&gt;24&lt;/uomDefinedID&gt;&lt;UOMName&gt;MM&lt;/UOMName&gt;&lt;UOMDescription&gt;MILIMETERS&lt;/UOMDescription&gt;&lt;serialNumber&gt;FTW2M160006ta&lt;/serialNumber&gt;&lt;avrg&gt;0.002575&lt;/avrg&gt;&lt;/Row&gt;&lt;Row&gt;&lt;notifRecordID&gt;112437&lt;/notifRecordID&gt;&lt;notifTagID&gt;123&lt;/notifTagID&gt;&lt;notifTagValue&gt;-0.003&lt;/notifTagValue&gt;&lt;recordID&gt;112437&lt;/recordID&gt;&lt;notifName&gt;TransCtr&lt;/notifName&gt;&lt;notifDescription&gt;P558_JENOPTIK&lt;/notifDescription&gt;&lt;CreatedBy&gt;SYSTEM&lt;/CreatedBy&gt;&lt;CreatedOn&gt;2016-12-16T11:19:45&lt;/CreatedOn&gt;&lt;ModifiedBy&gt;System&lt;/ModifiedBy&gt;&lt;ModifiedOn&gt;2016-12-16T11:19:47&lt;/ModifiedOn&gt;&lt;tagName&gt;Data_00&lt;/tagName&gt;&lt;tagTypeID&gt;8&lt;/tagTypeID&gt;&lt;tagGroupID&gt;1&lt;/tagGroupID&gt;&lt;tagFunctionID&gt;4&lt;/tagFunctionID&gt;&lt;COM_typeName&gt;TSend&lt;/COM_typeName&gt;&lt;FNC_typeName&gt;DefDataTable&lt;/FNC_typeName&gt;&lt;OPC_typeName&gt;FLOAT&lt;/OPC_typeName&gt;&lt;unitID&gt;36&lt;/unitID&gt;&lt;lineID&gt;35&lt;/lineID&gt;&lt;nameDefined&gt;Hi\Lo&lt;/nameDefined&gt;&lt;uomDefinedID&gt;24&lt;/uomDefinedID&gt;&lt;UOMName&gt;MM&lt;/UOMName&gt;&lt;UOMDescription&gt;MILIMETERS&lt;/UOMDescription&gt;&lt;serialNumber&gt;FTW3M16000ak2&lt;/serialNumber&gt;&lt;avrg&gt;0.002575&lt;/avrg&gt;&lt;/Row&gt;&lt;Row&gt;&lt;notifRecordID&gt;112441&lt;/notifRecordID&gt;&lt;notifTagID&gt;123&lt;/notifTagID&gt;&lt;notifTagValue&gt;0.006&lt;/notifTagValue&gt;&lt;recordID&gt;112441&lt;/recordID&gt;&lt;notifName&gt;TransCtr&lt;/notifName&gt;&lt;notifDescription&gt;P558_JENOPTIK&lt;/notifDescription&gt;&lt;CreatedBy&gt;SYSTEM&lt;/CreatedBy&gt;&lt;CreatedOn&gt;2016-12-16T11:21:55&lt;/CreatedOn&gt;&lt;ModifiedBy&gt;System&lt;/ModifiedBy&gt;&lt;ModifiedOn&gt;2016-12-16T11:21:57&lt;/ModifiedOn&gt;&lt;tagName&gt;Data_00&lt;/tagName&gt;&lt;tagTypeID&gt;8&lt;/tagTypeID&gt;&lt;tagGroupID&gt;1&lt;/tagGroupID&gt;&lt;tagFunctionID&gt;4&lt;/tagFunctionID&gt;&lt;COM_typeName&gt;TSend&lt;/COM_typeName&gt;&lt;FNC_typeName&gt;DefDataTable&lt;/FNC_typeName&gt;&lt;OPC_typeName&gt;FLOAT&lt;/OPC_typeName&gt;&lt;unitID&gt;36&lt;/unitID&gt;&lt;lineID&gt;35&lt;/lineID&gt;&lt;nameDefined&gt;Hi\Lo&lt;/nameDefined&gt;&lt;uomDefinedID&gt;24&lt;/uomDefinedID&gt;&lt;UOMName&gt;MM&lt;/UOMName&gt;&lt;UOMDescription&gt;MILIMETERS&lt;/UOMDescription&gt;&lt;serialNumber&gt;FTW3M16000ak1&lt;/serialNumber&gt;&lt;avrg&gt;0.002575&lt;/avrg&gt;&lt;/Row&gt;&lt;Row&gt;&lt;notifRecordID&gt;112447&lt;/notifRecordID&gt;&lt;notifTagID&gt;123&lt;/notifTagID&gt;&lt;notifTagValue&gt;0.003&lt;/notifTagValue&gt;&lt;recordID&gt;112447&lt;/recordID&gt;&lt;notifName&gt;TransCtr&lt;/notifName&gt;&lt;notifDescription&gt;P558_JENOPTIK&lt;/notifDescription&gt;&lt;CreatedBy&gt;SYSTEM&lt;/CreatedBy&gt;&lt;CreatedOn&gt;2016-12-16T11:32:46&lt;/CreatedOn&gt;&lt;ModifiedBy&gt;System&lt;/ModifiedBy&gt;&lt;ModifiedOn&gt;2016-12-16T11:32:48&lt;/ModifiedOn&gt;&lt;tagName&gt;Data_00&lt;/tagName&gt;&lt;tagTypeID&gt;8&lt;/tagTypeID&gt;&lt;tagGroupID&gt;1&lt;/tagGroupID&gt;&lt;tagFunctionID&gt;4&lt;/tagFunctionID&gt;&lt;COM_typeName&gt;TSend&lt;/COM_typeName&gt;&lt;FNC_typeName&gt;DefDataTable&lt;/FNC_typeName&gt;&lt;OPC_typeName&gt;FLOAT&lt;/OPC_typeName&gt;&lt;unitID&gt;36&lt;/unitID&gt;&lt;lineID&gt;35&lt;/lineID&gt;&lt;nameDefined&gt;Hi\Lo&lt;/nameDefined&gt;&lt;uomDefinedID&gt;24&lt;/uomDefinedID&gt;&lt;UOMName&gt;MM&lt;/UOMName&gt;&lt;UOMDescription&gt;MILIMETERS&lt;/UOMDescription&gt;&lt;serialNumber&gt;FTW3M16000ak3&lt;/serialNumber&gt;&lt;avrg&gt;0.002575&lt;/avrg&gt;&lt;/Row&gt;&lt;Row&gt;&lt;notifRecordID&gt;112449&lt;/notifRecordID&gt;&lt;notifTagID&gt;123&lt;/notifTagID&gt;&lt;notifTagValue&gt;0.004&lt;/notifTagValue&gt;&lt;recordID&gt;112449&lt;/recordID&gt;&lt;notifName&gt;TransCtr&lt;/notifName&gt;&lt;notifDescription&gt;P558_JENOPTIK&lt;/notifDescription&gt;&lt;CreatedBy&gt;SYSTEM&lt;/CreatedBy&gt;&lt;CreatedOn&gt;2016-12-16T11:35:47&lt;/CreatedOn&gt;&lt;ModifiedBy&gt;System&lt;/ModifiedBy&gt;&lt;ModifiedOn&gt;2016-12-16T11:35:49&lt;/ModifiedOn&gt;&lt;tagName&gt;Data_00&lt;/tagName&gt;&lt;tagTypeID&gt;8&lt;/tagTypeID&gt;&lt;tagGroupID&gt;1&lt;/tagGroupID&gt;&lt;tagFunctionID&gt;4&lt;/tagFunctionID&gt;&lt;COM_typeName&gt;TSend&lt;/COM_typeName&gt;&lt;FNC_typeName&gt;DefDataTable&lt;/FNC_typeName&gt;&lt;OPC_typeName&gt;FLOAT&lt;/OPC_typeName&gt;&lt;unitID&gt;36&lt;/unitID&gt;&lt;lineID&gt;35&lt;/lineID&gt;&lt;nameDefined&gt;Hi\Lo&lt;/nameDefined&gt;&lt;uomDefinedID&gt;24&lt;/uomDefinedID&gt;&lt;UOMName&gt;MM&lt;/UOMName&gt;&lt;UOMDescription&gt;MILIMETERS&lt;/UOMDescription&gt;&lt;serialNumber&gt;FTW2M160006tc&lt;/serialNumber&gt;&lt;avrg&gt;0.002575&lt;/avrg&gt;&lt;/Row&gt;&lt;Row&gt;&lt;notifRecordID&gt;112456&lt;/notifRecordID&gt;&lt;notifTagID&gt;123&lt;/notifTagID&gt;&lt;notifTagValue&gt;0.006&lt;/notifTagValue&gt;&lt;recordID&gt;112456&lt;/recordID&gt;&lt;notifName&gt;TransCtr&lt;/notifName&gt;&lt;notifDescription&gt;P558_JENOPTIK&lt;/notifDescription&gt;&lt;CreatedBy&gt;SYSTEM&lt;/CreatedBy&gt;&lt;CreatedOn&gt;2016-12-16T11:44:24&lt;/CreatedOn&gt;&lt;ModifiedBy&gt;System&lt;/ModifiedBy&gt;&lt;ModifiedOn&gt;2016-12-16T11:44:26&lt;/ModifiedOn&gt;&lt;tagName&gt;Data_00&lt;/tagName&gt;&lt;tagTypeID&gt;8&lt;/tagTypeID&gt;&lt;tagGroupID&gt;1&lt;/tagGroupID&gt;&lt;tagFunctionID&gt;4&lt;/tagFunctionID&gt;&lt;COM_typeName&gt;TSend&lt;/COM_typeName&gt;&lt;FNC_typeName&gt;DefDataTable&lt;/FNC_typeName&gt;&lt;OPC_typeName&gt;FLOAT&lt;/OPC_typeName&gt;&lt;unitID&gt;36&lt;/unitID&gt;&lt;lineID&gt;35&lt;/lineID&gt;&lt;nameDefined&gt;Hi\Lo&lt;/nameDefined&gt;&lt;uomDefinedID&gt;24&lt;/uomDefinedID&gt;&lt;UOMName&gt;MM&lt;/UOMName&gt;&lt;UOMDescription&gt;MILIMETERS&lt;/UOMDescription&gt;&lt;serialNumber&gt;FTW3M16000ak4&lt;/serialNumber&gt;&lt;avrg&gt;0.002575&lt;/avrg&gt;&lt;/Row&gt;&lt;Row&gt;&lt;notifRecordID&gt;112458&lt;/notifRecordID&gt;&lt;notifTagID&gt;123&lt;/notifTagID&gt;&lt;notifTagValue&gt;0.002&lt;/notifTagValue&gt;&lt;recordID&gt;112458&lt;/recordID&gt;&lt;notifName&gt;TransCtr&lt;/notifName&gt;&lt;notifDescription&gt;P558_JENOPTIK&lt;/notifDescription&gt;&lt;CreatedBy&gt;SYSTEM&lt;/CreatedBy&gt;&lt;CreatedOn&gt;2016-12-16T11:46:36&lt;/CreatedOn&gt;&lt;ModifiedBy&gt;System&lt;/ModifiedBy&gt;&lt;ModifiedOn&gt;2016-12-16T11:46:37&lt;/ModifiedOn&gt;&lt;tagName&gt;Data_00&lt;/tagName&gt;&lt;tagTypeID&gt;8&lt;/tagTypeID&gt;&lt;tagGroupID&gt;1&lt;/tagGroupID&gt;&lt;tagFunctionID&gt;4&lt;/tagFunctionID&gt;&lt;COM_typeName&gt;TSend&lt;/COM_typeName&gt;&lt;FNC_typeName&gt;DefDataTable&lt;/FNC_typeName&gt;&lt;OPC_typeName&gt;FLOAT&lt;/OPC_typeName&gt;&lt;unitID&gt;36&lt;/unitID&gt;&lt;lineID&gt;35&lt;/lineID&gt;&lt;nameDefined&gt;Hi\Lo&lt;/nameDefined&gt;&lt;uomDefinedID&gt;24&lt;/uomDefinedID&gt;&lt;UOMName&gt;MM&lt;/UOMName&gt;&lt;UOMDescription&gt;MILIMETERS&lt;/UOMDescription&gt;&lt;serialNumber&gt;FTW3M16000ak5&lt;/serialNumber&gt;&lt;avrg&gt;0.002575&lt;/avrg&gt;&lt;/Row&gt;&lt;Row&gt;&lt;notifRecordID&gt;112460&lt;/notifRecordID&gt;&lt;notifTagID&gt;123&lt;/notifTagID&gt;&lt;notifTagValue&gt;0.008&lt;/notifTagValue&gt;&lt;recordID&gt;112460&lt;/recordID&gt;&lt;notifName&gt;TransCtr&lt;/notifName&gt;&lt;notifDescription&gt;P558_JENOPTIK&lt;/notifDescription&gt;&lt;CreatedBy&gt;SYSTEM&lt;/CreatedBy&gt;&lt;CreatedOn&gt;2016-12-16T11:49:15&lt;/CreatedOn&gt;&lt;ModifiedBy&gt;System&lt;/ModifiedBy&gt;&lt;ModifiedOn&gt;2016-12-16T11:49:17&lt;/ModifiedOn&gt;&lt;tagName&gt;Data_00&lt;/tagName&gt;&lt;tagTypeID&gt;8&lt;/tagTypeID&gt;&lt;tagGroupID&gt;1&lt;/tagGroupID&gt;&lt;tagFunctionID&gt;4&lt;/tagFunctionID&gt;&lt;COM_typeName&gt;TSend&lt;/COM_typeName&gt;&lt;FNC_typeName&gt;DefDataTable&lt;/FNC_typeName&gt;&lt;OPC_typeName&gt;FLOAT&lt;/OPC_typeName&gt;&lt;unitID&gt;36&lt;/unitID&gt;&lt;lineID&gt;35&lt;/lineID&gt;&lt;nameDefined&gt;Hi\Lo&lt;/nameDefined&gt;&lt;uomDefinedID&gt;24&lt;/uomDefinedID&gt;&lt;UOMName&gt;MM&lt;/UOMName&gt;&lt;UOMDescription&gt;MILIMETERS&lt;/UOMDescription&gt;&lt;serialNumber&gt;FTW3M16000ak6&lt;/serialNumber&gt;&lt;avrg&gt;0.002575&lt;/avrg&gt;&lt;/Row&gt;&lt;Row&gt;&lt;notifRecordID&gt;112467&lt;/notifRecordID&gt;&lt;notifTagID&gt;123&lt;/notifTagID&gt;&lt;notifTagValue&gt;0.0&lt;/notifTagValue&gt;&lt;recordID&gt;112467&lt;/recordID&gt;&lt;notifName&gt;TransCtr&lt;/notifName&gt;&lt;notifDescription&gt;P558_JENOPTIK&lt;/notifDescription&gt;&lt;CreatedBy&gt;SYSTEM&lt;/CreatedBy&gt;&lt;CreatedOn&gt;2016-12-16T12:01:12&lt;/CreatedOn&gt;&lt;ModifiedBy&gt;System&lt;/ModifiedBy&gt;&lt;ModifiedOn&gt;2016-12-16T12:01:14&lt;/ModifiedOn&gt;&lt;tagName&gt;Data_00&lt;/tagName&gt;&lt;tagTypeID&gt;8&lt;/tagTypeID&gt;&lt;tagGroupID&gt;1&lt;/tagGroupID&gt;&lt;tagFunctionID&gt;4&lt;/tagFunctionID&gt;&lt;COM_typeName&gt;TSend&lt;/COM_typeName&gt;&lt;FNC_typeName&gt;DefDataTable&lt;/FNC_typeName&gt;&lt;OPC_typeName&gt;FLOAT&lt;/OPC_typeName&gt;&lt;unitID&gt;36&lt;/unitID&gt;&lt;lineID&gt;35&lt;/lineID&gt;&lt;nameDefined&gt;Hi\Lo&lt;/nameDefined&gt;&lt;uomDefinedID&gt;24&lt;/uomDefinedID&gt;&lt;UOMName&gt;MM&lt;/UOMName&gt;&lt;UOMDescription&gt;MILIMETERS&lt;/UOMDescription&gt;&lt;serialNumber&gt;FTW2M160006td&lt;/serialNumber&gt;&lt;avrg&gt;0.002575&lt;/avrg&gt;&lt;/Row&gt;&lt;Row&gt;&lt;notifRecordID&gt;112473&lt;/notifRecordID&gt;&lt;notifTagID&gt;123&lt;/notifTagID&gt;&lt;notifTagValue&gt;0.0&lt;/notifTagValue&gt;&lt;recordID&gt;112473&lt;/recordID&gt;&lt;notifName&gt;TransCtr&lt;/notifName&gt;&lt;notifDescription&gt;P558_JENOPTIK&lt;/notifDescription&gt;&lt;CreatedBy&gt;SYSTEM&lt;/CreatedBy&gt;&lt;CreatedOn&gt;2016-12-16T12:09:03&lt;/CreatedOn&gt;&lt;ModifiedBy&gt;System&lt;/ModifiedBy&gt;&lt;ModifiedOn&gt;2016-12-16T12:09:05&lt;/ModifiedOn&gt;&lt;tagName&gt;Data_00&lt;/tagName&gt;&lt;tagTypeID&gt;8&lt;/tagTypeID&gt;&lt;tagGroupID&gt;1&lt;/tagGroupID&gt;&lt;tagFunctionID&gt;4&lt;/tagFunctionID&gt;&lt;COM_typeName&gt;TSend&lt;/COM_typeName&gt;&lt;FNC_typeName&gt;DefDataTable&lt;/FNC_typeName&gt;&lt;OPC_typeName&gt;FLOAT&lt;/OPC_typeName&gt;&lt;unitID&gt;36&lt;/unitID&gt;&lt;lineID&gt;35&lt;/lineID&gt;&lt;nameDefined&gt;Hi\Lo&lt;/nameDefined&gt;&lt;uomDefinedID&gt;24&lt;/uomDefinedID&gt;&lt;UOMName&gt;MM&lt;/UOMName&gt;&lt;UOMDescription&gt;MILIMETERS&lt;/UOMDescription&gt;&lt;serialNumber&gt;FTW3M16000ak7&lt;/serialNumber&gt;&lt;avrg&gt;0.002575&lt;/avrg&gt;&lt;/Row&gt;&lt;Row&gt;&lt;notifRecordID&gt;112478&lt;/notifRecordID&gt;&lt;notifTagID&gt;123&lt;/notifTagID&gt;&lt;notifTagValue&gt;0.008&lt;/notifTagValue&gt;&lt;recordID&gt;112478&lt;/recordID&gt;&lt;notifName&gt;TransCtr&lt;/notifName&gt;&lt;notifDescription&gt;P558_JENOPTIK&lt;/notifDescription&gt;&lt;CreatedBy&gt;SYSTEM&lt;/CreatedBy&gt;&lt;CreatedOn&gt;2016-12-16T12:20:57&lt;/CreatedOn&gt;&lt;ModifiedBy&gt;System&lt;/ModifiedBy&gt;&lt;ModifiedOn&gt;2016-12-16T12:20:59&lt;/ModifiedOn&gt;&lt;tagName&gt;Data_00&lt;/tagName&gt;&lt;tagTypeID&gt;8&lt;/tagTypeID&gt;&lt;tagGroupID&gt;1&lt;/tagGroupID&gt;&lt;tagFunctionID&gt;4&lt;/tagFunctionID&gt;&lt;COM_typeName&gt;TSend&lt;/COM_typeName&gt;&lt;FNC_typeName&gt;DefDataTable&lt;/FNC_typeName&gt;&lt;OPC_typeName&gt;FLOAT&lt;/OPC_typeName&gt;&lt;unitID&gt;36&lt;/unitID&gt;&lt;lineID&gt;35&lt;/lineID&gt;&lt;nameDefined&gt;Hi\Lo&lt;/nameDefined&gt;&lt;uomDefinedID&gt;24&lt;/uomDefinedID&gt;&lt;UOMName&gt;MM&lt;/UOMName&gt;&lt;UOMDescription&gt;MILIMETERS&lt;/UOMDescription&gt;&lt;serialNumber&gt;FTW3M16000ak9&lt;/serialNumber&gt;&lt;avrg&gt;0.002575&lt;/avrg&gt;&lt;/Row&gt;&lt;Row&gt;&lt;notifRecordID&gt;112481&lt;/notifRecordID&gt;&lt;notifTagID&gt;123&lt;/notifTagID&gt;&lt;notifTagValue&gt;0.001&lt;/notifTagValue&gt;&lt;recordID&gt;112481&lt;/recordID&gt;&lt;notifName&gt;TransCtr&lt;/notifName&gt;&lt;notifDescription&gt;P558_JENOPTIK&lt;/notifDescription&gt;&lt;CreatedBy&gt;SYSTEM&lt;/CreatedBy&gt;&lt;CreatedOn&gt;2016-12-16T12:25:35&lt;/CreatedOn&gt;&lt;ModifiedBy&gt;System&lt;/ModifiedBy&gt;&lt;ModifiedOn&gt;2016-12-16T12:25:37&lt;/ModifiedOn&gt;&lt;tagName&gt;Data_00&lt;/tagName&gt;&lt;tagTypeID&gt;8&lt;/tagTypeID&gt;&lt;tagGroupID&gt;1&lt;/tagGroupID&gt;&lt;tagFunctionID&gt;4&lt;/tagFunctionID&gt;&lt;COM_typeName&gt;TSend&lt;/COM_typeName&gt;&lt;FNC_typeName&gt;DefDataTable&lt;/FNC_typeName&gt;&lt;OPC_typeName&gt;FLOAT&lt;/OPC_typeName&gt;&lt;unitID&gt;36&lt;/unitID&gt;&lt;lineID&gt;35&lt;/lineID&gt;&lt;nameDefined&gt;Hi\Lo&lt;/nameDefined&gt;&lt;uomDefinedID&gt;24&lt;/uomDefinedID&gt;&lt;UOMName&gt;MM&lt;/UOMName&gt;&lt;UOMDescription&gt;MILIMETERS&lt;/UOMDescription&gt;&lt;serialNumber&gt;FTW2M160006te&lt;/serialNumber&gt;&lt;avrg&gt;0.002575&lt;/avrg&gt;&lt;/Row&gt;&lt;Row&gt;&lt;notifRecordID&gt;112486&lt;/notifRecordID&gt;&lt;notifTagID&gt;123&lt;/notifTagID&gt;&lt;notifTagValue&gt;0.0&lt;/notifTagValue&gt;&lt;recordID&gt;112486&lt;/recordID&gt;&lt;notifName&gt;TransCtr&lt;/notifName&gt;&lt;notifDescription&gt;P558_JENOPTIK&lt;/notifDescription&gt;&lt;CreatedBy&gt;SYSTEM&lt;/CreatedBy&gt;&lt;CreatedOn&gt;2016-12-16T12:33:41&lt;/CreatedOn&gt;&lt;ModifiedBy&gt;System&lt;/ModifiedBy&gt;&lt;ModifiedOn&gt;2016-12-16T12:33:42&lt;/ModifiedOn&gt;&lt;tagName&gt;Data_00&lt;/tagName&gt;&lt;tagTypeID&gt;8&lt;/tagTypeID&gt;&lt;tagGroupID&gt;1&lt;/tagGroupID&gt;&lt;tagFunctionID&gt;4&lt;/tagFunctionID&gt;&lt;COM_typeName&gt;TSend&lt;/COM_typeName&gt;&lt;FNC_typeName&gt;DefDataTable&lt;/FNC_typeName&gt;&lt;OPC_typeName&gt;FLOAT&lt;/OPC_typeName&gt;&lt;unitID&gt;36&lt;/unitID&gt;&lt;lineID&gt;35&lt;/lineID&gt;&lt;nameDefined&gt;Hi\Lo&lt;/nameDefined&gt;&lt;uomDefinedID&gt;24&lt;/uomDefinedID&gt;&lt;UOMName&gt;MM&lt;/UOMName&gt;&lt;UOMDescription&gt;MILIMETERS&lt;/UOMDescription&gt;&lt;serialNumber&gt;FTW2M160006te&lt;/serialNumber&gt;&lt;avrg&gt;0.002575&lt;/avrg&gt;&lt;/Row&gt;&lt;Row&gt;&lt;notifRecordID&gt;112490&lt;/notifRecordID&gt;&lt;notifTagID&gt;123&lt;/notifTagID&gt;&lt;notifTagValue&gt;0.012&lt;/notifTagValue&gt;&lt;recordID&gt;112490&lt;/recordID&gt;&lt;notifName&gt;TransCtr&lt;/notifName&gt;&lt;notifDescription&gt;P558_JENOPTIK&lt;/notifDescription&gt;&lt;CreatedBy&gt;SYSTEM&lt;/CreatedBy&gt;&lt;CreatedOn&gt;2016-12-16T12:42:49&lt;/CreatedOn&gt;&lt;ModifiedBy&gt;System&lt;/ModifiedBy&gt;&lt;ModifiedOn&gt;2016-12-16T12:42:51&lt;/ModifiedOn&gt;&lt;tagName&gt;Data_00&lt;/tagName&gt;&lt;tagTypeID&gt;8&lt;/tagTypeID&gt;&lt;tagGroupID&gt;1&lt;/tagGroupID&gt;&lt;tagFunctionID&gt;4&lt;/tagFunctionID&gt;&lt;COM_typeName&gt;TSend&lt;/COM_typeName&gt;&lt;FNC_typeName&gt;DefDataTable&lt;/FNC_typeName&gt;&lt;OPC_typeName&gt;FLOAT&lt;/OPC_typeName&gt;&lt;unitID&gt;36&lt;/unitID&gt;&lt;lineID&gt;35&lt;/lineID&gt;&lt;nameDefined&gt;Hi\Lo&lt;/nameDefined&gt;&lt;uomDefinedID&gt;24&lt;/uomDefinedID&gt;&lt;UOMName&gt;MM&lt;/UOMName&gt;&lt;UOMDescription&gt;MILIMETERS&lt;/UOMDescription&gt;&lt;serialNumber&gt;FTW2M160006tb&lt;/serialNumber&gt;&lt;avrg&gt;0.002575&lt;/avrg&gt;&lt;/Row&gt;&lt;Row&gt;&lt;notifRecordID&gt;112494&lt;/notifRecordID&gt;&lt;notifTagID&gt;123&lt;/notifTagID&gt;&lt;notifTagValue&gt;0.0&lt;/notifTagValue&gt;&lt;recordID&gt;112494&lt;/recordID&gt;&lt;notifName&gt;TransCtr&lt;/notifName&gt;&lt;notifDescription&gt;P558_JENOPTIK&lt;/notifDescription&gt;&lt;CreatedBy&gt;SYSTEM&lt;/CreatedBy&gt;&lt;CreatedOn&gt;2016-12-16T12:47:51&lt;/CreatedOn&gt;&lt;ModifiedBy&gt;System&lt;/ModifiedBy&gt;&lt;ModifiedOn&gt;2016-12-16T12:47:52&lt;/ModifiedOn&gt;&lt;tagName&gt;Data_00&lt;/tagName&gt;&lt;tagTypeID&gt;8&lt;/tagTypeID&gt;&lt;tagGroupID&gt;1&lt;/tagGroupID&gt;&lt;tagFunctionID&gt;4&lt;/tagFunctionID&gt;&lt;COM_typeName&gt;TSend&lt;/COM_typeName&gt;&lt;FNC_typeName&gt;DefDataTable&lt;/FNC_typeName&gt;&lt;OPC_typeName&gt;FLOAT&lt;/OPC_typeName&gt;&lt;unitID&gt;36&lt;/unitID&gt;&lt;lineID&gt;35&lt;/lineID&gt;&lt;nameDefined&gt;Hi\Lo&lt;/nameDefined&gt;&lt;uomDefinedID&gt;24&lt;/uomDefinedID&gt;&lt;UOMName&gt;MM&lt;/UOMName&gt;&lt;UOMDescription&gt;MILIMETERS&lt;/UOMDescription&gt;&lt;serialNumber&gt;FTW2M160006tf&lt;/serialNumber&gt;&lt;avrg&gt;0.002575&lt;/avrg&gt;&lt;/Row&gt;&lt;Row&gt;&lt;notifRecordID&gt;112497&lt;/notifRecordID&gt;&lt;notifTagID&gt;123&lt;/notifTagID&gt;&lt;notifTagValue&gt;0.003&lt;/notifTagValue&gt;&lt;recordID&gt;112497&lt;/recordID&gt;&lt;notifName&gt;TransCtr&lt;/notifName&gt;&lt;notifDescription&gt;P558_JENOPTIK&lt;/notifDescription&gt;&lt;CreatedBy&gt;SYSTEM&lt;/CreatedBy&gt;&lt;CreatedOn&gt;2016-12-16T12:50:23&lt;/CreatedOn&gt;&lt;ModifiedBy&gt;System&lt;/ModifiedBy&gt;&lt;ModifiedOn&gt;2016-12-16T12:50:25&lt;/ModifiedOn&gt;&lt;tagName&gt;Data_00&lt;/tagName&gt;&lt;tagTypeID&gt;8&lt;/tagTypeID&gt;&lt;tagGroupID&gt;1&lt;/tagGroupID&gt;&lt;tagFunctionID&gt;4&lt;/tagFunctionID&gt;&lt;COM_typeName&gt;TSend&lt;/COM_typeName&gt;&lt;FNC_typeName&gt;DefDataTable&lt;/FNC_typeName&gt;&lt;OPC_typeName&gt;FLOAT&lt;/OPC_typeName&gt;&lt;unitID&gt;36&lt;/unitID&gt;&lt;lineID&gt;35&lt;/lineID&gt;&lt;nameDefined&gt;Hi\Lo&lt;/nameDefined&gt;&lt;uomDefinedID&gt;24&lt;/uomDefinedID&gt;&lt;UOMName&gt;MM&lt;/UOMName&gt;&lt;UOMDescription&gt;MILIMETERS&lt;/UOMDescription&gt;&lt;serialNumber&gt;FTW3M16000ak8&lt;/serialNumber&gt;&lt;avrg&gt;0.002575&lt;/avrg&gt;&lt;/Row&gt;&lt;Row&gt;&lt;notifRecordID&gt;112503&lt;/notifRecordID&gt;&lt;notifTagID&gt;123&lt;/notifTagID&gt;&lt;notifTagValue&gt;0.008&lt;/notifTagValue&gt;&lt;recordID&gt;112503&lt;/recordID&gt;&lt;notifName&gt;TransCtr&lt;/notifName&gt;&lt;notifDescription&gt;P558_JENOPTIK&lt;/notifDescription&gt;&lt;CreatedBy&gt;SYSTEM&lt;/CreatedBy&gt;&lt;CreatedOn&gt;2016-12-16T12:55:52&lt;/CreatedOn&gt;&lt;ModifiedBy&gt;System&lt;/ModifiedBy&gt;&lt;ModifiedOn&gt;2016-12-16T12:55:54&lt;/ModifiedOn&gt;&lt;tagName&gt;Data_00&lt;/tagName&gt;&lt;tagTypeID&gt;8&lt;/tagTypeID&gt;&lt;tagGroupID&gt;1&lt;/tagGroupID&gt;&lt;tagFunctionID&gt;4&lt;/tagFunctionID&gt;&lt;COM_typeName&gt;TSend&lt;/COM_typeName&gt;&lt;FNC_typeName&gt;DefDataTable&lt;/FNC_typeName&gt;&lt;OPC_typeName&gt;FLOAT&lt;/OPC_typeName&gt;&lt;unitID&gt;36&lt;/unitID&gt;&lt;lineID&gt;35&lt;/lineID&gt;&lt;nameDefined&gt;Hi\Lo&lt;/nameDefined&gt;&lt;uomDefinedID&gt;24&lt;/uomDefinedID&gt;&lt;UOMName&gt;MM&lt;/UOMName&gt;&lt;UOMDescription&gt;MILIMETERS&lt;/UOMDescription&gt;&lt;serialNumber&gt;FTW3M16000aka&lt;/serialNumber&gt;&lt;avrg&gt;0.002575&lt;/avrg&gt;&lt;/Row&gt;&lt;Row&gt;&lt;notifRecordID&gt;112506&lt;/notifRecordID&gt;&lt;notifTagID&gt;123&lt;/notifTagID&gt;&lt;notifTagValue&gt;0.003&lt;/notifTagValue&gt;&lt;recordID&gt;112506&lt;/recordID&gt;&lt;notifName&gt;TransCtr&lt;/notifName&gt;&lt;notifDescription&gt;P558_JENOPTIK&lt;/notifDescription&gt;&lt;CreatedBy&gt;SYSTEM&lt;/CreatedBy&gt;&lt;CreatedOn&gt;2016-12-16T12:57:45&lt;/CreatedOn&gt;&lt;ModifiedBy&gt;System&lt;/ModifiedBy&gt;&lt;ModifiedOn&gt;2016-12-16T12:57:47&lt;/ModifiedOn&gt;&lt;tagName&gt;Data_00&lt;/tagName&gt;&lt;tagTypeID&gt;8&lt;/tagTypeID&gt;&lt;tagGroupID&gt;1&lt;/tagGroupID&gt;&lt;tagFunctionID&gt;4&lt;/tagFunctionID&gt;&lt;COM_typeName&gt;TSend&lt;/COM_typeName&gt;&lt;FNC_typeName&gt;DefDataTable&lt;/FNC_typeName&gt;&lt;OPC_typeName&gt;FLOAT&lt;/OPC_typeName&gt;&lt;unitID&gt;36&lt;/unitID&gt;&lt;lineID&gt;35&lt;/lineID&gt;&lt;nameDefined&gt;Hi\Lo&lt;/nameDefined&gt;&lt;uomDefinedID&gt;24&lt;/uomDefinedID&gt;&lt;UOMName&gt;MM&lt;/UOMName&gt;&lt;UOMDescription&gt;MILIMETERS&lt;/UOMDescription&gt;&lt;serialNumber&gt;FTW2M160006tg&lt;/serialNumber&gt;&lt;avrg&gt;0.002575&lt;/avrg&gt;&lt;/Row&gt;&lt;Row&gt;&lt;notifRecordID&gt;112513&lt;/notifRecordID&gt;&lt;notifTagID&gt;123&lt;/notifTagID&gt;&lt;notifTagValue&gt;0.0&lt;/notifTagValue&gt;&lt;recordID&gt;112513&lt;/recordID&gt;&lt;notifName&gt;TransCtr&lt;/notifName&gt;&lt;notifDescription&gt;P558_JENOPTIK&lt;/notifDescription&gt;&lt;CreatedBy&gt;SYSTEM&lt;/CreatedBy&gt;&lt;CreatedOn&gt;2016-12-16T13:05:01&lt;/CreatedOn&gt;&lt;ModifiedBy&gt;System&lt;/ModifiedBy&gt;&lt;ModifiedOn&gt;2016-12-16T13:05:03&lt;/ModifiedOn&gt;&lt;tagName&gt;Data_00&lt;/tagName&gt;&lt;tagTypeID&gt;8&lt;/tagTypeID&gt;&lt;tagGroupID&gt;1&lt;/tagGroupID&gt;&lt;tagFunctionID&gt;4&lt;/tagFunctionID&gt;&lt;COM_typeName&gt;TSend&lt;/COM_typeName&gt;&lt;FNC_typeName&gt;DefDataTable&lt;/FNC_typeName&gt;&lt;OPC_typeName&gt;FLOAT&lt;/OPC_typeName&gt;&lt;unitID&gt;36&lt;/unitID&gt;&lt;lineID&gt;35&lt;/lineID&gt;&lt;nameDefined&gt;Hi\Lo&lt;/nameDefined&gt;&lt;uomDefinedID&gt;24&lt;/uomDefinedID&gt;&lt;UOMName&gt;MM&lt;/UOMName&gt;&lt;UOMDescription&gt;MILIMETERS&lt;/UOMDescription&gt;&lt;serialNumber&gt;FTW3M16000akb&lt;/serialNumber&gt;&lt;avrg&gt;0.002575&lt;/avrg&gt;&lt;/Row&gt;&lt;Row&gt;&lt;notifRecordID&gt;112518&lt;/notifRecordID&gt;&lt;notifTagID&gt;123&lt;/notifTagID&gt;&lt;notifTagValue&gt;0.003&lt;/notifTagValue&gt;&lt;recordID&gt;112518&lt;/recordID&gt;&lt;notifName&gt;TransCtr&lt;/notifName&gt;&lt;notifDescription&gt;P558_JENOPTIK&lt;/notifDescription&gt;&lt;CreatedBy&gt;SYSTEM&lt;/CreatedBy&gt;&lt;CreatedOn&gt;2016-12-16T13:09:39&lt;/CreatedOn&gt;&lt;ModifiedBy&gt;System&lt;/ModifiedBy&gt;&lt;ModifiedOn&gt;2016-12-16T13:09:41&lt;/ModifiedOn&gt;&lt;tagName&gt;Data_00&lt;/tagName&gt;&lt;tagTypeID&gt;8&lt;/tagTypeID&gt;&lt;tagGroupID&gt;1&lt;/tagGroupID&gt;&lt;tagFunctionID&gt;4&lt;/tagFunctionID&gt;&lt;COM_typeName&gt;TSend&lt;/COM_typeName&gt;&lt;FNC_typeName&gt;DefDataTable&lt;/FNC_typeName&gt;&lt;OPC_typeName&gt;FLOAT&lt;/OPC_typeName&gt;&lt;unitID&gt;36&lt;/unitID&gt;&lt;lineID&gt;35&lt;/lineID&gt;&lt;nameDefined&gt;Hi\Lo&lt;/nameDefined&gt;&lt;uomDefinedID&gt;24&lt;/uomDefinedID&gt;&lt;UOMName&gt;MM&lt;/UOMName&gt;&lt;UOMDescription&gt;MILIMETERS&lt;/UOMDescription&gt;&lt;serialNumber&gt;FTW3M16000akc&lt;/serialNumber&gt;&lt;avrg&gt;0.002575&lt;/avrg&gt;&lt;/Row&gt;&lt;Row&gt;&lt;notifRecordID&gt;112520&lt;/notifRecordID&gt;&lt;notifTagID&gt;123&lt;/notifTagID&gt;&lt;notifTagValue&gt;0.0&lt;/notifTagValue&gt;&lt;recordID&gt;112520&lt;/recordID&gt;&lt;notifName&gt;TransCtr&lt;/notifName&gt;&lt;notifDescription&gt;P558_JENOPTIK&lt;/notifDescription&gt;&lt;CreatedBy&gt;SYSTEM&lt;/CreatedBy&gt;&lt;CreatedOn&gt;2016-12-16T13:12:36&lt;/CreatedOn&gt;&lt;ModifiedBy&gt;System&lt;/ModifiedBy&gt;&lt;ModifiedOn&gt;2016-12-16T13:12:38&lt;/ModifiedOn&gt;&lt;tagName&gt;Data_00&lt;/tagName&gt;&lt;tagTypeID&gt;8&lt;/tagTypeID&gt;&lt;tagGroupID&gt;1&lt;/tagGroupID&gt;&lt;tagFunctionID&gt;4&lt;/tagFunctionID&gt;&lt;COM_typeName&gt;TSend&lt;/COM_typeName&gt;&lt;FNC_typeName&gt;DefDataTable&lt;/FNC_typeName&gt;&lt;OPC_typeName&gt;FLOAT&lt;/OPC_typeName&gt;&lt;unitID&gt;36&lt;/unitID&gt;&lt;lineID&gt;35&lt;/lineID&gt;&lt;nameDefined&gt;Hi\Lo&lt;/nameDefined&gt;&lt;uomDefinedID&gt;24&lt;/uomDefinedID&gt;&lt;UOMName&gt;MM&lt;/UOMName&gt;&lt;UOMDescription&gt;MILIMETERS&lt;/UOMDescription&gt;&lt;serialNumber&gt;FTW2M160006th&lt;/serialNumber&gt;&lt;avrg&gt;0.002575&lt;/avrg&gt;&lt;/Row&gt;&lt;Row&gt;&lt;notifRecordID&gt;112526&lt;/notifRecordID&gt;&lt;notifTagID&gt;123&lt;/notifTagID&gt;&lt;notifTagValue&gt;0.001&lt;/notifTagValue&gt;&lt;recordID&gt;112526&lt;/recordID&gt;&lt;notifName&gt;TransCtr&lt;/notifName&gt;&lt;notifDescription&gt;P558_JENOPTIK&lt;/notifDescription&gt;&lt;CreatedBy&gt;SYSTEM&lt;/CreatedBy&gt;&lt;CreatedOn&gt;2016-12-16T13:19:55&lt;/CreatedOn&gt;&lt;ModifiedBy&gt;System&lt;/ModifiedBy&gt;&lt;ModifiedOn&gt;2016-12-16T13:19:57&lt;/ModifiedOn&gt;&lt;tagName&gt;Data_00&lt;/tagName&gt;&lt;tagTypeID&gt;8&lt;/tagTypeID&gt;&lt;tagGroupID&gt;1&lt;/tagGroupID&gt;&lt;tagFunctionID&gt;4&lt;/tagFunctionID&gt;&lt;COM_typeName&gt;TSend&lt;/COM_typeName&gt;&lt;FNC_typeName&gt;DefDataTable&lt;/FNC_typeName&gt;&lt;OPC_typeName&gt;FLOAT&lt;/OPC_typeName&gt;&lt;unitID&gt;36&lt;/unitID&gt;&lt;lineID&gt;35&lt;/lineID&gt;&lt;nameDefined&gt;Hi\Lo&lt;/nameDefined&gt;&lt;uomDefinedID&gt;24&lt;/uomDefinedID&gt;&lt;UOMName&gt;MM&lt;/UOMName&gt;&lt;UOMDescription&gt;MILIMETERS&lt;/UOMDescription&gt;&lt;serialNumber&gt;FTW3M16000akd&lt;/serialNumber&gt;&lt;avrg&gt;0.002575&lt;/avrg&gt;&lt;/Row&gt;&lt;Row&gt;&lt;notifRecordID&gt;112529&lt;/notifRecordID&gt;&lt;notifTagID&gt;123&lt;/notifTagID&gt;&lt;notifTagValue&gt;0.006&lt;/notifTagValue&gt;&lt;recordID&gt;112529&lt;/recordID&gt;&lt;notifName&gt;TransCtr&lt;/notifName&gt;&lt;notifDescription&gt;P558_JENOPTIK&lt;/notifDescription&gt;&lt;CreatedBy&gt;SYSTEM&lt;/CreatedBy&gt;&lt;CreatedOn&gt;2016-12-16T13:21:59&lt;/CreatedOn&gt;&lt;ModifiedBy&gt;System&lt;/ModifiedBy&gt;&lt;ModifiedOn&gt;2016-12-16T13:22:01&lt;/ModifiedOn&gt;&lt;tagName&gt;Data_00&lt;/tagName&gt;&lt;tagTypeID&gt;8&lt;/tagTypeID&gt;&lt;tagGroupID&gt;1&lt;/tagGroupID&gt;&lt;tagFunctionID&gt;4&lt;/tagFunctionID&gt;&lt;COM_typeName&gt;TSend&lt;/COM_typeName&gt;&lt;FNC_typeName&gt;DefDataTable&lt;/FNC_typeName&gt;&lt;OPC_typeName&gt;FLOAT&lt;/OPC_typeName&gt;&lt;unitID&gt;36&lt;/unitID&gt;&lt;lineID&gt;35&lt;/lineID&gt;&lt;nameDefined&gt;Hi\Lo&lt;/nameDefined&gt;&lt;uomDefinedID&gt;24&lt;/uomDefinedID&gt;&lt;UOMName&gt;MM&lt;/UOMName&gt;&lt;UOMDescription&gt;MILIMETERS&lt;/UOMDescription&gt;&lt;serialNumber&gt;FTW2M160006ti&lt;/serialNumber&gt;&lt;avrg&gt;0.002575&lt;/avrg&gt;&lt;/Row&gt;&lt;Row&gt;&lt;notifRecordID&gt;112535&lt;/notifRecordID&gt;&lt;notifTagID&gt;123&lt;/notifTagID&gt;&lt;notifTagValue&gt;0.008&lt;/notifTagValue&gt;&lt;recordID&gt;112535&lt;/recordID&gt;&lt;notifName&gt;TransCtr&lt;/notifName&gt;&lt;notifDescription&gt;P558_JENOPTIK&lt;/notifDescription&gt;&lt;CreatedBy&gt;SYSTEM&lt;/CreatedBy&gt;&lt;CreatedOn&gt;2016-12-16T13:30:14&lt;/CreatedOn&gt;&lt;ModifiedBy&gt;System&lt;/ModifiedBy&gt;&lt;ModifiedOn&gt;2016-12-16T13:30:16&lt;/ModifiedOn&gt;&lt;tagName&gt;Data_00&lt;/tagName&gt;&lt;tagTypeID&gt;8&lt;/tagTypeID&gt;&lt;tagGroupID&gt;1&lt;/tagGroupID&gt;&lt;tagFunctionID&gt;4&lt;/tagFunctionID&gt;&lt;COM_typeName&gt;TSend&lt;/COM_typeName&gt;&lt;FNC_typeName&gt;DefDataTable&lt;/FNC_typeName&gt;&lt;OPC_typeName&gt;FLOAT&lt;/OPC_typeName&gt;&lt;unitID&gt;36&lt;/unitID&gt;&lt;lineID&gt;35&lt;/lineID&gt;&lt;nameDefined&gt;Hi\Lo&lt;/nameDefined&gt;&lt;uomDefinedID&gt;24&lt;/uomDefinedID&gt;&lt;UOMName&gt;MM&lt;/UOMName&gt;&lt;UOMDescription&gt;MILIMETERS&lt;/UOMDescription&gt;&lt;serialNumber&gt;FTW3M16000ake&lt;/serialNumber&gt;&lt;avrg&gt;0.002575&lt;/avrg&gt;&lt;/Row&gt;&lt;Row&gt;&lt;notifRecordID&gt;112540&lt;/notifRecordID&gt;&lt;notifTagID&gt;123&lt;/notifTagID&gt;&lt;notifTagValue&gt;0.006&lt;/notifTagValue&gt;&lt;recordID&gt;112540&lt;/recordID&gt;&lt;notifName&gt;TransCtr&lt;/notifName&gt;&lt;notifDescription&gt;P558_JENOPTIK&lt;/notifDescription&gt;&lt;CreatedBy&gt;SYSTEM&lt;/CreatedBy&gt;&lt;CreatedOn&gt;2016-12-16T13:36:28&lt;/CreatedOn&gt;&lt;ModifiedBy&gt;System&lt;/ModifiedBy&gt;&lt;ModifiedOn&gt;2016-12-16T13:36:30&lt;/ModifiedOn&gt;&lt;tagName&gt;Data_00&lt;/tagName&gt;&lt;tagTypeID&gt;8&lt;/tagTypeID&gt;&lt;tagGroupID&gt;1&lt;/tagGroupID&gt;&lt;tagFunctionID&gt;4&lt;/tagFunctionID&gt;&lt;COM_typeName&gt;TSend&lt;/COM_typeName&gt;&lt;FNC_typeName&gt;DefDataTable&lt;/FNC_typeName&gt;&lt;OPC_typeName&gt;FLOAT&lt;/OPC_typeName&gt;&lt;unitID&gt;36&lt;/unitID&gt;&lt;lineID&gt;35&lt;/lineID&gt;&lt;nameDefined&gt;Hi\Lo&lt;/nameDefined&gt;&lt;uomDefinedID&gt;24&lt;/uomDefinedID&gt;&lt;UOMName&gt;MM&lt;/UOMName&gt;&lt;UOMDescription&gt;MILIMETERS&lt;/UOMDescription&gt;&lt;serialNumber&gt;FTW2M160006tj&lt;/serialNumber&gt;&lt;avrg&gt;0.002575&lt;/avrg&gt;&lt;/Row&gt;&lt;Row&gt;&lt;notifRecordID&gt;112543&lt;/notifRecordID&gt;&lt;notifTagID&gt;123&lt;/notifTagID&gt;&lt;notifTagValue&gt;0.001&lt;/notifTagValue&gt;&lt;recordID&gt;112543&lt;/recordID&gt;&lt;notifName&gt;TransCtr&lt;/notifName&gt;&lt;notifDescription&gt;P558_JENOPTIK&lt;/notifDescription&gt;&lt;CreatedBy&gt;SYSTEM&lt;/CreatedBy&gt;&lt;CreatedOn&gt;2016-12-16T13:38:42&lt;/CreatedOn&gt;&lt;ModifiedBy&gt;System&lt;/ModifiedBy&gt;&lt;ModifiedOn&gt;2016-12-16T13:38:43&lt;/ModifiedOn&gt;&lt;tagName&gt;Data_00&lt;/tagName&gt;&lt;tagTypeID&gt;8&lt;/tagTypeID&gt;&lt;tagGroupID&gt;1&lt;/tagGroupID&gt;&lt;tagFunctionID&gt;4&lt;/tagFunctionID&gt;&lt;COM_typeName&gt;TSend&lt;/COM_typeName&gt;&lt;FNC_typeName&gt;DefDataTable&lt;/FNC_typeName&gt;&lt;OPC_typeName&gt;FLOAT&lt;/OPC_typeName&gt;&lt;unitID&gt;36&lt;/unitID&gt;&lt;lineID&gt;35&lt;/lineID&gt;&lt;nameDefined&gt;Hi\Lo&lt;/nameDefined&gt;&lt;uomDefinedID&gt;24&lt;/uomDefinedID&gt;&lt;UOMName&gt;MM&lt;/UOMName&gt;&lt;UOMDescription&gt;MILIMETERS&lt;/UOMDescription&gt;&lt;serialNumber&gt;FTW3M16000akf&lt;/serialNumber&gt;&lt;avrg&gt;0.002575&lt;/avrg&gt;&lt;/Row&gt;&lt;Row&gt;&lt;notifRecordID&gt;112549&lt;/notifRecordID&gt;&lt;notifTagID&gt;123&lt;/notifTagID&gt;&lt;notifTagValue&gt;0.01&lt;/notifTagValue&gt;&lt;recordID&gt;112549&lt;/recordID&gt;&lt;notifName&gt;TransCtr&lt;/notifName&gt;&lt;notifDescription&gt;P558_JENOPTIK&lt;/notifDescription&gt;&lt;CreatedBy&gt;SYSTEM&lt;/CreatedBy&gt;&lt;CreatedOn&gt;2016-12-16T13:43:50&lt;/CreatedOn&gt;&lt;ModifiedBy&gt;System&lt;/ModifiedBy&gt;&lt;ModifiedOn&gt;2016-12-16T13:43:52&lt;/ModifiedOn&gt;&lt;tagName&gt;Data_00&lt;/tagName&gt;&lt;tagTypeID&gt;8&lt;/tagTypeID&gt;&lt;tagGroupID&gt;1&lt;/tagGroupID&gt;&lt;tagFunctionID&gt;4&lt;/tagFunctionID&gt;&lt;COM_typeName&gt;TSend&lt;/COM_typeName&gt;&lt;FNC_typeName&gt;DefDataTable&lt;/FNC_typeName&gt;&lt;OPC_typeName&gt;FLOAT&lt;/OPC_typeName&gt;&lt;unitID&gt;36&lt;/unitID&gt;&lt;lineID&gt;35&lt;/lineID&gt;&lt;nameDefined&gt;Hi\Lo&lt;/nameDefined&gt;&lt;uomDefinedID&gt;24&lt;/uomDefinedID&gt;&lt;UOMName&gt;MM&lt;/UOMName&gt;&lt;UOMDescription&gt;MILIMETERS&lt;/UOMDescription&gt;&lt;serialNumber&gt;FTW2M160006tk&lt;/serialNumber&gt;&lt;avrg&gt;0.002575&lt;/avrg&gt;&lt;/Row&gt;&lt;Row&gt;&lt;notifRecordID&gt;112552&lt;/notifRecordID&gt;&lt;notifTagID&gt;123&lt;/notifTagID&gt;&lt;notifTagValue&gt;0.011&lt;/notifTagValue&gt;&lt;recordID&gt;112552&lt;/recordID&gt;&lt;notifName&gt;TransCtr&lt;/notifName&gt;&lt;notifDescription&gt;P558_JENOPTIK&lt;/notifDescription&gt;&lt;CreatedBy&gt;SYSTEM&lt;/CreatedBy&gt;&lt;CreatedOn&gt;2016-12-16T13:46:24&lt;/CreatedOn&gt;&lt;ModifiedBy&gt;System&lt;/ModifiedBy&gt;&lt;ModifiedOn&gt;2016-12-16T13:46:26&lt;/ModifiedOn&gt;&lt;tagName&gt;Data_00&lt;/tagName&gt;&lt;tagTypeID&gt;8&lt;/tagTypeID&gt;&lt;tagGroupID&gt;1&lt;/tagGroupID&gt;&lt;tagFunctionID&gt;4&lt;/tagFunctionID&gt;&lt;COM_typeName&gt;TSend&lt;/COM_typeName&gt;&lt;FNC_typeName&gt;DefDataTable&lt;/FNC_typeName&gt;&lt;OPC_typeName&gt;FLOAT&lt;/OPC_typeName&gt;&lt;unitID&gt;36&lt;/unitID&gt;&lt;lineID&gt;35&lt;/lineID&gt;&lt;nameDefined&gt;Hi\Lo&lt;/nameDefined&gt;&lt;uomDefinedID&gt;24&lt;/uomDefinedID&gt;&lt;UOMName&gt;MM&lt;/UOMName&gt;&lt;UOMDescription&gt;MILIMETERS&lt;/UOMDescription&gt;&lt;serialNumber&gt;FTW3M16000akg&lt;/serialNumber&gt;&lt;avrg&gt;0.002575&lt;/avrg&gt;&lt;/Row&gt;&lt;Row&gt;&lt;notifRecordID&gt;112555&lt;/notifRecordID&gt;&lt;notifTagID&gt;123&lt;/notifTagID&gt;&lt;notifTagValue&gt;0.005&lt;/notifTagValue&gt;&lt;recordID&gt;112555&lt;/recordID&gt;&lt;notifName&gt;TransCtr&lt;/notifName&gt;&lt;notifDescription&gt;P558_JENOPTIK&lt;/notifDescription&gt;&lt;CreatedBy&gt;SYSTEM&lt;/CreatedBy&gt;&lt;CreatedOn&gt;2016-12-16T13:49:52&lt;/CreatedOn&gt;&lt;ModifiedBy&gt;System&lt;/ModifiedBy&gt;&lt;ModifiedOn&gt;2016-12-16T13:49:54&lt;/ModifiedOn&gt;&lt;tagName&gt;Data_00&lt;/tagName&gt;&lt;tagTypeID&gt;8&lt;/tagTypeID&gt;&lt;tagGroupID&gt;1&lt;/tagGroupID&gt;&lt;tagFunctionID&gt;4&lt;/tagFunctionID&gt;&lt;COM_typeName&gt;TSend&lt;/COM_typeName&gt;&lt;FNC_typeName&gt;DefDataTable&lt;/FNC_typeName&gt;&lt;OPC_typeName&gt;FLOAT&lt;/OPC_typeName&gt;&lt;unitID&gt;36&lt;/unitID&gt;&lt;lineID&gt;35&lt;/lineID&gt;&lt;nameDefined&gt;Hi\Lo&lt;/nameDefined&gt;&lt;uomDefinedID&gt;24&lt;/uomDefinedID&gt;&lt;UOMName&gt;MM&lt;/UOMName&gt;&lt;UOMDescription&gt;MILIMETERS&lt;/UOMDescription&gt;&lt;serialNumber&gt;FTW3M16000akh&lt;/serialNumber&gt;&lt;avrg&gt;0.002575&lt;/avrg&gt;&lt;/Row&gt;&lt;Row&gt;&lt;notifRecordID&gt;112561&lt;/notifRecordID&gt;&lt;notifTagID&gt;123&lt;/notifTagID&gt;&lt;notifTagValue&gt;-0.003&lt;/notifTagValue&gt;&lt;recordID&gt;112561&lt;/recordID&gt;&lt;notifName&gt;TransCtr&lt;/notifName&gt;&lt;notifDescription&gt;P558_JENOPTIK&lt;/notifDescription&gt;&lt;CreatedBy&gt;SYSTEM&lt;/CreatedBy&gt;&lt;CreatedOn&gt;2016-12-16T14:01:17&lt;/CreatedOn&gt;&lt;ModifiedBy&gt;System&lt;/ModifiedBy&gt;&lt;ModifiedOn&gt;2016-12-16T14:01:19&lt;/ModifiedOn&gt;&lt;tagName&gt;Data_00&lt;/tagName&gt;&lt;tagTypeID&gt;8&lt;/tagTypeID&gt;&lt;tagGroupID&gt;1&lt;/tagGroupID&gt;&lt;tagFunctionID&gt;4&lt;/tagFunctionID&gt;&lt;COM_typeName&gt;TSend&lt;/COM_typeName&gt;&lt;FNC_typeName&gt;DefDataTable&lt;/FNC_typeName&gt;&lt;OPC_typeName&gt;FLOAT&lt;/OPC_typeName&gt;&lt;unitID&gt;36&lt;/unitID&gt;&lt;lineID&gt;35&lt;/lineID&gt;&lt;nameDefined&gt;Hi\Lo&lt;/nameDefined&gt;&lt;uomDefinedID&gt;24&lt;/uomDefinedID&gt;&lt;UOMName&gt;MM&lt;/UOMName&gt;&lt;UOMDescription&gt;MILIMETERS&lt;/UOMDescription&gt;&lt;serialNumber&gt;FTW2M160006tl&lt;/serialNumber&gt;&lt;avrg&gt;0.002575&lt;/avrg&gt;&lt;/Row&gt;&lt;Row&gt;&lt;notifRecordID&gt;112567&lt;/notifRecordID&gt;&lt;notifTagID&gt;123&lt;/notifTagID&gt;&lt;notifTagValue&gt;-0.001&lt;/notifTagValue&gt;&lt;recordID&gt;112567&lt;/recordID&gt;&lt;notifName&gt;TransCtr&lt;/notifName&gt;&lt;notifDescription&gt;P558_JENOPTIK&lt;/notifDescription&gt;&lt;CreatedBy&gt;SYSTEM&lt;/CreatedBy&gt;&lt;CreatedOn&gt;2016-12-16T14:05:38&lt;/CreatedOn&gt;&lt;ModifiedBy&gt;System&lt;/ModifiedBy&gt;&lt;ModifiedOn&gt;2016-12-16T14:05:40&lt;/ModifiedOn&gt;&lt;tagName&gt;Data_00&lt;/tagName&gt;&lt;tagTypeID&gt;8&lt;/tagTypeID&gt;&lt;tagGroupID&gt;1&lt;/tagGroupID&gt;&lt;tagFunctionID&gt;4&lt;/tagFunctionID&gt;&lt;COM_typeName&gt;TSend&lt;/COM_typeName&gt;&lt;FNC_typeName&gt;DefDataTable&lt;/FNC_typeName&gt;&lt;OPC_typeName&gt;FLOAT&lt;/OPC_typeName&gt;&lt;unitID&gt;36&lt;/unitID&gt;&lt;lineID&gt;35&lt;/lineID&gt;&lt;nameDefined&gt;Hi\Lo&lt;/nameDefined&gt;&lt;uomDefinedID&gt;24&lt;/uomDefinedID&gt;&lt;UOMName&gt;MM&lt;/UOMName&gt;&lt;UOMDescription&gt;MILIMETERS&lt;/UOMDescription&gt;&lt;serialNumber&gt;FTW3M16000aki&lt;/serialNumber&gt;&lt;avrg&gt;0.002575&lt;/avrg&gt;&lt;/Row&gt;&lt;Row&gt;&lt;notifRecordID&gt;112571&lt;/notifRecordID&gt;&lt;notifTagID&gt;123&lt;/notifTagID&gt;&lt;notifTagValue&gt;0.001&lt;/notifTagValue&gt;&lt;recordID&gt;112571&lt;/recordID&gt;&lt;notifName&gt;TransCtr&lt;/notifName&gt;&lt;notifDescription&gt;P558_JENOPTIK&lt;/notifDescription&gt;&lt;CreatedBy&gt;SYSTEM&lt;/CreatedBy&gt;&lt;CreatedOn&gt;2016-12-16T14:10:01&lt;/CreatedOn&gt;&lt;ModifiedBy&gt;System&lt;/ModifiedBy&gt;&lt;ModifiedOn&gt;2016-12-16T14:10:03&lt;/ModifiedOn&gt;&lt;tagName&gt;Data_00&lt;/tagName&gt;&lt;tagTypeID&gt;8&lt;/tagTypeID&gt;&lt;tagGroupID&gt;1&lt;/tagGroupID&gt;&lt;tagFunctionID&gt;4&lt;/tagFunctionID&gt;&lt;COM_typeName&gt;TSend&lt;/COM_typeName&gt;&lt;FNC_typeName&gt;DefDataTable&lt;/FNC_typeName&gt;&lt;OPC_typeName&gt;FLOAT&lt;/OPC_typeName&gt;&lt;unitID&gt;36&lt;/unitID&gt;&lt;lineID&gt;35&lt;/lineID&gt;&lt;nameDefined&gt;Hi\Lo&lt;/nameDefined&gt;&lt;uomDefinedID&gt;24&lt;/uomDefinedID&gt;&lt;UOMName&gt;MM&lt;/UOMName&gt;&lt;UOMDescription&gt;MILIMETERS&lt;/UOMDescription&gt;&lt;serialNumber&gt;FTW2M160006tm&lt;/serialNumber&gt;&lt;avrg&gt;0.002575&lt;/avrg&gt;&lt;/Row&gt;&lt;Row&gt;&lt;notifRecordID&gt;112574&lt;/notifRecordID&gt;&lt;notifTagID&gt;123&lt;/notifTagID&gt;&lt;notifTagValue&gt;0.011&lt;/notifTagValue&gt;&lt;recordID&gt;112574&lt;/recordID&gt;&lt;notifName&gt;TransCtr&lt;/notifName&gt;&lt;notifDescription&gt;P558_JENOPTIK&lt;/notifDescription&gt;&lt;CreatedBy&gt;SYSTEM&lt;/CreatedBy&gt;&lt;CreatedOn&gt;2016-12-16T14:12:00&lt;/CreatedOn&gt;&lt;ModifiedBy&gt;System&lt;/ModifiedBy&gt;&lt;ModifiedOn&gt;2016-12-16T14:12:02&lt;/ModifiedOn&gt;&lt;tagName&gt;Data_00&lt;/tagName&gt;&lt;tagTypeID&gt;8&lt;/tagTypeID&gt;&lt;tagGroupID&gt;1&lt;/tagGroupID&gt;&lt;tagFunctionID&gt;4&lt;/tagFunctionID&gt;&lt;COM_typeName&gt;TSend&lt;/COM_typeName&gt;&lt;FNC_typeName&gt;DefDataTable&lt;/FNC_typeName&gt;&lt;OPC_typeName&gt;FLOAT&lt;/OPC_typeName&gt;&lt;unitID&gt;36&lt;/unitID&gt;&lt;lineID&gt;35&lt;/lineID&gt;&lt;nameDefined&gt;Hi\Lo&lt;/nameDefined&gt;&lt;uomDefinedID&gt;24&lt;/uomDefinedID&gt;&lt;UOMName&gt;MM&lt;/UOMName&gt;&lt;UOMDescription&gt;MILIMETERS&lt;/UOMDescription&gt;&lt;serialNumber&gt;FTW3M16000akj&lt;/serialNumber&gt;&lt;avrg&gt;0.002575&lt;/avrg&gt;&lt;/Row&gt;&lt;Row&gt;&lt;notifRecordID&gt;112580&lt;/notifRecordID&gt;&lt;notifTagID&gt;123&lt;/notifTagID&gt;&lt;notifTagValue&gt;0.007&lt;/notifTagValue&gt;&lt;recordID&gt;112580&lt;/recordID&gt;&lt;notifName&gt;TransCtr&lt;/notifName&gt;&lt;notifDescription&gt;P558_JENOPTIK&lt;/notifDescription&gt;&lt;CreatedBy&gt;SYSTEM&lt;/CreatedBy&gt;&lt;CreatedOn&gt;2016-12-16T14:17:46&lt;/CreatedOn&gt;&lt;ModifiedBy&gt;System&lt;/ModifiedBy&gt;&lt;ModifiedOn&gt;2016-12-16T14:17:48&lt;/ModifiedOn&gt;&lt;tagName&gt;Data_00&lt;/tagName&gt;&lt;tagTypeID&gt;8&lt;/tagTypeID&gt;&lt;tagGroupID&gt;1&lt;/tagGroupID&gt;&lt;tagFunctionID&gt;4&lt;/tagFunctionID&gt;&lt;COM_typeName&gt;TSend&lt;/COM_typeName&gt;&lt;FNC_typeName&gt;DefDataTable&lt;/FNC_typeName&gt;&lt;OPC_typeName&gt;FLOAT&lt;/OPC_typeName&gt;&lt;unitID&gt;36&lt;/unitID&gt;&lt;lineID&gt;35&lt;/lineID&gt;&lt;nameDefined&gt;Hi\Lo&lt;/nameDefined&gt;&lt;uomDefinedID&gt;24&lt;/uomDefinedID&gt;&lt;UOMName&gt;MM&lt;/UOMName&gt;&lt;UOMDescription&gt;MILIMETERS&lt;/UOMDescription&gt;&lt;serialNumber&gt;FTW3M16000akk&lt;/serialNumber&gt;&lt;avrg&gt;0.002575&lt;/avrg&gt;&lt;/Row&gt;&lt;Row&gt;&lt;notifRecordID&gt;112590&lt;/notifRecordID&gt;&lt;notifTagID&gt;123&lt;/notifTagID&gt;&lt;notifTagValue&gt;0.002&lt;/notifTagValue&gt;&lt;recordID&gt;112590&lt;/recordID&gt;&lt;notifName&gt;TransCtr&lt;/notifName&gt;&lt;notifDescription&gt;P558_JENOPTIK&lt;/notifDescription&gt;&lt;CreatedBy&gt;SYSTEM&lt;/CreatedBy&gt;&lt;CreatedOn&gt;2016-12-16T14:35:53&lt;/CreatedOn&gt;&lt;ModifiedBy&gt;System&lt;/ModifiedBy&gt;&lt;ModifiedOn&gt;2016-12-16T14:35:55&lt;/ModifiedOn&gt;&lt;tagName&gt;Data_00&lt;/tagName&gt;&lt;tagTypeID&gt;8&lt;/tagTypeID&gt;&lt;tagGroupID&gt;1&lt;/tagGroupID&gt;&lt;tagFunctionID&gt;4&lt;/tagFunctionID&gt;&lt;COM_typeName&gt;TSend&lt;/COM_typeName&gt;&lt;FNC_typeName&gt;DefDataTable&lt;/FNC_typeName&gt;&lt;OPC_typeName&gt;FLOAT&lt;/OPC_typeName&gt;&lt;unitID&gt;36&lt;/unitID&gt;&lt;lineID&gt;35&lt;/lineID&gt;&lt;nameDefined&gt;Hi\Lo&lt;/nameDefined&gt;&lt;uomDefinedID&gt;24&lt;/uomDefinedID&gt;&lt;UOMName&gt;MM&lt;/UOMName&gt;&lt;UOMDescription&gt;MILIMETERS&lt;/UOMDescription&gt;&lt;serialNumber&gt;FTW2M160006tn&lt;/serialNumber&gt;&lt;avrg&gt;0.002575&lt;/avrg&gt;&lt;/Row&gt;&lt;Row&gt;&lt;notifRecordID&gt;112593&lt;/notifRecordID&gt;&lt;notifTagID&gt;123&lt;/notifTagID&gt;&lt;notifTagValue&gt;0.005&lt;/notifTagValue&gt;&lt;recordID&gt;112593&lt;/recordID&gt;&lt;notifName&gt;TransCtr&lt;/notifName&gt;&lt;notifDescription&gt;P558_JENOPTIK&lt;/notifDescription&gt;&lt;CreatedBy&gt;SYSTEM&lt;/CreatedBy&gt;&lt;CreatedOn&gt;2016-12-16T14:37:49&lt;/CreatedOn&gt;&lt;ModifiedBy&gt;System&lt;/ModifiedBy&gt;&lt;ModifiedOn&gt;2016-12-16T14:37:51&lt;/ModifiedOn&gt;&lt;tagName&gt;Data_00&lt;/tagName&gt;&lt;tagTypeID&gt;8&lt;/tagTypeID&gt;&lt;tagGroupID&gt;1&lt;/tagGroupID&gt;&lt;tagFunctionID&gt;4&lt;/tagFunctionID&gt;&lt;COM_typeName&gt;TSend&lt;/COM_typeName&gt;&lt;FNC_typeName&gt;DefDataTable&lt;/FNC_typeName&gt;&lt;OPC_typeName&gt;FLOAT&lt;/OPC_typeName&gt;&lt;unitID&gt;36&lt;/unitID&gt;&lt;lineID&gt;35&lt;/lineID&gt;&lt;nameDefined&gt;Hi\Lo&lt;/nameDefined&gt;&lt;uomDefinedID&gt;24&lt;/uomDefinedID&gt;&lt;UOMName&gt;MM&lt;/UOMName&gt;&lt;UOMDescription&gt;MILIMETERS&lt;/UOMDescription&gt;&lt;serialNumber&gt;FTW3M16000akl&lt;/serialNumber&gt;&lt;avrg&gt;0.002575&lt;/avrg&gt;&lt;/Row&gt;&lt;Row&gt;&lt;notifRecordID&gt;112596&lt;/notifRecordID&gt;&lt;notifTagID&gt;123&lt;/notifTagID&gt;&lt;notifTagValue&gt;0.012&lt;/notifTagValue&gt;&lt;recordID&gt;112596&lt;/recordID&gt;&lt;notifName&gt;TransCtr&lt;/notifName&gt;&lt;notifDescription&gt;P558_JENOPTIK&lt;/notifDescription&gt;&lt;CreatedBy&gt;SYSTEM&lt;/CreatedBy&gt;&lt;CreatedOn&gt;2016-12-16T14:39:29&lt;/CreatedOn&gt;&lt;ModifiedBy&gt;System&lt;/ModifiedBy&gt;&lt;ModifiedOn&gt;2016-12-16T14:39:31&lt;/ModifiedOn&gt;&lt;tagName&gt;Data_00&lt;/tagName&gt;&lt;tagTypeID&gt;8&lt;/tagTypeID&gt;&lt;tagGroupID&gt;1&lt;/tagGroupID&gt;&lt;tagFunctionID&gt;4&lt;/tagFunctionID&gt;&lt;COM_typeName&gt;TSend&lt;/COM_typeName&gt;&lt;FNC_typeName&gt;DefDataTable&lt;/FNC_typeName&gt;&lt;OPC_typeName&gt;FLOAT&lt;/OPC_typeName&gt;&lt;unitID&gt;36&lt;/unitID&gt;&lt;lineID&gt;35&lt;/lineID&gt;&lt;nameDefined&gt;Hi\Lo&lt;/nameDefined&gt;&lt;uomDefinedID&gt;24&lt;/uomDefinedID&gt;&lt;UOMName&gt;MM&lt;/UOMName&gt;&lt;UOMDescription&gt;MILIMETERS&lt;/UOMDescription&gt;&lt;serialNumber&gt;FTW2M160006to&lt;/serialNumber&gt;&lt;avrg&gt;0.002575&lt;/avrg&gt;&lt;/Row&gt;&lt;Row&gt;&lt;notifRecordID&gt;112598&lt;/notifRecordID&gt;&lt;notifTagID&gt;123&lt;/notifTagID&gt;&lt;notifTagValue&gt;0.01&lt;/notifTagValue&gt;&lt;recordID&gt;112598&lt;/recordID&gt;&lt;notifName&gt;TransCtr&lt;/notifName&gt;&lt;notifDescription&gt;P558_JENOPTIK&lt;/notifDescription&gt;&lt;CreatedBy&gt;SYSTEM&lt;/CreatedBy&gt;&lt;CreatedOn&gt;2016-12-16T14:42:05&lt;/CreatedOn&gt;&lt;ModifiedBy&gt;System&lt;/ModifiedBy&gt;&lt;ModifiedOn&gt;2016-12-16T14:42:07&lt;/ModifiedOn&gt;&lt;tagName&gt;Data_00&lt;/tagName&gt;&lt;tagTypeID&gt;8&lt;/tagTypeID&gt;&lt;tagGroupID&gt;1&lt;/tagGroupID&gt;&lt;tagFunctionID&gt;4&lt;/tagFunctionID&gt;&lt;COM_typeName&gt;TSend&lt;/COM_typeName&gt;&lt;FNC_typeName&gt;DefDataTable&lt;/FNC_typeName&gt;&lt;OPC_typeName&gt;FLOAT&lt;/OPC_typeName&gt;&lt;unitID&gt;36&lt;/unitID&gt;&lt;lineID&gt;35&lt;/lineID&gt;&lt;nameDefined&gt;Hi\Lo&lt;/nameDefined&gt;&lt;uomDefinedID&gt;24&lt;/uomDefinedID&gt;&lt;UOMName&gt;MM&lt;/UOMName&gt;&lt;UOMDescription&gt;MILIMETERS&lt;/UOMDescription&gt;&lt;serialNumber&gt;FTW3M16000akm&lt;/serialNumber&gt;&lt;avrg&gt;0.002575&lt;/avrg&gt;&lt;/Row&gt;&lt;Row&gt;&lt;notifRecordID&gt;112601&lt;/notifRecordID&gt;&lt;notifTagID&gt;123&lt;/notifTagID&gt;&lt;notifTagValue&gt;0.006&lt;/notifTagValue&gt;&lt;recordID&gt;112601&lt;/recordID&gt;&lt;notifName&gt;TransCtr&lt;/notifName&gt;&lt;notifDescription&gt;P558_JENOPTIK&lt;/notifDescription&gt;&lt;CreatedBy&gt;SYSTEM&lt;/CreatedBy&gt;&lt;CreatedOn&gt;2016-12-16T14:43:54&lt;/CreatedOn&gt;&lt;ModifiedBy&gt;System&lt;/ModifiedBy&gt;&lt;ModifiedOn&gt;2016-12-16T14:43:56&lt;/ModifiedOn&gt;&lt;tagName&gt;Data_00&lt;/tagName&gt;&lt;tagTypeID&gt;8&lt;/tagTypeID&gt;&lt;tagGroupID&gt;1&lt;/tagGroupID&gt;&lt;tagFunctionID&gt;4&lt;/tagFunctionID&gt;&lt;COM_typeName&gt;TSend&lt;/COM_typeName&gt;&lt;FNC_typeName&gt;DefDataTable&lt;/FNC_typeName&gt;&lt;OPC_typeName&gt;FLOAT&lt;/OPC_typeName&gt;&lt;unitID&gt;36&lt;/unitID&gt;&lt;lineID&gt;35&lt;/lineID&gt;&lt;nameDefined&gt;Hi\Lo&lt;/nameDefined&gt;&lt;uomDefinedID&gt;24&lt;/uomDefinedID&gt;&lt;UOMName&gt;MM&lt;/UOMName&gt;&lt;UOMDescription&gt;MILIMETERS&lt;/UOMDescription&gt;&lt;serialNumber&gt;FTW3M16000akn&lt;/serialNumber&gt;&lt;avrg&gt;0.002575&lt;/avrg&gt;&lt;/Row&gt;&lt;Row&gt;&lt;notifRecordID&gt;112621&lt;/notifRecordID&gt;&lt;notifTagID&gt;123&lt;/notifTagID&gt;&lt;notifTagValue&gt;0.007&lt;/notifTagValue&gt;&lt;recordID&gt;112621&lt;/recordID&gt;&lt;notifName&gt;TransCtr&lt;/notifName&gt;&lt;notifDescription&gt;P558_JENOPTIK&lt;/notifDescription&gt;&lt;CreatedBy&gt;SYSTEM&lt;/CreatedBy&gt;&lt;CreatedOn&gt;2016-12-16T15:28:43&lt;/CreatedOn&gt;&lt;ModifiedBy&gt;System&lt;/ModifiedBy&gt;&lt;ModifiedOn&gt;2016-12-16T15:28:45&lt;/ModifiedOn&gt;&lt;tagName&gt;Data_00&lt;/tagName&gt;&lt;tagTypeID&gt;8&lt;/tagTypeID&gt;&lt;tagGroupID&gt;1&lt;/tagGroupID&gt;&lt;tagFunctionID&gt;4&lt;/tagFunctionID&gt;&lt;COM_typeName&gt;TSend&lt;/COM_typeName&gt;&lt;FNC_typeName&gt;DefDataTable&lt;/FNC_typeName&gt;&lt;OPC_typeName&gt;FLOAT&lt;/OPC_typeName&gt;&lt;unitID&gt;36&lt;/unitID&gt;&lt;lineID&gt;35&lt;/lineID&gt;&lt;nameDefined&gt;Hi\Lo&lt;/nameDefined&gt;&lt;uomDefinedID&gt;24&lt;/uomDefinedID&gt;&lt;UOMName&gt;MM&lt;/UOMName&gt;&lt;UOMDescription&gt;MILIMETERS&lt;/UOMDescription&gt;&lt;serialNumber&gt;FTW2M160006tq&lt;/serialNumber&gt;&lt;avrg&gt;0.002575&lt;/avrg&gt;&lt;/Row&gt;&lt;Row&gt;&lt;notifRecordID&gt;112624&lt;/notifRecordID&gt;&lt;notifTagID&gt;123&lt;/notifTagID&gt;&lt;notifTagValue&gt;0.007&lt;/notifTagValue&gt;&lt;recordID&gt;112624&lt;/recordID&gt;&lt;notifName&gt;TransCtr&lt;/notifName&gt;&lt;notifDescription&gt;P558_JENOPTIK&lt;/notifDescription&gt;&lt;CreatedBy&gt;SYSTEM&lt;/CreatedBy&gt;&lt;CreatedOn&gt;2016-12-16T15:30:22&lt;/CreatedOn&gt;&lt;ModifiedBy&gt;System&lt;/ModifiedBy&gt;&lt;ModifiedOn&gt;2016-12-16T15:30:23&lt;/ModifiedOn&gt;&lt;tagName&gt;Data_00&lt;/tagName&gt;&lt;tagTypeID&gt;8&lt;/tagTypeID&gt;&lt;tagGroupID&gt;1&lt;/tagGroupID&gt;&lt;tagFunctionID&gt;4&lt;/tagFunctionID&gt;&lt;COM_typeName&gt;TSend&lt;/COM_typeName&gt;&lt;FNC_typeName&gt;DefDataTable&lt;/FNC_typeName&gt;&lt;OPC_typeName&gt;FLOAT&lt;/OPC_typeName&gt;&lt;unitID&gt;36&lt;/unitID&gt;&lt;lineID&gt;35&lt;/lineID&gt;&lt;nameDefined&gt;Hi\Lo&lt;/nameDefined&gt;&lt;uomDefinedID&gt;24&lt;/uomDefinedID&gt;&lt;UOMName&gt;MM&lt;/UOMName&gt;&lt;UOMDescription&gt;MILIMETERS&lt;/UOMDescription&gt;&lt;serialNumber&gt;FTW3M16000akp&lt;/serialNumber&gt;&lt;avrg&gt;0.002575&lt;/avrg&gt;&lt;/Row&gt;&lt;Row&gt;&lt;notifRecordID&gt;112628&lt;/notifRecordID&gt;&lt;notifTagID&gt;123&lt;/notifTagID&gt;&lt;notifTagValue&gt;0.007&lt;/notifTagValue&gt;&lt;recordID&gt;112628&lt;/recordID&gt;&lt;notifName&gt;TransCtr&lt;/notifName&gt;&lt;notifDescription&gt;P558_JENOPTIK&lt;/notifDescription&gt;&lt;CreatedBy&gt;SYSTEM&lt;/CreatedBy&gt;&lt;CreatedOn&gt;2016-12-16T15:35:10&lt;/CreatedOn&gt;&lt;ModifiedBy&gt;System&lt;/ModifiedBy&gt;&lt;ModifiedOn&gt;2016-12-16T15:35:12&lt;/ModifiedOn&gt;&lt;tagName&gt;Data_00&lt;/tagName&gt;&lt;tagTypeID&gt;8&lt;/tagTypeID&gt;&lt;tagGroupID&gt;1&lt;/tagGroupID&gt;&lt;tagFunctionID&gt;4&lt;/tagFunctionID&gt;&lt;COM_typeName&gt;TSend&lt;/COM_typeName&gt;&lt;FNC_typeName&gt;DefDataTable&lt;/FNC_typeName&gt;&lt;OPC_typeName&gt;FLOAT&lt;/OPC_typeName&gt;&lt;unitID&gt;36&lt;/unitID&gt;&lt;lineID&gt;35&lt;/lineID&gt;&lt;nameDefined&gt;Hi\Lo&lt;/nameDefined&gt;&lt;uomDefinedID&gt;24&lt;/uomDefinedID&gt;&lt;UOMName&gt;MM&lt;/UOMName&gt;&lt;UOMDescription&gt;MILIMETERS&lt;/UOMDescription&gt;&lt;serialNumber&gt;FTW2M160006tp&lt;/serialNumber&gt;&lt;avrg&gt;0.002575&lt;/avrg&gt;&lt;/Row&gt;&lt;Row&gt;&lt;notifRecordID&gt;112631&lt;/notifRecordID&gt;&lt;notifTagID&gt;123&lt;/notifTagID&gt;&lt;notifTagValue&gt;0.005&lt;/notifTagValue&gt;&lt;recordID&gt;112631&lt;/recordID&gt;&lt;notifName&gt;TransCtr&lt;/notifName&gt;&lt;notifDescription&gt;P558_JENOPTIK&lt;/notifDescription&gt;&lt;CreatedBy&gt;SYSTEM&lt;/CreatedBy&gt;&lt;CreatedOn&gt;2016-12-16T15:36:40&lt;/CreatedOn&gt;&lt;ModifiedBy&gt;System&lt;/ModifiedBy&gt;&lt;ModifiedOn&gt;2016-12-16T15:36:42&lt;/ModifiedOn&gt;&lt;tagName&gt;Data_00&lt;/tagName&gt;&lt;tagTypeID&gt;8&lt;/tagTypeID&gt;&lt;tagGroupID&gt;1&lt;/tagGroupID&gt;&lt;tagFunctionID&gt;4&lt;/tagFunctionID&gt;&lt;COM_typeName&gt;TSend&lt;/COM_typeName&gt;&lt;FNC_typeName&gt;DefDataTable&lt;/FNC_typeName&gt;&lt;OPC_typeName&gt;FLOAT&lt;/OPC_typeName&gt;&lt;unitID&gt;36&lt;/unitID&gt;&lt;lineID&gt;35&lt;/lineID&gt;&lt;nameDefined&gt;Hi\Lo&lt;/nameDefined&gt;&lt;uomDefinedID&gt;24&lt;/uomDefinedID&gt;&lt;UOMName&gt;MM&lt;/UOMName&gt;&lt;UOMDescription&gt;MILIMETERS&lt;/UOMDescription&gt;&lt;serialNumber&gt;FTW3M16000akq&lt;/serialNumber&gt;&lt;avrg&gt;0.002575&lt;/avrg&gt;&lt;/Row&gt;&lt;Row&gt;&lt;notifRecordID&gt;112636&lt;/notifRecordID&gt;&lt;notifTagID&gt;123&lt;/notifTagID&gt;&lt;notifTagValue&gt;0.017&lt;/notifTagValue&gt;&lt;recordID&gt;112636&lt;/recordID&gt;&lt;notifName&gt;TransCtr&lt;/notifName&gt;&lt;notifDescription&gt;P558_JENOPTIK&lt;/notifDescription&gt;&lt;CreatedBy&gt;SYSTEM&lt;/CreatedBy&gt;&lt;CreatedOn&gt;2016-12-16T15:40:46&lt;/CreatedOn&gt;&lt;ModifiedBy&gt;System&lt;/ModifiedBy&gt;&lt;ModifiedOn&gt;2016-12-16T15:40:48&lt;/ModifiedOn&gt;&lt;tagName&gt;Data_00&lt;/tagName&gt;&lt;tagTypeID&gt;8&lt;/tagTypeID&gt;&lt;tagGroupID&gt;1&lt;/tagGroupID&gt;&lt;tagFunctionID&gt;4&lt;/tagFunctionID&gt;&lt;COM_typeName&gt;TSend&lt;/COM_typeName&gt;&lt;FNC_typeName&gt;DefDataTable&lt;/FNC_typeName&gt;&lt;OPC_typeName&gt;FLOAT&lt;/OPC_typeName&gt;&lt;unitID&gt;36&lt;/unitID&gt;&lt;lineID&gt;35&lt;/lineID&gt;&lt;nameDefined&gt;Hi\Lo&lt;/nameDefined&gt;&lt;uomDefinedID&gt;24&lt;/uomDefinedID&gt;&lt;UOMName&gt;MM&lt;/UOMName&gt;&lt;UOMDescription&gt;MILIMETERS&lt;/UOMDescription&gt;&lt;serialNumber&gt;FTW3M16000ako&lt;/serialNumber&gt;&lt;avrg&gt;0.002575&lt;/avrg&gt;&lt;/Row&gt;&lt;Row&gt;&lt;notifRecordID&gt;112638&lt;/notifRecordID&gt;&lt;notifTagID&gt;123&lt;/notifTagID&gt;&lt;notifTagValue&gt;0.013&lt;/notifTagValue&gt;&lt;recordID&gt;112638&lt;/recordID&gt;&lt;notifName&gt;TransCtr&lt;/notifName&gt;&lt;notifDescription&gt;P558_JENOPTIK&lt;/notifDescription&gt;&lt;CreatedBy&gt;SYSTEM&lt;/CreatedBy&gt;&lt;CreatedOn&gt;2016-12-16T15:42:29&lt;/CreatedOn&gt;&lt;ModifiedBy&gt;System&lt;/ModifiedBy&gt;&lt;ModifiedOn&gt;2016-12-16T15:42:31&lt;/ModifiedOn&gt;&lt;tagName&gt;Data_00&lt;/tagName&gt;&lt;tagTypeID&gt;8&lt;/tagTypeID&gt;&lt;tagGroupID&gt;1&lt;/tagGroupID&gt;&lt;tagFunctionID&gt;4&lt;/tagFunctionID&gt;&lt;COM_typeName&gt;TSend&lt;/COM_typeName&gt;&lt;FNC_typeName&gt;DefDataTable&lt;/FNC_typeName&gt;&lt;OPC_typeName&gt;FLOAT&lt;/OPC_typeName&gt;&lt;unitID&gt;36&lt;/unitID&gt;&lt;lineID&gt;35&lt;/lineID&gt;&lt;nameDefined&gt;Hi\Lo&lt;/nameDefined&gt;&lt;uomDefinedID&gt;24&lt;/uomDefinedID&gt;&lt;UOMName&gt;MM&lt;/UOMName&gt;&lt;UOMDescription&gt;MILIMETERS&lt;/UOMDescription&gt;&lt;serialNumber&gt;FTW2M160006tr&lt;/serialNumber&gt;&lt;avrg&gt;0.002575&lt;/avrg&gt;&lt;/Row&gt;&lt;Row&gt;&lt;notifRecordID&gt;112642&lt;/notifRecordID&gt;&lt;notifTagID&gt;123&lt;/notifTagID&gt;&lt;notifTagValue&gt;0.004&lt;/notifTagValue&gt;&lt;recordID&gt;112642&lt;/recordID&gt;&lt;notifName&gt;TransCtr&lt;/notifName&gt;&lt;notifDescription&gt;P558_JENOPTIK&lt;/notifDescription&gt;&lt;CreatedBy&gt;SYSTEM&lt;/CreatedBy&gt;&lt;CreatedOn&gt;2016-12-16T15:44:13&lt;/CreatedOn&gt;&lt;ModifiedBy&gt;System&lt;/ModifiedBy&gt;&lt;ModifiedOn&gt;2016-12-16T15:44:15&lt;/ModifiedOn&gt;&lt;tagName&gt;Data_00&lt;/tagName&gt;&lt;tagTypeID&gt;8&lt;/tagTypeID&gt;&lt;tagGroupID&gt;1&lt;/tagGroupID&gt;&lt;tagFunctionID&gt;4&lt;/tagFunctionID&gt;&lt;COM_typeName&gt;TSend&lt;/COM_typeName&gt;&lt;FNC_typeName&gt;DefDataTable&lt;/FNC_typeName&gt;&lt;OPC_typeName&gt;FLOAT&lt;/OPC_typeName&gt;&lt;unitID&gt;36&lt;/unitID&gt;&lt;lineID&gt;35&lt;/lineID&gt;&lt;nameDefined&gt;Hi\Lo&lt;/nameDefined&gt;&lt;uomDefinedID&gt;24&lt;/uomDefinedID&gt;&lt;UOMName&gt;MM&lt;/UOMName&gt;&lt;UOMDescription&gt;MILIMETERS&lt;/UOMDescription&gt;&lt;serialNumber&gt;FTW3M16000akr&lt;/serialNumber&gt;&lt;avrg&gt;0.002575&lt;/avrg&gt;&lt;/Row&gt;&lt;Row&gt;&lt;notifRecordID&gt;112644&lt;/notifRecordID&gt;&lt;notifTagID&gt;123&lt;/notifTagID&gt;&lt;notifTagValue&gt;0.0&lt;/notifTagValue&gt;&lt;recordID&gt;112644&lt;/recordID&gt;&lt;notifName&gt;TransCtr&lt;/notifName&gt;&lt;notifDescription&gt;P558_JENOPTIK&lt;/notifDescription&gt;&lt;CreatedBy&gt;SYSTEM&lt;/CreatedBy&gt;&lt;CreatedOn&gt;2016-12-16T15:46:15&lt;/CreatedOn&gt;&lt;ModifiedBy&gt;System&lt;/ModifiedBy&gt;&lt;ModifiedOn&gt;2016-12-16T15:46:17&lt;/ModifiedOn&gt;&lt;tagName&gt;Data_00&lt;/tagName&gt;&lt;tagTypeID&gt;8&lt;/tagTypeID&gt;&lt;tagGroupID&gt;1&lt;/tagGroupID&gt;&lt;tagFunctionID&gt;4&lt;/tagFunctionID&gt;&lt;COM_typeName&gt;TSend&lt;/COM_typeName&gt;&lt;FNC_typeName&gt;DefDataTable&lt;/FNC_typeName&gt;&lt;OPC_typeName&gt;FLOAT&lt;/OPC_typeName&gt;&lt;unitID&gt;36&lt;/unitID&gt;&lt;lineID&gt;35&lt;/lineID&gt;&lt;nameDefined&gt;Hi\Lo&lt;/nameDefined&gt;&lt;uomDefinedID&gt;24&lt;/uomDefinedID&gt;&lt;UOMName&gt;MM&lt;/UOMName&gt;&lt;UOMDescription&gt;MILIMETERS&lt;/UOMDescription&gt;&lt;serialNumber&gt;FTW2M160006ts&lt;/serialNumber&gt;&lt;avrg&gt;0.002575&lt;/avrg&gt;&lt;/Row&gt;&lt;Row&gt;&lt;notifRecordID&gt;112647&lt;/notifRecordID&gt;&lt;notifTagID&gt;123&lt;/notifTagID&gt;&lt;notifTagValue&gt;0.002&lt;/notifTagValue&gt;&lt;recordID&gt;112647&lt;/recordID&gt;&lt;notifName&gt;TransCtr&lt;/notifName&gt;&lt;notifDescription&gt;P558_JENOPTIK&lt;/notifDescription&gt;&lt;CreatedBy&gt;SYSTEM&lt;/CreatedBy&gt;&lt;CreatedOn&gt;2016-12-16T15:48:15&lt;/CreatedOn&gt;&lt;ModifiedBy&gt;System&lt;/ModifiedBy&gt;&lt;ModifiedOn&gt;2016-12-16T15:48:17&lt;/ModifiedOn&gt;&lt;tagName&gt;Data_00&lt;/tagName&gt;&lt;tagTypeID&gt;8&lt;/tagTypeID&gt;&lt;tagGroupID&gt;1&lt;/tagGroupID&gt;&lt;tagFunctionID&gt;4&lt;/tagFunctionID&gt;&lt;COM_typeName&gt;TSend&lt;/COM_typeName&gt;&lt;FNC_typeName&gt;DefDataTable&lt;/FNC_typeName&gt;&lt;OPC_typeName&gt;FLOAT&lt;/OPC_typeName&gt;&lt;unitID&gt;36&lt;/unitID&gt;&lt;lineID&gt;35&lt;/lineID&gt;&lt;nameDefined&gt;Hi\Lo&lt;/nameDefined&gt;&lt;uomDefinedID&gt;24&lt;/uomDefinedID&gt;&lt;UOMName&gt;MM&lt;/UOMName&gt;&lt;UOMDescription&gt;MILIMETERS&lt;/UOMDescription&gt;&lt;serialNumber&gt;FTW3M16000aks&lt;/serialNumber&gt;&lt;avrg&gt;0.002575&lt;/avrg&gt;&lt;/Row&gt;&lt;Row&gt;&lt;notifRecordID&gt;112652&lt;/notifRecordID&gt;&lt;notifTagID&gt;123&lt;/notifTagID&gt;&lt;notifTagValue&gt;0.003&lt;/notifTagValue&gt;&lt;recordID&gt;112652&lt;/recordID&gt;&lt;notifName&gt;TransCtr&lt;/notifName&gt;&lt;notifDescription&gt;P558_JENOPTIK&lt;/notifDescription&gt;&lt;CreatedBy&gt;SYSTEM&lt;/CreatedBy&gt;&lt;CreatedOn&gt;2016-12-16T15:57:11&lt;/CreatedOn&gt;&lt;ModifiedBy&gt;System&lt;/ModifiedBy&gt;&lt;ModifiedOn&gt;2016-12-16T15:57:12&lt;/ModifiedOn&gt;&lt;tagName&gt;Data_00&lt;/tagName&gt;&lt;tagTypeID&gt;8&lt;/tagTypeID&gt;&lt;tagGroupID&gt;1&lt;/tagGroupID&gt;&lt;tagFunctionID&gt;4&lt;/tagFunctionID&gt;&lt;COM_typeName&gt;TSend&lt;/COM_typeName&gt;&lt;FNC_typeName&gt;DefDataTable&lt;/FNC_typeName&gt;&lt;OPC_typeName&gt;FLOAT&lt;/OPC_typeName&gt;&lt;unitID&gt;36&lt;/unitID&gt;&lt;lineID&gt;35&lt;/lineID&gt;&lt;nameDefined&gt;Hi\Lo&lt;/nameDefined&gt;&lt;uomDefinedID&gt;24&lt;/uomDefinedID&gt;&lt;UOMName&gt;MM&lt;/UOMName&gt;&lt;UOMDescription&gt;MILIMETERS&lt;/UOMDescription&gt;&lt;serialNumber&gt;FTW3M16000akt&lt;/serialNumber&gt;&lt;avrg&gt;0.002575&lt;/avrg&gt;&lt;/Row&gt;&lt;Row&gt;&lt;notifRecordID&gt;112659&lt;/notifRecordID&gt;&lt;notifTagID&gt;123&lt;/notifTagID&gt;&lt;notifTagValue&gt;0.013&lt;/notifTagValue&gt;&lt;recordID&gt;112659&lt;/recordID&gt;&lt;notifName&gt;TransCtr&lt;/notifName&gt;&lt;notifDescription&gt;P558_JENOPTIK&lt;/notifDescription&gt;&lt;CreatedBy&gt;SYSTEM&lt;/CreatedBy&gt;&lt;CreatedOn&gt;2016-12-16T16:05:54&lt;/CreatedOn&gt;&lt;ModifiedBy&gt;System&lt;/ModifiedBy&gt;&lt;ModifiedOn&gt;2016-12-16T16:05:56&lt;/ModifiedOn&gt;&lt;tagName&gt;Data_00&lt;/tagName&gt;&lt;tagTypeID&gt;8&lt;/tagTypeID&gt;&lt;tagGroupID&gt;1&lt;/tagGroupID&gt;&lt;tagFunctionID&gt;4&lt;/tagFunctionID&gt;&lt;COM_typeName&gt;TSend&lt;/COM_typeName&gt;&lt;FNC_typeName&gt;DefDataTable&lt;/FNC_typeName&gt;&lt;OPC_typeName&gt;FLOAT&lt;/OPC_typeName&gt;&lt;unitID&gt;36&lt;/unitID&gt;&lt;lineID&gt;35&lt;/lineID&gt;&lt;nameDefined&gt;Hi\Lo&lt;/nameDefined&gt;&lt;uomDefinedID&gt;24&lt;/uomDefinedID&gt;&lt;UOMName&gt;MM&lt;/UOMName&gt;&lt;UOMDescription&gt;MILIMETERS&lt;/UOMDescription&gt;&lt;serialNumber&gt;FTW2M160006tt&lt;/serialNumber&gt;&lt;avrg&gt;0.002575&lt;/avrg&gt;&lt;/Row&gt;&lt;Row&gt;&lt;notifRecordID&gt;112661&lt;/notifRecordID&gt;&lt;notifTagID&gt;123&lt;/notifTagID&gt;&lt;notifTagValue&gt;0.009&lt;/notifTagValue&gt;&lt;recordID&gt;112661&lt;/recordID&gt;&lt;notifName&gt;TransCtr&lt;/notifName&gt;&lt;notifDescription&gt;P558_JENOPTIK&lt;/notifDescription&gt;&lt;CreatedBy&gt;SYSTEM&lt;/CreatedBy&gt;&lt;CreatedOn&gt;2016-12-16T16:07:58&lt;/CreatedOn&gt;&lt;ModifiedBy&gt;System&lt;/ModifiedBy&gt;&lt;ModifiedOn&gt;2016-12-16T16:08:00&lt;/ModifiedOn&gt;&lt;tagName&gt;Data_00&lt;/tagName&gt;&lt;tagTypeID&gt;8&lt;/tagTypeID&gt;&lt;tagGroupID&gt;1&lt;/tagGroupID&gt;&lt;tagFunctionID&gt;4&lt;/tagFunctionID&gt;&lt;COM_typeName&gt;TSend&lt;/COM_typeName&gt;&lt;FNC_typeName&gt;DefDataTable&lt;/FNC_typeName&gt;&lt;OPC_typeName&gt;FLOAT&lt;/OPC_typeName&gt;&lt;unitID&gt;36&lt;/unitID&gt;&lt;lineID&gt;35&lt;/lineID&gt;&lt;nameDefined&gt;Hi\Lo&lt;/nameDefined&gt;&lt;uomDefinedID&gt;24&lt;/uomDefinedID&gt;&lt;UOMName&gt;MM&lt;/UOMName&gt;&lt;UOMDescription&gt;MILIMETERS&lt;/UOMDescription&gt;&lt;serialNumber&gt;FTW3M16000aku&lt;/serialNumber&gt;&lt;avrg&gt;0.002575&lt;/avrg&gt;&lt;/Row&gt;&lt;Row&gt;&lt;notifRecordID&gt;112666&lt;/notifRecordID&gt;&lt;notifTagID&gt;123&lt;/notifTagID&gt;&lt;notifTagValue&gt;-0.002&lt;/notifTagValue&gt;&lt;recordID&gt;112666&lt;/recordID&gt;&lt;notifName&gt;TransCtr&lt;/notifName&gt;&lt;notifDescription&gt;P558_JENOPTIK&lt;/notifDescription&gt;&lt;CreatedBy&gt;SYSTEM&lt;/CreatedBy&gt;&lt;CreatedOn&gt;2016-12-16T16:10:08&lt;/CreatedOn&gt;&lt;ModifiedBy&gt;System&lt;/ModifiedBy&gt;&lt;ModifiedOn&gt;2016-12-16T16:10:10&lt;/ModifiedOn&gt;&lt;tagName&gt;Data_00&lt;/tagName&gt;&lt;tagTypeID&gt;8&lt;/tagTypeID&gt;&lt;tagGroupID&gt;1&lt;/tagGroupID&gt;&lt;tagFunctionID&gt;4&lt;/tagFunctionID&gt;&lt;COM_typeName&gt;TSend&lt;/COM_typeName&gt;&lt;FNC_typeName&gt;DefDataTable&lt;/FNC_typeName&gt;&lt;OPC_typeName&gt;FLOAT&lt;/OPC_typeName&gt;&lt;unitID&gt;36&lt;/unitID&gt;&lt;lineID&gt;35&lt;/lineID&gt;&lt;nameDefined&gt;Hi\Lo&lt;/nameDefined&gt;&lt;uomDefinedID&gt;24&lt;/uomDefinedID&gt;&lt;UOMName&gt;MM&lt;/UOMName&gt;&lt;UOMDescription&gt;MILIMETERS&lt;/UOMDescription&gt;&lt;serialNumber&gt;FTW2M160006tu&lt;/serialNumber&gt;&lt;avrg&gt;0.002575&lt;/avrg&gt;&lt;/Row&gt;&lt;Row&gt;&lt;notifRecordID&gt;112672&lt;/notifRecordID&gt;&lt;notifTagID&gt;123&lt;/notifTagID&gt;&lt;notifTagValue&gt;0.006&lt;/notifTagValue&gt;&lt;recordID&gt;112672&lt;/recordID&gt;&lt;notifName&gt;TransCtr&lt;/notifName&gt;&lt;notifDescription&gt;P558_JENOPTIK&lt;/notifDescription&gt;&lt;CreatedBy&gt;SYSTEM&lt;/CreatedBy&gt;&lt;CreatedOn&gt;2016-12-16T16:18:36&lt;/CreatedOn&gt;&lt;ModifiedBy&gt;System&lt;/ModifiedBy&gt;&lt;ModifiedOn&gt;2016-12-16T16:18:38&lt;/ModifiedOn&gt;&lt;tagName&gt;Data_00&lt;/tagName&gt;&lt;tagTypeID&gt;8&lt;/tagTypeID&gt;&lt;tagGroupID&gt;1&lt;/tagGroupID&gt;&lt;tagFunctionID&gt;4&lt;/tagFunctionID&gt;&lt;COM_typeName&gt;TSend&lt;/COM_typeName&gt;&lt;FNC_typeName&gt;DefDataTable&lt;/FNC_typeName&gt;&lt;OPC_typeName&gt;FLOAT&lt;/OPC_typeName&gt;&lt;unitID&gt;36&lt;/unitID&gt;&lt;lineID&gt;35&lt;/lineID&gt;&lt;nameDefined&gt;Hi\Lo&lt;/nameDefined&gt;&lt;uomDefinedID&gt;24&lt;/uomDefinedID&gt;&lt;UOMName&gt;MM&lt;/UOMName&gt;&lt;UOMDescription&gt;MILIMETERS&lt;/UOMDescription&gt;&lt;serialNumber&gt;FTW3M16000akv&lt;/serialNumber&gt;&lt;avrg&gt;0.002575&lt;/avrg&gt;&lt;/Row&gt;&lt;Row&gt;&lt;notifRecordID&gt;112677&lt;/notifRecordID&gt;&lt;notifTagID&gt;123&lt;/notifTagID&gt;&lt;notifTagValue&gt;0.005&lt;/notifTagValue&gt;&lt;recordID&gt;112677&lt;/recordID&gt;&lt;notifName&gt;TransCtr&lt;/notifName&gt;&lt;notifDescription&gt;P558_JENOPTIK&lt;/notifDescription&gt;&lt;CreatedBy&gt;SYSTEM&lt;/CreatedBy&gt;&lt;CreatedOn&gt;2016-12-16T16:25:04&lt;/CreatedOn&gt;&lt;ModifiedBy&gt;System&lt;/ModifiedBy&gt;&lt;ModifiedOn&gt;2016-12-16T16:25:05&lt;/ModifiedOn&gt;&lt;tagName&gt;Data_00&lt;/tagName&gt;&lt;tagTypeID&gt;8&lt;/tagTypeID&gt;&lt;tagGroupID&gt;1&lt;/tagGroupID&gt;&lt;tagFunctionID&gt;4&lt;/tagFunctionID&gt;&lt;COM_typeName&gt;TSend&lt;/COM_typeName&gt;&lt;FNC_typeName&gt;DefDataTable&lt;/FNC_typeName&gt;&lt;OPC_typeName&gt;FLOAT&lt;/OPC_typeName&gt;&lt;unitID&gt;36&lt;/unitID&gt;&lt;lineID&gt;35&lt;/lineID&gt;&lt;nameDefined&gt;Hi\Lo&lt;/nameDefined&gt;&lt;uomDefinedID&gt;24&lt;/uomDefinedID&gt;&lt;UOMName&gt;MM&lt;/UOMName&gt;&lt;UOMDescription&gt;MILIMETERS&lt;/UOMDescription&gt;&lt;serialNumber&gt;FTW3M16000akw&lt;/serialNumber&gt;&lt;avrg&gt;0.002575&lt;/avrg&gt;&lt;/Row&gt;&lt;Row&gt;&lt;notifRecordID&gt;112681&lt;/notifRecordID&gt;&lt;notifTagID&gt;123&lt;/notifTagID&gt;&lt;notifTagValue&gt;0.01&lt;/notifTagValue&gt;&lt;recordID&gt;112681&lt;/recordID&gt;&lt;notifName&gt;TransCtr&lt;/notifName&gt;&lt;notifDescription&gt;P558_JENOPTIK&lt;/notifDescription&gt;&lt;CreatedBy&gt;SYSTEM&lt;/CreatedBy&gt;&lt;CreatedOn&gt;2016-12-16T16:31:08&lt;/CreatedOn&gt;&lt;ModifiedBy&gt;System&lt;/ModifiedBy&gt;&lt;ModifiedOn&gt;2016-12-16T16:31:10&lt;/ModifiedOn&gt;&lt;tagName&gt;Data_00&lt;/tagName&gt;&lt;tagTypeID&gt;8&lt;/tagTypeID&gt;&lt;tagGroupID&gt;1&lt;/tagGroupID&gt;&lt;tagFunctionID&gt;4&lt;/tagFunctionID&gt;&lt;COM_typeName&gt;TSend&lt;/COM_typeName&gt;&lt;FNC_typeName&gt;DefDataTable&lt;/FNC_typeName&gt;&lt;OPC_typeName&gt;FLOAT&lt;/OPC_typeName&gt;&lt;unitID&gt;36&lt;/unitID&gt;&lt;lineID&gt;35&lt;/lineID&gt;&lt;nameDefined&gt;Hi\Lo&lt;/nameDefined&gt;&lt;uomDefinedID&gt;24&lt;/uomDefinedID&gt;&lt;UOMName&gt;MM&lt;/UOMName&gt;&lt;UOMDescription&gt;MILIMETERS&lt;/UOMDescription&gt;&lt;serialNumber&gt;FTW2M160006tv&lt;/serialNumber&gt;&lt;avrg&gt;0.002575&lt;/avrg&gt;&lt;/Row&gt;&lt;Row&gt;&lt;notifRecordID&gt;112687&lt;/notifRecordID&gt;&lt;notifTagID&gt;123&lt;/notifTagID&gt;&lt;notifTagValue&gt;0.006&lt;/notifTagValue&gt;&lt;recordID&gt;112687&lt;/recordID&gt;&lt;notifName&gt;TransCtr&lt;/notifName&gt;&lt;notifDescription&gt;P558_JENOPTIK&lt;/notifDescription&gt;&lt;CreatedBy&gt;SYSTEM&lt;/CreatedBy&gt;&lt;CreatedOn&gt;2016-12-16T16:36:50&lt;/CreatedOn&gt;&lt;ModifiedBy&gt;System&lt;/ModifiedBy&gt;&lt;ModifiedOn&gt;2016-12-16T16:36:52&lt;/ModifiedOn&gt;&lt;tagName&gt;Data_00&lt;/tagName&gt;&lt;tagTypeID&gt;8&lt;/tagTypeID&gt;&lt;tagGroupID&gt;1&lt;/tagGroupID&gt;&lt;tagFunctionID&gt;4&lt;/tagFunctionID&gt;&lt;COM_typeName&gt;TSend&lt;/COM_typeName&gt;&lt;FNC_typeName&gt;DefDataTable&lt;/FNC_typeName&gt;&lt;OPC_typeName&gt;FLOAT&lt;/OPC_typeName&gt;&lt;unitID&gt;36&lt;/unitID&gt;&lt;lineID&gt;35&lt;/lineID&gt;&lt;nameDefined&gt;Hi\Lo&lt;/nameDefined&gt;&lt;uomDefinedID&gt;24&lt;/uomDefinedID&gt;&lt;UOMName&gt;MM&lt;/UOMName&gt;&lt;UOMDescription&gt;MILIMETERS&lt;/UOMDescription&gt;&lt;serialNumber&gt;FTW3M16000aky&lt;/serialNumber&gt;&lt;avrg&gt;0.002575&lt;/avrg&gt;&lt;/Row&gt;&lt;Row&gt;&lt;notifRecordID&gt;112689&lt;/notifRecordID&gt;&lt;notifTagID&gt;123&lt;/notifTagID&gt;&lt;notifTagValue&gt;-0.001&lt;/notifTagValue&gt;&lt;recordID&gt;112689&lt;/recordID&gt;&lt;notifName&gt;TransCtr&lt;/notifName&gt;&lt;notifDescription&gt;P558_JENOPTIK&lt;/notifDescription&gt;&lt;CreatedBy&gt;SYSTEM&lt;/CreatedBy&gt;&lt;CreatedOn&gt;2016-12-16T16:39:00&lt;/CreatedOn&gt;&lt;ModifiedBy&gt;System&lt;/ModifiedBy&gt;&lt;ModifiedOn&gt;2016-12-16T16:39:02&lt;/ModifiedOn&gt;&lt;tagName&gt;Data_00&lt;/tagName&gt;&lt;tagTypeID&gt;8&lt;/tagTypeID&gt;&lt;tagGroupID&gt;1&lt;/tagGroupID&gt;&lt;tagFunctionID&gt;4&lt;/tagFunctionID&gt;&lt;COM_typeName&gt;TSend&lt;/COM_typeName&gt;&lt;FNC_typeName&gt;DefDataTable&lt;/FNC_typeName&gt;&lt;OPC_typeName&gt;FLOAT&lt;/OPC_typeName&gt;&lt;unitID&gt;36&lt;/unitID&gt;&lt;lineID&gt;35&lt;/lineID&gt;&lt;nameDefined&gt;Hi\Lo&lt;/nameDefined&gt;&lt;uomDefinedID&gt;24&lt;/uomDefinedID&gt;&lt;UOMName&gt;MM&lt;/UOMName&gt;&lt;UOMDescription&gt;MILIMETERS&lt;/UOMDescription&gt;&lt;serialNumber&gt;FTW2M160006tw&lt;/serialNumber&gt;&lt;avrg&gt;0.002575&lt;/avrg&gt;&lt;/Row&gt;&lt;Row&gt;&lt;notifRecordID&gt;112692&lt;/notifRecordID&gt;&lt;notifTagID&gt;123&lt;/notifTagID&gt;&lt;notifTagValue&gt;0.003&lt;/notifTagValue&gt;&lt;recordID&gt;112692&lt;/recordID&gt;&lt;notifName&gt;TransCtr&lt;/notifName&gt;&lt;notifDescription&gt;P558_JENOPTIK&lt;/notifDescription&gt;&lt;CreatedBy&gt;SYSTEM&lt;/CreatedBy&gt;&lt;CreatedOn&gt;2016-12-16T16:42:31&lt;/CreatedOn&gt;&lt;ModifiedBy&gt;System&lt;/ModifiedBy&gt;&lt;ModifiedOn&gt;2016-12-16T16:42:33&lt;/ModifiedOn&gt;&lt;tagName&gt;Data_00&lt;/tagName&gt;&lt;tagTypeID&gt;8&lt;/tagTypeID&gt;&lt;tagGroupID&gt;1&lt;/tagGroupID&gt;&lt;tagFunctionID&gt;4&lt;/tagFunctionID&gt;&lt;COM_typeName&gt;TSend&lt;/COM_typeName&gt;&lt;FNC_typeName&gt;DefDataTable&lt;/FNC_typeName&gt;&lt;OPC_typeName&gt;FLOAT&lt;/OPC_typeName&gt;&lt;unitID&gt;36&lt;/unitID&gt;&lt;lineID&gt;35&lt;/lineID&gt;&lt;nameDefined&gt;Hi\Lo&lt;/nameDefined&gt;&lt;uomDefinedID&gt;24&lt;/uomDefinedID&gt;&lt;UOMName&gt;MM&lt;/UOMName&gt;&lt;UOMDescription&gt;MILIMETERS&lt;/UOMDescription&gt;&lt;serialNumber&gt;FTW3M16000akz&lt;/serialNumber&gt;&lt;avrg&gt;0.002575&lt;/avrg&gt;&lt;/Row&gt;&lt;Row&gt;&lt;notifRecordID&gt;112699&lt;/notifRecordID&gt;&lt;notifTagID&gt;123&lt;/notifTagID&gt;&lt;notifTagValue&gt;0.006&lt;/notifTagValue&gt;&lt;recordID&gt;112699&lt;/recordID&gt;&lt;notifName&gt;TransCtr&lt;/notifName&gt;&lt;notifDescription&gt;P558_JENOPTIK&lt;/notifDescription&gt;&lt;CreatedBy&gt;SYSTEM&lt;/CreatedBy&gt;&lt;CreatedOn&gt;2016-12-16T16:52:12&lt;/CreatedOn&gt;&lt;ModifiedBy&gt;System&lt;/ModifiedBy&gt;&lt;ModifiedOn&gt;2016-12-16T16:52:14&lt;/ModifiedOn&gt;&lt;tagName&gt;Data_00&lt;/tagName&gt;&lt;tagTypeID&gt;8&lt;/tagTypeID&gt;&lt;tagGroupID&gt;1&lt;/tagGroupID&gt;&lt;tagFunctionID&gt;4&lt;/tagFunctionID&gt;&lt;COM_typeName&gt;TSend&lt;/COM_typeName&gt;&lt;FNC_typeName&gt;DefDataTable&lt;/FNC_typeName&gt;&lt;OPC_typeName&gt;FLOAT&lt;/OPC_typeName&gt;&lt;unitID&gt;36&lt;/unitID&gt;&lt;lineID&gt;35&lt;/lineID&gt;&lt;nameDefined&gt;Hi\Lo&lt;/nameDefined&gt;&lt;uomDefinedID&gt;24&lt;/uomDefinedID&gt;&lt;UOMName&gt;MM&lt;/UOMName&gt;&lt;UOMDescription&gt;MILIMETERS&lt;/UOMDescription&gt;&lt;serialNumber&gt;FTW3M16000al0&lt;/serialNumber&gt;&lt;avrg&gt;0.002575&lt;/avrg&gt;&lt;/Row&gt;&lt;Row&gt;&lt;notifRecordID&gt;112703&lt;/notifRecordID&gt;&lt;notifTagID&gt;123&lt;/notifTagID&gt;&lt;notifTagValue&gt;0.009&lt;/notifTagValue&gt;&lt;recordID&gt;112703&lt;/recordID&gt;&lt;notifName&gt;TransCtr&lt;/notifName&gt;&lt;notifDescription&gt;P558_JENOPTIK&lt;/notifDescription&gt;&lt;CreatedBy&gt;SYSTEM&lt;/CreatedBy&gt;&lt;CreatedOn&gt;2016-12-16T16:55:33&lt;/CreatedOn&gt;&lt;ModifiedBy&gt;System&lt;/ModifiedBy&gt;&lt;ModifiedOn&gt;2016-12-16T16:55:35&lt;/ModifiedOn&gt;&lt;tagName&gt;Data_00&lt;/tagName&gt;&lt;tagTypeID&gt;8&lt;/tagTypeID&gt;&lt;tagGroupID&gt;1&lt;/tagGroupID&gt;&lt;tagFunctionID&gt;4&lt;/tagFunctionID&gt;&lt;COM_typeName&gt;TSend&lt;/COM_typeName&gt;&lt;FNC_typeName&gt;DefDataTable&lt;/FNC_typeName&gt;&lt;OPC_typeName&gt;FLOAT&lt;/OPC_typeName&gt;&lt;unitID&gt;36&lt;/unitID&gt;&lt;lineID&gt;35&lt;/lineID&gt;&lt;nameDefined&gt;Hi\Lo&lt;/nameDefined&gt;&lt;uomDefinedID&gt;24&lt;/uomDefinedID&gt;&lt;UOMName&gt;MM&lt;/UOMName&gt;&lt;UOMDescription&gt;MILIMETERS&lt;/UOMDescription&gt;&lt;serialNumber&gt;FTW2M160006tx&lt;/serialNumber&gt;&lt;avrg&gt;0.002575&lt;/avrg&gt;&lt;/Row&gt;&lt;Row&gt;&lt;notifRecordID&gt;112711&lt;/notifRecordID&gt;&lt;notifTagID&gt;123&lt;/notifTagID&gt;&lt;notifTagValue&gt;-0.001&lt;/notifTagValue&gt;&lt;recordID&gt;112711&lt;/recordID&gt;&lt;notifName&gt;TransCtr&lt;/notifName&gt;&lt;notifDescription&gt;P558_JENOPTIK&lt;/notifDescription&gt;&lt;CreatedBy&gt;SYSTEM&lt;/CreatedBy&gt;&lt;CreatedOn&gt;2016-12-16T17:00:42&lt;/CreatedOn&gt;&lt;ModifiedBy&gt;System&lt;/ModifiedBy&gt;&lt;ModifiedOn&gt;2016-12-16T17:00:44&lt;/ModifiedOn&gt;&lt;tagName&gt;Data_00&lt;/tagName&gt;&lt;tagTypeID&gt;8&lt;/tagTypeID&gt;&lt;tagGroupID&gt;1&lt;/tagGroupID&gt;&lt;tagFunctionID&gt;4&lt;/tagFunctionID&gt;&lt;COM_typeName&gt;TSend&lt;/COM_typeName&gt;&lt;FNC_typeName&gt;DefDataTable&lt;/FNC_typeName&gt;&lt;OPC_typeName&gt;FLOAT&lt;/OPC_typeName&gt;&lt;unitID&gt;36&lt;/unitID&gt;&lt;lineID&gt;35&lt;/lineID&gt;&lt;nameDefined&gt;Hi\Lo&lt;/nameDefined&gt;&lt;uomDefinedID&gt;24&lt;/uomDefinedID&gt;&lt;UOMName&gt;MM&lt;/UOMName&gt;&lt;UOMDescription&gt;MILIMETERS&lt;/UOMDescription&gt;&lt;serialNumber&gt;FTW2M160006ty&lt;/serialNumber&gt;&lt;avrg&gt;0.002575&lt;/avrg&gt;&lt;/Row&gt;&lt;Row&gt;&lt;notifRecordID&gt;112720&lt;/notifRecordID&gt;&lt;notifTagID&gt;123&lt;/notifTagID&gt;&lt;notifTagValue&gt;-0.006&lt;/notifTagValue&gt;&lt;recordID&gt;112720&lt;/recordID&gt;&lt;notifName&gt;TransCtr&lt;/notifName&gt;&lt;notifDescription&gt;P558_JENOPTIK&lt;/notifDescription&gt;&lt;CreatedBy&gt;SYSTEM&lt;/CreatedBy&gt;&lt;CreatedOn&gt;2016-12-16T17:14:44&lt;/CreatedOn&gt;&lt;ModifiedBy&gt;System&lt;/ModifiedBy&gt;&lt;ModifiedOn&gt;2016-12-16T17:14:46&lt;/ModifiedOn&gt;&lt;tagName&gt;Data_00&lt;/tagName&gt;&lt;tagTypeID&gt;8&lt;/tagTypeID&gt;&lt;tagGroupID&gt;1&lt;/tagGroupID&gt;&lt;tagFunctionID&gt;4&lt;/tagFunctionID&gt;&lt;COM_typeName&gt;TSend&lt;/COM_typeName&gt;&lt;FNC_typeName&gt;DefDataTable&lt;/FNC_typeName&gt;&lt;OPC_typeName&gt;FLOAT&lt;/OPC_typeName&gt;&lt;unitID&gt;36&lt;/unitID&gt;&lt;lineID&gt;35&lt;/lineID&gt;&lt;nameDefined&gt;Hi\Lo&lt;/nameDefined&gt;&lt;uomDefinedID&gt;24&lt;/uomDefinedID&gt;&lt;UOMName&gt;MM&lt;/UOMName&gt;&lt;UOMDescription&gt;MILIMETERS&lt;/UOMDescription&gt;&lt;serialNumber&gt;FTW3M16000al2&lt;/serialNumber&gt;&lt;avrg&gt;0.002575&lt;/avrg&gt;&lt;/Row&gt;&lt;Row&gt;&lt;notifRecordID&gt;112723&lt;/notifRecordID&gt;&lt;notifTagID&gt;123&lt;/notifTagID&gt;&lt;notifTagValue&gt;0.005&lt;/notifTagValue&gt;&lt;recordID&gt;112723&lt;/recordID&gt;&lt;notifName&gt;TransCtr&lt;/notifName&gt;&lt;notifDescription&gt;P558_JENOPTIK&lt;/notifDescription&gt;&lt;CreatedBy&gt;SYSTEM&lt;/CreatedBy&gt;&lt;CreatedOn&gt;2016-12-16T17:23:29&lt;/CreatedOn&gt;&lt;ModifiedBy&gt;System&lt;/ModifiedBy&gt;&lt;ModifiedOn&gt;2016-12-16T17:23:31&lt;/ModifiedOn&gt;&lt;tagName&gt;Data_00&lt;/tagName&gt;&lt;tagTypeID&gt;8&lt;/tagTypeID&gt;&lt;tagGroupID&gt;1&lt;/tagGroupID&gt;&lt;tagFunctionID&gt;4&lt;/tagFunctionID&gt;&lt;COM_typeName&gt;TSend&lt;/COM_typeName&gt;&lt;FNC_typeName&gt;DefDataTable&lt;/FNC_typeName&gt;&lt;OPC_typeName&gt;FLOAT&lt;/OPC_typeName&gt;&lt;unitID&gt;36&lt;/unitID&gt;&lt;lineID&gt;35&lt;/lineID&gt;&lt;nameDefined&gt;Hi\Lo&lt;/nameDefined&gt;&lt;uomDefinedID&gt;24&lt;/uomDefinedID&gt;&lt;UOMName&gt;MM&lt;/UOMName&gt;&lt;UOMDescription&gt;MILIMETERS&lt;/UOMDescription&gt;&lt;serialNumber&gt;FTW3M16000al2&lt;/serialNumber&gt;&lt;avrg&gt;0.002575&lt;/avrg&gt;&lt;/Row&gt;&lt;Row&gt;&lt;notifRecordID&gt;112729&lt;/notifRecordID&gt;&lt;notifTagID&gt;123&lt;/notifTagID&gt;&lt;notifTagValue&gt;0.003&lt;/notifTagValue&gt;&lt;recordID&gt;112729&lt;/recordID&gt;&lt;notifName&gt;TransCtr&lt;/notifName&gt;&lt;notifDescription&gt;P558_JENOPTIK&lt;/notifDescription&gt;&lt;CreatedBy&gt;SYSTEM&lt;/CreatedBy&gt;&lt;CreatedOn&gt;2016-12-16T17:26:56&lt;/CreatedOn&gt;&lt;ModifiedBy&gt;System&lt;/ModifiedBy&gt;&lt;ModifiedOn&gt;2016-12-16T17:26:58&lt;/ModifiedOn&gt;&lt;tagName&gt;Data_00&lt;/tagName&gt;&lt;tagTypeID&gt;8&lt;/tagTypeID&gt;&lt;tagGroupID&gt;1&lt;/tagGroupID&gt;&lt;tagFunctionID&gt;4&lt;/tagFunctionID&gt;&lt;COM_typeName&gt;TSend&lt;/COM_typeName&gt;&lt;FNC_typeName&gt;DefDataTable&lt;/FNC_typeName&gt;&lt;OPC_typeName&gt;FLOAT&lt;/OPC_typeName&gt;&lt;unitID&gt;36&lt;/unitID&gt;&lt;lineID&gt;35&lt;/lineID&gt;&lt;nameDefined&gt;Hi\Lo&lt;/nameDefined&gt;&lt;uomDefinedID&gt;24&lt;/uomDefinedID&gt;&lt;UOMName&gt;MM&lt;/UOMName&gt;&lt;UOMDescription&gt;MILIMETERS&lt;/UOMDescription&gt;&lt;serialNumber&gt;FTW3M16000al3&lt;/serialNumber&gt;&lt;avrg&gt;0.002575&lt;/avrg&gt;&lt;/Row&gt;&lt;Row&gt;&lt;notifRecordID&gt;112732&lt;/notifRecordID&gt;&lt;notifTagID&gt;123&lt;/notifTagID&gt;&lt;notifTagValue&gt;0.007&lt;/notifTagValue&gt;&lt;recordID&gt;112732&lt;/recordID&gt;&lt;notifName&gt;TransCtr&lt;/notifName&gt;&lt;notifDescription&gt;P558_JENOPTIK&lt;/notifDescription&gt;&lt;CreatedBy&gt;SYSTEM&lt;/CreatedBy&gt;&lt;CreatedOn&gt;2016-12-16T17:28:58&lt;/CreatedOn&gt;&lt;ModifiedBy&gt;System&lt;/ModifiedBy&gt;&lt;ModifiedOn&gt;2016-12-16T17:29:00&lt;/ModifiedOn&gt;&lt;tagName&gt;Data_00&lt;/tagName&gt;&lt;tagTypeID&gt;8&lt;/tagTypeID&gt;&lt;tagGroupID&gt;1&lt;/tagGroupID&gt;&lt;tagFunctionID&gt;4&lt;/tagFunctionID&gt;&lt;COM_typeName&gt;TSend&lt;/COM_typeName&gt;&lt;FNC_typeName&gt;DefDataTable&lt;/FNC_typeName&gt;&lt;OPC_typeName&gt;FLOAT&lt;/OPC_typeName&gt;&lt;unitID&gt;36&lt;/unitID&gt;&lt;lineID&gt;35&lt;/lineID&gt;&lt;nameDefined&gt;Hi\Lo&lt;/nameDefined&gt;&lt;uomDefinedID&gt;24&lt;/uomDefinedID&gt;&lt;UOMName&gt;MM&lt;/UOMName&gt;&lt;UOMDescription&gt;MILIMETERS&lt;/UOMDescription&gt;&lt;serialNumber&gt;FTW2M160006tz&lt;/serialNumber&gt;&lt;avrg&gt;0.002575&lt;/avrg&gt;&lt;/Row&gt;&lt;Row&gt;&lt;notifRecordID&gt;112735&lt;/notifRecordID&gt;&lt;notifTagID&gt;123&lt;/notifTagID&gt;&lt;notifTagValue&gt;0.003&lt;/notifTagValue&gt;&lt;recordID&gt;112735&lt;/recordID&gt;&lt;notifName&gt;TransCtr&lt;/notifName&gt;&lt;notifDescription&gt;P558_JENOPTIK&lt;/notifDescription&gt;&lt;CreatedBy&gt;SYSTEM&lt;/CreatedBy&gt;&lt;CreatedOn&gt;2016-12-16T17:31:12&lt;/CreatedOn&gt;&lt;ModifiedBy&gt;System&lt;/ModifiedBy&gt;&lt;ModifiedOn&gt;2016-12-16T17:31:14&lt;/ModifiedOn&gt;&lt;tagName&gt;Data_00&lt;/tagName&gt;&lt;tagTypeID&gt;8&lt;/tagTypeID&gt;&lt;tagGroupID&gt;1&lt;/tagGroupID&gt;&lt;tagFunctionID&gt;4&lt;/tagFunctionID&gt;&lt;COM_typeName&gt;TSend&lt;/COM_typeName&gt;&lt;FNC_typeName&gt;DefDataTable&lt;/FNC_typeName&gt;&lt;OPC_typeName&gt;FLOAT&lt;/OPC_typeName&gt;&lt;unitID&gt;36&lt;/unitID&gt;&lt;lineID&gt;35&lt;/lineID&gt;&lt;nameDefined&gt;Hi\Lo&lt;/nameDefined&gt;&lt;uomDefinedID&gt;24&lt;/uomDefinedID&gt;&lt;UOMName&gt;MM&lt;/UOMName&gt;&lt;UOMDescription&gt;MILIMETERS&lt;/UOMDescription&gt;&lt;serialNumber&gt;FTW2M160006u0&lt;/serialNumber&gt;&lt;avrg&gt;0.002575&lt;/avrg&gt;&lt;/Row&gt;&lt;Row&gt;&lt;notifRecordID&gt;112740&lt;/notifRecordID&gt;&lt;notifTagID&gt;123&lt;/notifTagID&gt;&lt;notifTagValue&gt;0.005&lt;/notifTagValue&gt;&lt;recordID&gt;112740&lt;/recordID&gt;&lt;notifName&gt;TransCtr&lt;/notifName&gt;&lt;notifDescription&gt;P558_JENOPTIK&lt;/notifDescription&gt;&lt;CreatedBy&gt;SYSTEM&lt;/CreatedBy&gt;&lt;CreatedOn&gt;2016-12-16T17:35:40&lt;/CreatedOn&gt;&lt;ModifiedBy&gt;System&lt;/ModifiedBy&gt;&lt;ModifiedOn&gt;2016-12-16T17:35:42&lt;/ModifiedOn&gt;&lt;tagName&gt;Data_00&lt;/tagName&gt;&lt;tagTypeID&gt;8&lt;/tagTypeID&gt;&lt;tagGroupID&gt;1&lt;/tagGroupID&gt;&lt;tagFunctionID&gt;4&lt;/tagFunctionID&gt;&lt;COM_typeName&gt;TSend&lt;/COM_typeName&gt;&lt;FNC_typeName&gt;DefDataTable&lt;/FNC_typeName&gt;&lt;OPC_typeName&gt;FLOAT&lt;/OPC_typeName&gt;&lt;unitID&gt;36&lt;/unitID&gt;&lt;lineID&gt;35&lt;/lineID&gt;&lt;nameDefined&gt;Hi\Lo&lt;/nameDefined&gt;&lt;uomDefinedID&gt;24&lt;/uomDefinedID&gt;&lt;UOMName&gt;MM&lt;/UOMName&gt;&lt;UOMDescription&gt;MILIMETERS&lt;/UOMDescription&gt;&lt;serialNumber&gt;FTW3M16000al4&lt;/serialNumber&gt;&lt;avrg&gt;0.002575&lt;/avrg&gt;&lt;/Row&gt;&lt;Row&gt;&lt;notifRecordID&gt;112744&lt;/notifRecordID&gt;&lt;notifTagID&gt;123&lt;/notifTagID&gt;&lt;notifTagValue&gt;0.004&lt;/notifTagValue&gt;&lt;recordID&gt;112744&lt;/recordID&gt;&lt;notifName&gt;TransCtr&lt;/notifName&gt;&lt;notifDescription&gt;P558_JENOPTIK&lt;/notifDescription&gt;&lt;CreatedBy&gt;SYSTEM&lt;/CreatedBy&gt;&lt;CreatedOn&gt;2016-12-16T17:40:28&lt;/CreatedOn&gt;&lt;ModifiedBy&gt;System&lt;/ModifiedBy&gt;&lt;ModifiedOn&gt;2016-12-16T17:40:30&lt;/ModifiedOn&gt;&lt;tagName&gt;Data_00&lt;/tagName&gt;&lt;tagTypeID&gt;8&lt;/tagTypeID&gt;&lt;tagGroupID&gt;1&lt;/tagGroupID&gt;&lt;tagFunctionID&gt;4&lt;/tagFunctionID&gt;&lt;COM_typeName&gt;TSend&lt;/COM_typeName&gt;&lt;FNC_typeName&gt;DefDataTable&lt;/FNC_typeName&gt;&lt;OPC_typeName&gt;FLOAT&lt;/OPC_typeName&gt;&lt;unitID&gt;36&lt;/unitID&gt;&lt;lineID&gt;35&lt;/lineID&gt;&lt;nameDefined&gt;Hi\Lo&lt;/nameDefined&gt;&lt;uomDefinedID&gt;24&lt;/uomDefinedID&gt;&lt;UOMName&gt;MM&lt;/UOMName&gt;&lt;UOMDescription&gt;MILIMETERS&lt;/UOMDescription&gt;&lt;serialNumber&gt;FTW3M16000al5&lt;/serialNumber&gt;&lt;avrg&gt;0.002575&lt;/avrg&gt;&lt;/Row&gt;&lt;Row&gt;&lt;notifRecordID&gt;112746&lt;/notifRecordID&gt;&lt;notifTagID&gt;123&lt;/notifTagID&gt;&lt;notifTagValue&gt;0.006&lt;/notifTagValue&gt;&lt;recordID&gt;112746&lt;/recordID&gt;&lt;notifName&gt;TransCtr&lt;/notifName&gt;&lt;notifDescription&gt;P558_JENOPTIK&lt;/notifDescription&gt;&lt;CreatedBy&gt;SYSTEM&lt;/CreatedBy&gt;&lt;CreatedOn&gt;2016-12-16T17:43:16&lt;/CreatedOn&gt;&lt;ModifiedBy&gt;System&lt;/ModifiedBy&gt;&lt;ModifiedOn&gt;2016-12-16T17:43:18&lt;/ModifiedOn&gt;&lt;tagName&gt;Data_00&lt;/tagName&gt;&lt;tagTypeID&gt;8&lt;/tagTypeID&gt;&lt;tagGroupID&gt;1&lt;/tagGroupID&gt;&lt;tagFunctionID&gt;4&lt;/tagFunctionID&gt;&lt;COM_typeName&gt;TSend&lt;/COM_typeName&gt;&lt;FNC_typeName&gt;DefDataTable&lt;/FNC_typeName&gt;&lt;OPC_typeName&gt;FLOAT&lt;/OPC_typeName&gt;&lt;unitID&gt;36&lt;/unitID&gt;&lt;lineID&gt;35&lt;/lineID&gt;&lt;nameDefined&gt;Hi\Lo&lt;/nameDefined&gt;&lt;uomDefinedID&gt;24&lt;/uomDefinedID&gt;&lt;UOMName&gt;MM&lt;/UOMName&gt;&lt;UOMDescription&gt;MILIMETERS&lt;/UOMDescription&gt;&lt;serialNumber&gt;FTW3M16000al6&lt;/serialNumber&gt;&lt;avrg&gt;0.002575&lt;/avrg&gt;&lt;/Row&gt;&lt;Row&gt;&lt;notifRecordID&gt;112750&lt;/notifRecordID&gt;&lt;notifTagID&gt;123&lt;/notifTagID&gt;&lt;notifTagValue&gt;-0.008&lt;/notifTagValue&gt;&lt;recordID&gt;112750&lt;/recordID&gt;&lt;notifName&gt;TransCtr&lt;/notifName&gt;&lt;notifDescription&gt;P558_JENOPTIK&lt;/notifDescription&gt;&lt;CreatedBy&gt;SYSTEM&lt;/CreatedBy&gt;&lt;CreatedOn&gt;2016-12-16T17:46:37&lt;/CreatedOn&gt;&lt;ModifiedBy&gt;System&lt;/ModifiedBy&gt;&lt;ModifiedOn&gt;2016-12-16T17:46:39&lt;/ModifiedOn&gt;&lt;tagName&gt;Data_00&lt;/tagName&gt;&lt;tagTypeID&gt;8&lt;/tagTypeID&gt;&lt;tagGroupID&gt;1&lt;/tagGroupID&gt;&lt;tagFunctionID&gt;4&lt;/tagFunctionID&gt;&lt;COM_typeName&gt;TSend&lt;/COM_typeName&gt;&lt;FNC_typeName&gt;DefDataTable&lt;/FNC_typeName&gt;&lt;OPC_typeName&gt;FLOAT&lt;/OPC_typeName&gt;&lt;unitID&gt;36&lt;/unitID&gt;&lt;lineID&gt;35&lt;/lineID&gt;&lt;nameDefined&gt;Hi\Lo&lt;/nameDefined&gt;&lt;uomDefinedID&gt;24&lt;/uomDefinedID&gt;&lt;UOMName&gt;MM&lt;/UOMName&gt;&lt;UOMDescription&gt;MILIMETERS&lt;/UOMDescription&gt;&lt;serialNumber&gt;FTW2M160006u1&lt;/serialNumber&gt;&lt;avrg&gt;0.002575&lt;/avrg&gt;&lt;/Row&gt;&lt;Row&gt;&lt;notifRecordID&gt;112756&lt;/notifRecordID&gt;&lt;notifTagID&gt;123&lt;/notifTagID&gt;&lt;notifTagValue&gt;0.003&lt;/notifTagValue&gt;&lt;recordID&gt;112756&lt;/recordID&gt;&lt;notifName&gt;TransCtr&lt;/notifName&gt;&lt;notifDescription&gt;P558_JENOPTIK&lt;/notifDescription&gt;&lt;CreatedBy&gt;SYSTEM&lt;/CreatedBy&gt;&lt;CreatedOn&gt;2016-12-16T17:56:22&lt;/CreatedOn&gt;&lt;ModifiedBy&gt;System&lt;/ModifiedBy&gt;&lt;ModifiedOn&gt;2016-12-16T17:56:24&lt;/ModifiedOn&gt;&lt;tagName&gt;Data_00&lt;/tagName&gt;&lt;tagTypeID&gt;8&lt;/tagTypeID&gt;&lt;tagGroupID&gt;1&lt;/tagGroupID&gt;&lt;tagFunctionID&gt;4&lt;/tagFunctionID&gt;&lt;COM_typeName&gt;TSend&lt;/COM_typeName&gt;&lt;FNC_typeName&gt;DefDataTable&lt;/FNC_typeName&gt;&lt;OPC_typeName&gt;FLOAT&lt;/OPC_typeName&gt;&lt;unitID&gt;36&lt;/unitID&gt;&lt;lineID&gt;35&lt;/lineID&gt;&lt;nameDefined&gt;Hi\Lo&lt;/nameDefined&gt;&lt;uomDefinedID&gt;24&lt;/uomDefinedID&gt;&lt;UOMName&gt;MM&lt;/UOMName&gt;&lt;UOMDescription&gt;MILIMETERS&lt;/UOMDescription&gt;&lt;serialNumber&gt;FTW3M16000al7&lt;/serialNumber&gt;&lt;avrg&gt;0.002575&lt;/avrg&gt;&lt;/Row&gt;&lt;Row&gt;&lt;notifRecordID&gt;112758&lt;/notifRecordID&gt;&lt;notifTagID&gt;123&lt;/notifTagID&gt;&lt;notifTagValue&gt;0.003&lt;/notifTagValue&gt;&lt;recordID&gt;112758&lt;/recordID&gt;&lt;notifName&gt;TransCtr&lt;/notifName&gt;&lt;notifDescription&gt;P558_JENOPTIK&lt;/notifDescription&gt;&lt;CreatedBy&gt;SYSTEM&lt;/CreatedBy&gt;&lt;CreatedOn&gt;2016-12-16T17:58:24&lt;/CreatedOn&gt;&lt;ModifiedBy&gt;System&lt;/ModifiedBy&gt;&lt;ModifiedOn&gt;2016-12-16T17:58:26&lt;/ModifiedOn&gt;&lt;tagName&gt;Data_00&lt;/tagName&gt;&lt;tagTypeID&gt;8&lt;/tagTypeID&gt;&lt;tagGroupID&gt;1&lt;/tagGroupID&gt;&lt;tagFunctionID&gt;4&lt;/tagFunctionID&gt;&lt;COM_typeName&gt;TSend&lt;/COM_typeName&gt;&lt;FNC_typeName&gt;DefDataTable&lt;/FNC_typeName&gt;&lt;OPC_typeName&gt;FLOAT&lt;/OPC_typeName&gt;&lt;unitID&gt;36&lt;/unitID&gt;&lt;lineID&gt;35&lt;/lineID&gt;&lt;nameDefined&gt;Hi\Lo&lt;/nameDefined&gt;&lt;uomDefinedID&gt;24&lt;/uomDefinedID&gt;&lt;UOMName&gt;MM&lt;/UOMName&gt;&lt;UOMDescription&gt;MILIMETERS&lt;/UOMDescription&gt;&lt;serialNumber&gt;FTW3M16000al8&lt;/serialNumber&gt;&lt;avrg&gt;0.002575&lt;/avrg&gt;&lt;/Row&gt;&lt;Row&gt;&lt;notifRecordID&gt;112765&lt;/notifRecordID&gt;&lt;notifTagID&gt;123&lt;/notifTagID&gt;&lt;notifTagValue&gt;0.002&lt;/notifTagValue&gt;&lt;recordID&gt;112765&lt;/recordID&gt;&lt;notifName&gt;TransCtr&lt;/notifName&gt;&lt;notifDescription&gt;P558_JENOPTIK&lt;/notifDescription&gt;&lt;CreatedBy&gt;SYSTEM&lt;/CreatedBy&gt;&lt;CreatedOn&gt;2016-12-16T18:04:34&lt;/CreatedOn&gt;&lt;ModifiedBy&gt;System&lt;/ModifiedBy&gt;&lt;ModifiedOn&gt;2016-12-16T18:04:36&lt;/ModifiedOn&gt;&lt;tagName&gt;Data_00&lt;/tagName&gt;&lt;tagTypeID&gt;8&lt;/tagTypeID&gt;&lt;tagGroupID&gt;1&lt;/tagGroupID&gt;&lt;tagFunctionID&gt;4&lt;/tagFunctionID&gt;&lt;COM_typeName&gt;TSend&lt;/COM_typeName&gt;&lt;FNC_typeName&gt;DefDataTable&lt;/FNC_typeName&gt;&lt;OPC_typeName&gt;FLOAT&lt;/OPC_typeName&gt;&lt;unitID&gt;36&lt;/unitID&gt;&lt;lineID&gt;35&lt;/lineID&gt;&lt;nameDefined&gt;Hi\Lo&lt;/nameDefined&gt;&lt;uomDefinedID&gt;24&lt;/uomDefinedID&gt;&lt;UOMName&gt;MM&lt;/UOMName&gt;&lt;UOMDescription&gt;MILIMETERS&lt;/UOMDescription&gt;&lt;serialNumber&gt;FTW2M160006u2&lt;/serialNumber&gt;&lt;avrg&gt;0.002575&lt;/avrg&gt;&lt;/Row&gt;&lt;Row&gt;&lt;notifRecordID&gt;112769&lt;/notifRecordID&gt;&lt;notifTagID&gt;123&lt;/notifTagID&gt;&lt;notifTagValue&gt;0.003&lt;/notifTagValue&gt;&lt;recordID&gt;112769&lt;/recordID&gt;&lt;notifName&gt;TransCtr&lt;/notifName&gt;&lt;notifDescription&gt;P558_JENOPTIK&lt;/notifDescription&gt;&lt;CreatedBy&gt;SYSTEM&lt;/CreatedBy&gt;&lt;CreatedOn&gt;2016-12-16T18:10:09&lt;/CreatedOn&gt;&lt;ModifiedBy&gt;System&lt;/ModifiedBy&gt;&lt;ModifiedOn&gt;2016-12-16T18:10:11&lt;/ModifiedOn&gt;&lt;tagName&gt;Data_00&lt;/tagName&gt;&lt;tagTypeID&gt;8&lt;/tagTypeID&gt;&lt;tagGroupID&gt;1&lt;/tagGroupID&gt;&lt;tagFunctionID&gt;4&lt;/tagFunctionID&gt;&lt;COM_typeName&gt;TSend&lt;/COM_typeName&gt;&lt;FNC_typeName&gt;DefDataTable&lt;/FNC_typeName&gt;&lt;OPC_typeName&gt;FLOAT&lt;/OPC_typeName&gt;&lt;unitID&gt;36&lt;/unitID&gt;&lt;lineID&gt;35&lt;/lineID&gt;&lt;nameDefined&gt;Hi\Lo&lt;/nameDefined&gt;&lt;uomDefinedID&gt;24&lt;/uomDefinedID&gt;&lt;UOMName&gt;MM&lt;/UOMName&gt;&lt;UOMDescription&gt;MILIMETERS&lt;/UOMDescription&gt;&lt;serialNumber&gt;FTW3M16000al9&lt;/serialNumber&gt;&lt;avrg&gt;0.002575&lt;/avrg&gt;&lt;/Row&gt;&lt;Row&gt;&lt;notifRecordID&gt;112775&lt;/notifRecordID&gt;&lt;notifTagID&gt;123&lt;/notifTagID&gt;&lt;notifTagValue&gt;0.009&lt;/notifTagValue&gt;&lt;recordID&gt;112775&lt;/recordID&gt;&lt;notifName&gt;TransCtr&lt;/notifName&gt;&lt;notifDescription&gt;P558_JENOPTIK&lt;/notifDescription&gt;&lt;CreatedBy&gt;SYSTEM&lt;/CreatedBy&gt;&lt;CreatedOn&gt;2016-12-16T18:16:30&lt;/CreatedOn&gt;&lt;ModifiedBy&gt;System&lt;/ModifiedBy&gt;&lt;ModifiedOn&gt;2016-12-16T18:16:32&lt;/ModifiedOn&gt;&lt;tagName&gt;Data_00&lt;/tagName&gt;&lt;tagTypeID&gt;8&lt;/tagTypeID&gt;&lt;tagGroupID&gt;1&lt;/tagGroupID&gt;&lt;tagFunctionID&gt;4&lt;/tagFunctionID&gt;&lt;COM_typeName&gt;TSend&lt;/COM_typeName&gt;&lt;FNC_typeName&gt;DefDataTable&lt;/FNC_typeName&gt;&lt;OPC_typeName&gt;FLOAT&lt;/OPC_typeName&gt;&lt;unitID&gt;36&lt;/unitID&gt;&lt;lineID&gt;35&lt;/lineID&gt;&lt;nameDefined&gt;Hi\Lo&lt;/nameDefined&gt;&lt;uomDefinedID&gt;24&lt;/uomDefinedID&gt;&lt;UOMName&gt;MM&lt;/UOMName&gt;&lt;UOMDescription&gt;MILIMETERS&lt;/UOMDescription&gt;&lt;serialNumber&gt;FTW2M160006u4&lt;/serialNumber&gt;&lt;avrg&gt;0.002575&lt;/avrg&gt;&lt;/Row&gt;&lt;Row&gt;&lt;notifRecordID&gt;112778&lt;/notifRecordID&gt;&lt;notifTagID&gt;123&lt;/notifTagID&gt;&lt;notifTagValue&gt;0.004&lt;/notifTagValue&gt;&lt;recordID&gt;112778&lt;/recordID&gt;&lt;notifName&gt;TransCtr&lt;/notifName&gt;&lt;notifDescription&gt;P558_JENOPTIK&lt;/notifDescription&gt;&lt;CreatedBy&gt;SYSTEM&lt;/CreatedBy&gt;&lt;CreatedOn&gt;2016-12-16T18:21:04&lt;/CreatedOn&gt;&lt;ModifiedBy&gt;System&lt;/ModifiedBy&gt;&lt;ModifiedOn&gt;2016-12-16T18:21:06&lt;/ModifiedOn&gt;&lt;tagName&gt;Data_00&lt;/tagName&gt;&lt;tagTypeID&gt;8&lt;/tagTypeID&gt;&lt;tagGroupID&gt;1&lt;/tagGroupID&gt;&lt;tagFunctionID&gt;4&lt;/tagFunctionID&gt;&lt;COM_typeName&gt;TSend&lt;/COM_typeName&gt;&lt;FNC_typeName&gt;DefDataTable&lt;/FNC_typeName&gt;&lt;OPC_typeName&gt;FLOAT&lt;/OPC_typeName&gt;&lt;unitID&gt;36&lt;/unitID&gt;&lt;lineID&gt;35&lt;/lineID&gt;&lt;nameDefined&gt;Hi\Lo&lt;/nameDefined&gt;&lt;uomDefinedID&gt;24&lt;/uomDefinedID&gt;&lt;UOMName&gt;MM&lt;/UOMName&gt;&lt;UOMDescription&gt;MILIMETERS&lt;/UOMDescription&gt;&lt;serialNumber&gt;FTW3M16000ala&lt;/serialNumber&gt;&lt;avrg&gt;0.002575&lt;/avrg&gt;&lt;/Row&gt;&lt;Row&gt;&lt;notifRecordID&gt;112786&lt;/notifRecordID&gt;&lt;notifTagID&gt;123&lt;/notifTagID&gt;&lt;notifTagValue&gt;0.004&lt;/notifTagValue&gt;&lt;recordID&gt;112786&lt;/recordID&gt;&lt;notifName&gt;TransCtr&lt;/notifName&gt;&lt;notifDescription&gt;P558_JENOPTIK&lt;/notifDescription&gt;&lt;CreatedBy&gt;SYSTEM&lt;/CreatedBy&gt;&lt;CreatedOn&gt;2016-12-16T18:25:35&lt;/CreatedOn&gt;&lt;ModifiedBy&gt;System&lt;/ModifiedBy&gt;&lt;ModifiedOn&gt;2016-12-16T18:25:37&lt;/ModifiedOn&gt;&lt;tagName&gt;Data_00&lt;/tagName&gt;&lt;tagTypeID&gt;8&lt;/tagTypeID&gt;&lt;tagGroupID&gt;1&lt;/tagGroupID&gt;&lt;tagFunctionID&gt;4&lt;/tagFunctionID&gt;&lt;COM_typeName&gt;TSend&lt;/COM_typeName&gt;&lt;FNC_typeName&gt;DefDataTable&lt;/FNC_typeName&gt;&lt;OPC_typeName&gt;FLOAT&lt;/OPC_typeName&gt;&lt;unitID&gt;36&lt;/unitID&gt;&lt;lineID&gt;35&lt;/lineID&gt;&lt;nameDefined&gt;Hi\Lo&lt;/nameDefined&gt;&lt;uomDefinedID&gt;24&lt;/uomDefinedID&gt;&lt;UOMName&gt;MM&lt;/UOMName&gt;&lt;UOMDescription&gt;MILIMETERS&lt;/UOMDescription&gt;&lt;serialNumber&gt;FTW3M16000alb&lt;/serialNumber&gt;&lt;avrg&gt;0.002575&lt;/avrg&gt;&lt;/Row&gt;&lt;Row&gt;&lt;notifRecordID&gt;112790&lt;/notifRecordID&gt;&lt;notifTagID&gt;123&lt;/notifTagID&gt;&lt;notifTagValue&gt;0.0&lt;/notifTagValue&gt;&lt;recordID&gt;112790&lt;/recordID&gt;&lt;notifName&gt;TransCtr&lt;/notifName&gt;&lt;notifDescription&gt;P558_JENOPTIK&lt;/notifDescription&gt;&lt;CreatedBy&gt;SYSTEM&lt;/CreatedBy&gt;&lt;CreatedOn&gt;2016-12-16T18:33:03&lt;/CreatedOn&gt;&lt;ModifiedBy&gt;System&lt;/ModifiedBy&gt;&lt;ModifiedOn&gt;2016-12-16T18:33:05&lt;/ModifiedOn&gt;&lt;tagName&gt;Data_00&lt;/tagName&gt;&lt;tagTypeID&gt;8&lt;/tagTypeID&gt;&lt;tagGroupID&gt;1&lt;/tagGroupID&gt;&lt;tagFunctionID&gt;4&lt;/tagFunctionID&gt;&lt;COM_typeName&gt;TSend&lt;/COM_typeName&gt;&lt;FNC_typeName&gt;DefDataTable&lt;/FNC_typeName&gt;&lt;OPC_typeName&gt;FLOAT&lt;/OPC_typeName&gt;&lt;unitID&gt;36&lt;/unitID&gt;&lt;lineID&gt;35&lt;/lineID&gt;&lt;nameDefined&gt;Hi\Lo&lt;/nameDefined&gt;&lt;uomDefinedID&gt;24&lt;/uomDefinedID&gt;&lt;UOMName&gt;MM&lt;/UOMName&gt;&lt;UOMDescription&gt;MILIMETERS&lt;/UOMDescription&gt;&lt;serialNumber&gt;FTW3M16000alc&lt;/serialNumber&gt;&lt;avrg&gt;0.002575&lt;/avrg&gt;&lt;/Row&gt;&lt;Row&gt;&lt;notifRecordID&gt;112796&lt;/notifRecordID&gt;&lt;notifTagID&gt;123&lt;/notifTagID&gt;&lt;notifTagValue&gt;0.012&lt;/notifTagValue&gt;&lt;recordID&gt;112796&lt;/recordID&gt;&lt;notifName&gt;TransCtr&lt;/notifName&gt;&lt;notifDescription&gt;P558_JENOPTIK&lt;/notifDescription&gt;&lt;CreatedBy&gt;SYSTEM&lt;/CreatedBy&gt;&lt;CreatedOn&gt;2016-12-16T18:39:31&lt;/CreatedOn&gt;&lt;ModifiedBy&gt;System&lt;/ModifiedBy&gt;&lt;ModifiedOn&gt;2016-12-16T18:39:33&lt;/ModifiedOn&gt;&lt;tagName&gt;Data_00&lt;/tagName&gt;&lt;tagTypeID&gt;8&lt;/tagTypeID&gt;&lt;tagGroupID&gt;1&lt;/tagGroupID&gt;&lt;tagFunctionID&gt;4&lt;/tagFunctionID&gt;&lt;COM_typeName&gt;TSend&lt;/COM_typeName&gt;&lt;FNC_typeName&gt;DefDataTable&lt;/FNC_typeName&gt;&lt;OPC_typeName&gt;FLOAT&lt;/OPC_typeName&gt;&lt;unitID&gt;36&lt;/unitID&gt;&lt;lineID&gt;35&lt;/lineID&gt;&lt;nameDefined&gt;Hi\Lo&lt;/nameDefined&gt;&lt;uomDefinedID&gt;24&lt;/uomDefinedID&gt;&lt;UOMName&gt;MM&lt;/UOMName&gt;&lt;UOMDescription&gt;MILIMETERS&lt;/UOMDescription&gt;&lt;serialNumber&gt;FTW2M160006u6&lt;/serialNumber&gt;&lt;avrg&gt;0.002575&lt;/avrg&gt;&lt;/Row&gt;&lt;Row&gt;&lt;notifRecordID&gt;112799&lt;/notifRecordID&gt;&lt;notifTagID&gt;123&lt;/notifTagID&gt;&lt;notifTagValue&gt;0.005&lt;/notifTagValue&gt;&lt;recordID&gt;112799&lt;/recordID&gt;&lt;notifName&gt;TransCtr&lt;/notifName&gt;&lt;notifDescription&gt;P558_JENOPTIK&lt;/notifDescription&gt;&lt;CreatedBy&gt;SYSTEM&lt;/CreatedBy&gt;&lt;CreatedOn&gt;2016-12-16T18:42:29&lt;/CreatedOn&gt;&lt;ModifiedBy&gt;System&lt;/ModifiedBy&gt;&lt;ModifiedOn&gt;2016-12-16T18:42:31&lt;/ModifiedOn&gt;&lt;tagName&gt;Data_00&lt;/tagName&gt;&lt;tagTypeID&gt;8&lt;/tagTypeID&gt;&lt;tagGroupID&gt;1&lt;/tagGroupID&gt;&lt;tagFunctionID&gt;4&lt;/tagFunctionID&gt;&lt;COM_typeName&gt;TSend&lt;/COM_typeName&gt;&lt;FNC_typeName&gt;DefDataTable&lt;/FNC_typeName&gt;&lt;OPC_typeName&gt;FLOAT&lt;/OPC_typeName&gt;&lt;unitID&gt;36&lt;/unitID&gt;&lt;lineID&gt;35&lt;/lineID&gt;&lt;nameDefined&gt;Hi\Lo&lt;/nameDefined&gt;&lt;uomDefinedID&gt;24&lt;/uomDefinedID&gt;&lt;UOMName&gt;MM&lt;/UOMName&gt;&lt;UOMDescription&gt;MILIMETERS&lt;/UOMDescription&gt;&lt;serialNumber&gt;FTW3M16000ald&lt;/serialNumber&gt;&lt;avrg&gt;0.002575&lt;/avrg&gt;&lt;/Row&gt;&lt;Row&gt;&lt;notifRecordID&gt;112802&lt;/notifRecordID&gt;&lt;notifTagID&gt;123&lt;/notifTagID&gt;&lt;notifTagValue&gt;-0.003&lt;/notifTagValue&gt;&lt;recordID&gt;112802&lt;/recordID&gt;&lt;notifName&gt;TransCtr&lt;/notifName&gt;&lt;notifDescription&gt;P558_JENOPTIK&lt;/notifDescription&gt;&lt;CreatedBy&gt;SYSTEM&lt;/CreatedBy&gt;&lt;CreatedOn&gt;2016-12-16T18:44:10&lt;/CreatedOn&gt;&lt;ModifiedBy&gt;System&lt;/ModifiedBy&gt;&lt;ModifiedOn&gt;2016-12-16T18:44:12&lt;/ModifiedOn&gt;&lt;tagName&gt;Data_00&lt;/tagName&gt;&lt;tagTypeID&gt;8&lt;/tagTypeID&gt;&lt;tagGroupID&gt;1&lt;/tagGroupID&gt;&lt;tagFunctionID&gt;4&lt;/tagFunctionID&gt;&lt;COM_typeName&gt;TSend&lt;/COM_typeName&gt;&lt;FNC_typeName&gt;DefDataTable&lt;/FNC_typeName&gt;&lt;OPC_typeName&gt;FLOAT&lt;/OPC_typeName&gt;&lt;unitID&gt;36&lt;/unitID&gt;&lt;lineID&gt;35&lt;/lineID&gt;&lt;nameDefined&gt;Hi\Lo&lt;/nameDefined&gt;&lt;uomDefinedID&gt;24&lt;/uomDefinedID&gt;&lt;UOMName&gt;MM&lt;/UOMName&gt;&lt;UOMDescription&gt;MILIMETERS&lt;/UOMDescription&gt;&lt;serialNumber&gt;FTW2M160006u7&lt;/serialNumber&gt;&lt;avrg&gt;0.002575&lt;/avrg&gt;&lt;/Row&gt;&lt;Row&gt;&lt;notifRecordID&gt;112806&lt;/notifRecordID&gt;&lt;notifTagID&gt;123&lt;/notifTagID&gt;&lt;notifTagValue&gt;-0.003&lt;/notifTagValue&gt;&lt;recordID&gt;112806&lt;/recordID&gt;&lt;notifName&gt;TransCtr&lt;/notifName&gt;&lt;notifDescription&gt;P558_JENOPTIK&lt;/notifDescription&gt;&lt;CreatedBy&gt;SYSTEM&lt;/CreatedBy&gt;&lt;CreatedOn&gt;2016-12-16T18:49:02&lt;/CreatedOn&gt;&lt;ModifiedBy&gt;System&lt;/ModifiedBy&gt;&lt;ModifiedOn&gt;2016-12-16T18:49:04&lt;/ModifiedOn&gt;&lt;tagName&gt;Data_00&lt;/tagName&gt;&lt;tagTypeID&gt;8&lt;/tagTypeID&gt;&lt;tagGroupID&gt;1&lt;/tagGroupID&gt;&lt;tagFunctionID&gt;4&lt;/tagFunctionID&gt;&lt;COM_typeName&gt;TSend&lt;/COM_typeName&gt;&lt;FNC_typeName&gt;DefDataTable&lt;/FNC_typeName&gt;&lt;OPC_typeName&gt;FLOAT&lt;/OPC_typeName&gt;&lt;unitID&gt;36&lt;/unitID&gt;&lt;lineID&gt;35&lt;/lineID&gt;&lt;nameDefined&gt;Hi\Lo&lt;/nameDefined&gt;&lt;uomDefinedID&gt;24&lt;/uomDefinedID&gt;&lt;UOMName&gt;MM&lt;/UOMName&gt;&lt;UOMDescription&gt;MILIMETERS&lt;/UOMDescription&gt;&lt;serialNumber&gt;FTW2M160006u7&lt;/serialNumber&gt;&lt;avrg&gt;0.002575&lt;/avrg&gt;&lt;/Row&gt;&lt;Row&gt;&lt;notifRecordID&gt;112809&lt;/notifRecordID&gt;&lt;notifTagID&gt;123&lt;/notifTagID&gt;&lt;notifTagValue&gt;0.002&lt;/notifTagValue&gt;&lt;recordID&gt;112809&lt;/recordID&gt;&lt;notifName&gt;TransCtr&lt;/notifName&gt;&lt;notifDescription&gt;P558_JENOPTIK&lt;/notifDescription&gt;&lt;CreatedBy&gt;SYSTEM&lt;/CreatedBy&gt;&lt;CreatedOn&gt;2016-12-16T18:51:16&lt;/CreatedOn&gt;&lt;ModifiedBy&gt;System&lt;/ModifiedBy&gt;&lt;ModifiedOn&gt;2016-12-16T18:51:18&lt;/ModifiedOn&gt;&lt;tagName&gt;Data_00&lt;/tagName&gt;&lt;tagTypeID&gt;8&lt;/tagTypeID&gt;&lt;tagGroupID&gt;1&lt;/tagGroupID&gt;&lt;tagFunctionID&gt;4&lt;/tagFunctionID&gt;&lt;COM_typeName&gt;TSend&lt;/COM_typeName&gt;&lt;FNC_typeName&gt;DefDataTable&lt;/FNC_typeName&gt;&lt;OPC_typeName&gt;FLOAT&lt;/OPC_typeName&gt;&lt;unitID&gt;36&lt;/unitID&gt;&lt;lineID&gt;35&lt;/lineID&gt;&lt;nameDefined&gt;Hi\Lo&lt;/nameDefined&gt;&lt;uomDefinedID&gt;24&lt;/uomDefinedID&gt;&lt;UOMName&gt;MM&lt;/UOMName&gt;&lt;UOMDescription&gt;MILIMETERS&lt;/UOMDescription&gt;&lt;serialNumber&gt;FTW3M16000ale&lt;/serialNumber&gt;&lt;avrg&gt;0.002575&lt;/avrg&gt;&lt;/Row&gt;&lt;Row&gt;&lt;notifRecordID&gt;112815&lt;/notifRecordID&gt;&lt;notifTagID&gt;123&lt;/notifTagID&gt;&lt;notifTagValue&gt;0.003&lt;/notifTagValue&gt;&lt;recordID&gt;112815&lt;/recordID&gt;&lt;notifName&gt;TransCtr&lt;/notifName&gt;&lt;notifDescription&gt;P558_JENOPTIK&lt;/notifDescription&gt;&lt;CreatedBy&gt;SYSTEM&lt;/CreatedBy&gt;&lt;CreatedOn&gt;2016-12-16T18:56:14&lt;/CreatedOn&gt;&lt;ModifiedBy&gt;System&lt;/ModifiedBy&gt;&lt;ModifiedOn&gt;2016-12-16T18:56:16&lt;/ModifiedOn&gt;&lt;tagName&gt;Data_00&lt;/tagName&gt;&lt;tagTypeID&gt;8&lt;/tagTypeID&gt;&lt;tagGroupID&gt;1&lt;/tagGroupID&gt;&lt;tagFunctionID&gt;4&lt;/tagFunctionID&gt;&lt;COM_typeName&gt;TSend&lt;/COM_typeName&gt;&lt;FNC_typeName&gt;DefDataTable&lt;/FNC_typeName&gt;&lt;OPC_typeName&gt;FLOAT&lt;/OPC_typeName&gt;&lt;unitID&gt;36&lt;/unitID&gt;&lt;lineID&gt;35&lt;/lineID&gt;&lt;nameDefined&gt;Hi\Lo&lt;/nameDefined&gt;&lt;uomDefinedID&gt;24&lt;/uomDefinedID&gt;&lt;UOMName&gt;MM&lt;/UOMName&gt;&lt;UOMDescription&gt;MILIMETERS&lt;/UOMDescription&gt;&lt;serialNumber&gt;FTW3M16000alf&lt;/serialNumber&gt;&lt;avrg&gt;0.002575&lt;/avrg&gt;&lt;/Row&gt;&lt;Row&gt;&lt;notifRecordID&gt;112821&lt;/notifRecordID&gt;&lt;notifTagID&gt;123&lt;/notifTagID&gt;&lt;notifTagValue&gt;0.002&lt;/notifTagValue&gt;&lt;recordID&gt;112821&lt;/recordID&gt;&lt;notifName&gt;TransCtr&lt;/notifName&gt;&lt;notifDescription&gt;P558_JENOPTIK&lt;/notifDescription&gt;&lt;CreatedBy&gt;SYSTEM&lt;/CreatedBy&gt;&lt;CreatedOn&gt;2016-12-16T19:06:21&lt;/CreatedOn&gt;&lt;ModifiedBy&gt;System&lt;/ModifiedBy&gt;&lt;ModifiedOn&gt;2016-12-16T19:06:23&lt;/ModifiedOn&gt;&lt;tagName&gt;Data_00&lt;/tagName&gt;&lt;tagTypeID&gt;8&lt;/tagTypeID&gt;&lt;tagGroupID&gt;1&lt;/tagGroupID&gt;&lt;tagFunctionID&gt;4&lt;/tagFunctionID&gt;&lt;COM_typeName&gt;TSend&lt;/COM_typeName&gt;&lt;FNC_typeName&gt;DefDataTable&lt;/FNC_typeName&gt;&lt;OPC_typeName&gt;FLOAT&lt;/OPC_typeName&gt;&lt;unitID&gt;36&lt;/unitID&gt;&lt;lineID&gt;35&lt;/lineID&gt;&lt;nameDefined&gt;Hi\Lo&lt;/nameDefined&gt;&lt;uomDefinedID&gt;24&lt;/uomDefinedID&gt;&lt;UOMName&gt;MM&lt;/UOMName&gt;&lt;UOMDescription&gt;MILIMETERS&lt;/UOMDescription&gt;&lt;serialNumber&gt;FTW2M160006u8&lt;/serialNumber&gt;&lt;avrg&gt;0.002575&lt;/avrg&gt;&lt;/Row&gt;&lt;Row&gt;&lt;notifRecordID&gt;112825&lt;/notifRecordID&gt;&lt;notifTagID&gt;123&lt;/notifTagID&gt;&lt;notifTagValue&gt;-0.002&lt;/notifTagValue&gt;&lt;recordID&gt;112825&lt;/recordID&gt;&lt;notifName&gt;TransCtr&lt;/notifName&gt;&lt;notifDescription&gt;P558_JENOPTIK&lt;/notifDescription&gt;&lt;CreatedBy&gt;SYSTEM&lt;/CreatedBy&gt;&lt;CreatedOn&gt;2016-12-16T19:10:22&lt;/CreatedOn&gt;&lt;ModifiedBy&gt;System&lt;/ModifiedBy&gt;&lt;ModifiedOn&gt;2016-12-16T19:10:24&lt;/ModifiedOn&gt;&lt;tagName&gt;Data_00&lt;/tagName&gt;&lt;tagTypeID&gt;8&lt;/tagTypeID&gt;&lt;tagGroupID&gt;1&lt;/tagGroupID&gt;&lt;tagFunctionID&gt;4&lt;/tagFunctionID&gt;&lt;COM_typeName&gt;TSend&lt;/COM_typeName&gt;&lt;FNC_typeName&gt;DefDataTable&lt;/FNC_typeName&gt;&lt;OPC_typeName&gt;FLOAT&lt;/OPC_typeName&gt;&lt;unitID&gt;36&lt;/unitID&gt;&lt;lineID&gt;35&lt;/lineID&gt;&lt;nameDefined&gt;Hi\Lo&lt;/nameDefined&gt;&lt;uomDefinedID&gt;24&lt;/uomDefinedID&gt;&lt;UOMName&gt;MM&lt;/UOMName&gt;&lt;UOMDescription&gt;MILIMETERS&lt;/UOMDescription&gt;&lt;serialNumber&gt;FTW3M16000alg&lt;/serialNumber&gt;&lt;avrg&gt;0.002575&lt;/avrg&gt;&lt;/Row&gt;&lt;Row&gt;&lt;notifRecordID&gt;112827&lt;/notifRecordID&gt;&lt;notifTagID&gt;123&lt;/notifTagID&gt;&lt;notifTagValue&gt;0.001&lt;/notifTagValue&gt;&lt;recordID&gt;112827&lt;/recordID&gt;&lt;notifName&gt;TransCtr&lt;/notifName&gt;&lt;notifDescription&gt;P558_JENOPTIK&lt;/notifDescription&gt;&lt;CreatedBy&gt;SYSTEM&lt;/CreatedBy&gt;&lt;CreatedOn&gt;2016-12-16T19:13:00&lt;/CreatedOn&gt;&lt;ModifiedBy&gt;System&lt;/ModifiedBy&gt;&lt;ModifiedOn&gt;2016-12-16T19:13:02&lt;/ModifiedOn&gt;&lt;tagName&gt;Data_00&lt;/tagName&gt;&lt;tagTypeID&gt;8&lt;/tagTypeID&gt;&lt;tagGroupID&gt;1&lt;/tagGroupID&gt;&lt;tagFunctionID&gt;4&lt;/tagFunctionID&gt;&lt;COM_typeName&gt;TSend&lt;/COM_typeName&gt;&lt;FNC_typeName&gt;DefDataTable&lt;/FNC_typeName&gt;&lt;OPC_typeName&gt;FLOAT&lt;/OPC_typeName&gt;&lt;unitID&gt;36&lt;/unitID&gt;&lt;lineID&gt;35&lt;/lineID&gt;&lt;nameDefined&gt;Hi\Lo&lt;/nameDefined&gt;&lt;uomDefinedID&gt;24&lt;/uomDefinedID&gt;&lt;UOMName&gt;MM&lt;/UOMName&gt;&lt;UOMDescription&gt;MILIMETERS&lt;/UOMDescription&gt;&lt;serialNumber&gt;FTW2M160006u9&lt;/serialNumber&gt;&lt;avrg&gt;0.002575&lt;/avrg&gt;&lt;/Row&gt;&lt;Row&gt;&lt;notifRecordID&gt;112831&lt;/notifRecordID&gt;&lt;notifTagID&gt;123&lt;/notifTagID&gt;&lt;notifTagValue&gt;0.003&lt;/notifTagValue&gt;&lt;recordID&gt;112831&lt;/recordID&gt;&lt;notifName&gt;TransCtr&lt;/notifName&gt;&lt;notifDescription&gt;P558_JENOPTIK&lt;/notifDescription&gt;&lt;CreatedBy&gt;SYSTEM&lt;/CreatedBy&gt;&lt;CreatedOn&gt;2016-12-16T19:15:42&lt;/CreatedOn&gt;&lt;ModifiedBy&gt;System&lt;/ModifiedBy&gt;&lt;ModifiedOn&gt;2016-12-16T19:15:44&lt;/ModifiedOn&gt;&lt;tagName&gt;Data_00&lt;/tagName&gt;&lt;tagTypeID&gt;8&lt;/tagTypeID&gt;&lt;tagGroupID&gt;1&lt;/tagGroupID&gt;&lt;tagFunctionID&gt;4&lt;/tagFunctionID&gt;&lt;COM_typeName&gt;TSend&lt;/COM_typeName&gt;&lt;FNC_typeName&gt;DefDataTable&lt;/FNC_typeName&gt;&lt;OPC_typeName&gt;FLOAT&lt;/OPC_typeName&gt;&lt;unitID&gt;36&lt;/unitID&gt;&lt;lineID&gt;35&lt;/lineID&gt;&lt;nameDefined&gt;Hi\Lo&lt;/nameDefined&gt;&lt;uomDefinedID&gt;24&lt;/uomDefinedID&gt;&lt;UOMName&gt;MM&lt;/UOMName&gt;&lt;UOMDescription&gt;MILIMETERS&lt;/UOMDescription&gt;&lt;serialNumber&gt;FTW3M16000alh&lt;/serialNumber&gt;&lt;avrg&gt;0.002575&lt;/avrg&gt;&lt;/Row&gt;&lt;Row&gt;&lt;notifRecordID&gt;112837&lt;/notifRecordID&gt;&lt;notifTagID&gt;123&lt;/notifTagID&gt;&lt;notifTagValue&gt;0.005&lt;/notifTagValue&gt;&lt;recordID&gt;112837&lt;/recordID&gt;&lt;notifName&gt;TransCtr&lt;/notifName&gt;&lt;notifDescription&gt;P558_JENOPTIK&lt;/notifDescription&gt;&lt;CreatedBy&gt;SYSTEM&lt;/CreatedBy&gt;&lt;CreatedOn&gt;2016-12-16T19:23:12&lt;/CreatedOn&gt;&lt;ModifiedBy&gt;System&lt;/ModifiedBy&gt;&lt;ModifiedOn&gt;2016-12-16T19:23:14&lt;/ModifiedOn&gt;&lt;tagName&gt;Data_00&lt;/tagName&gt;&lt;tagTypeID&gt;8&lt;/tagTypeID&gt;&lt;tagGroupID&gt;1&lt;/tagGroupID&gt;&lt;tagFunctionID&gt;4&lt;/tagFunctionID&gt;&lt;COM_typeName&gt;TSend&lt;/COM_typeName&gt;&lt;FNC_typeName&gt;DefDataTable&lt;/FNC_typeName&gt;&lt;OPC_typeName&gt;FLOAT&lt;/OPC_typeName&gt;&lt;unitID&gt;36&lt;/unitID&gt;&lt;lineID&gt;35&lt;/lineID&gt;&lt;nameDefined&gt;Hi\Lo&lt;/nameDefined&gt;&lt;uomDefinedID&gt;24&lt;/uomDefinedID&gt;&lt;UOMName&gt;MM&lt;/UOMName&gt;&lt;UOMDescription&gt;MILIMETERS&lt;/UOMDescription&gt;&lt;serialNumber&gt;FTW3M16000ali&lt;/serialNumber&gt;&lt;avrg&gt;0.002575&lt;/avrg&gt;&lt;/Row&gt;&lt;Row&gt;&lt;notifRecordID&gt;112843&lt;/notifRecordID&gt;&lt;notifTagID&gt;123&lt;/notifTagID&gt;&lt;notifTagValue&gt;0.005&lt;/notifTagValue&gt;&lt;recordID&gt;112843&lt;/recordID&gt;&lt;notifName&gt;TransCtr&lt;/notifName&gt;&lt;notifDescription&gt;P558_JENOPTIK&lt;/notifDescription&gt;&lt;CreatedBy&gt;SYSTEM&lt;/CreatedBy&gt;&lt;CreatedOn&gt;2016-12-16T19:32:52&lt;/CreatedOn&gt;&lt;ModifiedBy&gt;System&lt;/ModifiedBy&gt;&lt;ModifiedOn&gt;2016-12-16T19:32:54&lt;/ModifiedOn&gt;&lt;tagName&gt;Data_00&lt;/tagName&gt;&lt;tagTypeID&gt;8&lt;/tagTypeID&gt;&lt;tagGroupID&gt;1&lt;/tagGroupID&gt;&lt;tagFunctionID&gt;4&lt;/tagFunctionID&gt;&lt;COM_typeName&gt;TSend&lt;/COM_typeName&gt;&lt;FNC_typeName&gt;DefDataTable&lt;/FNC_typeName&gt;&lt;OPC_typeName&gt;FLOAT&lt;/OPC_typeName&gt;&lt;unitID&gt;36&lt;/unitID&gt;&lt;lineID&gt;35&lt;/lineID&gt;&lt;nameDefined&gt;Hi\Lo&lt;/nameDefined&gt;&lt;uomDefinedID&gt;24&lt;/uomDefinedID&gt;&lt;UOMName&gt;MM&lt;/UOMName&gt;&lt;UOMDescription&gt;MILIMETERS&lt;/UOMDescription&gt;&lt;serialNumber&gt;FTW2M160006ua&lt;/serialNumber&gt;&lt;avrg&gt;0.002575&lt;/avrg&gt;&lt;/Row&gt;&lt;Row&gt;&lt;notifRecordID&gt;112846&lt;/notifRecordID&gt;&lt;notifTagID&gt;123&lt;/notifTagID&gt;&lt;notifTagValue&gt;-0.001&lt;/notifTagValue&gt;&lt;recordID&gt;112846&lt;/recordID&gt;&lt;notifName&gt;TransCtr&lt;/notifName&gt;&lt;notifDescription&gt;P558_JENOPTIK&lt;/notifDescription&gt;&lt;CreatedBy&gt;SYSTEM&lt;/CreatedBy&gt;&lt;CreatedOn&gt;2016-12-16T19:34:52&lt;/CreatedOn&gt;&lt;ModifiedBy&gt;System&lt;/ModifiedBy&gt;&lt;ModifiedOn&gt;2016-12-16T19:34:54&lt;/ModifiedOn&gt;&lt;tagName&gt;Data_00&lt;/tagName&gt;&lt;tagTypeID&gt;8&lt;/tagTypeID&gt;&lt;tagGroupID&gt;1&lt;/tagGroupID&gt;&lt;tagFunctionID&gt;4&lt;/tagFunctionID&gt;&lt;COM_typeName&gt;TSend&lt;/COM_typeName&gt;&lt;FNC_typeName&gt;DefDataTable&lt;/FNC_typeName&gt;&lt;OPC_typeName&gt;FLOAT&lt;/OPC_typeName&gt;&lt;unitID&gt;36&lt;/unitID&gt;&lt;lineID&gt;35&lt;/lineID&gt;&lt;nameDefined&gt;Hi\Lo&lt;/nameDefined&gt;&lt;uomDefinedID&gt;24&lt;/uomDefinedID&gt;&lt;UOMName&gt;MM&lt;/UOMName&gt;&lt;UOMDescription&gt;MILIMETERS&lt;/UOMDescription&gt;&lt;serialNumber&gt;FTW2M160006ub&lt;/serialNumber&gt;&lt;avrg&gt;0.002575&lt;/avrg&gt;&lt;/Row&gt;&lt;Row&gt;&lt;notifRecordID&gt;112850&lt;/notifRecordID&gt;&lt;notifTagID&gt;123&lt;/notifTagID&gt;&lt;notifTagValue&gt;0.006&lt;/notifTagValue&gt;&lt;recordID&gt;112850&lt;/recordID&gt;&lt;notifName&gt;TransCtr&lt;/notifName&gt;&lt;notifDescription&gt;P558_JENOPTIK&lt;/notifDescription&gt;&lt;CreatedBy&gt;SYSTEM&lt;/CreatedBy&gt;&lt;CreatedOn&gt;2016-12-16T19:37:36&lt;/CreatedOn&gt;&lt;ModifiedBy&gt;System&lt;/ModifiedBy&gt;&lt;ModifiedOn&gt;2016-12-16T19:37:38&lt;/ModifiedOn&gt;&lt;tagName&gt;Data_00&lt;/tagName&gt;&lt;tagTypeID&gt;8&lt;/tagTypeID&gt;&lt;tagGroupID&gt;1&lt;/tagGroupID&gt;&lt;tagFunctionID&gt;4&lt;/tagFunctionID&gt;&lt;COM_typeName&gt;TSend&lt;/COM_typeName&gt;&lt;FNC_typeName&gt;DefDataTable&lt;/FNC_typeName&gt;&lt;OPC_typeName&gt;FLOAT&lt;/OPC_typeName&gt;&lt;unitID&gt;36&lt;/unitID&gt;&lt;lineID&gt;35&lt;/lineID&gt;&lt;nameDefined&gt;Hi\Lo&lt;/nameDefined&gt;&lt;uomDefinedID&gt;24&lt;/uomDefinedID&gt;&lt;UOMName&gt;MM&lt;/UOMName&gt;&lt;UOMDescription&gt;MILIMETERS&lt;/UOMDescription&gt;&lt;serialNumber&gt;FTW3M16000alj&lt;/serialNumber&gt;&lt;avrg&gt;0.002575&lt;/avrg&gt;&lt;/Row&gt;&lt;Row&gt;&lt;notifRecordID&gt;112862&lt;/notifRecordID&gt;&lt;notifTagID&gt;123&lt;/notifTagID&gt;&lt;notifTagValue&gt;0.006&lt;/notifTagValue&gt;&lt;recordID&gt;112862&lt;/recordID&gt;&lt;notifName&gt;TransCtr&lt;/notifName&gt;&lt;notifDescription&gt;P558_JENOPTIK&lt;/notifDescription&gt;&lt;CreatedBy&gt;SYSTEM&lt;/CreatedBy&gt;&lt;CreatedOn&gt;2016-12-16T20:16:42&lt;/CreatedOn&gt;&lt;ModifiedBy&gt;System&lt;/ModifiedBy&gt;&lt;ModifiedOn&gt;2016-12-16T20:16:44&lt;/ModifiedOn&gt;&lt;tagName&gt;Data_00&lt;/tagName&gt;&lt;tagTypeID&gt;8&lt;/tagTypeID&gt;&lt;tagGroupID&gt;1&lt;/tagGroupID&gt;&lt;tagFunctionID&gt;4&lt;/tagFunctionID&gt;&lt;COM_typeName&gt;TSend&lt;/COM_typeName&gt;&lt;FNC_typeName&gt;DefDataTable&lt;/FNC_typeName&gt;&lt;OPC_typeName&gt;FLOAT&lt;/OPC_typeName&gt;&lt;unitID&gt;36&lt;/unitID&gt;&lt;lineID&gt;35&lt;/lineID&gt;&lt;nameDefined&gt;Hi\Lo&lt;/nameDefined&gt;&lt;uomDefinedID&gt;24&lt;/uomDefinedID&gt;&lt;UOMName&gt;MM&lt;/UOMName&gt;&lt;UOMDescription&gt;MILIMETERS&lt;/UOMDescription&gt;&lt;serialNumber&gt;FTW3M16000alk&lt;/serialNumber&gt;&lt;avrg&gt;0.002575&lt;/avrg&gt;&lt;/Row&gt;&lt;Row&gt;&lt;notifRecordID&gt;112865&lt;/notifRecordID&gt;&lt;notifTagID&gt;123&lt;/notifTagID&gt;&lt;notifTagValue&gt;0.01&lt;/notifTagValue&gt;&lt;recordID&gt;112865&lt;/recordID&gt;&lt;notifName&gt;TransCtr&lt;/notifName&gt;&lt;notifDescription&gt;P558_JENOPTIK&lt;/notifDescription&gt;&lt;CreatedBy&gt;SYSTEM&lt;/CreatedBy&gt;&lt;CreatedOn&gt;2016-12-16T20:18:41&lt;/CreatedOn&gt;&lt;ModifiedBy&gt;System&lt;/ModifiedBy&gt;&lt;ModifiedOn&gt;2016-12-16T20:18:43&lt;/ModifiedOn&gt;&lt;tagName&gt;Data_00&lt;/tagName&gt;&lt;tagTypeID&gt;8&lt;/tagTypeID&gt;&lt;tagGroupID&gt;1&lt;/tagGroupID&gt;&lt;tagFunctionID&gt;4&lt;/tagFunctionID&gt;&lt;COM_typeName&gt;TSend&lt;/COM_typeName&gt;&lt;FNC_typeName&gt;DefDataTable&lt;/FNC_typeName&gt;&lt;OPC_typeName&gt;FLOAT&lt;/OPC_typeName&gt;&lt;unitID&gt;36&lt;/unitID&gt;&lt;lineID&gt;35&lt;/lineID&gt;&lt;nameDefined&gt;Hi\Lo&lt;/nameDefined&gt;&lt;uomDefinedID&gt;24&lt;/uomDefinedID&gt;&lt;UOMName&gt;MM&lt;/UOMName&gt;&lt;UOMDescription&gt;MILIMETERS&lt;/UOMDescription&gt;&lt;serialNumber&gt;FTW2M160006uc&lt;/serialNumber&gt;&lt;avrg&gt;0.002575&lt;/avrg&gt;&lt;/Row&gt;&lt;Row&gt;&lt;notifRecordID&gt;112867&lt;/notifRecordID&gt;&lt;notifTagID&gt;123&lt;/notifTagID&gt;&lt;notifTagValue&gt;0.0&lt;/notifTagValue&gt;&lt;recordID&gt;112867&lt;/recordID&gt;&lt;notifName&gt;TransCtr&lt;/notifName&gt;&lt;notifDescription&gt;P558_JENOPTIK&lt;/notifDescription&gt;&lt;CreatedBy&gt;SYSTEM&lt;/CreatedBy&gt;&lt;CreatedOn&gt;2016-12-16T20:21:56&lt;/CreatedOn&gt;&lt;ModifiedBy&gt;System&lt;/ModifiedBy&gt;&lt;ModifiedOn&gt;2016-12-16T20:21:58&lt;/ModifiedOn&gt;&lt;tagName&gt;Data_00&lt;/tagName&gt;&lt;tagTypeID&gt;8&lt;/tagTypeID&gt;&lt;tagGroupID&gt;1&lt;/tagGroupID&gt;&lt;tagFunctionID&gt;4&lt;/tagFunctionID&gt;&lt;COM_typeName&gt;TSend&lt;/COM_typeName&gt;&lt;FNC_typeName&gt;DefDataTable&lt;/FNC_typeName&gt;&lt;OPC_typeName&gt;FLOAT&lt;/OPC_typeName&gt;&lt;unitID&gt;36&lt;/unitID&gt;&lt;lineID&gt;35&lt;/lineID&gt;&lt;nameDefined&gt;Hi\Lo&lt;/nameDefined&gt;&lt;uomDefinedID&gt;24&lt;/uomDefinedID&gt;&lt;UOMName&gt;MM&lt;/UOMName&gt;&lt;UOMDescription&gt;MILIMETERS&lt;/UOMDescription&gt;&lt;serialNumber&gt;FTW2M160006ud&lt;/serialNumber&gt;&lt;avrg&gt;0.002575&lt;/avrg&gt;&lt;/Row&gt;&lt;Row&gt;&lt;notifRecordID&gt;112870&lt;/notifRecordID&gt;&lt;notifTagID&gt;123&lt;/notifTagID&gt;&lt;notifTagValue&gt;0.001&lt;/notifTagValue&gt;&lt;recordID&gt;112870&lt;/recordID&gt;&lt;notifName&gt;TransCtr&lt;/notifName&gt;&lt;notifDescription&gt;P558_JENOPTIK&lt;/notifDescription&gt;&lt;CreatedBy&gt;SYSTEM&lt;/CreatedBy&gt;&lt;CreatedOn&gt;2016-12-16T20:25:38&lt;/CreatedOn&gt;&lt;ModifiedBy&gt;System&lt;/ModifiedBy&gt;&lt;ModifiedOn&gt;2016-12-16T20:25:40&lt;/ModifiedOn&gt;&lt;tagName&gt;Data_00&lt;/tagName&gt;&lt;tagTypeID&gt;8&lt;/tagTypeID&gt;&lt;tagGroupID&gt;1&lt;/tagGroupID&gt;&lt;tagFunctionID&gt;4&lt;/tagFunctionID&gt;&lt;COM_typeName&gt;TSend&lt;/COM_typeName&gt;&lt;FNC_typeName&gt;DefDataTable&lt;/FNC_typeName&gt;&lt;OPC_typeName&gt;FLOAT&lt;/OPC_typeName&gt;&lt;unitID&gt;36&lt;/unitID&gt;&lt;lineID&gt;35&lt;/lineID&gt;&lt;nameDefined&gt;Hi\Lo&lt;/nameDefined&gt;&lt;uomDefinedID&gt;24&lt;/uomDefinedID&gt;&lt;UOMName&gt;MM&lt;/UOMName&gt;&lt;UOMDescription&gt;MILIMETERS&lt;/UOMDescription&gt;&lt;serialNumber&gt;FTW2M160006ue&lt;/serialNumber&gt;&lt;avrg&gt;0.002575&lt;/avrg&gt;&lt;/Row&gt;&lt;Row&gt;&lt;notifRecordID&gt;112878&lt;/notifRecordID&gt;&lt;notifTagID&gt;123&lt;/notifTagID&gt;&lt;notifTagValue&gt;0.002&lt;/notifTagValue&gt;&lt;recordID&gt;112878&lt;/recordID&gt;&lt;notifName&gt;TransCtr&lt;/notifName&gt;&lt;notifDescription&gt;P558_JENOPTIK&lt;/notifDescription&gt;&lt;CreatedBy&gt;SYSTEM&lt;/CreatedBy&gt;&lt;CreatedOn&gt;2016-12-16T20:51:55&lt;/CreatedOn&gt;&lt;ModifiedBy&gt;System&lt;/ModifiedBy&gt;&lt;ModifiedOn&gt;2016-12-16T20:51:57&lt;/ModifiedOn&gt;&lt;tagName&gt;Data_00&lt;/tagName&gt;&lt;tagTypeID&gt;8&lt;/tagTypeID&gt;&lt;tagGroupID&gt;1&lt;/tagGroupID&gt;&lt;tagFunctionID&gt;4&lt;/tagFunctionID&gt;&lt;COM_typeName&gt;TSend&lt;/COM_typeName&gt;&lt;FNC_typeName&gt;DefDataTable&lt;/FNC_typeName&gt;&lt;OPC_typeName&gt;FLOAT&lt;/OPC_typeName&gt;&lt;unitID&gt;36&lt;/unitID&gt;&lt;lineID&gt;35&lt;/lineID&gt;&lt;nameDefined&gt;Hi\Lo&lt;/nameDefined&gt;&lt;uomDefinedID&gt;24&lt;/uomDefinedID&gt;&lt;UOMName&gt;MM&lt;/UOMName&gt;&lt;UOMDescription&gt;MILIMETERS&lt;/UOMDescription&gt;&lt;serialNumber&gt;FTW2M160006uf&lt;/serialNumber&gt;&lt;avrg&gt;0.002575&lt;/avrg&gt;&lt;/Row&gt;&lt;Row&gt;&lt;notifRecordID&gt;112881&lt;/notifRecordID&gt;&lt;notifTagID&gt;123&lt;/notifTagID&gt;&lt;notifTagValue&gt;0.007&lt;/notifTagValue&gt;&lt;recordID&gt;112881&lt;/recordID&gt;&lt;notifName&gt;TransCtr&lt;/notifName&gt;&lt;notifDescription&gt;P558_JENOPTIK&lt;/notifDescription&gt;&lt;CreatedBy&gt;SYSTEM&lt;/CreatedBy&gt;&lt;CreatedOn&gt;2016-12-16T20:54:31&lt;/CreatedOn&gt;&lt;ModifiedBy&gt;System&lt;/ModifiedBy&gt;&lt;ModifiedOn&gt;2016-12-16T20:54:33&lt;/ModifiedOn&gt;&lt;tagName&gt;Data_00&lt;/tagName&gt;&lt;tagTypeID&gt;8&lt;/tagTypeID&gt;&lt;tagGroupID&gt;1&lt;/tagGroupID&gt;&lt;tagFunctionID&gt;4&lt;/tagFunctionID&gt;&lt;COM_typeName&gt;TSend&lt;/COM_typeName&gt;&lt;FNC_typeName&gt;DefDataTable&lt;/FNC_typeName&gt;&lt;OPC_typeName&gt;FLOAT&lt;/OPC_typeName&gt;&lt;unitID&gt;36&lt;/unitID&gt;&lt;lineID&gt;35&lt;/lineID&gt;&lt;nameDefined&gt;Hi\Lo&lt;/nameDefined&gt;&lt;uomDefinedID&gt;24&lt;/uomDefinedID&gt;&lt;UOMName&gt;MM&lt;/UOMName&gt;&lt;UOMDescription&gt;MILIMETERS&lt;/UOMDescription&gt;&lt;serialNumber&gt;FTW2M160006uh&lt;/serialNumber&gt;&lt;avrg&gt;0.002575&lt;/avrg&gt;&lt;/Row&gt;&lt;Row&gt;&lt;notifRecordID&gt;112885&lt;/notifRecordID&gt;&lt;notifTagID&gt;123&lt;/notifTagID&gt;&lt;notifTagValue&gt;0.011&lt;/notifTagValue&gt;&lt;recordID&gt;112885&lt;/recordID&gt;&lt;notifName&gt;TransCtr&lt;/notifName&gt;&lt;notifDescription&gt;P558_JENOPTIK&lt;/notifDescription&gt;&lt;CreatedBy&gt;SYSTEM&lt;/CreatedBy&gt;&lt;CreatedOn&gt;2016-12-16T20:57:17&lt;/CreatedOn&gt;&lt;ModifiedBy&gt;System&lt;/ModifiedBy&gt;&lt;ModifiedOn&gt;2016-12-16T20:57:19&lt;/ModifiedOn&gt;&lt;tagName&gt;Data_00&lt;/tagName&gt;&lt;tagTypeID&gt;8&lt;/tagTypeID&gt;&lt;tagGroupID&gt;1&lt;/tagGroupID&gt;&lt;tagFunctionID&gt;4&lt;/tagFunctionID&gt;&lt;COM_typeName&gt;TSend&lt;/COM_typeName&gt;&lt;FNC_typeName&gt;DefDataTable&lt;/FNC_typeName&gt;&lt;OPC_typeName&gt;FLOAT&lt;/OPC_typeName&gt;&lt;unitID&gt;36&lt;/unitID&gt;&lt;lineID&gt;35&lt;/lineID&gt;&lt;nameDefined&gt;Hi\Lo&lt;/nameDefined&gt;&lt;uomDefinedID&gt;24&lt;/uomDefinedID&gt;&lt;UOMName&gt;MM&lt;/UOMName&gt;&lt;UOMDescription&gt;MILIMETERS&lt;/UOMDescription&gt;&lt;serialNumber&gt;FTW2M160006ug&lt;/serialNumber&gt;&lt;avrg&gt;0.002575&lt;/avrg&gt;&lt;/Row&gt;&lt;Row&gt;&lt;notifRecordID&gt;112890&lt;/notifRecordID&gt;&lt;notifTagID&gt;123&lt;/notifTagID&gt;&lt;notifTagValue&gt;0.003&lt;/notifTagValue&gt;&lt;recordID&gt;112890&lt;/recordID&gt;&lt;notifName&gt;TransCtr&lt;/notifName&gt;&lt;notifDescription&gt;P558_JENOPTIK&lt;/notifDescription&gt;&lt;CreatedBy&gt;SYSTEM&lt;/CreatedBy&gt;&lt;CreatedOn&gt;2016-12-16T21:03:11&lt;/CreatedOn&gt;&lt;ModifiedBy&gt;System&lt;/ModifiedBy&gt;&lt;ModifiedOn&gt;2016-12-16T21:03:13&lt;/ModifiedOn&gt;&lt;tagName&gt;Data_00&lt;/tagName&gt;&lt;tagTypeID&gt;8&lt;/tagTypeID&gt;&lt;tagGroupID&gt;1&lt;/tagGroupID&gt;&lt;tagFunctionID&gt;4&lt;/tagFunctionID&gt;&lt;COM_typeName&gt;TSend&lt;/COM_typeName&gt;&lt;FNC_typeName&gt;DefDataTable&lt;/FNC_typeName&gt;&lt;OPC_typeName&gt;FLOAT&lt;/OPC_typeName&gt;&lt;unitID&gt;36&lt;/unitID&gt;&lt;lineID&gt;35&lt;/lineID&gt;&lt;nameDefined&gt;Hi\Lo&lt;/nameDefined&gt;&lt;uomDefinedID&gt;24&lt;/uomDefinedID&gt;&lt;UOMName&gt;MM&lt;/UOMName&gt;&lt;UOMDescription&gt;MILIMETERS&lt;/UOMDescription&gt;&lt;serialNumber&gt;FTW3M16000all&lt;/serialNumber&gt;&lt;avrg&gt;0.002575&lt;/avrg&gt;&lt;/Row&gt;&lt;Row&gt;&lt;notifRecordID&gt;112895&lt;/notifRecordID&gt;&lt;notifTagID&gt;123&lt;/notifTagID&gt;&lt;notifTagValue&gt;0.006&lt;/notifTagValue&gt;&lt;recordID&gt;112895&lt;/recordID&gt;&lt;notifName&gt;TransCtr&lt;/notifName&gt;&lt;notifDescription&gt;P558_JENOPTIK&lt;/notifDescription&gt;&lt;CreatedBy&gt;SYSTEM&lt;/CreatedBy&gt;&lt;CreatedOn&gt;2016-12-16T21:08:26&lt;/CreatedOn&gt;&lt;ModifiedBy&gt;System&lt;/ModifiedBy&gt;&lt;ModifiedOn&gt;2016-12-16T21:08:28&lt;/ModifiedOn&gt;&lt;tagName&gt;Data_00&lt;/tagName&gt;&lt;tagTypeID&gt;8&lt;/tagTypeID&gt;&lt;tagGroupID&gt;1&lt;/tagGroupID&gt;&lt;tagFunctionID&gt;4&lt;/tagFunctionID&gt;&lt;COM_typeName&gt;TSend&lt;/COM_typeName&gt;&lt;FNC_typeName&gt;DefDataTable&lt;/FNC_typeName&gt;&lt;OPC_typeName&gt;FLOAT&lt;/OPC_typeName&gt;&lt;unitID&gt;36&lt;/unitID&gt;&lt;lineID&gt;35&lt;/lineID&gt;&lt;nameDefined&gt;Hi\Lo&lt;/nameDefined&gt;&lt;uomDefinedID&gt;24&lt;/uomDefinedID&gt;&lt;UOMName&gt;MM&lt;/UOMName&gt;&lt;UOMDescription&gt;MILIMETERS&lt;/UOMDescription&gt;&lt;serialNumber&gt;FTW3M16000alm&lt;/serialNumber&gt;&lt;avrg&gt;0.002575&lt;/avrg&gt;&lt;/Row&gt;&lt;Row&gt;&lt;notifRecordID&gt;112902&lt;/notifRecordID&gt;&lt;notifTagID&gt;123&lt;/notifTagID&gt;&lt;notifTagValue&gt;0.006&lt;/notifTagValue&gt;&lt;recordID&gt;112902&lt;/recordID&gt;&lt;notifName&gt;TransCtr&lt;/notifName&gt;&lt;notifDescription&gt;P558_JENOPTIK&lt;/notifDescription&gt;&lt;CreatedBy&gt;SYSTEM&lt;/CreatedBy&gt;&lt;CreatedOn&gt;2016-12-16T21:20:11&lt;/CreatedOn&gt;&lt;ModifiedBy&gt;System&lt;/ModifiedBy&gt;&lt;ModifiedOn&gt;2016-12-16T21:20:13&lt;/ModifiedOn&gt;&lt;tagName&gt;Data_00&lt;/tagName&gt;&lt;tagTypeID&gt;8&lt;/tagTypeID&gt;&lt;tagGroupID&gt;1&lt;/tagGroupID&gt;&lt;tagFunctionID&gt;4&lt;/tagFunctionID&gt;&lt;COM_typeName&gt;TSend&lt;/COM_typeName&gt;&lt;FNC_typeName&gt;DefDataTable&lt;/FNC_typeName&gt;&lt;OPC_typeName&gt;FLOAT&lt;/OPC_typeName&gt;&lt;unitID&gt;36&lt;/unitID&gt;&lt;lineID&gt;35&lt;/lineID&gt;&lt;nameDefined&gt;Hi\Lo&lt;/nameDefined&gt;&lt;uomDefinedID&gt;24&lt;/uomDefinedID&gt;&lt;UOMName&gt;MM&lt;/UOMName&gt;&lt;UOMDescription&gt;MILIMETERS&lt;/UOMDescription&gt;&lt;serialNumber&gt;FTW3M16000alo&lt;/serialNumber&gt;&lt;avrg&gt;0.002575&lt;/avrg&gt;&lt;/Row&gt;&lt;Row&gt;&lt;notifRecordID&gt;112906&lt;/notifRecordID&gt;&lt;notifTagID&gt;123&lt;/notifTagID&gt;&lt;notifTagValue&gt;0.011&lt;/notifTagValue&gt;&lt;recordID&gt;112906&lt;/recordID&gt;&lt;notifName&gt;TransCtr&lt;/notifName&gt;&lt;notifDescription&gt;P558_JENOPTIK&lt;/notifDescription&gt;&lt;CreatedBy&gt;SYSTEM&lt;/CreatedBy&gt;&lt;CreatedOn&gt;2016-12-16T21:22:21&lt;/CreatedOn&gt;&lt;ModifiedBy&gt;System&lt;/ModifiedBy&gt;&lt;ModifiedOn&gt;2016-12-16T21:22:23&lt;/ModifiedOn&gt;&lt;tagName&gt;Data_00&lt;/tagName&gt;&lt;tagTypeID&gt;8&lt;/tagTypeID&gt;&lt;tagGroupID&gt;1&lt;/tagGroupID&gt;&lt;tagFunctionID&gt;4&lt;/tagFunctionID&gt;&lt;COM_typeName&gt;TSend&lt;/COM_typeName&gt;&lt;FNC_typeName&gt;DefDataTable&lt;/FNC_typeName&gt;&lt;OPC_typeName&gt;FLOAT&lt;/OPC_typeName&gt;&lt;unitID&gt;36&lt;/unitID&gt;&lt;lineID&gt;35&lt;/lineID&gt;&lt;nameDefined&gt;Hi\Lo&lt;/nameDefined&gt;&lt;uomDefinedID&gt;24&lt;/uomDefinedID&gt;&lt;UOMName&gt;MM&lt;/UOMName&gt;&lt;UOMDescription&gt;MILIMETERS&lt;/UOMDescription&gt;&lt;serialNumber&gt;FTW2M160006uj&lt;/serialNumber&gt;&lt;avrg&gt;0.002575&lt;/avrg&gt;&lt;/Row&gt;&lt;Row&gt;&lt;notifRecordID&gt;112908&lt;/notifRecordID&gt;&lt;notifTagID&gt;123&lt;/notifTagID&gt;&lt;notifTagValue&gt;0.003&lt;/notifTagValue&gt;&lt;recordID&gt;112908&lt;/recordID&gt;&lt;notifName&gt;TransCtr&lt;/notifName&gt;&lt;notifDescription&gt;P558_JENOPTIK&lt;/notifDescription&gt;&lt;CreatedBy&gt;SYSTEM&lt;/CreatedBy&gt;&lt;CreatedOn&gt;2016-12-16T21:26:04&lt;/CreatedOn&gt;&lt;ModifiedBy&gt;System&lt;/ModifiedBy&gt;&lt;ModifiedOn&gt;2016-12-16T21:26:06&lt;/ModifiedOn&gt;&lt;tagName&gt;Data_00&lt;/tagName&gt;&lt;tagTypeID&gt;8&lt;/tagTypeID&gt;&lt;tagGroupID&gt;1&lt;/tagGroupID&gt;&lt;tagFunctionID&gt;4&lt;/tagFunctionID&gt;&lt;COM_typeName&gt;TSend&lt;/COM_typeName&gt;&lt;FNC_typeName&gt;DefDataTable&lt;/FNC_typeName&gt;&lt;OPC_typeName&gt;FLOAT&lt;/OPC_typeName&gt;&lt;unitID&gt;36&lt;/unitID&gt;&lt;lineID&gt;35&lt;/lineID&gt;&lt;nameDefined&gt;Hi\Lo&lt;/nameDefined&gt;&lt;uomDefinedID&gt;24&lt;/uomDefinedID&gt;&lt;UOMName&gt;MM&lt;/UOMName&gt;&lt;UOMDescription&gt;MILIMETERS&lt;/UOMDescription&gt;&lt;serialNumber&gt;FTW3M16000aln&lt;/serialNumber&gt;&lt;avrg&gt;0.002575&lt;/avrg&gt;&lt;/Row&gt;&lt;Row&gt;&lt;notifRecordID&gt;112917&lt;/notifRecordID&gt;&lt;notifTagID&gt;123&lt;/notifTagID&gt;&lt;notifTagValue&gt;0.004&lt;/notifTagValue&gt;&lt;recordID&gt;112917&lt;/recordID&gt;&lt;notifName&gt;TransCtr&lt;/notifName&gt;&lt;notifDescription&gt;P558_JENOPTIK&lt;/notifDescription&gt;&lt;CreatedBy&gt;SYSTEM&lt;/CreatedBy&gt;&lt;CreatedOn&gt;2016-12-16T21:34:59&lt;/CreatedOn&gt;&lt;ModifiedBy&gt;System&lt;/ModifiedBy&gt;&lt;ModifiedOn&gt;2016-12-16T21:35:01&lt;/ModifiedOn&gt;&lt;tagName&gt;Data_00&lt;/tagName&gt;&lt;tagTypeID&gt;8&lt;/tagTypeID&gt;&lt;tagGroupID&gt;1&lt;/tagGroupID&gt;&lt;tagFunctionID&gt;4&lt;/tagFunctionID&gt;&lt;COM_typeName&gt;TSend&lt;/COM_typeName&gt;&lt;FNC_typeName&gt;DefDataTable&lt;/FNC_typeName&gt;&lt;OPC_typeName&gt;FLOAT&lt;/OPC_typeName&gt;&lt;unitID&gt;36&lt;/unitID&gt;&lt;lineID&gt;35&lt;/lineID&gt;&lt;nameDefined&gt;Hi\Lo&lt;/nameDefined&gt;&lt;uomDefinedID&gt;24&lt;/uomDefinedID&gt;&lt;UOMName&gt;MM&lt;/UOMName&gt;&lt;UOMDescription&gt;MILIMETERS&lt;/UOMDescription&gt;&lt;serialNumber&gt;FTW3M16000alp&lt;/serialNumber&gt;&lt;avrg&gt;0.002575&lt;/avrg&gt;&lt;/Row&gt;&lt;Row&gt;&lt;notifRecordID&gt;112924&lt;/notifRecordID&gt;&lt;notifTagID&gt;123&lt;/notifTagID&gt;&lt;notifTagValue&gt;0.004&lt;/notifTagValue&gt;&lt;recordID&gt;112924&lt;/recordID&gt;&lt;notifName&gt;TransCtr&lt;/notifName&gt;&lt;notifDescription&gt;P558_JENOPTIK&lt;/notifDescription&gt;&lt;CreatedBy&gt;SYSTEM&lt;/CreatedBy&gt;&lt;CreatedOn&gt;2016-12-16T21:46:09&lt;/CreatedOn&gt;&lt;ModifiedBy&gt;System&lt;/ModifiedBy&gt;&lt;ModifiedOn&gt;2016-12-16T21:46:11&lt;/ModifiedOn&gt;&lt;tagName&gt;Data_00&lt;/tagName&gt;&lt;tagTypeID&gt;8&lt;/tagTypeID&gt;&lt;tagGroupID&gt;1&lt;/tagGroupID&gt;&lt;tagFunctionID&gt;4&lt;/tagFunctionID&gt;&lt;COM_typeName&gt;TSend&lt;/COM_typeName&gt;&lt;FNC_typeName&gt;DefDataTable&lt;/FNC_typeName&gt;&lt;OPC_typeName&gt;FLOAT&lt;/OPC_typeName&gt;&lt;unitID&gt;36&lt;/unitID&gt;&lt;lineID&gt;35&lt;/lineID&gt;&lt;nameDefined&gt;Hi\Lo&lt;/nameDefined&gt;&lt;uomDefinedID&gt;24&lt;/uomDefinedID&gt;&lt;UOMName&gt;MM&lt;/UOMName&gt;&lt;UOMDescription&gt;MILIMETERS&lt;/UOMDescription&gt;&lt;serialNumber&gt;FTW3M16000alr&lt;/serialNumber&gt;&lt;avrg&gt;0.002575&lt;/avrg&gt;&lt;/Row&gt;&lt;Row&gt;&lt;notifRecordID&gt;112929&lt;/notifRecordID&gt;&lt;notifTagID&gt;123&lt;/notifTagID&gt;&lt;notifTagValue&gt;0.004&lt;/notifTagValue&gt;&lt;recordID&gt;112929&lt;/recordID&gt;&lt;notifName&gt;TransCtr&lt;/notifName&gt;&lt;notifDescription&gt;P558_JENOPTIK&lt;/notifDescription&gt;&lt;CreatedBy&gt;SYSTEM&lt;/CreatedBy&gt;&lt;CreatedOn&gt;2016-12-16T21:48:05&lt;/CreatedOn&gt;&lt;ModifiedBy&gt;System&lt;/ModifiedBy&gt;&lt;ModifiedOn&gt;2016-12-16T21:48:07&lt;/ModifiedOn&gt;&lt;tagName&gt;Data_00&lt;/tagName&gt;&lt;tagTypeID&gt;8&lt;/tagTypeID&gt;&lt;tagGroupID&gt;1&lt;/tagGroupID&gt;&lt;tagFunctionID&gt;4&lt;/tagFunctionID&gt;&lt;COM_typeName&gt;TSend&lt;/COM_typeName&gt;&lt;FNC_typeName&gt;DefDataTable&lt;/FNC_typeName&gt;&lt;OPC_typeName&gt;FLOAT&lt;/OPC_typeName&gt;&lt;unitID&gt;36&lt;/unitID&gt;&lt;lineID&gt;35&lt;/lineID&gt;&lt;nameDefined&gt;Hi\Lo&lt;/nameDefined&gt;&lt;uomDefinedID&gt;24&lt;/uomDefinedID&gt;&lt;UOMName&gt;MM&lt;/UOMName&gt;&lt;UOMDescription&gt;MILIMETERS&lt;/UOMDescription&gt;&lt;serialNumber&gt;FTW3M16000alr&lt;/serialNumber&gt;&lt;avrg&gt;0.002575&lt;/avrg&gt;&lt;/Row&gt;&lt;Row&gt;&lt;notifRecordID&gt;112931&lt;/notifRecordID&gt;&lt;notifTagID&gt;123&lt;/notifTagID&gt;&lt;notifTagValue&gt;0.006&lt;/notifTagValue&gt;&lt;recordID&gt;112931&lt;/recordID&gt;&lt;notifName&gt;TransCtr&lt;/notifName&gt;&lt;notifDescription&gt;P558_JENOPTIK&lt;/notifDescription&gt;&lt;CreatedBy&gt;SYSTEM&lt;/CreatedBy&gt;&lt;CreatedOn&gt;2016-12-16T21:49:44&lt;/CreatedOn&gt;&lt;ModifiedBy&gt;System&lt;/ModifiedBy&gt;&lt;ModifiedOn&gt;2016-12-16T21:49:46&lt;/ModifiedOn&gt;&lt;tagName&gt;Data_00&lt;/tagName&gt;&lt;tagTypeID&gt;8&lt;/tagTypeID&gt;&lt;tagGroupID&gt;1&lt;/tagGroupID&gt;&lt;tagFunctionID&gt;4&lt;/tagFunctionID&gt;&lt;COM_typeName&gt;TSend&lt;/COM_typeName&gt;&lt;FNC_typeName&gt;DefDataTable&lt;/FNC_typeName&gt;&lt;OPC_typeName&gt;FLOAT&lt;/OPC_typeName&gt;&lt;unitID&gt;36&lt;/unitID&gt;&lt;lineID&gt;35&lt;/lineID&gt;&lt;nameDefined&gt;Hi\Lo&lt;/nameDefined&gt;&lt;uomDefinedID&gt;24&lt;/uomDefinedID&gt;&lt;UOMName&gt;MM&lt;/UOMName&gt;&lt;UOMDescription&gt;MILIMETERS&lt;/UOMDescription&gt;&lt;serialNumber&gt;FTW2M160006uk&lt;/serialNumber&gt;&lt;avrg&gt;0.002575&lt;/avrg&gt;&lt;/Row&gt;&lt;Row&gt;&lt;notifRecordID&gt;112933&lt;/notifRecordID&gt;&lt;notifTagID&gt;123&lt;/notifTagID&gt;&lt;notifTagValue&gt;0.004&lt;/notifTagValue&gt;&lt;recordID&gt;112933&lt;/recordID&gt;&lt;notifName&gt;TransCtr&lt;/notifName&gt;&lt;notifDescription&gt;P558_JENOPTIK&lt;/notifDescription&gt;&lt;CreatedBy&gt;SYSTEM&lt;/CreatedBy&gt;&lt;CreatedOn&gt;2016-12-16T21:51:50&lt;/CreatedOn&gt;&lt;ModifiedBy&gt;System&lt;/ModifiedBy&gt;&lt;ModifiedOn&gt;2016-12-16T21:51:52&lt;/ModifiedOn&gt;&lt;tagName&gt;Data_00&lt;/tagName&gt;&lt;tagTypeID&gt;8&lt;/tagTypeID&gt;&lt;tagGroupID&gt;1&lt;/tagGroupID&gt;&lt;tagFunctionID&gt;4&lt;/tagFunctionID&gt;&lt;COM_typeName&gt;TSend&lt;/COM_typeName&gt;&lt;FNC_typeName&gt;DefDataTable&lt;/FNC_typeName&gt;&lt;OPC_typeName&gt;FLOAT&lt;/OPC_typeName&gt;&lt;unitID&gt;36&lt;/unitID&gt;&lt;lineID&gt;35&lt;/lineID&gt;&lt;nameDefined&gt;Hi\Lo&lt;/nameDefined&gt;&lt;uomDefinedID&gt;24&lt;/uomDefinedID&gt;&lt;UOMName&gt;MM&lt;/UOMName&gt;&lt;UOMDescription&gt;MILIMETERS&lt;/UOMDescription&gt;&lt;serialNumber&gt;FTW3M16000alq&lt;/serialNumber&gt;&lt;avrg&gt;0.002575&lt;/avrg&gt;&lt;/Row&gt;&lt;Row&gt;&lt;notifRecordID&gt;112937&lt;/notifRecordID&gt;&lt;notifTagID&gt;123&lt;/notifTagID&gt;&lt;notifTagValue&gt;0.002&lt;/notifTagValue&gt;&lt;recordID&gt;112937&lt;/recordID&gt;&lt;notifName&gt;TransCtr&lt;/notifName&gt;&lt;notifDescription&gt;P558_JENOPTIK&lt;/notifDescription&gt;&lt;CreatedBy&gt;SYSTEM&lt;/CreatedBy&gt;&lt;CreatedOn&gt;2016-12-16T21:55:15&lt;/CreatedOn&gt;&lt;ModifiedBy&gt;System&lt;/ModifiedBy&gt;&lt;ModifiedOn&gt;2016-12-16T21:55:17&lt;/ModifiedOn&gt;&lt;tagName&gt;Data_00&lt;/tagName&gt;&lt;tagTypeID&gt;8&lt;/tagTypeID&gt;&lt;tagGroupID&gt;1&lt;/tagGroupID&gt;&lt;tagFunctionID&gt;4&lt;/tagFunctionID&gt;&lt;COM_typeName&gt;TSend&lt;/COM_typeName&gt;&lt;FNC_typeName&gt;DefDataTable&lt;/FNC_typeName&gt;&lt;OPC_typeName&gt;FLOAT&lt;/OPC_typeName&gt;&lt;unitID&gt;36&lt;/unitID&gt;&lt;lineID&gt;35&lt;/lineID&gt;&lt;nameDefined&gt;Hi\Lo&lt;/nameDefined&gt;&lt;uomDefinedID&gt;24&lt;/uomDefinedID&gt;&lt;UOMName&gt;MM&lt;/UOMName&gt;&lt;UOMDescription&gt;MILIMETERS&lt;/UOMDescription&gt;&lt;serialNumber&gt;FTW2M160006ul&lt;/serialNumber&gt;&lt;avrg&gt;0.002575&lt;/avrg&gt;&lt;/Row&gt;&lt;Row&gt;&lt;notifRecordID&gt;112943&lt;/notifRecordID&gt;&lt;notifTagID&gt;123&lt;/notifTagID&gt;&lt;notifTagValue&gt;0.005&lt;/notifTagValue&gt;&lt;recordID&gt;112943&lt;/recordID&gt;&lt;notifName&gt;TransCtr&lt;/notifName&gt;&lt;notifDescription&gt;P558_JENOPTIK&lt;/notifDescription&gt;&lt;CreatedBy&gt;SYSTEM&lt;/CreatedBy&gt;&lt;CreatedOn&gt;2016-12-16T22:01:11&lt;/CreatedOn&gt;&lt;ModifiedBy&gt;System&lt;/ModifiedBy&gt;&lt;ModifiedOn&gt;2016-12-16T22:01:12&lt;/ModifiedOn&gt;&lt;tagName&gt;Data_00&lt;/tagName&gt;&lt;tagTypeID&gt;8&lt;/tagTypeID&gt;&lt;tagGroupID&gt;1&lt;/tagGroupID&gt;&lt;tagFunctionID&gt;4&lt;/tagFunctionID&gt;&lt;COM_typeName&gt;TSend&lt;/COM_typeName&gt;&lt;FNC_typeName&gt;DefDataTable&lt;/FNC_typeName&gt;&lt;OPC_typeName&gt;FLOAT&lt;/OPC_typeName&gt;&lt;unitID&gt;36&lt;/unitID&gt;&lt;lineID&gt;35&lt;/lineID&gt;&lt;nameDefined&gt;Hi\Lo&lt;/nameDefined&gt;&lt;uomDefinedID&gt;24&lt;/uomDefinedID&gt;&lt;UOMName&gt;MM&lt;/UOMName&gt;&lt;UOMDescription&gt;MILIMETERS&lt;/UOMDescription&gt;&lt;serialNumber&gt;FTW3M16000als&lt;/serialNumber&gt;&lt;avrg&gt;0.002575&lt;/avrg&gt;&lt;/Row&gt;&lt;Row&gt;&lt;notifRecordID&gt;112949&lt;/notifRecordID&gt;&lt;notifTagID&gt;123&lt;/notifTagID&gt;&lt;notifTagValue&gt;0.006&lt;/notifTagValue&gt;&lt;recordID&gt;112949&lt;/recordID&gt;&lt;notifName&gt;TransCtr&lt;/notifName&gt;&lt;notifDescription&gt;P558_JENOPTIK&lt;/notifDescription&gt;&lt;CreatedBy&gt;SYSTEM&lt;/CreatedBy&gt;&lt;CreatedOn&gt;2016-12-16T22:12:02&lt;/CreatedOn&gt;&lt;ModifiedBy&gt;System&lt;/ModifiedBy&gt;&lt;ModifiedOn&gt;2016-12-16T22:12:03&lt;/ModifiedOn&gt;&lt;tagName&gt;Data_00&lt;/tagName&gt;&lt;tagTypeID&gt;8&lt;/tagTypeID&gt;&lt;tagGroupID&gt;1&lt;/tagGroupID&gt;&lt;tagFunctionID&gt;4&lt;/tagFunctionID&gt;&lt;COM_typeName&gt;TSend&lt;/COM_typeName&gt;&lt;FNC_typeName&gt;DefDataTable&lt;/FNC_typeName&gt;&lt;OPC_typeName&gt;FLOAT&lt;/OPC_typeName&gt;&lt;unitID&gt;36&lt;/unitID&gt;&lt;lineID&gt;35&lt;/lineID&gt;&lt;nameDefined&gt;Hi\Lo&lt;/nameDefined&gt;&lt;uomDefinedID&gt;24&lt;/uomDefinedID&gt;&lt;UOMName&gt;MM&lt;/UOMName&gt;&lt;UOMDescription&gt;MILIMETERS&lt;/UOMDescription&gt;&lt;serialNumber&gt;FTW3M16000alt&lt;/serialNumber&gt;&lt;avrg&gt;0.002575&lt;/avrg&gt;&lt;/Row&gt;&lt;Row&gt;&lt;notifRecordID&gt;112953&lt;/notifRecordID&gt;&lt;notifTagID&gt;123&lt;/notifTagID&gt;&lt;notifTagValue&gt;0.01&lt;/notifTagValue&gt;&lt;recordID&gt;112953&lt;/recordID&gt;&lt;notifName&gt;TransCtr&lt;/notifName&gt;&lt;notifDescription&gt;P558_JENOPTIK&lt;/notifDescription&gt;&lt;CreatedBy&gt;SYSTEM&lt;/CreatedBy&gt;&lt;CreatedOn&gt;2016-12-16T22:14:08&lt;/CreatedOn&gt;&lt;ModifiedBy&gt;System&lt;/ModifiedBy&gt;&lt;ModifiedOn&gt;2016-12-16T22:14:10&lt;/ModifiedOn&gt;&lt;tagName&gt;Data_00&lt;/tagName&gt;&lt;tagTypeID&gt;8&lt;/tagTypeID&gt;&lt;tagGroupID&gt;1&lt;/tagGroupID&gt;&lt;tagFunctionID&gt;4&lt;/tagFunctionID&gt;&lt;COM_typeName&gt;TSend&lt;/COM_typeName&gt;&lt;FNC_typeName&gt;DefDataTable&lt;/FNC_typeName&gt;&lt;OPC_typeName&gt;FLOAT&lt;/OPC_typeName&gt;&lt;unitID&gt;36&lt;/unitID&gt;&lt;lineID&gt;35&lt;/lineID&gt;&lt;nameDefined&gt;Hi\Lo&lt;/nameDefined&gt;&lt;uomDefinedID&gt;24&lt;/uomDefinedID&gt;&lt;UOMName&gt;MM&lt;/UOMName&gt;&lt;UOMDescription&gt;MILIMETERS&lt;/UOMDescription&gt;&lt;serialNumber&gt;FTW2M160006um&lt;/serialNumber&gt;&lt;avrg&gt;0.002575&lt;/avrg&gt;&lt;/Row&gt;&lt;Row&gt;&lt;notifRecordID&gt;112955&lt;/notifRecordID&gt;&lt;notifTagID&gt;123&lt;/notifTagID&gt;&lt;notifTagValue&gt;0.005&lt;/notifTagValue&gt;&lt;recordID&gt;112955&lt;/recordID&gt;&lt;notifName&gt;TransCtr&lt;/notifName&gt;&lt;notifDescription&gt;P558_JENOPTIK&lt;/notifDescription&gt;&lt;CreatedBy&gt;SYSTEM&lt;/CreatedBy&gt;&lt;CreatedOn&gt;2016-12-16T22:16:06&lt;/CreatedOn&gt;&lt;ModifiedBy&gt;System&lt;/ModifiedBy&gt;&lt;ModifiedOn&gt;2016-12-16T22:16:08&lt;/ModifiedOn&gt;&lt;tagName&gt;Data_00&lt;/tagName&gt;&lt;tagTypeID&gt;8&lt;/tagTypeID&gt;&lt;tagGroupID&gt;1&lt;/tagGroupID&gt;&lt;tagFunctionID&gt;4&lt;/tagFunctionID&gt;&lt;COM_typeName&gt;TSend&lt;/COM_typeName&gt;&lt;FNC_typeName&gt;DefDataTable&lt;/FNC_typeName&gt;&lt;OPC_typeName&gt;FLOAT&lt;/OPC_typeName&gt;&lt;unitID&gt;36&lt;/unitID&gt;&lt;lineID&gt;35&lt;/lineID&gt;&lt;nameDefined&gt;Hi\Lo&lt;/nameDefined&gt;&lt;uomDefinedID&gt;24&lt;/uomDefinedID&gt;&lt;UOMName&gt;MM&lt;/UOMName&gt;&lt;UOMDescription&gt;MILIMETERS&lt;/UOMDescription&gt;&lt;serialNumber&gt;FTW3M16000alu&lt;/serialNumber&gt;&lt;avrg&gt;0.002575&lt;/avrg&gt;&lt;/Row&gt;&lt;Row&gt;&lt;notifRecordID&gt;112959&lt;/notifRecordID&gt;&lt;notifTagID&gt;123&lt;/notifTagID&gt;&lt;notifTagValue&gt;0.003&lt;/notifTagValue&gt;&lt;recordID&gt;112959&lt;/recordID&gt;&lt;notifName&gt;TransCtr&lt;/notifName&gt;&lt;notifDescription&gt;P558_JENOPTIK&lt;/notifDescription&gt;&lt;CreatedBy&gt;SYSTEM&lt;/CreatedBy&gt;&lt;CreatedOn&gt;2016-12-16T22:19:46&lt;/CreatedOn&gt;&lt;ModifiedBy&gt;System&lt;/ModifiedBy&gt;&lt;ModifiedOn&gt;2016-12-16T22:19:48&lt;/ModifiedOn&gt;&lt;tagName&gt;Data_00&lt;/tagName&gt;&lt;tagTypeID&gt;8&lt;/tagTypeID&gt;&lt;tagGroupID&gt;1&lt;/tagGroupID&gt;&lt;tagFunctionID&gt;4&lt;/tagFunctionID&gt;&lt;COM_typeName&gt;TSend&lt;/COM_typeName&gt;&lt;FNC_typeName&gt;DefDataTable&lt;/FNC_typeName&gt;&lt;OPC_typeName&gt;FLOAT&lt;/OPC_typeName&gt;&lt;unitID&gt;36&lt;/unitID&gt;&lt;lineID&gt;35&lt;/lineID&gt;&lt;nameDefined&gt;Hi\Lo&lt;/nameDefined&gt;&lt;uomDefinedID&gt;24&lt;/uomDefinedID&gt;&lt;UOMName&gt;MM&lt;/UOMName&gt;&lt;UOMDescription&gt;MILIMETERS&lt;/UOMDescription&gt;&lt;serialNumber&gt;FTW2M160006un&lt;/serialNumber&gt;&lt;avrg&gt;0.002575&lt;/avrg&gt;&lt;/Row&gt;&lt;Row&gt;&lt;notifRecordID&gt;112966&lt;/notifRecordID&gt;&lt;notifTagID&gt;123&lt;/notifTagID&gt;&lt;notifTagValue&gt;0.003&lt;/notifTagValue&gt;&lt;recordID&gt;112966&lt;/recordID&gt;&lt;notifName&gt;TransCtr&lt;/notifName&gt;&lt;notifDescription&gt;P558_JENOPTIK&lt;/notifDescription&gt;&lt;CreatedBy&gt;SYSTEM&lt;/CreatedBy&gt;&lt;CreatedOn&gt;2016-12-16T22:26:54&lt;/CreatedOn&gt;&lt;ModifiedBy&gt;System&lt;/ModifiedBy&gt;&lt;ModifiedOn&gt;2016-12-16T22:26:56&lt;/ModifiedOn&gt;&lt;tagName&gt;Data_00&lt;/tagName&gt;&lt;tagTypeID&gt;8&lt;/tagTypeID&gt;&lt;tagGroupID&gt;1&lt;/tagGroupID&gt;&lt;tagFunctionID&gt;4&lt;/tagFunctionID&gt;&lt;COM_typeName&gt;TSend&lt;/COM_typeName&gt;&lt;FNC_typeName&gt;DefDataTable&lt;/FNC_typeName&gt;&lt;OPC_typeName&gt;FLOAT&lt;/OPC_typeName&gt;&lt;unitID&gt;36&lt;/unitID&gt;&lt;lineID&gt;35&lt;/lineID&gt;&lt;nameDefined&gt;Hi\Lo&lt;/nameDefined&gt;&lt;uomDefinedID&gt;24&lt;/uomDefinedID&gt;&lt;UOMName&gt;MM&lt;/UOMName&gt;&lt;UOMDescription&gt;MILIMETERS&lt;/UOMDescription&gt;&lt;serialNumber&gt;FTW3M16000alv&lt;/serialNumber&gt;&lt;avrg&gt;0.002575&lt;/avrg&gt;&lt;/Row&gt;&lt;Row&gt;&lt;notifRecordID&gt;112972&lt;/notifRecordID&gt;&lt;notifTagID&gt;123&lt;/notifTagID&gt;&lt;notifTagValue&gt;0.005&lt;/notifTagValue&gt;&lt;recordID&gt;112972&lt;/recordID&gt;&lt;notifName&gt;TransCtr&lt;/notifName&gt;&lt;notifDescription&gt;P558_JENOPTIK&lt;/notifDescription&gt;&lt;CreatedBy&gt;SYSTEM&lt;/CreatedBy&gt;&lt;CreatedOn&gt;2016-12-16T22:37:28&lt;/CreatedOn&gt;&lt;ModifiedBy&gt;System&lt;/ModifiedBy&gt;&lt;ModifiedOn&gt;2016-12-16T22:37:30&lt;/ModifiedOn&gt;&lt;tagName&gt;Data_00&lt;/tagName&gt;&lt;tagTypeID&gt;8&lt;/tagTypeID&gt;&lt;tagGroupID&gt;1&lt;/tagGroupID&gt;&lt;tagFunctionID&gt;4&lt;/tagFunctionID&gt;&lt;COM_typeName&gt;TSend&lt;/COM_typeName&gt;&lt;FNC_typeName&gt;DefDataTable&lt;/FNC_typeName&gt;&lt;OPC_typeName&gt;FLOAT&lt;/OPC_typeName&gt;&lt;unitID&gt;36&lt;/unitID&gt;&lt;lineID&gt;35&lt;/lineID&gt;&lt;nameDefined&gt;Hi\Lo&lt;/nameDefined&gt;&lt;uomDefinedID&gt;24&lt;/uomDefinedID&gt;&lt;UOMName&gt;MM&lt;/UOMName&gt;&lt;UOMDescription&gt;MILIMETERS&lt;/UOMDescription&gt;&lt;serialNumber&gt;FTW2M160006uo&lt;/serialNumber&gt;&lt;avrg&gt;0.002575&lt;/avrg&gt;&lt;/Row&gt;&lt;Row&gt;&lt;notifRecordID&gt;112976&lt;/notifRecordID&gt;&lt;notifTagID&gt;123&lt;/notifTagID&gt;&lt;notifTagValue&gt;0.003&lt;/notifTagValue&gt;&lt;recordID&gt;112976&lt;/recordID&gt;&lt;notifName&gt;TransCtr&lt;/notifName&gt;&lt;notifDescription&gt;P558_JENOPTIK&lt;/notifDescription&gt;&lt;CreatedBy&gt;SYSTEM&lt;/CreatedBy&gt;&lt;CreatedOn&gt;2016-12-16T22:40:09&lt;/CreatedOn&gt;&lt;ModifiedBy&gt;System&lt;/ModifiedBy&gt;&lt;ModifiedOn&gt;2016-12-16T22:40:11&lt;/ModifiedOn&gt;&lt;tagName&gt;Data_00&lt;/tagName&gt;&lt;tagTypeID&gt;8&lt;/tagTypeID&gt;&lt;tagGroupID&gt;1&lt;/tagGroupID&gt;&lt;tagFunctionID&gt;4&lt;/tagFunctionID&gt;&lt;COM_typeName&gt;TSend&lt;/COM_typeName&gt;&lt;FNC_typeName&gt;DefDataTable&lt;/FNC_typeName&gt;&lt;OPC_typeName&gt;FLOAT&lt;/OPC_typeName&gt;&lt;unitID&gt;36&lt;/unitID&gt;&lt;lineID&gt;35&lt;/lineID&gt;&lt;nameDefined&gt;Hi\Lo&lt;/nameDefined&gt;&lt;uomDefinedID&gt;24&lt;/uomDefinedID&gt;&lt;UOMName&gt;MM&lt;/UOMName&gt;&lt;UOMDescription&gt;MILIMETERS&lt;/UOMDescription&gt;&lt;serialNumber&gt;FTW3M16000alw&lt;/serialNumber&gt;&lt;avrg&gt;0.002575&lt;/avrg&gt;&lt;/Row&gt;&lt;Row&gt;&lt;notifRecordID&gt;112978&lt;/notifRecordID&gt;&lt;notifTagID&gt;123&lt;/notifTagID&gt;&lt;notifTagValue&gt;-0.001&lt;/notifTagValue&gt;&lt;recordID&gt;112978&lt;/recordID&gt;&lt;notifName&gt;TransCtr&lt;/notifName&gt;&lt;notifDescription&gt;P558_JENOPTIK&lt;/notifDescription&gt;&lt;CreatedBy&gt;SYSTEM&lt;/CreatedBy&gt;&lt;CreatedOn&gt;2016-12-16T22:42:22&lt;/CreatedOn&gt;&lt;ModifiedBy&gt;System&lt;/ModifiedBy&gt;&lt;ModifiedOn&gt;2016-12-16T22:42:24&lt;/ModifiedOn&gt;&lt;tagName&gt;Data_00&lt;/tagName&gt;&lt;tagTypeID&gt;8&lt;/tagTypeID&gt;&lt;tagGroupID&gt;1&lt;/tagGroupID&gt;&lt;tagFunctionID&gt;4&lt;/tagFunctionID&gt;&lt;COM_typeName&gt;TSend&lt;/COM_typeName&gt;&lt;FNC_typeName&gt;DefDataTable&lt;/FNC_typeName&gt;&lt;OPC_typeName&gt;FLOAT&lt;/OPC_typeName&gt;&lt;unitID&gt;36&lt;/unitID&gt;&lt;lineID&gt;35&lt;/lineID&gt;&lt;nameDefined&gt;Hi\Lo&lt;/nameDefined&gt;&lt;uomDefinedID&gt;24&lt;/uomDefinedID&gt;&lt;UOMName&gt;MM&lt;/UOMName&gt;&lt;UOMDescription&gt;MILIMETERS&lt;/UOMDescription&gt;&lt;serialNumber&gt;FTW3M16000alx&lt;/serialNumber&gt;&lt;avrg&gt;0.002575&lt;/avrg&gt;&lt;/Row&gt;&lt;Row&gt;&lt;notifRecordID&gt;112980&lt;/notifRecordID&gt;&lt;notifTagID&gt;123&lt;/notifTagID&gt;&lt;notifTagValue&gt;0.002&lt;/notifTagValue&gt;&lt;recordID&gt;112980&lt;/recordID&gt;&lt;notifName&gt;TransCtr&lt;/notifName&gt;&lt;notifDescription&gt;P558_JENOPTIK&lt;/notifDescription&gt;&lt;CreatedBy&gt;SYSTEM&lt;/CreatedBy&gt;&lt;CreatedOn&gt;2016-12-16T22:44:06&lt;/CreatedOn&gt;&lt;ModifiedBy&gt;System&lt;/ModifiedBy&gt;&lt;ModifiedOn&gt;2016-12-16T22:44:08&lt;/ModifiedOn&gt;&lt;tagName&gt;Data_00&lt;/tagName&gt;&lt;tagTypeID&gt;8&lt;/tagTypeID&gt;&lt;tagGroupID&gt;1&lt;/tagGroupID&gt;&lt;tagFunctionID&gt;4&lt;/tagFunctionID&gt;&lt;COM_typeName&gt;TSend&lt;/COM_typeName&gt;&lt;FNC_typeName&gt;DefDataTable&lt;/FNC_typeName&gt;&lt;OPC_typeName&gt;FLOAT&lt;/OPC_typeName&gt;&lt;unitID&gt;36&lt;/unitID&gt;&lt;lineID&gt;35&lt;/lineID&gt;&lt;nameDefined&gt;Hi\Lo&lt;/nameDefined&gt;&lt;uomDefinedID&gt;24&lt;/uomDefinedID&gt;&lt;UOMName&gt;MM&lt;/UOMName&gt;&lt;UOMDescription&gt;MILIMETERS&lt;/UOMDescription&gt;&lt;serialNumber&gt;FTW2M160006up&lt;/serialNumber&gt;&lt;avrg&gt;0.002575&lt;/avrg&gt;&lt;/Row&gt;&lt;Row&gt;&lt;notifRecordID&gt;112988&lt;/notifRecordID&gt;&lt;notifTagID&gt;123&lt;/notifTagID&gt;&lt;notifTagValue&gt;0.004&lt;/notifTagValue&gt;&lt;recordID&gt;112988&lt;/recordID&gt;&lt;notifName&gt;TransCtr&lt;/notifName&gt;&lt;notifDescription&gt;P558_JENOPTIK&lt;/notifDescription&gt;&lt;CreatedBy&gt;SYSTEM&lt;/CreatedBy&gt;&lt;CreatedOn&gt;2016-12-16T22:52:32&lt;/CreatedOn&gt;&lt;ModifiedBy&gt;System&lt;/ModifiedBy&gt;&lt;ModifiedOn&gt;2016-12-16T22:52:34&lt;/ModifiedOn&gt;&lt;tagName&gt;Data_00&lt;/tagName&gt;&lt;tagTypeID&gt;8&lt;/tagTypeID&gt;&lt;tagGroupID&gt;1&lt;/tagGroupID&gt;&lt;tagFunctionID&gt;4&lt;/tagFunctionID&gt;&lt;COM_typeName&gt;TSend&lt;/COM_typeName&gt;&lt;FNC_typeName&gt;DefDataTable&lt;/FNC_typeName&gt;&lt;OPC_typeName&gt;FLOAT&lt;/OPC_typeName&gt;&lt;unitID&gt;36&lt;/unitID&gt;&lt;lineID&gt;35&lt;/lineID&gt;&lt;nameDefined&gt;Hi\Lo&lt;/nameDefined&gt;&lt;uomDefinedID&gt;24&lt;/uomDefinedID&gt;&lt;UOMName&gt;MM&lt;/UOMName&gt;&lt;UOMDescription&gt;MILIMETERS&lt;/UOMDescription&gt;&lt;serialNumber&gt;FTW3M16000aly&lt;/serialNumber&gt;&lt;avrg&gt;0.002575&lt;/avrg&gt;&lt;/Row&gt;&lt;Row&gt;&lt;notifRecordID&gt;113003&lt;/notifRecordID&gt;&lt;notifTagID&gt;123&lt;/notifTagID&gt;&lt;notifTagValue&gt;0.01&lt;/notifTagValue&gt;&lt;recordID&gt;113003&lt;/recordID&gt;&lt;notifName&gt;TransCtr&lt;/notifName&gt;&lt;notifDescription&gt;P558_JENOPTIK&lt;/notifDescription&gt;&lt;CreatedBy&gt;SYSTEM&lt;/CreatedBy&gt;&lt;CreatedOn&gt;2016-12-16T23:21:45&lt;/CreatedOn&gt;&lt;ModifiedBy&gt;System&lt;/ModifiedBy&gt;&lt;ModifiedOn&gt;2016-12-16T23:21:47&lt;/ModifiedOn&gt;&lt;tagName&gt;Data_00&lt;/tagName&gt;&lt;tagTypeID&gt;8&lt;/tagTypeID&gt;&lt;tagGroupID&gt;1&lt;/tagGroupID&gt;&lt;tagFunctionID&gt;4&lt;/tagFunctionID&gt;&lt;COM_typeName&gt;TSend&lt;/COM_typeName&gt;&lt;FNC_typeName&gt;DefDataTable&lt;/FNC_typeName&gt;&lt;OPC_typeName&gt;FLOAT&lt;/OPC_typeName&gt;&lt;unitID&gt;36&lt;/unitID&gt;&lt;lineID&gt;35&lt;/lineID&gt;&lt;nameDefined&gt;Hi\Lo&lt;/nameDefined&gt;&lt;uomDefinedID&gt;24&lt;/uomDefinedID&gt;&lt;UOMName&gt;MM&lt;/UOMName&gt;&lt;UOMDescription&gt;MILIMETERS&lt;/UOMDescription&gt;&lt;serialNumber&gt;FTW2M160006uq&lt;/serialNumber&gt;&lt;avrg&gt;0.002575&lt;/avrg&gt;&lt;/Row&gt;&lt;Row&gt;&lt;notifRecordID&gt;113013&lt;/notifRecordID&gt;&lt;notifTagID&gt;123&lt;/notifTagID&gt;&lt;notifTagValue&gt;0.006&lt;/notifTagValue&gt;&lt;recordID&gt;113013&lt;/recordID&gt;&lt;notifName&gt;TransCtr&lt;/notifName&gt;&lt;notifDescription&gt;P558_JENOPTIK&lt;/notifDescription&gt;&lt;CreatedBy&gt;SYSTEM&lt;/CreatedBy&gt;&lt;CreatedOn&gt;2016-12-16T23:39:02&lt;/CreatedOn&gt;&lt;ModifiedBy&gt;System&lt;/ModifiedBy&gt;&lt;ModifiedOn&gt;2016-12-16T23:39:04&lt;/ModifiedOn&gt;&lt;tagName&gt;Data_00&lt;/tagName&gt;&lt;tagTypeID&gt;8&lt;/tagTypeID&gt;&lt;tagGroupID&gt;1&lt;/tagGroupID&gt;&lt;tagFunctionID&gt;4&lt;/tagFunctionID&gt;&lt;COM_typeName&gt;TSend&lt;/COM_typeName&gt;&lt;FNC_typeName&gt;DefDataTable&lt;/FNC_typeName&gt;&lt;OPC_typeName&gt;FLOAT&lt;/OPC_typeName&gt;&lt;unitID&gt;36&lt;/unitID&gt;&lt;lineID&gt;35&lt;/lineID&gt;&lt;nameDefined&gt;Hi\Lo&lt;/nameDefined&gt;&lt;uomDefinedID&gt;24&lt;/uomDefinedID&gt;&lt;UOMName&gt;MM&lt;/UOMName&gt;&lt;UOMDescription&gt;MILIMETERS&lt;/UOMDescription&gt;&lt;serialNumber&gt;FTW3M16000alz&lt;/serialNumber&gt;&lt;avrg&gt;0.002575&lt;/avrg&gt;&lt;/Row&gt;&lt;Row&gt;&lt;notifRecordID&gt;113018&lt;/notifRecordID&gt;&lt;notifTagID&gt;123&lt;/notifTagID&gt;&lt;notifTagValue&gt;0.004&lt;/notifTagValue&gt;&lt;recordID&gt;113018&lt;/recordID&gt;&lt;notifName&gt;TransCtr&lt;/notifName&gt;&lt;notifDescription&gt;P558_JENOPTIK&lt;/notifDescription&gt;&lt;CreatedBy&gt;SYSTEM&lt;/CreatedBy&gt;&lt;CreatedOn&gt;2016-12-16T23:50:37&lt;/CreatedOn&gt;&lt;ModifiedBy&gt;System&lt;/ModifiedBy&gt;&lt;ModifiedOn&gt;2016-12-16T23:50:39&lt;/ModifiedOn&gt;&lt;tagName&gt;Data_00&lt;/tagName&gt;&lt;tagTypeID&gt;8&lt;/tagTypeID&gt;&lt;tagGroupID&gt;1&lt;/tagGroupID&gt;&lt;tagFunctionID&gt;4&lt;/tagFunctionID&gt;&lt;COM_typeName&gt;TSend&lt;/COM_typeName&gt;&lt;FNC_typeName&gt;DefDataTable&lt;/FNC_typeName&gt;&lt;OPC_typeName&gt;FLOAT&lt;/OPC_typeName&gt;&lt;unitID&gt;36&lt;/unitID&gt;&lt;lineID&gt;35&lt;/lineID&gt;&lt;nameDefined&gt;Hi\Lo&lt;/nameDefined&gt;&lt;uomDefinedID&gt;24&lt;/uomDefinedID&gt;&lt;UOMName&gt;MM&lt;/UOMName&gt;&lt;UOMDescription&gt;MILIMETERS&lt;/UOMDescription&gt;&lt;serialNumber&gt;FTW3M16000am0&lt;/serialNumber&gt;&lt;avrg&gt;0.002575&lt;/avrg&gt;&lt;/Row&gt;&lt;Row&gt;&lt;notifRecordID&gt;113020&lt;/notifRecordID&gt;&lt;notifTagID&gt;123&lt;/notifTagID&gt;&lt;notifTagValue&gt;0.002&lt;/notifTagValue&gt;&lt;recordID&gt;113020&lt;/recordID&gt;&lt;notifName&gt;TransCtr&lt;/notifName&gt;&lt;notifDescription&gt;P558_JENOPTIK&lt;/notifDescription&gt;&lt;CreatedBy&gt;SYSTEM&lt;/CreatedBy&gt;&lt;CreatedOn&gt;2016-12-16T23:51:57&lt;/CreatedOn&gt;&lt;ModifiedBy&gt;System&lt;/ModifiedBy&gt;&lt;ModifiedOn&gt;2016-12-16T23:51:59&lt;/ModifiedOn&gt;&lt;tagName&gt;Data_00&lt;/tagName&gt;&lt;tagTypeID&gt;8&lt;/tagTypeID&gt;&lt;tagGroupID&gt;1&lt;/tagGroupID&gt;&lt;tagFunctionID&gt;4&lt;/tagFunctionID&gt;&lt;COM_typeName&gt;TSend&lt;/COM_typeName&gt;&lt;FNC_typeName&gt;DefDataTable&lt;/FNC_typeName&gt;&lt;OPC_typeName&gt;FLOAT&lt;/OPC_typeName&gt;&lt;unitID&gt;36&lt;/unitID&gt;&lt;lineID&gt;35&lt;/lineID&gt;&lt;nameDefined&gt;Hi\Lo&lt;/nameDefined&gt;&lt;uomDefinedID&gt;24&lt;/uomDefinedID&gt;&lt;UOMName&gt;MM&lt;/UOMName&gt;&lt;UOMDescription&gt;MILIMETERS&lt;/UOMDescription&gt;&lt;serialNumber&gt;FTW2M160006ur&lt;/serialNumber&gt;&lt;avrg&gt;0.002575&lt;/avrg&gt;&lt;/Row&gt;&lt;Row&gt;&lt;notifRecordID&gt;113024&lt;/notifRecordID&gt;&lt;notifTagID&gt;123&lt;/notifTagID&gt;&lt;notifTagValue&gt;0.002&lt;/notifTagValue&gt;&lt;recordID&gt;113024&lt;/recordID&gt;&lt;notifName&gt;TransCtr&lt;/notifName&gt;&lt;notifDescription&gt;P558_JENOPTIK&lt;/notifDescription&gt;&lt;CreatedBy&gt;SYSTEM&lt;/CreatedBy&gt;&lt;CreatedOn&gt;2016-12-17T00:00:09&lt;/CreatedOn&gt;&lt;ModifiedBy&gt;System&lt;/ModifiedBy&gt;&lt;ModifiedOn&gt;2016-12-17T00:00:11&lt;/ModifiedOn&gt;&lt;tagName&gt;Data_00&lt;/tagName&gt;&lt;tagTypeID&gt;8&lt;/tagTypeID&gt;&lt;tagGroupID&gt;1&lt;/tagGroupID&gt;&lt;tagFunctionID&gt;4&lt;/tagFunctionID&gt;&lt;COM_typeName&gt;TSend&lt;/COM_typeName&gt;&lt;FNC_typeName&gt;DefDataTable&lt;/FNC_typeName&gt;&lt;OPC_typeName&gt;FLOAT&lt;/OPC_typeName&gt;&lt;unitID&gt;36&lt;/unitID&gt;&lt;lineID&gt;35&lt;/lineID&gt;&lt;nameDefined&gt;Hi\Lo&lt;/nameDefined&gt;&lt;uomDefinedID&gt;24&lt;/uomDefinedID&gt;&lt;UOMName&gt;MM&lt;/UOMName&gt;&lt;UOMDescription&gt;MILIMETERS&lt;/UOMDescription&gt;&lt;serialNumber&gt;FTW3M16000am1&lt;/serialNumber&gt;&lt;avrg&gt;0.002575&lt;/avrg&gt;&lt;/Row&gt;&lt;Row&gt;&lt;notifRecordID&gt;113030&lt;/notifRecordID&gt;&lt;notifTagID&gt;123&lt;/notifTagID&gt;&lt;notifTagValue&gt;0.013&lt;/notifTagValue&gt;&lt;recordID&gt;113030&lt;/recordID&gt;&lt;notifName&gt;TransCtr&lt;/notifName&gt;&lt;notifDescription&gt;P558_JENOPTIK&lt;/notifDescription&gt;&lt;CreatedBy&gt;SYSTEM&lt;/CreatedBy&gt;&lt;CreatedOn&gt;2016-12-17T00:09:11&lt;/CreatedOn&gt;&lt;ModifiedBy&gt;System&lt;/ModifiedBy&gt;&lt;ModifiedOn&gt;2016-12-17T00:09:13&lt;/ModifiedOn&gt;&lt;tagName&gt;Data_00&lt;/tagName&gt;&lt;tagTypeID&gt;8&lt;/tagTypeID&gt;&lt;tagGroupID&gt;1&lt;/tagGroupID&gt;&lt;tagFunctionID&gt;4&lt;/tagFunctionID&gt;&lt;COM_typeName&gt;TSend&lt;/COM_typeName&gt;&lt;FNC_typeName&gt;DefDataTable&lt;/FNC_typeName&gt;&lt;OPC_typeName&gt;FLOAT&lt;/OPC_typeName&gt;&lt;unitID&gt;36&lt;/unitID&gt;&lt;lineID&gt;35&lt;/lineID&gt;&lt;nameDefined&gt;Hi\Lo&lt;/nameDefined&gt;&lt;uomDefinedID&gt;24&lt;/uomDefinedID&gt;&lt;UOMName&gt;MM&lt;/UOMName&gt;&lt;UOMDescription&gt;MILIMETERS&lt;/UOMDescription&gt;&lt;serialNumber&gt;FTW2M160006us&lt;/serialNumber&gt;&lt;avrg&gt;0.002575&lt;/avrg&gt;&lt;/Row&gt;&lt;Row&gt;&lt;notifRecordID&gt;113032&lt;/notifRecordID&gt;&lt;notifTagID&gt;123&lt;/notifTagID&gt;&lt;notifTagValue&gt;0.006&lt;/notifTagValue&gt;&lt;recordID&gt;113032&lt;/recordID&gt;&lt;notifName&gt;TransCtr&lt;/notifName&gt;&lt;notifDescription&gt;P558_JENOPTIK&lt;/notifDescription&gt;&lt;CreatedBy&gt;SYSTEM&lt;/CreatedBy&gt;&lt;CreatedOn&gt;2016-12-17T00:11:10&lt;/CreatedOn&gt;&lt;ModifiedBy&gt;System&lt;/ModifiedBy&gt;&lt;ModifiedOn&gt;2016-12-17T00:11:12&lt;/ModifiedOn&gt;&lt;tagName&gt;Data_00&lt;/tagName&gt;&lt;tagTypeID&gt;8&lt;/tagTypeID&gt;&lt;tagGroupID&gt;1&lt;/tagGroupID&gt;&lt;tagFunctionID&gt;4&lt;/tagFunctionID&gt;&lt;COM_typeName&gt;TSend&lt;/COM_typeName&gt;&lt;FNC_typeName&gt;DefDataTable&lt;/FNC_typeName&gt;&lt;OPC_typeName&gt;FLOAT&lt;/OPC_typeName&gt;&lt;unitID&gt;36&lt;/unitID&gt;&lt;lineID&gt;35&lt;/lineID&gt;&lt;nameDefined&gt;Hi\Lo&lt;/nameDefined&gt;&lt;uomDefinedID&gt;24&lt;/uomDefinedID&gt;&lt;UOMName&gt;MM&lt;/UOMName&gt;&lt;UOMDescription&gt;MILIMETERS&lt;/UOMDescription&gt;&lt;serialNumber&gt;FTW3M16000am3&lt;/serialNumber&gt;&lt;avrg&gt;0.002575&lt;/avrg&gt;&lt;/Row&gt;&lt;Row&gt;&lt;notifRecordID&gt;113035&lt;/notifRecordID&gt;&lt;notifTagID&gt;123&lt;/notifTagID&gt;&lt;notifTagValue&gt;0.004&lt;/notifTagValue&gt;&lt;recordID&gt;113035&lt;/recordID&gt;&lt;notifName&gt;TransCtr&lt;/notifName&gt;&lt;notifDescription&gt;P558_JENOPTIK&lt;/notifDescription&gt;&lt;CreatedBy&gt;SYSTEM&lt;/CreatedBy&gt;&lt;CreatedOn&gt;2016-12-17T00:13:02&lt;/CreatedOn&gt;&lt;ModifiedBy&gt;System&lt;/ModifiedBy&gt;&lt;ModifiedOn&gt;2016-12-17T00:13:04&lt;/ModifiedOn&gt;&lt;tagName&gt;Data_00&lt;/tagName&gt;&lt;tagTypeID&gt;8&lt;/tagTypeID&gt;&lt;tagGroupID&gt;1&lt;/tagGroupID&gt;&lt;tagFunctionID&gt;4&lt;/tagFunctionID&gt;&lt;COM_typeName&gt;TSend&lt;/COM_typeName&gt;&lt;FNC_typeName&gt;DefDataTable&lt;/FNC_typeName&gt;&lt;OPC_typeName&gt;FLOAT&lt;/OPC_typeName&gt;&lt;unitID&gt;36&lt;/unitID&gt;&lt;lineID&gt;35&lt;/lineID&gt;&lt;nameDefined&gt;Hi\Lo&lt;/nameDefined&gt;&lt;uomDefinedID&gt;24&lt;/uomDefinedID&gt;&lt;UOMName&gt;MM&lt;/UOMName&gt;&lt;UOMDescription&gt;MILIMETERS&lt;/UOMDescription&gt;&lt;serialNumber&gt;FTW2M160006ut&lt;/serialNumber&gt;&lt;avrg&gt;0.002575&lt;/avrg&gt;&lt;/Row&gt;&lt;Row&gt;&lt;notifRecordID&gt;113038&lt;/notifRecordID&gt;&lt;notifTagID&gt;123&lt;/notifTagID&gt;&lt;notifTagValue&gt;0.009&lt;/notifTagValue&gt;&lt;recordID&gt;113038&lt;/recordID&gt;&lt;notifName&gt;TransCtr&lt;/notifName&gt;&lt;notifDescription&gt;P558_JENOPTIK&lt;/notifDescription&gt;&lt;CreatedBy&gt;SYSTEM&lt;/CreatedBy&gt;&lt;CreatedOn&gt;2016-12-17T00:16:55&lt;/CreatedOn&gt;&lt;ModifiedBy&gt;System&lt;/ModifiedBy&gt;&lt;ModifiedOn&gt;2016-12-17T00:16:57&lt;/ModifiedOn&gt;&lt;tagName&gt;Data_00&lt;/tagName&gt;&lt;tagTypeID&gt;8&lt;/tagTypeID&gt;&lt;tagGroupID&gt;1&lt;/tagGroupID&gt;&lt;tagFunctionID&gt;4&lt;/tagFunctionID&gt;&lt;COM_typeName&gt;TSend&lt;/COM_typeName&gt;&lt;FNC_typeName&gt;DefDataTable&lt;/FNC_typeName&gt;&lt;OPC_typeName&gt;FLOAT&lt;/OPC_typeName&gt;&lt;unitID&gt;36&lt;/unitID&gt;&lt;lineID&gt;35&lt;/lineID&gt;&lt;nameDefined&gt;Hi\Lo&lt;/nameDefined&gt;&lt;uomDefinedID&gt;24&lt;/uomDefinedID&gt;&lt;UOMName&gt;MM&lt;/UOMName&gt;&lt;UOMDescription&gt;MILIMETERS&lt;/UOMDescription&gt;&lt;serialNumber&gt;FTW3M16000am4&lt;/serialNumber&gt;&lt;avrg&gt;0.002575&lt;/avrg&gt;&lt;/Row&gt;&lt;Row&gt;&lt;notifRecordID&gt;113041&lt;/notifRecordID&gt;&lt;notifTagID&gt;123&lt;/notifTagID&gt;&lt;notifTagValue&gt;0.007&lt;/notifTagValue&gt;&lt;recordID&gt;113041&lt;/recordID&gt;&lt;notifName&gt;TransCtr&lt;/notifName&gt;&lt;notifDescription&gt;P558_JENOPTIK&lt;/notifDescription&gt;&lt;CreatedBy&gt;SYSTEM&lt;/CreatedBy&gt;&lt;CreatedOn&gt;2016-12-17T00:18:17&lt;/CreatedOn&gt;&lt;ModifiedBy&gt;System&lt;/ModifiedBy&gt;&lt;ModifiedOn&gt;2016-12-17T00:18:19&lt;/ModifiedOn&gt;&lt;tagName&gt;Data_00&lt;/tagName&gt;&lt;tagTypeID&gt;8&lt;/tagTypeID&gt;&lt;tagGroupID&gt;1&lt;/tagGroupID&gt;&lt;tagFunctionID&gt;4&lt;/tagFunctionID&gt;&lt;COM_typeName&gt;TSend&lt;/COM_typeName&gt;&lt;FNC_typeName&gt;DefDataTable&lt;/FNC_typeName&gt;&lt;OPC_typeName&gt;FLOAT&lt;/OPC_typeName&gt;&lt;unitID&gt;36&lt;/unitID&gt;&lt;lineID&gt;35&lt;/lineID&gt;&lt;nameDefined&gt;Hi\Lo&lt;/nameDefined&gt;&lt;uomDefinedID&gt;24&lt;/uomDefinedID&gt;&lt;UOMName&gt;MM&lt;/UOMName&gt;&lt;UOMDescription&gt;MILIMETERS&lt;/UOMDescription&gt;&lt;serialNumber&gt;FTW3M16000am2&lt;/serialNumber&gt;&lt;avrg&gt;0.002575&lt;/avrg&gt;&lt;/Row&gt;&lt;Row&gt;&lt;notifRecordID&gt;113044&lt;/notifRecordID&gt;&lt;notifTagID&gt;123&lt;/notifTagID&gt;&lt;notifTagValue&gt;0.006&lt;/notifTagValue&gt;&lt;recordID&gt;113044&lt;/recordID&gt;&lt;notifName&gt;TransCtr&lt;/notifName&gt;&lt;notifDescription&gt;P558_JENOPTIK&lt;/notifDescription&gt;&lt;CreatedBy&gt;SYSTEM&lt;/CreatedBy&gt;&lt;CreatedOn&gt;2016-12-17T00:19:34&lt;/CreatedOn&gt;&lt;ModifiedBy&gt;System&lt;/ModifiedBy&gt;&lt;ModifiedOn&gt;2016-12-17T00:19:36&lt;/ModifiedOn&gt;&lt;tagName&gt;Data_00&lt;/tagName&gt;&lt;tagTypeID&gt;8&lt;/tagTypeID&gt;&lt;tagGroupID&gt;1&lt;/tagGroupID&gt;&lt;tagFunctionID&gt;4&lt;/tagFunctionID&gt;&lt;COM_typeName&gt;TSend&lt;/COM_typeName&gt;&lt;FNC_typeName&gt;DefDataTable&lt;/FNC_typeName&gt;&lt;OPC_typeName&gt;FLOAT&lt;/OPC_typeName&gt;&lt;unitID&gt;36&lt;/unitID&gt;&lt;lineID&gt;35&lt;/lineID&gt;&lt;nameDefined&gt;Hi\Lo&lt;/nameDefined&gt;&lt;uomDefinedID&gt;24&lt;/uomDefinedID&gt;&lt;UOMName&gt;MM&lt;/UOMName&gt;&lt;UOMDescription&gt;MILIMETERS&lt;/UOMDescription&gt;&lt;serialNumber&gt;FTW3M16000am5&lt;/serialNumber&gt;&lt;avrg&gt;0.002575&lt;/avrg&gt;&lt;/Row&gt;&lt;Row&gt;&lt;notifRecordID&gt;113049&lt;/notifRecordID&gt;&lt;notifTagID&gt;123&lt;/notifTagID&gt;&lt;notifTagValue&gt;0.006&lt;/notifTagValue&gt;&lt;recordID&gt;113049&lt;/recordID&gt;&lt;notifName&gt;TransCtr&lt;/notifName&gt;&lt;notifDescription&gt;P558_JENOPTIK&lt;/notifDescription&gt;&lt;CreatedBy&gt;SYSTEM&lt;/CreatedBy&gt;&lt;CreatedOn&gt;2016-12-17T00:25:23&lt;/CreatedOn&gt;&lt;ModifiedBy&gt;System&lt;/ModifiedBy&gt;&lt;ModifiedOn&gt;2016-12-17T00:25:24&lt;/ModifiedOn&gt;&lt;tagName&gt;Data_00&lt;/tagName&gt;&lt;tagTypeID&gt;8&lt;/tagTypeID&gt;&lt;tagGroupID&gt;1&lt;/tagGroupID&gt;&lt;tagFunctionID&gt;4&lt;/tagFunctionID&gt;&lt;COM_typeName&gt;TSend&lt;/COM_typeName&gt;&lt;FNC_typeName&gt;DefDataTable&lt;/FNC_typeName&gt;&lt;OPC_typeName&gt;FLOAT&lt;/OPC_typeName&gt;&lt;unitID&gt;36&lt;/unitID&gt;&lt;lineID&gt;35&lt;/lineID&gt;&lt;nameDefined&gt;Hi\Lo&lt;/nameDefined&gt;&lt;uomDefinedID&gt;24&lt;/uomDefinedID&gt;&lt;UOMName&gt;MM&lt;/UOMName&gt;&lt;UOMDescription&gt;MILIMETERS&lt;/UOMDescription&gt;&lt;serialNumber&gt;FTW3M16000am6&lt;/serialNumber&gt;&lt;avrg&gt;0.002575&lt;/avrg&gt;&lt;/Row&gt;&lt;Row&gt;&lt;notifRecordID&gt;113055&lt;/notifRecordID&gt;&lt;notifTagID&gt;123&lt;/notifTagID&gt;&lt;notifTagValue&gt;0.002&lt;/notifTagValue&gt;&lt;recordID&gt;113055&lt;/recordID&gt;&lt;notifName&gt;TransCtr&lt;/notifName&gt;&lt;notifDescription&gt;P558_JENOPTIK&lt;/notifDescription&gt;&lt;CreatedBy&gt;SYSTEM&lt;/CreatedBy&gt;&lt;CreatedOn&gt;2016-12-17T00:29:09&lt;/CreatedOn&gt;&lt;ModifiedBy&gt;System&lt;/ModifiedBy&gt;&lt;ModifiedOn&gt;2016-12-17T00:29:11&lt;/ModifiedOn&gt;&lt;tagName&gt;Data_00&lt;/tagName&gt;&lt;tagTypeID&gt;8&lt;/tagTypeID&gt;&lt;tagGroupID&gt;1&lt;/tagGroupID&gt;&lt;tagFunctionID&gt;4&lt;/tagFunctionID&gt;&lt;COM_typeName&gt;TSend&lt;/COM_typeName&gt;&lt;FNC_typeName&gt;DefDataTable&lt;/FNC_typeName&gt;&lt;OPC_typeName&gt;FLOAT&lt;/OPC_typeName&gt;&lt;unitID&gt;36&lt;/unitID&gt;&lt;lineID&gt;35&lt;/lineID&gt;&lt;nameDefined&gt;Hi\Lo&lt;/nameDefined&gt;&lt;uomDefinedID&gt;24&lt;/uomDefinedID&gt;&lt;UOMName&gt;MM&lt;/UOMName&gt;&lt;UOMDescription&gt;MILIMETERS&lt;/UOMDescription&gt;&lt;serialNumber&gt;FTW3M16000am7&lt;/serialNumber&gt;&lt;avrg&gt;0.002575&lt;/avrg&gt;&lt;/Row&gt;&lt;Row&gt;&lt;notifRecordID&gt;113057&lt;/notifRecordID&gt;&lt;notifTagID&gt;123&lt;/notifTagID&gt;&lt;notifTagValue&gt;0.002&lt;/notifTagValue&gt;&lt;recordID&gt;113057&lt;/recordID&gt;&lt;notifName&gt;TransCtr&lt;/notifName&gt;&lt;notifDescription&gt;P558_JENOPTIK&lt;/notifDescription&gt;&lt;CreatedBy&gt;SYSTEM&lt;/CreatedBy&gt;&lt;CreatedOn&gt;2016-12-17T00:30:24&lt;/CreatedOn&gt;&lt;ModifiedBy&gt;System&lt;/ModifiedBy&gt;&lt;ModifiedOn&gt;2016-12-17T00:30:26&lt;/ModifiedOn&gt;&lt;tagName&gt;Data_00&lt;/tagName&gt;&lt;tagTypeID&gt;8&lt;/tagTypeID&gt;&lt;tagGroupID&gt;1&lt;/tagGroupID&gt;&lt;tagFunctionID&gt;4&lt;/tagFunctionID&gt;&lt;COM_typeName&gt;TSend&lt;/COM_typeName&gt;&lt;FNC_typeName&gt;DefDataTable&lt;/FNC_typeName&gt;&lt;OPC_typeName&gt;FLOAT&lt;/OPC_typeName&gt;&lt;unitID&gt;36&lt;/unitID&gt;&lt;lineID&gt;35&lt;/lineID&gt;&lt;nameDefined&gt;Hi\Lo&lt;/nameDefined&gt;&lt;uomDefinedID&gt;24&lt;/uomDefinedID&gt;&lt;UOMName&gt;MM&lt;/UOMName&gt;&lt;UOMDescription&gt;MILIMETERS&lt;/UOMDescription&gt;&lt;serialNumber&gt;FTW3M16000am8&lt;/serialNumber&gt;&lt;avrg&gt;0.002575&lt;/avrg&gt;&lt;/Row&gt;&lt;Row&gt;&lt;notifRecordID&gt;113060&lt;/notifRecordID&gt;&lt;notifTagID&gt;123&lt;/notifTagID&gt;&lt;notifTagValue&gt;0.008&lt;/notifTagValue&gt;&lt;recordID&gt;113060&lt;/recordID&gt;&lt;notifName&gt;TransCtr&lt;/notifName&gt;&lt;notifDescription&gt;P558_JENOPTIK&lt;/notifDescription&gt;&lt;CreatedBy&gt;SYSTEM&lt;/CreatedBy&gt;&lt;CreatedOn&gt;2016-12-17T00:35:36&lt;/CreatedOn&gt;&lt;ModifiedBy&gt;System&lt;/ModifiedBy&gt;&lt;ModifiedOn&gt;2016-12-17T00:35:37&lt;/ModifiedOn&gt;&lt;tagName&gt;Data_00&lt;/tagName&gt;&lt;tagTypeID&gt;8&lt;/tagTypeID&gt;&lt;tagGroupID&gt;1&lt;/tagGroupID&gt;&lt;tagFunctionID&gt;4&lt;/tagFunctionID&gt;&lt;COM_typeName&gt;TSend&lt;/COM_typeName&gt;&lt;FNC_typeName&gt;DefDataTable&lt;/FNC_typeName&gt;&lt;OPC_typeName&gt;FLOAT&lt;/OPC_typeName&gt;&lt;unitID&gt;36&lt;/unitID&gt;&lt;lineID&gt;35&lt;/lineID&gt;&lt;nameDefined&gt;Hi\Lo&lt;/nameDefined&gt;&lt;uomDefinedID&gt;24&lt;/uomDefinedID&gt;&lt;UOMName&gt;MM&lt;/UOMName&gt;&lt;UOMDescription&gt;MILIMETERS&lt;/UOMDescription&gt;&lt;serialNumber&gt;FTW2M160006uu&lt;/serialNumber&gt;&lt;avrg&gt;0.002575&lt;/avrg&gt;&lt;/Row&gt;&lt;Row&gt;&lt;notifRecordID&gt;113065&lt;/notifRecordID&gt;&lt;notifTagID&gt;123&lt;/notifTagID&gt;&lt;notifTagValue&gt;0.002&lt;/notifTagValue&gt;&lt;recordID&gt;113065&lt;/recordID&gt;&lt;notifName&gt;TransCtr&lt;/notifName&gt;&lt;notifDescription&gt;P558_JENOPTIK&lt;/notifDescription&gt;&lt;CreatedBy&gt;SYSTEM&lt;/CreatedBy&gt;&lt;CreatedOn&gt;2016-12-17T00:39:31&lt;/CreatedOn&gt;&lt;ModifiedBy&gt;System&lt;/ModifiedBy&gt;&lt;ModifiedOn&gt;2016-12-17T00:39:33&lt;/ModifiedOn&gt;&lt;tagName&gt;Data_00&lt;/tagName&gt;&lt;tagTypeID&gt;8&lt;/tagTypeID&gt;&lt;tagGroupID&gt;1&lt;/tagGroupID&gt;&lt;tagFunctionID&gt;4&lt;/tagFunctionID&gt;&lt;COM_typeName&gt;TSend&lt;/COM_typeName&gt;&lt;FNC_typeName&gt;DefDataTable&lt;/FNC_typeName&gt;&lt;OPC_typeName&gt;FLOAT&lt;/OPC_typeName&gt;&lt;unitID&gt;36&lt;/unitID&gt;&lt;lineID&gt;35&lt;/lineID&gt;&lt;nameDefined&gt;Hi\Lo&lt;/nameDefined&gt;&lt;uomDefinedID&gt;24&lt;/uomDefinedID&gt;&lt;UOMName&gt;MM&lt;/UOMName&gt;&lt;UOMDescription&gt;MILIMETERS&lt;/UOMDescription&gt;&lt;serialNumber&gt;FTW2M160006uv&lt;/serialNumber&gt;&lt;avrg&gt;0.002575&lt;/avrg&gt;&lt;/Row&gt;&lt;Row&gt;&lt;notifRecordID&gt;113067&lt;/notifRecordID&gt;&lt;notifTagID&gt;123&lt;/notifTagID&gt;&lt;notifTagValue&gt;0.004&lt;/notifTagValue&gt;&lt;recordID&gt;113067&lt;/recordID&gt;&lt;notifName&gt;TransCtr&lt;/notifName&gt;&lt;notifDescription&gt;P558_JENOPTIK&lt;/notifDescription&gt;&lt;CreatedBy&gt;SYSTEM&lt;/CreatedBy&gt;&lt;CreatedOn&gt;2016-12-17T00:43:22&lt;/CreatedOn&gt;&lt;ModifiedBy&gt;System&lt;/ModifiedBy&gt;&lt;ModifiedOn&gt;2016-12-17T00:43:24&lt;/ModifiedOn&gt;&lt;tagName&gt;Data_00&lt;/tagName&gt;&lt;tagTypeID&gt;8&lt;/tagTypeID&gt;&lt;tagGroupID&gt;1&lt;/tagGroupID&gt;&lt;tagFunctionID&gt;4&lt;/tagFunctionID&gt;&lt;COM_typeName&gt;TSend&lt;/COM_typeName&gt;&lt;FNC_typeName&gt;DefDataTable&lt;/FNC_typeName&gt;&lt;OPC_typeName&gt;FLOAT&lt;/OPC_typeName&gt;&lt;unitID&gt;36&lt;/unitID&gt;&lt;lineID&gt;35&lt;/lineID&gt;&lt;nameDefined&gt;Hi\Lo&lt;/nameDefined&gt;&lt;uomDefinedID&gt;24&lt;/uomDefinedID&gt;&lt;UOMName&gt;MM&lt;/UOMName&gt;&lt;UOMDescription&gt;MILIMETERS&lt;/UOMDescription&gt;&lt;serialNumber&gt;FTW3M16000am9&lt;/serialNumber&gt;&lt;avrg&gt;0.002575&lt;/avrg&gt;&lt;/Row&gt;&lt;Row&gt;&lt;notifRecordID&gt;113073&lt;/notifRecordID&gt;&lt;notifTagID&gt;123&lt;/notifTagID&gt;&lt;notifTagValue&gt;0.01&lt;/notifTagValue&gt;&lt;recordID&gt;113073&lt;/recordID&gt;&lt;notifName&gt;TransCtr&lt;/notifName&gt;&lt;notifDescription&gt;P558_JENOPTIK&lt;/notifDescription&gt;&lt;CreatedBy&gt;SYSTEM&lt;/CreatedBy&gt;&lt;CreatedOn&gt;2016-12-17T01:01:23&lt;/CreatedOn&gt;&lt;ModifiedBy&gt;System&lt;/ModifiedBy&gt;&lt;ModifiedOn&gt;2016-12-17T01:01:25&lt;/ModifiedOn&gt;&lt;tagName&gt;Data_00&lt;/tagName&gt;&lt;tagTypeID&gt;8&lt;/tagTypeID&gt;&lt;tagGroupID&gt;1&lt;/tagGroupID&gt;&lt;tagFunctionID&gt;4&lt;/tagFunctionID&gt;&lt;COM_typeName&gt;TSend&lt;/COM_typeName&gt;&lt;FNC_typeName&gt;DefDataTable&lt;/FNC_typeName&gt;&lt;OPC_typeName&gt;FLOAT&lt;/OPC_typeName&gt;&lt;unitID&gt;36&lt;/unitID&gt;&lt;lineID&gt;35&lt;/lineID&gt;&lt;nameDefined&gt;Hi\Lo&lt;/nameDefined&gt;&lt;uomDefinedID&gt;24&lt;/uomDefinedID&gt;&lt;UOMName&gt;MM&lt;/UOMName&gt;&lt;UOMDescription&gt;MILIMETERS&lt;/UOMDescription&gt;&lt;serialNumber&gt;FTW2M160006uw&lt;/serialNumber&gt;&lt;avrg&gt;0.002575&lt;/avrg&gt;&lt;/Row&gt;&lt;Row&gt;&lt;notifRecordID&gt;113088&lt;/notifRecordID&gt;&lt;notifTagID&gt;123&lt;/notifTagID&gt;&lt;notifTagValue&gt;0.009&lt;/notifTagValue&gt;&lt;recordID&gt;113088&lt;/recordID&gt;&lt;notifName&gt;TransCtr&lt;/notifName&gt;&lt;notifDescription&gt;P558_JENOPTIK&lt;/notifDescription&gt;&lt;CreatedBy&gt;SYSTEM&lt;/CreatedBy&gt;&lt;CreatedOn&gt;2016-12-17T02:06:30&lt;/CreatedOn&gt;&lt;ModifiedBy&gt;System&lt;/ModifiedBy&gt;&lt;ModifiedOn&gt;2016-12-17T02:06:31&lt;/ModifiedOn&gt;&lt;tagName&gt;Data_00&lt;/tagName&gt;&lt;tagTypeID&gt;8&lt;/tagTypeID&gt;&lt;tagGroupID&gt;1&lt;/tagGroupID&gt;&lt;tagFunctionID&gt;4&lt;/tagFunctionID&gt;&lt;COM_typeName&gt;TSend&lt;/COM_typeName&gt;&lt;FNC_typeName&gt;DefDataTable&lt;/FNC_typeName&gt;&lt;OPC_typeName&gt;FLOAT&lt;/OPC_typeName&gt;&lt;unitID&gt;36&lt;/unitID&gt;&lt;lineID&gt;35&lt;/lineID&gt;&lt;nameDefined&gt;Hi\Lo&lt;/nameDefined&gt;&lt;uomDefinedID&gt;24&lt;/uomDefinedID&gt;&lt;UOMName&gt;MM&lt;/UOMName&gt;&lt;UOMDescription&gt;MILIMETERS&lt;/UOMDescription&gt;&lt;serialNumber&gt;FTW3M16000amc&lt;/serialNumber&gt;&lt;avrg&gt;0.002575&lt;/avrg&gt;&lt;/Row&gt;&lt;Row&gt;&lt;notifRecordID&gt;113094&lt;/notifRecordID&gt;&lt;notifTagID&gt;123&lt;/notifTagID&gt;&lt;notifTagValue&gt;-0.001&lt;/notifTagValue&gt;&lt;recordID&gt;113094&lt;/recordID&gt;&lt;notifName&gt;TransCtr&lt;/notifName&gt;&lt;notifDescription&gt;P558_JENOPTIK&lt;/notifDescription&gt;&lt;CreatedBy&gt;SYSTEM&lt;/CreatedBy&gt;&lt;CreatedOn&gt;2016-12-17T02:09:21&lt;/CreatedOn&gt;&lt;ModifiedBy&gt;System&lt;/ModifiedBy&gt;&lt;ModifiedOn&gt;2016-12-17T02:09:23&lt;/ModifiedOn&gt;&lt;tagName&gt;Data_00&lt;/tagName&gt;&lt;tagTypeID&gt;8&lt;/tagTypeID&gt;&lt;tagGroupID&gt;1&lt;/tagGroupID&gt;&lt;tagFunctionID&gt;4&lt;/tagFunctionID&gt;&lt;COM_typeName&gt;TSend&lt;/COM_typeName&gt;&lt;FNC_typeName&gt;DefDataTable&lt;/FNC_typeName&gt;&lt;OPC_typeName&gt;FLOAT&lt;/OPC_typeName&gt;&lt;unitID&gt;36&lt;/unitID&gt;&lt;lineID&gt;35&lt;/lineID&gt;&lt;nameDefined&gt;Hi\Lo&lt;/nameDefined&gt;&lt;uomDefinedID&gt;24&lt;/uomDefinedID&gt;&lt;UOMName&gt;MM&lt;/UOMName&gt;&lt;UOMDescription&gt;MILIMETERS&lt;/UOMDescription&gt;&lt;serialNumber&gt;FTW3M16000amb&lt;/serialNumber&gt;&lt;avrg&gt;0.002575&lt;/avrg&gt;&lt;/Row&gt;&lt;Row&gt;&lt;notifRecordID&gt;113097&lt;/notifRecordID&gt;&lt;notifTagID&gt;123&lt;/notifTagID&gt;&lt;notifTagValue&gt;0.003&lt;/notifTagValue&gt;&lt;recordID&gt;113097&lt;/recordID&gt;&lt;notifName&gt;TransCtr&lt;/notifName&gt;&lt;notifDescription&gt;P558_JENOPTIK&lt;/notifDescription&gt;&lt;CreatedBy&gt;SYSTEM&lt;/CreatedBy&gt;&lt;CreatedOn&gt;2016-12-17T02:15:07&lt;/CreatedOn&gt;&lt;ModifiedBy&gt;System&lt;/ModifiedBy&gt;&lt;ModifiedOn&gt;2016-12-17T02:15:09&lt;/ModifiedOn&gt;&lt;tagName&gt;Data_00&lt;/tagName&gt;&lt;tagTypeID&gt;8&lt;/tagTypeID&gt;&lt;tagGroupID&gt;1&lt;/tagGroupID&gt;&lt;tagFunctionID&gt;4&lt;/tagFunctionID&gt;&lt;COM_typeName&gt;TSend&lt;/COM_typeName&gt;&lt;FNC_typeName&gt;DefDataTable&lt;/FNC_typeName&gt;&lt;OPC_typeName&gt;FLOAT&lt;/OPC_typeName&gt;&lt;unitID&gt;36&lt;/unitID&gt;&lt;lineID&gt;35&lt;/lineID&gt;&lt;nameDefined&gt;Hi\Lo&lt;/nameDefined&gt;&lt;uomDefinedID&gt;24&lt;/uomDefinedID&gt;&lt;UOMName&gt;MM&lt;/UOMName&gt;&lt;UOMDescription&gt;MILIMETERS&lt;/UOMDescription&gt;&lt;serialNumber&gt;FTW2M160006ux&lt;/serialNumber&gt;&lt;avrg&gt;0.002575&lt;/avrg&gt;&lt;/Row&gt;&lt;Row&gt;&lt;notifRecordID&gt;113100&lt;/notifRecordID&gt;&lt;notifTagID&gt;123&lt;/notifTagID&gt;&lt;notifTagValue&gt;0.011&lt;/notifTagValue&gt;&lt;recordID&gt;113100&lt;/recordID&gt;&lt;notifName&gt;TransCtr&lt;/notifName&gt;&lt;notifDescription&gt;P558_JENOPTIK&lt;/notifDescription&gt;&lt;CreatedBy&gt;SYSTEM&lt;/CreatedBy&gt;&lt;CreatedOn&gt;2016-12-17T02:19:16&lt;/CreatedOn&gt;&lt;ModifiedBy&gt;System&lt;/ModifiedBy&gt;&lt;ModifiedOn&gt;2016-12-17T02:19:18&lt;/ModifiedOn&gt;&lt;tagName&gt;Data_00&lt;/tagName&gt;&lt;tagTypeID&gt;8&lt;/tagTypeID&gt;&lt;tagGroupID&gt;1&lt;/tagGroupID&gt;&lt;tagFunctionID&gt;4&lt;/tagFunctionID&gt;&lt;COM_typeName&gt;TSend&lt;/COM_typeName&gt;&lt;FNC_typeName&gt;DefDataTable&lt;/FNC_typeName&gt;&lt;OPC_typeName&gt;FLOAT&lt;/OPC_typeName&gt;&lt;unitID&gt;36&lt;/unitID&gt;&lt;lineID&gt;35&lt;/lineID&gt;&lt;nameDefined&gt;Hi\Lo&lt;/nameDefined&gt;&lt;uomDefinedID&gt;24&lt;/uomDefinedID&gt;&lt;UOMName&gt;MM&lt;/UOMName&gt;&lt;UOMDescription&gt;MILIMETERS&lt;/UOMDescription&gt;&lt;serialNumber&gt;FTW2M160006uy&lt;/serialNumber&gt;&lt;avrg&gt;0.002575&lt;/avrg&gt;&lt;/Row&gt;&lt;Row&gt;&lt;notifRecordID&gt;113104&lt;/notifRecordID&gt;&lt;notifTagID&gt;123&lt;/notifTagID&gt;&lt;notifTagValue&gt;0.011&lt;/notifTagValue&gt;&lt;recordID&gt;113104&lt;/recordID&gt;&lt;notifName&gt;TransCtr&lt;/notifName&gt;&lt;notifDescription&gt;P558_JENOPTIK&lt;/notifDescription&gt;&lt;CreatedBy&gt;SYSTEM&lt;/CreatedBy&gt;&lt;CreatedOn&gt;2016-12-17T02:21:13&lt;/CreatedOn&gt;&lt;ModifiedBy&gt;System&lt;/ModifiedBy&gt;&lt;ModifiedOn&gt;2016-12-17T02:21:15&lt;/ModifiedOn&gt;&lt;tagName&gt;Data_00&lt;/tagName&gt;&lt;tagTypeID&gt;8&lt;/tagTypeID&gt;&lt;tagGroupID&gt;1&lt;/tagGroupID&gt;&lt;tagFunctionID&gt;4&lt;/tagFunctionID&gt;&lt;COM_typeName&gt;TSend&lt;/COM_typeName&gt;&lt;FNC_typeName&gt;DefDataTable&lt;/FNC_typeName&gt;&lt;OPC_typeName&gt;FLOAT&lt;/OPC_typeName&gt;&lt;unitID&gt;36&lt;/unitID&gt;&lt;lineID&gt;35&lt;/lineID&gt;&lt;nameDefined&gt;Hi\Lo&lt;/nameDefined&gt;&lt;uomDefinedID&gt;24&lt;/uomDefinedID&gt;&lt;UOMName&gt;MM&lt;/UOMName&gt;&lt;UOMDescription&gt;MILIMETERS&lt;/UOMDescription&gt;&lt;serialNumber&gt;FTW3M16000amd&lt;/serialNumber&gt;&lt;avrg&gt;0.002575&lt;/avrg&gt;&lt;/Row&gt;&lt;Row&gt;&lt;notifRecordID&gt;113107&lt;/notifRecordID&gt;&lt;notifTagID&gt;123&lt;/notifTagID&gt;&lt;notifTagValue&gt;0.011&lt;/notifTagValue&gt;&lt;recordID&gt;113107&lt;/recordID&gt;&lt;notifName&gt;TransCtr&lt;/notifName&gt;&lt;notifDescription&gt;P558_JENOPTIK&lt;/notifDescription&gt;&lt;CreatedBy&gt;SYSTEM&lt;/CreatedBy&gt;&lt;CreatedOn&gt;2016-12-17T02:24:53&lt;/CreatedOn&gt;&lt;ModifiedBy&gt;System&lt;/ModifiedBy&gt;&lt;ModifiedOn&gt;2016-12-17T02:24:54&lt;/ModifiedOn&gt;&lt;tagName&gt;Data_00&lt;/tagName&gt;&lt;tagTypeID&gt;8&lt;/tagTypeID&gt;&lt;tagGroupID&gt;1&lt;/tagGroupID&gt;&lt;tagFunctionID&gt;4&lt;/tagFunctionID&gt;&lt;COM_typeName&gt;TSend&lt;/COM_typeName&gt;&lt;FNC_typeName&gt;DefDataTable&lt;/FNC_typeName&gt;&lt;OPC_typeName&gt;FLOAT&lt;/OPC_typeName&gt;&lt;unitID&gt;36&lt;/unitID&gt;&lt;lineID&gt;35&lt;/lineID&gt;&lt;nameDefined&gt;Hi\Lo&lt;/nameDefined&gt;&lt;uomDefinedID&gt;24&lt;/uomDefinedID&gt;&lt;UOMName&gt;MM&lt;/UOMName&gt;&lt;UOMDescription&gt;MILIMETERS&lt;/UOMDescription&gt;&lt;serialNumber&gt;FTW3M16000amd&lt;/serialNumber&gt;&lt;avrg&gt;0.002575&lt;/avrg&gt;&lt;/Row&gt;&lt;Row&gt;&lt;notifRecordID&gt;113110&lt;/notifRecordID&gt;&lt;notifTagID&gt;123&lt;/notifTagID&gt;&lt;notifTagValue&gt;0.002&lt;/notifTagValue&gt;&lt;recordID&gt;113110&lt;/recordID&gt;&lt;notifName&gt;TransCtr&lt;/notifName&gt;&lt;notifDescription&gt;P558_JENOPTIK&lt;/notifDescription&gt;&lt;CreatedBy&gt;SYSTEM&lt;/CreatedBy&gt;&lt;CreatedOn&gt;2016-12-17T02:28:31&lt;/CreatedOn&gt;&lt;ModifiedBy&gt;System&lt;/ModifiedBy&gt;&lt;ModifiedOn&gt;2016-12-17T02:28:33&lt;/ModifiedOn&gt;&lt;tagName&gt;Data_00&lt;/tagName&gt;&lt;tagTypeID&gt;8&lt;/tagTypeID&gt;&lt;tagGroupID&gt;1&lt;/tagGroupID&gt;&lt;tagFunctionID&gt;4&lt;/tagFunctionID&gt;&lt;COM_typeName&gt;TSend&lt;/COM_typeName&gt;&lt;FNC_typeName&gt;DefDataTable&lt;/FNC_typeName&gt;&lt;OPC_typeName&gt;FLOAT&lt;/OPC_typeName&gt;&lt;unitID&gt;36&lt;/unitID&gt;&lt;lineID&gt;35&lt;/lineID&gt;&lt;nameDefined&gt;Hi\Lo&lt;/nameDefined&gt;&lt;uomDefinedID&gt;24&lt;/uomDefinedID&gt;&lt;UOMName&gt;MM&lt;/UOMName&gt;&lt;UOMDescription&gt;MILIMETERS&lt;/UOMDescription&gt;&lt;serialNumber&gt;FTW2M160006uz&lt;/serialNumber&gt;&lt;avrg&gt;0.002575&lt;/avrg&gt;&lt;/Row&gt;&lt;Row&gt;&lt;notifRecordID&gt;113112&lt;/notifRecordID&gt;&lt;notifTagID&gt;123&lt;/notifTagID&gt;&lt;notifTagValue&gt;0.002&lt;/notifTagValue&gt;&lt;recordID&gt;113112&lt;/recordID&gt;&lt;notifName&gt;TransCtr&lt;/notifName&gt;&lt;notifDescription&gt;P558_JENOPTIK&lt;/notifDescription&gt;&lt;CreatedBy&gt;SYSTEM&lt;/CreatedBy&gt;&lt;CreatedOn&gt;2016-12-17T02:30:14&lt;/CreatedOn&gt;&lt;ModifiedBy&gt;System&lt;/ModifiedBy&gt;&lt;ModifiedOn&gt;2016-12-17T02:30:16&lt;/ModifiedOn&gt;&lt;tagName&gt;Data_00&lt;/tagName&gt;&lt;tagTypeID&gt;8&lt;/tagTypeID&gt;&lt;tagGroupID&gt;1&lt;/tagGroupID&gt;&lt;tagFunctionID&gt;4&lt;/tagFunctionID&gt;&lt;COM_typeName&gt;TSend&lt;/COM_typeName&gt;&lt;FNC_typeName&gt;DefDataTable&lt;/FNC_typeName&gt;&lt;OPC_typeName&gt;FLOAT&lt;/OPC_typeName&gt;&lt;unitID&gt;36&lt;/unitID&gt;&lt;lineID&gt;35&lt;/lineID&gt;&lt;nameDefined&gt;Hi\Lo&lt;/nameDefined&gt;&lt;uomDefinedID&gt;24&lt;/uomDefinedID&gt;&lt;UOMName&gt;MM&lt;/UOMName&gt;&lt;UOMDescription&gt;MILIMETERS&lt;/UOMDescription&gt;&lt;serialNumber&gt;FTW3M16000amd&lt;/serialNumber&gt;&lt;avrg&gt;0.002575&lt;/avrg&gt;&lt;/Row&gt;&lt;Row&gt;&lt;notifRecordID&gt;113117&lt;/notifRecordID&gt;&lt;notifTagID&gt;123&lt;/notifTagID&gt;&lt;notifTagValue&gt;0.007&lt;/notifTagValue&gt;&lt;recordID&gt;113117&lt;/recordID&gt;&lt;notifName&gt;TransCtr&lt;/notifName&gt;&lt;notifDescription&gt;P558_JENOPTIK&lt;/notifDescription&gt;&lt;CreatedBy&gt;SYSTEM&lt;/CreatedBy&gt;&lt;CreatedOn&gt;2016-12-17T02:41:32&lt;/CreatedOn&gt;&lt;ModifiedBy&gt;System&lt;/ModifiedBy&gt;&lt;ModifiedOn&gt;2016-12-17T02:41:34&lt;/ModifiedOn&gt;&lt;tagName&gt;Data_00&lt;/tagName&gt;&lt;tagTypeID&gt;8&lt;/tagTypeID&gt;&lt;tagGroupID&gt;1&lt;/tagGroupID&gt;&lt;tagFunctionID&gt;4&lt;/tagFunctionID&gt;&lt;COM_typeName&gt;TSend&lt;/COM_typeName&gt;&lt;FNC_typeName&gt;DefDataTable&lt;/FNC_typeName&gt;&lt;OPC_typeName&gt;FLOAT&lt;/OPC_typeName&gt;&lt;unitID&gt;36&lt;/unitID&gt;&lt;lineID&gt;35&lt;/lineID&gt;&lt;nameDefined&gt;Hi\Lo&lt;/nameDefined&gt;&lt;uomDefinedID&gt;24&lt;/uomDefinedID&gt;&lt;UOMName&gt;MM&lt;/UOMName&gt;&lt;UOMDescription&gt;MILIMETERS&lt;/UOMDescription&gt;&lt;serialNumber&gt;FTW3M16000amg&lt;/serialNumber&gt;&lt;avrg&gt;0.002575&lt;/avrg&gt;&lt;/Row&gt;&lt;Row&gt;&lt;notifRecordID&gt;113131&lt;/notifRecordID&gt;&lt;notifTagID&gt;123&lt;/notifTagID&gt;&lt;notifTagValue&gt;0.004&lt;/notifTagValue&gt;&lt;recordID&gt;113131&lt;/recordID&gt;&lt;notifName&gt;TransCtr&lt;/notifName&gt;&lt;notifDescription&gt;P558_JENOPTIK&lt;/notifDescription&gt;&lt;CreatedBy&gt;SYSTEM&lt;/CreatedBy&gt;&lt;CreatedOn&gt;2016-12-17T03:02:29&lt;/CreatedOn&gt;&lt;ModifiedBy&gt;System&lt;/ModifiedBy&gt;&lt;ModifiedOn&gt;2016-12-17T03:02:31&lt;/ModifiedOn&gt;&lt;tagName&gt;Data_00&lt;/tagName&gt;&lt;tagTypeID&gt;8&lt;/tagTypeID&gt;&lt;tagGroupID&gt;1&lt;/tagGroupID&gt;&lt;tagFunctionID&gt;4&lt;/tagFunctionID&gt;&lt;COM_typeName&gt;TSend&lt;/COM_typeName&gt;&lt;FNC_typeName&gt;DefDataTable&lt;/FNC_typeName&gt;&lt;OPC_typeName&gt;FLOAT&lt;/OPC_typeName&gt;&lt;unitID&gt;36&lt;/unitID&gt;&lt;lineID&gt;35&lt;/lineID&gt;&lt;nameDefined&gt;Hi\Lo&lt;/nameDefined&gt;&lt;uomDefinedID&gt;24&lt;/uomDefinedID&gt;&lt;UOMName&gt;MM&lt;/UOMName&gt;&lt;UOMDescription&gt;MILIMETERS&lt;/UOMDescription&gt;&lt;serialNumber&gt;FTW3M16000ame&lt;/serialNumber&gt;&lt;avrg&gt;0.002575&lt;/avrg&gt;&lt;/Row&gt;&lt;Row&gt;&lt;notifRecordID&gt;113143&lt;/notifRecordID&gt;&lt;notifTagID&gt;123&lt;/notifTagID&gt;&lt;notifTagValue&gt;0.015&lt;/notifTagValue&gt;&lt;recordID&gt;113143&lt;/recordID&gt;&lt;notifName&gt;TransCtr&lt;/notifName&gt;&lt;notifDescription&gt;P558_JENOPTIK&lt;/notifDescription&gt;&lt;CreatedBy&gt;SYSTEM&lt;/CreatedBy&gt;&lt;CreatedOn&gt;2016-12-17T03:20:26&lt;/CreatedOn&gt;&lt;ModifiedBy&gt;System&lt;/ModifiedBy&gt;&lt;ModifiedOn&gt;2016-12-17T03:20:28&lt;/ModifiedOn&gt;&lt;tagName&gt;Data_00&lt;/tagName&gt;&lt;tagTypeID&gt;8&lt;/tagTypeID&gt;&lt;tagGroupID&gt;1&lt;/tagGroupID&gt;&lt;tagFunctionID&gt;4&lt;/tagFunctionID&gt;&lt;COM_typeName&gt;TSend&lt;/COM_typeName&gt;&lt;FNC_typeName&gt;DefDataTable&lt;/FNC_typeName&gt;&lt;OPC_typeName&gt;FLOAT&lt;/OPC_typeName&gt;&lt;unitID&gt;36&lt;/unitID&gt;&lt;lineID&gt;35&lt;/lineID&gt;&lt;nameDefined&gt;Hi\Lo&lt;/nameDefined&gt;&lt;uomDefinedID&gt;24&lt;/uomDefinedID&gt;&lt;UOMName&gt;MM&lt;/UOMName&gt;&lt;UOMDescription&gt;MILIMETERS&lt;/UOMDescription&gt;&lt;serialNumber&gt;FTW2M160006v0&lt;/serialNumber&gt;&lt;avrg&gt;0.002575&lt;/avrg&gt;&lt;/Row&gt;&lt;Row&gt;&lt;notifRecordID&gt;113145&lt;/notifRecordID&gt;&lt;notifTagID&gt;123&lt;/notifTagID&gt;&lt;notifTagValue&gt;0.005&lt;/notifTagValue&gt;&lt;recordID&gt;113145&lt;/recordID&gt;&lt;notifName&gt;TransCtr&lt;/notifName&gt;&lt;notifDescription&gt;P558_JENOPTIK&lt;/notifDescription&gt;&lt;CreatedBy&gt;SYSTEM&lt;/CreatedBy&gt;&lt;CreatedOn&gt;2016-12-17T03:22:03&lt;/CreatedOn&gt;&lt;ModifiedBy&gt;System&lt;/ModifiedBy&gt;&lt;ModifiedOn&gt;2016-12-17T03:22:05&lt;/ModifiedOn&gt;&lt;tagName&gt;Data_00&lt;/tagName&gt;&lt;tagTypeID&gt;8&lt;/tagTypeID&gt;&lt;tagGroupID&gt;1&lt;/tagGroupID&gt;&lt;tagFunctionID&gt;4&lt;/tagFunctionID&gt;&lt;COM_typeName&gt;TSend&lt;/COM_typeName&gt;&lt;FNC_typeName&gt;DefDataTable&lt;/FNC_typeName&gt;&lt;OPC_typeName&gt;FLOAT&lt;/OPC_typeName&gt;&lt;unitID&gt;36&lt;/unitID&gt;&lt;lineID&gt;35&lt;/lineID&gt;&lt;nameDefined&gt;Hi\Lo&lt;/nameDefined&gt;&lt;uomDefinedID&gt;24&lt;/uomDefinedID&gt;&lt;UOMName&gt;MM&lt;/UOMName&gt;&lt;UOMDescription&gt;MILIMETERS&lt;/UOMDescription&gt;&lt;serialNumber&gt;FTW3M16000amh&lt;/serialNumber&gt;&lt;avrg&gt;0.002575&lt;/avrg&gt;&lt;/Row&gt;&lt;Row&gt;&lt;notifRecordID&gt;113147&lt;/notifRecordID&gt;&lt;notifTagID&gt;123&lt;/notifTagID&gt;&lt;notifTagValue&gt;0.005&lt;/notifTagValue&gt;&lt;recordID&gt;113147&lt;/recordID&gt;&lt;notifName&gt;TransCtr&lt;/notifName&gt;&lt;notifDescription&gt;P558_JENOPTIK&lt;/notifDescription&gt;&lt;CreatedBy&gt;SYSTEM&lt;/CreatedBy&gt;&lt;CreatedOn&gt;2016-12-17T03:23:45&lt;/CreatedOn&gt;&lt;ModifiedBy&gt;System&lt;/ModifiedBy&gt;&lt;ModifiedOn&gt;2016-12-17T03:23:47&lt;/ModifiedOn&gt;&lt;tagName&gt;Data_00&lt;/tagName&gt;&lt;tagTypeID&gt;8&lt;/tagTypeID&gt;&lt;tagGroupID&gt;1&lt;/tagGroupID&gt;&lt;tagFunctionID&gt;4&lt;/tagFunctionID&gt;&lt;COM_typeName&gt;TSend&lt;/COM_typeName&gt;&lt;FNC_typeName&gt;DefDataTable&lt;/FNC_typeName&gt;&lt;OPC_typeName&gt;FLOAT&lt;/OPC_typeName&gt;&lt;unitID&gt;36&lt;/unitID&gt;&lt;lineID&gt;35&lt;/lineID&gt;&lt;nameDefined&gt;Hi\Lo&lt;/nameDefined&gt;&lt;uomDefinedID&gt;24&lt;/uomDefinedID&gt;&lt;UOMName&gt;MM&lt;/UOMName&gt;&lt;UOMDescription&gt;MILIMETERS&lt;/UOMDescription&gt;&lt;serialNumber&gt;FTW2M160006v1&lt;/serialNumber&gt;&lt;avrg&gt;0.002575&lt;/avrg&gt;&lt;/Row&gt;&lt;Row&gt;&lt;notifRecordID&gt;113150&lt;/notifRecordID&gt;&lt;notifTagID&gt;123&lt;/notifTagID&gt;&lt;notifTagValue&gt;0.001&lt;/notifTagValue&gt;&lt;recordID&gt;113150&lt;/recordID&gt;&lt;notifName&gt;TransCtr&lt;/notifName&gt;&lt;notifDescription&gt;P558_JENOPTIK&lt;/notifDescription&gt;&lt;CreatedBy&gt;SYSTEM&lt;/CreatedBy&gt;&lt;CreatedOn&gt;2016-12-17T03:26:51&lt;/CreatedOn&gt;&lt;ModifiedBy&gt;System&lt;/ModifiedBy&gt;&lt;ModifiedOn&gt;2016-12-17T03:26:53&lt;/ModifiedOn&gt;&lt;tagName&gt;Data_00&lt;/tagName&gt;&lt;tagTypeID&gt;8&lt;/tagTypeID&gt;&lt;tagGroupID&gt;1&lt;/tagGroupID&gt;&lt;tagFunctionID&gt;4&lt;/tagFunctionID&gt;&lt;COM_typeName&gt;TSend&lt;/COM_typeName&gt;&lt;FNC_typeName&gt;DefDataTable&lt;/FNC_typeName&gt;&lt;OPC_typeName&gt;FLOAT&lt;/OPC_typeName&gt;&lt;unitID&gt;36&lt;/unitID&gt;&lt;lineID&gt;35&lt;/lineID&gt;&lt;nameDefined&gt;Hi\Lo&lt;/nameDefined&gt;&lt;uomDefinedID&gt;24&lt;/uomDefinedID&gt;&lt;UOMName&gt;MM&lt;/UOMName&gt;&lt;UOMDescription&gt;MILIMETERS&lt;/UOMDescription&gt;&lt;serialNumber&gt;FTW2M160006v1&lt;/serialNumber&gt;&lt;avrg&gt;0.002575&lt;/avrg&gt;&lt;/Row&gt;&lt;Row&gt;&lt;notifRecordID&gt;113153&lt;/notifRecordID&gt;&lt;notifTagID&gt;123&lt;/notifTagID&gt;&lt;notifTagValue&gt;0.005&lt;/notifTagValue&gt;&lt;recordID&gt;113153&lt;/recordID&gt;&lt;notifName&gt;TransCtr&lt;/notifName&gt;&lt;notifDescription&gt;P558_JENOPTIK&lt;/notifDescription&gt;&lt;CreatedBy&gt;SYSTEM&lt;/CreatedBy&gt;&lt;CreatedOn&gt;2016-12-17T03:28:01&lt;/CreatedOn&gt;&lt;ModifiedBy&gt;System&lt;/ModifiedBy&gt;&lt;ModifiedOn&gt;2016-12-17T03:28:03&lt;/ModifiedOn&gt;&lt;tagName&gt;Data_00&lt;/tagName&gt;&lt;tagTypeID&gt;8&lt;/tagTypeID&gt;&lt;tagGroupID&gt;1&lt;/tagGroupID&gt;&lt;tagFunctionID&gt;4&lt;/tagFunctionID&gt;&lt;COM_typeName&gt;TSend&lt;/COM_typeName&gt;&lt;FNC_typeName&gt;DefDataTable&lt;/FNC_typeName&gt;&lt;OPC_typeName&gt;FLOAT&lt;/OPC_typeName&gt;&lt;unitID&gt;36&lt;/unitID&gt;&lt;lineID&gt;35&lt;/lineID&gt;&lt;nameDefined&gt;Hi\Lo&lt;/nameDefined&gt;&lt;uomDefinedID&gt;24&lt;/uomDefinedID&gt;&lt;UOMName&gt;MM&lt;/UOMName&gt;&lt;UOMDescription&gt;MILIMETERS&lt;/UOMDescription&gt;&lt;serialNumber&gt;FTW3M16000ami&lt;/serialNumber&gt;&lt;avrg&gt;0.002575&lt;/avrg&gt;&lt;/Row&gt;&lt;Row&gt;&lt;notifRecordID&gt;113157&lt;/notifRecordID&gt;&lt;notifTagID&gt;123&lt;/notifTagID&gt;&lt;notifTagValue&gt;0.009&lt;/notifTagValue&gt;&lt;recordID&gt;113157&lt;/recordID&gt;&lt;notifName&gt;TransCtr&lt;/notifName&gt;&lt;notifDescription&gt;P558_JENOPTIK&lt;/notifDescription&gt;&lt;CreatedBy&gt;SYSTEM&lt;/CreatedBy&gt;&lt;CreatedOn&gt;2016-12-17T03:29:23&lt;/CreatedOn&gt;&lt;ModifiedBy&gt;System&lt;/ModifiedBy&gt;&lt;ModifiedOn&gt;2016-12-17T03:29:24&lt;/ModifiedOn&gt;&lt;tagName&gt;Data_00&lt;/tagName&gt;&lt;tagTypeID&gt;8&lt;/tagTypeID&gt;&lt;tagGroupID&gt;1&lt;/tagGroupID&gt;&lt;tagFunctionID&gt;4&lt;/tagFunctionID&gt;&lt;COM_typeName&gt;TSend&lt;/COM_typeName&gt;&lt;FNC_typeName&gt;DefDataTable&lt;/FNC_typeName&gt;&lt;OPC_typeName&gt;FLOAT&lt;/OPC_typeName&gt;&lt;unitID&gt;36&lt;/unitID&gt;&lt;lineID&gt;35&lt;/lineID&gt;&lt;nameDefined&gt;Hi\Lo&lt;/nameDefined&gt;&lt;uomDefinedID&gt;24&lt;/uomDefinedID&gt;&lt;UOMName&gt;MM&lt;/UOMName&gt;&lt;UOMDescription&gt;MILIMETERS&lt;/UOMDescription&gt;&lt;serialNumber&gt;FTW3M16000amj&lt;/serialNumber&gt;&lt;avrg&gt;0.002575&lt;/avrg&gt;&lt;/Row&gt;&lt;Row&gt;&lt;notifRecordID&gt;113178&lt;/notifRecordID&gt;&lt;notifTagID&gt;123&lt;/notifTagID&gt;&lt;notifTagValue&gt;0.0&lt;/notifTagValue&gt;&lt;recordID&gt;113178&lt;/recordID&gt;&lt;notifName&gt;TransCtr&lt;/notifName&gt;&lt;notifDescription&gt;P558_JENOPTIK&lt;/notifDescription&gt;&lt;CreatedBy&gt;SYSTEM&lt;/CreatedBy&gt;&lt;CreatedOn&gt;2016-12-17T04:09:42&lt;/CreatedOn&gt;&lt;ModifiedBy&gt;System&lt;/ModifiedBy&gt;&lt;ModifiedOn&gt;2016-12-17T04:09:44&lt;/ModifiedOn&gt;&lt;tagName&gt;Data_00&lt;/tagName&gt;&lt;tagTypeID&gt;8&lt;/tagTypeID&gt;&lt;tagGroupID&gt;1&lt;/tagGroupID&gt;&lt;tagFunctionID&gt;4&lt;/tagFunctionID&gt;&lt;COM_typeName&gt;TSend&lt;/COM_typeName&gt;&lt;FNC_typeName&gt;DefDataTable&lt;/FNC_typeName&gt;&lt;OPC_typeName&gt;FLOAT&lt;/OPC_typeName&gt;&lt;unitID&gt;36&lt;/unitID&gt;&lt;lineID&gt;35&lt;/lineID&gt;&lt;nameDefined&gt;Hi\Lo&lt;/nameDefined&gt;&lt;uomDefinedID&gt;24&lt;/uomDefinedID&gt;&lt;UOMName&gt;MM&lt;/UOMName&gt;&lt;UOMDescription&gt;MILIMETERS&lt;/UOMDescription&gt;&lt;serialNumber&gt;FTW2M160006v4&lt;/serialNumber&gt;&lt;avrg&gt;0.002575&lt;/avrg&gt;&lt;/Row&gt;&lt;Row&gt;&lt;notifRecordID&gt;113186&lt;/notifRecordID&gt;&lt;notifTagID&gt;123&lt;/notifTagID&gt;&lt;notifTagValue&gt;0.003&lt;/notifTagValue&gt;&lt;recordID&gt;113186&lt;/recordID&gt;&lt;notifName&gt;TransCtr&lt;/notifName&gt;&lt;notifDescription&gt;P558_JENOPTIK&lt;/notifDescription&gt;&lt;CreatedBy&gt;SYSTEM&lt;/CreatedBy&gt;&lt;CreatedOn&gt;2016-12-17T04:17:50&lt;/CreatedOn&gt;&lt;ModifiedBy&gt;System&lt;/ModifiedBy&gt;&lt;ModifiedOn&gt;2016-12-17T04:17:52&lt;/ModifiedOn&gt;&lt;tagName&gt;Data_00&lt;/tagName&gt;&lt;tagTypeID&gt;8&lt;/tagTypeID&gt;&lt;tagGroupID&gt;1&lt;/tagGroupID&gt;&lt;tagFunctionID&gt;4&lt;/tagFunctionID&gt;&lt;COM_typeName&gt;TSend&lt;/COM_typeName&gt;&lt;FNC_typeName&gt;DefDataTable&lt;/FNC_typeName&gt;&lt;OPC_typeName&gt;FLOAT&lt;/OPC_typeName&gt;&lt;unitID&gt;36&lt;/unitID&gt;&lt;lineID&gt;35&lt;/lineID&gt;&lt;nameDefined&gt;Hi\Lo&lt;/nameDefined&gt;&lt;uomDefinedID&gt;24&lt;/uomDefinedID&gt;&lt;UOMName&gt;MM&lt;/UOMName&gt;&lt;UOMDescription&gt;MILIMETERS&lt;/UOMDescription&gt;&lt;serialNumber&gt;FTW3M16000amk&lt;/serialNumber&gt;&lt;avrg&gt;0.002575&lt;/avrg&gt;&lt;/Row&gt;&lt;Row&gt;&lt;notifRecordID&gt;113190&lt;/notifRecordID&gt;&lt;notifTagID&gt;123&lt;/notifTagID&gt;&lt;notifTagValue&gt;0.006&lt;/notifTagValue&gt;&lt;recordID&gt;113190&lt;/recordID&gt;&lt;notifName&gt;TransCtr&lt;/notifName&gt;&lt;notifDescription&gt;P558_JENOPTIK&lt;/notifDescription&gt;&lt;CreatedBy&gt;SYSTEM&lt;/CreatedBy&gt;&lt;CreatedOn&gt;2016-12-17T04:19:05&lt;/CreatedOn&gt;&lt;ModifiedBy&gt;System&lt;/ModifiedBy&gt;&lt;ModifiedOn&gt;2016-12-17T04:19:07&lt;/ModifiedOn&gt;&lt;tagName&gt;Data_00&lt;/tagName&gt;&lt;tagTypeID&gt;8&lt;/tagTypeID&gt;&lt;tagGroupID&gt;1&lt;/tagGroupID&gt;&lt;tagFunctionID&gt;4&lt;/tagFunctionID&gt;&lt;COM_typeName&gt;TSend&lt;/COM_typeName&gt;&lt;FNC_typeName&gt;DefDataTable&lt;/FNC_typeName&gt;&lt;OPC_typeName&gt;FLOAT&lt;/OPC_typeName&gt;&lt;unitID&gt;36&lt;/unitID&gt;&lt;lineID&gt;35&lt;/lineID&gt;&lt;nameDefined&gt;Hi\Lo&lt;/nameDefined&gt;&lt;uomDefinedID&gt;24&lt;/uomDefinedID&gt;&lt;UOMName&gt;MM&lt;/UOMName&gt;&lt;UOMDescription&gt;MILIMETERS&lt;/UOMDescription&gt;&lt;serialNumber&gt;FTW3M16000amm&lt;/serialNumber&gt;&lt;avrg&gt;0.002575&lt;/avrg&gt;&lt;/Row&gt;&lt;Row&gt;&lt;notifRecordID&gt;113192&lt;/notifRecordID&gt;&lt;notifTagID&gt;123&lt;/notifTagID&gt;&lt;notifTagValue&gt;0.007&lt;/notifTagValue&gt;&lt;recordID&gt;113192&lt;/recordID&gt;&lt;notifName&gt;TransCtr&lt;/notifName&gt;&lt;notifDescription&gt;P558_JENOPTIK&lt;/notifDescription&gt;&lt;CreatedBy&gt;SYSTEM&lt;/CreatedBy&gt;&lt;CreatedOn&gt;2016-12-17T04:20:21&lt;/CreatedOn&gt;&lt;ModifiedBy&gt;System&lt;/ModifiedBy&gt;&lt;ModifiedOn&gt;2016-12-17T04:20:23&lt;/ModifiedOn&gt;&lt;tagName&gt;Data_00&lt;/tagName&gt;&lt;tagTypeID&gt;8&lt;/tagTypeID&gt;&lt;tagGroupID&gt;1&lt;/tagGroupID&gt;&lt;tagFunctionID&gt;4&lt;/tagFunctionID&gt;&lt;COM_typeName&gt;TSend&lt;/COM_typeName&gt;&lt;FNC_typeName&gt;DefDataTable&lt;/FNC_typeName&gt;&lt;OPC_typeName&gt;FLOAT&lt;/OPC_typeName&gt;&lt;unitID&gt;36&lt;/unitID&gt;&lt;lineID&gt;35&lt;/lineID&gt;&lt;nameDefined&gt;Hi\Lo&lt;/nameDefined&gt;&lt;uomDefinedID&gt;24&lt;/uomDefinedID&gt;&lt;UOMName&gt;MM&lt;/UOMName&gt;&lt;UOMDescription&gt;MILIMETERS&lt;/UOMDescription&gt;&lt;serialNumber&gt;FTW2M160006v5&lt;/serialNumber&gt;&lt;avrg&gt;0.002575&lt;/avrg&gt;&lt;/Row&gt;&lt;Row&gt;&lt;notifRecordID&gt;113194&lt;/notifRecordID&gt;&lt;notifTagID&gt;123&lt;/notifTagID&gt;&lt;notifTagValue&gt;0.002&lt;/notifTagValue&gt;&lt;recordID&gt;113194&lt;/recordID&gt;&lt;notifName&gt;TransCtr&lt;/notifName&gt;&lt;notifDescription&gt;P558_JENOPTIK&lt;/notifDescription&gt;&lt;CreatedBy&gt;SYSTEM&lt;/CreatedBy&gt;&lt;CreatedOn&gt;2016-12-17T04:21:43&lt;/CreatedOn&gt;&lt;ModifiedBy&gt;System&lt;/ModifiedBy&gt;&lt;ModifiedOn&gt;2016-12-17T04:21:45&lt;/ModifiedOn&gt;&lt;tagName&gt;Data_00&lt;/tagName&gt;&lt;tagTypeID&gt;8&lt;/tagTypeID&gt;&lt;tagGroupID&gt;1&lt;/tagGroupID&gt;&lt;tagFunctionID&gt;4&lt;/tagFunctionID&gt;&lt;COM_typeName&gt;TSend&lt;/COM_typeName&gt;&lt;FNC_typeName&gt;DefDataTable&lt;/FNC_typeName&gt;&lt;OPC_typeName&gt;FLOAT&lt;/OPC_typeName&gt;&lt;unitID&gt;36&lt;/unitID&gt;&lt;lineID&gt;35&lt;/lineID&gt;&lt;nameDefined&gt;Hi\Lo&lt;/nameDefined&gt;&lt;uomDefinedID&gt;24&lt;/uomDefinedID&gt;&lt;UOMName&gt;MM&lt;/UOMName&gt;&lt;UOMDescription&gt;MILIMETERS&lt;/UOMDescription&gt;&lt;serialNumber&gt;FTW2M160006v6&lt;/serialNumber&gt;&lt;avrg&gt;0.002575&lt;/avrg&gt;&lt;/Row&gt;&lt;Row&gt;&lt;notifRecordID&gt;113196&lt;/notifRecordID&gt;&lt;notifTagID&gt;123&lt;/notifTagID&gt;&lt;notifTagValue&gt;0.003&lt;/notifTagValue&gt;&lt;recordID&gt;113196&lt;/recordID&gt;&lt;notifName&gt;TransCtr&lt;/notifName&gt;&lt;notifDescription&gt;P558_JENOPTIK&lt;/notifDescription&gt;&lt;CreatedBy&gt;SYSTEM&lt;/CreatedBy&gt;&lt;CreatedOn&gt;2016-12-17T04:23:49&lt;/CreatedOn&gt;&lt;ModifiedBy&gt;System&lt;/ModifiedBy&gt;&lt;ModifiedOn&gt;2016-12-17T04:23:51&lt;/ModifiedOn&gt;&lt;tagName&gt;Data_00&lt;/tagName&gt;&lt;tagTypeID&gt;8&lt;/tagTypeID&gt;&lt;tagGroupID&gt;1&lt;/tagGroupID&gt;&lt;tagFunctionID&gt;4&lt;/tagFunctionID&gt;&lt;COM_typeName&gt;TSend&lt;/COM_typeName&gt;&lt;FNC_typeName&gt;DefDataTable&lt;/FNC_typeName&gt;&lt;OPC_typeName&gt;FLOAT&lt;/OPC_typeName&gt;&lt;unitID&gt;36&lt;/unitID&gt;&lt;lineID&gt;35&lt;/lineID&gt;&lt;nameDefined&gt;Hi\Lo&lt;/nameDefined&gt;&lt;uomDefinedID&gt;24&lt;/uomDefinedID&gt;&lt;UOMName&gt;MM&lt;/UOMName&gt;&lt;UOMDescription&gt;MILIMETERS&lt;/UOMDescription&gt;&lt;serialNumber&gt;FTW3M16000amn&lt;/serialNumber&gt;&lt;avrg&gt;0.002575&lt;/avrg&gt;&lt;/Row&gt;&lt;Row&gt;&lt;notifRecordID&gt;113199&lt;/notifRecordID&gt;&lt;notifTagID&gt;123&lt;/notifTagID&gt;&lt;notifTagValue&gt;0.004&lt;/notifTagValue&gt;&lt;recordID&gt;113199&lt;/recordID&gt;&lt;notifName&gt;TransCtr&lt;/notifName&gt;&lt;notifDescription&gt;P558_JENOPTIK&lt;/notifDescription&gt;&lt;CreatedBy&gt;SYSTEM&lt;/CreatedBy&gt;&lt;CreatedOn&gt;2016-12-17T04:25:54&lt;/CreatedOn&gt;&lt;ModifiedBy&gt;System&lt;/ModifiedBy&gt;&lt;ModifiedOn&gt;2016-12-17T04:25:56&lt;/ModifiedOn&gt;&lt;tagName&gt;Data_00&lt;/tagName&gt;&lt;tagTypeID&gt;8&lt;/tagTypeID&gt;&lt;tagGroupID&gt;1&lt;/tagGroupID&gt;&lt;tagFunctionID&gt;4&lt;/tagFunctionID&gt;&lt;COM_typeName&gt;TSend&lt;/COM_typeName&gt;&lt;FNC_typeName&gt;DefDataTable&lt;/FNC_typeName&gt;&lt;OPC_typeName&gt;FLOAT&lt;/OPC_typeName&gt;&lt;unitID&gt;36&lt;/unitID&gt;&lt;lineID&gt;35&lt;/lineID&gt;&lt;nameDefined&gt;Hi\Lo&lt;/nameDefined&gt;&lt;uomDefinedID&gt;24&lt;/uomDefinedID&gt;&lt;UOMName&gt;MM&lt;/UOMName&gt;&lt;UOMDescription&gt;MILIMETERS&lt;/UOMDescription&gt;&lt;serialNumber&gt;FTW2M160006v7&lt;/serialNumber&gt;&lt;avrg&gt;0.002575&lt;/avrg&gt;&lt;/Row&gt;&lt;Row&gt;&lt;notifRecordID&gt;113201&lt;/notifRecordID&gt;&lt;notifTagID&gt;123&lt;/notifTagID&gt;&lt;notifTagValue&gt;0.005&lt;/notifTagValue&gt;&lt;recordID&gt;113201&lt;/recordID&gt;&lt;notifName&gt;TransCtr&lt;/notifName&gt;&lt;notifDescription&gt;P558_JENOPTIK&lt;/notifDescription&gt;&lt;CreatedBy&gt;SYSTEM&lt;/CreatedBy&gt;&lt;CreatedOn&gt;2016-12-17T04:27:31&lt;/CreatedOn&gt;&lt;ModifiedBy&gt;System&lt;/ModifiedBy&gt;&lt;ModifiedOn&gt;2016-12-17T04:27:32&lt;/ModifiedOn&gt;&lt;tagName&gt;Data_00&lt;/tagName&gt;&lt;tagTypeID&gt;8&lt;/tagTypeID&gt;&lt;tagGroupID&gt;1&lt;/tagGroupID&gt;&lt;tagFunctionID&gt;4&lt;/tagFunctionID&gt;&lt;COM_typeName&gt;TSend&lt;/COM_typeName&gt;&lt;FNC_typeName&gt;DefDataTable&lt;/FNC_typeName&gt;&lt;OPC_typeName&gt;FLOAT&lt;/OPC_typeName&gt;&lt;unitID&gt;36&lt;/unitID&gt;&lt;lineID&gt;35&lt;/lineID&gt;&lt;nameDefined&gt;Hi\Lo&lt;/nameDefined&gt;&lt;uomDefinedID&gt;24&lt;/uomDefinedID&gt;&lt;UOMName&gt;MM&lt;/UOMName&gt;&lt;UOMDescription&gt;MILIMETERS&lt;/UOMDescription&gt;&lt;serialNumber&gt;FTW3M16000amp&lt;/serialNumber&gt;&lt;avrg&gt;0.002575&lt;/avrg&gt;&lt;/Row&gt;&lt;Row&gt;&lt;notifRecordID&gt;113203&lt;/notifRecordID&gt;&lt;notifTagID&gt;123&lt;/notifTagID&gt;&lt;notifTagValue&gt;0.006&lt;/notifTagValue&gt;&lt;recordID&gt;113203&lt;/recordID&gt;&lt;notifName&gt;TransCtr&lt;/notifName&gt;&lt;notifDescription&gt;P558_JENOPTIK&lt;/notifDescription&gt;&lt;CreatedBy&gt;SYSTEM&lt;/CreatedBy&gt;&lt;CreatedOn&gt;2016-12-17T04:28:56&lt;/CreatedOn&gt;&lt;ModifiedBy&gt;System&lt;/ModifiedBy&gt;&lt;ModifiedOn&gt;2016-12-17T04:28:58&lt;/ModifiedOn&gt;&lt;tagName&gt;Data_00&lt;/tagName&gt;&lt;tagTypeID&gt;8&lt;/tagTypeID&gt;&lt;tagGroupID&gt;1&lt;/tagGroupID&gt;&lt;tagFunctionID&gt;4&lt;/tagFunctionID&gt;&lt;COM_typeName&gt;TSend&lt;/COM_typeName&gt;&lt;FNC_typeName&gt;DefDataTable&lt;/FNC_typeName&gt;&lt;OPC_typeName&gt;FLOAT&lt;/OPC_typeName&gt;&lt;unitID&gt;36&lt;/unitID&gt;&lt;lineID&gt;35&lt;/lineID&gt;&lt;nameDefined&gt;Hi\Lo&lt;/nameDefined&gt;&lt;uomDefinedID&gt;24&lt;/uomDefinedID&gt;&lt;UOMName&gt;MM&lt;/UOMName&gt;&lt;UOMDescription&gt;MILIMETERS&lt;/UOMDescription&gt;&lt;serialNumber&gt;FTW3M16000amo&lt;/serialNumber&gt;&lt;avrg&gt;0.002575&lt;/avrg&gt;&lt;/Row&gt;&lt;Row&gt;&lt;notifRecordID&gt;113206&lt;/notifRecordID&gt;&lt;notifTagID&gt;123&lt;/notifTagID&gt;&lt;notifTagValue&gt;-0.001&lt;/notifTagValue&gt;&lt;recordID&gt;113206&lt;/recordID&gt;&lt;notifName&gt;TransCtr&lt;/notifName&gt;&lt;notifDescription&gt;P558_JENOPTIK&lt;/notifDescription&gt;&lt;CreatedBy&gt;SYSTEM&lt;/CreatedBy&gt;&lt;CreatedOn&gt;2016-12-17T04:30:38&lt;/CreatedOn&gt;&lt;ModifiedBy&gt;System&lt;/ModifiedBy&gt;&lt;ModifiedOn&gt;2016-12-17T04:30:40&lt;/ModifiedOn&gt;&lt;tagName&gt;Data_00&lt;/tagName&gt;&lt;tagTypeID&gt;8&lt;/tagTypeID&gt;&lt;tagGroupID&gt;1&lt;/tagGroupID&gt;&lt;tagFunctionID&gt;4&lt;/tagFunctionID&gt;&lt;COM_typeName&gt;TSend&lt;/COM_typeName&gt;&lt;FNC_typeName&gt;DefDataTable&lt;/FNC_typeName&gt;&lt;OPC_typeName&gt;FLOAT&lt;/OPC_typeName&gt;&lt;unitID&gt;36&lt;/unitID&gt;&lt;lineID&gt;35&lt;/lineID&gt;&lt;nameDefined&gt;Hi\Lo&lt;/nameDefined&gt;&lt;uomDefinedID&gt;24&lt;/uomDefinedID&gt;&lt;UOMName&gt;MM&lt;/UOMName&gt;&lt;UOMDescription&gt;MILIMETERS&lt;/UOMDescription&gt;&lt;serialNumber&gt;FTW2M160006v8&lt;/serialNumber&gt;&lt;avrg&gt;0.002575&lt;/avrg&gt;&lt;/Row&gt;&lt;Row&gt;&lt;notifRecordID&gt;113223&lt;/notifRecordID&gt;&lt;notifTagID&gt;123&lt;/notifTagID&gt;&lt;notifTagValue&gt;0.003&lt;/notifTagValue&gt;&lt;recordID&gt;113223&lt;/recordID&gt;&lt;notifName&gt;TransCtr&lt;/notifName&gt;&lt;notifDescription&gt;P558_JENOPTIK&lt;/notifDescription&gt;&lt;CreatedBy&gt;SYSTEM&lt;/CreatedBy&gt;&lt;CreatedOn&gt;2016-12-17T05:04:42&lt;/CreatedOn&gt;&lt;ModifiedBy&gt;System&lt;/ModifiedBy&gt;&lt;ModifiedOn&gt;2016-12-17T05:04:44&lt;/ModifiedOn&gt;&lt;tagName&gt;Data_00&lt;/tagName&gt;&lt;tagTypeID&gt;8&lt;/tagTypeID&gt;&lt;tagGroupID&gt;1&lt;/tagGroupID&gt;&lt;tagFunctionID&gt;4&lt;/tagFunctionID&gt;&lt;COM_typeName&gt;TSend&lt;/COM_typeName&gt;&lt;FNC_typeName&gt;DefDataTable&lt;/FNC_typeName&gt;&lt;OPC_typeName&gt;FLOAT&lt;/OPC_typeName&gt;&lt;unitID&gt;36&lt;/unitID&gt;&lt;lineID&gt;35&lt;/lineID&gt;&lt;nameDefined&gt;Hi\Lo&lt;/nameDefined&gt;&lt;uomDefinedID&gt;24&lt;/uomDefinedID&gt;&lt;UOMName&gt;MM&lt;/UOMName&gt;&lt;UOMDescription&gt;MILIMETERS&lt;/UOMDescription&gt;&lt;serialNumber&gt;FTW3M16000amq&lt;/serialNumber&gt;&lt;avrg&gt;0.002575&lt;/avrg&gt;&lt;/Row&gt;&lt;Row&gt;&lt;notifRecordID&gt;113225&lt;/notifRecordID&gt;&lt;notifTagID&gt;123&lt;/notifTagID&gt;&lt;notifTagValue&gt;0.001&lt;/notifTagValue&gt;&lt;recordID&gt;113225&lt;/recordID&gt;&lt;notifName&gt;TransCtr&lt;/notifName&gt;&lt;notifDescription&gt;P558_JENOPTIK&lt;/notifDescription&gt;&lt;CreatedBy&gt;SYSTEM&lt;/CreatedBy&gt;&lt;CreatedOn&gt;2016-12-17T05:06:18&lt;/CreatedOn&gt;&lt;ModifiedBy&gt;System&lt;/ModifiedBy&gt;&lt;ModifiedOn&gt;2016-12-17T05:06:20&lt;/ModifiedOn&gt;&lt;tagName&gt;Data_00&lt;/tagName&gt;&lt;tagTypeID&gt;8&lt;/tagTypeID&gt;&lt;tagGroupID&gt;1&lt;/tagGroupID&gt;&lt;tagFunctionID&gt;4&lt;/tagFunctionID&gt;&lt;COM_typeName&gt;TSend&lt;/COM_typeName&gt;&lt;FNC_typeName&gt;DefDataTable&lt;/FNC_typeName&gt;&lt;OPC_typeName&gt;FLOAT&lt;/OPC_typeName&gt;&lt;unitID&gt;36&lt;/unitID&gt;&lt;lineID&gt;35&lt;/lineID&gt;&lt;nameDefined&gt;Hi\Lo&lt;/nameDefined&gt;&lt;uomDefinedID&gt;24&lt;/uomDefinedID&gt;&lt;UOMName&gt;MM&lt;/UOMName&gt;&lt;UOMDescription&gt;MILIMETERS&lt;/UOMDescription&gt;&lt;serialNumber&gt;FTW2M160006va&lt;/serialNumber&gt;&lt;avrg&gt;0.002575&lt;/avrg&gt;&lt;/Row&gt;&lt;Row&gt;&lt;notifRecordID&gt;113227&lt;/notifRecordID&gt;&lt;notifTagID&gt;123&lt;/notifTagID&gt;&lt;notifTagValue&gt;0.001&lt;/notifTagValue&gt;&lt;recordID&gt;113227&lt;/recordID&gt;&lt;notifName&gt;TransCtr&lt;/notifName&gt;&lt;notifDescription&gt;P558_JENOPTIK&lt;/notifDescription&gt;&lt;CreatedBy&gt;SYSTEM&lt;/CreatedBy&gt;&lt;CreatedOn&gt;2016-12-17T05:07:45&lt;/CreatedOn&gt;&lt;ModifiedBy&gt;System&lt;/ModifiedBy&gt;&lt;ModifiedOn&gt;2016-12-17T05:07:47&lt;/ModifiedOn&gt;&lt;tagName&gt;Data_00&lt;/tagName&gt;&lt;tagTypeID&gt;8&lt;/tagTypeID&gt;&lt;tagGroupID&gt;1&lt;/tagGroupID&gt;&lt;tagFunctionID&gt;4&lt;/tagFunctionID&gt;&lt;COM_typeName&gt;TSend&lt;/COM_typeName&gt;&lt;FNC_typeName&gt;DefDataTable&lt;/FNC_typeName&gt;&lt;OPC_typeName&gt;FLOAT&lt;/OPC_typeName&gt;&lt;unitID&gt;36&lt;/unitID&gt;&lt;lineID&gt;35&lt;/lineID&gt;&lt;nameDefined&gt;Hi\Lo&lt;/nameDefined&gt;&lt;uomDefinedID&gt;24&lt;/uomDefinedID&gt;&lt;UOMName&gt;MM&lt;/UOMName&gt;&lt;UOMDescription&gt;MILIMETERS&lt;/UOMDescription&gt;&lt;serialNumber&gt;FTW3M16000ams&lt;/serialNumber&gt;&lt;avrg&gt;0.002575&lt;/avrg&gt;&lt;/Row&gt;&lt;Row&gt;&lt;notifRecordID&gt;113231&lt;/notifRecordID&gt;&lt;notifTagID&gt;123&lt;/notifTagID&gt;&lt;notifTagValue&gt;0.007&lt;/notifTagValue&gt;&lt;recordID&gt;113231&lt;/recordID&gt;&lt;notifName&gt;TransCtr&lt;/notifName&gt;&lt;notifDescription&gt;P558_JENOPTIK&lt;/notifDescription&gt;&lt;CreatedBy&gt;SYSTEM&lt;/CreatedBy&gt;&lt;CreatedOn&gt;2016-12-17T05:09:31&lt;/CreatedOn&gt;&lt;ModifiedBy&gt;System&lt;/ModifiedBy&gt;&lt;ModifiedOn&gt;2016-12-17T05:09:33&lt;/ModifiedOn&gt;&lt;tagName&gt;Data_00&lt;/tagName&gt;&lt;tagTypeID&gt;8&lt;/tagTypeID&gt;&lt;tagGroupID&gt;1&lt;/tagGroupID&gt;&lt;tagFunctionID&gt;4&lt;/tagFunctionID&gt;&lt;COM_typeName&gt;TSend&lt;/COM_typeName&gt;&lt;FNC_typeName&gt;DefDataTable&lt;/FNC_typeName&gt;&lt;OPC_typeName&gt;FLOAT&lt;/OPC_typeName&gt;&lt;unitID&gt;36&lt;/unitID&gt;&lt;lineID&gt;35&lt;/lineID&gt;&lt;nameDefined&gt;Hi\Lo&lt;/nameDefined&gt;&lt;uomDefinedID&gt;24&lt;/uomDefinedID&gt;&lt;UOMName&gt;MM&lt;/UOMName&gt;&lt;UOMDescription&gt;MILIMETERS&lt;/UOMDescription&gt;&lt;serialNumber&gt;FTW3M16000amr&lt;/serialNumber&gt;&lt;avrg&gt;0.002575&lt;/avrg&gt;&lt;/Row&gt;&lt;Row&gt;&lt;notifRecordID&gt;113233&lt;/notifRecordID&gt;&lt;notifTagID&gt;123&lt;/notifTagID&gt;&lt;notifTagValue&gt;0.005&lt;/notifTagValue&gt;&lt;recordID&gt;113233&lt;/recordID&gt;&lt;notifName&gt;TransCtr&lt;/notifName&gt;&lt;notifDescription&gt;P558_JENOPTIK&lt;/notifDescription&gt;&lt;CreatedBy&gt;SYSTEM&lt;/CreatedBy&gt;&lt;CreatedOn&gt;2016-12-17T05:11:31&lt;/CreatedOn&gt;&lt;ModifiedBy&gt;System&lt;/ModifiedBy&gt;&lt;ModifiedOn&gt;2016-12-17T05:11:33&lt;/ModifiedOn&gt;&lt;tagName&gt;Data_00&lt;/tagName&gt;&lt;tagTypeID&gt;8&lt;/tagTypeID&gt;&lt;tagGroupID&gt;1&lt;/tagGroupID&gt;&lt;tagFunctionID&gt;4&lt;/tagFunctionID&gt;&lt;COM_typeName&gt;TSend&lt;/COM_typeName&gt;&lt;FNC_typeName&gt;DefDataTable&lt;/FNC_typeName&gt;&lt;OPC_typeName&gt;FLOAT&lt;/OPC_typeName&gt;&lt;unitID&gt;36&lt;/unitID&gt;&lt;lineID&gt;35&lt;/lineID&gt;&lt;nameDefined&gt;Hi\Lo&lt;/nameDefined&gt;&lt;uomDefinedID&gt;24&lt;/uomDefinedID&gt;&lt;UOMName&gt;MM&lt;/UOMName&gt;&lt;UOMDescription&gt;MILIMETERS&lt;/UOMDescription&gt;&lt;serialNumber&gt;FTW2M160006vb&lt;/serialNumber&gt;&lt;avrg&gt;0.002575&lt;/avrg&gt;&lt;/Row&gt;&lt;Row&gt;&lt;notifRecordID&gt;113238&lt;/notifRecordID&gt;&lt;notifTagID&gt;123&lt;/notifTagID&gt;&lt;notifTagValue&gt;0.005&lt;/notifTagValue&gt;&lt;recordID&gt;113238&lt;/recordID&gt;&lt;notifName&gt;TransCtr&lt;/notifName&gt;&lt;notifDescription&gt;P558_JENOPTIK&lt;/notifDescription&gt;&lt;CreatedBy&gt;SYSTEM&lt;/CreatedBy&gt;&lt;CreatedOn&gt;2016-12-17T05:15:03&lt;/CreatedOn&gt;&lt;ModifiedBy&gt;System&lt;/ModifiedBy&gt;&lt;ModifiedOn&gt;2016-12-17T05:15:05&lt;/ModifiedOn&gt;&lt;tagName&gt;Data_00&lt;/tagName&gt;&lt;tagTypeID&gt;8&lt;/tagTypeID&gt;&lt;tagGroupID&gt;1&lt;/tagGroupID&gt;&lt;tagFunctionID&gt;4&lt;/tagFunctionID&gt;&lt;COM_typeName&gt;TSend&lt;/COM_typeName&gt;&lt;FNC_typeName&gt;DefDataTable&lt;/FNC_typeName&gt;&lt;OPC_typeName&gt;FLOAT&lt;/OPC_typeName&gt;&lt;unitID&gt;36&lt;/unitID&gt;&lt;lineID&gt;35&lt;/lineID&gt;&lt;nameDefined&gt;Hi\Lo&lt;/nameDefined&gt;&lt;uomDefinedID&gt;24&lt;/uomDefinedID&gt;&lt;UOMName&gt;MM&lt;/UOMName&gt;&lt;UOMDescription&gt;MILIMETERS&lt;/UOMDescription&gt;&lt;serialNumber&gt;FTW3M16000amt&lt;/serialNumber&gt;&lt;avrg&gt;0.002575&lt;/avrg&gt;&lt;/Row&gt;&lt;Row&gt;&lt;notifRecordID&gt;113260&lt;/notifRecordID&gt;&lt;notifTagID&gt;123&lt;/notifTagID&gt;&lt;notifTagValue&gt;0.005&lt;/notifTagValue&gt;&lt;recordID&gt;113260&lt;/recordID&gt;&lt;notifName&gt;TransCtr&lt;/notifName&gt;&lt;notifDescription&gt;P558_JENOPTIK&lt;/notifDescription&gt;&lt;CreatedBy&gt;SYSTEM&lt;/CreatedBy&gt;&lt;CreatedOn&gt;2016-12-17T06:02:10&lt;/CreatedOn&gt;&lt;ModifiedBy&gt;System&lt;/ModifiedBy&gt;&lt;ModifiedOn&gt;2016-12-17T06:02:12&lt;/ModifiedOn&gt;&lt;tagName&gt;Data_00&lt;/tagName&gt;&lt;tagTypeID&gt;8&lt;/tagTypeID&gt;&lt;tagGroupID&gt;1&lt;/tagGroupID&gt;&lt;tagFunctionID&gt;4&lt;/tagFunctionID&gt;&lt;COM_typeName&gt;TSend&lt;/COM_typeName&gt;&lt;FNC_typeName&gt;DefDataTable&lt;/FNC_typeName&gt;&lt;OPC_typeName&gt;FLOAT&lt;/OPC_typeName&gt;&lt;unitID&gt;36&lt;/unitID&gt;&lt;lineID&gt;35&lt;/lineID&gt;&lt;nameDefined&gt;Hi\Lo&lt;/nameDefined&gt;&lt;uomDefinedID&gt;24&lt;/uomDefinedID&gt;&lt;UOMName&gt;MM&lt;/UOMName&gt;&lt;UOMDescription&gt;MILIMETERS&lt;/UOMDescription&gt;&lt;serialNumber&gt;FTW3M16000amu&lt;/serialNumber&gt;&lt;avrg&gt;0.002575&lt;/avrg&gt;&lt;/Row&gt;&lt;Row&gt;&lt;notifRecordID&gt;113267&lt;/notifRecordID&gt;&lt;notifTagID&gt;123&lt;/notifTagID&gt;&lt;notifTagValue&gt;0.004&lt;/notifTagValue&gt;&lt;recordID&gt;113267&lt;/recordID&gt;&lt;notifName&gt;TransCtr&lt;/notifName&gt;&lt;notifDescription&gt;P558_JENOPTIK&lt;/notifDescription&gt;&lt;CreatedBy&gt;SYSTEM&lt;/CreatedBy&gt;&lt;CreatedOn&gt;2016-12-17T06:12:59&lt;/CreatedOn&gt;&lt;ModifiedBy&gt;System&lt;/ModifiedBy&gt;&lt;ModifiedOn&gt;2016-12-17T06:13:01&lt;/ModifiedOn&gt;&lt;tagName&gt;Data_00&lt;/tagName&gt;&lt;tagTypeID&gt;8&lt;/tagTypeID&gt;&lt;tagGroupID&gt;1&lt;/tagGroupID&gt;&lt;tagFunctionID&gt;4&lt;/tagFunctionID&gt;&lt;COM_typeName&gt;TSend&lt;/COM_typeName&gt;&lt;FNC_typeName&gt;DefDataTable&lt;/FNC_typeName&gt;&lt;OPC_typeName&gt;FLOAT&lt;/OPC_typeName&gt;&lt;unitID&gt;36&lt;/unitID&gt;&lt;lineID&gt;35&lt;/lineID&gt;&lt;nameDefined&gt;Hi\Lo&lt;/nameDefined&gt;&lt;uomDefinedID&gt;24&lt;/uomDefinedID&gt;&lt;UOMName&gt;MM&lt;/UOMName&gt;&lt;UOMDescription&gt;MILIMETERS&lt;/UOMDescription&gt;&lt;serialNumber&gt;FTW3M16000amv&lt;/serialNumber&gt;&lt;avrg&gt;0.002575&lt;/avrg&gt;&lt;/Row&gt;&lt;Row&gt;&lt;notifRecordID&gt;113269&lt;/notifRecordID&gt;&lt;notifTagID&gt;123&lt;/notifTagID&gt;&lt;notifTagValue&gt;0.006&lt;/notifTagValue&gt;&lt;recordID&gt;113269&lt;/recordID&gt;&lt;notifName&gt;TransCtr&lt;/notifName&gt;&lt;notifDescription&gt;P558_JENOPTIK&lt;/notifDescription&gt;&lt;CreatedBy&gt;SYSTEM&lt;/CreatedBy&gt;&lt;CreatedOn&gt;2016-12-17T06:15:06&lt;/CreatedOn&gt;&lt;ModifiedBy&gt;System&lt;/ModifiedBy&gt;&lt;ModifiedOn&gt;2016-12-17T06:15:08&lt;/ModifiedOn&gt;&lt;tagName&gt;Data_00&lt;/tagName&gt;&lt;tagTypeID&gt;8&lt;/tagTypeID&gt;&lt;tagGroupID&gt;1&lt;/tagGroupID&gt;&lt;tagFunctionID&gt;4&lt;/tagFunctionID&gt;&lt;COM_typeName&gt;TSend&lt;/COM_typeName&gt;&lt;FNC_typeName&gt;DefDataTable&lt;/FNC_typeName&gt;&lt;OPC_typeName&gt;FLOAT&lt;/OPC_typeName&gt;&lt;unitID&gt;36&lt;/unitID&gt;&lt;lineID&gt;35&lt;/lineID&gt;&lt;nameDefined&gt;Hi\Lo&lt;/nameDefined&gt;&lt;uomDefinedID&gt;24&lt;/uomDefinedID&gt;&lt;UOMName&gt;MM&lt;/UOMName&gt;&lt;UOMDescription&gt;MILIMETERS&lt;/UOMDescription&gt;&lt;serialNumber&gt;FTW3M16000amw&lt;/serialNumber&gt;&lt;avrg&gt;0.002575&lt;/avrg&gt;&lt;/Row&gt;&lt;Row&gt;&lt;notifRecordID&gt;113276&lt;/notifRecordID&gt;&lt;notifTagID&gt;123&lt;/notifTagID&gt;&lt;notifTagValue&gt;0.002&lt;/notifTagValue&gt;&lt;recordID&gt;113276&lt;/recordID&gt;&lt;notifName&gt;TransCtr&lt;/notifName&gt;&lt;notifDescription&gt;P558_JENOPTIK&lt;/notifDescription&gt;&lt;CreatedBy&gt;SYSTEM&lt;/CreatedBy&gt;&lt;CreatedOn&gt;2016-12-17T06:19:49&lt;/CreatedOn&gt;&lt;ModifiedBy&gt;System&lt;/ModifiedBy&gt;&lt;ModifiedOn&gt;2016-12-17T06:19:51&lt;/ModifiedOn&gt;&lt;tagName&gt;Data_00&lt;/tagName&gt;&lt;tagTypeID&gt;8&lt;/tagTypeID&gt;&lt;tagGroupID&gt;1&lt;/tagGroupID&gt;&lt;tagFunctionID&gt;4&lt;/tagFunctionID&gt;&lt;COM_typeName&gt;TSend&lt;/COM_typeName&gt;&lt;FNC_typeName&gt;DefDataTable&lt;/FNC_typeName&gt;&lt;OPC_typeName&gt;FLOAT&lt;/OPC_typeName&gt;&lt;unitID&gt;36&lt;/unitID&gt;&lt;lineID&gt;35&lt;/lineID&gt;&lt;nameDefined&gt;Hi\Lo&lt;/nameDefined&gt;&lt;uomDefinedID&gt;24&lt;/uomDefinedID&gt;&lt;UOMName&gt;MM&lt;/UOMName&gt;&lt;UOMDescription&gt;MILIMETERS&lt;/UOMDescription&gt;&lt;serialNumber&gt;FTW3M16000amx&lt;/serialNumber&gt;&lt;avrg&gt;0.002575&lt;/avrg&gt;&lt;/Row&gt;&lt;Row&gt;&lt;notifRecordID&gt;113279&lt;/notifRecordID&gt;&lt;notifTagID&gt;123&lt;/notifTagID&gt;&lt;notifTagValue&gt;0.0&lt;/notifTagValue&gt;&lt;recordID&gt;113279&lt;/recordID&gt;&lt;notifName&gt;TransCtr&lt;/notifName&gt;&lt;notifDescription&gt;P558_JENOPTIK&lt;/notifDescription&gt;&lt;CreatedBy&gt;SYSTEM&lt;/CreatedBy&gt;&lt;CreatedOn&gt;2016-12-17T06:21:05&lt;/CreatedOn&gt;&lt;ModifiedBy&gt;System&lt;/ModifiedBy&gt;&lt;ModifiedOn&gt;2016-12-17T06:21:07&lt;/ModifiedOn&gt;&lt;tagName&gt;Data_00&lt;/tagName&gt;&lt;tagTypeID&gt;8&lt;/tagTypeID&gt;&lt;tagGroupID&gt;1&lt;/tagGroupID&gt;&lt;tagFunctionID&gt;4&lt;/tagFunctionID&gt;&lt;COM_typeName&gt;TSend&lt;/COM_typeName&gt;&lt;FNC_typeName&gt;DefDataTable&lt;/FNC_typeName&gt;&lt;OPC_typeName&gt;FLOAT&lt;/OPC_typeName&gt;&lt;unitID&gt;36&lt;/unitID&gt;&lt;lineID&gt;35&lt;/lineID&gt;&lt;nameDefined&gt;Hi\Lo&lt;/nameDefined&gt;&lt;uomDefinedID&gt;24&lt;/uomDefinedID&gt;&lt;UOMName&gt;MM&lt;/UOMName&gt;&lt;UOMDescription&gt;MILIMETERS&lt;/UOMDescription&gt;&lt;serialNumber&gt;FTW3M16000amy&lt;/serialNumber&gt;&lt;avrg&gt;0.002575&lt;/avrg&gt;&lt;/Row&gt;&lt;Row&gt;&lt;notifRecordID&gt;113282&lt;/notifRecordID&gt;&lt;notifTagID&gt;123&lt;/notifTagID&gt;&lt;notifTagValue&gt;-0.001&lt;/notifTagValue&gt;&lt;recordID&gt;113282&lt;/recordID&gt;&lt;notifName&gt;TransCtr&lt;/notifName&gt;&lt;notifDescription&gt;P558_JENOPTIK&lt;/notifDescription&gt;&lt;CreatedBy&gt;SYSTEM&lt;/CreatedBy&gt;&lt;CreatedOn&gt;2016-12-17T06:22:28&lt;/CreatedOn&gt;&lt;ModifiedBy&gt;System&lt;/ModifiedBy&gt;&lt;ModifiedOn&gt;2016-12-17T06:22:30&lt;/ModifiedOn&gt;&lt;tagName&gt;Data_00&lt;/tagName&gt;&lt;tagTypeID&gt;8&lt;/tagTypeID&gt;&lt;tagGroupID&gt;1&lt;/tagGroupID&gt;&lt;tagFunctionID&gt;4&lt;/tagFunctionID&gt;&lt;COM_typeName&gt;TSend&lt;/COM_typeName&gt;&lt;FNC_typeName&gt;DefDataTable&lt;/FNC_typeName&gt;&lt;OPC_typeName&gt;FLOAT&lt;/OPC_typeName&gt;&lt;unitID&gt;36&lt;/unitID&gt;&lt;lineID&gt;35&lt;/lineID&gt;&lt;nameDefined&gt;Hi\Lo&lt;/nameDefined&gt;&lt;uomDefinedID&gt;24&lt;/uomDefinedID&gt;&lt;UOMName&gt;MM&lt;/UOMName&gt;&lt;UOMDescription&gt;MILIMETERS&lt;/UOMDescription&gt;&lt;serialNumber&gt;FTW2M160006vd&lt;/serialNumber&gt;&lt;avrg&gt;0.002575&lt;/avrg&gt;&lt;/Row&gt;&lt;Row&gt;&lt;notifRecordID&gt;113291&lt;/notifRecordID&gt;&lt;notifTagID&gt;123&lt;/notifTagID&gt;&lt;notifTagValue&gt;0.006&lt;/notifTagValue&gt;&lt;recordID&gt;113291&lt;/recordID&gt;&lt;notifName&gt;TransCtr&lt;/notifName&gt;&lt;notifDescription&gt;P558_JENOPTIK&lt;/notifDescription&gt;&lt;CreatedBy&gt;SYSTEM&lt;/CreatedBy&gt;&lt;CreatedOn&gt;2016-12-17T06:35:10&lt;/CreatedOn&gt;&lt;ModifiedBy&gt;System&lt;/ModifiedBy&gt;&lt;ModifiedOn&gt;2016-12-17T06:35:12&lt;/ModifiedOn&gt;&lt;tagName&gt;Data_00&lt;/tagName&gt;&lt;tagTypeID&gt;8&lt;/tagTypeID&gt;&lt;tagGroupID&gt;1&lt;/tagGroupID&gt;&lt;tagFunctionID&gt;4&lt;/tagFunctionID&gt;&lt;COM_typeName&gt;TSend&lt;/COM_typeName&gt;&lt;FNC_typeName&gt;DefDataTable&lt;/FNC_typeName&gt;&lt;OPC_typeName&gt;FLOAT&lt;/OPC_typeName&gt;&lt;unitID&gt;36&lt;/unitID&gt;&lt;lineID&gt;35&lt;/lineID&gt;&lt;nameDefined&gt;Hi\Lo&lt;/nameDefined&gt;&lt;uomDefinedID&gt;24&lt;/uomDefinedID&gt;&lt;UOMName&gt;MM&lt;/UOMName&gt;&lt;UOMDescription&gt;MILIMETERS&lt;/UOMDescription&gt;&lt;serialNumber&gt;FTW3M16000amz&lt;/serialNumber&gt;&lt;avrg&gt;0.002575&lt;/avrg&gt;&lt;/Row&gt;&lt;Row&gt;&lt;notifRecordID&gt;113293&lt;/notifRecordID&gt;&lt;notifTagID&gt;123&lt;/notifTagID&gt;&lt;notifTagValue&gt;0.006&lt;/notifTagValue&gt;&lt;recordID&gt;113293&lt;/recordID&gt;&lt;notifName&gt;TransCtr&lt;/notifName&gt;&lt;notifDescription&gt;P558_JENOPTIK&lt;/notifDescription&gt;&lt;CreatedBy&gt;SYSTEM&lt;/CreatedBy&gt;&lt;CreatedOn&gt;2016-12-17T06:36:20&lt;/CreatedOn&gt;&lt;ModifiedBy&gt;System&lt;/ModifiedBy&gt;&lt;ModifiedOn&gt;2016-12-17T06:36:22&lt;/ModifiedOn&gt;&lt;tagName&gt;Data_00&lt;/tagName&gt;&lt;tagTypeID&gt;8&lt;/tagTypeID&gt;&lt;tagGroupID&gt;1&lt;/tagGroupID&gt;&lt;tagFunctionID&gt;4&lt;/tagFunctionID&gt;&lt;COM_typeName&gt;TSend&lt;/COM_typeName&gt;&lt;FNC_typeName&gt;DefDataTable&lt;/FNC_typeName&gt;&lt;OPC_typeName&gt;FLOAT&lt;/OPC_typeName&gt;&lt;unitID&gt;36&lt;/unitID&gt;&lt;lineID&gt;35&lt;/lineID&gt;&lt;nameDefined&gt;Hi\Lo&lt;/nameDefined&gt;&lt;uomDefinedID&gt;24&lt;/uomDefinedID&gt;&lt;UOMName&gt;MM&lt;/UOMName&gt;&lt;UOMDescription&gt;MILIMETERS&lt;/UOMDescription&gt;&lt;serialNumber&gt;FTW2M160006ve&lt;/serialNumber&gt;&lt;avrg&gt;0.002575&lt;/avrg&gt;&lt;/Row&gt;&lt;Row&gt;&lt;notifRecordID&gt;113295&lt;/notifRecordID&gt;&lt;notifTagID&gt;123&lt;/notifTagID&gt;&lt;notifTagValue&gt;0.0&lt;/notifTagValue&gt;&lt;recordID&gt;113295&lt;/recordID&gt;&lt;notifName&gt;TransCtr&lt;/notifName&gt;&lt;notifDescription&gt;P558_JENOPTIK&lt;/notifDescription&gt;&lt;CreatedBy&gt;SYSTEM&lt;/CreatedBy&gt;&lt;CreatedOn&gt;2016-12-17T06:37:43&lt;/CreatedOn&gt;&lt;ModifiedBy&gt;System&lt;/ModifiedBy&gt;&lt;ModifiedOn&gt;2016-12-17T06:37:44&lt;/ModifiedOn&gt;&lt;tagName&gt;Data_00&lt;/tagName&gt;&lt;tagTypeID&gt;8&lt;/tagTypeID&gt;&lt;tagGroupID&gt;1&lt;/tagGroupID&gt;&lt;tagFunctionID&gt;4&lt;/tagFunctionID&gt;&lt;COM_typeName&gt;TSend&lt;/COM_typeName&gt;&lt;FNC_typeName&gt;DefDataTable&lt;/FNC_typeName&gt;&lt;OPC_typeName&gt;FLOAT&lt;/OPC_typeName&gt;&lt;unitID&gt;36&lt;/unitID&gt;&lt;lineID&gt;35&lt;/lineID&gt;&lt;nameDefined&gt;Hi\Lo&lt;/nameDefined&gt;&lt;uomDefinedID&gt;24&lt;/uomDefinedID&gt;&lt;UOMName&gt;MM&lt;/UOMName&gt;&lt;UOMDescription&gt;MILIMETERS&lt;/UOMDescription&gt;&lt;serialNumber&gt;FTW3M16000an1&lt;/serialNumber&gt;&lt;avrg&gt;0.002575&lt;/avrg&gt;&lt;/Row&gt;&lt;Row&gt;&lt;notifRecordID&gt;113297&lt;/notifRecordID&gt;&lt;notifTagID&gt;123&lt;/notifTagID&gt;&lt;notifTagValue&gt;0.002&lt;/notifTagValue&gt;&lt;recordID&gt;113297&lt;/recordID&gt;&lt;notifName&gt;TransCtr&lt;/notifName&gt;&lt;notifDescription&gt;P558_JENOPTIK&lt;/notifDescription&gt;&lt;CreatedBy&gt;SYSTEM&lt;/CreatedBy&gt;&lt;CreatedOn&gt;2016-12-17T06:38:56&lt;/CreatedOn&gt;&lt;ModifiedBy&gt;System&lt;/ModifiedBy&gt;&lt;ModifiedOn&gt;2016-12-17T06:38:58&lt;/ModifiedOn&gt;&lt;tagName&gt;Data_00&lt;/tagName&gt;&lt;tagTypeID&gt;8&lt;/tagTypeID&gt;&lt;tagGroupID&gt;1&lt;/tagGroupID&gt;&lt;tagFunctionID&gt;4&lt;/tagFunctionID&gt;&lt;COM_typeName&gt;TSend&lt;/COM_typeName&gt;&lt;FNC_typeName&gt;DefDataTable&lt;/FNC_typeName&gt;&lt;OPC_typeName&gt;FLOAT&lt;/OPC_typeName&gt;&lt;unitID&gt;36&lt;/unitID&gt;&lt;lineID&gt;35&lt;/lineID&gt;&lt;nameDefined&gt;Hi\Lo&lt;/nameDefined&gt;&lt;uomDefinedID&gt;24&lt;/uomDefinedID&gt;&lt;UOMName&gt;MM&lt;/UOMName&gt;&lt;UOMDescription&gt;MILIMETERS&lt;/UOMDescription&gt;&lt;serialNumber&gt;FTW3M16000an0&lt;/serialNumber&gt;&lt;avrg&gt;0.002575&lt;/avrg&gt;&lt;/Row&gt;&lt;Row&gt;&lt;notifRecordID&gt;113299&lt;/notifRecordID&gt;&lt;notifTagID&gt;123&lt;/notifTagID&gt;&lt;notifTagValue&gt;0.001&lt;/notifTagValue&gt;&lt;recordID&gt;113299&lt;/recordID&gt;&lt;notifName&gt;TransCtr&lt;/notifName&gt;&lt;notifDescription&gt;P558_JENOPTIK&lt;/notifDescription&gt;&lt;CreatedBy&gt;SYSTEM&lt;/CreatedBy&gt;&lt;CreatedOn&gt;2016-12-17T06:40:07&lt;/CreatedOn&gt;&lt;ModifiedBy&gt;System&lt;/ModifiedBy&gt;&lt;ModifiedOn&gt;2016-12-17T06:40:09&lt;/ModifiedOn&gt;&lt;tagName&gt;Data_00&lt;/tagName&gt;&lt;tagTypeID&gt;8&lt;/tagTypeID&gt;&lt;tagGroupID&gt;1&lt;/tagGroupID&gt;&lt;tagFunctionID&gt;4&lt;/tagFunctionID&gt;&lt;COM_typeName&gt;TSend&lt;/COM_typeName&gt;&lt;FNC_typeName&gt;DefDataTable&lt;/FNC_typeName&gt;&lt;OPC_typeName&gt;FLOAT&lt;/OPC_typeName&gt;&lt;unitID&gt;36&lt;/unitID&gt;&lt;lineID&gt;35&lt;/lineID&gt;&lt;nameDefined&gt;Hi\Lo&lt;/nameDefined&gt;&lt;uomDefinedID&gt;24&lt;/uomDefinedID&gt;&lt;UOMName&gt;MM&lt;/UOMName&gt;&lt;UOMDescription&gt;MILIMETERS&lt;/UOMDescription&gt;&lt;serialNumber&gt;FTW2M160006vf&lt;/serialNumber&gt;&lt;avrg&gt;0.002575&lt;/avrg&gt;&lt;/Row&gt;&lt;Row&gt;&lt;notifRecordID&gt;113302&lt;/notifRecordID&gt;&lt;notifTagID&gt;123&lt;/notifTagID&gt;&lt;notifTagValue&gt;0.003&lt;/notifTagValue&gt;&lt;recordID&gt;113302&lt;/recordID&gt;&lt;notifName&gt;TransCtr&lt;/notifName&gt;&lt;notifDescription&gt;P558_JENOPTIK&lt;/notifDescription&gt;&lt;CreatedBy&gt;SYSTEM&lt;/CreatedBy&gt;&lt;CreatedOn&gt;2016-12-17T06:41:21&lt;/CreatedOn&gt;&lt;ModifiedBy&gt;System&lt;/ModifiedBy&gt;&lt;ModifiedOn&gt;2016-12-17T06:41:23&lt;/ModifiedOn&gt;&lt;tagName&gt;Data_00&lt;/tagName&gt;&lt;tagTypeID&gt;8&lt;/tagTypeID&gt;&lt;tagGroupID&gt;1&lt;/tagGroupID&gt;&lt;tagFunctionID&gt;4&lt;/tagFunctionID&gt;&lt;COM_typeName&gt;TSend&lt;/COM_typeName&gt;&lt;FNC_typeName&gt;DefDataTable&lt;/FNC_typeName&gt;&lt;OPC_typeName&gt;FLOAT&lt;/OPC_typeName&gt;&lt;unitID&gt;36&lt;/unitID&gt;&lt;lineID&gt;35&lt;/lineID&gt;&lt;nameDefined&gt;Hi\Lo&lt;/nameDefined&gt;&lt;uomDefinedID&gt;24&lt;/uomDefinedID&gt;&lt;UOMName&gt;MM&lt;/UOMName&gt;&lt;UOMDescription&gt;MILIMETERS&lt;/UOMDescription&gt;&lt;serialNumber&gt;FTW3M16000an2&lt;/serialNumber&gt;&lt;avrg&gt;0.002575&lt;/avrg&gt;&lt;/Row&gt;&lt;Row&gt;&lt;notifRecordID&gt;113304&lt;/notifRecordID&gt;&lt;notifTagID&gt;123&lt;/notifTagID&gt;&lt;notifTagValue&gt;0.006&lt;/notifTagValue&gt;&lt;recordID&gt;113304&lt;/recordID&gt;&lt;notifName&gt;TransCtr&lt;/notifName&gt;&lt;notifDescription&gt;P558_JENOPTIK&lt;/notifDescription&gt;&lt;CreatedBy&gt;SYSTEM&lt;/CreatedBy&gt;&lt;CreatedOn&gt;2016-12-17T06:42:56&lt;/CreatedOn&gt;&lt;ModifiedBy&gt;System&lt;/ModifiedBy&gt;&lt;ModifiedOn&gt;2016-12-17T06:42:58&lt;/ModifiedOn&gt;&lt;tagName&gt;Data_00&lt;/tagName&gt;&lt;tagTypeID&gt;8&lt;/tagTypeID&gt;&lt;tagGroupID&gt;1&lt;/tagGroupID&gt;&lt;tagFunctionID&gt;4&lt;/tagFunctionID&gt;&lt;COM_typeName&gt;TSend&lt;/COM_typeName&gt;&lt;FNC_typeName&gt;DefDataTable&lt;/FNC_typeName&gt;&lt;OPC_typeName&gt;FLOAT&lt;/OPC_typeName&gt;&lt;unitID&gt;36&lt;/unitID&gt;&lt;lineID&gt;35&lt;/lineID&gt;&lt;nameDefined&gt;Hi\Lo&lt;/nameDefined&gt;&lt;uomDefinedID&gt;24&lt;/uomDefinedID&gt;&lt;UOMName&gt;MM&lt;/UOMName&gt;&lt;UOMDescription&gt;MILIMETERS&lt;/UOMDescription&gt;&lt;serialNumber&gt;FTW2M160006vg&lt;/serialNumber&gt;&lt;avrg&gt;0.002575&lt;/avrg&gt;&lt;/Row&gt;&lt;Row&gt;&lt;notifRecordID&gt;113308&lt;/notifRecordID&gt;&lt;notifTagID&gt;123&lt;/notifTagID&gt;&lt;notifTagValue&gt;-0.001&lt;/notifTagValue&gt;&lt;recordID&gt;113308&lt;/recordID&gt;&lt;notifName&gt;TransCtr&lt;/notifName&gt;&lt;notifDescription&gt;P558_JENOPTIK&lt;/notifDescription&gt;&lt;CreatedBy&gt;SYSTEM&lt;/CreatedBy&gt;&lt;CreatedOn&gt;2016-12-17T06:46:37&lt;/CreatedOn&gt;&lt;ModifiedBy&gt;System&lt;/ModifiedBy&gt;&lt;ModifiedOn&gt;2016-12-17T06:46:39&lt;/ModifiedOn&gt;&lt;tagName&gt;Data_00&lt;/tagName&gt;&lt;tagTypeID&gt;8&lt;/tagTypeID&gt;&lt;tagGroupID&gt;1&lt;/tagGroupID&gt;&lt;tagFunctionID&gt;4&lt;/tagFunctionID&gt;&lt;COM_typeName&gt;TSend&lt;/COM_typeName&gt;&lt;FNC_typeName&gt;DefDataTable&lt;/FNC_typeName&gt;&lt;OPC_typeName&gt;FLOAT&lt;/OPC_typeName&gt;&lt;unitID&gt;36&lt;/unitID&gt;&lt;lineID&gt;35&lt;/lineID&gt;&lt;nameDefined&gt;Hi\Lo&lt;/nameDefined&gt;&lt;uomDefinedID&gt;24&lt;/uomDefinedID&gt;&lt;UOMName&gt;MM&lt;/UOMName&gt;&lt;UOMDescription&gt;MILIMETERS&lt;/UOMDescription&gt;&lt;serialNumber&gt;FTW3M16000an3&lt;/serialNumber&gt;&lt;avrg&gt;0.002575&lt;/avrg&gt;&lt;/Row&gt;&lt;Row&gt;&lt;notifRecordID&gt;113311&lt;/notifRecordID&gt;&lt;notifTagID&gt;123&lt;/notifTagID&gt;&lt;notifTagValue&gt;-0.002&lt;/notifTagValue&gt;&lt;recordID&gt;113311&lt;/recordID&gt;&lt;notifName&gt;TransCtr&lt;/notifName&gt;&lt;notifDescription&gt;P558_JENOPTIK&lt;/notifDescription&gt;&lt;CreatedBy&gt;SYSTEM&lt;/CreatedBy&gt;&lt;CreatedOn&gt;2016-12-17T06:47:49&lt;/CreatedOn&gt;&lt;ModifiedBy&gt;System&lt;/ModifiedBy&gt;&lt;ModifiedOn&gt;2016-12-17T06:47:51&lt;/ModifiedOn&gt;&lt;tagName&gt;Data_00&lt;/tagName&gt;&lt;tagTypeID&gt;8&lt;/tagTypeID&gt;&lt;tagGroupID&gt;1&lt;/tagGroupID&gt;&lt;tagFunctionID&gt;4&lt;/tagFunctionID&gt;&lt;COM_typeName&gt;TSend&lt;/COM_typeName&gt;&lt;FNC_typeName&gt;DefDataTable&lt;/FNC_typeName&gt;&lt;OPC_typeName&gt;FLOAT&lt;/OPC_typeName&gt;&lt;unitID&gt;36&lt;/unitID&gt;&lt;lineID&gt;35&lt;/lineID&gt;&lt;nameDefined&gt;Hi\Lo&lt;/nameDefined&gt;&lt;uomDefinedID&gt;24&lt;/uomDefinedID&gt;&lt;UOMName&gt;MM&lt;/UOMName&gt;&lt;UOMDescription&gt;MILIMETERS&lt;/UOMDescription&gt;&lt;serialNumber&gt;FTW3M16000an4&lt;/serialNumber&gt;&lt;avrg&gt;0.002575&lt;/avrg&gt;&lt;/Row&gt;&lt;Row&gt;&lt;notifRecordID&gt;113315&lt;/notifRecordID&gt;&lt;notifTagID&gt;123&lt;/notifTagID&gt;&lt;notifTagValue&gt;-0.006&lt;/notifTagValue&gt;&lt;recordID&gt;113315&lt;/recordID&gt;&lt;notifName&gt;TransCtr&lt;/notifName&gt;&lt;notifDescription&gt;P558_JENOPTIK&lt;/notifDescription&gt;&lt;CreatedBy&gt;SYSTEM&lt;/CreatedBy&gt;&lt;CreatedOn&gt;2016-12-17T06:49:25&lt;/CreatedOn&gt;&lt;ModifiedBy&gt;System&lt;/ModifiedBy&gt;&lt;ModifiedOn&gt;2016-12-17T06:49:27&lt;/ModifiedOn&gt;&lt;tagName&gt;Data_00&lt;/tagName&gt;&lt;tagTypeID&gt;8&lt;/tagTypeID&gt;&lt;tagGroupID&gt;1&lt;/tagGroupID&gt;&lt;tagFunctionID&gt;4&lt;/tagFunctionID&gt;&lt;COM_typeName&gt;TSend&lt;/COM_typeName&gt;&lt;FNC_typeName&gt;DefDataTable&lt;/FNC_typeName&gt;&lt;OPC_typeName&gt;FLOAT&lt;/OPC_typeName&gt;&lt;unitID&gt;36&lt;/unitID&gt;&lt;lineID&gt;35&lt;/lineID&gt;&lt;nameDefined&gt;Hi\Lo&lt;/nameDefined&gt;&lt;uomDefinedID&gt;24&lt;/uomDefinedID&gt;&lt;UOMName&gt;MM&lt;/UOMName&gt;&lt;UOMDescription&gt;MILIMETERS&lt;/UOMDescription&gt;&lt;serialNumber&gt;FTW2M160006vh&lt;/serialNumber&gt;&lt;avrg&gt;0.002575&lt;/avrg&gt;&lt;/Row&gt;&lt;Row&gt;&lt;notifRecordID&gt;113318&lt;/notifRecordID&gt;&lt;notifTagID&gt;123&lt;/notifTagID&gt;&lt;notifTagValue&gt;0.001&lt;/notifTagValue&gt;&lt;recordID&gt;113318&lt;/recordID&gt;&lt;notifName&gt;TransCtr&lt;/notifName&gt;&lt;notifDescription&gt;P558_JENOPTIK&lt;/notifDescription&gt;&lt;CreatedBy&gt;SYSTEM&lt;/CreatedBy&gt;&lt;CreatedOn&gt;2016-12-17T06:54:36&lt;/CreatedOn&gt;&lt;ModifiedBy&gt;System&lt;/ModifiedBy&gt;&lt;ModifiedOn&gt;2016-12-17T06:54:38&lt;/ModifiedOn&gt;&lt;tagName&gt;Data_00&lt;/tagName&gt;&lt;tagTypeID&gt;8&lt;/tagTypeID&gt;&lt;tagGroupID&gt;1&lt;/tagGroupID&gt;&lt;tagFunctionID&gt;4&lt;/tagFunctionID&gt;&lt;COM_typeName&gt;TSend&lt;/COM_typeName&gt;&lt;FNC_typeName&gt;DefDataTable&lt;/FNC_typeName&gt;&lt;OPC_typeName&gt;FLOAT&lt;/OPC_typeName&gt;&lt;unitID&gt;36&lt;/unitID&gt;&lt;lineID&gt;35&lt;/lineID&gt;&lt;nameDefined&gt;Hi\Lo&lt;/nameDefined&gt;&lt;uomDefinedID&gt;24&lt;/uomDefinedID&gt;&lt;UOMName&gt;MM&lt;/UOMName&gt;&lt;UOMDescription&gt;MILIMETERS&lt;/UOMDescription&gt;&lt;serialNumber&gt;FTW3M16000an5&lt;/serialNumber&gt;&lt;avrg&gt;0.002575&lt;/avrg&gt;&lt;/Row&gt;&lt;Row&gt;&lt;notifRecordID&gt;113321&lt;/notifRecordID&gt;&lt;notifTagID&gt;123&lt;/notifTagID&gt;&lt;notifTagValue&gt;0.002&lt;/notifTagValue&gt;&lt;recordID&gt;113321&lt;/recordID&gt;&lt;notifName&gt;TransCtr&lt;/notifName&gt;&lt;notifDescription&gt;P558_JENOPTIK&lt;/notifDescription&gt;&lt;CreatedBy&gt;SYSTEM&lt;/CreatedBy&gt;&lt;CreatedOn&gt;2016-12-17T06:56:27&lt;/CreatedOn&gt;&lt;ModifiedBy&gt;System&lt;/ModifiedBy&gt;&lt;ModifiedOn&gt;2016-12-17T06:56:29&lt;/ModifiedOn&gt;&lt;tagName&gt;Data_00&lt;/tagName&gt;&lt;tagTypeID&gt;8&lt;/tagTypeID&gt;&lt;tagGroupID&gt;1&lt;/tagGroupID&gt;&lt;tagFunctionID&gt;4&lt;/tagFunctionID&gt;&lt;COM_typeName&gt;TSend&lt;/COM_typeName&gt;&lt;FNC_typeName&gt;DefDataTable&lt;/FNC_typeName&gt;&lt;OPC_typeName&gt;FLOAT&lt;/OPC_typeName&gt;&lt;unitID&gt;36&lt;/unitID&gt;&lt;lineID&gt;35&lt;/lineID&gt;&lt;nameDefined&gt;Hi\Lo&lt;/nameDefined&gt;&lt;uomDefinedID&gt;24&lt;/uomDefinedID&gt;&lt;UOMName&gt;MM&lt;/UOMName&gt;&lt;UOMDescription&gt;MILIMETERS&lt;/UOMDescription&gt;&lt;serialNumber&gt;FTW2M160006vi&lt;/serialNumber&gt;&lt;avrg&gt;0.002575&lt;/avrg&gt;&lt;/Row&gt;&lt;Row&gt;&lt;notifRecordID&gt;113323&lt;/notifRecordID&gt;&lt;notifTagID&gt;123&lt;/notifTagID&gt;&lt;notifTagValue&gt;0.002&lt;/notifTagValue&gt;&lt;recordID&gt;113323&lt;/recordID&gt;&lt;notifName&gt;TransCtr&lt;/notifName&gt;&lt;notifDescription&gt;P558_JENOPTIK&lt;/notifDescription&gt;&lt;CreatedBy&gt;SYSTEM&lt;/CreatedBy&gt;&lt;CreatedOn&gt;2016-12-17T06:58:42&lt;/CreatedOn&gt;&lt;ModifiedBy&gt;System&lt;/ModifiedBy&gt;&lt;ModifiedOn&gt;2016-12-17T06:58:44&lt;/ModifiedOn&gt;&lt;tagName&gt;Data_00&lt;/tagName&gt;&lt;tagTypeID&gt;8&lt;/tagTypeID&gt;&lt;tagGroupID&gt;1&lt;/tagGroupID&gt;&lt;tagFunctionID&gt;4&lt;/tagFunctionID&gt;&lt;COM_typeName&gt;TSend&lt;/COM_typeName&gt;&lt;FNC_typeName&gt;DefDataTable&lt;/FNC_typeName&gt;&lt;OPC_typeName&gt;FLOAT&lt;/OPC_typeName&gt;&lt;unitID&gt;36&lt;/unitID&gt;&lt;lineID&gt;35&lt;/lineID&gt;&lt;nameDefined&gt;Hi\Lo&lt;/nameDefined&gt;&lt;uomDefinedID&gt;24&lt;/uomDefinedID&gt;&lt;UOMName&gt;MM&lt;/UOMName&gt;&lt;UOMDescription&gt;MILIMETERS&lt;/UOMDescription&gt;&lt;serialNumber&gt;FTW3M16000amd&lt;/serialNumber&gt;&lt;avrg&gt;0.002575&lt;/avrg&gt;&lt;/Row&gt;&lt;Row&gt;&lt;notifRecordID&gt;113334&lt;/notifRecordID&gt;&lt;notifTagID&gt;123&lt;/notifTagID&gt;&lt;notifTagValue&gt;-0.003&lt;/notifTagValue&gt;&lt;recordID&gt;113334&lt;/recordID&gt;&lt;notifName&gt;TransCtr&lt;/notifName&gt;&lt;notifDescription&gt;P558_JENOPTIK&lt;/notifDescription&gt;&lt;CreatedBy&gt;SYSTEM&lt;/CreatedBy&gt;&lt;CreatedOn&gt;2016-12-17T07:12:16&lt;/CreatedOn&gt;&lt;ModifiedBy&gt;System&lt;/ModifiedBy&gt;&lt;ModifiedOn&gt;2016-12-17T07:12:18&lt;/ModifiedOn&gt;&lt;tagName&gt;Data_00&lt;/tagName&gt;&lt;tagTypeID&gt;8&lt;/tagTypeID&gt;&lt;tagGroupID&gt;1&lt;/tagGroupID&gt;&lt;tagFunctionID&gt;4&lt;/tagFunctionID&gt;&lt;COM_typeName&gt;TSend&lt;/COM_typeName&gt;&lt;FNC_typeName&gt;DefDataTable&lt;/FNC_typeName&gt;&lt;OPC_typeName&gt;FLOAT&lt;/OPC_typeName&gt;&lt;unitID&gt;36&lt;/unitID&gt;&lt;lineID&gt;35&lt;/lineID&gt;&lt;nameDefined&gt;Hi\Lo&lt;/nameDefined&gt;&lt;uomDefinedID&gt;24&lt;/uomDefinedID&gt;&lt;UOMName&gt;MM&lt;/UOMName&gt;&lt;UOMDescription&gt;MILIMETERS&lt;/UOMDescription&gt;&lt;serialNumber&gt;FTW3M16000an7&lt;/serialNumber&gt;&lt;avrg&gt;0.002575&lt;/avrg&gt;&lt;/Row&gt;&lt;Row&gt;&lt;notifRecordID&gt;113339&lt;/notifRecordID&gt;&lt;notifTagID&gt;123&lt;/notifTagID&gt;&lt;notifTagValue&gt;-0.002&lt;/notifTagValue&gt;&lt;recordID&gt;113339&lt;/recordID&gt;&lt;notifName&gt;TransCtr&lt;/notifName&gt;&lt;notifDescription&gt;P558_JENOPTIK&lt;/notifDescription&gt;&lt;CreatedBy&gt;SYSTEM&lt;/CreatedBy&gt;&lt;CreatedOn&gt;2016-12-17T07:17:32&lt;/CreatedOn&gt;&lt;ModifiedBy&gt;System&lt;/ModifiedBy&gt;&lt;ModifiedOn&gt;2016-12-17T07:17:34&lt;/ModifiedOn&gt;&lt;tagName&gt;Data_00&lt;/tagName&gt;&lt;tagTypeID&gt;8&lt;/tagTypeID&gt;&lt;tagGroupID&gt;1&lt;/tagGroupID&gt;&lt;tagFunctionID&gt;4&lt;/tagFunctionID&gt;&lt;COM_typeName&gt;TSend&lt;/COM_typeName&gt;&lt;FNC_typeName&gt;DefDataTable&lt;/FNC_typeName&gt;&lt;OPC_typeName&gt;FLOAT&lt;/OPC_typeName&gt;&lt;unitID&gt;36&lt;/unitID&gt;&lt;lineID&gt;35&lt;/lineID&gt;&lt;nameDefined&gt;Hi\Lo&lt;/nameDefined&gt;&lt;uomDefinedID&gt;24&lt;/uomDefinedID&gt;&lt;UOMName&gt;MM&lt;/UOMName&gt;&lt;UOMDescription&gt;MILIMETERS&lt;/UOMDescription&gt;&lt;serialNumber&gt;FTW3M16000an6&lt;/serialNumber&gt;&lt;avrg&gt;0.002575&lt;/avrg&gt;&lt;/Row&gt;&lt;Row&gt;&lt;notifRecordID&gt;113344&lt;/notifRecordID&gt;&lt;notifTagID&gt;123&lt;/notifTagID&gt;&lt;notifTagValue&gt;-0.002&lt;/notifTagValue&gt;&lt;recordID&gt;113344&lt;/recordID&gt;&lt;notifName&gt;TransCtr&lt;/notifName&gt;&lt;notifDescription&gt;P558_JENOPTIK&lt;/notifDescription&gt;&lt;CreatedBy&gt;SYSTEM&lt;/CreatedBy&gt;&lt;CreatedOn&gt;2016-12-17T07:24:50&lt;/CreatedOn&gt;&lt;ModifiedBy&gt;System&lt;/ModifiedBy&gt;&lt;ModifiedOn&gt;2016-12-17T07:24:52&lt;/ModifiedOn&gt;&lt;tagName&gt;Data_00&lt;/tagName&gt;&lt;tagTypeID&gt;8&lt;/tagTypeID&gt;&lt;tagGroupID&gt;1&lt;/tagGroupID&gt;&lt;tagFunctionID&gt;4&lt;/tagFunctionID&gt;&lt;COM_typeName&gt;TSend&lt;/COM_typeName&gt;&lt;FNC_typeName&gt;DefDataTable&lt;/FNC_typeName&gt;&lt;OPC_typeName&gt;FLOAT&lt;/OPC_typeName&gt;&lt;unitID&gt;36&lt;/unitID&gt;&lt;lineID&gt;35&lt;/lineID&gt;&lt;nameDefined&gt;Hi\Lo&lt;/nameDefined&gt;&lt;uomDefinedID&gt;24&lt;/uomDefinedID&gt;&lt;UOMName&gt;MM&lt;/UOMName&gt;&lt;UOMDescription&gt;MILIMETERS&lt;/UOMDescription&gt;&lt;serialNumber&gt;FTW2M160006vj&lt;/serialNumber&gt;&lt;avrg&gt;0.002575&lt;/avrg&gt;&lt;/Row&gt;&lt;Row&gt;&lt;notifRecordID&gt;113349&lt;/notifRecordID&gt;&lt;notifTagID&gt;123&lt;/notifTagID&gt;&lt;notifTagValue&gt;0.003&lt;/notifTagValue&gt;&lt;recordID&gt;113349&lt;/recordID&gt;&lt;notifName&gt;TransCtr&lt;/notifName&gt;&lt;notifDescription&gt;P558_JENOPTIK&lt;/notifDescription&gt;&lt;CreatedBy&gt;SYSTEM&lt;/CreatedBy&gt;&lt;CreatedOn&gt;2016-12-17T07:35:28&lt;/CreatedOn&gt;&lt;ModifiedBy&gt;System&lt;/ModifiedBy&gt;&lt;ModifiedOn&gt;2016-12-17T07:35:30&lt;/ModifiedOn&gt;&lt;tagName&gt;Data_00&lt;/tagName&gt;&lt;tagTypeID&gt;8&lt;/tagTypeID&gt;&lt;tagGroupID&gt;1&lt;/tagGroupID&gt;&lt;tagFunctionID&gt;4&lt;/tagFunctionID&gt;&lt;COM_typeName&gt;TSend&lt;/COM_typeName&gt;&lt;FNC_typeName&gt;DefDataTable&lt;/FNC_typeName&gt;&lt;OPC_typeName&gt;FLOAT&lt;/OPC_typeName&gt;&lt;unitID&gt;36&lt;/unitID&gt;&lt;lineID&gt;35&lt;/lineID&gt;&lt;nameDefined&gt;Hi\Lo&lt;/nameDefined&gt;&lt;uomDefinedID&gt;24&lt;/uomDefinedID&gt;&lt;UOMName&gt;MM&lt;/UOMName&gt;&lt;UOMDescription&gt;MILIMETERS&lt;/UOMDescription&gt;&lt;serialNumber&gt;FTW3M16000an8&lt;/serialNumber&gt;&lt;avrg&gt;0.002575&lt;/avrg&gt;&lt;/Row&gt;&lt;Row&gt;&lt;notifRecordID&gt;113354&lt;/notifRecordID&gt;&lt;notifTagID&gt;123&lt;/notifTagID&gt;&lt;notifTagValue&gt;0.007&lt;/notifTagValue&gt;&lt;recordID&gt;113354&lt;/recordID&gt;&lt;notifName&gt;TransCtr&lt;/notifName&gt;&lt;notifDescription&gt;P558_JENOPTIK&lt;/notifDescription&gt;&lt;CreatedBy&gt;SYSTEM&lt;/CreatedBy&gt;&lt;CreatedOn&gt;2016-12-17T07:40:21&lt;/CreatedOn&gt;&lt;ModifiedBy&gt;System&lt;/ModifiedBy&gt;&lt;ModifiedOn&gt;2016-12-17T07:40:23&lt;/ModifiedOn&gt;&lt;tagName&gt;Data_00&lt;/tagName&gt;&lt;tagTypeID&gt;8&lt;/tagTypeID&gt;&lt;tagGroupID&gt;1&lt;/tagGroupID&gt;&lt;tagFunctionID&gt;4&lt;/tagFunctionID&gt;&lt;COM_typeName&gt;TSend&lt;/COM_typeName&gt;&lt;FNC_typeName&gt;DefDataTable&lt;/FNC_typeName&gt;&lt;OPC_typeName&gt;FLOAT&lt;/OPC_typeName&gt;&lt;unitID&gt;36&lt;/unitID&gt;&lt;lineID&gt;35&lt;/lineID&gt;&lt;nameDefined&gt;Hi\Lo&lt;/nameDefined&gt;&lt;uomDefinedID&gt;24&lt;/uomDefinedID&gt;&lt;UOMName&gt;MM&lt;/UOMName&gt;&lt;UOMDescription&gt;MILIMETERS&lt;/UOMDescription&gt;&lt;serialNumber&gt;FTW2M160006vk&lt;/serialNumber&gt;&lt;avrg&gt;0.002575&lt;/avrg&gt;&lt;/Row&gt;&lt;Row&gt;&lt;notifRecordID&gt;113364&lt;/notifRecordID&gt;&lt;notifTagID&gt;123&lt;/notifTagID&gt;&lt;notifTagValue&gt;0.005&lt;/notifTagValue&gt;&lt;recordID&gt;113364&lt;/recordID&gt;&lt;notifName&gt;TransCtr&lt;/notifName&gt;&lt;notifDescription&gt;P558_JENOPTIK&lt;/notifDescription&gt;&lt;CreatedBy&gt;SYSTEM&lt;/CreatedBy&gt;&lt;CreatedOn&gt;2016-12-17T07:54:19&lt;/CreatedOn&gt;&lt;ModifiedBy&gt;System&lt;/ModifiedBy&gt;&lt;ModifiedOn&gt;2016-12-17T07:54:21&lt;/ModifiedOn&gt;&lt;tagName&gt;Data_00&lt;/tagName&gt;&lt;tagTypeID&gt;8&lt;/tagTypeID&gt;&lt;tagGroupID&gt;1&lt;/tagGroupID&gt;&lt;tagFunctionID&gt;4&lt;/tagFunctionID&gt;&lt;COM_typeName&gt;TSend&lt;/COM_typeName&gt;&lt;FNC_typeName&gt;DefDataTable&lt;/FNC_typeName&gt;&lt;OPC_typeName&gt;FLOAT&lt;/OPC_typeName&gt;&lt;unitID&gt;36&lt;/unitID&gt;&lt;lineID&gt;35&lt;/lineID&gt;&lt;nameDefined&gt;Hi\Lo&lt;/nameDefined&gt;&lt;uomDefinedID&gt;24&lt;/uomDefinedID&gt;&lt;UOMName&gt;MM&lt;/UOMName&gt;&lt;UOMDescription&gt;MILIMETERS&lt;/UOMDescription&gt;&lt;serialNumber&gt;FTW3M16000an9&lt;/serialNumber&gt;&lt;avrg&gt;0.002575&lt;/avrg&gt;&lt;/Row&gt;&lt;Row&gt;&lt;notifRecordID&gt;113367&lt;/notifRecordID&gt;&lt;notifTagID&gt;123&lt;/notifTagID&gt;&lt;notifTagValue&gt;-0.001&lt;/notifTagValue&gt;&lt;recordID&gt;113367&lt;/recordID&gt;&lt;notifName&gt;TransCtr&lt;/notifName&gt;&lt;notifDescription&gt;P558_JENOPTIK&lt;/notifDescription&gt;&lt;CreatedBy&gt;SYSTEM&lt;/CreatedBy&gt;&lt;CreatedOn&gt;2016-12-17T07:56:10&lt;/CreatedOn&gt;&lt;ModifiedBy&gt;System&lt;/ModifiedBy&gt;&lt;ModifiedOn&gt;2016-12-17T07:56:12&lt;/ModifiedOn&gt;&lt;tagName&gt;Data_00&lt;/tagName&gt;&lt;tagTypeID&gt;8&lt;/tagTypeID&gt;&lt;tagGroupID&gt;1&lt;/tagGroupID&gt;&lt;tagFunctionID&gt;4&lt;/tagFunctionID&gt;&lt;COM_typeName&gt;TSend&lt;/COM_typeName&gt;&lt;FNC_typeName&gt;DefDataTable&lt;/FNC_typeName&gt;&lt;OPC_typeName&gt;FLOAT&lt;/OPC_typeName&gt;&lt;unitID&gt;36&lt;/unitID&gt;&lt;lineID&gt;35&lt;/lineID&gt;&lt;nameDefined&gt;Hi\Lo&lt;/nameDefined&gt;&lt;uomDefinedID&gt;24&lt;/uomDefinedID&gt;&lt;UOMName&gt;MM&lt;/UOMName&gt;&lt;UOMDescription&gt;MILIMETERS&lt;/UOMDescription&gt;&lt;serialNumber&gt;FTW2M160006vl&lt;/serialNumber&gt;&lt;avrg&gt;0.002575&lt;/avrg&gt;&lt;/Row&gt;&lt;Row&gt;&lt;notifRecordID&gt;113372&lt;/notifRecordID&gt;&lt;notifTagID&gt;123&lt;/notifTagID&gt;&lt;notifTagValue&gt;0.004&lt;/notifTagValue&gt;&lt;recordID&gt;113372&lt;/recordID&gt;&lt;notifName&gt;TransCtr&lt;/notifName&gt;&lt;notifDescription&gt;P558_JENOPTIK&lt;/notifDescription&gt;&lt;CreatedBy&gt;SYSTEM&lt;/CreatedBy&gt;&lt;CreatedOn&gt;2016-12-17T08:01:57&lt;/CreatedOn&gt;&lt;ModifiedBy&gt;System&lt;/ModifiedBy&gt;&lt;ModifiedOn&gt;2016-12-17T08:01:58&lt;/ModifiedOn&gt;&lt;tagName&gt;Data_00&lt;/tagName&gt;&lt;tagTypeID&gt;8&lt;/tagTypeID&gt;&lt;tagGroupID&gt;1&lt;/tagGroupID&gt;&lt;tagFunctionID&gt;4&lt;/tagFunctionID&gt;&lt;COM_typeName&gt;TSend&lt;/COM_typeName&gt;&lt;FNC_typeName&gt;DefDataTable&lt;/FNC_typeName&gt;&lt;OPC_typeName&gt;FLOAT&lt;/OPC_typeName&gt;&lt;unitID&gt;36&lt;/unitID&gt;&lt;lineID&gt;35&lt;/lineID&gt;&lt;nameDefined&gt;Hi\Lo&lt;/nameDefined&gt;&lt;uomDefinedID&gt;24&lt;/uomDefinedID&gt;&lt;UOMName&gt;MM&lt;/UOMName&gt;&lt;UOMDescription&gt;MILIMETERS&lt;/UOMDescription&gt;&lt;serialNumber&gt;FTW3M16000anb&lt;/serialNumber&gt;&lt;avrg&gt;0.002575&lt;/avrg&gt;&lt;/Row&gt;&lt;Row&gt;&lt;notifRecordID&gt;113374&lt;/notifRecordID&gt;&lt;notifTagID&gt;123&lt;/notifTagID&gt;&lt;notifTagValue&gt;0.004&lt;/notifTagValue&gt;&lt;recordID&gt;113374&lt;/recordID&gt;&lt;notifName&gt;TransCtr&lt;/notifName&gt;&lt;notifDescription&gt;P558_JENOPTIK&lt;/notifDescription&gt;&lt;CreatedBy&gt;SYSTEM&lt;/CreatedBy&gt;&lt;CreatedOn&gt;2016-12-17T08:03:22&lt;/CreatedOn&gt;&lt;ModifiedBy&gt;System&lt;/ModifiedBy&gt;&lt;ModifiedOn&gt;2016-12-17T08:03:24&lt;/ModifiedOn&gt;&lt;tagName&gt;Data_00&lt;/tagName&gt;&lt;tagTypeID&gt;8&lt;/tagTypeID&gt;&lt;tagGroupID&gt;1&lt;/tagGroupID&gt;&lt;tagFunctionID&gt;4&lt;/tagFunctionID&gt;&lt;COM_typeName&gt;TSend&lt;/COM_typeName&gt;&lt;FNC_typeName&gt;DefDataTable&lt;/FNC_typeName&gt;&lt;OPC_typeName&gt;FLOAT&lt;/OPC_typeName&gt;&lt;unitID&gt;36&lt;/unitID&gt;&lt;lineID&gt;35&lt;/lineID&gt;&lt;nameDefined&gt;Hi\Lo&lt;/nameDefined&gt;&lt;uomDefinedID&gt;24&lt;/uomDefinedID&gt;&lt;UOMName&gt;MM&lt;/UOMName&gt;&lt;UOMDescription&gt;MILIMETERS&lt;/UOMDescription&gt;&lt;serialNumber&gt;FTW2M160006vm&lt;/serialNumber&gt;&lt;avrg&gt;0.002575&lt;/avrg&gt;&lt;/Row&gt;&lt;Row&gt;&lt;notifRecordID&gt;113378&lt;/notifRecordID&gt;&lt;notifTagID&gt;123&lt;/notifTagID&gt;&lt;notifTagValue&gt;-0.008&lt;/notifTagValue&gt;&lt;recordID&gt;113378&lt;/recordID&gt;&lt;notifName&gt;TransCtr&lt;/notifName&gt;&lt;notifDescription&gt;P558_JENOPTIK&lt;/notifDescription&gt;&lt;CreatedBy&gt;SYSTEM&lt;/CreatedBy&gt;&lt;CreatedOn&gt;2016-12-17T08:10:02&lt;/CreatedOn&gt;&lt;ModifiedBy&gt;System&lt;/ModifiedBy&gt;&lt;ModifiedOn&gt;2016-12-17T08:10:04&lt;/ModifiedOn&gt;&lt;tagName&gt;Data_00&lt;/tagName&gt;&lt;tagTypeID&gt;8&lt;/tagTypeID&gt;&lt;tagGroupID&gt;1&lt;/tagGroupID&gt;&lt;tagFunctionID&gt;4&lt;/tagFunctionID&gt;&lt;COM_typeName&gt;TSend&lt;/COM_typeName&gt;&lt;FNC_typeName&gt;DefDataTable&lt;/FNC_typeName&gt;&lt;OPC_typeName&gt;FLOAT&lt;/OPC_typeName&gt;&lt;unitID&gt;36&lt;/unitID&gt;&lt;lineID&gt;35&lt;/lineID&gt;&lt;nameDefined&gt;Hi\Lo&lt;/nameDefined&gt;&lt;uomDefinedID&gt;24&lt;/uomDefinedID&gt;&lt;UOMName&gt;MM&lt;/UOMName&gt;&lt;UOMDescription&gt;MILIMETERS&lt;/UOMDescription&gt;&lt;serialNumber&gt;FTW3M16000ana&lt;/serialNumber&gt;&lt;avrg&gt;0.002575&lt;/avrg&gt;&lt;/Row&gt;&lt;Row&gt;&lt;notifRecordID&gt;113381&lt;/notifRecordID&gt;&lt;notifTagID&gt;123&lt;/notifTagID&gt;&lt;notifTagValue&gt;0.001&lt;/notifTagValue&gt;&lt;recordID&gt;113381&lt;/recordID&gt;&lt;notifName&gt;TransCtr&lt;/notifName&gt;&lt;notifDescription&gt;P558_JENOPTIK&lt;/notifDescription&gt;&lt;CreatedBy&gt;SYSTEM&lt;/CreatedBy&gt;&lt;CreatedOn&gt;2016-12-17T08:11:51&lt;/CreatedOn&gt;&lt;ModifiedBy&gt;System&lt;/ModifiedBy&gt;&lt;ModifiedOn&gt;2016-12-17T08:11:53&lt;/ModifiedOn&gt;&lt;tagName&gt;Data_00&lt;/tagName&gt;&lt;tagTypeID&gt;8&lt;/tagTypeID&gt;&lt;tagGroupID&gt;1&lt;/tagGroupID&gt;&lt;tagFunctionID&gt;4&lt;/tagFunctionID&gt;&lt;COM_typeName&gt;TSend&lt;/COM_typeName&gt;&lt;FNC_typeName&gt;DefDataTable&lt;/FNC_typeName&gt;&lt;OPC_typeName&gt;FLOAT&lt;/OPC_typeName&gt;&lt;unitID&gt;36&lt;/unitID&gt;&lt;lineID&gt;35&lt;/lineID&gt;&lt;nameDefined&gt;Hi\Lo&lt;/nameDefined&gt;&lt;uomDefinedID&gt;24&lt;/uomDefinedID&gt;&lt;UOMName&gt;MM&lt;/UOMName&gt;&lt;UOMDescription&gt;MILIMETERS&lt;/UOMDescription&gt;&lt;serialNumber&gt;FTW2M160006vn&lt;/serialNumber&gt;&lt;avrg&gt;0.002575&lt;/avrg&gt;&lt;/Row&gt;&lt;Row&gt;&lt;notifRecordID&gt;113385&lt;/notifRecordID&gt;&lt;notifTagID&gt;123&lt;/notifTagID&gt;&lt;notifTagValue&gt;0.005&lt;/notifTagValue&gt;&lt;recordID&gt;113385&lt;/recordID&gt;&lt;notifName&gt;TransCtr&lt;/notifName&gt;&lt;notifDescription&gt;P558_JENOPTIK&lt;/notifDescription&gt;&lt;CreatedBy&gt;SYSTEM&lt;/CreatedBy&gt;&lt;CreatedOn&gt;2016-12-17T08:13:41&lt;/CreatedOn&gt;&lt;ModifiedBy&gt;System&lt;/ModifiedBy&gt;&lt;ModifiedOn&gt;2016-12-17T08:13:43&lt;/ModifiedOn&gt;&lt;tagName&gt;Data_00&lt;/tagName&gt;&lt;tagTypeID&gt;8&lt;/tagTypeID&gt;&lt;tagGroupID&gt;1&lt;/tagGroupID&gt;&lt;tagFunctionID&gt;4&lt;/tagFunctionID&gt;&lt;COM_typeName&gt;TSend&lt;/COM_typeName&gt;&lt;FNC_typeName&gt;DefDataTable&lt;/FNC_typeName&gt;&lt;OPC_typeName&gt;FLOAT&lt;/OPC_typeName&gt;&lt;unitID&gt;36&lt;/unitID&gt;&lt;lineID&gt;35&lt;/lineID&gt;&lt;nameDefined&gt;Hi\Lo&lt;/nameDefined&gt;&lt;uomDefinedID&gt;24&lt;/uomDefinedID&gt;&lt;UOMName&gt;MM&lt;/UOMName&gt;&lt;UOMDescription&gt;MILIMETERS&lt;/UOMDescription&gt;&lt;serialNumber&gt;FTW3M16000anc&lt;/serialNumber&gt;&lt;avrg&gt;0.002575&lt;/avrg&gt;&lt;/Row&gt;&lt;Row&gt;&lt;notifRecordID&gt;113388&lt;/notifRecordID&gt;&lt;notifTagID&gt;123&lt;/notifTagID&gt;&lt;notifTagValue&gt;0.002&lt;/notifTagValue&gt;&lt;recordID&gt;113388&lt;/recordID&gt;&lt;notifName&gt;TransCtr&lt;/notifName&gt;&lt;notifDescription&gt;P558_JENOPTIK&lt;/notifDescription&gt;&lt;CreatedBy&gt;SYSTEM&lt;/CreatedBy&gt;&lt;CreatedOn&gt;2016-12-17T08:15:31&lt;/CreatedOn&gt;&lt;ModifiedBy&gt;System&lt;/ModifiedBy&gt;&lt;ModifiedOn&gt;2016-12-17T08:15:33&lt;/ModifiedOn&gt;&lt;tagName&gt;Data_00&lt;/tagName&gt;&lt;tagTypeID&gt;8&lt;/tagTypeID&gt;&lt;tagGroupID&gt;1&lt;/tagGroupID&gt;&lt;tagFunctionID&gt;4&lt;/tagFunctionID&gt;&lt;COM_typeName&gt;TSend&lt;/COM_typeName&gt;&lt;FNC_typeName&gt;DefDataTable&lt;/FNC_typeName&gt;&lt;OPC_typeName&gt;FLOAT&lt;/OPC_typeName&gt;&lt;unitID&gt;36&lt;/unitID&gt;&lt;lineID&gt;35&lt;/lineID&gt;&lt;nameDefined&gt;Hi\Lo&lt;/nameDefined&gt;&lt;uomDefinedID&gt;24&lt;/uomDefinedID&gt;&lt;UOMName&gt;MM&lt;/UOMName&gt;&lt;UOMDescription&gt;MILIMETERS&lt;/UOMDescription&gt;&lt;serialNumber&gt;FTW2M160006vo&lt;/serialNumber&gt;&lt;avrg&gt;0.002575&lt;/avrg&gt;&lt;/Row&gt;&lt;Row&gt;&lt;notifRecordID&gt;113390&lt;/notifRecordID&gt;&lt;notifTagID&gt;123&lt;/notifTagID&gt;&lt;notifTagValue&gt;0.001&lt;/notifTagValue&gt;&lt;recordID&gt;113390&lt;/recordID&gt;&lt;notifName&gt;TransCtr&lt;/notifName&gt;&lt;notifDescription&gt;P558_JENOPTIK&lt;/notifDescription&gt;&lt;CreatedBy&gt;SYSTEM&lt;/CreatedBy&gt;&lt;CreatedOn&gt;2016-12-17T08:19:41&lt;/CreatedOn&gt;&lt;ModifiedBy&gt;System&lt;/ModifiedBy&gt;&lt;ModifiedOn&gt;2016-12-17T08:19:43&lt;/ModifiedOn&gt;&lt;tagName&gt;Data_00&lt;/tagName&gt;&lt;tagTypeID&gt;8&lt;/tagTypeID&gt;&lt;tagGroupID&gt;1&lt;/tagGroupID&gt;&lt;tagFunctionID&gt;4&lt;/tagFunctionID&gt;&lt;COM_typeName&gt;TSend&lt;/COM_typeName&gt;&lt;FNC_typeName&gt;DefDataTable&lt;/FNC_typeName&gt;&lt;OPC_typeName&gt;FLOAT&lt;/OPC_typeName&gt;&lt;unitID&gt;36&lt;/unitID&gt;&lt;lineID&gt;35&lt;/lineID&gt;&lt;nameDefined&gt;Hi\Lo&lt;/nameDefined&gt;&lt;uomDefinedID&gt;24&lt;/uomDefinedID&gt;&lt;UOMName&gt;MM&lt;/UOMName&gt;&lt;UOMDescription&gt;MILIMETERS&lt;/UOMDescription&gt;&lt;serialNumber&gt;FTW3M16000ane&lt;/serialNumber&gt;&lt;avrg&gt;0.002575&lt;/avrg&gt;&lt;/Row&gt;&lt;Row&gt;&lt;notifRecordID&gt;113397&lt;/notifRecordID&gt;&lt;notifTagID&gt;123&lt;/notifTagID&gt;&lt;notifTagValue&gt;-0.002&lt;/notifTagValue&gt;&lt;recordID&gt;113397&lt;/recordID&gt;&lt;notifName&gt;TransCtr&lt;/notifName&gt;&lt;notifDescription&gt;P558_JENOPTIK&lt;/notifDescription&gt;&lt;CreatedBy&gt;SYSTEM&lt;/CreatedBy&gt;&lt;CreatedOn&gt;2016-12-17T08:28:55&lt;/CreatedOn&gt;&lt;ModifiedBy&gt;System&lt;/ModifiedBy&gt;&lt;ModifiedOn&gt;2016-12-17T08:28:57&lt;/ModifiedOn&gt;&lt;tagName&gt;Data_00&lt;/tagName&gt;&lt;tagTypeID&gt;8&lt;/tagTypeID&gt;&lt;tagGroupID&gt;1&lt;/tagGroupID&gt;&lt;tagFunctionID&gt;4&lt;/tagFunctionID&gt;&lt;COM_typeName&gt;TSend&lt;/COM_typeName&gt;&lt;FNC_typeName&gt;DefDataTable&lt;/FNC_typeName&gt;&lt;OPC_typeName&gt;FLOAT&lt;/OPC_typeName&gt;&lt;unitID&gt;36&lt;/unitID&gt;&lt;lineID&gt;35&lt;/lineID&gt;&lt;nameDefined&gt;Hi\Lo&lt;/nameDefined&gt;&lt;uomDefinedID&gt;24&lt;/uomDefinedID&gt;&lt;UOMName&gt;MM&lt;/UOMName&gt;&lt;UOMDescription&gt;MILIMETERS&lt;/UOMDescription&gt;&lt;serialNumber&gt;FTW3M16000and&lt;/serialNumber&gt;&lt;avrg&gt;0.002575&lt;/avrg&gt;&lt;/Row&gt;&lt;Row&gt;&lt;notifRecordID&gt;113401&lt;/notifRecordID&gt;&lt;notifTagID&gt;123&lt;/notifTagID&gt;&lt;notifTagValue&gt;-0.004&lt;/notifTagValue&gt;&lt;recordID&gt;113401&lt;/recordID&gt;&lt;notifName&gt;TransCtr&lt;/notifName&gt;&lt;notifDescription&gt;P558_JENOPTIK&lt;/notifDescription&gt;&lt;CreatedBy&gt;SYSTEM&lt;/CreatedBy&gt;&lt;CreatedOn&gt;2016-12-17T08:36:26&lt;/CreatedOn&gt;&lt;ModifiedBy&gt;System&lt;/ModifiedBy&gt;&lt;ModifiedOn&gt;2016-12-17T08:36:27&lt;/ModifiedOn&gt;&lt;tagName&gt;Data_00&lt;/tagName&gt;&lt;tagTypeID&gt;8&lt;/tagTypeID&gt;&lt;tagGroupID&gt;1&lt;/tagGroupID&gt;&lt;tagFunctionID&gt;4&lt;/tagFunctionID&gt;&lt;COM_typeName&gt;TSend&lt;/COM_typeName&gt;&lt;FNC_typeName&gt;DefDataTable&lt;/FNC_typeName&gt;&lt;OPC_typeName&gt;FLOAT&lt;/OPC_typeName&gt;&lt;unitID&gt;36&lt;/unitID&gt;&lt;lineID&gt;35&lt;/lineID&gt;&lt;nameDefined&gt;Hi\Lo&lt;/nameDefined&gt;&lt;uomDefinedID&gt;24&lt;/uomDefinedID&gt;&lt;UOMName&gt;MM&lt;/UOMName&gt;&lt;UOMDescription&gt;MILIMETERS&lt;/UOMDescription&gt;&lt;serialNumber&gt;FTW2M160006vp&lt;/serialNumber&gt;&lt;avrg&gt;0.002575&lt;/avrg&gt;&lt;/Row&gt;&lt;Row&gt;&lt;notifRecordID&gt;113404&lt;/notifRecordID&gt;&lt;notifTagID&gt;123&lt;/notifTagID&gt;&lt;notifTagValue&gt;0.0&lt;/notifTagValue&gt;&lt;recordID&gt;113404&lt;/recordID&gt;&lt;notifName&gt;TransCtr&lt;/notifName&gt;&lt;notifDescription&gt;P558_JENOPTIK&lt;/notifDescription&gt;&lt;CreatedBy&gt;SYSTEM&lt;/CreatedBy&gt;&lt;CreatedOn&gt;2016-12-17T08:39:31&lt;/CreatedOn&gt;&lt;ModifiedBy&gt;System&lt;/ModifiedBy&gt;&lt;ModifiedOn&gt;2016-12-17T08:39:33&lt;/ModifiedOn&gt;&lt;tagName&gt;Data_00&lt;/tagName&gt;&lt;tagTypeID&gt;8&lt;/tagTypeID&gt;&lt;tagGroupID&gt;1&lt;/tagGroupID&gt;&lt;tagFunctionID&gt;4&lt;/tagFunctionID&gt;&lt;COM_typeName&gt;TSend&lt;/COM_typeName&gt;&lt;FNC_typeName&gt;DefDataTable&lt;/FNC_typeName&gt;&lt;OPC_typeName&gt;FLOAT&lt;/OPC_typeName&gt;&lt;unitID&gt;36&lt;/unitID&gt;&lt;lineID&gt;35&lt;/lineID&gt;&lt;nameDefined&gt;Hi\Lo&lt;/nameDefined&gt;&lt;uomDefinedID&gt;24&lt;/uomDefinedID&gt;&lt;UOMName&gt;MM&lt;/UOMName&gt;&lt;UOMDescription&gt;MILIMETERS&lt;/UOMDescription&gt;&lt;serialNumber&gt;FTW3M16000anf&lt;/serialNumber&gt;&lt;avrg&gt;0.002575&lt;/avrg&gt;&lt;/Row&gt;&lt;Row&gt;&lt;notifRecordID&gt;113409&lt;/notifRecordID&gt;&lt;notifTagID&gt;123&lt;/notifTagID&gt;&lt;notifTagValue&gt;0.004&lt;/notifTagValue&gt;&lt;recordID&gt;113409&lt;/recordID&gt;&lt;notifName&gt;TransCtr&lt;/notifName&gt;&lt;notifDescription&gt;P558_JENOPTIK&lt;/notifDescription&gt;&lt;CreatedBy&gt;SYSTEM&lt;/CreatedBy&gt;&lt;CreatedOn&gt;2016-12-17T08:45:14&lt;/CreatedOn&gt;&lt;ModifiedBy&gt;System&lt;/ModifiedBy&gt;&lt;ModifiedOn&gt;2016-12-17T08:45:16&lt;/ModifiedOn&gt;&lt;tagName&gt;Data_00&lt;/tagName&gt;&lt;tagTypeID&gt;8&lt;/tagTypeID&gt;&lt;tagGroupID&gt;1&lt;/tagGroupID&gt;&lt;tagFunctionID&gt;4&lt;/tagFunctionID&gt;&lt;COM_typeName&gt;TSend&lt;/COM_typeName&gt;&lt;FNC_typeName&gt;DefDataTable&lt;/FNC_typeName&gt;&lt;OPC_typeName&gt;FLOAT&lt;/OPC_typeName&gt;&lt;unitID&gt;36&lt;/unitID&gt;&lt;lineID&gt;35&lt;/lineID&gt;&lt;nameDefined&gt;Hi\Lo&lt;/nameDefined&gt;&lt;uomDefinedID&gt;24&lt;/uomDefinedID&gt;&lt;UOMName&gt;MM&lt;/UOMName&gt;&lt;UOMDescription&gt;MILIMETERS&lt;/UOMDescription&gt;&lt;serialNumber&gt;FTW3M16000ang&lt;/serialNumber&gt;&lt;avrg&gt;0.002575&lt;/avrg&gt;&lt;/Row&gt;&lt;Row&gt;&lt;notifRecordID&gt;113412&lt;/notifRecordID&gt;&lt;notifTagID&gt;123&lt;/notifTagID&gt;&lt;notifTagValue&gt;0.004&lt;/notifTagValue&gt;&lt;recordID&gt;113412&lt;/recordID&gt;&lt;notifName&gt;TransCtr&lt;/notifName&gt;&lt;notifDescription&gt;P558_JENOPTIK&lt;/notifDescription&gt;&lt;CreatedBy&gt;SYSTEM&lt;/CreatedBy&gt;&lt;CreatedOn&gt;2016-12-17T08:47:33&lt;/CreatedOn&gt;&lt;ModifiedBy&gt;System&lt;/ModifiedBy&gt;&lt;ModifiedOn&gt;2016-12-17T08:47:35&lt;/ModifiedOn&gt;&lt;tagName&gt;Data_00&lt;/tagName&gt;&lt;tagTypeID&gt;8&lt;/tagTypeID&gt;&lt;tagGroupID&gt;1&lt;/tagGroupID&gt;&lt;tagFunctionID&gt;4&lt;/tagFunctionID&gt;&lt;COM_typeName&gt;TSend&lt;/COM_typeName&gt;&lt;FNC_typeName&gt;DefDataTable&lt;/FNC_typeName&gt;&lt;OPC_typeName&gt;FLOAT&lt;/OPC_typeName&gt;&lt;unitID&gt;36&lt;/unitID&gt;&lt;lineID&gt;35&lt;/lineID&gt;&lt;nameDefined&gt;Hi\Lo&lt;/nameDefined&gt;&lt;uomDefinedID&gt;24&lt;/uomDefinedID&gt;&lt;UOMName&gt;MM&lt;/UOMName&gt;&lt;UOMDescription&gt;MILIMETERS&lt;/UOMDescription&gt;&lt;serialNumber&gt;FTW3M16000anh&lt;/serialNumber&gt;&lt;avrg&gt;0.002575&lt;/avrg&gt;&lt;/Row&gt;&lt;Row&gt;&lt;notifRecordID&gt;113419&lt;/notifRecordID&gt;&lt;notifTagID&gt;123&lt;/notifTagID&gt;&lt;notifTagValue&gt;0.002&lt;/notifTagValue&gt;&lt;recordID&gt;113419&lt;/recordID&gt;&lt;notifName&gt;TransCtr&lt;/notifName&gt;&lt;notifDescription&gt;P558_JENOPTIK&lt;/notifDescription&gt;&lt;CreatedBy&gt;SYSTEM&lt;/CreatedBy&gt;&lt;CreatedOn&gt;2016-12-17T08:58:10&lt;/CreatedOn&gt;&lt;ModifiedBy&gt;System&lt;/ModifiedBy&gt;&lt;ModifiedOn&gt;2016-12-17T08:58:11&lt;/ModifiedOn&gt;&lt;tagName&gt;Data_00&lt;/tagName&gt;&lt;tagTypeID&gt;8&lt;/tagTypeID&gt;&lt;tagGroupID&gt;1&lt;/tagGroupID&gt;&lt;tagFunctionID&gt;4&lt;/tagFunctionID&gt;&lt;COM_typeName&gt;TSend&lt;/COM_typeName&gt;&lt;FNC_typeName&gt;DefDataTable&lt;/FNC_typeName&gt;&lt;OPC_typeName&gt;FLOAT&lt;/OPC_typeName&gt;&lt;unitID&gt;36&lt;/unitID&gt;&lt;lineID&gt;35&lt;/lineID&gt;&lt;nameDefined&gt;Hi\Lo&lt;/nameDefined&gt;&lt;uomDefinedID&gt;24&lt;/uomDefinedID&gt;&lt;UOMName&gt;MM&lt;/UOMName&gt;&lt;UOMDescription&gt;MILIMETERS&lt;/UOMDescription&gt;&lt;serialNumber&gt;FTW2M160006vq&lt;/serialNumber&gt;&lt;avrg&gt;0.002575&lt;/avrg&gt;&lt;/Row&gt;&lt;Row&gt;&lt;notifRecordID&gt;113432&lt;/notifRecordID&gt;&lt;notifTagID&gt;123&lt;/notifTagID&gt;&lt;notifTagValue&gt;0.005&lt;/notifTagValue&gt;&lt;recordID&gt;113432&lt;/recordID&gt;&lt;notifName&gt;TransCtr&lt;/notifName&gt;&lt;notifDescription&gt;P558_JENOPTIK&lt;/notifDescription&gt;&lt;CreatedBy&gt;SYSTEM&lt;/CreatedBy&gt;&lt;CreatedOn&gt;2016-12-17T09:23:43&lt;/CreatedOn&gt;&lt;ModifiedBy&gt;System&lt;/ModifiedBy&gt;&lt;ModifiedOn&gt;2016-12-17T09:23:45&lt;/ModifiedOn&gt;&lt;tagName&gt;Data_00&lt;/tagName&gt;&lt;tagTypeID&gt;8&lt;/tagTypeID&gt;&lt;tagGroupID&gt;1&lt;/tagGroupID&gt;&lt;tagFunctionID&gt;4&lt;/tagFunctionID&gt;&lt;COM_typeName&gt;TSend&lt;/COM_typeName&gt;&lt;FNC_typeName&gt;DefDataTable&lt;/FNC_typeName&gt;&lt;OPC_typeName&gt;FLOAT&lt;/OPC_typeName&gt;&lt;unitID&gt;36&lt;/unitID&gt;&lt;lineID&gt;35&lt;/lineID&gt;&lt;nameDefined&gt;Hi\Lo&lt;/nameDefined&gt;&lt;uomDefinedID&gt;24&lt;/uomDefinedID&gt;&lt;UOMName&gt;MM&lt;/UOMName&gt;&lt;UOMDescription&gt;MILIMETERS&lt;/UOMDescription&gt;&lt;serialNumber&gt;FTW2M160006vr&lt;/serialNumber&gt;&lt;avrg&gt;0.002575&lt;/avrg&gt;&lt;/Row&gt;&lt;Row&gt;&lt;notifRecordID&gt;113435&lt;/notifRecordID&gt;&lt;notifTagID&gt;123&lt;/notifTagID&gt;&lt;notifTagValue&gt;-0.002&lt;/notifTagValue&gt;&lt;recordID&gt;113435&lt;/recordID&gt;&lt;notifName&gt;TransCtr&lt;/notifName&gt;&lt;notifDescription&gt;P558_JENOPTIK&lt;/notifDescription&gt;&lt;CreatedBy&gt;SYSTEM&lt;/CreatedBy&gt;&lt;CreatedOn&gt;2016-12-17T09:25:26&lt;/CreatedOn&gt;&lt;ModifiedBy&gt;System&lt;/ModifiedBy&gt;&lt;ModifiedOn&gt;2016-12-17T09:25:28&lt;/ModifiedOn&gt;&lt;tagName&gt;Data_00&lt;/tagName&gt;&lt;tagTypeID&gt;8&lt;/tagTypeID&gt;&lt;tagGroupID&gt;1&lt;/tagGroupID&gt;&lt;tagFunctionID&gt;4&lt;/tagFunctionID&gt;&lt;COM_typeName&gt;TSend&lt;/COM_typeName&gt;&lt;FNC_typeName&gt;DefDataTable&lt;/FNC_typeName&gt;&lt;OPC_typeName&gt;FLOAT&lt;/OPC_typeName&gt;&lt;unitID&gt;36&lt;/unitID&gt;&lt;lineID&gt;35&lt;/lineID&gt;&lt;nameDefined&gt;Hi\Lo&lt;/nameDefined&gt;&lt;uomDefinedID&gt;24&lt;/uomDefinedID&gt;&lt;UOMName&gt;MM&lt;/UOMName&gt;&lt;UOMDescription&gt;MILIMETERS&lt;/UOMDescription&gt;&lt;serialNumber&gt;FTW3M16000ani&lt;/serialNumber&gt;&lt;avrg&gt;0.002575&lt;/avrg&gt;&lt;/Row&gt;&lt;Row&gt;&lt;notifRecordID&gt;113437&lt;/notifRecordID&gt;&lt;notifTagID&gt;123&lt;/notifTagID&gt;&lt;notifTagValue&gt;-0.002&lt;/notifTagValue&gt;&lt;recordID&gt;113437&lt;/recordID&gt;&lt;notifName&gt;TransCtr&lt;/notifName&gt;&lt;notifDescription&gt;P558_JENOPTIK&lt;/notifDescription&gt;&lt;CreatedBy&gt;SYSTEM&lt;/CreatedBy&gt;&lt;CreatedOn&gt;2016-12-17T09:27:50&lt;/CreatedOn&gt;&lt;ModifiedBy&gt;System&lt;/ModifiedBy&gt;&lt;ModifiedOn&gt;2016-12-17T09:27:52&lt;/ModifiedOn&gt;&lt;tagName&gt;Data_00&lt;/tagName&gt;&lt;tagTypeID&gt;8&lt;/tagTypeID&gt;&lt;tagGroupID&gt;1&lt;/tagGroupID&gt;&lt;tagFunctionID&gt;4&lt;/tagFunctionID&gt;&lt;COM_typeName&gt;TSend&lt;/COM_typeName&gt;&lt;FNC_typeName&gt;DefDataTable&lt;/FNC_typeName&gt;&lt;OPC_typeName&gt;FLOAT&lt;/OPC_typeName&gt;&lt;unitID&gt;36&lt;/unitID&gt;&lt;lineID&gt;35&lt;/lineID&gt;&lt;nameDefined&gt;Hi\Lo&lt;/nameDefined&gt;&lt;uomDefinedID&gt;24&lt;/uomDefinedID&gt;&lt;UOMName&gt;MM&lt;/UOMName&gt;&lt;UOMDescription&gt;MILIMETERS&lt;/UOMDescription&gt;&lt;serialNumber&gt;FTW3M16000anj&lt;/serialNumber&gt;&lt;avrg&gt;0.002575&lt;/avrg&gt;&lt;/Row&gt;&lt;Row&gt;&lt;notifRecordID&gt;113441&lt;/notifRecordID&gt;&lt;notifTagID&gt;123&lt;/notifTagID&gt;&lt;notifTagValue&gt;0.002&lt;/notifTagValue&gt;&lt;recordID&gt;113441&lt;/recordID&gt;&lt;notifName&gt;TransCtr&lt;/notifName&gt;&lt;notifDescription&gt;P558_JENOPTIK&lt;/notifDescription&gt;&lt;CreatedBy&gt;SYSTEM&lt;/CreatedBy&gt;&lt;CreatedOn&gt;2016-12-17T09:29:54&lt;/CreatedOn&gt;&lt;ModifiedBy&gt;System&lt;/ModifiedBy&gt;&lt;ModifiedOn&gt;2016-12-17T09:29:56&lt;/ModifiedOn&gt;&lt;tagName&gt;Data_00&lt;/tagName&gt;&lt;tagTypeID&gt;8&lt;/tagTypeID&gt;&lt;tagGroupID&gt;1&lt;/tagGroupID&gt;&lt;tagFunctionID&gt;4&lt;/tagFunctionID&gt;&lt;COM_typeName&gt;TSend&lt;/COM_typeName&gt;&lt;FNC_typeName&gt;DefDataTable&lt;/FNC_typeName&gt;&lt;OPC_typeName&gt;FLOAT&lt;/OPC_typeName&gt;&lt;unitID&gt;36&lt;/unitID&gt;&lt;lineID&gt;35&lt;/lineID&gt;&lt;nameDefined&gt;Hi\Lo&lt;/nameDefined&gt;&lt;uomDefinedID&gt;24&lt;/uomDefinedID&gt;&lt;UOMName&gt;MM&lt;/UOMName&gt;&lt;UOMDescription&gt;MILIMETERS&lt;/UOMDescription&gt;&lt;serialNumber&gt;FTW3M16000ank&lt;/serialNumber&gt;&lt;avrg&gt;0.002575&lt;/avrg&gt;&lt;/Row&gt;&lt;Row&gt;&lt;notifRecordID&gt;113445&lt;/notifRecordID&gt;&lt;notifTagID&gt;123&lt;/notifTagID&gt;&lt;notifTagValue&gt;0.0&lt;/notifTagValue&gt;&lt;recordID&gt;113445&lt;/recordID&gt;&lt;notifName&gt;TransCtr&lt;/notifName&gt;&lt;notifDescription&gt;P558_JENOPTIK&lt;/notifDescription&gt;&lt;CreatedBy&gt;SYSTEM&lt;/CreatedBy&gt;&lt;CreatedOn&gt;2016-12-17T09:31:50&lt;/CreatedOn&gt;&lt;ModifiedBy&gt;System&lt;/ModifiedBy&gt;&lt;ModifiedOn&gt;2016-12-17T09:31:52&lt;/ModifiedOn&gt;&lt;tagName&gt;Data_00&lt;/tagName&gt;&lt;tagTypeID&gt;8&lt;/tagTypeID&gt;&lt;tagGroupID&gt;1&lt;/tagGroupID&gt;&lt;tagFunctionID&gt;4&lt;/tagFunctionID&gt;&lt;COM_typeName&gt;TSend&lt;/COM_typeName&gt;&lt;FNC_typeName&gt;DefDataTable&lt;/FNC_typeName&gt;&lt;OPC_typeName&gt;FLOAT&lt;/OPC_typeName&gt;&lt;unitID&gt;36&lt;/unitID&gt;&lt;lineID&gt;35&lt;/lineID&gt;&lt;nameDefined&gt;Hi\Lo&lt;/nameDefined&gt;&lt;uomDefinedID&gt;24&lt;/uomDefinedID&gt;&lt;UOMName&gt;MM&lt;/UOMName&gt;&lt;UOMDescription&gt;MILIMETERS&lt;/UOMDescription&gt;&lt;serialNumber&gt;FTW2M160006vs&lt;/serialNumber&gt;&lt;avrg&gt;0.002575&lt;/avrg&gt;&lt;/Row&gt;&lt;Row&gt;&lt;notifRecordID&gt;113449&lt;/notifRecordID&gt;&lt;notifTagID&gt;123&lt;/notifTagID&gt;&lt;notifTagValue&gt;0.003&lt;/notifTagValue&gt;&lt;recordID&gt;113449&lt;/recordID&gt;&lt;notifName&gt;TransCtr&lt;/notifName&gt;&lt;notifDescription&gt;P558_JENOPTIK&lt;/notifDescription&gt;&lt;CreatedBy&gt;SYSTEM&lt;/CreatedBy&gt;&lt;CreatedOn&gt;2016-12-17T09:37:23&lt;/CreatedOn&gt;&lt;ModifiedBy&gt;System&lt;/ModifiedBy&gt;&lt;ModifiedOn&gt;2016-12-17T09:37:25&lt;/ModifiedOn&gt;&lt;tagName&gt;Data_00&lt;/tagName&gt;&lt;tagTypeID&gt;8&lt;/tagTypeID&gt;&lt;tagGroupID&gt;1&lt;/tagGroupID&gt;&lt;tagFunctionID&gt;4&lt;/tagFunctionID&gt;&lt;COM_typeName&gt;TSend&lt;/COM_typeName&gt;&lt;FNC_typeName&gt;DefDataTable&lt;/FNC_typeName&gt;&lt;OPC_typeName&gt;FLOAT&lt;/OPC_typeName&gt;&lt;unitID&gt;36&lt;/unitID&gt;&lt;lineID&gt;35&lt;/lineID&gt;&lt;nameDefined&gt;Hi\Lo&lt;/nameDefined&gt;&lt;uomDefinedID&gt;24&lt;/uomDefinedID&gt;&lt;UOMName&gt;MM&lt;/UOMName&gt;&lt;UOMDescription&gt;MILIMETERS&lt;/UOMDescription&gt;&lt;serialNumber&gt;FTW2M160006vt&lt;/serialNumber&gt;&lt;avrg&gt;0.002575&lt;/avrg&gt;&lt;/Row&gt;&lt;Row&gt;&lt;notifRecordID&gt;113452&lt;/notifRecordID&gt;&lt;notifTagID&gt;123&lt;/notifTagID&gt;&lt;notifTagValue&gt;0.002&lt;/notifTagValue&gt;&lt;recordID&gt;113452&lt;/recordID&gt;&lt;notifName&gt;TransCtr&lt;/notifName&gt;&lt;notifDescription&gt;P558_JENOPTIK&lt;/notifDescription&gt;&lt;CreatedBy&gt;SYSTEM&lt;/CreatedBy&gt;&lt;CreatedOn&gt;2016-12-17T09:39:11&lt;/CreatedOn&gt;&lt;ModifiedBy&gt;System&lt;/ModifiedBy&gt;&lt;ModifiedOn&gt;2016-12-17T09:39:13&lt;/ModifiedOn&gt;&lt;tagName&gt;Data_00&lt;/tagName&gt;&lt;tagTypeID&gt;8&lt;/tagTypeID&gt;&lt;tagGroupID&gt;1&lt;/tagGroupID&gt;&lt;tagFunctionID&gt;4&lt;/tagFunctionID&gt;&lt;COM_typeName&gt;TSend&lt;/COM_typeName&gt;&lt;FNC_typeName&gt;DefDataTable&lt;/FNC_typeName&gt;&lt;OPC_typeName&gt;FLOAT&lt;/OPC_typeName&gt;&lt;unitID&gt;36&lt;/unitID&gt;&lt;lineID&gt;35&lt;/lineID&gt;&lt;nameDefined&gt;Hi\Lo&lt;/nameDefined&gt;&lt;uomDefinedID&gt;24&lt;/uomDefinedID&gt;&lt;UOMName&gt;MM&lt;/UOMName&gt;&lt;UOMDescription&gt;MILIMETERS&lt;/UOMDescription&gt;&lt;serialNumber&gt;FTW3M16000anl&lt;/serialNumber&gt;&lt;avrg&gt;0.002575&lt;/avrg&gt;&lt;/Row&gt;&lt;Row&gt;&lt;notifRecordID&gt;113454&lt;/notifRecordID&gt;&lt;notifTagID&gt;123&lt;/notifTagID&gt;&lt;notifTagValue&gt;0.0&lt;/notifTagValue&gt;&lt;recordID&gt;113454&lt;/recordID&gt;&lt;notifName&gt;TransCtr&lt;/notifName&gt;&lt;notifDescription&gt;P558_JENOPTIK&lt;/notifDescription&gt;&lt;CreatedBy&gt;SYSTEM&lt;/CreatedBy&gt;&lt;CreatedOn&gt;2016-12-17T09:40:48&lt;/CreatedOn&gt;&lt;ModifiedBy&gt;System&lt;/ModifiedBy&gt;&lt;ModifiedOn&gt;2016-12-17T09:40:50&lt;/ModifiedOn&gt;&lt;tagName&gt;Data_00&lt;/tagName&gt;&lt;tagTypeID&gt;8&lt;/tagTypeID&gt;&lt;tagGroupID&gt;1&lt;/tagGroupID&gt;&lt;tagFunctionID&gt;4&lt;/tagFunctionID&gt;&lt;COM_typeName&gt;TSend&lt;/COM_typeName&gt;&lt;FNC_typeName&gt;DefDataTable&lt;/FNC_typeName&gt;&lt;OPC_typeName&gt;FLOAT&lt;/OPC_typeName&gt;&lt;unitID&gt;36&lt;/unitID&gt;&lt;lineID&gt;35&lt;/lineID&gt;&lt;nameDefined&gt;Hi\Lo&lt;/nameDefined&gt;&lt;uomDefinedID&gt;24&lt;/uomDefinedID&gt;&lt;UOMName&gt;MM&lt;/UOMName&gt;&lt;UOMDescription&gt;MILIMETERS&lt;/UOMDescription&gt;&lt;serialNumber&gt;FTW3M16000anm&lt;/serialNumber&gt;&lt;avrg&gt;0.002575&lt;/avrg&gt;&lt;/Row&gt;&lt;Row&gt;&lt;notifRecordID&gt;113460&lt;/notifRecordID&gt;&lt;notifTagID&gt;123&lt;/notifTagID&gt;&lt;notifTagValue&gt;0.005&lt;/notifTagValue&gt;&lt;recordID&gt;113460&lt;/recordID&gt;&lt;notifName&gt;TransCtr&lt;/notifName&gt;&lt;notifDescription&gt;P558_JENOPTIK&lt;/notifDescription&gt;&lt;CreatedBy&gt;SYSTEM&lt;/CreatedBy&gt;&lt;CreatedOn&gt;2016-12-17T09:49:14&lt;/CreatedOn&gt;&lt;ModifiedBy&gt;System&lt;/ModifiedBy&gt;&lt;ModifiedOn&gt;2016-12-17T09:49:16&lt;/ModifiedOn&gt;&lt;tagName&gt;Data_00&lt;/tagName&gt;&lt;tagTypeID&gt;8&lt;/tagTypeID&gt;&lt;tagGroupID&gt;1&lt;/tagGroupID&gt;&lt;tagFunctionID&gt;4&lt;/tagFunctionID&gt;&lt;COM_typeName&gt;TSend&lt;/COM_typeName&gt;&lt;FNC_typeName&gt;DefDataTable&lt;/FNC_typeName&gt;&lt;OPC_typeName&gt;FLOAT&lt;/OPC_typeName&gt;&lt;unitID&gt;36&lt;/unitID&gt;&lt;lineID&gt;35&lt;/lineID&gt;&lt;nameDefined&gt;Hi\Lo&lt;/nameDefined&gt;&lt;uomDefinedID&gt;24&lt;/uomDefinedID&gt;&lt;UOMName&gt;MM&lt;/UOMName&gt;&lt;UOMDescription&gt;MILIMETERS&lt;/UOMDescription&gt;&lt;serialNumber&gt;FTW2M160006vu&lt;/serialNumber&gt;&lt;avrg&gt;0.002575&lt;/avrg&gt;&lt;/Row&gt;&lt;Row&gt;&lt;notifRecordID&gt;113464&lt;/notifRecordID&gt;&lt;notifTagID&gt;123&lt;/notifTagID&gt;&lt;notifTagValue&gt;0.007&lt;/notifTagValue&gt;&lt;recordID&gt;113464&lt;/recordID&gt;&lt;notifName&gt;TransCtr&lt;/notifName&gt;&lt;notifDescription&gt;P558_JENOPTIK&lt;/notifDescription&gt;&lt;CreatedBy&gt;SYSTEM&lt;/CreatedBy&gt;&lt;CreatedOn&gt;2016-12-17T09:52:04&lt;/CreatedOn&gt;&lt;ModifiedBy&gt;System&lt;/ModifiedBy&gt;&lt;ModifiedOn&gt;2016-12-17T09:52:06&lt;/ModifiedOn&gt;&lt;tagName&gt;Data_00&lt;/tagName&gt;&lt;tagTypeID&gt;8&lt;/tagTypeID&gt;&lt;tagGroupID&gt;1&lt;/tagGroupID&gt;&lt;tagFunctionID&gt;4&lt;/tagFunctionID&gt;&lt;COM_typeName&gt;TSend&lt;/COM_typeName&gt;&lt;FNC_typeName&gt;DefDataTable&lt;/FNC_typeName&gt;&lt;OPC_typeName&gt;FLOAT&lt;/OPC_typeName&gt;&lt;unitID&gt;36&lt;/unitID&gt;&lt;lineID&gt;35&lt;/lineID&gt;&lt;nameDefined&gt;Hi\Lo&lt;/nameDefined&gt;&lt;uomDefinedID&gt;24&lt;/uomDefinedID&gt;&lt;UOMName&gt;MM&lt;/UOMName&gt;&lt;UOMDescription&gt;MILIMETERS&lt;/UOMDescription&gt;&lt;serialNumber&gt;FTW3M16000ann&lt;/serialNumber&gt;&lt;avrg&gt;0.002575&lt;/avrg&gt;&lt;/Row&gt;&lt;Row&gt;&lt;notifRecordID&gt;113468&lt;/notifRecordID&gt;&lt;notifTagID&gt;123&lt;/notifTagID&gt;&lt;notifTagValue&gt;0.002&lt;/notifTagValue&gt;&lt;recordID&gt;113468&lt;/recordID&gt;&lt;notifName&gt;TransCtr&lt;/notifName&gt;&lt;notifDescription&gt;P558_JENOPTIK&lt;/notifDescription&gt;&lt;CreatedBy&gt;SYSTEM&lt;/CreatedBy&gt;&lt;CreatedOn&gt;2016-12-17T09:54:51&lt;/CreatedOn&gt;&lt;ModifiedBy&gt;System&lt;/ModifiedBy&gt;&lt;ModifiedOn&gt;2016-12-17T09:54:53&lt;/ModifiedOn&gt;&lt;tagName&gt;Data_00&lt;/tagName&gt;&lt;tagTypeID&gt;8&lt;/tagTypeID&gt;&lt;tagGroupID&gt;1&lt;/tagGroupID&gt;&lt;tagFunctionID&gt;4&lt;/tagFunctionID&gt;&lt;COM_typeName&gt;TSend&lt;/COM_typeName&gt;&lt;FNC_typeName&gt;DefDataTable&lt;/FNC_typeName&gt;&lt;OPC_typeName&gt;FLOAT&lt;/OPC_typeName&gt;&lt;unitID&gt;36&lt;/unitID&gt;&lt;lineID&gt;35&lt;/lineID&gt;&lt;nameDefined&gt;Hi\Lo&lt;/nameDefined&gt;&lt;uomDefinedID&gt;24&lt;/uomDefinedID&gt;&lt;UOMName&gt;MM&lt;/UOMName&gt;&lt;UOMDescription&gt;MILIMETERS&lt;/UOMDescription&gt;&lt;serialNumber&gt;FTW2M160006vv&lt;/serialNumber&gt;&lt;avrg&gt;0.002575&lt;/avrg&gt;&lt;/Row&gt;&lt;Row&gt;&lt;notifRecordID&gt;113471&lt;/notifRecordID&gt;&lt;notifTagID&gt;123&lt;/notifTagID&gt;&lt;notifTagValue&gt;0.004&lt;/notifTagValue&gt;&lt;recordID&gt;113471&lt;/recordID&gt;&lt;notifName&gt;TransCtr&lt;/notifName&gt;&lt;notifDescription&gt;P558_JENOPTIK&lt;/notifDescription&gt;&lt;CreatedBy&gt;SYSTEM&lt;/CreatedBy&gt;&lt;CreatedOn&gt;2016-12-17T10:00:39&lt;/CreatedOn&gt;&lt;ModifiedBy&gt;System&lt;/ModifiedBy&gt;&lt;ModifiedOn&gt;2016-12-17T10:00:41&lt;/ModifiedOn&gt;&lt;tagName&gt;Data_00&lt;/tagName&gt;&lt;tagTypeID&gt;8&lt;/tagTypeID&gt;&lt;tagGroupID&gt;1&lt;/tagGroupID&gt;&lt;tagFunctionID&gt;4&lt;/tagFunctionID&gt;&lt;COM_typeName&gt;TSend&lt;/COM_typeName&gt;&lt;FNC_typeName&gt;DefDataTable&lt;/FNC_typeName&gt;&lt;OPC_typeName&gt;FLOAT&lt;/OPC_typeName&gt;&lt;unitID&gt;36&lt;/unitID&gt;&lt;lineID&gt;35&lt;/lineID&gt;&lt;nameDefined&gt;Hi\Lo&lt;/nameDefined&gt;&lt;uomDefinedID&gt;24&lt;/uomDefinedID&gt;&lt;UOMName&gt;MM&lt;/UOMName&gt;&lt;UOMDescription&gt;MILIMETERS&lt;/UOMDescription&gt;&lt;serialNumber&gt;FTW3M16000ano&lt;/serialNumber&gt;&lt;avrg&gt;0.002575&lt;/avrg&gt;&lt;/Row&gt;&lt;Row&gt;&lt;notifRecordID&gt;113478&lt;/notifRecordID&gt;&lt;notifTagID&gt;123&lt;/notifTagID&gt;&lt;notifTagValue&gt;0.003&lt;/notifTagValue&gt;&lt;recordID&gt;113478&lt;/recordID&gt;&lt;notifName&gt;TransCtr&lt;/notifName&gt;&lt;notifDescription&gt;P558_JENOPTIK&lt;/notifDescription&gt;&lt;CreatedBy&gt;SYSTEM&lt;/CreatedBy&gt;&lt;CreatedOn&gt;2016-12-17T10:09:24&lt;/CreatedOn&gt;&lt;ModifiedBy&gt;System&lt;/ModifiedBy&gt;&lt;ModifiedOn&gt;2016-12-17T10:09:26&lt;/ModifiedOn&gt;&lt;tagName&gt;Data_00&lt;/tagName&gt;&lt;tagTypeID&gt;8&lt;/tagTypeID&gt;&lt;tagGroupID&gt;1&lt;/tagGroupID&gt;&lt;tagFunctionID&gt;4&lt;/tagFunctionID&gt;&lt;COM_typeName&gt;TSend&lt;/COM_typeName&gt;&lt;FNC_typeName&gt;DefDataTable&lt;/FNC_typeName&gt;&lt;OPC_typeName&gt;FLOAT&lt;/OPC_typeName&gt;&lt;unitID&gt;36&lt;/unitID&gt;&lt;lineID&gt;35&lt;/lineID&gt;&lt;nameDefined&gt;Hi\Lo&lt;/nameDefined&gt;&lt;uomDefinedID&gt;24&lt;/uomDefinedID&gt;&lt;UOMName&gt;MM&lt;/UOMName&gt;&lt;UOMDescription&gt;MILIMETERS&lt;/UOMDescription&gt;&lt;serialNumber&gt;FTW3M16000anp&lt;/serialNumber&gt;&lt;avrg&gt;0.002575&lt;/avrg&gt;&lt;/Row&gt;&lt;Row&gt;&lt;notifRecordID&gt;113486&lt;/notifRecordID&gt;&lt;notifTagID&gt;123&lt;/notifTagID&gt;&lt;notifTagValue&gt;-0.002&lt;/notifTagValue&gt;&lt;recordID&gt;113486&lt;/recordID&gt;&lt;notifName&gt;TransCtr&lt;/notifName&gt;&lt;notifDescription&gt;P558_JENOPTIK&lt;/notifDescription&gt;&lt;CreatedBy&gt;SYSTEM&lt;/CreatedBy&gt;&lt;CreatedOn&gt;2016-12-17T10:19:00&lt;/CreatedOn&gt;&lt;ModifiedBy&gt;System&lt;/ModifiedBy&gt;&lt;ModifiedOn&gt;2016-12-17T10:19:02&lt;/ModifiedOn&gt;&lt;tagName&gt;Data_00&lt;/tagName&gt;&lt;tagTypeID&gt;8&lt;/tagTypeID&gt;&lt;tagGroupID&gt;1&lt;/tagGroupID&gt;&lt;tagFunctionID&gt;4&lt;/tagFunctionID&gt;&lt;COM_typeName&gt;TSend&lt;/COM_typeName&gt;&lt;FNC_typeName&gt;DefDataTable&lt;/FNC_typeName&gt;&lt;OPC_typeName&gt;FLOAT&lt;/OPC_typeName&gt;&lt;unitID&gt;36&lt;/unitID&gt;&lt;lineID&gt;35&lt;/lineID&gt;&lt;nameDefined&gt;Hi\Lo&lt;/nameDefined&gt;&lt;uomDefinedID&gt;24&lt;/uomDefinedID&gt;&lt;UOMName&gt;MM&lt;/UOMName&gt;&lt;UOMDescription&gt;MILIMETERS&lt;/UOMDescription&gt;&lt;serialNumber&gt;FTW2M160006vw&lt;/serialNumber&gt;&lt;avrg&gt;0.002575&lt;/avrg&gt;&lt;/Row&gt;&lt;Row&gt;&lt;notifRecordID&gt;113490&lt;/notifRecordID&gt;&lt;notifTagID&gt;123&lt;/notifTagID&gt;&lt;notifTagValue&gt;-0.003&lt;/notifTagValue&gt;&lt;recordID&gt;113490&lt;/recordID&gt;&lt;notifName&gt;TransCtr&lt;/notifName&gt;&lt;notifDescription&gt;P558_JENOPTIK&lt;/notifDescription&gt;&lt;CreatedBy&gt;SYSTEM&lt;/CreatedBy&gt;&lt;CreatedOn&gt;2016-12-17T10:22:32&lt;/CreatedOn&gt;&lt;ModifiedBy&gt;System&lt;/ModifiedBy&gt;&lt;ModifiedOn&gt;2016-12-17T10:22:34&lt;/ModifiedOn&gt;&lt;tagName&gt;Data_00&lt;/tagName&gt;&lt;tagTypeID&gt;8&lt;/tagTypeID&gt;&lt;tagGroupID&gt;1&lt;/tagGroupID&gt;&lt;tagFunctionID&gt;4&lt;/tagFunctionID&gt;&lt;COM_typeName&gt;TSend&lt;/COM_typeName&gt;&lt;FNC_typeName&gt;DefDataTable&lt;/FNC_typeName&gt;&lt;OPC_typeName&gt;FLOAT&lt;/OPC_typeName&gt;&lt;unitID&gt;36&lt;/unitID&gt;&lt;lineID&gt;35&lt;/lineID&gt;&lt;nameDefined&gt;Hi\Lo&lt;/nameDefined&gt;&lt;uomDefinedID&gt;24&lt;/uomDefinedID&gt;&lt;UOMName&gt;MM&lt;/UOMName&gt;&lt;UOMDescription&gt;MILIMETERS&lt;/UOMDescription&gt;&lt;serialNumber&gt;FTW2M160006vx&lt;/serialNumber&gt;&lt;avrg&gt;0.002575&lt;/avrg&gt;&lt;/Row&gt;&lt;Row&gt;&lt;notifRecordID&gt;113493&lt;/notifRecordID&gt;&lt;notifTagID&gt;123&lt;/notifTagID&gt;&lt;notifTagValue&gt;0.009&lt;/notifTagValue&gt;&lt;recordID&gt;113493&lt;/recordID&gt;&lt;notifName&gt;TransCtr&lt;/notifName&gt;&lt;notifDescription&gt;P558_JENOPTIK&lt;/notifDescription&gt;&lt;CreatedBy&gt;SYSTEM&lt;/CreatedBy&gt;&lt;CreatedOn&gt;2016-12-17T10:24:23&lt;/CreatedOn&gt;&lt;ModifiedBy&gt;System&lt;/ModifiedBy&gt;&lt;ModifiedOn&gt;2016-12-17T10:24:25&lt;/ModifiedOn&gt;&lt;tagName&gt;Data_00&lt;/tagName&gt;&lt;tagTypeID&gt;8&lt;/tagTypeID&gt;&lt;tagGroupID&gt;1&lt;/tagGroupID&gt;&lt;tagFunctionID&gt;4&lt;/tagFunctionID&gt;&lt;COM_typeName&gt;TSend&lt;/COM_typeName&gt;&lt;FNC_typeName&gt;DefDataTable&lt;/FNC_typeName&gt;&lt;OPC_typeName&gt;FLOAT&lt;/OPC_typeName&gt;&lt;unitID&gt;36&lt;/unitID&gt;&lt;lineID&gt;35&lt;/lineID&gt;&lt;nameDefined&gt;Hi\Lo&lt;/nameDefined&gt;&lt;uomDefinedID&gt;24&lt;/uomDefinedID&gt;&lt;UOMName&gt;MM&lt;/UOMName&gt;&lt;UOMDescription&gt;MILIMETERS&lt;/UOMDescription&gt;&lt;serialNumber&gt;FTW3M16000anq&lt;/serialNumber&gt;&lt;avrg&gt;0.002575&lt;/avrg&gt;&lt;/Row&gt;&lt;Row&gt;&lt;notifRecordID&gt;113497&lt;/notifRecordID&gt;&lt;notifTagID&gt;123&lt;/notifTagID&gt;&lt;notifTagValue&gt;-0.002&lt;/notifTagValue&gt;&lt;recordID&gt;113497&lt;/recordID&gt;&lt;notifName&gt;TransCtr&lt;/notifName&gt;&lt;notifDescription&gt;P558_JENOPTIK&lt;/notifDescription&gt;&lt;CreatedBy&gt;SYSTEM&lt;/CreatedBy&gt;&lt;CreatedOn&gt;2016-12-17T10:29:27&lt;/CreatedOn&gt;&lt;ModifiedBy&gt;System&lt;/ModifiedBy&gt;&lt;ModifiedOn&gt;2016-12-17T10:29:29&lt;/ModifiedOn&gt;&lt;tagName&gt;Data_00&lt;/tagName&gt;&lt;tagTypeID&gt;8&lt;/tagTypeID&gt;&lt;tagGroupID&gt;1&lt;/tagGroupID&gt;&lt;tagFunctionID&gt;4&lt;/tagFunctionID&gt;&lt;COM_typeName&gt;TSend&lt;/COM_typeName&gt;&lt;FNC_typeName&gt;DefDataTable&lt;/FNC_typeName&gt;&lt;OPC_typeName&gt;FLOAT&lt;/OPC_typeName&gt;&lt;unitID&gt;36&lt;/unitID&gt;&lt;lineID&gt;35&lt;/lineID&gt;&lt;nameDefined&gt;Hi\Lo&lt;/nameDefined&gt;&lt;uomDefinedID&gt;24&lt;/uomDefinedID&gt;&lt;UOMName&gt;MM&lt;/UOMName&gt;&lt;UOMDescription&gt;MILIMETERS&lt;/UOMDescription&gt;&lt;serialNumber&gt;FTW3M16000anr&lt;/serialNumber&gt;&lt;avrg&gt;0.002575&lt;/avrg&gt;&lt;/Row&gt;&lt;Row&gt;&lt;notifRecordID&gt;113501&lt;/notifRecordID&gt;&lt;notifTagID&gt;123&lt;/notifTagID&gt;&lt;notifTagValue&gt;0.002&lt;/notifTagValue&gt;&lt;recordID&gt;113501&lt;/recordID&gt;&lt;notifName&gt;TransCtr&lt;/notifName&gt;&lt;notifDescription&gt;P558_JENOPTIK&lt;/notifDescription&gt;&lt;CreatedBy&gt;SYSTEM&lt;/CreatedBy&gt;&lt;CreatedOn&gt;2016-12-17T10:33:35&lt;/CreatedOn&gt;&lt;ModifiedBy&gt;System&lt;/ModifiedBy&gt;&lt;ModifiedOn&gt;2016-12-17T10:33:37&lt;/ModifiedOn&gt;&lt;tagName&gt;Data_00&lt;/tagName&gt;&lt;tagTypeID&gt;8&lt;/tagTypeID&gt;&lt;tagGroupID&gt;1&lt;/tagGroupID&gt;&lt;tagFunctionID&gt;4&lt;/tagFunctionID&gt;&lt;COM_typeName&gt;TSend&lt;/COM_typeName&gt;&lt;FNC_typeName&gt;DefDataTable&lt;/FNC_typeName&gt;&lt;OPC_typeName&gt;FLOAT&lt;/OPC_typeName&gt;&lt;unitID&gt;36&lt;/unitID&gt;&lt;lineID&gt;35&lt;/lineID&gt;&lt;nameDefined&gt;Hi\Lo&lt;/nameDefined&gt;&lt;uomDefinedID&gt;24&lt;/uomDefinedID&gt;&lt;UOMName&gt;MM&lt;/UOMName&gt;&lt;UOMDescription&gt;MILIMETERS&lt;/UOMDescription&gt;&lt;serialNumber&gt;FTW3M16000ans&lt;/serialNumber&gt;&lt;avrg&gt;0.002575&lt;/avrg&gt;&lt;/Row&gt;&lt;Row&gt;&lt;notifRecordID&gt;113506&lt;/notifRecordID&gt;&lt;notifTagID&gt;123&lt;/notifTagID&gt;&lt;notifTagValue&gt;0.004&lt;/notifTagValue&gt;&lt;recordID&gt;113506&lt;/recordID&gt;&lt;notifName&gt;TransCtr&lt;/notifName&gt;&lt;notifDescription&gt;P558_JENOPTIK&lt;/notifDescription&gt;&lt;CreatedBy&gt;SYSTEM&lt;/CreatedBy&gt;&lt;CreatedOn&gt;2016-12-17T10:42:20&lt;/CreatedOn&gt;&lt;ModifiedBy&gt;System&lt;/ModifiedBy&gt;&lt;ModifiedOn&gt;2016-12-17T10:42:21&lt;/ModifiedOn&gt;&lt;tagName&gt;Data_00&lt;/tagName&gt;&lt;tagTypeID&gt;8&lt;/tagTypeID&gt;&lt;tagGroupID&gt;1&lt;/tagGroupID&gt;&lt;tagFunctionID&gt;4&lt;/tagFunctionID&gt;&lt;COM_typeName&gt;TSend&lt;/COM_typeName&gt;&lt;FNC_typeName&gt;DefDataTable&lt;/FNC_typeName&gt;&lt;OPC_typeName&gt;FLOAT&lt;/OPC_typeName&gt;&lt;unitID&gt;36&lt;/unitID&gt;&lt;lineID&gt;35&lt;/lineID&gt;&lt;nameDefined&gt;Hi\Lo&lt;/nameDefined&gt;&lt;uomDefinedID&gt;24&lt;/uomDefinedID&gt;&lt;UOMName&gt;MM&lt;/UOMName&gt;&lt;UOMDescription&gt;MILIMETERS&lt;/UOMDescription&gt;&lt;serialNumber&gt;FTW2M160006vy&lt;/serialNumber&gt;&lt;avrg&gt;0.002575&lt;/avrg&gt;&lt;/Row&gt;&lt;Row&gt;&lt;notifRecordID&gt;113512&lt;/notifRecordID&gt;&lt;notifTagID&gt;123&lt;/notifTagID&gt;&lt;notifTagValue&gt;-0.012&lt;/notifTagValue&gt;&lt;recordID&gt;113512&lt;/recordID&gt;&lt;notifName&gt;TransCtr&lt;/notifName&gt;&lt;notifDescription&gt;P558_JENOPTIK&lt;/notifDescription&gt;&lt;CreatedBy&gt;SYSTEM&lt;/CreatedBy&gt;&lt;CreatedOn&gt;2016-12-17T10:48:51&lt;/CreatedOn&gt;&lt;ModifiedBy&gt;System&lt;/ModifiedBy&gt;&lt;ModifiedOn&gt;2016-12-17T10:48:53&lt;/ModifiedOn&gt;&lt;tagName&gt;Data_00&lt;/tagName&gt;&lt;tagTypeID&gt;8&lt;/tagTypeID&gt;&lt;tagGroupID&gt;1&lt;/tagGroupID&gt;&lt;tagFunctionID&gt;4&lt;/tagFunctionID&gt;&lt;COM_typeName&gt;TSend&lt;/COM_typeName&gt;&lt;FNC_typeName&gt;DefDataTable&lt;/FNC_typeName&gt;&lt;OPC_typeName&gt;FLOAT&lt;/OPC_typeName&gt;&lt;unitID&gt;36&lt;/unitID&gt;&lt;lineID&gt;35&lt;/lineID&gt;&lt;nameDefined&gt;Hi\Lo&lt;/nameDefined&gt;&lt;uomDefinedID&gt;24&lt;/uomDefinedID&gt;&lt;UOMName&gt;MM&lt;/UOMName&gt;&lt;UOMDescription&gt;MILIMETERS&lt;/UOMDescription&gt;&lt;serialNumber&gt;FTW2M160006vz&lt;/serialNumber&gt;&lt;avrg&gt;0.002575&lt;/avrg&gt;&lt;/Row&gt;&lt;Row&gt;&lt;notifRecordID&gt;113515&lt;/notifRecordID&gt;&lt;notifTagID&gt;123&lt;/notifTagID&gt;&lt;notifTagValue&gt;0.003&lt;/notifTagValue&gt;&lt;recordID&gt;113515&lt;/recordID&gt;&lt;notifName&gt;TransCtr&lt;/notifName&gt;&lt;notifDescription&gt;P558_JENOPTIK&lt;/notifDescription&gt;&lt;CreatedBy&gt;SYSTEM&lt;/CreatedBy&gt;&lt;CreatedOn&gt;2016-12-17T10:51:28&lt;/CreatedOn&gt;&lt;ModifiedBy&gt;System&lt;/ModifiedBy&gt;&lt;ModifiedOn&gt;2016-12-17T10:51:30&lt;/ModifiedOn&gt;&lt;tagName&gt;Data_00&lt;/tagName&gt;&lt;tagTypeID&gt;8&lt;/tagTypeID&gt;&lt;tagGroupID&gt;1&lt;/tagGroupID&gt;&lt;tagFunctionID&gt;4&lt;/tagFunctionID&gt;&lt;COM_typeName&gt;TSend&lt;/COM_typeName&gt;&lt;FNC_typeName&gt;DefDataTable&lt;/FNC_typeName&gt;&lt;OPC_typeName&gt;FLOAT&lt;/OPC_typeName&gt;&lt;unitID&gt;36&lt;/unitID&gt;&lt;lineID&gt;35&lt;/lineID&gt;&lt;nameDefined&gt;Hi\Lo&lt;/nameDefined&gt;&lt;uomDefinedID&gt;24&lt;/uomDefinedID&gt;&lt;UOMName&gt;MM&lt;/UOMName&gt;&lt;UOMDescription&gt;MILIMETERS&lt;/UOMDescription&gt;&lt;serialNumber&gt;FTW3M16000anu&lt;/serialNumber&gt;&lt;avrg&gt;0.002575&lt;/avrg&gt;&lt;/Row&gt;&lt;Row&gt;&lt;notifRecordID&gt;113519&lt;/notifRecordID&gt;&lt;notifTagID&gt;123&lt;/notifTagID&gt;&lt;notifTagValue&gt;0.006&lt;/notifTagValue&gt;&lt;recordID&gt;113519&lt;/recordID&gt;&lt;notifName&gt;TransCtr&lt;/notifName&gt;&lt;notifDescription&gt;P558_JENOPTIK&lt;/notifDescription&gt;&lt;CreatedBy&gt;SYSTEM&lt;/CreatedBy&gt;&lt;CreatedOn&gt;2016-12-17T10:54:46&lt;/CreatedOn&gt;&lt;ModifiedBy&gt;System&lt;/ModifiedBy&gt;&lt;ModifiedOn&gt;2016-12-17T10:54:48&lt;/ModifiedOn&gt;&lt;tagName&gt;Data_00&lt;/tagName&gt;&lt;tagTypeID&gt;8&lt;/tagTypeID&gt;&lt;tagGroupID&gt;1&lt;/tagGroupID&gt;&lt;tagFunctionID&gt;4&lt;/tagFunctionID&gt;&lt;COM_typeName&gt;TSend&lt;/COM_typeName&gt;&lt;FNC_typeName&gt;DefDataTable&lt;/FNC_typeName&gt;&lt;OPC_typeName&gt;FLOAT&lt;/OPC_typeName&gt;&lt;unitID&gt;36&lt;/unitID&gt;&lt;lineID&gt;35&lt;/lineID&gt;&lt;nameDefined&gt;Hi\Lo&lt;/nameDefined&gt;&lt;uomDefinedID&gt;24&lt;/uomDefinedID&gt;&lt;UOMName&gt;MM&lt;/UOMName&gt;&lt;UOMDescription&gt;MILIMETERS&lt;/UOMDescription&gt;&lt;serialNumber&gt;FTW3M16000ant&lt;/serialNumber&gt;&lt;avrg&gt;0.002575&lt;/avrg&gt;&lt;/Row&gt;&lt;Row&gt;&lt;notifRecordID&gt;113523&lt;/notifRecordID&gt;&lt;notifTagID&gt;123&lt;/notifTagID&gt;&lt;notifTagValue&gt;0.003&lt;/notifTagValue&gt;&lt;recordID&gt;113523&lt;/recordID&gt;&lt;notifName&gt;TransCtr&lt;/notifName&gt;&lt;notifDescription&gt;P558_JENOPTIK&lt;/notifDescription&gt;&lt;CreatedBy&gt;SYSTEM&lt;/CreatedBy&gt;&lt;CreatedOn&gt;2016-12-17T11:00:46&lt;/CreatedOn&gt;&lt;ModifiedBy&gt;System&lt;/ModifiedBy&gt;&lt;ModifiedOn&gt;2016-12-17T11:00:48&lt;/ModifiedOn&gt;&lt;tagName&gt;Data_00&lt;/tagName&gt;&lt;tagTypeID&gt;8&lt;/tagTypeID&gt;&lt;tagGroupID&gt;1&lt;/tagGroupID&gt;&lt;tagFunctionID&gt;4&lt;/tagFunctionID&gt;&lt;COM_typeName&gt;TSend&lt;/COM_typeName&gt;&lt;FNC_typeName&gt;DefDataTable&lt;/FNC_typeName&gt;&lt;OPC_typeName&gt;FLOAT&lt;/OPC_typeName&gt;&lt;unitID&gt;36&lt;/unitID&gt;&lt;lineID&gt;35&lt;/lineID&gt;&lt;nameDefined&gt;Hi\Lo&lt;/nameDefined&gt;&lt;uomDefinedID&gt;24&lt;/uomDefinedID&gt;&lt;UOMName&gt;MM&lt;/UOMName&gt;&lt;UOMDescription&gt;MILIMETERS&lt;/UOMDescription&gt;&lt;serialNumber&gt;FTW3M16000anv&lt;/serialNumber&gt;&lt;avrg&gt;0.002575&lt;/avrg&gt;&lt;/Row&gt;&lt;Row&gt;&lt;notifRecordID&gt;113531&lt;/notifRecordID&gt;&lt;notifTagID&gt;123&lt;/notifTagID&gt;&lt;notifTagValue&gt;0.0&lt;/notifTagValue&gt;&lt;recordID&gt;113531&lt;/recordID&gt;&lt;notifName&gt;TransCtr&lt;/notifName&gt;&lt;notifDescription&gt;P558_JENOPTIK&lt;/notifDescription&gt;&lt;CreatedBy&gt;SYSTEM&lt;/CreatedBy&gt;&lt;CreatedOn&gt;2016-12-17T11:08:29&lt;/CreatedOn&gt;&lt;ModifiedBy&gt;System&lt;/ModifiedBy&gt;&lt;ModifiedOn&gt;2016-12-17T11:08:31&lt;/ModifiedOn&gt;&lt;tagName&gt;Data_00&lt;/tagName&gt;&lt;tagTypeID&gt;8&lt;/tagTypeID&gt;&lt;tagGroupID&gt;1&lt;/tagGroupID&gt;&lt;tagFunctionID&gt;4&lt;/tagFunctionID&gt;&lt;COM_typeName&gt;TSend&lt;/COM_typeName&gt;&lt;FNC_typeName&gt;DefDataTable&lt;/FNC_typeName&gt;&lt;OPC_typeName&gt;FLOAT&lt;/OPC_typeName&gt;&lt;unitID&gt;36&lt;/unitID&gt;&lt;lineID&gt;35&lt;/lineID&gt;&lt;nameDefined&gt;Hi\Lo&lt;/nameDefined&gt;&lt;uomDefinedID&gt;24&lt;/uomDefinedID&gt;&lt;UOMName&gt;MM&lt;/UOMName&gt;&lt;UOMDescription&gt;MILIMETERS&lt;/UOMDescription&gt;&lt;serialNumber&gt;FTW2M160006w0&lt;/serialNumber&gt;&lt;avrg&gt;0.002575&lt;/avrg&gt;&lt;/Row&gt;&lt;Row&gt;&lt;notifRecordID&gt;113534&lt;/notifRecordID&gt;&lt;notifTagID&gt;123&lt;/notifTagID&gt;&lt;notifTagValue&gt;0.002&lt;/notifTagValue&gt;&lt;recordID&gt;113534&lt;/recordID&gt;&lt;notifName&gt;TransCtr&lt;/notifName&gt;&lt;notifDescription&gt;P558_JENOPTIK&lt;/notifDescription&gt;&lt;CreatedBy&gt;SYSTEM&lt;/CreatedBy&gt;&lt;CreatedOn&gt;2016-12-17T11:12:42&lt;/CreatedOn&gt;&lt;ModifiedBy&gt;System&lt;/ModifiedBy&gt;&lt;ModifiedOn&gt;2016-12-17T11:12:44&lt;/ModifiedOn&gt;&lt;tagName&gt;Data_00&lt;/tagName&gt;&lt;tagTypeID&gt;8&lt;/tagTypeID&gt;&lt;tagGroupID&gt;1&lt;/tagGroupID&gt;&lt;tagFunctionID&gt;4&lt;/tagFunctionID&gt;&lt;COM_typeName&gt;TSend&lt;/COM_typeName&gt;&lt;FNC_typeName&gt;DefDataTable&lt;/FNC_typeName&gt;&lt;OPC_typeName&gt;FLOAT&lt;/OPC_typeName&gt;&lt;unitID&gt;36&lt;/unitID&gt;&lt;lineID&gt;35&lt;/lineID&gt;&lt;nameDefined&gt;Hi\Lo&lt;/nameDefined&gt;&lt;uomDefinedID&gt;24&lt;/uomDefinedID&gt;&lt;UOMName&gt;MM&lt;/UOMName&gt;&lt;UOMDescription&gt;MILIMETERS&lt;/UOMDescription&gt;&lt;serialNumber&gt;FTW2M160006w1&lt;/serialNumber&gt;&lt;avrg&gt;0.002575&lt;/avrg&gt;&lt;/Row&gt;&lt;Row&gt;&lt;notifRecordID&gt;113537&lt;/notifRecordID&gt;&lt;notifTagID&gt;123&lt;/notifTagID&gt;&lt;notifTagValue&gt;0.0&lt;/notifTagValue&gt;&lt;recordID&gt;113537&lt;/recordID&gt;&lt;notifName&gt;TransCtr&lt;/notifName&gt;&lt;notifDescription&gt;P558_JENOPTIK&lt;/notifDescription&gt;&lt;CreatedBy&gt;SYSTEM&lt;/CreatedBy&gt;&lt;CreatedOn&gt;2016-12-17T11:15:03&lt;/CreatedOn&gt;&lt;ModifiedBy&gt;System&lt;/ModifiedBy&gt;&lt;ModifiedOn&gt;2016-12-17T11:15:05&lt;/ModifiedOn&gt;&lt;tagName&gt;Data_00&lt;/tagName&gt;&lt;tagTypeID&gt;8&lt;/tagTypeID&gt;&lt;tagGroupID&gt;1&lt;/tagGroupID&gt;&lt;tagFunctionID&gt;4&lt;/tagFunctionID&gt;&lt;COM_typeName&gt;TSend&lt;/COM_typeName&gt;&lt;FNC_typeName&gt;DefDataTable&lt;/FNC_typeName&gt;&lt;OPC_typeName&gt;FLOAT&lt;/OPC_typeName&gt;&lt;unitID&gt;36&lt;/unitID&gt;&lt;lineID&gt;35&lt;/lineID&gt;&lt;nameDefined&gt;Hi\Lo&lt;/nameDefined&gt;&lt;uomDefinedID&gt;24&lt;/uomDefinedID&gt;&lt;UOMName&gt;MM&lt;/UOMName&gt;&lt;UOMDescription&gt;MILIMETERS&lt;/UOMDescription&gt;&lt;serialNumber&gt;FTW2M160006w1&lt;/serialNumber&gt;&lt;avrg&gt;0.002575&lt;/avrg&gt;&lt;/Row&gt;&lt;Row&gt;&lt;notifRecordID&gt;113540&lt;/notifRecordID&gt;&lt;notifTagID&gt;123&lt;/notifTagID&gt;&lt;notifTagValue&gt;0.001&lt;/notifTagValue&gt;&lt;recordID&gt;113540&lt;/recordID&gt;&lt;notifName&gt;TransCtr&lt;/notifName&gt;&lt;notifDescription&gt;P558_JENOPTIK&lt;/notifDescription&gt;&lt;CreatedBy&gt;SYSTEM&lt;/CreatedBy&gt;&lt;CreatedOn&gt;2016-12-17T11:16:32&lt;/CreatedOn&gt;&lt;ModifiedBy&gt;System&lt;/ModifiedBy&gt;&lt;ModifiedOn&gt;2016-12-17T11:16:34&lt;/ModifiedOn&gt;&lt;tagName&gt;Data_00&lt;/tagName&gt;&lt;tagTypeID&gt;8&lt;/tagTypeID&gt;&lt;tagGroupID&gt;1&lt;/tagGroupID&gt;&lt;tagFunctionID&gt;4&lt;/tagFunctionID&gt;&lt;COM_typeName&gt;TSend&lt;/COM_typeName&gt;&lt;FNC_typeName&gt;DefDataTable&lt;/FNC_typeName&gt;&lt;OPC_typeName&gt;FLOAT&lt;/OPC_typeName&gt;&lt;unitID&gt;36&lt;/unitID&gt;&lt;lineID&gt;35&lt;/lineID&gt;&lt;nameDefined&gt;Hi\Lo&lt;/nameDefined&gt;&lt;uomDefinedID&gt;24&lt;/uomDefinedID&gt;&lt;UOMName&gt;MM&lt;/UOMName&gt;&lt;UOMDescription&gt;MILIMETERS&lt;/UOMDescription&gt;&lt;serialNumber&gt;FTW3M16000anw&lt;/serialNumber&gt;&lt;avrg&gt;0.002575&lt;/avrg&gt;&lt;/Row&gt;&lt;Row&gt;&lt;notifRecordID&gt;113542&lt;/notifRecordID&gt;&lt;notifTagID&gt;123&lt;/notifTagID&gt;&lt;notifTagValue&gt;0.001&lt;/notifTagValue&gt;&lt;recordID&gt;113542&lt;/recordID&gt;&lt;notifName&gt;TransCtr&lt;/notifName&gt;&lt;notifDescription&gt;P558_JENOPTIK&lt;/notifDescription&gt;&lt;CreatedBy&gt;SYSTEM&lt;/CreatedBy&gt;&lt;CreatedOn&gt;2016-12-17T11:19:07&lt;/CreatedOn&gt;&lt;ModifiedBy&gt;System&lt;/ModifiedBy&gt;&lt;ModifiedOn&gt;2016-12-17T11:19:09&lt;/ModifiedOn&gt;&lt;tagName&gt;Data_00&lt;/tagName&gt;&lt;tagTypeID&gt;8&lt;/tagTypeID&gt;&lt;tagGroupID&gt;1&lt;/tagGroupID&gt;&lt;tagFunctionID&gt;4&lt;/tagFunctionID&gt;&lt;COM_typeName&gt;TSend&lt;/COM_typeName&gt;&lt;FNC_typeName&gt;DefDataTable&lt;/FNC_typeName&gt;&lt;OPC_typeName&gt;FLOAT&lt;/OPC_typeName&gt;&lt;unitID&gt;36&lt;/unitID&gt;&lt;lineID&gt;35&lt;/lineID&gt;&lt;nameDefined&gt;Hi\Lo&lt;/nameDefined&gt;&lt;uomDefinedID&gt;24&lt;/uomDefinedID&gt;&lt;UOMName&gt;MM&lt;/UOMName&gt;&lt;UOMDescription&gt;MILIMETERS&lt;/UOMDescription&gt;&lt;serialNumber&gt;FTW3M16000anx&lt;/serialNumber&gt;&lt;avrg&gt;0.002575&lt;/avrg&gt;&lt;/Row&gt;&lt;Row&gt;&lt;notifRecordID&gt;113545&lt;/notifRecordID&gt;&lt;notifTagID&gt;123&lt;/notifTagID&gt;&lt;notifTagValue&gt;-0.002&lt;/notifTagValue&gt;&lt;recordID&gt;113545&lt;/recordID&gt;&lt;notifName&gt;TransCtr&lt;/notifName&gt;&lt;notifDescription&gt;P558_JENOPTIK&lt;/notifDescription&gt;&lt;CreatedBy&gt;SYSTEM&lt;/CreatedBy&gt;&lt;CreatedOn&gt;2016-12-17T11:20:44&lt;/CreatedOn&gt;&lt;ModifiedBy&gt;System&lt;/ModifiedBy&gt;&lt;ModifiedOn&gt;2016-12-17T11:20:46&lt;/ModifiedOn&gt;&lt;tagName&gt;Data_00&lt;/tagName&gt;&lt;tagTypeID&gt;8&lt;/tagTypeID&gt;&lt;tagGroupID&gt;1&lt;/tagGroupID&gt;&lt;tagFunctionID&gt;4&lt;/tagFunctionID&gt;&lt;COM_typeName&gt;TSend&lt;/COM_typeName&gt;&lt;FNC_typeName&gt;DefDataTable&lt;/FNC_typeName&gt;&lt;OPC_typeName&gt;FLOAT&lt;/OPC_typeName&gt;&lt;unitID&gt;36&lt;/unitID&gt;&lt;lineID&gt;35&lt;/lineID&gt;&lt;nameDefined&gt;Hi\Lo&lt;/nameDefined&gt;&lt;uomDefinedID&gt;24&lt;/uomDefinedID&gt;&lt;UOMName&gt;MM&lt;/UOMName&gt;&lt;UOMDescription&gt;MILIMETERS&lt;/UOMDescription&gt;&lt;serialNumber&gt;FTW3M16000anx&lt;/serialNumber&gt;&lt;avrg&gt;0.002575&lt;/avrg&gt;&lt;/Row&gt;&lt;Row&gt;&lt;notifRecordID&gt;113551&lt;/notifRecordID&gt;&lt;notifTagID&gt;123&lt;/notifTagID&gt;&lt;notifTagValue&gt;0.003&lt;/notifTagValue&gt;&lt;recordID&gt;113551&lt;/recordID&gt;&lt;notifName&gt;TransCtr&lt;/notifName&gt;&lt;notifDescription&gt;P558_JENOPTIK&lt;/notifDescription&gt;&lt;CreatedBy&gt;SYSTEM&lt;/CreatedBy&gt;&lt;CreatedOn&gt;2016-12-17T11:30:30&lt;/CreatedOn&gt;&lt;ModifiedBy&gt;System&lt;/ModifiedBy&gt;&lt;ModifiedOn&gt;2016-12-17T11:30:32&lt;/ModifiedOn&gt;&lt;tagName&gt;Data_00&lt;/tagName&gt;&lt;tagTypeID&gt;8&lt;/tagTypeID&gt;&lt;tagGroupID&gt;1&lt;/tagGroupID&gt;&lt;tagFunctionID&gt;4&lt;/tagFunctionID&gt;&lt;COM_typeName&gt;TSend&lt;/COM_typeName&gt;&lt;FNC_typeName&gt;DefDataTable&lt;/FNC_typeName&gt;&lt;OPC_typeName&gt;FLOAT&lt;/OPC_typeName&gt;&lt;unitID&gt;36&lt;/unitID&gt;&lt;lineID&gt;35&lt;/lineID&gt;&lt;nameDefined&gt;Hi\Lo&lt;/nameDefined&gt;&lt;uomDefinedID&gt;24&lt;/uomDefinedID&gt;&lt;UOMName&gt;MM&lt;/UOMName&gt;&lt;UOMDescription&gt;MILIMETERS&lt;/UOMDescription&gt;&lt;serialNumber&gt;FTW3M16000any&lt;/serialNumber&gt;&lt;avrg&gt;0.002575&lt;/avrg&gt;&lt;/Row&gt;&lt;Row&gt;&lt;notifRecordID&gt;113556&lt;/notifRecordID&gt;&lt;notifTagID&gt;123&lt;/notifTagID&gt;&lt;notifTagValue&gt;0.004&lt;/notifTagValue&gt;&lt;recordID&gt;113556&lt;/recordID&gt;&lt;notifName&gt;TransCtr&lt;/notifName&gt;&lt;notifDescription&gt;P558_JENOPTIK&lt;/notifDescription&gt;&lt;CreatedBy&gt;SYSTEM&lt;/CreatedBy&gt;&lt;CreatedOn&gt;2016-12-17T11:33:07&lt;/CreatedOn&gt;&lt;ModifiedBy&gt;System&lt;/ModifiedBy&gt;&lt;ModifiedOn&gt;2016-12-17T11:33:09&lt;/ModifiedOn&gt;&lt;tagName&gt;Data_00&lt;/tagName&gt;&lt;tagTypeID&gt;8&lt;/tagTypeID&gt;&lt;tagGroupID&gt;1&lt;/tagGroupID&gt;&lt;tagFunctionID&gt;4&lt;/tagFunctionID&gt;&lt;COM_typeName&gt;TSend&lt;/COM_typeName&gt;&lt;FNC_typeName&gt;DefDataTable&lt;/FNC_typeName&gt;&lt;OPC_typeName&gt;FLOAT&lt;/OPC_typeName&gt;&lt;unitID&gt;36&lt;/unitID&gt;&lt;lineID&gt;35&lt;/lineID&gt;&lt;nameDefined&gt;Hi\Lo&lt;/nameDefined&gt;&lt;uomDefinedID&gt;24&lt;/uomDefinedID&gt;&lt;UOMName&gt;MM&lt;/UOMName&gt;&lt;UOMDescription&gt;MILIMETERS&lt;/UOMDescription&gt;&lt;serialNumber&gt;FTW2M160006w2&lt;/serialNumber&gt;&lt;avrg&gt;0.002575&lt;/avrg&gt;&lt;/Row&gt;&lt;Row&gt;&lt;notifRecordID&gt;113572&lt;/notifRecordID&gt;&lt;notifTagID&gt;123&lt;/notifTagID&gt;&lt;notifTagValue&gt;-0.001&lt;/notifTagValue&gt;&lt;recordID&gt;113572&lt;/recordID&gt;&lt;notifName&gt;TransCtr&lt;/notifName&gt;&lt;notifDescription&gt;P558_JENOPTIK&lt;/notifDescription&gt;&lt;CreatedBy&gt;SYSTEM&lt;/CreatedBy&gt;&lt;CreatedOn&gt;2016-12-17T12:04:20&lt;/CreatedOn&gt;&lt;ModifiedBy&gt;System&lt;/ModifiedBy&gt;&lt;ModifiedOn&gt;2016-12-17T12:04:22&lt;/ModifiedOn&gt;&lt;tagName&gt;Data_00&lt;/tagName&gt;&lt;tagTypeID&gt;8&lt;/tagTypeID&gt;&lt;tagGroupID&gt;1&lt;/tagGroupID&gt;&lt;tagFunctionID&gt;4&lt;/tagFunctionID&gt;&lt;COM_typeName&gt;TSend&lt;/COM_typeName&gt;&lt;FNC_typeName&gt;DefDataTable&lt;/FNC_typeName&gt;&lt;OPC_typeName&gt;FLOAT&lt;/OPC_typeName&gt;&lt;unitID&gt;36&lt;/unitID&gt;&lt;lineID&gt;35&lt;/lineID&gt;&lt;nameDefined&gt;Hi\Lo&lt;/nameDefined&gt;&lt;uomDefinedID&gt;24&lt;/uomDefinedID&gt;&lt;UOMName&gt;MM&lt;/UOMName&gt;&lt;UOMDescription&gt;MILIMETERS&lt;/UOMDescription&gt;&lt;serialNumber&gt;FTW2M160006w3&lt;/serialNumber&gt;&lt;avrg&gt;0.002575&lt;/avrg&gt;&lt;/Row&gt;&lt;Row&gt;&lt;notifRecordID&gt;113575&lt;/notifRecordID&gt;&lt;notifTagID&gt;123&lt;/notifTagID&gt;&lt;notifTagValue&gt;-0.001&lt;/notifTagValue&gt;&lt;recordID&gt;113575&lt;/recordID&gt;&lt;notifName&gt;TransCtr&lt;/notifName&gt;&lt;notifDescription&gt;P558_JENOPTIK&lt;/notifDescription&gt;&lt;CreatedBy&gt;SYSTEM&lt;/CreatedBy&gt;&lt;CreatedOn&gt;2016-12-17T12:06:08&lt;/CreatedOn&gt;&lt;ModifiedBy&gt;System&lt;/ModifiedBy&gt;&lt;ModifiedOn&gt;2016-12-17T12:06:10&lt;/ModifiedOn&gt;&lt;tagName&gt;Data_00&lt;/tagName&gt;&lt;tagTypeID&gt;8&lt;/tagTypeID&gt;&lt;tagGroupID&gt;1&lt;/tagGroupID&gt;&lt;tagFunctionID&gt;4&lt;/tagFunctionID&gt;&lt;COM_typeName&gt;TSend&lt;/COM_typeName&gt;&lt;FNC_typeName&gt;DefDataTable&lt;/FNC_typeName&gt;&lt;OPC_typeName&gt;FLOAT&lt;/OPC_typeName&gt;&lt;unitID&gt;36&lt;/unitID&gt;&lt;lineID&gt;35&lt;/lineID&gt;&lt;nameDefined&gt;Hi\Lo&lt;/nameDefined&gt;&lt;uomDefinedID&gt;24&lt;/uomDefinedID&gt;&lt;UOMName&gt;MM&lt;/UOMName&gt;&lt;UOMDescription&gt;MILIMETERS&lt;/UOMDescription&gt;&lt;serialNumber&gt;FTW3M16000anz&lt;/serialNumber&gt;&lt;avrg&gt;0.002575&lt;/avrg&gt;&lt;/Row&gt;&lt;Row&gt;&lt;notifRecordID&gt;113579&lt;/notifRecordID&gt;&lt;notifTagID&gt;123&lt;/notifTagID&gt;&lt;notifTagValue&gt;0.003&lt;/notifTagValue&gt;&lt;recordID&gt;113579&lt;/recordID&gt;&lt;notifName&gt;TransCtr&lt;/notifName&gt;&lt;notifDescription&gt;P558_JENOPTIK&lt;/notifDescription&gt;&lt;CreatedBy&gt;SYSTEM&lt;/CreatedBy&gt;&lt;CreatedOn&gt;2016-12-17T12:08:04&lt;/CreatedOn&gt;&lt;ModifiedBy&gt;System&lt;/ModifiedBy&gt;&lt;ModifiedOn&gt;2016-12-17T12:08:05&lt;/ModifiedOn&gt;&lt;tagName&gt;Data_00&lt;/tagName&gt;&lt;tagTypeID&gt;8&lt;/tagTypeID&gt;&lt;tagGroupID&gt;1&lt;/tagGroupID&gt;&lt;tagFunctionID&gt;4&lt;/tagFunctionID&gt;&lt;COM_typeName&gt;TSend&lt;/COM_typeName&gt;&lt;FNC_typeName&gt;DefDataTable&lt;/FNC_typeName&gt;&lt;OPC_typeName&gt;FLOAT&lt;/OPC_typeName&gt;&lt;unitID&gt;36&lt;/unitID&gt;&lt;lineID&gt;35&lt;/lineID&gt;&lt;nameDefined&gt;Hi\Lo&lt;/nameDefined&gt;&lt;uomDefinedID&gt;24&lt;/uomDefinedID&gt;&lt;UOMName&gt;MM&lt;/UOMName&gt;&lt;UOMDescription&gt;MILIMETERS&lt;/UOMDescription&gt;&lt;serialNumber&gt;FTW3M16000ao0&lt;/serialNumber&gt;&lt;avrg&gt;0.002575&lt;/avrg&gt;&lt;/Row&gt;&lt;Row&gt;&lt;notifRecordID&gt;113581&lt;/notifRecordID&gt;&lt;notifTagID&gt;123&lt;/notifTagID&gt;&lt;notifTagValue&gt;-0.002&lt;/notifTagValue&gt;&lt;recordID&gt;113581&lt;/recordID&gt;&lt;notifName&gt;TransCtr&lt;/notifName&gt;&lt;notifDescription&gt;P558_JENOPTIK&lt;/notifDescription&gt;&lt;CreatedBy&gt;SYSTEM&lt;/CreatedBy&gt;&lt;CreatedOn&gt;2016-12-17T12:09:52&lt;/CreatedOn&gt;&lt;ModifiedBy&gt;System&lt;/ModifiedBy&gt;&lt;ModifiedOn&gt;2016-12-17T12:09:54&lt;/ModifiedOn&gt;&lt;tagName&gt;Data_00&lt;/tagName&gt;&lt;tagTypeID&gt;8&lt;/tagTypeID&gt;&lt;tagGroupID&gt;1&lt;/tagGroupID&gt;&lt;tagFunctionID&gt;4&lt;/tagFunctionID&gt;&lt;COM_typeName&gt;TSend&lt;/COM_typeName&gt;&lt;FNC_typeName&gt;DefDataTable&lt;/FNC_typeName&gt;&lt;OPC_typeName&gt;FLOAT&lt;/OPC_typeName&gt;&lt;unitID&gt;36&lt;/unitID&gt;&lt;lineID&gt;35&lt;/lineID&gt;&lt;nameDefined&gt;Hi\Lo&lt;/nameDefined&gt;&lt;uomDefinedID&gt;24&lt;/uomDefinedID&gt;&lt;UOMName&gt;MM&lt;/UOMName&gt;&lt;UOMDescription&gt;MILIMETERS&lt;/UOMDescription&gt;&lt;serialNumber&gt;FTW3M16000ao1&lt;/serialNumber&gt;&lt;avrg&gt;0.002575&lt;/avrg&gt;&lt;/Row&gt;&lt;Row&gt;&lt;notifRecordID&gt;113585&lt;/notifRecordID&gt;&lt;notifTagID&gt;123&lt;/notifTagID&gt;&lt;notifTagValue&gt;0.008&lt;/notifTagValue&gt;&lt;recordID&gt;113585&lt;/recordID&gt;&lt;notifName&gt;TransCtr&lt;/notifName&gt;&lt;notifDescription&gt;P558_JENOPTIK&lt;/notifDescription&gt;&lt;CreatedBy&gt;SYSTEM&lt;/CreatedBy&gt;&lt;CreatedOn&gt;2016-12-17T12:11:32&lt;/CreatedOn&gt;&lt;ModifiedBy&gt;System&lt;/ModifiedBy&gt;&lt;ModifiedOn&gt;2016-12-17T12:11:34&lt;/ModifiedOn&gt;&lt;tagName&gt;Data_00&lt;/tagName&gt;&lt;tagTypeID&gt;8&lt;/tagTypeID&gt;&lt;tagGroupID&gt;1&lt;/tagGroupID&gt;&lt;tagFunctionID&gt;4&lt;/tagFunctionID&gt;&lt;COM_typeName&gt;TSend&lt;/COM_typeName&gt;&lt;FNC_typeName&gt;DefDataTable&lt;/FNC_typeName&gt;&lt;OPC_typeName&gt;FLOAT&lt;/OPC_typeName&gt;&lt;unitID&gt;36&lt;/unitID&gt;&lt;lineID&gt;35&lt;/lineID&gt;&lt;nameDefined&gt;Hi\Lo&lt;/nameDefined&gt;&lt;uomDefinedID&gt;24&lt;/uomDefinedID&gt;&lt;UOMName&gt;MM&lt;/UOMName&gt;&lt;UOMDescription&gt;MILIMETERS&lt;/UOMDescription&gt;&lt;serialNumber&gt;FTW2M160006w4&lt;/serialNumber&gt;&lt;avrg&gt;0.002575&lt;/avrg&gt;&lt;/Row&gt;&lt;Row&gt;&lt;notifRecordID&gt;113588&lt;/notifRecordID&gt;&lt;notifTagID&gt;123&lt;/notifTagID&gt;&lt;notifTagValue&gt;-0.001&lt;/notifTagValue&gt;&lt;recordID&gt;113588&lt;/recordID&gt;&lt;notifName&gt;TransCtr&lt;/notifName&gt;&lt;notifDescription&gt;P558_JENOPTIK&lt;/notifDescription&gt;&lt;CreatedBy&gt;SYSTEM&lt;/CreatedBy&gt;&lt;CreatedOn&gt;2016-12-17T12:13:25&lt;/CreatedOn&gt;&lt;ModifiedBy&gt;System&lt;/ModifiedBy&gt;&lt;ModifiedOn&gt;2016-12-17T12:13:27&lt;/ModifiedOn&gt;&lt;tagName&gt;Data_00&lt;/tagName&gt;&lt;tagTypeID&gt;8&lt;/tagTypeID&gt;&lt;tagGroupID&gt;1&lt;/tagGroupID&gt;&lt;tagFunctionID&gt;4&lt;/tagFunctionID&gt;&lt;COM_typeName&gt;TSend&lt;/COM_typeName&gt;&lt;FNC_typeName&gt;DefDataTable&lt;/FNC_typeName&gt;&lt;OPC_typeName&gt;FLOAT&lt;/OPC_typeName&gt;&lt;unitID&gt;36&lt;/unitID&gt;&lt;lineID&gt;35&lt;/lineID&gt;&lt;nameDefined&gt;Hi\Lo&lt;/nameDefined&gt;&lt;uomDefinedID&gt;24&lt;/uomDefinedID&gt;&lt;UOMName&gt;MM&lt;/UOMName&gt;&lt;UOMDescription&gt;MILIMETERS&lt;/UOMDescription&gt;&lt;serialNumber&gt;FTW3M16000ao2&lt;/serialNumber&gt;&lt;avrg&gt;0.002575&lt;/avrg&gt;&lt;/Row&gt;&lt;Row&gt;&lt;notifRecordID&gt;113590&lt;/notifRecordID&gt;&lt;notifTagID&gt;123&lt;/notifTagID&gt;&lt;notifTagValue&gt;0.001&lt;/notifTagValue&gt;&lt;recordID&gt;113590&lt;/recordID&gt;&lt;notifName&gt;TransCtr&lt;/notifName&gt;&lt;notifDescription&gt;P558_JENOPTIK&lt;/notifDescription&gt;&lt;CreatedBy&gt;SYSTEM&lt;/CreatedBy&gt;&lt;CreatedOn&gt;2016-12-17T12:15:19&lt;/CreatedOn&gt;&lt;ModifiedBy&gt;System&lt;/ModifiedBy&gt;&lt;ModifiedOn&gt;2016-12-17T12:15:21&lt;/ModifiedOn&gt;&lt;tagName&gt;Data_00&lt;/tagName&gt;&lt;tagTypeID&gt;8&lt;/tagTypeID&gt;&lt;tagGroupID&gt;1&lt;/tagGroupID&gt;&lt;tagFunctionID&gt;4&lt;/tagFunctionID&gt;&lt;COM_typeName&gt;TSend&lt;/COM_typeName&gt;&lt;FNC_typeName&gt;DefDataTable&lt;/FNC_typeName&gt;&lt;OPC_typeName&gt;FLOAT&lt;/OPC_typeName&gt;&lt;unitID&gt;36&lt;/unitID&gt;&lt;lineID&gt;35&lt;/lineID&gt;&lt;nameDefined&gt;Hi\Lo&lt;/nameDefined&gt;&lt;uomDefinedID&gt;24&lt;/uomDefinedID&gt;&lt;UOMName&gt;MM&lt;/UOMName&gt;&lt;UOMDescription&gt;MILIMETERS&lt;/UOMDescription&gt;&lt;serialNumber&gt;FTW2M160006w5&lt;/serialNumber&gt;&lt;avrg&gt;0.002575&lt;/avrg&gt;&lt;/Row&gt;&lt;Row&gt;&lt;notifRecordID&gt;113592&lt;/notifRecordID&gt;&lt;notifTagID&gt;123&lt;/notifTagID&gt;&lt;notifTagValue&gt;0.004&lt;/notifTagValue&gt;&lt;recordID&gt;113592&lt;/recordID&gt;&lt;notifName&gt;TransCtr&lt;/notifName&gt;&lt;notifDescription&gt;P558_JENOPTIK&lt;/notifDescription&gt;&lt;CreatedBy&gt;SYSTEM&lt;/CreatedBy&gt;&lt;CreatedOn&gt;2016-12-17T12:17:16&lt;/CreatedOn&gt;&lt;ModifiedBy&gt;System&lt;/ModifiedBy&gt;&lt;ModifiedOn&gt;2016-12-17T12:17:18&lt;/ModifiedOn&gt;&lt;tagName&gt;Data_00&lt;/tagName&gt;&lt;tagTypeID&gt;8&lt;/tagTypeID&gt;&lt;tagGroupID&gt;1&lt;/tagGroupID&gt;&lt;tagFunctionID&gt;4&lt;/tagFunctionID&gt;&lt;COM_typeName&gt;TSend&lt;/COM_typeName&gt;&lt;FNC_typeName&gt;DefDataTable&lt;/FNC_typeName&gt;&lt;OPC_typeName&gt;FLOAT&lt;/OPC_typeName&gt;&lt;unitID&gt;36&lt;/unitID&gt;&lt;lineID&gt;35&lt;/lineID&gt;&lt;nameDefined&gt;Hi\Lo&lt;/nameDefined&gt;&lt;uomDefinedID&gt;24&lt;/uomDefinedID&gt;&lt;UOMName&gt;MM&lt;/UOMName&gt;&lt;UOMDescription&gt;MILIMETERS&lt;/UOMDescription&gt;&lt;serialNumber&gt;FTW3M16000ao3&lt;/serialNumber&gt;&lt;avrg&gt;0.002575&lt;/avrg&gt;&lt;/Row&gt;&lt;Row&gt;&lt;notifRecordID&gt;113594&lt;/notifRecordID&gt;&lt;notifTagID&gt;123&lt;/notifTagID&gt;&lt;notifTagValue&gt;-0.001&lt;/notifTagValue&gt;&lt;recordID&gt;113594&lt;/recordID&gt;&lt;notifName&gt;TransCtr&lt;/notifName&gt;&lt;notifDescription&gt;P558_JENOPTIK&lt;/notifDescription&gt;&lt;CreatedBy&gt;SYSTEM&lt;/CreatedBy&gt;&lt;CreatedOn&gt;2016-12-17T12:19:04&lt;/CreatedOn&gt;&lt;ModifiedBy&gt;System&lt;/ModifiedBy&gt;&lt;ModifiedOn&gt;2016-12-17T12:19:06&lt;/ModifiedOn&gt;&lt;tagName&gt;Data_00&lt;/tagName&gt;&lt;tagTypeID&gt;8&lt;/tagTypeID&gt;&lt;tagGroupID&gt;1&lt;/tagGroupID&gt;&lt;tagFunctionID&gt;4&lt;/tagFunctionID&gt;&lt;COM_typeName&gt;TSend&lt;/COM_typeName&gt;&lt;FNC_typeName&gt;DefDataTable&lt;/FNC_typeName&gt;&lt;OPC_typeName&gt;FLOAT&lt;/OPC_typeName&gt;&lt;unitID&gt;36&lt;/unitID&gt;&lt;lineID&gt;35&lt;/lineID&gt;&lt;nameDefined&gt;Hi\Lo&lt;/nameDefined&gt;&lt;uomDefinedID&gt;24&lt;/uomDefinedID&gt;&lt;UOMName&gt;MM&lt;/UOMName&gt;&lt;UOMDescription&gt;MILIMETERS&lt;/UOMDescription&gt;&lt;serialNumber&gt;FTW3M16000ao4&lt;/serialNumber&gt;&lt;avrg&gt;0.002575&lt;/avrg&gt;&lt;/Row&gt;&lt;Row&gt;&lt;notifRecordID&gt;113601&lt;/notifRecordID&gt;&lt;notifTagID&gt;123&lt;/notifTagID&gt;&lt;notifTagValue&gt;-0.002&lt;/notifTagValue&gt;&lt;recordID&gt;113601&lt;/recordID&gt;&lt;notifName&gt;TransCtr&lt;/notifName&gt;&lt;notifDescription&gt;P558_JENOPTIK&lt;/notifDescription&gt;&lt;CreatedBy&gt;SYSTEM&lt;/CreatedBy&gt;&lt;CreatedOn&gt;2016-12-17T12:24:12&lt;/CreatedOn&gt;&lt;ModifiedBy&gt;System&lt;/ModifiedBy&gt;&lt;ModifiedOn&gt;2016-12-17T12:24:14&lt;/ModifiedOn&gt;&lt;tagName&gt;Data_00&lt;/tagName&gt;&lt;tagTypeID&gt;8&lt;/tagTypeID&gt;&lt;tagGroupID&gt;1&lt;/tagGroupID&gt;&lt;tagFunctionID&gt;4&lt;/tagFunctionID&gt;&lt;COM_typeName&gt;TSend&lt;/COM_typeName&gt;&lt;FNC_typeName&gt;DefDataTable&lt;/FNC_typeName&gt;&lt;OPC_typeName&gt;FLOAT&lt;/OPC_typeName&gt;&lt;unitID&gt;36&lt;/unitID&gt;&lt;lineID&gt;35&lt;/lineID&gt;&lt;nameDefined&gt;Hi\Lo&lt;/nameDefined&gt;&lt;uomDefinedID&gt;24&lt;/uomDefinedID&gt;&lt;UOMName&gt;MM&lt;/UOMName&gt;&lt;UOMDescription&gt;MILIMETERS&lt;/UOMDescription&gt;&lt;serialNumber&gt;FTW2M160006w6&lt;/serialNumber&gt;&lt;avrg&gt;0.002575&lt;/avrg&gt;&lt;/Row&gt;&lt;Row&gt;&lt;notifRecordID&gt;113603&lt;/notifRecordID&gt;&lt;notifTagID&gt;123&lt;/notifTagID&gt;&lt;notifTagValue&gt;0.002&lt;/notifTagValue&gt;&lt;recordID&gt;113603&lt;/recordID&gt;&lt;notifName&gt;TransCtr&lt;/notifName&gt;&lt;notifDescription&gt;P558_JENOPTIK&lt;/notifDescription&gt;&lt;CreatedBy&gt;SYSTEM&lt;/CreatedBy&gt;&lt;CreatedOn&gt;2016-12-17T12:29:01&lt;/CreatedOn&gt;&lt;ModifiedBy&gt;System&lt;/ModifiedBy&gt;&lt;ModifiedOn&gt;2016-12-17T12:29:03&lt;/ModifiedOn&gt;&lt;tagName&gt;Data_00&lt;/tagName&gt;&lt;tagTypeID&gt;8&lt;/tagTypeID&gt;&lt;tagGroupID&gt;1&lt;/tagGroupID&gt;&lt;tagFunctionID&gt;4&lt;/tagFunctionID&gt;&lt;COM_typeName&gt;TSend&lt;/COM_typeName&gt;&lt;FNC_typeName&gt;DefDataTable&lt;/FNC_typeName&gt;&lt;OPC_typeName&gt;FLOAT&lt;/OPC_typeName&gt;&lt;unitID&gt;36&lt;/unitID&gt;&lt;lineID&gt;35&lt;/lineID&gt;&lt;nameDefined&gt;Hi\Lo&lt;/nameDefined&gt;&lt;uomDefinedID&gt;24&lt;/uomDefinedID&gt;&lt;UOMName&gt;MM&lt;/UOMName&gt;&lt;UOMDescription&gt;MILIMETERS&lt;/UOMDescription&gt;&lt;serialNumber&gt;FTW2M160006w7&lt;/serialNumber&gt;&lt;avrg&gt;0.002575&lt;/avrg&gt;&lt;/Row&gt;&lt;Row&gt;&lt;notifRecordID&gt;113610&lt;/notifRecordID&gt;&lt;notifTagID&gt;123&lt;/notifTagID&gt;&lt;notifTagValue&gt;0.0&lt;/notifTagValue&gt;&lt;recordID&gt;113610&lt;/recordID&gt;&lt;notifName&gt;TransCtr&lt;/notifName&gt;&lt;notifDescription&gt;P558_JENOPTIK&lt;/notifDescription&gt;&lt;CreatedBy&gt;SYSTEM&lt;/CreatedBy&gt;&lt;CreatedOn&gt;2016-12-17T12:39:45&lt;/CreatedOn&gt;&lt;ModifiedBy&gt;System&lt;/ModifiedBy&gt;&lt;ModifiedOn&gt;2016-12-17T12:39:46&lt;/ModifiedOn&gt;&lt;tagName&gt;Data_00&lt;/tagName&gt;&lt;tagTypeID&gt;8&lt;/tagTypeID&gt;&lt;tagGroupID&gt;1&lt;/tagGroupID&gt;&lt;tagFunctionID&gt;4&lt;/tagFunctionID&gt;&lt;COM_typeName&gt;TSend&lt;/COM_typeName&gt;&lt;FNC_typeName&gt;DefDataTable&lt;/FNC_typeName&gt;&lt;OPC_typeName&gt;FLOAT&lt;/OPC_typeName&gt;&lt;unitID&gt;36&lt;/unitID&gt;&lt;lineID&gt;35&lt;/lineID&gt;&lt;nameDefined&gt;Hi\Lo&lt;/nameDefined&gt;&lt;uomDefinedID&gt;24&lt;/uomDefinedID&gt;&lt;UOMName&gt;MM&lt;/UOMName&gt;&lt;UOMDescription&gt;MILIMETERS&lt;/UOMDescription&gt;&lt;serialNumber&gt;FTW3M16000ao6&lt;/serialNumber&gt;&lt;avrg&gt;0.002575&lt;/avrg&gt;&lt;/Row&gt;&lt;Row&gt;&lt;notifRecordID&gt;113612&lt;/notifRecordID&gt;&lt;notifTagID&gt;123&lt;/notifTagID&gt;&lt;notifTagValue&gt;0.002&lt;/notifTagValue&gt;&lt;recordID&gt;113612&lt;/recordID&gt;&lt;notifName&gt;TransCtr&lt;/notifName&gt;&lt;notifDescription&gt;P558_JENOPTIK&lt;/notifDescription&gt;&lt;CreatedBy&gt;SYSTEM&lt;/CreatedBy&gt;&lt;CreatedOn&gt;2016-12-17T12:41:48&lt;/CreatedOn&gt;&lt;ModifiedBy&gt;System&lt;/ModifiedBy&gt;&lt;ModifiedOn&gt;2016-12-17T12:41:50&lt;/ModifiedOn&gt;&lt;tagName&gt;Data_00&lt;/tagName&gt;&lt;tagTypeID&gt;8&lt;/tagTypeID&gt;&lt;tagGroupID&gt;1&lt;/tagGroupID&gt;&lt;tagFunctionID&gt;4&lt;/tagFunctionID&gt;&lt;COM_typeName&gt;TSend&lt;/COM_typeName&gt;&lt;FNC_typeName&gt;DefDataTable&lt;/FNC_typeName&gt;&lt;OPC_typeName&gt;FLOAT&lt;/OPC_typeName&gt;&lt;unitID&gt;36&lt;/unitID&gt;&lt;lineID&gt;35&lt;/lineID&gt;&lt;nameDefined&gt;Hi\Lo&lt;/nameDefined&gt;&lt;uomDefinedID&gt;24&lt;/uomDefinedID&gt;&lt;UOMName&gt;MM&lt;/UOMName&gt;&lt;UOMDescription&gt;MILIMETERS&lt;/UOMDescription&gt;&lt;serialNumber&gt;FTW3M16000ao5&lt;/serialNumber&gt;&lt;avrg&gt;0.002575&lt;/avrg&gt;&lt;/Row&gt;&lt;Row&gt;&lt;notifRecordID&gt;113618&lt;/notifRecordID&gt;&lt;notifTagID&gt;123&lt;/notifTagID&gt;&lt;notifTagValue&gt;0.004&lt;/notifTagValue&gt;&lt;recordID&gt;113618&lt;/recordID&gt;&lt;notifName&gt;TransCtr&lt;/notifName&gt;&lt;notifDescription&gt;P558_JENOPTIK&lt;/notifDescription&gt;&lt;CreatedBy&gt;SYSTEM&lt;/CreatedBy&gt;&lt;CreatedOn&gt;2016-12-17T12:51:22&lt;/CreatedOn&gt;&lt;ModifiedBy&gt;System&lt;/ModifiedBy&gt;&lt;ModifiedOn&gt;2016-12-17T12:51:24&lt;/ModifiedOn&gt;&lt;tagName&gt;Data_00&lt;/tagName&gt;&lt;tagTypeID&gt;8&lt;/tagTypeID&gt;&lt;tagGroupID&gt;1&lt;/tagGroupID&gt;&lt;tagFunctionID&gt;4&lt;/tagFunctionID&gt;&lt;COM_typeName&gt;TSend&lt;/COM_typeName&gt;&lt;FNC_typeName&gt;DefDataTable&lt;/FNC_typeName&gt;&lt;OPC_typeName&gt;FLOAT&lt;/OPC_typeName&gt;&lt;unitID&gt;36&lt;/unitID&gt;&lt;lineID&gt;35&lt;/lineID&gt;&lt;nameDefined&gt;Hi\Lo&lt;/nameDefined&gt;&lt;uomDefinedID&gt;24&lt;/uomDefinedID&gt;&lt;UOMName&gt;MM&lt;/UOMName&gt;&lt;UOMDescription&gt;MILIMETERS&lt;/UOMDescription&gt;&lt;serialNumber&gt;FTW2M160006w8&lt;/serialNumber&gt;&lt;avrg&gt;0.002575&lt;/avrg&gt;&lt;/Row&gt;&lt;Row&gt;&lt;notifRecordID&gt;113623&lt;/notifRecordID&gt;&lt;notifTagID&gt;123&lt;/notifTagID&gt;&lt;notifTagValue&gt;-0.003&lt;/notifTagValue&gt;&lt;recordID&gt;113623&lt;/recordID&gt;&lt;notifName&gt;TransCtr&lt;/notifName&gt;&lt;notifDescription&gt;P558_JENOPTIK&lt;/notifDescription&gt;&lt;CreatedBy&gt;SYSTEM&lt;/CreatedBy&gt;&lt;CreatedOn&gt;2016-12-17T12:57:58&lt;/CreatedOn&gt;&lt;ModifiedBy&gt;System&lt;/ModifiedBy&gt;&lt;ModifiedOn&gt;2016-12-17T12:57:59&lt;/ModifiedOn&gt;&lt;tagName&gt;Data_00&lt;/tagName&gt;&lt;tagTypeID&gt;8&lt;/tagTypeID&gt;&lt;tagGroupID&gt;1&lt;/tagGroupID&gt;&lt;tagFunctionID&gt;4&lt;/tagFunctionID&gt;&lt;COM_typeName&gt;TSend&lt;/COM_typeName&gt;&lt;FNC_typeName&gt;DefDataTable&lt;/FNC_typeName&gt;&lt;OPC_typeName&gt;FLOAT&lt;/OPC_typeName&gt;&lt;unitID&gt;36&lt;/unitID&gt;&lt;lineID&gt;35&lt;/lineID&gt;&lt;nameDefined&gt;Hi\Lo&lt;/nameDefined&gt;&lt;uomDefinedID&gt;24&lt;/uomDefinedID&gt;&lt;UOMName&gt;MM&lt;/UOMName&gt;&lt;UOMDescription&gt;MILIMETERS&lt;/UOMDescription&gt;&lt;serialNumber&gt;FTW2M160006w9&lt;/serialNumber&gt;&lt;avrg&gt;0.002575&lt;/avrg&gt;&lt;/Row&gt;&lt;Row&gt;&lt;notifRecordID&gt;113630&lt;/notifRecordID&gt;&lt;notifTagID&gt;123&lt;/notifTagID&gt;&lt;notifTagValue&gt;-0.002&lt;/notifTagValue&gt;&lt;recordID&gt;113630&lt;/recordID&gt;&lt;notifName&gt;TransCtr&lt;/notifName&gt;&lt;notifDescription&gt;P558_JENOPTIK&lt;/notifDescription&gt;&lt;CreatedBy&gt;SYSTEM&lt;/CreatedBy&gt;&lt;CreatedOn&gt;2016-12-17T13:05:28&lt;/CreatedOn&gt;&lt;ModifiedBy&gt;System&lt;/ModifiedBy&gt;&lt;ModifiedOn&gt;2016-12-17T13:05:30&lt;/ModifiedOn&gt;&lt;tagName&gt;Data_00&lt;/tagName&gt;&lt;tagTypeID&gt;8&lt;/tagTypeID&gt;&lt;tagGroupID&gt;1&lt;/tagGroupID&gt;&lt;tagFunctionID&gt;4&lt;/tagFunctionID&gt;&lt;COM_typeName&gt;TSend&lt;/COM_typeName&gt;&lt;FNC_typeName&gt;DefDataTable&lt;/FNC_typeName&gt;&lt;OPC_typeName&gt;FLOAT&lt;/OPC_typeName&gt;&lt;unitID&gt;36&lt;/unitID&gt;&lt;lineID&gt;35&lt;/lineID&gt;&lt;nameDefined&gt;Hi\Lo&lt;/nameDefined&gt;&lt;uomDefinedID&gt;24&lt;/uomDefinedID&gt;&lt;UOMName&gt;MM&lt;/UOMName&gt;&lt;UOMDescription&gt;MILIMETERS&lt;/UOMDescription&gt;&lt;serialNumber&gt;FTW3M16000ao9&lt;/serialNumber&gt;&lt;avrg&gt;0.002575&lt;/avrg&gt;&lt;/Row&gt;&lt;Row&gt;&lt;notifRecordID&gt;113632&lt;/notifRecordID&gt;&lt;notifTagID&gt;123&lt;/notifTagID&gt;&lt;notifTagValue&gt;-0.001&lt;/notifTagValue&gt;&lt;recordID&gt;113632&lt;/recordID&gt;&lt;notifName&gt;TransCtr&lt;/notifName&gt;&lt;notifDescription&gt;P558_JENOPTIK&lt;/notifDescription&gt;&lt;CreatedBy&gt;SYSTEM&lt;/CreatedBy&gt;&lt;CreatedOn&gt;2016-12-17T13:07:58&lt;/CreatedOn&gt;&lt;ModifiedBy&gt;System&lt;/ModifiedBy&gt;&lt;ModifiedOn&gt;2016-12-17T13:08:00&lt;/ModifiedOn&gt;&lt;tagName&gt;Data_00&lt;/tagName&gt;&lt;tagTypeID&gt;8&lt;/tagTypeID&gt;&lt;tagGroupID&gt;1&lt;/tagGroupID&gt;&lt;tagFunctionID&gt;4&lt;/tagFunctionID&gt;&lt;COM_typeName&gt;TSend&lt;/COM_typeName&gt;&lt;FNC_typeName&gt;DefDataTable&lt;/FNC_typeName&gt;&lt;OPC_typeName&gt;FLOAT&lt;/OPC_typeName&gt;&lt;unitID&gt;36&lt;/unitID&gt;&lt;lineID&gt;35&lt;/lineID&gt;&lt;nameDefined&gt;Hi\Lo&lt;/nameDefined&gt;&lt;uomDefinedID&gt;24&lt;/uomDefinedID&gt;&lt;UOMName&gt;MM&lt;/UOMName&gt;&lt;UOMDescription&gt;MILIMETERS&lt;/UOMDescription&gt;&lt;serialNumber&gt;FTW3M16000ao8&lt;/serialNumber&gt;&lt;avrg&gt;0.002575&lt;/avrg&gt;&lt;/Row&gt;&lt;Row&gt;&lt;notifRecordID&gt;113641&lt;/notifRecordID&gt;&lt;notifTagID&gt;123&lt;/notifTagID&gt;&lt;notifTagValue&gt;0.007&lt;/notifTagValue&gt;&lt;recordID&gt;113641&lt;/recordID&gt;&lt;notifName&gt;TransCtr&lt;/notifName&gt;&lt;notifDescription&gt;P558_JENOPTIK&lt;/notifDescription&gt;&lt;CreatedBy&gt;SYSTEM&lt;/CreatedBy&gt;&lt;CreatedOn&gt;2016-12-17T13:15:50&lt;/CreatedOn&gt;&lt;ModifiedBy&gt;System&lt;/ModifiedBy&gt;&lt;ModifiedOn&gt;2016-12-17T13:15:52&lt;/ModifiedOn&gt;&lt;tagName&gt;Data_00&lt;/tagName&gt;&lt;tagTypeID&gt;8&lt;/tagTypeID&gt;&lt;tagGroupID&gt;1&lt;/tagGroupID&gt;&lt;tagFunctionID&gt;4&lt;/tagFunctionID&gt;&lt;COM_typeName&gt;TSend&lt;/COM_typeName&gt;&lt;FNC_typeName&gt;DefDataTable&lt;/FNC_typeName&gt;&lt;OPC_typeName&gt;FLOAT&lt;/OPC_typeName&gt;&lt;unitID&gt;36&lt;/unitID&gt;&lt;lineID&gt;35&lt;/lineID&gt;&lt;nameDefined&gt;Hi\Lo&lt;/nameDefined&gt;&lt;uomDefinedID&gt;24&lt;/uomDefinedID&gt;&lt;UOMName&gt;MM&lt;/UOMName&gt;&lt;UOMDescription&gt;MILIMETERS&lt;/UOMDescription&gt;&lt;serialNumber&gt;FTW2M160006wa&lt;/serialNumber&gt;&lt;avrg&gt;0.002575&lt;/avrg&gt;&lt;/Row&gt;&lt;Row&gt;&lt;notifRecordID&gt;113646&lt;/notifRecordID&gt;&lt;notifTagID&gt;123&lt;/notifTagID&gt;&lt;notifTagValue&gt;-0.006&lt;/notifTagValue&gt;&lt;recordID&gt;113646&lt;/recordID&gt;&lt;notifName&gt;TransCtr&lt;/notifName&gt;&lt;notifDescription&gt;P558_JENOPTIK&lt;/notifDescription&gt;&lt;CreatedBy&gt;SYSTEM&lt;/CreatedBy&gt;&lt;CreatedOn&gt;2016-12-17T13:23:35&lt;/CreatedOn&gt;&lt;ModifiedBy&gt;System&lt;/ModifiedBy&gt;&lt;ModifiedOn&gt;2016-12-17T13:23:37&lt;/ModifiedOn&gt;&lt;tagName&gt;Data_00&lt;/tagName&gt;&lt;tagTypeID&gt;8&lt;/tagTypeID&gt;&lt;tagGroupID&gt;1&lt;/tagGroupID&gt;&lt;tagFunctionID&gt;4&lt;/tagFunctionID&gt;&lt;COM_typeName&gt;TSend&lt;/COM_typeName&gt;&lt;FNC_typeName&gt;DefDataTable&lt;/FNC_typeName&gt;&lt;OPC_typeName&gt;FLOAT&lt;/OPC_typeName&gt;&lt;unitID&gt;36&lt;/unitID&gt;&lt;lineID&gt;35&lt;/lineID&gt;&lt;nameDefined&gt;Hi\Lo&lt;/nameDefined&gt;&lt;uomDefinedID&gt;24&lt;/uomDefinedID&gt;&lt;UOMName&gt;MM&lt;/UOMName&gt;&lt;UOMDescription&gt;MILIMETERS&lt;/UOMDescription&gt;&lt;serialNumber&gt;FTW2M160006wb&lt;/serialNumber&gt;&lt;avrg&gt;0.002575&lt;/avrg&gt;&lt;/Row&gt;&lt;Row&gt;&lt;notifRecordID&gt;113650&lt;/notifRecordID&gt;&lt;notifTagID&gt;123&lt;/notifTagID&gt;&lt;notifTagValue&gt;0.005&lt;/notifTagValue&gt;&lt;recordID&gt;113650&lt;/recordID&gt;&lt;notifName&gt;TransCtr&lt;/notifName&gt;&lt;notifDescription&gt;P558_JENOPTIK&lt;/notifDescription&gt;&lt;CreatedBy&gt;SYSTEM&lt;/CreatedBy&gt;&lt;CreatedOn&gt;2016-12-17T13:26:23&lt;/CreatedOn&gt;&lt;ModifiedBy&gt;System&lt;/ModifiedBy&gt;&lt;ModifiedOn&gt;2016-12-17T13:26:25&lt;/ModifiedOn&gt;&lt;tagName&gt;Data_00&lt;/tagName&gt;&lt;tagTypeID&gt;8&lt;/tagTypeID&gt;&lt;tagGroupID&gt;1&lt;/tagGroupID&gt;&lt;tagFunctionID&gt;4&lt;/tagFunctionID&gt;&lt;COM_typeName&gt;TSend&lt;/COM_typeName&gt;&lt;FNC_typeName&gt;DefDataTable&lt;/FNC_typeName&gt;&lt;OPC_typeName&gt;FLOAT&lt;/OPC_typeName&gt;&lt;unitID&gt;36&lt;/unitID&gt;&lt;lineID&gt;35&lt;/lineID&gt;&lt;nameDefined&gt;Hi\Lo&lt;/nameDefined&gt;&lt;uomDefinedID&gt;24&lt;/uomDefinedID&gt;&lt;UOMName&gt;MM&lt;/UOMName&gt;&lt;UOMDescription&gt;MILIMETERS&lt;/UOMDescription&gt;&lt;serialNumber&gt;FTW3M16000aoa&lt;/serialNumber&gt;&lt;avrg&gt;0.002575&lt;/avrg&gt;&lt;/Row&gt;&lt;Row&gt;&lt;notifRecordID&gt;113652&lt;/notifRecordID&gt;&lt;notifTagID&gt;123&lt;/notifTagID&gt;&lt;notifTagValue&gt;0.005&lt;/notifTagValue&gt;&lt;recordID&gt;113652&lt;/recordID&gt;&lt;notifName&gt;TransCtr&lt;/notifName&gt;&lt;notifDescription&gt;P558_JENOPTIK&lt;/notifDescription&gt;&lt;CreatedBy&gt;SYSTEM&lt;/CreatedBy&gt;&lt;CreatedOn&gt;2016-12-17T13:29:53&lt;/CreatedOn&gt;&lt;ModifiedBy&gt;System&lt;/ModifiedBy&gt;&lt;ModifiedOn&gt;2016-12-17T13:29:55&lt;/ModifiedOn&gt;&lt;tagName&gt;Data_00&lt;/tagName&gt;&lt;tagTypeID&gt;8&lt;/tagTypeID&gt;&lt;tagGroupID&gt;1&lt;/tagGroupID&gt;&lt;tagFunctionID&gt;4&lt;/tagFunctionID&gt;&lt;COM_typeName&gt;TSend&lt;/COM_typeName&gt;&lt;FNC_typeName&gt;DefDataTable&lt;/FNC_typeName&gt;&lt;OPC_typeName&gt;FLOAT&lt;/OPC_typeName&gt;&lt;unitID&gt;36&lt;/unitID&gt;&lt;lineID&gt;35&lt;/lineID&gt;&lt;nameDefined&gt;Hi\Lo&lt;/nameDefined&gt;&lt;uomDefinedID&gt;24&lt;/uomDefinedID&gt;&lt;UOMName&gt;MM&lt;/UOMName&gt;&lt;UOMDescription&gt;MILIMETERS&lt;/UOMDescription&gt;&lt;serialNumber&gt;FTW3M16000aoc&lt;/serialNumber&gt;&lt;avrg&gt;0.002575&lt;/avrg&gt;&lt;/Row&gt;&lt;Row&gt;&lt;notifRecordID&gt;113654&lt;/notifRecordID&gt;&lt;notifTagID&gt;123&lt;/notifTagID&gt;&lt;notifTagValue&gt;0.005&lt;/notifTagValue&gt;&lt;recordID&gt;113654&lt;/recordID&gt;&lt;notifName&gt;TransCtr&lt;/notifName&gt;&lt;notifDescription&gt;P558_JENOPTIK&lt;/notifDescription&gt;&lt;CreatedBy&gt;SYSTEM&lt;/CreatedBy&gt;&lt;CreatedOn&gt;2016-12-17T13:31:43&lt;/CreatedOn&gt;&lt;ModifiedBy&gt;System&lt;/ModifiedBy&gt;&lt;ModifiedOn&gt;2016-12-17T13:31:45&lt;/ModifiedOn&gt;&lt;tagName&gt;Data_00&lt;/tagName&gt;&lt;tagTypeID&gt;8&lt;/tagTypeID&gt;&lt;tagGroupID&gt;1&lt;/tagGroupID&gt;&lt;tagFunctionID&gt;4&lt;/tagFunctionID&gt;&lt;COM_typeName&gt;TSend&lt;/COM_typeName&gt;&lt;FNC_typeName&gt;DefDataTable&lt;/FNC_typeName&gt;&lt;OPC_typeName&gt;FLOAT&lt;/OPC_typeName&gt;&lt;unitID&gt;36&lt;/unitID&gt;&lt;lineID&gt;35&lt;/lineID&gt;&lt;nameDefined&gt;Hi\Lo&lt;/nameDefined&gt;&lt;uomDefinedID&gt;24&lt;/uomDefinedID&gt;&lt;UOMName&gt;MM&lt;/UOMName&gt;&lt;UOMDescription&gt;MILIMETERS&lt;/UOMDescription&gt;&lt;serialNumber&gt;FTW3M16000aoc&lt;/serialNumber&gt;&lt;avrg&gt;0.002575&lt;/avrg&gt;&lt;/Row&gt;&lt;Row&gt;&lt;notifRecordID&gt;113663&lt;/notifRecordID&gt;&lt;notifTagID&gt;123&lt;/notifTagID&gt;&lt;notifTagValue&gt;0.005&lt;/notifTagValue&gt;&lt;recordID&gt;113663&lt;/recordID&gt;&lt;notifName&gt;TransCtr&lt;/notifName&gt;&lt;notifDescription&gt;P558_JENOPTIK&lt;/notifDescription&gt;&lt;CreatedBy&gt;SYSTEM&lt;/CreatedBy&gt;&lt;CreatedOn&gt;2016-12-17T13:41:14&lt;/CreatedOn&gt;&lt;ModifiedBy&gt;System&lt;/ModifiedBy&gt;&lt;ModifiedOn&gt;2016-12-17T13:41:16&lt;/ModifiedOn&gt;&lt;tagName&gt;Data_00&lt;/tagName&gt;&lt;tagTypeID&gt;8&lt;/tagTypeID&gt;&lt;tagGroupID&gt;1&lt;/tagGroupID&gt;&lt;tagFunctionID&gt;4&lt;/tagFunctionID&gt;&lt;COM_typeName&gt;TSend&lt;/COM_typeName&gt;&lt;FNC_typeName&gt;DefDataTable&lt;/FNC_typeName&gt;&lt;OPC_typeName&gt;FLOAT&lt;/OPC_typeName&gt;&lt;unitID&gt;36&lt;/unitID&gt;&lt;lineID&gt;35&lt;/lineID&gt;&lt;nameDefined&gt;Hi\Lo&lt;/nameDefined&gt;&lt;uomDefinedID&gt;24&lt;/uomDefinedID&gt;&lt;UOMName&gt;MM&lt;/UOMName&gt;&lt;UOMDescription&gt;MILIMETERS&lt;/UOMDescription&gt;&lt;serialNumber&gt;FTW3M16000aob&lt;/serialNumber&gt;&lt;avrg&gt;0.002575&lt;/avrg&gt;&lt;/Row&gt;&lt;Row&gt;&lt;notifRecordID&gt;113666&lt;/notifRecordID&gt;&lt;notifTagID&gt;123&lt;/notifTagID&gt;&lt;notifTagValue&gt;0.006&lt;/notifTagValue&gt;&lt;recordID&gt;113666&lt;/recordID&gt;&lt;notifName&gt;TransCtr&lt;/notifName&gt;&lt;notifDescription&gt;P558_JENOPTIK&lt;/notifDescription&gt;&lt;CreatedBy&gt;SYSTEM&lt;/CreatedBy&gt;&lt;CreatedOn&gt;2016-12-17T13:44:06&lt;/CreatedOn&gt;&lt;ModifiedBy&gt;System&lt;/ModifiedBy&gt;&lt;ModifiedOn&gt;2016-12-17T13:44:08&lt;/ModifiedOn&gt;&lt;tagName&gt;Data_00&lt;/tagName&gt;&lt;tagTypeID&gt;8&lt;/tagTypeID&gt;&lt;tagGroupID&gt;1&lt;/tagGroupID&gt;&lt;tagFunctionID&gt;4&lt;/tagFunctionID&gt;&lt;COM_typeName&gt;TSend&lt;/COM_typeName&gt;&lt;FNC_typeName&gt;DefDataTable&lt;/FNC_typeName&gt;&lt;OPC_typeName&gt;FLOAT&lt;/OPC_typeName&gt;&lt;unitID&gt;36&lt;/unitID&gt;&lt;lineID&gt;35&lt;/lineID&gt;&lt;nameDefined&gt;Hi\Lo&lt;/nameDefined&gt;&lt;uomDefinedID&gt;24&lt;/uomDefinedID&gt;&lt;UOMName&gt;MM&lt;/UOMName&gt;&lt;UOMDescription&gt;MILIMETERS&lt;/UOMDescription&gt;&lt;serialNumber&gt;FTW2M160006wc&lt;/serialNumber&gt;&lt;avrg&gt;0.002575&lt;/avrg&gt;&lt;/Row&gt;&lt;Row&gt;&lt;notifRecordID&gt;113670&lt;/notifRecordID&gt;&lt;notifTagID&gt;123&lt;/notifTagID&gt;&lt;notifTagValue&gt;0.002&lt;/notifTagValue&gt;&lt;recordID&gt;113670&lt;/recordID&gt;&lt;notifName&gt;TransCtr&lt;/notifName&gt;&lt;notifDescription&gt;P558_JENOPTIK&lt;/notifDescription&gt;&lt;CreatedBy&gt;SYSTEM&lt;/CreatedBy&gt;&lt;CreatedOn&gt;2016-12-17T13:50:38&lt;/CreatedOn&gt;&lt;ModifiedBy&gt;System&lt;/ModifiedBy&gt;&lt;ModifiedOn&gt;2016-12-17T13:50:40&lt;/ModifiedOn&gt;&lt;tagName&gt;Data_00&lt;/tagName&gt;&lt;tagTypeID&gt;8&lt;/tagTypeID&gt;&lt;tagGroupID&gt;1&lt;/tagGroupID&gt;&lt;tagFunctionID&gt;4&lt;/tagFunctionID&gt;&lt;COM_typeName&gt;TSend&lt;/COM_typeName&gt;&lt;FNC_typeName&gt;DefDataTable&lt;/FNC_typeName&gt;&lt;OPC_typeName&gt;FLOAT&lt;/OPC_typeName&gt;&lt;unitID&gt;36&lt;/unitID&gt;&lt;lineID&gt;35&lt;/lineID&gt;&lt;nameDefined&gt;Hi\Lo&lt;/nameDefined&gt;&lt;uomDefinedID&gt;24&lt;/uomDefinedID&gt;&lt;UOMName&gt;MM&lt;/UOMName&gt;&lt;UOMDescription&gt;MILIMETERS&lt;/UOMDescription&gt;&lt;serialNumber&gt;FTW2M160006wd&lt;/serialNumber&gt;&lt;avrg&gt;0.002575&lt;/avrg&gt;&lt;/Row&gt;&lt;Row&gt;&lt;notifRecordID&gt;113673&lt;/notifRecordID&gt;&lt;notifTagID&gt;123&lt;/notifTagID&gt;&lt;notifTagValue&gt;0.0&lt;/notifTagValue&gt;&lt;recordID&gt;113673&lt;/recordID&gt;&lt;notifName&gt;TransCtr&lt;/notifName&gt;&lt;notifDescription&gt;P558_JENOPTIK&lt;/notifDescription&gt;&lt;CreatedBy&gt;SYSTEM&lt;/CreatedBy&gt;&lt;CreatedOn&gt;2016-12-17T13:52:29&lt;/CreatedOn&gt;&lt;ModifiedBy&gt;System&lt;/ModifiedBy&gt;&lt;ModifiedOn&gt;2016-12-17T13:52:31&lt;/ModifiedOn&gt;&lt;tagName&gt;Data_00&lt;/tagName&gt;&lt;tagTypeID&gt;8&lt;/tagTypeID&gt;&lt;tagGroupID&gt;1&lt;/tagGroupID&gt;&lt;tagFunctionID&gt;4&lt;/tagFunctionID&gt;&lt;COM_typeName&gt;TSend&lt;/COM_typeName&gt;&lt;FNC_typeName&gt;DefDataTable&lt;/FNC_typeName&gt;&lt;OPC_typeName&gt;FLOAT&lt;/OPC_typeName&gt;&lt;unitID&gt;36&lt;/unitID&gt;&lt;lineID&gt;35&lt;/lineID&gt;&lt;nameDefined&gt;Hi\Lo&lt;/nameDefined&gt;&lt;uomDefinedID&gt;24&lt;/uomDefinedID&gt;&lt;UOMName&gt;MM&lt;/UOMName&gt;&lt;UOMDescription&gt;MILIMETERS&lt;/UOMDescription&gt;&lt;serialNumber&gt;FTW3M16000aod&lt;/serialNumber&gt;&lt;avrg&gt;0.002575&lt;/avrg&gt;&lt;/Row&gt;&lt;Row&gt;&lt;notifRecordID&gt;113676&lt;/notifRecordID&gt;&lt;notifTagID&gt;123&lt;/notifTagID&gt;&lt;notifTagValue&gt;0.002&lt;/notifTagValue&gt;&lt;recordID&gt;113676&lt;/recordID&gt;&lt;notifName&gt;TransCtr&lt;/notifName&gt;&lt;notifDescription&gt;P558_JENOPTIK&lt;/notifDescription&gt;&lt;CreatedBy&gt;SYSTEM&lt;/CreatedBy&gt;&lt;CreatedOn&gt;2016-12-17T13:56:48&lt;/CreatedOn&gt;&lt;ModifiedBy&gt;System&lt;/ModifiedBy&gt;&lt;ModifiedOn&gt;2016-12-17T13:56:50&lt;/ModifiedOn&gt;&lt;tagName&gt;Data_00&lt;/tagName&gt;&lt;tagTypeID&gt;8&lt;/tagTypeID&gt;&lt;tagGroupID&gt;1&lt;/tagGroupID&gt;&lt;tagFunctionID&gt;4&lt;/tagFunctionID&gt;&lt;COM_typeName&gt;TSend&lt;/COM_typeName&gt;&lt;FNC_typeName&gt;DefDataTable&lt;/FNC_typeName&gt;&lt;OPC_typeName&gt;FLOAT&lt;/OPC_typeName&gt;&lt;unitID&gt;36&lt;/unitID&gt;&lt;lineID&gt;35&lt;/lineID&gt;&lt;nameDefined&gt;Hi\Lo&lt;/nameDefined&gt;&lt;uomDefinedID&gt;24&lt;/uomDefinedID&gt;&lt;UOMName&gt;MM&lt;/UOMName&gt;&lt;UOMDescription&gt;MILIMETERS&lt;/UOMDescription&gt;&lt;serialNumber&gt;FTW3M16000aof&lt;/serialNumber&gt;&lt;avrg&gt;0.002575&lt;/avrg&gt;&lt;/Row&gt;&lt;Row&gt;&lt;notifRecordID&gt;113682&lt;/notifRecordID&gt;&lt;notifTagID&gt;123&lt;/notifTagID&gt;&lt;notifTagValue&gt;0.004&lt;/notifTagValue&gt;&lt;recordID&gt;113682&lt;/recordID&gt;&lt;notifName&gt;TransCtr&lt;/notifName&gt;&lt;notifDescription&gt;P558_JENOPTIK&lt;/notifDescription&gt;&lt;CreatedBy&gt;SYSTEM&lt;/CreatedBy&gt;&lt;CreatedOn&gt;2016-12-17T14:03:54&lt;/CreatedOn&gt;&lt;ModifiedBy&gt;System&lt;/ModifiedBy&gt;&lt;ModifiedOn&gt;2016-12-17T14:03:56&lt;/ModifiedOn&gt;&lt;tagName&gt;Data_00&lt;/tagName&gt;&lt;tagTypeID&gt;8&lt;/tagTypeID&gt;&lt;tagGroupID&gt;1&lt;/tagGroupID&gt;&lt;tagFunctionID&gt;4&lt;/tagFunctionID&gt;&lt;COM_typeName&gt;TSend&lt;/COM_typeName&gt;&lt;FNC_typeName&gt;DefDataTable&lt;/FNC_typeName&gt;&lt;OPC_typeName&gt;FLOAT&lt;/OPC_typeName&gt;&lt;unitID&gt;36&lt;/unitID&gt;&lt;lineID&gt;35&lt;/lineID&gt;&lt;nameDefined&gt;Hi\Lo&lt;/nameDefined&gt;&lt;uomDefinedID&gt;24&lt;/uomDefinedID&gt;&lt;UOMName&gt;MM&lt;/UOMName&gt;&lt;UOMDescription&gt;MILIMETERS&lt;/UOMDescription&gt;&lt;serialNumber&gt;FTW3M16000aoe&lt;/serialNumber&gt;&lt;avrg&gt;0.002575&lt;/avrg&gt;&lt;/Row&gt;&lt;Row&gt;&lt;notifRecordID&gt;113687&lt;/notifRecordID&gt;&lt;notifTagID&gt;123&lt;/notifTagID&gt;&lt;notifTagValue&gt;0.005&lt;/notifTagValue&gt;&lt;recordID&gt;113687&lt;/recordID&gt;&lt;notifName&gt;TransCtr&lt;/notifName&gt;&lt;notifDescription&gt;P558_JENOPTIK&lt;/notifDescription&gt;&lt;CreatedBy&gt;SYSTEM&lt;/CreatedBy&gt;&lt;CreatedOn&gt;2016-12-17T14:10:23&lt;/CreatedOn&gt;&lt;ModifiedBy&gt;System&lt;/ModifiedBy&gt;&lt;ModifiedOn&gt;2016-12-17T14:10:25&lt;/ModifiedOn&gt;&lt;tagName&gt;Data_00&lt;/tagName&gt;&lt;tagTypeID&gt;8&lt;/tagTypeID&gt;&lt;tagGroupID&gt;1&lt;/tagGroupID&gt;&lt;tagFunctionID&gt;4&lt;/tagFunctionID&gt;&lt;COM_typeName&gt;TSend&lt;/COM_typeName&gt;&lt;FNC_typeName&gt;DefDataTable&lt;/FNC_typeName&gt;&lt;OPC_typeName&gt;FLOAT&lt;/OPC_typeName&gt;&lt;unitID&gt;36&lt;/unitID&gt;&lt;lineID&gt;35&lt;/lineID&gt;&lt;nameDefined&gt;Hi\Lo&lt;/nameDefined&gt;&lt;uomDefinedID&gt;24&lt;/uomDefinedID&gt;&lt;UOMName&gt;MM&lt;/UOMName&gt;&lt;UOMDescription&gt;MILIMETERS&lt;/UOMDescription&gt;&lt;serialNumber&gt;FTW2M160006we&lt;/serialNumber&gt;&lt;avrg&gt;0.002575&lt;/avrg&gt;&lt;/Row&gt;&lt;Row&gt;&lt;notifRecordID&gt;113691&lt;/notifRecordID&gt;&lt;notifTagID&gt;123&lt;/notifTagID&gt;&lt;notifTagValue&gt;-0.003&lt;/notifTagValue&gt;&lt;recordID&gt;113691&lt;/recordID&gt;&lt;notifName&gt;TransCtr&lt;/notifName&gt;&lt;notifDescription&gt;P558_JENOPTIK&lt;/notifDescription&gt;&lt;CreatedBy&gt;SYSTEM&lt;/CreatedBy&gt;&lt;CreatedOn&gt;2016-12-17T14:12:44&lt;/CreatedOn&gt;&lt;ModifiedBy&gt;System&lt;/ModifiedBy&gt;&lt;ModifiedOn&gt;2016-12-17T14:12:46&lt;/ModifiedOn&gt;&lt;tagName&gt;Data_00&lt;/tagName&gt;&lt;tagTypeID&gt;8&lt;/tagTypeID&gt;&lt;tagGroupID&gt;1&lt;/tagGroupID&gt;&lt;tagFunctionID&gt;4&lt;/tagFunctionID&gt;&lt;COM_typeName&gt;TSend&lt;/COM_typeName&gt;&lt;FNC_typeName&gt;DefDataTable&lt;/FNC_typeName&gt;&lt;OPC_typeName&gt;FLOAT&lt;/OPC_typeName&gt;&lt;unitID&gt;36&lt;/unitID&gt;&lt;lineID&gt;35&lt;/lineID&gt;&lt;nameDefined&gt;Hi\Lo&lt;/nameDefined&gt;&lt;uomDefinedID&gt;24&lt;/uomDefinedID&gt;&lt;UOMName&gt;MM&lt;/UOMName&gt;&lt;UOMDescription&gt;MILIMETERS&lt;/UOMDescription&gt;&lt;serialNumber&gt;FTW2M160006wf&lt;/serialNumber&gt;&lt;avrg&gt;0.002575&lt;/avrg&gt;&lt;/Row&gt;&lt;Row&gt;&lt;notifRecordID&gt;113695&lt;/notifRecordID&gt;&lt;notifTagID&gt;123&lt;/notifTagID&gt;&lt;notifTagValue&gt;-0.003&lt;/notifTagValue&gt;&lt;recordID&gt;113695&lt;/recordID&gt;&lt;notifName&gt;TransCtr&lt;/notifName&gt;&lt;notifDescription&gt;P558_JENOPTIK&lt;/notifDescription&gt;&lt;CreatedBy&gt;SYSTEM&lt;/CreatedBy&gt;&lt;CreatedOn&gt;2016-12-17T14:20:15&lt;/CreatedOn&gt;&lt;ModifiedBy&gt;System&lt;/ModifiedBy&gt;&lt;ModifiedOn&gt;2016-12-17T14:20:17&lt;/ModifiedOn&gt;&lt;tagName&gt;Data_00&lt;/tagName&gt;&lt;tagTypeID&gt;8&lt;/tagTypeID&gt;&lt;tagGroupID&gt;1&lt;/tagGroupID&gt;&lt;tagFunctionID&gt;4&lt;/tagFunctionID&gt;&lt;COM_typeName&gt;TSend&lt;/COM_typeName&gt;&lt;FNC_typeName&gt;DefDataTable&lt;/FNC_typeName&gt;&lt;OPC_typeName&gt;FLOAT&lt;/OPC_typeName&gt;&lt;unitID&gt;36&lt;/unitID&gt;&lt;lineID&gt;35&lt;/lineID&gt;&lt;nameDefined&gt;Hi\Lo&lt;/nameDefined&gt;&lt;uomDefinedID&gt;24&lt;/uomDefinedID&gt;&lt;UOMName&gt;MM&lt;/UOMName&gt;&lt;UOMDescription&gt;MILIMETERS&lt;/UOMDescription&gt;&lt;serialNumber&gt;FTW3M16000aog&lt;/serialNumber&gt;&lt;avrg&gt;0.002575&lt;/avrg&gt;&lt;/Row&gt;&lt;Row&gt;&lt;notifRecordID&gt;113700&lt;/notifRecordID&gt;&lt;notifTagID&gt;123&lt;/notifTagID&gt;&lt;notifTagValue&gt;-0.001&lt;/notifTagValue&gt;&lt;recordID&gt;113700&lt;/recordID&gt;&lt;notifName&gt;TransCtr&lt;/notifName&gt;&lt;notifDescription&gt;P558_JENOPTIK&lt;/notifDescription&gt;&lt;CreatedBy&gt;SYSTEM&lt;/CreatedBy&gt;&lt;CreatedOn&gt;2016-12-17T14:25:06&lt;/CreatedOn&gt;&lt;ModifiedBy&gt;System&lt;/ModifiedBy&gt;&lt;ModifiedOn&gt;2016-12-17T14:25:08&lt;/ModifiedOn&gt;&lt;tagName&gt;Data_00&lt;/tagName&gt;&lt;tagTypeID&gt;8&lt;/tagTypeID&gt;&lt;tagGroupID&gt;1&lt;/tagGroupID&gt;&lt;tagFunctionID&gt;4&lt;/tagFunctionID&gt;&lt;COM_typeName&gt;TSend&lt;/COM_typeName&gt;&lt;FNC_typeName&gt;DefDataTable&lt;/FNC_typeName&gt;&lt;OPC_typeName&gt;FLOAT&lt;/OPC_typeName&gt;&lt;unitID&gt;36&lt;/unitID&gt;&lt;lineID&gt;35&lt;/lineID&gt;&lt;nameDefined&gt;Hi\Lo&lt;/nameDefined&gt;&lt;uomDefinedID&gt;24&lt;/uomDefinedID&gt;&lt;UOMName&gt;MM&lt;/UOMName&gt;&lt;UOMDescription&gt;MILIMETERS&lt;/UOMDescription&gt;&lt;serialNumber&gt;FTW3M16000aoh&lt;/serialNumber&gt;&lt;avrg&gt;0.002575&lt;/avrg&gt;&lt;/Row&gt;&lt;Row&gt;&lt;notifRecordID&gt;113704&lt;/notifRecordID&gt;&lt;notifTagID&gt;123&lt;/notifTagID&gt;&lt;notifTagValue&gt;0.003&lt;/notifTagValue&gt;&lt;recordID&gt;113704&lt;/recordID&gt;&lt;notifName&gt;TransCtr&lt;/notifName&gt;&lt;notifDescription&gt;P558_JENOPTIK&lt;/notifDescription&gt;&lt;CreatedBy&gt;SYSTEM&lt;/CreatedBy&gt;&lt;CreatedOn&gt;2016-12-17T14:29:48&lt;/CreatedOn&gt;&lt;ModifiedBy&gt;System&lt;/ModifiedBy&gt;&lt;ModifiedOn&gt;2016-12-17T14:29:50&lt;/ModifiedOn&gt;&lt;tagName&gt;Data_00&lt;/tagName&gt;&lt;tagTypeID&gt;8&lt;/tagTypeID&gt;&lt;tagGroupID&gt;1&lt;/tagGroupID&gt;&lt;tagFunctionID&gt;4&lt;/tagFunctionID&gt;&lt;COM_typeName&gt;TSend&lt;/COM_typeName&gt;&lt;FNC_typeName&gt;DefDataTable&lt;/FNC_typeName&gt;&lt;OPC_typeName&gt;FLOAT&lt;/OPC_typeName&gt;&lt;unitID&gt;36&lt;/unitID&gt;&lt;lineID&gt;35&lt;/lineID&gt;&lt;nameDefined&gt;Hi\Lo&lt;/nameDefined&gt;&lt;uomDefinedID&gt;24&lt;/uomDefinedID&gt;&lt;UOMName&gt;MM&lt;/UOMName&gt;&lt;UOMDescription&gt;MILIMETERS&lt;/UOMDescription&gt;&lt;serialNumber&gt;FTW3M16000aoi&lt;/serialNumber&gt;&lt;avrg&gt;0.002575&lt;/avrg&gt;&lt;/Row&gt;&lt;Row&gt;&lt;notifRecordID&gt;113707&lt;/notifRecordID&gt;&lt;notifTagID&gt;123&lt;/notifTagID&gt;&lt;notifTagValue&gt;0.0&lt;/notifTagValue&gt;&lt;recordID&gt;113707&lt;/recordID&gt;&lt;notifName&gt;TransCtr&lt;/notifName&gt;&lt;notifDescription&gt;P558_JENOPTIK&lt;/notifDescription&gt;&lt;CreatedBy&gt;SYSTEM&lt;/CreatedBy&gt;&lt;CreatedOn&gt;2016-12-17T14:32:53&lt;/CreatedOn&gt;&lt;ModifiedBy&gt;System&lt;/ModifiedBy&gt;&lt;ModifiedOn&gt;2016-12-17T14:32:55&lt;/ModifiedOn&gt;&lt;tagName&gt;Data_00&lt;/tagName&gt;&lt;tagTypeID&gt;8&lt;/tagTypeID&gt;&lt;tagGroupID&gt;1&lt;/tagGroupID&gt;&lt;tagFunctionID&gt;4&lt;/tagFunctionID&gt;&lt;COM_typeName&gt;TSend&lt;/COM_typeName&gt;&lt;FNC_typeName&gt;DefDataTable&lt;/FNC_typeName&gt;&lt;OPC_typeName&gt;FLOAT&lt;/OPC_typeName&gt;&lt;unitID&gt;36&lt;/unitID&gt;&lt;lineID&gt;35&lt;/lineID&gt;&lt;nameDefined&gt;Hi\Lo&lt;/nameDefined&gt;&lt;uomDefinedID&gt;24&lt;/uomDefinedID&gt;&lt;UOMName&gt;MM&lt;/UOMName&gt;&lt;UOMDescription&gt;MILIMETERS&lt;/UOMDescription&gt;&lt;serialNumber&gt;FTW2M160006wg&lt;/serialNumber&gt;&lt;avrg&gt;0.002575&lt;/avrg&gt;&lt;/Row&gt;&lt;Row&gt;&lt;notifRecordID&gt;113712&lt;/notifRecordID&gt;&lt;notifTagID&gt;123&lt;/notifTagID&gt;&lt;notifTagValue&gt;-0.004&lt;/notifTagValue&gt;&lt;recordID&gt;113712&lt;/recordID&gt;&lt;notifName&gt;TransCtr&lt;/notifName&gt;&lt;notifDescription&gt;P558_JENOPTIK&lt;/notifDescription&gt;&lt;CreatedBy&gt;SYSTEM&lt;/CreatedBy&gt;&lt;CreatedOn&gt;2016-12-17T14:39:22&lt;/CreatedOn&gt;&lt;ModifiedBy&gt;System&lt;/ModifiedBy&gt;&lt;ModifiedOn&gt;2016-12-17T14:39:24&lt;/ModifiedOn&gt;&lt;tagName&gt;Data_00&lt;/tagName&gt;&lt;tagTypeID&gt;8&lt;/tagTypeID&gt;&lt;tagGroupID&gt;1&lt;/tagGroupID&gt;&lt;tagFunctionID&gt;4&lt;/tagFunctionID&gt;&lt;COM_typeName&gt;TSend&lt;/COM_typeName&gt;&lt;FNC_typeName&gt;DefDataTable&lt;/FNC_typeName&gt;&lt;OPC_typeName&gt;FLOAT&lt;/OPC_typeName&gt;&lt;unitID&gt;36&lt;/unitID&gt;&lt;lineID&gt;35&lt;/lineID&gt;&lt;nameDefined&gt;Hi\Lo&lt;/nameDefined&gt;&lt;uomDefinedID&gt;24&lt;/uomDefinedID&gt;&lt;UOMName&gt;MM&lt;/UOMName&gt;&lt;UOMDescription&gt;MILIMETERS&lt;/UOMDescription&gt;&lt;serialNumber&gt;FTW3M16000aoj&lt;/serialNumber&gt;&lt;avrg&gt;0.002575&lt;/avrg&gt;&lt;/Row&gt;&lt;Row&gt;&lt;notifRecordID&gt;113714&lt;/notifRecordID&gt;&lt;notifTagID&gt;123&lt;/notifTagID&gt;&lt;notifTagValue&gt;-0.006&lt;/notifTagValue&gt;&lt;recordID&gt;113714&lt;/recordID&gt;&lt;notifName&gt;TransCtr&lt;/notifName&gt;&lt;notifDescription&gt;P558_JENOPTIK&lt;/notifDescription&gt;&lt;CreatedBy&gt;SYSTEM&lt;/CreatedBy&gt;&lt;CreatedOn&gt;2016-12-17T14:42:22&lt;/CreatedOn&gt;&lt;ModifiedBy&gt;System&lt;/ModifiedBy&gt;&lt;ModifiedOn&gt;2016-12-17T14:42:24&lt;/ModifiedOn&gt;&lt;tagName&gt;Data_00&lt;/tagName&gt;&lt;tagTypeID&gt;8&lt;/tagTypeID&gt;&lt;tagGroupID&gt;1&lt;/tagGroupID&gt;&lt;tagFunctionID&gt;4&lt;/tagFunctionID&gt;&lt;COM_typeName&gt;TSend&lt;/COM_typeName&gt;&lt;FNC_typeName&gt;DefDataTable&lt;/FNC_typeName&gt;&lt;OPC_typeName&gt;FLOAT&lt;/OPC_typeName&gt;&lt;unitID&gt;36&lt;/unitID&gt;&lt;lineID&gt;35&lt;/lineID&gt;&lt;nameDefined&gt;Hi\Lo&lt;/nameDefined&gt;&lt;uomDefinedID&gt;24&lt;/uomDefinedID&gt;&lt;UOMName&gt;MM&lt;/UOMName&gt;&lt;UOMDescription&gt;MILIMETERS&lt;/UOMDescription&gt;&lt;serialNumber&gt;FTW2M160006wh&lt;/serialNumber&gt;&lt;avrg&gt;0.002575&lt;/avrg&gt;&lt;/Row&gt;&lt;Row&gt;&lt;notifRecordID&gt;113735&lt;/notifRecordID&gt;&lt;notifTagID&gt;123&lt;/notifTagID&gt;&lt;notifTagValue&gt;0.006&lt;/notifTagValue&gt;&lt;recordID&gt;113735&lt;/recordID&gt;&lt;notifName&gt;TransCtr&lt;/notifName&gt;&lt;notifDescription&gt;P558_JENOPTIK&lt;/notifDescription&gt;&lt;CreatedBy&gt;SYSTEM&lt;/CreatedBy&gt;&lt;CreatedOn&gt;2016-12-17T15:30:11&lt;/CreatedOn&gt;&lt;ModifiedBy&gt;System&lt;/ModifiedBy&gt;&lt;ModifiedOn&gt;2016-12-17T15:30:13&lt;/ModifiedOn&gt;&lt;tagName&gt;Data_00&lt;/tagName&gt;&lt;tagTypeID&gt;8&lt;/tagTypeID&gt;&lt;tagGroupID&gt;1&lt;/tagGroupID&gt;&lt;tagFunctionID&gt;4&lt;/tagFunctionID&gt;&lt;COM_typeName&gt;TSend&lt;/COM_typeName&gt;&lt;FNC_typeName&gt;DefDataTable&lt;/FNC_typeName&gt;&lt;OPC_typeName&gt;FLOAT&lt;/OPC_typeName&gt;&lt;unitID&gt;36&lt;/unitID&gt;&lt;lineID&gt;35&lt;/lineID&gt;&lt;nameDefined&gt;Hi\Lo&lt;/nameDefined&gt;&lt;uomDefinedID&gt;24&lt;/uomDefinedID&gt;&lt;UOMName&gt;MM&lt;/UOMName&gt;&lt;UOMDescription&gt;MILIMETERS&lt;/UOMDescription&gt;&lt;serialNumber&gt;FTW2M160006wi&lt;/serialNumber&gt;&lt;avrg&gt;0.002575&lt;/avrg&gt;&lt;/Row&gt;&lt;Row&gt;&lt;notifRecordID&gt;113741&lt;/notifRecordID&gt;&lt;notifTagID&gt;123&lt;/notifTagID&gt;&lt;notifTagValue&gt;0.014&lt;/notifTagValue&gt;&lt;recordID&gt;113741&lt;/recordID&gt;&lt;notifName&gt;TransCtr&lt;/notifName&gt;&lt;notifDescription&gt;P558_JENOPTIK&lt;/notifDescription&gt;&lt;CreatedBy&gt;SYSTEM&lt;/CreatedBy&gt;&lt;CreatedOn&gt;2016-12-17T15:33:16&lt;/CreatedOn&gt;&lt;ModifiedBy&gt;System&lt;/ModifiedBy&gt;&lt;ModifiedOn&gt;2016-12-17T15:33:18&lt;/ModifiedOn&gt;&lt;tagName&gt;Data_00&lt;/tagName&gt;&lt;tagTypeID&gt;8&lt;/tagTypeID&gt;&lt;tagGroupID&gt;1&lt;/tagGroupID&gt;&lt;tagFunctionID&gt;4&lt;/tagFunctionID&gt;&lt;COM_typeName&gt;TSend&lt;/COM_typeName&gt;&lt;FNC_typeName&gt;DefDataTable&lt;/FNC_typeName&gt;&lt;OPC_typeName&gt;FLOAT&lt;/OPC_typeName&gt;&lt;unitID&gt;36&lt;/unitID&gt;&lt;lineID&gt;35&lt;/lineID&gt;&lt;nameDefined&gt;Hi\Lo&lt;/nameDefined&gt;&lt;uomDefinedID&gt;24&lt;/uomDefinedID&gt;&lt;UOMName&gt;MM&lt;/UOMName&gt;&lt;UOMDescription&gt;MILIMETERS&lt;/UOMDescription&gt;&lt;serialNumber&gt;FTW3M16000aok&lt;/serialNumber&gt;&lt;avrg&gt;0.002575&lt;/avrg&gt;&lt;/Row&gt;&lt;Row&gt;&lt;notifRecordID&gt;113744&lt;/notifRecordID&gt;&lt;notifTagID&gt;123&lt;/notifTagID&gt;&lt;notifTagValue&gt;-0.002&lt;/notifTagValue&gt;&lt;recordID&gt;113744&lt;/recordID&gt;&lt;notifName&gt;TransCtr&lt;/notifName&gt;&lt;notifDescription&gt;P558_JENOPTIK&lt;/notifDescription&gt;&lt;CreatedBy&gt;SYSTEM&lt;/CreatedBy&gt;&lt;CreatedOn&gt;2016-12-17T15:35:17&lt;/CreatedOn&gt;&lt;ModifiedBy&gt;System&lt;/ModifiedBy&gt;&lt;ModifiedOn&gt;2016-12-17T15:35:19&lt;/ModifiedOn&gt;&lt;tagName&gt;Data_00&lt;/tagName&gt;&lt;tagTypeID&gt;8&lt;/tagTypeID&gt;&lt;tagGroupID&gt;1&lt;/tagGroupID&gt;&lt;tagFunctionID&gt;4&lt;/tagFunctionID&gt;&lt;COM_typeName&gt;TSend&lt;/COM_typeName&gt;&lt;FNC_typeName&gt;DefDataTable&lt;/FNC_typeName&gt;&lt;OPC_typeName&gt;FLOAT&lt;/OPC_typeName&gt;&lt;unitID&gt;36&lt;/unitID&gt;&lt;lineID&gt;35&lt;/lineID&gt;&lt;nameDefined&gt;Hi\Lo&lt;/nameDefined&gt;&lt;uomDefinedID&gt;24&lt;/uomDefinedID&gt;&lt;UOMName&gt;MM&lt;/UOMName&gt;&lt;UOMDescription&gt;MILIMETERS&lt;/UOMDescription&gt;&lt;serialNumber&gt;FTW2M160006wj&lt;/serialNumber&gt;&lt;avrg&gt;0.002575&lt;/avrg&gt;&lt;/Row&gt;&lt;Row&gt;&lt;notifRecordID&gt;113746&lt;/notifRecordID&gt;&lt;notifTagID&gt;123&lt;/notifTagID&gt;&lt;notifTagValue&gt;-0.002&lt;/notifTagValue&gt;&lt;recordID&gt;113746&lt;/recordID&gt;&lt;notifName&gt;TransCtr&lt;/notifName&gt;&lt;notifDescription&gt;P558_JENOPTIK&lt;/notifDescription&gt;&lt;CreatedBy&gt;SYSTEM&lt;/CreatedBy&gt;&lt;CreatedOn&gt;2016-12-17T15:36:48&lt;/CreatedOn&gt;&lt;ModifiedBy&gt;System&lt;/ModifiedBy&gt;&lt;ModifiedOn&gt;2016-12-17T15:36:49&lt;/ModifiedOn&gt;&lt;tagName&gt;Data_00&lt;/tagName&gt;&lt;tagTypeID&gt;8&lt;/tagTypeID&gt;&lt;tagGroupID&gt;1&lt;/tagGroupID&gt;&lt;tagFunctionID&gt;4&lt;/tagFunctionID&gt;&lt;COM_typeName&gt;TSend&lt;/COM_typeName&gt;&lt;FNC_typeName&gt;DefDataTable&lt;/FNC_typeName&gt;&lt;OPC_typeName&gt;FLOAT&lt;/OPC_typeName&gt;&lt;unitID&gt;36&lt;/unitID&gt;&lt;lineID&gt;35&lt;/lineID&gt;&lt;nameDefined&gt;Hi\Lo&lt;/nameDefined&gt;&lt;uomDefinedID&gt;24&lt;/uomDefinedID&gt;&lt;UOMName&gt;MM&lt;/UOMName&gt;&lt;UOMDescription&gt;MILIMETERS&lt;/UOMDescription&gt;&lt;serialNumber&gt;FTW3M16000aol&lt;/serialNumber&gt;&lt;avrg&gt;0.002575&lt;/avrg&gt;&lt;/Row&gt;&lt;Row&gt;&lt;notifRecordID&gt;113750&lt;/notifRecordID&gt;&lt;notifTagID&gt;123&lt;/notifTagID&gt;&lt;notifTagValue&gt;-0.002&lt;/notifTagValue&gt;&lt;recordID&gt;113750&lt;/recordID&gt;&lt;notifName&gt;TransCtr&lt;/notifName&gt;&lt;notifDescription&gt;P558_JENOPTIK&lt;/notifDescription&gt;&lt;CreatedBy&gt;SYSTEM&lt;/CreatedBy&gt;&lt;CreatedOn&gt;2016-12-17T15:38:10&lt;/CreatedOn&gt;&lt;ModifiedBy&gt;System&lt;/ModifiedBy&gt;&lt;ModifiedOn&gt;2016-12-17T15:38:12&lt;/ModifiedOn&gt;&lt;tagName&gt;Data_00&lt;/tagName&gt;&lt;tagTypeID&gt;8&lt;/tagTypeID&gt;&lt;tagGroupID&gt;1&lt;/tagGroupID&gt;&lt;tagFunctionID&gt;4&lt;/tagFunctionID&gt;&lt;COM_typeName&gt;TSend&lt;/COM_typeName&gt;&lt;FNC_typeName&gt;DefDataTable&lt;/FNC_typeName&gt;&lt;OPC_typeName&gt;FLOAT&lt;/OPC_typeName&gt;&lt;unitID&gt;36&lt;/unitID&gt;&lt;lineID&gt;35&lt;/lineID&gt;&lt;nameDefined&gt;Hi\Lo&lt;/nameDefined&gt;&lt;uomDefinedID&gt;24&lt;/uomDefinedID&gt;&lt;UOMName&gt;MM&lt;/UOMName&gt;&lt;UOMDescription&gt;MILIMETERS&lt;/UOMDescription&gt;&lt;serialNumber&gt;FTW3M16000aom&lt;/serialNumber&gt;&lt;avrg&gt;0.002575&lt;/avrg&gt;&lt;/Row&gt;&lt;Row&gt;&lt;notifRecordID&gt;113752&lt;/notifRecordID&gt;&lt;notifTagID&gt;123&lt;/notifTagID&gt;&lt;notifTagValue&gt;0.002&lt;/notifTagValue&gt;&lt;recordID&gt;113752&lt;/recordID&gt;&lt;notifName&gt;TransCtr&lt;/notifName&gt;&lt;notifDescription&gt;P558_JENOPTIK&lt;/notifDescription&gt;&lt;CreatedBy&gt;SYSTEM&lt;/CreatedBy&gt;&lt;CreatedOn&gt;2016-12-17T15:40:13&lt;/CreatedOn&gt;&lt;ModifiedBy&gt;System&lt;/ModifiedBy&gt;&lt;ModifiedOn&gt;2016-12-17T15:40:15&lt;/ModifiedOn&gt;&lt;tagName&gt;Data_00&lt;/tagName&gt;&lt;tagTypeID&gt;8&lt;/tagTypeID&gt;&lt;tagGroupID&gt;1&lt;/tagGroupID&gt;&lt;tagFunctionID&gt;4&lt;/tagFunctionID&gt;&lt;COM_typeName&gt;TSend&lt;/COM_typeName&gt;&lt;FNC_typeName&gt;DefDataTable&lt;/FNC_typeName&gt;&lt;OPC_typeName&gt;FLOAT&lt;/OPC_typeName&gt;&lt;unitID&gt;36&lt;/unitID&gt;&lt;lineID&gt;35&lt;/lineID&gt;&lt;nameDefined&gt;Hi\Lo&lt;/nameDefined&gt;&lt;uomDefinedID&gt;24&lt;/uomDefinedID&gt;&lt;UOMName&gt;MM&lt;/UOMName&gt;&lt;UOMDescription&gt;MILIMETERS&lt;/UOMDescription&gt;&lt;serialNumber&gt;FTW3M16000aoo&lt;/serialNumber&gt;&lt;avrg&gt;0.002575&lt;/avrg&gt;&lt;/Row&gt;&lt;Row&gt;&lt;notifRecordID&gt;113754&lt;/notifRecordID&gt;&lt;notifTagID&gt;123&lt;/notifTagID&gt;&lt;notifTagValue&gt;0.005&lt;/notifTagValue&gt;&lt;recordID&gt;113754&lt;/recordID&gt;&lt;notifName&gt;TransCtr&lt;/notifName&gt;&lt;notifDescription&gt;P558_JENOPTIK&lt;/notifDescription&gt;&lt;CreatedBy&gt;SYSTEM&lt;/CreatedBy&gt;&lt;CreatedOn&gt;2016-12-17T15:41:52&lt;/CreatedOn&gt;&lt;ModifiedBy&gt;System&lt;/ModifiedBy&gt;&lt;ModifiedOn&gt;2016-12-17T15:41:54&lt;/ModifiedOn&gt;&lt;tagName&gt;Data_00&lt;/tagName&gt;&lt;tagTypeID&gt;8&lt;/tagTypeID&gt;&lt;tagGroupID&gt;1&lt;/tagGroupID&gt;&lt;tagFunctionID&gt;4&lt;/tagFunctionID&gt;&lt;COM_typeName&gt;TSend&lt;/COM_typeName&gt;&lt;FNC_typeName&gt;DefDataTable&lt;/FNC_typeName&gt;&lt;OPC_typeName&gt;FLOAT&lt;/OPC_typeName&gt;&lt;unitID&gt;36&lt;/unitID&gt;&lt;lineID&gt;35&lt;/lineID&gt;&lt;nameDefined&gt;Hi\Lo&lt;/nameDefined&gt;&lt;uomDefinedID&gt;24&lt;/uomDefinedID&gt;&lt;UOMName&gt;MM&lt;/UOMName&gt;&lt;UOMDescription&gt;MILIMETERS&lt;/UOMDescription&gt;&lt;serialNumber&gt;FTW3M16000aon&lt;/serialNumber&gt;&lt;avrg&gt;0.002575&lt;/avrg&gt;&lt;/Row&gt;&lt;Row&gt;&lt;notifRecordID&gt;113757&lt;/notifRecordID&gt;&lt;notifTagID&gt;123&lt;/notifTagID&gt;&lt;notifTagValue&gt;-0.002&lt;/notifTagValue&gt;&lt;recordID&gt;113757&lt;/recordID&gt;&lt;notifName&gt;TransCtr&lt;/notifName&gt;&lt;notifDescription&gt;P558_JENOPTIK&lt;/notifDescription&gt;&lt;CreatedBy&gt;SYSTEM&lt;/CreatedBy&gt;&lt;CreatedOn&gt;2016-12-17T15:43:39&lt;/CreatedOn&gt;&lt;ModifiedBy&gt;System&lt;/ModifiedBy&gt;&lt;ModifiedOn&gt;2016-12-17T15:43:40&lt;/ModifiedOn&gt;&lt;tagName&gt;Data_00&lt;/tagName&gt;&lt;tagTypeID&gt;8&lt;/tagTypeID&gt;&lt;tagGroupID&gt;1&lt;/tagGroupID&gt;&lt;tagFunctionID&gt;4&lt;/tagFunctionID&gt;&lt;COM_typeName&gt;TSend&lt;/COM_typeName&gt;&lt;FNC_typeName&gt;DefDataTable&lt;/FNC_typeName&gt;&lt;OPC_typeName&gt;FLOAT&lt;/OPC_typeName&gt;&lt;unitID&gt;36&lt;/unitID&gt;&lt;lineID&gt;35&lt;/lineID&gt;&lt;nameDefined&gt;Hi\Lo&lt;/nameDefined&gt;&lt;uomDefinedID&gt;24&lt;/uomDefinedID&gt;&lt;UOMName&gt;MM&lt;/UOMName&gt;&lt;UOMDescription&gt;MILIMETERS&lt;/UOMDescription&gt;&lt;serialNumber&gt;FTW2M160006wl&lt;/serialNumber&gt;&lt;avrg&gt;0.002575&lt;/avrg&gt;&lt;/Row&gt;&lt;Row&gt;&lt;notifRecordID&gt;113761&lt;/notifRecordID&gt;&lt;notifTagID&gt;123&lt;/notifTagID&gt;&lt;notifTagValue&gt;0.0&lt;/notifTagValue&gt;&lt;recordID&gt;113761&lt;/recordID&gt;&lt;notifName&gt;TransCtr&lt;/notifName&gt;&lt;notifDescription&gt;P558_JENOPTIK&lt;/notifDescription&gt;&lt;CreatedBy&gt;SYSTEM&lt;/CreatedBy&gt;&lt;CreatedOn&gt;2016-12-17T15:46:44&lt;/CreatedOn&gt;&lt;ModifiedBy&gt;System&lt;/ModifiedBy&gt;&lt;ModifiedOn&gt;2016-12-17T15:46:46&lt;/ModifiedOn&gt;&lt;tagName&gt;Data_00&lt;/tagName&gt;&lt;tagTypeID&gt;8&lt;/tagTypeID&gt;&lt;tagGroupID&gt;1&lt;/tagGroupID&gt;&lt;tagFunctionID&gt;4&lt;/tagFunctionID&gt;&lt;COM_typeName&gt;TSend&lt;/COM_typeName&gt;&lt;FNC_typeName&gt;DefDataTable&lt;/FNC_typeName&gt;&lt;OPC_typeName&gt;FLOAT&lt;/OPC_typeName&gt;&lt;unitID&gt;36&lt;/unitID&gt;&lt;lineID&gt;35&lt;/lineID&gt;&lt;nameDefined&gt;Hi\Lo&lt;/nameDefined&gt;&lt;uomDefinedID&gt;24&lt;/uomDefinedID&gt;&lt;UOMName&gt;MM&lt;/UOMName&gt;&lt;UOMDescription&gt;MILIMETERS&lt;/UOMDescription&gt;&lt;serialNumber&gt;FTW3M16000aop&lt;/serialNumber&gt;&lt;avrg&gt;0.002575&lt;/avrg&gt;&lt;/Row&gt;&lt;Row&gt;&lt;notifRecordID&gt;113765&lt;/notifRecordID&gt;&lt;notifTagID&gt;123&lt;/notifTagID&gt;&lt;notifTagValue&gt;-0.003&lt;/notifTagValue&gt;&lt;recordID&gt;113765&lt;/recordID&gt;&lt;notifName&gt;TransCtr&lt;/notifName&gt;&lt;notifDescription&gt;P558_JENOPTIK&lt;/notifDescription&gt;&lt;CreatedBy&gt;SYSTEM&lt;/CreatedBy&gt;&lt;CreatedOn&gt;2016-12-17T15:49:51&lt;/CreatedOn&gt;&lt;ModifiedBy&gt;System&lt;/ModifiedBy&gt;&lt;ModifiedOn&gt;2016-12-17T15:49:53&lt;/ModifiedOn&gt;&lt;tagName&gt;Data_00&lt;/tagName&gt;&lt;tagTypeID&gt;8&lt;/tagTypeID&gt;&lt;tagGroupID&gt;1&lt;/tagGroupID&gt;&lt;tagFunctionID&gt;4&lt;/tagFunctionID&gt;&lt;COM_typeName&gt;TSend&lt;/COM_typeName&gt;&lt;FNC_typeName&gt;DefDataTable&lt;/FNC_typeName&gt;&lt;OPC_typeName&gt;FLOAT&lt;/OPC_typeName&gt;&lt;unitID&gt;36&lt;/unitID&gt;&lt;lineID&gt;35&lt;/lineID&gt;&lt;nameDefined&gt;Hi\Lo&lt;/nameDefined&gt;&lt;uomDefinedID&gt;24&lt;/uomDefinedID&gt;&lt;UOMName&gt;MM&lt;/UOMName&gt;&lt;UOMDescription&gt;MILIMETERS&lt;/UOMDescription&gt;&lt;serialNumber&gt;FTW2M160006wk&lt;/serialNumber&gt;&lt;avrg&gt;0.002575&lt;/avrg&gt;&lt;/Row&gt;&lt;Row&gt;&lt;notifRecordID&gt;113771&lt;/notifRecordID&gt;&lt;notifTagID&gt;123&lt;/notifTagID&gt;&lt;notifTagValue&gt;0.003&lt;/notifTagValue&gt;&lt;recordID&gt;113771&lt;/recordID&gt;&lt;notifName&gt;TransCtr&lt;/notifName&gt;&lt;notifDescription&gt;P558_JENOPTIK&lt;/notifDescription&gt;&lt;CreatedBy&gt;SYSTEM&lt;/CreatedBy&gt;&lt;CreatedOn&gt;2016-12-17T16:00:13&lt;/CreatedOn&gt;&lt;ModifiedBy&gt;System&lt;/ModifiedBy&gt;&lt;ModifiedOn&gt;2016-12-17T16:00:15&lt;/ModifiedOn&gt;&lt;tagName&gt;Data_00&lt;/tagName&gt;&lt;tagTypeID&gt;8&lt;/tagTypeID&gt;&lt;tagGroupID&gt;1&lt;/tagGroupID&gt;&lt;tagFunctionID&gt;4&lt;/tagFunctionID&gt;&lt;COM_typeName&gt;TSend&lt;/COM_typeName&gt;&lt;FNC_typeName&gt;DefDataTable&lt;/FNC_typeName&gt;&lt;OPC_typeName&gt;FLOAT&lt;/OPC_typeName&gt;&lt;unitID&gt;36&lt;/unitID&gt;&lt;lineID&gt;35&lt;/lineID&gt;&lt;nameDefined&gt;Hi\Lo&lt;/nameDefined&gt;&lt;uomDefinedID&gt;24&lt;/uomDefinedID&gt;&lt;UOMName&gt;MM&lt;/UOMName&gt;&lt;UOMDescription&gt;MILIMETERS&lt;/UOMDescription&gt;&lt;serialNumber&gt;FTW3M16000aoq&lt;/serialNumber&gt;&lt;avrg&gt;0.002575&lt;/avrg&gt;&lt;/Row&gt;&lt;Row&gt;&lt;notifRecordID&gt;113774&lt;/notifRecordID&gt;&lt;notifTagID&gt;123&lt;/notifTagID&gt;&lt;notifTagValue&gt;0.004&lt;/notifTagValue&gt;&lt;recordID&gt;113774&lt;/recordID&gt;&lt;notifName&gt;TransCtr&lt;/notifName&gt;&lt;notifDescription&gt;P558_JENOPTIK&lt;/notifDescription&gt;&lt;CreatedBy&gt;SYSTEM&lt;/CreatedBy&gt;&lt;CreatedOn&gt;2016-12-17T16:03:36&lt;/CreatedOn&gt;&lt;ModifiedBy&gt;System&lt;/ModifiedBy&gt;&lt;ModifiedOn&gt;2016-12-17T16:03:38&lt;/ModifiedOn&gt;&lt;tagName&gt;Data_00&lt;/tagName&gt;&lt;tagTypeID&gt;8&lt;/tagTypeID&gt;&lt;tagGroupID&gt;1&lt;/tagGroupID&gt;&lt;tagFunctionID&gt;4&lt;/tagFunctionID&gt;&lt;COM_typeName&gt;TSend&lt;/COM_typeName&gt;&lt;FNC_typeName&gt;DefDataTable&lt;/FNC_typeName&gt;&lt;OPC_typeName&gt;FLOAT&lt;/OPC_typeName&gt;&lt;unitID&gt;36&lt;/unitID&gt;&lt;lineID&gt;35&lt;/lineID&gt;&lt;nameDefined&gt;Hi\Lo&lt;/nameDefined&gt;&lt;uomDefinedID&gt;24&lt;/uomDefinedID&gt;&lt;UOMName&gt;MM&lt;/UOMName&gt;&lt;UOMDescription&gt;MILIMETERS&lt;/UOMDescription&gt;&lt;serialNumber&gt;FTW3M16000aor&lt;/serialNumber&gt;&lt;avrg&gt;0.002575&lt;/avrg&gt;&lt;/Row&gt;&lt;Row&gt;&lt;notifRecordID&gt;113779&lt;/notifRecordID&gt;&lt;notifTagID&gt;123&lt;/notifTagID&gt;&lt;notifTagValue&gt;-0.008&lt;/notifTagValue&gt;&lt;recordID&gt;113779&lt;/recordID&gt;&lt;notifName&gt;TransCtr&lt;/notifName&gt;&lt;notifDescription&gt;P558_JENOPTIK&lt;/notifDescription&gt;&lt;CreatedBy&gt;SYSTEM&lt;/CreatedBy&gt;&lt;CreatedOn&gt;2016-12-17T16:09:21&lt;/CreatedOn&gt;&lt;ModifiedBy&gt;System&lt;/ModifiedBy&gt;&lt;ModifiedOn&gt;2016-12-17T16:09:23&lt;/ModifiedOn&gt;&lt;tagName&gt;Data_00&lt;/tagName&gt;&lt;tagTypeID&gt;8&lt;/tagTypeID&gt;&lt;tagGroupID&gt;1&lt;/tagGroupID&gt;&lt;tagFunctionID&gt;4&lt;/tagFunctionID&gt;&lt;COM_typeName&gt;TSend&lt;/COM_typeName&gt;&lt;FNC_typeName&gt;DefDataTable&lt;/FNC_typeName&gt;&lt;OPC_typeName&gt;FLOAT&lt;/OPC_typeName&gt;&lt;unitID&gt;36&lt;/unitID&gt;&lt;lineID&gt;35&lt;/lineID&gt;&lt;nameDefined&gt;Hi\Lo&lt;/nameDefined&gt;&lt;uomDefinedID&gt;24&lt;/uomDefinedID&gt;&lt;UOMName&gt;MM&lt;/UOMName&gt;&lt;UOMDescription&gt;MILIMETERS&lt;/UOMDescription&gt;&lt;serialNumber&gt;FTW3M16000aos&lt;/serialNumber&gt;&lt;avrg&gt;0.002575&lt;/avrg&gt;&lt;/Row&gt;&lt;Row&gt;&lt;notifRecordID&gt;113782&lt;/notifRecordID&gt;&lt;notifTagID&gt;123&lt;/notifTagID&gt;&lt;notifTagValue&gt;-0.008&lt;/notifTagValue&gt;&lt;recordID&gt;113782&lt;/recordID&gt;&lt;notifName&gt;TransCtr&lt;/notifName&gt;&lt;notifDescription&gt;P558_JENOPTIK&lt;/notifDescription&gt;&lt;CreatedBy&gt;SYSTEM&lt;/CreatedBy&gt;&lt;CreatedOn&gt;2016-12-17T16:10:54&lt;/CreatedOn&gt;&lt;ModifiedBy&gt;System&lt;/ModifiedBy&gt;&lt;ModifiedOn&gt;2016-12-17T16:10:56&lt;/ModifiedOn&gt;&lt;tagName&gt;Data_00&lt;/tagName&gt;&lt;tagTypeID&gt;8&lt;/tagTypeID&gt;&lt;tagGroupID&gt;1&lt;/tagGroupID&gt;&lt;tagFunctionID&gt;4&lt;/tagFunctionID&gt;&lt;COM_typeName&gt;TSend&lt;/COM_typeName&gt;&lt;FNC_typeName&gt;DefDataTable&lt;/FNC_typeName&gt;&lt;OPC_typeName&gt;FLOAT&lt;/OPC_typeName&gt;&lt;unitID&gt;36&lt;/unitID&gt;&lt;lineID&gt;35&lt;/lineID&gt;&lt;nameDefined&gt;Hi\Lo&lt;/nameDefined&gt;&lt;uomDefinedID&gt;24&lt;/uomDefinedID&gt;&lt;UOMName&gt;MM&lt;/UOMName&gt;&lt;UOMDescription&gt;MILIMETERS&lt;/UOMDescription&gt;&lt;serialNumber&gt;FTW3M16000aos&lt;/serialNumber&gt;&lt;avrg&gt;0.002575&lt;/avrg&gt;&lt;/Row&gt;&lt;Row&gt;&lt;notifRecordID&gt;113789&lt;/notifRecordID&gt;&lt;notifTagID&gt;123&lt;/notifTagID&gt;&lt;notifTagValue&gt;0.004&lt;/notifTagValue&gt;&lt;recordID&gt;113789&lt;/recordID&gt;&lt;notifName&gt;TransCtr&lt;/notifName&gt;&lt;notifDescription&gt;P558_JENOPTIK&lt;/notifDescription&gt;&lt;CreatedBy&gt;SYSTEM&lt;/CreatedBy&gt;&lt;CreatedOn&gt;2016-12-17T16:24:35&lt;/CreatedOn&gt;&lt;ModifiedBy&gt;System&lt;/ModifiedBy&gt;&lt;ModifiedOn&gt;2016-12-17T16:24:37&lt;/ModifiedOn&gt;&lt;tagName&gt;Data_00&lt;/tagName&gt;&lt;tagTypeID&gt;8&lt;/tagTypeID&gt;&lt;tagGroupID&gt;1&lt;/tagGroupID&gt;&lt;tagFunctionID&gt;4&lt;/tagFunctionID&gt;&lt;COM_typeName&gt;TSend&lt;/COM_typeName&gt;&lt;FNC_typeName&gt;DefDataTable&lt;/FNC_typeName&gt;&lt;OPC_typeName&gt;FLOAT&lt;/OPC_typeName&gt;&lt;unitID&gt;36&lt;/unitID&gt;&lt;lineID&gt;35&lt;/lineID&gt;&lt;nameDefined&gt;Hi\Lo&lt;/nameDefined&gt;&lt;uomDefinedID&gt;24&lt;/uomDefinedID&gt;&lt;UOMName&gt;MM&lt;/UOMName&gt;&lt;UOMDescription&gt;MILIMETERS&lt;/UOMDescription&gt;&lt;serialNumber&gt;FTW2M160006wn&lt;/serialNumber&gt;&lt;avrg&gt;0.002575&lt;/avrg&gt;&lt;/Row&gt;&lt;Row&gt;&lt;notifRecordID&gt;113793&lt;/notifRecordID&gt;&lt;notifTagID&gt;123&lt;/notifTagID&gt;&lt;notifTagValue&gt;0.005&lt;/notifTagValue&gt;&lt;recordID&gt;113793&lt;/recordID&gt;&lt;notifName&gt;TransCtr&lt;/notifName&gt;&lt;notifDescription&gt;P558_JENOPTIK&lt;/notifDescription&gt;&lt;CreatedBy&gt;SYSTEM&lt;/CreatedBy&gt;&lt;CreatedOn&gt;2016-12-17T16:29:17&lt;/CreatedOn&gt;&lt;ModifiedBy&gt;System&lt;/ModifiedBy&gt;&lt;ModifiedOn&gt;2016-12-17T16:29:19&lt;/ModifiedOn&gt;&lt;tagName&gt;Data_00&lt;/tagName&gt;&lt;tagTypeID&gt;8&lt;/tagTypeID&gt;&lt;tagGroupID&gt;1&lt;/tagGroupID&gt;&lt;tagFunctionID&gt;4&lt;/tagFunctionID&gt;&lt;COM_typeName&gt;TSend&lt;/COM_typeName&gt;&lt;FNC_typeName&gt;DefDataTable&lt;/FNC_typeName&gt;&lt;OPC_typeName&gt;FLOAT&lt;/OPC_typeName&gt;&lt;unitID&gt;36&lt;/unitID&gt;&lt;lineID&gt;35&lt;/lineID&gt;&lt;nameDefined&gt;Hi\Lo&lt;/nameDefined&gt;&lt;uomDefinedID&gt;24&lt;/uomDefinedID&gt;&lt;UOMName&gt;MM&lt;/UOMName&gt;&lt;UOMDescription&gt;MILIMETERS&lt;/UOMDescription&gt;&lt;serialNumber&gt;FTW3M16000aot&lt;/serialNumber&gt;&lt;avrg&gt;0.002575&lt;/avrg&gt;&lt;/Row&gt;&lt;Row&gt;&lt;notifRecordID&gt;113796&lt;/notifRecordID&gt;&lt;notifTagID&gt;123&lt;/notifTagID&gt;&lt;notifTagValue&gt;0.0&lt;/notifTagValue&gt;&lt;recordID&gt;113796&lt;/recordID&gt;&lt;notifName&gt;TransCtr&lt;/notifName&gt;&lt;notifDescription&gt;P558_JENOPTIK&lt;/notifDescription&gt;&lt;CreatedBy&gt;SYSTEM&lt;/CreatedBy&gt;&lt;CreatedOn&gt;2016-12-17T16:32:50&lt;/CreatedOn&gt;&lt;ModifiedBy&gt;System&lt;/ModifiedBy&gt;&lt;ModifiedOn&gt;2016-12-17T16:32:52&lt;/ModifiedOn&gt;&lt;tagName&gt;Data_00&lt;/tagName&gt;&lt;tagTypeID&gt;8&lt;/tagTypeID&gt;&lt;tagGroupID&gt;1&lt;/tagGroupID&gt;&lt;tagFunctionID&gt;4&lt;/tagFunctionID&gt;&lt;COM_typeName&gt;TSend&lt;/COM_typeName&gt;&lt;FNC_typeName&gt;DefDataTable&lt;/FNC_typeName&gt;&lt;OPC_typeName&gt;FLOAT&lt;/OPC_typeName&gt;&lt;unitID&gt;36&lt;/unitID&gt;&lt;lineID&gt;35&lt;/lineID&gt;&lt;nameDefined&gt;Hi\Lo&lt;/nameDefined&gt;&lt;uomDefinedID&gt;24&lt;/uomDefinedID&gt;&lt;UOMName&gt;MM&lt;/UOMName&gt;&lt;UOMDescription&gt;MILIMETERS&lt;/UOMDescription&gt;&lt;serialNumber&gt;FTW3M16000aot&lt;/serialNumber&gt;&lt;avrg&gt;0.002575&lt;/avrg&gt;&lt;/Row&gt;&lt;Row&gt;&lt;notifRecordID&gt;113802&lt;/notifRecordID&gt;&lt;notifTagID&gt;123&lt;/notifTagID&gt;&lt;notifTagValue&gt;0.005&lt;/notifTagValue&gt;&lt;recordID&gt;113802&lt;/recordID&gt;&lt;notifName&gt;TransCtr&lt;/notifName&gt;&lt;notifDescription&gt;P558_JENOPTIK&lt;/notifDescription&gt;&lt;CreatedBy&gt;SYSTEM&lt;/CreatedBy&gt;&lt;CreatedOn&gt;2016-12-17T16:40:25&lt;/CreatedOn&gt;&lt;ModifiedBy&gt;System&lt;/ModifiedBy&gt;&lt;ModifiedOn&gt;2016-12-17T16:40:27&lt;/ModifiedOn&gt;&lt;tagName&gt;Data_00&lt;/tagName&gt;&lt;tagTypeID&gt;8&lt;/tagTypeID&gt;&lt;tagGroupID&gt;1&lt;/tagGroupID&gt;&lt;tagFunctionID&gt;4&lt;/tagFunctionID&gt;&lt;COM_typeName&gt;TSend&lt;/COM_typeName&gt;&lt;FNC_typeName&gt;DefDataTable&lt;/FNC_typeName&gt;&lt;OPC_typeName&gt;FLOAT&lt;/OPC_typeName&gt;&lt;unitID&gt;36&lt;/unitID&gt;&lt;lineID&gt;35&lt;/lineID&gt;&lt;nameDefined&gt;Hi\Lo&lt;/nameDefined&gt;&lt;uomDefinedID&gt;24&lt;/uomDefinedID&gt;&lt;UOMName&gt;MM&lt;/UOMName&gt;&lt;UOMDescription&gt;MILIMETERS&lt;/UOMDescription&gt;&lt;serialNumber&gt;FTW3M16000aou&lt;/serialNumber&gt;&lt;avrg&gt;0.002575&lt;/avrg&gt;&lt;/Row&gt;&lt;Row&gt;&lt;notifRecordID&gt;113805&lt;/notifRecordID&gt;&lt;notifTagID&gt;123&lt;/notifTagID&gt;&lt;notifTagValue&gt;-0.003&lt;/notifTagValue&gt;&lt;recordID&gt;113805&lt;/recordID&gt;&lt;notifName&gt;TransCtr&lt;/notifName&gt;&lt;notifDescription&gt;P558_JENOPTIK&lt;/notifDescription&gt;&lt;CreatedBy&gt;SYSTEM&lt;/CreatedBy&gt;&lt;CreatedOn&gt;2016-12-17T16:43:50&lt;/CreatedOn&gt;&lt;ModifiedBy&gt;System&lt;/ModifiedBy&gt;&lt;ModifiedOn&gt;2016-12-17T16:43:53&lt;/ModifiedOn&gt;&lt;tagName&gt;Data_00&lt;/tagName&gt;&lt;tagTypeID&gt;8&lt;/tagTypeID&gt;&lt;tagGroupID&gt;1&lt;/tagGroupID&gt;&lt;tagFunctionID&gt;4&lt;/tagFunctionID&gt;&lt;COM_typeName&gt;TSend&lt;/COM_typeName&gt;&lt;FNC_typeName&gt;DefDataTable&lt;/FNC_typeName&gt;&lt;OPC_typeName&gt;FLOAT&lt;/OPC_typeName&gt;&lt;unitID&gt;36&lt;/unitID&gt;&lt;lineID&gt;35&lt;/lineID&gt;&lt;nameDefined&gt;Hi\Lo&lt;/nameDefined&gt;&lt;uomDefinedID&gt;24&lt;/uomDefinedID&gt;&lt;UOMName&gt;MM&lt;/UOMName&gt;&lt;UOMDescription&gt;MILIMETERS&lt;/UOMDescription&gt;&lt;serialNumber&gt;FTW3M16000aov&lt;/serialNumber&gt;&lt;avrg&gt;0.002575&lt;/avrg&gt;&lt;/Row&gt;&lt;Row&gt;&lt;notifRecordID&gt;113810&lt;/notifRecordID&gt;&lt;notifTagID&gt;123&lt;/notifTagID&gt;&lt;notifTagValue&gt;0.002&lt;/notifTagValue&gt;&lt;recordID&gt;113810&lt;/recordID&gt;&lt;notifName&gt;TransCtr&lt;/notifName&gt;&lt;notifDescription&gt;P558_JENOPTIK&lt;/notifDescription&gt;&lt;CreatedBy&gt;SYSTEM&lt;/CreatedBy&gt;&lt;CreatedOn&gt;2016-12-17T16:48:23&lt;/CreatedOn&gt;&lt;ModifiedBy&gt;System&lt;/ModifiedBy&gt;&lt;ModifiedOn&gt;2016-12-17T16:48:25&lt;/ModifiedOn&gt;&lt;tagName&gt;Data_00&lt;/tagName&gt;&lt;tagTypeID&gt;8&lt;/tagTypeID&gt;&lt;tagGroupID&gt;1&lt;/tagGroupID&gt;&lt;tagFunctionID&gt;4&lt;/tagFunctionID&gt;&lt;COM_typeName&gt;TSend&lt;/COM_typeName&gt;&lt;FNC_typeName&gt;DefDataTable&lt;/FNC_typeName&gt;&lt;OPC_typeName&gt;FLOAT&lt;/OPC_typeName&gt;&lt;unitID&gt;36&lt;/unitID&gt;&lt;lineID&gt;35&lt;/lineID&gt;&lt;nameDefined&gt;Hi\Lo&lt;/nameDefined&gt;&lt;uomDefinedID&gt;24&lt;/uomDefinedID&gt;&lt;UOMName&gt;MM&lt;/UOMName&gt;&lt;UOMDescription&gt;MILIMETERS&lt;/UOMDescription&gt;&lt;serialNumber&gt;FTW2M160006wo&lt;/serialNumber&gt;&lt;avrg&gt;0.002575&lt;/avrg&gt;&lt;/Row&gt;&lt;Row&gt;&lt;notifRecordID&gt;113814&lt;/notifRecordID&gt;&lt;notifTagID&gt;123&lt;/notifTagID&gt;&lt;notifTagValue&gt;0.002&lt;/notifTagValue&gt;&lt;recordID&gt;113814&lt;/recordID&gt;&lt;notifName&gt;TransCtr&lt;/notifName&gt;&lt;notifDescription&gt;P558_JENOPTIK&lt;/notifDescription&gt;&lt;CreatedBy&gt;SYSTEM&lt;/CreatedBy&gt;&lt;CreatedOn&gt;2016-12-17T16:53:21&lt;/CreatedOn&gt;&lt;ModifiedBy&gt;System&lt;/ModifiedBy&gt;&lt;ModifiedOn&gt;2016-12-17T16:53:23&lt;/ModifiedOn&gt;&lt;tagName&gt;Data_00&lt;/tagName&gt;&lt;tagTypeID&gt;8&lt;/tagTypeID&gt;&lt;tagGroupID&gt;1&lt;/tagGroupID&gt;&lt;tagFunctionID&gt;4&lt;/tagFunctionID&gt;&lt;COM_typeName&gt;TSend&lt;/COM_typeName&gt;&lt;FNC_typeName&gt;DefDataTable&lt;/FNC_typeName&gt;&lt;OPC_typeName&gt;FLOAT&lt;/OPC_typeName&gt;&lt;unitID&gt;36&lt;/unitID&gt;&lt;lineID&gt;35&lt;/lineID&gt;&lt;nameDefined&gt;Hi\Lo&lt;/nameDefined&gt;&lt;uomDefinedID&gt;24&lt;/uomDefinedID&gt;&lt;UOMName&gt;MM&lt;/UOMName&gt;&lt;UOMDescription&gt;MILIMETERS&lt;/UOMDescription&gt;&lt;serialNumber&gt;FTW3M16000aow&lt;/serialNumber&gt;&lt;avrg&gt;0.002575&lt;/avrg&gt;&lt;/Row&gt;&lt;Row&gt;&lt;notifRecordID&gt;113817&lt;/notifRecordID&gt;&lt;notifTagID&gt;123&lt;/notifTagID&gt;&lt;notifTagValue&gt;0.002&lt;/notifTagValue&gt;&lt;recordID&gt;113817&lt;/recordID&gt;&lt;notifName&gt;TransCtr&lt;/notifName&gt;&lt;notifDescription&gt;P558_JENOPTIK&lt;/notifDescription&gt;&lt;CreatedBy&gt;SYSTEM&lt;/CreatedBy&gt;&lt;CreatedOn&gt;2016-12-17T16:55:27&lt;/CreatedOn&gt;&lt;ModifiedBy&gt;System&lt;/ModifiedBy&gt;&lt;ModifiedOn&gt;2016-12-17T16:55:29&lt;/ModifiedOn&gt;&lt;tagName&gt;Data_00&lt;/tagName&gt;&lt;tagTypeID&gt;8&lt;/tagTypeID&gt;&lt;tagGroupID&gt;1&lt;/tagGroupID&gt;&lt;tagFunctionID&gt;4&lt;/tagFunctionID&gt;&lt;COM_typeName&gt;TSend&lt;/COM_typeName&gt;&lt;FNC_typeName&gt;DefDataTable&lt;/FNC_typeName&gt;&lt;OPC_typeName&gt;FLOAT&lt;/OPC_typeName&gt;&lt;unitID&gt;36&lt;/unitID&gt;&lt;lineID&gt;35&lt;/lineID&gt;&lt;nameDefined&gt;Hi\Lo&lt;/nameDefined&gt;&lt;uomDefinedID&gt;24&lt;/uomDefinedID&gt;&lt;UOMName&gt;MM&lt;/UOMName&gt;&lt;UOMDescription&gt;MILIMETERS&lt;/UOMDescription&gt;&lt;serialNumber&gt;FTW3M16000aox&lt;/serialNumber&gt;&lt;avrg&gt;0.002575&lt;/avrg&gt;&lt;/Row&gt;&lt;Row&gt;&lt;notifRecordID&gt;113821&lt;/notifRecordID&gt;&lt;notifTagID&gt;123&lt;/notifTagID&gt;&lt;notifTagValue&gt;0.0&lt;/notifTagValue&gt;&lt;recordID&gt;113821&lt;/recordID&gt;&lt;notifName&gt;TransCtr&lt;/notifName&gt;&lt;notifDescription&gt;P558_JENOPTIK&lt;/notifDescription&gt;&lt;CreatedBy&gt;SYSTEM&lt;/CreatedBy&gt;&lt;CreatedOn&gt;2016-12-17T16:57:43&lt;/CreatedOn&gt;&lt;ModifiedBy&gt;System&lt;/ModifiedBy&gt;&lt;ModifiedOn&gt;2016-12-17T16:57:45&lt;/ModifiedOn&gt;&lt;tagName&gt;Data_00&lt;/tagName&gt;&lt;tagTypeID&gt;8&lt;/tagTypeID&gt;&lt;tagGroupID&gt;1&lt;/tagGroupID&gt;&lt;tagFunctionID&gt;4&lt;/tagFunctionID&gt;&lt;COM_typeName&gt;TSend&lt;/COM_typeName&gt;&lt;FNC_typeName&gt;DefDataTable&lt;/FNC_typeName&gt;&lt;OPC_typeName&gt;FLOAT&lt;/OPC_typeName&gt;&lt;unitID&gt;36&lt;/unitID&gt;&lt;lineID&gt;35&lt;/lineID&gt;&lt;nameDefined&gt;Hi\Lo&lt;/nameDefined&gt;&lt;uomDefinedID&gt;24&lt;/uomDefinedID&gt;&lt;UOMName&gt;MM&lt;/UOMName&gt;&lt;UOMDescription&gt;MILIMETERS&lt;/UOMDescription&gt;&lt;serialNumber&gt;FTW3M16000aoy&lt;/serialNumber&gt;&lt;avrg&gt;0.002575&lt;/avrg&gt;&lt;/Row&gt;&lt;Row&gt;&lt;notifRecordID&gt;113825&lt;/notifRecordID&gt;&lt;notifTagID&gt;123&lt;/notifTagID&gt;&lt;notifTagValue&gt;0.002&lt;/notifTagValue&gt;&lt;recordID&gt;113825&lt;/recordID&gt;&lt;notifName&gt;TransCtr&lt;/notifName&gt;&lt;notifDescription&gt;P558_JENOPTIK&lt;/notifDescription&gt;&lt;CreatedBy&gt;SYSTEM&lt;/CreatedBy&gt;&lt;CreatedOn&gt;2016-12-17T17:02:27&lt;/CreatedOn&gt;&lt;ModifiedBy&gt;System&lt;/ModifiedBy&gt;&lt;ModifiedOn&gt;2016-12-17T17:02:29&lt;/ModifiedOn&gt;&lt;tagName&gt;Data_00&lt;/tagName&gt;&lt;tagTypeID&gt;8&lt;/tagTypeID&gt;&lt;tagGroupID&gt;1&lt;/tagGroupID&gt;&lt;tagFunctionID&gt;4&lt;/tagFunctionID&gt;&lt;COM_typeName&gt;TSend&lt;/COM_typeName&gt;&lt;FNC_typeName&gt;DefDataTable&lt;/FNC_typeName&gt;&lt;OPC_typeName&gt;FLOAT&lt;/OPC_typeName&gt;&lt;unitID&gt;36&lt;/unitID&gt;&lt;lineID&gt;35&lt;/lineID&gt;&lt;nameDefined&gt;Hi\Lo&lt;/nameDefined&gt;&lt;uomDefinedID&gt;24&lt;/uomDefinedID&gt;&lt;UOMName&gt;MM&lt;/UOMName&gt;&lt;UOMDescription&gt;MILIMETERS&lt;/UOMDescription&gt;&lt;serialNumber&gt;FTW2M160006wp&lt;/serialNumber&gt;&lt;avrg&gt;0.002575&lt;/avrg&gt;&lt;/Row&gt;&lt;Row&gt;&lt;notifRecordID&gt;113832&lt;/notifRecordID&gt;&lt;notifTagID&gt;123&lt;/notifTagID&gt;&lt;notifTagValue&gt;0.0&lt;/notifTagValue&gt;&lt;recordID&gt;113832&lt;/recordID&gt;&lt;notifName&gt;TransCtr&lt;/notifName&gt;&lt;notifDescription&gt;P558_JENOPTIK&lt;/notifDescription&gt;&lt;CreatedBy&gt;SYSTEM&lt;/CreatedBy&gt;&lt;CreatedOn&gt;2016-12-17T17:12:49&lt;/CreatedOn&gt;&lt;ModifiedBy&gt;System&lt;/ModifiedBy&gt;&lt;ModifiedOn&gt;2016-12-17T17:12:51&lt;/ModifiedOn&gt;&lt;tagName&gt;Data_00&lt;/tagName&gt;&lt;tagTypeID&gt;8&lt;/tagTypeID&gt;&lt;tagGroupID&gt;1&lt;/tagGroupID&gt;&lt;tagFunctionID&gt;4&lt;/tagFunctionID&gt;&lt;COM_typeName&gt;TSend&lt;/COM_typeName&gt;&lt;FNC_typeName&gt;DefDataTable&lt;/FNC_typeName&gt;&lt;OPC_typeName&gt;FLOAT&lt;/OPC_typeName&gt;&lt;unitID&gt;36&lt;/unitID&gt;&lt;lineID&gt;35&lt;/lineID&gt;&lt;nameDefined&gt;Hi\Lo&lt;/nameDefined&gt;&lt;uomDefinedID&gt;24&lt;/uomDefinedID&gt;&lt;UOMName&gt;MM&lt;/UOMName&gt;&lt;UOMDescription&gt;MILIMETERS&lt;/UOMDescription&gt;&lt;serialNumber&gt;FTW2M160006wq&lt;/serialNumber&gt;&lt;avrg&gt;0.002575&lt;/avrg&gt;&lt;/Row&gt;&lt;Row&gt;&lt;notifRecordID&gt;113837&lt;/notifRecordID&gt;&lt;notifTagID&gt;123&lt;/notifTagID&gt;&lt;notifTagValue&gt;0.004&lt;/notifTagValue&gt;&lt;recordID&gt;113837&lt;/recordID&gt;&lt;notifName&gt;TransCtr&lt;/notifName&gt;&lt;notifDescription&gt;P558_JENOPTIK&lt;/notifDescription&gt;&lt;CreatedBy&gt;SYSTEM&lt;/CreatedBy&gt;&lt;CreatedOn&gt;2016-12-17T17:18:30&lt;/CreatedOn&gt;&lt;ModifiedBy&gt;System&lt;/ModifiedBy&gt;&lt;ModifiedOn&gt;2016-12-17T17:18:32&lt;/ModifiedOn&gt;&lt;tagName&gt;Data_00&lt;/tagName&gt;&lt;tagTypeID&gt;8&lt;/tagTypeID&gt;&lt;tagGroupID&gt;1&lt;/tagGroupID&gt;&lt;tagFunctionID&gt;4&lt;/tagFunctionID&gt;&lt;COM_typeName&gt;TSend&lt;/COM_typeName&gt;&lt;FNC_typeName&gt;DefDataTable&lt;/FNC_typeName&gt;&lt;OPC_typeName&gt;FLOAT&lt;/OPC_typeName&gt;&lt;unitID&gt;36&lt;/unitID&gt;&lt;lineID&gt;35&lt;/lineID&gt;&lt;nameDefined&gt;Hi\Lo&lt;/nameDefined&gt;&lt;uomDefinedID&gt;24&lt;/uomDefinedID&gt;&lt;UOMName&gt;MM&lt;/UOMName&gt;&lt;UOMDescription&gt;MILIMETERS&lt;/UOMDescription&gt;&lt;serialNumber&gt;FTW3M16000aoz&lt;/serialNumber&gt;&lt;avrg&gt;0.002575&lt;/avrg&gt;&lt;/Row&gt;&lt;Row&gt;&lt;notifRecordID&gt;113840&lt;/notifRecordID&gt;&lt;notifTagID&gt;123&lt;/notifTagID&gt;&lt;notifTagValue&gt;0.005&lt;/notifTagValue&gt;&lt;recordID&gt;113840&lt;/recordID&gt;&lt;notifName&gt;TransCtr&lt;/notifName&gt;&lt;notifDescription&gt;P558_JENOPTIK&lt;/notifDescription&gt;&lt;CreatedBy&gt;SYSTEM&lt;/CreatedBy&gt;&lt;CreatedOn&gt;2016-12-17T17:20:32&lt;/CreatedOn&gt;&lt;ModifiedBy&gt;System&lt;/ModifiedBy&gt;&lt;ModifiedOn&gt;2016-12-17T17:20:34&lt;/ModifiedOn&gt;&lt;tagName&gt;Data_00&lt;/tagName&gt;&lt;tagTypeID&gt;8&lt;/tagTypeID&gt;&lt;tagGroupID&gt;1&lt;/tagGroupID&gt;&lt;tagFunctionID&gt;4&lt;/tagFunctionID&gt;&lt;COM_typeName&gt;TSend&lt;/COM_typeName&gt;&lt;FNC_typeName&gt;DefDataTable&lt;/FNC_typeName&gt;&lt;OPC_typeName&gt;FLOAT&lt;/OPC_typeName&gt;&lt;unitID&gt;36&lt;/unitID&gt;&lt;lineID&gt;35&lt;/lineID&gt;&lt;nameDefined&gt;Hi\Lo&lt;/nameDefined&gt;&lt;uomDefinedID&gt;24&lt;/uomDefinedID&gt;&lt;UOMName&gt;MM&lt;/UOMName&gt;&lt;UOMDescription&gt;MILIMETERS&lt;/UOMDescription&gt;&lt;serialNumber&gt;FTW3M16000ap0&lt;/serialNumber&gt;&lt;avrg&gt;0.002575&lt;/avrg&gt;&lt;/Row&gt;&lt;Row&gt;&lt;notifRecordID&gt;113843&lt;/notifRecordID&gt;&lt;notifTagID&gt;123&lt;/notifTagID&gt;&lt;notifTagValue&gt;-0.001&lt;/notifTagValue&gt;&lt;recordID&gt;113843&lt;/recordID&gt;&lt;notifName&gt;TransCtr&lt;/notifName&gt;&lt;notifDescription&gt;P558_JENOPTIK&lt;/notifDescription&gt;&lt;CreatedBy&gt;SYSTEM&lt;/CreatedBy&gt;&lt;CreatedOn&gt;2016-12-17T17:22:45&lt;/CreatedOn&gt;&lt;ModifiedBy&gt;System&lt;/ModifiedBy&gt;&lt;ModifiedOn&gt;2016-12-17T17:22:47&lt;/ModifiedOn&gt;&lt;tagName&gt;Data_00&lt;/tagName&gt;&lt;tagTypeID&gt;8&lt;/tagTypeID&gt;&lt;tagGroupID&gt;1&lt;/tagGroupID&gt;&lt;tagFunctionID&gt;4&lt;/tagFunctionID&gt;&lt;COM_typeName&gt;TSend&lt;/COM_typeName&gt;&lt;FNC_typeName&gt;DefDataTable&lt;/FNC_typeName&gt;&lt;OPC_typeName&gt;FLOAT&lt;/OPC_typeName&gt;&lt;unitID&gt;36&lt;/unitID&gt;&lt;lineID&gt;35&lt;/lineID&gt;&lt;nameDefined&gt;Hi\Lo&lt;/nameDefined&gt;&lt;uomDefinedID&gt;24&lt;/uomDefinedID&gt;&lt;UOMName&gt;MM&lt;/UOMName&gt;&lt;UOMDescription&gt;MILIMETERS&lt;/UOMDescription&gt;&lt;serialNumber&gt;FTW3M16000ap1&lt;/serialNumber&gt;&lt;avrg&gt;0.002575&lt;/avrg&gt;&lt;/Row&gt;&lt;Row&gt;&lt;notifRecordID&gt;113854&lt;/notifRecordID&gt;&lt;notifTagID&gt;123&lt;/notifTagID&gt;&lt;notifTagValue&gt;0.006&lt;/notifTagValue&gt;&lt;recordID&gt;113854&lt;/recordID&gt;&lt;notifName&gt;TransCtr&lt;/notifName&gt;&lt;notifDescription&gt;P558_JENOPTIK&lt;/notifDescription&gt;&lt;CreatedBy&gt;SYSTEM&lt;/CreatedBy&gt;&lt;CreatedOn&gt;2016-12-17T17:39:22&lt;/CreatedOn&gt;&lt;ModifiedBy&gt;System&lt;/ModifiedBy&gt;&lt;ModifiedOn&gt;2016-12-17T17:39:24&lt;/ModifiedOn&gt;&lt;tagName&gt;Data_00&lt;/tagName&gt;&lt;tagTypeID&gt;8&lt;/tagTypeID&gt;&lt;tagGroupID&gt;1&lt;/tagGroupID&gt;&lt;tagFunctionID&gt;4&lt;/tagFunctionID&gt;&lt;COM_typeName&gt;TSend&lt;/COM_typeName&gt;&lt;FNC_typeName&gt;DefDataTable&lt;/FNC_typeName&gt;&lt;OPC_typeName&gt;FLOAT&lt;/OPC_typeName&gt;&lt;unitID&gt;36&lt;/unitID&gt;&lt;lineID&gt;35&lt;/lineID&gt;&lt;nameDefined&gt;Hi\Lo&lt;/nameDefined&gt;&lt;uomDefinedID&gt;24&lt;/uomDefinedID&gt;&lt;UOMName&gt;MM&lt;/UOMName&gt;&lt;UOMDescription&gt;MILIMETERS&lt;/UOMDescription&gt;&lt;serialNumber&gt;FTW2M160006wr&lt;/serialNumber&gt;&lt;avrg&gt;0.002575&lt;/avrg&gt;&lt;/Row&gt;&lt;Row&gt;&lt;notifRecordID&gt;113859&lt;/notifRecordID&gt;&lt;notifTagID&gt;123&lt;/notifTagID&gt;&lt;notifTagValue&gt;-0.002&lt;/notifTagValue&gt;&lt;recordID&gt;113859&lt;/recordID&gt;&lt;notifName&gt;TransCtr&lt;/notifName&gt;&lt;notifDescription&gt;P558_JENOPTIK&lt;/notifDescription&gt;&lt;CreatedBy&gt;SYSTEM&lt;/CreatedBy&gt;&lt;CreatedOn&gt;2016-12-17T17:44:46&lt;/CreatedOn&gt;&lt;ModifiedBy&gt;System&lt;/ModifiedBy&gt;&lt;ModifiedOn&gt;2016-12-17T17:44:48&lt;/ModifiedOn&gt;&lt;tagName&gt;Data_00&lt;/tagName&gt;&lt;tagTypeID&gt;8&lt;/tagTypeID&gt;&lt;tagGroupID&gt;1&lt;/tagGroupID&gt;&lt;tagFunctionID&gt;4&lt;/tagFunctionID&gt;&lt;COM_typeName&gt;TSend&lt;/COM_typeName&gt;&lt;FNC_typeName&gt;DefDataTable&lt;/FNC_typeName&gt;&lt;OPC_typeName&gt;FLOAT&lt;/OPC_typeName&gt;&lt;unitID&gt;36&lt;/unitID&gt;&lt;lineID&gt;35&lt;/lineID&gt;&lt;nameDefined&gt;Hi\Lo&lt;/nameDefined&gt;&lt;uomDefinedID&gt;24&lt;/uomDefinedID&gt;&lt;UOMName&gt;MM&lt;/UOMName&gt;&lt;UOMDescription&gt;MILIMETERS&lt;/UOMDescription&gt;&lt;serialNumber&gt;FTW2M160006ws&lt;/serialNumber&gt;&lt;avrg&gt;0.002575&lt;/avrg&gt;&lt;/Row&gt;&lt;Row&gt;&lt;notifRecordID&gt;113863&lt;/notifRecordID&gt;&lt;notifTagID&gt;123&lt;/notifTagID&gt;&lt;notifTagValue&gt;-0.006&lt;/notifTagValue&gt;&lt;recordID&gt;113863&lt;/recordID&gt;&lt;notifName&gt;TransCtr&lt;/notifName&gt;&lt;notifDescription&gt;P558_JENOPTIK&lt;/notifDescription&gt;&lt;CreatedBy&gt;SYSTEM&lt;/CreatedBy&gt;&lt;CreatedOn&gt;2016-12-17T17:48:53&lt;/CreatedOn&gt;&lt;ModifiedBy&gt;System&lt;/ModifiedBy&gt;&lt;ModifiedOn&gt;2016-12-17T17:48:55&lt;/ModifiedOn&gt;&lt;tagName&gt;Data_00&lt;/tagName&gt;&lt;tagTypeID&gt;8&lt;/tagTypeID&gt;&lt;tagGroupID&gt;1&lt;/tagGroupID&gt;&lt;tagFunctionID&gt;4&lt;/tagFunctionID&gt;&lt;COM_typeName&gt;TSend&lt;/COM_typeName&gt;&lt;FNC_typeName&gt;DefDataTable&lt;/FNC_typeName&gt;&lt;OPC_typeName&gt;FLOAT&lt;/OPC_typeName&gt;&lt;unitID&gt;36&lt;/unitID&gt;&lt;lineID&gt;35&lt;/lineID&gt;&lt;nameDefined&gt;Hi\Lo&lt;/nameDefined&gt;&lt;uomDefinedID&gt;24&lt;/uomDefinedID&gt;&lt;UOMName&gt;MM&lt;/UOMName&gt;&lt;UOMDescription&gt;MILIMETERS&lt;/UOMDescription&gt;&lt;serialNumber&gt;FTW3M16000ap4&lt;/serialNumber&gt;&lt;avrg&gt;0.002575&lt;/avrg&gt;&lt;/Row&gt;&lt;Row&gt;&lt;notifRecordID&gt;113866&lt;/notifRecordID&gt;&lt;notifTagID&gt;123&lt;/notifTagID&gt;&lt;notifTagValue&gt;0.004&lt;/notifTagValue&gt;&lt;recordID&gt;113866&lt;/recordID&gt;&lt;notifName&gt;TransCtr&lt;/notifName&gt;&lt;notifDescription&gt;P558_JENOPTIK&lt;/notifDescription&gt;&lt;CreatedBy&gt;SYSTEM&lt;/CreatedBy&gt;&lt;CreatedOn&gt;2016-12-17T17:52:06&lt;/CreatedOn&gt;&lt;ModifiedBy&gt;System&lt;/ModifiedBy&gt;&lt;ModifiedOn&gt;2016-12-17T17:52:08&lt;/ModifiedOn&gt;&lt;tagName&gt;Data_00&lt;/tagName&gt;&lt;tagTypeID&gt;8&lt;/tagTypeID&gt;&lt;tagGroupID&gt;1&lt;/tagGroupID&gt;&lt;tagFunctionID&gt;4&lt;/tagFunctionID&gt;&lt;COM_typeName&gt;TSend&lt;/COM_typeName&gt;&lt;FNC_typeName&gt;DefDataTable&lt;/FNC_typeName&gt;&lt;OPC_typeName&gt;FLOAT&lt;/OPC_typeName&gt;&lt;unitID&gt;36&lt;/unitID&gt;&lt;lineID&gt;35&lt;/lineID&gt;&lt;nameDefined&gt;Hi\Lo&lt;/nameDefined&gt;&lt;uomDefinedID&gt;24&lt;/uomDefinedID&gt;&lt;UOMName&gt;MM&lt;/UOMName&gt;&lt;UOMDescription&gt;MILIMETERS&lt;/UOMDescription&gt;&lt;serialNumber&gt;FTW3M16000ap3&lt;/serialNumber&gt;&lt;avrg&gt;0.002575&lt;/avrg&gt;&lt;/Row&gt;&lt;Row&gt;&lt;notifRecordID&gt;113869&lt;/notifRecordID&gt;&lt;notifTagID&gt;123&lt;/notifTagID&gt;&lt;notifTagValue&gt;-0.004&lt;/notifTagValue&gt;&lt;recordID&gt;113869&lt;/recordID&gt;&lt;notifName&gt;TransCtr&lt;/notifName&gt;&lt;notifDescription&gt;P558_JENOPTIK&lt;/notifDescription&gt;&lt;CreatedBy&gt;SYSTEM&lt;/CreatedBy&gt;&lt;CreatedOn&gt;2016-12-17T17:54:42&lt;/CreatedOn&gt;&lt;ModifiedBy&gt;System&lt;/ModifiedBy&gt;&lt;ModifiedOn&gt;2016-12-17T17:54:44&lt;/ModifiedOn&gt;&lt;tagName&gt;Data_00&lt;/tagName&gt;&lt;tagTypeID&gt;8&lt;/tagTypeID&gt;&lt;tagGroupID&gt;1&lt;/tagGroupID&gt;&lt;tagFunctionID&gt;4&lt;/tagFunctionID&gt;&lt;COM_typeName&gt;TSend&lt;/COM_typeName&gt;&lt;FNC_typeName&gt;DefDataTable&lt;/FNC_typeName&gt;&lt;OPC_typeName&gt;FLOAT&lt;/OPC_typeName&gt;&lt;unitID&gt;36&lt;/unitID&gt;&lt;lineID&gt;35&lt;/lineID&gt;&lt;nameDefined&gt;Hi\Lo&lt;/nameDefined&gt;&lt;uomDefinedID&gt;24&lt;/uomDefinedID&gt;&lt;UOMName&gt;MM&lt;/UOMName&gt;&lt;UOMDescription&gt;MILIMETERS&lt;/UOMDescription&gt;&lt;serialNumber&gt;FTW3M16000ap2&lt;/serialNumber&gt;&lt;avrg&gt;0.002575&lt;/avrg&gt;&lt;/Row&gt;&lt;Row&gt;&lt;notifRecordID&gt;113872&lt;/notifRecordID&gt;&lt;notifTagID&gt;123&lt;/notifTagID&gt;&lt;notifTagValue&gt;0.001&lt;/notifTagValue&gt;&lt;recordID&gt;113872&lt;/recordID&gt;&lt;notifName&gt;TransCtr&lt;/notifName&gt;&lt;notifDescription&gt;P558_JENOPTIK&lt;/notifDescription&gt;&lt;CreatedBy&gt;SYSTEM&lt;/CreatedBy&gt;&lt;CreatedOn&gt;2016-12-17T17:57:05&lt;/CreatedOn&gt;&lt;ModifiedBy&gt;System&lt;/ModifiedBy&gt;&lt;ModifiedOn&gt;2016-12-17T17:57:07&lt;/ModifiedOn&gt;&lt;tagName&gt;Data_00&lt;/tagName&gt;&lt;tagTypeID&gt;8&lt;/tagTypeID&gt;&lt;tagGroupID&gt;1&lt;/tagGroupID&gt;&lt;tagFunctionID&gt;4&lt;/tagFunctionID&gt;&lt;COM_typeName&gt;TSend&lt;/COM_typeName&gt;&lt;FNC_typeName&gt;DefDataTable&lt;/FNC_typeName&gt;&lt;OPC_typeName&gt;FLOAT&lt;/OPC_typeName&gt;&lt;unitID&gt;36&lt;/unitID&gt;&lt;lineID&gt;35&lt;/lineID&gt;&lt;nameDefined&gt;Hi\Lo&lt;/nameDefined&gt;&lt;uomDefinedID&gt;24&lt;/uomDefinedID&gt;&lt;UOMName&gt;MM&lt;/UOMName&gt;&lt;UOMDescription&gt;MILIMETERS&lt;/UOMDescription&gt;&lt;serialNumber&gt;FTW2M160006wt&lt;/serialNumber&gt;&lt;avrg&gt;0.002575&lt;/avrg&gt;&lt;/Row&gt;&lt;Row&gt;&lt;notifRecordID&gt;113878&lt;/notifRecordID&gt;&lt;notifTagID&gt;123&lt;/notifTagID&gt;&lt;notifTagValue&gt;-0.001&lt;/notifTagValue&gt;&lt;recordID&gt;113878&lt;/recordID&gt;&lt;notifName&gt;TransCtr&lt;/notifName&gt;&lt;notifDescription&gt;P558_JENOPTIK&lt;/notifDescription&gt;&lt;CreatedBy&gt;SYSTEM&lt;/CreatedBy&gt;&lt;CreatedOn&gt;2016-12-17T18:02:21&lt;/CreatedOn&gt;&lt;ModifiedBy&gt;System&lt;/ModifiedBy&gt;&lt;ModifiedOn&gt;2016-12-17T18:02:23&lt;/ModifiedOn&gt;&lt;tagName&gt;Data_00&lt;/tagName&gt;&lt;tagTypeID&gt;8&lt;/tagTypeID&gt;&lt;tagGroupID&gt;1&lt;/tagGroupID&gt;&lt;tagFunctionID&gt;4&lt;/tagFunctionID&gt;&lt;COM_typeName&gt;TSend&lt;/COM_typeName&gt;&lt;FNC_typeName&gt;DefDataTable&lt;/FNC_typeName&gt;&lt;OPC_typeName&gt;FLOAT&lt;/OPC_typeName&gt;&lt;unitID&gt;36&lt;/unitID&gt;&lt;lineID&gt;35&lt;/lineID&gt;&lt;nameDefined&gt;Hi\Lo&lt;/nameDefined&gt;&lt;uomDefinedID&gt;24&lt;/uomDefinedID&gt;&lt;UOMName&gt;MM&lt;/UOMName&gt;&lt;UOMDescription&gt;MILIMETERS&lt;/UOMDescription&gt;&lt;serialNumber&gt;FTW2M160006wu&lt;/serialNumber&gt;&lt;avrg&gt;0.002575&lt;/avrg&gt;&lt;/Row&gt;&lt;Row&gt;&lt;notifRecordID&gt;113883&lt;/notifRecordID&gt;&lt;notifTagID&gt;123&lt;/notifTagID&gt;&lt;notifTagValue&gt;0.0&lt;/notifTagValue&gt;&lt;recordID&gt;113883&lt;/recordID&gt;&lt;notifName&gt;TransCtr&lt;/notifName&gt;&lt;notifDescription&gt;P558_JENOPTIK&lt;/notifDescription&gt;&lt;CreatedBy&gt;SYSTEM&lt;/CreatedBy&gt;&lt;CreatedOn&gt;2016-12-17T18:09:06&lt;/CreatedOn&gt;&lt;ModifiedBy&gt;System&lt;/ModifiedBy&gt;&lt;ModifiedOn&gt;2016-12-17T18:09:08&lt;/ModifiedOn&gt;&lt;tagName&gt;Data_00&lt;/tagName&gt;&lt;tagTypeID&gt;8&lt;/tagTypeID&gt;&lt;tagGroupID&gt;1&lt;/tagGroupID&gt;&lt;tagFunctionID&gt;4&lt;/tagFunctionID&gt;&lt;COM_typeName&gt;TSend&lt;/COM_typeName&gt;&lt;FNC_typeName&gt;DefDataTable&lt;/FNC_typeName&gt;&lt;OPC_typeName&gt;FLOAT&lt;/OPC_typeName&gt;&lt;unitID&gt;36&lt;/unitID&gt;&lt;lineID&gt;35&lt;/lineID&gt;&lt;nameDefined&gt;Hi\Lo&lt;/nameDefined&gt;&lt;uomDefinedID&gt;24&lt;/uomDefinedID&gt;&lt;UOMName&gt;MM&lt;/UOMName&gt;&lt;UOMDescription&gt;MILIMETERS&lt;/UOMDescription&gt;&lt;serialNumber&gt;FTW3M16000ap5&lt;/serialNumber&gt;&lt;avrg&gt;0.002575&lt;/avrg&gt;&lt;/Row&gt;&lt;Row&gt;&lt;notifRecordID&gt;113886&lt;/notifRecordID&gt;&lt;notifTagID&gt;123&lt;/notifTagID&gt;&lt;notifTagValue&gt;0.001&lt;/notifTagValue&gt;&lt;recordID&gt;113886&lt;/recordID&gt;&lt;notifName&gt;TransCtr&lt;/notifName&gt;&lt;notifDescription&gt;P558_JENOPTIK&lt;/notifDescription&gt;&lt;CreatedBy&gt;SYSTEM&lt;/CreatedBy&gt;&lt;CreatedOn&gt;2016-12-17T18:11:25&lt;/CreatedOn&gt;&lt;ModifiedBy&gt;System&lt;/ModifiedBy&gt;&lt;ModifiedOn&gt;2016-12-17T18:11:26&lt;/ModifiedOn&gt;&lt;tagName&gt;Data_00&lt;/tagName&gt;&lt;tagTypeID&gt;8&lt;/tagTypeID&gt;&lt;tagGroupID&gt;1&lt;/tagGroupID&gt;&lt;tagFunctionID&gt;4&lt;/tagFunctionID&gt;&lt;COM_typeName&gt;TSend&lt;/COM_typeName&gt;&lt;FNC_typeName&gt;DefDataTable&lt;/FNC_typeName&gt;&lt;OPC_typeName&gt;FLOAT&lt;/OPC_typeName&gt;&lt;unitID&gt;36&lt;/unitID&gt;&lt;lineID&gt;35&lt;/lineID&gt;&lt;nameDefined&gt;Hi\Lo&lt;/nameDefined&gt;&lt;uomDefinedID&gt;24&lt;/uomDefinedID&gt;&lt;UOMName&gt;MM&lt;/UOMName&gt;&lt;UOMDescription&gt;MILIMETERS&lt;/UOMDescription&gt;&lt;serialNumber&gt;FTW3M16000ap7&lt;/serialNumber&gt;&lt;avrg&gt;0.002575&lt;/avrg&gt;&lt;/Row&gt;&lt;Row&gt;&lt;notifRecordID&gt;113889&lt;/notifRecordID&gt;&lt;notifTagID&gt;123&lt;/notifTagID&gt;&lt;notifTagValue&gt;0.0&lt;/notifTagValue&gt;&lt;recordID&gt;113889&lt;/recordID&gt;&lt;notifName&gt;TransCtr&lt;/notifName&gt;&lt;notifDescription&gt;P558_JENOPTIK&lt;/notifDescription&gt;&lt;CreatedBy&gt;SYSTEM&lt;/CreatedBy&gt;&lt;CreatedOn&gt;2016-12-17T18:13:47&lt;/CreatedOn&gt;&lt;ModifiedBy&gt;System&lt;/ModifiedBy&gt;&lt;ModifiedOn&gt;2016-12-17T18:13:49&lt;/ModifiedOn&gt;&lt;tagName&gt;Data_00&lt;/tagName&gt;&lt;tagTypeID&gt;8&lt;/tagTypeID&gt;&lt;tagGroupID&gt;1&lt;/tagGroupID&gt;&lt;tagFunctionID&gt;4&lt;/tagFunctionID&gt;&lt;COM_typeName&gt;TSend&lt;/COM_typeName&gt;&lt;FNC_typeName&gt;DefDataTable&lt;/FNC_typeName&gt;&lt;OPC_typeName&gt;FLOAT&lt;/OPC_typeName&gt;&lt;unitID&gt;36&lt;/unitID&gt;&lt;lineID&gt;35&lt;/lineID&gt;&lt;nameDefined&gt;Hi\Lo&lt;/nameDefined&gt;&lt;uomDefinedID&gt;24&lt;/uomDefinedID&gt;&lt;UOMName&gt;MM&lt;/UOMName&gt;&lt;UOMDescription&gt;MILIMETERS&lt;/UOMDescription&gt;&lt;serialNumber&gt;FTW3M16000ap6&lt;/serialNumber&gt;&lt;avrg&gt;0.002575&lt;/avrg&gt;&lt;/Row&gt;&lt;Row&gt;&lt;notifRecordID&gt;113896&lt;/notifRecordID&gt;&lt;notifTagID&gt;123&lt;/notifTagID&gt;&lt;notifTagValue&gt;0.002&lt;/notifTagValue&gt;&lt;recordID&gt;113896&lt;/recordID&gt;&lt;notifName&gt;TransCtr&lt;/notifName&gt;&lt;notifDescription&gt;P558_JENOPTIK&lt;/notifDescription&gt;&lt;CreatedBy&gt;SYSTEM&lt;/CreatedBy&gt;&lt;CreatedOn&gt;2016-12-17T18:20:43&lt;/CreatedOn&gt;&lt;ModifiedBy&gt;System&lt;/ModifiedBy&gt;&lt;ModifiedOn&gt;2016-12-17T18:20:45&lt;/ModifiedOn&gt;&lt;tagName&gt;Data_00&lt;/tagName&gt;&lt;tagTypeID&gt;8&lt;/tagTypeID&gt;&lt;tagGroupID&gt;1&lt;/tagGroupID&gt;&lt;tagFunctionID&gt;4&lt;/tagFunctionID&gt;&lt;COM_typeName&gt;TSend&lt;/COM_typeName&gt;&lt;FNC_typeName&gt;DefDataTable&lt;/FNC_typeName&gt;&lt;OPC_typeName&gt;FLOAT&lt;/OPC_typeName&gt;&lt;unitID&gt;36&lt;/unitID&gt;&lt;lineID&gt;35&lt;/lineID&gt;&lt;nameDefined&gt;Hi\Lo&lt;/nameDefined&gt;&lt;uomDefinedID&gt;24&lt;/uomDefinedID&gt;&lt;UOMName&gt;MM&lt;/UOMName&gt;&lt;UOMDescription&gt;MILIMETERS&lt;/UOMDescription&gt;&lt;serialNumber&gt;FTW2M160006wv&lt;/serialNumber&gt;&lt;avrg&gt;0.002575&lt;/avrg&gt;&lt;/Row&gt;&lt;Row&gt;&lt;notifRecordID&gt;113901&lt;/notifRecordID&gt;&lt;notifTagID&gt;123&lt;/notifTagID&gt;&lt;notifTagValue&gt;-0.002&lt;/notifTagValue&gt;&lt;recordID&gt;113901&lt;/recordID&gt;&lt;notifName&gt;TransCtr&lt;/notifName&gt;&lt;notifDescription&gt;P558_JENOPTIK&lt;/notifDescription&gt;&lt;CreatedBy&gt;SYSTEM&lt;/CreatedBy&gt;&lt;CreatedOn&gt;2016-12-17T18:27:34&lt;/CreatedOn&gt;&lt;ModifiedBy&gt;System&lt;/ModifiedBy&gt;&lt;ModifiedOn&gt;2016-12-17T18:27:36&lt;/ModifiedOn&gt;&lt;tagName&gt;Data_00&lt;/tagName&gt;&lt;tagTypeID&gt;8&lt;/tagTypeID&gt;&lt;tagGroupID&gt;1&lt;/tagGroupID&gt;&lt;tagFunctionID&gt;4&lt;/tagFunctionID&gt;&lt;COM_typeName&gt;TSend&lt;/COM_typeName&gt;&lt;FNC_typeName&gt;DefDataTable&lt;/FNC_typeName&gt;&lt;OPC_typeName&gt;FLOAT&lt;/OPC_typeName&gt;&lt;unitID&gt;36&lt;/unitID&gt;&lt;lineID&gt;35&lt;/lineID&gt;&lt;nameDefined&gt;Hi\Lo&lt;/nameDefined&gt;&lt;uomDefinedID&gt;24&lt;/uomDefinedID&gt;&lt;UOMName&gt;MM&lt;/UOMName&gt;&lt;UOMDescription&gt;MILIMETERS&lt;/UOMDescription&gt;&lt;serialNumber&gt;FTW2M160006ww&lt;/serialNumber&gt;&lt;avrg&gt;0.002575&lt;/avrg&gt;&lt;/Row&gt;&lt;Row&gt;&lt;notifRecordID&gt;113905&lt;/notifRecordID&gt;&lt;notifTagID&gt;123&lt;/notifTagID&gt;&lt;notifTagValue&gt;0.0&lt;/notifTagValue&gt;&lt;recordID&gt;113905&lt;/recordID&gt;&lt;notifName&gt;TransCtr&lt;/notifName&gt;&lt;notifDescription&gt;P558_JENOPTIK&lt;/notifDescription&gt;&lt;CreatedBy&gt;SYSTEM&lt;/CreatedBy&gt;&lt;CreatedOn&gt;2016-12-17T18:34:47&lt;/CreatedOn&gt;&lt;ModifiedBy&gt;System&lt;/ModifiedBy&gt;&lt;ModifiedOn&gt;2016-12-17T18:34:49&lt;/ModifiedOn&gt;&lt;tagName&gt;Data_00&lt;/tagName&gt;&lt;tagTypeID&gt;8&lt;/tagTypeID&gt;&lt;tagGroupID&gt;1&lt;/tagGroupID&gt;&lt;tagFunctionID&gt;4&lt;/tagFunctionID&gt;&lt;COM_typeName&gt;TSend&lt;/COM_typeName&gt;&lt;FNC_typeName&gt;DefDataTable&lt;/FNC_typeName&gt;&lt;OPC_typeName&gt;FLOAT&lt;/OPC_typeName&gt;&lt;unitID&gt;36&lt;/unitID&gt;&lt;lineID&gt;35&lt;/lineID&gt;&lt;nameDefined&gt;Hi\Lo&lt;/nameDefined&gt;&lt;uomDefinedID&gt;24&lt;/uomDefinedID&gt;&lt;UOMName&gt;MM&lt;/UOMName&gt;&lt;UOMDescription&gt;MILIMETERS&lt;/UOMDescription&gt;&lt;serialNumber&gt;FTW3M16000ap8&lt;/serialNumber&gt;&lt;avrg&gt;0.002575&lt;/avrg&gt;&lt;/Row&gt;&lt;Row&gt;&lt;notifRecordID&gt;113909&lt;/notifRecordID&gt;&lt;notifTagID&gt;123&lt;/notifTagID&gt;&lt;notifTagValue&gt;0.0&lt;/notifTagValue&gt;&lt;recordID&gt;113909&lt;/recordID&gt;&lt;notifName&gt;TransCtr&lt;/notifName&gt;&lt;notifDescription&gt;P558_JENOPTIK&lt;/notifDescription&gt;&lt;CreatedBy&gt;SYSTEM&lt;/CreatedBy&gt;&lt;CreatedOn&gt;2016-12-17T18:37:57&lt;/CreatedOn&gt;&lt;ModifiedBy&gt;System&lt;/ModifiedBy&gt;&lt;ModifiedOn&gt;2016-12-17T18:37:59&lt;/ModifiedOn&gt;&lt;tagName&gt;Data_00&lt;/tagName&gt;&lt;tagTypeID&gt;8&lt;/tagTypeID&gt;&lt;tagGroupID&gt;1&lt;/tagGroupID&gt;&lt;tagFunctionID&gt;4&lt;/tagFunctionID&gt;&lt;COM_typeName&gt;TSend&lt;/COM_typeName&gt;&lt;FNC_typeName&gt;DefDataTable&lt;/FNC_typeName&gt;&lt;OPC_typeName&gt;FLOAT&lt;/OPC_typeName&gt;&lt;unitID&gt;36&lt;/unitID&gt;&lt;lineID&gt;35&lt;/lineID&gt;&lt;nameDefined&gt;Hi\Lo&lt;/nameDefined&gt;&lt;uomDefinedID&gt;24&lt;/uomDefinedID&gt;&lt;UOMName&gt;MM&lt;/UOMName&gt;&lt;UOMDescription&gt;MILIMETERS&lt;/UOMDescription&gt;&lt;serialNumber&gt;FTW3M16000ap9&lt;/serialNumber&gt;&lt;avrg&gt;0.002575&lt;/avrg&gt;&lt;/Row&gt;&lt;Row&gt;&lt;notifRecordID&gt;113912&lt;/notifRecordID&gt;&lt;notifTagID&gt;123&lt;/notifTagID&gt;&lt;notifTagValue&gt;-0.001&lt;/notifTagValue&gt;&lt;recordID&gt;113912&lt;/recordID&gt;&lt;notifName&gt;TransCtr&lt;/notifName&gt;&lt;notifDescription&gt;P558_JENOPTIK&lt;/notifDescription&gt;&lt;CreatedBy&gt;SYSTEM&lt;/CreatedBy&gt;&lt;CreatedOn&gt;2016-12-17T18:41:02&lt;/CreatedOn&gt;&lt;ModifiedBy&gt;System&lt;/ModifiedBy&gt;&lt;ModifiedOn&gt;2016-12-17T18:41:04&lt;/ModifiedOn&gt;&lt;tagName&gt;Data_00&lt;/tagName&gt;&lt;tagTypeID&gt;8&lt;/tagTypeID&gt;&lt;tagGroupID&gt;1&lt;/tagGroupID&gt;&lt;tagFunctionID&gt;4&lt;/tagFunctionID&gt;&lt;COM_typeName&gt;TSend&lt;/COM_typeName&gt;&lt;FNC_typeName&gt;DefDataTable&lt;/FNC_typeName&gt;&lt;OPC_typeName&gt;FLOAT&lt;/OPC_typeName&gt;&lt;unitID&gt;36&lt;/unitID&gt;&lt;lineID&gt;35&lt;/lineID&gt;&lt;nameDefined&gt;Hi\Lo&lt;/nameDefined&gt;&lt;uomDefinedID&gt;24&lt;/uomDefinedID&gt;&lt;UOMName&gt;MM&lt;/UOMName&gt;&lt;UOMDescription&gt;MILIMETERS&lt;/UOMDescription&gt;&lt;serialNumber&gt;FTW3M16000apa&lt;/serialNumber&gt;&lt;avrg&gt;0.002575&lt;/avrg&gt;&lt;/Row&gt;&lt;Row&gt;&lt;notifRecordID&gt;113919&lt;/notifRecordID&gt;&lt;notifTagID&gt;123&lt;/notifTagID&gt;&lt;notifTagValue&gt;0.002&lt;/notifTagValue&gt;&lt;recordID&gt;113919&lt;/recordID&gt;&lt;notifName&gt;TransCtr&lt;/notifName&gt;&lt;notifDescription&gt;P558_JENOPTIK&lt;/notifDescription&gt;&lt;CreatedBy&gt;SYSTEM&lt;/CreatedBy&gt;&lt;CreatedOn&gt;2016-12-17T18:49:19&lt;/CreatedOn&gt;&lt;ModifiedBy&gt;System&lt;/ModifiedBy&gt;&lt;ModifiedOn&gt;2016-12-17T18:49:21&lt;/ModifiedOn&gt;&lt;tagName&gt;Data_00&lt;/tagName&gt;&lt;tagTypeID&gt;8&lt;/tagTypeID&gt;&lt;tagGroupID&gt;1&lt;/tagGroupID&gt;&lt;tagFunctionID&gt;4&lt;/tagFunctionID&gt;&lt;COM_typeName&gt;TSend&lt;/COM_typeName&gt;&lt;FNC_typeName&gt;DefDataTable&lt;/FNC_typeName&gt;&lt;OPC_typeName&gt;FLOAT&lt;/OPC_typeName&gt;&lt;unitID&gt;36&lt;/unitID&gt;&lt;lineID&gt;35&lt;/lineID&gt;&lt;nameDefined&gt;Hi\Lo&lt;/nameDefined&gt;&lt;uomDefinedID&gt;24&lt;/uomDefinedID&gt;&lt;UOMName&gt;MM&lt;/UOMName&gt;&lt;UOMDescription&gt;MILIMETERS&lt;/UOMDescription&gt;&lt;serialNumber&gt;FTW2M160006wx&lt;/serialNumber&gt;&lt;avrg&gt;0.002575&lt;/avrg&gt;&lt;/Row&gt;&lt;Row&gt;&lt;notifRecordID&gt;113922&lt;/notifRecordID&gt;&lt;notifTagID&gt;123&lt;/notifTagID&gt;&lt;notifTagValue&gt;-0.001&lt;/notifTagValue&gt;&lt;recordID&gt;113922&lt;/recordID&gt;&lt;notifName&gt;TransCtr&lt;/notifName&gt;&lt;notifDescription&gt;P558_JENOPTIK&lt;/notifDescription&gt;&lt;CreatedBy&gt;SYSTEM&lt;/CreatedBy&gt;&lt;CreatedOn&gt;2016-12-17T18:52:47&lt;/CreatedOn&gt;&lt;ModifiedBy&gt;System&lt;/ModifiedBy&gt;&lt;ModifiedOn&gt;2016-12-17T18:52:49&lt;/ModifiedOn&gt;&lt;tagName&gt;Data_00&lt;/tagName&gt;&lt;tagTypeID&gt;8&lt;/tagTypeID&gt;&lt;tagGroupID&gt;1&lt;/tagGroupID&gt;&lt;tagFunctionID&gt;4&lt;/tagFunctionID&gt;&lt;COM_typeName&gt;TSend&lt;/COM_typeName&gt;&lt;FNC_typeName&gt;DefDataTable&lt;/FNC_typeName&gt;&lt;OPC_typeName&gt;FLOAT&lt;/OPC_typeName&gt;&lt;unitID&gt;36&lt;/unitID&gt;&lt;lineID&gt;35&lt;/lineID&gt;&lt;nameDefined&gt;Hi\Lo&lt;/nameDefined&gt;&lt;uomDefinedID&gt;24&lt;/uomDefinedID&gt;&lt;UOMName&gt;MM&lt;/UOMName&gt;&lt;UOMDescription&gt;MILIMETERS&lt;/UOMDescription&gt;&lt;serialNumber&gt;FTW2M160006wy&lt;/serialNumber&gt;&lt;avrg&gt;0.002575&lt;/avrg&gt;&lt;/Row&gt;&lt;Row&gt;&lt;notifRecordID&gt;113927&lt;/notifRecordID&gt;&lt;notifTagID&gt;123&lt;/notifTagID&gt;&lt;notifTagValue&gt;-0.001&lt;/notifTagValue&gt;&lt;recordID&gt;113927&lt;/recordID&gt;&lt;notifName&gt;TransCtr&lt;/notifName&gt;&lt;notifDescription&gt;P558_JENOPTIK&lt;/notifDescription&gt;&lt;CreatedBy&gt;SYSTEM&lt;/CreatedBy&gt;&lt;CreatedOn&gt;2016-12-17T18:58:37&lt;/CreatedOn&gt;&lt;ModifiedBy&gt;System&lt;/ModifiedBy&gt;&lt;ModifiedOn&gt;2016-12-17T18:58:39&lt;/ModifiedOn&gt;&lt;tagName&gt;Data_00&lt;/tagName&gt;&lt;tagTypeID&gt;8&lt;/tagTypeID&gt;&lt;tagGroupID&gt;1&lt;/tagGroupID&gt;&lt;tagFunctionID&gt;4&lt;/tagFunctionID&gt;&lt;COM_typeName&gt;TSend&lt;/COM_typeName&gt;&lt;FNC_typeName&gt;DefDataTable&lt;/FNC_typeName&gt;&lt;OPC_typeName&gt;FLOAT&lt;/OPC_typeName&gt;&lt;unitID&gt;36&lt;/unitID&gt;&lt;lineID&gt;35&lt;/lineID&gt;&lt;nameDefined&gt;Hi\Lo&lt;/nameDefined&gt;&lt;uomDefinedID&gt;24&lt;/uomDefinedID&gt;&lt;UOMName&gt;MM&lt;/UOMName&gt;&lt;UOMDescription&gt;MILIMETERS&lt;/UOMDescription&gt;&lt;serialNumber&gt;FTW3M16000apb&lt;/serialNumber&gt;&lt;avrg&gt;0.002575&lt;/avrg&gt;&lt;/Row&gt;&lt;Row&gt;&lt;notifRecordID&gt;113929&lt;/notifRecordID&gt;&lt;notifTagID&gt;123&lt;/notifTagID&gt;&lt;notifTagValue&gt;-0.008&lt;/notifTagValue&gt;&lt;recordID&gt;113929&lt;/recordID&gt;&lt;notifName&gt;TransCtr&lt;/notifName&gt;&lt;notifDescription&gt;P558_JENOPTIK&lt;/notifDescription&gt;&lt;CreatedBy&gt;SYSTEM&lt;/CreatedBy&gt;&lt;CreatedOn&gt;2016-12-17T19:00:04&lt;/CreatedOn&gt;&lt;ModifiedBy&gt;System&lt;/ModifiedBy&gt;&lt;ModifiedOn&gt;2016-12-17T19:00:05&lt;/ModifiedOn&gt;&lt;tagName&gt;Data_00&lt;/tagName&gt;&lt;tagTypeID&gt;8&lt;/tagTypeID&gt;&lt;tagGroupID&gt;1&lt;/tagGroupID&gt;&lt;tagFunctionID&gt;4&lt;/tagFunctionID&gt;&lt;COM_typeName&gt;TSend&lt;/COM_typeName&gt;&lt;FNC_typeName&gt;DefDataTable&lt;/FNC_typeName&gt;&lt;OPC_typeName&gt;FLOAT&lt;/OPC_typeName&gt;&lt;unitID&gt;36&lt;/unitID&gt;&lt;lineID&gt;35&lt;/lineID&gt;&lt;nameDefined&gt;Hi\Lo&lt;/nameDefined&gt;&lt;uomDefinedID&gt;24&lt;/uomDefinedID&gt;&lt;UOMName&gt;MM&lt;/UOMName&gt;&lt;UOMDescription&gt;MILIMETERS&lt;/UOMDescription&gt;&lt;serialNumber&gt;FTW3M16000apb&lt;/serialNumber&gt;&lt;avrg&gt;0.002575&lt;/avrg&gt;&lt;/Row&gt;&lt;Row&gt;&lt;notifRecordID&gt;113933&lt;/notifRecordID&gt;&lt;notifTagID&gt;123&lt;/notifTagID&gt;&lt;notifTagValue&gt;0.0&lt;/notifTagValue&gt;&lt;recordID&gt;113933&lt;/recordID&gt;&lt;notifName&gt;TransCtr&lt;/notifName&gt;&lt;notifDescription&gt;P558_JENOPTIK&lt;/notifDescription&gt;&lt;CreatedBy&gt;SYSTEM&lt;/CreatedBy&gt;&lt;CreatedOn&gt;2016-12-17T19:05:40&lt;/CreatedOn&gt;&lt;ModifiedBy&gt;System&lt;/ModifiedBy&gt;&lt;ModifiedOn&gt;2016-12-17T19:05:42&lt;/ModifiedOn&gt;&lt;tagName&gt;Data_00&lt;/tagName&gt;&lt;tagTypeID&gt;8&lt;/tagTypeID&gt;&lt;tagGroupID&gt;1&lt;/tagGroupID&gt;&lt;tagFunctionID&gt;4&lt;/tagFunctionID&gt;&lt;COM_typeName&gt;TSend&lt;/COM_typeName&gt;&lt;FNC_typeName&gt;DefDataTable&lt;/FNC_typeName&gt;&lt;OPC_typeName&gt;FLOAT&lt;/OPC_typeName&gt;&lt;unitID&gt;36&lt;/unitID&gt;&lt;lineID&gt;35&lt;/lineID&gt;&lt;nameDefined&gt;Hi\Lo&lt;/nameDefined&gt;&lt;uomDefinedID&gt;24&lt;/uomDefinedID&gt;&lt;UOMName&gt;MM&lt;/UOMName&gt;&lt;UOMDescription&gt;MILIMETERS&lt;/UOMDescription&gt;&lt;serialNumber&gt;FTW3M16000apc&lt;/serialNumber&gt;&lt;avrg&gt;0.002575&lt;/avrg&gt;&lt;/Row&gt;&lt;Row&gt;&lt;notifRecordID&gt;113937&lt;/notifRecordID&gt;&lt;notifTagID&gt;123&lt;/notifTagID&gt;&lt;notifTagValue&gt;0.004&lt;/notifTagValue&gt;&lt;recordID&gt;113937&lt;/recordID&gt;&lt;notifName&gt;TransCtr&lt;/notifName&gt;&lt;notifDescription&gt;P558_JENOPTIK&lt;/notifDescription&gt;&lt;CreatedBy&gt;SYSTEM&lt;/CreatedBy&gt;&lt;CreatedOn&gt;2016-12-17T19:08:38&lt;/CreatedOn&gt;&lt;ModifiedBy&gt;System&lt;/ModifiedBy&gt;&lt;ModifiedOn&gt;2016-12-17T19:08:40&lt;/ModifiedOn&gt;&lt;tagName&gt;Data_00&lt;/tagName&gt;&lt;tagTypeID&gt;8&lt;/tagTypeID&gt;&lt;tagGroupID&gt;1&lt;/tagGroupID&gt;&lt;tagFunctionID&gt;4&lt;/tagFunctionID&gt;&lt;COM_typeName&gt;TSend&lt;/COM_typeName&gt;&lt;FNC_typeName&gt;DefDataTable&lt;/FNC_typeName&gt;&lt;OPC_typeName&gt;FLOAT&lt;/OPC_typeName&gt;&lt;unitID&gt;36&lt;/unitID&gt;&lt;lineID&gt;35&lt;/lineID&gt;&lt;nameDefined&gt;Hi\Lo&lt;/nameDefined&gt;&lt;uomDefinedID&gt;24&lt;/uomDefinedID&gt;&lt;UOMName&gt;MM&lt;/UOMName&gt;&lt;UOMDescription&gt;MILIMETERS&lt;/UOMDescription&gt;&lt;serialNumber&gt;FTW3M16000apd&lt;/serialNumber&gt;&lt;avrg&gt;0.002575&lt;/avrg&gt;&lt;/Row&gt;&lt;Row&gt;&lt;notifRecordID&gt;113940&lt;/notifRecordID&gt;&lt;notifTagID&gt;123&lt;/notifTagID&gt;&lt;notifTagValue&gt;0.005&lt;/notifTagValue&gt;&lt;recordID&gt;113940&lt;/recordID&gt;&lt;notifName&gt;TransCtr&lt;/notifName&gt;&lt;notifDescription&gt;P558_JENOPTIK&lt;/notifDescription&gt;&lt;CreatedBy&gt;SYSTEM&lt;/CreatedBy&gt;&lt;CreatedOn&gt;2016-12-17T19:11:44&lt;/CreatedOn&gt;&lt;ModifiedBy&gt;System&lt;/ModifiedBy&gt;&lt;ModifiedOn&gt;2016-12-17T19:11:46&lt;/ModifiedOn&gt;&lt;tagName&gt;Data_00&lt;/tagName&gt;&lt;tagTypeID&gt;8&lt;/tagTypeID&gt;&lt;tagGroupID&gt;1&lt;/tagGroupID&gt;&lt;tagFunctionID&gt;4&lt;/tagFunctionID&gt;&lt;COM_typeName&gt;TSend&lt;/COM_typeName&gt;&lt;FNC_typeName&gt;DefDataTable&lt;/FNC_typeName&gt;&lt;OPC_typeName&gt;FLOAT&lt;/OPC_typeName&gt;&lt;unitID&gt;36&lt;/unitID&gt;&lt;lineID&gt;35&lt;/lineID&gt;&lt;nameDefined&gt;Hi\Lo&lt;/nameDefined&gt;&lt;uomDefinedID&gt;24&lt;/uomDefinedID&gt;&lt;UOMName&gt;MM&lt;/UOMName&gt;&lt;UOMDescription&gt;MILIMETERS&lt;/UOMDescription&gt;&lt;serialNumber&gt;FTW3M16000apd&lt;/serialNumber&gt;&lt;avrg&gt;0.002575&lt;/avrg&gt;&lt;/Row&gt;&lt;Row&gt;&lt;notifRecordID&gt;113945&lt;/notifRecordID&gt;&lt;notifTagID&gt;123&lt;/notifTagID&gt;&lt;notifTagValue&gt;0.003&lt;/notifTagValue&gt;&lt;recordID&gt;113945&lt;/recordID&gt;&lt;notifName&gt;TransCtr&lt;/notifName&gt;&lt;notifDescription&gt;P558_JENOPTIK&lt;/notifDescription&gt;&lt;CreatedBy&gt;SYSTEM&lt;/CreatedBy&gt;&lt;CreatedOn&gt;2016-12-17T19:13:44&lt;/CreatedOn&gt;&lt;ModifiedBy&gt;System&lt;/ModifiedBy&gt;&lt;ModifiedOn&gt;2016-12-17T19:13:46&lt;/ModifiedOn&gt;&lt;tagName&gt;Data_00&lt;/tagName&gt;&lt;tagTypeID&gt;8&lt;/tagTypeID&gt;&lt;tagGroupID&gt;1&lt;/tagGroupID&gt;&lt;tagFunctionID&gt;4&lt;/tagFunctionID&gt;&lt;COM_typeName&gt;TSend&lt;/COM_typeName&gt;&lt;FNC_typeName&gt;DefDataTable&lt;/FNC_typeName&gt;&lt;OPC_typeName&gt;FLOAT&lt;/OPC_typeName&gt;&lt;unitID&gt;36&lt;/unitID&gt;&lt;lineID&gt;35&lt;/lineID&gt;&lt;nameDefined&gt;Hi\Lo&lt;/nameDefined&gt;&lt;uomDefinedID&gt;24&lt;/uomDefinedID&gt;&lt;UOMName&gt;MM&lt;/UOMName&gt;&lt;UOMDescription&gt;MILIMETERS&lt;/UOMDescription&gt;&lt;serialNumber&gt;FTW2M160006wz&lt;/serialNumber&gt;&lt;avrg&gt;0.002575&lt;/avrg&gt;&lt;/Row&gt;&lt;Row&gt;&lt;notifRecordID&gt;113952&lt;/notifRecordID&gt;&lt;notifTagID&gt;123&lt;/notifTagID&gt;&lt;notifTagValue&gt;-0.005&lt;/notifTagValue&gt;&lt;recordID&gt;113952&lt;/recordID&gt;&lt;notifName&gt;TransCtr&lt;/notifName&gt;&lt;notifDescription&gt;P558_JENOPTIK&lt;/notifDescription&gt;&lt;CreatedBy&gt;SYSTEM&lt;/CreatedBy&gt;&lt;CreatedOn&gt;2016-12-17T19:19:59&lt;/CreatedOn&gt;&lt;ModifiedBy&gt;System&lt;/ModifiedBy&gt;&lt;ModifiedOn&gt;2016-12-17T19:20:01&lt;/ModifiedOn&gt;&lt;tagName&gt;Data_00&lt;/tagName&gt;&lt;tagTypeID&gt;8&lt;/tagTypeID&gt;&lt;tagGroupID&gt;1&lt;/tagGroupID&gt;&lt;tagFunctionID&gt;4&lt;/tagFunctionID&gt;&lt;COM_typeName&gt;TSend&lt;/COM_typeName&gt;&lt;FNC_typeName&gt;DefDataTable&lt;/FNC_typeName&gt;&lt;OPC_typeName&gt;FLOAT&lt;/OPC_typeName&gt;&lt;unitID&gt;36&lt;/unitID&gt;&lt;lineID&gt;35&lt;/lineID&gt;&lt;nameDefined&gt;Hi\Lo&lt;/nameDefined&gt;&lt;uomDefinedID&gt;24&lt;/uomDefinedID&gt;&lt;UOMName&gt;MM&lt;/UOMName&gt;&lt;UOMDescription&gt;MILIMETERS&lt;/UOMDescription&gt;&lt;serialNumber&gt;FTW2M160006x0&lt;/serialNumber&gt;&lt;avrg&gt;0.002575&lt;/avrg&gt;&lt;/Row&gt;&lt;Row&gt;&lt;notifRecordID&gt;113955&lt;/notifRecordID&gt;&lt;notifTagID&gt;123&lt;/notifTagID&gt;&lt;notifTagValue&gt;-0.002&lt;/notifTagValue&gt;&lt;recordID&gt;113955&lt;/recordID&gt;&lt;notifName&gt;TransCtr&lt;/notifName&gt;&lt;notifDescription&gt;P558_JENOPTIK&lt;/notifDescription&gt;&lt;CreatedBy&gt;SYSTEM&lt;/CreatedBy&gt;&lt;CreatedOn&gt;2016-12-17T19:25:20&lt;/CreatedOn&gt;&lt;ModifiedBy&gt;System&lt;/ModifiedBy&gt;&lt;ModifiedOn&gt;2016-12-17T19:25:22&lt;/ModifiedOn&gt;&lt;tagName&gt;Data_00&lt;/tagName&gt;&lt;tagTypeID&gt;8&lt;/tagTypeID&gt;&lt;tagGroupID&gt;1&lt;/tagGroupID&gt;&lt;tagFunctionID&gt;4&lt;/tagFunctionID&gt;&lt;COM_typeName&gt;TSend&lt;/COM_typeName&gt;&lt;FNC_typeName&gt;DefDataTable&lt;/FNC_typeName&gt;&lt;OPC_typeName&gt;FLOAT&lt;/OPC_typeName&gt;&lt;unitID&gt;36&lt;/unitID&gt;&lt;lineID&gt;35&lt;/lineID&gt;&lt;nameDefined&gt;Hi\Lo&lt;/nameDefined&gt;&lt;uomDefinedID&gt;24&lt;/uomDefinedID&gt;&lt;UOMName&gt;MM&lt;/UOMName&gt;&lt;UOMDescription&gt;MILIMETERS&lt;/UOMDescription&gt;&lt;serialNumber&gt;FTW3M16000ape&lt;/serialNumber&gt;&lt;avrg&gt;0.002575&lt;/avrg&gt;&lt;/Row&gt;&lt;Row&gt;&lt;notifRecordID&gt;113959&lt;/notifRecordID&gt;&lt;notifTagID&gt;123&lt;/notifTagID&gt;&lt;notifTagValue&gt;0.006&lt;/notifTagValue&gt;&lt;recordID&gt;113959&lt;/recordID&gt;&lt;notifName&gt;TransCtr&lt;/notifName&gt;&lt;notifDescription&gt;P558_JENOPTIK&lt;/notifDescription&gt;&lt;CreatedBy&gt;SYSTEM&lt;/CreatedBy&gt;&lt;CreatedOn&gt;2016-12-17T19:30:31&lt;/CreatedOn&gt;&lt;ModifiedBy&gt;System&lt;/ModifiedBy&gt;&lt;ModifiedOn&gt;2016-12-17T19:30:33&lt;/ModifiedOn&gt;&lt;tagName&gt;Data_00&lt;/tagName&gt;&lt;tagTypeID&gt;8&lt;/tagTypeID&gt;&lt;tagGroupID&gt;1&lt;/tagGroupID&gt;&lt;tagFunctionID&gt;4&lt;/tagFunctionID&gt;&lt;COM_typeName&gt;TSend&lt;/COM_typeName&gt;&lt;FNC_typeName&gt;DefDataTable&lt;/FNC_typeName&gt;&lt;OPC_typeName&gt;FLOAT&lt;/OPC_typeName&gt;&lt;unitID&gt;36&lt;/unitID&gt;&lt;lineID&gt;35&lt;/lineID&gt;&lt;nameDefined&gt;Hi\Lo&lt;/nameDefined&gt;&lt;uomDefinedID&gt;24&lt;/uomDefinedID&gt;&lt;UOMName&gt;MM&lt;/UOMName&gt;&lt;UOMDescription&gt;MILIMETERS&lt;/UOMDescription&gt;&lt;serialNumber&gt;FTW3M16000apf&lt;/serialNumber&gt;&lt;avrg&gt;0.002575&lt;/avrg&gt;&lt;/Row&gt;&lt;Row&gt;&lt;notifRecordID&gt;113962&lt;/notifRecordID&gt;&lt;notifTagID&gt;123&lt;/notifTagID&gt;&lt;notifTagValue&gt;0.001&lt;/notifTagValue&gt;&lt;recordID&gt;113962&lt;/recordID&gt;&lt;notifName&gt;TransCtr&lt;/notifName&gt;&lt;notifDescription&gt;P558_JENOPTIK&lt;/notifDescription&gt;&lt;CreatedBy&gt;SYSTEM&lt;/CreatedBy&gt;&lt;CreatedOn&gt;2016-12-17T19:34:39&lt;/CreatedOn&gt;&lt;ModifiedBy&gt;System&lt;/ModifiedBy&gt;&lt;ModifiedOn&gt;2016-12-17T19:34:41&lt;/ModifiedOn&gt;&lt;tagName&gt;Data_00&lt;/tagName&gt;&lt;tagTypeID&gt;8&lt;/tagTypeID&gt;&lt;tagGroupID&gt;1&lt;/tagGroupID&gt;&lt;tagFunctionID&gt;4&lt;/tagFunctionID&gt;&lt;COM_typeName&gt;TSend&lt;/COM_typeName&gt;&lt;FNC_typeName&gt;DefDataTable&lt;/FNC_typeName&gt;&lt;OPC_typeName&gt;FLOAT&lt;/OPC_typeName&gt;&lt;unitID&gt;36&lt;/unitID&gt;&lt;lineID&gt;35&lt;/lineID&gt;&lt;nameDefined&gt;Hi\Lo&lt;/nameDefined&gt;&lt;uomDefinedID&gt;24&lt;/uomDefinedID&gt;&lt;UOMName&gt;MM&lt;/UOMName&gt;&lt;UOMDescription&gt;MILIMETERS&lt;/UOMDescription&gt;&lt;serialNumber&gt;FTW3M16000apg&lt;/serialNumber&gt;&lt;avrg&gt;0.002575&lt;/avrg&gt;&lt;/Row&gt;&lt;Row&gt;&lt;notifRecordID&gt;113968&lt;/notifRecordID&gt;&lt;notifTagID&gt;123&lt;/notifTagID&gt;&lt;notifTagValue&gt;0.001&lt;/notifTagValue&gt;&lt;recordID&gt;113968&lt;/recordID&gt;&lt;notifName&gt;TransCtr&lt;/notifName&gt;&lt;notifDescription&gt;P558_JENOPTIK&lt;/notifDescription&gt;&lt;CreatedBy&gt;SYSTEM&lt;/CreatedBy&gt;&lt;CreatedOn&gt;2016-12-17T19:41:26&lt;/CreatedOn&gt;&lt;ModifiedBy&gt;System&lt;/ModifiedBy&gt;&lt;ModifiedOn&gt;2016-12-17T19:41:28&lt;/ModifiedOn&gt;&lt;tagName&gt;Data_00&lt;/tagName&gt;&lt;tagTypeID&gt;8&lt;/tagTypeID&gt;&lt;tagGroupID&gt;1&lt;/tagGroupID&gt;&lt;tagFunctionID&gt;4&lt;/tagFunctionID&gt;&lt;COM_typeName&gt;TSend&lt;/COM_typeName&gt;&lt;FNC_typeName&gt;DefDataTable&lt;/FNC_typeName&gt;&lt;OPC_typeName&gt;FLOAT&lt;/OPC_typeName&gt;&lt;unitID&gt;36&lt;/unitID&gt;&lt;lineID&gt;35&lt;/lineID&gt;&lt;nameDefined&gt;Hi\Lo&lt;/nameDefined&gt;&lt;uomDefinedID&gt;24&lt;/uomDefinedID&gt;&lt;UOMName&gt;MM&lt;/UOMName&gt;&lt;UOMDescription&gt;MILIMETERS&lt;/UOMDescription&gt;&lt;serialNumber&gt;FTW2M160006x1&lt;/serialNumber&gt;&lt;avrg&gt;0.002575&lt;/avrg&gt;&lt;/Row&gt;&lt;Row&gt;&lt;notifRecordID&gt;113974&lt;/notifRecordID&gt;&lt;notifTagID&gt;123&lt;/notifTagID&gt;&lt;notifTagValue&gt;0.001&lt;/notifTagValue&gt;&lt;recordID&gt;113974&lt;/recordID&gt;&lt;notifName&gt;TransCtr&lt;/notifName&gt;&lt;notifDescription&gt;P558_JENOPTIK&lt;/notifDescription&gt;&lt;CreatedBy&gt;SYSTEM&lt;/CreatedBy&gt;&lt;CreatedOn&gt;2016-12-17T19:50:34&lt;/CreatedOn&gt;&lt;ModifiedBy&gt;System&lt;/ModifiedBy&gt;&lt;ModifiedOn&gt;2016-12-17T19:50:36&lt;/ModifiedOn&gt;&lt;tagName&gt;Data_00&lt;/tagName&gt;&lt;tagTypeID&gt;8&lt;/tagTypeID&gt;&lt;tagGroupID&gt;1&lt;/tagGroupID&gt;&lt;tagFunctionID&gt;4&lt;/tagFunctionID&gt;&lt;COM_typeName&gt;TSend&lt;/COM_typeName&gt;&lt;FNC_typeName&gt;DefDataTable&lt;/FNC_typeName&gt;&lt;OPC_typeName&gt;FLOAT&lt;/OPC_typeName&gt;&lt;unitID&gt;36&lt;/unitID&gt;&lt;lineID&gt;35&lt;/lineID&gt;&lt;nameDefined&gt;Hi\Lo&lt;/nameDefined&gt;&lt;uomDefinedID&gt;24&lt;/uomDefinedID&gt;&lt;UOMName&gt;MM&lt;/UOMName&gt;&lt;UOMDescription&gt;MILIMETERS&lt;/UOMDescription&gt;&lt;serialNumber&gt;FTW3M16000aph&lt;/serialNumber&gt;&lt;avrg&gt;0.002575&lt;/avrg&gt;&lt;/Row&gt;&lt;Row&gt;&lt;notifRecordID&gt;113979&lt;/notifRecordID&gt;&lt;notifTagID&gt;123&lt;/notifTagID&gt;&lt;notifTagValue&gt;0.001&lt;/notifTagValue&gt;&lt;recordID&gt;113979&lt;/recordID&gt;&lt;notifName&gt;TransCtr&lt;/notifName&gt;&lt;notifDescription&gt;P558_JENOPTIK&lt;/notifDescription&gt;&lt;CreatedBy&gt;SYSTEM&lt;/CreatedBy&gt;&lt;CreatedOn&gt;2016-12-17T19:54:44&lt;/CreatedOn&gt;&lt;ModifiedBy&gt;System&lt;/ModifiedBy&gt;&lt;ModifiedOn&gt;2016-12-17T19:54:46&lt;/ModifiedOn&gt;&lt;tagName&gt;Data_00&lt;/tagName&gt;&lt;tagTypeID&gt;8&lt;/tagTypeID&gt;&lt;tagGroupID&gt;1&lt;/tagGroupID&gt;&lt;tagFunctionID&gt;4&lt;/tagFunctionID&gt;&lt;COM_typeName&gt;TSend&lt;/COM_typeName&gt;&lt;FNC_typeName&gt;DefDataTable&lt;/FNC_typeName&gt;&lt;OPC_typeName&gt;FLOAT&lt;/OPC_typeName&gt;&lt;unitID&gt;36&lt;/unitID&gt;&lt;lineID&gt;35&lt;/lineID&gt;&lt;nameDefined&gt;Hi\Lo&lt;/nameDefined&gt;&lt;uomDefinedID&gt;24&lt;/uomDefinedID&gt;&lt;UOMName&gt;MM&lt;/UOMName&gt;&lt;UOMDescription&gt;MILIMETERS&lt;/UOMDescription&gt;&lt;serialNumber&gt;FTW2M160006x2&lt;/serialNumber&gt;&lt;avrg&gt;0.002575&lt;/avrg&gt;&lt;/Row&gt;&lt;Row&gt;&lt;notifRecordID&gt;113983&lt;/notifRecordID&gt;&lt;notifTagID&gt;123&lt;/notifTagID&gt;&lt;notifTagValue&gt;0.003&lt;/notifTagValue&gt;&lt;recordID&gt;113983&lt;/recordID&gt;&lt;notifName&gt;TransCtr&lt;/notifName&gt;&lt;notifDescription&gt;P558_JENOPTIK&lt;/notifDescription&gt;&lt;CreatedBy&gt;SYSTEM&lt;/CreatedBy&gt;&lt;CreatedOn&gt;2016-12-17T19:57:21&lt;/CreatedOn&gt;&lt;ModifiedBy&gt;System&lt;/ModifiedBy&gt;&lt;ModifiedOn&gt;2016-12-17T19:57:23&lt;/ModifiedOn&gt;&lt;tagName&gt;Data_00&lt;/tagName&gt;&lt;tagTypeID&gt;8&lt;/tagTypeID&gt;&lt;tagGroupID&gt;1&lt;/tagGroupID&gt;&lt;tagFunctionID&gt;4&lt;/tagFunctionID&gt;&lt;COM_typeName&gt;TSend&lt;/COM_typeName&gt;&lt;FNC_typeName&gt;DefDataTable&lt;/FNC_typeName&gt;&lt;OPC_typeName&gt;FLOAT&lt;/OPC_typeName&gt;&lt;unitID&gt;36&lt;/unitID&gt;&lt;lineID&gt;35&lt;/lineID&gt;&lt;nameDefined&gt;Hi\Lo&lt;/nameDefined&gt;&lt;uomDefinedID&gt;24&lt;/uomDefinedID&gt;&lt;UOMName&gt;MM&lt;/UOMName&gt;&lt;UOMDescription&gt;MILIMETERS&lt;/UOMDescription&gt;&lt;serialNumber&gt;FTW3M16000api&lt;/serialNumber&gt;&lt;avrg&gt;0.002575&lt;/avrg&gt;&lt;/Row&gt;&lt;Row&gt;&lt;notifRecordID&gt;113987&lt;/notifRecordID&gt;&lt;notifTagID&gt;123&lt;/notifTagID&gt;&lt;notifTagValue&gt;-0.004&lt;/notifTagValue&gt;&lt;recordID&gt;113987&lt;/recordID&gt;&lt;notifName&gt;TransCtr&lt;/notifName&gt;&lt;notifDescription&gt;P558_JENOPTIK&lt;/notifDescription&gt;&lt;CreatedBy&gt;SYSTEM&lt;/CreatedBy&gt;&lt;CreatedOn&gt;2016-12-17T20:02:00&lt;/CreatedOn&gt;&lt;ModifiedBy&gt;System&lt;/ModifiedBy&gt;&lt;ModifiedOn&gt;2016-12-17T20:02:02&lt;/ModifiedOn&gt;&lt;tagName&gt;Data_00&lt;/tagName&gt;&lt;tagTypeID&gt;8&lt;/tagTypeID&gt;&lt;tagGroupID&gt;1&lt;/tagGroupID&gt;&lt;tagFunctionID&gt;4&lt;/tagFunctionID&gt;&lt;COM_typeName&gt;TSend&lt;/COM_typeName&gt;&lt;FNC_typeName&gt;DefDataTable&lt;/FNC_typeName&gt;&lt;OPC_typeName&gt;FLOAT&lt;/OPC_typeName&gt;&lt;unitID&gt;36&lt;/unitID&gt;&lt;lineID&gt;35&lt;/lineID&gt;&lt;nameDefined&gt;Hi\Lo&lt;/nameDefined&gt;&lt;uomDefinedID&gt;24&lt;/uomDefinedID&gt;&lt;UOMName&gt;MM&lt;/UOMName&gt;&lt;UOMDescription&gt;MILIMETERS&lt;/UOMDescription&gt;&lt;serialNumber&gt;FTW3M16000apj&lt;/serialNumber&gt;&lt;avrg&gt;0.002575&lt;/avrg&gt;&lt;/Row&gt;&lt;Row&gt;&lt;notifRecordID&gt;113995&lt;/notifRecordID&gt;&lt;notifTagID&gt;123&lt;/notifTagID&gt;&lt;notifTagValue&gt;0.002&lt;/notifTagValue&gt;&lt;recordID&gt;113995&lt;/recordID&gt;&lt;notifName&gt;TransCtr&lt;/notifName&gt;&lt;notifDescription&gt;P558_JENOPTIK&lt;/notifDescription&gt;&lt;CreatedBy&gt;SYSTEM&lt;/CreatedBy&gt;&lt;CreatedOn&gt;2016-12-17T20:13:28&lt;/CreatedOn&gt;&lt;ModifiedBy&gt;System&lt;/ModifiedBy&gt;&lt;ModifiedOn&gt;2016-12-17T20:13:30&lt;/ModifiedOn&gt;&lt;tagName&gt;Data_00&lt;/tagName&gt;&lt;tagTypeID&gt;8&lt;/tagTypeID&gt;&lt;tagGroupID&gt;1&lt;/tagGroupID&gt;&lt;tagFunctionID&gt;4&lt;/tagFunctionID&gt;&lt;COM_typeName&gt;TSend&lt;/COM_typeName&gt;&lt;FNC_typeName&gt;DefDataTable&lt;/FNC_typeName&gt;&lt;OPC_typeName&gt;FLOAT&lt;/OPC_typeName&gt;&lt;unitID&gt;36&lt;/unitID&gt;&lt;lineID&gt;35&lt;/lineID&gt;&lt;nameDefined&gt;Hi\Lo&lt;/nameDefined&gt;&lt;uomDefinedID&gt;24&lt;/uomDefinedID&gt;&lt;UOMName&gt;MM&lt;/UOMName&gt;&lt;UOMDescription&gt;MILIMETERS&lt;/UOMDescription&gt;&lt;serialNumber&gt;FTW2M160006x3&lt;/serialNumber&gt;&lt;avrg&gt;0.002575&lt;/avrg&gt;&lt;/Row&gt;&lt;Row&gt;&lt;notifRecordID&gt;113999&lt;/notifRecordID&gt;&lt;notifTagID&gt;123&lt;/notifTagID&gt;&lt;notifTagValue&gt;-0.003&lt;/notifTagValue&gt;&lt;recordID&gt;113999&lt;/recordID&gt;&lt;notifName&gt;TransCtr&lt;/notifName&gt;&lt;notifDescription&gt;P558_JENOPTIK&lt;/notifDescription&gt;&lt;CreatedBy&gt;SYSTEM&lt;/CreatedBy&gt;&lt;CreatedOn&gt;2016-12-17T20:16:46&lt;/CreatedOn&gt;&lt;ModifiedBy&gt;System&lt;/ModifiedBy&gt;&lt;ModifiedOn&gt;2016-12-17T20:16:48&lt;/ModifiedOn&gt;&lt;tagName&gt;Data_00&lt;/tagName&gt;&lt;tagTypeID&gt;8&lt;/tagTypeID&gt;&lt;tagGroupID&gt;1&lt;/tagGroupID&gt;&lt;tagFunctionID&gt;4&lt;/tagFunctionID&gt;&lt;COM_typeName&gt;TSend&lt;/COM_typeName&gt;&lt;FNC_typeName&gt;DefDataTable&lt;/FNC_typeName&gt;&lt;OPC_typeName&gt;FLOAT&lt;/OPC_typeName&gt;&lt;unitID&gt;36&lt;/unitID&gt;&lt;lineID&gt;35&lt;/lineID&gt;&lt;nameDefined&gt;Hi\Lo&lt;/nameDefined&gt;&lt;uomDefinedID&gt;24&lt;/uomDefinedID&gt;&lt;UOMName&gt;MM&lt;/UOMName&gt;&lt;UOMDescription&gt;MILIMETERS&lt;/UOMDescription&gt;&lt;serialNumber&gt;FTW2M160006x4&lt;/serialNumber&gt;&lt;avrg&gt;0.002575&lt;/avrg&gt;&lt;/Row&gt;&lt;Row&gt;&lt;notifRecordID&gt;114002&lt;/notifRecordID&gt;&lt;notifTagID&gt;123&lt;/notifTagID&gt;&lt;notifTagValue&gt;-0.002&lt;/notifTagValue&gt;&lt;recordID&gt;114002&lt;/recordID&gt;&lt;notifName&gt;TransCtr&lt;/notifName&gt;&lt;notifDescription&gt;P558_JENOPTIK&lt;/notifDescription&gt;&lt;CreatedBy&gt;SYSTEM&lt;/CreatedBy&gt;&lt;CreatedOn&gt;2016-12-17T20:20:20&lt;/CreatedOn&gt;&lt;ModifiedBy&gt;System&lt;/ModifiedBy&gt;&lt;ModifiedOn&gt;2016-12-17T20:20:22&lt;/ModifiedOn&gt;&lt;tagName&gt;Data_00&lt;/tagName&gt;&lt;tagTypeID&gt;8&lt;/tagTypeID&gt;&lt;tagGroupID&gt;1&lt;/tagGroupID&gt;&lt;tagFunctionID&gt;4&lt;/tagFunctionID&gt;&lt;COM_typeName&gt;TSend&lt;/COM_typeName&gt;&lt;FNC_typeName&gt;DefDataTable&lt;/FNC_typeName&gt;&lt;OPC_typeName&gt;FLOAT&lt;/OPC_typeName&gt;&lt;unitID&gt;36&lt;/unitID&gt;&lt;lineID&gt;35&lt;/lineID&gt;&lt;nameDefined&gt;Hi\Lo&lt;/nameDefined&gt;&lt;uomDefinedID&gt;24&lt;/uomDefinedID&gt;&lt;UOMName&gt;MM&lt;/UOMName&gt;&lt;UOMDescription&gt;MILIMETERS&lt;/UOMDescription&gt;&lt;serialNumber&gt;FTW3M16000apk&lt;/serialNumber&gt;&lt;avrg&gt;0.002575&lt;/avrg&gt;&lt;/Row&gt;&lt;Row&gt;&lt;notifRecordID&gt;114006&lt;/notifRecordID&gt;&lt;notifTagID&gt;123&lt;/notifTagID&gt;&lt;notifTagValue&gt;-0.003&lt;/notifTagValue&gt;&lt;recordID&gt;114006&lt;/recordID&gt;&lt;notifName&gt;TransCtr&lt;/notifName&gt;&lt;notifDescription&gt;P558_JENOPTIK&lt;/notifDescription&gt;&lt;CreatedBy&gt;SYSTEM&lt;/CreatedBy&gt;&lt;CreatedOn&gt;2016-12-17T20:27:03&lt;/CreatedOn&gt;&lt;ModifiedBy&gt;System&lt;/ModifiedBy&gt;&lt;ModifiedOn&gt;2016-12-17T20:27:05&lt;/ModifiedOn&gt;&lt;tagName&gt;Data_00&lt;/tagName&gt;&lt;tagTypeID&gt;8&lt;/tagTypeID&gt;&lt;tagGroupID&gt;1&lt;/tagGroupID&gt;&lt;tagFunctionID&gt;4&lt;/tagFunctionID&gt;&lt;COM_typeName&gt;TSend&lt;/COM_typeName&gt;&lt;FNC_typeName&gt;DefDataTable&lt;/FNC_typeName&gt;&lt;OPC_typeName&gt;FLOAT&lt;/OPC_typeName&gt;&lt;unitID&gt;36&lt;/unitID&gt;&lt;lineID&gt;35&lt;/lineID&gt;&lt;nameDefined&gt;Hi\Lo&lt;/nameDefined&gt;&lt;uomDefinedID&gt;24&lt;/uomDefinedID&gt;&lt;UOMName&gt;MM&lt;/UOMName&gt;&lt;UOMDescription&gt;MILIMETERS&lt;/UOMDescription&gt;&lt;serialNumber&gt;FTW3M16000apl&lt;/serialNumber&gt;&lt;avrg&gt;0.002575&lt;/avrg&gt;&lt;/Row&gt;&lt;Row&gt;&lt;notifRecordID&gt;114013&lt;/notifRecordID&gt;&lt;notifTagID&gt;123&lt;/notifTagID&gt;&lt;notifTagValue&gt;-0.003&lt;/notifTagValue&gt;&lt;recordID&gt;114013&lt;/recordID&gt;&lt;notifName&gt;TransCtr&lt;/notifName&gt;&lt;notifDescription&gt;P558_JENOPTIK&lt;/notifDescription&gt;&lt;CreatedBy&gt;SYSTEM&lt;/CreatedBy&gt;&lt;CreatedOn&gt;2016-12-17T20:33:41&lt;/CreatedOn&gt;&lt;ModifiedBy&gt;System&lt;/ModifiedBy&gt;&lt;ModifiedOn&gt;2016-12-17T20:33:43&lt;/ModifiedOn&gt;&lt;tagName&gt;Data_00&lt;/tagName&gt;&lt;tagTypeID&gt;8&lt;/tagTypeID&gt;&lt;tagGroupID&gt;1&lt;/tagGroupID&gt;&lt;tagFunctionID&gt;4&lt;/tagFunctionID&gt;&lt;COM_typeName&gt;TSend&lt;/COM_typeName&gt;&lt;FNC_typeName&gt;DefDataTable&lt;/FNC_typeName&gt;&lt;OPC_typeName&gt;FLOAT&lt;/OPC_typeName&gt;&lt;unitID&gt;36&lt;/unitID&gt;&lt;lineID&gt;35&lt;/lineID&gt;&lt;nameDefined&gt;Hi\Lo&lt;/nameDefined&gt;&lt;uomDefinedID&gt;24&lt;/uomDefinedID&gt;&lt;UOMName&gt;MM&lt;/UOMName&gt;&lt;UOMDescription&gt;MILIMETERS&lt;/UOMDescription&gt;&lt;serialNumber&gt;FTW3M16000apm&lt;/serialNumber&gt;&lt;avrg&gt;0.002575&lt;/avrg&gt;&lt;/Row&gt;&lt;Row&gt;&lt;notifRecordID&gt;114016&lt;/notifRecordID&gt;&lt;notifTagID&gt;123&lt;/notifTagID&gt;&lt;notifTagValue&gt;-0.003&lt;/notifTagValue&gt;&lt;recordID&gt;114016&lt;/recordID&gt;&lt;notifName&gt;TransCtr&lt;/notifName&gt;&lt;notifDescription&gt;P558_JENOPTIK&lt;/notifDescription&gt;&lt;CreatedBy&gt;SYSTEM&lt;/CreatedBy&gt;&lt;CreatedOn&gt;2016-12-17T20:36:08&lt;/CreatedOn&gt;&lt;ModifiedBy&gt;System&lt;/ModifiedBy&gt;&lt;ModifiedOn&gt;2016-12-17T20:36:10&lt;/ModifiedOn&gt;&lt;tagName&gt;Data_00&lt;/tagName&gt;&lt;tagTypeID&gt;8&lt;/tagTypeID&gt;&lt;tagGroupID&gt;1&lt;/tagGroupID&gt;&lt;tagFunctionID&gt;4&lt;/tagFunctionID&gt;&lt;COM_typeName&gt;TSend&lt;/COM_typeName&gt;&lt;FNC_typeName&gt;DefDataTable&lt;/FNC_typeName&gt;&lt;OPC_typeName&gt;FLOAT&lt;/OPC_typeName&gt;&lt;unitID&gt;36&lt;/unitID&gt;&lt;lineID&gt;35&lt;/lineID&gt;&lt;nameDefined&gt;Hi\Lo&lt;/nameDefined&gt;&lt;uomDefinedID&gt;24&lt;/uomDefinedID&gt;&lt;UOMName&gt;MM&lt;/UOMName&gt;&lt;UOMDescription&gt;MILIMETERS&lt;/UOMDescription&gt;&lt;serialNumber&gt;FTW3M16000apm&lt;/serialNumber&gt;&lt;avrg&gt;0.002575&lt;/avrg&gt;&lt;/Row&gt;&lt;Row&gt;&lt;notifRecordID&gt;114020&lt;/notifRecordID&gt;&lt;notifTagID&gt;123&lt;/notifTagID&gt;&lt;notifTagValue&gt;0.002&lt;/notifTagValue&gt;&lt;recordID&gt;114020&lt;/recordID&gt;&lt;notifName&gt;TransCtr&lt;/notifName&gt;&lt;notifDescription&gt;P558_JENOPTIK&lt;/notifDescription&gt;&lt;CreatedBy&gt;SYSTEM&lt;/CreatedBy&gt;&lt;CreatedOn&gt;2016-12-17T20:38:01&lt;/CreatedOn&gt;&lt;ModifiedBy&gt;System&lt;/ModifiedBy&gt;&lt;ModifiedOn&gt;2016-12-17T20:38:03&lt;/ModifiedOn&gt;&lt;tagName&gt;Data_00&lt;/tagName&gt;&lt;tagTypeID&gt;8&lt;/tagTypeID&gt;&lt;tagGroupID&gt;1&lt;/tagGroupID&gt;&lt;tagFunctionID&gt;4&lt;/tagFunctionID&gt;&lt;COM_typeName&gt;TSend&lt;/COM_typeName&gt;&lt;FNC_typeName&gt;DefDataTable&lt;/FNC_typeName&gt;&lt;OPC_typeName&gt;FLOAT&lt;/OPC_typeName&gt;&lt;unitID&gt;36&lt;/unitID&gt;&lt;lineID&gt;35&lt;/lineID&gt;&lt;nameDefined&gt;Hi\Lo&lt;/nameDefined&gt;&lt;uomDefinedID&gt;24&lt;/uomDefinedID&gt;&lt;UOMName&gt;MM&lt;/UOMName&gt;&lt;UOMDescription&gt;MILIMETERS&lt;/UOMDescription&gt;&lt;serialNumber&gt;FTW2M160006x5&lt;/serialNumber&gt;&lt;avrg&gt;0.002575&lt;/avrg&gt;&lt;/Row&gt;&lt;Row&gt;&lt;notifRecordID&gt;114023&lt;/notifRecordID&gt;&lt;notifTagID&gt;123&lt;/notifTagID&gt;&lt;notifTagValue&gt;0.0&lt;/notifTagValue&gt;&lt;recordID&gt;114023&lt;/recordID&gt;&lt;notifName&gt;TransCtr&lt;/notifName&gt;&lt;notifDescription&gt;P558_JENOPTIK&lt;/notifDescription&gt;&lt;CreatedBy&gt;SYSTEM&lt;/CreatedBy&gt;&lt;CreatedOn&gt;2016-12-17T20:40:13&lt;/CreatedOn&gt;&lt;ModifiedBy&gt;System&lt;/ModifiedBy&gt;&lt;ModifiedOn&gt;2016-12-17T20:40:15&lt;/ModifiedOn&gt;&lt;tagName&gt;Data_00&lt;/tagName&gt;&lt;tagTypeID&gt;8&lt;/tagTypeID&gt;&lt;tagGroupID&gt;1&lt;/tagGroupID&gt;&lt;tagFunctionID&gt;4&lt;/tagFunctionID&gt;&lt;COM_typeName&gt;TSend&lt;/COM_typeName&gt;&lt;FNC_typeName&gt;DefDataTable&lt;/FNC_typeName&gt;&lt;OPC_typeName&gt;FLOAT&lt;/OPC_typeName&gt;&lt;unitID&gt;36&lt;/unitID&gt;&lt;lineID&gt;35&lt;/lineID&gt;&lt;nameDefined&gt;Hi\Lo&lt;/nameDefined&gt;&lt;uomDefinedID&gt;24&lt;/uomDefinedID&gt;&lt;UOMName&gt;MM&lt;/UOMName&gt;&lt;UOMDescription&gt;MILIMETERS&lt;/UOMDescription&gt;&lt;serialNumber&gt;FTW2M160006x6&lt;/serialNumber&gt;&lt;avrg&gt;0.002575&lt;/avrg&gt;&lt;/Row&gt;&lt;Row&gt;&lt;notifRecordID&gt;114027&lt;/notifRecordID&gt;&lt;notifTagID&gt;123&lt;/notifTagID&gt;&lt;notifTagValue&gt;-0.001&lt;/notifTagValue&gt;&lt;recordID&gt;114027&lt;/recordID&gt;&lt;notifName&gt;TransCtr&lt;/notifName&gt;&lt;notifDescription&gt;P558_JENOPTIK&lt;/notifDescription&gt;&lt;CreatedBy&gt;SYSTEM&lt;/CreatedBy&gt;&lt;CreatedOn&gt;2016-12-17T20:44:32&lt;/CreatedOn&gt;&lt;ModifiedBy&gt;System&lt;/ModifiedBy&gt;&lt;ModifiedOn&gt;2016-12-17T20:44:34&lt;/ModifiedOn&gt;&lt;tagName&gt;Data_00&lt;/tagName&gt;&lt;tagTypeID&gt;8&lt;/tagTypeID&gt;&lt;tagGroupID&gt;1&lt;/tagGroupID&gt;&lt;tagFunctionID&gt;4&lt;/tagFunctionID&gt;&lt;COM_typeName&gt;TSend&lt;/COM_typeName&gt;&lt;FNC_typeName&gt;DefDataTable&lt;/FNC_typeName&gt;&lt;OPC_typeName&gt;FLOAT&lt;/OPC_typeName&gt;&lt;unitID&gt;36&lt;/unitID&gt;&lt;lineID&gt;35&lt;/lineID&gt;&lt;nameDefined&gt;Hi\Lo&lt;/nameDefined&gt;&lt;uomDefinedID&gt;24&lt;/uomDefinedID&gt;&lt;UOMName&gt;MM&lt;/UOMName&gt;&lt;UOMDescription&gt;MILIMETERS&lt;/UOMDescription&gt;&lt;serialNumber&gt;FTW3M16000apn&lt;/serialNumber&gt;&lt;avrg&gt;0.002575&lt;/avrg&gt;&lt;/Row&gt;&lt;Row&gt;&lt;notifRecordID&gt;114031&lt;/notifRecordID&gt;&lt;notifTagID&gt;123&lt;/notifTagID&gt;&lt;notifTagValue&gt;-0.001&lt;/notifTagValue&gt;&lt;recordID&gt;114031&lt;/recordID&gt;&lt;notifName&gt;TransCtr&lt;/notifName&gt;&lt;notifDescription&gt;P558_JENOPTIK&lt;/notifDescription&gt;&lt;CreatedBy&gt;SYSTEM&lt;/CreatedBy&gt;&lt;CreatedOn&gt;2016-12-17T20:48:03&lt;/CreatedOn&gt;&lt;ModifiedBy&gt;System&lt;/ModifiedBy&gt;&lt;ModifiedOn&gt;2016-12-17T20:48:05&lt;/ModifiedOn&gt;&lt;tagName&gt;Data_00&lt;/tagName&gt;&lt;tagTypeID&gt;8&lt;/tagTypeID&gt;&lt;tagGroupID&gt;1&lt;/tagGroupID&gt;&lt;tagFunctionID&gt;4&lt;/tagFunctionID&gt;&lt;COM_typeName&gt;TSend&lt;/COM_typeName&gt;&lt;FNC_typeName&gt;DefDataTable&lt;/FNC_typeName&gt;&lt;OPC_typeName&gt;FLOAT&lt;/OPC_typeName&gt;&lt;unitID&gt;36&lt;/unitID&gt;&lt;lineID&gt;35&lt;/lineID&gt;&lt;nameDefined&gt;Hi\Lo&lt;/nameDefined&gt;&lt;uomDefinedID&gt;24&lt;/uomDefinedID&gt;&lt;UOMName&gt;MM&lt;/UOMName&gt;&lt;UOMDescription&gt;MILIMETERS&lt;/UOMDescription&gt;&lt;serialNumber&gt;FTW3M16000apo&lt;/serialNumber&gt;&lt;avrg&gt;0.002575&lt;/avrg&gt;&lt;/Row&gt;&lt;Row&gt;&lt;notifRecordID&gt;114037&lt;/notifRecordID&gt;&lt;notifTagID&gt;123&lt;/notifTagID&gt;&lt;notifTagValue&gt;0.005&lt;/notifTagValue&gt;&lt;recordID&gt;114037&lt;/recordID&gt;&lt;notifName&gt;TransCtr&lt;/notifName&gt;&lt;notifDescription&gt;P558_JENOPTIK&lt;/notifDescription&gt;&lt;CreatedBy&gt;SYSTEM&lt;/CreatedBy&gt;&lt;CreatedOn&gt;2016-12-17T20:57:29&lt;/CreatedOn&gt;&lt;ModifiedBy&gt;System&lt;/ModifiedBy&gt;&lt;ModifiedOn&gt;2016-12-17T20:57:31&lt;/ModifiedOn&gt;&lt;tagName&gt;Data_00&lt;/tagName&gt;&lt;tagTypeID&gt;8&lt;/tagTypeID&gt;&lt;tagGroupID&gt;1&lt;/tagGroupID&gt;&lt;tagFunctionID&gt;4&lt;/tagFunctionID&gt;&lt;COM_typeName&gt;TSend&lt;/COM_typeName&gt;&lt;FNC_typeName&gt;DefDataTable&lt;/FNC_typeName&gt;&lt;OPC_typeName&gt;FLOAT&lt;/OPC_typeName&gt;&lt;unitID&gt;36&lt;/unitID&gt;&lt;lineID&gt;35&lt;/lineID&gt;&lt;nameDefined&gt;Hi\Lo&lt;/nameDefined&gt;&lt;uomDefinedID&gt;24&lt;/uomDefinedID&gt;&lt;UOMName&gt;MM&lt;/UOMName&gt;&lt;UOMDescription&gt;MILIMETERS&lt;/UOMDescription&gt;&lt;serialNumber&gt;FTW3M16000app&lt;/serialNumber&gt;&lt;avrg&gt;0.002575&lt;/avrg&gt;&lt;/Row&gt;&lt;Row&gt;&lt;notifRecordID&gt;114042&lt;/notifRecordID&gt;&lt;notifTagID&gt;123&lt;/notifTagID&gt;&lt;notifTagValue&gt;-0.01&lt;/notifTagValue&gt;&lt;recordID&gt;114042&lt;/recordID&gt;&lt;notifName&gt;TransCtr&lt;/notifName&gt;&lt;notifDescription&gt;P558_JENOPTIK&lt;/notifDescription&gt;&lt;CreatedBy&gt;SYSTEM&lt;/CreatedBy&gt;&lt;CreatedOn&gt;2016-12-17T21:00:59&lt;/CreatedOn&gt;&lt;ModifiedBy&gt;System&lt;/ModifiedBy&gt;&lt;ModifiedOn&gt;2016-12-17T21:01:01&lt;/ModifiedOn&gt;&lt;tagName&gt;Data_00&lt;/tagName&gt;&lt;tagTypeID&gt;8&lt;/tagTypeID&gt;&lt;tagGroupID&gt;1&lt;/tagGroupID&gt;&lt;tagFunctionID&gt;4&lt;/tagFunctionID&gt;&lt;COM_typeName&gt;TSend&lt;/COM_typeName&gt;&lt;FNC_typeName&gt;DefDataTable&lt;/FNC_typeName&gt;&lt;OPC_typeName&gt;FLOAT&lt;/OPC_typeName&gt;&lt;unitID&gt;36&lt;/unitID&gt;&lt;lineID&gt;35&lt;/lineID&gt;&lt;nameDefined&gt;Hi\Lo&lt;/nameDefined&gt;&lt;uomDefinedID&gt;24&lt;/uomDefinedID&gt;&lt;UOMName&gt;MM&lt;/UOMName&gt;&lt;UOMDescription&gt;MILIMETERS&lt;/UOMDescription&gt;&lt;serialNumber&gt;FTW2M160006x7&lt;/serialNumber&gt;&lt;avrg&gt;0.002575&lt;/avrg&gt;&lt;/Row&gt;&lt;Row&gt;&lt;notifRecordID&gt;114045&lt;/notifRecordID&gt;&lt;notifTagID&gt;123&lt;/notifTagID&gt;&lt;notifTagValue&gt;-0.007&lt;/notifTagValue&gt;&lt;recordID&gt;114045&lt;/recordID&gt;&lt;notifName&gt;TransCtr&lt;/notifName&gt;&lt;notifDescription&gt;P558_JENOPTIK&lt;/notifDescription&gt;&lt;CreatedBy&gt;SYSTEM&lt;/CreatedBy&gt;&lt;CreatedOn&gt;2016-12-17T21:04:57&lt;/CreatedOn&gt;&lt;ModifiedBy&gt;System&lt;/ModifiedBy&gt;&lt;ModifiedOn&gt;2016-12-17T21:04:59&lt;/ModifiedOn&gt;&lt;tagName&gt;Data_00&lt;/tagName&gt;&lt;tagTypeID&gt;8&lt;/tagTypeID&gt;&lt;tagGroupID&gt;1&lt;/tagGroupID&gt;&lt;tagFunctionID&gt;4&lt;/tagFunctionID&gt;&lt;COM_typeName&gt;TSend&lt;/COM_typeName&gt;&lt;FNC_typeName&gt;DefDataTable&lt;/FNC_typeName&gt;&lt;OPC_typeName&gt;FLOAT&lt;/OPC_typeName&gt;&lt;unitID&gt;36&lt;/unitID&gt;&lt;lineID&gt;35&lt;/lineID&gt;&lt;nameDefined&gt;Hi\Lo&lt;/nameDefined&gt;&lt;uomDefinedID&gt;24&lt;/uomDefinedID&gt;&lt;UOMName&gt;MM&lt;/UOMName&gt;&lt;UOMDescription&gt;MILIMETERS&lt;/UOMDescription&gt;&lt;serialNumber&gt;FTW3M16000apq&lt;/serialNumber&gt;&lt;avrg&gt;0.002575&lt;/avrg&gt;&lt;/Row&gt;&lt;Row&gt;&lt;notifRecordID&gt;114048&lt;/notifRecordID&gt;&lt;notifTagID&gt;123&lt;/notifTagID&gt;&lt;notifTagValue&gt;-0.007&lt;/notifTagValue&gt;&lt;recordID&gt;114048&lt;/recordID&gt;&lt;notifName&gt;TransCtr&lt;/notifName&gt;&lt;notifDescription&gt;P558_JENOPTIK&lt;/notifDescription&gt;&lt;CreatedBy&gt;SYSTEM&lt;/CreatedBy&gt;&lt;CreatedOn&gt;2016-12-17T21:06:28&lt;/CreatedOn&gt;&lt;ModifiedBy&gt;System&lt;/ModifiedBy&gt;&lt;ModifiedOn&gt;2016-12-17T21:06:30&lt;/ModifiedOn&gt;&lt;tagName&gt;Data_00&lt;/tagName&gt;&lt;tagTypeID&gt;8&lt;/tagTypeID&gt;&lt;tagGroupID&gt;1&lt;/tagGroupID&gt;&lt;tagFunctionID&gt;4&lt;/tagFunctionID&gt;&lt;COM_typeName&gt;TSend&lt;/COM_typeName&gt;&lt;FNC_typeName&gt;DefDataTable&lt;/FNC_typeName&gt;&lt;OPC_typeName&gt;FLOAT&lt;/OPC_typeName&gt;&lt;unitID&gt;36&lt;/unitID&gt;&lt;lineID&gt;35&lt;/lineID&gt;&lt;nameDefined&gt;Hi\Lo&lt;/nameDefined&gt;&lt;uomDefinedID&gt;24&lt;/uomDefinedID&gt;&lt;UOMName&gt;MM&lt;/UOMName&gt;&lt;UOMDescription&gt;MILIMETERS&lt;/UOMDescription&gt;&lt;serialNumber&gt;FTW3M16000apq&lt;/serialNumber&gt;&lt;avrg&gt;0.002575&lt;/avrg&gt;&lt;/Row&gt;&lt;Row&gt;&lt;notifRecordID&gt;114052&lt;/notifRecordID&gt;&lt;notifTagID&gt;123&lt;/notifTagID&gt;&lt;notifTagValue&gt;-0.006&lt;/notifTagValue&gt;&lt;recordID&gt;114052&lt;/recordID&gt;&lt;notifName&gt;TransCtr&lt;/notifName&gt;&lt;notifDescription&gt;P558_JENOPTIK&lt;/notifDescription&gt;&lt;CreatedBy&gt;SYSTEM&lt;/CreatedBy&gt;&lt;CreatedOn&gt;2016-12-17T21:09:21&lt;/CreatedOn&gt;&lt;ModifiedBy&gt;System&lt;/ModifiedBy&gt;&lt;ModifiedOn&gt;2016-12-17T21:09:23&lt;/ModifiedOn&gt;&lt;tagName&gt;Data_00&lt;/tagName&gt;&lt;tagTypeID&gt;8&lt;/tagTypeID&gt;&lt;tagGroupID&gt;1&lt;/tagGroupID&gt;&lt;tagFunctionID&gt;4&lt;/tagFunctionID&gt;&lt;COM_typeName&gt;TSend&lt;/COM_typeName&gt;&lt;FNC_typeName&gt;DefDataTable&lt;/FNC_typeName&gt;&lt;OPC_typeName&gt;FLOAT&lt;/OPC_typeName&gt;&lt;unitID&gt;36&lt;/unitID&gt;&lt;lineID&gt;35&lt;/lineID&gt;&lt;nameDefined&gt;Hi\Lo&lt;/nameDefined&gt;&lt;uomDefinedID&gt;24&lt;/uomDefinedID&gt;&lt;UOMName&gt;MM&lt;/UOMName&gt;&lt;UOMDescription&gt;MILIMETERS&lt;/UOMDescription&gt;&lt;serialNumber&gt;FTW2M160006x8&lt;/serialNumber&gt;&lt;avrg&gt;0.002575&lt;/avrg&gt;&lt;/Row&gt;&lt;Row&gt;&lt;notifRecordID&gt;114055&lt;/notifRecordID&gt;&lt;notifTagID&gt;123&lt;/notifTagID&gt;&lt;notifTagValue&gt;0.0&lt;/notifTagValue&gt;&lt;recordID&gt;114055&lt;/recordID&gt;&lt;notifName&gt;TransCtr&lt;/notifName&gt;&lt;notifDescription&gt;P558_JENOPTIK&lt;/notifDescription&gt;&lt;CreatedBy&gt;SYSTEM&lt;/CreatedBy&gt;&lt;CreatedOn&gt;2016-12-17T21:12:45&lt;/CreatedOn&gt;&lt;ModifiedBy&gt;System&lt;/ModifiedBy&gt;&lt;ModifiedOn&gt;2016-12-17T21:12:47&lt;/ModifiedOn&gt;&lt;tagName&gt;Data_00&lt;/tagName&gt;&lt;tagTypeID&gt;8&lt;/tagTypeID&gt;&lt;tagGroupID&gt;1&lt;/tagGroupID&gt;&lt;tagFunctionID&gt;4&lt;/tagFunctionID&gt;&lt;COM_typeName&gt;TSend&lt;/COM_typeName&gt;&lt;FNC_typeName&gt;DefDataTable&lt;/FNC_typeName&gt;&lt;OPC_typeName&gt;FLOAT&lt;/OPC_typeName&gt;&lt;unitID&gt;36&lt;/unitID&gt;&lt;lineID&gt;35&lt;/lineID&gt;&lt;nameDefined&gt;Hi\Lo&lt;/nameDefined&gt;&lt;uomDefinedID&gt;24&lt;/uomDefinedID&gt;&lt;UOMName&gt;MM&lt;/UOMName&gt;&lt;UOMDescription&gt;MILIMETERS&lt;/UOMDescription&gt;&lt;serialNumber&gt;FTW3M16000apr&lt;/serialNumber&gt;&lt;avrg&gt;0.002575&lt;/avrg&gt;&lt;/Row&gt;&lt;Row&gt;&lt;notifRecordID&gt;114061&lt;/notifRecordID&gt;&lt;notifTagID&gt;123&lt;/notifTagID&gt;&lt;notifTagValue&gt;0.002&lt;/notifTagValue&gt;&lt;recordID&gt;114061&lt;/recordID&gt;&lt;notifName&gt;TransCtr&lt;/notifName&gt;&lt;notifDescription&gt;P558_JENOPTIK&lt;/notifDescription&gt;&lt;CreatedBy&gt;SYSTEM&lt;/CreatedBy&gt;&lt;CreatedOn&gt;2016-12-17T21:19:33&lt;/CreatedOn&gt;&lt;ModifiedBy&gt;System&lt;/ModifiedBy&gt;&lt;ModifiedOn&gt;2016-12-17T21:19:35&lt;/ModifiedOn&gt;&lt;tagName&gt;Data_00&lt;/tagName&gt;&lt;tagTypeID&gt;8&lt;/tagTypeID&gt;&lt;tagGroupID&gt;1&lt;/tagGroupID&gt;&lt;tagFunctionID&gt;4&lt;/tagFunctionID&gt;&lt;COM_typeName&gt;TSend&lt;/COM_typeName&gt;&lt;FNC_typeName&gt;DefDataTable&lt;/FNC_typeName&gt;&lt;OPC_typeName&gt;FLOAT&lt;/OPC_typeName&gt;&lt;unitID&gt;36&lt;/unitID&gt;&lt;lineID&gt;35&lt;/lineID&gt;&lt;nameDefined&gt;Hi\Lo&lt;/nameDefined&gt;&lt;uomDefinedID&gt;24&lt;/uomDefinedID&gt;&lt;UOMName&gt;MM&lt;/UOMName&gt;&lt;UOMDescription&gt;MILIMETERS&lt;/UOMDescription&gt;&lt;serialNumber&gt;FTW3M16000aps&lt;/serialNumber&gt;&lt;avrg&gt;0.002575&lt;/avrg&gt;&lt;/Row&gt;&lt;Row&gt;&lt;notifRecordID&gt;114070&lt;/notifRecordID&gt;&lt;notifTagID&gt;123&lt;/notifTagID&gt;&lt;notifTagValue&gt;-0.001&lt;/notifTagValue&gt;&lt;recordID&gt;114070&lt;/recordID&gt;&lt;notifName&gt;TransCtr&lt;/notifName&gt;&lt;notifDescription&gt;P558_JENOPTIK&lt;/notifDescription&gt;&lt;CreatedBy&gt;SYSTEM&lt;/CreatedBy&gt;&lt;CreatedOn&gt;2016-12-17T21:28:56&lt;/CreatedOn&gt;&lt;ModifiedBy&gt;System&lt;/ModifiedBy&gt;&lt;ModifiedOn&gt;2016-12-17T21:28:58&lt;/ModifiedOn&gt;&lt;tagName&gt;Data_00&lt;/tagName&gt;&lt;tagTypeID&gt;8&lt;/tagTypeID&gt;&lt;tagGroupID&gt;1&lt;/tagGroupID&gt;&lt;tagFunctionID&gt;4&lt;/tagFunctionID&gt;&lt;COM_typeName&gt;TSend&lt;/COM_typeName&gt;&lt;FNC_typeName&gt;DefDataTable&lt;/FNC_typeName&gt;&lt;OPC_typeName&gt;FLOAT&lt;/OPC_typeName&gt;&lt;unitID&gt;36&lt;/unitID&gt;&lt;lineID&gt;35&lt;/lineID&gt;&lt;nameDefined&gt;Hi\Lo&lt;/nameDefined&gt;&lt;uomDefinedID&gt;24&lt;/uomDefinedID&gt;&lt;UOMName&gt;MM&lt;/UOMName&gt;&lt;UOMDescription&gt;MILIMETERS&lt;/UOMDescription&gt;&lt;serialNumber&gt;FTW3M16000apt&lt;/serialNumber&gt;&lt;avrg&gt;0.002575&lt;/avrg&gt;&lt;/Row&gt;&lt;Row&gt;&lt;notifRecordID&gt;114073&lt;/notifRecordID&gt;&lt;notifTagID&gt;123&lt;/notifTagID&gt;&lt;notifTagValue&gt;-0.004&lt;/notifTagValue&gt;&lt;recordID&gt;114073&lt;/recordID&gt;&lt;notifName&gt;TransCtr&lt;/notifName&gt;&lt;notifDescription&gt;P558_JENOPTIK&lt;/notifDescription&gt;&lt;CreatedBy&gt;SYSTEM&lt;/CreatedBy&gt;&lt;CreatedOn&gt;2016-12-17T21:32:45&lt;/CreatedOn&gt;&lt;ModifiedBy&gt;System&lt;/ModifiedBy&gt;&lt;ModifiedOn&gt;2016-12-17T21:32:47&lt;/ModifiedOn&gt;&lt;tagName&gt;Data_00&lt;/tagName&gt;&lt;tagTypeID&gt;8&lt;/tagTypeID&gt;&lt;tagGroupID&gt;1&lt;/tagGroupID&gt;&lt;tagFunctionID&gt;4&lt;/tagFunctionID&gt;&lt;COM_typeName&gt;TSend&lt;/COM_typeName&gt;&lt;FNC_typeName&gt;DefDataTable&lt;/FNC_typeName&gt;&lt;OPC_typeName&gt;FLOAT&lt;/OPC_typeName&gt;&lt;unitID&gt;36&lt;/unitID&gt;&lt;lineID&gt;35&lt;/lineID&gt;&lt;nameDefined&gt;Hi\Lo&lt;/nameDefined&gt;&lt;uomDefinedID&gt;24&lt;/uomDefinedID&gt;&lt;UOMName&gt;MM&lt;/UOMName&gt;&lt;UOMDescription&gt;MILIMETERS&lt;/UOMDescription&gt;&lt;serialNumber&gt;FTW2M160006xb&lt;/serialNumber&gt;&lt;avrg&gt;0.002575&lt;/avrg&gt;&lt;/Row&gt;&lt;Row&gt;&lt;notifRecordID&gt;114077&lt;/notifRecordID&gt;&lt;notifTagID&gt;123&lt;/notifTagID&gt;&lt;notifTagValue&gt;-0.006&lt;/notifTagValue&gt;&lt;recordID&gt;114077&lt;/recordID&gt;&lt;notifName&gt;TransCtr&lt;/notifName&gt;&lt;notifDescription&gt;P558_JENOPTIK&lt;/notifDescription&gt;&lt;CreatedBy&gt;SYSTEM&lt;/CreatedBy&gt;&lt;CreatedOn&gt;2016-12-17T21:37:54&lt;/CreatedOn&gt;&lt;ModifiedBy&gt;System&lt;/ModifiedBy&gt;&lt;ModifiedOn&gt;2016-12-17T21:37:56&lt;/ModifiedOn&gt;&lt;tagName&gt;Data_00&lt;/tagName&gt;&lt;tagTypeID&gt;8&lt;/tagTypeID&gt;&lt;tagGroupID&gt;1&lt;/tagGroupID&gt;&lt;tagFunctionID&gt;4&lt;/tagFunctionID&gt;&lt;COM_typeName&gt;TSend&lt;/COM_typeName&gt;&lt;FNC_typeName&gt;DefDataTable&lt;/FNC_typeName&gt;&lt;OPC_typeName&gt;FLOAT&lt;/OPC_typeName&gt;&lt;unitID&gt;36&lt;/unitID&gt;&lt;lineID&gt;35&lt;/lineID&gt;&lt;nameDefined&gt;Hi\Lo&lt;/nameDefined&gt;&lt;uomDefinedID&gt;24&lt;/uomDefinedID&gt;&lt;UOMName&gt;MM&lt;/UOMName&gt;&lt;UOMDescription&gt;MILIMETERS&lt;/UOMDescription&gt;&lt;serialNumber&gt;FTW3M16000apu&lt;/serialNumber&gt;&lt;avrg&gt;0.002575&lt;/avrg&gt;&lt;/Row&gt;&lt;Row&gt;&lt;notifRecordID&gt;114082&lt;/notifRecordID&gt;&lt;notifTagID&gt;123&lt;/notifTagID&gt;&lt;notifTagValue&gt;0.002&lt;/notifTagValue&gt;&lt;recordID&gt;114082&lt;/recordID&gt;&lt;notifName&gt;TransCtr&lt;/notifName&gt;&lt;notifDescription&gt;P558_JENOPTIK&lt;/notifDescription&gt;&lt;CreatedBy&gt;SYSTEM&lt;/CreatedBy&gt;&lt;CreatedOn&gt;2016-12-17T21:45:31&lt;/CreatedOn&gt;&lt;ModifiedBy&gt;System&lt;/ModifiedBy&gt;&lt;ModifiedOn&gt;2016-12-17T21:45:33&lt;/ModifiedOn&gt;&lt;tagName&gt;Data_00&lt;/tagName&gt;&lt;tagTypeID&gt;8&lt;/tagTypeID&gt;&lt;tagGroupID&gt;1&lt;/tagGroupID&gt;&lt;tagFunctionID&gt;4&lt;/tagFunctionID&gt;&lt;COM_typeName&gt;TSend&lt;/COM_typeName&gt;&lt;FNC_typeName&gt;DefDataTable&lt;/FNC_typeName&gt;&lt;OPC_typeName&gt;FLOAT&lt;/OPC_typeName&gt;&lt;unitID&gt;36&lt;/unitID&gt;&lt;lineID&gt;35&lt;/lineID&gt;&lt;nameDefined&gt;Hi\Lo&lt;/nameDefined&gt;&lt;uomDefinedID&gt;24&lt;/uomDefinedID&gt;&lt;UOMName&gt;MM&lt;/UOMName&gt;&lt;UOMDescription&gt;MILIMETERS&lt;/UOMDescription&gt;&lt;serialNumber&gt;FTW3M16000apv&lt;/serialNumber&gt;&lt;avrg&gt;0.002575&lt;/avrg&gt;&lt;/Row&gt;&lt;Row&gt;&lt;notifRecordID&gt;114088&lt;/notifRecordID&gt;&lt;notifTagID&gt;123&lt;/notifTagID&gt;&lt;notifTagValue&gt;0.006&lt;/notifTagValue&gt;&lt;recordID&gt;114088&lt;/recordID&gt;&lt;notifName&gt;TransCtr&lt;/notifName&gt;&lt;notifDescription&gt;P558_JENOPTIK&lt;/notifDescription&gt;&lt;CreatedBy&gt;SYSTEM&lt;/CreatedBy&gt;&lt;CreatedOn&gt;2016-12-17T21:54:12&lt;/CreatedOn&gt;&lt;ModifiedBy&gt;System&lt;/ModifiedBy&gt;&lt;ModifiedOn&gt;2016-12-17T21:54:14&lt;/ModifiedOn&gt;&lt;tagName&gt;Data_00&lt;/tagName&gt;&lt;tagTypeID&gt;8&lt;/tagTypeID&gt;&lt;tagGroupID&gt;1&lt;/tagGroupID&gt;&lt;tagFunctionID&gt;4&lt;/tagFunctionID&gt;&lt;COM_typeName&gt;TSend&lt;/COM_typeName&gt;&lt;FNC_typeName&gt;DefDataTable&lt;/FNC_typeName&gt;&lt;OPC_typeName&gt;FLOAT&lt;/OPC_typeName&gt;&lt;unitID&gt;36&lt;/unitID&gt;&lt;lineID&gt;35&lt;/lineID&gt;&lt;nameDefined&gt;Hi\Lo&lt;/nameDefined&gt;&lt;uomDefinedID&gt;24&lt;/uomDefinedID&gt;&lt;UOMName&gt;MM&lt;/UOMName&gt;&lt;UOMDescription&gt;MILIMETERS&lt;/UOMDescription&gt;&lt;serialNumber&gt;FTW2M160006xc&lt;/serialNumber&gt;&lt;avrg&gt;0.002575&lt;/avrg&gt;&lt;/Row&gt;&lt;Row&gt;&lt;notifRecordID&gt;114095&lt;/notifRecordID&gt;&lt;notifTagID&gt;123&lt;/notifTagID&gt;&lt;notifTagValue&gt;-0.005&lt;/notifTagValue&gt;&lt;recordID&gt;114095&lt;/recordID&gt;&lt;notifName&gt;TransCtr&lt;/notifName&gt;&lt;notifDescription&gt;P558_JENOPTIK&lt;/notifDescription&gt;&lt;CreatedBy&gt;SYSTEM&lt;/CreatedBy&gt;&lt;CreatedOn&gt;2016-12-17T22:02:10&lt;/CreatedOn&gt;&lt;ModifiedBy&gt;System&lt;/ModifiedBy&gt;&lt;ModifiedOn&gt;2016-12-17T22:02:12&lt;/ModifiedOn&gt;&lt;tagName&gt;Data_00&lt;/tagName&gt;&lt;tagTypeID&gt;8&lt;/tagTypeID&gt;&lt;tagGroupID&gt;1&lt;/tagGroupID&gt;&lt;tagFunctionID&gt;4&lt;/tagFunctionID&gt;&lt;COM_typeName&gt;TSend&lt;/COM_typeName&gt;&lt;FNC_typeName&gt;DefDataTable&lt;/FNC_typeName&gt;&lt;OPC_typeName&gt;FLOAT&lt;/OPC_typeName&gt;&lt;unitID&gt;36&lt;/unitID&gt;&lt;lineID&gt;35&lt;/lineID&gt;&lt;nameDefined&gt;Hi\Lo&lt;/nameDefined&gt;&lt;uomDefinedID&gt;24&lt;/uomDefinedID&gt;&lt;UOMName&gt;MM&lt;/UOMName&gt;&lt;UOMDescription&gt;MILIMETERS&lt;/UOMDescription&gt;&lt;serialNumber&gt;FTW2M160006xd&lt;/serialNumber&gt;&lt;avrg&gt;0.002575&lt;/avrg&gt;&lt;/Row&gt;&lt;Row&gt;&lt;notifRecordID&gt;114098&lt;/notifRecordID&gt;&lt;notifTagID&gt;123&lt;/notifTagID&gt;&lt;notifTagValue&gt;-0.001&lt;/notifTagValue&gt;&lt;recordID&gt;114098&lt;/recordID&gt;&lt;notifName&gt;TransCtr&lt;/notifName&gt;&lt;notifDescription&gt;P558_JENOPTIK&lt;/notifDescription&gt;&lt;CreatedBy&gt;SYSTEM&lt;/CreatedBy&gt;&lt;CreatedOn&gt;2016-12-17T22:04:07&lt;/CreatedOn&gt;&lt;ModifiedBy&gt;System&lt;/ModifiedBy&gt;&lt;ModifiedOn&gt;2016-12-17T22:04:09&lt;/ModifiedOn&gt;&lt;tagName&gt;Data_00&lt;/tagName&gt;&lt;tagTypeID&gt;8&lt;/tagTypeID&gt;&lt;tagGroupID&gt;1&lt;/tagGroupID&gt;&lt;tagFunctionID&gt;4&lt;/tagFunctionID&gt;&lt;COM_typeName&gt;TSend&lt;/COM_typeName&gt;&lt;FNC_typeName&gt;DefDataTable&lt;/FNC_typeName&gt;&lt;OPC_typeName&gt;FLOAT&lt;/OPC_typeName&gt;&lt;unitID&gt;36&lt;/unitID&gt;&lt;lineID&gt;35&lt;/lineID&gt;&lt;nameDefined&gt;Hi\Lo&lt;/nameDefined&gt;&lt;uomDefinedID&gt;24&lt;/uomDefinedID&gt;&lt;UOMName&gt;MM&lt;/UOMName&gt;&lt;UOMDescription&gt;MILIMETERS&lt;/UOMDescription&gt;&lt;serialNumber&gt;FTW3M16000apw&lt;/serialNumber&gt;&lt;avrg&gt;0.002575&lt;/avrg&gt;&lt;/Row&gt;&lt;Row&gt;&lt;notifRecordID&gt;114102&lt;/notifRecordID&gt;&lt;notifTagID&gt;123&lt;/notifTagID&gt;&lt;notifTagValue&gt;-0.001&lt;/notifTagValue&gt;&lt;recordID&gt;114102&lt;/recordID&gt;&lt;notifName&gt;TransCtr&lt;/notifName&gt;&lt;notifDescription&gt;P558_JENOPTIK&lt;/notifDescription&gt;&lt;CreatedBy&gt;SYSTEM&lt;/CreatedBy&gt;&lt;CreatedOn&gt;2016-12-17T22:08:00&lt;/CreatedOn&gt;&lt;ModifiedBy&gt;System&lt;/ModifiedBy&gt;&lt;ModifiedOn&gt;2016-12-17T22:08:02&lt;/ModifiedOn&gt;&lt;tagName&gt;Data_00&lt;/tagName&gt;&lt;tagTypeID&gt;8&lt;/tagTypeID&gt;&lt;tagGroupID&gt;1&lt;/tagGroupID&gt;&lt;tagFunctionID&gt;4&lt;/tagFunctionID&gt;&lt;COM_typeName&gt;TSend&lt;/COM_typeName&gt;&lt;FNC_typeName&gt;DefDataTable&lt;/FNC_typeName&gt;&lt;OPC_typeName&gt;FLOAT&lt;/OPC_typeName&gt;&lt;unitID&gt;36&lt;/unitID&gt;&lt;lineID&gt;35&lt;/lineID&gt;&lt;nameDefined&gt;Hi\Lo&lt;/nameDefined&gt;&lt;uomDefinedID&gt;24&lt;/uomDefinedID&gt;&lt;UOMName&gt;MM&lt;/UOMName&gt;&lt;UOMDescription&gt;MILIMETERS&lt;/UOMDescription&gt;&lt;serialNumber&gt;FTW3M16000apx&lt;/serialNumber&gt;&lt;avrg&gt;0.002575&lt;/avrg&gt;&lt;/Row&gt;&lt;Row&gt;&lt;notifRecordID&gt;114105&lt;/notifRecordID&gt;&lt;notifTagID&gt;123&lt;/notifTagID&gt;&lt;notifTagValue&gt;-0.001&lt;/notifTagValue&gt;&lt;recordID&gt;114105&lt;/recordID&gt;&lt;notifName&gt;TransCtr&lt;/notifName&gt;&lt;notifDescription&gt;P558_JENOPTIK&lt;/notifDescription&gt;&lt;CreatedBy&gt;SYSTEM&lt;/CreatedBy&gt;&lt;CreatedOn&gt;2016-12-17T22:09:22&lt;/CreatedOn&gt;&lt;ModifiedBy&gt;System&lt;/ModifiedBy&gt;&lt;ModifiedOn&gt;2016-12-17T22:09:24&lt;/ModifiedOn&gt;&lt;tagName&gt;Data_00&lt;/tagName&gt;&lt;tagTypeID&gt;8&lt;/tagTypeID&gt;&lt;tagGroupID&gt;1&lt;/tagGroupID&gt;&lt;tagFunctionID&gt;4&lt;/tagFunctionID&gt;&lt;COM_typeName&gt;TSend&lt;/COM_typeName&gt;&lt;FNC_typeName&gt;DefDataTable&lt;/FNC_typeName&gt;&lt;OPC_typeName&gt;FLOAT&lt;/OPC_typeName&gt;&lt;unitID&gt;36&lt;/unitID&gt;&lt;lineID&gt;35&lt;/lineID&gt;&lt;nameDefined&gt;Hi\Lo&lt;/nameDefined&gt;&lt;uomDefinedID&gt;24&lt;/uomDefinedID&gt;&lt;UOMName&gt;MM&lt;/UOMName&gt;&lt;UOMDescription&gt;MILIMETERS&lt;/UOMDescription&gt;&lt;serialNumber&gt;FTW3M16000apx&lt;/serialNumber&gt;&lt;avrg&gt;0.002575&lt;/avrg&gt;&lt;/Row&gt;&lt;Row&gt;&lt;notifRecordID&gt;114116&lt;/notifRecordID&gt;&lt;notifTagID&gt;123&lt;/notifTagID&gt;&lt;notifTagValue&gt;-0.001&lt;/notifTagValue&gt;&lt;recordID&gt;114116&lt;/recordID&gt;&lt;notifName&gt;TransCtr&lt;/notifName&gt;&lt;notifDescription&gt;P558_JENOPTIK&lt;/notifDescription&gt;&lt;CreatedBy&gt;SYSTEM&lt;/CreatedBy&gt;&lt;CreatedOn&gt;2016-12-17T22:21:33&lt;/CreatedOn&gt;&lt;ModifiedBy&gt;System&lt;/ModifiedBy&gt;&lt;ModifiedOn&gt;2016-12-17T22:21:35&lt;/ModifiedOn&gt;&lt;tagName&gt;Data_00&lt;/tagName&gt;&lt;tagTypeID&gt;8&lt;/tagTypeID&gt;&lt;tagGroupID&gt;1&lt;/tagGroupID&gt;&lt;tagFunctionID&gt;4&lt;/tagFunctionID&gt;&lt;COM_typeName&gt;TSend&lt;/COM_typeName&gt;&lt;FNC_typeName&gt;DefDataTable&lt;/FNC_typeName&gt;&lt;OPC_typeName&gt;FLOAT&lt;/OPC_typeName&gt;&lt;unitID&gt;36&lt;/unitID&gt;&lt;lineID&gt;35&lt;/lineID&gt;&lt;nameDefined&gt;Hi\Lo&lt;/nameDefined&gt;&lt;uomDefinedID&gt;24&lt;/uomDefinedID&gt;&lt;UOMName&gt;MM&lt;/UOMName&gt;&lt;UOMDescription&gt;MILIMETERS&lt;/UOMDescription&gt;&lt;serialNumber&gt;FTW2M160006xg&lt;/serialNumber&gt;&lt;avrg&gt;0.002575&lt;/avrg&gt;&lt;/Row&gt;&lt;Row&gt;&lt;notifRecordID&gt;114119&lt;/notifRecordID&gt;&lt;notifTagID&gt;123&lt;/notifTagID&gt;&lt;notifTagValue&gt;-0.001&lt;/notifTagValue&gt;&lt;recordID&gt;114119&lt;/recordID&gt;&lt;notifName&gt;TransCtr&lt;/notifName&gt;&lt;notifDescription&gt;P558_JENOPTIK&lt;/notifDescription&gt;&lt;CreatedBy&gt;SYSTEM&lt;/CreatedBy&gt;&lt;CreatedOn&gt;2016-12-17T22:23:59&lt;/CreatedOn&gt;&lt;ModifiedBy&gt;System&lt;/ModifiedBy&gt;&lt;ModifiedOn&gt;2016-12-17T22:24:01&lt;/ModifiedOn&gt;&lt;tagName&gt;Data_00&lt;/tagName&gt;&lt;tagTypeID&gt;8&lt;/tagTypeID&gt;&lt;tagGroupID&gt;1&lt;/tagGroupID&gt;&lt;tagFunctionID&gt;4&lt;/tagFunctionID&gt;&lt;COM_typeName&gt;TSend&lt;/COM_typeName&gt;&lt;FNC_typeName&gt;DefDataTable&lt;/FNC_typeName&gt;&lt;OPC_typeName&gt;FLOAT&lt;/OPC_typeName&gt;&lt;unitID&gt;36&lt;/unitID&gt;&lt;lineID&gt;35&lt;/lineID&gt;&lt;nameDefined&gt;Hi\Lo&lt;/nameDefined&gt;&lt;uomDefinedID&gt;24&lt;/uomDefinedID&gt;&lt;UOMName&gt;MM&lt;/UOMName&gt;&lt;UOMDescription&gt;MILIMETERS&lt;/UOMDescription&gt;&lt;serialNumber&gt;FTW3M16000apx&lt;/serialNumber&gt;&lt;avrg&gt;0.002575&lt;/avrg&gt;&lt;/Row&gt;&lt;Row&gt;&lt;notifRecordID&gt;114123&lt;/notifRecordID&gt;&lt;notifTagID&gt;123&lt;/notifTagID&gt;&lt;notifTagValue&gt;-0.003&lt;/notifTagValue&gt;&lt;recordID&gt;114123&lt;/recordID&gt;&lt;notifName&gt;TransCtr&lt;/notifName&gt;&lt;notifDescription&gt;P558_JENOPTIK&lt;/notifDescription&gt;&lt;CreatedBy&gt;SYSTEM&lt;/CreatedBy&gt;&lt;CreatedOn&gt;2016-12-17T22:26:26&lt;/CreatedOn&gt;&lt;ModifiedBy&gt;System&lt;/ModifiedBy&gt;&lt;ModifiedOn&gt;2016-12-17T22:26:28&lt;/ModifiedOn&gt;&lt;tagName&gt;Data_00&lt;/tagName&gt;&lt;tagTypeID&gt;8&lt;/tagTypeID&gt;&lt;tagGroupID&gt;1&lt;/tagGroupID&gt;&lt;tagFunctionID&gt;4&lt;/tagFunctionID&gt;&lt;COM_typeName&gt;TSend&lt;/COM_typeName&gt;&lt;FNC_typeName&gt;DefDataTable&lt;/FNC_typeName&gt;&lt;OPC_typeName&gt;FLOAT&lt;/OPC_typeName&gt;&lt;unitID&gt;36&lt;/unitID&gt;&lt;lineID&gt;35&lt;/lineID&gt;&lt;nameDefined&gt;Hi\Lo&lt;/nameDefined&gt;&lt;uomDefinedID&gt;24&lt;/uomDefinedID&gt;&lt;UOMName&gt;MM&lt;/UOMName&gt;&lt;UOMDescription&gt;MILIMETERS&lt;/UOMDescription&gt;&lt;serialNumber&gt;FTW3M16000apz&lt;/serialNumber&gt;&lt;avrg&gt;0.002575&lt;/avrg&gt;&lt;/Row&gt;&lt;Row&gt;&lt;notifRecordID&gt;114126&lt;/notifRecordID&gt;&lt;notifTagID&gt;123&lt;/notifTagID&gt;&lt;notifTagValue&gt;-0.003&lt;/notifTagValue&gt;&lt;recordID&gt;114126&lt;/recordID&gt;&lt;notifName&gt;TransCtr&lt;/notifName&gt;&lt;notifDescription&gt;P558_JENOPTIK&lt;/notifDescription&gt;&lt;CreatedBy&gt;SYSTEM&lt;/CreatedBy&gt;&lt;CreatedOn&gt;2016-12-17T22:29:20&lt;/CreatedOn&gt;&lt;ModifiedBy&gt;System&lt;/ModifiedBy&gt;&lt;ModifiedOn&gt;2016-12-17T22:29:22&lt;/ModifiedOn&gt;&lt;tagName&gt;Data_00&lt;/tagName&gt;&lt;tagTypeID&gt;8&lt;/tagTypeID&gt;&lt;tagGroupID&gt;1&lt;/tagGroupID&gt;&lt;tagFunctionID&gt;4&lt;/tagFunctionID&gt;&lt;COM_typeName&gt;TSend&lt;/COM_typeName&gt;&lt;FNC_typeName&gt;DefDataTable&lt;/FNC_typeName&gt;&lt;OPC_typeName&gt;FLOAT&lt;/OPC_typeName&gt;&lt;unitID&gt;36&lt;/unitID&gt;&lt;lineID&gt;35&lt;/lineID&gt;&lt;nameDefined&gt;Hi\Lo&lt;/nameDefined&gt;&lt;uomDefinedID&gt;24&lt;/uomDefinedID&gt;&lt;UOMName&gt;MM&lt;/UOMName&gt;&lt;UOMDescription&gt;MILIMETERS&lt;/UOMDescription&gt;&lt;serialNumber&gt;FTW3M16000aq0&lt;/serialNumber&gt;&lt;avrg&gt;0.002575&lt;/avrg&gt;&lt;/Row&gt;&lt;Row&gt;&lt;notifRecordID&gt;114129&lt;/notifRecordID&gt;&lt;notifTagID&gt;123&lt;/notifTagID&gt;&lt;notifTagValue&gt;0.0&lt;/notifTagValue&gt;&lt;recordID&gt;114129&lt;/recordID&gt;&lt;notifName&gt;TransCtr&lt;/notifName&gt;&lt;notifDescription&gt;P558_JENOPTIK&lt;/notifDescription&gt;&lt;CreatedBy&gt;SYSTEM&lt;/CreatedBy&gt;&lt;CreatedOn&gt;2016-12-17T22:30:27&lt;/CreatedOn&gt;&lt;ModifiedBy&gt;System&lt;/ModifiedBy&gt;&lt;ModifiedOn&gt;2016-12-17T22:30:29&lt;/ModifiedOn&gt;&lt;tagName&gt;Data_00&lt;/tagName&gt;&lt;tagTypeID&gt;8&lt;/tagTypeID&gt;&lt;tagGroupID&gt;1&lt;/tagGroupID&gt;&lt;tagFunctionID&gt;4&lt;/tagFunctionID&gt;&lt;COM_typeName&gt;TSend&lt;/COM_typeName&gt;&lt;FNC_typeName&gt;DefDataTable&lt;/FNC_typeName&gt;&lt;OPC_typeName&gt;FLOAT&lt;/OPC_typeName&gt;&lt;unitID&gt;36&lt;/unitID&gt;&lt;lineID&gt;35&lt;/lineID&gt;&lt;nameDefined&gt;Hi\Lo&lt;/nameDefined&gt;&lt;uomDefinedID&gt;24&lt;/uomDefinedID&gt;&lt;UOMName&gt;MM&lt;/UOMName&gt;&lt;UOMDescription&gt;MILIMETERS&lt;/UOMDescription&gt;&lt;serialNumber&gt;FTW3M16000aq0&lt;/serialNumber&gt;&lt;avrg&gt;0.002575&lt;/avrg&gt;&lt;/Row&gt;&lt;Row&gt;&lt;notifRecordID&gt;114134&lt;/notifRecordID&gt;&lt;notifTagID&gt;123&lt;/notifTagID&gt;&lt;notifTagValue&gt;0.007&lt;/notifTagValue&gt;&lt;recordID&gt;114134&lt;/recordID&gt;&lt;notifName&gt;TransCtr&lt;/notifName&gt;&lt;notifDescription&gt;P558_JENOPTIK&lt;/notifDescription&gt;&lt;CreatedBy&gt;SYSTEM&lt;/CreatedBy&gt;&lt;CreatedOn&gt;2016-12-17T22:38:13&lt;/CreatedOn&gt;&lt;ModifiedBy&gt;System&lt;/ModifiedBy&gt;&lt;ModifiedOn&gt;2016-12-17T22:38:15&lt;/ModifiedOn&gt;&lt;tagName&gt;Data_00&lt;/tagName&gt;&lt;tagTypeID&gt;8&lt;/tagTypeID&gt;&lt;tagGroupID&gt;1&lt;/tagGroupID&gt;&lt;tagFunctionID&gt;4&lt;/tagFunctionID&gt;&lt;COM_typeName&gt;TSend&lt;/COM_typeName&gt;&lt;FNC_typeName&gt;DefDataTable&lt;/FNC_typeName&gt;&lt;OPC_typeName&gt;FLOAT&lt;/OPC_typeName&gt;&lt;unitID&gt;36&lt;/unitID&gt;&lt;lineID&gt;35&lt;/lineID&gt;&lt;nameDefined&gt;Hi\Lo&lt;/nameDefined&gt;&lt;uomDefinedID&gt;24&lt;/uomDefinedID&gt;&lt;UOMName&gt;MM&lt;/UOMName&gt;&lt;UOMDescription&gt;MILIMETERS&lt;/UOMDescription&gt;&lt;serialNumber&gt;FTW3M16000aq1&lt;/serialNumber&gt;&lt;avrg&gt;0.002575&lt;/avrg&gt;&lt;/Row&gt;&lt;Row&gt;&lt;notifRecordID&gt;114139&lt;/notifRecordID&gt;&lt;notifTagID&gt;123&lt;/notifTagID&gt;&lt;notifTagValue&gt;0.004&lt;/notifTagValue&gt;&lt;recordID&gt;114139&lt;/recordID&gt;&lt;notifName&gt;TransCtr&lt;/notifName&gt;&lt;notifDescription&gt;P558_JENOPTIK&lt;/notifDescription&gt;&lt;CreatedBy&gt;SYSTEM&lt;/CreatedBy&gt;&lt;CreatedOn&gt;2016-12-17T22:42:54&lt;/CreatedOn&gt;&lt;ModifiedBy&gt;System&lt;/ModifiedBy&gt;&lt;ModifiedOn&gt;2016-12-17T22:42:56&lt;/ModifiedOn&gt;&lt;tagName&gt;Data_00&lt;/tagName&gt;&lt;tagTypeID&gt;8&lt;/tagTypeID&gt;&lt;tagGroupID&gt;1&lt;/tagGroupID&gt;&lt;tagFunctionID&gt;4&lt;/tagFunctionID&gt;&lt;COM_typeName&gt;TSend&lt;/COM_typeName&gt;&lt;FNC_typeName&gt;DefDataTable&lt;/FNC_typeName&gt;&lt;OPC_typeName&gt;FLOAT&lt;/OPC_typeName&gt;&lt;unitID&gt;36&lt;/unitID&gt;&lt;lineID&gt;35&lt;/lineID&gt;&lt;nameDefined&gt;Hi\Lo&lt;/nameDefined&gt;&lt;uomDefinedID&gt;24&lt;/uomDefinedID&gt;&lt;UOMName&gt;MM&lt;/UOMName&gt;&lt;UOMDescription&gt;MILIMETERS&lt;/UOMDescription&gt;&lt;serialNumber&gt;FTW2M160006xi&lt;/serialNumber&gt;&lt;avrg&gt;0.002575&lt;/avrg&gt;&lt;/Row&gt;&lt;Row&gt;&lt;notifRecordID&gt;114142&lt;/notifRecordID&gt;&lt;notifTagID&gt;123&lt;/notifTagID&gt;&lt;notifTagValue&gt;0.007&lt;/notifTagValue&gt;&lt;recordID&gt;114142&lt;/recordID&gt;&lt;notifName&gt;TransCtr&lt;/notifName&gt;&lt;notifDescription&gt;P558_JENOPTIK&lt;/notifDescription&gt;&lt;CreatedBy&gt;SYSTEM&lt;/CreatedBy&gt;&lt;CreatedOn&gt;2016-12-17T22:46:42&lt;/CreatedOn&gt;&lt;ModifiedBy&gt;System&lt;/ModifiedBy&gt;&lt;ModifiedOn&gt;2016-12-17T22:46:44&lt;/ModifiedOn&gt;&lt;tagName&gt;Data_00&lt;/tagName&gt;&lt;tagTypeID&gt;8&lt;/tagTypeID&gt;&lt;tagGroupID&gt;1&lt;/tagGroupID&gt;&lt;tagFunctionID&gt;4&lt;/tagFunctionID&gt;&lt;COM_typeName&gt;TSend&lt;/COM_typeName&gt;&lt;FNC_typeName&gt;DefDataTable&lt;/FNC_typeName&gt;&lt;OPC_typeName&gt;FLOAT&lt;/OPC_typeName&gt;&lt;unitID&gt;36&lt;/unitID&gt;&lt;lineID&gt;35&lt;/lineID&gt;&lt;nameDefined&gt;Hi\Lo&lt;/nameDefined&gt;&lt;uomDefinedID&gt;24&lt;/uomDefinedID&gt;&lt;UOMName&gt;MM&lt;/UOMName&gt;&lt;UOMDescription&gt;MILIMETERS&lt;/UOMDescription&gt;&lt;serialNumber&gt;FTW2M160006xj&lt;/serialNumber&gt;&lt;avrg&gt;0.002575&lt;/avrg&gt;&lt;/Row&gt;&lt;Row&gt;&lt;notifRecordID&gt;114146&lt;/notifRecordID&gt;&lt;notifTagID&gt;123&lt;/notifTagID&gt;&lt;notifTagValue&gt;-0.001&lt;/notifTagValue&gt;&lt;recordID&gt;114146&lt;/recordID&gt;&lt;notifName&gt;TransCtr&lt;/notifName&gt;&lt;notifDescription&gt;P558_JENOPTIK&lt;/notifDescription&gt;&lt;CreatedBy&gt;SYSTEM&lt;/CreatedBy&gt;&lt;CreatedOn&gt;2016-12-17T22:50:34&lt;/CreatedOn&gt;&lt;ModifiedBy&gt;System&lt;/ModifiedBy&gt;&lt;ModifiedOn&gt;2016-12-17T22:50:36&lt;/ModifiedOn&gt;&lt;tagName&gt;Data_00&lt;/tagName&gt;&lt;tagTypeID&gt;8&lt;/tagTypeID&gt;&lt;tagGroupID&gt;1&lt;/tagGroupID&gt;&lt;tagFunctionID&gt;4&lt;/tagFunctionID&gt;&lt;COM_typeName&gt;TSend&lt;/COM_typeName&gt;&lt;FNC_typeName&gt;DefDataTable&lt;/FNC_typeName&gt;&lt;OPC_typeName&gt;FLOAT&lt;/OPC_typeName&gt;&lt;unitID&gt;36&lt;/unitID&gt;&lt;lineID&gt;35&lt;/lineID&gt;&lt;nameDefined&gt;Hi\Lo&lt;/nameDefined&gt;&lt;uomDefinedID&gt;24&lt;/uomDefinedID&gt;&lt;UOMName&gt;MM&lt;/UOMName&gt;&lt;UOMDescription&gt;MILIMETERS&lt;/UOMDescription&gt;&lt;serialNumber&gt;FTW3M16000aq3&lt;/serialNumber&gt;&lt;avrg&gt;0.002575&lt;/avrg&gt;&lt;/Row&gt;&lt;Row&gt;&lt;notifRecordID&gt;114148&lt;/notifRecordID&gt;&lt;notifTagID&gt;123&lt;/notifTagID&gt;&lt;notifTagValue&gt;-0.001&lt;/notifTagValue&gt;&lt;recordID&gt;114148&lt;/recordID&gt;&lt;notifName&gt;TransCtr&lt;/notifName&gt;&lt;notifDescription&gt;P558_JENOPTIK&lt;/notifDescription&gt;&lt;CreatedBy&gt;SYSTEM&lt;/CreatedBy&gt;&lt;CreatedOn&gt;2016-12-17T22:54:52&lt;/CreatedOn&gt;&lt;ModifiedBy&gt;System&lt;/ModifiedBy&gt;&lt;ModifiedOn&gt;2016-12-17T22:54:54&lt;/ModifiedOn&gt;&lt;tagName&gt;Data_00&lt;/tagName&gt;&lt;tagTypeID&gt;8&lt;/tagTypeID&gt;&lt;tagGroupID&gt;1&lt;/tagGroupID&gt;&lt;tagFunctionID&gt;4&lt;/tagFunctionID&gt;&lt;COM_typeName&gt;TSend&lt;/COM_typeName&gt;&lt;FNC_typeName&gt;DefDataTable&lt;/FNC_typeName&gt;&lt;OPC_typeName&gt;FLOAT&lt;/OPC_typeName&gt;&lt;unitID&gt;36&lt;/unitID&gt;&lt;lineID&gt;35&lt;/lineID&gt;&lt;nameDefined&gt;Hi\Lo&lt;/nameDefined&gt;&lt;uomDefinedID&gt;24&lt;/uomDefinedID&gt;&lt;UOMName&gt;MM&lt;/UOMName&gt;&lt;UOMDescription&gt;MILIMETERS&lt;/UOMDescription&gt;&lt;serialNumber&gt;FTW3M16000aq4&lt;/serialNumber&gt;&lt;avrg&gt;0.002575&lt;/avrg&gt;&lt;/Row&gt;&lt;Row&gt;&lt;notifRecordID&gt;114165&lt;/notifRecordID&gt;&lt;notifTagID&gt;123&lt;/notifTagID&gt;&lt;notifTagValue&gt;-0.006&lt;/notifTagValue&gt;&lt;recordID&gt;114165&lt;/recordID&gt;&lt;notifName&gt;TransCtr&lt;/notifName&gt;&lt;notifDescription&gt;P558_JENOPTIK&lt;/notifDescription&gt;&lt;CreatedBy&gt;SYSTEM&lt;/CreatedBy&gt;&lt;CreatedOn&gt;2016-12-17T23:32:11&lt;/CreatedOn&gt;&lt;ModifiedBy&gt;System&lt;/ModifiedBy&gt;&lt;ModifiedOn&gt;2016-12-17T23:32:13&lt;/ModifiedOn&gt;&lt;tagName&gt;Data_00&lt;/tagName&gt;&lt;tagTypeID&gt;8&lt;/tagTypeID&gt;&lt;tagGroupID&gt;1&lt;/tagGroupID&gt;&lt;tagFunctionID&gt;4&lt;/tagFunctionID&gt;&lt;COM_typeName&gt;TSend&lt;/COM_typeName&gt;&lt;FNC_typeName&gt;DefDataTable&lt;/FNC_typeName&gt;&lt;OPC_typeName&gt;FLOAT&lt;/OPC_typeName&gt;&lt;unitID&gt;36&lt;/unitID&gt;&lt;lineID&gt;35&lt;/lineID&gt;&lt;nameDefined&gt;Hi\Lo&lt;/nameDefined&gt;&lt;uomDefinedID&gt;24&lt;/uomDefinedID&gt;&lt;UOMName&gt;MM&lt;/UOMName&gt;&lt;UOMDescription&gt;MILIMETERS&lt;/UOMDescription&gt;&lt;serialNumber&gt;FTW3M16000aq5&lt;/serialNumber&gt;&lt;avrg&gt;0.002575&lt;/avrg&gt;&lt;/Row&gt;&lt;Row&gt;&lt;notifRecordID&gt;114169&lt;/notifRecordID&gt;&lt;notifTagID&gt;123&lt;/notifTagID&gt;&lt;notifTagValue&gt;-0.007&lt;/notifTagValue&gt;&lt;recordID&gt;114169&lt;/recordID&gt;&lt;notifName&gt;TransCtr&lt;/notifName&gt;&lt;notifDescription&gt;P558_JENOPTIK&lt;/notifDescription&gt;&lt;CreatedBy&gt;SYSTEM&lt;/CreatedBy&gt;&lt;CreatedOn&gt;2016-12-17T23:36:19&lt;/CreatedOn&gt;&lt;ModifiedBy&gt;System&lt;/ModifiedBy&gt;&lt;ModifiedOn&gt;2016-12-17T23:36:21&lt;/ModifiedOn&gt;&lt;tagName&gt;Data_00&lt;/tagName&gt;&lt;tagTypeID&gt;8&lt;/tagTypeID&gt;&lt;tagGroupID&gt;1&lt;/tagGroupID&gt;&lt;tagFunctionID&gt;4&lt;/tagFunctionID&gt;&lt;COM_typeName&gt;TSend&lt;/COM_typeName&gt;&lt;FNC_typeName&gt;DefDataTable&lt;/FNC_typeName&gt;&lt;OPC_typeName&gt;FLOAT&lt;/OPC_typeName&gt;&lt;unitID&gt;36&lt;/unitID&gt;&lt;lineID&gt;35&lt;/lineID&gt;&lt;nameDefined&gt;Hi\Lo&lt;/nameDefined&gt;&lt;uomDefinedID&gt;24&lt;/uomDefinedID&gt;&lt;UOMName&gt;MM&lt;/UOMName&gt;&lt;UOMDescription&gt;MILIMETERS&lt;/UOMDescription&gt;&lt;serialNumber&gt;FTW3M16000aq6&lt;/serialNumber&gt;&lt;avrg&gt;0.002575&lt;/avrg&gt;&lt;/Row&gt;&lt;Row&gt;&lt;notifRecordID&gt;114173&lt;/notifRecordID&gt;&lt;notifTagID&gt;123&lt;/notifTagID&gt;&lt;notifTagValue&gt;0.0&lt;/notifTagValue&gt;&lt;recordID&gt;114173&lt;/recordID&gt;&lt;notifName&gt;TransCtr&lt;/notifName&gt;&lt;notifDescription&gt;P558_JENOPTIK&lt;/notifDescription&gt;&lt;CreatedBy&gt;SYSTEM&lt;/CreatedBy&gt;&lt;CreatedOn&gt;2016-12-17T23:42:38&lt;/CreatedOn&gt;&lt;ModifiedBy&gt;System&lt;/ModifiedBy&gt;&lt;ModifiedOn&gt;2016-12-17T23:42:40&lt;/ModifiedOn&gt;&lt;tagName&gt;Data_00&lt;/tagName&gt;&lt;tagTypeID&gt;8&lt;/tagTypeID&gt;&lt;tagGroupID&gt;1&lt;/tagGroupID&gt;&lt;tagFunctionID&gt;4&lt;/tagFunctionID&gt;&lt;COM_typeName&gt;TSend&lt;/COM_typeName&gt;&lt;FNC_typeName&gt;DefDataTable&lt;/FNC_typeName&gt;&lt;OPC_typeName&gt;FLOAT&lt;/OPC_typeName&gt;&lt;unitID&gt;36&lt;/unitID&gt;&lt;lineID&gt;35&lt;/lineID&gt;&lt;nameDefined&gt;Hi\Lo&lt;/nameDefined&gt;&lt;uomDefinedID&gt;24&lt;/uomDefinedID&gt;&lt;UOMName&gt;MM&lt;/UOMName&gt;&lt;UOMDescription&gt;MILIMETERS&lt;/UOMDescription&gt;&lt;serialNumber&gt;FTW3M16000aq7&lt;/serialNumber&gt;&lt;avrg&gt;0.002575&lt;/avrg&gt;&lt;/Row&gt;&lt;Row&gt;&lt;notifRecordID&gt;114182&lt;/notifRecordID&gt;&lt;notifTagID&gt;123&lt;/notifTagID&gt;&lt;notifTagValue&gt;0.005&lt;/notifTagValue&gt;&lt;recordID&gt;114182&lt;/recordID&gt;&lt;notifName&gt;TransCtr&lt;/notifName&gt;&lt;notifDescription&gt;P558_JENOPTIK&lt;/notifDescription&gt;&lt;CreatedBy&gt;SYSTEM&lt;/CreatedBy&gt;&lt;CreatedOn&gt;2016-12-17T23:51:15&lt;/CreatedOn&gt;&lt;ModifiedBy&gt;System&lt;/ModifiedBy&gt;&lt;ModifiedOn&gt;2016-12-17T23:51:17&lt;/ModifiedOn&gt;&lt;tagName&gt;Data_00&lt;/tagName&gt;&lt;tagTypeID&gt;8&lt;/tagTypeID&gt;&lt;tagGroupID&gt;1&lt;/tagGroupID&gt;&lt;tagFunctionID&gt;4&lt;/tagFunctionID&gt;&lt;COM_typeName&gt;TSend&lt;/COM_typeName&gt;&lt;FNC_typeName&gt;DefDataTable&lt;/FNC_typeName&gt;&lt;OPC_typeName&gt;FLOAT&lt;/OPC_typeName&gt;&lt;unitID&gt;36&lt;/unitID&gt;&lt;lineID&gt;35&lt;/lineID&gt;&lt;nameDefined&gt;Hi\Lo&lt;/nameDefined&gt;&lt;uomDefinedID&gt;24&lt;/uomDefinedID&gt;&lt;UOMName&gt;MM&lt;/UOMName&gt;&lt;UOMDescription&gt;MILIMETERS&lt;/UOMDescription&gt;&lt;serialNumber&gt;FTW3M16000aq8&lt;/serialNumber&gt;&lt;avrg&gt;0.002575&lt;/avrg&gt;&lt;/Row&gt;&lt;Row&gt;&lt;notifRecordID&gt;114191&lt;/notifRecordID&gt;&lt;notifTagID&gt;123&lt;/notifTagID&gt;&lt;notifTagValue&gt;0.002&lt;/notifTagValue&gt;&lt;recordID&gt;114191&lt;/recordID&gt;&lt;notifName&gt;TransCtr&lt;/notifName&gt;&lt;notifDescription&gt;P558_JENOPTIK&lt;/notifDescription&gt;&lt;CreatedBy&gt;SYSTEM&lt;/CreatedBy&gt;&lt;CreatedOn&gt;2016-12-18T00:01:55&lt;/CreatedOn&gt;&lt;ModifiedBy&gt;System&lt;/ModifiedBy&gt;&lt;ModifiedOn&gt;2016-12-18T00:01:57&lt;/ModifiedOn&gt;&lt;tagName&gt;Data_00&lt;/tagName&gt;&lt;tagTypeID&gt;8&lt;/tagTypeID&gt;&lt;tagGroupID&gt;1&lt;/tagGroupID&gt;&lt;tagFunctionID&gt;4&lt;/tagFunctionID&gt;&lt;COM_typeName&gt;TSend&lt;/COM_typeName&gt;&lt;FNC_typeName&gt;DefDataTable&lt;/FNC_typeName&gt;&lt;OPC_typeName&gt;FLOAT&lt;/OPC_typeName&gt;&lt;unitID&gt;36&lt;/unitID&gt;&lt;lineID&gt;35&lt;/lineID&gt;&lt;nameDefined&gt;Hi\Lo&lt;/nameDefined&gt;&lt;uomDefinedID&gt;24&lt;/uomDefinedID&gt;&lt;UOMName&gt;MM&lt;/UOMName&gt;&lt;UOMDescription&gt;MILIMETERS&lt;/UOMDescription&gt;&lt;serialNumber&gt;FTW2M160006xl&lt;/serialNumber&gt;&lt;avrg&gt;0.002575&lt;/avrg&gt;&lt;/Row&gt;&lt;Row&gt;&lt;notifRecordID&gt;114193&lt;/notifRecordID&gt;&lt;notifTagID&gt;123&lt;/notifTagID&gt;&lt;notifTagValue&gt;-0.003&lt;/notifTagValue&gt;&lt;recordID&gt;114193&lt;/recordID&gt;&lt;notifName&gt;TransCtr&lt;/notifName&gt;&lt;notifDescription&gt;P558_JENOPTIK&lt;/notifDescription&gt;&lt;CreatedBy&gt;SYSTEM&lt;/CreatedBy&gt;&lt;CreatedOn&gt;2016-12-18T00:03:46&lt;/CreatedOn&gt;&lt;ModifiedBy&gt;System&lt;/ModifiedBy&gt;&lt;ModifiedOn&gt;2016-12-18T00:03:48&lt;/ModifiedOn&gt;&lt;tagName&gt;Data_00&lt;/tagName&gt;&lt;tagTypeID&gt;8&lt;/tagTypeID&gt;&lt;tagGroupID&gt;1&lt;/tagGroupID&gt;&lt;tagFunctionID&gt;4&lt;/tagFunctionID&gt;&lt;COM_typeName&gt;TSend&lt;/COM_typeName&gt;&lt;FNC_typeName&gt;DefDataTable&lt;/FNC_typeName&gt;&lt;OPC_typeName&gt;FLOAT&lt;/OPC_typeName&gt;&lt;unitID&gt;36&lt;/unitID&gt;&lt;lineID&gt;35&lt;/lineID&gt;&lt;nameDefined&gt;Hi\Lo&lt;/nameDefined&gt;&lt;uomDefinedID&gt;24&lt;/uomDefinedID&gt;&lt;UOMName&gt;MM&lt;/UOMName&gt;&lt;UOMDescription&gt;MILIMETERS&lt;/UOMDescription&gt;&lt;serialNumber&gt;FTW2M160006xl&lt;/serialNumber&gt;&lt;avrg&gt;0.002575&lt;/avrg&gt;&lt;/Row&gt;&lt;Row&gt;&lt;notifRecordID&gt;114195&lt;/notifRecordID&gt;&lt;notifTagID&gt;123&lt;/notifTagID&gt;&lt;notifTagValue&gt;0.004&lt;/notifTagValue&gt;&lt;recordID&gt;114195&lt;/recordID&gt;&lt;notifName&gt;TransCtr&lt;/notifName&gt;&lt;notifDescription&gt;P558_JENOPTIK&lt;/notifDescription&gt;&lt;CreatedBy&gt;SYSTEM&lt;/CreatedBy&gt;&lt;CreatedOn&gt;2016-12-18T00:08:53&lt;/CreatedOn&gt;&lt;ModifiedBy&gt;System&lt;/ModifiedBy&gt;&lt;ModifiedOn&gt;2016-12-18T00:08:55&lt;/ModifiedOn&gt;&lt;tagName&gt;Data_00&lt;/tagName&gt;&lt;tagTypeID&gt;8&lt;/tagTypeID&gt;&lt;tagGroupID&gt;1&lt;/tagGroupID&gt;&lt;tagFunctionID&gt;4&lt;/tagFunctionID&gt;&lt;COM_typeName&gt;TSend&lt;/COM_typeName&gt;&lt;FNC_typeName&gt;DefDataTable&lt;/FNC_typeName&gt;&lt;OPC_typeName&gt;FLOAT&lt;/OPC_typeName&gt;&lt;unitID&gt;36&lt;/unitID&gt;&lt;lineID&gt;35&lt;/lineID&gt;&lt;nameDefined&gt;Hi\Lo&lt;/nameDefined&gt;&lt;uomDefinedID&gt;24&lt;/uomDefinedID&gt;&lt;UOMName&gt;MM&lt;/UOMName&gt;&lt;UOMDescription&gt;MILIMETERS&lt;/UOMDescription&gt;&lt;serialNumber&gt;FTW3M16000aq9&lt;/serialNumber&gt;&lt;avrg&gt;0.002575&lt;/avrg&gt;&lt;/Row&gt;&lt;Row&gt;&lt;notifRecordID&gt;114207&lt;/notifRecordID&gt;&lt;notifTagID&gt;123&lt;/notifTagID&gt;&lt;notifTagValue&gt;0.003&lt;/notifTagValue&gt;&lt;recordID&gt;114207&lt;/recordID&gt;&lt;notifName&gt;TransCtr&lt;/notifName&gt;&lt;notifDescription&gt;P558_JENOPTIK&lt;/notifDescription&gt;&lt;CreatedBy&gt;SYSTEM&lt;/CreatedBy&gt;&lt;CreatedOn&gt;2016-12-18T00:29:09&lt;/CreatedOn&gt;&lt;ModifiedBy&gt;System&lt;/ModifiedBy&gt;&lt;ModifiedOn&gt;2016-12-18T00:29:11&lt;/ModifiedOn&gt;&lt;tagName&gt;Data_00&lt;/tagName&gt;&lt;tagTypeID&gt;8&lt;/tagTypeID&gt;&lt;tagGroupID&gt;1&lt;/tagGroupID&gt;&lt;tagFunctionID&gt;4&lt;/tagFunctionID&gt;&lt;COM_typeName&gt;TSend&lt;/COM_typeName&gt;&lt;FNC_typeName&gt;DefDataTable&lt;/FNC_typeName&gt;&lt;OPC_typeName&gt;FLOAT&lt;/OPC_typeName&gt;&lt;unitID&gt;36&lt;/unitID&gt;&lt;lineID&gt;35&lt;/lineID&gt;&lt;nameDefined&gt;Hi\Lo&lt;/nameDefined&gt;&lt;uomDefinedID&gt;24&lt;/uomDefinedID&gt;&lt;UOMName&gt;MM&lt;/UOMName&gt;&lt;UOMDescription&gt;MILIMETERS&lt;/UOMDescription&gt;&lt;serialNumber&gt;FTW3M16000aqa&lt;/serialNumber&gt;&lt;avrg&gt;0.002575&lt;/avrg&gt;&lt;/Row&gt;&lt;Row&gt;&lt;notifRecordID&gt;114212&lt;/notifRecordID&gt;&lt;notifTagID&gt;123&lt;/notifTagID&gt;&lt;notifTagValue&gt;-0.007&lt;/notifTagValue&gt;&lt;recordID&gt;114212&lt;/recordID&gt;&lt;notifName&gt;TransCtr&lt;/notifName&gt;&lt;notifDescription&gt;P558_JENOPTIK&lt;/notifDescription&gt;&lt;CreatedBy&gt;SYSTEM&lt;/CreatedBy&gt;&lt;CreatedOn&gt;2016-12-18T00:32:13&lt;/CreatedOn&gt;&lt;ModifiedBy&gt;System&lt;/ModifiedBy&gt;&lt;ModifiedOn&gt;2016-12-18T00:32:15&lt;/ModifiedOn&gt;&lt;tagName&gt;Data_00&lt;/tagName&gt;&lt;tagTypeID&gt;8&lt;/tagTypeID&gt;&lt;tagGroupID&gt;1&lt;/tagGroupID&gt;&lt;tagFunctionID&gt;4&lt;/tagFunctionID&gt;&lt;COM_typeName&gt;TSend&lt;/COM_typeName&gt;&lt;FNC_typeName&gt;DefDataTable&lt;/FNC_typeName&gt;&lt;OPC_typeName&gt;FLOAT&lt;/OPC_typeName&gt;&lt;unitID&gt;36&lt;/unitID&gt;&lt;lineID&gt;35&lt;/lineID&gt;&lt;nameDefined&gt;Hi\Lo&lt;/nameDefined&gt;&lt;uomDefinedID&gt;24&lt;/uomDefinedID&gt;&lt;UOMName&gt;MM&lt;/UOMName&gt;&lt;UOMDescription&gt;MILIMETERS&lt;/UOMDescription&gt;&lt;serialNumber&gt;FTW3M16000aqb&lt;/serialNumber&gt;&lt;avrg&gt;0.002575&lt;/avrg&gt;&lt;/Row&gt;&lt;Row&gt;&lt;notifRecordID&gt;114215&lt;/notifRecordID&gt;&lt;notifTagID&gt;123&lt;/notifTagID&gt;&lt;notifTagValue&gt;0.006&lt;/notifTagValue&gt;&lt;recordID&gt;114215&lt;/recordID&gt;&lt;notifName&gt;TransCtr&lt;/notifName&gt;&lt;notifDescription&gt;P558_JENOPTIK&lt;/notifDescription&gt;&lt;CreatedBy&gt;SYSTEM&lt;/CreatedBy&gt;&lt;CreatedOn&gt;2016-12-18T00:41:32&lt;/CreatedOn&gt;&lt;ModifiedBy&gt;System&lt;/ModifiedBy&gt;&lt;ModifiedOn&gt;2016-12-18T00:41:34&lt;/ModifiedOn&gt;&lt;tagName&gt;Data_00&lt;/tagName&gt;&lt;tagTypeID&gt;8&lt;/tagTypeID&gt;&lt;tagGroupID&gt;1&lt;/tagGroupID&gt;&lt;tagFunctionID&gt;4&lt;/tagFunctionID&gt;&lt;COM_typeName&gt;TSend&lt;/COM_typeName&gt;&lt;FNC_typeName&gt;DefDataTable&lt;/FNC_typeName&gt;&lt;OPC_typeName&gt;FLOAT&lt;/OPC_typeName&gt;&lt;unitID&gt;36&lt;/unitID&gt;&lt;lineID&gt;35&lt;/lineID&gt;&lt;nameDefined&gt;Hi\Lo&lt;/nameDefined&gt;&lt;uomDefinedID&gt;24&lt;/uomDefinedID&gt;&lt;UOMName&gt;MM&lt;/UOMName&gt;&lt;UOMDescription&gt;MILIMETERS&lt;/UOMDescription&gt;&lt;serialNumber&gt;FTW2M160006xm&lt;/serialNumber&gt;&lt;avrg&gt;0.002575&lt;/avrg&gt;&lt;/Row&gt;&lt;Row&gt;&lt;notifRecordID&gt;114217&lt;/notifRecordID&gt;&lt;notifTagID&gt;123&lt;/notifTagID&gt;&lt;notifTagValue&gt;-0.002&lt;/notifTagValue&gt;&lt;recordID&gt;114217&lt;/recordID&gt;&lt;notifName&gt;TransCtr&lt;/notifName&gt;&lt;notifDescription&gt;P558_JENOPTIK&lt;/notifDescription&gt;&lt;CreatedBy&gt;SYSTEM&lt;/CreatedBy&gt;&lt;CreatedOn&gt;2016-12-18T00:42:42&lt;/CreatedOn&gt;&lt;ModifiedBy&gt;System&lt;/ModifiedBy&gt;&lt;ModifiedOn&gt;2016-12-18T00:42:44&lt;/ModifiedOn&gt;&lt;tagName&gt;Data_00&lt;/tagName&gt;&lt;tagTypeID&gt;8&lt;/tagTypeID&gt;&lt;tagGroupID&gt;1&lt;/tagGroupID&gt;&lt;tagFunctionID&gt;4&lt;/tagFunctionID&gt;&lt;COM_typeName&gt;TSend&lt;/COM_typeName&gt;&lt;FNC_typeName&gt;DefDataTable&lt;/FNC_typeName&gt;&lt;OPC_typeName&gt;FLOAT&lt;/OPC_typeName&gt;&lt;unitID&gt;36&lt;/unitID&gt;&lt;lineID&gt;35&lt;/lineID&gt;&lt;nameDefined&gt;Hi\Lo&lt;/nameDefined&gt;&lt;uomDefinedID&gt;24&lt;/uomDefinedID&gt;&lt;UOMName&gt;MM&lt;/UOMName&gt;&lt;UOMDescription&gt;MILIMETERS&lt;/UOMDescription&gt;&lt;serialNumber&gt;FTW2M160006xn&lt;/serialNumber&gt;&lt;avrg&gt;0.002575&lt;/avrg&gt;&lt;/Row&gt;&lt;Row&gt;&lt;notifRecordID&gt;114219&lt;/notifRecordID&gt;&lt;notifTagID&gt;123&lt;/notifTagID&gt;&lt;notifTagValue&gt;0.005&lt;/notifTagValue&gt;&lt;recordID&gt;114219&lt;/recordID&gt;&lt;notifName&gt;TransCtr&lt;/notifName&gt;&lt;notifDescription&gt;P558_JENOPTIK&lt;/notifDescription&gt;&lt;CreatedBy&gt;SYSTEM&lt;/CreatedBy&gt;&lt;CreatedOn&gt;2016-12-18T00:43:54&lt;/CreatedOn&gt;&lt;ModifiedBy&gt;System&lt;/ModifiedBy&gt;&lt;ModifiedOn&gt;2016-12-18T00:43:56&lt;/ModifiedOn&gt;&lt;tagName&gt;Data_00&lt;/tagName&gt;&lt;tagTypeID&gt;8&lt;/tagTypeID&gt;&lt;tagGroupID&gt;1&lt;/tagGroupID&gt;&lt;tagFunctionID&gt;4&lt;/tagFunctionID&gt;&lt;COM_typeName&gt;TSend&lt;/COM_typeName&gt;&lt;FNC_typeName&gt;DefDataTable&lt;/FNC_typeName&gt;&lt;OPC_typeName&gt;FLOAT&lt;/OPC_typeName&gt;&lt;unitID&gt;36&lt;/unitID&gt;&lt;lineID&gt;35&lt;/lineID&gt;&lt;nameDefined&gt;Hi\Lo&lt;/nameDefined&gt;&lt;uomDefinedID&gt;24&lt;/uomDefinedID&gt;&lt;UOMName&gt;MM&lt;/UOMName&gt;&lt;UOMDescription&gt;MILIMETERS&lt;/UOMDescription&gt;&lt;serialNumber&gt;FTW3M16000aqc&lt;/serialNumber&gt;&lt;avrg&gt;0.002575&lt;/avrg&gt;&lt;/Row&gt;&lt;Row&gt;&lt;notifRecordID&gt;114222&lt;/notifRecordID&gt;&lt;notifTagID&gt;123&lt;/notifTagID&gt;&lt;notifTagValue&gt;0.0&lt;/notifTagValue&gt;&lt;recordID&gt;114222&lt;/recordID&gt;&lt;notifName&gt;TransCtr&lt;/notifName&gt;&lt;notifDescription&gt;P558_JENOPTIK&lt;/notifDescription&gt;&lt;CreatedBy&gt;SYSTEM&lt;/CreatedBy&gt;&lt;CreatedOn&gt;2016-12-18T00:45:21&lt;/CreatedOn&gt;&lt;ModifiedBy&gt;System&lt;/ModifiedBy&gt;&lt;ModifiedOn&gt;2016-12-18T00:45:23&lt;/ModifiedOn&gt;&lt;tagName&gt;Data_00&lt;/tagName&gt;&lt;tagTypeID&gt;8&lt;/tagTypeID&gt;&lt;tagGroupID&gt;1&lt;/tagGroupID&gt;&lt;tagFunctionID&gt;4&lt;/tagFunctionID&gt;&lt;COM_typeName&gt;TSend&lt;/COM_typeName&gt;&lt;FNC_typeName&gt;DefDataTable&lt;/FNC_typeName&gt;&lt;OPC_typeName&gt;FLOAT&lt;/OPC_typeName&gt;&lt;unitID&gt;36&lt;/unitID&gt;&lt;lineID&gt;35&lt;/lineID&gt;&lt;nameDefined&gt;Hi\Lo&lt;/nameDefined&gt;&lt;uomDefinedID&gt;24&lt;/uomDefinedID&gt;&lt;UOMName&gt;MM&lt;/UOMName&gt;&lt;UOMDescription&gt;MILIMETERS&lt;/UOMDescription&gt;&lt;serialNumber&gt;FTW3M16000aqd&lt;/serialNumber&gt;&lt;avrg&gt;0.002575&lt;/avrg&gt;&lt;/Row&gt;&lt;Row&gt;&lt;notifRecordID&gt;114229&lt;/notifRecordID&gt;&lt;notifTagID&gt;123&lt;/notifTagID&gt;&lt;notifTagValue&gt;0.0&lt;/notifTagValue&gt;&lt;recordID&gt;114229&lt;/recordID&gt;&lt;notifName&gt;TransCtr&lt;/notifName&gt;&lt;notifDescription&gt;P558_JENOPTIK&lt;/notifDescription&gt;&lt;CreatedBy&gt;SYSTEM&lt;/CreatedBy&gt;&lt;CreatedOn&gt;2016-12-18T00:51:19&lt;/CreatedOn&gt;&lt;ModifiedBy&gt;System&lt;/ModifiedBy&gt;&lt;ModifiedOn&gt;2016-12-18T00:51:21&lt;/ModifiedOn&gt;&lt;tagName&gt;Data_00&lt;/tagName&gt;&lt;tagTypeID&gt;8&lt;/tagTypeID&gt;&lt;tagGroupID&gt;1&lt;/tagGroupID&gt;&lt;tagFunctionID&gt;4&lt;/tagFunctionID&gt;&lt;COM_typeName&gt;TSend&lt;/COM_typeName&gt;&lt;FNC_typeName&gt;DefDataTable&lt;/FNC_typeName&gt;&lt;OPC_typeName&gt;FLOAT&lt;/OPC_typeName&gt;&lt;unitID&gt;36&lt;/unitID&gt;&lt;lineID&gt;35&lt;/lineID&gt;&lt;nameDefined&gt;Hi\Lo&lt;/nameDefined&gt;&lt;uomDefinedID&gt;24&lt;/uomDefinedID&gt;&lt;UOMName&gt;MM&lt;/UOMName&gt;&lt;UOMDescription&gt;MILIMETERS&lt;/UOMDescription&gt;&lt;serialNumber&gt;FTW3M16000aqe&lt;/serialNumber&gt;&lt;avrg&gt;0.002575&lt;/avrg&gt;&lt;/Row&gt;&lt;Row&gt;&lt;notifRecordID&gt;114232&lt;/notifRecordID&gt;&lt;notifTagID&gt;123&lt;/notifTagID&gt;&lt;notifTagValue&gt;0.002&lt;/notifTagValue&gt;&lt;recordID&gt;114232&lt;/recordID&gt;&lt;notifName&gt;TransCtr&lt;/notifName&gt;&lt;notifDescription&gt;P558_JENOPTIK&lt;/notifDescription&gt;&lt;CreatedBy&gt;SYSTEM&lt;/CreatedBy&gt;&lt;CreatedOn&gt;2016-12-18T00:54:00&lt;/CreatedOn&gt;&lt;ModifiedBy&gt;System&lt;/ModifiedBy&gt;&lt;ModifiedOn&gt;2016-12-18T00:54:01&lt;/ModifiedOn&gt;&lt;tagName&gt;Data_00&lt;/tagName&gt;&lt;tagTypeID&gt;8&lt;/tagTypeID&gt;&lt;tagGroupID&gt;1&lt;/tagGroupID&gt;&lt;tagFunctionID&gt;4&lt;/tagFunctionID&gt;&lt;COM_typeName&gt;TSend&lt;/COM_typeName&gt;&lt;FNC_typeName&gt;DefDataTable&lt;/FNC_typeName&gt;&lt;OPC_typeName&gt;FLOAT&lt;/OPC_typeName&gt;&lt;unitID&gt;36&lt;/unitID&gt;&lt;lineID&gt;35&lt;/lineID&gt;&lt;nameDefined&gt;Hi\Lo&lt;/nameDefined&gt;&lt;uomDefinedID&gt;24&lt;/uomDefinedID&gt;&lt;UOMName&gt;MM&lt;/UOMName&gt;&lt;UOMDescription&gt;MILIMETERS&lt;/UOMDescription&gt;&lt;serialNumber&gt;FTW3M16000aqe&lt;/serialNumber&gt;&lt;avrg&gt;0.002575&lt;/avrg&gt;&lt;/Row&gt;&lt;Row&gt;&lt;notifRecordID&gt;114235&lt;/notifRecordID&gt;&lt;notifTagID&gt;123&lt;/notifTagID&gt;&lt;notifTagValue&gt;0.014&lt;/notifTagValue&gt;&lt;recordID&gt;114235&lt;/recordID&gt;&lt;notifName&gt;TransCtr&lt;/notifName&gt;&lt;notifDescription&gt;P558_JENOPTIK&lt;/notifDescription&gt;&lt;CreatedBy&gt;SYSTEM&lt;/CreatedBy&gt;&lt;CreatedOn&gt;2016-12-18T00:55:13&lt;/CreatedOn&gt;&lt;ModifiedBy&gt;System&lt;/ModifiedBy&gt;&lt;ModifiedOn&gt;2016-12-18T00:55:15&lt;/ModifiedOn&gt;&lt;tagName&gt;Data_00&lt;/tagName&gt;&lt;tagTypeID&gt;8&lt;/tagTypeID&gt;&lt;tagGroupID&gt;1&lt;/tagGroupID&gt;&lt;tagFunctionID&gt;4&lt;/tagFunctionID&gt;&lt;COM_typeName&gt;TSend&lt;/COM_typeName&gt;&lt;FNC_typeName&gt;DefDataTable&lt;/FNC_typeName&gt;&lt;OPC_typeName&gt;FLOAT&lt;/OPC_typeName&gt;&lt;unitID&gt;36&lt;/unitID&gt;&lt;lineID&gt;35&lt;/lineID&gt;&lt;nameDefined&gt;Hi\Lo&lt;/nameDefined&gt;&lt;uomDefinedID&gt;24&lt;/uomDefinedID&gt;&lt;UOMName&gt;MM&lt;/UOMName&gt;&lt;UOMDescription&gt;MILIMETERS&lt;/UOMDescription&gt;&lt;serialNumber&gt;FTW2M160006xr&lt;/serialNumber&gt;&lt;avrg&gt;0.002575&lt;/avrg&gt;&lt;/Row&gt;&lt;Row&gt;&lt;notifRecordID&gt;114245&lt;/notifRecordID&gt;&lt;notifTagID&gt;123&lt;/notifTagID&gt;&lt;notifTagValue&gt;0.003&lt;/notifTagValue&gt;&lt;recordID&gt;114245&lt;/recordID&gt;&lt;notifName&gt;TransCtr&lt;/notifName&gt;&lt;notifDescription&gt;P558_JENOPTIK&lt;/notifDescription&gt;&lt;CreatedBy&gt;SYSTEM&lt;/CreatedBy&gt;&lt;CreatedOn&gt;2016-12-18T01:13:38&lt;/CreatedOn&gt;&lt;ModifiedBy&gt;System&lt;/ModifiedBy&gt;&lt;ModifiedOn&gt;2016-12-18T01:13:39&lt;/ModifiedOn&gt;&lt;tagName&gt;Data_00&lt;/tagName&gt;&lt;tagTypeID&gt;8&lt;/tagTypeID&gt;&lt;tagGroupID&gt;1&lt;/tagGroupID&gt;&lt;tagFunctionID&gt;4&lt;/tagFunctionID&gt;&lt;COM_typeName&gt;TSend&lt;/COM_typeName&gt;&lt;FNC_typeName&gt;DefDataTable&lt;/FNC_typeName&gt;&lt;OPC_typeName&gt;FLOAT&lt;/OPC_typeName&gt;&lt;unitID&gt;36&lt;/unitID&gt;&lt;lineID&gt;35&lt;/lineID&gt;&lt;nameDefined&gt;Hi\Lo&lt;/nameDefined&gt;&lt;uomDefinedID&gt;24&lt;/uomDefinedID&gt;&lt;UOMName&gt;MM&lt;/UOMName&gt;&lt;UOMDescription&gt;MILIMETERS&lt;/UOMDescription&gt;&lt;serialNumber&gt;FTW3M16000aqf&lt;/serialNumber&gt;&lt;avrg&gt;0.002575&lt;/avrg&gt;&lt;/Row&gt;&lt;Row&gt;&lt;notifRecordID&gt;114263&lt;/notifRecordID&gt;&lt;notifTagID&gt;123&lt;/notifTagID&gt;&lt;notifTagValue&gt;-0.001&lt;/notifTagValue&gt;&lt;recordID&gt;114263&lt;/recordID&gt;&lt;notifName&gt;TransCtr&lt;/notifName&gt;&lt;notifDescription&gt;P558_JENOPTIK&lt;/notifDescription&gt;&lt;CreatedBy&gt;SYSTEM&lt;/CreatedBy&gt;&lt;CreatedOn&gt;2016-12-18T01:38:02&lt;/CreatedOn&gt;&lt;ModifiedBy&gt;System&lt;/ModifiedBy&gt;&lt;ModifiedOn&gt;2016-12-18T01:38:04&lt;/ModifiedOn&gt;&lt;tagName&gt;Data_00&lt;/tagName&gt;&lt;tagTypeID&gt;8&lt;/tagTypeID&gt;&lt;tagGroupID&gt;1&lt;/tagGroupID&gt;&lt;tagFunctionID&gt;4&lt;/tagFunctionID&gt;&lt;COM_typeName&gt;TSend&lt;/COM_typeName&gt;&lt;FNC_typeName&gt;DefDataTable&lt;/FNC_typeName&gt;&lt;OPC_typeName&gt;FLOAT&lt;/OPC_typeName&gt;&lt;unitID&gt;36&lt;/unitID&gt;&lt;lineID&gt;35&lt;/lineID&gt;&lt;nameDefined&gt;Hi\Lo&lt;/nameDefined&gt;&lt;uomDefinedID&gt;24&lt;/uomDefinedID&gt;&lt;UOMName&gt;MM&lt;/UOMName&gt;&lt;UOMDescription&gt;MILIMETERS&lt;/UOMDescription&gt;&lt;serialNumber&gt;FTW3M16000aqg&lt;/serialNumber&gt;&lt;avrg&gt;0.002575&lt;/avrg&gt;&lt;/Row&gt;&lt;Row&gt;&lt;notifRecordID&gt;114265&lt;/notifRecordID&gt;&lt;notifTagID&gt;123&lt;/notifTagID&gt;&lt;notifTagValue&gt;-0.005&lt;/notifTagValue&gt;&lt;recordID&gt;114265&lt;/recordID&gt;&lt;notifName&gt;TransCtr&lt;/notifName&gt;&lt;notifDescription&gt;P558_JENOPTIK&lt;/notifDescription&gt;&lt;CreatedBy&gt;SYSTEM&lt;/CreatedBy&gt;&lt;CreatedOn&gt;2016-12-18T01:39:27&lt;/CreatedOn&gt;&lt;ModifiedBy&gt;System&lt;/ModifiedBy&gt;&lt;ModifiedOn&gt;2016-12-18T01:39:29&lt;/ModifiedOn&gt;&lt;tagName&gt;Data_00&lt;/tagName&gt;&lt;tagTypeID&gt;8&lt;/tagTypeID&gt;&lt;tagGroupID&gt;1&lt;/tagGroupID&gt;&lt;tagFunctionID&gt;4&lt;/tagFunctionID&gt;&lt;COM_typeName&gt;TSend&lt;/COM_typeName&gt;&lt;FNC_typeName&gt;DefDataTable&lt;/FNC_typeName&gt;&lt;OPC_typeName&gt;FLOAT&lt;/OPC_typeName&gt;&lt;unitID&gt;36&lt;/unitID&gt;&lt;lineID&gt;35&lt;/lineID&gt;&lt;nameDefined&gt;Hi\Lo&lt;/nameDefined&gt;&lt;uomDefinedID&gt;24&lt;/uomDefinedID&gt;&lt;UOMName&gt;MM&lt;/UOMName&gt;&lt;UOMDescription&gt;MILIMETERS&lt;/UOMDescription&gt;&lt;serialNumber&gt;FTW3M16000aqh&lt;/serialNumber&gt;&lt;avrg&gt;0.002575&lt;/avrg&gt;&lt;/Row&gt;&lt;Row&gt;&lt;notifRecordID&gt;114268&lt;/notifRecordID&gt;&lt;notifTagID&gt;123&lt;/notifTagID&gt;&lt;notifTagValue&gt;0.005&lt;/notifTagValue&gt;&lt;recordID&gt;114268&lt;/recordID&gt;&lt;notifName&gt;TransCtr&lt;/notifName&gt;&lt;notifDescription&gt;P558_JENOPTIK&lt;/notifDescription&gt;&lt;CreatedBy&gt;SYSTEM&lt;/CreatedBy&gt;&lt;CreatedOn&gt;2016-12-18T01:40:40&lt;/CreatedOn&gt;&lt;ModifiedBy&gt;System&lt;/ModifiedBy&gt;&lt;ModifiedOn&gt;2016-12-18T01:40:42&lt;/ModifiedOn&gt;&lt;tagName&gt;Data_00&lt;/tagName&gt;&lt;tagTypeID&gt;8&lt;/tagTypeID&gt;&lt;tagGroupID&gt;1&lt;/tagGroupID&gt;&lt;tagFunctionID&gt;4&lt;/tagFunctionID&gt;&lt;COM_typeName&gt;TSend&lt;/COM_typeName&gt;&lt;FNC_typeName&gt;DefDataTable&lt;/FNC_typeName&gt;&lt;OPC_typeName&gt;FLOAT&lt;/OPC_typeName&gt;&lt;unitID&gt;36&lt;/unitID&gt;&lt;lineID&gt;35&lt;/lineID&gt;&lt;nameDefined&gt;Hi\Lo&lt;/nameDefined&gt;&lt;uomDefinedID&gt;24&lt;/uomDefinedID&gt;&lt;UOMName&gt;MM&lt;/UOMName&gt;&lt;UOMDescription&gt;MILIMETERS&lt;/UOMDescription&gt;&lt;serialNumber&gt;FTW2M160006xs&lt;/serialNumber&gt;&lt;avrg&gt;0.002575&lt;/avrg&gt;&lt;/Row&gt;&lt;Row&gt;&lt;notifRecordID&gt;114270&lt;/notifRecordID&gt;&lt;notifTagID&gt;123&lt;/notifTagID&gt;&lt;notifTagValue&gt;0.002&lt;/notifTagValue&gt;&lt;recordID&gt;114270&lt;/recordID&gt;&lt;notifName&gt;TransCtr&lt;/notifName&gt;&lt;notifDescription&gt;P558_JENOPTIK&lt;/notifDescription&gt;&lt;CreatedBy&gt;SYSTEM&lt;/CreatedBy&gt;&lt;CreatedOn&gt;2016-12-18T01:42:02&lt;/CreatedOn&gt;&lt;ModifiedBy&gt;System&lt;/ModifiedBy&gt;&lt;ModifiedOn&gt;2016-12-18T01:42:04&lt;/ModifiedOn&gt;&lt;tagName&gt;Data_00&lt;/tagName&gt;&lt;tagTypeID&gt;8&lt;/tagTypeID&gt;&lt;tagGroupID&gt;1&lt;/tagGroupID&gt;&lt;tagFunctionID&gt;4&lt;/tagFunctionID&gt;&lt;COM_typeName&gt;TSend&lt;/COM_typeName&gt;&lt;FNC_typeName&gt;DefDataTable&lt;/FNC_typeName&gt;&lt;OPC_typeName&gt;FLOAT&lt;/OPC_typeName&gt;&lt;unitID&gt;36&lt;/unitID&gt;&lt;lineID&gt;35&lt;/lineID&gt;&lt;nameDefined&gt;Hi\Lo&lt;/nameDefined&gt;&lt;uomDefinedID&gt;24&lt;/uomDefinedID&gt;&lt;UOMName&gt;MM&lt;/UOMName&gt;&lt;UOMDescription&gt;MILIMETERS&lt;/UOMDescription&gt;&lt;serialNumber&gt;FTW3M16000aqi&lt;/serialNumber&gt;&lt;avrg&gt;0.002575&lt;/avrg&gt;&lt;/Row&gt;&lt;Row&gt;&lt;notifRecordID&gt;114272&lt;/notifRecordID&gt;&lt;notifTagID&gt;123&lt;/notifTagID&gt;&lt;notifTagValue&gt;0.0&lt;/notifTagValue&gt;&lt;recordID&gt;114272&lt;/recordID&gt;&lt;notifName&gt;TransCtr&lt;/notifName&gt;&lt;notifDescription&gt;P558_JENOPTIK&lt;/notifDescription&gt;&lt;CreatedBy&gt;SYSTEM&lt;/CreatedBy&gt;&lt;CreatedOn&gt;2016-12-18T01:43:23&lt;/CreatedOn&gt;&lt;ModifiedBy&gt;System&lt;/ModifiedBy&gt;&lt;ModifiedOn&gt;2016-12-18T01:43:25&lt;/ModifiedOn&gt;&lt;tagName&gt;Data_00&lt;/tagName&gt;&lt;tagTypeID&gt;8&lt;/tagTypeID&gt;&lt;tagGroupID&gt;1&lt;/tagGroupID&gt;&lt;tagFunctionID&gt;4&lt;/tagFunctionID&gt;&lt;COM_typeName&gt;TSend&lt;/COM_typeName&gt;&lt;FNC_typeName&gt;DefDataTable&lt;/FNC_typeName&gt;&lt;OPC_typeName&gt;FLOAT&lt;/OPC_typeName&gt;&lt;unitID&gt;36&lt;/unitID&gt;&lt;lineID&gt;35&lt;/lineID&gt;&lt;nameDefined&gt;Hi\Lo&lt;/nameDefined&gt;&lt;uomDefinedID&gt;24&lt;/uomDefinedID&gt;&lt;UOMName&gt;MM&lt;/UOMName&gt;&lt;UOMDescription&gt;MILIMETERS&lt;/UOMDescription&gt;&lt;serialNumber&gt;FTW2M160006xt&lt;/serialNumber&gt;&lt;avrg&gt;0.002575&lt;/avrg&gt;&lt;/Row&gt;&lt;Row&gt;&lt;notifRecordID&gt;114277&lt;/notifRecordID&gt;&lt;notifTagID&gt;123&lt;/notifTagID&gt;&lt;notifTagValue&gt;0.003&lt;/notifTagValue&gt;&lt;recordID&gt;114277&lt;/recordID&gt;&lt;notifName&gt;TransCtr&lt;/notifName&gt;&lt;notifDescription&gt;P558_JENOPTIK&lt;/notifDescription&gt;&lt;CreatedBy&gt;SYSTEM&lt;/CreatedBy&gt;&lt;CreatedOn&gt;2016-12-18T01:51:00&lt;/CreatedOn&gt;&lt;ModifiedBy&gt;System&lt;/ModifiedBy&gt;&lt;ModifiedOn&gt;2016-12-18T01:51:02&lt;/ModifiedOn&gt;&lt;tagName&gt;Data_00&lt;/tagName&gt;&lt;tagTypeID&gt;8&lt;/tagTypeID&gt;&lt;tagGroupID&gt;1&lt;/tagGroupID&gt;&lt;tagFunctionID&gt;4&lt;/tagFunctionID&gt;&lt;COM_typeName&gt;TSend&lt;/COM_typeName&gt;&lt;FNC_typeName&gt;DefDataTable&lt;/FNC_typeName&gt;&lt;OPC_typeName&gt;FLOAT&lt;/OPC_typeName&gt;&lt;unitID&gt;36&lt;/unitID&gt;&lt;lineID&gt;35&lt;/lineID&gt;&lt;nameDefined&gt;Hi\Lo&lt;/nameDefined&gt;&lt;uomDefinedID&gt;24&lt;/uomDefinedID&gt;&lt;UOMName&gt;MM&lt;/UOMName&gt;&lt;UOMDescription&gt;MILIMETERS&lt;/UOMDescription&gt;&lt;serialNumber&gt;FTW3M16000aqj&lt;/serialNumber&gt;&lt;avrg&gt;0.002575&lt;/avrg&gt;&lt;/Row&gt;&lt;Row&gt;&lt;notifRecordID&gt;114280&lt;/notifRecordID&gt;&lt;notifTagID&gt;123&lt;/notifTagID&gt;&lt;notifTagValue&gt;-0.003&lt;/notifTagValue&gt;&lt;recordID&gt;114280&lt;/recordID&gt;&lt;notifName&gt;TransCtr&lt;/notifName&gt;&lt;notifDescription&gt;P558_JENOPTIK&lt;/notifDescription&gt;&lt;CreatedBy&gt;SYSTEM&lt;/CreatedBy&gt;&lt;CreatedOn&gt;2016-12-18T01:52:11&lt;/CreatedOn&gt;&lt;ModifiedBy&gt;System&lt;/ModifiedBy&gt;&lt;ModifiedOn&gt;2016-12-18T01:52:13&lt;/ModifiedOn&gt;&lt;tagName&gt;Data_00&lt;/tagName&gt;&lt;tagTypeID&gt;8&lt;/tagTypeID&gt;&lt;tagGroupID&gt;1&lt;/tagGroupID&gt;&lt;tagFunctionID&gt;4&lt;/tagFunctionID&gt;&lt;COM_typeName&gt;TSend&lt;/COM_typeName&gt;&lt;FNC_typeName&gt;DefDataTable&lt;/FNC_typeName&gt;&lt;OPC_typeName&gt;FLOAT&lt;/OPC_typeName&gt;&lt;unitID&gt;36&lt;/unitID&gt;&lt;lineID&gt;35&lt;/lineID&gt;&lt;nameDefined&gt;Hi\Lo&lt;/nameDefined&gt;&lt;uomDefinedID&gt;24&lt;/uomDefinedID&gt;&lt;UOMName&gt;MM&lt;/UOMName&gt;&lt;UOMDescription&gt;MILIMETERS&lt;/UOMDescription&gt;&lt;serialNumber&gt;FTW3M16000aqk&lt;/serialNumber&gt;&lt;avrg&gt;0.002575&lt;/avrg&gt;&lt;/Row&gt;&lt;Row&gt;&lt;notifRecordID&gt;114285&lt;/notifRecordID&gt;&lt;notifTagID&gt;123&lt;/notifTagID&gt;&lt;notifTagValue&gt;-0.002&lt;/notifTagValue&gt;&lt;recordID&gt;114285&lt;/recordID&gt;&lt;notifName&gt;TransCtr&lt;/notifName&gt;&lt;notifDescription&gt;P558_JENOPTIK&lt;/notifDescription&gt;&lt;CreatedBy&gt;SYSTEM&lt;/CreatedBy&gt;&lt;CreatedOn&gt;2016-12-18T01:56:52&lt;/CreatedOn&gt;&lt;ModifiedBy&gt;System&lt;/ModifiedBy&gt;&lt;ModifiedOn&gt;2016-12-18T01:56:54&lt;/ModifiedOn&gt;&lt;tagName&gt;Data_00&lt;/tagName&gt;&lt;tagTypeID&gt;8&lt;/tagTypeID&gt;&lt;tagGroupID&gt;1&lt;/tagGroupID&gt;&lt;tagFunctionID&gt;4&lt;/tagFunctionID&gt;&lt;COM_typeName&gt;TSend&lt;/COM_typeName&gt;&lt;FNC_typeName&gt;DefDataTable&lt;/FNC_typeName&gt;&lt;OPC_typeName&gt;FLOAT&lt;/OPC_typeName&gt;&lt;unitID&gt;36&lt;/unitID&gt;&lt;lineID&gt;35&lt;/lineID&gt;&lt;nameDefined&gt;Hi\Lo&lt;/nameDefined&gt;&lt;uomDefinedID&gt;24&lt;/uomDefinedID&gt;&lt;UOMName&gt;MM&lt;/UOMName&gt;&lt;UOMDescription&gt;MILIMETERS&lt;/UOMDescription&gt;&lt;serialNumber&gt;FTW2M160006xv&lt;/serialNumber&gt;&lt;avrg&gt;0.002575&lt;/avrg&gt;&lt;/Row&gt;&lt;Row&gt;&lt;notifRecordID&gt;114287&lt;/notifRecordID&gt;&lt;notifTagID&gt;123&lt;/notifTagID&gt;&lt;notifTagValue&gt;0.006&lt;/notifTagValue&gt;&lt;recordID&gt;114287&lt;/recordID&gt;&lt;notifName&gt;TransCtr&lt;/notifName&gt;&lt;notifDescription&gt;P558_JENOPTIK&lt;/notifDescription&gt;&lt;CreatedBy&gt;SYSTEM&lt;/CreatedBy&gt;&lt;CreatedOn&gt;2016-12-18T01:58:49&lt;/CreatedOn&gt;&lt;ModifiedBy&gt;System&lt;/ModifiedBy&gt;&lt;ModifiedOn&gt;2016-12-18T01:58:50&lt;/ModifiedOn&gt;&lt;tagName&gt;Data_00&lt;/tagName&gt;&lt;tagTypeID&gt;8&lt;/tagTypeID&gt;&lt;tagGroupID&gt;1&lt;/tagGroupID&gt;&lt;tagFunctionID&gt;4&lt;/tagFunctionID&gt;&lt;COM_typeName&gt;TSend&lt;/COM_typeName&gt;&lt;FNC_typeName&gt;DefDataTable&lt;/FNC_typeName&gt;&lt;OPC_typeName&gt;FLOAT&lt;/OPC_typeName&gt;&lt;unitID&gt;36&lt;/unitID&gt;&lt;lineID&gt;35&lt;/lineID&gt;&lt;nameDefined&gt;Hi\Lo&lt;/nameDefined&gt;&lt;uomDefinedID&gt;24&lt;/uomDefinedID&gt;&lt;UOMName&gt;MM&lt;/UOMName&gt;&lt;UOMDescription&gt;MILIMETERS&lt;/UOMDescription&gt;&lt;serialNumber&gt;FTW3M16000aql&lt;/serialNumber&gt;&lt;avrg&gt;0.002575&lt;/avrg&gt;&lt;/Row&gt;&lt;Row&gt;&lt;notifRecordID&gt;114300&lt;/notifRecordID&gt;&lt;notifTagID&gt;123&lt;/notifTagID&gt;&lt;notifTagValue&gt;0.003&lt;/notifTagValue&gt;&lt;recordID&gt;114300&lt;/recordID&gt;&lt;notifName&gt;TransCtr&lt;/notifName&gt;&lt;notifDescription&gt;P558_JENOPTIK&lt;/notifDescription&gt;&lt;CreatedBy&gt;SYSTEM&lt;/CreatedBy&gt;&lt;CreatedOn&gt;2016-12-18T02:20:06&lt;/CreatedOn&gt;&lt;ModifiedBy&gt;System&lt;/ModifiedBy&gt;&lt;ModifiedOn&gt;2016-12-18T02:20:07&lt;/ModifiedOn&gt;&lt;tagName&gt;Data_00&lt;/tagName&gt;&lt;tagTypeID&gt;8&lt;/tagTypeID&gt;&lt;tagGroupID&gt;1&lt;/tagGroupID&gt;&lt;tagFunctionID&gt;4&lt;/tagFunctionID&gt;&lt;COM_typeName&gt;TSend&lt;/COM_typeName&gt;&lt;FNC_typeName&gt;DefDataTable&lt;/FNC_typeName&gt;&lt;OPC_typeName&gt;FLOAT&lt;/OPC_typeName&gt;&lt;unitID&gt;36&lt;/unitID&gt;&lt;lineID&gt;35&lt;/lineID&gt;&lt;nameDefined&gt;Hi\Lo&lt;/nameDefined&gt;&lt;uomDefinedID&gt;24&lt;/uomDefinedID&gt;&lt;UOMName&gt;MM&lt;/UOMName&gt;&lt;UOMDescription&gt;MILIMETERS&lt;/UOMDescription&gt;&lt;serialNumber&gt;FTW2M160006xw&lt;/serialNumber&gt;&lt;avrg&gt;0.002575&lt;/avrg&gt;&lt;/Row&gt;&lt;Row&gt;&lt;notifRecordID&gt;114302&lt;/notifRecordID&gt;&lt;notifTagID&gt;123&lt;/notifTagID&gt;&lt;notifTagValue&gt;-0.006&lt;/notifTagValue&gt;&lt;recordID&gt;114302&lt;/recordID&gt;&lt;notifName&gt;TransCtr&lt;/notifName&gt;&lt;notifDescription&gt;P558_JENOPTIK&lt;/notifDescription&gt;&lt;CreatedBy&gt;SYSTEM&lt;/CreatedBy&gt;&lt;CreatedOn&gt;2016-12-18T02:21:39&lt;/CreatedOn&gt;&lt;ModifiedBy&gt;System&lt;/ModifiedBy&gt;&lt;ModifiedOn&gt;2016-12-18T02:21:41&lt;/ModifiedOn&gt;&lt;tagName&gt;Data_00&lt;/tagName&gt;&lt;tagTypeID&gt;8&lt;/tagTypeID&gt;&lt;tagGroupID&gt;1&lt;/tagGroupID&gt;&lt;tagFunctionID&gt;4&lt;/tagFunctionID&gt;&lt;COM_typeName&gt;TSend&lt;/COM_typeName&gt;&lt;FNC_typeName&gt;DefDataTable&lt;/FNC_typeName&gt;&lt;OPC_typeName&gt;FLOAT&lt;/OPC_typeName&gt;&lt;unitID&gt;36&lt;/unitID&gt;&lt;lineID&gt;35&lt;/lineID&gt;&lt;nameDefined&gt;Hi\Lo&lt;/nameDefined&gt;&lt;uomDefinedID&gt;24&lt;/uomDefinedID&gt;&lt;UOMName&gt;MM&lt;/UOMName&gt;&lt;UOMDescription&gt;MILIMETERS&lt;/UOMDescription&gt;&lt;serialNumber&gt;FTW2M160006xx&lt;/serialNumber&gt;&lt;avrg&gt;0.002575&lt;/avrg&gt;&lt;/Row&gt;&lt;Row&gt;&lt;notifRecordID&gt;114309&lt;/notifRecordID&gt;&lt;notifTagID&gt;123&lt;/notifTagID&gt;&lt;notifTagValue&gt;0.001&lt;/notifTagValue&gt;&lt;recordID&gt;114309&lt;/recordID&gt;&lt;notifName&gt;TransCtr&lt;/notifName&gt;&lt;notifDescription&gt;P558_JENOPTIK&lt;/notifDescription&gt;&lt;CreatedBy&gt;SYSTEM&lt;/CreatedBy&gt;&lt;CreatedOn&gt;2016-12-18T02:35:36&lt;/CreatedOn&gt;&lt;ModifiedBy&gt;System&lt;/ModifiedBy&gt;&lt;ModifiedOn&gt;2016-12-18T02:35:38&lt;/ModifiedOn&gt;&lt;tagName&gt;Data_00&lt;/tagName&gt;&lt;tagTypeID&gt;8&lt;/tagTypeID&gt;&lt;tagGroupID&gt;1&lt;/tagGroupID&gt;&lt;tagFunctionID&gt;4&lt;/tagFunctionID&gt;&lt;COM_typeName&gt;TSend&lt;/COM_typeName&gt;&lt;FNC_typeName&gt;DefDataTable&lt;/FNC_typeName&gt;&lt;OPC_typeName&gt;FLOAT&lt;/OPC_typeName&gt;&lt;unitID&gt;36&lt;/unitID&gt;&lt;lineID&gt;35&lt;/lineID&gt;&lt;nameDefined&gt;Hi\Lo&lt;/nameDefined&gt;&lt;uomDefinedID&gt;24&lt;/uomDefinedID&gt;&lt;UOMName&gt;MM&lt;/UOMName&gt;&lt;UOMDescription&gt;MILIMETERS&lt;/UOMDescription&gt;&lt;serialNumber&gt;FTW3M16000aqm&lt;/serialNumber&gt;&lt;avrg&gt;0.002575&lt;/avrg&gt;&lt;/Row&gt;&lt;Row&gt;&lt;notifRecordID&gt;114313&lt;/notifRecordID&gt;&lt;notifTagID&gt;123&lt;/notifTagID&gt;&lt;notifTagValue&gt;0.002&lt;/notifTagValue&gt;&lt;recordID&gt;114313&lt;/recordID&gt;&lt;notifName&gt;TransCtr&lt;/notifName&gt;&lt;notifDescription&gt;P558_JENOPTIK&lt;/notifDescription&gt;&lt;CreatedBy&gt;SYSTEM&lt;/CreatedBy&gt;&lt;CreatedOn&gt;2016-12-18T02:37:01&lt;/CreatedOn&gt;&lt;ModifiedBy&gt;System&lt;/ModifiedBy&gt;&lt;ModifiedOn&gt;2016-12-18T02:37:03&lt;/ModifiedOn&gt;&lt;tagName&gt;Data_00&lt;/tagName&gt;&lt;tagTypeID&gt;8&lt;/tagTypeID&gt;&lt;tagGroupID&gt;1&lt;/tagGroupID&gt;&lt;tagFunctionID&gt;4&lt;/tagFunctionID&gt;&lt;COM_typeName&gt;TSend&lt;/COM_typeName&gt;&lt;FNC_typeName&gt;DefDataTable&lt;/FNC_typeName&gt;&lt;OPC_typeName&gt;FLOAT&lt;/OPC_typeName&gt;&lt;unitID&gt;36&lt;/unitID&gt;&lt;lineID&gt;35&lt;/lineID&gt;&lt;nameDefined&gt;Hi\Lo&lt;/nameDefined&gt;&lt;uomDefinedID&gt;24&lt;/uomDefinedID&gt;&lt;UOMName&gt;MM&lt;/UOMName&gt;&lt;UOMDescription&gt;MILIMETERS&lt;/UOMDescription&gt;&lt;serialNumber&gt;FTW3M16000aqn&lt;/serialNumber&gt;&lt;avrg&gt;0.002575&lt;/avrg&gt;&lt;/Row&gt;&lt;Row&gt;&lt;notifRecordID&gt;114315&lt;/notifRecordID&gt;&lt;notifTagID&gt;123&lt;/notifTagID&gt;&lt;notifTagValue&gt;0.005&lt;/notifTagValue&gt;&lt;recordID&gt;114315&lt;/recordID&gt;&lt;notifName&gt;TransCtr&lt;/notifName&gt;&lt;notifDescription&gt;P558_JENOPTIK&lt;/notifDescription&gt;&lt;CreatedBy&gt;SYSTEM&lt;/CreatedBy&gt;&lt;CreatedOn&gt;2016-12-18T02:38:25&lt;/CreatedOn&gt;&lt;ModifiedBy&gt;System&lt;/ModifiedBy&gt;&lt;ModifiedOn&gt;2016-12-18T02:38:27&lt;/ModifiedOn&gt;&lt;tagName&gt;Data_00&lt;/tagName&gt;&lt;tagTypeID&gt;8&lt;/tagTypeID&gt;&lt;tagGroupID&gt;1&lt;/tagGroupID&gt;&lt;tagFunctionID&gt;4&lt;/tagFunctionID&gt;&lt;COM_typeName&gt;TSend&lt;/COM_typeName&gt;&lt;FNC_typeName&gt;DefDataTable&lt;/FNC_typeName&gt;&lt;OPC_typeName&gt;FLOAT&lt;/OPC_typeName&gt;&lt;unitID&gt;36&lt;/unitID&gt;&lt;lineID&gt;35&lt;/lineID&gt;&lt;nameDefined&gt;Hi\Lo&lt;/nameDefined&gt;&lt;uomDefinedID&gt;24&lt;/uomDefinedID&gt;&lt;UOMName&gt;MM&lt;/UOMName&gt;&lt;UOMDescription&gt;MILIMETERS&lt;/UOMDescription&gt;&lt;serialNumber&gt;FTW2M160006xy&lt;/serialNumber&gt;&lt;avrg&gt;0.002575&lt;/avrg&gt;&lt;/Row&gt;&lt;Row&gt;&lt;notifRecordID&gt;114320&lt;/notifRecordID&gt;&lt;notifTagID&gt;123&lt;/notifTagID&gt;&lt;notifTagValue&gt;-0.003&lt;/notifTagValue&gt;&lt;recordID&gt;114320&lt;/recordID&gt;&lt;notifName&gt;TransCtr&lt;/notifName&gt;&lt;notifDescription&gt;P558_JENOPTIK&lt;/notifDescription&gt;&lt;CreatedBy&gt;SYSTEM&lt;/CreatedBy&gt;&lt;CreatedOn&gt;2016-12-18T02:45:02&lt;/CreatedOn&gt;&lt;ModifiedBy&gt;System&lt;/ModifiedBy&gt;&lt;ModifiedOn&gt;2016-12-18T02:45:04&lt;/ModifiedOn&gt;&lt;tagName&gt;Data_00&lt;/tagName&gt;&lt;tagTypeID&gt;8&lt;/tagTypeID&gt;&lt;tagGroupID&gt;1&lt;/tagGroupID&gt;&lt;tagFunctionID&gt;4&lt;/tagFunctionID&gt;&lt;COM_typeName&gt;TSend&lt;/COM_typeName&gt;&lt;FNC_typeName&gt;DefDataTable&lt;/FNC_typeName&gt;&lt;OPC_typeName&gt;FLOAT&lt;/OPC_typeName&gt;&lt;unitID&gt;36&lt;/unitID&gt;&lt;lineID&gt;35&lt;/lineID&gt;&lt;nameDefined&gt;Hi\Lo&lt;/nameDefined&gt;&lt;uomDefinedID&gt;24&lt;/uomDefinedID&gt;&lt;UOMName&gt;MM&lt;/UOMName&gt;&lt;UOMDescription&gt;MILIMETERS&lt;/UOMDescription&gt;&lt;serialNumber&gt;FTW3M16000aqo&lt;/serialNumber&gt;&lt;avrg&gt;0.002575&lt;/avrg&gt;&lt;/Row&gt;&lt;Row&gt;&lt;notifRecordID&gt;114323&lt;/notifRecordID&gt;&lt;notifTagID&gt;123&lt;/notifTagID&gt;&lt;notifTagValue&gt;-0.003&lt;/notifTagValue&gt;&lt;recordID&gt;114323&lt;/recordID&gt;&lt;notifName&gt;TransCtr&lt;/notifName&gt;&lt;notifDescription&gt;P558_JENOPTIK&lt;/notifDescription&gt;&lt;CreatedBy&gt;SYSTEM&lt;/CreatedBy&gt;&lt;CreatedOn&gt;2016-12-18T02:49:25&lt;/CreatedOn&gt;&lt;ModifiedBy&gt;System&lt;/ModifiedBy&gt;&lt;ModifiedOn&gt;2016-12-18T02:49:27&lt;/ModifiedOn&gt;&lt;tagName&gt;Data_00&lt;/tagName&gt;&lt;tagTypeID&gt;8&lt;/tagTypeID&gt;&lt;tagGroupID&gt;1&lt;/tagGroupID&gt;&lt;tagFunctionID&gt;4&lt;/tagFunctionID&gt;&lt;COM_typeName&gt;TSend&lt;/COM_typeName&gt;&lt;FNC_typeName&gt;DefDataTable&lt;/FNC_typeName&gt;&lt;OPC_typeName&gt;FLOAT&lt;/OPC_typeName&gt;&lt;unitID&gt;36&lt;/unitID&gt;&lt;lineID&gt;35&lt;/lineID&gt;&lt;nameDefined&gt;Hi\Lo&lt;/nameDefined&gt;&lt;uomDefinedID&gt;24&lt;/uomDefinedID&gt;&lt;UOMName&gt;MM&lt;/UOMName&gt;&lt;UOMDescription&gt;MILIMETERS&lt;/UOMDescription&gt;&lt;serialNumber&gt;FTW2M160006xz&lt;/serialNumber&gt;&lt;avrg&gt;0.002575&lt;/avrg&gt;&lt;/Row&gt;&lt;Row&gt;&lt;notifRecordID&gt;114329&lt;/notifRecordID&gt;&lt;notifTagID&gt;123&lt;/notifTagID&gt;&lt;notifTagValue&gt;0.003&lt;/notifTagValue&gt;&lt;recordID&gt;114329&lt;/recordID&gt;&lt;notifName&gt;TransCtr&lt;/notifName&gt;&lt;notifDescription&gt;P558_JENOPTIK&lt;/notifDescription&gt;&lt;CreatedBy&gt;SYSTEM&lt;/CreatedBy&gt;&lt;CreatedOn&gt;2016-12-18T02:57:17&lt;/CreatedOn&gt;&lt;ModifiedBy&gt;System&lt;/ModifiedBy&gt;&lt;ModifiedOn&gt;2016-12-18T02:57:19&lt;/ModifiedOn&gt;&lt;tagName&gt;Data_00&lt;/tagName&gt;&lt;tagTypeID&gt;8&lt;/tagTypeID&gt;&lt;tagGroupID&gt;1&lt;/tagGroupID&gt;&lt;tagFunctionID&gt;4&lt;/tagFunctionID&gt;&lt;COM_typeName&gt;TSend&lt;/COM_typeName&gt;&lt;FNC_typeName&gt;DefDataTable&lt;/FNC_typeName&gt;&lt;OPC_typeName&gt;FLOAT&lt;/OPC_typeName&gt;&lt;unitID&gt;36&lt;/unitID&gt;&lt;lineID&gt;35&lt;/lineID&gt;&lt;nameDefined&gt;Hi\Lo&lt;/nameDefined&gt;&lt;uomDefinedID&gt;24&lt;/uomDefinedID&gt;&lt;UOMName&gt;MM&lt;/UOMName&gt;&lt;UOMDescription&gt;MILIMETERS&lt;/UOMDescription&gt;&lt;serialNumber&gt;FTW3M16000aqp&lt;/serialNumber&gt;&lt;avrg&gt;0.002575&lt;/avrg&gt;&lt;/Row&gt;&lt;Row&gt;&lt;notifRecordID&gt;114332&lt;/notifRecordID&gt;&lt;notifTagID&gt;123&lt;/notifTagID&gt;&lt;notifTagValue&gt;0.001&lt;/notifTagValue&gt;&lt;recordID&gt;114332&lt;/recordID&gt;&lt;notifName&gt;TransCtr&lt;/notifName&gt;&lt;notifDescription&gt;P558_JENOPTIK&lt;/notifDescription&gt;&lt;CreatedBy&gt;SYSTEM&lt;/CreatedBy&gt;&lt;CreatedOn&gt;2016-12-18T03:00:00&lt;/CreatedOn&gt;&lt;ModifiedBy&gt;System&lt;/ModifiedBy&gt;&lt;ModifiedOn&gt;2016-12-18T03:00:02&lt;/ModifiedOn&gt;&lt;tagName&gt;Data_00&lt;/tagName&gt;&lt;tagTypeID&gt;8&lt;/tagTypeID&gt;&lt;tagGroupID&gt;1&lt;/tagGroupID&gt;&lt;tagFunctionID&gt;4&lt;/tagFunctionID&gt;&lt;COM_typeName&gt;TSend&lt;/COM_typeName&gt;&lt;FNC_typeName&gt;DefDataTable&lt;/FNC_typeName&gt;&lt;OPC_typeName&gt;FLOAT&lt;/OPC_typeName&gt;&lt;unitID&gt;36&lt;/unitID&gt;&lt;lineID&gt;35&lt;/lineID&gt;&lt;nameDefined&gt;Hi\Lo&lt;/nameDefined&gt;&lt;uomDefinedID&gt;24&lt;/uomDefinedID&gt;&lt;UOMName&gt;MM&lt;/UOMName&gt;&lt;UOMDescription&gt;MILIMETERS&lt;/UOMDescription&gt;&lt;serialNumber&gt;FTW2M160006y0&lt;/serialNumber&gt;&lt;avrg&gt;0.002575&lt;/avrg&gt;&lt;/Row&gt;&lt;Row&gt;&lt;notifRecordID&gt;114337&lt;/notifRecordID&gt;&lt;notifTagID&gt;123&lt;/notifTagID&gt;&lt;notifTagValue&gt;0.003&lt;/notifTagValue&gt;&lt;recordID&gt;114337&lt;/recordID&gt;&lt;notifName&gt;TransCtr&lt;/notifName&gt;&lt;notifDescription&gt;P558_JENOPTIK&lt;/notifDescription&gt;&lt;CreatedBy&gt;SYSTEM&lt;/CreatedBy&gt;&lt;CreatedOn&gt;2016-12-18T03:01:45&lt;/CreatedOn&gt;&lt;ModifiedBy&gt;System&lt;/ModifiedBy&gt;&lt;ModifiedOn&gt;2016-12-18T03:01:47&lt;/ModifiedOn&gt;&lt;tagName&gt;Data_00&lt;/tagName&gt;&lt;tagTypeID&gt;8&lt;/tagTypeID&gt;&lt;tagGroupID&gt;1&lt;/tagGroupID&gt;&lt;tagFunctionID&gt;4&lt;/tagFunctionID&gt;&lt;COM_typeName&gt;TSend&lt;/COM_typeName&gt;&lt;FNC_typeName&gt;DefDataTable&lt;/FNC_typeName&gt;&lt;OPC_typeName&gt;FLOAT&lt;/OPC_typeName&gt;&lt;unitID&gt;36&lt;/unitID&gt;&lt;lineID&gt;35&lt;/lineID&gt;&lt;nameDefined&gt;Hi\Lo&lt;/nameDefined&gt;&lt;uomDefinedID&gt;24&lt;/uomDefinedID&gt;&lt;UOMName&gt;MM&lt;/UOMName&gt;&lt;UOMDescription&gt;MILIMETERS&lt;/UOMDescription&gt;&lt;serialNumber&gt;FTW3M16000aqq&lt;/serialNumber&gt;&lt;avrg&gt;0.002575&lt;/avrg&gt;&lt;/Row&gt;&lt;Row&gt;&lt;notifRecordID&gt;114343&lt;/notifRecordID&gt;&lt;notifTagID&gt;123&lt;/notifTagID&gt;&lt;notifTagValue&gt;0.001&lt;/notifTagValue&gt;&lt;recordID&gt;114343&lt;/recordID&gt;&lt;notifName&gt;TransCtr&lt;/notifName&gt;&lt;notifDescription&gt;P558_JENOPTIK&lt;/notifDescription&gt;&lt;CreatedBy&gt;SYSTEM&lt;/CreatedBy&gt;&lt;CreatedOn&gt;2016-12-18T03:08:52&lt;/CreatedOn&gt;&lt;ModifiedBy&gt;System&lt;/ModifiedBy&gt;&lt;ModifiedOn&gt;2016-12-18T03:08:54&lt;/ModifiedOn&gt;&lt;tagName&gt;Data_00&lt;/tagName&gt;&lt;tagTypeID&gt;8&lt;/tagTypeID&gt;&lt;tagGroupID&gt;1&lt;/tagGroupID&gt;&lt;tagFunctionID&gt;4&lt;/tagFunctionID&gt;&lt;COM_typeName&gt;TSend&lt;/COM_typeName&gt;&lt;FNC_typeName&gt;DefDataTable&lt;/FNC_typeName&gt;&lt;OPC_typeName&gt;FLOAT&lt;/OPC_typeName&gt;&lt;unitID&gt;36&lt;/unitID&gt;&lt;lineID&gt;35&lt;/lineID&gt;&lt;nameDefined&gt;Hi\Lo&lt;/nameDefined&gt;&lt;uomDefinedID&gt;24&lt;/uomDefinedID&gt;&lt;UOMName&gt;MM&lt;/UOMName&gt;&lt;UOMDescription&gt;MILIMETERS&lt;/UOMDescription&gt;&lt;serialNumber&gt;FTW3M16000aqs&lt;/serialNumber&gt;&lt;avrg&gt;0.002575&lt;/avrg&gt;&lt;/Row&gt;&lt;Row&gt;&lt;notifRecordID&gt;114346&lt;/notifRecordID&gt;&lt;notifTagID&gt;123&lt;/notifTagID&gt;&lt;notifTagValue&gt;0.007&lt;/notifTagValue&gt;&lt;recordID&gt;114346&lt;/recordID&gt;&lt;notifName&gt;TransCtr&lt;/notifName&gt;&lt;notifDescription&gt;P558_JENOPTIK&lt;/notifDescription&gt;&lt;CreatedBy&gt;SYSTEM&lt;/CreatedBy&gt;&lt;CreatedOn&gt;2016-12-18T03:10:41&lt;/CreatedOn&gt;&lt;ModifiedBy&gt;System&lt;/ModifiedBy&gt;&lt;ModifiedOn&gt;2016-12-18T03:10:43&lt;/ModifiedOn&gt;&lt;tagName&gt;Data_00&lt;/tagName&gt;&lt;tagTypeID&gt;8&lt;/tagTypeID&gt;&lt;tagGroupID&gt;1&lt;/tagGroupID&gt;&lt;tagFunctionID&gt;4&lt;/tagFunctionID&gt;&lt;COM_typeName&gt;TSend&lt;/COM_typeName&gt;&lt;FNC_typeName&gt;DefDataTable&lt;/FNC_typeName&gt;&lt;OPC_typeName&gt;FLOAT&lt;/OPC_typeName&gt;&lt;unitID&gt;36&lt;/unitID&gt;&lt;lineID&gt;35&lt;/lineID&gt;&lt;nameDefined&gt;Hi\Lo&lt;/nameDefined&gt;&lt;uomDefinedID&gt;24&lt;/uomDefinedID&gt;&lt;UOMName&gt;MM&lt;/UOMName&gt;&lt;UOMDescription&gt;MILIMETERS&lt;/UOMDescription&gt;&lt;serialNumber&gt;FTW3M16000aqr&lt;/serialNumber&gt;&lt;avrg&gt;0.002575&lt;/avrg&gt;&lt;/Row&gt;&lt;Row&gt;&lt;notifRecordID&gt;114348&lt;/notifRecordID&gt;&lt;notifTagID&gt;123&lt;/notifTagID&gt;&lt;notifTagValue&gt;-0.001&lt;/notifTagValue&gt;&lt;recordID&gt;114348&lt;/recordID&gt;&lt;notifName&gt;TransCtr&lt;/notifName&gt;&lt;notifDescription&gt;P558_JENOPTIK&lt;/notifDescription&gt;&lt;CreatedBy&gt;SYSTEM&lt;/CreatedBy&gt;&lt;CreatedOn&gt;2016-12-18T03:13:02&lt;/CreatedOn&gt;&lt;ModifiedBy&gt;System&lt;/ModifiedBy&gt;&lt;ModifiedOn&gt;2016-12-18T03:13:04&lt;/ModifiedOn&gt;&lt;tagName&gt;Data_00&lt;/tagName&gt;&lt;tagTypeID&gt;8&lt;/tagTypeID&gt;&lt;tagGroupID&gt;1&lt;/tagGroupID&gt;&lt;tagFunctionID&gt;4&lt;/tagFunctionID&gt;&lt;COM_typeName&gt;TSend&lt;/COM_typeName&gt;&lt;FNC_typeName&gt;DefDataTable&lt;/FNC_typeName&gt;&lt;OPC_typeName&gt;FLOAT&lt;/OPC_typeName&gt;&lt;unitID&gt;36&lt;/unitID&gt;&lt;lineID&gt;35&lt;/lineID&gt;&lt;nameDefined&gt;Hi\Lo&lt;/nameDefined&gt;&lt;uomDefinedID&gt;24&lt;/uomDefinedID&gt;&lt;UOMName&gt;MM&lt;/UOMName&gt;&lt;UOMDescription&gt;MILIMETERS&lt;/UOMDescription&gt;&lt;serialNumber&gt;FTW2M160006y1&lt;/serialNumber&gt;&lt;avrg&gt;0.002575&lt;/avrg&gt;&lt;/Row&gt;&lt;Row&gt;&lt;notifRecordID&gt;114351&lt;/notifRecordID&gt;&lt;notifTagID&gt;123&lt;/notifTagID&gt;&lt;notifTagValue&gt;0.001&lt;/notifTagValue&gt;&lt;recordID&gt;114351&lt;/recordID&gt;&lt;notifName&gt;TransCtr&lt;/notifName&gt;&lt;notifDescription&gt;P558_JENOPTIK&lt;/notifDescription&gt;&lt;CreatedBy&gt;SYSTEM&lt;/CreatedBy&gt;&lt;CreatedOn&gt;2016-12-18T03:16:28&lt;/CreatedOn&gt;&lt;ModifiedBy&gt;System&lt;/ModifiedBy&gt;&lt;ModifiedOn&gt;2016-12-18T03:16:30&lt;/ModifiedOn&gt;&lt;tagName&gt;Data_00&lt;/tagName&gt;&lt;tagTypeID&gt;8&lt;/tagTypeID&gt;&lt;tagGroupID&gt;1&lt;/tagGroupID&gt;&lt;tagFunctionID&gt;4&lt;/tagFunctionID&gt;&lt;COM_typeName&gt;TSend&lt;/COM_typeName&gt;&lt;FNC_typeName&gt;DefDataTable&lt;/FNC_typeName&gt;&lt;OPC_typeName&gt;FLOAT&lt;/OPC_typeName&gt;&lt;unitID&gt;36&lt;/unitID&gt;&lt;lineID&gt;35&lt;/lineID&gt;&lt;nameDefined&gt;Hi\Lo&lt;/nameDefined&gt;&lt;uomDefinedID&gt;24&lt;/uomDefinedID&gt;&lt;UOMName&gt;MM&lt;/UOMName&gt;&lt;UOMDescription&gt;MILIMETERS&lt;/UOMDescription&gt;&lt;serialNumber&gt;FTW3M16000aqe&lt;/serialNumber&gt;&lt;avrg&gt;0.002575&lt;/avrg&gt;&lt;/Row&gt;&lt;Row&gt;&lt;notifRecordID&gt;114380&lt;/notifRecordID&gt;&lt;notifTagID&gt;123&lt;/notifTagID&gt;&lt;notifTagValue&gt;0.007&lt;/notifTagValue&gt;&lt;recordID&gt;114380&lt;/recordID&gt;&lt;notifName&gt;TransCtr&lt;/notifName&gt;&lt;notifDescription&gt;P558_JENOPTIK&lt;/notifDescription&gt;&lt;CreatedBy&gt;SYSTEM&lt;/CreatedBy&gt;&lt;CreatedOn&gt;2016-12-18T04:12:33&lt;/CreatedOn&gt;&lt;ModifiedBy&gt;System&lt;/ModifiedBy&gt;&lt;ModifiedOn&gt;2016-12-18T04:12:35&lt;/ModifiedOn&gt;&lt;tagName&gt;Data_00&lt;/tagName&gt;&lt;tagTypeID&gt;8&lt;/tagTypeID&gt;&lt;tagGroupID&gt;1&lt;/tagGroupID&gt;&lt;tagFunctionID&gt;4&lt;/tagFunctionID&gt;&lt;COM_typeName&gt;TSend&lt;/COM_typeName&gt;&lt;FNC_typeName&gt;DefDataTable&lt;/FNC_typeName&gt;&lt;OPC_typeName&gt;FLOAT&lt;/OPC_typeName&gt;&lt;unitID&gt;36&lt;/unitID&gt;&lt;lineID&gt;35&lt;/lineID&gt;&lt;nameDefined&gt;Hi\Lo&lt;/nameDefined&gt;&lt;uomDefinedID&gt;24&lt;/uomDefinedID&gt;&lt;UOMName&gt;MM&lt;/UOMName&gt;&lt;UOMDescription&gt;MILIMETERS&lt;/UOMDescription&gt;&lt;serialNumber&gt;FTW3M16000aqt&lt;/serialNumber&gt;&lt;avrg&gt;0.002575&lt;/avrg&gt;&lt;/Row&gt;&lt;Row&gt;&lt;notifRecordID&gt;114383&lt;/notifRecordID&gt;&lt;notifTagID&gt;123&lt;/notifTagID&gt;&lt;notifTagValue&gt;0.004&lt;/notifTagValue&gt;&lt;recordID&gt;114383&lt;/recordID&gt;&lt;notifName&gt;TransCtr&lt;/notifName&gt;&lt;notifDescription&gt;P558_JENOPTIK&lt;/notifDescription&gt;&lt;CreatedBy&gt;SYSTEM&lt;/CreatedBy&gt;&lt;CreatedOn&gt;2016-12-18T04:13:49&lt;/CreatedOn&gt;&lt;ModifiedBy&gt;System&lt;/ModifiedBy&gt;&lt;ModifiedOn&gt;2016-12-18T04:13:51&lt;/ModifiedOn&gt;&lt;tagName&gt;Data_00&lt;/tagName&gt;&lt;tagTypeID&gt;8&lt;/tagTypeID&gt;&lt;tagGroupID&gt;1&lt;/tagGroupID&gt;&lt;tagFunctionID&gt;4&lt;/tagFunctionID&gt;&lt;COM_typeName&gt;TSend&lt;/COM_typeName&gt;&lt;FNC_typeName&gt;DefDataTable&lt;/FNC_typeName&gt;&lt;OPC_typeName&gt;FLOAT&lt;/OPC_typeName&gt;&lt;unitID&gt;36&lt;/unitID&gt;&lt;lineID&gt;35&lt;/lineID&gt;&lt;nameDefined&gt;Hi\Lo&lt;/nameDefined&gt;&lt;uomDefinedID&gt;24&lt;/uomDefinedID&gt;&lt;UOMName&gt;MM&lt;/UOMName&gt;&lt;UOMDescription&gt;MILIMETERS&lt;/UOMDescription&gt;&lt;serialNumber&gt;FTW2M160006y3&lt;/serialNumber&gt;&lt;avrg&gt;0.002575&lt;/avrg&gt;&lt;/Row&gt;&lt;Row&gt;&lt;notifRecordID&gt;114385&lt;/notifRecordID&gt;&lt;notifTagID&gt;123&lt;/notifTagID&gt;&lt;notifTagValue&gt;0.003&lt;/notifTagValue&gt;&lt;recordID&gt;114385&lt;/recordID&gt;&lt;notifName&gt;TransCtr&lt;/notifName&gt;&lt;notifDescription&gt;P558_JENOPTIK&lt;/notifDescription&gt;&lt;CreatedBy&gt;SYSTEM&lt;/CreatedBy&gt;&lt;CreatedOn&gt;2016-12-18T04:15:21&lt;/CreatedOn&gt;&lt;ModifiedBy&gt;System&lt;/ModifiedBy&gt;&lt;ModifiedOn&gt;2016-12-18T04:15:23&lt;/ModifiedOn&gt;&lt;tagName&gt;Data_00&lt;/tagName&gt;&lt;tagTypeID&gt;8&lt;/tagTypeID&gt;&lt;tagGroupID&gt;1&lt;/tagGroupID&gt;&lt;tagFunctionID&gt;4&lt;/tagFunctionID&gt;&lt;COM_typeName&gt;TSend&lt;/COM_typeName&gt;&lt;FNC_typeName&gt;DefDataTable&lt;/FNC_typeName&gt;&lt;OPC_typeName&gt;FLOAT&lt;/OPC_typeName&gt;&lt;unitID&gt;36&lt;/unitID&gt;&lt;lineID&gt;35&lt;/lineID&gt;&lt;nameDefined&gt;Hi\Lo&lt;/nameDefined&gt;&lt;uomDefinedID&gt;24&lt;/uomDefinedID&gt;&lt;UOMName&gt;MM&lt;/UOMName&gt;&lt;UOMDescription&gt;MILIMETERS&lt;/UOMDescription&gt;&lt;serialNumber&gt;FTW3M16000aqu&lt;/serialNumber&gt;&lt;avrg&gt;0.002575&lt;/avrg&gt;&lt;/Row&gt;&lt;Row&gt;&lt;notifRecordID&gt;114389&lt;/notifRecordID&gt;&lt;notifTagID&gt;123&lt;/notifTagID&gt;&lt;notifTagValue&gt;0.006&lt;/notifTagValue&gt;&lt;recordID&gt;114389&lt;/recordID&gt;&lt;notifName&gt;TransCtr&lt;/notifName&gt;&lt;notifDescription&gt;P558_JENOPTIK&lt;/notifDescription&gt;&lt;CreatedBy&gt;SYSTEM&lt;/CreatedBy&gt;&lt;CreatedOn&gt;2016-12-18T04:16:47&lt;/CreatedOn&gt;&lt;ModifiedBy&gt;System&lt;/ModifiedBy&gt;&lt;ModifiedOn&gt;2016-12-18T04:16:49&lt;/ModifiedOn&gt;&lt;tagName&gt;Data_00&lt;/tagName&gt;&lt;tagTypeID&gt;8&lt;/tagTypeID&gt;&lt;tagGroupID&gt;1&lt;/tagGroupID&gt;&lt;tagFunctionID&gt;4&lt;/tagFunctionID&gt;&lt;COM_typeName&gt;TSend&lt;/COM_typeName&gt;&lt;FNC_typeName&gt;DefDataTable&lt;/FNC_typeName&gt;&lt;OPC_typeName&gt;FLOAT&lt;/OPC_typeName&gt;&lt;unitID&gt;36&lt;/unitID&gt;&lt;lineID&gt;35&lt;/lineID&gt;&lt;nameDefined&gt;Hi\Lo&lt;/nameDefined&gt;&lt;uomDefinedID&gt;24&lt;/uomDefinedID&gt;&lt;UOMName&gt;MM&lt;/UOMName&gt;&lt;UOMDescription&gt;MILIMETERS&lt;/UOMDescription&gt;&lt;serialNumber&gt;FTW3M16000aqv&lt;/serialNumber&gt;&lt;avrg&gt;0.002575&lt;/avrg&gt;&lt;/Row&gt;&lt;Row&gt;&lt;notifRecordID&gt;114398&lt;/notifRecordID&gt;&lt;notifTagID&gt;123&lt;/notifTagID&gt;&lt;notifTagValue&gt;0.003&lt;/notifTagValue&gt;&lt;recordID&gt;114398&lt;/recordID&gt;&lt;notifName&gt;TransCtr&lt;/notifName&gt;&lt;notifDescription&gt;P558_JENOPTIK&lt;/notifDescription&gt;&lt;CreatedBy&gt;SYSTEM&lt;/CreatedBy&gt;&lt;CreatedOn&gt;2016-12-18T04:28:22&lt;/CreatedOn&gt;&lt;ModifiedBy&gt;System&lt;/ModifiedBy&gt;&lt;ModifiedOn&gt;2016-12-18T04:28:24&lt;/ModifiedOn&gt;&lt;tagName&gt;Data_00&lt;/tagName&gt;&lt;tagTypeID&gt;8&lt;/tagTypeID&gt;&lt;tagGroupID&gt;1&lt;/tagGroupID&gt;&lt;tagFunctionID&gt;4&lt;/tagFunctionID&gt;&lt;COM_typeName&gt;TSend&lt;/COM_typeName&gt;&lt;FNC_typeName&gt;DefDataTable&lt;/FNC_typeName&gt;&lt;OPC_typeName&gt;FLOAT&lt;/OPC_typeName&gt;&lt;unitID&gt;36&lt;/unitID&gt;&lt;lineID&gt;35&lt;/lineID&gt;&lt;nameDefined&gt;Hi\Lo&lt;/nameDefined&gt;&lt;uomDefinedID&gt;24&lt;/uomDefinedID&gt;&lt;UOMName&gt;MM&lt;/UOMName&gt;&lt;UOMDescription&gt;MILIMETERS&lt;/UOMDescription&gt;&lt;serialNumber&gt;FTW3M16000aqw&lt;/serialNumber&gt;&lt;avrg&gt;0.002575&lt;/avrg&gt;&lt;/Row&gt;&lt;Row&gt;&lt;notifRecordID&gt;114412&lt;/notifRecordID&gt;&lt;notifTagID&gt;123&lt;/notifTagID&gt;&lt;notifTagValue&gt;0.0&lt;/notifTagValue&gt;&lt;recordID&gt;114412&lt;/recordID&gt;&lt;notifName&gt;TransCtr&lt;/notifName&gt;&lt;notifDescription&gt;P558_JENOPTIK&lt;/notifDescription&gt;&lt;CreatedBy&gt;SYSTEM&lt;/CreatedBy&gt;&lt;CreatedOn&gt;2016-12-18T04:50:20&lt;/CreatedOn&gt;&lt;ModifiedBy&gt;System&lt;/ModifiedBy&gt;&lt;ModifiedOn&gt;2016-12-18T04:50:22&lt;/ModifiedOn&gt;&lt;tagName&gt;Data_00&lt;/tagName&gt;&lt;tagTypeID&gt;8&lt;/tagTypeID&gt;&lt;tagGroupID&gt;1&lt;/tagGroupID&gt;&lt;tagFunctionID&gt;4&lt;/tagFunctionID&gt;&lt;COM_typeName&gt;TSend&lt;/COM_typeName&gt;&lt;FNC_typeName&gt;DefDataTable&lt;/FNC_typeName&gt;&lt;OPC_typeName&gt;FLOAT&lt;/OPC_typeName&gt;&lt;unitID&gt;36&lt;/unitID&gt;&lt;lineID&gt;35&lt;/lineID&gt;&lt;nameDefined&gt;Hi\Lo&lt;/nameDefined&gt;&lt;uomDefinedID&gt;24&lt;/uomDefinedID&gt;&lt;UOMName&gt;MM&lt;/UOMName&gt;&lt;UOMDescription&gt;MILIMETERS&lt;/UOMDescription&gt;&lt;serialNumber&gt;FTW2M160006y5&lt;/serialNumber&gt;&lt;avrg&gt;0.002575&lt;/avrg&gt;&lt;/Row&gt;&lt;Row&gt;&lt;notifRecordID&gt;114416&lt;/notifRecordID&gt;&lt;notifTagID&gt;123&lt;/notifTagID&gt;&lt;notifTagValue&gt;0.001&lt;/notifTagValue&gt;&lt;recordID&gt;114416&lt;/recordID&gt;&lt;notifName&gt;TransCtr&lt;/notifName&gt;&lt;notifDescription&gt;P558_JENOPTIK&lt;/notifDescription&gt;&lt;CreatedBy&gt;SYSTEM&lt;/CreatedBy&gt;&lt;CreatedOn&gt;2016-12-18T04:56:23&lt;/CreatedOn&gt;&lt;ModifiedBy&gt;System&lt;/ModifiedBy&gt;&lt;ModifiedOn&gt;2016-12-18T04:56:25&lt;/ModifiedOn&gt;&lt;tagName&gt;Data_00&lt;/tagName&gt;&lt;tagTypeID&gt;8&lt;/tagTypeID&gt;&lt;tagGroupID&gt;1&lt;/tagGroupID&gt;&lt;tagFunctionID&gt;4&lt;/tagFunctionID&gt;&lt;COM_typeName&gt;TSend&lt;/COM_typeName&gt;&lt;FNC_typeName&gt;DefDataTable&lt;/FNC_typeName&gt;&lt;OPC_typeName&gt;FLOAT&lt;/OPC_typeName&gt;&lt;unitID&gt;36&lt;/unitID&gt;&lt;lineID&gt;35&lt;/lineID&gt;&lt;nameDefined&gt;Hi\Lo&lt;/nameDefined&gt;&lt;uomDefinedID&gt;24&lt;/uomDefinedID&gt;&lt;UOMName&gt;MM&lt;/UOMName&gt;&lt;UOMDescription&gt;MILIMETERS&lt;/UOMDescription&gt;&lt;serialNumber&gt;FTW2M160006y6&lt;/serialNumber&gt;&lt;avrg&gt;0.002575&lt;/avrg&gt;&lt;/Row&gt;&lt;Row&gt;&lt;notifRecordID&gt;114418&lt;/notifRecordID&gt;&lt;notifTagID&gt;123&lt;/notifTagID&gt;&lt;notifTagValue&gt;0.005&lt;/notifTagValue&gt;&lt;recordID&gt;114418&lt;/recordID&gt;&lt;notifName&gt;TransCtr&lt;/notifName&gt;&lt;notifDescription&gt;P558_JENOPTIK&lt;/notifDescription&gt;&lt;CreatedBy&gt;SYSTEM&lt;/CreatedBy&gt;&lt;CreatedOn&gt;2016-12-18T04:57:31&lt;/CreatedOn&gt;&lt;ModifiedBy&gt;System&lt;/ModifiedBy&gt;&lt;ModifiedOn&gt;2016-12-18T04:57:33&lt;/ModifiedOn&gt;&lt;tagName&gt;Data_00&lt;/tagName&gt;&lt;tagTypeID&gt;8&lt;/tagTypeID&gt;&lt;tagGroupID&gt;1&lt;/tagGroupID&gt;&lt;tagFunctionID&gt;4&lt;/tagFunctionID&gt;&lt;COM_typeName&gt;TSend&lt;/COM_typeName&gt;&lt;FNC_typeName&gt;DefDataTable&lt;/FNC_typeName&gt;&lt;OPC_typeName&gt;FLOAT&lt;/OPC_typeName&gt;&lt;unitID&gt;36&lt;/unitID&gt;&lt;lineID&gt;35&lt;/lineID&gt;&lt;nameDefined&gt;Hi\Lo&lt;/nameDefined&gt;&lt;uomDefinedID&gt;24&lt;/uomDefinedID&gt;&lt;UOMName&gt;MM&lt;/UOMName&gt;&lt;UOMDescription&gt;MILIMETERS&lt;/UOMDescription&gt;&lt;serialNumber&gt;FTW3M16000aqy&lt;/serialNumber&gt;&lt;avrg&gt;0.002575&lt;/avrg&gt;&lt;/Row&gt;&lt;Row&gt;&lt;notifRecordID&gt;114420&lt;/notifRecordID&gt;&lt;notifTagID&gt;123&lt;/notifTagID&gt;&lt;notifTagValue&gt;0.003&lt;/notifTagValue&gt;&lt;recordID&gt;114420&lt;/recordID&gt;&lt;notifName&gt;TransCtr&lt;/notifName&gt;&lt;notifDescription&gt;P558_JENOPTIK&lt;/notifDescription&gt;&lt;CreatedBy&gt;SYSTEM&lt;/CreatedBy&gt;&lt;CreatedOn&gt;2016-12-18T04:58:39&lt;/CreatedOn&gt;&lt;ModifiedBy&gt;System&lt;/ModifiedBy&gt;&lt;ModifiedOn&gt;2016-12-18T04:58:41&lt;/ModifiedOn&gt;&lt;tagName&gt;Data_00&lt;/tagName&gt;&lt;tagTypeID&gt;8&lt;/tagTypeID&gt;&lt;tagGroupID&gt;1&lt;/tagGroupID&gt;&lt;tagFunctionID&gt;4&lt;/tagFunctionID&gt;&lt;COM_typeName&gt;TSend&lt;/COM_typeName&gt;&lt;FNC_typeName&gt;DefDataTable&lt;/FNC_typeName&gt;&lt;OPC_typeName&gt;FLOAT&lt;/OPC_typeName&gt;&lt;unitID&gt;36&lt;/unitID&gt;&lt;lineID&gt;35&lt;/lineID&gt;&lt;nameDefined&gt;Hi\Lo&lt;/nameDefined&gt;&lt;uomDefinedID&gt;24&lt;/uomDefinedID&gt;&lt;UOMName&gt;MM&lt;/UOMName&gt;&lt;UOMDescription&gt;MILIMETERS&lt;/UOMDescription&gt;&lt;serialNumber&gt;FTW3M16000aqz&lt;/serialNumber&gt;&lt;avrg&gt;0.002575&lt;/avrg&gt;&lt;/Row&gt;&lt;Row&gt;&lt;notifRecordID&gt;114423&lt;/notifRecordID&gt;&lt;notifTagID&gt;123&lt;/notifTagID&gt;&lt;notifTagValue&gt;-0.004&lt;/notifTagValue&gt;&lt;recordID&gt;114423&lt;/recordID&gt;&lt;notifName&gt;TransCtr&lt;/notifName&gt;&lt;notifDescription&gt;P558_JENOPTIK&lt;/notifDescription&gt;&lt;CreatedBy&gt;SYSTEM&lt;/CreatedBy&gt;&lt;CreatedOn&gt;2016-12-18T05:00:03&lt;/CreatedOn&gt;&lt;ModifiedBy&gt;System&lt;/ModifiedBy&gt;&lt;ModifiedOn&gt;2016-12-18T05:00:05&lt;/ModifiedOn&gt;&lt;tagName&gt;Data_00&lt;/tagName&gt;&lt;tagTypeID&gt;8&lt;/tagTypeID&gt;&lt;tagGroupID&gt;1&lt;/tagGroupID&gt;&lt;tagFunctionID&gt;4&lt;/tagFunctionID&gt;&lt;COM_typeName&gt;TSend&lt;/COM_typeName&gt;&lt;FNC_typeName&gt;DefDataTable&lt;/FNC_typeName&gt;&lt;OPC_typeName&gt;FLOAT&lt;/OPC_typeName&gt;&lt;unitID&gt;36&lt;/unitID&gt;&lt;lineID&gt;35&lt;/lineID&gt;&lt;nameDefined&gt;Hi\Lo&lt;/nameDefined&gt;&lt;uomDefinedID&gt;24&lt;/uomDefinedID&gt;&lt;UOMName&gt;MM&lt;/UOMName&gt;&lt;UOMDescription&gt;MILIMETERS&lt;/UOMDescription&gt;&lt;serialNumber&gt;FTW2M160006y8&lt;/serialNumber&gt;&lt;avrg&gt;0.002575&lt;/avrg&gt;&lt;/Row&gt;&lt;Row&gt;&lt;notifRecordID&gt;114426&lt;/notifRecordID&gt;&lt;notifTagID&gt;123&lt;/notifTagID&gt;&lt;notifTagValue&gt;0.004&lt;/notifTagValue&gt;&lt;recordID&gt;114426&lt;/recordID&gt;&lt;notifName&gt;TransCtr&lt;/notifName&gt;&lt;notifDescription&gt;P558_JENOPTIK&lt;/notifDescription&gt;&lt;CreatedBy&gt;SYSTEM&lt;/CreatedBy&gt;&lt;CreatedOn&gt;2016-12-18T05:01:47&lt;/CreatedOn&gt;&lt;ModifiedBy&gt;System&lt;/ModifiedBy&gt;&lt;ModifiedOn&gt;2016-12-18T05:01:49&lt;/ModifiedOn&gt;&lt;tagName&gt;Data_00&lt;/tagName&gt;&lt;tagTypeID&gt;8&lt;/tagTypeID&gt;&lt;tagGroupID&gt;1&lt;/tagGroupID&gt;&lt;tagFunctionID&gt;4&lt;/tagFunctionID&gt;&lt;COM_typeName&gt;TSend&lt;/COM_typeName&gt;&lt;FNC_typeName&gt;DefDataTable&lt;/FNC_typeName&gt;&lt;OPC_typeName&gt;FLOAT&lt;/OPC_typeName&gt;&lt;unitID&gt;36&lt;/unitID&gt;&lt;lineID&gt;35&lt;/lineID&gt;&lt;nameDefined&gt;Hi\Lo&lt;/nameDefined&gt;&lt;uomDefinedID&gt;24&lt;/uomDefinedID&gt;&lt;UOMName&gt;MM&lt;/UOMName&gt;&lt;UOMDescription&gt;MILIMETERS&lt;/UOMDescription&gt;&lt;serialNumber&gt;FTW3M16000ar0&lt;/serialNumber&gt;&lt;avrg&gt;0.002575&lt;/avrg&gt;&lt;/Row&gt;&lt;Row&gt;&lt;notifRecordID&gt;114428&lt;/notifRecordID&gt;&lt;notifTagID&gt;123&lt;/notifTagID&gt;&lt;notifTagValue&gt;-0.002&lt;/notifTagValue&gt;&lt;recordID&gt;114428&lt;/recordID&gt;&lt;notifName&gt;TransCtr&lt;/notifName&gt;&lt;notifDescription&gt;P558_JENOPTIK&lt;/notifDescription&gt;&lt;CreatedBy&gt;SYSTEM&lt;/CreatedBy&gt;&lt;CreatedOn&gt;2016-12-18T05:03:04&lt;/CreatedOn&gt;&lt;ModifiedBy&gt;System&lt;/ModifiedBy&gt;&lt;ModifiedOn&gt;2016-12-18T05:03:06&lt;/ModifiedOn&gt;&lt;tagName&gt;Data_00&lt;/tagName&gt;&lt;tagTypeID&gt;8&lt;/tagTypeID&gt;&lt;tagGroupID&gt;1&lt;/tagGroupID&gt;&lt;tagFunctionID&gt;4&lt;/tagFunctionID&gt;&lt;COM_typeName&gt;TSend&lt;/COM_typeName&gt;&lt;FNC_typeName&gt;DefDataTable&lt;/FNC_typeName&gt;&lt;OPC_typeName&gt;FLOAT&lt;/OPC_typeName&gt;&lt;unitID&gt;36&lt;/unitID&gt;&lt;lineID&gt;35&lt;/lineID&gt;&lt;nameDefined&gt;Hi\Lo&lt;/nameDefined&gt;&lt;uomDefinedID&gt;24&lt;/uomDefinedID&gt;&lt;UOMName&gt;MM&lt;/UOMName&gt;&lt;UOMDescription&gt;MILIMETERS&lt;/UOMDescription&gt;&lt;serialNumber&gt;FTW3M16000ar1&lt;/serialNumber&gt;&lt;avrg&gt;0.002575&lt;/avrg&gt;&lt;/Row&gt;&lt;Row&gt;&lt;notifRecordID&gt;114432&lt;/notifRecordID&gt;&lt;notifTagID&gt;123&lt;/notifTagID&gt;&lt;notifTagValue&gt;-0.002&lt;/notifTagValue&gt;&lt;recordID&gt;114432&lt;/recordID&gt;&lt;notifName&gt;TransCtr&lt;/notifName&gt;&lt;notifDescription&gt;P558_JENOPTIK&lt;/notifDescription&gt;&lt;CreatedBy&gt;SYSTEM&lt;/CreatedBy&gt;&lt;CreatedOn&gt;2016-12-18T05:04:53&lt;/CreatedOn&gt;&lt;ModifiedBy&gt;System&lt;/ModifiedBy&gt;&lt;ModifiedOn&gt;2016-12-18T05:04:55&lt;/ModifiedOn&gt;&lt;tagName&gt;Data_00&lt;/tagName&gt;&lt;tagTypeID&gt;8&lt;/tagTypeID&gt;&lt;tagGroupID&gt;1&lt;/tagGroupID&gt;&lt;tagFunctionID&gt;4&lt;/tagFunctionID&gt;&lt;COM_typeName&gt;TSend&lt;/COM_typeName&gt;&lt;FNC_typeName&gt;DefDataTable&lt;/FNC_typeName&gt;&lt;OPC_typeName&gt;FLOAT&lt;/OPC_typeName&gt;&lt;unitID&gt;36&lt;/unitID&gt;&lt;lineID&gt;35&lt;/lineID&gt;&lt;nameDefined&gt;Hi\Lo&lt;/nameDefined&gt;&lt;uomDefinedID&gt;24&lt;/uomDefinedID&gt;&lt;UOMName&gt;MM&lt;/UOMName&gt;&lt;UOMDescription&gt;MILIMETERS&lt;/UOMDescription&gt;&lt;serialNumber&gt;FTW3M16000ar1&lt;/serialNumber&gt;&lt;avrg&gt;0.002575&lt;/avrg&gt;&lt;/Row&gt;&lt;Row&gt;&lt;notifRecordID&gt;114437&lt;/notifRecordID&gt;&lt;notifTagID&gt;123&lt;/notifTagID&gt;&lt;notifTagValue&gt;0.005&lt;/notifTagValue&gt;&lt;recordID&gt;114437&lt;/recordID&gt;&lt;notifName&gt;TransCtr&lt;/notifName&gt;&lt;notifDescription&gt;P558_JENOPTIK&lt;/notifDescription&gt;&lt;CreatedBy&gt;SYSTEM&lt;/CreatedBy&gt;&lt;CreatedOn&gt;2016-12-18T05:09:02&lt;/CreatedOn&gt;&lt;ModifiedBy&gt;System&lt;/ModifiedBy&gt;&lt;ModifiedOn&gt;2016-12-18T05:09:04&lt;/ModifiedOn&gt;&lt;tagName&gt;Data_00&lt;/tagName&gt;&lt;tagTypeID&gt;8&lt;/tagTypeID&gt;&lt;tagGroupID&gt;1&lt;/tagGroupID&gt;&lt;tagFunctionID&gt;4&lt;/tagFunctionID&gt;&lt;COM_typeName&gt;TSend&lt;/COM_typeName&gt;&lt;FNC_typeName&gt;DefDataTable&lt;/FNC_typeName&gt;&lt;OPC_typeName&gt;FLOAT&lt;/OPC_typeName&gt;&lt;unitID&gt;36&lt;/unitID&gt;&lt;lineID&gt;35&lt;/lineID&gt;&lt;nameDefined&gt;Hi\Lo&lt;/nameDefined&gt;&lt;uomDefinedID&gt;24&lt;/uomDefinedID&gt;&lt;UOMName&gt;MM&lt;/UOMName&gt;&lt;UOMDescription&gt;MILIMETERS&lt;/UOMDescription&gt;&lt;serialNumber&gt;FTW3M16000ar2&lt;/serialNumber&gt;&lt;avrg&gt;0.002575&lt;/avrg&gt;&lt;/Row&gt;&lt;Row&gt;&lt;notifRecordID&gt;114440&lt;/notifRecordID&gt;&lt;notifTagID&gt;123&lt;/notifTagID&gt;&lt;notifTagValue&gt;0.002&lt;/notifTagValue&gt;&lt;recordID&gt;114440&lt;/recordID&gt;&lt;notifName&gt;TransCtr&lt;/notifName&gt;&lt;notifDescription&gt;P558_JENOPTIK&lt;/notifDescription&gt;&lt;CreatedBy&gt;SYSTEM&lt;/CreatedBy&gt;&lt;CreatedOn&gt;2016-12-18T05:10:54&lt;/CreatedOn&gt;&lt;ModifiedBy&gt;System&lt;/ModifiedBy&gt;&lt;ModifiedOn&gt;2016-12-18T05:10:56&lt;/ModifiedOn&gt;&lt;tagName&gt;Data_00&lt;/tagName&gt;&lt;tagTypeID&gt;8&lt;/tagTypeID&gt;&lt;tagGroupID&gt;1&lt;/tagGroupID&gt;&lt;tagFunctionID&gt;4&lt;/tagFunctionID&gt;&lt;COM_typeName&gt;TSend&lt;/COM_typeName&gt;&lt;FNC_typeName&gt;DefDataTable&lt;/FNC_typeName&gt;&lt;OPC_typeName&gt;FLOAT&lt;/OPC_typeName&gt;&lt;unitID&gt;36&lt;/unitID&gt;&lt;lineID&gt;35&lt;/lineID&gt;&lt;nameDefined&gt;Hi\Lo&lt;/nameDefined&gt;&lt;uomDefinedID&gt;24&lt;/uomDefinedID&gt;&lt;UOMName&gt;MM&lt;/UOMName&gt;&lt;UOMDescription&gt;MILIMETERS&lt;/UOMDescription&gt;&lt;serialNumber&gt;FTW2M160006y9&lt;/serialNumber&gt;&lt;avrg&gt;0.002575&lt;/avrg&gt;&lt;/Row&gt;&lt;Row&gt;&lt;notifRecordID&gt;114443&lt;/notifRecordID&gt;&lt;notifTagID&gt;123&lt;/notifTagID&gt;&lt;notifTagValue&gt;-0.002&lt;/notifTagValue&gt;&lt;recordID&gt;114443&lt;/recordID&gt;&lt;notifName&gt;TransCtr&lt;/notifName&gt;&lt;notifDescription&gt;P558_JENOPTIK&lt;/notifDescription&gt;&lt;CreatedBy&gt;SYSTEM&lt;/CreatedBy&gt;&lt;CreatedOn&gt;2016-12-18T05:12:48&lt;/CreatedOn&gt;&lt;ModifiedBy&gt;System&lt;/ModifiedBy&gt;&lt;ModifiedOn&gt;2016-12-18T05:12:50&lt;/ModifiedOn&gt;&lt;tagName&gt;Data_00&lt;/tagName&gt;&lt;tagTypeID&gt;8&lt;/tagTypeID&gt;&lt;tagGroupID&gt;1&lt;/tagGroupID&gt;&lt;tagFunctionID&gt;4&lt;/tagFunctionID&gt;&lt;COM_typeName&gt;TSend&lt;/COM_typeName&gt;&lt;FNC_typeName&gt;DefDataTable&lt;/FNC_typeName&gt;&lt;OPC_typeName&gt;FLOAT&lt;/OPC_typeName&gt;&lt;unitID&gt;36&lt;/unitID&gt;&lt;lineID&gt;35&lt;/lineID&gt;&lt;nameDefined&gt;Hi\Lo&lt;/nameDefined&gt;&lt;uomDefinedID&gt;24&lt;/uomDefinedID&gt;&lt;UOMName&gt;MM&lt;/UOMName&gt;&lt;UOMDescription&gt;MILIMETERS&lt;/UOMDescription&gt;&lt;serialNumber&gt;FTW2M160006ya&lt;/serialNumber&gt;&lt;avrg&gt;0.002575&lt;/avrg&gt;&lt;/Row&gt;&lt;Row&gt;&lt;notifRecordID&gt;114445&lt;/notifRecordID&gt;&lt;notifTagID&gt;123&lt;/notifTagID&gt;&lt;notifTagValue&gt;0.004&lt;/notifTagValue&gt;&lt;recordID&gt;114445&lt;/recordID&gt;&lt;notifName&gt;TransCtr&lt;/notifName&gt;&lt;notifDescription&gt;P558_JENOPTIK&lt;/notifDescription&gt;&lt;CreatedBy&gt;SYSTEM&lt;/CreatedBy&gt;&lt;CreatedOn&gt;2016-12-18T05:14:50&lt;/CreatedOn&gt;&lt;ModifiedBy&gt;System&lt;/ModifiedBy&gt;&lt;ModifiedOn&gt;2016-12-18T05:14:52&lt;/ModifiedOn&gt;&lt;tagName&gt;Data_00&lt;/tagName&gt;&lt;tagTypeID&gt;8&lt;/tagTypeID&gt;&lt;tagGroupID&gt;1&lt;/tagGroupID&gt;&lt;tagFunctionID&gt;4&lt;/tagFunctionID&gt;&lt;COM_typeName&gt;TSend&lt;/COM_typeName&gt;&lt;FNC_typeName&gt;DefDataTable&lt;/FNC_typeName&gt;&lt;OPC_typeName&gt;FLOAT&lt;/OPC_typeName&gt;&lt;unitID&gt;36&lt;/unitID&gt;&lt;lineID&gt;35&lt;/lineID&gt;&lt;nameDefined&gt;Hi\Lo&lt;/nameDefined&gt;&lt;uomDefinedID&gt;24&lt;/uomDefinedID&gt;&lt;UOMName&gt;MM&lt;/UOMName&gt;&lt;UOMDescription&gt;MILIMETERS&lt;/UOMDescription&gt;&lt;serialNumber&gt;FTW3M16000ar3&lt;/serialNumber&gt;&lt;avrg&gt;0.002575&lt;/avrg&gt;&lt;/Row&gt;&lt;Row&gt;&lt;notifRecordID&gt;114448&lt;/notifRecordID&gt;&lt;notifTagID&gt;123&lt;/notifTagID&gt;&lt;notifTagValue&gt;-0.004&lt;/notifTagValue&gt;&lt;recordID&gt;114448&lt;/recordID&gt;&lt;notifName&gt;TransCtr&lt;/notifName&gt;&lt;notifDescription&gt;P558_JENOPTIK&lt;/notifDescription&gt;&lt;CreatedBy&gt;SYSTEM&lt;/CreatedBy&gt;&lt;CreatedOn&gt;2016-12-18T05:19:04&lt;/CreatedOn&gt;&lt;ModifiedBy&gt;System&lt;/ModifiedBy&gt;&lt;ModifiedOn&gt;2016-12-18T05:19:06&lt;/ModifiedOn&gt;&lt;tagName&gt;Data_00&lt;/tagName&gt;&lt;tagTypeID&gt;8&lt;/tagTypeID&gt;&lt;tagGroupID&gt;1&lt;/tagGroupID&gt;&lt;tagFunctionID&gt;4&lt;/tagFunctionID&gt;&lt;COM_typeName&gt;TSend&lt;/COM_typeName&gt;&lt;FNC_typeName&gt;DefDataTable&lt;/FNC_typeName&gt;&lt;OPC_typeName&gt;FLOAT&lt;/OPC_typeName&gt;&lt;unitID&gt;36&lt;/unitID&gt;&lt;lineID&gt;35&lt;/lineID&gt;&lt;nameDefined&gt;Hi\Lo&lt;/nameDefined&gt;&lt;uomDefinedID&gt;24&lt;/uomDefinedID&gt;&lt;UOMName&gt;MM&lt;/UOMName&gt;&lt;UOMDescription&gt;MILIMETERS&lt;/UOMDescription&gt;&lt;serialNumber&gt;FTW3M16000ar4&lt;/serialNumber&gt;&lt;avrg&gt;0.002575&lt;/avrg&gt;&lt;/Row&gt;&lt;Row&gt;&lt;notifRecordID&gt;114451&lt;/notifRecordID&gt;&lt;notifTagID&gt;123&lt;/notifTagID&gt;&lt;notifTagValue&gt;0.004&lt;/notifTagValue&gt;&lt;recordID&gt;114451&lt;/recordID&gt;&lt;notifName&gt;TransCtr&lt;/notifName&gt;&lt;notifDescription&gt;P558_JENOPTIK&lt;/notifDescription&gt;&lt;CreatedBy&gt;SYSTEM&lt;/CreatedBy&gt;&lt;CreatedOn&gt;2016-12-18T05:21:08&lt;/CreatedOn&gt;&lt;ModifiedBy&gt;System&lt;/ModifiedBy&gt;&lt;ModifiedOn&gt;2016-12-18T05:21:10&lt;/ModifiedOn&gt;&lt;tagName&gt;Data_00&lt;/tagName&gt;&lt;tagTypeID&gt;8&lt;/tagTypeID&gt;&lt;tagGroupID&gt;1&lt;/tagGroupID&gt;&lt;tagFunctionID&gt;4&lt;/tagFunctionID&gt;&lt;COM_typeName&gt;TSend&lt;/COM_typeName&gt;&lt;FNC_typeName&gt;DefDataTable&lt;/FNC_typeName&gt;&lt;OPC_typeName&gt;FLOAT&lt;/OPC_typeName&gt;&lt;unitID&gt;36&lt;/unitID&gt;&lt;lineID&gt;35&lt;/lineID&gt;&lt;nameDefined&gt;Hi\Lo&lt;/nameDefined&gt;&lt;uomDefinedID&gt;24&lt;/uomDefinedID&gt;&lt;UOMName&gt;MM&lt;/UOMName&gt;&lt;UOMDescription&gt;MILIMETERS&lt;/UOMDescription&gt;&lt;serialNumber&gt;FTW2M160006yb&lt;/serialNumber&gt;&lt;avrg&gt;0.002575&lt;/avrg&gt;&lt;/Row&gt;&lt;Row&gt;&lt;notifRecordID&gt;114456&lt;/notifRecordID&gt;&lt;notifTagID&gt;123&lt;/notifTagID&gt;&lt;notifTagValue&gt;0.008&lt;/notifTagValue&gt;&lt;recordID&gt;114456&lt;/recordID&gt;&lt;notifName&gt;TransCtr&lt;/notifName&gt;&lt;notifDescription&gt;P558_JENOPTIK&lt;/notifDescription&gt;&lt;CreatedBy&gt;SYSTEM&lt;/CreatedBy&gt;&lt;CreatedOn&gt;2016-12-18T05:24:51&lt;/CreatedOn&gt;&lt;ModifiedBy&gt;System&lt;/ModifiedBy&gt;&lt;ModifiedOn&gt;2016-12-18T05:24:53&lt;/ModifiedOn&gt;&lt;tagName&gt;Data_00&lt;/tagName&gt;&lt;tagTypeID&gt;8&lt;/tagTypeID&gt;&lt;tagGroupID&gt;1&lt;/tagGroupID&gt;&lt;tagFunctionID&gt;4&lt;/tagFunctionID&gt;&lt;COM_typeName&gt;TSend&lt;/COM_typeName&gt;&lt;FNC_typeName&gt;DefDataTable&lt;/FNC_typeName&gt;&lt;OPC_typeName&gt;FLOAT&lt;/OPC_typeName&gt;&lt;unitID&gt;36&lt;/unitID&gt;&lt;lineID&gt;35&lt;/lineID&gt;&lt;nameDefined&gt;Hi\Lo&lt;/nameDefined&gt;&lt;uomDefinedID&gt;24&lt;/uomDefinedID&gt;&lt;UOMName&gt;MM&lt;/UOMName&gt;&lt;UOMDescription&gt;MILIMETERS&lt;/UOMDescription&gt;&lt;serialNumber&gt;FTW3M16000ar5&lt;/serialNumber&gt;&lt;avrg&gt;0.002575&lt;/avrg&gt;&lt;/Row&gt;&lt;Row&gt;&lt;notifRecordID&gt;114464&lt;/notifRecordID&gt;&lt;notifTagID&gt;123&lt;/notifTagID&gt;&lt;notifTagValue&gt;-0.001&lt;/notifTagValue&gt;&lt;recordID&gt;114464&lt;/recordID&gt;&lt;notifName&gt;TransCtr&lt;/notifName&gt;&lt;notifDescription&gt;P558_JENOPTIK&lt;/notifDescription&gt;&lt;CreatedBy&gt;SYSTEM&lt;/CreatedBy&gt;&lt;CreatedOn&gt;2016-12-18T05:33:24&lt;/CreatedOn&gt;&lt;ModifiedBy&gt;System&lt;/ModifiedBy&gt;&lt;ModifiedOn&gt;2016-12-18T05:33:26&lt;/ModifiedOn&gt;&lt;tagName&gt;Data_00&lt;/tagName&gt;&lt;tagTypeID&gt;8&lt;/tagTypeID&gt;&lt;tagGroupID&gt;1&lt;/tagGroupID&gt;&lt;tagFunctionID&gt;4&lt;/tagFunctionID&gt;&lt;COM_typeName&gt;TSend&lt;/COM_typeName&gt;&lt;FNC_typeName&gt;DefDataTable&lt;/FNC_typeName&gt;&lt;OPC_typeName&gt;FLOAT&lt;/OPC_typeName&gt;&lt;unitID&gt;36&lt;/unitID&gt;&lt;lineID&gt;35&lt;/lineID&gt;&lt;nameDefined&gt;Hi\Lo&lt;/nameDefined&gt;&lt;uomDefinedID&gt;24&lt;/uomDefinedID&gt;&lt;UOMName&gt;MM&lt;/UOMName&gt;&lt;UOMDescription&gt;MILIMETERS&lt;/UOMDescription&gt;&lt;serialNumber&gt;FTW2M160006yc&lt;/serialNumber&gt;&lt;avrg&gt;0.002575&lt;/avrg&gt;&lt;/Row&gt;&lt;Row&gt;&lt;notifRecordID&gt;114466&lt;/notifRecordID&gt;&lt;notifTagID&gt;123&lt;/notifTagID&gt;&lt;notifTagValue&gt;0.001&lt;/notifTagValue&gt;&lt;recordID&gt;114466&lt;/recordID&gt;&lt;notifName&gt;TransCtr&lt;/notifName&gt;&lt;notifDescription&gt;P558_JENOPTIK&lt;/notifDescription&gt;&lt;CreatedBy&gt;SYSTEM&lt;/CreatedBy&gt;&lt;CreatedOn&gt;2016-12-18T05:35:20&lt;/CreatedOn&gt;&lt;ModifiedBy&gt;System&lt;/ModifiedBy&gt;&lt;ModifiedOn&gt;2016-12-18T05:35:21&lt;/ModifiedOn&gt;&lt;tagName&gt;Data_00&lt;/tagName&gt;&lt;tagTypeID&gt;8&lt;/tagTypeID&gt;&lt;tagGroupID&gt;1&lt;/tagGroupID&gt;&lt;tagFunctionID&gt;4&lt;/tagFunctionID&gt;&lt;COM_typeName&gt;TSend&lt;/COM_typeName&gt;&lt;FNC_typeName&gt;DefDataTable&lt;/FNC_typeName&gt;&lt;OPC_typeName&gt;FLOAT&lt;/OPC_typeName&gt;&lt;unitID&gt;36&lt;/unitID&gt;&lt;lineID&gt;35&lt;/lineID&gt;&lt;nameDefined&gt;Hi\Lo&lt;/nameDefined&gt;&lt;uomDefinedID&gt;24&lt;/uomDefinedID&gt;&lt;UOMName&gt;MM&lt;/UOMName&gt;&lt;UOMDescription&gt;MILIMETERS&lt;/UOMDescription&gt;&lt;serialNumber&gt;FTW3M16000ar6&lt;/serialNumber&gt;&lt;avrg&gt;0.002575&lt;/avrg&gt;&lt;/Row&gt;&lt;Row&gt;&lt;notifRecordID&gt;114468&lt;/notifRecordID&gt;&lt;notifTagID&gt;123&lt;/notifTagID&gt;&lt;notifTagValue&gt;0.003&lt;/notifTagValue&gt;&lt;recordID&gt;114468&lt;/recordID&gt;&lt;notifName&gt;TransCtr&lt;/notifName&gt;&lt;notifDescription&gt;P558_JENOPTIK&lt;/notifDescription&gt;&lt;CreatedBy&gt;SYSTEM&lt;/CreatedBy&gt;&lt;CreatedOn&gt;2016-12-18T05:37:18&lt;/CreatedOn&gt;&lt;ModifiedBy&gt;System&lt;/ModifiedBy&gt;&lt;ModifiedOn&gt;2016-12-18T05:37:19&lt;/ModifiedOn&gt;&lt;tagName&gt;Data_00&lt;/tagName&gt;&lt;tagTypeID&gt;8&lt;/tagTypeID&gt;&lt;tagGroupID&gt;1&lt;/tagGroupID&gt;&lt;tagFunctionID&gt;4&lt;/tagFunctionID&gt;&lt;COM_typeName&gt;TSend&lt;/COM_typeName&gt;&lt;FNC_typeName&gt;DefDataTable&lt;/FNC_typeName&gt;&lt;OPC_typeName&gt;FLOAT&lt;/OPC_typeName&gt;&lt;unitID&gt;36&lt;/unitID&gt;&lt;lineID&gt;35&lt;/lineID&gt;&lt;nameDefined&gt;Hi\Lo&lt;/nameDefined&gt;&lt;uomDefinedID&gt;24&lt;/uomDefinedID&gt;&lt;UOMName&gt;MM&lt;/UOMName&gt;&lt;UOMDescription&gt;MILIMETERS&lt;/UOMDescription&gt;&lt;serialNumber&gt;FTW2M160006y7&lt;/serialNumber&gt;&lt;avrg&gt;0.002575&lt;/avrg&gt;&lt;/Row&gt;&lt;Row&gt;&lt;notifRecordID&gt;114475&lt;/notifRecordID&gt;&lt;notifTagID&gt;123&lt;/notifTagID&gt;&lt;notifTagValue&gt;-0.006&lt;/notifTagValue&gt;&lt;recordID&gt;114475&lt;/recordID&gt;&lt;notifName&gt;TransCtr&lt;/notifName&gt;&lt;notifDescription&gt;P558_JENOPTIK&lt;/notifDescription&gt;&lt;CreatedBy&gt;SYSTEM&lt;/CreatedBy&gt;&lt;CreatedOn&gt;2016-12-18T05:47:04&lt;/CreatedOn&gt;&lt;ModifiedBy&gt;System&lt;/ModifiedBy&gt;&lt;ModifiedOn&gt;2016-12-18T05:47:06&lt;/ModifiedOn&gt;&lt;tagName&gt;Data_00&lt;/tagName&gt;&lt;tagTypeID&gt;8&lt;/tagTypeID&gt;&lt;tagGroupID&gt;1&lt;/tagGroupID&gt;&lt;tagFunctionID&gt;4&lt;/tagFunctionID&gt;&lt;COM_typeName&gt;TSend&lt;/COM_typeName&gt;&lt;FNC_typeName&gt;DefDataTable&lt;/FNC_typeName&gt;&lt;OPC_typeName&gt;FLOAT&lt;/OPC_typeName&gt;&lt;unitID&gt;36&lt;/unitID&gt;&lt;lineID&gt;35&lt;/lineID&gt;&lt;nameDefined&gt;Hi\Lo&lt;/nameDefined&gt;&lt;uomDefinedID&gt;24&lt;/uomDefinedID&gt;&lt;UOMName&gt;MM&lt;/UOMName&gt;&lt;UOMDescription&gt;MILIMETERS&lt;/UOMDescription&gt;&lt;serialNumber&gt;FTW3M16000ar7&lt;/serialNumber&gt;&lt;avrg&gt;0.002575&lt;/avrg&gt;&lt;/Row&gt;&lt;Row&gt;&lt;notifRecordID&gt;114478&lt;/notifRecordID&gt;&lt;notifTagID&gt;123&lt;/notifTagID&gt;&lt;notifTagValue&gt;0.001&lt;/notifTagValue&gt;&lt;recordID&gt;114478&lt;/recordID&gt;&lt;notifName&gt;TransCtr&lt;/notifName&gt;&lt;notifDescription&gt;P558_JENOPTIK&lt;/notifDescription&gt;&lt;CreatedBy&gt;SYSTEM&lt;/CreatedBy&gt;&lt;CreatedOn&gt;2016-12-18T05:48:11&lt;/CreatedOn&gt;&lt;ModifiedBy&gt;System&lt;/ModifiedBy&gt;&lt;ModifiedOn&gt;2016-12-18T05:48:13&lt;/ModifiedOn&gt;&lt;tagName&gt;Data_00&lt;/tagName&gt;&lt;tagTypeID&gt;8&lt;/tagTypeID&gt;&lt;tagGroupID&gt;1&lt;/tagGroupID&gt;&lt;tagFunctionID&gt;4&lt;/tagFunctionID&gt;&lt;COM_typeName&gt;TSend&lt;/COM_typeName&gt;&lt;FNC_typeName&gt;DefDataTable&lt;/FNC_typeName&gt;&lt;OPC_typeName&gt;FLOAT&lt;/OPC_typeName&gt;&lt;unitID&gt;36&lt;/unitID&gt;&lt;lineID&gt;35&lt;/lineID&gt;&lt;nameDefined&gt;Hi\Lo&lt;/nameDefined&gt;&lt;uomDefinedID&gt;24&lt;/uomDefinedID&gt;&lt;UOMName&gt;MM&lt;/UOMName&gt;&lt;UOMDescription&gt;MILIMETERS&lt;/UOMDescription&gt;&lt;serialNumber&gt;FTW2M160006yd&lt;/serialNumber&gt;&lt;avrg&gt;0.002575&lt;/avrg&gt;&lt;/Row&gt;&lt;Row&gt;&lt;notifRecordID&gt;114480&lt;/notifRecordID&gt;&lt;notifTagID&gt;123&lt;/notifTagID&gt;&lt;notifTagValue&gt;0.007&lt;/notifTagValue&gt;&lt;recordID&gt;114480&lt;/recordID&gt;&lt;notifName&gt;TransCtr&lt;/notifName&gt;&lt;notifDescription&gt;P558_JENOPTIK&lt;/notifDescription&gt;&lt;CreatedBy&gt;SYSTEM&lt;/CreatedBy&gt;&lt;CreatedOn&gt;2016-12-18T05:49:28&lt;/CreatedOn&gt;&lt;ModifiedBy&gt;System&lt;/ModifiedBy&gt;&lt;ModifiedOn&gt;2016-12-18T05:49:30&lt;/ModifiedOn&gt;&lt;tagName&gt;Data_00&lt;/tagName&gt;&lt;tagTypeID&gt;8&lt;/tagTypeID&gt;&lt;tagGroupID&gt;1&lt;/tagGroupID&gt;&lt;tagFunctionID&gt;4&lt;/tagFunctionID&gt;&lt;COM_typeName&gt;TSend&lt;/COM_typeName&gt;&lt;FNC_typeName&gt;DefDataTable&lt;/FNC_typeName&gt;&lt;OPC_typeName&gt;FLOAT&lt;/OPC_typeName&gt;&lt;unitID&gt;36&lt;/unitID&gt;&lt;lineID&gt;35&lt;/lineID&gt;&lt;nameDefined&gt;Hi\Lo&lt;/nameDefined&gt;&lt;uomDefinedID&gt;24&lt;/uomDefinedID&gt;&lt;UOMName&gt;MM&lt;/UOMName&gt;&lt;UOMDescription&gt;MILIMETERS&lt;/UOMDescription&gt;&lt;serialNumber&gt;FTW3M16000ar8&lt;/serialNumber&gt;&lt;avrg&gt;0.002575&lt;/avrg&gt;&lt;/Row&gt;&lt;Row&gt;&lt;notifRecordID&gt;114482&lt;/notifRecordID&gt;&lt;notifTagID&gt;123&lt;/notifTagID&gt;&lt;notifTagValue&gt;0.002&lt;/notifTagValue&gt;&lt;recordID&gt;114482&lt;/recordID&gt;&lt;notifName&gt;TransCtr&lt;/notifName&gt;&lt;notifDescription&gt;P558_JENOPTIK&lt;/notifDescription&gt;&lt;CreatedBy&gt;SYSTEM&lt;/CreatedBy&gt;&lt;CreatedOn&gt;2016-12-18T05:51:13&lt;/CreatedOn&gt;&lt;ModifiedBy&gt;System&lt;/ModifiedBy&gt;&lt;ModifiedOn&gt;2016-12-18T05:51:15&lt;/ModifiedOn&gt;&lt;tagName&gt;Data_00&lt;/tagName&gt;&lt;tagTypeID&gt;8&lt;/tagTypeID&gt;&lt;tagGroupID&gt;1&lt;/tagGroupID&gt;&lt;tagFunctionID&gt;4&lt;/tagFunctionID&gt;&lt;COM_typeName&gt;TSend&lt;/COM_typeName&gt;&lt;FNC_typeName&gt;DefDataTable&lt;/FNC_typeName&gt;&lt;OPC_typeName&gt;FLOAT&lt;/OPC_typeName&gt;&lt;unitID&gt;36&lt;/unitID&gt;&lt;lineID&gt;35&lt;/lineID&gt;&lt;nameDefined&gt;Hi\Lo&lt;/nameDefined&gt;&lt;uomDefinedID&gt;24&lt;/uomDefinedID&gt;&lt;UOMName&gt;MM&lt;/UOMName&gt;&lt;UOMDescription&gt;MILIMETERS&lt;/UOMDescription&gt;&lt;serialNumber&gt;FTW3M16000ar9&lt;/serialNumber&gt;&lt;avrg&gt;0.002575&lt;/avrg&gt;&lt;/Row&gt;&lt;Row&gt;&lt;notifRecordID&gt;114485&lt;/notifRecordID&gt;&lt;notifTagID&gt;123&lt;/notifTagID&gt;&lt;notifTagValue&gt;0.003&lt;/notifTagValue&gt;&lt;recordID&gt;114485&lt;/recordID&gt;&lt;notifName&gt;TransCtr&lt;/notifName&gt;&lt;notifDescription&gt;P558_JENOPTIK&lt;/notifDescription&gt;&lt;CreatedBy&gt;SYSTEM&lt;/CreatedBy&gt;&lt;CreatedOn&gt;2016-12-18T05:52:08&lt;/CreatedOn&gt;&lt;ModifiedBy&gt;System&lt;/ModifiedBy&gt;&lt;ModifiedOn&gt;2016-12-18T05:52:10&lt;/ModifiedOn&gt;&lt;tagName&gt;Data_00&lt;/tagName&gt;&lt;tagTypeID&gt;8&lt;/tagTypeID&gt;&lt;tagGroupID&gt;1&lt;/tagGroupID&gt;&lt;tagFunctionID&gt;4&lt;/tagFunctionID&gt;&lt;COM_typeName&gt;TSend&lt;/COM_typeName&gt;&lt;FNC_typeName&gt;DefDataTable&lt;/FNC_typeName&gt;&lt;OPC_typeName&gt;FLOAT&lt;/OPC_typeName&gt;&lt;unitID&gt;36&lt;/unitID&gt;&lt;lineID&gt;35&lt;/lineID&gt;&lt;nameDefined&gt;Hi\Lo&lt;/nameDefined&gt;&lt;uomDefinedID&gt;24&lt;/uomDefinedID&gt;&lt;UOMName&gt;MM&lt;/UOMName&gt;&lt;UOMDescription&gt;MILIMETERS&lt;/UOMDescription&gt;&lt;serialNumber&gt;FTW3M16000ar9&lt;/serialNumber&gt;&lt;avrg&gt;0.002575&lt;/avrg&gt;&lt;/Row&gt;&lt;Row&gt;&lt;notifRecordID&gt;114488&lt;/notifRecordID&gt;&lt;notifTagID&gt;123&lt;/notifTagID&gt;&lt;notifTagValue&gt;0.003&lt;/notifTagValue&gt;&lt;recordID&gt;114488&lt;/recordID&gt;&lt;notifName&gt;TransCtr&lt;/notifName&gt;&lt;notifDescription&gt;P558_JENOPTIK&lt;/notifDescription&gt;&lt;CreatedBy&gt;SYSTEM&lt;/CreatedBy&gt;&lt;CreatedOn&gt;2016-12-18T05:53:36&lt;/CreatedOn&gt;&lt;ModifiedBy&gt;System&lt;/ModifiedBy&gt;&lt;ModifiedOn&gt;2016-12-18T05:53:37&lt;/ModifiedOn&gt;&lt;tagName&gt;Data_00&lt;/tagName&gt;&lt;tagTypeID&gt;8&lt;/tagTypeID&gt;&lt;tagGroupID&gt;1&lt;/tagGroupID&gt;&lt;tagFunctionID&gt;4&lt;/tagFunctionID&gt;&lt;COM_typeName&gt;TSend&lt;/COM_typeName&gt;&lt;FNC_typeName&gt;DefDataTable&lt;/FNC_typeName&gt;&lt;OPC_typeName&gt;FLOAT&lt;/OPC_typeName&gt;&lt;unitID&gt;36&lt;/unitID&gt;&lt;lineID&gt;35&lt;/lineID&gt;&lt;nameDefined&gt;Hi\Lo&lt;/nameDefined&gt;&lt;uomDefinedID&gt;24&lt;/uomDefinedID&gt;&lt;UOMName&gt;MM&lt;/UOMName&gt;&lt;UOMDescription&gt;MILIMETERS&lt;/UOMDescription&gt;&lt;serialNumber&gt;FTW3M16000ar9&lt;/serialNumber&gt;&lt;avrg&gt;0.002575&lt;/avrg&gt;&lt;/Row&gt;&lt;Row&gt;&lt;notifRecordID&gt;114490&lt;/notifRecordID&gt;&lt;notifTagID&gt;123&lt;/notifTagID&gt;&lt;notifTagValue&gt;0.001&lt;/notifTagValue&gt;&lt;recordID&gt;114490&lt;/recordID&gt;&lt;notifName&gt;TransCtr&lt;/notifName&gt;&lt;notifDescription&gt;P558_JENOPTIK&lt;/notifDescription&gt;&lt;CreatedBy&gt;SYSTEM&lt;/CreatedBy&gt;&lt;CreatedOn&gt;2016-12-18T05:54:47&lt;/CreatedOn&gt;&lt;ModifiedBy&gt;System&lt;/ModifiedBy&gt;&lt;ModifiedOn&gt;2016-12-18T05:54:49&lt;/ModifiedOn&gt;&lt;tagName&gt;Data_00&lt;/tagName&gt;&lt;tagTypeID&gt;8&lt;/tagTypeID&gt;&lt;tagGroupID&gt;1&lt;/tagGroupID&gt;&lt;tagFunctionID&gt;4&lt;/tagFunctionID&gt;&lt;COM_typeName&gt;TSend&lt;/COM_typeName&gt;&lt;FNC_typeName&gt;DefDataTable&lt;/FNC_typeName&gt;&lt;OPC_typeName&gt;FLOAT&lt;/OPC_typeName&gt;&lt;unitID&gt;36&lt;/unitID&gt;&lt;lineID&gt;35&lt;/lineID&gt;&lt;nameDefined&gt;Hi\Lo&lt;/nameDefined&gt;&lt;uomDefinedID&gt;24&lt;/uomDefinedID&gt;&lt;UOMName&gt;MM&lt;/UOMName&gt;&lt;UOMDescription&gt;MILIMETERS&lt;/UOMDescription&gt;&lt;serialNumber&gt;FTW2M160006ye&lt;/serialNumber&gt;&lt;avrg&gt;0.002575&lt;/avrg&gt;&lt;/Row&gt;&lt;Row&gt;&lt;notifRecordID&gt;114493&lt;/notifRecordID&gt;&lt;notifTagID&gt;123&lt;/notifTagID&gt;&lt;notifTagValue&gt;0.002&lt;/notifTagValue&gt;&lt;recordID&gt;114493&lt;/recordID&gt;&lt;notifName&gt;TransCtr&lt;/notifName&gt;&lt;notifDescription&gt;P558_JENOPTIK&lt;/notifDescription&gt;&lt;CreatedBy&gt;SYSTEM&lt;/CreatedBy&gt;&lt;CreatedOn&gt;2016-12-18T05:56:31&lt;/CreatedOn&gt;&lt;ModifiedBy&gt;System&lt;/ModifiedBy&gt;&lt;ModifiedOn&gt;2016-12-18T05:56:33&lt;/ModifiedOn&gt;&lt;tagName&gt;Data_00&lt;/tagName&gt;&lt;tagTypeID&gt;8&lt;/tagTypeID&gt;&lt;tagGroupID&gt;1&lt;/tagGroupID&gt;&lt;tagFunctionID&gt;4&lt;/tagFunctionID&gt;&lt;COM_typeName&gt;TSend&lt;/COM_typeName&gt;&lt;FNC_typeName&gt;DefDataTable&lt;/FNC_typeName&gt;&lt;OPC_typeName&gt;FLOAT&lt;/OPC_typeName&gt;&lt;unitID&gt;36&lt;/unitID&gt;&lt;lineID&gt;35&lt;/lineID&gt;&lt;nameDefined&gt;Hi\Lo&lt;/nameDefined&gt;&lt;uomDefinedID&gt;24&lt;/uomDefinedID&gt;&lt;UOMName&gt;MM&lt;/UOMName&gt;&lt;UOMDescription&gt;MILIMETERS&lt;/UOMDescription&gt;&lt;serialNumber&gt;FTW2M160006ye&lt;/serialNumber&gt;&lt;avrg&gt;0.002575&lt;/avrg&gt;&lt;/Row&gt;&lt;Row&gt;&lt;notifRecordID&gt;114497&lt;/notifRecordID&gt;&lt;notifTagID&gt;123&lt;/notifTagID&gt;&lt;notifTagValue&gt;0.003&lt;/notifTagValue&gt;&lt;recordID&gt;114497&lt;/recordID&gt;&lt;notifName&gt;TransCtr&lt;/notifName&gt;&lt;notifDescription&gt;P558_JENOPTIK&lt;/notifDescription&gt;&lt;CreatedBy&gt;SYSTEM&lt;/CreatedBy&gt;&lt;CreatedOn&gt;2016-12-18T05:59:14&lt;/CreatedOn&gt;&lt;ModifiedBy&gt;System&lt;/ModifiedBy&gt;&lt;ModifiedOn&gt;2016-12-18T05:59:16&lt;/ModifiedOn&gt;&lt;tagName&gt;Data_00&lt;/tagName&gt;&lt;tagTypeID&gt;8&lt;/tagTypeID&gt;&lt;tagGroupID&gt;1&lt;/tagGroupID&gt;&lt;tagFunctionID&gt;4&lt;/tagFunctionID&gt;&lt;COM_typeName&gt;TSend&lt;/COM_typeName&gt;&lt;FNC_typeName&gt;DefDataTable&lt;/FNC_typeName&gt;&lt;OPC_typeName&gt;FLOAT&lt;/OPC_typeName&gt;&lt;unitID&gt;36&lt;/unitID&gt;&lt;lineID&gt;35&lt;/lineID&gt;&lt;nameDefined&gt;Hi\Lo&lt;/nameDefined&gt;&lt;uomDefinedID&gt;24&lt;/uomDefinedID&gt;&lt;UOMName&gt;MM&lt;/UOMName&gt;&lt;UOMDescription&gt;MILIMETERS&lt;/UOMDescription&gt;&lt;serialNumber&gt;FTW3M16000ara&lt;/serialNumber&gt;&lt;avrg&gt;0.002575&lt;/avrg&gt;&lt;/Row&gt;&lt;Row&gt;&lt;notifRecordID&gt;114508&lt;/notifRecordID&gt;&lt;notifTagID&gt;123&lt;/notifTagID&gt;&lt;notifTagValue&gt;0.002&lt;/notifTagValue&gt;&lt;recordID&gt;114508&lt;/recordID&gt;&lt;notifName&gt;TransCtr&lt;/notifName&gt;&lt;notifDescription&gt;P558_JENOPTIK&lt;/notifDescription&gt;&lt;CreatedBy&gt;SYSTEM&lt;/CreatedBy&gt;&lt;CreatedOn&gt;2016-12-18T06:22:22&lt;/CreatedOn&gt;&lt;ModifiedBy&gt;System&lt;/ModifiedBy&gt;&lt;ModifiedOn&gt;2016-12-18T06:22:24&lt;/ModifiedOn&gt;&lt;tagName&gt;Data_00&lt;/tagName&gt;&lt;tagTypeID&gt;8&lt;/tagTypeID&gt;&lt;tagGroupID&gt;1&lt;/tagGroupID&gt;&lt;tagFunctionID&gt;4&lt;/tagFunctionID&gt;&lt;COM_typeName&gt;TSend&lt;/COM_typeName&gt;&lt;FNC_typeName&gt;DefDataTable&lt;/FNC_typeName&gt;&lt;OPC_typeName&gt;FLOAT&lt;/OPC_typeName&gt;&lt;unitID&gt;36&lt;/unitID&gt;&lt;lineID&gt;35&lt;/lineID&gt;&lt;nameDefined&gt;Hi\Lo&lt;/nameDefined&gt;&lt;uomDefinedID&gt;24&lt;/uomDefinedID&gt;&lt;UOMName&gt;MM&lt;/UOMName&gt;&lt;UOMDescription&gt;MILIMETERS&lt;/UOMDescription&gt;&lt;serialNumber&gt;FTW2M160006yf&lt;/serialNumber&gt;&lt;avrg&gt;0.002575&lt;/avrg&gt;&lt;/Row&gt;&lt;Row&gt;&lt;notifRecordID&gt;114511&lt;/notifRecordID&gt;&lt;notifTagID&gt;123&lt;/notifTagID&gt;&lt;notifTagValue&gt;0.001&lt;/notifTagValue&gt;&lt;recordID&gt;114511&lt;/recordID&gt;&lt;notifName&gt;TransCtr&lt;/notifName&gt;&lt;notifDescription&gt;P558_JENOPTIK&lt;/notifDescription&gt;&lt;CreatedBy&gt;SYSTEM&lt;/CreatedBy&gt;&lt;CreatedOn&gt;2016-12-18T06:23:45&lt;/CreatedOn&gt;&lt;ModifiedBy&gt;System&lt;/ModifiedBy&gt;&lt;ModifiedOn&gt;2016-12-18T06:23:47&lt;/ModifiedOn&gt;&lt;tagName&gt;Data_00&lt;/tagName&gt;&lt;tagTypeID&gt;8&lt;/tagTypeID&gt;&lt;tagGroupID&gt;1&lt;/tagGroupID&gt;&lt;tagFunctionID&gt;4&lt;/tagFunctionID&gt;&lt;COM_typeName&gt;TSend&lt;/COM_typeName&gt;&lt;FNC_typeName&gt;DefDataTable&lt;/FNC_typeName&gt;&lt;OPC_typeName&gt;FLOAT&lt;/OPC_typeName&gt;&lt;unitID&gt;36&lt;/unitID&gt;&lt;lineID&gt;35&lt;/lineID&gt;&lt;nameDefined&gt;Hi\Lo&lt;/nameDefined&gt;&lt;uomDefinedID&gt;24&lt;/uomDefinedID&gt;&lt;UOMName&gt;MM&lt;/UOMName&gt;&lt;UOMDescription&gt;MILIMETERS&lt;/UOMDescription&gt;&lt;serialNumber&gt;FTW3M16000arc&lt;/serialNumber&gt;&lt;avrg&gt;0.002575&lt;/avrg&gt;&lt;/Row&gt;&lt;Row&gt;&lt;notifRecordID&gt;114514&lt;/notifRecordID&gt;&lt;notifTagID&gt;123&lt;/notifTagID&gt;&lt;notifTagValue&gt;-0.001&lt;/notifTagValue&gt;&lt;recordID&gt;114514&lt;/recordID&gt;&lt;notifName&gt;TransCtr&lt;/notifName&gt;&lt;notifDescription&gt;P558_JENOPTIK&lt;/notifDescription&gt;&lt;CreatedBy&gt;SYSTEM&lt;/CreatedBy&gt;&lt;CreatedOn&gt;2016-12-18T06:25:24&lt;/CreatedOn&gt;&lt;ModifiedBy&gt;System&lt;/ModifiedBy&gt;&lt;ModifiedOn&gt;2016-12-18T06:25:26&lt;/ModifiedOn&gt;&lt;tagName&gt;Data_00&lt;/tagName&gt;&lt;tagTypeID&gt;8&lt;/tagTypeID&gt;&lt;tagGroupID&gt;1&lt;/tagGroupID&gt;&lt;tagFunctionID&gt;4&lt;/tagFunctionID&gt;&lt;COM_typeName&gt;TSend&lt;/COM_typeName&gt;&lt;FNC_typeName&gt;DefDataTable&lt;/FNC_typeName&gt;&lt;OPC_typeName&gt;FLOAT&lt;/OPC_typeName&gt;&lt;unitID&gt;36&lt;/unitID&gt;&lt;lineID&gt;35&lt;/lineID&gt;&lt;nameDefined&gt;Hi\Lo&lt;/nameDefined&gt;&lt;uomDefinedID&gt;24&lt;/uomDefinedID&gt;&lt;UOMName&gt;MM&lt;/UOMName&gt;&lt;UOMDescription&gt;MILIMETERS&lt;/UOMDescription&gt;&lt;serialNumber&gt;FTW3M16000ard&lt;/serialNumber&gt;&lt;avrg&gt;0.002575&lt;/avrg&gt;&lt;/Row&gt;&lt;Row&gt;&lt;notifRecordID&gt;114516&lt;/notifRecordID&gt;&lt;notifTagID&gt;123&lt;/notifTagID&gt;&lt;notifTagValue&gt;0.002&lt;/notifTagValue&gt;&lt;recordID&gt;114516&lt;/recordID&gt;&lt;notifName&gt;TransCtr&lt;/notifName&gt;&lt;notifDescription&gt;P558_JENOPTIK&lt;/notifDescription&gt;&lt;CreatedBy&gt;SYSTEM&lt;/CreatedBy&gt;&lt;CreatedOn&gt;2016-12-18T06:29:55&lt;/CreatedOn&gt;&lt;ModifiedBy&gt;System&lt;/ModifiedBy&gt;&lt;ModifiedOn&gt;2016-12-18T06:29:57&lt;/ModifiedOn&gt;&lt;tagName&gt;Data_00&lt;/tagName&gt;&lt;tagTypeID&gt;8&lt;/tagTypeID&gt;&lt;tagGroupID&gt;1&lt;/tagGroupID&gt;&lt;tagFunctionID&gt;4&lt;/tagFunctionID&gt;&lt;COM_typeName&gt;TSend&lt;/COM_typeName&gt;&lt;FNC_typeName&gt;DefDataTable&lt;/FNC_typeName&gt;&lt;OPC_typeName&gt;FLOAT&lt;/OPC_typeName&gt;&lt;unitID&gt;36&lt;/unitID&gt;&lt;lineID&gt;35&lt;/lineID&gt;&lt;nameDefined&gt;Hi\Lo&lt;/nameDefined&gt;&lt;uomDefinedID&gt;24&lt;/uomDefinedID&gt;&lt;UOMName&gt;MM&lt;/UOMName&gt;&lt;UOMDescription&gt;MILIMETERS&lt;/UOMDescription&gt;&lt;serialNumber&gt;FTW2M160006ye&lt;/serialNumber&gt;&lt;avrg&gt;0.002575&lt;/avrg&gt;&lt;/Row&gt;&lt;Row&gt;&lt;notifRecordID&gt;114519&lt;/notifRecordID&gt;&lt;notifTagID&gt;123&lt;/notifTagID&gt;&lt;notifTagValue&gt;-0.002&lt;/notifTagValue&gt;&lt;recordID&gt;114519&lt;/recordID&gt;&lt;notifName&gt;TransCtr&lt;/notifName&gt;&lt;notifDescription&gt;P558_JENOPTIK&lt;/notifDescription&gt;&lt;CreatedBy&gt;SYSTEM&lt;/CreatedBy&gt;&lt;CreatedOn&gt;2016-12-18T06:34:24&lt;/CreatedOn&gt;&lt;ModifiedBy&gt;System&lt;/ModifiedBy&gt;&lt;ModifiedOn&gt;2016-12-18T06:34:26&lt;/ModifiedOn&gt;&lt;tagName&gt;Data_00&lt;/tagName&gt;&lt;tagTypeID&gt;8&lt;/tagTypeID&gt;&lt;tagGroupID&gt;1&lt;/tagGroupID&gt;&lt;tagFunctionID&gt;4&lt;/tagFunctionID&gt;&lt;COM_typeName&gt;TSend&lt;/COM_typeName&gt;&lt;FNC_typeName&gt;DefDataTable&lt;/FNC_typeName&gt;&lt;OPC_typeName&gt;FLOAT&lt;/OPC_typeName&gt;&lt;unitID&gt;36&lt;/unitID&gt;&lt;lineID&gt;35&lt;/lineID&gt;&lt;nameDefined&gt;Hi\Lo&lt;/nameDefined&gt;&lt;uomDefinedID&gt;24&lt;/uomDefinedID&gt;&lt;UOMName&gt;MM&lt;/UOMName&gt;&lt;UOMDescription&gt;MILIMETERS&lt;/UOMDescription&gt;&lt;serialNumber&gt;FTW2M160006yh&lt;/serialNumber&gt;&lt;avrg&gt;0.002575&lt;/avrg&gt;&lt;/Row&gt;&lt;Row&gt;&lt;notifRecordID&gt;114531&lt;/notifRecordID&gt;&lt;notifTagID&gt;123&lt;/notifTagID&gt;&lt;notifTagValue&gt;0.003&lt;/notifTagValue&gt;&lt;recordID&gt;114531&lt;/recordID&gt;&lt;notifName&gt;TransCtr&lt;/notifName&gt;&lt;notifDescription&gt;P558_JENOPTIK&lt;/notifDescription&gt;&lt;CreatedBy&gt;SYSTEM&lt;/CreatedBy&gt;&lt;CreatedOn&gt;2016-12-18T06:56:46&lt;/CreatedOn&gt;&lt;ModifiedBy&gt;System&lt;/ModifiedBy&gt;&lt;ModifiedOn&gt;2016-12-18T06:56:48&lt;/ModifiedOn&gt;&lt;tagName&gt;Data_00&lt;/tagName&gt;&lt;tagTypeID&gt;8&lt;/tagTypeID&gt;&lt;tagGroupID&gt;1&lt;/tagGroupID&gt;&lt;tagFunctionID&gt;4&lt;/tagFunctionID&gt;&lt;COM_typeName&gt;TSend&lt;/COM_typeName&gt;&lt;FNC_typeName&gt;DefDataTable&lt;/FNC_typeName&gt;&lt;OPC_typeName&gt;FLOAT&lt;/OPC_typeName&gt;&lt;unitID&gt;36&lt;/unitID&gt;&lt;lineID&gt;35&lt;/lineID&gt;&lt;nameDefined&gt;Hi\Lo&lt;/nameDefined&gt;&lt;uomDefinedID&gt;24&lt;/uomDefinedID&gt;&lt;UOMName&gt;MM&lt;/UOMName&gt;&lt;UOMDescription&gt;MILIMETERS&lt;/UOMDescription&gt;&lt;serialNumber&gt;FTW3M16000are&lt;/serialNumber&gt;&lt;avrg&gt;0.002575&lt;/avrg&gt;&lt;/Row&gt;&lt;Row&gt;&lt;notifRecordID&gt;114533&lt;/notifRecordID&gt;&lt;notifTagID&gt;123&lt;/notifTagID&gt;&lt;notifTagValue&gt;0.007&lt;/notifTagValue&gt;&lt;recordID&gt;114533&lt;/recordID&gt;&lt;notifName&gt;TransCtr&lt;/notifName&gt;&lt;notifDescription&gt;P558_JENOPTIK&lt;/notifDescription&gt;&lt;CreatedBy&gt;SYSTEM&lt;/CreatedBy&gt;&lt;CreatedOn&gt;2016-12-18T06:58:20&lt;/CreatedOn&gt;&lt;ModifiedBy&gt;System&lt;/ModifiedBy&gt;&lt;ModifiedOn&gt;2016-12-18T06:58:22&lt;/ModifiedOn&gt;&lt;tagName&gt;Data_00&lt;/tagName&gt;&lt;tagTypeID&gt;8&lt;/tagTypeID&gt;&lt;tagGroupID&gt;1&lt;/tagGroupID&gt;&lt;tagFunctionID&gt;4&lt;/tagFunctionID&gt;&lt;COM_typeName&gt;TSend&lt;/COM_typeName&gt;&lt;FNC_typeName&gt;DefDataTable&lt;/FNC_typeName&gt;&lt;OPC_typeName&gt;FLOAT&lt;/OPC_typeName&gt;&lt;unitID&gt;36&lt;/unitID&gt;&lt;lineID&gt;35&lt;/lineID&gt;&lt;nameDefined&gt;Hi\Lo&lt;/nameDefined&gt;&lt;uomDefinedID&gt;24&lt;/uomDefinedID&gt;&lt;UOMName&gt;MM&lt;/UOMName&gt;&lt;UOMDescription&gt;MILIMETERS&lt;/UOMDescription&gt;&lt;serialNumber&gt;FTW2M160006yi&lt;/serialNumber&gt;&lt;avrg&gt;0.002575&lt;/avrg&gt;&lt;/Row&gt;&lt;Row&gt;&lt;notifRecordID&gt;114537&lt;/notifRecordID&gt;&lt;notifTagID&gt;123&lt;/notifTagID&gt;&lt;notifTagValue&gt;0.006&lt;/notifTagValue&gt;&lt;recordID&gt;114537&lt;/recordID&gt;&lt;notifName&gt;TransCtr&lt;/notifName&gt;&lt;notifDescription&gt;P558_JENOPTIK&lt;/notifDescription&gt;&lt;CreatedBy&gt;SYSTEM&lt;/CreatedBy&gt;&lt;CreatedOn&gt;2016-12-18T06:59:48&lt;/CreatedOn&gt;&lt;ModifiedBy&gt;System&lt;/ModifiedBy&gt;&lt;ModifiedOn&gt;2016-12-18T06:59:50&lt;/ModifiedOn&gt;&lt;tagName&gt;Data_00&lt;/tagName&gt;&lt;tagTypeID&gt;8&lt;/tagTypeID&gt;&lt;tagGroupID&gt;1&lt;/tagGroupID&gt;&lt;tagFunctionID&gt;4&lt;/tagFunctionID&gt;&lt;COM_typeName&gt;TSend&lt;/COM_typeName&gt;&lt;FNC_typeName&gt;DefDataTable&lt;/FNC_typeName&gt;&lt;OPC_typeName&gt;FLOAT&lt;/OPC_typeName&gt;&lt;unitID&gt;36&lt;/unitID&gt;&lt;lineID&gt;35&lt;/lineID&gt;&lt;nameDefined&gt;Hi\Lo&lt;/nameDefined&gt;&lt;uomDefinedID&gt;24&lt;/uomDefinedID&gt;&lt;UOMName&gt;MM&lt;/UOMName&gt;&lt;UOMDescription&gt;MILIMETERS&lt;/UOMDescription&gt;&lt;serialNumber&gt;FTW3M16000arf&lt;/serialNumber&gt;&lt;avrg&gt;0.002575&lt;/avrg&gt;&lt;/Row&gt;&lt;Row&gt;&lt;notifRecordID&gt;114546&lt;/notifRecordID&gt;&lt;notifTagID&gt;123&lt;/notifTagID&gt;&lt;notifTagValue&gt;-0.004&lt;/notifTagValue&gt;&lt;recordID&gt;114546&lt;/recordID&gt;&lt;notifName&gt;TransCtr&lt;/notifName&gt;&lt;notifDescription&gt;P558_JENOPTIK&lt;/notifDescription&gt;&lt;CreatedBy&gt;SYSTEM&lt;/CreatedBy&gt;&lt;CreatedOn&gt;2016-12-18T07:16:51&lt;/CreatedOn&gt;&lt;ModifiedBy&gt;System&lt;/ModifiedBy&gt;&lt;ModifiedOn&gt;2016-12-18T07:16:53&lt;/ModifiedOn&gt;&lt;tagName&gt;Data_00&lt;/tagName&gt;&lt;tagTypeID&gt;8&lt;/tagTypeID&gt;&lt;tagGroupID&gt;1&lt;/tagGroupID&gt;&lt;tagFunctionID&gt;4&lt;/tagFunctionID&gt;&lt;COM_typeName&gt;TSend&lt;/COM_typeName&gt;&lt;FNC_typeName&gt;DefDataTable&lt;/FNC_typeName&gt;&lt;OPC_typeName&gt;FLOAT&lt;/OPC_typeName&gt;&lt;unitID&gt;36&lt;/unitID&gt;&lt;lineID&gt;35&lt;/lineID&gt;&lt;nameDefined&gt;Hi\Lo&lt;/nameDefined&gt;&lt;uomDefinedID&gt;24&lt;/uomDefinedID&gt;&lt;UOMName&gt;MM&lt;/UOMName&gt;&lt;UOMDescription&gt;MILIMETERS&lt;/UOMDescription&gt;&lt;serialNumber&gt;FTW2M160006yj&lt;/serialNumber&gt;&lt;avrg&gt;0.002575&lt;/avrg&gt;&lt;/Row&gt;&lt;Row&gt;&lt;notifRecordID&gt;114549&lt;/notifRecordID&gt;&lt;notifTagID&gt;123&lt;/notifTagID&gt;&lt;notifTagValue&gt;-0.004&lt;/notifTagValue&gt;&lt;recordID&gt;114549&lt;/recordID&gt;&lt;notifName&gt;TransCtr&lt;/notifName&gt;&lt;notifDescription&gt;P558_JENOPTIK&lt;/notifDescription&gt;&lt;CreatedBy&gt;SYSTEM&lt;/CreatedBy&gt;&lt;CreatedOn&gt;2016-12-18T07:20:47&lt;/CreatedOn&gt;&lt;ModifiedBy&gt;System&lt;/ModifiedBy&gt;&lt;ModifiedOn&gt;2016-12-18T07:20:49&lt;/ModifiedOn&gt;&lt;tagName&gt;Data_00&lt;/tagName&gt;&lt;tagTypeID&gt;8&lt;/tagTypeID&gt;&lt;tagGroupID&gt;1&lt;/tagGroupID&gt;&lt;tagFunctionID&gt;4&lt;/tagFunctionID&gt;&lt;COM_typeName&gt;TSend&lt;/COM_typeName&gt;&lt;FNC_typeName&gt;DefDataTable&lt;/FNC_typeName&gt;&lt;OPC_typeName&gt;FLOAT&lt;/OPC_typeName&gt;&lt;unitID&gt;36&lt;/unitID&gt;&lt;lineID&gt;35&lt;/lineID&gt;&lt;nameDefined&gt;Hi\Lo&lt;/nameDefined&gt;&lt;uomDefinedID&gt;24&lt;/uomDefinedID&gt;&lt;UOMName&gt;MM&lt;/UOMName&gt;&lt;UOMDescription&gt;MILIMETERS&lt;/UOMDescription&gt;&lt;serialNumber&gt;FTW3M16000arg&lt;/serialNumber&gt;&lt;avrg&gt;0.002575&lt;/avrg&gt;&lt;/Row&gt;&lt;Row&gt;&lt;notifRecordID&gt;114559&lt;/notifRecordID&gt;&lt;notifTagID&gt;123&lt;/notifTagID&gt;&lt;notifTagValue&gt;0.004&lt;/notifTagValue&gt;&lt;recordID&gt;114559&lt;/recordID&gt;&lt;notifName&gt;TransCtr&lt;/notifName&gt;&lt;notifDescription&gt;P558_JENOPTIK&lt;/notifDescription&gt;&lt;CreatedBy&gt;SYSTEM&lt;/CreatedBy&gt;&lt;CreatedOn&gt;2016-12-18T07:34:47&lt;/CreatedOn&gt;&lt;ModifiedBy&gt;System&lt;/ModifiedBy&gt;&lt;ModifiedOn&gt;2016-12-18T07:34:49&lt;/ModifiedOn&gt;&lt;tagName&gt;Data_00&lt;/tagName&gt;&lt;tagTypeID&gt;8&lt;/tagTypeID&gt;&lt;tagGroupID&gt;1&lt;/tagGroupID&gt;&lt;tagFunctionID&gt;4&lt;/tagFunctionID&gt;&lt;COM_typeName&gt;TSend&lt;/COM_typeName&gt;&lt;FNC_typeName&gt;DefDataTable&lt;/FNC_typeName&gt;&lt;OPC_typeName&gt;FLOAT&lt;/OPC_typeName&gt;&lt;unitID&gt;36&lt;/unitID&gt;&lt;lineID&gt;35&lt;/lineID&gt;&lt;nameDefined&gt;Hi\Lo&lt;/nameDefined&gt;&lt;uomDefinedID&gt;24&lt;/uomDefinedID&gt;&lt;UOMName&gt;MM&lt;/UOMName&gt;&lt;UOMDescription&gt;MILIMETERS&lt;/UOMDescription&gt;&lt;serialNumber&gt;FTW3M16000arh&lt;/serialNumber&gt;&lt;avrg&gt;0.002575&lt;/avrg&gt;&lt;/Row&gt;&lt;Row&gt;&lt;notifRecordID&gt;114568&lt;/notifRecordID&gt;&lt;notifTagID&gt;123&lt;/notifTagID&gt;&lt;notifTagValue&gt;0.006&lt;/notifTagValue&gt;&lt;recordID&gt;114568&lt;/recordID&gt;&lt;notifName&gt;TransCtr&lt;/notifName&gt;&lt;notifDescription&gt;P558_JENOPTIK&lt;/notifDescription&gt;&lt;CreatedBy&gt;SYSTEM&lt;/CreatedBy&gt;&lt;CreatedOn&gt;2016-12-18T07:46:49&lt;/CreatedOn&gt;&lt;ModifiedBy&gt;System&lt;/ModifiedBy&gt;&lt;ModifiedOn&gt;2016-12-18T07:46:51&lt;/ModifiedOn&gt;&lt;tagName&gt;Data_00&lt;/tagName&gt;&lt;tagTypeID&gt;8&lt;/tagTypeID&gt;&lt;tagGroupID&gt;1&lt;/tagGroupID&gt;&lt;tagFunctionID&gt;4&lt;/tagFunctionID&gt;&lt;COM_typeName&gt;TSend&lt;/COM_typeName&gt;&lt;FNC_typeName&gt;DefDataTable&lt;/FNC_typeName&gt;&lt;OPC_typeName&gt;FLOAT&lt;/OPC_typeName&gt;&lt;unitID&gt;36&lt;/unitID&gt;&lt;lineID&gt;35&lt;/lineID&gt;&lt;nameDefined&gt;Hi\Lo&lt;/nameDefined&gt;&lt;uomDefinedID&gt;24&lt;/uomDefinedID&gt;&lt;UOMName&gt;MM&lt;/UOMName&gt;&lt;UOMDescription&gt;MILIMETERS&lt;/UOMDescription&gt;&lt;serialNumber&gt;FTW2M160006yl&lt;/serialNumber&gt;&lt;avrg&gt;0.002575&lt;/avrg&gt;&lt;/Row&gt;&lt;Row&gt;&lt;notifRecordID&gt;114570&lt;/notifRecordID&gt;&lt;notifTagID&gt;123&lt;/notifTagID&gt;&lt;notifTagValue&gt;0.002&lt;/notifTagValue&gt;&lt;recordID&gt;114570&lt;/recordID&gt;&lt;notifName&gt;TransCtr&lt;/notifName&gt;&lt;notifDescription&gt;P558_JENOPTIK&lt;/notifDescription&gt;&lt;CreatedBy&gt;SYSTEM&lt;/CreatedBy&gt;&lt;CreatedOn&gt;2016-12-18T07:48:55&lt;/CreatedOn&gt;&lt;ModifiedBy&gt;System&lt;/ModifiedBy&gt;&lt;ModifiedOn&gt;2016-12-18T07:48:57&lt;/ModifiedOn&gt;&lt;tagName&gt;Data_00&lt;/tagName&gt;&lt;tagTypeID&gt;8&lt;/tagTypeID&gt;&lt;tagGroupID&gt;1&lt;/tagGroupID&gt;&lt;tagFunctionID&gt;4&lt;/tagFunctionID&gt;&lt;COM_typeName&gt;TSend&lt;/COM_typeName&gt;&lt;FNC_typeName&gt;DefDataTable&lt;/FNC_typeName&gt;&lt;OPC_typeName&gt;FLOAT&lt;/OPC_typeName&gt;&lt;unitID&gt;36&lt;/unitID&gt;&lt;lineID&gt;35&lt;/lineID&gt;&lt;nameDefined&gt;Hi\Lo&lt;/nameDefined&gt;&lt;uomDefinedID&gt;24&lt;/uomDefinedID&gt;&lt;UOMName&gt;MM&lt;/UOMName&gt;&lt;UOMDescription&gt;MILIMETERS&lt;/UOMDescription&gt;&lt;serialNumber&gt;FTW3M16000ari&lt;/serialNumber&gt;&lt;avrg&gt;0.002575&lt;/avrg&gt;&lt;/Row&gt;&lt;Row&gt;&lt;notifRecordID&gt;114573&lt;/notifRecordID&gt;&lt;notifTagID&gt;123&lt;/notifTagID&gt;&lt;notifTagValue&gt;0.004&lt;/notifTagValue&gt;&lt;recordID&gt;114573&lt;/recordID&gt;&lt;notifName&gt;TransCtr&lt;/notifName&gt;&lt;notifDescription&gt;P558_JENOPTIK&lt;/notifDescription&gt;&lt;CreatedBy&gt;SYSTEM&lt;/CreatedBy&gt;&lt;CreatedOn&gt;2016-12-18T07:50:10&lt;/CreatedOn&gt;&lt;ModifiedBy&gt;System&lt;/ModifiedBy&gt;&lt;ModifiedOn&gt;2016-12-18T07:50:12&lt;/ModifiedOn&gt;&lt;tagName&gt;Data_00&lt;/tagName&gt;&lt;tagTypeID&gt;8&lt;/tagTypeID&gt;&lt;tagGroupID&gt;1&lt;/tagGroupID&gt;&lt;tagFunctionID&gt;4&lt;/tagFunctionID&gt;&lt;COM_typeName&gt;TSend&lt;/COM_typeName&gt;&lt;FNC_typeName&gt;DefDataTable&lt;/FNC_typeName&gt;&lt;OPC_typeName&gt;FLOAT&lt;/OPC_typeName&gt;&lt;unitID&gt;36&lt;/unitID&gt;&lt;lineID&gt;35&lt;/lineID&gt;&lt;nameDefined&gt;Hi\Lo&lt;/nameDefined&gt;&lt;uomDefinedID&gt;24&lt;/uomDefinedID&gt;&lt;UOMName&gt;MM&lt;/UOMName&gt;&lt;UOMDescription&gt;MILIMETERS&lt;/UOMDescription&gt;&lt;serialNumber&gt;FTW3M16000arj&lt;/serialNumber&gt;&lt;avrg&gt;0.002575&lt;/avrg&gt;&lt;/Row&gt;&lt;Row&gt;&lt;notifRecordID&gt;114576&lt;/notifRecordID&gt;&lt;notifTagID&gt;123&lt;/notifTagID&gt;&lt;notifTagValue&gt;-0.002&lt;/notifTagValue&gt;&lt;recordID&gt;114576&lt;/recordID&gt;&lt;notifName&gt;TransCtr&lt;/notifName&gt;&lt;notifDescription&gt;P558_JENOPTIK&lt;/notifDescription&gt;&lt;CreatedBy&gt;SYSTEM&lt;/CreatedBy&gt;&lt;CreatedOn&gt;2016-12-18T07:51:29&lt;/CreatedOn&gt;&lt;ModifiedBy&gt;System&lt;/ModifiedBy&gt;&lt;ModifiedOn&gt;2016-12-18T07:51:31&lt;/ModifiedOn&gt;&lt;tagName&gt;Data_00&lt;/tagName&gt;&lt;tagTypeID&gt;8&lt;/tagTypeID&gt;&lt;tagGroupID&gt;1&lt;/tagGroupID&gt;&lt;tagFunctionID&gt;4&lt;/tagFunctionID&gt;&lt;COM_typeName&gt;TSend&lt;/COM_typeName&gt;&lt;FNC_typeName&gt;DefDataTable&lt;/FNC_typeName&gt;&lt;OPC_typeName&gt;FLOAT&lt;/OPC_typeName&gt;&lt;unitID&gt;36&lt;/unitID&gt;&lt;lineID&gt;35&lt;/lineID&gt;&lt;nameDefined&gt;Hi\Lo&lt;/nameDefined&gt;&lt;uomDefinedID&gt;24&lt;/uomDefinedID&gt;&lt;UOMName&gt;MM&lt;/UOMName&gt;&lt;UOMDescription&gt;MILIMETERS&lt;/UOMDescription&gt;&lt;serialNumber&gt;FTW2M160006ym&lt;/serialNumber&gt;&lt;avrg&gt;0.002575&lt;/avrg&gt;&lt;/Row&gt;&lt;Row&gt;&lt;notifRecordID&gt;114582&lt;/notifRecordID&gt;&lt;notifTagID&gt;123&lt;/notifTagID&gt;&lt;notifTagValue&gt;-0.002&lt;/notifTagValue&gt;&lt;recordID&gt;114582&lt;/recordID&gt;&lt;notifName&gt;TransCtr&lt;/notifName&gt;&lt;notifDescription&gt;P558_JENOPTIK&lt;/notifDescription&gt;&lt;CreatedBy&gt;SYSTEM&lt;/CreatedBy&gt;&lt;CreatedOn&gt;2016-12-18T07:59:12&lt;/CreatedOn&gt;&lt;ModifiedBy&gt;System&lt;/ModifiedBy&gt;&lt;ModifiedOn&gt;2016-12-18T07:59:14&lt;/ModifiedOn&gt;&lt;tagName&gt;Data_00&lt;/tagName&gt;&lt;tagTypeID&gt;8&lt;/tagTypeID&gt;&lt;tagGroupID&gt;1&lt;/tagGroupID&gt;&lt;tagFunctionID&gt;4&lt;/tagFunctionID&gt;&lt;COM_typeName&gt;TSend&lt;/COM_typeName&gt;&lt;FNC_typeName&gt;DefDataTable&lt;/FNC_typeName&gt;&lt;OPC_typeName&gt;FLOAT&lt;/OPC_typeName&gt;&lt;unitID&gt;36&lt;/unitID&gt;&lt;lineID&gt;35&lt;/lineID&gt;&lt;nameDefined&gt;Hi\Lo&lt;/nameDefined&gt;&lt;uomDefinedID&gt;24&lt;/uomDefinedID&gt;&lt;UOMName&gt;MM&lt;/UOMName&gt;&lt;UOMDescription&gt;MILIMETERS&lt;/UOMDescription&gt;&lt;serialNumber&gt;FTW3M16000ark&lt;/serialNumber&gt;&lt;avrg&gt;0.002575&lt;/avrg&gt;&lt;/Row&gt;&lt;Row&gt;&lt;notifRecordID&gt;114588&lt;/notifRecordID&gt;&lt;notifTagID&gt;123&lt;/notifTagID&gt;&lt;notifTagValue&gt;-0.004&lt;/notifTagValue&gt;&lt;recordID&gt;114588&lt;/recordID&gt;&lt;notifName&gt;TransCtr&lt;/notifName&gt;&lt;notifDescription&gt;P558_JENOPTIK&lt;/notifDescription&gt;&lt;CreatedBy&gt;SYSTEM&lt;/CreatedBy&gt;&lt;CreatedOn&gt;2016-12-18T08:06:31&lt;/CreatedOn&gt;&lt;ModifiedBy&gt;System&lt;/ModifiedBy&gt;&lt;ModifiedOn&gt;2016-12-18T08:06:33&lt;/ModifiedOn&gt;&lt;tagName&gt;Data_00&lt;/tagName&gt;&lt;tagTypeID&gt;8&lt;/tagTypeID&gt;&lt;tagGroupID&gt;1&lt;/tagGroupID&gt;&lt;tagFunctionID&gt;4&lt;/tagFunctionID&gt;&lt;COM_typeName&gt;TSend&lt;/COM_typeName&gt;&lt;FNC_typeName&gt;DefDataTable&lt;/FNC_typeName&gt;&lt;OPC_typeName&gt;FLOAT&lt;/OPC_typeName&gt;&lt;unitID&gt;36&lt;/unitID&gt;&lt;lineID&gt;35&lt;/lineID&gt;&lt;nameDefined&gt;Hi\Lo&lt;/nameDefined&gt;&lt;uomDefinedID&gt;24&lt;/uomDefinedID&gt;&lt;UOMName&gt;MM&lt;/UOMName&gt;&lt;UOMDescription&gt;MILIMETERS&lt;/UOMDescription&gt;&lt;serialNumber&gt;FTW2M160006yn&lt;/serialNumber&gt;&lt;avrg&gt;0.002575&lt;/avrg&gt;&lt;/Row&gt;&lt;Row&gt;&lt;notifRecordID&gt;114591&lt;/notifRecordID&gt;&lt;notifTagID&gt;123&lt;/notifTagID&gt;&lt;notifTagValue&gt;0.006&lt;/notifTagValue&gt;&lt;recordID&gt;114591&lt;/recordID&gt;&lt;notifName&gt;TransCtr&lt;/notifName&gt;&lt;notifDescription&gt;P558_JENOPTIK&lt;/notifDescription&gt;&lt;CreatedBy&gt;SYSTEM&lt;/CreatedBy&gt;&lt;CreatedOn&gt;2016-12-18T08:08:02&lt;/CreatedOn&gt;&lt;ModifiedBy&gt;System&lt;/ModifiedBy&gt;&lt;ModifiedOn&gt;2016-12-18T08:08:04&lt;/ModifiedOn&gt;&lt;tagName&gt;Data_00&lt;/tagName&gt;&lt;tagTypeID&gt;8&lt;/tagTypeID&gt;&lt;tagGroupID&gt;1&lt;/tagGroupID&gt;&lt;tagFunctionID&gt;4&lt;/tagFunctionID&gt;&lt;COM_typeName&gt;TSend&lt;/COM_typeName&gt;&lt;FNC_typeName&gt;DefDataTable&lt;/FNC_typeName&gt;&lt;OPC_typeName&gt;FLOAT&lt;/OPC_typeName&gt;&lt;unitID&gt;36&lt;/unitID&gt;&lt;lineID&gt;35&lt;/lineID&gt;&lt;nameDefined&gt;Hi\Lo&lt;/nameDefined&gt;&lt;uomDefinedID&gt;24&lt;/uomDefinedID&gt;&lt;UOMName&gt;MM&lt;/UOMName&gt;&lt;UOMDescription&gt;MILIMETERS&lt;/UOMDescription&gt;&lt;serialNumber&gt;FTW3M16000arl&lt;/serialNumber&gt;&lt;avrg&gt;0.002575&lt;/avrg&gt;&lt;/Row&gt;&lt;Row&gt;&lt;notifRecordID&gt;114593&lt;/notifRecordID&gt;&lt;notifTagID&gt;123&lt;/notifTagID&gt;&lt;notifTagValue&gt;0.001&lt;/notifTagValue&gt;&lt;recordID&gt;114593&lt;/recordID&gt;&lt;notifName&gt;TransCtr&lt;/notifName&gt;&lt;notifDescription&gt;P558_JENOPTIK&lt;/notifDescription&gt;&lt;CreatedBy&gt;SYSTEM&lt;/CreatedBy&gt;&lt;CreatedOn&gt;2016-12-18T08:10:08&lt;/CreatedOn&gt;&lt;ModifiedBy&gt;System&lt;/ModifiedBy&gt;&lt;ModifiedOn&gt;2016-12-18T08:10:10&lt;/ModifiedOn&gt;&lt;tagName&gt;Data_00&lt;/tagName&gt;&lt;tagTypeID&gt;8&lt;/tagTypeID&gt;&lt;tagGroupID&gt;1&lt;/tagGroupID&gt;&lt;tagFunctionID&gt;4&lt;/tagFunctionID&gt;&lt;COM_typeName&gt;TSend&lt;/COM_typeName&gt;&lt;FNC_typeName&gt;DefDataTable&lt;/FNC_typeName&gt;&lt;OPC_typeName&gt;FLOAT&lt;/OPC_typeName&gt;&lt;unitID&gt;36&lt;/unitID&gt;&lt;lineID&gt;35&lt;/lineID&gt;&lt;nameDefined&gt;Hi\Lo&lt;/nameDefined&gt;&lt;uomDefinedID&gt;24&lt;/uomDefinedID&gt;&lt;UOMName&gt;MM&lt;/UOMName&gt;&lt;UOMDescription&gt;MILIMETERS&lt;/UOMDescription&gt;&lt;serialNumber&gt;FTW3M16000arm&lt;/serialNumber&gt;&lt;avrg&gt;0.002575&lt;/avrg&gt;&lt;/Row&gt;&lt;Row&gt;&lt;notifRecordID&gt;114597&lt;/notifRecordID&gt;&lt;notifTagID&gt;123&lt;/notifTagID&gt;&lt;notifTagValue&gt;0.003&lt;/notifTagValue&gt;&lt;recordID&gt;114597&lt;/recordID&gt;&lt;notifName&gt;TransCtr&lt;/notifName&gt;&lt;notifDescription&gt;P558_JENOPTIK&lt;/notifDescription&gt;&lt;CreatedBy&gt;SYSTEM&lt;/CreatedBy&gt;&lt;CreatedOn&gt;2016-12-18T08:12:34&lt;/CreatedOn&gt;&lt;ModifiedBy&gt;System&lt;/ModifiedBy&gt;&lt;ModifiedOn&gt;2016-12-18T08:12:35&lt;/ModifiedOn&gt;&lt;tagName&gt;Data_00&lt;/tagName&gt;&lt;tagTypeID&gt;8&lt;/tagTypeID&gt;&lt;tagGroupID&gt;1&lt;/tagGroupID&gt;&lt;tagFunctionID&gt;4&lt;/tagFunctionID&gt;&lt;COM_typeName&gt;TSend&lt;/COM_typeName&gt;&lt;FNC_typeName&gt;DefDataTable&lt;/FNC_typeName&gt;&lt;OPC_typeName&gt;FLOAT&lt;/OPC_typeName&gt;&lt;unitID&gt;36&lt;/unitID&gt;&lt;lineID&gt;35&lt;/lineID&gt;&lt;nameDefined&gt;Hi\Lo&lt;/nameDefined&gt;&lt;uomDefinedID&gt;24&lt;/uomDefinedID&gt;&lt;UOMName&gt;MM&lt;/UOMName&gt;&lt;UOMDescription&gt;MILIMETERS&lt;/UOMDescription&gt;&lt;serialNumber&gt;FTW2M160006yo&lt;/serialNumber&gt;&lt;avrg&gt;0.002575&lt;/avrg&gt;&lt;/Row&gt;&lt;Row&gt;&lt;notifRecordID&gt;114602&lt;/notifRecordID&gt;&lt;notifTagID&gt;123&lt;/notifTagID&gt;&lt;notifTagValue&gt;0.006&lt;/notifTagValue&gt;&lt;recordID&gt;114602&lt;/recordID&gt;&lt;notifName&gt;TransCtr&lt;/notifName&gt;&lt;notifDescription&gt;P558_JENOPTIK&lt;/notifDescription&gt;&lt;CreatedBy&gt;SYSTEM&lt;/CreatedBy&gt;&lt;CreatedOn&gt;2016-12-18T08:20:45&lt;/CreatedOn&gt;&lt;ModifiedBy&gt;System&lt;/ModifiedBy&gt;&lt;ModifiedOn&gt;2016-12-18T08:20:47&lt;/ModifiedOn&gt;&lt;tagName&gt;Data_00&lt;/tagName&gt;&lt;tagTypeID&gt;8&lt;/tagTypeID&gt;&lt;tagGroupID&gt;1&lt;/tagGroupID&gt;&lt;tagFunctionID&gt;4&lt;/tagFunctionID&gt;&lt;COM_typeName&gt;TSend&lt;/COM_typeName&gt;&lt;FNC_typeName&gt;DefDataTable&lt;/FNC_typeName&gt;&lt;OPC_typeName&gt;FLOAT&lt;/OPC_typeName&gt;&lt;unitID&gt;36&lt;/unitID&gt;&lt;lineID&gt;35&lt;/lineID&gt;&lt;nameDefined&gt;Hi\Lo&lt;/nameDefined&gt;&lt;uomDefinedID&gt;24&lt;/uomDefinedID&gt;&lt;UOMName&gt;MM&lt;/UOMName&gt;&lt;UOMDescription&gt;MILIMETERS&lt;/UOMDescription&gt;&lt;serialNumber&gt;FTW3M16000arn&lt;/serialNumber&gt;&lt;avrg&gt;0.002575&lt;/avrg&gt;&lt;/Row&gt;&lt;Row&gt;&lt;notifRecordID&gt;114607&lt;/notifRecordID&gt;&lt;notifTagID&gt;123&lt;/notifTagID&gt;&lt;notifTagValue&gt;0.002&lt;/notifTagValue&gt;&lt;recordID&gt;114607&lt;/recordID&gt;&lt;notifName&gt;TransCtr&lt;/notifName&gt;&lt;notifDescription&gt;P558_JENOPTIK&lt;/notifDescription&gt;&lt;CreatedBy&gt;SYSTEM&lt;/CreatedBy&gt;&lt;CreatedOn&gt;2016-12-18T08:26:31&lt;/CreatedOn&gt;&lt;ModifiedBy&gt;System&lt;/ModifiedBy&gt;&lt;ModifiedOn&gt;2016-12-18T08:26:33&lt;/ModifiedOn&gt;&lt;tagName&gt;Data_00&lt;/tagName&gt;&lt;tagTypeID&gt;8&lt;/tagTypeID&gt;&lt;tagGroupID&gt;1&lt;/tagGroupID&gt;&lt;tagFunctionID&gt;4&lt;/tagFunctionID&gt;&lt;COM_typeName&gt;TSend&lt;/COM_typeName&gt;&lt;FNC_typeName&gt;DefDataTable&lt;/FNC_typeName&gt;&lt;OPC_typeName&gt;FLOAT&lt;/OPC_typeName&gt;&lt;unitID&gt;36&lt;/unitID&gt;&lt;lineID&gt;35&lt;/lineID&gt;&lt;nameDefined&gt;Hi\Lo&lt;/nameDefined&gt;&lt;uomDefinedID&gt;24&lt;/uomDefinedID&gt;&lt;UOMName&gt;MM&lt;/UOMName&gt;&lt;UOMDescription&gt;MILIMETERS&lt;/UOMDescription&gt;&lt;serialNumber&gt;FTW2M160006yp&lt;/serialNumber&gt;&lt;avrg&gt;0.002575&lt;/avrg&gt;&lt;/Row&gt;&lt;Row&gt;&lt;notifRecordID&gt;114610&lt;/notifRecordID&gt;&lt;notifTagID&gt;123&lt;/notifTagID&gt;&lt;notifTagValue&gt;0.009&lt;/notifTagValue&gt;&lt;recordID&gt;114610&lt;/recordID&gt;&lt;notifName&gt;TransCtr&lt;/notifName&gt;&lt;notifDescription&gt;P558_JENOPTIK&lt;/notifDescription&gt;&lt;CreatedBy&gt;SYSTEM&lt;/CreatedBy&gt;&lt;CreatedOn&gt;2016-12-18T08:29:46&lt;/CreatedOn&gt;&lt;ModifiedBy&gt;System&lt;/ModifiedBy&gt;&lt;ModifiedOn&gt;2016-12-18T08:29:47&lt;/ModifiedOn&gt;&lt;tagName&gt;Data_00&lt;/tagName&gt;&lt;tagTypeID&gt;8&lt;/tagTypeID&gt;&lt;tagGroupID&gt;1&lt;/tagGroupID&gt;&lt;tagFunctionID&gt;4&lt;/tagFunctionID&gt;&lt;COM_typeName&gt;TSend&lt;/COM_typeName&gt;&lt;FNC_typeName&gt;DefDataTable&lt;/FNC_typeName&gt;&lt;OPC_typeName&gt;FLOAT&lt;/OPC_typeName&gt;&lt;unitID&gt;36&lt;/unitID&gt;&lt;lineID&gt;35&lt;/lineID&gt;&lt;nameDefined&gt;Hi\Lo&lt;/nameDefined&gt;&lt;uomDefinedID&gt;24&lt;/uomDefinedID&gt;&lt;UOMName&gt;MM&lt;/UOMName&gt;&lt;UOMDescription&gt;MILIMETERS&lt;/UOMDescription&gt;&lt;serialNumber&gt;FTW3M16000aro&lt;/serialNumber&gt;&lt;avrg&gt;0.002575&lt;/avrg&gt;&lt;/Row&gt;&lt;Row&gt;&lt;notifRecordID&gt;114615&lt;/notifRecordID&gt;&lt;notifTagID&gt;123&lt;/notifTagID&gt;&lt;notifTagValue&gt;0.003&lt;/notifTagValue&gt;&lt;recordID&gt;114615&lt;/recordID&gt;&lt;notifName&gt;TransCtr&lt;/notifName&gt;&lt;notifDescription&gt;P558_JENOPTIK&lt;/notifDescription&gt;&lt;CreatedBy&gt;SYSTEM&lt;/CreatedBy&gt;&lt;CreatedOn&gt;2016-12-18T08:33:09&lt;/CreatedOn&gt;&lt;ModifiedBy&gt;System&lt;/ModifiedBy&gt;&lt;ModifiedOn&gt;2016-12-18T08:33:11&lt;/ModifiedOn&gt;&lt;tagName&gt;Data_00&lt;/tagName&gt;&lt;tagTypeID&gt;8&lt;/tagTypeID&gt;&lt;tagGroupID&gt;1&lt;/tagGroupID&gt;&lt;tagFunctionID&gt;4&lt;/tagFunctionID&gt;&lt;COM_typeName&gt;TSend&lt;/COM_typeName&gt;&lt;FNC_typeName&gt;DefDataTable&lt;/FNC_typeName&gt;&lt;OPC_typeName&gt;FLOAT&lt;/OPC_typeName&gt;&lt;unitID&gt;36&lt;/unitID&gt;&lt;lineID&gt;35&lt;/lineID&gt;&lt;nameDefined&gt;Hi\Lo&lt;/nameDefined&gt;&lt;uomDefinedID&gt;24&lt;/uomDefinedID&gt;&lt;UOMName&gt;MM&lt;/UOMName&gt;&lt;UOMDescription&gt;MILIMETERS&lt;/UOMDescription&gt;&lt;serialNumber&gt;FTW3M16000arp&lt;/serialNumber&gt;&lt;avrg&gt;0.002575&lt;/avrg&gt;&lt;/Row&gt;&lt;Row&gt;&lt;notifRecordID&gt;114619&lt;/notifRecordID&gt;&lt;notifTagID&gt;123&lt;/notifTagID&gt;&lt;notifTagValue&gt;0.006&lt;/notifTagValue&gt;&lt;recordID&gt;114619&lt;/recordID&gt;&lt;notifName&gt;TransCtr&lt;/notifName&gt;&lt;notifDescription&gt;P558_JENOPTIK&lt;/notifDescription&gt;&lt;CreatedBy&gt;SYSTEM&lt;/CreatedBy&gt;&lt;CreatedOn&gt;2016-12-18T08:36:44&lt;/CreatedOn&gt;&lt;ModifiedBy&gt;System&lt;/ModifiedBy&gt;&lt;ModifiedOn&gt;2016-12-18T08:36:46&lt;/ModifiedOn&gt;&lt;tagName&gt;Data_00&lt;/tagName&gt;&lt;tagTypeID&gt;8&lt;/tagTypeID&gt;&lt;tagGroupID&gt;1&lt;/tagGroupID&gt;&lt;tagFunctionID&gt;4&lt;/tagFunctionID&gt;&lt;COM_typeName&gt;TSend&lt;/COM_typeName&gt;&lt;FNC_typeName&gt;DefDataTable&lt;/FNC_typeName&gt;&lt;OPC_typeName&gt;FLOAT&lt;/OPC_typeName&gt;&lt;unitID&gt;36&lt;/unitID&gt;&lt;lineID&gt;35&lt;/lineID&gt;&lt;nameDefined&gt;Hi\Lo&lt;/nameDefined&gt;&lt;uomDefinedID&gt;24&lt;/uomDefinedID&gt;&lt;UOMName&gt;MM&lt;/UOMName&gt;&lt;UOMDescription&gt;MILIMETERS&lt;/UOMDescription&gt;&lt;serialNumber&gt;FTW2M160006yq&lt;/serialNumber&gt;&lt;avrg&gt;0.002575&lt;/avrg&gt;&lt;/Row&gt;&lt;Row&gt;&lt;notifRecordID&gt;114628&lt;/notifRecordID&gt;&lt;notifTagID&gt;123&lt;/notifTagID&gt;&lt;notifTagValue&gt;-0.001&lt;/notifTagValue&gt;&lt;recordID&gt;114628&lt;/recordID&gt;&lt;notifName&gt;TransCtr&lt;/notifName&gt;&lt;notifDescription&gt;P558_JENOPTIK&lt;/notifDescription&gt;&lt;CreatedBy&gt;SYSTEM&lt;/CreatedBy&gt;&lt;CreatedOn&gt;2016-12-18T08:50:55&lt;/CreatedOn&gt;&lt;ModifiedBy&gt;System&lt;/ModifiedBy&gt;&lt;ModifiedOn&gt;2016-12-18T08:50:57&lt;/ModifiedOn&gt;&lt;tagName&gt;Data_00&lt;/tagName&gt;&lt;tagTypeID&gt;8&lt;/tagTypeID&gt;&lt;tagGroupID&gt;1&lt;/tagGroupID&gt;&lt;tagFunctionID&gt;4&lt;/tagFunctionID&gt;&lt;COM_typeName&gt;TSend&lt;/COM_typeName&gt;&lt;FNC_typeName&gt;DefDataTable&lt;/FNC_typeName&gt;&lt;OPC_typeName&gt;FLOAT&lt;/OPC_typeName&gt;&lt;unitID&gt;36&lt;/unitID&gt;&lt;lineID&gt;35&lt;/lineID&gt;&lt;nameDefined&gt;Hi\Lo&lt;/nameDefined&gt;&lt;uomDefinedID&gt;24&lt;/uomDefinedID&gt;&lt;UOMName&gt;MM&lt;/UOMName&gt;&lt;UOMDescription&gt;MILIMETERS&lt;/UOMDescription&gt;&lt;serialNumber&gt;FTW3M16000arq&lt;/serialNumber&gt;&lt;avrg&gt;0.002575&lt;/avrg&gt;&lt;/Row&gt;&lt;Row&gt;&lt;notifRecordID&gt;114631&lt;/notifRecordID&gt;&lt;notifTagID&gt;123&lt;/notifTagID&gt;&lt;notifTagValue&gt;-0.001&lt;/notifTagValue&gt;&lt;recordID&gt;114631&lt;/recordID&gt;&lt;notifName&gt;TransCtr&lt;/notifName&gt;&lt;notifDescription&gt;P558_JENOPTIK&lt;/notifDescription&gt;&lt;CreatedBy&gt;SYSTEM&lt;/CreatedBy&gt;&lt;CreatedOn&gt;2016-12-18T08:53:16&lt;/CreatedOn&gt;&lt;ModifiedBy&gt;System&lt;/ModifiedBy&gt;&lt;ModifiedOn&gt;2016-12-18T08:53:18&lt;/ModifiedOn&gt;&lt;tagName&gt;Data_00&lt;/tagName&gt;&lt;tagTypeID&gt;8&lt;/tagTypeID&gt;&lt;tagGroupID&gt;1&lt;/tagGroupID&gt;&lt;tagFunctionID&gt;4&lt;/tagFunctionID&gt;&lt;COM_typeName&gt;TSend&lt;/COM_typeName&gt;&lt;FNC_typeName&gt;DefDataTable&lt;/FNC_typeName&gt;&lt;OPC_typeName&gt;FLOAT&lt;/OPC_typeName&gt;&lt;unitID&gt;36&lt;/unitID&gt;&lt;lineID&gt;35&lt;/lineID&gt;&lt;nameDefined&gt;Hi\Lo&lt;/nameDefined&gt;&lt;uomDefinedID&gt;24&lt;/uomDefinedID&gt;&lt;UOMName&gt;MM&lt;/UOMName&gt;&lt;UOMDescription&gt;MILIMETERS&lt;/UOMDescription&gt;&lt;serialNumber&gt;FTW3M16000arq&lt;/serialNumber&gt;&lt;avrg&gt;0.002575&lt;/avrg&gt;&lt;/Row&gt;&lt;Row&gt;&lt;notifRecordID&gt;114635&lt;/notifRecordID&gt;&lt;notifTagID&gt;123&lt;/notifTagID&gt;&lt;notifTagValue&gt;-0.005&lt;/notifTagValue&gt;&lt;recordID&gt;114635&lt;/recordID&gt;&lt;notifName&gt;TransCtr&lt;/notifName&gt;&lt;notifDescription&gt;P558_JENOPTIK&lt;/notifDescription&gt;&lt;CreatedBy&gt;SYSTEM&lt;/CreatedBy&gt;&lt;CreatedOn&gt;2016-12-18T08:54:33&lt;/CreatedOn&gt;&lt;ModifiedBy&gt;System&lt;/ModifiedBy&gt;&lt;ModifiedOn&gt;2016-12-18T08:54:35&lt;/ModifiedOn&gt;&lt;tagName&gt;Data_00&lt;/tagName&gt;&lt;tagTypeID&gt;8&lt;/tagTypeID&gt;&lt;tagGroupID&gt;1&lt;/tagGroupID&gt;&lt;tagFunctionID&gt;4&lt;/tagFunctionID&gt;&lt;COM_typeName&gt;TSend&lt;/COM_typeName&gt;&lt;FNC_typeName&gt;DefDataTable&lt;/FNC_typeName&gt;&lt;OPC_typeName&gt;FLOAT&lt;/OPC_typeName&gt;&lt;unitID&gt;36&lt;/unitID&gt;&lt;lineID&gt;35&lt;/lineID&gt;&lt;nameDefined&gt;Hi\Lo&lt;/nameDefined&gt;&lt;uomDefinedID&gt;24&lt;/uomDefinedID&gt;&lt;UOMName&gt;MM&lt;/UOMName&gt;&lt;UOMDescription&gt;MILIMETERS&lt;/UOMDescription&gt;&lt;serialNumber&gt;FTW2M160006yr&lt;/serialNumber&gt;&lt;avrg&gt;0.002575&lt;/avrg&gt;&lt;/Row&gt;&lt;Row&gt;&lt;notifRecordID&gt;114638&lt;/notifRecordID&gt;&lt;notifTagID&gt;123&lt;/notifTagID&gt;&lt;notifTagValue&gt;0.014&lt;/notifTagValue&gt;&lt;recordID&gt;114638&lt;/recordID&gt;&lt;notifName&gt;TransCtr&lt;/notifName&gt;&lt;notifDescription&gt;P558_JENOPTIK&lt;/notifDescription&gt;&lt;CreatedBy&gt;SYSTEM&lt;/CreatedBy&gt;&lt;CreatedOn&gt;2016-12-18T08:58:34&lt;/CreatedOn&gt;&lt;ModifiedBy&gt;System&lt;/ModifiedBy&gt;&lt;ModifiedOn&gt;2016-12-18T08:58:35&lt;/ModifiedOn&gt;&lt;tagName&gt;Data_00&lt;/tagName&gt;&lt;tagTypeID&gt;8&lt;/tagTypeID&gt;&lt;tagGroupID&gt;1&lt;/tagGroupID&gt;&lt;tagFunctionID&gt;4&lt;/tagFunctionID&gt;&lt;COM_typeName&gt;TSend&lt;/COM_typeName&gt;&lt;FNC_typeName&gt;DefDataTable&lt;/FNC_typeName&gt;&lt;OPC_typeName&gt;FLOAT&lt;/OPC_typeName&gt;&lt;unitID&gt;36&lt;/unitID&gt;&lt;lineID&gt;35&lt;/lineID&gt;&lt;nameDefined&gt;Hi\Lo&lt;/nameDefined&gt;&lt;uomDefinedID&gt;24&lt;/uomDefinedID&gt;&lt;UOMName&gt;MM&lt;/UOMName&gt;&lt;UOMDescription&gt;MILIMETERS&lt;/UOMDescription&gt;&lt;serialNumber&gt;FTW3M16000arr&lt;/serialNumber&gt;&lt;avrg&gt;0.002575&lt;/avrg&gt;&lt;/Row&gt;&lt;Row&gt;&lt;notifRecordID&gt;114640&lt;/notifRecordID&gt;&lt;notifTagID&gt;123&lt;/notifTagID&gt;&lt;notifTagValue&gt;0.005&lt;/notifTagValue&gt;&lt;recordID&gt;114640&lt;/recordID&gt;&lt;notifName&gt;TransCtr&lt;/notifName&gt;&lt;notifDescription&gt;P558_JENOPTIK&lt;/notifDescription&gt;&lt;CreatedBy&gt;SYSTEM&lt;/CreatedBy&gt;&lt;CreatedOn&gt;2016-12-18T09:00:22&lt;/CreatedOn&gt;&lt;ModifiedBy&gt;System&lt;/ModifiedBy&gt;&lt;ModifiedOn&gt;2016-12-18T09:00:24&lt;/ModifiedOn&gt;&lt;tagName&gt;Data_00&lt;/tagName&gt;&lt;tagTypeID&gt;8&lt;/tagTypeID&gt;&lt;tagGroupID&gt;1&lt;/tagGroupID&gt;&lt;tagFunctionID&gt;4&lt;/tagFunctionID&gt;&lt;COM_typeName&gt;TSend&lt;/COM_typeName&gt;&lt;FNC_typeName&gt;DefDataTable&lt;/FNC_typeName&gt;&lt;OPC_typeName&gt;FLOAT&lt;/OPC_typeName&gt;&lt;unitID&gt;36&lt;/unitID&gt;&lt;lineID&gt;35&lt;/lineID&gt;&lt;nameDefined&gt;Hi\Lo&lt;/nameDefined&gt;&lt;uomDefinedID&gt;24&lt;/uomDefinedID&gt;&lt;UOMName&gt;MM&lt;/UOMName&gt;&lt;UOMDescription&gt;MILIMETERS&lt;/UOMDescription&gt;&lt;serialNumber&gt;FTW3M16000ars&lt;/serialNumber&gt;&lt;avrg&gt;0.002575&lt;/avrg&gt;&lt;/Row&gt;&lt;Row&gt;&lt;notifRecordID&gt;114657&lt;/notifRecordID&gt;&lt;notifTagID&gt;123&lt;/notifTagID&gt;&lt;notifTagValue&gt;0.005&lt;/notifTagValue&gt;&lt;recordID&gt;114657&lt;/recordID&gt;&lt;notifName&gt;TransCtr&lt;/notifName&gt;&lt;notifDescription&gt;P558_JENOPTIK&lt;/notifDescription&gt;&lt;CreatedBy&gt;SYSTEM&lt;/CreatedBy&gt;&lt;CreatedOn&gt;2016-12-18T09:32:21&lt;/CreatedOn&gt;&lt;ModifiedBy&gt;System&lt;/ModifiedBy&gt;&lt;ModifiedOn&gt;2016-12-18T09:32:23&lt;/ModifiedOn&gt;&lt;tagName&gt;Data_00&lt;/tagName&gt;&lt;tagTypeID&gt;8&lt;/tagTypeID&gt;&lt;tagGroupID&gt;1&lt;/tagGroupID&gt;&lt;tagFunctionID&gt;4&lt;/tagFunctionID&gt;&lt;COM_typeName&gt;TSend&lt;/COM_typeName&gt;&lt;FNC_typeName&gt;DefDataTable&lt;/FNC_typeName&gt;&lt;OPC_typeName&gt;FLOAT&lt;/OPC_typeName&gt;&lt;unitID&gt;36&lt;/unitID&gt;&lt;lineID&gt;35&lt;/lineID&gt;&lt;nameDefined&gt;Hi\Lo&lt;/nameDefined&gt;&lt;uomDefinedID&gt;24&lt;/uomDefinedID&gt;&lt;UOMName&gt;MM&lt;/UOMName&gt;&lt;UOMDescription&gt;MILIMETERS&lt;/UOMDescription&gt;&lt;serialNumber&gt;FTW2M160006ys&lt;/serialNumber&gt;&lt;avrg&gt;0.002575&lt;/avrg&gt;&lt;/Row&gt;&lt;Row&gt;&lt;notifRecordID&gt;114660&lt;/notifRecordID&gt;&lt;notifTagID&gt;123&lt;/notifTagID&gt;&lt;notifTagValue&gt;0.005&lt;/notifTagValue&gt;&lt;recordID&gt;114660&lt;/recordID&gt;&lt;notifName&gt;TransCtr&lt;/notifName&gt;&lt;notifDescription&gt;P558_JENOPTIK&lt;/notifDescription&gt;&lt;CreatedBy&gt;SYSTEM&lt;/CreatedBy&gt;&lt;CreatedOn&gt;2016-12-18T09:33:39&lt;/CreatedOn&gt;&lt;ModifiedBy&gt;System&lt;/ModifiedBy&gt;&lt;ModifiedOn&gt;2016-12-18T09:33:40&lt;/ModifiedOn&gt;&lt;tagName&gt;Data_00&lt;/tagName&gt;&lt;tagTypeID&gt;8&lt;/tagTypeID&gt;&lt;tagGroupID&gt;1&lt;/tagGroupID&gt;&lt;tagFunctionID&gt;4&lt;/tagFunctionID&gt;&lt;COM_typeName&gt;TSend&lt;/COM_typeName&gt;&lt;FNC_typeName&gt;DefDataTable&lt;/FNC_typeName&gt;&lt;OPC_typeName&gt;FLOAT&lt;/OPC_typeName&gt;&lt;unitID&gt;36&lt;/unitID&gt;&lt;lineID&gt;35&lt;/lineID&gt;&lt;nameDefined&gt;Hi\Lo&lt;/nameDefined&gt;&lt;uomDefinedID&gt;24&lt;/uomDefinedID&gt;&lt;UOMName&gt;MM&lt;/UOMName&gt;&lt;UOMDescription&gt;MILIMETERS&lt;/UOMDescription&gt;&lt;serialNumber&gt;FTW3M16000art&lt;/serialNumber&gt;&lt;avrg&gt;0.002575&lt;/avrg&gt;&lt;/Row&gt;&lt;Row&gt;&lt;notifRecordID&gt;114662&lt;/notifRecordID&gt;&lt;notifTagID&gt;123&lt;/notifTagID&gt;&lt;notifTagValue&gt;0.003&lt;/notifTagValue&gt;&lt;recordID&gt;114662&lt;/recordID&gt;&lt;notifName&gt;TransCtr&lt;/notifName&gt;&lt;notifDescription&gt;P558_JENOPTIK&lt;/notifDescription&gt;&lt;CreatedBy&gt;SYSTEM&lt;/CreatedBy&gt;&lt;CreatedOn&gt;2016-12-18T09:34:53&lt;/CreatedOn&gt;&lt;ModifiedBy&gt;System&lt;/ModifiedBy&gt;&lt;ModifiedOn&gt;2016-12-18T09:34:55&lt;/ModifiedOn&gt;&lt;tagName&gt;Data_00&lt;/tagName&gt;&lt;tagTypeID&gt;8&lt;/tagTypeID&gt;&lt;tagGroupID&gt;1&lt;/tagGroupID&gt;&lt;tagFunctionID&gt;4&lt;/tagFunctionID&gt;&lt;COM_typeName&gt;TSend&lt;/COM_typeName&gt;&lt;FNC_typeName&gt;DefDataTable&lt;/FNC_typeName&gt;&lt;OPC_typeName&gt;FLOAT&lt;/OPC_typeName&gt;&lt;unitID&gt;36&lt;/unitID&gt;&lt;lineID&gt;35&lt;/lineID&gt;&lt;nameDefined&gt;Hi\Lo&lt;/nameDefined&gt;&lt;uomDefinedID&gt;24&lt;/uomDefinedID&gt;&lt;UOMName&gt;MM&lt;/UOMName&gt;&lt;UOMDescription&gt;MILIMETERS&lt;/UOMDescription&gt;&lt;serialNumber&gt;FTW2M160006yt&lt;/serialNumber&gt;&lt;avrg&gt;0.002575&lt;/avrg&gt;&lt;/Row&gt;&lt;Row&gt;&lt;notifRecordID&gt;114664&lt;/notifRecordID&gt;&lt;notifTagID&gt;123&lt;/notifTagID&gt;&lt;notifTagValue&gt;0.005&lt;/notifTagValue&gt;&lt;recordID&gt;114664&lt;/recordID&gt;&lt;notifName&gt;TransCtr&lt;/notifName&gt;&lt;notifDescription&gt;P558_JENOPTIK&lt;/notifDescription&gt;&lt;CreatedBy&gt;SYSTEM&lt;/CreatedBy&gt;&lt;CreatedOn&gt;2016-12-18T09:36:05&lt;/CreatedOn&gt;&lt;ModifiedBy&gt;System&lt;/ModifiedBy&gt;&lt;ModifiedOn&gt;2016-12-18T09:36:07&lt;/ModifiedOn&gt;&lt;tagName&gt;Data_00&lt;/tagName&gt;&lt;tagTypeID&gt;8&lt;/tagTypeID&gt;&lt;tagGroupID&gt;1&lt;/tagGroupID&gt;&lt;tagFunctionID&gt;4&lt;/tagFunctionID&gt;&lt;COM_typeName&gt;TSend&lt;/COM_typeName&gt;&lt;FNC_typeName&gt;DefDataTable&lt;/FNC_typeName&gt;&lt;OPC_typeName&gt;FLOAT&lt;/OPC_typeName&gt;&lt;unitID&gt;36&lt;/unitID&gt;&lt;lineID&gt;35&lt;/lineID&gt;&lt;nameDefined&gt;Hi\Lo&lt;/nameDefined&gt;&lt;uomDefinedID&gt;24&lt;/uomDefinedID&gt;&lt;UOMName&gt;MM&lt;/UOMName&gt;&lt;UOMDescription&gt;MILIMETERS&lt;/UOMDescription&gt;&lt;serialNumber&gt;FTW3M16000aru&lt;/serialNumber&gt;&lt;avrg&gt;0.002575&lt;/avrg&gt;&lt;/Row&gt;&lt;Row&gt;&lt;notifRecordID&gt;114668&lt;/notifRecordID&gt;&lt;notifTagID&gt;123&lt;/notifTagID&gt;&lt;notifTagValue&gt;0.005&lt;/notifTagValue&gt;&lt;recordID&gt;114668&lt;/recordID&gt;&lt;notifName&gt;TransCtr&lt;/notifName&gt;&lt;notifDescription&gt;P558_JENOPTIK&lt;/notifDescription&gt;&lt;CreatedBy&gt;SYSTEM&lt;/CreatedBy&gt;&lt;CreatedOn&gt;2016-12-18T09:37:49&lt;/CreatedOn&gt;&lt;ModifiedBy&gt;System&lt;/ModifiedBy&gt;&lt;ModifiedOn&gt;2016-12-18T09:37:51&lt;/ModifiedOn&gt;&lt;tagName&gt;Data_00&lt;/tagName&gt;&lt;tagTypeID&gt;8&lt;/tagTypeID&gt;&lt;tagGroupID&gt;1&lt;/tagGroupID&gt;&lt;tagFunctionID&gt;4&lt;/tagFunctionID&gt;&lt;COM_typeName&gt;TSend&lt;/COM_typeName&gt;&lt;FNC_typeName&gt;DefDataTable&lt;/FNC_typeName&gt;&lt;OPC_typeName&gt;FLOAT&lt;/OPC_typeName&gt;&lt;unitID&gt;36&lt;/unitID&gt;&lt;lineID&gt;35&lt;/lineID&gt;&lt;nameDefined&gt;Hi\Lo&lt;/nameDefined&gt;&lt;uomDefinedID&gt;24&lt;/uomDefinedID&gt;&lt;UOMName&gt;MM&lt;/UOMName&gt;&lt;UOMDescription&gt;MILIMETERS&lt;/UOMDescription&gt;&lt;serialNumber&gt;FTW3M16000aru&lt;/serialNumber&gt;&lt;avrg&gt;0.002575&lt;/avrg&gt;&lt;/Row&gt;&lt;Row&gt;&lt;notifRecordID&gt;114670&lt;/notifRecordID&gt;&lt;notifTagID&gt;123&lt;/notifTagID&gt;&lt;notifTagValue&gt;0.002&lt;/notifTagValue&gt;&lt;recordID&gt;114670&lt;/recordID&gt;&lt;notifName&gt;TransCtr&lt;/notifName&gt;&lt;notifDescription&gt;P558_JENOPTIK&lt;/notifDescription&gt;&lt;CreatedBy&gt;SYSTEM&lt;/CreatedBy&gt;&lt;CreatedOn&gt;2016-12-18T09:39:10&lt;/CreatedOn&gt;&lt;ModifiedBy&gt;System&lt;/ModifiedBy&gt;&lt;ModifiedOn&gt;2016-12-18T09:39:12&lt;/ModifiedOn&gt;&lt;tagName&gt;Data_00&lt;/tagName&gt;&lt;tagTypeID&gt;8&lt;/tagTypeID&gt;&lt;tagGroupID&gt;1&lt;/tagGroupID&gt;&lt;tagFunctionID&gt;4&lt;/tagFunctionID&gt;&lt;COM_typeName&gt;TSend&lt;/COM_typeName&gt;&lt;FNC_typeName&gt;DefDataTable&lt;/FNC_typeName&gt;&lt;OPC_typeName&gt;FLOAT&lt;/OPC_typeName&gt;&lt;unitID&gt;36&lt;/unitID&gt;&lt;lineID&gt;35&lt;/lineID&gt;&lt;nameDefined&gt;Hi\Lo&lt;/nameDefined&gt;&lt;uomDefinedID&gt;24&lt;/uomDefinedID&gt;&lt;UOMName&gt;MM&lt;/UOMName&gt;&lt;UOMDescription&gt;MILIMETERS&lt;/UOMDescription&gt;&lt;serialNumber&gt;FTW3M16000arv&lt;/serialNumber&gt;&lt;avrg&gt;0.002575&lt;/avrg&gt;&lt;/Row&gt;&lt;Row&gt;&lt;notifRecordID&gt;114672&lt;/notifRecordID&gt;&lt;notifTagID&gt;123&lt;/notifTagID&gt;&lt;notifTagValue&gt;0.008&lt;/notifTagValue&gt;&lt;recordID&gt;114672&lt;/recordID&gt;&lt;notifName&gt;TransCtr&lt;/notifName&gt;&lt;notifDescription&gt;P558_JENOPTIK&lt;/notifDescription&gt;&lt;CreatedBy&gt;SYSTEM&lt;/CreatedBy&gt;&lt;CreatedOn&gt;2016-12-18T09:40:40&lt;/CreatedOn&gt;&lt;ModifiedBy&gt;System&lt;/ModifiedBy&gt;&lt;ModifiedOn&gt;2016-12-18T09:40:42&lt;/ModifiedOn&gt;&lt;tagName&gt;Data_00&lt;/tagName&gt;&lt;tagTypeID&gt;8&lt;/tagTypeID&gt;&lt;tagGroupID&gt;1&lt;/tagGroupID&gt;&lt;tagFunctionID&gt;4&lt;/tagFunctionID&gt;&lt;COM_typeName&gt;TSend&lt;/COM_typeName&gt;&lt;FNC_typeName&gt;DefDataTable&lt;/FNC_typeName&gt;&lt;OPC_typeName&gt;FLOAT&lt;/OPC_typeName&gt;&lt;unitID&gt;36&lt;/unitID&gt;&lt;lineID&gt;35&lt;/lineID&gt;&lt;nameDefined&gt;Hi\Lo&lt;/nameDefined&gt;&lt;uomDefinedID&gt;24&lt;/uomDefinedID&gt;&lt;UOMName&gt;MM&lt;/UOMName&gt;&lt;UOMDescription&gt;MILIMETERS&lt;/UOMDescription&gt;&lt;serialNumber&gt;FTW2M160006yu&lt;/serialNumber&gt;&lt;avrg&gt;0.002575&lt;/avrg&gt;&lt;/Row&gt;&lt;Row&gt;&lt;notifRecordID&gt;114674&lt;/notifRecordID&gt;&lt;notifTagID&gt;123&lt;/notifTagID&gt;&lt;notifTagValue&gt;-0.006&lt;/notifTagValue&gt;&lt;recordID&gt;114674&lt;/recordID&gt;&lt;notifName&gt;TransCtr&lt;/notifName&gt;&lt;notifDescription&gt;P558_JENOPTIK&lt;/notifDescription&gt;&lt;CreatedBy&gt;SYSTEM&lt;/CreatedBy&gt;&lt;CreatedOn&gt;2016-12-18T09:42:39&lt;/CreatedOn&gt;&lt;ModifiedBy&gt;System&lt;/ModifiedBy&gt;&lt;ModifiedOn&gt;2016-12-18T09:42:41&lt;/ModifiedOn&gt;&lt;tagName&gt;Data_00&lt;/tagName&gt;&lt;tagTypeID&gt;8&lt;/tagTypeID&gt;&lt;tagGroupID&gt;1&lt;/tagGroupID&gt;&lt;tagFunctionID&gt;4&lt;/tagFunctionID&gt;&lt;COM_typeName&gt;TSend&lt;/COM_typeName&gt;&lt;FNC_typeName&gt;DefDataTable&lt;/FNC_typeName&gt;&lt;OPC_typeName&gt;FLOAT&lt;/OPC_typeName&gt;&lt;unitID&gt;36&lt;/unitID&gt;&lt;lineID&gt;35&lt;/lineID&gt;&lt;nameDefined&gt;Hi\Lo&lt;/nameDefined&gt;&lt;uomDefinedID&gt;24&lt;/uomDefinedID&gt;&lt;UOMName&gt;MM&lt;/UOMName&gt;&lt;UOMDescription&gt;MILIMETERS&lt;/UOMDescription&gt;&lt;serialNumber&gt;FTW2M160006yv&lt;/serialNumber&gt;&lt;avrg&gt;0.002575&lt;/avrg&gt;&lt;/Row&gt;&lt;Row&gt;&lt;notifRecordID&gt;114680&lt;/notifRecordID&gt;&lt;notifTagID&gt;123&lt;/notifTagID&gt;&lt;notifTagValue&gt;0.001&lt;/notifTagValue&gt;&lt;recordID&gt;114680&lt;/recordID&gt;&lt;notifName&gt;TransCtr&lt;/notifName&gt;&lt;notifDescription&gt;P558_JENOPTIK&lt;/notifDescription&gt;&lt;CreatedBy&gt;SYSTEM&lt;/CreatedBy&gt;&lt;CreatedOn&gt;2016-12-18T09:48:21&lt;/CreatedOn&gt;&lt;ModifiedBy&gt;System&lt;/ModifiedBy&gt;&lt;ModifiedOn&gt;2016-12-18T09:48:23&lt;/ModifiedOn&gt;&lt;tagName&gt;Data_00&lt;/tagName&gt;&lt;tagTypeID&gt;8&lt;/tagTypeID&gt;&lt;tagGroupID&gt;1&lt;/tagGroupID&gt;&lt;tagFunctionID&gt;4&lt;/tagFunctionID&gt;&lt;COM_typeName&gt;TSend&lt;/COM_typeName&gt;&lt;FNC_typeName&gt;DefDataTable&lt;/FNC_typeName&gt;&lt;OPC_typeName&gt;FLOAT&lt;/OPC_typeName&gt;&lt;unitID&gt;36&lt;/unitID&gt;&lt;lineID&gt;35&lt;/lineID&gt;&lt;nameDefined&gt;Hi\Lo&lt;/nameDefined&gt;&lt;uomDefinedID&gt;24&lt;/uomDefinedID&gt;&lt;UOMName&gt;MM&lt;/UOMName&gt;&lt;UOMDescription&gt;MILIMETERS&lt;/UOMDescription&gt;&lt;serialNumber&gt;FTW3M16000arw&lt;/serialNumber&gt;&lt;avrg&gt;0.002575&lt;/avrg&gt;&lt;/Row&gt;&lt;Row&gt;&lt;notifRecordID&gt;114686&lt;/notifRecordID&gt;&lt;notifTagID&gt;123&lt;/notifTagID&gt;&lt;notifTagValue&gt;0.001&lt;/notifTagValue&gt;&lt;recordID&gt;114686&lt;/recordID&gt;&lt;notifName&gt;TransCtr&lt;/notifName&gt;&lt;notifDescription&gt;P558_JENOPTIK&lt;/notifDescription&gt;&lt;CreatedBy&gt;SYSTEM&lt;/CreatedBy&gt;&lt;CreatedOn&gt;2016-12-18T09:59:55&lt;/CreatedOn&gt;&lt;ModifiedBy&gt;System&lt;/ModifiedBy&gt;&lt;ModifiedOn&gt;2016-12-18T09:59:57&lt;/ModifiedOn&gt;&lt;tagName&gt;Data_00&lt;/tagName&gt;&lt;tagTypeID&gt;8&lt;/tagTypeID&gt;&lt;tagGroupID&gt;1&lt;/tagGroupID&gt;&lt;tagFunctionID&gt;4&lt;/tagFunctionID&gt;&lt;COM_typeName&gt;TSend&lt;/COM_typeName&gt;&lt;FNC_typeName&gt;DefDataTable&lt;/FNC_typeName&gt;&lt;OPC_typeName&gt;FLOAT&lt;/OPC_typeName&gt;&lt;unitID&gt;36&lt;/unitID&gt;&lt;lineID&gt;35&lt;/lineID&gt;&lt;nameDefined&gt;Hi\Lo&lt;/nameDefined&gt;&lt;uomDefinedID&gt;24&lt;/uomDefinedID&gt;&lt;UOMName&gt;MM&lt;/UOMName&gt;&lt;UOMDescription&gt;MILIMETERS&lt;/UOMDescription&gt;&lt;serialNumber&gt;FTW3M16000arx&lt;/serialNumber&gt;&lt;avrg&gt;0.002575&lt;/avrg&gt;&lt;/Row&gt;&lt;Row&gt;&lt;notifRecordID&gt;114688&lt;/notifRecordID&gt;&lt;notifTagID&gt;123&lt;/notifTagID&gt;&lt;notifTagValue&gt;0.003&lt;/notifTagValue&gt;&lt;recordID&gt;114688&lt;/recordID&gt;&lt;notifName&gt;TransCtr&lt;/notifName&gt;&lt;notifDescription&gt;P558_JENOPTIK&lt;/notifDescription&gt;&lt;CreatedBy&gt;SYSTEM&lt;/CreatedBy&gt;&lt;CreatedOn&gt;2016-12-18T10:02:34&lt;/CreatedOn&gt;&lt;ModifiedBy&gt;System&lt;/ModifiedBy&gt;&lt;ModifiedOn&gt;2016-12-18T10:02:36&lt;/ModifiedOn&gt;&lt;tagName&gt;Data_00&lt;/tagName&gt;&lt;tagTypeID&gt;8&lt;/tagTypeID&gt;&lt;tagGroupID&gt;1&lt;/tagGroupID&gt;&lt;tagFunctionID&gt;4&lt;/tagFunctionID&gt;&lt;COM_typeName&gt;TSend&lt;/COM_typeName&gt;&lt;FNC_typeName&gt;DefDataTable&lt;/FNC_typeName&gt;&lt;OPC_typeName&gt;FLOAT&lt;/OPC_typeName&gt;&lt;unitID&gt;36&lt;/unitID&gt;&lt;lineID&gt;35&lt;/lineID&gt;&lt;nameDefined&gt;Hi\Lo&lt;/nameDefined&gt;&lt;uomDefinedID&gt;24&lt;/uomDefinedID&gt;&lt;UOMName&gt;MM&lt;/UOMName&gt;&lt;UOMDescription&gt;MILIMETERS&lt;/UOMDescription&gt;&lt;serialNumber&gt;FTW3M16000arx&lt;/serialNumber&gt;&lt;avrg&gt;0.002575&lt;/avrg&gt;&lt;/Row&gt;&lt;Row&gt;&lt;notifRecordID&gt;114692&lt;/notifRecordID&gt;&lt;notifTagID&gt;123&lt;/notifTagID&gt;&lt;notifTagValue&gt;0.006&lt;/notifTagValue&gt;&lt;recordID&gt;114692&lt;/recordID&gt;&lt;notifName&gt;TransCtr&lt;/notifName&gt;&lt;notifDescription&gt;P558_JENOPTIK&lt;/notifDescription&gt;&lt;CreatedBy&gt;SYSTEM&lt;/CreatedBy&gt;&lt;CreatedOn&gt;2016-12-18T10:03:46&lt;/CreatedOn&gt;&lt;ModifiedBy&gt;System&lt;/ModifiedBy&gt;&lt;ModifiedOn&gt;2016-12-18T10:03:48&lt;/ModifiedOn&gt;&lt;tagName&gt;Data_00&lt;/tagName&gt;&lt;tagTypeID&gt;8&lt;/tagTypeID&gt;&lt;tagGroupID&gt;1&lt;/tagGroupID&gt;&lt;tagFunctionID&gt;4&lt;/tagFunctionID&gt;&lt;COM_typeName&gt;TSend&lt;/COM_typeName&gt;&lt;FNC_typeName&gt;DefDataTable&lt;/FNC_typeName&gt;&lt;OPC_typeName&gt;FLOAT&lt;/OPC_typeName&gt;&lt;unitID&gt;36&lt;/unitID&gt;&lt;lineID&gt;35&lt;/lineID&gt;&lt;nameDefined&gt;Hi\Lo&lt;/nameDefined&gt;&lt;uomDefinedID&gt;24&lt;/uomDefinedID&gt;&lt;UOMName&gt;MM&lt;/UOMName&gt;&lt;UOMDescription&gt;MILIMETERS&lt;/UOMDescription&gt;&lt;serialNumber&gt;FTW2M160006yw&lt;/serialNumber&gt;&lt;avrg&gt;0.002575&lt;/avrg&gt;&lt;/Row&gt;&lt;Row&gt;&lt;notifRecordID&gt;114695&lt;/notifRecordID&gt;&lt;notifTagID&gt;123&lt;/notifTagID&gt;&lt;notifTagValue&gt;-0.002&lt;/notifTagValue&gt;&lt;recordID&gt;114695&lt;/recordID&gt;&lt;notifName&gt;TransCtr&lt;/notifName&gt;&lt;notifDescription&gt;P558_JENOPTIK&lt;/notifDescription&gt;&lt;CreatedBy&gt;SYSTEM&lt;/CreatedBy&gt;&lt;CreatedOn&gt;2016-12-18T10:08:18&lt;/CreatedOn&gt;&lt;ModifiedBy&gt;System&lt;/ModifiedBy&gt;&lt;ModifiedOn&gt;2016-12-18T10:08:20&lt;/ModifiedOn&gt;&lt;tagName&gt;Data_00&lt;/tagName&gt;&lt;tagTypeID&gt;8&lt;/tagTypeID&gt;&lt;tagGroupID&gt;1&lt;/tagGroupID&gt;&lt;tagFunctionID&gt;4&lt;/tagFunctionID&gt;&lt;COM_typeName&gt;TSend&lt;/COM_typeName&gt;&lt;FNC_typeName&gt;DefDataTable&lt;/FNC_typeName&gt;&lt;OPC_typeName&gt;FLOAT&lt;/OPC_typeName&gt;&lt;unitID&gt;36&lt;/unitID&gt;&lt;lineID&gt;35&lt;/lineID&gt;&lt;nameDefined&gt;Hi\Lo&lt;/nameDefined&gt;&lt;uomDefinedID&gt;24&lt;/uomDefinedID&gt;&lt;UOMName&gt;MM&lt;/UOMName&gt;&lt;UOMDescription&gt;MILIMETERS&lt;/UOMDescription&gt;&lt;serialNumber&gt;FTW2M160006yx&lt;/serialNumber&gt;&lt;avrg&gt;0.002575&lt;/avrg&gt;&lt;/Row&gt;&lt;Row&gt;&lt;notifRecordID&gt;114699&lt;/notifRecordID&gt;&lt;notifTagID&gt;123&lt;/notifTagID&gt;&lt;notifTagValue&gt;-0.006&lt;/notifTagValue&gt;&lt;recordID&gt;114699&lt;/recordID&gt;&lt;notifName&gt;TransCtr&lt;/notifName&gt;&lt;notifDescription&gt;P558_JENOPTIK&lt;/notifDescription&gt;&lt;CreatedBy&gt;SYSTEM&lt;/CreatedBy&gt;&lt;CreatedOn&gt;2016-12-18T10:13:02&lt;/CreatedOn&gt;&lt;ModifiedBy&gt;System&lt;/ModifiedBy&gt;&lt;ModifiedOn&gt;2016-12-18T10:13:04&lt;/ModifiedOn&gt;&lt;tagName&gt;Data_00&lt;/tagName&gt;&lt;tagTypeID&gt;8&lt;/tagTypeID&gt;&lt;tagGroupID&gt;1&lt;/tagGroupID&gt;&lt;tagFunctionID&gt;4&lt;/tagFunctionID&gt;&lt;COM_typeName&gt;TSend&lt;/COM_typeName&gt;&lt;FNC_typeName&gt;DefDataTable&lt;/FNC_typeName&gt;&lt;OPC_typeName&gt;FLOAT&lt;/OPC_typeName&gt;&lt;unitID&gt;36&lt;/unitID&gt;&lt;lineID&gt;35&lt;/lineID&gt;&lt;nameDefined&gt;Hi\Lo&lt;/nameDefined&gt;&lt;uomDefinedID&gt;24&lt;/uomDefinedID&gt;&lt;UOMName&gt;MM&lt;/UOMName&gt;&lt;UOMDescription&gt;MILIMETERS&lt;/UOMDescription&gt;&lt;serialNumber&gt;FTW3M16000arz&lt;/serialNumber&gt;&lt;avrg&gt;0.002575&lt;/avrg&gt;&lt;/Row&gt;&lt;Row&gt;&lt;notifRecordID&gt;114704&lt;/notifRecordID&gt;&lt;notifTagID&gt;123&lt;/notifTagID&gt;&lt;notifTagValue&gt;0.004&lt;/notifTagValue&gt;&lt;recordID&gt;114704&lt;/recordID&gt;&lt;notifName&gt;TransCtr&lt;/notifName&gt;&lt;notifDescription&gt;P558_JENOPTIK&lt;/notifDescription&gt;&lt;CreatedBy&gt;SYSTEM&lt;/CreatedBy&gt;&lt;CreatedOn&gt;2016-12-18T10:19:19&lt;/CreatedOn&gt;&lt;ModifiedBy&gt;System&lt;/ModifiedBy&gt;&lt;ModifiedOn&gt;2016-12-18T10:19:20&lt;/ModifiedOn&gt;&lt;tagName&gt;Data_00&lt;/tagName&gt;&lt;tagTypeID&gt;8&lt;/tagTypeID&gt;&lt;tagGroupID&gt;1&lt;/tagGroupID&gt;&lt;tagFunctionID&gt;4&lt;/tagFunctionID&gt;&lt;COM_typeName&gt;TSend&lt;/COM_typeName&gt;&lt;FNC_typeName&gt;DefDataTable&lt;/FNC_typeName&gt;&lt;OPC_typeName&gt;FLOAT&lt;/OPC_typeName&gt;&lt;unitID&gt;36&lt;/unitID&gt;&lt;lineID&gt;35&lt;/lineID&gt;&lt;nameDefined&gt;Hi\Lo&lt;/nameDefined&gt;&lt;uomDefinedID&gt;24&lt;/uomDefinedID&gt;&lt;UOMName&gt;MM&lt;/UOMName&gt;&lt;UOMDescription&gt;MILIMETERS&lt;/UOMDescription&gt;&lt;serialNumber&gt;FTW3M16000ary&lt;/serialNumber&gt;&lt;avrg&gt;0.002575&lt;/avrg&gt;&lt;/Row&gt;&lt;Row&gt;&lt;notifRecordID&gt;114706&lt;/notifRecordID&gt;&lt;notifTagID&gt;123&lt;/notifTagID&gt;&lt;notifTagValue&gt;0.003&lt;/notifTagValue&gt;&lt;recordID&gt;114706&lt;/recordID&gt;&lt;notifName&gt;TransCtr&lt;/notifName&gt;&lt;notifDescription&gt;P558_JENOPTIK&lt;/notifDescription&gt;&lt;CreatedBy&gt;SYSTEM&lt;/CreatedBy&gt;&lt;CreatedOn&gt;2016-12-18T10:21:51&lt;/CreatedOn&gt;&lt;ModifiedBy&gt;System&lt;/ModifiedBy&gt;&lt;ModifiedOn&gt;2016-12-18T10:21:53&lt;/ModifiedOn&gt;&lt;tagName&gt;Data_00&lt;/tagName&gt;&lt;tagTypeID&gt;8&lt;/tagTypeID&gt;&lt;tagGroupID&gt;1&lt;/tagGroupID&gt;&lt;tagFunctionID&gt;4&lt;/tagFunctionID&gt;&lt;COM_typeName&gt;TSend&lt;/COM_typeName&gt;&lt;FNC_typeName&gt;DefDataTable&lt;/FNC_typeName&gt;&lt;OPC_typeName&gt;FLOAT&lt;/OPC_typeName&gt;&lt;unitID&gt;36&lt;/unitID&gt;&lt;lineID&gt;35&lt;/lineID&gt;&lt;nameDefined&gt;Hi\Lo&lt;/nameDefined&gt;&lt;uomDefinedID&gt;24&lt;/uomDefinedID&gt;&lt;UOMName&gt;MM&lt;/UOMName&gt;&lt;UOMDescription&gt;MILIMETERS&lt;/UOMDescription&gt;&lt;serialNumber&gt;FTW2M160006yy&lt;/serialNumber&gt;&lt;avrg&gt;0.002575&lt;/avrg&gt;&lt;/Row&gt;&lt;Row&gt;&lt;notifRecordID&gt;114711&lt;/notifRecordID&gt;&lt;notifTagID&gt;123&lt;/notifTagID&gt;&lt;notifTagValue&gt;0.0&lt;/notifTagValue&gt;&lt;recordID&gt;114711&lt;/recordID&gt;&lt;notifName&gt;TransCtr&lt;/notifName&gt;&lt;notifDescription&gt;P558_JENOPTIK&lt;/notifDescription&gt;&lt;CreatedBy&gt;SYSTEM&lt;/CreatedBy&gt;&lt;CreatedOn&gt;2016-12-18T10:30:20&lt;/CreatedOn&gt;&lt;ModifiedBy&gt;System&lt;/ModifiedBy&gt;&lt;ModifiedOn&gt;2016-12-18T10:30:22&lt;/ModifiedOn&gt;&lt;tagName&gt;Data_00&lt;/tagName&gt;&lt;tagTypeID&gt;8&lt;/tagTypeID&gt;&lt;tagGroupID&gt;1&lt;/tagGroupID&gt;&lt;tagFunctionID&gt;4&lt;/tagFunctionID&gt;&lt;COM_typeName&gt;TSend&lt;/COM_typeName&gt;&lt;FNC_typeName&gt;DefDataTable&lt;/FNC_typeName&gt;&lt;OPC_typeName&gt;FLOAT&lt;/OPC_typeName&gt;&lt;unitID&gt;36&lt;/unitID&gt;&lt;lineID&gt;35&lt;/lineID&gt;&lt;nameDefined&gt;Hi\Lo&lt;/nameDefined&gt;&lt;uomDefinedID&gt;24&lt;/uomDefinedID&gt;&lt;UOMName&gt;MM&lt;/UOMName&gt;&lt;UOMDescription&gt;MILIMETERS&lt;/UOMDescription&gt;&lt;serialNumber&gt;FTW2M160006yz&lt;/serialNumber&gt;&lt;avrg&gt;0.002575&lt;/avrg&gt;&lt;/Row&gt;&lt;Row&gt;&lt;notifRecordID&gt;114717&lt;/notifRecordID&gt;&lt;notifTagID&gt;123&lt;/notifTagID&gt;&lt;notifTagValue&gt;0.0&lt;/notifTagValue&gt;&lt;recordID&gt;114717&lt;/recordID&gt;&lt;notifName&gt;TransCtr&lt;/notifName&gt;&lt;notifDescription&gt;P558_JENOPTIK&lt;/notifDescription&gt;&lt;CreatedBy&gt;SYSTEM&lt;/CreatedBy&gt;&lt;CreatedOn&gt;2016-12-18T10:48:31&lt;/CreatedOn&gt;&lt;ModifiedBy&gt;System&lt;/ModifiedBy&gt;&lt;ModifiedOn&gt;2016-12-18T10:48:33&lt;/ModifiedOn&gt;&lt;tagName&gt;Data_00&lt;/tagName&gt;&lt;tagTypeID&gt;8&lt;/tagTypeID&gt;&lt;tagGroupID&gt;1&lt;/tagGroupID&gt;&lt;tagFunctionID&gt;4&lt;/tagFunctionID&gt;&lt;COM_typeName&gt;TSend&lt;/COM_typeName&gt;&lt;FNC_typeName&gt;DefDataTable&lt;/FNC_typeName&gt;&lt;OPC_typeName&gt;FLOAT&lt;/OPC_typeName&gt;&lt;unitID&gt;36&lt;/unitID&gt;&lt;lineID&gt;35&lt;/lineID&gt;&lt;nameDefined&gt;Hi\Lo&lt;/nameDefined&gt;&lt;uomDefinedID&gt;24&lt;/uomDefinedID&gt;&lt;UOMName&gt;MM&lt;/UOMName&gt;&lt;UOMDescription&gt;MILIMETERS&lt;/UOMDescription&gt;&lt;serialNumber&gt;FTW2M160006z0&lt;/serialNumber&gt;&lt;avrg&gt;0.002575&lt;/avrg&gt;&lt;/Row&gt;&lt;Row&gt;&lt;notifRecordID&gt;114723&lt;/notifRecordID&gt;&lt;notifTagID&gt;123&lt;/notifTagID&gt;&lt;notifTagValue&gt;-0.006&lt;/notifTagValue&gt;&lt;recordID&gt;114723&lt;/recordID&gt;&lt;notifName&gt;TransCtr&lt;/notifName&gt;&lt;notifDescription&gt;P558_JENOPTIK&lt;/notifDescription&gt;&lt;CreatedBy&gt;SYSTEM&lt;/CreatedBy&gt;&lt;CreatedOn&gt;2016-12-18T10:54:34&lt;/CreatedOn&gt;&lt;ModifiedBy&gt;System&lt;/ModifiedBy&gt;&lt;ModifiedOn&gt;2016-12-18T10:54:36&lt;/ModifiedOn&gt;&lt;tagName&gt;Data_00&lt;/tagName&gt;&lt;tagTypeID&gt;8&lt;/tagTypeID&gt;&lt;tagGroupID&gt;1&lt;/tagGroupID&gt;&lt;tagFunctionID&gt;4&lt;/tagFunctionID&gt;&lt;COM_typeName&gt;TSend&lt;/COM_typeName&gt;&lt;FNC_typeName&gt;DefDataTable&lt;/FNC_typeName&gt;&lt;OPC_typeName&gt;FLOAT&lt;/OPC_typeName&gt;&lt;unitID&gt;36&lt;/unitID&gt;&lt;lineID&gt;35&lt;/lineID&gt;&lt;nameDefined&gt;Hi\Lo&lt;/nameDefined&gt;&lt;uomDefinedID&gt;24&lt;/uomDefinedID&gt;&lt;UOMName&gt;MM&lt;/UOMName&gt;&lt;UOMDescription&gt;MILIMETERS&lt;/UOMDescription&gt;&lt;serialNumber&gt;FTW2M160006z1&lt;/serialNumber&gt;&lt;avrg&gt;0.002575&lt;/avrg&gt;&lt;/Row&gt;&lt;Row&gt;&lt;notifRecordID&gt;114734&lt;/notifRecordID&gt;&lt;notifTagID&gt;123&lt;/notifTagID&gt;&lt;notifTagValue&gt;0.002&lt;/notifTagValue&gt;&lt;recordID&gt;114734&lt;/recordID&gt;&lt;notifName&gt;TransCtr&lt;/notifName&gt;&lt;notifDescription&gt;P558_JENOPTIK&lt;/notifDescription&gt;&lt;CreatedBy&gt;SYSTEM&lt;/CreatedBy&gt;&lt;CreatedOn&gt;2016-12-18T11:13:18&lt;/CreatedOn&gt;&lt;ModifiedBy&gt;System&lt;/ModifiedBy&gt;&lt;ModifiedOn&gt;2016-12-18T11:13:19&lt;/ModifiedOn&gt;&lt;tagName&gt;Data_00&lt;/tagName&gt;&lt;tagTypeID&gt;8&lt;/tagTypeID&gt;&lt;tagGroupID&gt;1&lt;/tagGroupID&gt;&lt;tagFunctionID&gt;4&lt;/tagFunctionID&gt;&lt;COM_typeName&gt;TSend&lt;/COM_typeName&gt;&lt;FNC_typeName&gt;DefDataTable&lt;/FNC_typeName&gt;&lt;OPC_typeName&gt;FLOAT&lt;/OPC_typeName&gt;&lt;unitID&gt;36&lt;/unitID&gt;&lt;lineID&gt;35&lt;/lineID&gt;&lt;nameDefined&gt;Hi\Lo&lt;/nameDefined&gt;&lt;uomDefinedID&gt;24&lt;/uomDefinedID&gt;&lt;UOMName&gt;MM&lt;/UOMName&gt;&lt;UOMDescription&gt;MILIMETERS&lt;/UOMDescription&gt;&lt;serialNumber&gt;FTW3M16000as0&lt;/serialNumber&gt;&lt;avrg&gt;0.002575&lt;/avrg&gt;&lt;/Row&gt;&lt;Row&gt;&lt;notifRecordID&gt;114737&lt;/notifRecordID&gt;&lt;notifTagID&gt;123&lt;/notifTagID&gt;&lt;notifTagValue&gt;0.005&lt;/notifTagValue&gt;&lt;recordID&gt;114737&lt;/recordID&gt;&lt;notifName&gt;TransCtr&lt;/notifName&gt;&lt;notifDescription&gt;P558_JENOPTIK&lt;/notifDescription&gt;&lt;CreatedBy&gt;SYSTEM&lt;/CreatedBy&gt;&lt;CreatedOn&gt;2016-12-18T11:15:14&lt;/CreatedOn&gt;&lt;ModifiedBy&gt;System&lt;/ModifiedBy&gt;&lt;ModifiedOn&gt;2016-12-18T11:15:16&lt;/ModifiedOn&gt;&lt;tagName&gt;Data_00&lt;/tagName&gt;&lt;tagTypeID&gt;8&lt;/tagTypeID&gt;&lt;tagGroupID&gt;1&lt;/tagGroupID&gt;&lt;tagFunctionID&gt;4&lt;/tagFunctionID&gt;&lt;COM_typeName&gt;TSend&lt;/COM_typeName&gt;&lt;FNC_typeName&gt;DefDataTable&lt;/FNC_typeName&gt;&lt;OPC_typeName&gt;FLOAT&lt;/OPC_typeName&gt;&lt;unitID&gt;36&lt;/unitID&gt;&lt;lineID&gt;35&lt;/lineID&gt;&lt;nameDefined&gt;Hi\Lo&lt;/nameDefined&gt;&lt;uomDefinedID&gt;24&lt;/uomDefinedID&gt;&lt;UOMName&gt;MM&lt;/UOMName&gt;&lt;UOMDescription&gt;MILIMETERS&lt;/UOMDescription&gt;&lt;serialNumber&gt;FTW3M16000as2&lt;/serialNumber&gt;&lt;avrg&gt;0.002575&lt;/avrg&gt;&lt;/Row&gt;&lt;Row&gt;&lt;notifRecordID&gt;114739&lt;/notifRecordID&gt;&lt;notifTagID&gt;123&lt;/notifTagID&gt;&lt;notifTagValue&gt;0.0&lt;/notifTagValue&gt;&lt;recordID&gt;114739&lt;/recordID&gt;&lt;notifName&gt;TransCtr&lt;/notifName&gt;&lt;notifDescription&gt;P558_JENOPTIK&lt;/notifDescription&gt;&lt;CreatedBy&gt;SYSTEM&lt;/CreatedBy&gt;&lt;CreatedOn&gt;2016-12-18T11:18:43&lt;/CreatedOn&gt;&lt;ModifiedBy&gt;System&lt;/ModifiedBy&gt;&lt;ModifiedOn&gt;2016-12-18T11:18:44&lt;/ModifiedOn&gt;&lt;tagName&gt;Data_00&lt;/tagName&gt;&lt;tagTypeID&gt;8&lt;/tagTypeID&gt;&lt;tagGroupID&gt;1&lt;/tagGroupID&gt;&lt;tagFunctionID&gt;4&lt;/tagFunctionID&gt;&lt;COM_typeName&gt;TSend&lt;/COM_typeName&gt;&lt;FNC_typeName&gt;DefDataTable&lt;/FNC_typeName&gt;&lt;OPC_typeName&gt;FLOAT&lt;/OPC_typeName&gt;&lt;unitID&gt;36&lt;/unitID&gt;&lt;lineID&gt;35&lt;/lineID&gt;&lt;nameDefined&gt;Hi\Lo&lt;/nameDefined&gt;&lt;uomDefinedID&gt;24&lt;/uomDefinedID&gt;&lt;UOMName&gt;MM&lt;/UOMName&gt;&lt;UOMDescription&gt;MILIMETERS&lt;/UOMDescription&gt;&lt;serialNumber&gt;FTW3M16000as3&lt;/serialNumber&gt;&lt;avrg&gt;0.002575&lt;/avrg&gt;&lt;/Row&gt;&lt;Row&gt;&lt;notifRecordID&gt;114741&lt;/notifRecordID&gt;&lt;notifTagID&gt;123&lt;/notifTagID&gt;&lt;notifTagValue&gt;0.006&lt;/notifTagValue&gt;&lt;recordID&gt;114741&lt;/recordID&gt;&lt;notifName&gt;TransCtr&lt;/notifName&gt;&lt;notifDescription&gt;P558_JENOPTIK&lt;/notifDescription&gt;&lt;CreatedBy&gt;SYSTEM&lt;/CreatedBy&gt;&lt;CreatedOn&gt;2016-12-18T11:20:28&lt;/CreatedOn&gt;&lt;ModifiedBy&gt;System&lt;/ModifiedBy&gt;&lt;ModifiedOn&gt;2016-12-18T11:20:30&lt;/ModifiedOn&gt;&lt;tagName&gt;Data_00&lt;/tagName&gt;&lt;tagTypeID&gt;8&lt;/tagTypeID&gt;&lt;tagGroupID&gt;1&lt;/tagGroupID&gt;&lt;tagFunctionID&gt;4&lt;/tagFunctionID&gt;&lt;COM_typeName&gt;TSend&lt;/COM_typeName&gt;&lt;FNC_typeName&gt;DefDataTable&lt;/FNC_typeName&gt;&lt;OPC_typeName&gt;FLOAT&lt;/OPC_typeName&gt;&lt;unitID&gt;36&lt;/unitID&gt;&lt;lineID&gt;35&lt;/lineID&gt;&lt;nameDefined&gt;Hi\Lo&lt;/nameDefined&gt;&lt;uomDefinedID&gt;24&lt;/uomDefinedID&gt;&lt;UOMName&gt;MM&lt;/UOMName&gt;&lt;UOMDescription&gt;MILIMETERS&lt;/UOMDescription&gt;&lt;serialNumber&gt;FTW2M160006z2&lt;/serialNumber&gt;&lt;avrg&gt;0.002575&lt;/avrg&gt;&lt;/Row&gt;&lt;Row&gt;&lt;notifRecordID&gt;114757&lt;/notifRecordID&gt;&lt;notifTagID&gt;123&lt;/notifTagID&gt;&lt;notifTagValue&gt;-0.001&lt;/notifTagValue&gt;&lt;recordID&gt;114757&lt;/recordID&gt;&lt;notifName&gt;TransCtr&lt;/notifName&gt;&lt;notifDescription&gt;P558_JENOPTIK&lt;/notifDescription&gt;&lt;CreatedBy&gt;SYSTEM&lt;/CreatedBy&gt;&lt;CreatedOn&gt;2016-12-18T12:03:46&lt;/CreatedOn&gt;&lt;ModifiedBy&gt;System&lt;/ModifiedBy&gt;&lt;ModifiedOn&gt;2016-12-18T12:03:48&lt;/ModifiedOn&gt;&lt;tagName&gt;Data_00&lt;/tagName&gt;&lt;tagTypeID&gt;8&lt;/tagTypeID&gt;&lt;tagGroupID&gt;1&lt;/tagGroupID&gt;&lt;tagFunctionID&gt;4&lt;/tagFunctionID&gt;&lt;COM_typeName&gt;TSend&lt;/COM_typeName&gt;&lt;FNC_typeName&gt;DefDataTable&lt;/FNC_typeName&gt;&lt;OPC_typeName&gt;FLOAT&lt;/OPC_typeName&gt;&lt;unitID&gt;36&lt;/unitID&gt;&lt;lineID&gt;35&lt;/lineID&gt;&lt;nameDefined&gt;Hi\Lo&lt;/nameDefined&gt;&lt;uomDefinedID&gt;24&lt;/uomDefinedID&gt;&lt;UOMName&gt;MM&lt;/UOMName&gt;&lt;UOMDescription&gt;MILIMETERS&lt;/UOMDescription&gt;&lt;serialNumber&gt;FTW3M16000as1&lt;/serialNumber&gt;&lt;avrg&gt;0.002575&lt;/avrg&gt;&lt;/Row&gt;&lt;Row&gt;&lt;notifRecordID&gt;114762&lt;/notifRecordID&gt;&lt;notifTagID&gt;123&lt;/notifTagID&gt;&lt;notifTagValue&gt;-0.001&lt;/notifTagValue&gt;&lt;recordID&gt;114762&lt;/recordID&gt;&lt;notifName&gt;TransCtr&lt;/notifName&gt;&lt;notifDescription&gt;P558_JENOPTIK&lt;/notifDescription&gt;&lt;CreatedBy&gt;SYSTEM&lt;/CreatedBy&gt;&lt;CreatedOn&gt;2016-12-18T12:05:25&lt;/CreatedOn&gt;&lt;ModifiedBy&gt;System&lt;/ModifiedBy&gt;&lt;ModifiedOn&gt;2016-12-18T12:05:27&lt;/ModifiedOn&gt;&lt;tagName&gt;Data_00&lt;/tagName&gt;&lt;tagTypeID&gt;8&lt;/tagTypeID&gt;&lt;tagGroupID&gt;1&lt;/tagGroupID&gt;&lt;tagFunctionID&gt;4&lt;/tagFunctionID&gt;&lt;COM_typeName&gt;TSend&lt;/COM_typeName&gt;&lt;FNC_typeName&gt;DefDataTable&lt;/FNC_typeName&gt;&lt;OPC_typeName&gt;FLOAT&lt;/OPC_typeName&gt;&lt;unitID&gt;36&lt;/unitID&gt;&lt;lineID&gt;35&lt;/lineID&gt;&lt;nameDefined&gt;Hi\Lo&lt;/nameDefined&gt;&lt;uomDefinedID&gt;24&lt;/uomDefinedID&gt;&lt;UOMName&gt;MM&lt;/UOMName&gt;&lt;UOMDescription&gt;MILIMETERS&lt;/UOMDescription&gt;&lt;serialNumber&gt;FTW2M160006z3&lt;/serialNumber&gt;&lt;avrg&gt;0.002575&lt;/avrg&gt;&lt;/Row&gt;&lt;Row&gt;&lt;notifRecordID&gt;114765&lt;/notifRecordID&gt;&lt;notifTagID&gt;123&lt;/notifTagID&gt;&lt;notifTagValue&gt;0.004&lt;/notifTagValue&gt;&lt;recordID&gt;114765&lt;/recordID&gt;&lt;notifName&gt;TransCtr&lt;/notifName&gt;&lt;notifDescription&gt;P558_JENOPTIK&lt;/notifDescription&gt;&lt;CreatedBy&gt;SYSTEM&lt;/CreatedBy&gt;&lt;CreatedOn&gt;2016-12-18T12:07:10&lt;/CreatedOn&gt;&lt;ModifiedBy&gt;System&lt;/ModifiedBy&gt;&lt;ModifiedOn&gt;2016-12-18T12:07:12&lt;/ModifiedOn&gt;&lt;tagName&gt;Data_00&lt;/tagName&gt;&lt;tagTypeID&gt;8&lt;/tagTypeID&gt;&lt;tagGroupID&gt;1&lt;/tagGroupID&gt;&lt;tagFunctionID&gt;4&lt;/tagFunctionID&gt;&lt;COM_typeName&gt;TSend&lt;/COM_typeName&gt;&lt;FNC_typeName&gt;DefDataTable&lt;/FNC_typeName&gt;&lt;OPC_typeName&gt;FLOAT&lt;/OPC_typeName&gt;&lt;unitID&gt;36&lt;/unitID&gt;&lt;lineID&gt;35&lt;/lineID&gt;&lt;nameDefined&gt;Hi\Lo&lt;/nameDefined&gt;&lt;uomDefinedID&gt;24&lt;/uomDefinedID&gt;&lt;UOMName&gt;MM&lt;/UOMName&gt;&lt;UOMDescription&gt;MILIMETERS&lt;/UOMDescription&gt;&lt;serialNumber&gt;FTW3M16000as4&lt;/serialNumber&gt;&lt;avrg&gt;0.002575&lt;/avrg&gt;&lt;/Row&gt;&lt;Row&gt;&lt;notifRecordID&gt;114767&lt;/notifRecordID&gt;&lt;notifTagID&gt;123&lt;/notifTagID&gt;&lt;notifTagValue&gt;0.007&lt;/notifTagValue&gt;&lt;recordID&gt;114767&lt;/recordID&gt;&lt;notifName&gt;TransCtr&lt;/notifName&gt;&lt;notifDescription&gt;P558_JENOPTIK&lt;/notifDescription&gt;&lt;CreatedBy&gt;SYSTEM&lt;/CreatedBy&gt;&lt;CreatedOn&gt;2016-12-18T12:09:02&lt;/CreatedOn&gt;&lt;ModifiedBy&gt;System&lt;/ModifiedBy&gt;&lt;ModifiedOn&gt;2016-12-18T12:09:04&lt;/ModifiedOn&gt;&lt;tagName&gt;Data_00&lt;/tagName&gt;&lt;tagTypeID&gt;8&lt;/tagTypeID&gt;&lt;tagGroupID&gt;1&lt;/tagGroupID&gt;&lt;tagFunctionID&gt;4&lt;/tagFunctionID&gt;&lt;COM_typeName&gt;TSend&lt;/COM_typeName&gt;&lt;FNC_typeName&gt;DefDataTable&lt;/FNC_typeName&gt;&lt;OPC_typeName&gt;FLOAT&lt;/OPC_typeName&gt;&lt;unitID&gt;36&lt;/unitID&gt;&lt;lineID&gt;35&lt;/lineID&gt;&lt;nameDefined&gt;Hi\Lo&lt;/nameDefined&gt;&lt;uomDefinedID&gt;24&lt;/uomDefinedID&gt;&lt;UOMName&gt;MM&lt;/UOMName&gt;&lt;UOMDescription&gt;MILIMETERS&lt;/UOMDescription&gt;&lt;serialNumber&gt;FTW2M160006z4&lt;/serialNumber&gt;&lt;avrg&gt;0.002575&lt;/avrg&gt;&lt;/Row&gt;&lt;Row&gt;&lt;notifRecordID&gt;114770&lt;/notifRecordID&gt;&lt;notifTagID&gt;123&lt;/notifTagID&gt;&lt;notifTagValue&gt;-0.002&lt;/notifTagValue&gt;&lt;recordID&gt;114770&lt;/recordID&gt;&lt;notifName&gt;TransCtr&lt;/notifName&gt;&lt;notifDescription&gt;P558_JENOPTIK&lt;/notifDescription&gt;&lt;CreatedBy&gt;SYSTEM&lt;/CreatedBy&gt;&lt;CreatedOn&gt;2016-12-18T12:14:04&lt;/CreatedOn&gt;&lt;ModifiedBy&gt;System&lt;/ModifiedBy&gt;&lt;ModifiedOn&gt;2016-12-18T12:14:06&lt;/ModifiedOn&gt;&lt;tagName&gt;Data_00&lt;/tagName&gt;&lt;tagTypeID&gt;8&lt;/tagTypeID&gt;&lt;tagGroupID&gt;1&lt;/tagGroupID&gt;&lt;tagFunctionID&gt;4&lt;/tagFunctionID&gt;&lt;COM_typeName&gt;TSend&lt;/COM_typeName&gt;&lt;FNC_typeName&gt;DefDataTable&lt;/FNC_typeName&gt;&lt;OPC_typeName&gt;FLOAT&lt;/OPC_typeName&gt;&lt;unitID&gt;36&lt;/unitID&gt;&lt;lineID&gt;35&lt;/lineID&gt;&lt;nameDefined&gt;Hi\Lo&lt;/nameDefined&gt;&lt;uomDefinedID&gt;24&lt;/uomDefinedID&gt;&lt;UOMName&gt;MM&lt;/UOMName&gt;&lt;UOMDescription&gt;MILIMETERS&lt;/UOMDescription&gt;&lt;serialNumber&gt;FTW2M160006z5&lt;/serialNumber&gt;&lt;avrg&gt;0.002575&lt;/avrg&gt;&lt;/Row&gt;&lt;Row&gt;&lt;notifRecordID&gt;114775&lt;/notifRecordID&gt;&lt;notifTagID&gt;123&lt;/notifTagID&gt;&lt;notifTagValue&gt;0.009&lt;/notifTagValue&gt;&lt;recordID&gt;114775&lt;/recordID&gt;&lt;notifName&gt;TransCtr&lt;/notifName&gt;&lt;notifDescription&gt;P558_JENOPTIK&lt;/notifDescription&gt;&lt;CreatedBy&gt;SYSTEM&lt;/CreatedBy&gt;&lt;CreatedOn&gt;2016-12-18T12:18:35&lt;/CreatedOn&gt;&lt;ModifiedBy&gt;System&lt;/ModifiedBy&gt;&lt;ModifiedOn&gt;2016-12-18T12:18:37&lt;/ModifiedOn&gt;&lt;tagName&gt;Data_00&lt;/tagName&gt;&lt;tagTypeID&gt;8&lt;/tagTypeID&gt;&lt;tagGroupID&gt;1&lt;/tagGroupID&gt;&lt;tagFunctionID&gt;4&lt;/tagFunctionID&gt;&lt;COM_typeName&gt;TSend&lt;/COM_typeName&gt;&lt;FNC_typeName&gt;DefDataTable&lt;/FNC_typeName&gt;&lt;OPC_typeName&gt;FLOAT&lt;/OPC_typeName&gt;&lt;unitID&gt;36&lt;/unitID&gt;&lt;lineID&gt;35&lt;/lineID&gt;&lt;nameDefined&gt;Hi\Lo&lt;/nameDefined&gt;&lt;uomDefinedID&gt;24&lt;/uomDefinedID&gt;&lt;UOMName&gt;MM&lt;/UOMName&gt;&lt;UOMDescription&gt;MILIMETERS&lt;/UOMDescription&gt;&lt;serialNumber&gt;FTW2M160006z6&lt;/serialNumber&gt;&lt;avrg&gt;0.002575&lt;/avrg&gt;&lt;/Row&gt;&lt;Row&gt;&lt;notifRecordID&gt;114778&lt;/notifRecordID&gt;&lt;notifTagID&gt;123&lt;/notifTagID&gt;&lt;notifTagValue&gt;0.007&lt;/notifTagValue&gt;&lt;recordID&gt;114778&lt;/recordID&gt;&lt;notifName&gt;TransCtr&lt;/notifName&gt;&lt;notifDescription&gt;P558_JENOPTIK&lt;/notifDescription&gt;&lt;CreatedBy&gt;SYSTEM&lt;/CreatedBy&gt;&lt;CreatedOn&gt;2016-12-18T12:20:00&lt;/CreatedOn&gt;&lt;ModifiedBy&gt;System&lt;/ModifiedBy&gt;&lt;ModifiedOn&gt;2016-12-18T12:20:02&lt;/ModifiedOn&gt;&lt;tagName&gt;Data_00&lt;/tagName&gt;&lt;tagTypeID&gt;8&lt;/tagTypeID&gt;&lt;tagGroupID&gt;1&lt;/tagGroupID&gt;&lt;tagFunctionID&gt;4&lt;/tagFunctionID&gt;&lt;COM_typeName&gt;TSend&lt;/COM_typeName&gt;&lt;FNC_typeName&gt;DefDataTable&lt;/FNC_typeName&gt;&lt;OPC_typeName&gt;FLOAT&lt;/OPC_typeName&gt;&lt;unitID&gt;36&lt;/unitID&gt;&lt;lineID&gt;35&lt;/lineID&gt;&lt;nameDefined&gt;Hi\Lo&lt;/nameDefined&gt;&lt;uomDefinedID&gt;24&lt;/uomDefinedID&gt;&lt;UOMName&gt;MM&lt;/UOMName&gt;&lt;UOMDescription&gt;MILIMETERS&lt;/UOMDescription&gt;&lt;serialNumber&gt;FTW3M16000as5&lt;/serialNumber&gt;&lt;avrg&gt;0.002575&lt;/avrg&gt;&lt;/Row&gt;&lt;Row&gt;&lt;notifRecordID&gt;114780&lt;/notifRecordID&gt;&lt;notifTagID&gt;123&lt;/notifTagID&gt;&lt;notifTagValue&gt;-0.003&lt;/notifTagValue&gt;&lt;recordID&gt;114780&lt;/recordID&gt;&lt;notifName&gt;TransCtr&lt;/notifName&gt;&lt;notifDescription&gt;P558_JENOPTIK&lt;/notifDescription&gt;&lt;CreatedBy&gt;SYSTEM&lt;/CreatedBy&gt;&lt;CreatedOn&gt;2016-12-18T12:21:42&lt;/CreatedOn&gt;&lt;ModifiedBy&gt;System&lt;/ModifiedBy&gt;&lt;ModifiedOn&gt;2016-12-18T12:21:44&lt;/ModifiedOn&gt;&lt;tagName&gt;Data_00&lt;/tagName&gt;&lt;tagTypeID&gt;8&lt;/tagTypeID&gt;&lt;tagGroupID&gt;1&lt;/tagGroupID&gt;&lt;tagFunctionID&gt;4&lt;/tagFunctionID&gt;&lt;COM_typeName&gt;TSend&lt;/COM_typeName&gt;&lt;FNC_typeName&gt;DefDataTable&lt;/FNC_typeName&gt;&lt;OPC_typeName&gt;FLOAT&lt;/OPC_typeName&gt;&lt;unitID&gt;36&lt;/unitID&gt;&lt;lineID&gt;35&lt;/lineID&gt;&lt;nameDefined&gt;Hi\Lo&lt;/nameDefined&gt;&lt;uomDefinedID&gt;24&lt;/uomDefinedID&gt;&lt;UOMName&gt;MM&lt;/UOMName&gt;&lt;UOMDescription&gt;MILIMETERS&lt;/UOMDescription&gt;&lt;serialNumber&gt;FTW3M16000as6&lt;/serialNumber&gt;&lt;avrg&gt;0.002575&lt;/avrg&gt;&lt;/Row&gt;&lt;Row&gt;&lt;notifRecordID&gt;114789&lt;/notifRecordID&gt;&lt;notifTagID&gt;123&lt;/notifTagID&gt;&lt;notifTagValue&gt;-0.001&lt;/notifTagValue&gt;&lt;recordID&gt;114789&lt;/recordID&gt;&lt;notifName&gt;TransCtr&lt;/notifName&gt;&lt;notifDescription&gt;P558_JENOPTIK&lt;/notifDescription&gt;&lt;CreatedBy&gt;SYSTEM&lt;/CreatedBy&gt;&lt;CreatedOn&gt;2016-12-18T12:37:11&lt;/CreatedOn&gt;&lt;ModifiedBy&gt;System&lt;/ModifiedBy&gt;&lt;ModifiedOn&gt;2016-12-18T12:37:13&lt;/ModifiedOn&gt;&lt;tagName&gt;Data_00&lt;/tagName&gt;&lt;tagTypeID&gt;8&lt;/tagTypeID&gt;&lt;tagGroupID&gt;1&lt;/tagGroupID&gt;&lt;tagFunctionID&gt;4&lt;/tagFunctionID&gt;&lt;COM_typeName&gt;TSend&lt;/COM_typeName&gt;&lt;FNC_typeName&gt;DefDataTable&lt;/FNC_typeName&gt;&lt;OPC_typeName&gt;FLOAT&lt;/OPC_typeName&gt;&lt;unitID&gt;36&lt;/unitID&gt;&lt;lineID&gt;35&lt;/lineID&gt;&lt;nameDefined&gt;Hi\Lo&lt;/nameDefined&gt;&lt;uomDefinedID&gt;24&lt;/uomDefinedID&gt;&lt;UOMName&gt;MM&lt;/UOMName&gt;&lt;UOMDescription&gt;MILIMETERS&lt;/UOMDescription&gt;&lt;serialNumber&gt;FTW2M160006z7&lt;/serialNumber&gt;&lt;avrg&gt;0.002575&lt;/avrg&gt;&lt;/Row&gt;&lt;Row&gt;&lt;notifRecordID&gt;114792&lt;/notifRecordID&gt;&lt;notifTagID&gt;123&lt;/notifTagID&gt;&lt;notifTagValue&gt;0.004&lt;/notifTagValue&gt;&lt;recordID&gt;114792&lt;/recordID&gt;&lt;notifName&gt;TransCtr&lt;/notifName&gt;&lt;notifDescription&gt;P558_JENOPTIK&lt;/notifDescription&gt;&lt;CreatedBy&gt;SYSTEM&lt;/CreatedBy&gt;&lt;CreatedOn&gt;2016-12-18T12:39:09&lt;/CreatedOn&gt;&lt;ModifiedBy&gt;System&lt;/ModifiedBy&gt;&lt;ModifiedOn&gt;2016-12-18T12:39:11&lt;/ModifiedOn&gt;&lt;tagName&gt;Data_00&lt;/tagName&gt;&lt;tagTypeID&gt;8&lt;/tagTypeID&gt;&lt;tagGroupID&gt;1&lt;/tagGroupID&gt;&lt;tagFunctionID&gt;4&lt;/tagFunctionID&gt;&lt;COM_typeName&gt;TSend&lt;/COM_typeName&gt;&lt;FNC_typeName&gt;DefDataTable&lt;/FNC_typeName&gt;&lt;OPC_typeName&gt;FLOAT&lt;/OPC_typeName&gt;&lt;unitID&gt;36&lt;/unitID&gt;&lt;lineID&gt;35&lt;/lineID&gt;&lt;nameDefined&gt;Hi\Lo&lt;/nameDefined&gt;&lt;uomDefinedID&gt;24&lt;/uomDefinedID&gt;&lt;UOMName&gt;MM&lt;/UOMName&gt;&lt;UOMDescription&gt;MILIMETERS&lt;/UOMDescription&gt;&lt;serialNumber&gt;FTW3M16000as8&lt;/serialNumber&gt;&lt;avrg&gt;0.002575&lt;/avrg&gt;&lt;/Row&gt;&lt;Row&gt;&lt;notifRecordID&gt;114798&lt;/notifRecordID&gt;&lt;notifTagID&gt;123&lt;/notifTagID&gt;&lt;notifTagValue&gt;0.008&lt;/notifTagValue&gt;&lt;recordID&gt;114798&lt;/recordID&gt;&lt;notifName&gt;TransCtr&lt;/notifName&gt;&lt;notifDescription&gt;P558_JENOPTIK&lt;/notifDescription&gt;&lt;CreatedBy&gt;SYSTEM&lt;/CreatedBy&gt;&lt;CreatedOn&gt;2016-12-18T12:44:23&lt;/CreatedOn&gt;&lt;ModifiedBy&gt;System&lt;/ModifiedBy&gt;&lt;ModifiedOn&gt;2016-12-18T12:44:25&lt;/ModifiedOn&gt;&lt;tagName&gt;Data_00&lt;/tagName&gt;&lt;tagTypeID&gt;8&lt;/tagTypeID&gt;&lt;tagGroupID&gt;1&lt;/tagGroupID&gt;&lt;tagFunctionID&gt;4&lt;/tagFunctionID&gt;&lt;COM_typeName&gt;TSend&lt;/COM_typeName&gt;&lt;FNC_typeName&gt;DefDataTable&lt;/FNC_typeName&gt;&lt;OPC_typeName&gt;FLOAT&lt;/OPC_typeName&gt;&lt;unitID&gt;36&lt;/unitID&gt;&lt;lineID&gt;35&lt;/lineID&gt;&lt;nameDefined&gt;Hi\Lo&lt;/nameDefined&gt;&lt;uomDefinedID&gt;24&lt;/uomDefinedID&gt;&lt;UOMName&gt;MM&lt;/UOMName&gt;&lt;UOMDescription&gt;MILIMETERS&lt;/UOMDescription&gt;&lt;serialNumber&gt;FTW2M160006z8&lt;/serialNumber&gt;&lt;avrg&gt;0.002575&lt;/avrg&gt;&lt;/Row&gt;&lt;Row&gt;&lt;notifRecordID&gt;114801&lt;/notifRecordID&gt;&lt;notifTagID&gt;123&lt;/notifTagID&gt;&lt;notifTagValue&gt;0.01&lt;/notifTagValue&gt;&lt;recordID&gt;114801&lt;/recordID&gt;&lt;notifName&gt;TransCtr&lt;/notifName&gt;&lt;notifDescription&gt;P558_JENOPTIK&lt;/notifDescription&gt;&lt;CreatedBy&gt;SYSTEM&lt;/CreatedBy&gt;&lt;CreatedOn&gt;2016-12-18T12:46:33&lt;/CreatedOn&gt;&lt;ModifiedBy&gt;System&lt;/ModifiedBy&gt;&lt;ModifiedOn&gt;2016-12-18T12:46:35&lt;/ModifiedOn&gt;&lt;tagName&gt;Data_00&lt;/tagName&gt;&lt;tagTypeID&gt;8&lt;/tagTypeID&gt;&lt;tagGroupID&gt;1&lt;/tagGroupID&gt;&lt;tagFunctionID&gt;4&lt;/tagFunctionID&gt;&lt;COM_typeName&gt;TSend&lt;/COM_typeName&gt;&lt;FNC_typeName&gt;DefDataTable&lt;/FNC_typeName&gt;&lt;OPC_typeName&gt;FLOAT&lt;/OPC_typeName&gt;&lt;unitID&gt;36&lt;/unitID&gt;&lt;lineID&gt;35&lt;/lineID&gt;&lt;nameDefined&gt;Hi\Lo&lt;/nameDefined&gt;&lt;uomDefinedID&gt;24&lt;/uomDefinedID&gt;&lt;UOMName&gt;MM&lt;/UOMName&gt;&lt;UOMDescription&gt;MILIMETERS&lt;/UOMDescription&gt;&lt;serialNumber&gt;FTW3M16000as7&lt;/serialNumber&gt;&lt;avrg&gt;0.002575&lt;/avrg&gt;&lt;/Row&gt;&lt;Row&gt;&lt;notifRecordID&gt;114805&lt;/notifRecordID&gt;&lt;notifTagID&gt;123&lt;/notifTagID&gt;&lt;notifTagValue&gt;0.002&lt;/notifTagValue&gt;&lt;recordID&gt;114805&lt;/recordID&gt;&lt;notifName&gt;TransCtr&lt;/notifName&gt;&lt;notifDescription&gt;P558_JENOPTIK&lt;/notifDescription&gt;&lt;CreatedBy&gt;SYSTEM&lt;/CreatedBy&gt;&lt;CreatedOn&gt;2016-12-18T12:53:57&lt;/CreatedOn&gt;&lt;ModifiedBy&gt;System&lt;/ModifiedBy&gt;&lt;ModifiedOn&gt;2016-12-18T12:53:59&lt;/ModifiedOn&gt;&lt;tagName&gt;Data_00&lt;/tagName&gt;&lt;tagTypeID&gt;8&lt;/tagTypeID&gt;&lt;tagGroupID&gt;1&lt;/tagGroupID&gt;&lt;tagFunctionID&gt;4&lt;/tagFunctionID&gt;&lt;COM_typeName&gt;TSend&lt;/COM_typeName&gt;&lt;FNC_typeName&gt;DefDataTable&lt;/FNC_typeName&gt;&lt;OPC_typeName&gt;FLOAT&lt;/OPC_typeName&gt;&lt;unitID&gt;36&lt;/unitID&gt;&lt;lineID&gt;35&lt;/lineID&gt;&lt;nameDefined&gt;Hi\Lo&lt;/nameDefined&gt;&lt;uomDefinedID&gt;24&lt;/uomDefinedID&gt;&lt;UOMName&gt;MM&lt;/UOMName&gt;&lt;UOMDescription&gt;MILIMETERS&lt;/UOMDescription&gt;&lt;serialNumber&gt;FTW3M16000as9&lt;/serialNumber&gt;&lt;avrg&gt;0.002575&lt;/avrg&gt;&lt;/Row&gt;&lt;Row&gt;&lt;notifRecordID&gt;114811&lt;/notifRecordID&gt;&lt;notifTagID&gt;123&lt;/notifTagID&gt;&lt;notifTagValue&gt;-0.002&lt;/notifTagValue&gt;&lt;recordID&gt;114811&lt;/recordID&gt;&lt;notifName&gt;TransCtr&lt;/notifName&gt;&lt;notifDescription&gt;P558_JENOPTIK&lt;/notifDescription&gt;&lt;CreatedBy&gt;SYSTEM&lt;/CreatedBy&gt;&lt;CreatedOn&gt;2016-12-18T13:00:15&lt;/CreatedOn&gt;&lt;ModifiedBy&gt;System&lt;/ModifiedBy&gt;&lt;ModifiedOn&gt;2016-12-18T13:00:17&lt;/ModifiedOn&gt;&lt;tagName&gt;Data_00&lt;/tagName&gt;&lt;tagTypeID&gt;8&lt;/tagTypeID&gt;&lt;tagGroupID&gt;1&lt;/tagGroupID&gt;&lt;tagFunctionID&gt;4&lt;/tagFunctionID&gt;&lt;COM_typeName&gt;TSend&lt;/COM_typeName&gt;&lt;FNC_typeName&gt;DefDataTable&lt;/FNC_typeName&gt;&lt;OPC_typeName&gt;FLOAT&lt;/OPC_typeName&gt;&lt;unitID&gt;36&lt;/unitID&gt;&lt;lineID&gt;35&lt;/lineID&gt;&lt;nameDefined&gt;Hi\Lo&lt;/nameDefined&gt;&lt;uomDefinedID&gt;24&lt;/uomDefinedID&gt;&lt;UOMName&gt;MM&lt;/UOMName&gt;&lt;UOMDescription&gt;MILIMETERS&lt;/UOMDescription&gt;&lt;serialNumber&gt;FTW2M160006z9&lt;/serialNumber&gt;&lt;avrg&gt;0.002575&lt;/avrg&gt;&lt;/Row&gt;&lt;Row&gt;&lt;notifRecordID&gt;114813&lt;/notifRecordID&gt;&lt;notifTagID&gt;123&lt;/notifTagID&gt;&lt;notifTagValue&gt;0.005&lt;/notifTagValue&gt;&lt;recordID&gt;114813&lt;/recordID&gt;&lt;notifName&gt;TransCtr&lt;/notifName&gt;&lt;notifDescription&gt;P558_JENOPTIK&lt;/notifDescription&gt;&lt;CreatedBy&gt;SYSTEM&lt;/CreatedBy&gt;&lt;CreatedOn&gt;2016-12-18T13:01:48&lt;/CreatedOn&gt;&lt;ModifiedBy&gt;System&lt;/ModifiedBy&gt;&lt;ModifiedOn&gt;2016-12-18T13:01:50&lt;/ModifiedOn&gt;&lt;tagName&gt;Data_00&lt;/tagName&gt;&lt;tagTypeID&gt;8&lt;/tagTypeID&gt;&lt;tagGroupID&gt;1&lt;/tagGroupID&gt;&lt;tagFunctionID&gt;4&lt;/tagFunctionID&gt;&lt;COM_typeName&gt;TSend&lt;/COM_typeName&gt;&lt;FNC_typeName&gt;DefDataTable&lt;/FNC_typeName&gt;&lt;OPC_typeName&gt;FLOAT&lt;/OPC_typeName&gt;&lt;unitID&gt;36&lt;/unitID&gt;&lt;lineID&gt;35&lt;/lineID&gt;&lt;nameDefined&gt;Hi\Lo&lt;/nameDefined&gt;&lt;uomDefinedID&gt;24&lt;/uomDefinedID&gt;&lt;UOMName&gt;MM&lt;/UOMName&gt;&lt;UOMDescription&gt;MILIMETERS&lt;/UOMDescription&gt;&lt;serialNumber&gt;FTW3M16000asa&lt;/serialNumber&gt;&lt;avrg&gt;0.002575&lt;/avrg&gt;&lt;/Row&gt;&lt;Row&gt;&lt;notifRecordID&gt;114815&lt;/notifRecordID&gt;&lt;notifTagID&gt;123&lt;/notifTagID&gt;&lt;notifTagValue&gt;0.004&lt;/notifTagValue&gt;&lt;recordID&gt;114815&lt;/recordID&gt;&lt;notifName&gt;TransCtr&lt;/notifName&gt;&lt;notifDescription&gt;P558_JENOPTIK&lt;/notifDescription&gt;&lt;CreatedBy&gt;SYSTEM&lt;/CreatedBy&gt;&lt;CreatedOn&gt;2016-12-18T13:03:47&lt;/CreatedOn&gt;&lt;ModifiedBy&gt;System&lt;/ModifiedBy&gt;&lt;ModifiedOn&gt;2016-12-18T13:03:49&lt;/ModifiedOn&gt;&lt;tagName&gt;Data_00&lt;/tagName&gt;&lt;tagTypeID&gt;8&lt;/tagTypeID&gt;&lt;tagGroupID&gt;1&lt;/tagGroupID&gt;&lt;tagFunctionID&gt;4&lt;/tagFunctionID&gt;&lt;COM_typeName&gt;TSend&lt;/COM_typeName&gt;&lt;FNC_typeName&gt;DefDataTable&lt;/FNC_typeName&gt;&lt;OPC_typeName&gt;FLOAT&lt;/OPC_typeName&gt;&lt;unitID&gt;36&lt;/unitID&gt;&lt;lineID&gt;35&lt;/lineID&gt;&lt;nameDefined&gt;Hi\Lo&lt;/nameDefined&gt;&lt;uomDefinedID&gt;24&lt;/uomDefinedID&gt;&lt;UOMName&gt;MM&lt;/UOMName&gt;&lt;UOMDescription&gt;MILIMETERS&lt;/UOMDescription&gt;&lt;serialNumber&gt;FTW3M16000asb&lt;/serialNumber&gt;&lt;avrg&gt;0.002575&lt;/avrg&gt;&lt;/Row&gt;&lt;Row&gt;&lt;notifRecordID&gt;114825&lt;/notifRecordID&gt;&lt;notifTagID&gt;123&lt;/notifTagID&gt;&lt;notifTagValue&gt;0.004&lt;/notifTagValue&gt;&lt;recordID&gt;114825&lt;/recordID&gt;&lt;notifName&gt;TransCtr&lt;/notifName&gt;&lt;notifDescription&gt;P558_JENOPTIK&lt;/notifDescription&gt;&lt;CreatedBy&gt;SYSTEM&lt;/CreatedBy&gt;&lt;CreatedOn&gt;2016-12-18T13:20:25&lt;/CreatedOn&gt;&lt;ModifiedBy&gt;System&lt;/ModifiedBy&gt;&lt;ModifiedOn&gt;2016-12-18T13:20:27&lt;/ModifiedOn&gt;&lt;tagName&gt;Data_00&lt;/tagName&gt;&lt;tagTypeID&gt;8&lt;/tagTypeID&gt;&lt;tagGroupID&gt;1&lt;/tagGroupID&gt;&lt;tagFunctionID&gt;4&lt;/tagFunctionID&gt;&lt;COM_typeName&gt;TSend&lt;/COM_typeName&gt;&lt;FNC_typeName&gt;DefDataTable&lt;/FNC_typeName&gt;&lt;OPC_typeName&gt;FLOAT&lt;/OPC_typeName&gt;&lt;unitID&gt;36&lt;/unitID&gt;&lt;lineID&gt;35&lt;/lineID&gt;&lt;nameDefined&gt;Hi\Lo&lt;/nameDefined&gt;&lt;uomDefinedID&gt;24&lt;/uomDefinedID&gt;&lt;UOMName&gt;MM&lt;/UOMName&gt;&lt;UOMDescription&gt;MILIMETERS&lt;/UOMDescription&gt;&lt;serialNumber&gt;FTW2M160006za&lt;/serialNumber&gt;&lt;avrg&gt;0.002575&lt;/avrg&gt;&lt;/Row&gt;&lt;Row&gt;&lt;notifRecordID&gt;114828&lt;/notifRecordID&gt;&lt;notifTagID&gt;123&lt;/notifTagID&gt;&lt;notifTagValue&gt;-0.003&lt;/notifTagValue&gt;&lt;recordID&gt;114828&lt;/recordID&gt;&lt;notifName&gt;TransCtr&lt;/notifName&gt;&lt;notifDescription&gt;P558_JENOPTIK&lt;/notifDescription&gt;&lt;CreatedBy&gt;SYSTEM&lt;/CreatedBy&gt;&lt;CreatedOn&gt;2016-12-18T13:22:05&lt;/CreatedOn&gt;&lt;ModifiedBy&gt;System&lt;/ModifiedBy&gt;&lt;ModifiedOn&gt;2016-12-18T13:22:07&lt;/ModifiedOn&gt;&lt;tagName&gt;Data_00&lt;/tagName&gt;&lt;tagTypeID&gt;8&lt;/tagTypeID&gt;&lt;tagGroupID&gt;1&lt;/tagGroupID&gt;&lt;tagFunctionID&gt;4&lt;/tagFunctionID&gt;&lt;COM_typeName&gt;TSend&lt;/COM_typeName&gt;&lt;FNC_typeName&gt;DefDataTable&lt;/FNC_typeName&gt;&lt;OPC_typeName&gt;FLOAT&lt;/OPC_typeName&gt;&lt;unitID&gt;36&lt;/unitID&gt;&lt;lineID&gt;35&lt;/lineID&gt;&lt;nameDefined&gt;Hi\Lo&lt;/nameDefined&gt;&lt;uomDefinedID&gt;24&lt;/uomDefinedID&gt;&lt;UOMName&gt;MM&lt;/UOMName&gt;&lt;UOMDescription&gt;MILIMETERS&lt;/UOMDescription&gt;&lt;serialNumber&gt;FTW2M160006zb&lt;/serialNumber&gt;&lt;avrg&gt;0.002575&lt;/avrg&gt;&lt;/Row&gt;&lt;Row&gt;&lt;notifRecordID&gt;114831&lt;/notifRecordID&gt;&lt;notifTagID&gt;123&lt;/notifTagID&gt;&lt;notifTagValue&gt;-0.002&lt;/notifTagValue&gt;&lt;recordID&gt;114831&lt;/recordID&gt;&lt;notifName&gt;TransCtr&lt;/notifName&gt;&lt;notifDescription&gt;P558_JENOPTIK&lt;/notifDescription&gt;&lt;CreatedBy&gt;SYSTEM&lt;/CreatedBy&gt;&lt;CreatedOn&gt;2016-12-18T13:24:14&lt;/CreatedOn&gt;&lt;ModifiedBy&gt;System&lt;/ModifiedBy&gt;&lt;ModifiedOn&gt;2016-12-18T13:24:16&lt;/ModifiedOn&gt;&lt;tagName&gt;Data_00&lt;/tagName&gt;&lt;tagTypeID&gt;8&lt;/tagTypeID&gt;&lt;tagGroupID&gt;1&lt;/tagGroupID&gt;&lt;tagFunctionID&gt;4&lt;/tagFunctionID&gt;&lt;COM_typeName&gt;TSend&lt;/COM_typeName&gt;&lt;FNC_typeName&gt;DefDataTable&lt;/FNC_typeName&gt;&lt;OPC_typeName&gt;FLOAT&lt;/OPC_typeName&gt;&lt;unitID&gt;36&lt;/unitID&gt;&lt;lineID&gt;35&lt;/lineID&gt;&lt;nameDefined&gt;Hi\Lo&lt;/nameDefined&gt;&lt;uomDefinedID&gt;24&lt;/uomDefinedID&gt;&lt;UOMName&gt;MM&lt;/UOMName&gt;&lt;UOMDescription&gt;MILIMETERS&lt;/UOMDescription&gt;&lt;serialNumber&gt;FTW3M16000asc&lt;/serialNumber&gt;&lt;avrg&gt;0.002575&lt;/avrg&gt;&lt;/Row&gt;&lt;Row&gt;&lt;notifRecordID&gt;114836&lt;/notifRecordID&gt;&lt;notifTagID&gt;123&lt;/notifTagID&gt;&lt;notifTagValue&gt;0.005&lt;/notifTagValue&gt;&lt;recordID&gt;114836&lt;/recordID&gt;&lt;notifName&gt;TransCtr&lt;/notifName&gt;&lt;notifDescription&gt;P558_JENOPTIK&lt;/notifDescription&gt;&lt;CreatedBy&gt;SYSTEM&lt;/CreatedBy&gt;&lt;CreatedOn&gt;2016-12-18T13:29:37&lt;/CreatedOn&gt;&lt;ModifiedBy&gt;System&lt;/ModifiedBy&gt;&lt;ModifiedOn&gt;2016-12-18T13:29:39&lt;/ModifiedOn&gt;&lt;tagName&gt;Data_00&lt;/tagName&gt;&lt;tagTypeID&gt;8&lt;/tagTypeID&gt;&lt;tagGroupID&gt;1&lt;/tagGroupID&gt;&lt;tagFunctionID&gt;4&lt;/tagFunctionID&gt;&lt;COM_typeName&gt;TSend&lt;/COM_typeName&gt;&lt;FNC_typeName&gt;DefDataTable&lt;/FNC_typeName&gt;&lt;OPC_typeName&gt;FLOAT&lt;/OPC_typeName&gt;&lt;unitID&gt;36&lt;/unitID&gt;&lt;lineID&gt;35&lt;/lineID&gt;&lt;nameDefined&gt;Hi\Lo&lt;/nameDefined&gt;&lt;uomDefinedID&gt;24&lt;/uomDefinedID&gt;&lt;UOMName&gt;MM&lt;/UOMName&gt;&lt;UOMDescription&gt;MILIMETERS&lt;/UOMDescription&gt;&lt;serialNumber&gt;FTW3M16000asd&lt;/serialNumber&gt;&lt;avrg&gt;0.002575&lt;/avrg&gt;&lt;/Row&gt;&lt;Row&gt;&lt;notifRecordID&gt;114841&lt;/notifRecordID&gt;&lt;notifTagID&gt;123&lt;/notifTagID&gt;&lt;notifTagValue&gt;0.007&lt;/notifTagValue&gt;&lt;recordID&gt;114841&lt;/recordID&gt;&lt;notifName&gt;TransCtr&lt;/notifName&gt;&lt;notifDescription&gt;P558_JENOPTIK&lt;/notifDescription&gt;&lt;CreatedBy&gt;SYSTEM&lt;/CreatedBy&gt;&lt;CreatedOn&gt;2016-12-18T13:35:19&lt;/CreatedOn&gt;&lt;ModifiedBy&gt;System&lt;/ModifiedBy&gt;&lt;ModifiedOn&gt;2016-12-18T13:35:21&lt;/ModifiedOn&gt;&lt;tagName&gt;Data_00&lt;/tagName&gt;&lt;tagTypeID&gt;8&lt;/tagTypeID&gt;&lt;tagGroupID&gt;1&lt;/tagGroupID&gt;&lt;tagFunctionID&gt;4&lt;/tagFunctionID&gt;&lt;COM_typeName&gt;TSend&lt;/COM_typeName&gt;&lt;FNC_typeName&gt;DefDataTable&lt;/FNC_typeName&gt;&lt;OPC_typeName&gt;FLOAT&lt;/OPC_typeName&gt;&lt;unitID&gt;36&lt;/unitID&gt;&lt;lineID&gt;35&lt;/lineID&gt;&lt;nameDefined&gt;Hi\Lo&lt;/nameDefined&gt;&lt;uomDefinedID&gt;24&lt;/uomDefinedID&gt;&lt;UOMName&gt;MM&lt;/UOMName&gt;&lt;UOMDescription&gt;MILIMETERS&lt;/UOMDescription&gt;&lt;serialNumber&gt;FTW2M160006zc&lt;/serialNumber&gt;&lt;avrg&gt;0.002575&lt;/avrg&gt;&lt;/Row&gt;&lt;Row&gt;&lt;notifRecordID&gt;114854&lt;/notifRecordID&gt;&lt;notifTagID&gt;123&lt;/notifTagID&gt;&lt;notifTagValue&gt;0.003&lt;/notifTagValue&gt;&lt;recordID&gt;114854&lt;/recordID&gt;&lt;notifName&gt;TransCtr&lt;/notifName&gt;&lt;notifDescription&gt;P558_JENOPTIK&lt;/notifDescription&gt;&lt;CreatedBy&gt;SYSTEM&lt;/CreatedBy&gt;&lt;CreatedOn&gt;2016-12-18T13:58:25&lt;/CreatedOn&gt;&lt;ModifiedBy&gt;System&lt;/ModifiedBy&gt;&lt;ModifiedOn&gt;2016-12-18T13:58:27&lt;/ModifiedOn&gt;&lt;tagName&gt;Data_00&lt;/tagName&gt;&lt;tagTypeID&gt;8&lt;/tagTypeID&gt;&lt;tagGroupID&gt;1&lt;/tagGroupID&gt;&lt;tagFunctionID&gt;4&lt;/tagFunctionID&gt;&lt;COM_typeName&gt;TSend&lt;/COM_typeName&gt;&lt;FNC_typeName&gt;DefDataTable&lt;/FNC_typeName&gt;&lt;OPC_typeName&gt;FLOAT&lt;/OPC_typeName&gt;&lt;unitID&gt;36&lt;/unitID&gt;&lt;lineID&gt;35&lt;/lineID&gt;&lt;nameDefined&gt;Hi\Lo&lt;/nameDefined&gt;&lt;uomDefinedID&gt;24&lt;/uomDefinedID&gt;&lt;UOMName&gt;MM&lt;/UOMName&gt;&lt;UOMDescription&gt;MILIMETERS&lt;/UOMDescription&gt;&lt;serialNumber&gt;FTW3M16000ase&lt;/serialNumber&gt;&lt;avrg&gt;0.002575&lt;/avrg&gt;&lt;/Row&gt;&lt;Row&gt;&lt;notifRecordID&gt;114856&lt;/notifRecordID&gt;&lt;notifTagID&gt;123&lt;/notifTagID&gt;&lt;notifTagValue&gt;0.0&lt;/notifTagValue&gt;&lt;recordID&gt;114856&lt;/recordID&gt;&lt;notifName&gt;TransCtr&lt;/notifName&gt;&lt;notifDescription&gt;P558_JENOPTIK&lt;/notifDescription&gt;&lt;CreatedBy&gt;SYSTEM&lt;/CreatedBy&gt;&lt;CreatedOn&gt;2016-12-18T13:59:47&lt;/CreatedOn&gt;&lt;ModifiedBy&gt;System&lt;/ModifiedBy&gt;&lt;ModifiedOn&gt;2016-12-18T13:59:49&lt;/ModifiedOn&gt;&lt;tagName&gt;Data_00&lt;/tagName&gt;&lt;tagTypeID&gt;8&lt;/tagTypeID&gt;&lt;tagGroupID&gt;1&lt;/tagGroupID&gt;&lt;tagFunctionID&gt;4&lt;/tagFunctionID&gt;&lt;COM_typeName&gt;TSend&lt;/COM_typeName&gt;&lt;FNC_typeName&gt;DefDataTable&lt;/FNC_typeName&gt;&lt;OPC_typeName&gt;FLOAT&lt;/OPC_typeName&gt;&lt;unitID&gt;36&lt;/unitID&gt;&lt;lineID&gt;35&lt;/lineID&gt;&lt;nameDefined&gt;Hi\Lo&lt;/nameDefined&gt;&lt;uomDefinedID&gt;24&lt;/uomDefinedID&gt;&lt;UOMName&gt;MM&lt;/UOMName&gt;&lt;UOMDescription&gt;MILIMETERS&lt;/UOMDescription&gt;&lt;serialNumber&gt;FTW2M160006zd&lt;/serialNumber&gt;&lt;avrg&gt;0.002575&lt;/avrg&gt;&lt;/Row&gt;&lt;Row&gt;&lt;notifRecordID&gt;114860&lt;/notifRecordID&gt;&lt;notifTagID&gt;123&lt;/notifTagID&gt;&lt;notifTagValue&gt;0.005&lt;/notifTagValue&gt;&lt;recordID&gt;114860&lt;/recordID&gt;&lt;notifName&gt;TransCtr&lt;/notifName&gt;&lt;notifDescription&gt;P558_JENOPTIK&lt;/notifDescription&gt;&lt;CreatedBy&gt;SYSTEM&lt;/CreatedBy&gt;&lt;CreatedOn&gt;2016-12-18T14:01:39&lt;/CreatedOn&gt;&lt;ModifiedBy&gt;System&lt;/ModifiedBy&gt;&lt;ModifiedOn&gt;2016-12-18T14:01:41&lt;/ModifiedOn&gt;&lt;tagName&gt;Data_00&lt;/tagName&gt;&lt;tagTypeID&gt;8&lt;/tagTypeID&gt;&lt;tagGroupID&gt;1&lt;/tagGroupID&gt;&lt;tagFunctionID&gt;4&lt;/tagFunctionID&gt;&lt;COM_typeName&gt;TSend&lt;/COM_typeName&gt;&lt;FNC_typeName&gt;DefDataTable&lt;/FNC_typeName&gt;&lt;OPC_typeName&gt;FLOAT&lt;/OPC_typeName&gt;&lt;unitID&gt;36&lt;/unitID&gt;&lt;lineID&gt;35&lt;/lineID&gt;&lt;nameDefined&gt;Hi\Lo&lt;/nameDefined&gt;&lt;uomDefinedID&gt;24&lt;/uomDefinedID&gt;&lt;UOMName&gt;MM&lt;/UOMName&gt;&lt;UOMDescription&gt;MILIMETERS&lt;/UOMDescription&gt;&lt;serialNumber&gt;FTW3M16000asf&lt;/serialNumber&gt;&lt;avrg&gt;0.002575&lt;/avrg&gt;&lt;/Row&gt;&lt;Row&gt;&lt;notifRecordID&gt;114864&lt;/notifRecordID&gt;&lt;notifTagID&gt;123&lt;/notifTagID&gt;&lt;notifTagValue&gt;0.006&lt;/notifTagValue&gt;&lt;recordID&gt;114864&lt;/recordID&gt;&lt;notifName&gt;TransCtr&lt;/notifName&gt;&lt;notifDescription&gt;P558_JENOPTIK&lt;/notifDescription&gt;&lt;CreatedBy&gt;SYSTEM&lt;/CreatedBy&gt;&lt;CreatedOn&gt;2016-12-18T14:03:25&lt;/CreatedOn&gt;&lt;ModifiedBy&gt;System&lt;/ModifiedBy&gt;&lt;ModifiedOn&gt;2016-12-18T14:03:27&lt;/ModifiedOn&gt;&lt;tagName&gt;Data_00&lt;/tagName&gt;&lt;tagTypeID&gt;8&lt;/tagTypeID&gt;&lt;tagGroupID&gt;1&lt;/tagGroupID&gt;&lt;tagFunctionID&gt;4&lt;/tagFunctionID&gt;&lt;COM_typeName&gt;TSend&lt;/COM_typeName&gt;&lt;FNC_typeName&gt;DefDataTable&lt;/FNC_typeName&gt;&lt;OPC_typeName&gt;FLOAT&lt;/OPC_typeName&gt;&lt;unitID&gt;36&lt;/unitID&gt;&lt;lineID&gt;35&lt;/lineID&gt;&lt;nameDefined&gt;Hi\Lo&lt;/nameDefined&gt;&lt;uomDefinedID&gt;24&lt;/uomDefinedID&gt;&lt;UOMName&gt;MM&lt;/UOMName&gt;&lt;UOMDescription&gt;MILIMETERS&lt;/UOMDescription&gt;&lt;serialNumber&gt;FTW3M16000asg&lt;/serialNumber&gt;&lt;avrg&gt;0.002575&lt;/avrg&gt;&lt;/Row&gt;&lt;Row&gt;&lt;notifRecordID&gt;114867&lt;/notifRecordID&gt;&lt;notifTagID&gt;123&lt;/notifTagID&gt;&lt;notifTagValue&gt;0.011&lt;/notifTagValue&gt;&lt;recordID&gt;114867&lt;/recordID&gt;&lt;notifName&gt;TransCtr&lt;/notifName&gt;&lt;notifDescription&gt;P558_JENOPTIK&lt;/notifDescription&gt;&lt;CreatedBy&gt;SYSTEM&lt;/CreatedBy&gt;&lt;CreatedOn&gt;2016-12-18T14:05:17&lt;/CreatedOn&gt;&lt;ModifiedBy&gt;System&lt;/ModifiedBy&gt;&lt;ModifiedOn&gt;2016-12-18T14:05:18&lt;/ModifiedOn&gt;&lt;tagName&gt;Data_00&lt;/tagName&gt;&lt;tagTypeID&gt;8&lt;/tagTypeID&gt;&lt;tagGroupID&gt;1&lt;/tagGroupID&gt;&lt;tagFunctionID&gt;4&lt;/tagFunctionID&gt;&lt;COM_typeName&gt;TSend&lt;/COM_typeName&gt;&lt;FNC_typeName&gt;DefDataTable&lt;/FNC_typeName&gt;&lt;OPC_typeName&gt;FLOAT&lt;/OPC_typeName&gt;&lt;unitID&gt;36&lt;/unitID&gt;&lt;lineID&gt;35&lt;/lineID&gt;&lt;nameDefined&gt;Hi\Lo&lt;/nameDefined&gt;&lt;uomDefinedID&gt;24&lt;/uomDefinedID&gt;&lt;UOMName&gt;MM&lt;/UOMName&gt;&lt;UOMDescription&gt;MILIMETERS&lt;/UOMDescription&gt;&lt;serialNumber&gt;FTW2M160006ze&lt;/serialNumber&gt;&lt;avrg&gt;0.002575&lt;/avrg&gt;&lt;/Row&gt;&lt;Row&gt;&lt;notifRecordID&gt;114869&lt;/notifRecordID&gt;&lt;notifTagID&gt;123&lt;/notifTagID&gt;&lt;notifTagValue&gt;0.008&lt;/notifTagValue&gt;&lt;recordID&gt;114869&lt;/recordID&gt;&lt;notifName&gt;TransCtr&lt;/notifName&gt;&lt;notifDescription&gt;P558_JENOPTIK&lt;/notifDescription&gt;&lt;CreatedBy&gt;SYSTEM&lt;/CreatedBy&gt;&lt;CreatedOn&gt;2016-12-18T14:07:03&lt;/CreatedOn&gt;&lt;ModifiedBy&gt;System&lt;/ModifiedBy&gt;&lt;ModifiedOn&gt;2016-12-18T14:07:05&lt;/ModifiedOn&gt;&lt;tagName&gt;Data_00&lt;/tagName&gt;&lt;tagTypeID&gt;8&lt;/tagTypeID&gt;&lt;tagGroupID&gt;1&lt;/tagGroupID&gt;&lt;tagFunctionID&gt;4&lt;/tagFunctionID&gt;&lt;COM_typeName&gt;TSend&lt;/COM_typeName&gt;&lt;FNC_typeName&gt;DefDataTable&lt;/FNC_typeName&gt;&lt;OPC_typeName&gt;FLOAT&lt;/OPC_typeName&gt;&lt;unitID&gt;36&lt;/unitID&gt;&lt;lineID&gt;35&lt;/lineID&gt;&lt;nameDefined&gt;Hi\Lo&lt;/nameDefined&gt;&lt;uomDefinedID&gt;24&lt;/uomDefinedID&gt;&lt;UOMName&gt;MM&lt;/UOMName&gt;&lt;UOMDescription&gt;MILIMETERS&lt;/UOMDescription&gt;&lt;serialNumber&gt;FTW3M16000ash&lt;/serialNumber&gt;&lt;avrg&gt;0.002575&lt;/avrg&gt;&lt;/Row&gt;&lt;Row&gt;&lt;notifRecordID&gt;114871&lt;/notifRecordID&gt;&lt;notifTagID&gt;123&lt;/notifTagID&gt;&lt;notifTagValue&gt;0.003&lt;/notifTagValue&gt;&lt;recordID&gt;114871&lt;/recordID&gt;&lt;notifName&gt;TransCtr&lt;/notifName&gt;&lt;notifDescription&gt;P558_JENOPTIK&lt;/notifDescription&gt;&lt;CreatedBy&gt;SYSTEM&lt;/CreatedBy&gt;&lt;CreatedOn&gt;2016-12-18T14:09:01&lt;/CreatedOn&gt;&lt;ModifiedBy&gt;System&lt;/ModifiedBy&gt;&lt;ModifiedOn&gt;2016-12-18T14:09:03&lt;/ModifiedOn&gt;&lt;tagName&gt;Data_00&lt;/tagName&gt;&lt;tagTypeID&gt;8&lt;/tagTypeID&gt;&lt;tagGroupID&gt;1&lt;/tagGroupID&gt;&lt;tagFunctionID&gt;4&lt;/tagFunctionID&gt;&lt;COM_typeName&gt;TSend&lt;/COM_typeName&gt;&lt;FNC_typeName&gt;DefDataTable&lt;/FNC_typeName&gt;&lt;OPC_typeName&gt;FLOAT&lt;/OPC_typeName&gt;&lt;unitID&gt;36&lt;/unitID&gt;&lt;lineID&gt;35&lt;/lineID&gt;&lt;nameDefined&gt;Hi\Lo&lt;/nameDefined&gt;&lt;uomDefinedID&gt;24&lt;/uomDefinedID&gt;&lt;UOMName&gt;MM&lt;/UOMName&gt;&lt;UOMDescription&gt;MILIMETERS&lt;/UOMDescription&gt;&lt;serialNumber&gt;FTW2M160006zf&lt;/serialNumber&gt;&lt;avrg&gt;0.002575&lt;/avrg&gt;&lt;/Row&gt;&lt;Row&gt;&lt;notifRecordID&gt;114879&lt;/notifRecordID&gt;&lt;notifTagID&gt;123&lt;/notifTagID&gt;&lt;notifTagValue&gt;0.004&lt;/notifTagValue&gt;&lt;recordID&gt;114879&lt;/recordID&gt;&lt;notifName&gt;TransCtr&lt;/notifName&gt;&lt;notifDescription&gt;P558_JENOPTIK&lt;/notifDescription&gt;&lt;CreatedBy&gt;SYSTEM&lt;/CreatedBy&gt;&lt;CreatedOn&gt;2016-12-18T14:22:02&lt;/CreatedOn&gt;&lt;ModifiedBy&gt;System&lt;/ModifiedBy&gt;&lt;ModifiedOn&gt;2016-12-18T14:22:04&lt;/ModifiedOn&gt;&lt;tagName&gt;Data_00&lt;/tagName&gt;&lt;tagTypeID&gt;8&lt;/tagTypeID&gt;&lt;tagGroupID&gt;1&lt;/tagGroupID&gt;&lt;tagFunctionID&gt;4&lt;/tagFunctionID&gt;&lt;COM_typeName&gt;TSend&lt;/COM_typeName&gt;&lt;FNC_typeName&gt;DefDataTable&lt;/FNC_typeName&gt;&lt;OPC_typeName&gt;FLOAT&lt;/OPC_typeName&gt;&lt;unitID&gt;36&lt;/unitID&gt;&lt;lineID&gt;35&lt;/lineID&gt;&lt;nameDefined&gt;Hi\Lo&lt;/nameDefined&gt;&lt;uomDefinedID&gt;24&lt;/uomDefinedID&gt;&lt;UOMName&gt;MM&lt;/UOMName&gt;&lt;UOMDescription&gt;MILIMETERS&lt;/UOMDescription&gt;&lt;serialNumber&gt;FTW3M16000asi&lt;/serialNumber&gt;&lt;avrg&gt;0.002575&lt;/avrg&gt;&lt;/Row&gt;&lt;Row&gt;&lt;notifRecordID&gt;114882&lt;/notifRecordID&gt;&lt;notifTagID&gt;123&lt;/notifTagID&gt;&lt;notifTagValue&gt;0.003&lt;/notifTagValue&gt;&lt;recordID&gt;114882&lt;/recordID&gt;&lt;notifName&gt;TransCtr&lt;/notifName&gt;&lt;notifDescription&gt;P558_JENOPTIK&lt;/notifDescription&gt;&lt;CreatedBy&gt;SYSTEM&lt;/CreatedBy&gt;&lt;CreatedOn&gt;2016-12-18T14:23:35&lt;/CreatedOn&gt;&lt;ModifiedBy&gt;System&lt;/ModifiedBy&gt;&lt;ModifiedOn&gt;2016-12-18T14:23:37&lt;/ModifiedOn&gt;&lt;tagName&gt;Data_00&lt;/tagName&gt;&lt;tagTypeID&gt;8&lt;/tagTypeID&gt;&lt;tagGroupID&gt;1&lt;/tagGroupID&gt;&lt;tagFunctionID&gt;4&lt;/tagFunctionID&gt;&lt;COM_typeName&gt;TSend&lt;/COM_typeName&gt;&lt;FNC_typeName&gt;DefDataTable&lt;/FNC_typeName&gt;&lt;OPC_typeName&gt;FLOAT&lt;/OPC_typeName&gt;&lt;unitID&gt;36&lt;/unitID&gt;&lt;lineID&gt;35&lt;/lineID&gt;&lt;nameDefined&gt;Hi\Lo&lt;/nameDefined&gt;&lt;uomDefinedID&gt;24&lt;/uomDefinedID&gt;&lt;UOMName&gt;MM&lt;/UOMName&gt;&lt;UOMDescription&gt;MILIMETERS&lt;/UOMDescription&gt;&lt;serialNumber&gt;FTW3M16000asj&lt;/serialNumber&gt;&lt;avrg&gt;0.002575&lt;/avrg&gt;&lt;/Row&gt;&lt;Row&gt;&lt;notifRecordID&gt;114888&lt;/notifRecordID&gt;&lt;notifTagID&gt;123&lt;/notifTagID&gt;&lt;notifTagValue&gt;0.004&lt;/notifTagValue&gt;&lt;recordID&gt;114888&lt;/recordID&gt;&lt;notifName&gt;TransCtr&lt;/notifName&gt;&lt;notifDescription&gt;P558_JENOPTIK&lt;/notifDescription&gt;&lt;CreatedBy&gt;SYSTEM&lt;/CreatedBy&gt;&lt;CreatedOn&gt;2016-12-18T14:28:33&lt;/CreatedOn&gt;&lt;ModifiedBy&gt;System&lt;/ModifiedBy&gt;&lt;ModifiedOn&gt;2016-12-18T14:28:34&lt;/ModifiedOn&gt;&lt;tagName&gt;Data_00&lt;/tagName&gt;&lt;tagTypeID&gt;8&lt;/tagTypeID&gt;&lt;tagGroupID&gt;1&lt;/tagGroupID&gt;&lt;tagFunctionID&gt;4&lt;/tagFunctionID&gt;&lt;COM_typeName&gt;TSend&lt;/COM_typeName&gt;&lt;FNC_typeName&gt;DefDataTable&lt;/FNC_typeName&gt;&lt;OPC_typeName&gt;FLOAT&lt;/OPC_typeName&gt;&lt;unitID&gt;36&lt;/unitID&gt;&lt;lineID&gt;35&lt;/lineID&gt;&lt;nameDefined&gt;Hi\Lo&lt;/nameDefined&gt;&lt;uomDefinedID&gt;24&lt;/uomDefinedID&gt;&lt;UOMName&gt;MM&lt;/UOMName&gt;&lt;UOMDescription&gt;MILIMETERS&lt;/UOMDescription&gt;&lt;serialNumber&gt;FTW2M160006zg&lt;/serialNumber&gt;&lt;avrg&gt;0.002575&lt;/avrg&gt;&lt;/Row&gt;&lt;Row&gt;&lt;notifRecordID&gt;114891&lt;/notifRecordID&gt;&lt;notifTagID&gt;123&lt;/notifTagID&gt;&lt;notifTagValue&gt;0.004&lt;/notifTagValue&gt;&lt;recordID&gt;114891&lt;/recordID&gt;&lt;notifName&gt;TransCtr&lt;/notifName&gt;&lt;notifDescription&gt;P558_JENOPTIK&lt;/notifDescription&gt;&lt;CreatedBy&gt;SYSTEM&lt;/CreatedBy&gt;&lt;CreatedOn&gt;2016-12-18T14:31:27&lt;/CreatedOn&gt;&lt;ModifiedBy&gt;System&lt;/ModifiedBy&gt;&lt;ModifiedOn&gt;2016-12-18T14:31:29&lt;/ModifiedOn&gt;&lt;tagName&gt;Data_00&lt;/tagName&gt;&lt;tagTypeID&gt;8&lt;/tagTypeID&gt;&lt;tagGroupID&gt;1&lt;/tagGroupID&gt;&lt;tagFunctionID&gt;4&lt;/tagFunctionID&gt;&lt;COM_typeName&gt;TSend&lt;/COM_typeName&gt;&lt;FNC_typeName&gt;DefDataTable&lt;/FNC_typeName&gt;&lt;OPC_typeName&gt;FLOAT&lt;/OPC_typeName&gt;&lt;unitID&gt;36&lt;/unitID&gt;&lt;lineID&gt;35&lt;/lineID&gt;&lt;nameDefined&gt;Hi\Lo&lt;/nameDefined&gt;&lt;uomDefinedID&gt;24&lt;/uomDefinedID&gt;&lt;UOMName&gt;MM&lt;/UOMName&gt;&lt;UOMDescription&gt;MILIMETERS&lt;/UOMDescription&gt;&lt;serialNumber&gt;FTW3M16000ask&lt;/serialNumber&gt;&lt;avrg&gt;0.002575&lt;/avrg&gt;&lt;/Row&gt;&lt;Row&gt;&lt;notifRecordID&gt;114894&lt;/notifRecordID&gt;&lt;notifTagID&gt;123&lt;/notifTagID&gt;&lt;notifTagValue&gt;0.006&lt;/notifTagValue&gt;&lt;recordID&gt;114894&lt;/recordID&gt;&lt;notifName&gt;TransCtr&lt;/notifName&gt;&lt;notifDescription&gt;P558_JENOPTIK&lt;/notifDescription&gt;&lt;CreatedBy&gt;SYSTEM&lt;/CreatedBy&gt;&lt;CreatedOn&gt;2016-12-18T14:36:56&lt;/CreatedOn&gt;&lt;ModifiedBy&gt;System&lt;/ModifiedBy&gt;&lt;ModifiedOn&gt;2016-12-18T14:36:58&lt;/ModifiedOn&gt;&lt;tagName&gt;Data_00&lt;/tagName&gt;&lt;tagTypeID&gt;8&lt;/tagTypeID&gt;&lt;tagGroupID&gt;1&lt;/tagGroupID&gt;&lt;tagFunctionID&gt;4&lt;/tagFunctionID&gt;&lt;COM_typeName&gt;TSend&lt;/COM_typeName&gt;&lt;FNC_typeName&gt;DefDataTable&lt;/FNC_typeName&gt;&lt;OPC_typeName&gt;FLOAT&lt;/OPC_typeName&gt;&lt;unitID&gt;36&lt;/unitID&gt;&lt;lineID&gt;35&lt;/lineID&gt;&lt;nameDefined&gt;Hi\Lo&lt;/nameDefined&gt;&lt;uomDefinedID&gt;24&lt;/uomDefinedID&gt;&lt;UOMName&gt;MM&lt;/UOMName&gt;&lt;UOMDescription&gt;MILIMETERS&lt;/UOMDescription&gt;&lt;serialNumber&gt;FTW2M160006zh&lt;/serialNumber&gt;&lt;avrg&gt;0.002575&lt;/avrg&gt;&lt;/Row&gt;&lt;Row&gt;&lt;notifRecordID&gt;114919&lt;/notifRecordID&gt;&lt;notifTagID&gt;123&lt;/notifTagID&gt;&lt;notifTagValue&gt;0.001&lt;/notifTagValue&gt;&lt;recordID&gt;114919&lt;/recordID&gt;&lt;notifName&gt;TransCtr&lt;/notifName&gt;&lt;notifDescription&gt;P558_JENOPTIK&lt;/notifDescription&gt;&lt;CreatedBy&gt;SYSTEM&lt;/CreatedBy&gt;&lt;CreatedOn&gt;2016-12-18T15:37:37&lt;/CreatedOn&gt;&lt;ModifiedBy&gt;System&lt;/ModifiedBy&gt;&lt;ModifiedOn&gt;2016-12-18T15:37:39&lt;/ModifiedOn&gt;&lt;tagName&gt;Data_00&lt;/tagName&gt;&lt;tagTypeID&gt;8&lt;/tagTypeID&gt;&lt;tagGroupID&gt;1&lt;/tagGroupID&gt;&lt;tagFunctionID&gt;4&lt;/tagFunctionID&gt;&lt;COM_typeName&gt;TSend&lt;/COM_typeName&gt;&lt;FNC_typeName&gt;DefDataTable&lt;/FNC_typeName&gt;&lt;OPC_typeName&gt;FLOAT&lt;/OPC_typeName&gt;&lt;unitID&gt;36&lt;/unitID&gt;&lt;lineID&gt;35&lt;/lineID&gt;&lt;nameDefined&gt;Hi\Lo&lt;/nameDefined&gt;&lt;uomDefinedID&gt;24&lt;/uomDefinedID&gt;&lt;UOMName&gt;MM&lt;/UOMName&gt;&lt;UOMDescription&gt;MILIMETERS&lt;/UOMDescription&gt;&lt;serialNumber&gt;FTW3M16000asl&lt;/serialNumber&gt;&lt;avrg&gt;0.002575&lt;/avrg&gt;&lt;/Row&gt;&lt;Row&gt;&lt;notifRecordID&gt;114921&lt;/notifRecordID&gt;&lt;notifTagID&gt;123&lt;/notifTagID&gt;&lt;notifTagValue&gt;0.006&lt;/notifTagValue&gt;&lt;recordID&gt;114921&lt;/recordID&gt;&lt;notifName&gt;TransCtr&lt;/notifName&gt;&lt;notifDescription&gt;P558_JENOPTIK&lt;/notifDescription&gt;&lt;CreatedBy&gt;SYSTEM&lt;/CreatedBy&gt;&lt;CreatedOn&gt;2016-12-18T15:39:07&lt;/CreatedOn&gt;&lt;ModifiedBy&gt;System&lt;/ModifiedBy&gt;&lt;ModifiedOn&gt;2016-12-18T15:39:09&lt;/ModifiedOn&gt;&lt;tagName&gt;Data_00&lt;/tagName&gt;&lt;tagTypeID&gt;8&lt;/tagTypeID&gt;&lt;tagGroupID&gt;1&lt;/tagGroupID&gt;&lt;tagFunctionID&gt;4&lt;/tagFunctionID&gt;&lt;COM_typeName&gt;TSend&lt;/COM_typeName&gt;&lt;FNC_typeName&gt;DefDataTable&lt;/FNC_typeName&gt;&lt;OPC_typeName&gt;FLOAT&lt;/OPC_typeName&gt;&lt;unitID&gt;36&lt;/unitID&gt;&lt;lineID&gt;35&lt;/lineID&gt;&lt;nameDefined&gt;Hi\Lo&lt;/nameDefined&gt;&lt;uomDefinedID&gt;24&lt;/uomDefinedID&gt;&lt;UOMName&gt;MM&lt;/UOMName&gt;&lt;UOMDescription&gt;MILIMETERS&lt;/UOMDescription&gt;&lt;serialNumber&gt;FTW2M160006zi&lt;/serialNumber&gt;&lt;avrg&gt;0.002575&lt;/avrg&gt;&lt;/Row&gt;&lt;Row&gt;&lt;notifRecordID&gt;114924&lt;/notifRecordID&gt;&lt;notifTagID&gt;123&lt;/notifTagID&gt;&lt;notifTagValue&gt;0.014&lt;/notifTagValue&gt;&lt;recordID&gt;114924&lt;/recordID&gt;&lt;notifName&gt;TransCtr&lt;/notifName&gt;&lt;notifDescription&gt;P558_JENOPTIK&lt;/notifDescription&gt;&lt;CreatedBy&gt;SYSTEM&lt;/CreatedBy&gt;&lt;CreatedOn&gt;2016-12-18T15:40:53&lt;/CreatedOn&gt;&lt;ModifiedBy&gt;System&lt;/ModifiedBy&gt;&lt;ModifiedOn&gt;2016-12-18T15:40:55&lt;/ModifiedOn&gt;&lt;tagName&gt;Data_00&lt;/tagName&gt;&lt;tagTypeID&gt;8&lt;/tagTypeID&gt;&lt;tagGroupID&gt;1&lt;/tagGroupID&gt;&lt;tagFunctionID&gt;4&lt;/tagFunctionID&gt;&lt;COM_typeName&gt;TSend&lt;/COM_typeName&gt;&lt;FNC_typeName&gt;DefDataTable&lt;/FNC_typeName&gt;&lt;OPC_typeName&gt;FLOAT&lt;/OPC_typeName&gt;&lt;unitID&gt;36&lt;/unitID&gt;&lt;lineID&gt;35&lt;/lineID&gt;&lt;nameDefined&gt;Hi\Lo&lt;/nameDefined&gt;&lt;uomDefinedID&gt;24&lt;/uomDefinedID&gt;&lt;UOMName&gt;MM&lt;/UOMName&gt;&lt;UOMDescription&gt;MILIMETERS&lt;/UOMDescription&gt;&lt;serialNumber&gt;FTW3M16000asm&lt;/serialNumber&gt;&lt;avrg&gt;0.002575&lt;/avrg&gt;&lt;/Row&gt;&lt;Row&gt;&lt;notifRecordID&gt;114926&lt;/notifRecordID&gt;&lt;notifTagID&gt;123&lt;/notifTagID&gt;&lt;notifTagValue&gt;0.004&lt;/notifTagValue&gt;&lt;recordID&gt;114926&lt;/recordID&gt;&lt;notifName&gt;TransCtr&lt;/notifName&gt;&lt;notifDescription&gt;P558_JENOPTIK&lt;/notifDescription&gt;&lt;CreatedBy&gt;SYSTEM&lt;/CreatedBy&gt;&lt;CreatedOn&gt;2016-12-18T15:42:52&lt;/CreatedOn&gt;&lt;ModifiedBy&gt;System&lt;/ModifiedBy&gt;&lt;ModifiedOn&gt;2016-12-18T15:42:54&lt;/ModifiedOn&gt;&lt;tagName&gt;Data_00&lt;/tagName&gt;&lt;tagTypeID&gt;8&lt;/tagTypeID&gt;&lt;tagGroupID&gt;1&lt;/tagGroupID&gt;&lt;tagFunctionID&gt;4&lt;/tagFunctionID&gt;&lt;COM_typeName&gt;TSend&lt;/COM_typeName&gt;&lt;FNC_typeName&gt;DefDataTable&lt;/FNC_typeName&gt;&lt;OPC_typeName&gt;FLOAT&lt;/OPC_typeName&gt;&lt;unitID&gt;36&lt;/unitID&gt;&lt;lineID&gt;35&lt;/lineID&gt;&lt;nameDefined&gt;Hi\Lo&lt;/nameDefined&gt;&lt;uomDefinedID&gt;24&lt;/uomDefinedID&gt;&lt;UOMName&gt;MM&lt;/UOMName&gt;&lt;UOMDescription&gt;MILIMETERS&lt;/UOMDescription&gt;&lt;serialNumber&gt;FTW3M16000asn&lt;/serialNumber&gt;&lt;avrg&gt;0.002575&lt;/avrg&gt;&lt;/Row&gt;&lt;Row&gt;&lt;notifRecordID&gt;114928&lt;/notifRecordID&gt;&lt;notifTagID&gt;123&lt;/notifTagID&gt;&lt;notifTagValue&gt;0.006&lt;/notifTagValue&gt;&lt;recordID&gt;114928&lt;/recordID&gt;&lt;notifName&gt;TransCtr&lt;/notifName&gt;&lt;notifDescription&gt;P558_JENOPTIK&lt;/notifDescription&gt;&lt;CreatedBy&gt;SYSTEM&lt;/CreatedBy&gt;&lt;CreatedOn&gt;2016-12-18T15:44:32&lt;/CreatedOn&gt;&lt;ModifiedBy&gt;System&lt;/ModifiedBy&gt;&lt;ModifiedOn&gt;2016-12-18T15:44:34&lt;/ModifiedOn&gt;&lt;tagName&gt;Data_00&lt;/tagName&gt;&lt;tagTypeID&gt;8&lt;/tagTypeID&gt;&lt;tagGroupID&gt;1&lt;/tagGroupID&gt;&lt;tagFunctionID&gt;4&lt;/tagFunctionID&gt;&lt;COM_typeName&gt;TSend&lt;/COM_typeName&gt;&lt;FNC_typeName&gt;DefDataTable&lt;/FNC_typeName&gt;&lt;OPC_typeName&gt;FLOAT&lt;/OPC_typeName&gt;&lt;unitID&gt;36&lt;/unitID&gt;&lt;lineID&gt;35&lt;/lineID&gt;&lt;nameDefined&gt;Hi\Lo&lt;/nameDefined&gt;&lt;uomDefinedID&gt;24&lt;/uomDefinedID&gt;&lt;UOMName&gt;MM&lt;/UOMName&gt;&lt;UOMDescription&gt;MILIMETERS&lt;/UOMDescription&gt;&lt;serialNumber&gt;FTW2M160006zk&lt;/serialNumber&gt;&lt;avrg&gt;0.002575&lt;/avrg&gt;&lt;/Row&gt;&lt;Row&gt;&lt;notifRecordID&gt;114932&lt;/notifRecordID&gt;&lt;notifTagID&gt;123&lt;/notifTagID&gt;&lt;notifTagValue&gt;0.002&lt;/notifTagValue&gt;&lt;recordID&gt;114932&lt;/recordID&gt;&lt;notifName&gt;TransCtr&lt;/notifName&gt;&lt;notifDescription&gt;P558_JENOPTIK&lt;/notifDescription&gt;&lt;CreatedBy&gt;SYSTEM&lt;/CreatedBy&gt;&lt;CreatedOn&gt;2016-12-18T15:46:13&lt;/CreatedOn&gt;&lt;ModifiedBy&gt;System&lt;/ModifiedBy&gt;&lt;ModifiedOn&gt;2016-12-18T15:46:15&lt;/ModifiedOn&gt;&lt;tagName&gt;Data_00&lt;/tagName&gt;&lt;tagTypeID&gt;8&lt;/tagTypeID&gt;&lt;tagGroupID&gt;1&lt;/tagGroupID&gt;&lt;tagFunctionID&gt;4&lt;/tagFunctionID&gt;&lt;COM_typeName&gt;TSend&lt;/COM_typeName&gt;&lt;FNC_typeName&gt;DefDataTable&lt;/FNC_typeName&gt;&lt;OPC_typeName&gt;FLOAT&lt;/OPC_typeName&gt;&lt;unitID&gt;36&lt;/unitID&gt;&lt;lineID&gt;35&lt;/lineID&gt;&lt;nameDefined&gt;Hi\Lo&lt;/nameDefined&gt;&lt;uomDefinedID&gt;24&lt;/uomDefinedID&gt;&lt;UOMName&gt;MM&lt;/UOMName&gt;&lt;UOMDescription&gt;MILIMETERS&lt;/UOMDescription&gt;&lt;serialNumber&gt;FTW2M160006zj&lt;/serialNumber&gt;&lt;avrg&gt;0.002575&lt;/avrg&gt;&lt;/Row&gt;&lt;Row&gt;&lt;notifRecordID&gt;114935&lt;/notifRecordID&gt;&lt;notifTagID&gt;123&lt;/notifTagID&gt;&lt;notifTagValue&gt;0.003&lt;/notifTagValue&gt;&lt;recordID&gt;114935&lt;/recordID&gt;&lt;notifName&gt;TransCtr&lt;/notifName&gt;&lt;notifDescription&gt;P558_JENOPTIK&lt;/notifDescription&gt;&lt;CreatedBy&gt;SYSTEM&lt;/CreatedBy&gt;&lt;CreatedOn&gt;2016-12-18T15:47:47&lt;/CreatedOn&gt;&lt;ModifiedBy&gt;System&lt;/ModifiedBy&gt;&lt;ModifiedOn&gt;2016-12-18T15:47:49&lt;/ModifiedOn&gt;&lt;tagName&gt;Data_00&lt;/tagName&gt;&lt;tagTypeID&gt;8&lt;/tagTypeID&gt;&lt;tagGroupID&gt;1&lt;/tagGroupID&gt;&lt;tagFunctionID&gt;4&lt;/tagFunctionID&gt;&lt;COM_typeName&gt;TSend&lt;/COM_typeName&gt;&lt;FNC_typeName&gt;DefDataTable&lt;/FNC_typeName&gt;&lt;OPC_typeName&gt;FLOAT&lt;/OPC_typeName&gt;&lt;unitID&gt;36&lt;/unitID&gt;&lt;lineID&gt;35&lt;/lineID&gt;&lt;nameDefined&gt;Hi\Lo&lt;/nameDefined&gt;&lt;uomDefinedID&gt;24&lt;/uomDefinedID&gt;&lt;UOMName&gt;MM&lt;/UOMName&gt;&lt;UOMDescription&gt;MILIMETERS&lt;/UOMDescription&gt;&lt;serialNumber&gt;FTW3M16000aso&lt;/serialNumber&gt;&lt;avrg&gt;0.002575&lt;/avrg&gt;&lt;/Row&gt;&lt;Row&gt;&lt;notifRecordID&gt;114938&lt;/notifRecordID&gt;&lt;notifTagID&gt;123&lt;/notifTagID&gt;&lt;notifTagValue&gt;0.007&lt;/notifTagValue&gt;&lt;recordID&gt;114938&lt;/recordID&gt;&lt;notifName&gt;TransCtr&lt;/notifName&gt;&lt;notifDescription&gt;P558_JENOPTIK&lt;/notifDescription&gt;&lt;CreatedBy&gt;SYSTEM&lt;/CreatedBy&gt;&lt;CreatedOn&gt;2016-12-18T15:49:24&lt;/CreatedOn&gt;&lt;ModifiedBy&gt;System&lt;/ModifiedBy&gt;&lt;ModifiedOn&gt;2016-12-18T15:49:26&lt;/ModifiedOn&gt;&lt;tagName&gt;Data_00&lt;/tagName&gt;&lt;tagTypeID&gt;8&lt;/tagTypeID&gt;&lt;tagGroupID&gt;1&lt;/tagGroupID&gt;&lt;tagFunctionID&gt;4&lt;/tagFunctionID&gt;&lt;COM_typeName&gt;TSend&lt;/COM_typeName&gt;&lt;FNC_typeName&gt;DefDataTable&lt;/FNC_typeName&gt;&lt;OPC_typeName&gt;FLOAT&lt;/OPC_typeName&gt;&lt;unitID&gt;36&lt;/unitID&gt;&lt;lineID&gt;35&lt;/lineID&gt;&lt;nameDefined&gt;Hi\Lo&lt;/nameDefined&gt;&lt;uomDefinedID&gt;24&lt;/uomDefinedID&gt;&lt;UOMName&gt;MM&lt;/UOMName&gt;&lt;UOMDescription&gt;MILIMETERS&lt;/UOMDescription&gt;&lt;serialNumber&gt;FTW3M16000asp&lt;/serialNumber&gt;&lt;avrg&gt;0.002575&lt;/avrg&gt;&lt;/Row&gt;&lt;Row&gt;&lt;notifRecordID&gt;114941&lt;/notifRecordID&gt;&lt;notifTagID&gt;123&lt;/notifTagID&gt;&lt;notifTagValue&gt;-0.001&lt;/notifTagValue&gt;&lt;recordID&gt;114941&lt;/recordID&gt;&lt;notifName&gt;TransCtr&lt;/notifName&gt;&lt;notifDescription&gt;P558_JENOPTIK&lt;/notifDescription&gt;&lt;CreatedBy&gt;SYSTEM&lt;/CreatedBy&gt;&lt;CreatedOn&gt;2016-12-18T15:51:17&lt;/CreatedOn&gt;&lt;ModifiedBy&gt;System&lt;/ModifiedBy&gt;&lt;ModifiedOn&gt;2016-12-18T15:51:19&lt;/ModifiedOn&gt;&lt;tagName&gt;Data_00&lt;/tagName&gt;&lt;tagTypeID&gt;8&lt;/tagTypeID&gt;&lt;tagGroupID&gt;1&lt;/tagGroupID&gt;&lt;tagFunctionID&gt;4&lt;/tagFunctionID&gt;&lt;COM_typeName&gt;TSend&lt;/COM_typeName&gt;&lt;FNC_typeName&gt;DefDataTable&lt;/FNC_typeName&gt;&lt;OPC_typeName&gt;FLOAT&lt;/OPC_typeName&gt;&lt;unitID&gt;36&lt;/unitID&gt;&lt;lineID&gt;35&lt;/lineID&gt;&lt;nameDefined&gt;Hi\Lo&lt;/nameDefined&gt;&lt;uomDefinedID&gt;24&lt;/uomDefinedID&gt;&lt;UOMName&gt;MM&lt;/UOMName&gt;&lt;UOMDescription&gt;MILIMETERS&lt;/UOMDescription&gt;&lt;serialNumber&gt;FTW3M16000ass&lt;/serialNumber&gt;&lt;avrg&gt;0.002575&lt;/avrg&gt;&lt;/Row&gt;&lt;Row&gt;&lt;notifRecordID&gt;114944&lt;/notifRecordID&gt;&lt;notifTagID&gt;123&lt;/notifTagID&gt;&lt;notifTagValue&gt;0.005&lt;/notifTagValue&gt;&lt;recordID&gt;114944&lt;/recordID&gt;&lt;notifName&gt;TransCtr&lt;/notifName&gt;&lt;notifDescription&gt;P558_JENOPTIK&lt;/notifDescription&gt;&lt;CreatedBy&gt;SYSTEM&lt;/CreatedBy&gt;&lt;CreatedOn&gt;2016-12-18T15:53:12&lt;/CreatedOn&gt;&lt;ModifiedBy&gt;System&lt;/ModifiedBy&gt;&lt;ModifiedOn&gt;2016-12-18T15:53:14&lt;/ModifiedOn&gt;&lt;tagName&gt;Data_00&lt;/tagName&gt;&lt;tagTypeID&gt;8&lt;/tagTypeID&gt;&lt;tagGroupID&gt;1&lt;/tagGroupID&gt;&lt;tagFunctionID&gt;4&lt;/tagFunctionID&gt;&lt;COM_typeName&gt;TSend&lt;/COM_typeName&gt;&lt;FNC_typeName&gt;DefDataTable&lt;/FNC_typeName&gt;&lt;OPC_typeName&gt;FLOAT&lt;/OPC_typeName&gt;&lt;unitID&gt;36&lt;/unitID&gt;&lt;lineID&gt;35&lt;/lineID&gt;&lt;nameDefined&gt;Hi\Lo&lt;/nameDefined&gt;&lt;uomDefinedID&gt;24&lt;/uomDefinedID&gt;&lt;UOMName&gt;MM&lt;/UOMName&gt;&lt;UOMDescription&gt;MILIMETERS&lt;/UOMDescription&gt;&lt;serialNumber&gt;FTW2M160006zl&lt;/serialNumber&gt;&lt;avrg&gt;0.002575&lt;/avrg&gt;&lt;/Row&gt;&lt;Row&gt;&lt;notifRecordID&gt;114946&lt;/notifRecordID&gt;&lt;notifTagID&gt;123&lt;/notifTagID&gt;&lt;notifTagValue&gt;-0.001&lt;/notifTagValue&gt;&lt;recordID&gt;114946&lt;/recordID&gt;&lt;notifName&gt;TransCtr&lt;/notifName&gt;&lt;notifDescription&gt;P558_JENOPTIK&lt;/notifDescription&gt;&lt;CreatedBy&gt;SYSTEM&lt;/CreatedBy&gt;&lt;CreatedOn&gt;2016-12-18T15:55:16&lt;/CreatedOn&gt;&lt;ModifiedBy&gt;System&lt;/ModifiedBy&gt;&lt;ModifiedOn&gt;2016-12-18T15:55:18&lt;/ModifiedOn&gt;&lt;tagName&gt;Data_00&lt;/tagName&gt;&lt;tagTypeID&gt;8&lt;/tagTypeID&gt;&lt;tagGroupID&gt;1&lt;/tagGroupID&gt;&lt;tagFunctionID&gt;4&lt;/tagFunctionID&gt;&lt;COM_typeName&gt;TSend&lt;/COM_typeName&gt;&lt;FNC_typeName&gt;DefDataTable&lt;/FNC_typeName&gt;&lt;OPC_typeName&gt;FLOAT&lt;/OPC_typeName&gt;&lt;unitID&gt;36&lt;/unitID&gt;&lt;lineID&gt;35&lt;/lineID&gt;&lt;nameDefined&gt;Hi\Lo&lt;/nameDefined&gt;&lt;uomDefinedID&gt;24&lt;/uomDefinedID&gt;&lt;UOMName&gt;MM&lt;/UOMName&gt;&lt;UOMDescription&gt;MILIMETERS&lt;/UOMDescription&gt;&lt;serialNumber&gt;FTW2M160006zm&lt;/serialNumber&gt;&lt;avrg&gt;0.002575&lt;/avrg&gt;&lt;/Row&gt;&lt;Row&gt;&lt;notifRecordID&gt;114949&lt;/notifRecordID&gt;&lt;notifTagID&gt;123&lt;/notifTagID&gt;&lt;notifTagValue&gt;0.002&lt;/notifTagValue&gt;&lt;recordID&gt;114949&lt;/recordID&gt;&lt;notifName&gt;TransCtr&lt;/notifName&gt;&lt;notifDescription&gt;P558_JENOPTIK&lt;/notifDescription&gt;&lt;CreatedBy&gt;SYSTEM&lt;/CreatedBy&gt;&lt;CreatedOn&gt;2016-12-18T15:57:18&lt;/CreatedOn&gt;&lt;ModifiedBy&gt;System&lt;/ModifiedBy&gt;&lt;ModifiedOn&gt;2016-12-18T15:57:20&lt;/ModifiedOn&gt;&lt;tagName&gt;Data_00&lt;/tagName&gt;&lt;tagTypeID&gt;8&lt;/tagTypeID&gt;&lt;tagGroupID&gt;1&lt;/tagGroupID&gt;&lt;tagFunctionID&gt;4&lt;/tagFunctionID&gt;&lt;COM_typeName&gt;TSend&lt;/COM_typeName&gt;&lt;FNC_typeName&gt;DefDataTable&lt;/FNC_typeName&gt;&lt;OPC_typeName&gt;FLOAT&lt;/OPC_typeName&gt;&lt;unitID&gt;36&lt;/unitID&gt;&lt;lineID&gt;35&lt;/lineID&gt;&lt;nameDefined&gt;Hi\Lo&lt;/nameDefined&gt;&lt;uomDefinedID&gt;24&lt;/uomDefinedID&gt;&lt;UOMName&gt;MM&lt;/UOMName&gt;&lt;UOMDescription&gt;MILIMETERS&lt;/UOMDescription&gt;&lt;serialNumber&gt;FTW3M16000asq&lt;/serialNumber&gt;&lt;avrg&gt;0.002575&lt;/avrg&gt;&lt;/Row&gt;&lt;Row&gt;&lt;notifRecordID&gt;114956&lt;/notifRecordID&gt;&lt;notifTagID&gt;123&lt;/notifTagID&gt;&lt;notifTagValue&gt;0.006&lt;/notifTagValue&gt;&lt;recordID&gt;114956&lt;/recordID&gt;&lt;notifName&gt;TransCtr&lt;/notifName&gt;&lt;notifDescription&gt;P558_JENOPTIK&lt;/notifDescription&gt;&lt;CreatedBy&gt;SYSTEM&lt;/CreatedBy&gt;&lt;CreatedOn&gt;2016-12-18T16:08:40&lt;/CreatedOn&gt;&lt;ModifiedBy&gt;System&lt;/ModifiedBy&gt;&lt;ModifiedOn&gt;2016-12-18T16:08:42&lt;/ModifiedOn&gt;&lt;tagName&gt;Data_00&lt;/tagName&gt;&lt;tagTypeID&gt;8&lt;/tagTypeID&gt;&lt;tagGroupID&gt;1&lt;/tagGroupID&gt;&lt;tagFunctionID&gt;4&lt;/tagFunctionID&gt;&lt;COM_typeName&gt;TSend&lt;/COM_typeName&gt;&lt;FNC_typeName&gt;DefDataTable&lt;/FNC_typeName&gt;&lt;OPC_typeName&gt;FLOAT&lt;/OPC_typeName&gt;&lt;unitID&gt;36&lt;/unitID&gt;&lt;lineID&gt;35&lt;/lineID&gt;&lt;nameDefined&gt;Hi\Lo&lt;/nameDefined&gt;&lt;uomDefinedID&gt;24&lt;/uomDefinedID&gt;&lt;UOMName&gt;MM&lt;/UOMName&gt;&lt;UOMDescription&gt;MILIMETERS&lt;/UOMDescription&gt;&lt;serialNumber&gt;FTW3M16000asr&lt;/serialNumber&gt;&lt;avrg&gt;0.002575&lt;/avrg&gt;&lt;/Row&gt;&lt;Row&gt;&lt;notifRecordID&gt;114959&lt;/notifRecordID&gt;&lt;notifTagID&gt;123&lt;/notifTagID&gt;&lt;notifTagValue&gt;-0.001&lt;/notifTagValue&gt;&lt;recordID&gt;114959&lt;/recordID&gt;&lt;notifName&gt;TransCtr&lt;/notifName&gt;&lt;notifDescription&gt;P558_JENOPTIK&lt;/notifDescription&gt;&lt;CreatedBy&gt;SYSTEM&lt;/CreatedBy&gt;&lt;CreatedOn&gt;2016-12-18T16:10:22&lt;/CreatedOn&gt;&lt;ModifiedBy&gt;System&lt;/ModifiedBy&gt;&lt;ModifiedOn&gt;2016-12-18T16:10:24&lt;/ModifiedOn&gt;&lt;tagName&gt;Data_00&lt;/tagName&gt;&lt;tagTypeID&gt;8&lt;/tagTypeID&gt;&lt;tagGroupID&gt;1&lt;/tagGroupID&gt;&lt;tagFunctionID&gt;4&lt;/tagFunctionID&gt;&lt;COM_typeName&gt;TSend&lt;/COM_typeName&gt;&lt;FNC_typeName&gt;DefDataTable&lt;/FNC_typeName&gt;&lt;OPC_typeName&gt;FLOAT&lt;/OPC_typeName&gt;&lt;unitID&gt;36&lt;/unitID&gt;&lt;lineID&gt;35&lt;/lineID&gt;&lt;nameDefined&gt;Hi\Lo&lt;/nameDefined&gt;&lt;uomDefinedID&gt;24&lt;/uomDefinedID&gt;&lt;UOMName&gt;MM&lt;/UOMName&gt;&lt;UOMDescription&gt;MILIMETERS&lt;/UOMDescription&gt;&lt;serialNumber&gt;FTW3M16000ast&lt;/serialNumber&gt;&lt;avrg&gt;0.002575&lt;/avrg&gt;&lt;/Row&gt;&lt;Row&gt;&lt;notifRecordID&gt;114967&lt;/notifRecordID&gt;&lt;notifTagID&gt;123&lt;/notifTagID&gt;&lt;notifTagValue&gt;0.006&lt;/notifTagValue&gt;&lt;recordID&gt;114967&lt;/recordID&gt;&lt;notifName&gt;TransCtr&lt;/notifName&gt;&lt;notifDescription&gt;P558_JENOPTIK&lt;/notifDescription&gt;&lt;CreatedBy&gt;SYSTEM&lt;/CreatedBy&gt;&lt;CreatedOn&gt;2016-12-18T16:20:01&lt;/CreatedOn&gt;&lt;ModifiedBy&gt;System&lt;/ModifiedBy&gt;&lt;ModifiedOn&gt;2016-12-18T16:20:03&lt;/ModifiedOn&gt;&lt;tagName&gt;Data_00&lt;/tagName&gt;&lt;tagTypeID&gt;8&lt;/tagTypeID&gt;&lt;tagGroupID&gt;1&lt;/tagGroupID&gt;&lt;tagFunctionID&gt;4&lt;/tagFunctionID&gt;&lt;COM_typeName&gt;TSend&lt;/COM_typeName&gt;&lt;FNC_typeName&gt;DefDataTable&lt;/FNC_typeName&gt;&lt;OPC_typeName&gt;FLOAT&lt;/OPC_typeName&gt;&lt;unitID&gt;36&lt;/unitID&gt;&lt;lineID&gt;35&lt;/lineID&gt;&lt;nameDefined&gt;Hi\Lo&lt;/nameDefined&gt;&lt;uomDefinedID&gt;24&lt;/uomDefinedID&gt;&lt;UOMName&gt;MM&lt;/UOMName&gt;&lt;UOMDescription&gt;MILIMETERS&lt;/UOMDescription&gt;&lt;serialNumber&gt;FTW2M160006zn&lt;/serialNumber&gt;&lt;avrg&gt;0.002575&lt;/avrg&gt;&lt;/Row&gt;&lt;Row&gt;&lt;notifRecordID&gt;114969&lt;/notifRecordID&gt;&lt;notifTagID&gt;123&lt;/notifTagID&gt;&lt;notifTagValue&gt;0.004&lt;/notifTagValue&gt;&lt;recordID&gt;114969&lt;/recordID&gt;&lt;notifName&gt;TransCtr&lt;/notifName&gt;&lt;notifDescription&gt;P558_JENOPTIK&lt;/notifDescription&gt;&lt;CreatedBy&gt;SYSTEM&lt;/CreatedBy&gt;&lt;CreatedOn&gt;2016-12-18T16:21:51&lt;/CreatedOn&gt;&lt;ModifiedBy&gt;System&lt;/ModifiedBy&gt;&lt;ModifiedOn&gt;2016-12-18T16:21:53&lt;/ModifiedOn&gt;&lt;tagName&gt;Data_00&lt;/tagName&gt;&lt;tagTypeID&gt;8&lt;/tagTypeID&gt;&lt;tagGroupID&gt;1&lt;/tagGroupID&gt;&lt;tagFunctionID&gt;4&lt;/tagFunctionID&gt;&lt;COM_typeName&gt;TSend&lt;/COM_typeName&gt;&lt;FNC_typeName&gt;DefDataTable&lt;/FNC_typeName&gt;&lt;OPC_typeName&gt;FLOAT&lt;/OPC_typeName&gt;&lt;unitID&gt;36&lt;/unitID&gt;&lt;lineID&gt;35&lt;/lineID&gt;&lt;nameDefined&gt;Hi\Lo&lt;/nameDefined&gt;&lt;uomDefinedID&gt;24&lt;/uomDefinedID&gt;&lt;UOMName&gt;MM&lt;/UOMName&gt;&lt;UOMDescription&gt;MILIMETERS&lt;/UOMDescription&gt;&lt;serialNumber&gt;FTW2M160006zo&lt;/serialNumber&gt;&lt;avrg&gt;0.002575&lt;/avrg&gt;&lt;/Row&gt;&lt;Row&gt;&lt;notifRecordID&gt;114971&lt;/notifRecordID&gt;&lt;notifTagID&gt;123&lt;/notifTagID&gt;&lt;notifTagValue&gt;0.007&lt;/notifTagValue&gt;&lt;recordID&gt;114971&lt;/recordID&gt;&lt;notifName&gt;TransCtr&lt;/notifName&gt;&lt;notifDescription&gt;P558_JENOPTIK&lt;/notifDescription&gt;&lt;CreatedBy&gt;SYSTEM&lt;/CreatedBy&gt;&lt;CreatedOn&gt;2016-12-18T16:23:47&lt;/CreatedOn&gt;&lt;ModifiedBy&gt;System&lt;/ModifiedBy&gt;&lt;ModifiedOn&gt;2016-12-18T16:23:49&lt;/ModifiedOn&gt;&lt;tagName&gt;Data_00&lt;/tagName&gt;&lt;tagTypeID&gt;8&lt;/tagTypeID&gt;&lt;tagGroupID&gt;1&lt;/tagGroupID&gt;&lt;tagFunctionID&gt;4&lt;/tagFunctionID&gt;&lt;COM_typeName&gt;TSend&lt;/COM_typeName&gt;&lt;FNC_typeName&gt;DefDataTable&lt;/FNC_typeName&gt;&lt;OPC_typeName&gt;FLOAT&lt;/OPC_typeName&gt;&lt;unitID&gt;36&lt;/unitID&gt;&lt;lineID&gt;35&lt;/lineID&gt;&lt;nameDefined&gt;Hi\Lo&lt;/nameDefined&gt;&lt;uomDefinedID&gt;24&lt;/uomDefinedID&gt;&lt;UOMName&gt;MM&lt;/UOMName&gt;&lt;UOMDescription&gt;MILIMETERS&lt;/UOMDescription&gt;&lt;serialNumber&gt;FTW3M16000asu&lt;/serialNumber&gt;&lt;avrg&gt;0.002575&lt;/avrg&gt;&lt;/Row&gt;&lt;Row&gt;&lt;notifRecordID&gt;114974&lt;/notifRecordID&gt;&lt;notifTagID&gt;123&lt;/notifTagID&gt;&lt;notifTagValue&gt;0.003&lt;/notifTagValue&gt;&lt;recordID&gt;114974&lt;/recordID&gt;&lt;notifName&gt;TransCtr&lt;/notifName&gt;&lt;notifDescription&gt;P558_JENOPTIK&lt;/notifDescription&gt;&lt;CreatedBy&gt;SYSTEM&lt;/CreatedBy&gt;&lt;CreatedOn&gt;2016-12-18T16:25:49&lt;/CreatedOn&gt;&lt;ModifiedBy&gt;System&lt;/ModifiedBy&gt;&lt;ModifiedOn&gt;2016-12-18T16:25:51&lt;/ModifiedOn&gt;&lt;tagName&gt;Data_00&lt;/tagName&gt;&lt;tagTypeID&gt;8&lt;/tagTypeID&gt;&lt;tagGroupID&gt;1&lt;/tagGroupID&gt;&lt;tagFunctionID&gt;4&lt;/tagFunctionID&gt;&lt;COM_typeName&gt;TSend&lt;/COM_typeName&gt;&lt;FNC_typeName&gt;DefDataTable&lt;/FNC_typeName&gt;&lt;OPC_typeName&gt;FLOAT&lt;/OPC_typeName&gt;&lt;unitID&gt;36&lt;/unitID&gt;&lt;lineID&gt;35&lt;/lineID&gt;&lt;nameDefined&gt;Hi\Lo&lt;/nameDefined&gt;&lt;uomDefinedID&gt;24&lt;/uomDefinedID&gt;&lt;UOMName&gt;MM&lt;/UOMName&gt;&lt;UOMDescription&gt;MILIMETERS&lt;/UOMDescription&gt;&lt;serialNumber&gt;FTW3M16000asv&lt;/serialNumber&gt;&lt;avrg&gt;0.002575&lt;/avrg&gt;&lt;/Row&gt;&lt;Row&gt;&lt;notifRecordID&gt;114983&lt;/notifRecordID&gt;&lt;notifTagID&gt;123&lt;/notifTagID&gt;&lt;notifTagValue&gt;0.013&lt;/notifTagValue&gt;&lt;recordID&gt;114983&lt;/recordID&gt;&lt;notifName&gt;TransCtr&lt;/notifName&gt;&lt;notifDescription&gt;P558_JENOPTIK&lt;/notifDescription&gt;&lt;CreatedBy&gt;SYSTEM&lt;/CreatedBy&gt;&lt;CreatedOn&gt;2016-12-18T16:39:19&lt;/CreatedOn&gt;&lt;ModifiedBy&gt;System&lt;/ModifiedBy&gt;&lt;ModifiedOn&gt;2016-12-18T16:39:21&lt;/ModifiedOn&gt;&lt;tagName&gt;Data_00&lt;/tagName&gt;&lt;tagTypeID&gt;8&lt;/tagTypeID&gt;&lt;tagGroupID&gt;1&lt;/tagGroupID&gt;&lt;tagFunctionID&gt;4&lt;/tagFunctionID&gt;&lt;COM_typeName&gt;TSend&lt;/COM_typeName&gt;&lt;FNC_typeName&gt;DefDataTable&lt;/FNC_typeName&gt;&lt;OPC_typeName&gt;FLOAT&lt;/OPC_typeName&gt;&lt;unitID&gt;36&lt;/unitID&gt;&lt;lineID&gt;35&lt;/lineID&gt;&lt;nameDefined&gt;Hi\Lo&lt;/nameDefined&gt;&lt;uomDefinedID&gt;24&lt;/uomDefinedID&gt;&lt;UOMName&gt;MM&lt;/UOMName&gt;&lt;UOMDescription&gt;MILIMETERS&lt;/UOMDescription&gt;&lt;serialNumber&gt;FTW2M160006zp&lt;/serialNumber&gt;&lt;avrg&gt;0.002575&lt;/avrg&gt;&lt;/Row&gt;&lt;Row&gt;&lt;notifRecordID&gt;114989&lt;/notifRecordID&gt;&lt;notifTagID&gt;123&lt;/notifTagID&gt;&lt;notifTagValue&gt;0.008&lt;/notifTagValue&gt;&lt;recordID&gt;114989&lt;/recordID&gt;&lt;notifName&gt;TransCtr&lt;/notifName&gt;&lt;notifDescription&gt;P558_JENOPTIK&lt;/notifDescription&gt;&lt;CreatedBy&gt;SYSTEM&lt;/CreatedBy&gt;&lt;CreatedOn&gt;2016-12-18T16:45:09&lt;/CreatedOn&gt;&lt;ModifiedBy&gt;System&lt;/ModifiedBy&gt;&lt;ModifiedOn&gt;2016-12-18T16:45:11&lt;/ModifiedOn&gt;&lt;tagName&gt;Data_00&lt;/tagName&gt;&lt;tagTypeID&gt;8&lt;/tagTypeID&gt;&lt;tagGroupID&gt;1&lt;/tagGroupID&gt;&lt;tagFunctionID&gt;4&lt;/tagFunctionID&gt;&lt;COM_typeName&gt;TSend&lt;/COM_typeName&gt;&lt;FNC_typeName&gt;DefDataTable&lt;/FNC_typeName&gt;&lt;OPC_typeName&gt;FLOAT&lt;/OPC_typeName&gt;&lt;unitID&gt;36&lt;/unitID&gt;&lt;lineID&gt;35&lt;/lineID&gt;&lt;nameDefined&gt;Hi\Lo&lt;/nameDefined&gt;&lt;uomDefinedID&gt;24&lt;/uomDefinedID&gt;&lt;UOMName&gt;MM&lt;/UOMName&gt;&lt;UOMDescription&gt;MILIMETERS&lt;/UOMDescription&gt;&lt;serialNumber&gt;FTW3M16000asw&lt;/serialNumber&gt;&lt;avrg&gt;0.002575&lt;/avrg&gt;&lt;/Row&gt;&lt;Row&gt;&lt;notifRecordID&gt;114994&lt;/notifRecordID&gt;&lt;notifTagID&gt;123&lt;/notifTagID&gt;&lt;notifTagValue&gt;0.008&lt;/notifTagValue&gt;&lt;recordID&gt;114994&lt;/recordID&gt;&lt;notifName&gt;TransCtr&lt;/notifName&gt;&lt;notifDescription&gt;P558_JENOPTIK&lt;/notifDescription&gt;&lt;CreatedBy&gt;SYSTEM&lt;/CreatedBy&gt;&lt;CreatedOn&gt;2016-12-18T16:50:43&lt;/CreatedOn&gt;&lt;ModifiedBy&gt;System&lt;/ModifiedBy&gt;&lt;ModifiedOn&gt;2016-12-18T16:50:45&lt;/ModifiedOn&gt;&lt;tagName&gt;Data_00&lt;/tagName&gt;&lt;tagTypeID&gt;8&lt;/tagTypeID&gt;&lt;tagGroupID&gt;1&lt;/tagGroupID&gt;&lt;tagFunctionID&gt;4&lt;/tagFunctionID&gt;&lt;COM_typeName&gt;TSend&lt;/COM_typeName&gt;&lt;FNC_typeName&gt;DefDataTable&lt;/FNC_typeName&gt;&lt;OPC_typeName&gt;FLOAT&lt;/OPC_typeName&gt;&lt;unitID&gt;36&lt;/unitID&gt;&lt;lineID&gt;35&lt;/lineID&gt;&lt;nameDefined&gt;Hi\Lo&lt;/nameDefined&gt;&lt;uomDefinedID&gt;24&lt;/uomDefinedID&gt;&lt;UOMName&gt;MM&lt;/UOMName&gt;&lt;UOMDescription&gt;MILIMETERS&lt;/UOMDescription&gt;&lt;serialNumber&gt;FTW3M16000asx&lt;/serialNumber&gt;&lt;avrg&gt;0.002575&lt;/avrg&gt;&lt;/Row&gt;&lt;Row&gt;&lt;notifRecordID&gt;115000&lt;/notifRecordID&gt;&lt;notifTagID&gt;123&lt;/notifTagID&gt;&lt;notifTagValue&gt;0.0&lt;/notifTagValue&gt;&lt;recordID&gt;115000&lt;/recordID&gt;&lt;notifName&gt;TransCtr&lt;/notifName&gt;&lt;notifDescription&gt;P558_JENOPTIK&lt;/notifDescription&gt;&lt;CreatedBy&gt;SYSTEM&lt;/CreatedBy&gt;&lt;CreatedOn&gt;2016-12-18T16:58:49&lt;/CreatedOn&gt;&lt;ModifiedBy&gt;System&lt;/ModifiedBy&gt;&lt;ModifiedOn&gt;2016-12-18T16:58:51&lt;/ModifiedOn&gt;&lt;tagName&gt;Data_00&lt;/tagName&gt;&lt;tagTypeID&gt;8&lt;/tagTypeID&gt;&lt;tagGroupID&gt;1&lt;/tagGroupID&gt;&lt;tagFunctionID&gt;4&lt;/tagFunctionID&gt;&lt;COM_typeName&gt;TSend&lt;/COM_typeName&gt;&lt;FNC_typeName&gt;DefDataTable&lt;/FNC_typeName&gt;&lt;OPC_typeName&gt;FLOAT&lt;/OPC_typeName&gt;&lt;unitID&gt;36&lt;/unitID&gt;&lt;lineID&gt;35&lt;/lineID&gt;&lt;nameDefined&gt;Hi\Lo&lt;/nameDefined&gt;&lt;uomDefinedID&gt;24&lt;/uomDefinedID&gt;&lt;UOMName&gt;MM&lt;/UOMName&gt;&lt;UOMDescription&gt;MILIMETERS&lt;/UOMDescription&gt;&lt;serialNumber&gt;FTW2M160006zq&lt;/serialNumber&gt;&lt;avrg&gt;0.002575&lt;/avrg&gt;&lt;/Row&gt;&lt;Row&gt;&lt;notifRecordID&gt;115002&lt;/notifRecordID&gt;&lt;notifTagID&gt;123&lt;/notifTagID&gt;&lt;notifTagValue&gt;0.005&lt;/notifTagValue&gt;&lt;recordID&gt;115002&lt;/recordID&gt;&lt;notifName&gt;TransCtr&lt;/notifName&gt;&lt;notifDescription&gt;P558_JENOPTIK&lt;/notifDescription&gt;&lt;CreatedBy&gt;SYSTEM&lt;/CreatedBy&gt;&lt;CreatedOn&gt;2016-12-18T17:01:01&lt;/CreatedOn&gt;&lt;ModifiedBy&gt;System&lt;/ModifiedBy&gt;&lt;ModifiedOn&gt;2016-12-18T17:01:03&lt;/ModifiedOn&gt;&lt;tagName&gt;Data_00&lt;/tagName&gt;&lt;tagTypeID&gt;8&lt;/tagTypeID&gt;&lt;tagGroupID&gt;1&lt;/tagGroupID&gt;&lt;tagFunctionID&gt;4&lt;/tagFunctionID&gt;&lt;COM_typeName&gt;TSend&lt;/COM_typeName&gt;&lt;FNC_typeName&gt;DefDataTable&lt;/FNC_typeName&gt;&lt;OPC_typeName&gt;FLOAT&lt;/OPC_typeName&gt;&lt;unitID&gt;36&lt;/unitID&gt;&lt;lineID&gt;35&lt;/lineID&gt;&lt;nameDefined&gt;Hi\Lo&lt;/nameDefined&gt;&lt;uomDefinedID&gt;24&lt;/uomDefinedID&gt;&lt;UOMName&gt;MM&lt;/UOMName&gt;&lt;UOMDescription&gt;MILIMETERS&lt;/UOMDescription&gt;&lt;serialNumber&gt;FTW3M16000asy&lt;/serialNumber&gt;&lt;avrg&gt;0.002575&lt;/avrg&gt;&lt;/Row&gt;&lt;Row&gt;&lt;notifRecordID&gt;115006&lt;/notifRecordID&gt;&lt;notifTagID&gt;123&lt;/notifTagID&gt;&lt;notifTagValue&gt;0.004&lt;/notifTagValue&gt;&lt;recordID&gt;115006&lt;/recordID&gt;&lt;notifName&gt;TransCtr&lt;/notifName&gt;&lt;notifDescription&gt;P558_JENOPTIK&lt;/notifDescription&gt;&lt;CreatedBy&gt;SYSTEM&lt;/CreatedBy&gt;&lt;CreatedOn&gt;2016-12-18T17:05:05&lt;/CreatedOn&gt;&lt;ModifiedBy&gt;System&lt;/ModifiedBy&gt;&lt;ModifiedOn&gt;2016-12-18T17:05:07&lt;/ModifiedOn&gt;&lt;tagName&gt;Data_00&lt;/tagName&gt;&lt;tagTypeID&gt;8&lt;/tagTypeID&gt;&lt;tagGroupID&gt;1&lt;/tagGroupID&gt;&lt;tagFunctionID&gt;4&lt;/tagFunctionID&gt;&lt;COM_typeName&gt;TSend&lt;/COM_typeName&gt;&lt;FNC_typeName&gt;DefDataTable&lt;/FNC_typeName&gt;&lt;OPC_typeName&gt;FLOAT&lt;/OPC_typeName&gt;&lt;unitID&gt;36&lt;/unitID&gt;&lt;lineID&gt;35&lt;/lineID&gt;&lt;nameDefined&gt;Hi\Lo&lt;/nameDefined&gt;&lt;uomDefinedID&gt;24&lt;/uomDefinedID&gt;&lt;UOMName&gt;MM&lt;/UOMName&gt;&lt;UOMDescription&gt;MILIMETERS&lt;/UOMDescription&gt;&lt;serialNumber&gt;FTW3M16000asz&lt;/serialNumber&gt;&lt;avrg&gt;0.002575&lt;/avrg&gt;&lt;/Row&gt;&lt;Row&gt;&lt;notifRecordID&gt;115011&lt;/notifRecordID&gt;&lt;notifTagID&gt;123&lt;/notifTagID&gt;&lt;notifTagValue&gt;0.013&lt;/notifTagValue&gt;&lt;recordID&gt;115011&lt;/recordID&gt;&lt;notifName&gt;TransCtr&lt;/notifName&gt;&lt;notifDescription&gt;P558_JENOPTIK&lt;/notifDescription&gt;&lt;CreatedBy&gt;SYSTEM&lt;/CreatedBy&gt;&lt;CreatedOn&gt;2016-12-18T17:09:26&lt;/CreatedOn&gt;&lt;ModifiedBy&gt;System&lt;/ModifiedBy&gt;&lt;ModifiedOn&gt;2016-12-18T17:09:28&lt;/ModifiedOn&gt;&lt;tagName&gt;Data_00&lt;/tagName&gt;&lt;tagTypeID&gt;8&lt;/tagTypeID&gt;&lt;tagGroupID&gt;1&lt;/tagGroupID&gt;&lt;tagFunctionID&gt;4&lt;/tagFunctionID&gt;&lt;COM_typeName&gt;TSend&lt;/COM_typeName&gt;&lt;FNC_typeName&gt;DefDataTable&lt;/FNC_typeName&gt;&lt;OPC_typeName&gt;FLOAT&lt;/OPC_typeName&gt;&lt;unitID&gt;36&lt;/unitID&gt;&lt;lineID&gt;35&lt;/lineID&gt;&lt;nameDefined&gt;Hi\Lo&lt;/nameDefined&gt;&lt;uomDefinedID&gt;24&lt;/uomDefinedID&gt;&lt;UOMName&gt;MM&lt;/UOMName&gt;&lt;UOMDescription&gt;MILIMETERS&lt;/UOMDescription&gt;&lt;serialNumber&gt;FTW2M160006zr&lt;/serialNumber&gt;&lt;avrg&gt;0.002575&lt;/avrg&gt;&lt;/Row&gt;&lt;Row&gt;&lt;notifRecordID&gt;115013&lt;/notifRecordID&gt;&lt;notifTagID&gt;123&lt;/notifTagID&gt;&lt;notifTagValue&gt;-0.001&lt;/notifTagValue&gt;&lt;recordID&gt;115013&lt;/recordID&gt;&lt;notifName&gt;TransCtr&lt;/notifName&gt;&lt;notifDescription&gt;P558_JENOPTIK&lt;/notifDescription&gt;&lt;CreatedBy&gt;SYSTEM&lt;/CreatedBy&gt;&lt;CreatedOn&gt;2016-12-18T17:11:25&lt;/CreatedOn&gt;&lt;ModifiedBy&gt;System&lt;/ModifiedBy&gt;&lt;ModifiedOn&gt;2016-12-18T17:11:27&lt;/ModifiedOn&gt;&lt;tagName&gt;Data_00&lt;/tagName&gt;&lt;tagTypeID&gt;8&lt;/tagTypeID&gt;&lt;tagGroupID&gt;1&lt;/tagGroupID&gt;&lt;tagFunctionID&gt;4&lt;/tagFunctionID&gt;&lt;COM_typeName&gt;TSend&lt;/COM_typeName&gt;&lt;FNC_typeName&gt;DefDataTable&lt;/FNC_typeName&gt;&lt;OPC_typeName&gt;FLOAT&lt;/OPC_typeName&gt;&lt;unitID&gt;36&lt;/unitID&gt;&lt;lineID&gt;35&lt;/lineID&gt;&lt;nameDefined&gt;Hi\Lo&lt;/nameDefined&gt;&lt;uomDefinedID&gt;24&lt;/uomDefinedID&gt;&lt;UOMName&gt;MM&lt;/UOMName&gt;&lt;UOMDescription&gt;MILIMETERS&lt;/UOMDescription&gt;&lt;serialNumber&gt;FTW2M160006zs&lt;/serialNumber&gt;&lt;avrg&gt;0.002575&lt;/avrg&gt;&lt;/Row&gt;&lt;Row&gt;&lt;notifRecordID&gt;115019&lt;/notifRecordID&gt;&lt;notifTagID&gt;123&lt;/notifTagID&gt;&lt;notifTagValue&gt;-0.001&lt;/notifTagValue&gt;&lt;recordID&gt;115019&lt;/recordID&gt;&lt;notifName&gt;TransCtr&lt;/notifName&gt;&lt;notifDescription&gt;P558_JENOPTIK&lt;/notifDescription&gt;&lt;CreatedBy&gt;SYSTEM&lt;/CreatedBy&gt;&lt;CreatedOn&gt;2016-12-18T17:22:35&lt;/CreatedOn&gt;&lt;ModifiedBy&gt;System&lt;/ModifiedBy&gt;&lt;ModifiedOn&gt;2016-12-18T17:22:37&lt;/ModifiedOn&gt;&lt;tagName&gt;Data_00&lt;/tagName&gt;&lt;tagTypeID&gt;8&lt;/tagTypeID&gt;&lt;tagGroupID&gt;1&lt;/tagGroupID&gt;&lt;tagFunctionID&gt;4&lt;/tagFunctionID&gt;&lt;COM_typeName&gt;TSend&lt;/COM_typeName&gt;&lt;FNC_typeName&gt;DefDataTable&lt;/FNC_typeName&gt;&lt;OPC_typeName&gt;FLOAT&lt;/OPC_typeName&gt;&lt;unitID&gt;36&lt;/unitID&gt;&lt;lineID&gt;35&lt;/lineID&gt;&lt;nameDefined&gt;Hi\Lo&lt;/nameDefined&gt;&lt;uomDefinedID&gt;24&lt;/uomDefinedID&gt;&lt;UOMName&gt;MM&lt;/UOMName&gt;&lt;UOMDescription&gt;MILIMETERS&lt;/UOMDescription&gt;&lt;serialNumber&gt;FTW3M16000at0&lt;/serialNumber&gt;&lt;avrg&gt;0.002575&lt;/avrg&gt;&lt;/Row&gt;&lt;Row&gt;&lt;notifRecordID&gt;115021&lt;/notifRecordID&gt;&lt;notifTagID&gt;123&lt;/notifTagID&gt;&lt;notifTagValue&gt;0.006&lt;/notifTagValue&gt;&lt;recordID&gt;115021&lt;/recordID&gt;&lt;notifName&gt;TransCtr&lt;/notifName&gt;&lt;notifDescription&gt;P558_JENOPTIK&lt;/notifDescription&gt;&lt;CreatedBy&gt;SYSTEM&lt;/CreatedBy&gt;&lt;CreatedOn&gt;2016-12-18T17:23:53&lt;/CreatedOn&gt;&lt;ModifiedBy&gt;System&lt;/ModifiedBy&gt;&lt;ModifiedOn&gt;2016-12-18T17:23:55&lt;/ModifiedOn&gt;&lt;tagName&gt;Data_00&lt;/tagName&gt;&lt;tagTypeID&gt;8&lt;/tagTypeID&gt;&lt;tagGroupID&gt;1&lt;/tagGroupID&gt;&lt;tagFunctionID&gt;4&lt;/tagFunctionID&gt;&lt;COM_typeName&gt;TSend&lt;/COM_typeName&gt;&lt;FNC_typeName&gt;DefDataTable&lt;/FNC_typeName&gt;&lt;OPC_typeName&gt;FLOAT&lt;/OPC_typeName&gt;&lt;unitID&gt;36&lt;/unitID&gt;&lt;lineID&gt;35&lt;/lineID&gt;&lt;nameDefined&gt;Hi\Lo&lt;/nameDefined&gt;&lt;uomDefinedID&gt;24&lt;/uomDefinedID&gt;&lt;UOMName&gt;MM&lt;/UOMName&gt;&lt;UOMDescription&gt;MILIMETERS&lt;/UOMDescription&gt;&lt;serialNumber&gt;FTW3M16000at0&lt;/serialNumber&gt;&lt;avrg&gt;0.002575&lt;/avrg&gt;&lt;/Row&gt;&lt;Row&gt;&lt;notifRecordID&gt;115024&lt;/notifRecordID&gt;&lt;notifTagID&gt;123&lt;/notifTagID&gt;&lt;notifTagValue&gt;0.003&lt;/notifTagValue&gt;&lt;recordID&gt;115024&lt;/recordID&gt;&lt;notifName&gt;TransCtr&lt;/notifName&gt;&lt;notifDescription&gt;P558_JENOPTIK&lt;/notifDescription&gt;&lt;CreatedBy&gt;SYSTEM&lt;/CreatedBy&gt;&lt;CreatedOn&gt;2016-12-18T17:25:48&lt;/CreatedOn&gt;&lt;ModifiedBy&gt;System&lt;/ModifiedBy&gt;&lt;ModifiedOn&gt;2016-12-18T17:25:49&lt;/ModifiedOn&gt;&lt;tagName&gt;Data_00&lt;/tagName&gt;&lt;tagTypeID&gt;8&lt;/tagTypeID&gt;&lt;tagGroupID&gt;1&lt;/tagGroupID&gt;&lt;tagFunctionID&gt;4&lt;/tagFunctionID&gt;&lt;COM_typeName&gt;TSend&lt;/COM_typeName&gt;&lt;FNC_typeName&gt;DefDataTable&lt;/FNC_typeName&gt;&lt;OPC_typeName&gt;FLOAT&lt;/OPC_typeName&gt;&lt;unitID&gt;36&lt;/unitID&gt;&lt;lineID&gt;35&lt;/lineID&gt;&lt;nameDefined&gt;Hi\Lo&lt;/nameDefined&gt;&lt;uomDefinedID&gt;24&lt;/uomDefinedID&gt;&lt;UOMName&gt;MM&lt;/UOMName&gt;&lt;UOMDescription&gt;MILIMETERS&lt;/UOMDescription&gt;&lt;serialNumber&gt;FTW3M16000at1&lt;/serialNumber&gt;&lt;avrg&gt;0.002575&lt;/avrg&gt;&lt;/Row&gt;&lt;Row&gt;&lt;notifRecordID&gt;115030&lt;/notifRecordID&gt;&lt;notifTagID&gt;123&lt;/notifTagID&gt;&lt;notifTagValue&gt;0.008&lt;/notifTagValue&gt;&lt;recordID&gt;115030&lt;/recordID&gt;&lt;notifName&gt;TransCtr&lt;/notifName&gt;&lt;notifDescription&gt;P558_JENOPTIK&lt;/notifDescription&gt;&lt;CreatedBy&gt;SYSTEM&lt;/CreatedBy&gt;&lt;CreatedOn&gt;2016-12-18T17:28:39&lt;/CreatedOn&gt;&lt;ModifiedBy&gt;System&lt;/ModifiedBy&gt;&lt;ModifiedOn&gt;2016-12-18T17:28:41&lt;/ModifiedOn&gt;&lt;tagName&gt;Data_00&lt;/tagName&gt;&lt;tagTypeID&gt;8&lt;/tagTypeID&gt;&lt;tagGroupID&gt;1&lt;/tagGroupID&gt;&lt;tagFunctionID&gt;4&lt;/tagFunctionID&gt;&lt;COM_typeName&gt;TSend&lt;/COM_typeName&gt;&lt;FNC_typeName&gt;DefDataTable&lt;/FNC_typeName&gt;&lt;OPC_typeName&gt;FLOAT&lt;/OPC_typeName&gt;&lt;unitID&gt;36&lt;/unitID&gt;&lt;lineID&gt;35&lt;/lineID&gt;&lt;nameDefined&gt;Hi\Lo&lt;/nameDefined&gt;&lt;uomDefinedID&gt;24&lt;/uomDefinedID&gt;&lt;UOMName&gt;MM&lt;/UOMName&gt;&lt;UOMDescription&gt;MILIMETERS&lt;/UOMDescription&gt;&lt;serialNumber&gt;FTW2M160006zt&lt;/serialNumber&gt;&lt;avrg&gt;0.002575&lt;/avrg&gt;&lt;/Row&gt;&lt;Row&gt;&lt;notifRecordID&gt;115033&lt;/notifRecordID&gt;&lt;notifTagID&gt;123&lt;/notifTagID&gt;&lt;notifTagValue&gt;0.003&lt;/notifTagValue&gt;&lt;recordID&gt;115033&lt;/recordID&gt;&lt;notifName&gt;TransCtr&lt;/notifName&gt;&lt;notifDescription&gt;P558_JENOPTIK&lt;/notifDescription&gt;&lt;CreatedBy&gt;SYSTEM&lt;/CreatedBy&gt;&lt;CreatedOn&gt;2016-12-18T17:32:10&lt;/CreatedOn&gt;&lt;ModifiedBy&gt;System&lt;/ModifiedBy&gt;&lt;ModifiedOn&gt;2016-12-18T17:32:12&lt;/ModifiedOn&gt;&lt;tagName&gt;Data_00&lt;/tagName&gt;&lt;tagTypeID&gt;8&lt;/tagTypeID&gt;&lt;tagGroupID&gt;1&lt;/tagGroupID&gt;&lt;tagFunctionID&gt;4&lt;/tagFunctionID&gt;&lt;COM_typeName&gt;TSend&lt;/COM_typeName&gt;&lt;FNC_typeName&gt;DefDataTable&lt;/FNC_typeName&gt;&lt;OPC_typeName&gt;FLOAT&lt;/OPC_typeName&gt;&lt;unitID&gt;36&lt;/unitID&gt;&lt;lineID&gt;35&lt;/lineID&gt;&lt;nameDefined&gt;Hi\Lo&lt;/nameDefined&gt;&lt;uomDefinedID&gt;24&lt;/uomDefinedID&gt;&lt;UOMName&gt;MM&lt;/UOMName&gt;&lt;UOMDescription&gt;MILIMETERS&lt;/UOMDescription&gt;&lt;serialNumber&gt;FTW3M16000at2&lt;/serialNumber&gt;&lt;avrg&gt;0.002575&lt;/avrg&gt;&lt;/Row&gt;&lt;Row&gt;&lt;notifRecordID&gt;115035&lt;/notifRecordID&gt;&lt;notifTagID&gt;123&lt;/notifTagID&gt;&lt;notifTagValue&gt;0.003&lt;/notifTagValue&gt;&lt;recordID&gt;115035&lt;/recordID&gt;&lt;notifName&gt;TransCtr&lt;/notifName&gt;&lt;notifDescription&gt;P558_JENOPTIK&lt;/notifDescription&gt;&lt;CreatedBy&gt;SYSTEM&lt;/CreatedBy&gt;&lt;CreatedOn&gt;2016-12-18T17:34:50&lt;/CreatedOn&gt;&lt;ModifiedBy&gt;System&lt;/ModifiedBy&gt;&lt;ModifiedOn&gt;2016-12-18T17:34:52&lt;/ModifiedOn&gt;&lt;tagName&gt;Data_00&lt;/tagName&gt;&lt;tagTypeID&gt;8&lt;/tagTypeID&gt;&lt;tagGroupID&gt;1&lt;/tagGroupID&gt;&lt;tagFunctionID&gt;4&lt;/tagFunctionID&gt;&lt;COM_typeName&gt;TSend&lt;/COM_typeName&gt;&lt;FNC_typeName&gt;DefDataTable&lt;/FNC_typeName&gt;&lt;OPC_typeName&gt;FLOAT&lt;/OPC_typeName&gt;&lt;unitID&gt;36&lt;/unitID&gt;&lt;lineID&gt;35&lt;/lineID&gt;&lt;nameDefined&gt;Hi\Lo&lt;/nameDefined&gt;&lt;uomDefinedID&gt;24&lt;/uomDefinedID&gt;&lt;UOMName&gt;MM&lt;/UOMName&gt;&lt;UOMDescription&gt;MILIMETERS&lt;/UOMDescription&gt;&lt;serialNumber&gt;FTW2M160006zu&lt;/serialNumber&gt;&lt;avrg&gt;0.002575&lt;/avrg&gt;&lt;/Row&gt;&lt;Row&gt;&lt;notifRecordID&gt;115045&lt;/notifRecordID&gt;&lt;notifTagID&gt;123&lt;/notifTagID&gt;&lt;notifTagValue&gt;0.009&lt;/notifTagValue&gt;&lt;recordID&gt;115045&lt;/recordID&gt;&lt;notifName&gt;TransCtr&lt;/notifName&gt;&lt;notifDescription&gt;P558_JENOPTIK&lt;/notifDescription&gt;&lt;CreatedBy&gt;SYSTEM&lt;/CreatedBy&gt;&lt;CreatedOn&gt;2016-12-18T17:47:19&lt;/CreatedOn&gt;&lt;ModifiedBy&gt;System&lt;/ModifiedBy&gt;&lt;ModifiedOn&gt;2016-12-18T17:47:21&lt;/ModifiedOn&gt;&lt;tagName&gt;Data_00&lt;/tagName&gt;&lt;tagTypeID&gt;8&lt;/tagTypeID&gt;&lt;tagGroupID&gt;1&lt;/tagGroupID&gt;&lt;tagFunctionID&gt;4&lt;/tagFunctionID&gt;&lt;COM_typeName&gt;TSend&lt;/COM_typeName&gt;&lt;FNC_typeName&gt;DefDataTable&lt;/FNC_typeName&gt;&lt;OPC_typeName&gt;FLOAT&lt;/OPC_typeName&gt;&lt;unitID&gt;36&lt;/unitID&gt;&lt;lineID&gt;35&lt;/lineID&gt;&lt;nameDefined&gt;Hi\Lo&lt;/nameDefined&gt;&lt;uomDefinedID&gt;24&lt;/uomDefinedID&gt;&lt;UOMName&gt;MM&lt;/UOMName&gt;&lt;UOMDescription&gt;MILIMETERS&lt;/UOMDescription&gt;&lt;serialNumber&gt;FTW3M16000at4&lt;/serialNumber&gt;&lt;avrg&gt;0.002575&lt;/avrg&gt;&lt;/Row&gt;&lt;Row&gt;&lt;notifRecordID&gt;115052&lt;/notifRecordID&gt;&lt;notifTagID&gt;123&lt;/notifTagID&gt;&lt;notifTagValue&gt;0.009&lt;/notifTagValue&gt;&lt;recordID&gt;115052&lt;/recordID&gt;&lt;notifName&gt;TransCtr&lt;/notifName&gt;&lt;notifDescription&gt;P558_JENOPTIK&lt;/notifDescription&gt;&lt;CreatedBy&gt;SYSTEM&lt;/CreatedBy&gt;&lt;CreatedOn&gt;2016-12-18T17:56:32&lt;/CreatedOn&gt;&lt;ModifiedBy&gt;System&lt;/ModifiedBy&gt;&lt;ModifiedOn&gt;2016-12-18T17:56:34&lt;/ModifiedOn&gt;&lt;tagName&gt;Data_00&lt;/tagName&gt;&lt;tagTypeID&gt;8&lt;/tagTypeID&gt;&lt;tagGroupID&gt;1&lt;/tagGroupID&gt;&lt;tagFunctionID&gt;4&lt;/tagFunctionID&gt;&lt;COM_typeName&gt;TSend&lt;/COM_typeName&gt;&lt;FNC_typeName&gt;DefDataTable&lt;/FNC_typeName&gt;&lt;OPC_typeName&gt;FLOAT&lt;/OPC_typeName&gt;&lt;unitID&gt;36&lt;/unitID&gt;&lt;lineID&gt;35&lt;/lineID&gt;&lt;nameDefined&gt;Hi\Lo&lt;/nameDefined&gt;&lt;uomDefinedID&gt;24&lt;/uomDefinedID&gt;&lt;UOMName&gt;MM&lt;/UOMName&gt;&lt;UOMDescription&gt;MILIMETERS&lt;/UOMDescription&gt;&lt;serialNumber&gt;FTW2M160006zv&lt;/serialNumber&gt;&lt;avrg&gt;0.002575&lt;/avrg&gt;&lt;/Row&gt;&lt;Row&gt;&lt;notifRecordID&gt;115055&lt;/notifRecordID&gt;&lt;notifTagID&gt;123&lt;/notifTagID&gt;&lt;notifTagValue&gt;0.01&lt;/notifTagValue&gt;&lt;recordID&gt;115055&lt;/recordID&gt;&lt;notifName&gt;TransCtr&lt;/notifName&gt;&lt;notifDescription&gt;P558_JENOPTIK&lt;/notifDescription&gt;&lt;CreatedBy&gt;SYSTEM&lt;/CreatedBy&gt;&lt;CreatedOn&gt;2016-12-18T17:57:39&lt;/CreatedOn&gt;&lt;ModifiedBy&gt;System&lt;/ModifiedBy&gt;&lt;ModifiedOn&gt;2016-12-18T17:57:41&lt;/ModifiedOn&gt;&lt;tagName&gt;Data_00&lt;/tagName&gt;&lt;tagTypeID&gt;8&lt;/tagTypeID&gt;&lt;tagGroupID&gt;1&lt;/tagGroupID&gt;&lt;tagFunctionID&gt;4&lt;/tagFunctionID&gt;&lt;COM_typeName&gt;TSend&lt;/COM_typeName&gt;&lt;FNC_typeName&gt;DefDataTable&lt;/FNC_typeName&gt;&lt;OPC_typeName&gt;FLOAT&lt;/OPC_typeName&gt;&lt;unitID&gt;36&lt;/unitID&gt;&lt;lineID&gt;35&lt;/lineID&gt;&lt;nameDefined&gt;Hi\Lo&lt;/nameDefined&gt;&lt;uomDefinedID&gt;24&lt;/uomDefinedID&gt;&lt;UOMName&gt;MM&lt;/UOMName&gt;&lt;UOMDescription&gt;MILIMETERS&lt;/UOMDescription&gt;&lt;serialNumber&gt;FTW2M160006zv&lt;/serialNumber&gt;&lt;avrg&gt;0.002575&lt;/avrg&gt;&lt;/Row&gt;&lt;Row&gt;&lt;notifRecordID&gt;115058&lt;/notifRecordID&gt;&lt;notifTagID&gt;123&lt;/notifTagID&gt;&lt;notifTagValue&gt;0.002&lt;/notifTagValue&gt;&lt;recordID&gt;115058&lt;/recordID&gt;&lt;notifName&gt;TransCtr&lt;/notifName&gt;&lt;notifDescription&gt;P558_JENOPTIK&lt;/notifDescription&gt;&lt;CreatedBy&gt;SYSTEM&lt;/CreatedBy&gt;&lt;CreatedOn&gt;2016-12-18T17:59:35&lt;/CreatedOn&gt;&lt;ModifiedBy&gt;System&lt;/ModifiedBy&gt;&lt;ModifiedOn&gt;2016-12-18T17:59:37&lt;/ModifiedOn&gt;&lt;tagName&gt;Data_00&lt;/tagName&gt;&lt;tagTypeID&gt;8&lt;/tagTypeID&gt;&lt;tagGroupID&gt;1&lt;/tagGroupID&gt;&lt;tagFunctionID&gt;4&lt;/tagFunctionID&gt;&lt;COM_typeName&gt;TSend&lt;/COM_typeName&gt;&lt;FNC_typeName&gt;DefDataTable&lt;/FNC_typeName&gt;&lt;OPC_typeName&gt;FLOAT&lt;/OPC_typeName&gt;&lt;unitID&gt;36&lt;/unitID&gt;&lt;lineID&gt;35&lt;/lineID&gt;&lt;nameDefined&gt;Hi\Lo&lt;/nameDefined&gt;&lt;uomDefinedID&gt;24&lt;/uomDefinedID&gt;&lt;UOMName&gt;MM&lt;/UOMName&gt;&lt;UOMDescription&gt;MILIMETERS&lt;/UOMDescription&gt;&lt;serialNumber&gt;FTW3M16000at5&lt;/serialNumber&gt;&lt;avrg&gt;0.002575&lt;/avrg&gt;&lt;/Row&gt;&lt;Row&gt;&lt;notifRecordID&gt;115062&lt;/notifRecordID&gt;&lt;notifTagID&gt;123&lt;/notifTagID&gt;&lt;notifTagValue&gt;0.004&lt;/notifTagValue&gt;&lt;recordID&gt;115062&lt;/recordID&gt;&lt;notifName&gt;TransCtr&lt;/notifName&gt;&lt;notifDescription&gt;P558_JENOPTIK&lt;/notifDescription&gt;&lt;CreatedBy&gt;SYSTEM&lt;/CreatedBy&gt;&lt;CreatedOn&gt;2016-12-18T18:03:03&lt;/CreatedOn&gt;&lt;ModifiedBy&gt;System&lt;/ModifiedBy&gt;&lt;ModifiedOn&gt;2016-12-18T18:03:05&lt;/ModifiedOn&gt;&lt;tagName&gt;Data_00&lt;/tagName&gt;&lt;tagTypeID&gt;8&lt;/tagTypeID&gt;&lt;tagGroupID&gt;1&lt;/tagGroupID&gt;&lt;tagFunctionID&gt;4&lt;/tagFunctionID&gt;&lt;COM_typeName&gt;TSend&lt;/COM_typeName&gt;&lt;FNC_typeName&gt;DefDataTable&lt;/FNC_typeName&gt;&lt;OPC_typeName&gt;FLOAT&lt;/OPC_typeName&gt;&lt;unitID&gt;36&lt;/unitID&gt;&lt;lineID&gt;35&lt;/lineID&gt;&lt;nameDefined&gt;Hi\Lo&lt;/nameDefined&gt;&lt;uomDefinedID&gt;24&lt;/uomDefinedID&gt;&lt;UOMName&gt;MM&lt;/UOMName&gt;&lt;UOMDescription&gt;MILIMETERS&lt;/UOMDescription&gt;&lt;serialNumber&gt;FTW2M160006zw&lt;/serialNumber&gt;&lt;avrg&gt;0.002575&lt;/avrg&gt;&lt;/Row&gt;&lt;Row&gt;&lt;notifRecordID&gt;115064&lt;/notifRecordID&gt;&lt;notifTagID&gt;123&lt;/notifTagID&gt;&lt;notifTagValue&gt;0.008&lt;/notifTagValue&gt;&lt;recordID&gt;115064&lt;/recordID&gt;&lt;notifName&gt;TransCtr&lt;/notifName&gt;&lt;notifDescription&gt;P558_JENOPTIK&lt;/notifDescription&gt;&lt;CreatedBy&gt;SYSTEM&lt;/CreatedBy&gt;&lt;CreatedOn&gt;2016-12-18T18:05:48&lt;/CreatedOn&gt;&lt;ModifiedBy&gt;System&lt;/ModifiedBy&gt;&lt;ModifiedOn&gt;2016-12-18T18:05:50&lt;/ModifiedOn&gt;&lt;tagName&gt;Data_00&lt;/tagName&gt;&lt;tagTypeID&gt;8&lt;/tagTypeID&gt;&lt;tagGroupID&gt;1&lt;/tagGroupID&gt;&lt;tagFunctionID&gt;4&lt;/tagFunctionID&gt;&lt;COM_typeName&gt;TSend&lt;/COM_typeName&gt;&lt;FNC_typeName&gt;DefDataTable&lt;/FNC_typeName&gt;&lt;OPC_typeName&gt;FLOAT&lt;/OPC_typeName&gt;&lt;unitID&gt;36&lt;/unitID&gt;&lt;lineID&gt;35&lt;/lineID&gt;&lt;nameDefined&gt;Hi\Lo&lt;/nameDefined&gt;&lt;uomDefinedID&gt;24&lt;/uomDefinedID&gt;&lt;UOMName&gt;MM&lt;/UOMName&gt;&lt;UOMDescription&gt;MILIMETERS&lt;/UOMDescription&gt;&lt;serialNumber&gt;FTW3M16000at6&lt;/serialNumber&gt;&lt;avrg&gt;0.002575&lt;/avrg&gt;&lt;/Row&gt;&lt;Row&gt;&lt;notifRecordID&gt;115072&lt;/notifRecordID&gt;&lt;notifTagID&gt;123&lt;/notifTagID&gt;&lt;notifTagValue&gt;0.005&lt;/notifTagValue&gt;&lt;recordID&gt;115072&lt;/recordID&gt;&lt;notifName&gt;TransCtr&lt;/notifName&gt;&lt;notifDescription&gt;P558_JENOPTIK&lt;/notifDescription&gt;&lt;CreatedBy&gt;SYSTEM&lt;/CreatedBy&gt;&lt;CreatedOn&gt;2016-12-18T18:18:23&lt;/CreatedOn&gt;&lt;ModifiedBy&gt;System&lt;/ModifiedBy&gt;&lt;ModifiedOn&gt;2016-12-18T18:18:24&lt;/ModifiedOn&gt;&lt;tagName&gt;Data_00&lt;/tagName&gt;&lt;tagTypeID&gt;8&lt;/tagTypeID&gt;&lt;tagGroupID&gt;1&lt;/tagGroupID&gt;&lt;tagFunctionID&gt;4&lt;/tagFunctionID&gt;&lt;COM_typeName&gt;TSend&lt;/COM_typeName&gt;&lt;FNC_typeName&gt;DefDataTable&lt;/FNC_typeName&gt;&lt;OPC_typeName&gt;FLOAT&lt;/OPC_typeName&gt;&lt;unitID&gt;36&lt;/unitID&gt;&lt;lineID&gt;35&lt;/lineID&gt;&lt;nameDefined&gt;Hi\Lo&lt;/nameDefined&gt;&lt;uomDefinedID&gt;24&lt;/uomDefinedID&gt;&lt;UOMName&gt;MM&lt;/UOMName&gt;&lt;UOMDescription&gt;MILIMETERS&lt;/UOMDescription&gt;&lt;serialNumber&gt;FTW3M16000at7&lt;/serialNumber&gt;&lt;avrg&gt;0.002575&lt;/avrg&gt;&lt;/Row&gt;&lt;Row&gt;&lt;notifRecordID&gt;115074&lt;/notifRecordID&gt;&lt;notifTagID&gt;123&lt;/notifTagID&gt;&lt;notifTagValue&gt;0.009&lt;/notifTagValue&gt;&lt;recordID&gt;115074&lt;/recordID&gt;&lt;notifName&gt;TransCtr&lt;/notifName&gt;&lt;notifDescription&gt;P558_JENOPTIK&lt;/notifDescription&gt;&lt;CreatedBy&gt;SYSTEM&lt;/CreatedBy&gt;&lt;CreatedOn&gt;2016-12-18T18:20:41&lt;/CreatedOn&gt;&lt;ModifiedBy&gt;System&lt;/ModifiedBy&gt;&lt;ModifiedOn&gt;2016-12-18T18:20:43&lt;/ModifiedOn&gt;&lt;tagName&gt;Data_00&lt;/tagName&gt;&lt;tagTypeID&gt;8&lt;/tagTypeID&gt;&lt;tagGroupID&gt;1&lt;/tagGroupID&gt;&lt;tagFunctionID&gt;4&lt;/tagFunctionID&gt;&lt;COM_typeName&gt;TSend&lt;/COM_typeName&gt;&lt;FNC_typeName&gt;DefDataTable&lt;/FNC_typeName&gt;&lt;OPC_typeName&gt;FLOAT&lt;/OPC_typeName&gt;&lt;unitID&gt;36&lt;/unitID&gt;&lt;lineID&gt;35&lt;/lineID&gt;&lt;nameDefined&gt;Hi\Lo&lt;/nameDefined&gt;&lt;uomDefinedID&gt;24&lt;/uomDefinedID&gt;&lt;UOMName&gt;MM&lt;/UOMName&gt;&lt;UOMDescription&gt;MILIMETERS&lt;/UOMDescription&gt;&lt;serialNumber&gt;FTW2M160006zx&lt;/serialNumber&gt;&lt;avrg&gt;0.002575&lt;/avrg&gt;&lt;/Row&gt;&lt;Row&gt;&lt;notifRecordID&gt;115082&lt;/notifRecordID&gt;&lt;notifTagID&gt;123&lt;/notifTagID&gt;&lt;notifTagValue&gt;-0.004&lt;/notifTagValue&gt;&lt;recordID&gt;115082&lt;/recordID&gt;&lt;notifName&gt;TransCtr&lt;/notifName&gt;&lt;notifDescription&gt;P558_JENOPTIK&lt;/notifDescription&gt;&lt;CreatedBy&gt;SYSTEM&lt;/CreatedBy&gt;&lt;CreatedOn&gt;2016-12-18T18:38:41&lt;/CreatedOn&gt;&lt;ModifiedBy&gt;System&lt;/ModifiedBy&gt;&lt;ModifiedOn&gt;2016-12-18T18:38:43&lt;/ModifiedOn&gt;&lt;tagName&gt;Data_00&lt;/tagName&gt;&lt;tagTypeID&gt;8&lt;/tagTypeID&gt;&lt;tagGroupID&gt;1&lt;/tagGroupID&gt;&lt;tagFunctionID&gt;4&lt;/tagFunctionID&gt;&lt;COM_typeName&gt;TSend&lt;/COM_typeName&gt;&lt;FNC_typeName&gt;DefDataTable&lt;/FNC_typeName&gt;&lt;OPC_typeName&gt;FLOAT&lt;/OPC_typeName&gt;&lt;unitID&gt;36&lt;/unitID&gt;&lt;lineID&gt;35&lt;/lineID&gt;&lt;nameDefined&gt;Hi\Lo&lt;/nameDefined&gt;&lt;uomDefinedID&gt;24&lt;/uomDefinedID&gt;&lt;UOMName&gt;MM&lt;/UOMName&gt;&lt;UOMDescription&gt;MILIMETERS&lt;/UOMDescription&gt;&lt;serialNumber&gt;FTW2M160006zy&lt;/serialNumber&gt;&lt;avrg&gt;0.002575&lt;/avrg&gt;&lt;/Row&gt;&lt;Row&gt;&lt;notifRecordID&gt;115085&lt;/notifRecordID&gt;&lt;notifTagID&gt;123&lt;/notifTagID&gt;&lt;notifTagValue&gt;0.001&lt;/notifTagValue&gt;&lt;recordID&gt;115085&lt;/recordID&gt;&lt;notifName&gt;TransCtr&lt;/notifName&gt;&lt;notifDescription&gt;P558_JENOPTIK&lt;/notifDescription&gt;&lt;CreatedBy&gt;SYSTEM&lt;/CreatedBy&gt;&lt;CreatedOn&gt;2016-12-18T18:40:54&lt;/CreatedOn&gt;&lt;ModifiedBy&gt;System&lt;/ModifiedBy&gt;&lt;ModifiedOn&gt;2016-12-18T18:40:56&lt;/ModifiedOn&gt;&lt;tagName&gt;Data_00&lt;/tagName&gt;&lt;tagTypeID&gt;8&lt;/tagTypeID&gt;&lt;tagGroupID&gt;1&lt;/tagGroupID&gt;&lt;tagFunctionID&gt;4&lt;/tagFunctionID&gt;&lt;COM_typeName&gt;TSend&lt;/COM_typeName&gt;&lt;FNC_typeName&gt;DefDataTable&lt;/FNC_typeName&gt;&lt;OPC_typeName&gt;FLOAT&lt;/OPC_typeName&gt;&lt;unitID&gt;36&lt;/unitID&gt;&lt;lineID&gt;35&lt;/lineID&gt;&lt;nameDefined&gt;Hi\Lo&lt;/nameDefined&gt;&lt;uomDefinedID&gt;24&lt;/uomDefinedID&gt;&lt;UOMName&gt;MM&lt;/UOMName&gt;&lt;UOMDescription&gt;MILIMETERS&lt;/UOMDescription&gt;&lt;serialNumber&gt;FTW3M16000at8&lt;/serialNumber&gt;&lt;avrg&gt;0.002575&lt;/avrg&gt;&lt;/Row&gt;&lt;Row&gt;&lt;notifRecordID&gt;115091&lt;/notifRecordID&gt;&lt;notifTagID&gt;123&lt;/notifTagID&gt;&lt;notifTagValue&gt;0.008&lt;/notifTagValue&gt;&lt;recordID&gt;115091&lt;/recordID&gt;&lt;notifName&gt;TransCtr&lt;/notifName&gt;&lt;notifDescription&gt;P558_JENOPTIK&lt;/notifDescription&gt;&lt;CreatedBy&gt;SYSTEM&lt;/CreatedBy&gt;&lt;CreatedOn&gt;2016-12-18T18:49:38&lt;/CreatedOn&gt;&lt;ModifiedBy&gt;System&lt;/ModifiedBy&gt;&lt;ModifiedOn&gt;2016-12-18T18:49:40&lt;/ModifiedOn&gt;&lt;tagName&gt;Data_00&lt;/tagName&gt;&lt;tagTypeID&gt;8&lt;/tagTypeID&gt;&lt;tagGroupID&gt;1&lt;/tagGroupID&gt;&lt;tagFunctionID&gt;4&lt;/tagFunctionID&gt;&lt;COM_typeName&gt;TSend&lt;/COM_typeName&gt;&lt;FNC_typeName&gt;DefDataTable&lt;/FNC_typeName&gt;&lt;OPC_typeName&gt;FLOAT&lt;/OPC_typeName&gt;&lt;unitID&gt;36&lt;/unitID&gt;&lt;lineID&gt;35&lt;/lineID&gt;&lt;nameDefined&gt;Hi\Lo&lt;/nameDefined&gt;&lt;uomDefinedID&gt;24&lt;/uomDefinedID&gt;&lt;UOMName&gt;MM&lt;/UOMName&gt;&lt;UOMDescription&gt;MILIMETERS&lt;/UOMDescription&gt;&lt;serialNumber&gt;FTW2M160006zz&lt;/serialNumber&gt;&lt;avrg&gt;0.002575&lt;/avrg&gt;&lt;/Row&gt;&lt;Row&gt;&lt;notifRecordID&gt;115095&lt;/notifRecordID&gt;&lt;notifTagID&gt;123&lt;/notifTagID&gt;&lt;notifTagValue&gt;0.003&lt;/notifTagValue&gt;&lt;recordID&gt;115095&lt;/recordID&gt;&lt;notifName&gt;TransCtr&lt;/notifName&gt;&lt;notifDescription&gt;P558_JENOPTIK&lt;/notifDescription&gt;&lt;CreatedBy&gt;SYSTEM&lt;/CreatedBy&gt;&lt;CreatedOn&gt;2016-12-18T18:53:18&lt;/CreatedOn&gt;&lt;ModifiedBy&gt;System&lt;/ModifiedBy&gt;&lt;ModifiedOn&gt;2016-12-18T18:53:20&lt;/ModifiedOn&gt;&lt;tagName&gt;Data_00&lt;/tagName&gt;&lt;tagTypeID&gt;8&lt;/tagTypeID&gt;&lt;tagGroupID&gt;1&lt;/tagGroupID&gt;&lt;tagFunctionID&gt;4&lt;/tagFunctionID&gt;&lt;COM_typeName&gt;TSend&lt;/COM_typeName&gt;&lt;FNC_typeName&gt;DefDataTable&lt;/FNC_typeName&gt;&lt;OPC_typeName&gt;FLOAT&lt;/OPC_typeName&gt;&lt;unitID&gt;36&lt;/unitID&gt;&lt;lineID&gt;35&lt;/lineID&gt;&lt;nameDefined&gt;Hi\Lo&lt;/nameDefined&gt;&lt;uomDefinedID&gt;24&lt;/uomDefinedID&gt;&lt;UOMName&gt;MM&lt;/UOMName&gt;&lt;UOMDescription&gt;MILIMETERS&lt;/UOMDescription&gt;&lt;serialNumber&gt;FTW3M16000at9&lt;/serialNumber&gt;&lt;avrg&gt;0.002575&lt;/avrg&gt;&lt;/Row&gt;&lt;Row&gt;&lt;notifRecordID&gt;115099&lt;/notifRecordID&gt;&lt;notifTagID&gt;123&lt;/notifTagID&gt;&lt;notifTagValue&gt;0.0&lt;/notifTagValue&gt;&lt;recordID&gt;115099&lt;/recordID&gt;&lt;notifName&gt;TransCtr&lt;/notifName&gt;&lt;notifDescription&gt;P558_JENOPTIK&lt;/notifDescription&gt;&lt;CreatedBy&gt;SYSTEM&lt;/CreatedBy&gt;&lt;CreatedOn&gt;2016-12-18T18:57:24&lt;/CreatedOn&gt;&lt;ModifiedBy&gt;System&lt;/ModifiedBy&gt;&lt;ModifiedOn&gt;2016-12-18T18:57:26&lt;/ModifiedOn&gt;&lt;tagName&gt;Data_00&lt;/tagName&gt;&lt;tagTypeID&gt;8&lt;/tagTypeID&gt;&lt;tagGroupID&gt;1&lt;/tagGroupID&gt;&lt;tagFunctionID&gt;4&lt;/tagFunctionID&gt;&lt;COM_typeName&gt;TSend&lt;/COM_typeName&gt;&lt;FNC_typeName&gt;DefDataTable&lt;/FNC_typeName&gt;&lt;OPC_typeName&gt;FLOAT&lt;/OPC_typeName&gt;&lt;unitID&gt;36&lt;/unitID&gt;&lt;lineID&gt;35&lt;/lineID&gt;&lt;nameDefined&gt;Hi\Lo&lt;/nameDefined&gt;&lt;uomDefinedID&gt;24&lt;/uomDefinedID&gt;&lt;UOMName&gt;MM&lt;/UOMName&gt;&lt;UOMDescription&gt;MILIMETERS&lt;/UOMDescription&gt;&lt;serialNumber&gt;FTW2M16000700&lt;/serialNumber&gt;&lt;avrg&gt;0.002575&lt;/avrg&gt;&lt;/Row&gt;&lt;Row&gt;&lt;notifRecordID&gt;115102&lt;/notifRecordID&gt;&lt;notifTagID&gt;123&lt;/notifTagID&gt;&lt;notifTagValue&gt;0.006&lt;/notifTagValue&gt;&lt;recordID&gt;115102&lt;/recordID&gt;&lt;notifName&gt;TransCtr&lt;/notifName&gt;&lt;notifDescription&gt;P558_JENOPTIK&lt;/notifDescription&gt;&lt;CreatedBy&gt;SYSTEM&lt;/CreatedBy&gt;&lt;CreatedOn&gt;2016-12-18T18:59:39&lt;/CreatedOn&gt;&lt;ModifiedBy&gt;System&lt;/ModifiedBy&gt;&lt;ModifiedOn&gt;2016-12-18T18:59:41&lt;/ModifiedOn&gt;&lt;tagName&gt;Data_00&lt;/tagName&gt;&lt;tagTypeID&gt;8&lt;/tagTypeID&gt;&lt;tagGroupID&gt;1&lt;/tagGroupID&gt;&lt;tagFunctionID&gt;4&lt;/tagFunctionID&gt;&lt;COM_typeName&gt;TSend&lt;/COM_typeName&gt;&lt;FNC_typeName&gt;DefDataTable&lt;/FNC_typeName&gt;&lt;OPC_typeName&gt;FLOAT&lt;/OPC_typeName&gt;&lt;unitID&gt;36&lt;/unitID&gt;&lt;lineID&gt;35&lt;/lineID&gt;&lt;nameDefined&gt;Hi\Lo&lt;/nameDefined&gt;&lt;uomDefinedID&gt;24&lt;/uomDefinedID&gt;&lt;UOMName&gt;MM&lt;/UOMName&gt;&lt;UOMDescription&gt;MILIMETERS&lt;/UOMDescription&gt;&lt;serialNumber&gt;FTW3M16000ata&lt;/serialNumber&gt;&lt;avrg&gt;0.002575&lt;/avrg&gt;&lt;/Row&gt;&lt;Row&gt;&lt;notifRecordID&gt;115110&lt;/notifRecordID&gt;&lt;notifTagID&gt;123&lt;/notifTagID&gt;&lt;notifTagValue&gt;0.006&lt;/notifTagValue&gt;&lt;recordID&gt;115110&lt;/recordID&gt;&lt;notifName&gt;TransCtr&lt;/notifName&gt;&lt;notifDescription&gt;P558_JENOPTIK&lt;/notifDescription&gt;&lt;CreatedBy&gt;SYSTEM&lt;/CreatedBy&gt;&lt;CreatedOn&gt;2016-12-18T19:08:29&lt;/CreatedOn&gt;&lt;ModifiedBy&gt;System&lt;/ModifiedBy&gt;&lt;ModifiedOn&gt;2016-12-18T19:08:31&lt;/ModifiedOn&gt;&lt;tagName&gt;Data_00&lt;/tagName&gt;&lt;tagTypeID&gt;8&lt;/tagTypeID&gt;&lt;tagGroupID&gt;1&lt;/tagGroupID&gt;&lt;tagFunctionID&gt;4&lt;/tagFunctionID&gt;&lt;COM_typeName&gt;TSend&lt;/COM_typeName&gt;&lt;FNC_typeName&gt;DefDataTable&lt;/FNC_typeName&gt;&lt;OPC_typeName&gt;FLOAT&lt;/OPC_typeName&gt;&lt;unitID&gt;36&lt;/unitID&gt;&lt;lineID&gt;35&lt;/lineID&gt;&lt;nameDefined&gt;Hi\Lo&lt;/nameDefined&gt;&lt;uomDefinedID&gt;24&lt;/uomDefinedID&gt;&lt;UOMName&gt;MM&lt;/UOMName&gt;&lt;UOMDescription&gt;MILIMETERS&lt;/UOMDescription&gt;&lt;serialNumber&gt;FTW2M16000701&lt;/serialNumber&gt;&lt;avrg&gt;0.002575&lt;/avrg&gt;&lt;/Row&gt;&lt;Row&gt;&lt;notifRecordID&gt;115112&lt;/notifRecordID&gt;&lt;notifTagID&gt;123&lt;/notifTagID&gt;&lt;notifTagValue&gt;0.002&lt;/notifTagValue&gt;&lt;recordID&gt;115112&lt;/recordID&gt;&lt;notifName&gt;TransCtr&lt;/notifName&gt;&lt;notifDescription&gt;P558_JENOPTIK&lt;/notifDescription&gt;&lt;CreatedBy&gt;SYSTEM&lt;/CreatedBy&gt;&lt;CreatedOn&gt;2016-12-18T19:10:11&lt;/CreatedOn&gt;&lt;ModifiedBy&gt;System&lt;/ModifiedBy&gt;&lt;ModifiedOn&gt;2016-12-18T19:10:13&lt;/ModifiedOn&gt;&lt;tagName&gt;Data_00&lt;/tagName&gt;&lt;tagTypeID&gt;8&lt;/tagTypeID&gt;&lt;tagGroupID&gt;1&lt;/tagGroupID&gt;&lt;tagFunctionID&gt;4&lt;/tagFunctionID&gt;&lt;COM_typeName&gt;TSend&lt;/COM_typeName&gt;&lt;FNC_typeName&gt;DefDataTable&lt;/FNC_typeName&gt;&lt;OPC_typeName&gt;FLOAT&lt;/OPC_typeName&gt;&lt;unitID&gt;36&lt;/unitID&gt;&lt;lineID&gt;35&lt;/lineID&gt;&lt;nameDefined&gt;Hi\Lo&lt;/nameDefined&gt;&lt;uomDefinedID&gt;24&lt;/uomDefinedID&gt;&lt;UOMName&gt;MM&lt;/UOMName&gt;&lt;UOMDescription&gt;MILIMETERS&lt;/UOMDescription&gt;&lt;serialNumber&gt;FTW3M16000atc&lt;/serialNumber&gt;&lt;avrg&gt;0.002575&lt;/avrg&gt;&lt;/Row&gt;&lt;Row&gt;&lt;notifRecordID&gt;115115&lt;/notifRecordID&gt;&lt;notifTagID&gt;123&lt;/notifTagID&gt;&lt;notifTagValue&gt;0.001&lt;/notifTagValue&gt;&lt;recordID&gt;115115&lt;/recordID&gt;&lt;notifName&gt;TransCtr&lt;/notifName&gt;&lt;notifDescription&gt;P558_JENOPTIK&lt;/notifDescription&gt;&lt;CreatedBy&gt;SYSTEM&lt;/CreatedBy&gt;&lt;CreatedOn&gt;2016-12-18T19:15:00&lt;/CreatedOn&gt;&lt;ModifiedBy&gt;System&lt;/ModifiedBy&gt;&lt;ModifiedOn&gt;2016-12-18T19:15:02&lt;/ModifiedOn&gt;&lt;tagName&gt;Data_00&lt;/tagName&gt;&lt;tagTypeID&gt;8&lt;/tagTypeID&gt;&lt;tagGroupID&gt;1&lt;/tagGroupID&gt;&lt;tagFunctionID&gt;4&lt;/tagFunctionID&gt;&lt;COM_typeName&gt;TSend&lt;/COM_typeName&gt;&lt;FNC_typeName&gt;DefDataTable&lt;/FNC_typeName&gt;&lt;OPC_typeName&gt;FLOAT&lt;/OPC_typeName&gt;&lt;unitID&gt;36&lt;/unitID&gt;&lt;lineID&gt;35&lt;/lineID&gt;&lt;nameDefined&gt;Hi\Lo&lt;/nameDefined&gt;&lt;uomDefinedID&gt;24&lt;/uomDefinedID&gt;&lt;UOMName&gt;MM&lt;/UOMName&gt;&lt;UOMDescription&gt;MILIMETERS&lt;/UOMDescription&gt;&lt;serialNumber&gt;FTW3M16000atb&lt;/serialNumber&gt;&lt;avrg&gt;0.002575&lt;/avrg&gt;&lt;/Row&gt;&lt;Row&gt;&lt;notifRecordID&gt;115120&lt;/notifRecordID&gt;&lt;notifTagID&gt;123&lt;/notifTagID&gt;&lt;notifTagValue&gt;0.006&lt;/notifTagValue&gt;&lt;recordID&gt;115120&lt;/recordID&gt;&lt;notifName&gt;TransCtr&lt;/notifName&gt;&lt;notifDescription&gt;P558_JENOPTIK&lt;/notifDescription&gt;&lt;CreatedBy&gt;SYSTEM&lt;/CreatedBy&gt;&lt;CreatedOn&gt;2016-12-18T19:18:09&lt;/CreatedOn&gt;&lt;ModifiedBy&gt;System&lt;/ModifiedBy&gt;&lt;ModifiedOn&gt;2016-12-18T19:18:11&lt;/ModifiedOn&gt;&lt;tagName&gt;Data_00&lt;/tagName&gt;&lt;tagTypeID&gt;8&lt;/tagTypeID&gt;&lt;tagGroupID&gt;1&lt;/tagGroupID&gt;&lt;tagFunctionID&gt;4&lt;/tagFunctionID&gt;&lt;COM_typeName&gt;TSend&lt;/COM_typeName&gt;&lt;FNC_typeName&gt;DefDataTable&lt;/FNC_typeName&gt;&lt;OPC_typeName&gt;FLOAT&lt;/OPC_typeName&gt;&lt;unitID&gt;36&lt;/unitID&gt;&lt;lineID&gt;35&lt;/lineID&gt;&lt;nameDefined&gt;Hi\Lo&lt;/nameDefined&gt;&lt;uomDefinedID&gt;24&lt;/uomDefinedID&gt;&lt;UOMName&gt;MM&lt;/UOMName&gt;&lt;UOMDescription&gt;MILIMETERS&lt;/UOMDescription&gt;&lt;serialNumber&gt;FTW2M16000702&lt;/serialNumber&gt;&lt;avrg&gt;0.002575&lt;/avrg&gt;&lt;/Row&gt;&lt;Row&gt;&lt;notifRecordID&gt;115125&lt;/notifRecordID&gt;&lt;notifTagID&gt;123&lt;/notifTagID&gt;&lt;notifTagValue&gt;-0.012&lt;/notifTagValue&gt;&lt;recordID&gt;115125&lt;/recordID&gt;&lt;notifName&gt;TransCtr&lt;/notifName&gt;&lt;notifDescription&gt;P558_JENOPTIK&lt;/notifDescription&gt;&lt;CreatedBy&gt;SYSTEM&lt;/CreatedBy&gt;&lt;CreatedOn&gt;2016-12-18T19:26:56&lt;/CreatedOn&gt;&lt;ModifiedBy&gt;System&lt;/ModifiedBy&gt;&lt;ModifiedOn&gt;2016-12-18T19:26:58&lt;/ModifiedOn&gt;&lt;tagName&gt;Data_00&lt;/tagName&gt;&lt;tagTypeID&gt;8&lt;/tagTypeID&gt;&lt;tagGroupID&gt;1&lt;/tagGroupID&gt;&lt;tagFunctionID&gt;4&lt;/tagFunctionID&gt;&lt;COM_typeName&gt;TSend&lt;/COM_typeName&gt;&lt;FNC_typeName&gt;DefDataTable&lt;/FNC_typeName&gt;&lt;OPC_typeName&gt;FLOAT&lt;/OPC_typeName&gt;&lt;unitID&gt;36&lt;/unitID&gt;&lt;lineID&gt;35&lt;/lineID&gt;&lt;nameDefined&gt;Hi\Lo&lt;/nameDefined&gt;&lt;uomDefinedID&gt;24&lt;/uomDefinedID&gt;&lt;UOMName&gt;MM&lt;/UOMName&gt;&lt;UOMDescription&gt;MILIMETERS&lt;/UOMDescription&gt;&lt;serialNumber&gt;FTW3M16000atd&lt;/serialNumber&gt;&lt;avrg&gt;0.002575&lt;/avrg&gt;&lt;/Row&gt;&lt;Row&gt;&lt;notifRecordID&gt;115128&lt;/notifRecordID&gt;&lt;notifTagID&gt;123&lt;/notifTagID&gt;&lt;notifTagValue&gt;0.004&lt;/notifTagValue&gt;&lt;recordID&gt;115128&lt;/recordID&gt;&lt;notifName&gt;TransCtr&lt;/notifName&gt;&lt;notifDescription&gt;P558_JENOPTIK&lt;/notifDescription&gt;&lt;CreatedBy&gt;SYSTEM&lt;/CreatedBy&gt;&lt;CreatedOn&gt;2016-12-18T19:28:37&lt;/CreatedOn&gt;&lt;ModifiedBy&gt;System&lt;/ModifiedBy&gt;&lt;ModifiedOn&gt;2016-12-18T19:28:39&lt;/ModifiedOn&gt;&lt;tagName&gt;Data_00&lt;/tagName&gt;&lt;tagTypeID&gt;8&lt;/tagTypeID&gt;&lt;tagGroupID&gt;1&lt;/tagGroupID&gt;&lt;tagFunctionID&gt;4&lt;/tagFunctionID&gt;&lt;COM_typeName&gt;TSend&lt;/COM_typeName&gt;&lt;FNC_typeName&gt;DefDataTable&lt;/FNC_typeName&gt;&lt;OPC_typeName&gt;FLOAT&lt;/OPC_typeName&gt;&lt;unitID&gt;36&lt;/unitID&gt;&lt;lineID&gt;35&lt;/lineID&gt;&lt;nameDefined&gt;Hi\Lo&lt;/nameDefined&gt;&lt;uomDefinedID&gt;24&lt;/uomDefinedID&gt;&lt;UOMName&gt;MM&lt;/UOMName&gt;&lt;UOMDescription&gt;MILIMETERS&lt;/UOMDescription&gt;&lt;serialNumber&gt;FTW3M16000atd&lt;/serialNumber&gt;&lt;avrg&gt;0.002575&lt;/avrg&gt;&lt;/Row&gt;&lt;Row&gt;&lt;notifRecordID&gt;115134&lt;/notifRecordID&gt;&lt;notifTagID&gt;123&lt;/notifTagID&gt;&lt;notifTagValue&gt;0.007&lt;/notifTagValue&gt;&lt;recordID&gt;115134&lt;/recordID&gt;&lt;notifName&gt;TransCtr&lt;/notifName&gt;&lt;notifDescription&gt;P558_JENOPTIK&lt;/notifDescription&gt;&lt;CreatedBy&gt;SYSTEM&lt;/CreatedBy&gt;&lt;CreatedOn&gt;2016-12-18T19:34:07&lt;/CreatedOn&gt;&lt;ModifiedBy&gt;System&lt;/ModifiedBy&gt;&lt;ModifiedOn&gt;2016-12-18T19:34:09&lt;/ModifiedOn&gt;&lt;tagName&gt;Data_00&lt;/tagName&gt;&lt;tagTypeID&gt;8&lt;/tagTypeID&gt;&lt;tagGroupID&gt;1&lt;/tagGroupID&gt;&lt;tagFunctionID&gt;4&lt;/tagFunctionID&gt;&lt;COM_typeName&gt;TSend&lt;/COM_typeName&gt;&lt;FNC_typeName&gt;DefDataTable&lt;/FNC_typeName&gt;&lt;OPC_typeName&gt;FLOAT&lt;/OPC_typeName&gt;&lt;unitID&gt;36&lt;/unitID&gt;&lt;lineID&gt;35&lt;/lineID&gt;&lt;nameDefined&gt;Hi\Lo&lt;/nameDefined&gt;&lt;uomDefinedID&gt;24&lt;/uomDefinedID&gt;&lt;UOMName&gt;MM&lt;/UOMName&gt;&lt;UOMDescription&gt;MILIMETERS&lt;/UOMDescription&gt;&lt;serialNumber&gt;FTW2M16000703&lt;/serialNumber&gt;&lt;avrg&gt;0.002575&lt;/avrg&gt;&lt;/Row&gt;&lt;Row&gt;&lt;notifRecordID&gt;115137&lt;/notifRecordID&gt;&lt;notifTagID&gt;123&lt;/notifTagID&gt;&lt;notifTagValue&gt;-0.001&lt;/notifTagValue&gt;&lt;recordID&gt;115137&lt;/recordID&gt;&lt;notifName&gt;TransCtr&lt;/notifName&gt;&lt;notifDescription&gt;P558_JENOPTIK&lt;/notifDescription&gt;&lt;CreatedBy&gt;SYSTEM&lt;/CreatedBy&gt;&lt;CreatedOn&gt;2016-12-18T19:36:18&lt;/CreatedOn&gt;&lt;ModifiedBy&gt;System&lt;/ModifiedBy&gt;&lt;ModifiedOn&gt;2016-12-18T19:36:20&lt;/ModifiedOn&gt;&lt;tagName&gt;Data_00&lt;/tagName&gt;&lt;tagTypeID&gt;8&lt;/tagTypeID&gt;&lt;tagGroupID&gt;1&lt;/tagGroupID&gt;&lt;tagFunctionID&gt;4&lt;/tagFunctionID&gt;&lt;COM_typeName&gt;TSend&lt;/COM_typeName&gt;&lt;FNC_typeName&gt;DefDataTable&lt;/FNC_typeName&gt;&lt;OPC_typeName&gt;FLOAT&lt;/OPC_typeName&gt;&lt;unitID&gt;36&lt;/unitID&gt;&lt;lineID&gt;35&lt;/lineID&gt;&lt;nameDefined&gt;Hi\Lo&lt;/nameDefined&gt;&lt;uomDefinedID&gt;24&lt;/uomDefinedID&gt;&lt;UOMName&gt;MM&lt;/UOMName&gt;&lt;UOMDescription&gt;MILIMETERS&lt;/UOMDescription&gt;&lt;serialNumber&gt;FTW3M16000ate&lt;/serialNumber&gt;&lt;avrg&gt;0.002575&lt;/avrg&gt;&lt;/Row&gt;&lt;Row&gt;&lt;notifRecordID&gt;115141&lt;/notifRecordID&gt;&lt;notifTagID&gt;123&lt;/notifTagID&gt;&lt;notifTagValue&gt;0.005&lt;/notifTagValue&gt;&lt;recordID&gt;115141&lt;/recordID&gt;&lt;notifName&gt;TransCtr&lt;/notifName&gt;&lt;notifDescription&gt;P558_JENOPTIK&lt;/notifDescription&gt;&lt;CreatedBy&gt;SYSTEM&lt;/CreatedBy&gt;&lt;CreatedOn&gt;2016-12-18T19:39:08&lt;/CreatedOn&gt;&lt;ModifiedBy&gt;System&lt;/ModifiedBy&gt;&lt;ModifiedOn&gt;2016-12-18T19:39:10&lt;/ModifiedOn&gt;&lt;tagName&gt;Data_00&lt;/tagName&gt;&lt;tagTypeID&gt;8&lt;/tagTypeID&gt;&lt;tagGroupID&gt;1&lt;/tagGroupID&gt;&lt;tagFunctionID&gt;4&lt;/tagFunctionID&gt;&lt;COM_typeName&gt;TSend&lt;/COM_typeName&gt;&lt;FNC_typeName&gt;DefDataTable&lt;/FNC_typeName&gt;&lt;OPC_typeName&gt;FLOAT&lt;/OPC_typeName&gt;&lt;unitID&gt;36&lt;/unitID&gt;&lt;lineID&gt;35&lt;/lineID&gt;&lt;nameDefined&gt;Hi\Lo&lt;/nameDefined&gt;&lt;uomDefinedID&gt;24&lt;/uomDefinedID&gt;&lt;UOMName&gt;MM&lt;/UOMName&gt;&lt;UOMDescription&gt;MILIMETERS&lt;/UOMDescription&gt;&lt;serialNumber&gt;FTW3M16000atf&lt;/serialNumber&gt;&lt;avrg&gt;0.002575&lt;/avrg&gt;&lt;/Row&gt;&lt;Row&gt;&lt;notifRecordID&gt;115143&lt;/notifRecordID&gt;&lt;notifTagID&gt;123&lt;/notifTagID&gt;&lt;notifTagValue&gt;0.004&lt;/notifTagValue&gt;&lt;recordID&gt;115143&lt;/recordID&gt;&lt;notifName&gt;TransCtr&lt;/notifName&gt;&lt;notifDescription&gt;P558_JENOPTIK&lt;/notifDescription&gt;&lt;CreatedBy&gt;SYSTEM&lt;/CreatedBy&gt;&lt;CreatedOn&gt;2016-12-18T19:41:49&lt;/CreatedOn&gt;&lt;ModifiedBy&gt;System&lt;/ModifiedBy&gt;&lt;ModifiedOn&gt;2016-12-18T19:41:50&lt;/ModifiedOn&gt;&lt;tagName&gt;Data_00&lt;/tagName&gt;&lt;tagTypeID&gt;8&lt;/tagTypeID&gt;&lt;tagGroupID&gt;1&lt;/tagGroupID&gt;&lt;tagFunctionID&gt;4&lt;/tagFunctionID&gt;&lt;COM_typeName&gt;TSend&lt;/COM_typeName&gt;&lt;FNC_typeName&gt;DefDataTable&lt;/FNC_typeName&gt;&lt;OPC_typeName&gt;FLOAT&lt;/OPC_typeName&gt;&lt;unitID&gt;36&lt;/unitID&gt;&lt;lineID&gt;35&lt;/lineID&gt;&lt;nameDefined&gt;Hi\Lo&lt;/nameDefined&gt;&lt;uomDefinedID&gt;24&lt;/uomDefinedID&gt;&lt;UOMName&gt;MM&lt;/UOMName&gt;&lt;UOMDescription&gt;MILIMETERS&lt;/UOMDescription&gt;&lt;serialNumber&gt;FTW2M16000704&lt;/serialNumber&gt;&lt;avrg&gt;0.002575&lt;/avrg&gt;&lt;/Row&gt;&lt;Row&gt;&lt;notifRecordID&gt;115150&lt;/notifRecordID&gt;&lt;notifTagID&gt;123&lt;/notifTagID&gt;&lt;notifTagValue&gt;0.002&lt;/notifTagValue&gt;&lt;recordID&gt;115150&lt;/recordID&gt;&lt;notifName&gt;TransCtr&lt;/notifName&gt;&lt;notifDescription&gt;P558_JENOPTIK&lt;/notifDescription&gt;&lt;CreatedBy&gt;SYSTEM&lt;/CreatedBy&gt;&lt;CreatedOn&gt;2016-12-18T19:50:58&lt;/CreatedOn&gt;&lt;ModifiedBy&gt;System&lt;/ModifiedBy&gt;&lt;ModifiedOn&gt;2016-12-18T19:51:00&lt;/ModifiedOn&gt;&lt;tagName&gt;Data_00&lt;/tagName&gt;&lt;tagTypeID&gt;8&lt;/tagTypeID&gt;&lt;tagGroupID&gt;1&lt;/tagGroupID&gt;&lt;tagFunctionID&gt;4&lt;/tagFunctionID&gt;&lt;COM_typeName&gt;TSend&lt;/COM_typeName&gt;&lt;FNC_typeName&gt;DefDataTable&lt;/FNC_typeName&gt;&lt;OPC_typeName&gt;FLOAT&lt;/OPC_typeName&gt;&lt;unitID&gt;36&lt;/unitID&gt;&lt;lineID&gt;35&lt;/lineID&gt;&lt;nameDefined&gt;Hi\Lo&lt;/nameDefined&gt;&lt;uomDefinedID&gt;24&lt;/uomDefinedID&gt;&lt;UOMName&gt;MM&lt;/UOMName&gt;&lt;UOMDescription&gt;MILIMETERS&lt;/UOMDescription&gt;&lt;serialNumber&gt;FTW3M16000atg&lt;/serialNumber&gt;&lt;avrg&gt;0.002575&lt;/avrg&gt;&lt;/Row&gt;&lt;Row&gt;&lt;notifRecordID&gt;115157&lt;/notifRecordID&gt;&lt;notifTagID&gt;123&lt;/notifTagID&gt;&lt;notifTagValue&gt;0.013&lt;/notifTagValue&gt;&lt;recordID&gt;115157&lt;/recordID&gt;&lt;notifName&gt;TransCtr&lt;/notifName&gt;&lt;notifDescription&gt;P558_JENOPTIK&lt;/notifDescription&gt;&lt;CreatedBy&gt;SYSTEM&lt;/CreatedBy&gt;&lt;CreatedOn&gt;2016-12-18T19:59:29&lt;/CreatedOn&gt;&lt;ModifiedBy&gt;System&lt;/ModifiedBy&gt;&lt;ModifiedOn&gt;2016-12-18T19:59:30&lt;/ModifiedOn&gt;&lt;tagName&gt;Data_00&lt;/tagName&gt;&lt;tagTypeID&gt;8&lt;/tagTypeID&gt;&lt;tagGroupID&gt;1&lt;/tagGroupID&gt;&lt;tagFunctionID&gt;4&lt;/tagFunctionID&gt;&lt;COM_typeName&gt;TSend&lt;/COM_typeName&gt;&lt;FNC_typeName&gt;DefDataTable&lt;/FNC_typeName&gt;&lt;OPC_typeName&gt;FLOAT&lt;/OPC_typeName&gt;&lt;unitID&gt;36&lt;/unitID&gt;&lt;lineID&gt;35&lt;/lineID&gt;&lt;nameDefined&gt;Hi\Lo&lt;/nameDefined&gt;&lt;uomDefinedID&gt;24&lt;/uomDefinedID&gt;&lt;UOMName&gt;MM&lt;/UOMName&gt;&lt;UOMDescription&gt;MILIMETERS&lt;/UOMDescription&gt;&lt;serialNumber&gt;FTW2M16000705&lt;/serialNumber&gt;&lt;avrg&gt;0.002575&lt;/avrg&gt;&lt;/Row&gt;&lt;Row&gt;&lt;notifRecordID&gt;115159&lt;/notifRecordID&gt;&lt;notifTagID&gt;123&lt;/notifTagID&gt;&lt;notifTagValue&gt;-0.001&lt;/notifTagValue&gt;&lt;recordID&gt;115159&lt;/recordID&gt;&lt;notifName&gt;TransCtr&lt;/notifName&gt;&lt;notifDescription&gt;P558_JENOPTIK&lt;/notifDescription&gt;&lt;CreatedBy&gt;SYSTEM&lt;/CreatedBy&gt;&lt;CreatedOn&gt;2016-12-18T20:01:54&lt;/CreatedOn&gt;&lt;ModifiedBy&gt;System&lt;/ModifiedBy&gt;&lt;ModifiedOn&gt;2016-12-18T20:01:56&lt;/ModifiedOn&gt;&lt;tagName&gt;Data_00&lt;/tagName&gt;&lt;tagTypeID&gt;8&lt;/tagTypeID&gt;&lt;tagGroupID&gt;1&lt;/tagGroupID&gt;&lt;tagFunctionID&gt;4&lt;/tagFunctionID&gt;&lt;COM_typeName&gt;TSend&lt;/COM_typeName&gt;&lt;FNC_typeName&gt;DefDataTable&lt;/FNC_typeName&gt;&lt;OPC_typeName&gt;FLOAT&lt;/OPC_typeName&gt;&lt;unitID&gt;36&lt;/unitID&gt;&lt;lineID&gt;35&lt;/lineID&gt;&lt;nameDefined&gt;Hi\Lo&lt;/nameDefined&gt;&lt;uomDefinedID&gt;24&lt;/uomDefinedID&gt;&lt;UOMName&gt;MM&lt;/UOMName&gt;&lt;UOMDescription&gt;MILIMETERS&lt;/UOMDescription&gt;&lt;serialNumber&gt;FTW3M16000ath&lt;/serialNumber&gt;&lt;avrg&gt;0.002575&lt;/avrg&gt;&lt;/Row&gt;&lt;Row&gt;&lt;notifRecordID&gt;115163&lt;/notifRecordID&gt;&lt;notifTagID&gt;123&lt;/notifTagID&gt;&lt;notifTagValue&gt;-0.001&lt;/notifTagValue&gt;&lt;recordID&gt;115163&lt;/recordID&gt;&lt;notifName&gt;TransCtr&lt;/notifName&gt;&lt;notifDescription&gt;P558_JENOPTIK&lt;/notifDescription&gt;&lt;CreatedBy&gt;SYSTEM&lt;/CreatedBy&gt;&lt;CreatedOn&gt;2016-12-18T20:03:18&lt;/CreatedOn&gt;&lt;ModifiedBy&gt;System&lt;/ModifiedBy&gt;&lt;ModifiedOn&gt;2016-12-18T20:03:20&lt;/ModifiedOn&gt;&lt;tagName&gt;Data_00&lt;/tagName&gt;&lt;tagTypeID&gt;8&lt;/tagTypeID&gt;&lt;tagGroupID&gt;1&lt;/tagGroupID&gt;&lt;tagFunctionID&gt;4&lt;/tagFunctionID&gt;&lt;COM_typeName&gt;TSend&lt;/COM_typeName&gt;&lt;FNC_typeName&gt;DefDataTable&lt;/FNC_typeName&gt;&lt;OPC_typeName&gt;FLOAT&lt;/OPC_typeName&gt;&lt;unitID&gt;36&lt;/unitID&gt;&lt;lineID&gt;35&lt;/lineID&gt;&lt;nameDefined&gt;Hi\Lo&lt;/nameDefined&gt;&lt;uomDefinedID&gt;24&lt;/uomDefinedID&gt;&lt;UOMName&gt;MM&lt;/UOMName&gt;&lt;UOMDescription&gt;MILIMETERS&lt;/UOMDescription&gt;&lt;serialNumber&gt;FTW3M16000ath&lt;/serialNumber&gt;&lt;avrg&gt;0.002575&lt;/avrg&gt;&lt;/Row&gt;&lt;Row&gt;&lt;notifRecordID&gt;115169&lt;/notifRecordID&gt;&lt;notifTagID&gt;123&lt;/notifTagID&gt;&lt;notifTagValue&gt;0.012&lt;/notifTagValue&gt;&lt;recordID&gt;115169&lt;/recordID&gt;&lt;notifName&gt;TransCtr&lt;/notifName&gt;&lt;notifDescription&gt;P558_JENOPTIK&lt;/notifDescription&gt;&lt;CreatedBy&gt;SYSTEM&lt;/CreatedBy&gt;&lt;CreatedOn&gt;2016-12-18T20:13:24&lt;/CreatedOn&gt;&lt;ModifiedBy&gt;System&lt;/ModifiedBy&gt;&lt;ModifiedOn&gt;2016-12-18T20:13:26&lt;/ModifiedOn&gt;&lt;tagName&gt;Data_00&lt;/tagName&gt;&lt;tagTypeID&gt;8&lt;/tagTypeID&gt;&lt;tagGroupID&gt;1&lt;/tagGroupID&gt;&lt;tagFunctionID&gt;4&lt;/tagFunctionID&gt;&lt;COM_typeName&gt;TSend&lt;/COM_typeName&gt;&lt;FNC_typeName&gt;DefDataTable&lt;/FNC_typeName&gt;&lt;OPC_typeName&gt;FLOAT&lt;/OPC_typeName&gt;&lt;unitID&gt;36&lt;/unitID&gt;&lt;lineID&gt;35&lt;/lineID&gt;&lt;nameDefined&gt;Hi\Lo&lt;/nameDefined&gt;&lt;uomDefinedID&gt;24&lt;/uomDefinedID&gt;&lt;UOMName&gt;MM&lt;/UOMName&gt;&lt;UOMDescription&gt;MILIMETERS&lt;/UOMDescription&gt;&lt;serialNumber&gt;FTW3M16000ati&lt;/serialNumber&gt;&lt;avrg&gt;0.002575&lt;/avrg&gt;&lt;/Row&gt;&lt;Row&gt;&lt;notifRecordID&gt;115174&lt;/notifRecordID&gt;&lt;notifTagID&gt;123&lt;/notifTagID&gt;&lt;notifTagValue&gt;0.006&lt;/notifTagValue&gt;&lt;recordID&gt;115174&lt;/recordID&gt;&lt;notifName&gt;TransCtr&lt;/notifName&gt;&lt;notifDescription&gt;P558_JENOPTIK&lt;/notifDescription&gt;&lt;CreatedBy&gt;SYSTEM&lt;/CreatedBy&gt;&lt;CreatedOn&gt;2016-12-18T20:18:48&lt;/CreatedOn&gt;&lt;ModifiedBy&gt;System&lt;/ModifiedBy&gt;&lt;ModifiedOn&gt;2016-12-18T20:18:50&lt;/ModifiedOn&gt;&lt;tagName&gt;Data_00&lt;/tagName&gt;&lt;tagTypeID&gt;8&lt;/tagTypeID&gt;&lt;tagGroupID&gt;1&lt;/tagGroupID&gt;&lt;tagFunctionID&gt;4&lt;/tagFunctionID&gt;&lt;COM_typeName&gt;TSend&lt;/COM_typeName&gt;&lt;FNC_typeName&gt;DefDataTable&lt;/FNC_typeName&gt;&lt;OPC_typeName&gt;FLOAT&lt;/OPC_typeName&gt;&lt;unitID&gt;36&lt;/unitID&gt;&lt;lineID&gt;35&lt;/lineID&gt;&lt;nameDefined&gt;Hi\Lo&lt;/nameDefined&gt;&lt;uomDefinedID&gt;24&lt;/uomDefinedID&gt;&lt;UOMName&gt;MM&lt;/UOMName&gt;&lt;UOMDescription&gt;MILIMETERS&lt;/UOMDescription&gt;&lt;serialNumber&gt;FTW2M16000706&lt;/serialNumber&gt;&lt;avrg&gt;0.002575&lt;/avrg&gt;&lt;/Row&gt;&lt;Row&gt;&lt;notifRecordID&gt;115179&lt;/notifRecordID&gt;&lt;notifTagID&gt;123&lt;/notifTagID&gt;&lt;notifTagValue&gt;0.006&lt;/notifTagValue&gt;&lt;recordID&gt;115179&lt;/recordID&gt;&lt;notifName&gt;TransCtr&lt;/notifName&gt;&lt;notifDescription&gt;P558_JENOPTIK&lt;/notifDescription&gt;&lt;CreatedBy&gt;SYSTEM&lt;/CreatedBy&gt;&lt;CreatedOn&gt;2016-12-18T20:26:08&lt;/CreatedOn&gt;&lt;ModifiedBy&gt;System&lt;/ModifiedBy&gt;&lt;ModifiedOn&gt;2016-12-18T20:26:10&lt;/ModifiedOn&gt;&lt;tagName&gt;Data_00&lt;/tagName&gt;&lt;tagTypeID&gt;8&lt;/tagTypeID&gt;&lt;tagGroupID&gt;1&lt;/tagGroupID&gt;&lt;tagFunctionID&gt;4&lt;/tagFunctionID&gt;&lt;COM_typeName&gt;TSend&lt;/COM_typeName&gt;&lt;FNC_typeName&gt;DefDataTable&lt;/FNC_typeName&gt;&lt;OPC_typeName&gt;FLOAT&lt;/OPC_typeName&gt;&lt;unitID&gt;36&lt;/unitID&gt;&lt;lineID&gt;35&lt;/lineID&gt;&lt;nameDefined&gt;Hi\Lo&lt;/nameDefined&gt;&lt;uomDefinedID&gt;24&lt;/uomDefinedID&gt;&lt;UOMName&gt;MM&lt;/UOMName&gt;&lt;UOMDescription&gt;MILIMETERS&lt;/UOMDescription&gt;&lt;serialNumber&gt;FTW3M16000atj&lt;/serialNumber&gt;&lt;avrg&gt;0.002575&lt;/avrg&gt;&lt;/Row&gt;&lt;Row&gt;&lt;notifRecordID&gt;115184&lt;/notifRecordID&gt;&lt;notifTagID&gt;123&lt;/notifTagID&gt;&lt;notifTagValue&gt;0.01&lt;/notifTagValue&gt;&lt;recordID&gt;115184&lt;/recordID&gt;&lt;notifName&gt;TransCtr&lt;/notifName&gt;&lt;notifDescription&gt;P558_JENOPTIK&lt;/notifDescription&gt;&lt;CreatedBy&gt;SYSTEM&lt;/CreatedBy&gt;&lt;CreatedOn&gt;2016-12-18T20:29:56&lt;/CreatedOn&gt;&lt;ModifiedBy&gt;System&lt;/ModifiedBy&gt;&lt;ModifiedOn&gt;2016-12-18T20:29:58&lt;/ModifiedOn&gt;&lt;tagName&gt;Data_00&lt;/tagName&gt;&lt;tagTypeID&gt;8&lt;/tagTypeID&gt;&lt;tagGroupID&gt;1&lt;/tagGroupID&gt;&lt;tagFunctionID&gt;4&lt;/tagFunctionID&gt;&lt;COM_typeName&gt;TSend&lt;/COM_typeName&gt;&lt;FNC_typeName&gt;DefDataTable&lt;/FNC_typeName&gt;&lt;OPC_typeName&gt;FLOAT&lt;/OPC_typeName&gt;&lt;unitID&gt;36&lt;/unitID&gt;&lt;lineID&gt;35&lt;/lineID&gt;&lt;nameDefined&gt;Hi\Lo&lt;/nameDefined&gt;&lt;uomDefinedID&gt;24&lt;/uomDefinedID&gt;&lt;UOMName&gt;MM&lt;/UOMName&gt;&lt;UOMDescription&gt;MILIMETERS&lt;/UOMDescription&gt;&lt;serialNumber&gt;FTW2M16000707&lt;/serialNumber&gt;&lt;avrg&gt;0.002575&lt;/avrg&gt;&lt;/Row&gt;&lt;Row&gt;&lt;notifRecordID&gt;115187&lt;/notifRecordID&gt;&lt;notifTagID&gt;123&lt;/notifTagID&gt;&lt;notifTagValue&gt;0.001&lt;/notifTagValue&gt;&lt;recordID&gt;115187&lt;/recordID&gt;&lt;notifName&gt;TransCtr&lt;/notifName&gt;&lt;notifDescription&gt;P558_JENOPTIK&lt;/notifDescription&gt;&lt;CreatedBy&gt;SYSTEM&lt;/CreatedBy&gt;&lt;CreatedOn&gt;2016-12-18T20:34:00&lt;/CreatedOn&gt;&lt;ModifiedBy&gt;System&lt;/ModifiedBy&gt;&lt;ModifiedOn&gt;2016-12-18T20:34:01&lt;/ModifiedOn&gt;&lt;tagName&gt;Data_00&lt;/tagName&gt;&lt;tagTypeID&gt;8&lt;/tagTypeID&gt;&lt;tagGroupID&gt;1&lt;/tagGroupID&gt;&lt;tagFunctionID&gt;4&lt;/tagFunctionID&gt;&lt;COM_typeName&gt;TSend&lt;/COM_typeName&gt;&lt;FNC_typeName&gt;DefDataTable&lt;/FNC_typeName&gt;&lt;OPC_typeName&gt;FLOAT&lt;/OPC_typeName&gt;&lt;unitID&gt;36&lt;/unitID&gt;&lt;lineID&gt;35&lt;/lineID&gt;&lt;nameDefined&gt;Hi\Lo&lt;/nameDefined&gt;&lt;uomDefinedID&gt;24&lt;/uomDefinedID&gt;&lt;UOMName&gt;MM&lt;/UOMName&gt;&lt;UOMDescription&gt;MILIMETERS&lt;/UOMDescription&gt;&lt;serialNumber&gt;FTW3M16000atk&lt;/serialNumber&gt;&lt;avrg&gt;0.002575&lt;/avrg&gt;&lt;/Row&gt;&lt;Row&gt;&lt;notifRecordID&gt;115192&lt;/notifRecordID&gt;&lt;notifTagID&gt;123&lt;/notifTagID&gt;&lt;notifTagValue&gt;0.002&lt;/notifTagValue&gt;&lt;recordID&gt;115192&lt;/recordID&gt;&lt;notifName&gt;TransCtr&lt;/notifName&gt;&lt;notifDescription&gt;P558_JENOPTIK&lt;/notifDescription&gt;&lt;CreatedBy&gt;SYSTEM&lt;/CreatedBy&gt;&lt;CreatedOn&gt;2016-12-18T20:38:59&lt;/CreatedOn&gt;&lt;ModifiedBy&gt;System&lt;/ModifiedBy&gt;&lt;ModifiedOn&gt;2016-12-18T20:39:01&lt;/ModifiedOn&gt;&lt;tagName&gt;Data_00&lt;/tagName&gt;&lt;tagTypeID&gt;8&lt;/tagTypeID&gt;&lt;tagGroupID&gt;1&lt;/tagGroupID&gt;&lt;tagFunctionID&gt;4&lt;/tagFunctionID&gt;&lt;COM_typeName&gt;TSend&lt;/COM_typeName&gt;&lt;FNC_typeName&gt;DefDataTable&lt;/FNC_typeName&gt;&lt;OPC_typeName&gt;FLOAT&lt;/OPC_typeName&gt;&lt;unitID&gt;36&lt;/unitID&gt;&lt;lineID&gt;35&lt;/lineID&gt;&lt;nameDefined&gt;Hi\Lo&lt;/nameDefined&gt;&lt;uomDefinedID&gt;24&lt;/uomDefinedID&gt;&lt;UOMName&gt;MM&lt;/UOMName&gt;&lt;UOMDescription&gt;MILIMETERS&lt;/UOMDescription&gt;&lt;serialNumber&gt;FTW3M16000atl&lt;/serialNumber&gt;&lt;avrg&gt;0.002575&lt;/avrg&gt;&lt;/Row&gt;&lt;Row&gt;&lt;notifRecordID&gt;115195&lt;/notifRecordID&gt;&lt;notifTagID&gt;123&lt;/notifTagID&gt;&lt;notifTagValue&gt;0.001&lt;/notifTagValue&gt;&lt;recordID&gt;115195&lt;/recordID&gt;&lt;notifName&gt;TransCtr&lt;/notifName&gt;&lt;notifDescription&gt;P558_JENOPTIK&lt;/notifDescription&gt;&lt;CreatedBy&gt;SYSTEM&lt;/CreatedBy&gt;&lt;CreatedOn&gt;2016-12-18T20:41:19&lt;/CreatedOn&gt;&lt;ModifiedBy&gt;System&lt;/ModifiedBy&gt;&lt;ModifiedOn&gt;2016-12-18T20:41:21&lt;/ModifiedOn&gt;&lt;tagName&gt;Data_00&lt;/tagName&gt;&lt;tagTypeID&gt;8&lt;/tagTypeID&gt;&lt;tagGroupID&gt;1&lt;/tagGroupID&gt;&lt;tagFunctionID&gt;4&lt;/tagFunctionID&gt;&lt;COM_typeName&gt;TSend&lt;/COM_typeName&gt;&lt;FNC_typeName&gt;DefDataTable&lt;/FNC_typeName&gt;&lt;OPC_typeName&gt;FLOAT&lt;/OPC_typeName&gt;&lt;unitID&gt;36&lt;/unitID&gt;&lt;lineID&gt;35&lt;/lineID&gt;&lt;nameDefined&gt;Hi\Lo&lt;/nameDefined&gt;&lt;uomDefinedID&gt;24&lt;/uomDefinedID&gt;&lt;UOMName&gt;MM&lt;/UOMName&gt;&lt;UOMDescription&gt;MILIMETERS&lt;/UOMDescription&gt;&lt;serialNumber&gt;FTW2M16000708&lt;/serialNumber&gt;&lt;avrg&gt;0.002575&lt;/avrg&gt;&lt;/Row&gt;&lt;Row&gt;&lt;notifRecordID&gt;115197&lt;/notifRecordID&gt;&lt;notifTagID&gt;123&lt;/notifTagID&gt;&lt;notifTagValue&gt;0.004&lt;/notifTagValue&gt;&lt;recordID&gt;115197&lt;/recordID&gt;&lt;notifName&gt;TransCtr&lt;/notifName&gt;&lt;notifDescription&gt;P558_JENOPTIK&lt;/notifDescription&gt;&lt;CreatedBy&gt;SYSTEM&lt;/CreatedBy&gt;&lt;CreatedOn&gt;2016-12-18T20:43:23&lt;/CreatedOn&gt;&lt;ModifiedBy&gt;System&lt;/ModifiedBy&gt;&lt;ModifiedOn&gt;2016-12-18T20:43:25&lt;/ModifiedOn&gt;&lt;tagName&gt;Data_00&lt;/tagName&gt;&lt;tagTypeID&gt;8&lt;/tagTypeID&gt;&lt;tagGroupID&gt;1&lt;/tagGroupID&gt;&lt;tagFunctionID&gt;4&lt;/tagFunctionID&gt;&lt;COM_typeName&gt;TSend&lt;/COM_typeName&gt;&lt;FNC_typeName&gt;DefDataTable&lt;/FNC_typeName&gt;&lt;OPC_typeName&gt;FLOAT&lt;/OPC_typeName&gt;&lt;unitID&gt;36&lt;/unitID&gt;&lt;lineID&gt;35&lt;/lineID&gt;&lt;nameDefined&gt;Hi\Lo&lt;/nameDefined&gt;&lt;uomDefinedID&gt;24&lt;/uomDefinedID&gt;&lt;UOMName&gt;MM&lt;/UOMName&gt;&lt;UOMDescription&gt;MILIMETERS&lt;/UOMDescription&gt;&lt;serialNumber&gt;FTW3M16000atm&lt;/serialNumber&gt;&lt;avrg&gt;0.002575&lt;/avrg&gt;&lt;/Row&gt;&lt;Row&gt;&lt;notifRecordID&gt;115204&lt;/notifRecordID&gt;&lt;notifTagID&gt;123&lt;/notifTagID&gt;&lt;notifTagValue&gt;0.006&lt;/notifTagValue&gt;&lt;recordID&gt;115204&lt;/recordID&gt;&lt;notifName&gt;TransCtr&lt;/notifName&gt;&lt;notifDescription&gt;P558_JENOPTIK&lt;/notifDescription&gt;&lt;CreatedBy&gt;SYSTEM&lt;/CreatedBy&gt;&lt;CreatedOn&gt;2016-12-18T20:55:00&lt;/CreatedOn&gt;&lt;ModifiedBy&gt;System&lt;/ModifiedBy&gt;&lt;ModifiedOn&gt;2016-12-18T20:55:02&lt;/ModifiedOn&gt;&lt;tagName&gt;Data_00&lt;/tagName&gt;&lt;tagTypeID&gt;8&lt;/tagTypeID&gt;&lt;tagGroupID&gt;1&lt;/tagGroupID&gt;&lt;tagFunctionID&gt;4&lt;/tagFunctionID&gt;&lt;COM_typeName&gt;TSend&lt;/COM_typeName&gt;&lt;FNC_typeName&gt;DefDataTable&lt;/FNC_typeName&gt;&lt;OPC_typeName&gt;FLOAT&lt;/OPC_typeName&gt;&lt;unitID&gt;36&lt;/unitID&gt;&lt;lineID&gt;35&lt;/lineID&gt;&lt;nameDefined&gt;Hi\Lo&lt;/nameDefined&gt;&lt;uomDefinedID&gt;24&lt;/uomDefinedID&gt;&lt;UOMName&gt;MM&lt;/UOMName&gt;&lt;UOMDescription&gt;MILIMETERS&lt;/UOMDescription&gt;&lt;serialNumber&gt;FTW2M16000709&lt;/serialNumber&gt;&lt;avrg&gt;0.002575&lt;/avrg&gt;&lt;/Row&gt;&lt;Row&gt;&lt;notifRecordID&gt;115208&lt;/notifRecordID&gt;&lt;notifTagID&gt;123&lt;/notifTagID&gt;&lt;notifTagValue&gt;-0.003&lt;/notifTagValue&gt;&lt;recordID&gt;115208&lt;/recordID&gt;&lt;notifName&gt;TransCtr&lt;/notifName&gt;&lt;notifDescription&gt;P558_JENOPTIK&lt;/notifDescription&gt;&lt;CreatedBy&gt;SYSTEM&lt;/CreatedBy&gt;&lt;CreatedOn&gt;2016-12-18T20:57:27&lt;/CreatedOn&gt;&lt;ModifiedBy&gt;System&lt;/ModifiedBy&gt;&lt;ModifiedOn&gt;2016-12-18T20:57:29&lt;/ModifiedOn&gt;&lt;tagName&gt;Data_00&lt;/tagName&gt;&lt;tagTypeID&gt;8&lt;/tagTypeID&gt;&lt;tagGroupID&gt;1&lt;/tagGroupID&gt;&lt;tagFunctionID&gt;4&lt;/tagFunctionID&gt;&lt;COM_typeName&gt;TSend&lt;/COM_typeName&gt;&lt;FNC_typeName&gt;DefDataTable&lt;/FNC_typeName&gt;&lt;OPC_typeName&gt;FLOAT&lt;/OPC_typeName&gt;&lt;unitID&gt;36&lt;/unitID&gt;&lt;lineID&gt;35&lt;/lineID&gt;&lt;nameDefined&gt;Hi\Lo&lt;/nameDefined&gt;&lt;uomDefinedID&gt;24&lt;/uomDefinedID&gt;&lt;UOMName&gt;MM&lt;/UOMName&gt;&lt;UOMDescription&gt;MILIMETERS&lt;/UOMDescription&gt;&lt;serialNumber&gt;FTW3M16000atn&lt;/serialNumber&gt;&lt;avrg&gt;0.002575&lt;/avrg&gt;&lt;/Row&gt;&lt;Row&gt;&lt;notifRecordID&gt;115212&lt;/notifRecordID&gt;&lt;notifTagID&gt;123&lt;/notifTagID&gt;&lt;notifTagValue&gt;-0.004&lt;/notifTagValue&gt;&lt;recordID&gt;115212&lt;/recordID&gt;&lt;notifName&gt;TransCtr&lt;/notifName&gt;&lt;notifDescription&gt;P558_JENOPTIK&lt;/notifDescription&gt;&lt;CreatedBy&gt;SYSTEM&lt;/CreatedBy&gt;&lt;CreatedOn&gt;2016-12-18T21:00:26&lt;/CreatedOn&gt;&lt;ModifiedBy&gt;System&lt;/ModifiedBy&gt;&lt;ModifiedOn&gt;2016-12-18T21:00:28&lt;/ModifiedOn&gt;&lt;tagName&gt;Data_00&lt;/tagName&gt;&lt;tagTypeID&gt;8&lt;/tagTypeID&gt;&lt;tagGroupID&gt;1&lt;/tagGroupID&gt;&lt;tagFunctionID&gt;4&lt;/tagFunctionID&gt;&lt;COM_typeName&gt;TSend&lt;/COM_typeName&gt;&lt;FNC_typeName&gt;DefDataTable&lt;/FNC_typeName&gt;&lt;OPC_typeName&gt;FLOAT&lt;/OPC_typeName&gt;&lt;unitID&gt;36&lt;/unitID&gt;&lt;lineID&gt;35&lt;/lineID&gt;&lt;nameDefined&gt;Hi\Lo&lt;/nameDefined&gt;&lt;uomDefinedID&gt;24&lt;/uomDefinedID&gt;&lt;UOMName&gt;MM&lt;/UOMName&gt;&lt;UOMDescription&gt;MILIMETERS&lt;/UOMDescription&gt;&lt;serialNumber&gt;FTW2M1600070a&lt;/serialNumber&gt;&lt;avrg&gt;0.002575&lt;/avrg&gt;&lt;/Row&gt;&lt;Row&gt;&lt;notifRecordID&gt;115216&lt;/notifRecordID&gt;&lt;notifTagID&gt;123&lt;/notifTagID&gt;&lt;notifTagValue&gt;0.003&lt;/notifTagValue&gt;&lt;recordID&gt;115216&lt;/recordID&gt;&lt;notifName&gt;TransCtr&lt;/notifName&gt;&lt;notifDescription&gt;P558_JENOPTIK&lt;/notifDescription&gt;&lt;CreatedBy&gt;SYSTEM&lt;/CreatedBy&gt;&lt;CreatedOn&gt;2016-12-18T21:05:11&lt;/CreatedOn&gt;&lt;ModifiedBy&gt;System&lt;/ModifiedBy&gt;&lt;ModifiedOn&gt;2016-12-18T21:05:13&lt;/ModifiedOn&gt;&lt;tagName&gt;Data_00&lt;/tagName&gt;&lt;tagTypeID&gt;8&lt;/tagTypeID&gt;&lt;tagGroupID&gt;1&lt;/tagGroupID&gt;&lt;tagFunctionID&gt;4&lt;/tagFunctionID&gt;&lt;COM_typeName&gt;TSend&lt;/COM_typeName&gt;&lt;FNC_typeName&gt;DefDataTable&lt;/FNC_typeName&gt;&lt;OPC_typeName&gt;FLOAT&lt;/OPC_typeName&gt;&lt;unitID&gt;36&lt;/unitID&gt;&lt;lineID&gt;35&lt;/lineID&gt;&lt;nameDefined&gt;Hi\Lo&lt;/nameDefined&gt;&lt;uomDefinedID&gt;24&lt;/uomDefinedID&gt;&lt;UOMName&gt;MM&lt;/UOMName&gt;&lt;UOMDescription&gt;MILIMETERS&lt;/UOMDescription&gt;&lt;serialNumber&gt;FTW3M16000ato&lt;/serialNumber&gt;&lt;avrg&gt;0.002575&lt;/avrg&gt;&lt;/Row&gt;&lt;Row&gt;&lt;notifRecordID&gt;115218&lt;/notifRecordID&gt;&lt;notifTagID&gt;123&lt;/notifTagID&gt;&lt;notifTagValue&gt;0.001&lt;/notifTagValue&gt;&lt;recordID&gt;115218&lt;/recordID&gt;&lt;notifName&gt;TransCtr&lt;/notifName&gt;&lt;notifDescription&gt;P558_JENOPTIK&lt;/notifDescription&gt;&lt;CreatedBy&gt;SYSTEM&lt;/CreatedBy&gt;&lt;CreatedOn&gt;2016-12-18T21:07:06&lt;/CreatedOn&gt;&lt;ModifiedBy&gt;System&lt;/ModifiedBy&gt;&lt;ModifiedOn&gt;2016-12-18T21:07:08&lt;/ModifiedOn&gt;&lt;tagName&gt;Data_00&lt;/tagName&gt;&lt;tagTypeID&gt;8&lt;/tagTypeID&gt;&lt;tagGroupID&gt;1&lt;/tagGroupID&gt;&lt;tagFunctionID&gt;4&lt;/tagFunctionID&gt;&lt;COM_typeName&gt;TSend&lt;/COM_typeName&gt;&lt;FNC_typeName&gt;DefDataTable&lt;/FNC_typeName&gt;&lt;OPC_typeName&gt;FLOAT&lt;/OPC_typeName&gt;&lt;unitID&gt;36&lt;/unitID&gt;&lt;lineID&gt;35&lt;/lineID&gt;&lt;nameDefined&gt;Hi\Lo&lt;/nameDefined&gt;&lt;uomDefinedID&gt;24&lt;/uomDefinedID&gt;&lt;UOMName&gt;MM&lt;/UOMName&gt;&lt;UOMDescription&gt;MILIMETERS&lt;/UOMDescription&gt;&lt;serialNumber&gt;FTW3M16000atp&lt;/serialNumber&gt;&lt;avrg&gt;0.002575&lt;/avrg&gt;&lt;/Row&gt;&lt;Row&gt;&lt;notifRecordID&gt;115229&lt;/notifRecordID&gt;&lt;notifTagID&gt;123&lt;/notifTagID&gt;&lt;notifTagValue&gt;-0.004&lt;/notifTagValue&gt;&lt;recordID&gt;115229&lt;/recordID&gt;&lt;notifName&gt;TransCtr&lt;/notifName&gt;&lt;notifDescription&gt;P558_JENOPTIK&lt;/notifDescription&gt;&lt;CreatedBy&gt;SYSTEM&lt;/CreatedBy&gt;&lt;CreatedOn&gt;2016-12-18T21:22:47&lt;/CreatedOn&gt;&lt;ModifiedBy&gt;System&lt;/ModifiedBy&gt;&lt;ModifiedOn&gt;2016-12-18T21:22:49&lt;/ModifiedOn&gt;&lt;tagName&gt;Data_00&lt;/tagName&gt;&lt;tagTypeID&gt;8&lt;/tagTypeID&gt;&lt;tagGroupID&gt;1&lt;/tagGroupID&gt;&lt;tagFunctionID&gt;4&lt;/tagFunctionID&gt;&lt;COM_typeName&gt;TSend&lt;/COM_typeName&gt;&lt;FNC_typeName&gt;DefDataTable&lt;/FNC_typeName&gt;&lt;OPC_typeName&gt;FLOAT&lt;/OPC_typeName&gt;&lt;unitID&gt;36&lt;/unitID&gt;&lt;lineID&gt;35&lt;/lineID&gt;&lt;nameDefined&gt;Hi\Lo&lt;/nameDefined&gt;&lt;uomDefinedID&gt;24&lt;/uomDefinedID&gt;&lt;UOMName&gt;MM&lt;/UOMName&gt;&lt;UOMDescription&gt;MILIMETERS&lt;/UOMDescription&gt;&lt;serialNumber&gt;FTW3M16000atq&lt;/serialNumber&gt;&lt;avrg&gt;0.002575&lt;/avrg&gt;&lt;/Row&gt;&lt;Row&gt;&lt;notifRecordID&gt;115231&lt;/notifRecordID&gt;&lt;notifTagID&gt;123&lt;/notifTagID&gt;&lt;notifTagValue&gt;-0.004&lt;/notifTagValue&gt;&lt;recordID&gt;115231&lt;/recordID&gt;&lt;notifName&gt;TransCtr&lt;/notifName&gt;&lt;notifDescription&gt;P558_JENOPTIK&lt;/notifDescription&gt;&lt;CreatedBy&gt;SYSTEM&lt;/CreatedBy&gt;&lt;CreatedOn&gt;2016-12-18T21:24:21&lt;/CreatedOn&gt;&lt;ModifiedBy&gt;System&lt;/ModifiedBy&gt;&lt;ModifiedOn&gt;2016-12-18T21:24:23&lt;/ModifiedOn&gt;&lt;tagName&gt;Data_00&lt;/tagName&gt;&lt;tagTypeID&gt;8&lt;/tagTypeID&gt;&lt;tagGroupID&gt;1&lt;/tagGroupID&gt;&lt;tagFunctionID&gt;4&lt;/tagFunctionID&gt;&lt;COM_typeName&gt;TSend&lt;/COM_typeName&gt;&lt;FNC_typeName&gt;DefDataTable&lt;/FNC_typeName&gt;&lt;OPC_typeName&gt;FLOAT&lt;/OPC_typeName&gt;&lt;unitID&gt;36&lt;/unitID&gt;&lt;lineID&gt;35&lt;/lineID&gt;&lt;nameDefined&gt;Hi\Lo&lt;/nameDefined&gt;&lt;uomDefinedID&gt;24&lt;/uomDefinedID&gt;&lt;UOMName&gt;MM&lt;/UOMName&gt;&lt;UOMDescription&gt;MILIMETERS&lt;/UOMDescription&gt;&lt;serialNumber&gt;FTW3M16000atq&lt;/serialNumber&gt;&lt;avrg&gt;0.002575&lt;/avrg&gt;&lt;/Row&gt;&lt;Row&gt;&lt;notifRecordID&gt;115234&lt;/notifRecordID&gt;&lt;notifTagID&gt;123&lt;/notifTagID&gt;&lt;notifTagValue&gt;0.006&lt;/notifTagValue&gt;&lt;recordID&gt;115234&lt;/recordID&gt;&lt;notifName&gt;TransCtr&lt;/notifName&gt;&lt;notifDescription&gt;P558_JENOPTIK&lt;/notifDescription&gt;&lt;CreatedBy&gt;SYSTEM&lt;/CreatedBy&gt;&lt;CreatedOn&gt;2016-12-18T21:26:44&lt;/CreatedOn&gt;&lt;ModifiedBy&gt;System&lt;/ModifiedBy&gt;&lt;ModifiedOn&gt;2016-12-18T21:26:46&lt;/ModifiedOn&gt;&lt;tagName&gt;Data_00&lt;/tagName&gt;&lt;tagTypeID&gt;8&lt;/tagTypeID&gt;&lt;tagGroupID&gt;1&lt;/tagGroupID&gt;&lt;tagFunctionID&gt;4&lt;/tagFunctionID&gt;&lt;COM_typeName&gt;TSend&lt;/COM_typeName&gt;&lt;FNC_typeName&gt;DefDataTable&lt;/FNC_typeName&gt;&lt;OPC_typeName&gt;FLOAT&lt;/OPC_typeName&gt;&lt;unitID&gt;36&lt;/unitID&gt;&lt;lineID&gt;35&lt;/lineID&gt;&lt;nameDefined&gt;Hi\Lo&lt;/nameDefined&gt;&lt;uomDefinedID&gt;24&lt;/uomDefinedID&gt;&lt;UOMName&gt;MM&lt;/UOMName&gt;&lt;UOMDescription&gt;MILIMETERS&lt;/UOMDescription&gt;&lt;serialNumber&gt;FTW2M1600070b&lt;/serialNumber&gt;&lt;avrg&gt;0.002575&lt;/avrg&gt;&lt;/Row&gt;&lt;Row&gt;&lt;notifRecordID&gt;115237&lt;/notifRecordID&gt;&lt;notifTagID&gt;123&lt;/notifTagID&gt;&lt;notifTagValue&gt;0.005&lt;/notifTagValue&gt;&lt;recordID&gt;115237&lt;/recordID&gt;&lt;notifName&gt;TransCtr&lt;/notifName&gt;&lt;notifDescription&gt;P558_JENOPTIK&lt;/notifDescription&gt;&lt;CreatedBy&gt;SYSTEM&lt;/CreatedBy&gt;&lt;CreatedOn&gt;2016-12-18T21:28:21&lt;/CreatedOn&gt;&lt;ModifiedBy&gt;System&lt;/ModifiedBy&gt;&lt;ModifiedOn&gt;2016-12-18T21:28:23&lt;/ModifiedOn&gt;&lt;tagName&gt;Data_00&lt;/tagName&gt;&lt;tagTypeID&gt;8&lt;/tagTypeID&gt;&lt;tagGroupID&gt;1&lt;/tagGroupID&gt;&lt;tagFunctionID&gt;4&lt;/tagFunctionID&gt;&lt;COM_typeName&gt;TSend&lt;/COM_typeName&gt;&lt;FNC_typeName&gt;DefDataTable&lt;/FNC_typeName&gt;&lt;OPC_typeName&gt;FLOAT&lt;/OPC_typeName&gt;&lt;unitID&gt;36&lt;/unitID&gt;&lt;lineID&gt;35&lt;/lineID&gt;&lt;nameDefined&gt;Hi\Lo&lt;/nameDefined&gt;&lt;uomDefinedID&gt;24&lt;/uomDefinedID&gt;&lt;UOMName&gt;MM&lt;/UOMName&gt;&lt;UOMDescription&gt;MILIMETERS&lt;/UOMDescription&gt;&lt;serialNumber&gt;FTW3M16000atr&lt;/serialNumber&gt;&lt;avrg&gt;0.002575&lt;/avrg&gt;&lt;/Row&gt;&lt;Row&gt;&lt;notifRecordID&gt;115240&lt;/notifRecordID&gt;&lt;notifTagID&gt;123&lt;/notifTagID&gt;&lt;notifTagValue&gt;-0.005&lt;/notifTagValue&gt;&lt;recordID&gt;115240&lt;/recordID&gt;&lt;notifName&gt;TransCtr&lt;/notifName&gt;&lt;notifDescription&gt;P558_JENOPTIK&lt;/notifDescription&gt;&lt;CreatedBy&gt;SYSTEM&lt;/CreatedBy&gt;&lt;CreatedOn&gt;2016-12-18T21:30:33&lt;/CreatedOn&gt;&lt;ModifiedBy&gt;System&lt;/ModifiedBy&gt;&lt;ModifiedOn&gt;2016-12-18T21:30:35&lt;/ModifiedOn&gt;&lt;tagName&gt;Data_00&lt;/tagName&gt;&lt;tagTypeID&gt;8&lt;/tagTypeID&gt;&lt;tagGroupID&gt;1&lt;/tagGroupID&gt;&lt;tagFunctionID&gt;4&lt;/tagFunctionID&gt;&lt;COM_typeName&gt;TSend&lt;/COM_typeName&gt;&lt;FNC_typeName&gt;DefDataTable&lt;/FNC_typeName&gt;&lt;OPC_typeName&gt;FLOAT&lt;/OPC_typeName&gt;&lt;unitID&gt;36&lt;/unitID&gt;&lt;lineID&gt;35&lt;/lineID&gt;&lt;nameDefined&gt;Hi\Lo&lt;/nameDefined&gt;&lt;uomDefinedID&gt;24&lt;/uomDefinedID&gt;&lt;UOMName&gt;MM&lt;/UOMName&gt;&lt;UOMDescription&gt;MILIMETERS&lt;/UOMDescription&gt;&lt;serialNumber&gt;FTW2M1600070c&lt;/serialNumber&gt;&lt;avrg&gt;0.002575&lt;/avrg&gt;&lt;/Row&gt;&lt;Row&gt;&lt;notifRecordID&gt;115243&lt;/notifRecordID&gt;&lt;notifTagID&gt;123&lt;/notifTagID&gt;&lt;notifTagValue&gt;0.002&lt;/notifTagValue&gt;&lt;recordID&gt;115243&lt;/recordID&gt;&lt;notifName&gt;TransCtr&lt;/notifName&gt;&lt;notifDescription&gt;P558_JENOPTIK&lt;/notifDescription&gt;&lt;CreatedBy&gt;SYSTEM&lt;/CreatedBy&gt;&lt;CreatedOn&gt;2016-12-18T21:32:19&lt;/CreatedOn&gt;&lt;ModifiedBy&gt;System&lt;/ModifiedBy&gt;&lt;ModifiedOn&gt;2016-12-18T21:32:21&lt;/ModifiedOn&gt;&lt;tagName&gt;Data_00&lt;/tagName&gt;&lt;tagTypeID&gt;8&lt;/tagTypeID&gt;&lt;tagGroupID&gt;1&lt;/tagGroupID&gt;&lt;tagFunctionID&gt;4&lt;/tagFunctionID&gt;&lt;COM_typeName&gt;TSend&lt;/COM_typeName&gt;&lt;FNC_typeName&gt;DefDataTable&lt;/FNC_typeName&gt;&lt;OPC_typeName&gt;FLOAT&lt;/OPC_typeName&gt;&lt;unitID&gt;36&lt;/unitID&gt;&lt;lineID&gt;35&lt;/lineID&gt;&lt;nameDefined&gt;Hi\Lo&lt;/nameDefined&gt;&lt;uomDefinedID&gt;24&lt;/uomDefinedID&gt;&lt;UOMName&gt;MM&lt;/UOMName&gt;&lt;UOMDescription&gt;MILIMETERS&lt;/UOMDescription&gt;&lt;serialNumber&gt;FTW3M16000ats&lt;/serialNumber&gt;&lt;avrg&gt;0.002575&lt;/avrg&gt;&lt;/Row&gt;&lt;Row&gt;&lt;notifRecordID&gt;115250&lt;/notifRecordID&gt;&lt;notifTagID&gt;123&lt;/notifTagID&gt;&lt;notifTagValue&gt;0.002&lt;/notifTagValue&gt;&lt;recordID&gt;115250&lt;/recordID&gt;&lt;notifName&gt;TransCtr&lt;/notifName&gt;&lt;notifDescription&gt;P558_JENOPTIK&lt;/notifDescription&gt;&lt;CreatedBy&gt;SYSTEM&lt;/CreatedBy&gt;&lt;CreatedOn&gt;2016-12-18T21:45:01&lt;/CreatedOn&gt;&lt;ModifiedBy&gt;System&lt;/ModifiedBy&gt;&lt;ModifiedOn&gt;2016-12-18T21:45:03&lt;/ModifiedOn&gt;&lt;tagName&gt;Data_00&lt;/tagName&gt;&lt;tagTypeID&gt;8&lt;/tagTypeID&gt;&lt;tagGroupID&gt;1&lt;/tagGroupID&gt;&lt;tagFunctionID&gt;4&lt;/tagFunctionID&gt;&lt;COM_typeName&gt;TSend&lt;/COM_typeName&gt;&lt;FNC_typeName&gt;DefDataTable&lt;/FNC_typeName&gt;&lt;OPC_typeName&gt;FLOAT&lt;/OPC_typeName&gt;&lt;unitID&gt;36&lt;/unitID&gt;&lt;lineID&gt;35&lt;/lineID&gt;&lt;nameDefined&gt;Hi\Lo&lt;/nameDefined&gt;&lt;uomDefinedID&gt;24&lt;/uomDefinedID&gt;&lt;UOMName&gt;MM&lt;/UOMName&gt;&lt;UOMDescription&gt;MILIMETERS&lt;/UOMDescription&gt;&lt;serialNumber&gt;FTW3M16000att&lt;/serialNumber&gt;&lt;avrg&gt;0.002575&lt;/avrg&gt;&lt;/Row&gt;&lt;Row&gt;&lt;notifRecordID&gt;115256&lt;/notifRecordID&gt;&lt;notifTagID&gt;123&lt;/notifTagID&gt;&lt;notifTagValue&gt;0.006&lt;/notifTagValue&gt;&lt;recordID&gt;115256&lt;/recordID&gt;&lt;notifName&gt;TransCtr&lt;/notifName&gt;&lt;notifDescription&gt;P558_JENOPTIK&lt;/notifDescription&gt;&lt;CreatedBy&gt;SYSTEM&lt;/CreatedBy&gt;&lt;CreatedOn&gt;2016-12-18T21:50:00&lt;/CreatedOn&gt;&lt;ModifiedBy&gt;System&lt;/ModifiedBy&gt;&lt;ModifiedOn&gt;2016-12-18T21:50:02&lt;/ModifiedOn&gt;&lt;tagName&gt;Data_00&lt;/tagName&gt;&lt;tagTypeID&gt;8&lt;/tagTypeID&gt;&lt;tagGroupID&gt;1&lt;/tagGroupID&gt;&lt;tagFunctionID&gt;4&lt;/tagFunctionID&gt;&lt;COM_typeName&gt;TSend&lt;/COM_typeName&gt;&lt;FNC_typeName&gt;DefDataTable&lt;/FNC_typeName&gt;&lt;OPC_typeName&gt;FLOAT&lt;/OPC_typeName&gt;&lt;unitID&gt;36&lt;/unitID&gt;&lt;lineID&gt;35&lt;/lineID&gt;&lt;nameDefined&gt;Hi\Lo&lt;/nameDefined&gt;&lt;uomDefinedID&gt;24&lt;/uomDefinedID&gt;&lt;UOMName&gt;MM&lt;/UOMName&gt;&lt;UOMDescription&gt;MILIMETERS&lt;/UOMDescription&gt;&lt;serialNumber&gt;FTW2M1600070d&lt;/serialNumber&gt;&lt;avrg&gt;0.002575&lt;/avrg&gt;&lt;/Row&gt;&lt;Row&gt;&lt;notifRecordID&gt;115258&lt;/notifRecordID&gt;&lt;notifTagID&gt;123&lt;/notifTagID&gt;&lt;notifTagValue&gt;0.007&lt;/notifTagValue&gt;&lt;recordID&gt;115258&lt;/recordID&gt;&lt;notifName&gt;TransCtr&lt;/notifName&gt;&lt;notifDescription&gt;P558_JENOPTIK&lt;/notifDescription&gt;&lt;CreatedBy&gt;SYSTEM&lt;/CreatedBy&gt;&lt;CreatedOn&gt;2016-12-18T21:52:13&lt;/CreatedOn&gt;&lt;ModifiedBy&gt;System&lt;/ModifiedBy&gt;&lt;ModifiedOn&gt;2016-12-18T21:52:15&lt;/ModifiedOn&gt;&lt;tagName&gt;Data_00&lt;/tagName&gt;&lt;tagTypeID&gt;8&lt;/tagTypeID&gt;&lt;tagGroupID&gt;1&lt;/tagGroupID&gt;&lt;tagFunctionID&gt;4&lt;/tagFunctionID&gt;&lt;COM_typeName&gt;TSend&lt;/COM_typeName&gt;&lt;FNC_typeName&gt;DefDataTable&lt;/FNC_typeName&gt;&lt;OPC_typeName&gt;FLOAT&lt;/OPC_typeName&gt;&lt;unitID&gt;36&lt;/unitID&gt;&lt;lineID&gt;35&lt;/lineID&gt;&lt;nameDefined&gt;Hi\Lo&lt;/nameDefined&gt;&lt;uomDefinedID&gt;24&lt;/uomDefinedID&gt;&lt;UOMName&gt;MM&lt;/UOMName&gt;&lt;UOMDescription&gt;MILIMETERS&lt;/UOMDescription&gt;&lt;serialNumber&gt;FTW3M16000atu&lt;/serialNumber&gt;&lt;avrg&gt;0.002575&lt;/avrg&gt;&lt;/Row&gt;&lt;Row&gt;&lt;notifRecordID&gt;115262&lt;/notifRecordID&gt;&lt;notifTagID&gt;123&lt;/notifTagID&gt;&lt;notifTagValue&gt;-0.002&lt;/notifTagValue&gt;&lt;recordID&gt;115262&lt;/recordID&gt;&lt;notifName&gt;TransCtr&lt;/notifName&gt;&lt;notifDescription&gt;P558_JENOPTIK&lt;/notifDescription&gt;&lt;CreatedBy&gt;SYSTEM&lt;/CreatedBy&gt;&lt;CreatedOn&gt;2016-12-18T21:55:41&lt;/CreatedOn&gt;&lt;ModifiedBy&gt;System&lt;/ModifiedBy&gt;&lt;ModifiedOn&gt;2016-12-18T21:55:43&lt;/ModifiedOn&gt;&lt;tagName&gt;Data_00&lt;/tagName&gt;&lt;tagTypeID&gt;8&lt;/tagTypeID&gt;&lt;tagGroupID&gt;1&lt;/tagGroupID&gt;&lt;tagFunctionID&gt;4&lt;/tagFunctionID&gt;&lt;COM_typeName&gt;TSend&lt;/COM_typeName&gt;&lt;FNC_typeName&gt;DefDataTable&lt;/FNC_typeName&gt;&lt;OPC_typeName&gt;FLOAT&lt;/OPC_typeName&gt;&lt;unitID&gt;36&lt;/unitID&gt;&lt;lineID&gt;35&lt;/lineID&gt;&lt;nameDefined&gt;Hi\Lo&lt;/nameDefined&gt;&lt;uomDefinedID&gt;24&lt;/uomDefinedID&gt;&lt;UOMName&gt;MM&lt;/UOMName&gt;&lt;UOMDescription&gt;MILIMETERS&lt;/UOMDescription&gt;&lt;serialNumber&gt;FTW2M1600070e&lt;/serialNumber&gt;&lt;avrg&gt;0.002575&lt;/avrg&gt;&lt;/Row&gt;&lt;Row&gt;&lt;notifRecordID&gt;115267&lt;/notifRecordID&gt;&lt;notifTagID&gt;123&lt;/notifTagID&gt;&lt;notifTagValue&gt;-0.001&lt;/notifTagValue&gt;&lt;recordID&gt;115267&lt;/recordID&gt;&lt;notifName&gt;TransCtr&lt;/notifName&gt;&lt;notifDescription&gt;P558_JENOPTIK&lt;/notifDescription&gt;&lt;CreatedBy&gt;SYSTEM&lt;/CreatedBy&gt;&lt;CreatedOn&gt;2016-12-18T21:59:52&lt;/CreatedOn&gt;&lt;ModifiedBy&gt;System&lt;/ModifiedBy&gt;&lt;ModifiedOn&gt;2016-12-18T21:59:54&lt;/ModifiedOn&gt;&lt;tagName&gt;Data_00&lt;/tagName&gt;&lt;tagTypeID&gt;8&lt;/tagTypeID&gt;&lt;tagGroupID&gt;1&lt;/tagGroupID&gt;&lt;tagFunctionID&gt;4&lt;/tagFunctionID&gt;&lt;COM_typeName&gt;TSend&lt;/COM_typeName&gt;&lt;FNC_typeName&gt;DefDataTable&lt;/FNC_typeName&gt;&lt;OPC_typeName&gt;FLOAT&lt;/OPC_typeName&gt;&lt;unitID&gt;36&lt;/unitID&gt;&lt;lineID&gt;35&lt;/lineID&gt;&lt;nameDefined&gt;Hi\Lo&lt;/nameDefined&gt;&lt;uomDefinedID&gt;24&lt;/uomDefinedID&gt;&lt;UOMName&gt;MM&lt;/UOMName&gt;&lt;UOMDescription&gt;MILIMETERS&lt;/UOMDescription&gt;&lt;serialNumber&gt;FTW3M16000atv&lt;/serialNumber&gt;&lt;avrg&gt;0.002575&lt;/avrg&gt;&lt;/Row&gt;&lt;Row&gt;&lt;notifRecordID&gt;115273&lt;/notifRecordID&gt;&lt;notifTagID&gt;123&lt;/notifTagID&gt;&lt;notifTagValue&gt;-0.002&lt;/notifTagValue&gt;&lt;recordID&gt;115273&lt;/recordID&gt;&lt;notifName&gt;TransCtr&lt;/notifName&gt;&lt;notifDescription&gt;P558_JENOPTIK&lt;/notifDescription&gt;&lt;CreatedBy&gt;SYSTEM&lt;/CreatedBy&gt;&lt;CreatedOn&gt;2016-12-18T22:11:58&lt;/CreatedOn&gt;&lt;ModifiedBy&gt;System&lt;/ModifiedBy&gt;&lt;ModifiedOn&gt;2016-12-18T22:11:59&lt;/ModifiedOn&gt;&lt;tagName&gt;Data_00&lt;/tagName&gt;&lt;tagTypeID&gt;8&lt;/tagTypeID&gt;&lt;tagGroupID&gt;1&lt;/tagGroupID&gt;&lt;tagFunctionID&gt;4&lt;/tagFunctionID&gt;&lt;COM_typeName&gt;TSend&lt;/COM_typeName&gt;&lt;FNC_typeName&gt;DefDataTable&lt;/FNC_typeName&gt;&lt;OPC_typeName&gt;FLOAT&lt;/OPC_typeName&gt;&lt;unitID&gt;36&lt;/unitID&gt;&lt;lineID&gt;35&lt;/lineID&gt;&lt;nameDefined&gt;Hi\Lo&lt;/nameDefined&gt;&lt;uomDefinedID&gt;24&lt;/uomDefinedID&gt;&lt;UOMName&gt;MM&lt;/UOMName&gt;&lt;UOMDescription&gt;MILIMETERS&lt;/UOMDescription&gt;&lt;serialNumber&gt;FTW3M16000atw&lt;/serialNumber&gt;&lt;avrg&gt;0.002575&lt;/avrg&gt;&lt;/Row&gt;&lt;Row&gt;&lt;notifRecordID&gt;115278&lt;/notifRecordID&gt;&lt;notifTagID&gt;123&lt;/notifTagID&gt;&lt;notifTagValue&gt;0.005&lt;/notifTagValue&gt;&lt;recordID&gt;115278&lt;/recordID&gt;&lt;notifName&gt;TransCtr&lt;/notifName&gt;&lt;notifDescription&gt;P558_JENOPTIK&lt;/notifDescription&gt;&lt;CreatedBy&gt;SYSTEM&lt;/CreatedBy&gt;&lt;CreatedOn&gt;2016-12-18T22:15:00&lt;/CreatedOn&gt;&lt;ModifiedBy&gt;System&lt;/ModifiedBy&gt;&lt;ModifiedOn&gt;2016-12-18T22:15:02&lt;/ModifiedOn&gt;&lt;tagName&gt;Data_00&lt;/tagName&gt;&lt;tagTypeID&gt;8&lt;/tagTypeID&gt;&lt;tagGroupID&gt;1&lt;/tagGroupID&gt;&lt;tagFunctionID&gt;4&lt;/tagFunctionID&gt;&lt;COM_typeName&gt;TSend&lt;/COM_typeName&gt;&lt;FNC_typeName&gt;DefDataTable&lt;/FNC_typeName&gt;&lt;OPC_typeName&gt;FLOAT&lt;/OPC_typeName&gt;&lt;unitID&gt;36&lt;/unitID&gt;&lt;lineID&gt;35&lt;/lineID&gt;&lt;nameDefined&gt;Hi\Lo&lt;/nameDefined&gt;&lt;uomDefinedID&gt;24&lt;/uomDefinedID&gt;&lt;UOMName&gt;MM&lt;/UOMName&gt;&lt;UOMDescription&gt;MILIMETERS&lt;/UOMDescription&gt;&lt;serialNumber&gt;FTW2M1600070f&lt;/serialNumber&gt;&lt;avrg&gt;0.002575&lt;/avrg&gt;&lt;/Row&gt;&lt;Row&gt;&lt;notifRecordID&gt;115283&lt;/notifRecordID&gt;&lt;notifTagID&gt;123&lt;/notifTagID&gt;&lt;notifTagValue&gt;0.004&lt;/notifTagValue&gt;&lt;recordID&gt;115283&lt;/recordID&gt;&lt;notifName&gt;TransCtr&lt;/notifName&gt;&lt;notifDescription&gt;P558_JENOPTIK&lt;/notifDescription&gt;&lt;CreatedBy&gt;SYSTEM&lt;/CreatedBy&gt;&lt;CreatedOn&gt;2016-12-18T22:20:20&lt;/CreatedOn&gt;&lt;ModifiedBy&gt;System&lt;/ModifiedBy&gt;&lt;ModifiedOn&gt;2016-12-18T22:20:22&lt;/ModifiedOn&gt;&lt;tagName&gt;Data_00&lt;/tagName&gt;&lt;tagTypeID&gt;8&lt;/tagTypeID&gt;&lt;tagGroupID&gt;1&lt;/tagGroupID&gt;&lt;tagFunctionID&gt;4&lt;/tagFunctionID&gt;&lt;COM_typeName&gt;TSend&lt;/COM_typeName&gt;&lt;FNC_typeName&gt;DefDataTable&lt;/FNC_typeName&gt;&lt;OPC_typeName&gt;FLOAT&lt;/OPC_typeName&gt;&lt;unitID&gt;36&lt;/unitID&gt;&lt;lineID&gt;35&lt;/lineID&gt;&lt;nameDefined&gt;Hi\Lo&lt;/nameDefined&gt;&lt;uomDefinedID&gt;24&lt;/uomDefinedID&gt;&lt;UOMName&gt;MM&lt;/UOMName&gt;&lt;UOMDescription&gt;MILIMETERS&lt;/UOMDescription&gt;&lt;serialNumber&gt;FTW2M1600070g&lt;/serialNumber&gt;&lt;avrg&gt;0.002575&lt;/avrg&gt;&lt;/Row&gt;&lt;Row&gt;&lt;notifRecordID&gt;115285&lt;/notifRecordID&gt;&lt;notifTagID&gt;123&lt;/notifTagID&gt;&lt;notifTagValue&gt;0.016&lt;/notifTagValue&gt;&lt;recordID&gt;115285&lt;/recordID&gt;&lt;notifName&gt;TransCtr&lt;/notifName&gt;&lt;notifDescription&gt;P558_JENOPTIK&lt;/notifDescription&gt;&lt;CreatedBy&gt;SYSTEM&lt;/CreatedBy&gt;&lt;CreatedOn&gt;2016-12-18T22:22:33&lt;/CreatedOn&gt;&lt;ModifiedBy&gt;System&lt;/ModifiedBy&gt;&lt;ModifiedOn&gt;2016-12-18T22:22:35&lt;/ModifiedOn&gt;&lt;tagName&gt;Data_00&lt;/tagName&gt;&lt;tagTypeID&gt;8&lt;/tagTypeID&gt;&lt;tagGroupID&gt;1&lt;/tagGroupID&gt;&lt;tagFunctionID&gt;4&lt;/tagFunctionID&gt;&lt;COM_typeName&gt;TSend&lt;/COM_typeName&gt;&lt;FNC_typeName&gt;DefDataTable&lt;/FNC_typeName&gt;&lt;OPC_typeName&gt;FLOAT&lt;/OPC_typeName&gt;&lt;unitID&gt;36&lt;/unitID&gt;&lt;lineID&gt;35&lt;/lineID&gt;&lt;nameDefined&gt;Hi\Lo&lt;/nameDefined&gt;&lt;uomDefinedID&gt;24&lt;/uomDefinedID&gt;&lt;UOMName&gt;MM&lt;/UOMName&gt;&lt;UOMDescription&gt;MILIMETERS&lt;/UOMDescription&gt;&lt;serialNumber&gt;FTW3M16000atx&lt;/serialNumber&gt;&lt;avrg&gt;0.002575&lt;/avrg&gt;&lt;/Row&gt;&lt;Row&gt;&lt;notifRecordID&gt;115287&lt;/notifRecordID&gt;&lt;notifTagID&gt;123&lt;/notifTagID&gt;&lt;notifTagValue&gt;0.006&lt;/notifTagValue&gt;&lt;recordID&gt;115287&lt;/recordID&gt;&lt;notifName&gt;TransCtr&lt;/notifName&gt;&lt;notifDescription&gt;P558_JENOPTIK&lt;/notifDescription&gt;&lt;CreatedBy&gt;SYSTEM&lt;/CreatedBy&gt;&lt;CreatedOn&gt;2016-12-18T22:24:54&lt;/CreatedOn&gt;&lt;ModifiedBy&gt;System&lt;/ModifiedBy&gt;&lt;ModifiedOn&gt;2016-12-18T22:24:56&lt;/ModifiedOn&gt;&lt;tagName&gt;Data_00&lt;/tagName&gt;&lt;tagTypeID&gt;8&lt;/tagTypeID&gt;&lt;tagGroupID&gt;1&lt;/tagGroupID&gt;&lt;tagFunctionID&gt;4&lt;/tagFunctionID&gt;&lt;COM_typeName&gt;TSend&lt;/COM_typeName&gt;&lt;FNC_typeName&gt;DefDataTable&lt;/FNC_typeName&gt;&lt;OPC_typeName&gt;FLOAT&lt;/OPC_typeName&gt;&lt;unitID&gt;36&lt;/unitID&gt;&lt;lineID&gt;35&lt;/lineID&gt;&lt;nameDefined&gt;Hi\Lo&lt;/nameDefined&gt;&lt;uomDefinedID&gt;24&lt;/uomDefinedID&gt;&lt;UOMName&gt;MM&lt;/UOMName&gt;&lt;UOMDescription&gt;MILIMETERS&lt;/UOMDescription&gt;&lt;serialNumber&gt;FTW3M16000aty&lt;/serialNumber&gt;&lt;avrg&gt;0.002575&lt;/avrg&gt;&lt;/Row&gt;&lt;Row&gt;&lt;notifRecordID&gt;115294&lt;/notifRecordID&gt;&lt;notifTagID&gt;123&lt;/notifTagID&gt;&lt;notifTagValue&gt;0.004&lt;/notifTagValue&gt;&lt;recordID&gt;115294&lt;/recordID&gt;&lt;notifName&gt;TransCtr&lt;/notifName&gt;&lt;notifDescription&gt;P558_JENOPTIK&lt;/notifDescription&gt;&lt;CreatedBy&gt;SYSTEM&lt;/CreatedBy&gt;&lt;CreatedOn&gt;2016-12-18T22:34:09&lt;/CreatedOn&gt;&lt;ModifiedBy&gt;System&lt;/ModifiedBy&gt;&lt;ModifiedOn&gt;2016-12-18T22:34:11&lt;/ModifiedOn&gt;&lt;tagName&gt;Data_00&lt;/tagName&gt;&lt;tagTypeID&gt;8&lt;/tagTypeID&gt;&lt;tagGroupID&gt;1&lt;/tagGroupID&gt;&lt;tagFunctionID&gt;4&lt;/tagFunctionID&gt;&lt;COM_typeName&gt;TSend&lt;/COM_typeName&gt;&lt;FNC_typeName&gt;DefDataTable&lt;/FNC_typeName&gt;&lt;OPC_typeName&gt;FLOAT&lt;/OPC_typeName&gt;&lt;unitID&gt;36&lt;/unitID&gt;&lt;lineID&gt;35&lt;/lineID&gt;&lt;nameDefined&gt;Hi\Lo&lt;/nameDefined&gt;&lt;uomDefinedID&gt;24&lt;/uomDefinedID&gt;&lt;UOMName&gt;MM&lt;/UOMName&gt;&lt;UOMDescription&gt;MILIMETERS&lt;/UOMDescription&gt;&lt;serialNumber&gt;FTW3M16000atz&lt;/serialNumber&gt;&lt;avrg&gt;0.002575&lt;/avrg&gt;&lt;/Row&gt;&lt;Row&gt;&lt;notifRecordID&gt;115300&lt;/notifRecordID&gt;&lt;notifTagID&gt;123&lt;/notifTagID&gt;&lt;notifTagValue&gt;0.013&lt;/notifTagValue&gt;&lt;recordID&gt;115300&lt;/recordID&gt;&lt;notifName&gt;TransCtr&lt;/notifName&gt;&lt;notifDescription&gt;P558_JENOPTIK&lt;/notifDescription&gt;&lt;CreatedBy&gt;SYSTEM&lt;/CreatedBy&gt;&lt;CreatedOn&gt;2016-12-18T22:40:33&lt;/CreatedOn&gt;&lt;ModifiedBy&gt;System&lt;/ModifiedBy&gt;&lt;ModifiedOn&gt;2016-12-18T22:40:35&lt;/ModifiedOn&gt;&lt;tagName&gt;Data_00&lt;/tagName&gt;&lt;tagTypeID&gt;8&lt;/tagTypeID&gt;&lt;tagGroupID&gt;1&lt;/tagGroupID&gt;&lt;tagFunctionID&gt;4&lt;/tagFunctionID&gt;&lt;COM_typeName&gt;TSend&lt;/COM_typeName&gt;&lt;FNC_typeName&gt;DefDataTable&lt;/FNC_typeName&gt;&lt;OPC_typeName&gt;FLOAT&lt;/OPC_typeName&gt;&lt;unitID&gt;36&lt;/unitID&gt;&lt;lineID&gt;35&lt;/lineID&gt;&lt;nameDefined&gt;Hi\Lo&lt;/nameDefined&gt;&lt;uomDefinedID&gt;24&lt;/uomDefinedID&gt;&lt;UOMName&gt;MM&lt;/UOMName&gt;&lt;UOMDescription&gt;MILIMETERS&lt;/UOMDescription&gt;&lt;serialNumber&gt;FTW2M1600070h&lt;/serialNumber&gt;&lt;avrg&gt;0.002575&lt;/avrg&gt;&lt;/Row&gt;&lt;Row&gt;&lt;notifRecordID&gt;115303&lt;/notifRecordID&gt;&lt;notifTagID&gt;123&lt;/notifTagID&gt;&lt;notifTagValue&gt;0.004&lt;/notifTagValue&gt;&lt;recordID&gt;115303&lt;/recordID&gt;&lt;notifName&gt;TransCtr&lt;/notifName&gt;&lt;notifDescription&gt;P558_JENOPTIK&lt;/notifDescription&gt;&lt;CreatedBy&gt;SYSTEM&lt;/CreatedBy&gt;&lt;CreatedOn&gt;2016-12-18T22:44:14&lt;/CreatedOn&gt;&lt;ModifiedBy&gt;System&lt;/ModifiedBy&gt;&lt;ModifiedOn&gt;2016-12-18T22:44:16&lt;/ModifiedOn&gt;&lt;tagName&gt;Data_00&lt;/tagName&gt;&lt;tagTypeID&gt;8&lt;/tagTypeID&gt;&lt;tagGroupID&gt;1&lt;/tagGroupID&gt;&lt;tagFunctionID&gt;4&lt;/tagFunctionID&gt;&lt;COM_typeName&gt;TSend&lt;/COM_typeName&gt;&lt;FNC_typeName&gt;DefDataTable&lt;/FNC_typeName&gt;&lt;OPC_typeName&gt;FLOAT&lt;/OPC_typeName&gt;&lt;unitID&gt;36&lt;/unitID&gt;&lt;lineID&gt;35&lt;/lineID&gt;&lt;nameDefined&gt;Hi\Lo&lt;/nameDefined&gt;&lt;uomDefinedID&gt;24&lt;/uomDefinedID&gt;&lt;UOMName&gt;MM&lt;/UOMName&gt;&lt;UOMDescription&gt;MILIMETERS&lt;/UOMDescription&gt;&lt;serialNumber&gt;FTW2M1600070i&lt;/serialNumber&gt;&lt;avrg&gt;0.002575&lt;/avrg&gt;&lt;/Row&gt;&lt;Row&gt;&lt;notifRecordID&gt;115307&lt;/notifRecordID&gt;&lt;notifTagID&gt;123&lt;/notifTagID&gt;&lt;notifTagValue&gt;0.009&lt;/notifTagValue&gt;&lt;recordID&gt;115307&lt;/recordID&gt;&lt;notifName&gt;TransCtr&lt;/notifName&gt;&lt;notifDescription&gt;P558_JENOPTIK&lt;/notifDescription&gt;&lt;CreatedBy&gt;SYSTEM&lt;/CreatedBy&gt;&lt;CreatedOn&gt;2016-12-18T22:46:45&lt;/CreatedOn&gt;&lt;ModifiedBy&gt;System&lt;/ModifiedBy&gt;&lt;ModifiedOn&gt;2016-12-18T22:46:47&lt;/ModifiedOn&gt;&lt;tagName&gt;Data_00&lt;/tagName&gt;&lt;tagTypeID&gt;8&lt;/tagTypeID&gt;&lt;tagGroupID&gt;1&lt;/tagGroupID&gt;&lt;tagFunctionID&gt;4&lt;/tagFunctionID&gt;&lt;COM_typeName&gt;TSend&lt;/COM_typeName&gt;&lt;FNC_typeName&gt;DefDataTable&lt;/FNC_typeName&gt;&lt;OPC_typeName&gt;FLOAT&lt;/OPC_typeName&gt;&lt;unitID&gt;36&lt;/unitID&gt;&lt;lineID&gt;35&lt;/lineID&gt;&lt;nameDefined&gt;Hi\Lo&lt;/nameDefined&gt;&lt;uomDefinedID&gt;24&lt;/uomDefinedID&gt;&lt;UOMName&gt;MM&lt;/UOMName&gt;&lt;UOMDescription&gt;MILIMETERS&lt;/UOMDescription&gt;&lt;serialNumber&gt;FTW3M16000au0&lt;/serialNumber&gt;&lt;avrg&gt;0.002575&lt;/avrg&gt;&lt;/Row&gt;&lt;Row&gt;&lt;notifRecordID&gt;115311&lt;/notifRecordID&gt;&lt;notifTagID&gt;123&lt;/notifTagID&gt;&lt;notifTagValue&gt;0.005&lt;/notifTagValue&gt;&lt;recordID&gt;115311&lt;/recordID&gt;&lt;notifName&gt;TransCtr&lt;/notifName&gt;&lt;notifDescription&gt;P558_JENOPTIK&lt;/notifDescription&gt;&lt;CreatedBy&gt;SYSTEM&lt;/CreatedBy&gt;&lt;CreatedOn&gt;2016-12-18T22:50:10&lt;/CreatedOn&gt;&lt;ModifiedBy&gt;System&lt;/ModifiedBy&gt;&lt;ModifiedOn&gt;2016-12-18T22:50:12&lt;/ModifiedOn&gt;&lt;tagName&gt;Data_00&lt;/tagName&gt;&lt;tagTypeID&gt;8&lt;/tagTypeID&gt;&lt;tagGroupID&gt;1&lt;/tagGroupID&gt;&lt;tagFunctionID&gt;4&lt;/tagFunctionID&gt;&lt;COM_typeName&gt;TSend&lt;/COM_typeName&gt;&lt;FNC_typeName&gt;DefDataTable&lt;/FNC_typeName&gt;&lt;OPC_typeName&gt;FLOAT&lt;/OPC_typeName&gt;&lt;unitID&gt;36&lt;/unitID&gt;&lt;lineID&gt;35&lt;/lineID&gt;&lt;nameDefined&gt;Hi\Lo&lt;/nameDefined&gt;&lt;uomDefinedID&gt;24&lt;/uomDefinedID&gt;&lt;UOMName&gt;MM&lt;/UOMName&gt;&lt;UOMDescription&gt;MILIMETERS&lt;/UOMDescription&gt;&lt;serialNumber&gt;FTW3M16000au1&lt;/serialNumber&gt;&lt;avrg&gt;0.002575&lt;/avrg&gt;&lt;/Row&gt;&lt;Row&gt;&lt;notifRecordID&gt;115336&lt;/notifRecordID&gt;&lt;notifTagID&gt;123&lt;/notifTagID&gt;&lt;notifTagValue&gt;0.006&lt;/notifTagValue&gt;&lt;recordID&gt;115336&lt;/recordID&gt;&lt;notifName&gt;TransCtr&lt;/notifName&gt;&lt;notifDescription&gt;P558_JENOPTIK&lt;/notifDescription&gt;&lt;CreatedBy&gt;SYSTEM&lt;/CreatedBy&gt;&lt;CreatedOn&gt;2016-12-18T23:41:39&lt;/CreatedOn&gt;&lt;ModifiedBy&gt;System&lt;/ModifiedBy&gt;&lt;ModifiedOn&gt;2016-12-18T23:41:41&lt;/ModifiedOn&gt;&lt;tagName&gt;Data_00&lt;/tagName&gt;&lt;tagTypeID&gt;8&lt;/tagTypeID&gt;&lt;tagGroupID&gt;1&lt;/tagGroupID&gt;&lt;tagFunctionID&gt;4&lt;/tagFunctionID&gt;&lt;COM_typeName&gt;TSend&lt;/COM_typeName&gt;&lt;FNC_typeName&gt;DefDataTable&lt;/FNC_typeName&gt;&lt;OPC_typeName&gt;FLOAT&lt;/OPC_typeName&gt;&lt;unitID&gt;36&lt;/unitID&gt;&lt;lineID&gt;35&lt;/lineID&gt;&lt;nameDefined&gt;Hi\Lo&lt;/nameDefined&gt;&lt;uomDefinedID&gt;24&lt;/uomDefinedID&gt;&lt;UOMName&gt;MM&lt;/UOMName&gt;&lt;UOMDescription&gt;MILIMETERS&lt;/UOMDescription&gt;&lt;serialNumber&gt;FTW3M16000au2&lt;/serialNumber&gt;&lt;avrg&gt;0.002575&lt;/avrg&gt;&lt;/Row&gt;&lt;Row&gt;&lt;notifRecordID&gt;115341&lt;/notifRecordID&gt;&lt;notifTagID&gt;123&lt;/notifTagID&gt;&lt;notifTagValue&gt;0.006&lt;/notifTagValue&gt;&lt;recordID&gt;115341&lt;/recordID&gt;&lt;notifName&gt;TransCtr&lt;/notifName&gt;&lt;notifDescription&gt;P558_JENOPTIK&lt;/notifDescription&gt;&lt;CreatedBy&gt;SYSTEM&lt;/CreatedBy&gt;&lt;CreatedOn&gt;2016-12-18T23:55:23&lt;/CreatedOn&gt;&lt;ModifiedBy&gt;System&lt;/ModifiedBy&gt;&lt;ModifiedOn&gt;2016-12-18T23:55:25&lt;/ModifiedOn&gt;&lt;tagName&gt;Data_00&lt;/tagName&gt;&lt;tagTypeID&gt;8&lt;/tagTypeID&gt;&lt;tagGroupID&gt;1&lt;/tagGroupID&gt;&lt;tagFunctionID&gt;4&lt;/tagFunctionID&gt;&lt;COM_typeName&gt;TSend&lt;/COM_typeName&gt;&lt;FNC_typeName&gt;DefDataTable&lt;/FNC_typeName&gt;&lt;OPC_typeName&gt;FLOAT&lt;/OPC_typeName&gt;&lt;unitID&gt;36&lt;/unitID&gt;&lt;lineID&gt;35&lt;/lineID&gt;&lt;nameDefined&gt;Hi\Lo&lt;/nameDefined&gt;&lt;uomDefinedID&gt;24&lt;/uomDefinedID&gt;&lt;UOMName&gt;MM&lt;/UOMName&gt;&lt;UOMDescription&gt;MILIMETERS&lt;/UOMDescription&gt;&lt;serialNumber&gt;FTW2M1600070j&lt;/serialNumber&gt;&lt;avrg&gt;0.002575&lt;/avrg&gt;&lt;/Row&gt;&lt;Row&gt;&lt;notifRecordID&gt;115346&lt;/notifRecordID&gt;&lt;notifTagID&gt;123&lt;/notifTagID&gt;&lt;notifTagValue&gt;0.006&lt;/notifTagValue&gt;&lt;recordID&gt;115346&lt;/recordID&gt;&lt;notifName&gt;TransCtr&lt;/notifName&gt;&lt;notifDescription&gt;P558_JENOPTIK&lt;/notifDescription&gt;&lt;CreatedBy&gt;SYSTEM&lt;/CreatedBy&gt;&lt;CreatedOn&gt;2016-12-19T00:02:14&lt;/CreatedOn&gt;&lt;ModifiedBy&gt;System&lt;/ModifiedBy&gt;&lt;ModifiedOn&gt;2016-12-19T00:02:16&lt;/ModifiedOn&gt;&lt;tagName&gt;Data_00&lt;/tagName&gt;&lt;tagTypeID&gt;8&lt;/tagTypeID&gt;&lt;tagGroupID&gt;1&lt;/tagGroupID&gt;&lt;tagFunctionID&gt;4&lt;/tagFunctionID&gt;&lt;COM_typeName&gt;TSend&lt;/COM_typeName&gt;&lt;FNC_typeName&gt;DefDataTable&lt;/FNC_typeName&gt;&lt;OPC_typeName&gt;FLOAT&lt;/OPC_typeName&gt;&lt;unitID&gt;36&lt;/unitID&gt;&lt;lineID&gt;35&lt;/lineID&gt;&lt;nameDefined&gt;Hi\Lo&lt;/nameDefined&gt;&lt;uomDefinedID&gt;24&lt;/uomDefinedID&gt;&lt;UOMName&gt;MM&lt;/UOMName&gt;&lt;UOMDescription&gt;MILIMETERS&lt;/UOMDescription&gt;&lt;serialNumber&gt;FTW2M1600070k&lt;/serialNumber&gt;&lt;avrg&gt;0.002575&lt;/avrg&gt;&lt;/Row&gt;&lt;Row&gt;&lt;notifRecordID&gt;115351&lt;/notifRecordID&gt;&lt;notifTagID&gt;123&lt;/notifTagID&gt;&lt;notifTagValue&gt;0.006&lt;/notifTagValue&gt;&lt;recordID&gt;115351&lt;/recordID&gt;&lt;notifName&gt;TransCtr&lt;/notifName&gt;&lt;notifDescription&gt;P558_JENOPTIK&lt;/notifDescription&gt;&lt;CreatedBy&gt;SYSTEM&lt;/CreatedBy&gt;&lt;CreatedOn&gt;2016-12-19T00:07:12&lt;/CreatedOn&gt;&lt;ModifiedBy&gt;System&lt;/ModifiedBy&gt;&lt;ModifiedOn&gt;2016-12-19T00:07:14&lt;/ModifiedOn&gt;&lt;tagName&gt;Data_00&lt;/tagName&gt;&lt;tagTypeID&gt;8&lt;/tagTypeID&gt;&lt;tagGroupID&gt;1&lt;/tagGroupID&gt;&lt;tagFunctionID&gt;4&lt;/tagFunctionID&gt;&lt;COM_typeName&gt;TSend&lt;/COM_typeName&gt;&lt;FNC_typeName&gt;DefDataTable&lt;/FNC_typeName&gt;&lt;OPC_typeName&gt;FLOAT&lt;/OPC_typeName&gt;&lt;unitID&gt;36&lt;/unitID&gt;&lt;lineID&gt;35&lt;/lineID&gt;&lt;nameDefined&gt;Hi\Lo&lt;/nameDefined&gt;&lt;uomDefinedID&gt;24&lt;/uomDefinedID&gt;&lt;UOMName&gt;MM&lt;/UOMName&gt;&lt;UOMDescription&gt;MILIMETERS&lt;/UOMDescription&gt;&lt;serialNumber&gt;FTW2M1600070k&lt;/serialNumber&gt;&lt;avrg&gt;0.002575&lt;/avrg&gt;&lt;/Row&gt;&lt;Row&gt;&lt;notifRecordID&gt;115356&lt;/notifRecordID&gt;&lt;notifTagID&gt;123&lt;/notifTagID&gt;&lt;notifTagValue&gt;0.004&lt;/notifTagValue&gt;&lt;recordID&gt;115356&lt;/recordID&gt;&lt;notifName&gt;TransCtr&lt;/notifName&gt;&lt;notifDescription&gt;P558_JENOPTIK&lt;/notifDescription&gt;&lt;CreatedBy&gt;SYSTEM&lt;/CreatedBy&gt;&lt;CreatedOn&gt;2016-12-19T00:10:42&lt;/CreatedOn&gt;&lt;ModifiedBy&gt;System&lt;/ModifiedBy&gt;&lt;ModifiedOn&gt;2016-12-19T00:10:44&lt;/ModifiedOn&gt;&lt;tagName&gt;Data_00&lt;/tagName&gt;&lt;tagTypeID&gt;8&lt;/tagTypeID&gt;&lt;tagGroupID&gt;1&lt;/tagGroupID&gt;&lt;tagFunctionID&gt;4&lt;/tagFunctionID&gt;&lt;COM_typeName&gt;TSend&lt;/COM_typeName&gt;&lt;FNC_typeName&gt;DefDataTable&lt;/FNC_typeName&gt;&lt;OPC_typeName&gt;FLOAT&lt;/OPC_typeName&gt;&lt;unitID&gt;36&lt;/unitID&gt;&lt;lineID&gt;35&lt;/lineID&gt;&lt;nameDefined&gt;Hi\Lo&lt;/nameDefined&gt;&lt;uomDefinedID&gt;24&lt;/uomDefinedID&gt;&lt;UOMName&gt;MM&lt;/UOMName&gt;&lt;UOMDescription&gt;MILIMETERS&lt;/UOMDescription&gt;&lt;serialNumber&gt;FTW3M16000au3&lt;/serialNumber&gt;&lt;avrg&gt;0.002575&lt;/avrg&gt;&lt;/Row&gt;&lt;Row&gt;&lt;notifRecordID&gt;115360&lt;/notifRecordID&gt;&lt;notifTagID&gt;123&lt;/notifTagID&gt;&lt;notifTagValue&gt;0.006&lt;/notifTagValue&gt;&lt;recordID&gt;115360&lt;/recordID&gt;&lt;notifName&gt;TransCtr&lt;/notifName&gt;&lt;notifDescription&gt;P558_JENOPTIK&lt;/notifDescription&gt;&lt;CreatedBy&gt;SYSTEM&lt;/CreatedBy&gt;&lt;CreatedOn&gt;2016-12-19T00:17:41&lt;/CreatedOn&gt;&lt;ModifiedBy&gt;System&lt;/ModifiedBy&gt;&lt;ModifiedOn&gt;2016-12-19T00:17:43&lt;/ModifiedOn&gt;&lt;tagName&gt;Data_00&lt;/tagName&gt;&lt;tagTypeID&gt;8&lt;/tagTypeID&gt;&lt;tagGroupID&gt;1&lt;/tagGroupID&gt;&lt;tagFunctionID&gt;4&lt;/tagFunctionID&gt;&lt;COM_typeName&gt;TSend&lt;/COM_typeName&gt;&lt;FNC_typeName&gt;DefDataTable&lt;/FNC_typeName&gt;&lt;OPC_typeName&gt;FLOAT&lt;/OPC_typeName&gt;&lt;unitID&gt;36&lt;/unitID&gt;&lt;lineID&gt;35&lt;/lineID&gt;&lt;nameDefined&gt;Hi\Lo&lt;/nameDefined&gt;&lt;uomDefinedID&gt;24&lt;/uomDefinedID&gt;&lt;UOMName&gt;MM&lt;/UOMName&gt;&lt;UOMDescription&gt;MILIMETERS&lt;/UOMDescription&gt;&lt;serialNumber&gt;FTW3M16000au4&lt;/serialNumber&gt;&lt;avrg&gt;0.002575&lt;/avrg&gt;&lt;/Row&gt;&lt;Row&gt;&lt;notifRecordID&gt;115368&lt;/notifRecordID&gt;&lt;notifTagID&gt;123&lt;/notifTagID&gt;&lt;notifTagValue&gt;0.002&lt;/notifTagValue&gt;&lt;recordID&gt;115368&lt;/recordID&gt;&lt;notifName&gt;TransCtr&lt;/notifName&gt;&lt;notifDescription&gt;P558_JENOPTIK&lt;/notifDescription&gt;&lt;CreatedBy&gt;SYSTEM&lt;/CreatedBy&gt;&lt;CreatedOn&gt;2016-12-19T00:25:17&lt;/CreatedOn&gt;&lt;ModifiedBy&gt;System&lt;/ModifiedBy&gt;&lt;ModifiedOn&gt;2016-12-19T00:25:19&lt;/ModifiedOn&gt;&lt;tagName&gt;Data_00&lt;/tagName&gt;&lt;tagTypeID&gt;8&lt;/tagTypeID&gt;&lt;tagGroupID&gt;1&lt;/tagGroupID&gt;&lt;tagFunctionID&gt;4&lt;/tagFunctionID&gt;&lt;COM_typeName&gt;TSend&lt;/COM_typeName&gt;&lt;FNC_typeName&gt;DefDataTable&lt;/FNC_typeName&gt;&lt;OPC_typeName&gt;FLOAT&lt;/OPC_typeName&gt;&lt;unitID&gt;36&lt;/unitID&gt;&lt;lineID&gt;35&lt;/lineID&gt;&lt;nameDefined&gt;Hi\Lo&lt;/nameDefined&gt;&lt;uomDefinedID&gt;24&lt;/uomDefinedID&gt;&lt;UOMName&gt;MM&lt;/UOMName&gt;&lt;UOMDescription&gt;MILIMETERS&lt;/UOMDescription&gt;&lt;serialNumber&gt;FTW3M16000au5&lt;/serialNumber&gt;&lt;avrg&gt;0.002575&lt;/avrg&gt;&lt;/Row&gt;&lt;Row&gt;&lt;notifRecordID&gt;115370&lt;/notifRecordID&gt;&lt;notifTagID&gt;123&lt;/notifTagID&gt;&lt;notifTagValue&gt;0.002&lt;/notifTagValue&gt;&lt;recordID&gt;115370&lt;/recordID&gt;&lt;notifName&gt;TransCtr&lt;/notifName&gt;&lt;notifDescription&gt;P558_JENOPTIK&lt;/notifDescription&gt;&lt;CreatedBy&gt;SYSTEM&lt;/CreatedBy&gt;&lt;CreatedOn&gt;2016-12-19T00:28:10&lt;/CreatedOn&gt;&lt;ModifiedBy&gt;System&lt;/ModifiedBy&gt;&lt;ModifiedOn&gt;2016-12-19T00:28:12&lt;/ModifiedOn&gt;&lt;tagName&gt;Data_00&lt;/tagName&gt;&lt;tagTypeID&gt;8&lt;/tagTypeID&gt;&lt;tagGroupID&gt;1&lt;/tagGroupID&gt;&lt;tagFunctionID&gt;4&lt;/tagFunctionID&gt;&lt;COM_typeName&gt;TSend&lt;/COM_typeName&gt;&lt;FNC_typeName&gt;DefDataTable&lt;/FNC_typeName&gt;&lt;OPC_typeName&gt;FLOAT&lt;/OPC_typeName&gt;&lt;unitID&gt;36&lt;/unitID&gt;&lt;lineID&gt;35&lt;/lineID&gt;&lt;nameDefined&gt;Hi\Lo&lt;/nameDefined&gt;&lt;uomDefinedID&gt;24&lt;/uomDefinedID&gt;&lt;UOMName&gt;MM&lt;/UOMName&gt;&lt;UOMDescription&gt;MILIMETERS&lt;/UOMDescription&gt;&lt;serialNumber&gt;FTW3M16000au5&lt;/serialNumber&gt;&lt;avrg&gt;0.002575&lt;/avrg&gt;&lt;/Row&gt;&lt;Row&gt;&lt;notifRecordID&gt;115373&lt;/notifRecordID&gt;&lt;notifTagID&gt;123&lt;/notifTagID&gt;&lt;notifTagValue&gt;0.005&lt;/notifTagValue&gt;&lt;recordID&gt;115373&lt;/recordID&gt;&lt;notifName&gt;TransCtr&lt;/notifName&gt;&lt;notifDescription&gt;P558_JENOPTIK&lt;/notifDescription&gt;&lt;CreatedBy&gt;SYSTEM&lt;/CreatedBy&gt;&lt;CreatedOn&gt;2016-12-19T00:30:05&lt;/CreatedOn&gt;&lt;ModifiedBy&gt;System&lt;/ModifiedBy&gt;&lt;ModifiedOn&gt;2016-12-19T00:30:08&lt;/ModifiedOn&gt;&lt;tagName&gt;Data_00&lt;/tagName&gt;&lt;tagTypeID&gt;8&lt;/tagTypeID&gt;&lt;tagGroupID&gt;1&lt;/tagGroupID&gt;&lt;tagFunctionID&gt;4&lt;/tagFunctionID&gt;&lt;COM_typeName&gt;TSend&lt;/COM_typeName&gt;&lt;FNC_typeName&gt;DefDataTable&lt;/FNC_typeName&gt;&lt;OPC_typeName&gt;FLOAT&lt;/OPC_typeName&gt;&lt;unitID&gt;36&lt;/unitID&gt;&lt;lineID&gt;35&lt;/lineID&gt;&lt;nameDefined&gt;Hi\Lo&lt;/nameDefined&gt;&lt;uomDefinedID&gt;24&lt;/uomDefinedID&gt;&lt;UOMName&gt;MM&lt;/UOMName&gt;&lt;UOMDescription&gt;MILIMETERS&lt;/UOMDescription&gt;&lt;serialNumber&gt;FTW2M1600070l&lt;/serialNumber&gt;&lt;avrg&gt;0.002575&lt;/avrg&gt;&lt;/Row&gt;&lt;Row&gt;&lt;notifRecordID&gt;115377&lt;/notifRecordID&gt;&lt;notifTagID&gt;123&lt;/notifTagID&gt;&lt;notifTagValue&gt;0.004&lt;/notifTagValue&gt;&lt;recordID&gt;115377&lt;/recordID&gt;&lt;notifName&gt;TransCtr&lt;/notifName&gt;&lt;notifDescription&gt;P558_JENOPTIK&lt;/notifDescription&gt;&lt;CreatedBy&gt;SYSTEM&lt;/CreatedBy&gt;&lt;CreatedOn&gt;2016-12-19T00:31:20&lt;/CreatedOn&gt;&lt;ModifiedBy&gt;System&lt;/ModifiedBy&gt;&lt;ModifiedOn&gt;2016-12-19T00:31:22&lt;/ModifiedOn&gt;&lt;tagName&gt;Data_00&lt;/tagName&gt;&lt;tagTypeID&gt;8&lt;/tagTypeID&gt;&lt;tagGroupID&gt;1&lt;/tagGroupID&gt;&lt;tagFunctionID&gt;4&lt;/tagFunctionID&gt;&lt;COM_typeName&gt;TSend&lt;/COM_typeName&gt;&lt;FNC_typeName&gt;DefDataTable&lt;/FNC_typeName&gt;&lt;OPC_typeName&gt;FLOAT&lt;/OPC_typeName&gt;&lt;unitID&gt;36&lt;/unitID&gt;&lt;lineID&gt;35&lt;/lineID&gt;&lt;nameDefined&gt;Hi\Lo&lt;/nameDefined&gt;&lt;uomDefinedID&gt;24&lt;/uomDefinedID&gt;&lt;UOMName&gt;MM&lt;/UOMName&gt;&lt;UOMDescription&gt;MILIMETERS&lt;/UOMDescription&gt;&lt;serialNumber&gt;FTW3M16000au6&lt;/serialNumber&gt;&lt;avrg&gt;0.002575&lt;/avrg&gt;&lt;/Row&gt;&lt;Row&gt;&lt;notifRecordID&gt;115380&lt;/notifRecordID&gt;&lt;notifTagID&gt;123&lt;/notifTagID&gt;&lt;notifTagValue&gt;0.005&lt;/notifTagValue&gt;&lt;recordID&gt;115380&lt;/recordID&gt;&lt;notifName&gt;TransCtr&lt;/notifName&gt;&lt;notifDescription&gt;P558_JENOPTIK&lt;/notifDescription&gt;&lt;CreatedBy&gt;SYSTEM&lt;/CreatedBy&gt;&lt;CreatedOn&gt;2016-12-19T00:32:31&lt;/CreatedOn&gt;&lt;ModifiedBy&gt;System&lt;/ModifiedBy&gt;&lt;ModifiedOn&gt;2016-12-19T00:32:33&lt;/ModifiedOn&gt;&lt;tagName&gt;Data_00&lt;/tagName&gt;&lt;tagTypeID&gt;8&lt;/tagTypeID&gt;&lt;tagGroupID&gt;1&lt;/tagGroupID&gt;&lt;tagFunctionID&gt;4&lt;/tagFunctionID&gt;&lt;COM_typeName&gt;TSend&lt;/COM_typeName&gt;&lt;FNC_typeName&gt;DefDataTable&lt;/FNC_typeName&gt;&lt;OPC_typeName&gt;FLOAT&lt;/OPC_typeName&gt;&lt;unitID&gt;36&lt;/unitID&gt;&lt;lineID&gt;35&lt;/lineID&gt;&lt;nameDefined&gt;Hi\Lo&lt;/nameDefined&gt;&lt;uomDefinedID&gt;24&lt;/uomDefinedID&gt;&lt;UOMName&gt;MM&lt;/UOMName&gt;&lt;UOMDescription&gt;MILIMETERS&lt;/UOMDescription&gt;&lt;serialNumber&gt;FTW2M1600070m&lt;/serialNumber&gt;&lt;avrg&gt;0.002575&lt;/avrg&gt;&lt;/Row&gt;&lt;Row&gt;&lt;notifRecordID&gt;115382&lt;/notifRecordID&gt;&lt;notifTagID&gt;123&lt;/notifTagID&gt;&lt;notifTagValue&gt;0.005&lt;/notifTagValue&gt;&lt;recordID&gt;115382&lt;/recordID&gt;&lt;notifName&gt;TransCtr&lt;/notifName&gt;&lt;notifDescription&gt;P558_JENOPTIK&lt;/notifDescription&gt;&lt;CreatedBy&gt;SYSTEM&lt;/CreatedBy&gt;&lt;CreatedOn&gt;2016-12-19T00:36:44&lt;/CreatedOn&gt;&lt;ModifiedBy&gt;System&lt;/ModifiedBy&gt;&lt;ModifiedOn&gt;2016-12-19T00:36:46&lt;/ModifiedOn&gt;&lt;tagName&gt;Data_00&lt;/tagName&gt;&lt;tagTypeID&gt;8&lt;/tagTypeID&gt;&lt;tagGroupID&gt;1&lt;/tagGroupID&gt;&lt;tagFunctionID&gt;4&lt;/tagFunctionID&gt;&lt;COM_typeName&gt;TSend&lt;/COM_typeName&gt;&lt;FNC_typeName&gt;DefDataTable&lt;/FNC_typeName&gt;&lt;OPC_typeName&gt;FLOAT&lt;/OPC_typeName&gt;&lt;unitID&gt;36&lt;/unitID&gt;&lt;lineID&gt;35&lt;/lineID&gt;&lt;nameDefined&gt;Hi\Lo&lt;/nameDefined&gt;&lt;uomDefinedID&gt;24&lt;/uomDefinedID&gt;&lt;UOMName&gt;MM&lt;/UOMName&gt;&lt;UOMDescription&gt;MILIMETERS&lt;/UOMDescription&gt;&lt;serialNumber&gt;FTW2M1600070n&lt;/serialNumber&gt;&lt;avrg&gt;0.002575&lt;/avrg&gt;&lt;/Row&gt;&lt;Row&gt;&lt;notifRecordID&gt;115385&lt;/notifRecordID&gt;&lt;notifTagID&gt;123&lt;/notifTagID&gt;&lt;notifTagValue&gt;0.005&lt;/notifTagValue&gt;&lt;recordID&gt;115385&lt;/recordID&gt;&lt;notifName&gt;TransCtr&lt;/notifName&gt;&lt;notifDescription&gt;P558_JENOPTIK&lt;/notifDescription&gt;&lt;CreatedBy&gt;SYSTEM&lt;/CreatedBy&gt;&lt;CreatedOn&gt;2016-12-19T00:38:08&lt;/CreatedOn&gt;&lt;ModifiedBy&gt;System&lt;/ModifiedBy&gt;&lt;ModifiedOn&gt;2016-12-19T00:38:10&lt;/ModifiedOn&gt;&lt;tagName&gt;Data_00&lt;/tagName&gt;&lt;tagTypeID&gt;8&lt;/tagTypeID&gt;&lt;tagGroupID&gt;1&lt;/tagGroupID&gt;&lt;tagFunctionID&gt;4&lt;/tagFunctionID&gt;&lt;COM_typeName&gt;TSend&lt;/COM_typeName&gt;&lt;FNC_typeName&gt;DefDataTable&lt;/FNC_typeName&gt;&lt;OPC_typeName&gt;FLOAT&lt;/OPC_typeName&gt;&lt;unitID&gt;36&lt;/unitID&gt;&lt;lineID&gt;35&lt;/lineID&gt;&lt;nameDefined&gt;Hi\Lo&lt;/nameDefined&gt;&lt;uomDefinedID&gt;24&lt;/uomDefinedID&gt;&lt;UOMName&gt;MM&lt;/UOMName&gt;&lt;UOMDescription&gt;MILIMETERS&lt;/UOMDescription&gt;&lt;serialNumber&gt;FTW3M16000au7&lt;/serialNumber&gt;&lt;avrg&gt;0.002575&lt;/avrg&gt;&lt;/Row&gt;&lt;Row&gt;&lt;notifRecordID&gt;115387&lt;/notifRecordID&gt;&lt;notifTagID&gt;123&lt;/notifTagID&gt;&lt;notifTagValue&gt;-0.005&lt;/notifTagValue&gt;&lt;recordID&gt;115387&lt;/recordID&gt;&lt;notifName&gt;TransCtr&lt;/notifName&gt;&lt;notifDescription&gt;P558_JENOPTIK&lt;/notifDescription&gt;&lt;CreatedBy&gt;SYSTEM&lt;/CreatedBy&gt;&lt;CreatedOn&gt;2016-12-19T00:39:21&lt;/CreatedOn&gt;&lt;ModifiedBy&gt;System&lt;/ModifiedBy&gt;&lt;ModifiedOn&gt;2016-12-19T00:39:22&lt;/ModifiedOn&gt;&lt;tagName&gt;Data_00&lt;/tagName&gt;&lt;tagTypeID&gt;8&lt;/tagTypeID&gt;&lt;tagGroupID&gt;1&lt;/tagGroupID&gt;&lt;tagFunctionID&gt;4&lt;/tagFunctionID&gt;&lt;COM_typeName&gt;TSend&lt;/COM_typeName&gt;&lt;FNC_typeName&gt;DefDataTable&lt;/FNC_typeName&gt;&lt;OPC_typeName&gt;FLOAT&lt;/OPC_typeName&gt;&lt;unitID&gt;36&lt;/unitID&gt;&lt;lineID&gt;35&lt;/lineID&gt;&lt;nameDefined&gt;Hi\Lo&lt;/nameDefined&gt;&lt;uomDefinedID&gt;24&lt;/uomDefinedID&gt;&lt;UOMName&gt;MM&lt;/UOMName&gt;&lt;UOMDescription&gt;MILIMETERS&lt;/UOMDescription&gt;&lt;serialNumber&gt;FTW3M16000au8&lt;/serialNumber&gt;&lt;avrg&gt;0.002575&lt;/avrg&gt;&lt;/Row&gt;&lt;Row&gt;&lt;notifRecordID&gt;115390&lt;/notifRecordID&gt;&lt;notifTagID&gt;123&lt;/notifTagID&gt;&lt;notifTagValue&gt;0.003&lt;/notifTagValue&gt;&lt;recordID&gt;115390&lt;/recordID&gt;&lt;notifName&gt;TransCtr&lt;/notifName&gt;&lt;notifDescription&gt;P558_JENOPTIK&lt;/notifDescription&gt;&lt;CreatedBy&gt;SYSTEM&lt;/CreatedBy&gt;&lt;CreatedOn&gt;2016-12-19T00:40:29&lt;/CreatedOn&gt;&lt;ModifiedBy&gt;System&lt;/ModifiedBy&gt;&lt;ModifiedOn&gt;2016-12-19T00:40:31&lt;/ModifiedOn&gt;&lt;tagName&gt;Data_00&lt;/tagName&gt;&lt;tagTypeID&gt;8&lt;/tagTypeID&gt;&lt;tagGroupID&gt;1&lt;/tagGroupID&gt;&lt;tagFunctionID&gt;4&lt;/tagFunctionID&gt;&lt;COM_typeName&gt;TSend&lt;/COM_typeName&gt;&lt;FNC_typeName&gt;DefDataTable&lt;/FNC_typeName&gt;&lt;OPC_typeName&gt;FLOAT&lt;/OPC_typeName&gt;&lt;unitID&gt;36&lt;/unitID&gt;&lt;lineID&gt;35&lt;/lineID&gt;&lt;nameDefined&gt;Hi\Lo&lt;/nameDefined&gt;&lt;uomDefinedID&gt;24&lt;/uomDefinedID&gt;&lt;UOMName&gt;MM&lt;/UOMName&gt;&lt;UOMDescription&gt;MILIMETERS&lt;/UOMDescription&gt;&lt;serialNumber&gt;FTW3M16000au9&lt;/serialNumber&gt;&lt;avrg&gt;0.002575&lt;/avrg&gt;&lt;/Row&gt;&lt;Row&gt;&lt;notifRecordID&gt;115399&lt;/notifRecordID&gt;&lt;notifTagID&gt;123&lt;/notifTagID&gt;&lt;notifTagValue&gt;0.0&lt;/notifTagValue&gt;&lt;recordID&gt;115399&lt;/recordID&gt;&lt;notifName&gt;TransCtr&lt;/notifName&gt;&lt;notifDescription&gt;P558_JENOPTIK&lt;/notifDescription&gt;&lt;CreatedBy&gt;SYSTEM&lt;/CreatedBy&gt;&lt;CreatedOn&gt;2016-12-19T00:50:46&lt;/CreatedOn&gt;&lt;ModifiedBy&gt;System&lt;/ModifiedBy&gt;&lt;ModifiedOn&gt;2016-12-19T00:50:48&lt;/ModifiedOn&gt;&lt;tagName&gt;Data_00&lt;/tagName&gt;&lt;tagTypeID&gt;8&lt;/tagTypeID&gt;&lt;tagGroupID&gt;1&lt;/tagGroupID&gt;&lt;tagFunctionID&gt;4&lt;/tagFunctionID&gt;&lt;COM_typeName&gt;TSend&lt;/COM_typeName&gt;&lt;FNC_typeName&gt;DefDataTable&lt;/FNC_typeName&gt;&lt;OPC_typeName&gt;FLOAT&lt;/OPC_typeName&gt;&lt;unitID&gt;36&lt;/unitID&gt;&lt;lineID&gt;35&lt;/lineID&gt;&lt;nameDefined&gt;Hi\Lo&lt;/nameDefined&gt;&lt;uomDefinedID&gt;24&lt;/uomDefinedID&gt;&lt;UOMName&gt;MM&lt;/UOMName&gt;&lt;UOMDescription&gt;MILIMETERS&lt;/UOMDescription&gt;&lt;serialNumber&gt;FTW2M1600070o&lt;/serialNumber&gt;&lt;avrg&gt;0.002575&lt;/avrg&gt;&lt;/Row&gt;&lt;Row&gt;&lt;notifRecordID&gt;115402&lt;/notifRecordID&gt;&lt;notifTagID&gt;123&lt;/notifTagID&gt;&lt;notifTagValue&gt;0.002&lt;/notifTagValue&gt;&lt;recordID&gt;115402&lt;/recordID&gt;&lt;notifName&gt;TransCtr&lt;/notifName&gt;&lt;notifDescription&gt;P558_JENOPTIK&lt;/notifDescription&gt;&lt;CreatedBy&gt;SYSTEM&lt;/CreatedBy&gt;&lt;CreatedOn&gt;2016-12-19T00:52:17&lt;/CreatedOn&gt;&lt;ModifiedBy&gt;System&lt;/ModifiedBy&gt;&lt;ModifiedOn&gt;2016-12-19T00:52:19&lt;/ModifiedOn&gt;&lt;tagName&gt;Data_00&lt;/tagName&gt;&lt;tagTypeID&gt;8&lt;/tagTypeID&gt;&lt;tagGroupID&gt;1&lt;/tagGroupID&gt;&lt;tagFunctionID&gt;4&lt;/tagFunctionID&gt;&lt;COM_typeName&gt;TSend&lt;/COM_typeName&gt;&lt;FNC_typeName&gt;DefDataTable&lt;/FNC_typeName&gt;&lt;OPC_typeName&gt;FLOAT&lt;/OPC_typeName&gt;&lt;unitID&gt;36&lt;/unitID&gt;&lt;lineID&gt;35&lt;/lineID&gt;&lt;nameDefined&gt;Hi\Lo&lt;/nameDefined&gt;&lt;uomDefinedID&gt;24&lt;/uomDefinedID&gt;&lt;UOMName&gt;MM&lt;/UOMName&gt;&lt;UOMDescription&gt;MILIMETERS&lt;/UOMDescription&gt;&lt;serialNumber&gt;FTW3M16000aua&lt;/serialNumber&gt;&lt;avrg&gt;0.002575&lt;/avrg&gt;&lt;/Row&gt;&lt;Row&gt;&lt;notifRecordID&gt;115421&lt;/notifRecordID&gt;&lt;notifTagID&gt;123&lt;/notifTagID&gt;&lt;notifTagValue&gt;0.014&lt;/notifTagValue&gt;&lt;recordID&gt;115421&lt;/recordID&gt;&lt;notifName&gt;TransCtr&lt;/notifName&gt;&lt;notifDescription&gt;P558_JENOPTIK&lt;/notifDescription&gt;&lt;CreatedBy&gt;SYSTEM&lt;/CreatedBy&gt;&lt;CreatedOn&gt;2016-12-19T01:27:50&lt;/CreatedOn&gt;&lt;ModifiedBy&gt;System&lt;/ModifiedBy&gt;&lt;ModifiedOn&gt;2016-12-19T01:27:52&lt;/ModifiedOn&gt;&lt;tagName&gt;Data_00&lt;/tagName&gt;&lt;tagTypeID&gt;8&lt;/tagTypeID&gt;&lt;tagGroupID&gt;1&lt;/tagGroupID&gt;&lt;tagFunctionID&gt;4&lt;/tagFunctionID&gt;&lt;COM_typeName&gt;TSend&lt;/COM_typeName&gt;&lt;FNC_typeName&gt;DefDataTable&lt;/FNC_typeName&gt;&lt;OPC_typeName&gt;FLOAT&lt;/OPC_typeName&gt;&lt;unitID&gt;36&lt;/unitID&gt;&lt;lineID&gt;35&lt;/lineID&gt;&lt;nameDefined&gt;Hi\Lo&lt;/nameDefined&gt;&lt;uomDefinedID&gt;24&lt;/uomDefinedID&gt;&lt;UOMName&gt;MM&lt;/UOMName&gt;&lt;UOMDescription&gt;MILIMETERS&lt;/UOMDescription&gt;&lt;serialNumber&gt;FTW2M1600070p&lt;/serialNumber&gt;&lt;avrg&gt;0.002575&lt;/avrg&gt;&lt;/Row&gt;&lt;Row&gt;&lt;notifRecordID&gt;115424&lt;/notifRecordID&gt;&lt;notifTagID&gt;123&lt;/notifTagID&gt;&lt;notifTagValue&gt;0.001&lt;/notifTagValue&gt;&lt;recordID&gt;115424&lt;/recordID&gt;&lt;notifName&gt;TransCtr&lt;/notifName&gt;&lt;notifDescription&gt;P558_JENOPTIK&lt;/notifDescription&gt;&lt;CreatedBy&gt;SYSTEM&lt;/CreatedBy&gt;&lt;CreatedOn&gt;2016-12-19T01:28:57&lt;/CreatedOn&gt;&lt;ModifiedBy&gt;System&lt;/ModifiedBy&gt;&lt;ModifiedOn&gt;2016-12-19T01:28:59&lt;/ModifiedOn&gt;&lt;tagName&gt;Data_00&lt;/tagName&gt;&lt;tagTypeID&gt;8&lt;/tagTypeID&gt;&lt;tagGroupID&gt;1&lt;/tagGroupID&gt;&lt;tagFunctionID&gt;4&lt;/tagFunctionID&gt;&lt;COM_typeName&gt;TSend&lt;/COM_typeName&gt;&lt;FNC_typeName&gt;DefDataTable&lt;/FNC_typeName&gt;&lt;OPC_typeName&gt;FLOAT&lt;/OPC_typeName&gt;&lt;unitID&gt;36&lt;/unitID&gt;&lt;lineID&gt;35&lt;/lineID&gt;&lt;nameDefined&gt;Hi\Lo&lt;/nameDefined&gt;&lt;uomDefinedID&gt;24&lt;/uomDefinedID&gt;&lt;UOMName&gt;MM&lt;/UOMName&gt;&lt;UOMDescription&gt;MILIMETERS&lt;/UOMDescription&gt;&lt;serialNumber&gt;FTW3M16000aub&lt;/serialNumber&gt;&lt;avrg&gt;0.002575&lt;/avrg&gt;&lt;/Row&gt;&lt;Row&gt;&lt;notifRecordID&gt;115427&lt;/notifRecordID&gt;&lt;notifTagID&gt;123&lt;/notifTagID&gt;&lt;notifTagValue&gt;0.011&lt;/notifTagValue&gt;&lt;recordID&gt;115427&lt;/recordID&gt;&lt;notifName&gt;TransCtr&lt;/notifName&gt;&lt;notifDescription&gt;P558_JENOPTIK&lt;/notifDescription&gt;&lt;CreatedBy&gt;SYSTEM&lt;/CreatedBy&gt;&lt;CreatedOn&gt;2016-12-19T01:30:13&lt;/CreatedOn&gt;&lt;ModifiedBy&gt;System&lt;/ModifiedBy&gt;&lt;ModifiedOn&gt;2016-12-19T01:30:15&lt;/ModifiedOn&gt;&lt;tagName&gt;Data_00&lt;/tagName&gt;&lt;tagTypeID&gt;8&lt;/tagTypeID&gt;&lt;tagGroupID&gt;1&lt;/tagGroupID&gt;&lt;tagFunctionID&gt;4&lt;/tagFunctionID&gt;&lt;COM_typeName&gt;TSend&lt;/COM_typeName&gt;&lt;FNC_typeName&gt;DefDataTable&lt;/FNC_typeName&gt;&lt;OPC_typeName&gt;FLOAT&lt;/OPC_typeName&gt;&lt;unitID&gt;36&lt;/unitID&gt;&lt;lineID&gt;35&lt;/lineID&gt;&lt;nameDefined&gt;Hi\Lo&lt;/nameDefined&gt;&lt;uomDefinedID&gt;24&lt;/uomDefinedID&gt;&lt;UOMName&gt;MM&lt;/UOMName&gt;&lt;UOMDescription&gt;MILIMETERS&lt;/UOMDescription&gt;&lt;serialNumber&gt;FTW3M16000auc&lt;/serialNumber&gt;&lt;avrg&gt;0.002575&lt;/avrg&gt;&lt;/Row&gt;&lt;Row&gt;&lt;notifRecordID&gt;115429&lt;/notifRecordID&gt;&lt;notifTagID&gt;123&lt;/notifTagID&gt;&lt;notifTagValue&gt;0.0&lt;/notifTagValue&gt;&lt;recordID&gt;115429&lt;/recordID&gt;&lt;notifName&gt;TransCtr&lt;/notifName&gt;&lt;notifDescription&gt;P558_JENOPTIK&lt;/notifDescription&gt;&lt;CreatedBy&gt;SYSTEM&lt;/CreatedBy&gt;&lt;CreatedOn&gt;2016-12-19T01:31:36&lt;/CreatedOn&gt;&lt;ModifiedBy&gt;System&lt;/ModifiedBy&gt;&lt;ModifiedOn&gt;2016-12-19T01:31:38&lt;/ModifiedOn&gt;&lt;tagName&gt;Data_00&lt;/tagName&gt;&lt;tagTypeID&gt;8&lt;/tagTypeID&gt;&lt;tagGroupID&gt;1&lt;/tagGroupID&gt;&lt;tagFunctionID&gt;4&lt;/tagFunctionID&gt;&lt;COM_typeName&gt;TSend&lt;/COM_typeName&gt;&lt;FNC_typeName&gt;DefDataTable&lt;/FNC_typeName&gt;&lt;OPC_typeName&gt;FLOAT&lt;/OPC_typeName&gt;&lt;unitID&gt;36&lt;/unitID&gt;&lt;lineID&gt;35&lt;/lineID&gt;&lt;nameDefined&gt;Hi\Lo&lt;/nameDefined&gt;&lt;uomDefinedID&gt;24&lt;/uomDefinedID&gt;&lt;UOMName&gt;MM&lt;/UOMName&gt;&lt;UOMDescription&gt;MILIMETERS&lt;/UOMDescription&gt;&lt;serialNumber&gt;FTW2M1600070q&lt;/serialNumber&gt;&lt;avrg&gt;0.002575&lt;/avrg&gt;&lt;/Row&gt;&lt;Row&gt;&lt;notifRecordID&gt;115431&lt;/notifRecordID&gt;&lt;notifTagID&gt;123&lt;/notifTagID&gt;&lt;notifTagValue&gt;0.007&lt;/notifTagValue&gt;&lt;recordID&gt;115431&lt;/recordID&gt;&lt;notifName&gt;TransCtr&lt;/notifName&gt;&lt;notifDescription&gt;P558_JENOPTIK&lt;/notifDescription&gt;&lt;CreatedBy&gt;SYSTEM&lt;/CreatedBy&gt;&lt;CreatedOn&gt;2016-12-19T01:32:48&lt;/CreatedOn&gt;&lt;ModifiedBy&gt;System&lt;/ModifiedBy&gt;&lt;ModifiedOn&gt;2016-12-19T01:32:50&lt;/ModifiedOn&gt;&lt;tagName&gt;Data_00&lt;/tagName&gt;&lt;tagTypeID&gt;8&lt;/tagTypeID&gt;&lt;tagGroupID&gt;1&lt;/tagGroupID&gt;&lt;tagFunctionID&gt;4&lt;/tagFunctionID&gt;&lt;COM_typeName&gt;TSend&lt;/COM_typeName&gt;&lt;FNC_typeName&gt;DefDataTable&lt;/FNC_typeName&gt;&lt;OPC_typeName&gt;FLOAT&lt;/OPC_typeName&gt;&lt;unitID&gt;36&lt;/unitID&gt;&lt;lineID&gt;35&lt;/lineID&gt;&lt;nameDefined&gt;Hi\Lo&lt;/nameDefined&gt;&lt;uomDefinedID&gt;24&lt;/uomDefinedID&gt;&lt;UOMName&gt;MM&lt;/UOMName&gt;&lt;UOMDescription&gt;MILIMETERS&lt;/UOMDescription&gt;&lt;serialNumber&gt;FTW3M16000aud&lt;/serialNumber&gt;&lt;avrg&gt;0.002575&lt;/avrg&gt;&lt;/Row&gt;&lt;Row&gt;&lt;notifRecordID&gt;115435&lt;/notifRecordID&gt;&lt;notifTagID&gt;123&lt;/notifTagID&gt;&lt;notifTagValue&gt;0.004&lt;/notifTagValue&gt;&lt;recordID&gt;115435&lt;/recordID&gt;&lt;notifName&gt;TransCtr&lt;/notifName&gt;&lt;notifDescription&gt;P558_JENOPTIK&lt;/notifDescription&gt;&lt;CreatedBy&gt;SYSTEM&lt;/CreatedBy&gt;&lt;CreatedOn&gt;2016-12-19T01:34:21&lt;/CreatedOn&gt;&lt;ModifiedBy&gt;System&lt;/ModifiedBy&gt;&lt;ModifiedOn&gt;2016-12-19T01:34:23&lt;/ModifiedOn&gt;&lt;tagName&gt;Data_00&lt;/tagName&gt;&lt;tagTypeID&gt;8&lt;/tagTypeID&gt;&lt;tagGroupID&gt;1&lt;/tagGroupID&gt;&lt;tagFunctionID&gt;4&lt;/tagFunctionID&gt;&lt;COM_typeName&gt;TSend&lt;/COM_typeName&gt;&lt;FNC_typeName&gt;DefDataTable&lt;/FNC_typeName&gt;&lt;OPC_typeName&gt;FLOAT&lt;/OPC_typeName&gt;&lt;unitID&gt;36&lt;/unitID&gt;&lt;lineID&gt;35&lt;/lineID&gt;&lt;nameDefined&gt;Hi\Lo&lt;/nameDefined&gt;&lt;uomDefinedID&gt;24&lt;/uomDefinedID&gt;&lt;UOMName&gt;MM&lt;/UOMName&gt;&lt;UOMDescription&gt;MILIMETERS&lt;/UOMDescription&gt;&lt;serialNumber&gt;FTW3M16000aue&lt;/serialNumber&gt;&lt;avrg&gt;0.002575&lt;/avrg&gt;&lt;/Row&gt;&lt;Row&gt;&lt;notifRecordID&gt;115437&lt;/notifRecordID&gt;&lt;notifTagID&gt;123&lt;/notifTagID&gt;&lt;notifTagValue&gt;0.008&lt;/notifTagValue&gt;&lt;recordID&gt;115437&lt;/recordID&gt;&lt;notifName&gt;TransCtr&lt;/notifName&gt;&lt;notifDescription&gt;P558_JENOPTIK&lt;/notifDescription&gt;&lt;CreatedBy&gt;SYSTEM&lt;/CreatedBy&gt;&lt;CreatedOn&gt;2016-12-19T01:35:33&lt;/CreatedOn&gt;&lt;ModifiedBy&gt;System&lt;/ModifiedBy&gt;&lt;ModifiedOn&gt;2016-12-19T01:35:35&lt;/ModifiedOn&gt;&lt;tagName&gt;Data_00&lt;/tagName&gt;&lt;tagTypeID&gt;8&lt;/tagTypeID&gt;&lt;tagGroupID&gt;1&lt;/tagGroupID&gt;&lt;tagFunctionID&gt;4&lt;/tagFunctionID&gt;&lt;COM_typeName&gt;TSend&lt;/COM_typeName&gt;&lt;FNC_typeName&gt;DefDataTable&lt;/FNC_typeName&gt;&lt;OPC_typeName&gt;FLOAT&lt;/OPC_typeName&gt;&lt;unitID&gt;36&lt;/unitID&gt;&lt;lineID&gt;35&lt;/lineID&gt;&lt;nameDefined&gt;Hi\Lo&lt;/nameDefined&gt;&lt;uomDefinedID&gt;24&lt;/uomDefinedID&gt;&lt;UOMName&gt;MM&lt;/UOMName&gt;&lt;UOMDescription&gt;MILIMETERS&lt;/UOMDescription&gt;&lt;serialNumber&gt;FTW2M1600070r&lt;/serialNumber&gt;&lt;avrg&gt;0.002575&lt;/avrg&gt;&lt;/Row&gt;&lt;Row&gt;&lt;notifRecordID&gt;115441&lt;/notifRecordID&gt;&lt;notifTagID&gt;123&lt;/notifTagID&gt;&lt;notifTagValue&gt;0.008&lt;/notifTagValue&gt;&lt;recordID&gt;115441&lt;/recordID&gt;&lt;notifName&gt;TransCtr&lt;/notifName&gt;&lt;notifDescription&gt;P558_JENOPTIK&lt;/notifDescription&gt;&lt;CreatedBy&gt;SYSTEM&lt;/CreatedBy&gt;&lt;CreatedOn&gt;2016-12-19T01:38:52&lt;/CreatedOn&gt;&lt;ModifiedBy&gt;System&lt;/ModifiedBy&gt;&lt;ModifiedOn&gt;2016-12-19T01:38:54&lt;/ModifiedOn&gt;&lt;tagName&gt;Data_00&lt;/tagName&gt;&lt;tagTypeID&gt;8&lt;/tagTypeID&gt;&lt;tagGroupID&gt;1&lt;/tagGroupID&gt;&lt;tagFunctionID&gt;4&lt;/tagFunctionID&gt;&lt;COM_typeName&gt;TSend&lt;/COM_typeName&gt;&lt;FNC_typeName&gt;DefDataTable&lt;/FNC_typeName&gt;&lt;OPC_typeName&gt;FLOAT&lt;/OPC_typeName&gt;&lt;unitID&gt;36&lt;/unitID&gt;&lt;lineID&gt;35&lt;/lineID&gt;&lt;nameDefined&gt;Hi\Lo&lt;/nameDefined&gt;&lt;uomDefinedID&gt;24&lt;/uomDefinedID&gt;&lt;UOMName&gt;MM&lt;/UOMName&gt;&lt;UOMDescription&gt;MILIMETERS&lt;/UOMDescription&gt;&lt;serialNumber&gt;FTW2M1600070r&lt;/serialNumber&gt;&lt;avrg&gt;0.002575&lt;/avrg&gt;&lt;/Row&gt;&lt;Row&gt;&lt;notifRecordID&gt;115443&lt;/notifRecordID&gt;&lt;notifTagID&gt;123&lt;/notifTagID&gt;&lt;notifTagValue&gt;0.006&lt;/notifTagValue&gt;&lt;recordID&gt;115443&lt;/recordID&gt;&lt;notifName&gt;TransCtr&lt;/notifName&gt;&lt;notifDescription&gt;P558_JENOPTIK&lt;/notifDescription&gt;&lt;CreatedBy&gt;SYSTEM&lt;/CreatedBy&gt;&lt;CreatedOn&gt;2016-12-19T01:39:57&lt;/CreatedOn&gt;&lt;ModifiedBy&gt;System&lt;/ModifiedBy&gt;&lt;ModifiedOn&gt;2016-12-19T01:39:59&lt;/ModifiedOn&gt;&lt;tagName&gt;Data_00&lt;/tagName&gt;&lt;tagTypeID&gt;8&lt;/tagTypeID&gt;&lt;tagGroupID&gt;1&lt;/tagGroupID&gt;&lt;tagFunctionID&gt;4&lt;/tagFunctionID&gt;&lt;COM_typeName&gt;TSend&lt;/COM_typeName&gt;&lt;FNC_typeName&gt;DefDataTable&lt;/FNC_typeName&gt;&lt;OPC_typeName&gt;FLOAT&lt;/OPC_typeName&gt;&lt;unitID&gt;36&lt;/unitID&gt;&lt;lineID&gt;35&lt;/lineID&gt;&lt;nameDefined&gt;Hi\Lo&lt;/nameDefined&gt;&lt;uomDefinedID&gt;24&lt;/uomDefinedID&gt;&lt;UOMName&gt;MM&lt;/UOMName&gt;&lt;UOMDescription&gt;MILIMETERS&lt;/UOMDescription&gt;&lt;serialNumber&gt;FTW2M1600070s&lt;/serialNumber&gt;&lt;avrg&gt;0.002575&lt;/avrg&gt;&lt;/Row&gt;&lt;Row&gt;&lt;notifRecordID&gt;115446&lt;/notifRecordID&gt;&lt;notifTagID&gt;123&lt;/notifTagID&gt;&lt;notifTagValue&gt;0.01&lt;/notifTagValue&gt;&lt;recordID&gt;115446&lt;/recordID&gt;&lt;notifName&gt;TransCtr&lt;/notifName&gt;&lt;notifDescription&gt;P558_JENOPTIK&lt;/notifDescription&gt;&lt;CreatedBy&gt;SYSTEM&lt;/CreatedBy&gt;&lt;CreatedOn&gt;2016-12-19T01:41:21&lt;/CreatedOn&gt;&lt;ModifiedBy&gt;System&lt;/ModifiedBy&gt;&lt;ModifiedOn&gt;2016-12-19T01:41:23&lt;/ModifiedOn&gt;&lt;tagName&gt;Data_00&lt;/tagName&gt;&lt;tagTypeID&gt;8&lt;/tagTypeID&gt;&lt;tagGroupID&gt;1&lt;/tagGroupID&gt;&lt;tagFunctionID&gt;4&lt;/tagFunctionID&gt;&lt;COM_typeName&gt;TSend&lt;/COM_typeName&gt;&lt;FNC_typeName&gt;DefDataTable&lt;/FNC_typeName&gt;&lt;OPC_typeName&gt;FLOAT&lt;/OPC_typeName&gt;&lt;unitID&gt;36&lt;/unitID&gt;&lt;lineID&gt;35&lt;/lineID&gt;&lt;nameDefined&gt;Hi\Lo&lt;/nameDefined&gt;&lt;uomDefinedID&gt;24&lt;/uomDefinedID&gt;&lt;UOMName&gt;MM&lt;/UOMName&gt;&lt;UOMDescription&gt;MILIMETERS&lt;/UOMDescription&gt;&lt;serialNumber&gt;FTW3M16000auf&lt;/serialNumber&gt;&lt;avrg&gt;0.002575&lt;/avrg&gt;&lt;/Row&gt;&lt;Row&gt;&lt;notifRecordID&gt;115454&lt;/notifRecordID&gt;&lt;notifTagID&gt;123&lt;/notifTagID&gt;&lt;notifTagValue&gt;0.002&lt;/notifTagValue&gt;&lt;recordID&gt;115454&lt;/recordID&gt;&lt;notifName&gt;TransCtr&lt;/notifName&gt;&lt;notifDescription&gt;P558_JENOPTIK&lt;/notifDescription&gt;&lt;CreatedBy&gt;SYSTEM&lt;/CreatedBy&gt;&lt;CreatedOn&gt;2016-12-19T01:53:09&lt;/CreatedOn&gt;&lt;ModifiedBy&gt;System&lt;/ModifiedBy&gt;&lt;ModifiedOn&gt;2016-12-19T01:53:11&lt;/ModifiedOn&gt;&lt;tagName&gt;Data_00&lt;/tagName&gt;&lt;tagTypeID&gt;8&lt;/tagTypeID&gt;&lt;tagGroupID&gt;1&lt;/tagGroupID&gt;&lt;tagFunctionID&gt;4&lt;/tagFunctionID&gt;&lt;COM_typeName&gt;TSend&lt;/COM_typeName&gt;&lt;FNC_typeName&gt;DefDataTable&lt;/FNC_typeName&gt;&lt;OPC_typeName&gt;FLOAT&lt;/OPC_typeName&gt;&lt;unitID&gt;36&lt;/unitID&gt;&lt;lineID&gt;35&lt;/lineID&gt;&lt;nameDefined&gt;Hi\Lo&lt;/nameDefined&gt;&lt;uomDefinedID&gt;24&lt;/uomDefinedID&gt;&lt;UOMName&gt;MM&lt;/UOMName&gt;&lt;UOMDescription&gt;MILIMETERS&lt;/UOMDescription&gt;&lt;serialNumber&gt;FTW3M16000aug&lt;/serialNumber&gt;&lt;avrg&gt;0.002575&lt;/avrg&gt;&lt;/Row&gt;&lt;Row&gt;&lt;notifRecordID&gt;115456&lt;/notifRecordID&gt;&lt;notifTagID&gt;123&lt;/notifTagID&gt;&lt;notifTagValue&gt;0.002&lt;/notifTagValue&gt;&lt;recordID&gt;115456&lt;/recordID&gt;&lt;notifName&gt;TransCtr&lt;/notifName&gt;&lt;notifDescription&gt;P558_JENOPTIK&lt;/notifDescription&gt;&lt;CreatedBy&gt;SYSTEM&lt;/CreatedBy&gt;&lt;CreatedOn&gt;2016-12-19T01:55:40&lt;/CreatedOn&gt;&lt;ModifiedBy&gt;System&lt;/ModifiedBy&gt;&lt;ModifiedOn&gt;2016-12-19T01:55:42&lt;/ModifiedOn&gt;&lt;tagName&gt;Data_00&lt;/tagName&gt;&lt;tagTypeID&gt;8&lt;/tagTypeID&gt;&lt;tagGroupID&gt;1&lt;/tagGroupID&gt;&lt;tagFunctionID&gt;4&lt;/tagFunctionID&gt;&lt;COM_typeName&gt;TSend&lt;/COM_typeName&gt;&lt;FNC_typeName&gt;DefDataTable&lt;/FNC_typeName&gt;&lt;OPC_typeName&gt;FLOAT&lt;/OPC_typeName&gt;&lt;unitID&gt;36&lt;/unitID&gt;&lt;lineID&gt;35&lt;/lineID&gt;&lt;nameDefined&gt;Hi\Lo&lt;/nameDefined&gt;&lt;uomDefinedID&gt;24&lt;/uomDefinedID&gt;&lt;UOMName&gt;MM&lt;/UOMName&gt;&lt;UOMDescription&gt;MILIMETERS&lt;/UOMDescription&gt;&lt;serialNumber&gt;FTW3M16000auh&lt;/serialNumber&gt;&lt;avrg&gt;0.002575&lt;/avrg&gt;&lt;/Row&gt;&lt;Row&gt;&lt;notifRecordID&gt;115461&lt;/notifRecordID&gt;&lt;notifTagID&gt;123&lt;/notifTagID&gt;&lt;notifTagValue&gt;0.01&lt;/notifTagValue&gt;&lt;recordID&gt;115461&lt;/recordID&gt;&lt;notifName&gt;TransCtr&lt;/notifName&gt;&lt;notifDescription&gt;P558_JENOPTIK&lt;/notifDescription&gt;&lt;CreatedBy&gt;SYSTEM&lt;/CreatedBy&gt;&lt;CreatedOn&gt;2016-12-19T02:01:06&lt;/CreatedOn&gt;&lt;ModifiedBy&gt;System&lt;/ModifiedBy&gt;&lt;ModifiedOn&gt;2016-12-19T02:01:08&lt;/ModifiedOn&gt;&lt;tagName&gt;Data_00&lt;/tagName&gt;&lt;tagTypeID&gt;8&lt;/tagTypeID&gt;&lt;tagGroupID&gt;1&lt;/tagGroupID&gt;&lt;tagFunctionID&gt;4&lt;/tagFunctionID&gt;&lt;COM_typeName&gt;TSend&lt;/COM_typeName&gt;&lt;FNC_typeName&gt;DefDataTable&lt;/FNC_typeName&gt;&lt;OPC_typeName&gt;FLOAT&lt;/OPC_typeName&gt;&lt;unitID&gt;36&lt;/unitID&gt;&lt;lineID&gt;35&lt;/lineID&gt;&lt;nameDefined&gt;Hi\Lo&lt;/nameDefined&gt;&lt;uomDefinedID&gt;24&lt;/uomDefinedID&gt;&lt;UOMName&gt;MM&lt;/UOMName&gt;&lt;UOMDescription&gt;MILIMETERS&lt;/UOMDescription&gt;&lt;serialNumber&gt;FTW3M16000aui&lt;/serialNumber&gt;&lt;avrg&gt;0.002575&lt;/avrg&gt;&lt;/Row&gt;&lt;Row&gt;&lt;notifRecordID&gt;115468&lt;/notifRecordID&gt;&lt;notifTagID&gt;123&lt;/notifTagID&gt;&lt;notifTagValue&gt;0.016&lt;/notifTagValue&gt;&lt;recordID&gt;115468&lt;/recordID&gt;&lt;notifName&gt;TransCtr&lt;/notifName&gt;&lt;notifDescription&gt;P558_JENOPTIK&lt;/notifDescription&gt;&lt;CreatedBy&gt;SYSTEM&lt;/CreatedBy&gt;&lt;CreatedOn&gt;2016-12-19T02:09:50&lt;/CreatedOn&gt;&lt;ModifiedBy&gt;System&lt;/ModifiedBy&gt;&lt;ModifiedOn&gt;2016-12-19T02:09:52&lt;/ModifiedOn&gt;&lt;tagName&gt;Data_00&lt;/tagName&gt;&lt;tagTypeID&gt;8&lt;/tagTypeID&gt;&lt;tagGroupID&gt;1&lt;/tagGroupID&gt;&lt;tagFunctionID&gt;4&lt;/tagFunctionID&gt;&lt;COM_typeName&gt;TSend&lt;/COM_typeName&gt;&lt;FNC_typeName&gt;DefDataTable&lt;/FNC_typeName&gt;&lt;OPC_typeName&gt;FLOAT&lt;/OPC_typeName&gt;&lt;unitID&gt;36&lt;/unitID&gt;&lt;lineID&gt;35&lt;/lineID&gt;&lt;nameDefined&gt;Hi\Lo&lt;/nameDefined&gt;&lt;uomDefinedID&gt;24&lt;/uomDefinedID&gt;&lt;UOMName&gt;MM&lt;/UOMName&gt;&lt;UOMDescription&gt;MILIMETERS&lt;/UOMDescription&gt;&lt;serialNumber&gt;FTW2M1600070t&lt;/serialNumber&gt;&lt;avrg&gt;0.002575&lt;/avrg&gt;&lt;/Row&gt;&lt;Row&gt;&lt;notifRecordID&gt;115472&lt;/notifRecordID&gt;&lt;notifTagID&gt;123&lt;/notifTagID&gt;&lt;notifTagValue&gt;0.012&lt;/notifTagValue&gt;&lt;recordID&gt;115472&lt;/recordID&gt;&lt;notifName&gt;TransCtr&lt;/notifName&gt;&lt;notifDescription&gt;P558_JENOPTIK&lt;/notifDescription&gt;&lt;CreatedBy&gt;SYSTEM&lt;/CreatedBy&gt;&lt;CreatedOn&gt;2016-12-19T02:11:10&lt;/CreatedOn&gt;&lt;ModifiedBy&gt;System&lt;/ModifiedBy&gt;&lt;ModifiedOn&gt;2016-12-19T02:11:12&lt;/ModifiedOn&gt;&lt;tagName&gt;Data_00&lt;/tagName&gt;&lt;tagTypeID&gt;8&lt;/tagTypeID&gt;&lt;tagGroupID&gt;1&lt;/tagGroupID&gt;&lt;tagFunctionID&gt;4&lt;/tagFunctionID&gt;&lt;COM_typeName&gt;TSend&lt;/COM_typeName&gt;&lt;FNC_typeName&gt;DefDataTable&lt;/FNC_typeName&gt;&lt;OPC_typeName&gt;FLOAT&lt;/OPC_typeName&gt;&lt;unitID&gt;36&lt;/unitID&gt;&lt;lineID&gt;35&lt;/lineID&gt;&lt;nameDefined&gt;Hi\Lo&lt;/nameDefined&gt;&lt;uomDefinedID&gt;24&lt;/uomDefinedID&gt;&lt;UOMName&gt;MM&lt;/UOMName&gt;&lt;UOMDescription&gt;MILIMETERS&lt;/UOMDescription&gt;&lt;serialNumber&gt;FTW2M1600070u&lt;/serialNumber&gt;&lt;avrg&gt;0.002575&lt;/avrg&gt;&lt;/Row&gt;&lt;Row&gt;&lt;notifRecordID&gt;115475&lt;/notifRecordID&gt;&lt;notifTagID&gt;123&lt;/notifTagID&gt;&lt;notifTagValue&gt;0.005&lt;/notifTagValue&gt;&lt;recordID&gt;115475&lt;/recordID&gt;&lt;notifName&gt;TransCtr&lt;/notifName&gt;&lt;notifDescription&gt;P558_JENOPTIK&lt;/notifDescription&gt;&lt;CreatedBy&gt;SYSTEM&lt;/CreatedBy&gt;&lt;CreatedOn&gt;2016-12-19T02:12:35&lt;/CreatedOn&gt;&lt;ModifiedBy&gt;System&lt;/ModifiedBy&gt;&lt;ModifiedOn&gt;2016-12-19T02:12:37&lt;/ModifiedOn&gt;&lt;tagName&gt;Data_00&lt;/tagName&gt;&lt;tagTypeID&gt;8&lt;/tagTypeID&gt;&lt;tagGroupID&gt;1&lt;/tagGroupID&gt;&lt;tagFunctionID&gt;4&lt;/tagFunctionID&gt;&lt;COM_typeName&gt;TSend&lt;/COM_typeName&gt;&lt;FNC_typeName&gt;DefDataTable&lt;/FNC_typeName&gt;&lt;OPC_typeName&gt;FLOAT&lt;/OPC_typeName&gt;&lt;unitID&gt;36&lt;/unitID&gt;&lt;lineID&gt;35&lt;/lineID&gt;&lt;nameDefined&gt;Hi\Lo&lt;/nameDefined&gt;&lt;uomDefinedID&gt;24&lt;/uomDefinedID&gt;&lt;UOMName&gt;MM&lt;/UOMName&gt;&lt;UOMDescription&gt;MILIMETERS&lt;/UOMDescription&gt;&lt;serialNumber&gt;FTW3M16000auj&lt;/serialNumber&gt;&lt;avrg&gt;0.002575&lt;/avrg&gt;&lt;/Row&gt;&lt;Row&gt;&lt;notifRecordID&gt;115485&lt;/notifRecordID&gt;&lt;notifTagID&gt;123&lt;/notifTagID&gt;&lt;notifTagValue&gt;0.002&lt;/notifTagValue&gt;&lt;recordID&gt;115485&lt;/recordID&gt;&lt;notifName&gt;TransCtr&lt;/notifName&gt;&lt;notifDescription&gt;P558_JENOPTIK&lt;/notifDescription&gt;&lt;CreatedBy&gt;SYSTEM&lt;/CreatedBy&gt;&lt;CreatedOn&gt;2016-12-19T02:31:08&lt;/CreatedOn&gt;&lt;ModifiedBy&gt;System&lt;/ModifiedBy&gt;&lt;ModifiedOn&gt;2016-12-19T02:31:10&lt;/ModifiedOn&gt;&lt;tagName&gt;Data_00&lt;/tagName&gt;&lt;tagTypeID&gt;8&lt;/tagTypeID&gt;&lt;tagGroupID&gt;1&lt;/tagGroupID&gt;&lt;tagFunctionID&gt;4&lt;/tagFunctionID&gt;&lt;COM_typeName&gt;TSend&lt;/COM_typeName&gt;&lt;FNC_typeName&gt;DefDataTable&lt;/FNC_typeName&gt;&lt;OPC_typeName&gt;FLOAT&lt;/OPC_typeName&gt;&lt;unitID&gt;36&lt;/unitID&gt;&lt;lineID&gt;35&lt;/lineID&gt;&lt;nameDefined&gt;Hi\Lo&lt;/nameDefined&gt;&lt;uomDefinedID&gt;24&lt;/uomDefinedID&gt;&lt;UOMName&gt;MM&lt;/UOMName&gt;&lt;UOMDescription&gt;MILIMETERS&lt;/UOMDescription&gt;&lt;serialNumber&gt;FTW3M16000auk&lt;/serialNumber&gt;&lt;avrg&gt;0.002575&lt;/avrg&gt;&lt;/Row&gt;&lt;Row&gt;&lt;notifRecordID&gt;115488&lt;/notifRecordID&gt;&lt;notifTagID&gt;123&lt;/notifTagID&gt;&lt;notifTagValue&gt;0.006&lt;/notifTagValue&gt;&lt;recordID&gt;115488&lt;/recordID&gt;&lt;notifName&gt;TransCtr&lt;/notifName&gt;&lt;notifDescription&gt;P558_JENOPTIK&lt;/notifDescription&gt;&lt;CreatedBy&gt;SYSTEM&lt;/CreatedBy&gt;&lt;CreatedOn&gt;2016-12-19T02:32:20&lt;/CreatedOn&gt;&lt;ModifiedBy&gt;System&lt;/ModifiedBy&gt;&lt;ModifiedOn&gt;2016-12-19T02:32:22&lt;/ModifiedOn&gt;&lt;tagName&gt;Data_00&lt;/tagName&gt;&lt;tagTypeID&gt;8&lt;/tagTypeID&gt;&lt;tagGroupID&gt;1&lt;/tagGroupID&gt;&lt;tagFunctionID&gt;4&lt;/tagFunctionID&gt;&lt;COM_typeName&gt;TSend&lt;/COM_typeName&gt;&lt;FNC_typeName&gt;DefDataTable&lt;/FNC_typeName&gt;&lt;OPC_typeName&gt;FLOAT&lt;/OPC_typeName&gt;&lt;unitID&gt;36&lt;/unitID&gt;&lt;lineID&gt;35&lt;/lineID&gt;&lt;nameDefined&gt;Hi\Lo&lt;/nameDefined&gt;&lt;uomDefinedID&gt;24&lt;/uomDefinedID&gt;&lt;UOMName&gt;MM&lt;/UOMName&gt;&lt;UOMDescription&gt;MILIMETERS&lt;/UOMDescription&gt;&lt;serialNumber&gt;FTW2M1600070v&lt;/serialNumber&gt;&lt;avrg&gt;0.002575&lt;/avrg&gt;&lt;/Row&gt;&lt;Row&gt;&lt;notifRecordID&gt;115491&lt;/notifRecordID&gt;&lt;notifTagID&gt;123&lt;/notifTagID&gt;&lt;notifTagValue&gt;0.006&lt;/notifTagValue&gt;&lt;recordID&gt;115491&lt;/recordID&gt;&lt;notifName&gt;TransCtr&lt;/notifName&gt;&lt;notifDescription&gt;P558_JENOPTIK&lt;/notifDescription&gt;&lt;CreatedBy&gt;SYSTEM&lt;/CreatedBy&gt;&lt;CreatedOn&gt;2016-12-19T02:34:11&lt;/CreatedOn&gt;&lt;ModifiedBy&gt;System&lt;/ModifiedBy&gt;&lt;ModifiedOn&gt;2016-12-19T02:34:13&lt;/ModifiedOn&gt;&lt;tagName&gt;Data_00&lt;/tagName&gt;&lt;tagTypeID&gt;8&lt;/tagTypeID&gt;&lt;tagGroupID&gt;1&lt;/tagGroupID&gt;&lt;tagFunctionID&gt;4&lt;/tagFunctionID&gt;&lt;COM_typeName&gt;TSend&lt;/COM_typeName&gt;&lt;FNC_typeName&gt;DefDataTable&lt;/FNC_typeName&gt;&lt;OPC_typeName&gt;FLOAT&lt;/OPC_typeName&gt;&lt;unitID&gt;36&lt;/unitID&gt;&lt;lineID&gt;35&lt;/lineID&gt;&lt;nameDefined&gt;Hi\Lo&lt;/nameDefined&gt;&lt;uomDefinedID&gt;24&lt;/uomDefinedID&gt;&lt;UOMName&gt;MM&lt;/UOMName&gt;&lt;UOMDescription&gt;MILIMETERS&lt;/UOMDescription&gt;&lt;serialNumber&gt;FTW2M1600070v&lt;/serialNumber&gt;&lt;avrg&gt;0.002575&lt;/avrg&gt;&lt;/Row&gt;&lt;Row&gt;&lt;notifRecordID&gt;115493&lt;/notifRecordID&gt;&lt;notifTagID&gt;123&lt;/notifTagID&gt;&lt;notifTagValue&gt;0.006&lt;/notifTagValue&gt;&lt;recordID&gt;115493&lt;/recordID&gt;&lt;notifName&gt;TransCtr&lt;/notifName&gt;&lt;notifDescription&gt;P558_JENOPTIK&lt;/notifDescription&gt;&lt;CreatedBy&gt;SYSTEM&lt;/CreatedBy&gt;&lt;CreatedOn&gt;2016-12-19T02:35:11&lt;/CreatedOn&gt;&lt;ModifiedBy&gt;System&lt;/ModifiedBy&gt;&lt;ModifiedOn&gt;2016-12-19T02:35:13&lt;/ModifiedOn&gt;&lt;tagName&gt;Data_00&lt;/tagName&gt;&lt;tagTypeID&gt;8&lt;/tagTypeID&gt;&lt;tagGroupID&gt;1&lt;/tagGroupID&gt;&lt;tagFunctionID&gt;4&lt;/tagFunctionID&gt;&lt;COM_typeName&gt;TSend&lt;/COM_typeName&gt;&lt;FNC_typeName&gt;DefDataTable&lt;/FNC_typeName&gt;&lt;OPC_typeName&gt;FLOAT&lt;/OPC_typeName&gt;&lt;unitID&gt;36&lt;/unitID&gt;&lt;lineID&gt;35&lt;/lineID&gt;&lt;nameDefined&gt;Hi\Lo&lt;/nameDefined&gt;&lt;uomDefinedID&gt;24&lt;/uomDefinedID&gt;&lt;UOMName&gt;MM&lt;/UOMName&gt;&lt;UOMDescription&gt;MILIMETERS&lt;/UOMDescription&gt;&lt;serialNumber&gt;FTW3M16000aul&lt;/serialNumber&gt;&lt;avrg&gt;0.002575&lt;/avrg&gt;&lt;/Row&gt;&lt;Row&gt;&lt;notifRecordID&gt;115496&lt;/notifRecordID&gt;&lt;notifTagID&gt;123&lt;/notifTagID&gt;&lt;notifTagValue&gt;0.0&lt;/notifTagValue&gt;&lt;recordID&gt;115496&lt;/recordID&gt;&lt;notifName&gt;TransCtr&lt;/notifName&gt;&lt;notifDescription&gt;P558_JENOPTIK&lt;/notifDescription&gt;&lt;CreatedBy&gt;SYSTEM&lt;/CreatedBy&gt;&lt;CreatedOn&gt;2016-12-19T02:36:54&lt;/CreatedOn&gt;&lt;ModifiedBy&gt;System&lt;/ModifiedBy&gt;&lt;ModifiedOn&gt;2016-12-19T02:36:56&lt;/ModifiedOn&gt;&lt;tagName&gt;Data_00&lt;/tagName&gt;&lt;tagTypeID&gt;8&lt;/tagTypeID&gt;&lt;tagGroupID&gt;1&lt;/tagGroupID&gt;&lt;tagFunctionID&gt;4&lt;/tagFunctionID&gt;&lt;COM_typeName&gt;TSend&lt;/COM_typeName&gt;&lt;FNC_typeName&gt;DefDataTable&lt;/FNC_typeName&gt;&lt;OPC_typeName&gt;FLOAT&lt;/OPC_typeName&gt;&lt;unitID&gt;36&lt;/unitID&gt;&lt;lineID&gt;35&lt;/lineID&gt;&lt;nameDefined&gt;Hi\Lo&lt;/nameDefined&gt;&lt;uomDefinedID&gt;24&lt;/uomDefinedID&gt;&lt;UOMName&gt;MM&lt;/UOMName&gt;&lt;UOMDescription&gt;MILIMETERS&lt;/UOMDescription&gt;&lt;serialNumber&gt;FTW2M1600070w&lt;/serialNumber&gt;&lt;avrg&gt;0.002575&lt;/avrg&gt;&lt;/Row&gt;&lt;Row&gt;&lt;notifRecordID&gt;115505&lt;/notifRecordID&gt;&lt;notifTagID&gt;123&lt;/notifTagID&gt;&lt;notifTagValue&gt;0.01&lt;/notifTagValue&gt;&lt;recordID&gt;115505&lt;/recordID&gt;&lt;notifName&gt;TransCtr&lt;/notifName&gt;&lt;notifDescription&gt;P558_JENOPTIK&lt;/notifDescription&gt;&lt;CreatedBy&gt;SYSTEM&lt;/CreatedBy&gt;&lt;CreatedOn&gt;2016-12-19T02:51:47&lt;/CreatedOn&gt;&lt;ModifiedBy&gt;System&lt;/ModifiedBy&gt;&lt;ModifiedOn&gt;2016-12-19T02:51:49&lt;/ModifiedOn&gt;&lt;tagName&gt;Data_00&lt;/tagName&gt;&lt;tagTypeID&gt;8&lt;/tagTypeID&gt;&lt;tagGroupID&gt;1&lt;/tagGroupID&gt;&lt;tagFunctionID&gt;4&lt;/tagFunctionID&gt;&lt;COM_typeName&gt;TSend&lt;/COM_typeName&gt;&lt;FNC_typeName&gt;DefDataTable&lt;/FNC_typeName&gt;&lt;OPC_typeName&gt;FLOAT&lt;/OPC_typeName&gt;&lt;unitID&gt;36&lt;/unitID&gt;&lt;lineID&gt;35&lt;/lineID&gt;&lt;nameDefined&gt;Hi\Lo&lt;/nameDefined&gt;&lt;uomDefinedID&gt;24&lt;/uomDefinedID&gt;&lt;UOMName&gt;MM&lt;/UOMName&gt;&lt;UOMDescription&gt;MILIMETERS&lt;/UOMDescription&gt;&lt;serialNumber&gt;FTW3M16000aum&lt;/serialNumber&gt;&lt;avrg&gt;0.002575&lt;/avrg&gt;&lt;/Row&gt;&lt;Row&gt;&lt;notifRecordID&gt;115509&lt;/notifRecordID&gt;&lt;notifTagID&gt;123&lt;/notifTagID&gt;&lt;notifTagValue&gt;0.0&lt;/notifTagValue&gt;&lt;recordID&gt;115509&lt;/recordID&gt;&lt;notifName&gt;TransCtr&lt;/notifName&gt;&lt;notifDescription&gt;P558_JENOPTIK&lt;/notifDescription&gt;&lt;CreatedBy&gt;SYSTEM&lt;/CreatedBy&gt;&lt;CreatedOn&gt;2016-12-19T02:53:04&lt;/CreatedOn&gt;&lt;ModifiedBy&gt;System&lt;/ModifiedBy&gt;&lt;ModifiedOn&gt;2016-12-19T02:53:06&lt;/ModifiedOn&gt;&lt;tagName&gt;Data_00&lt;/tagName&gt;&lt;tagTypeID&gt;8&lt;/tagTypeID&gt;&lt;tagGroupID&gt;1&lt;/tagGroupID&gt;&lt;tagFunctionID&gt;4&lt;/tagFunctionID&gt;&lt;COM_typeName&gt;TSend&lt;/COM_typeName&gt;&lt;FNC_typeName&gt;DefDataTable&lt;/FNC_typeName&gt;&lt;OPC_typeName&gt;FLOAT&lt;/OPC_typeName&gt;&lt;unitID&gt;36&lt;/unitID&gt;&lt;lineID&gt;35&lt;/lineID&gt;&lt;nameDefined&gt;Hi\Lo&lt;/nameDefined&gt;&lt;uomDefinedID&gt;24&lt;/uomDefinedID&gt;&lt;UOMName&gt;MM&lt;/UOMName&gt;&lt;UOMDescription&gt;MILIMETERS&lt;/UOMDescription&gt;&lt;serialNumber&gt;FTW3M16000aun&lt;/serialNumber&gt;&lt;avrg&gt;0.002575&lt;/avrg&gt;&lt;/Row&gt;&lt;Row&gt;&lt;notifRecordID&gt;115511&lt;/notifRecordID&gt;&lt;notifTagID&gt;123&lt;/notifTagID&gt;&lt;notifTagValue&gt;0.002&lt;/notifTagValue&gt;&lt;recordID&gt;115511&lt;/recordID&gt;&lt;notifName&gt;TransCtr&lt;/notifName&gt;&lt;notifDescription&gt;P558_JENOPTIK&lt;/notifDescription&gt;&lt;CreatedBy&gt;SYSTEM&lt;/CreatedBy&gt;&lt;CreatedOn&gt;2016-12-19T02:54:28&lt;/CreatedOn&gt;&lt;ModifiedBy&gt;System&lt;/ModifiedBy&gt;&lt;ModifiedOn&gt;2016-12-19T02:54:30&lt;/ModifiedOn&gt;&lt;tagName&gt;Data_00&lt;/tagName&gt;&lt;tagTypeID&gt;8&lt;/tagTypeID&gt;&lt;tagGroupID&gt;1&lt;/tagGroupID&gt;&lt;tagFunctionID&gt;4&lt;/tagFunctionID&gt;&lt;COM_typeName&gt;TSend&lt;/COM_typeName&gt;&lt;FNC_typeName&gt;DefDataTable&lt;/FNC_typeName&gt;&lt;OPC_typeName&gt;FLOAT&lt;/OPC_typeName&gt;&lt;unitID&gt;36&lt;/unitID&gt;&lt;lineID&gt;35&lt;/lineID&gt;&lt;nameDefined&gt;Hi\Lo&lt;/nameDefined&gt;&lt;uomDefinedID&gt;24&lt;/uomDefinedID&gt;&lt;UOMName&gt;MM&lt;/UOMName&gt;&lt;UOMDescription&gt;MILIMETERS&lt;/UOMDescription&gt;&lt;serialNumber&gt;FTW2M1600070x&lt;/serialNumber&gt;&lt;avrg&gt;0.002575&lt;/avrg&gt;&lt;/Row&gt;&lt;Row&gt;&lt;notifRecordID&gt;115513&lt;/notifRecordID&gt;&lt;notifTagID&gt;123&lt;/notifTagID&gt;&lt;notifTagValue&gt;0.008&lt;/notifTagValue&gt;&lt;recordID&gt;115513&lt;/recordID&gt;&lt;notifName&gt;TransCtr&lt;/notifName&gt;&lt;notifDescription&gt;P558_JENOPTIK&lt;/notifDescription&gt;&lt;CreatedBy&gt;SYSTEM&lt;/CreatedBy&gt;&lt;CreatedOn&gt;2016-12-19T02:56:12&lt;/CreatedOn&gt;&lt;ModifiedBy&gt;System&lt;/ModifiedBy&gt;&lt;ModifiedOn&gt;2016-12-19T02:56:14&lt;/ModifiedOn&gt;&lt;tagName&gt;Data_00&lt;/tagName&gt;&lt;tagTypeID&gt;8&lt;/tagTypeID&gt;&lt;tagGroupID&gt;1&lt;/tagGroupID&gt;&lt;tagFunctionID&gt;4&lt;/tagFunctionID&gt;&lt;COM_typeName&gt;TSend&lt;/COM_typeName&gt;&lt;FNC_typeName&gt;DefDataTable&lt;/FNC_typeName&gt;&lt;OPC_typeName&gt;FLOAT&lt;/OPC_typeName&gt;&lt;unitID&gt;36&lt;/unitID&gt;&lt;lineID&gt;35&lt;/lineID&gt;&lt;nameDefined&gt;Hi\Lo&lt;/nameDefined&gt;&lt;uomDefinedID&gt;24&lt;/uomDefinedID&gt;&lt;UOMName&gt;MM&lt;/UOMName&gt;&lt;UOMDescription&gt;MILIMETERS&lt;/UOMDescription&gt;&lt;serialNumber&gt;FTW3M16000auo&lt;/serialNumber&gt;&lt;avrg&gt;0.002575&lt;/avrg&gt;&lt;/Row&gt;&lt;Row&gt;&lt;notifRecordID&gt;115517&lt;/notifRecordID&gt;&lt;notifTagID&gt;123&lt;/notifTagID&gt;&lt;notifTagValue&gt;0.01&lt;/notifTagValue&gt;&lt;recordID&gt;115517&lt;/recordID&gt;&lt;notifName&gt;TransCtr&lt;/notifName&gt;&lt;notifDescription&gt;P558_JENOPTIK&lt;/notifDescription&gt;&lt;CreatedBy&gt;SYSTEM&lt;/CreatedBy&gt;&lt;CreatedOn&gt;2016-12-19T03:01:26&lt;/CreatedOn&gt;&lt;ModifiedBy&gt;System&lt;/ModifiedBy&gt;&lt;ModifiedOn&gt;2016-12-19T03:01:28&lt;/ModifiedOn&gt;&lt;tagName&gt;Data_00&lt;/tagName&gt;&lt;tagTypeID&gt;8&lt;/tagTypeID&gt;&lt;tagGroupID&gt;1&lt;/tagGroupID&gt;&lt;tagFunctionID&gt;4&lt;/tagFunctionID&gt;&lt;COM_typeName&gt;TSend&lt;/COM_typeName&gt;&lt;FNC_typeName&gt;DefDataTable&lt;/FNC_typeName&gt;&lt;OPC_typeName&gt;FLOAT&lt;/OPC_typeName&gt;&lt;unitID&gt;36&lt;/unitID&gt;&lt;lineID&gt;35&lt;/lineID&gt;&lt;nameDefined&gt;Hi\Lo&lt;/nameDefined&gt;&lt;uomDefinedID&gt;24&lt;/uomDefinedID&gt;&lt;UOMName&gt;MM&lt;/UOMName&gt;&lt;UOMDescription&gt;MILIMETERS&lt;/UOMDescription&gt;&lt;serialNumber&gt;FTW3M16000aup&lt;/serialNumber&gt;&lt;avrg&gt;0.002575&lt;/avrg&gt;&lt;/Row&gt;&lt;Row&gt;&lt;notifRecordID&gt;115519&lt;/notifRecordID&gt;&lt;notifTagID&gt;123&lt;/notifTagID&gt;&lt;notifTagValue&gt;-0.002&lt;/notifTagValue&gt;&lt;recordID&gt;115519&lt;/recordID&gt;&lt;notifName&gt;TransCtr&lt;/notifName&gt;&lt;notifDescription&gt;P558_JENOPTIK&lt;/notifDescription&gt;&lt;CreatedBy&gt;SYSTEM&lt;/CreatedBy&gt;&lt;CreatedOn&gt;2016-12-19T03:02:57&lt;/CreatedOn&gt;&lt;ModifiedBy&gt;System&lt;/ModifiedBy&gt;&lt;ModifiedOn&gt;2016-12-19T03:02:58&lt;/ModifiedOn&gt;&lt;tagName&gt;Data_00&lt;/tagName&gt;&lt;tagTypeID&gt;8&lt;/tagTypeID&gt;&lt;tagGroupID&gt;1&lt;/tagGroupID&gt;&lt;tagFunctionID&gt;4&lt;/tagFunctionID&gt;&lt;COM_typeName&gt;TSend&lt;/COM_typeName&gt;&lt;FNC_typeName&gt;DefDataTable&lt;/FNC_typeName&gt;&lt;OPC_typeName&gt;FLOAT&lt;/OPC_typeName&gt;&lt;unitID&gt;36&lt;/unitID&gt;&lt;lineID&gt;35&lt;/lineID&gt;&lt;nameDefined&gt;Hi\Lo&lt;/nameDefined&gt;&lt;uomDefinedID&gt;24&lt;/uomDefinedID&gt;&lt;UOMName&gt;MM&lt;/UOMName&gt;&lt;UOMDescription&gt;MILIMETERS&lt;/UOMDescription&gt;&lt;serialNumber&gt;FTW3M16000auq&lt;/serialNumber&gt;&lt;avrg&gt;0.002575&lt;/avrg&gt;&lt;/Row&gt;&lt;Row&gt;&lt;notifRecordID&gt;115521&lt;/notifRecordID&gt;&lt;notifTagID&gt;123&lt;/notifTagID&gt;&lt;notifTagValue&gt;0.007&lt;/notifTagValue&gt;&lt;recordID&gt;115521&lt;/recordID&gt;&lt;notifName&gt;TransCtr&lt;/notifName&gt;&lt;notifDescription&gt;P558_JENOPTIK&lt;/notifDescription&gt;&lt;CreatedBy&gt;SYSTEM&lt;/CreatedBy&gt;&lt;CreatedOn&gt;2016-12-19T03:05:01&lt;/CreatedOn&gt;&lt;ModifiedBy&gt;System&lt;/ModifiedBy&gt;&lt;ModifiedOn&gt;2016-12-19T03:05:03&lt;/ModifiedOn&gt;&lt;tagName&gt;Data_00&lt;/tagName&gt;&lt;tagTypeID&gt;8&lt;/tagTypeID&gt;&lt;tagGroupID&gt;1&lt;/tagGroupID&gt;&lt;tagFunctionID&gt;4&lt;/tagFunctionID&gt;&lt;COM_typeName&gt;TSend&lt;/COM_typeName&gt;&lt;FNC_typeName&gt;DefDataTable&lt;/FNC_typeName&gt;&lt;OPC_typeName&gt;FLOAT&lt;/OPC_typeName&gt;&lt;unitID&gt;36&lt;/unitID&gt;&lt;lineID&gt;35&lt;/lineID&gt;&lt;nameDefined&gt;Hi\Lo&lt;/nameDefined&gt;&lt;uomDefinedID&gt;24&lt;/uomDefinedID&gt;&lt;UOMName&gt;MM&lt;/UOMName&gt;&lt;UOMDescription&gt;MILIMETERS&lt;/UOMDescription&gt;&lt;serialNumber&gt;FTW2M1600070y&lt;/serialNumber&gt;&lt;avrg&gt;0.002575&lt;/avrg&gt;&lt;/Row&gt;&lt;Row&gt;&lt;notifRecordID&gt;115527&lt;/notifRecordID&gt;&lt;notifTagID&gt;123&lt;/notifTagID&gt;&lt;notifTagValue&gt;0.01&lt;/notifTagValue&gt;&lt;recordID&gt;115527&lt;/recordID&gt;&lt;notifName&gt;TransCtr&lt;/notifName&gt;&lt;notifDescription&gt;P558_JENOPTIK&lt;/notifDescription&gt;&lt;CreatedBy&gt;SYSTEM&lt;/CreatedBy&gt;&lt;CreatedOn&gt;2016-12-19T03:09:26&lt;/CreatedOn&gt;&lt;ModifiedBy&gt;System&lt;/ModifiedBy&gt;&lt;ModifiedOn&gt;2016-12-19T03:09:28&lt;/ModifiedOn&gt;&lt;tagName&gt;Data_00&lt;/tagName&gt;&lt;tagTypeID&gt;8&lt;/tagTypeID&gt;&lt;tagGroupID&gt;1&lt;/tagGroupID&gt;&lt;tagFunctionID&gt;4&lt;/tagFunctionID&gt;&lt;COM_typeName&gt;TSend&lt;/COM_typeName&gt;&lt;FNC_typeName&gt;DefDataTable&lt;/FNC_typeName&gt;&lt;OPC_typeName&gt;FLOAT&lt;/OPC_typeName&gt;&lt;unitID&gt;36&lt;/unitID&gt;&lt;lineID&gt;35&lt;/lineID&gt;&lt;nameDefined&gt;Hi\Lo&lt;/nameDefined&gt;&lt;uomDefinedID&gt;24&lt;/uomDefinedID&gt;&lt;UOMName&gt;MM&lt;/UOMName&gt;&lt;UOMDescription&gt;MILIMETERS&lt;/UOMDescription&gt;&lt;serialNumber&gt;FTW2M1600070z&lt;/serialNumber&gt;&lt;avrg&gt;0.002575&lt;/avrg&gt;&lt;/Row&gt;&lt;Row&gt;&lt;notifRecordID&gt;115530&lt;/notifRecordID&gt;&lt;notifTagID&gt;123&lt;/notifTagID&gt;&lt;notifTagValue&gt;0.007&lt;/notifTagValue&gt;&lt;recordID&gt;115530&lt;/recordID&gt;&lt;notifName&gt;TransCtr&lt;/notifName&gt;&lt;notifDescription&gt;P558_JENOPTIK&lt;/notifDescription&gt;&lt;CreatedBy&gt;SYSTEM&lt;/CreatedBy&gt;&lt;CreatedOn&gt;2016-12-19T03:10:50&lt;/CreatedOn&gt;&lt;ModifiedBy&gt;System&lt;/ModifiedBy&gt;&lt;ModifiedOn&gt;2016-12-19T03:10:52&lt;/ModifiedOn&gt;&lt;tagName&gt;Data_00&lt;/tagName&gt;&lt;tagTypeID&gt;8&lt;/tagTypeID&gt;&lt;tagGroupID&gt;1&lt;/tagGroupID&gt;&lt;tagFunctionID&gt;4&lt;/tagFunctionID&gt;&lt;COM_typeName&gt;TSend&lt;/COM_typeName&gt;&lt;FNC_typeName&gt;DefDataTable&lt;/FNC_typeName&gt;&lt;OPC_typeName&gt;FLOAT&lt;/OPC_typeName&gt;&lt;unitID&gt;36&lt;/unitID&gt;&lt;lineID&gt;35&lt;/lineID&gt;&lt;nameDefined&gt;Hi\Lo&lt;/nameDefined&gt;&lt;uomDefinedID&gt;24&lt;/uomDefinedID&gt;&lt;UOMName&gt;MM&lt;/UOMName&gt;&lt;UOMDescription&gt;MILIMETERS&lt;/UOMDescription&gt;&lt;serialNumber&gt;FTW3M16000aur&lt;/serialNumber&gt;&lt;avrg&gt;0.002575&lt;/avrg&gt;&lt;/Row&gt;&lt;Row&gt;&lt;notifRecordID&gt;115532&lt;/notifRecordID&gt;&lt;notifTagID&gt;123&lt;/notifTagID&gt;&lt;notifTagValue&gt;0.004&lt;/notifTagValue&gt;&lt;recordID&gt;115532&lt;/recordID&gt;&lt;notifName&gt;TransCtr&lt;/notifName&gt;&lt;notifDescription&gt;P558_JENOPTIK&lt;/notifDescription&gt;&lt;CreatedBy&gt;SYSTEM&lt;/CreatedBy&gt;&lt;CreatedOn&gt;2016-12-19T03:12:46&lt;/CreatedOn&gt;&lt;ModifiedBy&gt;System&lt;/ModifiedBy&gt;&lt;ModifiedOn&gt;2016-12-19T03:12:48&lt;/ModifiedOn&gt;&lt;tagName&gt;Data_00&lt;/tagName&gt;&lt;tagTypeID&gt;8&lt;/tagTypeID&gt;&lt;tagGroupID&gt;1&lt;/tagGroupID&gt;&lt;tagFunctionID&gt;4&lt;/tagFunctionID&gt;&lt;COM_typeName&gt;TSend&lt;/COM_typeName&gt;&lt;FNC_typeName&gt;DefDataTable&lt;/FNC_typeName&gt;&lt;OPC_typeName&gt;FLOAT&lt;/OPC_typeName&gt;&lt;unitID&gt;36&lt;/unitID&gt;&lt;lineID&gt;35&lt;/lineID&gt;&lt;nameDefined&gt;Hi\Lo&lt;/nameDefined&gt;&lt;uomDefinedID&gt;24&lt;/uomDefinedID&gt;&lt;UOMName&gt;MM&lt;/UOMName&gt;&lt;UOMDescription&gt;MILIMETERS&lt;/UOMDescription&gt;&lt;serialNumber&gt;FTW2M16000710&lt;/serialNumber&gt;&lt;avrg&gt;0.002575&lt;/avrg&gt;&lt;/Row&gt;&lt;Row&gt;&lt;notifRecordID&gt;115535&lt;/notifRecordID&gt;&lt;notifTagID&gt;123&lt;/notifTagID&gt;&lt;notifTagValue&gt;0.004&lt;/notifTagValue&gt;&lt;recordID&gt;115535&lt;/recordID&gt;&lt;notifName&gt;TransCtr&lt;/notifName&gt;&lt;notifDescription&gt;P558_JENOPTIK&lt;/notifDescription&gt;&lt;CreatedBy&gt;SYSTEM&lt;/CreatedBy&gt;&lt;CreatedOn&gt;2016-12-19T03:14:34&lt;/CreatedOn&gt;&lt;ModifiedBy&gt;System&lt;/ModifiedBy&gt;&lt;ModifiedOn&gt;2016-12-19T03:14:36&lt;/ModifiedOn&gt;&lt;tagName&gt;Data_00&lt;/tagName&gt;&lt;tagTypeID&gt;8&lt;/tagTypeID&gt;&lt;tagGroupID&gt;1&lt;/tagGroupID&gt;&lt;tagFunctionID&gt;4&lt;/tagFunctionID&gt;&lt;COM_typeName&gt;TSend&lt;/COM_typeName&gt;&lt;FNC_typeName&gt;DefDataTable&lt;/FNC_typeName&gt;&lt;OPC_typeName&gt;FLOAT&lt;/OPC_typeName&gt;&lt;unitID&gt;36&lt;/unitID&gt;&lt;lineID&gt;35&lt;/lineID&gt;&lt;nameDefined&gt;Hi\Lo&lt;/nameDefined&gt;&lt;uomDefinedID&gt;24&lt;/uomDefinedID&gt;&lt;UOMName&gt;MM&lt;/UOMName&gt;&lt;UOMDescription&gt;MILIMETERS&lt;/UOMDescription&gt;&lt;serialNumber&gt;FTW2M16000711&lt;/serialNumber&gt;&lt;avrg&gt;0.002575&lt;/avrg&gt;&lt;/Row&gt;&lt;Row&gt;&lt;notifRecordID&gt;115538&lt;/notifRecordID&gt;&lt;notifTagID&gt;123&lt;/notifTagID&gt;&lt;notifTagValue&gt;0.004&lt;/notifTagValue&gt;&lt;recordID&gt;115538&lt;/recordID&gt;&lt;notifName&gt;TransCtr&lt;/notifName&gt;&lt;notifDescription&gt;P558_JENOPTIK&lt;/notifDescription&gt;&lt;CreatedBy&gt;SYSTEM&lt;/CreatedBy&gt;&lt;CreatedOn&gt;2016-12-19T03:19:23&lt;/CreatedOn&gt;&lt;ModifiedBy&gt;System&lt;/ModifiedBy&gt;&lt;ModifiedOn&gt;2016-12-19T03:19:24&lt;/ModifiedOn&gt;&lt;tagName&gt;Data_00&lt;/tagName&gt;&lt;tagTypeID&gt;8&lt;/tagTypeID&gt;&lt;tagGroupID&gt;1&lt;/tagGroupID&gt;&lt;tagFunctionID&gt;4&lt;/tagFunctionID&gt;&lt;COM_typeName&gt;TSend&lt;/COM_typeName&gt;&lt;FNC_typeName&gt;DefDataTable&lt;/FNC_typeName&gt;&lt;OPC_typeName&gt;FLOAT&lt;/OPC_typeName&gt;&lt;unitID&gt;36&lt;/unitID&gt;&lt;lineID&gt;35&lt;/lineID&gt;&lt;nameDefined&gt;Hi\Lo&lt;/nameDefined&gt;&lt;uomDefinedID&gt;24&lt;/uomDefinedID&gt;&lt;UOMName&gt;MM&lt;/UOMName&gt;&lt;UOMDescription&gt;MILIMETERS&lt;/UOMDescription&gt;&lt;serialNumber&gt;FTW3M16000aus&lt;/serialNumber&gt;&lt;avrg&gt;0.002575&lt;/avrg&gt;&lt;/Row&gt;&lt;Row&gt;&lt;notifRecordID&gt;115547&lt;/notifRecordID&gt;&lt;notifTagID&gt;123&lt;/notifTagID&gt;&lt;notifTagValue&gt;0.007&lt;/notifTagValue&gt;&lt;recordID&gt;115547&lt;/recordID&gt;&lt;notifName&gt;TransCtr&lt;/notifName&gt;&lt;notifDescription&gt;P558_JENOPTIK&lt;/notifDescription&gt;&lt;CreatedBy&gt;SYSTEM&lt;/CreatedBy&gt;&lt;CreatedOn&gt;2016-12-19T03:38:28&lt;/CreatedOn&gt;&lt;ModifiedBy&gt;System&lt;/ModifiedBy&gt;&lt;ModifiedOn&gt;2016-12-19T03:38:30&lt;/ModifiedOn&gt;&lt;tagName&gt;Data_00&lt;/tagName&gt;&lt;tagTypeID&gt;8&lt;/tagTypeID&gt;&lt;tagGroupID&gt;1&lt;/tagGroupID&gt;&lt;tagFunctionID&gt;4&lt;/tagFunctionID&gt;&lt;COM_typeName&gt;TSend&lt;/COM_typeName&gt;&lt;FNC_typeName&gt;DefDataTable&lt;/FNC_typeName&gt;&lt;OPC_typeName&gt;FLOAT&lt;/OPC_typeName&gt;&lt;unitID&gt;36&lt;/unitID&gt;&lt;lineID&gt;35&lt;/lineID&gt;&lt;nameDefined&gt;Hi\Lo&lt;/nameDefined&gt;&lt;uomDefinedID&gt;24&lt;/uomDefinedID&gt;&lt;UOMName&gt;MM&lt;/UOMName&gt;&lt;UOMDescription&gt;MILIMETERS&lt;/UOMDescription&gt;&lt;serialNumber&gt;FTW2M16000713&lt;/serialNumber&gt;&lt;avrg&gt;0.002575&lt;/avrg&gt;&lt;/Row&gt;&lt;Row&gt;&lt;notifRecordID&gt;115562&lt;/notifRecordID&gt;&lt;notifTagID&gt;123&lt;/notifTagID&gt;&lt;notifTagValue&gt;0.006&lt;/notifTagValue&gt;&lt;recordID&gt;115562&lt;/recordID&gt;&lt;notifName&gt;TransCtr&lt;/notifName&gt;&lt;notifDescription&gt;P558_JENOPTIK&lt;/notifDescription&gt;&lt;CreatedBy&gt;SYSTEM&lt;/CreatedBy&gt;&lt;CreatedOn&gt;2016-12-19T04:11:06&lt;/CreatedOn&gt;&lt;ModifiedBy&gt;System&lt;/ModifiedBy&gt;&lt;ModifiedOn&gt;2016-12-19T04:11:08&lt;/ModifiedOn&gt;&lt;tagName&gt;Data_00&lt;/tagName&gt;&lt;tagTypeID&gt;8&lt;/tagTypeID&gt;&lt;tagGroupID&gt;1&lt;/tagGroupID&gt;&lt;tagFunctionID&gt;4&lt;/tagFunctionID&gt;&lt;COM_typeName&gt;TSend&lt;/COM_typeName&gt;&lt;FNC_typeName&gt;DefDataTable&lt;/FNC_typeName&gt;&lt;OPC_typeName&gt;FLOAT&lt;/OPC_typeName&gt;&lt;unitID&gt;36&lt;/unitID&gt;&lt;lineID&gt;35&lt;/lineID&gt;&lt;nameDefined&gt;Hi\Lo&lt;/nameDefined&gt;&lt;uomDefinedID&gt;24&lt;/uomDefinedID&gt;&lt;UOMName&gt;MM&lt;/UOMName&gt;&lt;UOMDescription&gt;MILIMETERS&lt;/UOMDescription&gt;&lt;serialNumber&gt;FTW3M16000auu&lt;/serialNumber&gt;&lt;avrg&gt;0.002575&lt;/avrg&gt;&lt;/Row&gt;&lt;Row&gt;&lt;notifRecordID&gt;115565&lt;/notifRecordID&gt;&lt;notifTagID&gt;123&lt;/notifTagID&gt;&lt;notifTagValue&gt;0.001&lt;/notifTagValue&gt;&lt;recordID&gt;115565&lt;/recordID&gt;&lt;notifName&gt;TransCtr&lt;/notifName&gt;&lt;notifDescription&gt;P558_JENOPTIK&lt;/notifDescription&gt;&lt;CreatedBy&gt;SYSTEM&lt;/CreatedBy&gt;&lt;CreatedOn&gt;2016-12-19T04:12:43&lt;/CreatedOn&gt;&lt;ModifiedBy&gt;System&lt;/ModifiedBy&gt;&lt;ModifiedOn&gt;2016-12-19T04:12:45&lt;/ModifiedOn&gt;&lt;tagName&gt;Data_00&lt;/tagName&gt;&lt;tagTypeID&gt;8&lt;/tagTypeID&gt;&lt;tagGroupID&gt;1&lt;/tagGroupID&gt;&lt;tagFunctionID&gt;4&lt;/tagFunctionID&gt;&lt;COM_typeName&gt;TSend&lt;/COM_typeName&gt;&lt;FNC_typeName&gt;DefDataTable&lt;/FNC_typeName&gt;&lt;OPC_typeName&gt;FLOAT&lt;/OPC_typeName&gt;&lt;unitID&gt;36&lt;/unitID&gt;&lt;lineID&gt;35&lt;/lineID&gt;&lt;nameDefined&gt;Hi\Lo&lt;/nameDefined&gt;&lt;uomDefinedID&gt;24&lt;/uomDefinedID&gt;&lt;UOMName&gt;MM&lt;/UOMName&gt;&lt;UOMDescription&gt;MILIMETERS&lt;/UOMDescription&gt;&lt;serialNumber&gt;FTW2M16000712&lt;/serialNumber&gt;&lt;avrg&gt;0.002575&lt;/avrg&gt;&lt;/Row&gt;&lt;Row&gt;&lt;notifRecordID&gt;115567&lt;/notifRecordID&gt;&lt;notifTagID&gt;123&lt;/notifTagID&gt;&lt;notifTagValue&gt;0.009&lt;/notifTagValue&gt;&lt;recordID&gt;115567&lt;/recordID&gt;&lt;notifName&gt;TransCtr&lt;/notifName&gt;&lt;notifDescription&gt;P558_JENOPTIK&lt;/notifDescription&gt;&lt;CreatedBy&gt;SYSTEM&lt;/CreatedBy&gt;&lt;CreatedOn&gt;2016-12-19T04:14:18&lt;/CreatedOn&gt;&lt;ModifiedBy&gt;System&lt;/ModifiedBy&gt;&lt;ModifiedOn&gt;2016-12-19T04:14:20&lt;/ModifiedOn&gt;&lt;tagName&gt;Data_00&lt;/tagName&gt;&lt;tagTypeID&gt;8&lt;/tagTypeID&gt;&lt;tagGroupID&gt;1&lt;/tagGroupID&gt;&lt;tagFunctionID&gt;4&lt;/tagFunctionID&gt;&lt;COM_typeName&gt;TSend&lt;/COM_typeName&gt;&lt;FNC_typeName&gt;DefDataTable&lt;/FNC_typeName&gt;&lt;OPC_typeName&gt;FLOAT&lt;/OPC_typeName&gt;&lt;unitID&gt;36&lt;/unitID&gt;&lt;lineID&gt;35&lt;/lineID&gt;&lt;nameDefined&gt;Hi\Lo&lt;/nameDefined&gt;&lt;uomDefinedID&gt;24&lt;/uomDefinedID&gt;&lt;UOMName&gt;MM&lt;/UOMName&gt;&lt;UOMDescription&gt;MILIMETERS&lt;/UOMDescription&gt;&lt;serialNumber&gt;FTW3M16000auv&lt;/serialNumber&gt;&lt;avrg&gt;0.002575&lt;/avrg&gt;&lt;/Row&gt;&lt;Row&gt;&lt;notifRecordID&gt;115570&lt;/notifRecordID&gt;&lt;notifTagID&gt;123&lt;/notifTagID&gt;&lt;notifTagValue&gt;0.005&lt;/notifTagValue&gt;&lt;recordID&gt;115570&lt;/recordID&gt;&lt;notifName&gt;TransCtr&lt;/notifName&gt;&lt;notifDescription&gt;P558_JENOPTIK&lt;/notifDescription&gt;&lt;CreatedBy&gt;SYSTEM&lt;/CreatedBy&gt;&lt;CreatedOn&gt;2016-12-19T04:15:58&lt;/CreatedOn&gt;&lt;ModifiedBy&gt;System&lt;/ModifiedBy&gt;&lt;ModifiedOn&gt;2016-12-19T04:16:00&lt;/ModifiedOn&gt;&lt;tagName&gt;Data_00&lt;/tagName&gt;&lt;tagTypeID&gt;8&lt;/tagTypeID&gt;&lt;tagGroupID&gt;1&lt;/tagGroupID&gt;&lt;tagFunctionID&gt;4&lt;/tagFunctionID&gt;&lt;COM_typeName&gt;TSend&lt;/COM_typeName&gt;&lt;FNC_typeName&gt;DefDataTable&lt;/FNC_typeName&gt;&lt;OPC_typeName&gt;FLOAT&lt;/OPC_typeName&gt;&lt;unitID&gt;36&lt;/unitID&gt;&lt;lineID&gt;35&lt;/lineID&gt;&lt;nameDefined&gt;Hi\Lo&lt;/nameDefined&gt;&lt;uomDefinedID&gt;24&lt;/uomDefinedID&gt;&lt;UOMName&gt;MM&lt;/UOMName&gt;&lt;UOMDescription&gt;MILIMETERS&lt;/UOMDescription&gt;&lt;serialNumber&gt;FTW3M16000auw&lt;/serialNumber&gt;&lt;avrg&gt;0.002575&lt;/avrg&gt;&lt;/Row&gt;&lt;Row&gt;&lt;notifRecordID&gt;115574&lt;/notifRecordID&gt;&lt;notifTagID&gt;123&lt;/notifTagID&gt;&lt;notifTagValue&gt;0.006&lt;/notifTagValue&gt;&lt;recordID&gt;115574&lt;/recordID&gt;&lt;notifName&gt;TransCtr&lt;/notifName&gt;&lt;notifDescription&gt;P558_JENOPTIK&lt;/notifDescription&gt;&lt;CreatedBy&gt;SYSTEM&lt;/CreatedBy&gt;&lt;CreatedOn&gt;2016-12-19T04:21:47&lt;/CreatedOn&gt;&lt;ModifiedBy&gt;System&lt;/ModifiedBy&gt;&lt;ModifiedOn&gt;2016-12-19T04:21:48&lt;/ModifiedOn&gt;&lt;tagName&gt;Data_00&lt;/tagName&gt;&lt;tagTypeID&gt;8&lt;/tagTypeID&gt;&lt;tagGroupID&gt;1&lt;/tagGroupID&gt;&lt;tagFunctionID&gt;4&lt;/tagFunctionID&gt;&lt;COM_typeName&gt;TSend&lt;/COM_typeName&gt;&lt;FNC_typeName&gt;DefDataTable&lt;/FNC_typeName&gt;&lt;OPC_typeName&gt;FLOAT&lt;/OPC_typeName&gt;&lt;unitID&gt;36&lt;/unitID&gt;&lt;lineID&gt;35&lt;/lineID&gt;&lt;nameDefined&gt;Hi\Lo&lt;/nameDefined&gt;&lt;uomDefinedID&gt;24&lt;/uomDefinedID&gt;&lt;UOMName&gt;MM&lt;/UOMName&gt;&lt;UOMDescription&gt;MILIMETERS&lt;/UOMDescription&gt;&lt;serialNumber&gt;FTW2M16000714&lt;/serialNumber&gt;&lt;avrg&gt;0.002575&lt;/avrg&gt;&lt;/Row&gt;&lt;Row&gt;&lt;notifRecordID&gt;115577&lt;/notifRecordID&gt;&lt;notifTagID&gt;123&lt;/notifTagID&gt;&lt;notifTagValue&gt;0.005&lt;/notifTagValue&gt;&lt;recordID&gt;115577&lt;/recordID&gt;&lt;notifName&gt;TransCtr&lt;/notifName&gt;&lt;notifDescription&gt;P558_JENOPTIK&lt;/notifDescription&gt;&lt;CreatedBy&gt;SYSTEM&lt;/CreatedBy&gt;&lt;CreatedOn&gt;2016-12-19T04:23:58&lt;/CreatedOn&gt;&lt;ModifiedBy&gt;System&lt;/ModifiedBy&gt;&lt;ModifiedOn&gt;2016-12-19T04:24:00&lt;/ModifiedOn&gt;&lt;tagName&gt;Data_00&lt;/tagName&gt;&lt;tagTypeID&gt;8&lt;/tagTypeID&gt;&lt;tagGroupID&gt;1&lt;/tagGroupID&gt;&lt;tagFunctionID&gt;4&lt;/tagFunctionID&gt;&lt;COM_typeName&gt;TSend&lt;/COM_typeName&gt;&lt;FNC_typeName&gt;DefDataTable&lt;/FNC_typeName&gt;&lt;OPC_typeName&gt;FLOAT&lt;/OPC_typeName&gt;&lt;unitID&gt;36&lt;/unitID&gt;&lt;lineID&gt;35&lt;/lineID&gt;&lt;nameDefined&gt;Hi\Lo&lt;/nameDefined&gt;&lt;uomDefinedID&gt;24&lt;/uomDefinedID&gt;&lt;UOMName&gt;MM&lt;/UOMName&gt;&lt;UOMDescription&gt;MILIMETERS&lt;/UOMDescription&gt;&lt;serialNumber&gt;FTW3M16000aux&lt;/serialNumber&gt;&lt;avrg&gt;0.002575&lt;/avrg&gt;&lt;/Row&gt;&lt;Row&gt;&lt;notifRecordID&gt;115580&lt;/notifRecordID&gt;&lt;notifTagID&gt;123&lt;/notifTagID&gt;&lt;notifTagValue&gt;0.007&lt;/notifTagValue&gt;&lt;recordID&gt;115580&lt;/recordID&gt;&lt;notifName&gt;TransCtr&lt;/notifName&gt;&lt;notifDescription&gt;P558_JENOPTIK&lt;/notifDescription&gt;&lt;CreatedBy&gt;SYSTEM&lt;/CreatedBy&gt;&lt;CreatedOn&gt;2016-12-19T04:25:32&lt;/CreatedOn&gt;&lt;ModifiedBy&gt;System&lt;/ModifiedBy&gt;&lt;ModifiedOn&gt;2016-12-19T04:25:34&lt;/ModifiedOn&gt;&lt;tagName&gt;Data_00&lt;/tagName&gt;&lt;tagTypeID&gt;8&lt;/tagTypeID&gt;&lt;tagGroupID&gt;1&lt;/tagGroupID&gt;&lt;tagFunctionID&gt;4&lt;/tagFunctionID&gt;&lt;COM_typeName&gt;TSend&lt;/COM_typeName&gt;&lt;FNC_typeName&gt;DefDataTable&lt;/FNC_typeName&gt;&lt;OPC_typeName&gt;FLOAT&lt;/OPC_typeName&gt;&lt;unitID&gt;36&lt;/unitID&gt;&lt;lineID&gt;35&lt;/lineID&gt;&lt;nameDefined&gt;Hi\Lo&lt;/nameDefined&gt;&lt;uomDefinedID&gt;24&lt;/uomDefinedID&gt;&lt;UOMName&gt;MM&lt;/UOMName&gt;&lt;UOMDescription&gt;MILIMETERS&lt;/UOMDescription&gt;&lt;serialNumber&gt;FTW2M16000715&lt;/serialNumber&gt;&lt;avrg&gt;0.002575&lt;/avrg&gt;&lt;/Row&gt;&lt;Row&gt;&lt;notifRecordID&gt;115582&lt;/notifRecordID&gt;&lt;notifTagID&gt;123&lt;/notifTagID&gt;&lt;notifTagValue&gt;0.004&lt;/notifTagValue&gt;&lt;recordID&gt;115582&lt;/recordID&gt;&lt;notifName&gt;TransCtr&lt;/notifName&gt;&lt;notifDescription&gt;P558_JENOPTIK&lt;/notifDescription&gt;&lt;CreatedBy&gt;SYSTEM&lt;/CreatedBy&gt;&lt;CreatedOn&gt;2016-12-19T04:27:43&lt;/CreatedOn&gt;&lt;ModifiedBy&gt;System&lt;/ModifiedBy&gt;&lt;ModifiedOn&gt;2016-12-19T04:27:45&lt;/ModifiedOn&gt;&lt;tagName&gt;Data_00&lt;/tagName&gt;&lt;tagTypeID&gt;8&lt;/tagTypeID&gt;&lt;tagGroupID&gt;1&lt;/tagGroupID&gt;&lt;tagFunctionID&gt;4&lt;/tagFunctionID&gt;&lt;COM_typeName&gt;TSend&lt;/COM_typeName&gt;&lt;FNC_typeName&gt;DefDataTable&lt;/FNC_typeName&gt;&lt;OPC_typeName&gt;FLOAT&lt;/OPC_typeName&gt;&lt;unitID&gt;36&lt;/unitID&gt;&lt;lineID&gt;35&lt;/lineID&gt;&lt;nameDefined&gt;Hi\Lo&lt;/nameDefined&gt;&lt;uomDefinedID&gt;24&lt;/uomDefinedID&gt;&lt;UOMName&gt;MM&lt;/UOMName&gt;&lt;UOMDescription&gt;MILIMETERS&lt;/UOMDescription&gt;&lt;serialNumber&gt;FTW2M16000716&lt;/serialNumber&gt;&lt;avrg&gt;0.002575&lt;/avrg&gt;&lt;/Row&gt;&lt;Row&gt;&lt;notifRecordID&gt;115585&lt;/notifRecordID&gt;&lt;notifTagID&gt;123&lt;/notifTagID&gt;&lt;notifTagValue&gt;0.007&lt;/notifTagValue&gt;&lt;recordID&gt;115585&lt;/recordID&gt;&lt;notifName&gt;TransCtr&lt;/notifName&gt;&lt;notifDescription&gt;P558_JENOPTIK&lt;/notifDescription&gt;&lt;CreatedBy&gt;SYSTEM&lt;/CreatedBy&gt;&lt;CreatedOn&gt;2016-12-19T04:29:32&lt;/CreatedOn&gt;&lt;ModifiedBy&gt;System&lt;/ModifiedBy&gt;&lt;ModifiedOn&gt;2016-12-19T04:29:34&lt;/ModifiedOn&gt;&lt;tagName&gt;Data_00&lt;/tagName&gt;&lt;tagTypeID&gt;8&lt;/tagTypeID&gt;&lt;tagGroupID&gt;1&lt;/tagGroupID&gt;&lt;tagFunctionID&gt;4&lt;/tagFunctionID&gt;&lt;COM_typeName&gt;TSend&lt;/COM_typeName&gt;&lt;FNC_typeName&gt;DefDataTable&lt;/FNC_typeName&gt;&lt;OPC_typeName&gt;FLOAT&lt;/OPC_typeName&gt;&lt;unitID&gt;36&lt;/unitID&gt;&lt;lineID&gt;35&lt;/lineID&gt;&lt;nameDefined&gt;Hi\Lo&lt;/nameDefined&gt;&lt;uomDefinedID&gt;24&lt;/uomDefinedID&gt;&lt;UOMName&gt;MM&lt;/UOMName&gt;&lt;UOMDescription&gt;MILIMETERS&lt;/UOMDescription&gt;&lt;serialNumber&gt;FTW3M16000auy&lt;/serialNumber&gt;&lt;avrg&gt;0.002575&lt;/avrg&gt;&lt;/Row&gt;&lt;Row&gt;&lt;notifRecordID&gt;115589&lt;/notifRecordID&gt;&lt;notifTagID&gt;123&lt;/notifTagID&gt;&lt;notifTagValue&gt;0.013&lt;/notifTagValue&gt;&lt;recordID&gt;115589&lt;/recordID&gt;&lt;notifName&gt;TransCtr&lt;/notifName&gt;&lt;notifDescription&gt;P558_JENOPTIK&lt;/notifDescription&gt;&lt;CreatedBy&gt;SYSTEM&lt;/CreatedBy&gt;&lt;CreatedOn&gt;2016-12-19T04:32:22&lt;/CreatedOn&gt;&lt;ModifiedBy&gt;System&lt;/ModifiedBy&gt;&lt;ModifiedOn&gt;2016-12-19T04:32:24&lt;/ModifiedOn&gt;&lt;tagName&gt;Data_00&lt;/tagName&gt;&lt;tagTypeID&gt;8&lt;/tagTypeID&gt;&lt;tagGroupID&gt;1&lt;/tagGroupID&gt;&lt;tagFunctionID&gt;4&lt;/tagFunctionID&gt;&lt;COM_typeName&gt;TSend&lt;/COM_typeName&gt;&lt;FNC_typeName&gt;DefDataTable&lt;/FNC_typeName&gt;&lt;OPC_typeName&gt;FLOAT&lt;/OPC_typeName&gt;&lt;unitID&gt;36&lt;/unitID&gt;&lt;lineID&gt;35&lt;/lineID&gt;&lt;nameDefined&gt;Hi\Lo&lt;/nameDefined&gt;&lt;uomDefinedID&gt;24&lt;/uomDefinedID&gt;&lt;UOMName&gt;MM&lt;/UOMName&gt;&lt;UOMDescription&gt;MILIMETERS&lt;/UOMDescription&gt;&lt;serialNumber&gt;FTW3M16000auz&lt;/serialNumber&gt;&lt;avrg&gt;0.002575&lt;/avrg&gt;&lt;/Row&gt;&lt;Row&gt;&lt;notifRecordID&gt;115599&lt;/notifRecordID&gt;&lt;notifTagID&gt;123&lt;/notifTagID&gt;&lt;notifTagValue&gt;0.01&lt;/notifTagValue&gt;&lt;recordID&gt;115599&lt;/recordID&gt;&lt;notifName&gt;TransCtr&lt;/notifName&gt;&lt;notifDescription&gt;P558_JENOPTIK&lt;/notifDescription&gt;&lt;CreatedBy&gt;SYSTEM&lt;/CreatedBy&gt;&lt;CreatedOn&gt;2016-12-19T04:52:23&lt;/CreatedOn&gt;&lt;ModifiedBy&gt;System&lt;/ModifiedBy&gt;&lt;ModifiedOn&gt;2016-12-19T04:52:25&lt;/ModifiedOn&gt;&lt;tagName&gt;Data_00&lt;/tagName&gt;&lt;tagTypeID&gt;8&lt;/tagTypeID&gt;&lt;tagGroupID&gt;1&lt;/tagGroupID&gt;&lt;tagFunctionID&gt;4&lt;/tagFunctionID&gt;&lt;COM_typeName&gt;TSend&lt;/COM_typeName&gt;&lt;FNC_typeName&gt;DefDataTable&lt;/FNC_typeName&gt;&lt;OPC_typeName&gt;FLOAT&lt;/OPC_typeName&gt;&lt;unitID&gt;36&lt;/unitID&gt;&lt;lineID&gt;35&lt;/lineID&gt;&lt;nameDefined&gt;Hi\Lo&lt;/nameDefined&gt;&lt;uomDefinedID&gt;24&lt;/uomDefinedID&gt;&lt;UOMName&gt;MM&lt;/UOMName&gt;&lt;UOMDescription&gt;MILIMETERS&lt;/UOMDescription&gt;&lt;serialNumber&gt;FTW2M16000717&lt;/serialNumber&gt;&lt;avrg&gt;0.002575&lt;/avrg&gt;&lt;/Row&gt;&lt;Row&gt;&lt;notifRecordID&gt;115601&lt;/notifRecordID&gt;&lt;notifTagID&gt;123&lt;/notifTagID&gt;&lt;notifTagValue&gt;0.004&lt;/notifTagValue&gt;&lt;recordID&gt;115601&lt;/recordID&gt;&lt;notifName&gt;TransCtr&lt;/notifName&gt;&lt;notifDescription&gt;P558_JENOPTIK&lt;/notifDescription&gt;&lt;CreatedBy&gt;SYSTEM&lt;/CreatedBy&gt;&lt;CreatedOn&gt;2016-12-19T04:53:57&lt;/CreatedOn&gt;&lt;ModifiedBy&gt;System&lt;/ModifiedBy&gt;&lt;ModifiedOn&gt;2016-12-19T04:53:59&lt;/ModifiedOn&gt;&lt;tagName&gt;Data_00&lt;/tagName&gt;&lt;tagTypeID&gt;8&lt;/tagTypeID&gt;&lt;tagGroupID&gt;1&lt;/tagGroupID&gt;&lt;tagFunctionID&gt;4&lt;/tagFunctionID&gt;&lt;COM_typeName&gt;TSend&lt;/COM_typeName&gt;&lt;FNC_typeName&gt;DefDataTable&lt;/FNC_typeName&gt;&lt;OPC_typeName&gt;FLOAT&lt;/OPC_typeName&gt;&lt;unitID&gt;36&lt;/unitID&gt;&lt;lineID&gt;35&lt;/lineID&gt;&lt;nameDefined&gt;Hi\Lo&lt;/nameDefined&gt;&lt;uomDefinedID&gt;24&lt;/uomDefinedID&gt;&lt;UOMName&gt;MM&lt;/UOMName&gt;&lt;UOMDescription&gt;MILIMETERS&lt;/UOMDescription&gt;&lt;serialNumber&gt;FTW2M16000718&lt;/serialNumber&gt;&lt;avrg&gt;0.002575&lt;/avrg&gt;&lt;/Row&gt;&lt;Row&gt;&lt;notifRecordID&gt;115604&lt;/notifRecordID&gt;&lt;notifTagID&gt;123&lt;/notifTagID&gt;&lt;notifTagValue&gt;0.002&lt;/notifTagValue&gt;&lt;recordID&gt;115604&lt;/recordID&gt;&lt;notifName&gt;TransCtr&lt;/notifName&gt;&lt;notifDescription&gt;P558_JENOPTIK&lt;/notifDescription&gt;&lt;CreatedBy&gt;SYSTEM&lt;/CreatedBy&gt;&lt;CreatedOn&gt;2016-12-19T04:56:06&lt;/CreatedOn&gt;&lt;ModifiedBy&gt;System&lt;/ModifiedBy&gt;&lt;ModifiedOn&gt;2016-12-19T04:56:08&lt;/ModifiedOn&gt;&lt;tagName&gt;Data_00&lt;/tagName&gt;&lt;tagTypeID&gt;8&lt;/tagTypeID&gt;&lt;tagGroupID&gt;1&lt;/tagGroupID&gt;&lt;tagFunctionID&gt;4&lt;/tagFunctionID&gt;&lt;COM_typeName&gt;TSend&lt;/COM_typeName&gt;&lt;FNC_typeName&gt;DefDataTable&lt;/FNC_typeName&gt;&lt;OPC_typeName&gt;FLOAT&lt;/OPC_typeName&gt;&lt;unitID&gt;36&lt;/unitID&gt;&lt;lineID&gt;35&lt;/lineID&gt;&lt;nameDefined&gt;Hi\Lo&lt;/nameDefined&gt;&lt;uomDefinedID&gt;24&lt;/uomDefinedID&gt;&lt;UOMName&gt;MM&lt;/UOMName&gt;&lt;UOMDescription&gt;MILIMETERS&lt;/UOMDescription&gt;&lt;serialNumber&gt;FTW3M16000av0&lt;/serialNumber&gt;&lt;avrg&gt;0.002575&lt;/avrg&gt;&lt;/Row&gt;&lt;Row&gt;&lt;notifRecordID&gt;115606&lt;/notifRecordID&gt;&lt;notifTagID&gt;123&lt;/notifTagID&gt;&lt;notifTagValue&gt;0.013&lt;/notifTagValue&gt;&lt;recordID&gt;115606&lt;/recordID&gt;&lt;notifName&gt;TransCtr&lt;/notifName&gt;&lt;notifDescription&gt;P558_JENOPTIK&lt;/notifDescription&gt;&lt;CreatedBy&gt;SYSTEM&lt;/CreatedBy&gt;&lt;CreatedOn&gt;2016-12-19T04:58:10&lt;/CreatedOn&gt;&lt;ModifiedBy&gt;System&lt;/ModifiedBy&gt;&lt;ModifiedOn&gt;2016-12-19T04:58:11&lt;/ModifiedOn&gt;&lt;tagName&gt;Data_00&lt;/tagName&gt;&lt;tagTypeID&gt;8&lt;/tagTypeID&gt;&lt;tagGroupID&gt;1&lt;/tagGroupID&gt;&lt;tagFunctionID&gt;4&lt;/tagFunctionID&gt;&lt;COM_typeName&gt;TSend&lt;/COM_typeName&gt;&lt;FNC_typeName&gt;DefDataTable&lt;/FNC_typeName&gt;&lt;OPC_typeName&gt;FLOAT&lt;/OPC_typeName&gt;&lt;unitID&gt;36&lt;/unitID&gt;&lt;lineID&gt;35&lt;/lineID&gt;&lt;nameDefined&gt;Hi\Lo&lt;/nameDefined&gt;&lt;uomDefinedID&gt;24&lt;/uomDefinedID&gt;&lt;UOMName&gt;MM&lt;/UOMName&gt;&lt;UOMDescription&gt;MILIMETERS&lt;/UOMDescription&gt;&lt;serialNumber&gt;FTW3M16000av1&lt;/serialNumber&gt;&lt;avrg&gt;0.002575&lt;/avrg&gt;&lt;/Row&gt;&lt;Row&gt;&lt;notifRecordID&gt;115608&lt;/notifRecordID&gt;&lt;notifTagID&gt;123&lt;/notifTagID&gt;&lt;notifTagValue&gt;0.004&lt;/notifTagValue&gt;&lt;recordID&gt;115608&lt;/recordID&gt;&lt;notifName&gt;TransCtr&lt;/notifName&gt;&lt;notifDescription&gt;P558_JENOPTIK&lt;/notifDescription&gt;&lt;CreatedBy&gt;SYSTEM&lt;/CreatedBy&gt;&lt;CreatedOn&gt;2016-12-19T05:00:21&lt;/CreatedOn&gt;&lt;ModifiedBy&gt;System&lt;/ModifiedBy&gt;&lt;ModifiedOn&gt;2016-12-19T05:00:22&lt;/ModifiedOn&gt;&lt;tagName&gt;Data_00&lt;/tagName&gt;&lt;tagTypeID&gt;8&lt;/tagTypeID&gt;&lt;tagGroupID&gt;1&lt;/tagGroupID&gt;&lt;tagFunctionID&gt;4&lt;/tagFunctionID&gt;&lt;COM_typeName&gt;TSend&lt;/COM_typeName&gt;&lt;FNC_typeName&gt;DefDataTable&lt;/FNC_typeName&gt;&lt;OPC_typeName&gt;FLOAT&lt;/OPC_typeName&gt;&lt;unitID&gt;36&lt;/unitID&gt;&lt;lineID&gt;35&lt;/lineID&gt;&lt;nameDefined&gt;Hi\Lo&lt;/nameDefined&gt;&lt;uomDefinedID&gt;24&lt;/uomDefinedID&gt;&lt;UOMName&gt;MM&lt;/UOMName&gt;&lt;UOMDescription&gt;MILIMETERS&lt;/UOMDescription&gt;&lt;serialNumber&gt;FTW2M16000719&lt;/serialNumber&gt;&lt;avrg&gt;0.002575&lt;/avrg&gt;&lt;/Row&gt;&lt;Row&gt;&lt;notifRecordID&gt;115613&lt;/notifRecordID&gt;&lt;notifTagID&gt;123&lt;/notifTagID&gt;&lt;notifTagValue&gt;0.007&lt;/notifTagValue&gt;&lt;recordID&gt;115613&lt;/recordID&gt;&lt;notifName&gt;TransCtr&lt;/notifName&gt;&lt;notifDescription&gt;P558_JENOPTIK&lt;/notifDescription&gt;&lt;CreatedBy&gt;SYSTEM&lt;/CreatedBy&gt;&lt;CreatedOn&gt;2016-12-19T05:03:09&lt;/CreatedOn&gt;&lt;ModifiedBy&gt;System&lt;/ModifiedBy&gt;&lt;ModifiedOn&gt;2016-12-19T05:03:11&lt;/ModifiedOn&gt;&lt;tagName&gt;Data_00&lt;/tagName&gt;&lt;tagTypeID&gt;8&lt;/tagTypeID&gt;&lt;tagGroupID&gt;1&lt;/tagGroupID&gt;&lt;tagFunctionID&gt;4&lt;/tagFunctionID&gt;&lt;COM_typeName&gt;TSend&lt;/COM_typeName&gt;&lt;FNC_typeName&gt;DefDataTable&lt;/FNC_typeName&gt;&lt;OPC_typeName&gt;FLOAT&lt;/OPC_typeName&gt;&lt;unitID&gt;36&lt;/unitID&gt;&lt;lineID&gt;35&lt;/lineID&gt;&lt;nameDefined&gt;Hi\Lo&lt;/nameDefined&gt;&lt;uomDefinedID&gt;24&lt;/uomDefinedID&gt;&lt;UOMName&gt;MM&lt;/UOMName&gt;&lt;UOMDescription&gt;MILIMETERS&lt;/UOMDescription&gt;&lt;serialNumber&gt;FTW2M1600071a&lt;/serialNumber&gt;&lt;avrg&gt;0.002575&lt;/avrg&gt;&lt;/Row&gt;&lt;Row&gt;&lt;notifRecordID&gt;115629&lt;/notifRecordID&gt;&lt;notifTagID&gt;123&lt;/notifTagID&gt;&lt;notifTagValue&gt;0.003&lt;/notifTagValue&gt;&lt;recordID&gt;115629&lt;/recordID&gt;&lt;notifName&gt;TransCtr&lt;/notifName&gt;&lt;notifDescription&gt;P558_JENOPTIK&lt;/notifDescription&gt;&lt;CreatedBy&gt;SYSTEM&lt;/CreatedBy&gt;&lt;CreatedOn&gt;2016-12-19T05:39:46&lt;/CreatedOn&gt;&lt;ModifiedBy&gt;System&lt;/ModifiedBy&gt;&lt;ModifiedOn&gt;2016-12-19T05:39:47&lt;/ModifiedOn&gt;&lt;tagName&gt;Data_00&lt;/tagName&gt;&lt;tagTypeID&gt;8&lt;/tagTypeID&gt;&lt;tagGroupID&gt;1&lt;/tagGroupID&gt;&lt;tagFunctionID&gt;4&lt;/tagFunctionID&gt;&lt;COM_typeName&gt;TSend&lt;/COM_typeName&gt;&lt;FNC_typeName&gt;DefDataTable&lt;/FNC_typeName&gt;&lt;OPC_typeName&gt;FLOAT&lt;/OPC_typeName&gt;&lt;unitID&gt;36&lt;/unitID&gt;&lt;lineID&gt;35&lt;/lineID&gt;&lt;nameDefined&gt;Hi\Lo&lt;/nameDefined&gt;&lt;uomDefinedID&gt;24&lt;/uomDefinedID&gt;&lt;UOMName&gt;MM&lt;/UOMName&gt;&lt;UOMDescription&gt;MILIMETERS&lt;/UOMDescription&gt;&lt;serialNumber&gt;FTW3M16000au5&lt;/serialNumber&gt;&lt;avrg&gt;0.002575&lt;/avrg&gt;&lt;/Row&gt;&lt;Row&gt;&lt;notifRecordID&gt;115635&lt;/notifRecordID&gt;&lt;notifTagID&gt;123&lt;/notifTagID&gt;&lt;notifTagValue&gt;0.008&lt;/notifTagValue&gt;&lt;recordID&gt;115635&lt;/recordID&gt;&lt;notifName&gt;TransCtr&lt;/notifName&gt;&lt;notifDescription&gt;P558_JENOPTIK&lt;/notifDescription&gt;&lt;CreatedBy&gt;SYSTEM&lt;/CreatedBy&gt;&lt;CreatedOn&gt;2016-12-19T05:48:17&lt;/CreatedOn&gt;&lt;ModifiedBy&gt;System&lt;/ModifiedBy&gt;&lt;ModifiedOn&gt;2016-12-19T05:48:19&lt;/ModifiedOn&gt;&lt;tagName&gt;Data_00&lt;/tagName&gt;&lt;tagTypeID&gt;8&lt;/tagTypeID&gt;&lt;tagGroupID&gt;1&lt;/tagGroupID&gt;&lt;tagFunctionID&gt;4&lt;/tagFunctionID&gt;&lt;COM_typeName&gt;TSend&lt;/COM_typeName&gt;&lt;FNC_typeName&gt;DefDataTable&lt;/FNC_typeName&gt;&lt;OPC_typeName&gt;FLOAT&lt;/OPC_typeName&gt;&lt;unitID&gt;36&lt;/unitID&gt;&lt;lineID&gt;35&lt;/lineID&gt;&lt;nameDefined&gt;Hi\Lo&lt;/nameDefined&gt;&lt;uomDefinedID&gt;24&lt;/uomDefinedID&gt;&lt;UOMName&gt;MM&lt;/UOMName&gt;&lt;UOMDescription&gt;MILIMETERS&lt;/UOMDescription&gt;&lt;serialNumber&gt;FTW2M1600070r&lt;/serialNumber&gt;&lt;avrg&gt;0.002575&lt;/avrg&gt;&lt;/Row&gt;&lt;Row&gt;&lt;notifRecordID&gt;115640&lt;/notifRecordID&gt;&lt;notifTagID&gt;123&lt;/notifTagID&gt;&lt;notifTagValue&gt;0.007&lt;/notifTagValue&gt;&lt;recordID&gt;115640&lt;/recordID&gt;&lt;notifName&gt;TransCtr&lt;/notifName&gt;&lt;notifDescription&gt;P558_JENOPTIK&lt;/notifDescription&gt;&lt;CreatedBy&gt;SYSTEM&lt;/CreatedBy&gt;&lt;CreatedOn&gt;2016-12-19T05:56:45&lt;/CreatedOn&gt;&lt;ModifiedBy&gt;System&lt;/ModifiedBy&gt;&lt;ModifiedOn&gt;2016-12-19T05:56:47&lt;/ModifiedOn&gt;&lt;tagName&gt;Data_00&lt;/tagName&gt;&lt;tagTypeID&gt;8&lt;/tagTypeID&gt;&lt;tagGroupID&gt;1&lt;/tagGroupID&gt;&lt;tagFunctionID&gt;4&lt;/tagFunctionID&gt;&lt;COM_typeName&gt;TSend&lt;/COM_typeName&gt;&lt;FNC_typeName&gt;DefDataTable&lt;/FNC_typeName&gt;&lt;OPC_typeName&gt;FLOAT&lt;/OPC_typeName&gt;&lt;unitID&gt;36&lt;/unitID&gt;&lt;lineID&gt;35&lt;/lineID&gt;&lt;nameDefined&gt;Hi\Lo&lt;/nameDefined&gt;&lt;uomDefinedID&gt;24&lt;/uomDefinedID&gt;&lt;UOMName&gt;MM&lt;/UOMName&gt;&lt;UOMDescription&gt;MILIMETERS&lt;/UOMDescription&gt;&lt;serialNumber&gt;FTW3M16000av3&lt;/serialNumber&gt;&lt;avrg&gt;0.002575&lt;/avrg&gt;&lt;/Row&gt;&lt;Row&gt;&lt;notifRecordID&gt;115720&lt;/notifRecordID&gt;&lt;notifTagID&gt;123&lt;/notifTagID&gt;&lt;notifTagValue&gt;0.009&lt;/notifTagValue&gt;&lt;recordID&gt;115720&lt;/recordID&gt;&lt;notifName&gt;TransCtr&lt;/notifName&gt;&lt;notifDescription&gt;P558_JENOPTIK&lt;/notifDescription&gt;&lt;CreatedBy&gt;SYSTEM&lt;/CreatedBy&gt;&lt;CreatedOn&gt;2016-12-19T07:31:51&lt;/CreatedOn&gt;&lt;ModifiedBy&gt;System&lt;/ModifiedBy&gt;&lt;ModifiedOn&gt;2016-12-19T07:31:53&lt;/ModifiedOn&gt;&lt;tagName&gt;Data_00&lt;/tagName&gt;&lt;tagTypeID&gt;8&lt;/tagTypeID&gt;&lt;tagGroupID&gt;1&lt;/tagGroupID&gt;&lt;tagFunctionID&gt;4&lt;/tagFunctionID&gt;&lt;COM_typeName&gt;TSend&lt;/COM_typeName&gt;&lt;FNC_typeName&gt;DefDataTable&lt;/FNC_typeName&gt;&lt;OPC_typeName&gt;FLOAT&lt;/OPC_typeName&gt;&lt;unitID&gt;36&lt;/unitID&gt;&lt;lineID&gt;35&lt;/lineID&gt;&lt;nameDefined&gt;Hi\Lo&lt;/nameDefined&gt;&lt;uomDefinedID&gt;24&lt;/uomDefinedID&gt;&lt;UOMName&gt;MM&lt;/UOMName&gt;&lt;UOMDescription&gt;MILIMETERS&lt;/UOMDescription&gt;&lt;serialNumber&gt;FTW2M1600071l&lt;/serialNumber&gt;&lt;avrg&gt;0.002575&lt;/avrg&gt;&lt;/Row&gt;&lt;Row&gt;&lt;notifRecordID&gt;115726&lt;/notifRecordID&gt;&lt;notifTagID&gt;123&lt;/notifTagID&gt;&lt;notifTagValue&gt;0.005&lt;/notifTagValue&gt;&lt;recordID&gt;115726&lt;/recordID&gt;&lt;notifName&gt;TransCtr&lt;/notifName&gt;&lt;notifDescription&gt;P558_JENOPTIK&lt;/notifDescription&gt;&lt;CreatedBy&gt;SYSTEM&lt;/CreatedBy&gt;&lt;CreatedOn&gt;2016-12-19T07:44:07&lt;/CreatedOn&gt;&lt;ModifiedBy&gt;System&lt;/ModifiedBy&gt;&lt;ModifiedOn&gt;2016-12-19T07:44:09&lt;/ModifiedOn&gt;&lt;tagName&gt;Data_00&lt;/tagName&gt;&lt;tagTypeID&gt;8&lt;/tagTypeID&gt;&lt;tagGroupID&gt;1&lt;/tagGroupID&gt;&lt;tagFunctionID&gt;4&lt;/tagFunctionID&gt;&lt;COM_typeName&gt;TSend&lt;/COM_typeName&gt;&lt;FNC_typeName&gt;DefDataTable&lt;/FNC_typeName&gt;&lt;OPC_typeName&gt;FLOAT&lt;/OPC_typeName&gt;&lt;unitID&gt;36&lt;/unitID&gt;&lt;lineID&gt;35&lt;/lineID&gt;&lt;nameDefined&gt;Hi\Lo&lt;/nameDefined&gt;&lt;uomDefinedID&gt;24&lt;/uomDefinedID&gt;&lt;UOMName&gt;MM&lt;/UOMName&gt;&lt;UOMDescription&gt;MILIMETERS&lt;/UOMDescription&gt;&lt;serialNumber&gt;FTW2M1600071m&lt;/serialNumber&gt;&lt;avrg&gt;0.002575&lt;/avrg&gt;&lt;/Row&gt;&lt;Row&gt;&lt;notifRecordID&gt;115730&lt;/notifRecordID&gt;&lt;notifTagID&gt;123&lt;/notifTagID&gt;&lt;notifTagValue&gt;-0.012&lt;/notifTagValue&gt;&lt;recordID&gt;115730&lt;/recordID&gt;&lt;notifName&gt;TransCtr&lt;/notifName&gt;&lt;notifDescription&gt;P558_JENOPTIK&lt;/notifDescription&gt;&lt;CreatedBy&gt;SYSTEM&lt;/CreatedBy&gt;&lt;CreatedOn&gt;2016-12-19T07:52:26&lt;/CreatedOn&gt;&lt;ModifiedBy&gt;System&lt;/ModifiedBy&gt;&lt;ModifiedOn&gt;2016-12-19T07:52:28&lt;/ModifiedOn&gt;&lt;tagName&gt;Data_00&lt;/tagName&gt;&lt;tagTypeID&gt;8&lt;/tagTypeID&gt;&lt;tagGroupID&gt;1&lt;/tagGroupID&gt;&lt;tagFunctionID&gt;4&lt;/tagFunctionID&gt;&lt;COM_typeName&gt;TSend&lt;/COM_typeName&gt;&lt;FNC_typeName&gt;DefDataTable&lt;/FNC_typeName&gt;&lt;OPC_typeName&gt;FLOAT&lt;/OPC_typeName&gt;&lt;unitID&gt;36&lt;/unitID&gt;&lt;lineID&gt;35&lt;/lineID&gt;&lt;nameDefined&gt;Hi\Lo&lt;/nameDefined&gt;&lt;uomDefinedID&gt;24&lt;/uomDefinedID&gt;&lt;UOMName&gt;MM&lt;/UOMName&gt;&lt;UOMDescription&gt;MILIMETERS&lt;/UOMDescription&gt;&lt;serialNumber&gt;FTW3M16000avf&lt;/serialNumber&gt;&lt;avrg&gt;0.002575&lt;/avrg&gt;&lt;/Row&gt;&lt;Row&gt;&lt;notifRecordID&gt;115737&lt;/notifRecordID&gt;&lt;notifTagID&gt;123&lt;/notifTagID&gt;&lt;notifTagValue&gt;0.009&lt;/notifTagValue&gt;&lt;recordID&gt;115737&lt;/recordID&gt;&lt;notifName&gt;TransCtr&lt;/notifName&gt;&lt;notifDescription&gt;P558_JENOPTIK&lt;/notifDescription&gt;&lt;CreatedBy&gt;SYSTEM&lt;/CreatedBy&gt;&lt;CreatedOn&gt;2016-12-19T07:59:49&lt;/CreatedOn&gt;&lt;ModifiedBy&gt;System&lt;/ModifiedBy&gt;&lt;ModifiedOn&gt;2016-12-19T07:59:51&lt;/ModifiedOn&gt;&lt;tagName&gt;Data_00&lt;/tagName&gt;&lt;tagTypeID&gt;8&lt;/tagTypeID&gt;&lt;tagGroupID&gt;1&lt;/tagGroupID&gt;&lt;tagFunctionID&gt;4&lt;/tagFunctionID&gt;&lt;COM_typeName&gt;TSend&lt;/COM_typeName&gt;&lt;FNC_typeName&gt;DefDataTable&lt;/FNC_typeName&gt;&lt;OPC_typeName&gt;FLOAT&lt;/OPC_typeName&gt;&lt;unitID&gt;36&lt;/unitID&gt;&lt;lineID&gt;35&lt;/lineID&gt;&lt;nameDefined&gt;Hi\Lo&lt;/nameDefined&gt;&lt;uomDefinedID&gt;24&lt;/uomDefinedID&gt;&lt;UOMName&gt;MM&lt;/UOMName&gt;&lt;UOMDescription&gt;MILIMETERS&lt;/UOMDescription&gt;&lt;serialNumber&gt;FTW3M16000avg&lt;/serialNumber&gt;&lt;avrg&gt;0.002575&lt;/avrg&gt;&lt;/Row&gt;&lt;Row&gt;&lt;notifRecordID&gt;115741&lt;/notifRecordID&gt;&lt;notifTagID&gt;123&lt;/notifTagID&gt;&lt;notifTagValue&gt;0.017&lt;/notifTagValue&gt;&lt;recordID&gt;115741&lt;/recordID&gt;&lt;notifName&gt;TransCtr&lt;/notifName&gt;&lt;notifDescription&gt;P558_JENOPTIK&lt;/notifDescription&gt;&lt;CreatedBy&gt;SYSTEM&lt;/CreatedBy&gt;&lt;CreatedOn&gt;2016-12-19T08:01:21&lt;/CreatedOn&gt;&lt;ModifiedBy&gt;System&lt;/ModifiedBy&gt;&lt;ModifiedOn&gt;2016-12-19T08:01:23&lt;/ModifiedOn&gt;&lt;tagName&gt;Data_00&lt;/tagName&gt;&lt;tagTypeID&gt;8&lt;/tagTypeID&gt;&lt;tagGroupID&gt;1&lt;/tagGroupID&gt;&lt;tagFunctionID&gt;4&lt;/tagFunctionID&gt;&lt;COM_typeName&gt;TSend&lt;/COM_typeName&gt;&lt;FNC_typeName&gt;DefDataTable&lt;/FNC_typeName&gt;&lt;OPC_typeName&gt;FLOAT&lt;/OPC_typeName&gt;&lt;unitID&gt;36&lt;/unitID&gt;&lt;lineID&gt;35&lt;/lineID&gt;&lt;nameDefined&gt;Hi\Lo&lt;/nameDefined&gt;&lt;uomDefinedID&gt;24&lt;/uomDefinedID&gt;&lt;UOMName&gt;MM&lt;/UOMName&gt;&lt;UOMDescription&gt;MILIMETERS&lt;/UOMDescription&gt;&lt;serialNumber&gt;FTW2M1600071n&lt;/serialNumber&gt;&lt;avrg&gt;0.002575&lt;/avrg&gt;&lt;/Row&gt;&lt;Row&gt;&lt;notifRecordID&gt;115744&lt;/notifRecordID&gt;&lt;notifTagID&gt;123&lt;/notifTagID&gt;&lt;notifTagValue&gt;0.009&lt;/notifTagValue&gt;&lt;recordID&gt;115744&lt;/recordID&gt;&lt;notifName&gt;TransCtr&lt;/notifName&gt;&lt;notifDescription&gt;P558_JENOPTIK&lt;/notifDescription&gt;&lt;CreatedBy&gt;SYSTEM&lt;/CreatedBy&gt;&lt;CreatedOn&gt;2016-12-19T08:03:15&lt;/CreatedOn&gt;&lt;ModifiedBy&gt;System&lt;/ModifiedBy&gt;&lt;ModifiedOn&gt;2016-12-19T08:03:17&lt;/ModifiedOn&gt;&lt;tagName&gt;Data_00&lt;/tagName&gt;&lt;tagTypeID&gt;8&lt;/tagTypeID&gt;&lt;tagGroupID&gt;1&lt;/tagGroupID&gt;&lt;tagFunctionID&gt;4&lt;/tagFunctionID&gt;&lt;COM_typeName&gt;TSend&lt;/COM_typeName&gt;&lt;FNC_typeName&gt;DefDataTable&lt;/FNC_typeName&gt;&lt;OPC_typeName&gt;FLOAT&lt;/OPC_typeName&gt;&lt;unitID&gt;36&lt;/unitID&gt;&lt;lineID&gt;35&lt;/lineID&gt;&lt;nameDefined&gt;Hi\Lo&lt;/nameDefined&gt;&lt;uomDefinedID&gt;24&lt;/uomDefinedID&gt;&lt;UOMName&gt;MM&lt;/UOMName&gt;&lt;UOMDescription&gt;MILIMETERS&lt;/UOMDescription&gt;&lt;serialNumber&gt;FTW2M1600071o&lt;/serialNumber&gt;&lt;avrg&gt;0.002575&lt;/avrg&gt;&lt;/Row&gt;&lt;Row&gt;&lt;notifRecordID&gt;115746&lt;/notifRecordID&gt;&lt;notifTagID&gt;123&lt;/notifTagID&gt;&lt;notifTagValue&gt;0.005&lt;/notifTagValue&gt;&lt;recordID&gt;115746&lt;/recordID&gt;&lt;notifName&gt;TransCtr&lt;/notifName&gt;&lt;notifDescription&gt;P558_JENOPTIK&lt;/notifDescription&gt;&lt;CreatedBy&gt;SYSTEM&lt;/CreatedBy&gt;&lt;CreatedOn&gt;2016-12-19T08:04:59&lt;/CreatedOn&gt;&lt;ModifiedBy&gt;System&lt;/ModifiedBy&gt;&lt;ModifiedOn&gt;2016-12-19T08:05:01&lt;/ModifiedOn&gt;&lt;tagName&gt;Data_00&lt;/tagName&gt;&lt;tagTypeID&gt;8&lt;/tagTypeID&gt;&lt;tagGroupID&gt;1&lt;/tagGroupID&gt;&lt;tagFunctionID&gt;4&lt;/tagFunctionID&gt;&lt;COM_typeName&gt;TSend&lt;/COM_typeName&gt;&lt;FNC_typeName&gt;DefDataTable&lt;/FNC_typeName&gt;&lt;OPC_typeName&gt;FLOAT&lt;/OPC_typeName&gt;&lt;unitID&gt;36&lt;/unitID&gt;&lt;lineID&gt;35&lt;/lineID&gt;&lt;nameDefined&gt;Hi\Lo&lt;/nameDefined&gt;&lt;uomDefinedID&gt;24&lt;/uomDefinedID&gt;&lt;UOMName&gt;MM&lt;/UOMName&gt;&lt;UOMDescription&gt;MILIMETERS&lt;/UOMDescription&gt;&lt;serialNumber&gt;FTW2M1600071p&lt;/serialNumber&gt;&lt;avrg&gt;0.002575&lt;/avrg&gt;&lt;/Row&gt;&lt;Row&gt;&lt;notifRecordID&gt;115748&lt;/notifRecordID&gt;&lt;notifTagID&gt;123&lt;/notifTagID&gt;&lt;notifTagValue&gt;0.012&lt;/notifTagValue&gt;&lt;recordID&gt;115748&lt;/recordID&gt;&lt;notifName&gt;TransCtr&lt;/notifName&gt;&lt;notifDescription&gt;P558_JENOPTIK&lt;/notifDescription&gt;&lt;CreatedBy&gt;SYSTEM&lt;/CreatedBy&gt;&lt;CreatedOn&gt;2016-12-19T08:07:13&lt;/CreatedOn&gt;&lt;ModifiedBy&gt;System&lt;/ModifiedBy&gt;&lt;ModifiedOn&gt;2016-12-19T08:07:15&lt;/ModifiedOn&gt;&lt;tagName&gt;Data_00&lt;/tagName&gt;&lt;tagTypeID&gt;8&lt;/tagTypeID&gt;&lt;tagGroupID&gt;1&lt;/tagGroupID&gt;&lt;tagFunctionID&gt;4&lt;/tagFunctionID&gt;&lt;COM_typeName&gt;TSend&lt;/COM_typeName&gt;&lt;FNC_typeName&gt;DefDataTable&lt;/FNC_typeName&gt;&lt;OPC_typeName&gt;FLOAT&lt;/OPC_typeName&gt;&lt;unitID&gt;36&lt;/unitID&gt;&lt;lineID&gt;35&lt;/lineID&gt;&lt;nameDefined&gt;Hi\Lo&lt;/nameDefined&gt;&lt;uomDefinedID&gt;24&lt;/uomDefinedID&gt;&lt;UOMName&gt;MM&lt;/UOMName&gt;&lt;UOMDescription&gt;MILIMETERS&lt;/UOMDescription&gt;&lt;serialNumber&gt;FTW2M1600071q&lt;/serialNumber&gt;&lt;avrg&gt;0.002575&lt;/avrg&gt;&lt;/Row&gt;&lt;Row&gt;&lt;notifRecordID&gt;115751&lt;/notifRecordID&gt;&lt;notifTagID&gt;123&lt;/notifTagID&gt;&lt;notifTagValue&gt;0.007&lt;/notifTagValue&gt;&lt;recordID&gt;115751&lt;/recordID&gt;&lt;notifName&gt;TransCtr&lt;/notifName&gt;&lt;notifDescription&gt;P558_JENOPTIK&lt;/notifDescription&gt;&lt;CreatedBy&gt;SYSTEM&lt;/CreatedBy&gt;&lt;CreatedOn&gt;2016-12-19T08:09:10&lt;/CreatedOn&gt;&lt;ModifiedBy&gt;System&lt;/ModifiedBy&gt;&lt;ModifiedOn&gt;2016-12-19T08:09:12&lt;/ModifiedOn&gt;&lt;tagName&gt;Data_00&lt;/tagName&gt;&lt;tagTypeID&gt;8&lt;/tagTypeID&gt;&lt;tagGroupID&gt;1&lt;/tagGroupID&gt;&lt;tagFunctionID&gt;4&lt;/tagFunctionID&gt;&lt;COM_typeName&gt;TSend&lt;/COM_typeName&gt;&lt;FNC_typeName&gt;DefDataTable&lt;/FNC_typeName&gt;&lt;OPC_typeName&gt;FLOAT&lt;/OPC_typeName&gt;&lt;unitID&gt;36&lt;/unitID&gt;&lt;lineID&gt;35&lt;/lineID&gt;&lt;nameDefined&gt;Hi\Lo&lt;/nameDefined&gt;&lt;uomDefinedID&gt;24&lt;/uomDefinedID&gt;&lt;UOMName&gt;MM&lt;/UOMName&gt;&lt;UOMDescription&gt;MILIMETERS&lt;/UOMDescription&gt;&lt;serialNumber&gt;FTW3M16000avh&lt;/serialNumber&gt;&lt;avrg&gt;0.002575&lt;/avrg&gt;&lt;/Row&gt;&lt;Row&gt;&lt;notifRecordID&gt;115755&lt;/notifRecordID&gt;&lt;notifTagID&gt;123&lt;/notifTagID&gt;&lt;notifTagValue&gt;-0.012&lt;/notifTagValue&gt;&lt;recordID&gt;115755&lt;/recordID&gt;&lt;notifName&gt;TransCtr&lt;/notifName&gt;&lt;notifDescription&gt;P558_JENOPTIK&lt;/notifDescription&gt;&lt;CreatedBy&gt;SYSTEM&lt;/CreatedBy&gt;&lt;CreatedOn&gt;2016-12-19T08:13:30&lt;/CreatedOn&gt;&lt;ModifiedBy&gt;System&lt;/ModifiedBy&gt;&lt;ModifiedOn&gt;2016-12-19T08:13:32&lt;/ModifiedOn&gt;&lt;tagName&gt;Data_00&lt;/tagName&gt;&lt;tagTypeID&gt;8&lt;/tagTypeID&gt;&lt;tagGroupID&gt;1&lt;/tagGroupID&gt;&lt;tagFunctionID&gt;4&lt;/tagFunctionID&gt;&lt;COM_typeName&gt;TSend&lt;/COM_typeName&gt;&lt;FNC_typeName&gt;DefDataTable&lt;/FNC_typeName&gt;&lt;OPC_typeName&gt;FLOAT&lt;/OPC_typeName&gt;&lt;unitID&gt;36&lt;/unitID&gt;&lt;lineID&gt;35&lt;/lineID&gt;&lt;nameDefined&gt;Hi\Lo&lt;/nameDefined&gt;&lt;uomDefinedID&gt;24&lt;/uomDefinedID&gt;&lt;UOMName&gt;MM&lt;/UOMName&gt;&lt;UOMDescription&gt;MILIMETERS&lt;/UOMDescription&gt;&lt;serialNumber&gt;FTW3M16000avf&lt;/serialNumber&gt;&lt;avrg&gt;0.002575&lt;/avrg&gt;&lt;/Row&gt;&lt;Row&gt;&lt;notifRecordID&gt;115759&lt;/notifRecordID&gt;&lt;notifTagID&gt;123&lt;/notifTagID&gt;&lt;notifTagValue&gt;-0.01&lt;/notifTagValue&gt;&lt;recordID&gt;115759&lt;/recordID&gt;&lt;notifName&gt;TransCtr&lt;/notifName&gt;&lt;notifDescription&gt;P558_JENOPTIK&lt;/notifDescription&gt;&lt;CreatedBy&gt;SYSTEM&lt;/CreatedBy&gt;&lt;CreatedOn&gt;2016-12-19T08:26:03&lt;/CreatedOn&gt;&lt;ModifiedBy&gt;System&lt;/ModifiedBy&gt;&lt;ModifiedOn&gt;2016-12-19T08:26:05&lt;/ModifiedOn&gt;&lt;tagName&gt;Data_00&lt;/tagName&gt;&lt;tagTypeID&gt;8&lt;/tagTypeID&gt;&lt;tagGroupID&gt;1&lt;/tagGroupID&gt;&lt;tagFunctionID&gt;4&lt;/tagFunctionID&gt;&lt;COM_typeName&gt;TSend&lt;/COM_typeName&gt;&lt;FNC_typeName&gt;DefDataTable&lt;/FNC_typeName&gt;&lt;OPC_typeName&gt;FLOAT&lt;/OPC_typeName&gt;&lt;unitID&gt;36&lt;/unitID&gt;&lt;lineID&gt;35&lt;/lineID&gt;&lt;nameDefined&gt;Hi\Lo&lt;/nameDefined&gt;&lt;uomDefinedID&gt;24&lt;/uomDefinedID&gt;&lt;UOMName&gt;MM&lt;/UOMName&gt;&lt;UOMDescription&gt;MILIMETERS&lt;/UOMDescription&gt;&lt;serialNumber&gt;FTW3M16000avj&lt;/serialNumber&gt;&lt;avrg&gt;0.002575&lt;/avrg&gt;&lt;/Row&gt;&lt;Row&gt;&lt;notifRecordID&gt;115764&lt;/notifRecordID&gt;&lt;notifTagID&gt;123&lt;/notifTagID&gt;&lt;notifTagValue&gt;0.008&lt;/notifTagValue&gt;&lt;recordID&gt;115764&lt;/recordID&gt;&lt;notifName&gt;TransCtr&lt;/notifName&gt;&lt;notifDescription&gt;P558_JENOPTIK&lt;/notifDescription&gt;&lt;CreatedBy&gt;SYSTEM&lt;/CreatedBy&gt;&lt;CreatedOn&gt;2016-12-19T08:33:14&lt;/CreatedOn&gt;&lt;ModifiedBy&gt;System&lt;/ModifiedBy&gt;&lt;ModifiedOn&gt;2016-12-19T08:33:16&lt;/ModifiedOn&gt;&lt;tagName&gt;Data_00&lt;/tagName&gt;&lt;tagTypeID&gt;8&lt;/tagTypeID&gt;&lt;tagGroupID&gt;1&lt;/tagGroupID&gt;&lt;tagFunctionID&gt;4&lt;/tagFunctionID&gt;&lt;COM_typeName&gt;TSend&lt;/COM_typeName&gt;&lt;FNC_typeName&gt;DefDataTable&lt;/FNC_typeName&gt;&lt;OPC_typeName&gt;FLOAT&lt;/OPC_typeName&gt;&lt;unitID&gt;36&lt;/unitID&gt;&lt;lineID&gt;35&lt;/lineID&gt;&lt;nameDefined&gt;Hi\Lo&lt;/nameDefined&gt;&lt;uomDefinedID&gt;24&lt;/uomDefinedID&gt;&lt;UOMName&gt;MM&lt;/UOMName&gt;&lt;UOMDescription&gt;MILIMETERS&lt;/UOMDescription&gt;&lt;serialNumber&gt;FTW3M16000avk&lt;/serialNumber&gt;&lt;avrg&gt;0.002575&lt;/avrg&gt;&lt;/Row&gt;&lt;Row&gt;&lt;notifRecordID&gt;115766&lt;/notifRecordID&gt;&lt;notifTagID&gt;123&lt;/notifTagID&gt;&lt;notifTagValue&gt;0.006&lt;/notifTagValue&gt;&lt;recordID&gt;115766&lt;/recordID&gt;&lt;notifName&gt;TransCtr&lt;/notifName&gt;&lt;notifDescription&gt;P558_JENOPTIK&lt;/notifDescription&gt;&lt;CreatedBy&gt;SYSTEM&lt;/CreatedBy&gt;&lt;CreatedOn&gt;2016-12-19T08:39:13&lt;/CreatedOn&gt;&lt;ModifiedBy&gt;System&lt;/ModifiedBy&gt;&lt;ModifiedOn&gt;2016-12-19T08:39:16&lt;/ModifiedOn&gt;&lt;tagName&gt;Data_00&lt;/tagName&gt;&lt;tagTypeID&gt;8&lt;/tagTypeID&gt;&lt;tagGroupID&gt;1&lt;/tagGroupID&gt;&lt;tagFunctionID&gt;4&lt;/tagFunctionID&gt;&lt;COM_typeName&gt;TSend&lt;/COM_typeName&gt;&lt;FNC_typeName&gt;DefDataTable&lt;/FNC_typeName&gt;&lt;OPC_typeName&gt;FLOAT&lt;/OPC_typeName&gt;&lt;unitID&gt;36&lt;/unitID&gt;&lt;lineID&gt;35&lt;/lineID&gt;&lt;nameDefined&gt;Hi\Lo&lt;/nameDefined&gt;&lt;uomDefinedID&gt;24&lt;/uomDefinedID&gt;&lt;UOMName&gt;MM&lt;/UOMName&gt;&lt;UOMDescription&gt;MILIMETERS&lt;/UOMDescription&gt;&lt;serialNumber&gt;FTW2M1600071r&lt;/serialNumber&gt;&lt;avrg&gt;0.002575&lt;/avrg&gt;&lt;/Row&gt;&lt;Row&gt;&lt;notifRecordID&gt;115772&lt;/notifRecordID&gt;&lt;notifTagID&gt;123&lt;/notifTagID&gt;&lt;notifTagValue&gt;-0.005&lt;/notifTagValue&gt;&lt;recordID&gt;115772&lt;/recordID&gt;&lt;notifName&gt;TransCtr&lt;/notifName&gt;&lt;notifDescription&gt;P558_JENOPTIK&lt;/notifDescription&gt;&lt;CreatedBy&gt;SYSTEM&lt;/CreatedBy&gt;&lt;CreatedOn&gt;2016-12-19T08:50:08&lt;/CreatedOn&gt;&lt;ModifiedBy&gt;System&lt;/ModifiedBy&gt;&lt;ModifiedOn&gt;2016-12-19T08:50:10&lt;/ModifiedOn&gt;&lt;tagName&gt;Data_00&lt;/tagName&gt;&lt;tagTypeID&gt;8&lt;/tagTypeID&gt;&lt;tagGroupID&gt;1&lt;/tagGroupID&gt;&lt;tagFunctionID&gt;4&lt;/tagFunctionID&gt;&lt;COM_typeName&gt;TSend&lt;/COM_typeName&gt;&lt;FNC_typeName&gt;DefDataTable&lt;/FNC_typeName&gt;&lt;OPC_typeName&gt;FLOAT&lt;/OPC_typeName&gt;&lt;unitID&gt;36&lt;/unitID&gt;&lt;lineID&gt;35&lt;/lineID&gt;&lt;nameDefined&gt;Hi\Lo&lt;/nameDefined&gt;&lt;uomDefinedID&gt;24&lt;/uomDefinedID&gt;&lt;UOMName&gt;MM&lt;/UOMName&gt;&lt;UOMDescription&gt;MILIMETERS&lt;/UOMDescription&gt;&lt;serialNumber&gt;FTW3M16000avl&lt;/serialNumber&gt;&lt;avrg&gt;0.002575&lt;/avrg&gt;&lt;/Row&gt;&lt;Row&gt;&lt;notifRecordID&gt;115778&lt;/notifRecordID&gt;&lt;notifTagID&gt;123&lt;/notifTagID&gt;&lt;notifTagValue&gt;0.011&lt;/notifTagValue&gt;&lt;recordID&gt;115778&lt;/recordID&gt;&lt;notifName&gt;TransCtr&lt;/notifName&gt;&lt;notifDescription&gt;P558_JENOPTIK&lt;/notifDescription&gt;&lt;CreatedBy&gt;SYSTEM&lt;/CreatedBy&gt;&lt;CreatedOn&gt;2016-12-19T09:01:13&lt;/CreatedOn&gt;&lt;ModifiedBy&gt;System&lt;/ModifiedBy&gt;&lt;ModifiedOn&gt;2016-12-19T09:01:15&lt;/ModifiedOn&gt;&lt;tagName&gt;Data_00&lt;/tagName&gt;&lt;tagTypeID&gt;8&lt;/tagTypeID&gt;&lt;tagGroupID&gt;1&lt;/tagGroupID&gt;&lt;tagFunctionID&gt;4&lt;/tagFunctionID&gt;&lt;COM_typeName&gt;TSend&lt;/COM_typeName&gt;&lt;FNC_typeName&gt;DefDataTable&lt;/FNC_typeName&gt;&lt;OPC_typeName&gt;FLOAT&lt;/OPC_typeName&gt;&lt;unitID&gt;36&lt;/unitID&gt;&lt;lineID&gt;35&lt;/lineID&gt;&lt;nameDefined&gt;Hi\Lo&lt;/nameDefined&gt;&lt;uomDefinedID&gt;24&lt;/uomDefinedID&gt;&lt;UOMName&gt;MM&lt;/UOMName&gt;&lt;UOMDescription&gt;MILIMETERS&lt;/UOMDescription&gt;&lt;serialNumber&gt;FTW3M16000avm&lt;/serialNumber&gt;&lt;avrg&gt;0.002575&lt;/avrg&gt;&lt;/Row&gt;&lt;Row&gt;&lt;notifRecordID&gt;115782&lt;/notifRecordID&gt;&lt;notifTagID&gt;123&lt;/notifTagID&gt;&lt;notifTagValue&gt;-0.002&lt;/notifTagValue&gt;&lt;recordID&gt;115782&lt;/recordID&gt;&lt;notifName&gt;TransCtr&lt;/notifName&gt;&lt;notifDescription&gt;P558_JENOPTIK&lt;/notifDescription&gt;&lt;CreatedBy&gt;SYSTEM&lt;/CreatedBy&gt;&lt;CreatedOn&gt;2016-12-19T09:05:45&lt;/CreatedOn&gt;&lt;ModifiedBy&gt;System&lt;/ModifiedBy&gt;&lt;ModifiedOn&gt;2016-12-19T09:05:47&lt;/ModifiedOn&gt;&lt;tagName&gt;Data_00&lt;/tagName&gt;&lt;tagTypeID&gt;8&lt;/tagTypeID&gt;&lt;tagGroupID&gt;1&lt;/tagGroupID&gt;&lt;tagFunctionID&gt;4&lt;/tagFunctionID&gt;&lt;COM_typeName&gt;TSend&lt;/COM_typeName&gt;&lt;FNC_typeName&gt;DefDataTable&lt;/FNC_typeName&gt;&lt;OPC_typeName&gt;FLOAT&lt;/OPC_typeName&gt;&lt;unitID&gt;36&lt;/unitID&gt;&lt;lineID&gt;35&lt;/lineID&gt;&lt;nameDefined&gt;Hi\Lo&lt;/nameDefined&gt;&lt;uomDefinedID&gt;24&lt;/uomDefinedID&gt;&lt;UOMName&gt;MM&lt;/UOMName&gt;&lt;UOMDescription&gt;MILIMETERS&lt;/UOMDescription&gt;&lt;serialNumber&gt;FTW2M1600071t&lt;/serialNumber&gt;&lt;avrg&gt;0.002575&lt;/avrg&gt;&lt;/Row&gt;&lt;Row&gt;&lt;notifRecordID&gt;115785&lt;/notifRecordID&gt;&lt;notifTagID&gt;123&lt;/notifTagID&gt;&lt;notifTagValue&gt;0.005&lt;/notifTagValue&gt;&lt;recordID&gt;115785&lt;/recordID&gt;&lt;notifName&gt;TransCtr&lt;/notifName&gt;&lt;notifDescription&gt;P558_JENOPTIK&lt;/notifDescription&gt;&lt;CreatedBy&gt;SYSTEM&lt;/CreatedBy&gt;&lt;CreatedOn&gt;2016-12-19T09:07:46&lt;/CreatedOn&gt;&lt;ModifiedBy&gt;System&lt;/ModifiedBy&gt;&lt;ModifiedOn&gt;2016-12-19T09:07:48&lt;/ModifiedOn&gt;&lt;tagName&gt;Data_00&lt;/tagName&gt;&lt;tagTypeID&gt;8&lt;/tagTypeID&gt;&lt;tagGroupID&gt;1&lt;/tagGroupID&gt;&lt;tagFunctionID&gt;4&lt;/tagFunctionID&gt;&lt;COM_typeName&gt;TSend&lt;/COM_typeName&gt;&lt;FNC_typeName&gt;DefDataTable&lt;/FNC_typeName&gt;&lt;OPC_typeName&gt;FLOAT&lt;/OPC_typeName&gt;&lt;unitID&gt;36&lt;/unitID&gt;&lt;lineID&gt;35&lt;/lineID&gt;&lt;nameDefined&gt;Hi\Lo&lt;/nameDefined&gt;&lt;uomDefinedID&gt;24&lt;/uomDefinedID&gt;&lt;UOMName&gt;MM&lt;/UOMName&gt;&lt;UOMDescription&gt;MILIMETERS&lt;/UOMDescription&gt;&lt;serialNumber&gt;FTW2M1600071s&lt;/serialNumber&gt;&lt;avrg&gt;0.002575&lt;/avrg&gt;&lt;/Row&gt;&lt;Row&gt;&lt;notifRecordID&gt;115792&lt;/notifRecordID&gt;&lt;notifTagID&gt;123&lt;/notifTagID&gt;&lt;notifTagValue&gt;-0.007&lt;/notifTagValue&gt;&lt;recordID&gt;115792&lt;/recordID&gt;&lt;notifName&gt;TransCtr&lt;/notifName&gt;&lt;notifDescription&gt;P558_JENOPTIK&lt;/notifDescription&gt;&lt;CreatedBy&gt;SYSTEM&lt;/CreatedBy&gt;&lt;CreatedOn&gt;2016-12-19T09:19:34&lt;/CreatedOn&gt;&lt;ModifiedBy&gt;System&lt;/ModifiedBy&gt;&lt;ModifiedOn&gt;2016-12-19T09:19:36&lt;/ModifiedOn&gt;&lt;tagName&gt;Data_00&lt;/tagName&gt;&lt;tagTypeID&gt;8&lt;/tagTypeID&gt;&lt;tagGroupID&gt;1&lt;/tagGroupID&gt;&lt;tagFunctionID&gt;4&lt;/tagFunctionID&gt;&lt;COM_typeName&gt;TSend&lt;/COM_typeName&gt;&lt;FNC_typeName&gt;DefDataTable&lt;/FNC_typeName&gt;&lt;OPC_typeName&gt;FLOAT&lt;/OPC_typeName&gt;&lt;unitID&gt;36&lt;/unitID&gt;&lt;lineID&gt;35&lt;/lineID&gt;&lt;nameDefined&gt;Hi\Lo&lt;/nameDefined&gt;&lt;uomDefinedID&gt;24&lt;/uomDefinedID&gt;&lt;UOMName&gt;MM&lt;/UOMName&gt;&lt;UOMDescription&gt;MILIMETERS&lt;/UOMDescription&gt;&lt;serialNumber&gt;FTW3M16000avn&lt;/serialNumber&gt;&lt;avrg&gt;0.002575&lt;/avrg&gt;&lt;/Row&gt;&lt;Row&gt;&lt;notifRecordID&gt;115797&lt;/notifRecordID&gt;&lt;notifTagID&gt;123&lt;/notifTagID&gt;&lt;notifTagValue&gt;0.006&lt;/notifTagValue&gt;&lt;recordID&gt;115797&lt;/recordID&gt;&lt;notifName&gt;TransCtr&lt;/notifName&gt;&lt;notifDescription&gt;P558_JENOPTIK&lt;/notifDescription&gt;&lt;CreatedBy&gt;SYSTEM&lt;/CreatedBy&gt;&lt;CreatedOn&gt;2016-12-19T09:31:49&lt;/CreatedOn&gt;&lt;ModifiedBy&gt;System&lt;/ModifiedBy&gt;&lt;ModifiedOn&gt;2016-12-19T09:31:51&lt;/ModifiedOn&gt;&lt;tagName&gt;Data_00&lt;/tagName&gt;&lt;tagTypeID&gt;8&lt;/tagTypeID&gt;&lt;tagGroupID&gt;1&lt;/tagGroupID&gt;&lt;tagFunctionID&gt;4&lt;/tagFunctionID&gt;&lt;COM_typeName&gt;TSend&lt;/COM_typeName&gt;&lt;FNC_typeName&gt;DefDataTable&lt;/FNC_typeName&gt;&lt;OPC_typeName&gt;FLOAT&lt;/OPC_typeName&gt;&lt;unitID&gt;36&lt;/unitID&gt;&lt;lineID&gt;35&lt;/lineID&gt;&lt;nameDefined&gt;Hi\Lo&lt;/nameDefined&gt;&lt;uomDefinedID&gt;24&lt;/uomDefinedID&gt;&lt;UOMName&gt;MM&lt;/UOMName&gt;&lt;UOMDescription&gt;MILIMETERS&lt;/UOMDescription&gt;&lt;serialNumber&gt;FTW3M16000avo&lt;/serialNumber&gt;&lt;avrg&gt;0.002575&lt;/avrg&gt;&lt;/Row&gt;&lt;Row&gt;&lt;notifRecordID&gt;115803&lt;/notifRecordID&gt;&lt;notifTagID&gt;123&lt;/notifTagID&gt;&lt;notifTagValue&gt;0.005&lt;/notifTagValue&gt;&lt;recordID&gt;115803&lt;/recordID&gt;&lt;notifName&gt;TransCtr&lt;/notifName&gt;&lt;notifDescription&gt;P558_JENOPTIK&lt;/notifDescription&gt;&lt;CreatedBy&gt;SYSTEM&lt;/CreatedBy&gt;&lt;CreatedOn&gt;2016-12-19T09:37:22&lt;/CreatedOn&gt;&lt;ModifiedBy&gt;System&lt;/ModifiedBy&gt;&lt;ModifiedOn&gt;2016-12-19T09:37:23&lt;/ModifiedOn&gt;&lt;tagName&gt;Data_00&lt;/tagName&gt;&lt;tagTypeID&gt;8&lt;/tagTypeID&gt;&lt;tagGroupID&gt;1&lt;/tagGroupID&gt;&lt;tagFunctionID&gt;4&lt;/tagFunctionID&gt;&lt;COM_typeName&gt;TSend&lt;/COM_typeName&gt;&lt;FNC_typeName&gt;DefDataTable&lt;/FNC_typeName&gt;&lt;OPC_typeName&gt;FLOAT&lt;/OPC_typeName&gt;&lt;unitID&gt;36&lt;/unitID&gt;&lt;lineID&gt;35&lt;/lineID&gt;&lt;nameDefined&gt;Hi\Lo&lt;/nameDefined&gt;&lt;uomDefinedID&gt;24&lt;/uomDefinedID&gt;&lt;UOMName&gt;MM&lt;/UOMName&gt;&lt;UOMDescription&gt;MILIMETERS&lt;/UOMDescription&gt;&lt;serialNumber&gt;FTW2M1600071u&lt;/serialNumber&gt;&lt;avrg&gt;0.002575&lt;/avrg&gt;&lt;/Row&gt;&lt;Row&gt;&lt;notifRecordID&gt;115808&lt;/notifRecordID&gt;&lt;notifTagID&gt;123&lt;/notifTagID&gt;&lt;notifTagValue&gt;0.009&lt;/notifTagValue&gt;&lt;recordID&gt;115808&lt;/recordID&gt;&lt;notifName&gt;TransCtr&lt;/notifName&gt;&lt;notifDescription&gt;P558_JENOPTIK&lt;/notifDescription&gt;&lt;CreatedBy&gt;SYSTEM&lt;/CreatedBy&gt;&lt;CreatedOn&gt;2016-12-19T09:47:56&lt;/CreatedOn&gt;&lt;ModifiedBy&gt;System&lt;/ModifiedBy&gt;&lt;ModifiedOn&gt;2016-12-19T09:47:58&lt;/ModifiedOn&gt;&lt;tagName&gt;Data_00&lt;/tagName&gt;&lt;tagTypeID&gt;8&lt;/tagTypeID&gt;&lt;tagGroupID&gt;1&lt;/tagGroupID&gt;&lt;tagFunctionID&gt;4&lt;/tagFunctionID&gt;&lt;COM_typeName&gt;TSend&lt;/COM_typeName&gt;&lt;FNC_typeName&gt;DefDataTable&lt;/FNC_typeName&gt;&lt;OPC_typeName&gt;FLOAT&lt;/OPC_typeName&gt;&lt;unitID&gt;36&lt;/unitID&gt;&lt;lineID&gt;35&lt;/lineID&gt;&lt;nameDefined&gt;Hi\Lo&lt;/nameDefined&gt;&lt;uomDefinedID&gt;24&lt;/uomDefinedID&gt;&lt;UOMName&gt;MM&lt;/UOMName&gt;&lt;UOMDescription&gt;MILIMETERS&lt;/UOMDescription&gt;&lt;serialNumber&gt;FTW2M1600071v&lt;/serialNumber&gt;&lt;avrg&gt;0.002575&lt;/avrg&gt;&lt;/Row&gt;&lt;Row&gt;&lt;notifRecordID&gt;115812&lt;/notifRecordID&gt;&lt;notifTagID&gt;123&lt;/notifTagID&gt;&lt;notifTagValue&gt;0.007&lt;/notifTagValue&gt;&lt;recordID&gt;115812&lt;/recordID&gt;&lt;notifName&gt;TransCtr&lt;/notifName&gt;&lt;notifDescription&gt;P558_JENOPTIK&lt;/notifDescription&gt;&lt;CreatedBy&gt;SYSTEM&lt;/CreatedBy&gt;&lt;CreatedOn&gt;2016-12-19T09:51:24&lt;/CreatedOn&gt;&lt;ModifiedBy&gt;System&lt;/ModifiedBy&gt;&lt;ModifiedOn&gt;2016-12-19T09:51:26&lt;/ModifiedOn&gt;&lt;tagName&gt;Data_00&lt;/tagName&gt;&lt;tagTypeID&gt;8&lt;/tagTypeID&gt;&lt;tagGroupID&gt;1&lt;/tagGroupID&gt;&lt;tagFunctionID&gt;4&lt;/tagFunctionID&gt;&lt;COM_typeName&gt;TSend&lt;/COM_typeName&gt;&lt;FNC_typeName&gt;DefDataTable&lt;/FNC_typeName&gt;&lt;OPC_typeName&gt;FLOAT&lt;/OPC_typeName&gt;&lt;unitID&gt;36&lt;/unitID&gt;&lt;lineID&gt;35&lt;/lineID&gt;&lt;nameDefined&gt;Hi\Lo&lt;/nameDefined&gt;&lt;uomDefinedID&gt;24&lt;/uomDefinedID&gt;&lt;UOMName&gt;MM&lt;/UOMName&gt;&lt;UOMDescription&gt;MILIMETERS&lt;/UOMDescription&gt;&lt;serialNumber&gt;FTW3M16000avq&lt;/serialNumber&gt;&lt;avrg&gt;0.002575&lt;/avrg&gt;&lt;/Row&gt;&lt;Row&gt;&lt;notifRecordID&gt;115815&lt;/notifRecordID&gt;&lt;notifTagID&gt;123&lt;/notifTagID&gt;&lt;notifTagValue&gt;-0.01&lt;/notifTagValue&gt;&lt;recordID&gt;115815&lt;/recordID&gt;&lt;notifName&gt;TransCtr&lt;/notifName&gt;&lt;notifDescription&gt;P558_JENOPTIK&lt;/notifDescription&gt;&lt;CreatedBy&gt;SYSTEM&lt;/CreatedBy&gt;&lt;CreatedOn&gt;2016-12-19T09:53:26&lt;/CreatedOn&gt;&lt;ModifiedBy&gt;System&lt;/ModifiedBy&gt;&lt;ModifiedOn&gt;2016-12-19T09:53:28&lt;/ModifiedOn&gt;&lt;tagName&gt;Data_00&lt;/tagName&gt;&lt;tagTypeID&gt;8&lt;/tagTypeID&gt;&lt;tagGroupID&gt;1&lt;/tagGroupID&gt;&lt;tagFunctionID&gt;4&lt;/tagFunctionID&gt;&lt;COM_typeName&gt;TSend&lt;/COM_typeName&gt;&lt;FNC_typeName&gt;DefDataTable&lt;/FNC_typeName&gt;&lt;OPC_typeName&gt;FLOAT&lt;/OPC_typeName&gt;&lt;unitID&gt;36&lt;/unitID&gt;&lt;lineID&gt;35&lt;/lineID&gt;&lt;nameDefined&gt;Hi\Lo&lt;/nameDefined&gt;&lt;uomDefinedID&gt;24&lt;/uomDefinedID&gt;&lt;UOMName&gt;MM&lt;/UOMName&gt;&lt;UOMDescription&gt;MILIMETERS&lt;/UOMDescription&gt;&lt;serialNumber&gt;FTW3M16000avp&lt;/serialNumber&gt;&lt;avrg&gt;0.002575&lt;/avrg&gt;&lt;/Row&gt;&lt;Row&gt;&lt;notifRecordID&gt;115820&lt;/notifRecordID&gt;&lt;notifTagID&gt;123&lt;/notifTagID&gt;&lt;notifTagValue&gt;0.017&lt;/notifTagValue&gt;&lt;recordID&gt;115820&lt;/recordID&gt;&lt;notifName&gt;TransCtr&lt;/notifName&gt;&lt;notifDescription&gt;P558_JENOPTIK&lt;/notifDescription&gt;&lt;CreatedBy&gt;SYSTEM&lt;/CreatedBy&gt;&lt;CreatedOn&gt;2016-12-19T10:02:58&lt;/CreatedOn&gt;&lt;ModifiedBy&gt;System&lt;/ModifiedBy&gt;&lt;ModifiedOn&gt;2016-12-19T10:03:00&lt;/ModifiedOn&gt;&lt;tagName&gt;Data_00&lt;/tagName&gt;&lt;tagTypeID&gt;8&lt;/tagTypeID&gt;&lt;tagGroupID&gt;1&lt;/tagGroupID&gt;&lt;tagFunctionID&gt;4&lt;/tagFunctionID&gt;&lt;COM_typeName&gt;TSend&lt;/COM_typeName&gt;&lt;FNC_typeName&gt;DefDataTable&lt;/FNC_typeName&gt;&lt;OPC_typeName&gt;FLOAT&lt;/OPC_typeName&gt;&lt;unitID&gt;36&lt;/unitID&gt;&lt;lineID&gt;35&lt;/lineID&gt;&lt;nameDefined&gt;Hi\Lo&lt;/nameDefined&gt;&lt;uomDefinedID&gt;24&lt;/uomDefinedID&gt;&lt;UOMName&gt;MM&lt;/UOMName&gt;&lt;UOMDescription&gt;MILIMETERS&lt;/UOMDescription&gt;&lt;serialNumber&gt;FTW2M1600071w&lt;/serialNumber&gt;&lt;avrg&gt;0.002575&lt;/avrg&gt;&lt;/Row&gt;&lt;Row&gt;&lt;notifRecordID&gt;115824&lt;/notifRecordID&gt;&lt;notifTagID&gt;123&lt;/notifTagID&gt;&lt;notifTagValue&gt;-0.011&lt;/notifTagValue&gt;&lt;recordID&gt;115824&lt;/recordID&gt;&lt;notifName&gt;TransCtr&lt;/notifName&gt;&lt;notifDescription&gt;P558_JENOPTIK&lt;/notifDescription&gt;&lt;CreatedBy&gt;SYSTEM&lt;/CreatedBy&gt;&lt;CreatedOn&gt;2016-12-19T10:11:32&lt;/CreatedOn&gt;&lt;ModifiedBy&gt;System&lt;/ModifiedBy&gt;&lt;ModifiedOn&gt;2016-12-19T10:11:34&lt;/ModifiedOn&gt;&lt;tagName&gt;Data_00&lt;/tagName&gt;&lt;tagTypeID&gt;8&lt;/tagTypeID&gt;&lt;tagGroupID&gt;1&lt;/tagGroupID&gt;&lt;tagFunctionID&gt;4&lt;/tagFunctionID&gt;&lt;COM_typeName&gt;TSend&lt;/COM_typeName&gt;&lt;FNC_typeName&gt;DefDataTable&lt;/FNC_typeName&gt;&lt;OPC_typeName&gt;FLOAT&lt;/OPC_typeName&gt;&lt;unitID&gt;36&lt;/unitID&gt;&lt;lineID&gt;35&lt;/lineID&gt;&lt;nameDefined&gt;Hi\Lo&lt;/nameDefined&gt;&lt;uomDefinedID&gt;24&lt;/uomDefinedID&gt;&lt;UOMName&gt;MM&lt;/UOMName&gt;&lt;UOMDescription&gt;MILIMETERS&lt;/UOMDescription&gt;&lt;serialNumber&gt;FTW3M16000avp&lt;/serialNumber&gt;&lt;avrg&gt;0.002575&lt;/avrg&gt;&lt;/Row&gt;&lt;Row&gt;&lt;notifRecordID&gt;115847&lt;/notifRecordID&gt;&lt;notifTagID&gt;123&lt;/notifTagID&gt;&lt;notifTagValue&gt;0.005&lt;/notifTagValue&gt;&lt;recordID&gt;115847&lt;/recordID&gt;&lt;notifName&gt;TransCtr&lt;/notifName&gt;&lt;notifDescription&gt;P558_JENOPTIK&lt;/notifDescription&gt;&lt;CreatedBy&gt;SYSTEM&lt;/CreatedBy&gt;&lt;CreatedOn&gt;2016-12-19T10:36:39&lt;/CreatedOn&gt;&lt;ModifiedBy&gt;System&lt;/ModifiedBy&gt;&lt;ModifiedOn&gt;2016-12-19T10:36:41&lt;/ModifiedOn&gt;&lt;tagName&gt;Data_00&lt;/tagName&gt;&lt;tagTypeID&gt;8&lt;/tagTypeID&gt;&lt;tagGroupID&gt;1&lt;/tagGroupID&gt;&lt;tagFunctionID&gt;4&lt;/tagFunctionID&gt;&lt;COM_typeName&gt;TSend&lt;/COM_typeName&gt;&lt;FNC_typeName&gt;DefDataTable&lt;/FNC_typeName&gt;&lt;OPC_typeName&gt;FLOAT&lt;/OPC_typeName&gt;&lt;unitID&gt;36&lt;/unitID&gt;&lt;lineID&gt;35&lt;/lineID&gt;&lt;nameDefined&gt;Hi\Lo&lt;/nameDefined&gt;&lt;uomDefinedID&gt;24&lt;/uomDefinedID&gt;&lt;UOMName&gt;MM&lt;/UOMName&gt;&lt;UOMDescription&gt;MILIMETERS&lt;/UOMDescription&gt;&lt;serialNumber&gt;FTW2M1600071z&lt;/serialNumber&gt;&lt;avrg&gt;0.002575&lt;/avrg&gt;&lt;/Row&gt;&lt;Row&gt;&lt;notifRecordID&gt;115852&lt;/notifRecordID&gt;&lt;notifTagID&gt;123&lt;/notifTagID&gt;&lt;notifTagValue&gt;0.005&lt;/notifTagValue&gt;&lt;recordID&gt;115852&lt;/recordID&gt;&lt;notifName&gt;TransCtr&lt;/notifName&gt;&lt;notifDescription&gt;P558_JENOPTIK&lt;/notifDescription&gt;&lt;CreatedBy&gt;SYSTEM&lt;/CreatedBy&gt;&lt;CreatedOn&gt;2016-12-19T10:41:24&lt;/CreatedOn&gt;&lt;ModifiedBy&gt;System&lt;/ModifiedBy&gt;&lt;ModifiedOn&gt;2016-12-19T10:41:25&lt;/ModifiedOn&gt;&lt;tagName&gt;Data_00&lt;/tagName&gt;&lt;tagTypeID&gt;8&lt;/tagTypeID&gt;&lt;tagGroupID&gt;1&lt;/tagGroupID&gt;&lt;tagFunctionID&gt;4&lt;/tagFunctionID&gt;&lt;COM_typeName&gt;TSend&lt;/COM_typeName&gt;&lt;FNC_typeName&gt;DefDataTable&lt;/FNC_typeName&gt;&lt;OPC_typeName&gt;FLOAT&lt;/OPC_typeName&gt;&lt;unitID&gt;36&lt;/unitID&gt;&lt;lineID&gt;35&lt;/lineID&gt;&lt;nameDefined&gt;Hi\Lo&lt;/nameDefined&gt;&lt;uomDefinedID&gt;24&lt;/uomDefinedID&gt;&lt;UOMName&gt;MM&lt;/UOMName&gt;&lt;UOMDescription&gt;MILIMETERS&lt;/UOMDescription&gt;&lt;serialNumber&gt;FTW3M16000avs&lt;/serialNumber&gt;&lt;avrg&gt;0.002575&lt;/avrg&gt;&lt;/Row&gt;&lt;Row&gt;&lt;notifRecordID&gt;115856&lt;/notifRecordID&gt;&lt;notifTagID&gt;123&lt;/notifTagID&gt;&lt;notifTagValue&gt;0.004&lt;/notifTagValue&gt;&lt;recordID&gt;115856&lt;/recordID&gt;&lt;notifName&gt;TransCtr&lt;/notifName&gt;&lt;notifDescription&gt;P558_JENOPTIK&lt;/notifDescription&gt;&lt;CreatedBy&gt;SYSTEM&lt;/CreatedBy&gt;&lt;CreatedOn&gt;2016-12-19T10:44:43&lt;/CreatedOn&gt;&lt;ModifiedBy&gt;System&lt;/ModifiedBy&gt;&lt;ModifiedOn&gt;2016-12-19T10:44:45&lt;/ModifiedOn&gt;&lt;tagName&gt;Data_00&lt;/tagName&gt;&lt;tagTypeID&gt;8&lt;/tagTypeID&gt;&lt;tagGroupID&gt;1&lt;/tagGroupID&gt;&lt;tagFunctionID&gt;4&lt;/tagFunctionID&gt;&lt;COM_typeName&gt;TSend&lt;/COM_typeName&gt;&lt;FNC_typeName&gt;DefDataTable&lt;/FNC_typeName&gt;&lt;OPC_typeName&gt;FLOAT&lt;/OPC_typeName&gt;&lt;unitID&gt;36&lt;/unitID&gt;&lt;lineID&gt;35&lt;/lineID&gt;&lt;nameDefined&gt;Hi\Lo&lt;/nameDefined&gt;&lt;uomDefinedID&gt;24&lt;/uomDefinedID&gt;&lt;UOMName&gt;MM&lt;/UOMName&gt;&lt;UOMDescription&gt;MILIMETERS&lt;/UOMDescription&gt;&lt;serialNumber&gt;FTW3M16000avu&lt;/serialNumber&gt;&lt;avrg&gt;0.002575&lt;/avrg&gt;&lt;/Row&gt;&lt;Row&gt;&lt;notifRecordID&gt;115858&lt;/notifRecordID&gt;&lt;notifTagID&gt;123&lt;/notifTagID&gt;&lt;notifTagValue&gt;-0.001&lt;/notifTagValue&gt;&lt;recordID&gt;115858&lt;/recordID&gt;&lt;notifName&gt;TransCtr&lt;/notifName&gt;&lt;notifDescription&gt;P558_JENOPTIK&lt;/notifDescription&gt;&lt;CreatedBy&gt;SYSTEM&lt;/CreatedBy&gt;&lt;CreatedOn&gt;2016-12-19T10:47:46&lt;/CreatedOn&gt;&lt;ModifiedBy&gt;System&lt;/ModifiedBy&gt;&lt;ModifiedOn&gt;2016-12-19T10:47:48&lt;/ModifiedOn&gt;&lt;tagName&gt;Data_00&lt;/tagName&gt;&lt;tagTypeID&gt;8&lt;/tagTypeID&gt;&lt;tagGroupID&gt;1&lt;/tagGroupID&gt;&lt;tagFunctionID&gt;4&lt;/tagFunctionID&gt;&lt;COM_typeName&gt;TSend&lt;/COM_typeName&gt;&lt;FNC_typeName&gt;DefDataTable&lt;/FNC_typeName&gt;&lt;OPC_typeName&gt;FLOAT&lt;/OPC_typeName&gt;&lt;unitID&gt;36&lt;/unitID&gt;&lt;lineID&gt;35&lt;/lineID&gt;&lt;nameDefined&gt;Hi\Lo&lt;/nameDefined&gt;&lt;uomDefinedID&gt;24&lt;/uomDefinedID&gt;&lt;UOMName&gt;MM&lt;/UOMName&gt;&lt;UOMDescription&gt;MILIMETERS&lt;/UOMDescription&gt;&lt;serialNumber&gt;FTW3M16000avt&lt;/serialNumber&gt;&lt;avrg&gt;0.002575&lt;/avrg&gt;&lt;/Row&gt;&lt;Row&gt;&lt;notifRecordID&gt;115862&lt;/notifRecordID&gt;&lt;notifTagID&gt;123&lt;/notifTagID&gt;&lt;notifTagValue&gt;0.004&lt;/notifTagValue&gt;&lt;recordID&gt;115862&lt;/recordID&gt;&lt;notifName&gt;TransCtr&lt;/notifName&gt;&lt;notifDescription&gt;P558_JENOPTIK&lt;/notifDescription&gt;&lt;CreatedBy&gt;SYSTEM&lt;/CreatedBy&gt;&lt;CreatedOn&gt;2016-12-19T10:49:40&lt;/CreatedOn&gt;&lt;ModifiedBy&gt;System&lt;/ModifiedBy&gt;&lt;ModifiedOn&gt;2016-12-19T10:49:42&lt;/ModifiedOn&gt;&lt;tagName&gt;Data_00&lt;/tagName&gt;&lt;tagTypeID&gt;8&lt;/tagTypeID&gt;&lt;tagGroupID&gt;1&lt;/tagGroupID&gt;&lt;tagFunctionID&gt;4&lt;/tagFunctionID&gt;&lt;COM_typeName&gt;TSend&lt;/COM_typeName&gt;&lt;FNC_typeName&gt;DefDataTable&lt;/FNC_typeName&gt;&lt;OPC_typeName&gt;FLOAT&lt;/OPC_typeName&gt;&lt;unitID&gt;36&lt;/unitID&gt;&lt;lineID&gt;35&lt;/lineID&gt;&lt;nameDefined&gt;Hi\Lo&lt;/nameDefined&gt;&lt;uomDefinedID&gt;24&lt;/uomDefinedID&gt;&lt;UOMName&gt;MM&lt;/UOMName&gt;&lt;UOMDescription&gt;MILIMETERS&lt;/UOMDescription&gt;&lt;serialNumber&gt;FTW2M16000720&lt;/serialNumber&gt;&lt;avrg&gt;0.002575&lt;/avrg&gt;&lt;/Row&gt;&lt;Row&gt;&lt;notifRecordID&gt;115872&lt;/notifRecordID&gt;&lt;notifTagID&gt;123&lt;/notifTagID&gt;&lt;notifTagValue&gt;0.002&lt;/notifTagValue&gt;&lt;recordID&gt;115872&lt;/recordID&gt;&lt;notifName&gt;TransCtr&lt;/notifName&gt;&lt;notifDescription&gt;P558_JENOPTIK&lt;/notifDescription&gt;&lt;CreatedBy&gt;SYSTEM&lt;/CreatedBy&gt;&lt;CreatedOn&gt;2016-12-19T11:04:02&lt;/CreatedOn&gt;&lt;ModifiedBy&gt;System&lt;/ModifiedBy&gt;&lt;ModifiedOn&gt;2016-12-19T11:04:05&lt;/ModifiedOn&gt;&lt;tagName&gt;Data_00&lt;/tagName&gt;&lt;tagTypeID&gt;8&lt;/tagTypeID&gt;&lt;tagGroupID&gt;1&lt;/tagGroupID&gt;&lt;tagFunctionID&gt;4&lt;/tagFunctionID&gt;&lt;COM_typeName&gt;TSend&lt;/COM_typeName&gt;&lt;FNC_typeName&gt;DefDataTable&lt;/FNC_typeName&gt;&lt;OPC_typeName&gt;FLOAT&lt;/OPC_typeName&gt;&lt;unitID&gt;36&lt;/unitID&gt;&lt;lineID&gt;35&lt;/lineID&gt;&lt;nameDefined&gt;Hi\Lo&lt;/nameDefined&gt;&lt;uomDefinedID&gt;24&lt;/uomDefinedID&gt;&lt;UOMName&gt;MM&lt;/UOMName&gt;&lt;UOMDescription&gt;MILIMETERS&lt;/UOMDescription&gt;&lt;serialNumber&gt;FTW2M16000721&lt;/serialNumber&gt;&lt;avrg&gt;0.002575&lt;/avrg&gt;&lt;/Row&gt;&lt;Row&gt;&lt;notifRecordID&gt;115876&lt;/notifRecordID&gt;&lt;notifTagID&gt;123&lt;/notifTagID&gt;&lt;notifTagValue&gt;-0.011&lt;/notifTagValue&gt;&lt;recordID&gt;115876&lt;/recordID&gt;&lt;notifName&gt;TransCtr&lt;/notifName&gt;&lt;notifDescription&gt;P558_JENOPTIK&lt;/notifDescription&gt;&lt;CreatedBy&gt;SYSTEM&lt;/CreatedBy&gt;&lt;CreatedOn&gt;2016-12-19T11:07:35&lt;/CreatedOn&gt;&lt;ModifiedBy&gt;System&lt;/ModifiedBy&gt;&lt;ModifiedOn&gt;2016-12-19T11:07:37&lt;/ModifiedOn&gt;&lt;tagName&gt;Data_00&lt;/tagName&gt;&lt;tagTypeID&gt;8&lt;/tagTypeID&gt;&lt;tagGroupID&gt;1&lt;/tagGroupID&gt;&lt;tagFunctionID&gt;4&lt;/tagFunctionID&gt;&lt;COM_typeName&gt;TSend&lt;/COM_typeName&gt;&lt;FNC_typeName&gt;DefDataTable&lt;/FNC_typeName&gt;&lt;OPC_typeName&gt;FLOAT&lt;/OPC_typeName&gt;&lt;unitID&gt;36&lt;/unitID&gt;&lt;lineID&gt;35&lt;/lineID&gt;&lt;nameDefined&gt;Hi\Lo&lt;/nameDefined&gt;&lt;uomDefinedID&gt;24&lt;/uomDefinedID&gt;&lt;UOMName&gt;MM&lt;/UOMName&gt;&lt;UOMDescription&gt;MILIMETERS&lt;/UOMDescription&gt;&lt;serialNumber&gt;FTW3M16000avv&lt;/serialNumber&gt;&lt;avrg&gt;0.002575&lt;/avrg&gt;&lt;/Row&gt;&lt;Row&gt;&lt;notifRecordID&gt;115878&lt;/notifRecordID&gt;&lt;notifTagID&gt;123&lt;/notifTagID&gt;&lt;notifTagValue&gt;0.006&lt;/notifTagValue&gt;&lt;recordID&gt;115878&lt;/recordID&gt;&lt;notifName&gt;TransCtr&lt;/notifName&gt;&lt;notifDescription&gt;P558_JENOPTIK&lt;/notifDescription&gt;&lt;CreatedBy&gt;SYSTEM&lt;/CreatedBy&gt;&lt;CreatedOn&gt;2016-12-19T11:09:33&lt;/CreatedOn&gt;&lt;ModifiedBy&gt;System&lt;/ModifiedBy&gt;&lt;ModifiedOn&gt;2016-12-19T11:09:35&lt;/ModifiedOn&gt;&lt;tagName&gt;Data_00&lt;/tagName&gt;&lt;tagTypeID&gt;8&lt;/tagTypeID&gt;&lt;tagGroupID&gt;1&lt;/tagGroupID&gt;&lt;tagFunctionID&gt;4&lt;/tagFunctionID&gt;&lt;COM_typeName&gt;TSend&lt;/COM_typeName&gt;&lt;FNC_typeName&gt;DefDataTable&lt;/FNC_typeName&gt;&lt;OPC_typeName&gt;FLOAT&lt;/OPC_typeName&gt;&lt;unitID&gt;36&lt;/unitID&gt;&lt;lineID&gt;35&lt;/lineID&gt;&lt;nameDefined&gt;Hi\Lo&lt;/nameDefined&gt;&lt;uomDefinedID&gt;24&lt;/uomDefinedID&gt;&lt;UOMName&gt;MM&lt;/UOMName&gt;&lt;UOMDescription&gt;MILIMETERS&lt;/UOMDescription&gt;&lt;serialNumber&gt;FTW3M16000avx&lt;/serialNumber&gt;&lt;avrg&gt;0.002575&lt;/avrg&gt;&lt;/Row&gt;&lt;Row&gt;&lt;notifRecordID&gt;115880&lt;/notifRecordID&gt;&lt;notifTagID&gt;123&lt;/notifTagID&gt;&lt;notifTagValue&gt;0.003&lt;/notifTagValue&gt;&lt;recordID&gt;115880&lt;/recordID&gt;&lt;notifName&gt;TransCtr&lt;/notifName&gt;&lt;notifDescription&gt;P558_JENOPTIK&lt;/notifDescription&gt;&lt;CreatedBy&gt;SYSTEM&lt;/CreatedBy&gt;&lt;CreatedOn&gt;2016-12-19T11:12:04&lt;/CreatedOn&gt;&lt;ModifiedBy&gt;System&lt;/ModifiedBy&gt;&lt;ModifiedOn&gt;2016-12-19T11:12:06&lt;/ModifiedOn&gt;&lt;tagName&gt;Data_00&lt;/tagName&gt;&lt;tagTypeID&gt;8&lt;/tagTypeID&gt;&lt;tagGroupID&gt;1&lt;/tagGroupID&gt;&lt;tagFunctionID&gt;4&lt;/tagFunctionID&gt;&lt;COM_typeName&gt;TSend&lt;/COM_typeName&gt;&lt;FNC_typeName&gt;DefDataTable&lt;/FNC_typeName&gt;&lt;OPC_typeName&gt;FLOAT&lt;/OPC_typeName&gt;&lt;unitID&gt;36&lt;/unitID&gt;&lt;lineID&gt;35&lt;/lineID&gt;&lt;nameDefined&gt;Hi\Lo&lt;/nameDefined&gt;&lt;uomDefinedID&gt;24&lt;/uomDefinedID&gt;&lt;UOMName&gt;MM&lt;/UOMName&gt;&lt;UOMDescription&gt;MILIMETERS&lt;/UOMDescription&gt;&lt;serialNumber&gt;FTW3M16000avw&lt;/serialNumber&gt;&lt;avrg&gt;0.002575&lt;/avrg&gt;&lt;/Row&gt;&lt;Row&gt;&lt;notifRecordID&gt;115884&lt;/notifRecordID&gt;&lt;notifTagID&gt;123&lt;/notifTagID&gt;&lt;notifTagValue&gt;0.009&lt;/notifTagValue&gt;&lt;recordID&gt;115884&lt;/recordID&gt;&lt;notifName&gt;TransCtr&lt;/notifName&gt;&lt;notifDescription&gt;P558_JENOPTIK&lt;/notifDescription&gt;&lt;CreatedBy&gt;SYSTEM&lt;/CreatedBy&gt;&lt;CreatedOn&gt;2016-12-19T11:13:56&lt;/CreatedOn&gt;&lt;ModifiedBy&gt;System&lt;/ModifiedBy&gt;&lt;ModifiedOn&gt;2016-12-19T11:13:58&lt;/ModifiedOn&gt;&lt;tagName&gt;Data_00&lt;/tagName&gt;&lt;tagTypeID&gt;8&lt;/tagTypeID&gt;&lt;tagGroupID&gt;1&lt;/tagGroupID&gt;&lt;tagFunctionID&gt;4&lt;/tagFunctionID&gt;&lt;COM_typeName&gt;TSend&lt;/COM_typeName&gt;&lt;FNC_typeName&gt;DefDataTable&lt;/FNC_typeName&gt;&lt;OPC_typeName&gt;FLOAT&lt;/OPC_typeName&gt;&lt;unitID&gt;36&lt;/unitID&gt;&lt;lineID&gt;35&lt;/lineID&gt;&lt;nameDefined&gt;Hi\Lo&lt;/nameDefined&gt;&lt;uomDefinedID&gt;24&lt;/uomDefinedID&gt;&lt;UOMName&gt;MM&lt;/UOMName&gt;&lt;UOMDescription&gt;MILIMETERS&lt;/UOMDescription&gt;&lt;serialNumber&gt;FTW2M16000722&lt;/serialNumber&gt;&lt;avrg&gt;0.002575&lt;/avrg&gt;&lt;/Row&gt;&lt;Row&gt;&lt;notifRecordID&gt;115890&lt;/notifRecordID&gt;&lt;notifTagID&gt;123&lt;/notifTagID&gt;&lt;notifTagValue&gt;0.008&lt;/notifTagValue&gt;&lt;recordID&gt;115890&lt;/recordID&gt;&lt;notifName&gt;TransCtr&lt;/notifName&gt;&lt;notifDescription&gt;P558_JENOPTIK&lt;/notifDescription&gt;&lt;CreatedBy&gt;SYSTEM&lt;/CreatedBy&gt;&lt;CreatedOn&gt;2016-12-19T11:21:21&lt;/CreatedOn&gt;&lt;ModifiedBy&gt;System&lt;/ModifiedBy&gt;&lt;ModifiedOn&gt;2016-12-19T11:21:24&lt;/ModifiedOn&gt;&lt;tagName&gt;Data_00&lt;/tagName&gt;&lt;tagTypeID&gt;8&lt;/tagTypeID&gt;&lt;tagGroupID&gt;1&lt;/tagGroupID&gt;&lt;tagFunctionID&gt;4&lt;/tagFunctionID&gt;&lt;COM_typeName&gt;TSend&lt;/COM_typeName&gt;&lt;FNC_typeName&gt;DefDataTable&lt;/FNC_typeName&gt;&lt;OPC_typeName&gt;FLOAT&lt;/OPC_typeName&gt;&lt;unitID&gt;36&lt;/unitID&gt;&lt;lineID&gt;35&lt;/lineID&gt;&lt;nameDefined&gt;Hi\Lo&lt;/nameDefined&gt;&lt;uomDefinedID&gt;24&lt;/uomDefinedID&gt;&lt;UOMName&gt;MM&lt;/UOMName&gt;&lt;UOMDescription&gt;MILIMETERS&lt;/UOMDescription&gt;&lt;serialNumber&gt;FTW2M16000723&lt;/serialNumber&gt;&lt;avrg&gt;0.002575&lt;/avrg&gt;&lt;/Row&gt;&lt;Row&gt;&lt;notifRecordID&gt;115897&lt;/notifRecordID&gt;&lt;notifTagID&gt;123&lt;/notifTagID&gt;&lt;notifTagValue&gt;-0.011&lt;/notifTagValue&gt;&lt;recordID&gt;115897&lt;/recordID&gt;&lt;notifName&gt;TransCtr&lt;/notifName&gt;&lt;notifDescription&gt;P558_JENOPTIK&lt;/notifDescription&gt;&lt;CreatedBy&gt;SYSTEM&lt;/CreatedBy&gt;&lt;CreatedOn&gt;2016-12-19T11:30:46&lt;/CreatedOn&gt;&lt;ModifiedBy&gt;System&lt;/ModifiedBy&gt;&lt;ModifiedOn&gt;2016-12-19T11:30:47&lt;/ModifiedOn&gt;&lt;tagName&gt;Data_00&lt;/tagName&gt;&lt;tagTypeID&gt;8&lt;/tagTypeID&gt;&lt;tagGroupID&gt;1&lt;/tagGroupID&gt;&lt;tagFunctionID&gt;4&lt;/tagFunctionID&gt;&lt;COM_typeName&gt;TSend&lt;/COM_typeName&gt;&lt;FNC_typeName&gt;DefDataTable&lt;/FNC_typeName&gt;&lt;OPC_typeName&gt;FLOAT&lt;/OPC_typeName&gt;&lt;unitID&gt;36&lt;/unitID&gt;&lt;lineID&gt;35&lt;/lineID&gt;&lt;nameDefined&gt;Hi\Lo&lt;/nameDefined&gt;&lt;uomDefinedID&gt;24&lt;/uomDefinedID&gt;&lt;UOMName&gt;MM&lt;/UOMName&gt;&lt;UOMDescription&gt;MILIMETERS&lt;/UOMDescription&gt;&lt;serialNumber&gt;FTW3M16000avy&lt;/serialNumber&gt;&lt;avrg&gt;0.002575&lt;/avrg&gt;&lt;/Row&gt;&lt;Row&gt;&lt;notifRecordID&gt;115900&lt;/notifRecordID&gt;&lt;notifTagID&gt;123&lt;/notifTagID&gt;&lt;notifTagValue&gt;0.003&lt;/notifTagValue&gt;&lt;recordID&gt;115900&lt;/recordID&gt;&lt;notifName&gt;TransCtr&lt;/notifName&gt;&lt;notifDescription&gt;P558_JENOPTIK&lt;/notifDescription&gt;&lt;CreatedBy&gt;SYSTEM&lt;/CreatedBy&gt;&lt;CreatedOn&gt;2016-12-19T11:32:59&lt;/CreatedOn&gt;&lt;ModifiedBy&gt;System&lt;/ModifiedBy&gt;&lt;ModifiedOn&gt;2016-12-19T11:33:01&lt;/ModifiedOn&gt;&lt;tagName&gt;Data_00&lt;/tagName&gt;&lt;tagTypeID&gt;8&lt;/tagTypeID&gt;&lt;tagGroupID&gt;1&lt;/tagGroupID&gt;&lt;tagFunctionID&gt;4&lt;/tagFunctionID&gt;&lt;COM_typeName&gt;TSend&lt;/COM_typeName&gt;&lt;FNC_typeName&gt;DefDataTable&lt;/FNC_typeName&gt;&lt;OPC_typeName&gt;FLOAT&lt;/OPC_typeName&gt;&lt;unitID&gt;36&lt;/unitID&gt;&lt;lineID&gt;35&lt;/lineID&gt;&lt;nameDefined&gt;Hi\Lo&lt;/nameDefined&gt;&lt;uomDefinedID&gt;24&lt;/uomDefinedID&gt;&lt;UOMName&gt;MM&lt;/UOMName&gt;&lt;UOMDescription&gt;MILIMETERS&lt;/UOMDescription&gt;&lt;serialNumber&gt;FTW3M16000avz&lt;/serialNumber&gt;&lt;avrg&gt;0.002575&lt;/avrg&gt;&lt;/Row&gt;&lt;Row&gt;&lt;notifRecordID&gt;115903&lt;/notifRecordID&gt;&lt;notifTagID&gt;123&lt;/notifTagID&gt;&lt;notifTagValue&gt;-0.004&lt;/notifTagValue&gt;&lt;recordID&gt;115903&lt;/recordID&gt;&lt;notifName&gt;TransCtr&lt;/notifName&gt;&lt;notifDescription&gt;P558_JENOPTIK&lt;/notifDescription&gt;&lt;CreatedBy&gt;SYSTEM&lt;/CreatedBy&gt;&lt;CreatedOn&gt;2016-12-19T11:35:03&lt;/CreatedOn&gt;&lt;ModifiedBy&gt;System&lt;/ModifiedBy&gt;&lt;ModifiedOn&gt;2016-12-19T11:35:05&lt;/ModifiedOn&gt;&lt;tagName&gt;Data_00&lt;/tagName&gt;&lt;tagTypeID&gt;8&lt;/tagTypeID&gt;&lt;tagGroupID&gt;1&lt;/tagGroupID&gt;&lt;tagFunctionID&gt;4&lt;/tagFunctionID&gt;&lt;COM_typeName&gt;TSend&lt;/COM_typeName&gt;&lt;FNC_typeName&gt;DefDataTable&lt;/FNC_typeName&gt;&lt;OPC_typeName&gt;FLOAT&lt;/OPC_typeName&gt;&lt;unitID&gt;36&lt;/unitID&gt;&lt;lineID&gt;35&lt;/lineID&gt;&lt;nameDefined&gt;Hi\Lo&lt;/nameDefined&gt;&lt;uomDefinedID&gt;24&lt;/uomDefinedID&gt;&lt;UOMName&gt;MM&lt;/UOMName&gt;&lt;UOMDescription&gt;MILIMETERS&lt;/UOMDescription&gt;&lt;serialNumber&gt;FTW3M16000aw0&lt;/serialNumber&gt;&lt;avrg&gt;0.002575&lt;/avrg&gt;&lt;/Row&gt;&lt;Row&gt;&lt;notifRecordID&gt;115906&lt;/notifRecordID&gt;&lt;notifTagID&gt;123&lt;/notifTagID&gt;&lt;notifTagValue&gt;0.009&lt;/notifTagValue&gt;&lt;recordID&gt;115906&lt;/recordID&gt;&lt;notifName&gt;TransCtr&lt;/notifName&gt;&lt;notifDescription&gt;P558_JENOPTIK&lt;/notifDescription&gt;&lt;CreatedBy&gt;SYSTEM&lt;/CreatedBy&gt;&lt;CreatedOn&gt;2016-12-19T11:40:12&lt;/CreatedOn&gt;&lt;ModifiedBy&gt;System&lt;/ModifiedBy&gt;&lt;ModifiedOn&gt;2016-12-19T11:40:14&lt;/ModifiedOn&gt;&lt;tagName&gt;Data_00&lt;/tagName&gt;&lt;tagTypeID&gt;8&lt;/tagTypeID&gt;&lt;tagGroupID&gt;1&lt;/tagGroupID&gt;&lt;tagFunctionID&gt;4&lt;/tagFunctionID&gt;&lt;COM_typeName&gt;TSend&lt;/COM_typeName&gt;&lt;FNC_typeName&gt;DefDataTable&lt;/FNC_typeName&gt;&lt;OPC_typeName&gt;FLOAT&lt;/OPC_typeName&gt;&lt;unitID&gt;36&lt;/unitID&gt;&lt;lineID&gt;35&lt;/lineID&gt;&lt;nameDefined&gt;Hi\Lo&lt;/nameDefined&gt;&lt;uomDefinedID&gt;24&lt;/uomDefinedID&gt;&lt;UOMName&gt;MM&lt;/UOMName&gt;&lt;UOMDescription&gt;MILIMETERS&lt;/UOMDescription&gt;&lt;serialNumber&gt;FTW2M16000724&lt;/serialNumber&gt;&lt;avrg&gt;0.002575&lt;/avrg&gt;&lt;/Row&gt;&lt;Row&gt;&lt;notifRecordID&gt;115917&lt;/notifRecordID&gt;&lt;notifTagID&gt;123&lt;/notifTagID&gt;&lt;notifTagValue&gt;0.004&lt;/notifTagValue&gt;&lt;recordID&gt;115917&lt;/recordID&gt;&lt;notifName&gt;TransCtr&lt;/notifName&gt;&lt;notifDescription&gt;P558_JENOPTIK&lt;/notifDescription&gt;&lt;CreatedBy&gt;SYSTEM&lt;/CreatedBy&gt;&lt;CreatedOn&gt;2016-12-19T11:55:17&lt;/CreatedOn&gt;&lt;ModifiedBy&gt;System&lt;/ModifiedBy&gt;&lt;ModifiedOn&gt;2016-12-19T11:55:19&lt;/ModifiedOn&gt;&lt;tagName&gt;Data_00&lt;/tagName&gt;&lt;tagTypeID&gt;8&lt;/tagTypeID&gt;&lt;tagGroupID&gt;1&lt;/tagGroupID&gt;&lt;tagFunctionID&gt;4&lt;/tagFunctionID&gt;&lt;COM_typeName&gt;TSend&lt;/COM_typeName&gt;&lt;FNC_typeName&gt;DefDataTable&lt;/FNC_typeName&gt;&lt;OPC_typeName&gt;FLOAT&lt;/OPC_typeName&gt;&lt;unitID&gt;36&lt;/unitID&gt;&lt;lineID&gt;35&lt;/lineID&gt;&lt;nameDefined&gt;Hi\Lo&lt;/nameDefined&gt;&lt;uomDefinedID&gt;24&lt;/uomDefinedID&gt;&lt;UOMName&gt;MM&lt;/UOMName&gt;&lt;UOMDescription&gt;MILIMETERS&lt;/UOMDescription&gt;&lt;serialNumber&gt;FTW2M16000725&lt;/serialNumber&gt;&lt;avrg&gt;0.002575&lt;/avrg&gt;&lt;/Row&gt;&lt;Row&gt;&lt;notifRecordID&gt;115920&lt;/notifRecordID&gt;&lt;notifTagID&gt;123&lt;/notifTagID&gt;&lt;notifTagValue&gt;-0.011&lt;/notifTagValue&gt;&lt;recordID&gt;115920&lt;/recordID&gt;&lt;notifName&gt;TransCtr&lt;/notifName&gt;&lt;notifDescription&gt;P558_JENOPTIK&lt;/notifDescription&gt;&lt;CreatedBy&gt;SYSTEM&lt;/CreatedBy&gt;&lt;CreatedOn&gt;2016-12-19T11:57:13&lt;/CreatedOn&gt;&lt;ModifiedBy&gt;System&lt;/ModifiedBy&gt;&lt;ModifiedOn&gt;2016-12-19T11:57:15&lt;/ModifiedOn&gt;&lt;tagName&gt;Data_00&lt;/tagName&gt;&lt;tagTypeID&gt;8&lt;/tagTypeID&gt;&lt;tagGroupID&gt;1&lt;/tagGroupID&gt;&lt;tagFunctionID&gt;4&lt;/tagFunctionID&gt;&lt;COM_typeName&gt;TSend&lt;/COM_typeName&gt;&lt;FNC_typeName&gt;DefDataTable&lt;/FNC_typeName&gt;&lt;OPC_typeName&gt;FLOAT&lt;/OPC_typeName&gt;&lt;unitID&gt;36&lt;/unitID&gt;&lt;lineID&gt;35&lt;/lineID&gt;&lt;nameDefined&gt;Hi\Lo&lt;/nameDefined&gt;&lt;uomDefinedID&gt;24&lt;/uomDefinedID&gt;&lt;UOMName&gt;MM&lt;/UOMName&gt;&lt;UOMDescription&gt;MILIMETERS&lt;/UOMDescription&gt;&lt;serialNumber&gt;FTW3M16000aw1&lt;/serialNumber&gt;&lt;avrg&gt;0.002575&lt;/avrg&gt;&lt;/Row&gt;&lt;Row&gt;&lt;notifRecordID&gt;115923&lt;/notifRecordID&gt;&lt;notifTagID&gt;123&lt;/notifTagID&gt;&lt;notifTagValue&gt;0.01&lt;/notifTagValue&gt;&lt;recordID&gt;115923&lt;/recordID&gt;&lt;notifName&gt;TransCtr&lt;/notifName&gt;&lt;notifDescription&gt;P558_JENOPTIK&lt;/notifDescription&gt;&lt;CreatedBy&gt;SYSTEM&lt;/CreatedBy&gt;&lt;CreatedOn&gt;2016-12-19T11:59:54&lt;/CreatedOn&gt;&lt;ModifiedBy&gt;System&lt;/ModifiedBy&gt;&lt;ModifiedOn&gt;2016-12-19T11:59:56&lt;/ModifiedOn&gt;&lt;tagName&gt;Data_00&lt;/tagName&gt;&lt;tagTypeID&gt;8&lt;/tagTypeID&gt;&lt;tagGroupID&gt;1&lt;/tagGroupID&gt;&lt;tagFunctionID&gt;4&lt;/tagFunctionID&gt;&lt;COM_typeName&gt;TSend&lt;/COM_typeName&gt;&lt;FNC_typeName&gt;DefDataTable&lt;/FNC_typeName&gt;&lt;OPC_typeName&gt;FLOAT&lt;/OPC_typeName&gt;&lt;unitID&gt;36&lt;/unitID&gt;&lt;lineID&gt;35&lt;/lineID&gt;&lt;nameDefined&gt;Hi\Lo&lt;/nameDefined&gt;&lt;uomDefinedID&gt;24&lt;/uomDefinedID&gt;&lt;UOMName&gt;MM&lt;/UOMName&gt;&lt;UOMDescription&gt;MILIMETERS&lt;/UOMDescription&gt;&lt;serialNumber&gt;FTW3M16000aw2&lt;/serialNumber&gt;&lt;avrg&gt;0.002575&lt;/avrg&gt;&lt;/Row&gt;&lt;Row&gt;&lt;notifRecordID&gt;115925&lt;/notifRecordID&gt;&lt;notifTagID&gt;123&lt;/notifTagID&gt;&lt;notifTagValue&gt;0.0&lt;/notifTagValue&gt;&lt;recordID&gt;115925&lt;/recordID&gt;&lt;notifName&gt;TransCtr&lt;/notifName&gt;&lt;notifDescription&gt;P558_JENOPTIK&lt;/notifDescription&gt;&lt;CreatedBy&gt;SYSTEM&lt;/CreatedBy&gt;&lt;CreatedOn&gt;2016-12-19T12:03:21&lt;/CreatedOn&gt;&lt;ModifiedBy&gt;System&lt;/ModifiedBy&gt;&lt;ModifiedOn&gt;2016-12-19T12:03:23&lt;/ModifiedOn&gt;&lt;tagName&gt;Data_00&lt;/tagName&gt;&lt;tagTypeID&gt;8&lt;/tagTypeID&gt;&lt;tagGroupID&gt;1&lt;/tagGroupID&gt;&lt;tagFunctionID&gt;4&lt;/tagFunctionID&gt;&lt;COM_typeName&gt;TSend&lt;/COM_typeName&gt;&lt;FNC_typeName&gt;DefDataTable&lt;/FNC_typeName&gt;&lt;OPC_typeName&gt;FLOAT&lt;/OPC_typeName&gt;&lt;unitID&gt;36&lt;/unitID&gt;&lt;lineID&gt;35&lt;/lineID&gt;&lt;nameDefined&gt;Hi\Lo&lt;/nameDefined&gt;&lt;uomDefinedID&gt;24&lt;/uomDefinedID&gt;&lt;UOMName&gt;MM&lt;/UOMName&gt;&lt;UOMDescription&gt;MILIMETERS&lt;/UOMDescription&gt;&lt;serialNumber&gt;FTW3M16000aw3&lt;/serialNumber&gt;&lt;avrg&gt;0.002575&lt;/avrg&gt;&lt;/Row&gt;&lt;Row&gt;&lt;notifRecordID&gt;115932&lt;/notifRecordID&gt;&lt;notifTagID&gt;123&lt;/notifTagID&gt;&lt;notifTagValue&gt;0.001&lt;/notifTagValue&gt;&lt;recordID&gt;115932&lt;/recordID&gt;&lt;notifName&gt;TransCtr&lt;/notifName&gt;&lt;notifDescription&gt;P558_JENOPTIK&lt;/notifDescription&gt;&lt;CreatedBy&gt;SYSTEM&lt;/CreatedBy&gt;&lt;CreatedOn&gt;2016-12-19T12:09:53&lt;/CreatedOn&gt;&lt;ModifiedBy&gt;System&lt;/ModifiedBy&gt;&lt;ModifiedOn&gt;2016-12-19T12:09:55&lt;/ModifiedOn&gt;&lt;tagName&gt;Data_00&lt;/tagName&gt;&lt;tagTypeID&gt;8&lt;/tagTypeID&gt;&lt;tagGroupID&gt;1&lt;/tagGroupID&gt;&lt;tagFunctionID&gt;4&lt;/tagFunctionID&gt;&lt;COM_typeName&gt;TSend&lt;/COM_typeName&gt;&lt;FNC_typeName&gt;DefDataTable&lt;/FNC_typeName&gt;&lt;OPC_typeName&gt;FLOAT&lt;/OPC_typeName&gt;&lt;unitID&gt;36&lt;/unitID&gt;&lt;lineID&gt;35&lt;/lineID&gt;&lt;nameDefined&gt;Hi\Lo&lt;/nameDefined&gt;&lt;uomDefinedID&gt;24&lt;/uomDefinedID&gt;&lt;UOMName&gt;MM&lt;/UOMName&gt;&lt;UOMDescription&gt;MILIMETERS&lt;/UOMDescription&gt;&lt;serialNumber&gt;FTW2M16000726&lt;/serialNumber&gt;&lt;avrg&gt;0.002575&lt;/avrg&gt;&lt;/Row&gt;&lt;Row&gt;&lt;notifRecordID&gt;115939&lt;/notifRecordID&gt;&lt;notifTagID&gt;123&lt;/notifTagID&gt;&lt;notifTagValue&gt;0.0&lt;/notifTagValue&gt;&lt;recordID&gt;115939&lt;/recordID&gt;&lt;notifName&gt;TransCtr&lt;/notifName&gt;&lt;notifDescription&gt;P558_JENOPTIK&lt;/notifDescription&gt;&lt;CreatedBy&gt;SYSTEM&lt;/CreatedBy&gt;&lt;CreatedOn&gt;2016-12-19T12:21:53&lt;/CreatedOn&gt;&lt;ModifiedBy&gt;System&lt;/ModifiedBy&gt;&lt;ModifiedOn&gt;2016-12-19T12:21:55&lt;/ModifiedOn&gt;&lt;tagName&gt;Data_00&lt;/tagName&gt;&lt;tagTypeID&gt;8&lt;/tagTypeID&gt;&lt;tagGroupID&gt;1&lt;/tagGroupID&gt;&lt;tagFunctionID&gt;4&lt;/tagFunctionID&gt;&lt;COM_typeName&gt;TSend&lt;/COM_typeName&gt;&lt;FNC_typeName&gt;DefDataTable&lt;/FNC_typeName&gt;&lt;OPC_typeName&gt;FLOAT&lt;/OPC_typeName&gt;&lt;unitID&gt;36&lt;/unitID&gt;&lt;lineID&gt;35&lt;/lineID&gt;&lt;nameDefined&gt;Hi\Lo&lt;/nameDefined&gt;&lt;uomDefinedID&gt;24&lt;/uomDefinedID&gt;&lt;UOMName&gt;MM&lt;/UOMName&gt;&lt;UOMDescription&gt;MILIMETERS&lt;/UOMDescription&gt;&lt;serialNumber&gt;FTW2M16000727&lt;/serialNumber&gt;&lt;avrg&gt;0.002575&lt;/avrg&gt;&lt;/Row&gt;&lt;Row&gt;&lt;notifRecordID&gt;115942&lt;/notifRecordID&gt;&lt;notifTagID&gt;123&lt;/notifTagID&gt;&lt;notifTagValue&gt;-0.014&lt;/notifTagValue&gt;&lt;recordID&gt;115942&lt;/recordID&gt;&lt;notifName&gt;TransCtr&lt;/notifName&gt;&lt;notifDescription&gt;P558_JENOPTIK&lt;/notifDescription&gt;&lt;CreatedBy&gt;SYSTEM&lt;/CreatedBy&gt;&lt;CreatedOn&gt;2016-12-19T12:23:33&lt;/CreatedOn&gt;&lt;ModifiedBy&gt;System&lt;/ModifiedBy&gt;&lt;ModifiedOn&gt;2016-12-19T12:23:35&lt;/ModifiedOn&gt;&lt;tagName&gt;Data_00&lt;/tagName&gt;&lt;tagTypeID&gt;8&lt;/tagTypeID&gt;&lt;tagGroupID&gt;1&lt;/tagGroupID&gt;&lt;tagFunctionID&gt;4&lt;/tagFunctionID&gt;&lt;COM_typeName&gt;TSend&lt;/COM_typeName&gt;&lt;FNC_typeName&gt;DefDataTable&lt;/FNC_typeName&gt;&lt;OPC_typeName&gt;FLOAT&lt;/OPC_typeName&gt;&lt;unitID&gt;36&lt;/unitID&gt;&lt;lineID&gt;35&lt;/lineID&gt;&lt;nameDefined&gt;Hi\Lo&lt;/nameDefined&gt;&lt;uomDefinedID&gt;24&lt;/uomDefinedID&gt;&lt;UOMName&gt;MM&lt;/UOMName&gt;&lt;UOMDescription&gt;MILIMETERS&lt;/UOMDescription&gt;&lt;serialNumber&gt;FTW3M16000aw4&lt;/serialNumber&gt;&lt;avrg&gt;0.002575&lt;/avrg&gt;&lt;/Row&gt;&lt;Row&gt;&lt;notifRecordID&gt;115946&lt;/notifRecordID&gt;&lt;notifTagID&gt;123&lt;/notifTagID&gt;&lt;notifTagValue&gt;0.004&lt;/notifTagValue&gt;&lt;recordID&gt;115946&lt;/recordID&gt;&lt;notifName&gt;TransCtr&lt;/notifName&gt;&lt;notifDescription&gt;P558_JENOPTIK&lt;/notifDescription&gt;&lt;CreatedBy&gt;SYSTEM&lt;/CreatedBy&gt;&lt;CreatedOn&gt;2016-12-19T12:26:03&lt;/CreatedOn&gt;&lt;ModifiedBy&gt;System&lt;/ModifiedBy&gt;&lt;ModifiedOn&gt;2016-12-19T12:26:05&lt;/ModifiedOn&gt;&lt;tagName&gt;Data_00&lt;/tagName&gt;&lt;tagTypeID&gt;8&lt;/tagTypeID&gt;&lt;tagGroupID&gt;1&lt;/tagGroupID&gt;&lt;tagFunctionID&gt;4&lt;/tagFunctionID&gt;&lt;COM_typeName&gt;TSend&lt;/COM_typeName&gt;&lt;FNC_typeName&gt;DefDataTable&lt;/FNC_typeName&gt;&lt;OPC_typeName&gt;FLOAT&lt;/OPC_typeName&gt;&lt;unitID&gt;36&lt;/unitID&gt;&lt;lineID&gt;35&lt;/lineID&gt;&lt;nameDefined&gt;Hi\Lo&lt;/nameDefined&gt;&lt;uomDefinedID&gt;24&lt;/uomDefinedID&gt;&lt;UOMName&gt;MM&lt;/UOMName&gt;&lt;UOMDescription&gt;MILIMETERS&lt;/UOMDescription&gt;&lt;serialNumber&gt;FTW3M16000aw5&lt;/serialNumber&gt;&lt;avrg&gt;0.002575&lt;/avrg&gt;&lt;/Row&gt;&lt;Row&gt;&lt;notifRecordID&gt;115951&lt;/notifRecordID&gt;&lt;notifTagID&gt;123&lt;/notifTagID&gt;&lt;notifTagValue&gt;0.001&lt;/notifTagValue&gt;&lt;recordID&gt;115951&lt;/recordID&gt;&lt;notifName&gt;TransCtr&lt;/notifName&gt;&lt;notifDescription&gt;P558_JENOPTIK&lt;/notifDescription&gt;&lt;CreatedBy&gt;SYSTEM&lt;/CreatedBy&gt;&lt;CreatedOn&gt;2016-12-19T12:36:06&lt;/CreatedOn&gt;&lt;ModifiedBy&gt;System&lt;/ModifiedBy&gt;&lt;ModifiedOn&gt;2016-12-19T12:36:08&lt;/ModifiedOn&gt;&lt;tagName&gt;Data_00&lt;/tagName&gt;&lt;tagTypeID&gt;8&lt;/tagTypeID&gt;&lt;tagGroupID&gt;1&lt;/tagGroupID&gt;&lt;tagFunctionID&gt;4&lt;/tagFunctionID&gt;&lt;COM_typeName&gt;TSend&lt;/COM_typeName&gt;&lt;FNC_typeName&gt;DefDataTable&lt;/FNC_typeName&gt;&lt;OPC_typeName&gt;FLOAT&lt;/OPC_typeName&gt;&lt;unitID&gt;36&lt;/unitID&gt;&lt;lineID&gt;35&lt;/lineID&gt;&lt;nameDefined&gt;Hi\Lo&lt;/nameDefined&gt;&lt;uomDefinedID&gt;24&lt;/uomDefinedID&gt;&lt;UOMName&gt;MM&lt;/UOMName&gt;&lt;UOMDescription&gt;MILIMETERS&lt;/UOMDescription&gt;&lt;serialNumber&gt;FTW3M16000aw6&lt;/serialNumber&gt;&lt;avrg&gt;0.002575&lt;/avrg&gt;&lt;/Row&gt;&lt;Row&gt;&lt;notifRecordID&gt;115955&lt;/notifRecordID&gt;&lt;notifTagID&gt;123&lt;/notifTagID&gt;&lt;notifTagValue&gt;0.002&lt;/notifTagValue&gt;&lt;recordID&gt;115955&lt;/recordID&gt;&lt;notifName&gt;TransCtr&lt;/notifName&gt;&lt;notifDescription&gt;P558_JENOPTIK&lt;/notifDescription&gt;&lt;CreatedBy&gt;SYSTEM&lt;/CreatedBy&gt;&lt;CreatedOn&gt;2016-12-19T12:38:06&lt;/CreatedOn&gt;&lt;ModifiedBy&gt;System&lt;/ModifiedBy&gt;&lt;ModifiedOn&gt;2016-12-19T12:38:08&lt;/ModifiedOn&gt;&lt;tagName&gt;Data_00&lt;/tagName&gt;&lt;tagTypeID&gt;8&lt;/tagTypeID&gt;&lt;tagGroupID&gt;1&lt;/tagGroupID&gt;&lt;tagFunctionID&gt;4&lt;/tagFunctionID&gt;&lt;COM_typeName&gt;TSend&lt;/COM_typeName&gt;&lt;FNC_typeName&gt;DefDataTable&lt;/FNC_typeName&gt;&lt;OPC_typeName&gt;FLOAT&lt;/OPC_typeName&gt;&lt;unitID&gt;36&lt;/unitID&gt;&lt;lineID&gt;35&lt;/lineID&gt;&lt;nameDefined&gt;Hi\Lo&lt;/nameDefined&gt;&lt;uomDefinedID&gt;24&lt;/uomDefinedID&gt;&lt;UOMName&gt;MM&lt;/UOMName&gt;&lt;UOMDescription&gt;MILIMETERS&lt;/UOMDescription&gt;&lt;serialNumber&gt;FTW2M16000728&lt;/serialNumber&gt;&lt;avrg&gt;0.002575&lt;/avrg&gt;&lt;/Row&gt;&lt;Row&gt;&lt;notifRecordID&gt;115962&lt;/notifRecordID&gt;&lt;notifTagID&gt;123&lt;/notifTagID&gt;&lt;notifTagValue&gt;-0.003&lt;/notifTagValue&gt;&lt;recordID&gt;115962&lt;/recordID&gt;&lt;notifName&gt;TransCtr&lt;/notifName&gt;&lt;notifDescription&gt;P558_JENOPTIK&lt;/notifDescription&gt;&lt;CreatedBy&gt;SYSTEM&lt;/CreatedBy&gt;&lt;CreatedOn&gt;2016-12-19T12:47:57&lt;/CreatedOn&gt;&lt;ModifiedBy&gt;System&lt;/ModifiedBy&gt;&lt;ModifiedOn&gt;2016-12-19T12:47:59&lt;/ModifiedOn&gt;&lt;tagName&gt;Data_00&lt;/tagName&gt;&lt;tagTypeID&gt;8&lt;/tagTypeID&gt;&lt;tagGroupID&gt;1&lt;/tagGroupID&gt;&lt;tagFunctionID&gt;4&lt;/tagFunctionID&gt;&lt;COM_typeName&gt;TSend&lt;/COM_typeName&gt;&lt;FNC_typeName&gt;DefDataTable&lt;/FNC_typeName&gt;&lt;OPC_typeName&gt;FLOAT&lt;/OPC_typeName&gt;&lt;unitID&gt;36&lt;/unitID&gt;&lt;lineID&gt;35&lt;/lineID&gt;&lt;nameDefined&gt;Hi\Lo&lt;/nameDefined&gt;&lt;uomDefinedID&gt;24&lt;/uomDefinedID&gt;&lt;UOMName&gt;MM&lt;/UOMName&gt;&lt;UOMDescription&gt;MILIMETERS&lt;/UOMDescription&gt;&lt;serialNumber&gt;FTW2M16000729&lt;/serialNumber&gt;&lt;avrg&gt;0.002575&lt;/avrg&gt;&lt;/Row&gt;&lt;Row&gt;&lt;notifRecordID&gt;115964&lt;/notifRecordID&gt;&lt;notifTagID&gt;123&lt;/notifTagID&gt;&lt;notifTagValue&gt;-0.014&lt;/notifTagValue&gt;&lt;recordID&gt;115964&lt;/recordID&gt;&lt;notifName&gt;TransCtr&lt;/notifName&gt;&lt;notifDescription&gt;P558_JENOPTIK&lt;/notifDescription&gt;&lt;CreatedBy&gt;SYSTEM&lt;/CreatedBy&gt;&lt;CreatedOn&gt;2016-12-19T12:49:51&lt;/CreatedOn&gt;&lt;ModifiedBy&gt;System&lt;/ModifiedBy&gt;&lt;ModifiedOn&gt;2016-12-19T12:49:53&lt;/ModifiedOn&gt;&lt;tagName&gt;Data_00&lt;/tagName&gt;&lt;tagTypeID&gt;8&lt;/tagTypeID&gt;&lt;tagGroupID&gt;1&lt;/tagGroupID&gt;&lt;tagFunctionID&gt;4&lt;/tagFunctionID&gt;&lt;COM_typeName&gt;TSend&lt;/COM_typeName&gt;&lt;FNC_typeName&gt;DefDataTable&lt;/FNC_typeName&gt;&lt;OPC_typeName&gt;FLOAT&lt;/OPC_typeName&gt;&lt;unitID&gt;36&lt;/unitID&gt;&lt;lineID&gt;35&lt;/lineID&gt;&lt;nameDefined&gt;Hi\Lo&lt;/nameDefined&gt;&lt;uomDefinedID&gt;24&lt;/uomDefinedID&gt;&lt;UOMName&gt;MM&lt;/UOMName&gt;&lt;UOMDescription&gt;MILIMETERS&lt;/UOMDescription&gt;&lt;serialNumber&gt;FTW3M16000aw7&lt;/serialNumber&gt;&lt;avrg&gt;0.002575&lt;/avrg&gt;&lt;/Row&gt;&lt;Row&gt;&lt;notifRecordID&gt;115966&lt;/notifRecordID&gt;&lt;notifTagID&gt;123&lt;/notifTagID&gt;&lt;notifTagValue&gt;0.002&lt;/notifTagValue&gt;&lt;recordID&gt;115966&lt;/recordID&gt;&lt;notifName&gt;TransCtr&lt;/notifName&gt;&lt;notifDescription&gt;P558_JENOPTIK&lt;/notifDescription&gt;&lt;CreatedBy&gt;SYSTEM&lt;/CreatedBy&gt;&lt;CreatedOn&gt;2016-12-19T12:52:57&lt;/CreatedOn&gt;&lt;ModifiedBy&gt;System&lt;/ModifiedBy&gt;&lt;ModifiedOn&gt;2016-12-19T12:52:59&lt;/ModifiedOn&gt;&lt;tagName&gt;Data_00&lt;/tagName&gt;&lt;tagTypeID&gt;8&lt;/tagTypeID&gt;&lt;tagGroupID&gt;1&lt;/tagGroupID&gt;&lt;tagFunctionID&gt;4&lt;/tagFunctionID&gt;&lt;COM_typeName&gt;TSend&lt;/COM_typeName&gt;&lt;FNC_typeName&gt;DefDataTable&lt;/FNC_typeName&gt;&lt;OPC_typeName&gt;FLOAT&lt;/OPC_typeName&gt;&lt;unitID&gt;36&lt;/unitID&gt;&lt;lineID&gt;35&lt;/lineID&gt;&lt;nameDefined&gt;Hi\Lo&lt;/nameDefined&gt;&lt;uomDefinedID&gt;24&lt;/uomDefinedID&gt;&lt;UOMName&gt;MM&lt;/UOMName&gt;&lt;UOMDescription&gt;MILIMETERS&lt;/UOMDescription&gt;&lt;serialNumber&gt;FTW3M16000aw8&lt;/serialNumber&gt;&lt;avrg&gt;0.002575&lt;/avrg&gt;&lt;/Row&gt;&lt;Row&gt;&lt;notifRecordID&gt;115972&lt;/notifRecordID&gt;&lt;notifTagID&gt;123&lt;/notifTagID&gt;&lt;notifTagValue&gt;0.005&lt;/notifTagValue&gt;&lt;recordID&gt;115972&lt;/recordID&gt;&lt;notifName&gt;TransCtr&lt;/notifName&gt;&lt;notifDescription&gt;P558_JENOPTIK&lt;/notifDescription&gt;&lt;CreatedBy&gt;SYSTEM&lt;/CreatedBy&gt;&lt;CreatedOn&gt;2016-12-19T12:55:27&lt;/CreatedOn&gt;&lt;ModifiedBy&gt;System&lt;/ModifiedBy&gt;&lt;ModifiedOn&gt;2016-12-19T12:55:29&lt;/ModifiedOn&gt;&lt;tagName&gt;Data_00&lt;/tagName&gt;&lt;tagTypeID&gt;8&lt;/tagTypeID&gt;&lt;tagGroupID&gt;1&lt;/tagGroupID&gt;&lt;tagFunctionID&gt;4&lt;/tagFunctionID&gt;&lt;COM_typeName&gt;TSend&lt;/COM_typeName&gt;&lt;FNC_typeName&gt;DefDataTable&lt;/FNC_typeName&gt;&lt;OPC_typeName&gt;FLOAT&lt;/OPC_typeName&gt;&lt;unitID&gt;36&lt;/unitID&gt;&lt;lineID&gt;35&lt;/lineID&gt;&lt;nameDefined&gt;Hi\Lo&lt;/nameDefined&gt;&lt;uomDefinedID&gt;24&lt;/uomDefinedID&gt;&lt;UOMName&gt;MM&lt;/UOMName&gt;&lt;UOMDescription&gt;MILIMETERS&lt;/UOMDescription&gt;&lt;serialNumber&gt;FTW3M16000aw9&lt;/serialNumber&gt;&lt;avrg&gt;0.002575&lt;/avrg&gt;&lt;/Row&gt;&lt;Row&gt;&lt;notifRecordID&gt;115976&lt;/notifRecordID&gt;&lt;notifTagID&gt;123&lt;/notifTagID&gt;&lt;notifTagValue&gt;0.001&lt;/notifTagValue&gt;&lt;recordID&gt;115976&lt;/recordID&gt;&lt;notifName&gt;TransCtr&lt;/notifName&gt;&lt;notifDescription&gt;P558_JENOPTIK&lt;/notifDescription&gt;&lt;CreatedBy&gt;SYSTEM&lt;/CreatedBy&gt;&lt;CreatedOn&gt;2016-12-19T12:59:53&lt;/CreatedOn&gt;&lt;ModifiedBy&gt;System&lt;/ModifiedBy&gt;&lt;ModifiedOn&gt;2016-12-19T12:59:55&lt;/ModifiedOn&gt;&lt;tagName&gt;Data_00&lt;/tagName&gt;&lt;tagTypeID&gt;8&lt;/tagTypeID&gt;&lt;tagGroupID&gt;1&lt;/tagGroupID&gt;&lt;tagFunctionID&gt;4&lt;/tagFunctionID&gt;&lt;COM_typeName&gt;TSend&lt;/COM_typeName&gt;&lt;FNC_typeName&gt;DefDataTable&lt;/FNC_typeName&gt;&lt;OPC_typeName&gt;FLOAT&lt;/OPC_typeName&gt;&lt;unitID&gt;36&lt;/unitID&gt;&lt;lineID&gt;35&lt;/lineID&gt;&lt;nameDefined&gt;Hi\Lo&lt;/nameDefined&gt;&lt;uomDefinedID&gt;24&lt;/uomDefinedID&gt;&lt;UOMName&gt;MM&lt;/UOMName&gt;&lt;UOMDescription&gt;MILIMETERS&lt;/UOMDescription&gt;&lt;serialNumber&gt;FTW2M1600072a&lt;/serialNumber&gt;&lt;avrg&gt;0.002575&lt;/avrg&gt;&lt;/Row&gt;&lt;Row&gt;&lt;notifRecordID&gt;115979&lt;/notifRecordID&gt;&lt;notifTagID&gt;123&lt;/notifTagID&gt;&lt;notifTagValue&gt;-0.005&lt;/notifTagValue&gt;&lt;recordID&gt;115979&lt;/recordID&gt;&lt;notifName&gt;TransCtr&lt;/notifName&gt;&lt;notifDescription&gt;P558_JENOPTIK&lt;/notifDescription&gt;&lt;CreatedBy&gt;SYSTEM&lt;/CreatedBy&gt;&lt;CreatedOn&gt;2016-12-19T13:02:18&lt;/CreatedOn&gt;&lt;ModifiedBy&gt;System&lt;/ModifiedBy&gt;&lt;ModifiedOn&gt;2016-12-19T13:02:20&lt;/ModifiedOn&gt;&lt;tagName&gt;Data_00&lt;/tagName&gt;&lt;tagTypeID&gt;8&lt;/tagTypeID&gt;&lt;tagGroupID&gt;1&lt;/tagGroupID&gt;&lt;tagFunctionID&gt;4&lt;/tagFunctionID&gt;&lt;COM_typeName&gt;TSend&lt;/COM_typeName&gt;&lt;FNC_typeName&gt;DefDataTable&lt;/FNC_typeName&gt;&lt;OPC_typeName&gt;FLOAT&lt;/OPC_typeName&gt;&lt;unitID&gt;36&lt;/unitID&gt;&lt;lineID&gt;35&lt;/lineID&gt;&lt;nameDefined&gt;Hi\Lo&lt;/nameDefined&gt;&lt;uomDefinedID&gt;24&lt;/uomDefinedID&gt;&lt;UOMName&gt;MM&lt;/UOMName&gt;&lt;UOMDescription&gt;MILIMETERS&lt;/UOMDescription&gt;&lt;serialNumber&gt;FTW2M1600072b&lt;/serialNumber&gt;&lt;avrg&gt;0.002575&lt;/avrg&gt;&lt;/Row&gt;&lt;Row&gt;&lt;notifRecordID&gt;115990&lt;/notifRecordID&gt;&lt;notifTagID&gt;123&lt;/notifTagID&gt;&lt;notifTagValue&gt;-0.014&lt;/notifTagValue&gt;&lt;recordID&gt;115990&lt;/recordID&gt;&lt;notifName&gt;TransCtr&lt;/notifName&gt;&lt;notifDescription&gt;P558_JENOPTIK&lt;/notifDescription&gt;&lt;CreatedBy&gt;SYSTEM&lt;/CreatedBy&gt;&lt;CreatedOn&gt;2016-12-19T13:21:21&lt;/CreatedOn&gt;&lt;ModifiedBy&gt;System&lt;/ModifiedBy&gt;&lt;ModifiedOn&gt;2016-12-19T13:21:22&lt;/ModifiedOn&gt;&lt;tagName&gt;Data_00&lt;/tagName&gt;&lt;tagTypeID&gt;8&lt;/tagTypeID&gt;&lt;tagGroupID&gt;1&lt;/tagGroupID&gt;&lt;tagFunctionID&gt;4&lt;/tagFunctionID&gt;&lt;COM_typeName&gt;TSend&lt;/COM_typeName&gt;&lt;FNC_typeName&gt;DefDataTable&lt;/FNC_typeName&gt;&lt;OPC_typeName&gt;FLOAT&lt;/OPC_typeName&gt;&lt;unitID&gt;36&lt;/unitID&gt;&lt;lineID&gt;35&lt;/lineID&gt;&lt;nameDefined&gt;Hi\Lo&lt;/nameDefined&gt;&lt;uomDefinedID&gt;24&lt;/uomDefinedID&gt;&lt;UOMName&gt;MM&lt;/UOMName&gt;&lt;UOMDescription&gt;MILIMETERS&lt;/UOMDescription&gt;&lt;serialNumber&gt;FTW3M16000awa&lt;/serialNumber&gt;&lt;avrg&gt;0.002575&lt;/avrg&gt;&lt;/Row&gt;&lt;Row&gt;&lt;notifRecordID&gt;115993&lt;/notifRecordID&gt;&lt;notifTagID&gt;123&lt;/notifTagID&gt;&lt;notifTagValue&gt;0.002&lt;/notifTagValue&gt;&lt;recordID&gt;115993&lt;/recordID&gt;&lt;notifName&gt;TransCtr&lt;/notifName&gt;&lt;notifDescription&gt;P558_JENOPTIK&lt;/notifDescription&gt;&lt;CreatedBy&gt;SYSTEM&lt;/CreatedBy&gt;&lt;CreatedOn&gt;2016-12-19T13:23:23&lt;/CreatedOn&gt;&lt;ModifiedBy&gt;System&lt;/ModifiedBy&gt;&lt;ModifiedOn&gt;2016-12-19T13:23:25&lt;/ModifiedOn&gt;&lt;tagName&gt;Data_00&lt;/tagName&gt;&lt;tagTypeID&gt;8&lt;/tagTypeID&gt;&lt;tagGroupID&gt;1&lt;/tagGroupID&gt;&lt;tagFunctionID&gt;4&lt;/tagFunctionID&gt;&lt;COM_typeName&gt;TSend&lt;/COM_typeName&gt;&lt;FNC_typeName&gt;DefDataTable&lt;/FNC_typeName&gt;&lt;OPC_typeName&gt;FLOAT&lt;/OPC_typeName&gt;&lt;unitID&gt;36&lt;/unitID&gt;&lt;lineID&gt;35&lt;/lineID&gt;&lt;nameDefined&gt;Hi\Lo&lt;/nameDefined&gt;&lt;uomDefinedID&gt;24&lt;/uomDefinedID&gt;&lt;UOMName&gt;MM&lt;/UOMName&gt;&lt;UOMDescription&gt;MILIMETERS&lt;/UOMDescription&gt;&lt;serialNumber&gt;FTW3M16000awb&lt;/serialNumber&gt;&lt;avrg&gt;0.002575&lt;/avrg&gt;&lt;/Row&gt;&lt;Row&gt;&lt;notifRecordID&gt;115998&lt;/notifRecordID&gt;&lt;notifTagID&gt;123&lt;/notifTagID&gt;&lt;notifTagValue&gt;0.003&lt;/notifTagValue&gt;&lt;recordID&gt;115998&lt;/recordID&gt;&lt;notifName&gt;TransCtr&lt;/notifName&gt;&lt;notifDescription&gt;P558_JENOPTIK&lt;/notifDescription&gt;&lt;CreatedBy&gt;SYSTEM&lt;/CreatedBy&gt;&lt;CreatedOn&gt;2016-12-19T13:26:57&lt;/CreatedOn&gt;&lt;ModifiedBy&gt;System&lt;/ModifiedBy&gt;&lt;ModifiedOn&gt;2016-12-19T13:26:59&lt;/ModifiedOn&gt;&lt;tagName&gt;Data_00&lt;/tagName&gt;&lt;tagTypeID&gt;8&lt;/tagTypeID&gt;&lt;tagGroupID&gt;1&lt;/tagGroupID&gt;&lt;tagFunctionID&gt;4&lt;/tagFunctionID&gt;&lt;COM_typeName&gt;TSend&lt;/COM_typeName&gt;&lt;FNC_typeName&gt;DefDataTable&lt;/FNC_typeName&gt;&lt;OPC_typeName&gt;FLOAT&lt;/OPC_typeName&gt;&lt;unitID&gt;36&lt;/unitID&gt;&lt;lineID&gt;35&lt;/lineID&gt;&lt;nameDefined&gt;Hi\Lo&lt;/nameDefined&gt;&lt;uomDefinedID&gt;24&lt;/uomDefinedID&gt;&lt;UOMName&gt;MM&lt;/UOMName&gt;&lt;UOMDescription&gt;MILIMETERS&lt;/UOMDescription&gt;&lt;serialNumber&gt;FTW3M16000awc&lt;/serialNumber&gt;&lt;avrg&gt;0.002575&lt;/avrg&gt;&lt;/Row&gt;&lt;Row&gt;&lt;notifRecordID&gt;116000&lt;/notifRecordID&gt;&lt;notifTagID&gt;123&lt;/notifTagID&gt;&lt;notifTagValue&gt;0.002&lt;/notifTagValue&gt;&lt;recordID&gt;116000&lt;/recordID&gt;&lt;notifName&gt;TransCtr&lt;/notifName&gt;&lt;notifDescription&gt;P558_JENOPTIK&lt;/notifDescription&gt;&lt;CreatedBy&gt;SYSTEM&lt;/CreatedBy&gt;&lt;CreatedOn&gt;2016-12-19T13:29:33&lt;/CreatedOn&gt;&lt;ModifiedBy&gt;System&lt;/ModifiedBy&gt;&lt;ModifiedOn&gt;2016-12-19T13:29:35&lt;/ModifiedOn&gt;&lt;tagName&gt;Data_00&lt;/tagName&gt;&lt;tagTypeID&gt;8&lt;/tagTypeID&gt;&lt;tagGroupID&gt;1&lt;/tagGroupID&gt;&lt;tagFunctionID&gt;4&lt;/tagFunctionID&gt;&lt;COM_typeName&gt;TSend&lt;/COM_typeName&gt;&lt;FNC_typeName&gt;DefDataTable&lt;/FNC_typeName&gt;&lt;OPC_typeName&gt;FLOAT&lt;/OPC_typeName&gt;&lt;unitID&gt;36&lt;/unitID&gt;&lt;lineID&gt;35&lt;/lineID&gt;&lt;nameDefined&gt;Hi\Lo&lt;/nameDefined&gt;&lt;uomDefinedID&gt;24&lt;/uomDefinedID&gt;&lt;UOMName&gt;MM&lt;/UOMName&gt;&lt;UOMDescription&gt;MILIMETERS&lt;/UOMDescription&gt;&lt;serialNumber&gt;FTW2M1600072c&lt;/serialNumber&gt;&lt;avrg&gt;0.002575&lt;/avrg&gt;&lt;/Row&gt;&lt;Row&gt;&lt;notifRecordID&gt;116003&lt;/notifRecordID&gt;&lt;notifTagID&gt;123&lt;/notifTagID&gt;&lt;notifTagValue&gt;-0.007&lt;/notifTagValue&gt;&lt;recordID&gt;116003&lt;/recordID&gt;&lt;notifName&gt;TransCtr&lt;/notifName&gt;&lt;notifDescription&gt;P558_JENOPTIK&lt;/notifDescription&gt;&lt;CreatedBy&gt;SYSTEM&lt;/CreatedBy&gt;&lt;CreatedOn&gt;2016-12-19T13:32:42&lt;/CreatedOn&gt;&lt;ModifiedBy&gt;System&lt;/ModifiedBy&gt;&lt;ModifiedOn&gt;2016-12-19T13:32:44&lt;/ModifiedOn&gt;&lt;tagName&gt;Data_00&lt;/tagName&gt;&lt;tagTypeID&gt;8&lt;/tagTypeID&gt;&lt;tagGroupID&gt;1&lt;/tagGroupID&gt;&lt;tagFunctionID&gt;4&lt;/tagFunctionID&gt;&lt;COM_typeName&gt;TSend&lt;/COM_typeName&gt;&lt;FNC_typeName&gt;DefDataTable&lt;/FNC_typeName&gt;&lt;OPC_typeName&gt;FLOAT&lt;/OPC_typeName&gt;&lt;unitID&gt;36&lt;/unitID&gt;&lt;lineID&gt;35&lt;/lineID&gt;&lt;nameDefined&gt;Hi\Lo&lt;/nameDefined&gt;&lt;uomDefinedID&gt;24&lt;/uomDefinedID&gt;&lt;UOMName&gt;MM&lt;/UOMName&gt;&lt;UOMDescription&gt;MILIMETERS&lt;/UOMDescription&gt;&lt;serialNumber&gt;FTW2M1600072d&lt;/serialNumber&gt;&lt;avrg&gt;0.002575&lt;/avrg&gt;&lt;/Row&gt;&lt;Row&gt;&lt;notifRecordID&gt;116010&lt;/notifRecordID&gt;&lt;notifTagID&gt;123&lt;/notifTagID&gt;&lt;notifTagValue&gt;-0.015&lt;/notifTagValue&gt;&lt;recordID&gt;116010&lt;/recordID&gt;&lt;notifName&gt;TransCtr&lt;/notifName&gt;&lt;notifDescription&gt;P558_JENOPTIK&lt;/notifDescription&gt;&lt;CreatedBy&gt;SYSTEM&lt;/CreatedBy&gt;&lt;CreatedOn&gt;2016-12-19T13:40:06&lt;/CreatedOn&gt;&lt;ModifiedBy&gt;System&lt;/ModifiedBy&gt;&lt;ModifiedOn&gt;2016-12-19T13:40:08&lt;/ModifiedOn&gt;&lt;tagName&gt;Data_00&lt;/tagName&gt;&lt;tagTypeID&gt;8&lt;/tagTypeID&gt;&lt;tagGroupID&gt;1&lt;/tagGroupID&gt;&lt;tagFunctionID&gt;4&lt;/tagFunctionID&gt;&lt;COM_typeName&gt;TSend&lt;/COM_typeName&gt;&lt;FNC_typeName&gt;DefDataTable&lt;/FNC_typeName&gt;&lt;OPC_typeName&gt;FLOAT&lt;/OPC_typeName&gt;&lt;unitID&gt;36&lt;/unitID&gt;&lt;lineID&gt;35&lt;/lineID&gt;&lt;nameDefined&gt;Hi\Lo&lt;/nameDefined&gt;&lt;uomDefinedID&gt;24&lt;/uomDefinedID&gt;&lt;UOMName&gt;MM&lt;/UOMName&gt;&lt;UOMDescription&gt;MILIMETERS&lt;/UOMDescription&gt;&lt;serialNumber&gt;FTW3M16000awd&lt;/serialNumber&gt;&lt;avrg&gt;0.002575&lt;/avrg&gt;&lt;/Row&gt;&lt;Row&gt;&lt;notifRecordID&gt;116013&lt;/notifRecordID&gt;&lt;notifTagID&gt;123&lt;/notifTagID&gt;&lt;notifTagValue&gt;0.001&lt;/notifTagValue&gt;&lt;recordID&gt;116013&lt;/recordID&gt;&lt;notifName&gt;TransCtr&lt;/notifName&gt;&lt;notifDescription&gt;P558_JENOPTIK&lt;/notifDescription&gt;&lt;CreatedBy&gt;SYSTEM&lt;/CreatedBy&gt;&lt;CreatedOn&gt;2016-12-19T13:44:24&lt;/CreatedOn&gt;&lt;ModifiedBy&gt;System&lt;/ModifiedBy&gt;&lt;ModifiedOn&gt;2016-12-19T13:44:26&lt;/ModifiedOn&gt;&lt;tagName&gt;Data_00&lt;/tagName&gt;&lt;tagTypeID&gt;8&lt;/tagTypeID&gt;&lt;tagGroupID&gt;1&lt;/tagGroupID&gt;&lt;tagFunctionID&gt;4&lt;/tagFunctionID&gt;&lt;COM_typeName&gt;TSend&lt;/COM_typeName&gt;&lt;FNC_typeName&gt;DefDataTable&lt;/FNC_typeName&gt;&lt;OPC_typeName&gt;FLOAT&lt;/OPC_typeName&gt;&lt;unitID&gt;36&lt;/unitID&gt;&lt;lineID&gt;35&lt;/lineID&gt;&lt;nameDefined&gt;Hi\Lo&lt;/nameDefined&gt;&lt;uomDefinedID&gt;24&lt;/uomDefinedID&gt;&lt;UOMName&gt;MM&lt;/UOMName&gt;&lt;UOMDescription&gt;MILIMETERS&lt;/UOMDescription&gt;&lt;serialNumber&gt;FTW3M16000awe&lt;/serialNumber&gt;&lt;avrg&gt;0.002575&lt;/avrg&gt;&lt;/Row&gt;&lt;Row&gt;&lt;notifRecordID&gt;116017&lt;/notifRecordID&gt;&lt;notifTagID&gt;123&lt;/notifTagID&gt;&lt;notifTagValue&gt;-0.004&lt;/notifTagValue&gt;&lt;recordID&gt;116017&lt;/recordID&gt;&lt;notifName&gt;TransCtr&lt;/notifName&gt;&lt;notifDescription&gt;P558_JENOPTIK&lt;/notifDescription&gt;&lt;CreatedBy&gt;SYSTEM&lt;/CreatedBy&gt;&lt;CreatedOn&gt;2016-12-19T13:46:39&lt;/CreatedOn&gt;&lt;ModifiedBy&gt;System&lt;/ModifiedBy&gt;&lt;ModifiedOn&gt;2016-12-19T13:46:41&lt;/ModifiedOn&gt;&lt;tagName&gt;Data_00&lt;/tagName&gt;&lt;tagTypeID&gt;8&lt;/tagTypeID&gt;&lt;tagGroupID&gt;1&lt;/tagGroupID&gt;&lt;tagFunctionID&gt;4&lt;/tagFunctionID&gt;&lt;COM_typeName&gt;TSend&lt;/COM_typeName&gt;&lt;FNC_typeName&gt;DefDataTable&lt;/FNC_typeName&gt;&lt;OPC_typeName&gt;FLOAT&lt;/OPC_typeName&gt;&lt;unitID&gt;36&lt;/unitID&gt;&lt;lineID&gt;35&lt;/lineID&gt;&lt;nameDefined&gt;Hi\Lo&lt;/nameDefined&gt;&lt;uomDefinedID&gt;24&lt;/uomDefinedID&gt;&lt;UOMName&gt;MM&lt;/UOMName&gt;&lt;UOMDescription&gt;MILIMETERS&lt;/UOMDescription&gt;&lt;serialNumber&gt;FTW3M16000awf&lt;/serialNumber&gt;&lt;avrg&gt;0.002575&lt;/avrg&gt;&lt;/Row&gt;&lt;Row&gt;&lt;notifRecordID&gt;116025&lt;/notifRecordID&gt;&lt;notifTagID&gt;123&lt;/notifTagID&gt;&lt;notifTagValue&gt;0.003&lt;/notifTagValue&gt;&lt;recordID&gt;116025&lt;/recordID&gt;&lt;notifName&gt;TransCtr&lt;/notifName&gt;&lt;notifDescription&gt;P558_JENOPTIK&lt;/notifDescription&gt;&lt;CreatedBy&gt;SYSTEM&lt;/CreatedBy&gt;&lt;CreatedOn&gt;2016-12-19T13:59:36&lt;/CreatedOn&gt;&lt;ModifiedBy&gt;System&lt;/ModifiedBy&gt;&lt;ModifiedOn&gt;2016-12-19T13:59:38&lt;/ModifiedOn&gt;&lt;tagName&gt;Data_00&lt;/tagName&gt;&lt;tagTypeID&gt;8&lt;/tagTypeID&gt;&lt;tagGroupID&gt;1&lt;/tagGroupID&gt;&lt;tagFunctionID&gt;4&lt;/tagFunctionID&gt;&lt;COM_typeName&gt;TSend&lt;/COM_typeName&gt;&lt;FNC_typeName&gt;DefDataTable&lt;/FNC_typeName&gt;&lt;OPC_typeName&gt;FLOAT&lt;/OPC_typeName&gt;&lt;unitID&gt;36&lt;/unitID&gt;&lt;lineID&gt;35&lt;/lineID&gt;&lt;nameDefined&gt;Hi\Lo&lt;/nameDefined&gt;&lt;uomDefinedID&gt;24&lt;/uomDefinedID&gt;&lt;UOMName&gt;MM&lt;/UOMName&gt;&lt;UOMDescription&gt;MILIMETERS&lt;/UOMDescription&gt;&lt;serialNumber&gt;FTW2M1600072e&lt;/serialNumber&gt;&lt;avrg&gt;0.002575&lt;/avrg&gt;&lt;/Row&gt;&lt;Row&gt;&lt;notifRecordID&gt;116027&lt;/notifRecordID&gt;&lt;notifTagID&gt;123&lt;/notifTagID&gt;&lt;notifTagValue&gt;-0.001&lt;/notifTagValue&gt;&lt;recordID&gt;116027&lt;/recordID&gt;&lt;notifName&gt;TransCtr&lt;/notifName&gt;&lt;notifDescription&gt;P558_JENOPTIK&lt;/notifDescription&gt;&lt;CreatedBy&gt;SYSTEM&lt;/CreatedBy&gt;&lt;CreatedOn&gt;2016-12-19T14:01:46&lt;/CreatedOn&gt;&lt;ModifiedBy&gt;System&lt;/ModifiedBy&gt;&lt;ModifiedOn&gt;2016-12-19T14:01:48&lt;/ModifiedOn&gt;&lt;tagName&gt;Data_00&lt;/tagName&gt;&lt;tagTypeID&gt;8&lt;/tagTypeID&gt;&lt;tagGroupID&gt;1&lt;/tagGroupID&gt;&lt;tagFunctionID&gt;4&lt;/tagFunctionID&gt;&lt;COM_typeName&gt;TSend&lt;/COM_typeName&gt;&lt;FNC_typeName&gt;DefDataTable&lt;/FNC_typeName&gt;&lt;OPC_typeName&gt;FLOAT&lt;/OPC_typeName&gt;&lt;unitID&gt;36&lt;/unitID&gt;&lt;lineID&gt;35&lt;/lineID&gt;&lt;nameDefined&gt;Hi\Lo&lt;/nameDefined&gt;&lt;uomDefinedID&gt;24&lt;/uomDefinedID&gt;&lt;UOMName&gt;MM&lt;/UOMName&gt;&lt;UOMDescription&gt;MILIMETERS&lt;/UOMDescription&gt;&lt;serialNumber&gt;FTW2M1600072f&lt;/serialNumber&gt;&lt;avrg&gt;0.002575&lt;/avrg&gt;&lt;/Row&gt;&lt;Row&gt;&lt;notifRecordID&gt;116030&lt;/notifRecordID&gt;&lt;notifTagID&gt;123&lt;/notifTagID&gt;&lt;notifTagValue&gt;-0.001&lt;/notifTagValue&gt;&lt;recordID&gt;116030&lt;/recordID&gt;&lt;notifName&gt;TransCtr&lt;/notifName&gt;&lt;notifDescription&gt;P558_JENOPTIK&lt;/notifDescription&gt;&lt;CreatedBy&gt;SYSTEM&lt;/CreatedBy&gt;&lt;CreatedOn&gt;2016-12-19T14:04:15&lt;/CreatedOn&gt;&lt;ModifiedBy&gt;System&lt;/ModifiedBy&gt;&lt;ModifiedOn&gt;2016-12-19T14:04:17&lt;/ModifiedOn&gt;&lt;tagName&gt;Data_00&lt;/tagName&gt;&lt;tagTypeID&gt;8&lt;/tagTypeID&gt;&lt;tagGroupID&gt;1&lt;/tagGroupID&gt;&lt;tagFunctionID&gt;4&lt;/tagFunctionID&gt;&lt;COM_typeName&gt;TSend&lt;/COM_typeName&gt;&lt;FNC_typeName&gt;DefDataTable&lt;/FNC_typeName&gt;&lt;OPC_typeName&gt;FLOAT&lt;/OPC_typeName&gt;&lt;unitID&gt;36&lt;/unitID&gt;&lt;lineID&gt;35&lt;/lineID&gt;&lt;nameDefined&gt;Hi\Lo&lt;/nameDefined&gt;&lt;uomDefinedID&gt;24&lt;/uomDefinedID&gt;&lt;UOMName&gt;MM&lt;/UOMName&gt;&lt;UOMDescription&gt;MILIMETERS&lt;/UOMDescription&gt;&lt;serialNumber&gt;FTW3M16000awg&lt;/serialNumber&gt;&lt;avrg&gt;0.002575&lt;/avrg&gt;&lt;/Row&gt;&lt;Row&gt;&lt;notifRecordID&gt;116037&lt;/notifRecordID&gt;&lt;notifTagID&gt;123&lt;/notifTagID&gt;&lt;notifTagValue&gt;0.007&lt;/notifTagValue&gt;&lt;recordID&gt;116037&lt;/recordID&gt;&lt;notifName&gt;TransCtr&lt;/notifName&gt;&lt;notifDescription&gt;P558_JENOPTIK&lt;/notifDescription&gt;&lt;CreatedBy&gt;SYSTEM&lt;/CreatedBy&gt;&lt;CreatedOn&gt;2016-12-19T14:12:13&lt;/CreatedOn&gt;&lt;ModifiedBy&gt;System&lt;/ModifiedBy&gt;&lt;ModifiedOn&gt;2016-12-19T14:12:15&lt;/ModifiedOn&gt;&lt;tagName&gt;Data_00&lt;/tagName&gt;&lt;tagTypeID&gt;8&lt;/tagTypeID&gt;&lt;tagGroupID&gt;1&lt;/tagGroupID&gt;&lt;tagFunctionID&gt;4&lt;/tagFunctionID&gt;&lt;COM_typeName&gt;TSend&lt;/COM_typeName&gt;&lt;FNC_typeName&gt;DefDataTable&lt;/FNC_typeName&gt;&lt;OPC_typeName&gt;FLOAT&lt;/OPC_typeName&gt;&lt;unitID&gt;36&lt;/unitID&gt;&lt;lineID&gt;35&lt;/lineID&gt;&lt;nameDefined&gt;Hi\Lo&lt;/nameDefined&gt;&lt;uomDefinedID&gt;24&lt;/uomDefinedID&gt;&lt;UOMName&gt;MM&lt;/UOMName&gt;&lt;UOMDescription&gt;MILIMETERS&lt;/UOMDescription&gt;&lt;serialNumber&gt;FTW3M16000awi&lt;/serialNumber&gt;&lt;avrg&gt;0.002575&lt;/avrg&gt;&lt;/Row&gt;&lt;Row&gt;&lt;notifRecordID&gt;116039&lt;/notifRecordID&gt;&lt;notifTagID&gt;123&lt;/notifTagID&gt;&lt;notifTagValue&gt;0.001&lt;/notifTagValue&gt;&lt;recordID&gt;116039&lt;/recordID&gt;&lt;notifName&gt;TransCtr&lt;/notifName&gt;&lt;notifDescription&gt;P558_JENOPTIK&lt;/notifDescription&gt;&lt;CreatedBy&gt;SYSTEM&lt;/CreatedBy&gt;&lt;CreatedOn&gt;2016-12-19T14:14:31&lt;/CreatedOn&gt;&lt;ModifiedBy&gt;System&lt;/ModifiedBy&gt;&lt;ModifiedOn&gt;2016-12-19T14:14:33&lt;/ModifiedOn&gt;&lt;tagName&gt;Data_00&lt;/tagName&gt;&lt;tagTypeID&gt;8&lt;/tagTypeID&gt;&lt;tagGroupID&gt;1&lt;/tagGroupID&gt;&lt;tagFunctionID&gt;4&lt;/tagFunctionID&gt;&lt;COM_typeName&gt;TSend&lt;/COM_typeName&gt;&lt;FNC_typeName&gt;DefDataTable&lt;/FNC_typeName&gt;&lt;OPC_typeName&gt;FLOAT&lt;/OPC_typeName&gt;&lt;unitID&gt;36&lt;/unitID&gt;&lt;lineID&gt;35&lt;/lineID&gt;&lt;nameDefined&gt;Hi\Lo&lt;/nameDefined&gt;&lt;uomDefinedID&gt;24&lt;/uomDefinedID&gt;&lt;UOMName&gt;MM&lt;/UOMName&gt;&lt;UOMDescription&gt;MILIMETERS&lt;/UOMDescription&gt;&lt;serialNumber&gt;FTW3M16000awh&lt;/serialNumber&gt;&lt;avrg&gt;0.002575&lt;/avrg&gt;&lt;/Row&gt;&lt;Row&gt;&lt;notifRecordID&gt;116043&lt;/notifRecordID&gt;&lt;notifTagID&gt;123&lt;/notifTagID&gt;&lt;notifTagValue&gt;-0.001&lt;/notifTagValue&gt;&lt;recordID&gt;116043&lt;/recordID&gt;&lt;notifName&gt;TransCtr&lt;/notifName&gt;&lt;notifDescription&gt;P558_JENOPTIK&lt;/notifDescription&gt;&lt;CreatedBy&gt;SYSTEM&lt;/CreatedBy&gt;&lt;CreatedOn&gt;2016-12-19T14:16:38&lt;/CreatedOn&gt;&lt;ModifiedBy&gt;System&lt;/ModifiedBy&gt;&lt;ModifiedOn&gt;2016-12-19T14:16:40&lt;/ModifiedOn&gt;&lt;tagName&gt;Data_00&lt;/tagName&gt;&lt;tagTypeID&gt;8&lt;/tagTypeID&gt;&lt;tagGroupID&gt;1&lt;/tagGroupID&gt;&lt;tagFunctionID&gt;4&lt;/tagFunctionID&gt;&lt;COM_typeName&gt;TSend&lt;/COM_typeName&gt;&lt;FNC_typeName&gt;DefDataTable&lt;/FNC_typeName&gt;&lt;OPC_typeName&gt;FLOAT&lt;/OPC_typeName&gt;&lt;unitID&gt;36&lt;/unitID&gt;&lt;lineID&gt;35&lt;/lineID&gt;&lt;nameDefined&gt;Hi\Lo&lt;/nameDefined&gt;&lt;uomDefinedID&gt;24&lt;/uomDefinedID&gt;&lt;UOMName&gt;MM&lt;/UOMName&gt;&lt;UOMDescription&gt;MILIMETERS&lt;/UOMDescription&gt;&lt;serialNumber&gt;FTW2M1600072g&lt;/serialNumber&gt;&lt;avrg&gt;0.002575&lt;/avrg&gt;&lt;/Row&gt;&lt;Row&gt;&lt;notifRecordID&gt;116046&lt;/notifRecordID&gt;&lt;notifTagID&gt;123&lt;/notifTagID&gt;&lt;notifTagValue&gt;-0.004&lt;/notifTagValue&gt;&lt;recordID&gt;116046&lt;/recordID&gt;&lt;notifName&gt;TransCtr&lt;/notifName&gt;&lt;notifDescription&gt;P558_JENOPTIK&lt;/notifDescription&gt;&lt;CreatedBy&gt;SYSTEM&lt;/CreatedBy&gt;&lt;CreatedOn&gt;2016-12-19T14:20:21&lt;/CreatedOn&gt;&lt;ModifiedBy&gt;System&lt;/ModifiedBy&gt;&lt;ModifiedOn&gt;2016-12-19T14:20:23&lt;/ModifiedOn&gt;&lt;tagName&gt;Data_00&lt;/tagName&gt;&lt;tagTypeID&gt;8&lt;/tagTypeID&gt;&lt;tagGroupID&gt;1&lt;/tagGroupID&gt;&lt;tagFunctionID&gt;4&lt;/tagFunctionID&gt;&lt;COM_typeName&gt;TSend&lt;/COM_typeName&gt;&lt;FNC_typeName&gt;DefDataTable&lt;/FNC_typeName&gt;&lt;OPC_typeName&gt;FLOAT&lt;/OPC_typeName&gt;&lt;unitID&gt;36&lt;/unitID&gt;&lt;lineID&gt;35&lt;/lineID&gt;&lt;nameDefined&gt;Hi\Lo&lt;/nameDefined&gt;&lt;uomDefinedID&gt;24&lt;/uomDefinedID&gt;&lt;UOMName&gt;MM&lt;/UOMName&gt;&lt;UOMDescription&gt;MILIMETERS&lt;/UOMDescription&gt;&lt;serialNumber&gt;FTW2M1600072h&lt;/serialNumber&gt;&lt;avrg&gt;0.002575&lt;/avrg&gt;&lt;/Row&gt;&lt;Row&gt;&lt;notifRecordID&gt;116054&lt;/notifRecordID&gt;&lt;notifTagID&gt;123&lt;/notifTagID&gt;&lt;notifTagValue&gt;-0.015&lt;/notifTagValue&gt;&lt;recordID&gt;116054&lt;/recordID&gt;&lt;notifName&gt;TransCtr&lt;/notifName&gt;&lt;notifDescription&gt;P558_JENOPTIK&lt;/notifDescription&gt;&lt;CreatedBy&gt;SYSTEM&lt;/CreatedBy&gt;&lt;CreatedOn&gt;2016-12-19T14:31:22&lt;/CreatedOn&gt;&lt;ModifiedBy&gt;System&lt;/ModifiedBy&gt;&lt;ModifiedOn&gt;2016-12-19T14:31:23&lt;/ModifiedOn&gt;&lt;tagName&gt;Data_00&lt;/tagName&gt;&lt;tagTypeID&gt;8&lt;/tagTypeID&gt;&lt;tagGroupID&gt;1&lt;/tagGroupID&gt;&lt;tagFunctionID&gt;4&lt;/tagFunctionID&gt;&lt;COM_typeName&gt;TSend&lt;/COM_typeName&gt;&lt;FNC_typeName&gt;DefDataTable&lt;/FNC_typeName&gt;&lt;OPC_typeName&gt;FLOAT&lt;/OPC_typeName&gt;&lt;unitID&gt;36&lt;/unitID&gt;&lt;lineID&gt;35&lt;/lineID&gt;&lt;nameDefined&gt;Hi\Lo&lt;/nameDefined&gt;&lt;uomDefinedID&gt;24&lt;/uomDefinedID&gt;&lt;UOMName&gt;MM&lt;/UOMName&gt;&lt;UOMDescription&gt;MILIMETERS&lt;/UOMDescription&gt;&lt;serialNumber&gt;FTW3M16000awj&lt;/serialNumber&gt;&lt;avrg&gt;0.002575&lt;/avrg&gt;&lt;/Row&gt;&lt;Row&gt;&lt;notifRecordID&gt;116058&lt;/notifRecordID&gt;&lt;notifTagID&gt;123&lt;/notifTagID&gt;&lt;notifTagValue&gt;-0.001&lt;/notifTagValue&gt;&lt;recordID&gt;116058&lt;/recordID&gt;&lt;notifName&gt;TransCtr&lt;/notifName&gt;&lt;notifDescription&gt;P558_JENOPTIK&lt;/notifDescription&gt;&lt;CreatedBy&gt;SYSTEM&lt;/CreatedBy&gt;&lt;CreatedOn&gt;2016-12-19T14:36:00&lt;/CreatedOn&gt;&lt;ModifiedBy&gt;System&lt;/ModifiedBy&gt;&lt;ModifiedOn&gt;2016-12-19T14:36:02&lt;/ModifiedOn&gt;&lt;tagName&gt;Data_00&lt;/tagName&gt;&lt;tagTypeID&gt;8&lt;/tagTypeID&gt;&lt;tagGroupID&gt;1&lt;/tagGroupID&gt;&lt;tagFunctionID&gt;4&lt;/tagFunctionID&gt;&lt;COM_typeName&gt;TSend&lt;/COM_typeName&gt;&lt;FNC_typeName&gt;DefDataTable&lt;/FNC_typeName&gt;&lt;OPC_typeName&gt;FLOAT&lt;/OPC_typeName&gt;&lt;unitID&gt;36&lt;/unitID&gt;&lt;lineID&gt;35&lt;/lineID&gt;&lt;nameDefined&gt;Hi\Lo&lt;/nameDefined&gt;&lt;uomDefinedID&gt;24&lt;/uomDefinedID&gt;&lt;UOMName&gt;MM&lt;/UOMName&gt;&lt;UOMDescription&gt;MILIMETERS&lt;/UOMDescription&gt;&lt;serialNumber&gt;FTW3M16000awk&lt;/serialNumber&gt;&lt;avrg&gt;0.002575&lt;/avrg&gt;&lt;/Row&gt;&lt;Row&gt;&lt;notifRecordID&gt;116061&lt;/notifRecordID&gt;&lt;notifTagID&gt;123&lt;/notifTagID&gt;&lt;notifTagValue&gt;0.002&lt;/notifTagValue&gt;&lt;recordID&gt;116061&lt;/recordID&gt;&lt;notifName&gt;TransCtr&lt;/notifName&gt;&lt;notifDescription&gt;P558_JENOPTIK&lt;/notifDescription&gt;&lt;CreatedBy&gt;SYSTEM&lt;/CreatedBy&gt;&lt;CreatedOn&gt;2016-12-19T14:38:39&lt;/CreatedOn&gt;&lt;ModifiedBy&gt;System&lt;/ModifiedBy&gt;&lt;ModifiedOn&gt;2016-12-19T14:38:41&lt;/ModifiedOn&gt;&lt;tagName&gt;Data_00&lt;/tagName&gt;&lt;tagTypeID&gt;8&lt;/tagTypeID&gt;&lt;tagGroupID&gt;1&lt;/tagGroupID&gt;&lt;tagFunctionID&gt;4&lt;/tagFunctionID&gt;&lt;COM_typeName&gt;TSend&lt;/COM_typeName&gt;&lt;FNC_typeName&gt;DefDataTable&lt;/FNC_typeName&gt;&lt;OPC_typeName&gt;FLOAT&lt;/OPC_typeName&gt;&lt;unitID&gt;36&lt;/unitID&gt;&lt;lineID&gt;35&lt;/lineID&gt;&lt;nameDefined&gt;Hi\Lo&lt;/nameDefined&gt;&lt;uomDefinedID&gt;24&lt;/uomDefinedID&gt;&lt;UOMName&gt;MM&lt;/UOMName&gt;&lt;UOMDescription&gt;MILIMETERS&lt;/UOMDescription&gt;&lt;serialNumber&gt;FTW3M16000awl&lt;/serialNumber&gt;&lt;avrg&gt;0.002575&lt;/avrg&gt;&lt;/Row&gt;&lt;Row&gt;&lt;notifRecordID&gt;116065&lt;/notifRecordID&gt;&lt;notifTagID&gt;123&lt;/notifTagID&gt;&lt;notifTagValue&gt;-0.004&lt;/notifTagValue&gt;&lt;recordID&gt;116065&lt;/recordID&gt;&lt;notifName&gt;TransCtr&lt;/notifName&gt;&lt;notifDescription&gt;P558_JENOPTIK&lt;/notifDescription&gt;&lt;CreatedBy&gt;SYSTEM&lt;/CreatedBy&gt;&lt;CreatedOn&gt;2016-12-19T14:45:54&lt;/CreatedOn&gt;&lt;ModifiedBy&gt;System&lt;/ModifiedBy&gt;&lt;ModifiedOn&gt;2016-12-19T14:46:03&lt;/ModifiedOn&gt;&lt;tagName&gt;Data_00&lt;/tagName&gt;&lt;tagTypeID&gt;8&lt;/tagTypeID&gt;&lt;tagGroupID&gt;1&lt;/tagGroupID&gt;&lt;tagFunctionID&gt;4&lt;/tagFunctionID&gt;&lt;COM_typeName&gt;TSend&lt;/COM_typeName&gt;&lt;FNC_typeName&gt;DefDataTable&lt;/FNC_typeName&gt;&lt;OPC_typeName&gt;FLOAT&lt;/OPC_typeName&gt;&lt;unitID&gt;36&lt;/unitID&gt;&lt;lineID&gt;35&lt;/lineID&gt;&lt;nameDefined&gt;Hi\Lo&lt;/nameDefined&gt;&lt;uomDefinedID&gt;24&lt;/uomDefinedID&gt;&lt;UOMName&gt;MM&lt;/UOMName&gt;&lt;UOMDescription&gt;MILIMETERS&lt;/UOMDescription&gt;&lt;serialNumber&gt;FTW2M1600072i&lt;/serialNumber&gt;&lt;avrg&gt;0.002575&lt;/avrg&gt;&lt;/Row&gt;&lt;Row&gt;&lt;notifRecordID&gt;116069&lt;/notifRecordID&gt;&lt;notifTagID&gt;123&lt;/notifTagID&gt;&lt;notifTagValue&gt;-0.005&lt;/notifTagValue&gt;&lt;recordID&gt;116069&lt;/recordID&gt;&lt;notifName&gt;TransCtr&lt;/notifName&gt;&lt;notifDescription&gt;P558_JENOPTIK&lt;/notifDescription&gt;&lt;CreatedBy&gt;SYSTEM&lt;/CreatedBy&gt;&lt;CreatedOn&gt;2016-12-19T14:48:04&lt;/CreatedOn&gt;&lt;ModifiedBy&gt;System&lt;/ModifiedBy&gt;&lt;ModifiedOn&gt;2016-12-19T14:48:07&lt;/ModifiedOn&gt;&lt;tagName&gt;Data_00&lt;/tagName&gt;&lt;tagTypeID&gt;8&lt;/tagTypeID&gt;&lt;tagGroupID&gt;1&lt;/tagGroupID&gt;&lt;tagFunctionID&gt;4&lt;/tagFunctionID&gt;&lt;COM_typeName&gt;TSend&lt;/COM_typeName&gt;&lt;FNC_typeName&gt;DefDataTable&lt;/FNC_typeName&gt;&lt;OPC_typeName&gt;FLOAT&lt;/OPC_typeName&gt;&lt;unitID&gt;36&lt;/unitID&gt;&lt;lineID&gt;35&lt;/lineID&gt;&lt;nameDefined&gt;Hi\Lo&lt;/nameDefined&gt;&lt;uomDefinedID&gt;24&lt;/uomDefinedID&gt;&lt;UOMName&gt;MM&lt;/UOMName&gt;&lt;UOMDescription&gt;MILIMETERS&lt;/UOMDescription&gt;&lt;serialNumber&gt;FTW2M1600072j&lt;/serialNumber&gt;&lt;avrg&gt;0.002575&lt;/avrg&gt;&lt;/Row&gt;&lt;Row&gt;&lt;notifRecordID&gt;116091&lt;/notifRecordID&gt;&lt;notifTagID&gt;123&lt;/notifTagID&gt;&lt;notifTagValue&gt;-0.014&lt;/notifTagValue&gt;&lt;recordID&gt;116091&lt;/recordID&gt;&lt;notifName&gt;TransCtr&lt;/notifName&gt;&lt;notifDescription&gt;P558_JENOPTIK&lt;/notifDescription&gt;&lt;CreatedBy&gt;SYSTEM&lt;/CreatedBy&gt;&lt;CreatedOn&gt;2016-12-19T15:37:03&lt;/CreatedOn&gt;&lt;ModifiedBy&gt;System&lt;/ModifiedBy&gt;&lt;ModifiedOn&gt;2016-12-19T15:37:05&lt;/ModifiedOn&gt;&lt;tagName&gt;Data_00&lt;/tagName&gt;&lt;tagTypeID&gt;8&lt;/tagTypeID&gt;&lt;tagGroupID&gt;1&lt;/tagGroupID&gt;&lt;tagFunctionID&gt;4&lt;/tagFunctionID&gt;&lt;COM_typeName&gt;TSend&lt;/COM_typeName&gt;&lt;FNC_typeName&gt;DefDataTable&lt;/FNC_typeName&gt;&lt;OPC_typeName&gt;FLOAT&lt;/OPC_typeName&gt;&lt;unitID&gt;36&lt;/unitID&gt;&lt;lineID&gt;35&lt;/lineID&gt;&lt;nameDefined&gt;Hi\Lo&lt;/nameDefined&gt;&lt;uomDefinedID&gt;24&lt;/uomDefinedID&gt;&lt;UOMName&gt;MM&lt;/UOMName&gt;&lt;UOMDescription&gt;MILIMETERS&lt;/UOMDescription&gt;&lt;serialNumber&gt;FTW3M16000awm&lt;/serialNumber&gt;&lt;avrg&gt;0.002575&lt;/avrg&gt;&lt;/Row&gt;&lt;Row&gt;&lt;notifRecordID&gt;116094&lt;/notifRecordID&gt;&lt;notifTagID&gt;123&lt;/notifTagID&gt;&lt;notifTagValue&gt;0.006&lt;/notifTagValue&gt;&lt;recordID&gt;116094&lt;/recordID&gt;&lt;notifName&gt;TransCtr&lt;/notifName&gt;&lt;notifDescription&gt;P558_JENOPTIK&lt;/notifDescription&gt;&lt;CreatedBy&gt;SYSTEM&lt;/CreatedBy&gt;&lt;CreatedOn&gt;2016-12-19T15:39:33&lt;/CreatedOn&gt;&lt;ModifiedBy&gt;System&lt;/ModifiedBy&gt;&lt;ModifiedOn&gt;2016-12-19T15:39:35&lt;/ModifiedOn&gt;&lt;tagName&gt;Data_00&lt;/tagName&gt;&lt;tagTypeID&gt;8&lt;/tagTypeID&gt;&lt;tagGroupID&gt;1&lt;/tagGroupID&gt;&lt;tagFunctionID&gt;4&lt;/tagFunctionID&gt;&lt;COM_typeName&gt;TSend&lt;/COM_typeName&gt;&lt;FNC_typeName&gt;DefDataTable&lt;/FNC_typeName&gt;&lt;OPC_typeName&gt;FLOAT&lt;/OPC_typeName&gt;&lt;unitID&gt;36&lt;/unitID&gt;&lt;lineID&gt;35&lt;/lineID&gt;&lt;nameDefined&gt;Hi\Lo&lt;/nameDefined&gt;&lt;uomDefinedID&gt;24&lt;/uomDefinedID&gt;&lt;UOMName&gt;MM&lt;/UOMName&gt;&lt;UOMDescription&gt;MILIMETERS&lt;/UOMDescription&gt;&lt;serialNumber&gt;FTW3M16000awn&lt;/serialNumber&gt;&lt;avrg&gt;0.002575&lt;/avrg&gt;&lt;/Row&gt;&lt;Row&gt;&lt;notifRecordID&gt;116096&lt;/notifRecordID&gt;&lt;notifTagID&gt;123&lt;/notifTagID&gt;&lt;notifTagValue&gt;0.008&lt;/notifTagValue&gt;&lt;recordID&gt;116096&lt;/recordID&gt;&lt;notifName&gt;TransCtr&lt;/notifName&gt;&lt;notifDescription&gt;P558_JENOPTIK&lt;/notifDescription&gt;&lt;CreatedBy&gt;SYSTEM&lt;/CreatedBy&gt;&lt;CreatedOn&gt;2016-12-19T15:41:07&lt;/CreatedOn&gt;&lt;ModifiedBy&gt;System&lt;/ModifiedBy&gt;&lt;ModifiedOn&gt;2016-12-19T15:41:09&lt;/ModifiedOn&gt;&lt;tagName&gt;Data_00&lt;/tagName&gt;&lt;tagTypeID&gt;8&lt;/tagTypeID&gt;&lt;tagGroupID&gt;1&lt;/tagGroupID&gt;&lt;tagFunctionID&gt;4&lt;/tagFunctionID&gt;&lt;COM_typeName&gt;TSend&lt;/COM_typeName&gt;&lt;FNC_typeName&gt;DefDataTable&lt;/FNC_typeName&gt;&lt;OPC_typeName&gt;FLOAT&lt;/OPC_typeName&gt;&lt;unitID&gt;36&lt;/unitID&gt;&lt;lineID&gt;35&lt;/lineID&gt;&lt;nameDefined&gt;Hi\Lo&lt;/nameDefined&gt;&lt;uomDefinedID&gt;24&lt;/uomDefinedID&gt;&lt;UOMName&gt;MM&lt;/UOMName&gt;&lt;UOMDescription&gt;MILIMETERS&lt;/UOMDescription&gt;&lt;serialNumber&gt;FTW2M1600072k&lt;/serialNumber&gt;&lt;avrg&gt;0.002575&lt;/avrg&gt;&lt;/Row&gt;&lt;Row&gt;&lt;notifRecordID&gt;116099&lt;/notifRecordID&gt;&lt;notifTagID&gt;123&lt;/notifTagID&gt;&lt;notifTagValue&gt;0.001&lt;/notifTagValue&gt;&lt;recordID&gt;116099&lt;/recordID&gt;&lt;notifName&gt;TransCtr&lt;/notifName&gt;&lt;notifDescription&gt;P558_JENOPTIK&lt;/notifDescription&gt;&lt;CreatedBy&gt;SYSTEM&lt;/CreatedBy&gt;&lt;CreatedOn&gt;2016-12-19T15:42:38&lt;/CreatedOn&gt;&lt;ModifiedBy&gt;System&lt;/ModifiedBy&gt;&lt;ModifiedOn&gt;2016-12-19T15:42:40&lt;/ModifiedOn&gt;&lt;tagName&gt;Data_00&lt;/tagName&gt;&lt;tagTypeID&gt;8&lt;/tagTypeID&gt;&lt;tagGroupID&gt;1&lt;/tagGroupID&gt;&lt;tagFunctionID&gt;4&lt;/tagFunctionID&gt;&lt;COM_typeName&gt;TSend&lt;/COM_typeName&gt;&lt;FNC_typeName&gt;DefDataTable&lt;/FNC_typeName&gt;&lt;OPC_typeName&gt;FLOAT&lt;/OPC_typeName&gt;&lt;unitID&gt;36&lt;/unitID&gt;&lt;lineID&gt;35&lt;/lineID&gt;&lt;nameDefined&gt;Hi\Lo&lt;/nameDefined&gt;&lt;uomDefinedID&gt;24&lt;/uomDefinedID&gt;&lt;UOMName&gt;MM&lt;/UOMName&gt;&lt;UOMDescription&gt;MILIMETERS&lt;/UOMDescription&gt;&lt;serialNumber&gt;FTW3M16000awo&lt;/serialNumber&gt;&lt;avrg&gt;0.002575&lt;/avrg&gt;&lt;/Row&gt;&lt;Row&gt;&lt;notifRecordID&gt;116102&lt;/notifRecordID&gt;&lt;notifTagID&gt;123&lt;/notifTagID&gt;&lt;notifTagValue&gt;0.001&lt;/notifTagValue&gt;&lt;recordID&gt;116102&lt;/recordID&gt;&lt;notifName&gt;TransCtr&lt;/notifName&gt;&lt;notifDescription&gt;P558_JENOPTIK&lt;/notifDescription&gt;&lt;CreatedBy&gt;SYSTEM&lt;/CreatedBy&gt;&lt;CreatedOn&gt;2016-12-19T15:44:26&lt;/CreatedOn&gt;&lt;ModifiedBy&gt;System&lt;/ModifiedBy&gt;&lt;ModifiedOn&gt;2016-12-19T15:44:28&lt;/ModifiedOn&gt;&lt;tagName&gt;Data_00&lt;/tagName&gt;&lt;tagTypeID&gt;8&lt;/tagTypeID&gt;&lt;tagGroupID&gt;1&lt;/tagGroupID&gt;&lt;tagFunctionID&gt;4&lt;/tagFunctionID&gt;&lt;COM_typeName&gt;TSend&lt;/COM_typeName&gt;&lt;FNC_typeName&gt;DefDataTable&lt;/FNC_typeName&gt;&lt;OPC_typeName&gt;FLOAT&lt;/OPC_typeName&gt;&lt;unitID&gt;36&lt;/unitID&gt;&lt;lineID&gt;35&lt;/lineID&gt;&lt;nameDefined&gt;Hi\Lo&lt;/nameDefined&gt;&lt;uomDefinedID&gt;24&lt;/uomDefinedID&gt;&lt;UOMName&gt;MM&lt;/UOMName&gt;&lt;UOMDescription&gt;MILIMETERS&lt;/UOMDescription&gt;&lt;serialNumber&gt;FTW2M1600072l&lt;/serialNumber&gt;&lt;avrg&gt;0.002575&lt;/avrg&gt;&lt;/Row&gt;&lt;Row&gt;&lt;notifRecordID&gt;116106&lt;/notifRecordID&gt;&lt;notifTagID&gt;123&lt;/notifTagID&gt;&lt;notifTagValue&gt;0.0&lt;/notifTagValue&gt;&lt;recordID&gt;116106&lt;/recordID&gt;&lt;notifName&gt;TransCtr&lt;/notifName&gt;&lt;notifDescription&gt;P558_JENOPTIK&lt;/notifDescription&gt;&lt;CreatedBy&gt;SYSTEM&lt;/CreatedBy&gt;&lt;CreatedOn&gt;2016-12-19T15:46:09&lt;/CreatedOn&gt;&lt;ModifiedBy&gt;System&lt;/ModifiedBy&gt;&lt;ModifiedOn&gt;2016-12-19T15:46:11&lt;/ModifiedOn&gt;&lt;tagName&gt;Data_00&lt;/tagName&gt;&lt;tagTypeID&gt;8&lt;/tagTypeID&gt;&lt;tagGroupID&gt;1&lt;/tagGroupID&gt;&lt;tagFunctionID&gt;4&lt;/tagFunctionID&gt;&lt;COM_typeName&gt;TSend&lt;/COM_typeName&gt;&lt;FNC_typeName&gt;DefDataTable&lt;/FNC_typeName&gt;&lt;OPC_typeName&gt;FLOAT&lt;/OPC_typeName&gt;&lt;unitID&gt;36&lt;/unitID&gt;&lt;lineID&gt;35&lt;/lineID&gt;&lt;nameDefined&gt;Hi\Lo&lt;/nameDefined&gt;&lt;uomDefinedID&gt;24&lt;/uomDefinedID&gt;&lt;UOMName&gt;MM&lt;/UOMName&gt;&lt;UOMDescription&gt;MILIMETERS&lt;/UOMDescription&gt;&lt;serialNumber&gt;FTW3M16000awq&lt;/serialNumber&gt;&lt;avrg&gt;0.002575&lt;/avrg&gt;&lt;/Row&gt;&lt;Row&gt;&lt;notifRecordID&gt;116109&lt;/notifRecordID&gt;&lt;notifTagID&gt;123&lt;/notifTagID&gt;&lt;notifTagValue&gt;-0.001&lt;/notifTagValue&gt;&lt;recordID&gt;116109&lt;/recordID&gt;&lt;notifName&gt;TransCtr&lt;/notifName&gt;&lt;notifDescription&gt;P558_JENOPTIK&lt;/notifDescription&gt;&lt;CreatedBy&gt;SYSTEM&lt;/CreatedBy&gt;&lt;CreatedOn&gt;2016-12-19T15:47:42&lt;/CreatedOn&gt;&lt;ModifiedBy&gt;System&lt;/ModifiedBy&gt;&lt;ModifiedOn&gt;2016-12-19T15:47:44&lt;/ModifiedOn&gt;&lt;tagName&gt;Data_00&lt;/tagName&gt;&lt;tagTypeID&gt;8&lt;/tagTypeID&gt;&lt;tagGroupID&gt;1&lt;/tagGroupID&gt;&lt;tagFunctionID&gt;4&lt;/tagFunctionID&gt;&lt;COM_typeName&gt;TSend&lt;/COM_typeName&gt;&lt;FNC_typeName&gt;DefDataTable&lt;/FNC_typeName&gt;&lt;OPC_typeName&gt;FLOAT&lt;/OPC_typeName&gt;&lt;unitID&gt;36&lt;/unitID&gt;&lt;lineID&gt;35&lt;/lineID&gt;&lt;nameDefined&gt;Hi\Lo&lt;/nameDefined&gt;&lt;uomDefinedID&gt;24&lt;/uomDefinedID&gt;&lt;UOMName&gt;MM&lt;/UOMName&gt;&lt;UOMDescription&gt;MILIMETERS&lt;/UOMDescription&gt;&lt;serialNumber&gt;FTW3M16000awp&lt;/serialNumber&gt;&lt;avrg&gt;0.002575&lt;/avrg&gt;&lt;/Row&gt;&lt;Row&gt;&lt;notifRecordID&gt;116111&lt;/notifRecordID&gt;&lt;notifTagID&gt;123&lt;/notifTagID&gt;&lt;notifTagValue&gt;0.005&lt;/notifTagValue&gt;&lt;recordID&gt;116111&lt;/recordID&gt;&lt;notifName&gt;TransCtr&lt;/notifName&gt;&lt;notifDescription&gt;P558_JENOPTIK&lt;/notifDescription&gt;&lt;CreatedBy&gt;SYSTEM&lt;/CreatedBy&gt;&lt;CreatedOn&gt;2016-12-19T15:49:32&lt;/CreatedOn&gt;&lt;ModifiedBy&gt;System&lt;/ModifiedBy&gt;&lt;ModifiedOn&gt;2016-12-19T15:49:34&lt;/ModifiedOn&gt;&lt;tagName&gt;Data_00&lt;/tagName&gt;&lt;tagTypeID&gt;8&lt;/tagTypeID&gt;&lt;tagGroupID&gt;1&lt;/tagGroupID&gt;&lt;tagFunctionID&gt;4&lt;/tagFunctionID&gt;&lt;COM_typeName&gt;TSend&lt;/COM_typeName&gt;&lt;FNC_typeName&gt;DefDataTable&lt;/FNC_typeName&gt;&lt;OPC_typeName&gt;FLOAT&lt;/OPC_typeName&gt;&lt;unitID&gt;36&lt;/unitID&gt;&lt;lineID&gt;35&lt;/lineID&gt;&lt;nameDefined&gt;Hi\Lo&lt;/nameDefined&gt;&lt;uomDefinedID&gt;24&lt;/uomDefinedID&gt;&lt;UOMName&gt;MM&lt;/UOMName&gt;&lt;UOMDescription&gt;MILIMETERS&lt;/UOMDescription&gt;&lt;serialNumber&gt;FTW2M1600072m&lt;/serialNumber&gt;&lt;avrg&gt;0.002575&lt;/avrg&gt;&lt;/Row&gt;&lt;Row&gt;&lt;notifRecordID&gt;116113&lt;/notifRecordID&gt;&lt;notifTagID&gt;123&lt;/notifTagID&gt;&lt;notifTagValue&gt;-0.011&lt;/notifTagValue&gt;&lt;recordID&gt;116113&lt;/recordID&gt;&lt;notifName&gt;TransCtr&lt;/notifName&gt;&lt;notifDescription&gt;P558_JENOPTIK&lt;/notifDescription&gt;&lt;CreatedBy&gt;SYSTEM&lt;/CreatedBy&gt;&lt;CreatedOn&gt;2016-12-19T15:51:49&lt;/CreatedOn&gt;&lt;ModifiedBy&gt;System&lt;/ModifiedBy&gt;&lt;ModifiedOn&gt;2016-12-19T15:51:51&lt;/ModifiedOn&gt;&lt;tagName&gt;Data_00&lt;/tagName&gt;&lt;tagTypeID&gt;8&lt;/tagTypeID&gt;&lt;tagGroupID&gt;1&lt;/tagGroupID&gt;&lt;tagFunctionID&gt;4&lt;/tagFunctionID&gt;&lt;COM_typeName&gt;TSend&lt;/COM_typeName&gt;&lt;FNC_typeName&gt;DefDataTable&lt;/FNC_typeName&gt;&lt;OPC_typeName&gt;FLOAT&lt;/OPC_typeName&gt;&lt;unitID&gt;36&lt;/unitID&gt;&lt;lineID&gt;35&lt;/lineID&gt;&lt;nameDefined&gt;Hi\Lo&lt;/nameDefined&gt;&lt;uomDefinedID&gt;24&lt;/uomDefinedID&gt;&lt;UOMName&gt;MM&lt;/UOMName&gt;&lt;UOMDescription&gt;MILIMETERS&lt;/UOMDescription&gt;&lt;serialNumber&gt;FTW3M16000awr&lt;/serialNumber&gt;&lt;avrg&gt;0.002575&lt;/avrg&gt;&lt;/Row&gt;&lt;Row&gt;&lt;notifRecordID&gt;116120&lt;/notifRecordID&gt;&lt;notifTagID&gt;123&lt;/notifTagID&gt;&lt;notifTagValue&gt;-0.002&lt;/notifTagValue&gt;&lt;recordID&gt;116120&lt;/recordID&gt;&lt;notifName&gt;TransCtr&lt;/notifName&gt;&lt;notifDescription&gt;P558_JENOPTIK&lt;/notifDescription&gt;&lt;CreatedBy&gt;SYSTEM&lt;/CreatedBy&gt;&lt;CreatedOn&gt;2016-12-19T16:00:21&lt;/CreatedOn&gt;&lt;ModifiedBy&gt;System&lt;/ModifiedBy&gt;&lt;ModifiedOn&gt;2016-12-19T16:00:23&lt;/ModifiedOn&gt;&lt;tagName&gt;Data_00&lt;/tagName&gt;&lt;tagTypeID&gt;8&lt;/tagTypeID&gt;&lt;tagGroupID&gt;1&lt;/tagGroupID&gt;&lt;tagFunctionID&gt;4&lt;/tagFunctionID&gt;&lt;COM_typeName&gt;TSend&lt;/COM_typeName&gt;&lt;FNC_typeName&gt;DefDataTable&lt;/FNC_typeName&gt;&lt;OPC_typeName&gt;FLOAT&lt;/OPC_typeName&gt;&lt;unitID&gt;36&lt;/unitID&gt;&lt;lineID&gt;35&lt;/lineID&gt;&lt;nameDefined&gt;Hi\Lo&lt;/nameDefined&gt;&lt;uomDefinedID&gt;24&lt;/uomDefinedID&gt;&lt;UOMName&gt;MM&lt;/UOMName&gt;&lt;UOMDescription&gt;MILIMETERS&lt;/UOMDescription&gt;&lt;serialNumber&gt;FTW3M16000awt&lt;/serialNumber&gt;&lt;avrg&gt;0.002575&lt;/avrg&gt;&lt;/Row&gt;&lt;Row&gt;&lt;notifRecordID&gt;116122&lt;/notifRecordID&gt;&lt;notifTagID&gt;123&lt;/notifTagID&gt;&lt;notifTagValue&gt;-0.001&lt;/notifTagValue&gt;&lt;recordID&gt;116122&lt;/recordID&gt;&lt;notifName&gt;TransCtr&lt;/notifName&gt;&lt;notifDescription&gt;P558_JENOPTIK&lt;/notifDescription&gt;&lt;CreatedBy&gt;SYSTEM&lt;/CreatedBy&gt;&lt;CreatedOn&gt;2016-12-19T16:03:21&lt;/CreatedOn&gt;&lt;ModifiedBy&gt;System&lt;/ModifiedBy&gt;&lt;ModifiedOn&gt;2016-12-19T16:03:23&lt;/ModifiedOn&gt;&lt;tagName&gt;Data_00&lt;/tagName&gt;&lt;tagTypeID&gt;8&lt;/tagTypeID&gt;&lt;tagGroupID&gt;1&lt;/tagGroupID&gt;&lt;tagFunctionID&gt;4&lt;/tagFunctionID&gt;&lt;COM_typeName&gt;TSend&lt;/COM_typeName&gt;&lt;FNC_typeName&gt;DefDataTable&lt;/FNC_typeName&gt;&lt;OPC_typeName&gt;FLOAT&lt;/OPC_typeName&gt;&lt;unitID&gt;36&lt;/unitID&gt;&lt;lineID&gt;35&lt;/lineID&gt;&lt;nameDefined&gt;Hi\Lo&lt;/nameDefined&gt;&lt;uomDefinedID&gt;24&lt;/uomDefinedID&gt;&lt;UOMName&gt;MM&lt;/UOMName&gt;&lt;UOMDescription&gt;MILIMETERS&lt;/UOMDescription&gt;&lt;serialNumber&gt;FTW2M1600072n&lt;/serialNumber&gt;&lt;avrg&gt;0.002575&lt;/avrg&gt;&lt;/Row&gt;&lt;Row&gt;&lt;notifRecordID&gt;116125&lt;/notifRecordID&gt;&lt;notifTagID&gt;123&lt;/notifTagID&gt;&lt;notifTagValue&gt;0.002&lt;/notifTagValue&gt;&lt;recordID&gt;116125&lt;/recordID&gt;&lt;notifName&gt;TransCtr&lt;/notifName&gt;&lt;notifDescription&gt;P558_JENOPTIK&lt;/notifDescription&gt;&lt;CreatedBy&gt;SYSTEM&lt;/CreatedBy&gt;&lt;CreatedOn&gt;2016-12-19T16:06:32&lt;/CreatedOn&gt;&lt;ModifiedBy&gt;System&lt;/ModifiedBy&gt;&lt;ModifiedOn&gt;2016-12-19T16:06:34&lt;/ModifiedOn&gt;&lt;tagName&gt;Data_00&lt;/tagName&gt;&lt;tagTypeID&gt;8&lt;/tagTypeID&gt;&lt;tagGroupID&gt;1&lt;/tagGroupID&gt;&lt;tagFunctionID&gt;4&lt;/tagFunctionID&gt;&lt;COM_typeName&gt;TSend&lt;/COM_typeName&gt;&lt;FNC_typeName&gt;DefDataTable&lt;/FNC_typeName&gt;&lt;OPC_typeName&gt;FLOAT&lt;/OPC_typeName&gt;&lt;unitID&gt;36&lt;/unitID&gt;&lt;lineID&gt;35&lt;/lineID&gt;&lt;nameDefined&gt;Hi\Lo&lt;/nameDefined&gt;&lt;uomDefinedID&gt;24&lt;/uomDefinedID&gt;&lt;UOMName&gt;MM&lt;/UOMName&gt;&lt;UOMDescription&gt;MILIMETERS&lt;/UOMDescription&gt;&lt;serialNumber&gt;FTW2M1600072o&lt;/serialNumber&gt;&lt;avrg&gt;0.002575&lt;/avrg&gt;&lt;/Row&gt;&lt;Row&gt;&lt;notifRecordID&gt;116132&lt;/notifRecordID&gt;&lt;notifTagID&gt;123&lt;/notifTagID&gt;&lt;notifTagValue&gt;-0.014&lt;/notifTagValue&gt;&lt;recordID&gt;116132&lt;/recordID&gt;&lt;notifName&gt;TransCtr&lt;/notifName&gt;&lt;notifDescription&gt;P558_JENOPTIK&lt;/notifDescription&gt;&lt;CreatedBy&gt;SYSTEM&lt;/CreatedBy&gt;&lt;CreatedOn&gt;2016-12-19T16:11:59&lt;/CreatedOn&gt;&lt;ModifiedBy&gt;System&lt;/ModifiedBy&gt;&lt;ModifiedOn&gt;2016-12-19T16:12:01&lt;/ModifiedOn&gt;&lt;tagName&gt;Data_00&lt;/tagName&gt;&lt;tagTypeID&gt;8&lt;/tagTypeID&gt;&lt;tagGroupID&gt;1&lt;/tagGroupID&gt;&lt;tagFunctionID&gt;4&lt;/tagFunctionID&gt;&lt;COM_typeName&gt;TSend&lt;/COM_typeName&gt;&lt;FNC_typeName&gt;DefDataTable&lt;/FNC_typeName&gt;&lt;OPC_typeName&gt;FLOAT&lt;/OPC_typeName&gt;&lt;unitID&gt;36&lt;/unitID&gt;&lt;lineID&gt;35&lt;/lineID&gt;&lt;nameDefined&gt;Hi\Lo&lt;/nameDefined&gt;&lt;uomDefinedID&gt;24&lt;/uomDefinedID&gt;&lt;UOMName&gt;MM&lt;/UOMName&gt;&lt;UOMDescription&gt;MILIMETERS&lt;/UOMDescription&gt;&lt;serialNumber&gt;FTW3M16000awu&lt;/serialNumber&gt;&lt;avrg&gt;0.002575&lt;/avrg&gt;&lt;/Row&gt;&lt;Row&gt;&lt;notifRecordID&gt;116134&lt;/notifRecordID&gt;&lt;notifTagID&gt;123&lt;/notifTagID&gt;&lt;notifTagValue&gt;0.0&lt;/notifTagValue&gt;&lt;recordID&gt;116134&lt;/recordID&gt;&lt;notifName&gt;TransCtr&lt;/notifName&gt;&lt;notifDescription&gt;P558_JENOPTIK&lt;/notifDescription&gt;&lt;CreatedBy&gt;SYSTEM&lt;/CreatedBy&gt;&lt;CreatedOn&gt;2016-12-19T16:15:20&lt;/CreatedOn&gt;&lt;ModifiedBy&gt;System&lt;/ModifiedBy&gt;&lt;ModifiedOn&gt;2016-12-19T16:15:22&lt;/ModifiedOn&gt;&lt;tagName&gt;Data_00&lt;/tagName&gt;&lt;tagTypeID&gt;8&lt;/tagTypeID&gt;&lt;tagGroupID&gt;1&lt;/tagGroupID&gt;&lt;tagFunctionID&gt;4&lt;/tagFunctionID&gt;&lt;COM_typeName&gt;TSend&lt;/COM_typeName&gt;&lt;FNC_typeName&gt;DefDataTable&lt;/FNC_typeName&gt;&lt;OPC_typeName&gt;FLOAT&lt;/OPC_typeName&gt;&lt;unitID&gt;36&lt;/unitID&gt;&lt;lineID&gt;35&lt;/lineID&gt;&lt;nameDefined&gt;Hi\Lo&lt;/nameDefined&gt;&lt;uomDefinedID&gt;24&lt;/uomDefinedID&gt;&lt;UOMName&gt;MM&lt;/UOMName&gt;&lt;UOMDescription&gt;MILIMETERS&lt;/UOMDescription&gt;&lt;serialNumber&gt;FTW3M16000aws&lt;/serialNumber&gt;&lt;avrg&gt;0.002575&lt;/avrg&gt;&lt;/Row&gt;&lt;Row&gt;&lt;notifRecordID&gt;116142&lt;/notifRecordID&gt;&lt;notifTagID&gt;123&lt;/notifTagID&gt;&lt;notifTagValue&gt;0.006&lt;/notifTagValue&gt;&lt;recordID&gt;116142&lt;/recordID&gt;&lt;notifName&gt;TransCtr&lt;/notifName&gt;&lt;notifDescription&gt;P558_JENOPTIK&lt;/notifDescription&gt;&lt;CreatedBy&gt;SYSTEM&lt;/CreatedBy&gt;&lt;CreatedOn&gt;2016-12-19T16:26:10&lt;/CreatedOn&gt;&lt;ModifiedBy&gt;System&lt;/ModifiedBy&gt;&lt;ModifiedOn&gt;2016-12-19T16:26:12&lt;/ModifiedOn&gt;&lt;tagName&gt;Data_00&lt;/tagName&gt;&lt;tagTypeID&gt;8&lt;/tagTypeID&gt;&lt;tagGroupID&gt;1&lt;/tagGroupID&gt;&lt;tagFunctionID&gt;4&lt;/tagFunctionID&gt;&lt;COM_typeName&gt;TSend&lt;/COM_typeName&gt;&lt;FNC_typeName&gt;DefDataTable&lt;/FNC_typeName&gt;&lt;OPC_typeName&gt;FLOAT&lt;/OPC_typeName&gt;&lt;unitID&gt;36&lt;/unitID&gt;&lt;lineID&gt;35&lt;/lineID&gt;&lt;nameDefined&gt;Hi\Lo&lt;/nameDefined&gt;&lt;uomDefinedID&gt;24&lt;/uomDefinedID&gt;&lt;UOMName&gt;MM&lt;/UOMName&gt;&lt;UOMDescription&gt;MILIMETERS&lt;/UOMDescription&gt;&lt;serialNumber&gt;FTW2M1600072p&lt;/serialNumber&gt;&lt;avrg&gt;0.002575&lt;/avrg&gt;&lt;/Row&gt;&lt;Row&gt;&lt;notifRecordID&gt;116146&lt;/notifRecordID&gt;&lt;notifTagID&gt;123&lt;/notifTagID&gt;&lt;notifTagValue&gt;-0.005&lt;/notifTagValue&gt;&lt;recordID&gt;116146&lt;/recordID&gt;&lt;notifName&gt;TransCtr&lt;/notifName&gt;&lt;notifDescription&gt;P558_JENOPTIK&lt;/notifDescription&gt;&lt;CreatedBy&gt;SYSTEM&lt;/CreatedBy&gt;&lt;CreatedOn&gt;2016-12-19T16:31:03&lt;/CreatedOn&gt;&lt;ModifiedBy&gt;System&lt;/ModifiedBy&gt;&lt;ModifiedOn&gt;2016-12-19T16:31:05&lt;/ModifiedOn&gt;&lt;tagName&gt;Data_00&lt;/tagName&gt;&lt;tagTypeID&gt;8&lt;/tagTypeID&gt;&lt;tagGroupID&gt;1&lt;/tagGroupID&gt;&lt;tagFunctionID&gt;4&lt;/tagFunctionID&gt;&lt;COM_typeName&gt;TSend&lt;/COM_typeName&gt;&lt;FNC_typeName&gt;DefDataTable&lt;/FNC_typeName&gt;&lt;OPC_typeName&gt;FLOAT&lt;/OPC_typeName&gt;&lt;unitID&gt;36&lt;/unitID&gt;&lt;lineID&gt;35&lt;/lineID&gt;&lt;nameDefined&gt;Hi\Lo&lt;/nameDefined&gt;&lt;uomDefinedID&gt;24&lt;/uomDefinedID&gt;&lt;UOMName&gt;MM&lt;/UOMName&gt;&lt;UOMDescription&gt;MILIMETERS&lt;/UOMDescription&gt;&lt;serialNumber&gt;FTW3M16000awv&lt;/serialNumber&gt;&lt;avrg&gt;0.002575&lt;/avrg&gt;&lt;/Row&gt;&lt;Row&gt;&lt;notifRecordID&gt;116153&lt;/notifRecordID&gt;&lt;notifTagID&gt;123&lt;/notifTagID&gt;&lt;notifTagValue&gt;-0.005&lt;/notifTagValue&gt;&lt;recordID&gt;116153&lt;/recordID&gt;&lt;notifName&gt;TransCtr&lt;/notifName&gt;&lt;notifDescription&gt;P558_JENOPTIK&lt;/notifDescription&gt;&lt;CreatedBy&gt;SYSTEM&lt;/CreatedBy&gt;&lt;CreatedOn&gt;2016-12-19T16:35:28&lt;/CreatedOn&gt;&lt;ModifiedBy&gt;System&lt;/ModifiedBy&gt;&lt;ModifiedOn&gt;2016-12-19T16:35:30&lt;/ModifiedOn&gt;&lt;tagName&gt;Data_00&lt;/tagName&gt;&lt;tagTypeID&gt;8&lt;/tagTypeID&gt;&lt;tagGroupID&gt;1&lt;/tagGroupID&gt;&lt;tagFunctionID&gt;4&lt;/tagFunctionID&gt;&lt;COM_typeName&gt;TSend&lt;/COM_typeName&gt;&lt;FNC_typeName&gt;DefDataTable&lt;/FNC_typeName&gt;&lt;OPC_typeName&gt;FLOAT&lt;/OPC_typeName&gt;&lt;unitID&gt;36&lt;/unitID&gt;&lt;lineID&gt;35&lt;/lineID&gt;&lt;nameDefined&gt;Hi\Lo&lt;/nameDefined&gt;&lt;uomDefinedID&gt;24&lt;/uomDefinedID&gt;&lt;UOMName&gt;MM&lt;/UOMName&gt;&lt;UOMDescription&gt;MILIMETERS&lt;/UOMDescription&gt;&lt;serialNumber&gt;FTW2M1600072q&lt;/serialNumber&gt;&lt;avrg&gt;0.002575&lt;/avrg&gt;&lt;/Row&gt;&lt;Row&gt;&lt;notifRecordID&gt;116157&lt;/notifRecordID&gt;&lt;notifTagID&gt;123&lt;/notifTagID&gt;&lt;notifTagValue&gt;-0.005&lt;/notifTagValue&gt;&lt;recordID&gt;116157&lt;/recordID&gt;&lt;notifName&gt;TransCtr&lt;/notifName&gt;&lt;notifDescription&gt;P558_JENOPTIK&lt;/notifDescription&gt;&lt;CreatedBy&gt;SYSTEM&lt;/CreatedBy&gt;&lt;CreatedOn&gt;2016-12-19T16:36:57&lt;/CreatedOn&gt;&lt;ModifiedBy&gt;System&lt;/ModifiedBy&gt;&lt;ModifiedOn&gt;2016-12-19T16:36:59&lt;/ModifiedOn&gt;&lt;tagName&gt;Data_00&lt;/tagName&gt;&lt;tagTypeID&gt;8&lt;/tagTypeID&gt;&lt;tagGroupID&gt;1&lt;/tagGroupID&gt;&lt;tagFunctionID&gt;4&lt;/tagFunctionID&gt;&lt;COM_typeName&gt;TSend&lt;/COM_typeName&gt;&lt;FNC_typeName&gt;DefDataTable&lt;/FNC_typeName&gt;&lt;OPC_typeName&gt;FLOAT&lt;/OPC_typeName&gt;&lt;unitID&gt;36&lt;/unitID&gt;&lt;lineID&gt;35&lt;/lineID&gt;&lt;nameDefined&gt;Hi\Lo&lt;/nameDefined&gt;&lt;uomDefinedID&gt;24&lt;/uomDefinedID&gt;&lt;UOMName&gt;MM&lt;/UOMName&gt;&lt;UOMDescription&gt;MILIMETERS&lt;/UOMDescription&gt;&lt;serialNumber&gt;FTW2M1600072q&lt;/serialNumber&gt;&lt;avrg&gt;0.002575&lt;/avrg&gt;&lt;/Row&gt;&lt;Row&gt;&lt;notifRecordID&gt;116159&lt;/notifRecordID&gt;&lt;notifTagID&gt;123&lt;/notifTagID&gt;&lt;notifTagValue&gt;-0.014&lt;/notifTagValue&gt;&lt;recordID&gt;116159&lt;/recordID&gt;&lt;notifName&gt;TransCtr&lt;/notifName&gt;&lt;notifDescription&gt;P558_JENOPTIK&lt;/notifDescription&gt;&lt;CreatedBy&gt;SYSTEM&lt;/CreatedBy&gt;&lt;CreatedOn&gt;2016-12-19T16:39:02&lt;/CreatedOn&gt;&lt;ModifiedBy&gt;System&lt;/ModifiedBy&gt;&lt;ModifiedOn&gt;2016-12-19T16:39:04&lt;/ModifiedOn&gt;&lt;tagName&gt;Data_00&lt;/tagName&gt;&lt;tagTypeID&gt;8&lt;/tagTypeID&gt;&lt;tagGroupID&gt;1&lt;/tagGroupID&gt;&lt;tagFunctionID&gt;4&lt;/tagFunctionID&gt;&lt;COM_typeName&gt;TSend&lt;/COM_typeName&gt;&lt;FNC_typeName&gt;DefDataTable&lt;/FNC_typeName&gt;&lt;OPC_typeName&gt;FLOAT&lt;/OPC_typeName&gt;&lt;unitID&gt;36&lt;/unitID&gt;&lt;lineID&gt;35&lt;/lineID&gt;&lt;nameDefined&gt;Hi\Lo&lt;/nameDefined&gt;&lt;uomDefinedID&gt;24&lt;/uomDefinedID&gt;&lt;UOMName&gt;MM&lt;/UOMName&gt;&lt;UOMDescription&gt;MILIMETERS&lt;/UOMDescription&gt;&lt;serialNumber&gt;FTW3M16000aww&lt;/serialNumber&gt;&lt;avrg&gt;0.002575&lt;/avrg&gt;&lt;/Row&gt;&lt;Row&gt;&lt;notifRecordID&gt;116163&lt;/notifRecordID&gt;&lt;notifTagID&gt;123&lt;/notifTagID&gt;&lt;notifTagValue&gt;0.005&lt;/notifTagValue&gt;&lt;recordID&gt;116163&lt;/recordID&gt;&lt;notifName&gt;TransCtr&lt;/notifName&gt;&lt;notifDescription&gt;P558_JENOPTIK&lt;/notifDescription&gt;&lt;CreatedBy&gt;SYSTEM&lt;/CreatedBy&gt;&lt;CreatedOn&gt;2016-12-19T16:44:30&lt;/CreatedOn&gt;&lt;ModifiedBy&gt;System&lt;/ModifiedBy&gt;&lt;ModifiedOn&gt;2016-12-19T16:44:32&lt;/ModifiedOn&gt;&lt;tagName&gt;Data_00&lt;/tagName&gt;&lt;tagTypeID&gt;8&lt;/tagTypeID&gt;&lt;tagGroupID&gt;1&lt;/tagGroupID&gt;&lt;tagFunctionID&gt;4&lt;/tagFunctionID&gt;&lt;COM_typeName&gt;TSend&lt;/COM_typeName&gt;&lt;FNC_typeName&gt;DefDataTable&lt;/FNC_typeName&gt;&lt;OPC_typeName&gt;FLOAT&lt;/OPC_typeName&gt;&lt;unitID&gt;36&lt;/unitID&gt;&lt;lineID&gt;35&lt;/lineID&gt;&lt;nameDefined&gt;Hi\Lo&lt;/nameDefined&gt;&lt;uomDefinedID&gt;24&lt;/uomDefinedID&gt;&lt;UOMName&gt;MM&lt;/UOMName&gt;&lt;UOMDescription&gt;MILIMETERS&lt;/UOMDescription&gt;&lt;serialNumber&gt;FTW3M16000awx&lt;/serialNumber&gt;&lt;avrg&gt;0.002575&lt;/avrg&gt;&lt;/Row&gt;&lt;Row&gt;&lt;notifRecordID&gt;116170&lt;/notifRecordID&gt;&lt;notifTagID&gt;123&lt;/notifTagID&gt;&lt;notifTagValue&gt;0.003&lt;/notifTagValue&gt;&lt;recordID&gt;116170&lt;/recordID&gt;&lt;notifName&gt;TransCtr&lt;/notifName&gt;&lt;notifDescription&gt;P558_JENOPTIK&lt;/notifDescription&gt;&lt;CreatedBy&gt;SYSTEM&lt;/CreatedBy&gt;&lt;CreatedOn&gt;2016-12-19T16:50:00&lt;/CreatedOn&gt;&lt;ModifiedBy&gt;System&lt;/ModifiedBy&gt;&lt;ModifiedOn&gt;2016-12-19T16:50:02&lt;/ModifiedOn&gt;&lt;tagName&gt;Data_00&lt;/tagName&gt;&lt;tagTypeID&gt;8&lt;/tagTypeID&gt;&lt;tagGroupID&gt;1&lt;/tagGroupID&gt;&lt;tagFunctionID&gt;4&lt;/tagFunctionID&gt;&lt;COM_typeName&gt;TSend&lt;/COM_typeName&gt;&lt;FNC_typeName&gt;DefDataTable&lt;/FNC_typeName&gt;&lt;OPC_typeName&gt;FLOAT&lt;/OPC_typeName&gt;&lt;unitID&gt;36&lt;/unitID&gt;&lt;lineID&gt;35&lt;/lineID&gt;&lt;nameDefined&gt;Hi\Lo&lt;/nameDefined&gt;&lt;uomDefinedID&gt;24&lt;/uomDefinedID&gt;&lt;UOMName&gt;MM&lt;/UOMName&gt;&lt;UOMDescription&gt;MILIMETERS&lt;/UOMDescription&gt;&lt;serialNumber&gt;FTW3M16000awy&lt;/serialNumber&gt;&lt;avrg&gt;0.002575&lt;/avrg&gt;&lt;/Row&gt;&lt;Row&gt;&lt;notifRecordID&gt;116172&lt;/notifRecordID&gt;&lt;notifTagID&gt;123&lt;/notifTagID&gt;&lt;notifTagValue&gt;0.0&lt;/notifTagValue&gt;&lt;recordID&gt;116172&lt;/recordID&gt;&lt;notifName&gt;TransCtr&lt;/notifName&gt;&lt;notifDescription&gt;P558_JENOPTIK&lt;/notifDescription&gt;&lt;CreatedBy&gt;SYSTEM&lt;/CreatedBy&gt;&lt;CreatedOn&gt;2016-12-19T16:53:23&lt;/CreatedOn&gt;&lt;ModifiedBy&gt;System&lt;/ModifiedBy&gt;&lt;ModifiedOn&gt;2016-12-19T16:53:25&lt;/ModifiedOn&gt;&lt;tagName&gt;Data_00&lt;/tagName&gt;&lt;tagTypeID&gt;8&lt;/tagTypeID&gt;&lt;tagGroupID&gt;1&lt;/tagGroupID&gt;&lt;tagFunctionID&gt;4&lt;/tagFunctionID&gt;&lt;COM_typeName&gt;TSend&lt;/COM_typeName&gt;&lt;FNC_typeName&gt;DefDataTable&lt;/FNC_typeName&gt;&lt;OPC_typeName&gt;FLOAT&lt;/OPC_typeName&gt;&lt;unitID&gt;36&lt;/unitID&gt;&lt;lineID&gt;35&lt;/lineID&gt;&lt;nameDefined&gt;Hi\Lo&lt;/nameDefined&gt;&lt;uomDefinedID&gt;24&lt;/uomDefinedID&gt;&lt;UOMName&gt;MM&lt;/UOMName&gt;&lt;UOMDescription&gt;MILIMETERS&lt;/UOMDescription&gt;&lt;serialNumber&gt;FTW2M1600072r&lt;/serialNumber&gt;&lt;avrg&gt;0.002575&lt;/avrg&gt;&lt;/Row&gt;&lt;Row&gt;&lt;notifRecordID&gt;116176&lt;/notifRecordID&gt;&lt;notifTagID&gt;123&lt;/notifTagID&gt;&lt;notifTagValue&gt;0.007&lt;/notifTagValue&gt;&lt;recordID&gt;116176&lt;/recordID&gt;&lt;notifName&gt;TransCtr&lt;/notifName&gt;&lt;notifDescription&gt;P558_JENOPTIK&lt;/notifDescription&gt;&lt;CreatedBy&gt;SYSTEM&lt;/CreatedBy&gt;&lt;CreatedOn&gt;2016-12-19T16:56:44&lt;/CreatedOn&gt;&lt;ModifiedBy&gt;System&lt;/ModifiedBy&gt;&lt;ModifiedOn&gt;2016-12-19T16:56:46&lt;/ModifiedOn&gt;&lt;tagName&gt;Data_00&lt;/tagName&gt;&lt;tagTypeID&gt;8&lt;/tagTypeID&gt;&lt;tagGroupID&gt;1&lt;/tagGroupID&gt;&lt;tagFunctionID&gt;4&lt;/tagFunctionID&gt;&lt;COM_typeName&gt;TSend&lt;/COM_typeName&gt;&lt;FNC_typeName&gt;DefDataTable&lt;/FNC_typeName&gt;&lt;OPC_typeName&gt;FLOAT&lt;/OPC_typeName&gt;&lt;unitID&gt;36&lt;/unitID&gt;&lt;lineID&gt;35&lt;/lineID&gt;&lt;nameDefined&gt;Hi\Lo&lt;/nameDefined&gt;&lt;uomDefinedID&gt;24&lt;/uomDefinedID&gt;&lt;UOMName&gt;MM&lt;/UOMName&gt;&lt;UOMDescription&gt;MILIMETERS&lt;/UOMDescription&gt;&lt;serialNumber&gt;FTW2M1600072s&lt;/serialNumber&gt;&lt;avrg&gt;0.002575&lt;/avrg&gt;&lt;/Row&gt;&lt;Row&gt;&lt;notifRecordID&gt;116180&lt;/notifRecordID&gt;&lt;notifTagID&gt;123&lt;/notifTagID&gt;&lt;notifTagValue&gt;-0.005&lt;/notifTagValue&gt;&lt;recordID&gt;116180&lt;/recordID&gt;&lt;notifName&gt;TransCtr&lt;/notifName&gt;&lt;notifDescription&gt;P558_JENOPTIK&lt;/notifDescription&gt;&lt;CreatedBy&gt;SYSTEM&lt;/CreatedBy&gt;&lt;CreatedOn&gt;2016-12-19T17:00:00&lt;/CreatedOn&gt;&lt;ModifiedBy&gt;System&lt;/ModifiedBy&gt;&lt;ModifiedOn&gt;2016-12-19T17:00:02&lt;/ModifiedOn&gt;&lt;tagName&gt;Data_00&lt;/tagName&gt;&lt;tagTypeID&gt;8&lt;/tagTypeID&gt;&lt;tagGroupID&gt;1&lt;/tagGroupID&gt;&lt;tagFunctionID&gt;4&lt;/tagFunctionID&gt;&lt;COM_typeName&gt;TSend&lt;/COM_typeName&gt;&lt;FNC_typeName&gt;DefDataTable&lt;/FNC_typeName&gt;&lt;OPC_typeName&gt;FLOAT&lt;/OPC_typeName&gt;&lt;unitID&gt;36&lt;/unitID&gt;&lt;lineID&gt;35&lt;/lineID&gt;&lt;nameDefined&gt;Hi\Lo&lt;/nameDefined&gt;&lt;uomDefinedID&gt;24&lt;/uomDefinedID&gt;&lt;UOMName&gt;MM&lt;/UOMName&gt;&lt;UOMDescription&gt;MILIMETERS&lt;/UOMDescription&gt;&lt;serialNumber&gt;FTW3M16000awz&lt;/serialNumber&gt;&lt;avrg&gt;0.002575&lt;/avrg&gt;&lt;/Row&gt;&lt;Row&gt;&lt;notifRecordID&gt;116185&lt;/notifRecordID&gt;&lt;notifTagID&gt;123&lt;/notifTagID&gt;&lt;notifTagValue&gt;0.011&lt;/notifTagValue&gt;&lt;recordID&gt;116185&lt;/recordID&gt;&lt;notifName&gt;TransCtr&lt;/notifName&gt;&lt;notifDescription&gt;P558_JENOPTIK&lt;/notifDescription&gt;&lt;CreatedBy&gt;SYSTEM&lt;/CreatedBy&gt;&lt;CreatedOn&gt;2016-12-19T17:05:45&lt;/CreatedOn&gt;&lt;ModifiedBy&gt;System&lt;/ModifiedBy&gt;&lt;ModifiedOn&gt;2016-12-19T17:05:47&lt;/ModifiedOn&gt;&lt;tagName&gt;Data_00&lt;/tagName&gt;&lt;tagTypeID&gt;8&lt;/tagTypeID&gt;&lt;tagGroupID&gt;1&lt;/tagGroupID&gt;&lt;tagFunctionID&gt;4&lt;/tagFunctionID&gt;&lt;COM_typeName&gt;TSend&lt;/COM_typeName&gt;&lt;FNC_typeName&gt;DefDataTable&lt;/FNC_typeName&gt;&lt;OPC_typeName&gt;FLOAT&lt;/OPC_typeName&gt;&lt;unitID&gt;36&lt;/unitID&gt;&lt;lineID&gt;35&lt;/lineID&gt;&lt;nameDefined&gt;Hi\Lo&lt;/nameDefined&gt;&lt;uomDefinedID&gt;24&lt;/uomDefinedID&gt;&lt;UOMName&gt;MM&lt;/UOMName&gt;&lt;UOMDescription&gt;MILIMETERS&lt;/UOMDescription&gt;&lt;serialNumber&gt;FTW3M16000ax0&lt;/serialNumber&gt;&lt;avrg&gt;0.002575&lt;/avrg&gt;&lt;/Row&gt;&lt;Row&gt;&lt;notifRecordID&gt;116194&lt;/notifRecordID&gt;&lt;notifTagID&gt;123&lt;/notifTagID&gt;&lt;notifTagValue&gt;0.0&lt;/notifTagValue&gt;&lt;recordID&gt;116194&lt;/recordID&gt;&lt;notifName&gt;TransCtr&lt;/notifName&gt;&lt;notifDescription&gt;P558_JENOPTIK&lt;/notifDescription&gt;&lt;CreatedBy&gt;SYSTEM&lt;/CreatedBy&gt;&lt;CreatedOn&gt;2016-12-19T17:18:01&lt;/CreatedOn&gt;&lt;ModifiedBy&gt;System&lt;/ModifiedBy&gt;&lt;ModifiedOn&gt;2016-12-19T17:18:03&lt;/ModifiedOn&gt;&lt;tagName&gt;Data_00&lt;/tagName&gt;&lt;tagTypeID&gt;8&lt;/tagTypeID&gt;&lt;tagGroupID&gt;1&lt;/tagGroupID&gt;&lt;tagFunctionID&gt;4&lt;/tagFunctionID&gt;&lt;COM_typeName&gt;TSend&lt;/COM_typeName&gt;&lt;FNC_typeName&gt;DefDataTable&lt;/FNC_typeName&gt;&lt;OPC_typeName&gt;FLOAT&lt;/OPC_typeName&gt;&lt;unitID&gt;36&lt;/unitID&gt;&lt;lineID&gt;35&lt;/lineID&gt;&lt;nameDefined&gt;Hi\Lo&lt;/nameDefined&gt;&lt;uomDefinedID&gt;24&lt;/uomDefinedID&gt;&lt;UOMName&gt;MM&lt;/UOMName&gt;&lt;UOMDescription&gt;MILIMETERS&lt;/UOMDescription&gt;&lt;serialNumber&gt;FTW3M16000ax1&lt;/serialNumber&gt;&lt;avrg&gt;0.002575&lt;/avrg&gt;&lt;/Row&gt;&lt;Row&gt;&lt;notifRecordID&gt;116197&lt;/notifRecordID&gt;&lt;notifTagID&gt;123&lt;/notifTagID&gt;&lt;notifTagValue&gt;0.003&lt;/notifTagValue&gt;&lt;recordID&gt;116197&lt;/recordID&gt;&lt;notifName&gt;TransCtr&lt;/notifName&gt;&lt;notifDescription&gt;P558_JENOPTIK&lt;/notifDescription&gt;&lt;CreatedBy&gt;SYSTEM&lt;/CreatedBy&gt;&lt;CreatedOn&gt;2016-12-19T17:20:14&lt;/CreatedOn&gt;&lt;ModifiedBy&gt;System&lt;/ModifiedBy&gt;&lt;ModifiedOn&gt;2016-12-19T17:20:16&lt;/ModifiedOn&gt;&lt;tagName&gt;Data_00&lt;/tagName&gt;&lt;tagTypeID&gt;8&lt;/tagTypeID&gt;&lt;tagGroupID&gt;1&lt;/tagGroupID&gt;&lt;tagFunctionID&gt;4&lt;/tagFunctionID&gt;&lt;COM_typeName&gt;TSend&lt;/COM_typeName&gt;&lt;FNC_typeName&gt;DefDataTable&lt;/FNC_typeName&gt;&lt;OPC_typeName&gt;FLOAT&lt;/OPC_typeName&gt;&lt;unitID&gt;36&lt;/unitID&gt;&lt;lineID&gt;35&lt;/lineID&gt;&lt;nameDefined&gt;Hi\Lo&lt;/nameDefined&gt;&lt;uomDefinedID&gt;24&lt;/uomDefinedID&gt;&lt;UOMName&gt;MM&lt;/UOMName&gt;&lt;UOMDescription&gt;MILIMETERS&lt;/UOMDescription&gt;&lt;serialNumber&gt;FTW2M1600072t&lt;/serialNumber&gt;&lt;avrg&gt;0.002575&lt;/avrg&gt;&lt;/Row&gt;&lt;Row&gt;&lt;notifRecordID&gt;116204&lt;/notifRecordID&gt;&lt;notifTagID&gt;123&lt;/notifTagID&gt;&lt;notifTagValue&gt;0.01&lt;/notifTagValue&gt;&lt;recordID&gt;116204&lt;/recordID&gt;&lt;notifName&gt;TransCtr&lt;/notifName&gt;&lt;notifDescription&gt;P558_JENOPTIK&lt;/notifDescription&gt;&lt;CreatedBy&gt;SYSTEM&lt;/CreatedBy&gt;&lt;CreatedOn&gt;2016-12-19T17:28:27&lt;/CreatedOn&gt;&lt;ModifiedBy&gt;System&lt;/ModifiedBy&gt;&lt;ModifiedOn&gt;2016-12-19T17:28:29&lt;/ModifiedOn&gt;&lt;tagName&gt;Data_00&lt;/tagName&gt;&lt;tagTypeID&gt;8&lt;/tagTypeID&gt;&lt;tagGroupID&gt;1&lt;/tagGroupID&gt;&lt;tagFunctionID&gt;4&lt;/tagFunctionID&gt;&lt;COM_typeName&gt;TSend&lt;/COM_typeName&gt;&lt;FNC_typeName&gt;DefDataTable&lt;/FNC_typeName&gt;&lt;OPC_typeName&gt;FLOAT&lt;/OPC_typeName&gt;&lt;unitID&gt;36&lt;/unitID&gt;&lt;lineID&gt;35&lt;/lineID&gt;&lt;nameDefined&gt;Hi\Lo&lt;/nameDefined&gt;&lt;uomDefinedID&gt;24&lt;/uomDefinedID&gt;&lt;UOMName&gt;MM&lt;/UOMName&gt;&lt;UOMDescription&gt;MILIMETERS&lt;/UOMDescription&gt;&lt;serialNumber&gt;FTW2M1600072u&lt;/serialNumber&gt;&lt;avrg&gt;0.002575&lt;/avrg&gt;&lt;/Row&gt;&lt;Row&gt;&lt;notifRecordID&gt;116207&lt;/notifRecordID&gt;&lt;notifTagID&gt;123&lt;/notifTagID&gt;&lt;notifTagValue&gt;-0.011&lt;/notifTagValue&gt;&lt;recordID&gt;116207&lt;/recordID&gt;&lt;notifName&gt;TransCtr&lt;/notifName&gt;&lt;notifDescription&gt;P558_JENOPTIK&lt;/notifDescription&gt;&lt;CreatedBy&gt;SYSTEM&lt;/CreatedBy&gt;&lt;CreatedOn&gt;2016-12-19T17:33:36&lt;/CreatedOn&gt;&lt;ModifiedBy&gt;System&lt;/ModifiedBy&gt;&lt;ModifiedOn&gt;2016-12-19T17:33:37&lt;/ModifiedOn&gt;&lt;tagName&gt;Data_00&lt;/tagName&gt;&lt;tagTypeID&gt;8&lt;/tagTypeID&gt;&lt;tagGroupID&gt;1&lt;/tagGroupID&gt;&lt;tagFunctionID&gt;4&lt;/tagFunctionID&gt;&lt;COM_typeName&gt;TSend&lt;/COM_typeName&gt;&lt;FNC_typeName&gt;DefDataTable&lt;/FNC_typeName&gt;&lt;OPC_typeName&gt;FLOAT&lt;/OPC_typeName&gt;&lt;unitID&gt;36&lt;/unitID&gt;&lt;lineID&gt;35&lt;/lineID&gt;&lt;nameDefined&gt;Hi\Lo&lt;/nameDefined&gt;&lt;uomDefinedID&gt;24&lt;/uomDefinedID&gt;&lt;UOMName&gt;MM&lt;/UOMName&gt;&lt;UOMDescription&gt;MILIMETERS&lt;/UOMDescription&gt;&lt;serialNumber&gt;FTW3M16000ax2&lt;/serialNumber&gt;&lt;avrg&gt;0.002575&lt;/avrg&gt;&lt;/Row&gt;&lt;Row&gt;&lt;notifRecordID&gt;116217&lt;/notifRecordID&gt;&lt;notifTagID&gt;123&lt;/notifTagID&gt;&lt;notifTagValue&gt;0.008&lt;/notifTagValue&gt;&lt;recordID&gt;116217&lt;/recordID&gt;&lt;notifName&gt;TransCtr&lt;/notifName&gt;&lt;notifDescription&gt;P558_JENOPTIK&lt;/notifDescription&gt;&lt;CreatedBy&gt;SYSTEM&lt;/CreatedBy&gt;&lt;CreatedOn&gt;2016-12-19T17:49:40&lt;/CreatedOn&gt;&lt;ModifiedBy&gt;System&lt;/ModifiedBy&gt;&lt;ModifiedOn&gt;2016-12-19T17:49:42&lt;/ModifiedOn&gt;&lt;tagName&gt;Data_00&lt;/tagName&gt;&lt;tagTypeID&gt;8&lt;/tagTypeID&gt;&lt;tagGroupID&gt;1&lt;/tagGroupID&gt;&lt;tagFunctionID&gt;4&lt;/tagFunctionID&gt;&lt;COM_typeName&gt;TSend&lt;/COM_typeName&gt;&lt;FNC_typeName&gt;DefDataTable&lt;/FNC_typeName&gt;&lt;OPC_typeName&gt;FLOAT&lt;/OPC_typeName&gt;&lt;unitID&gt;36&lt;/unitID&gt;&lt;lineID&gt;35&lt;/lineID&gt;&lt;nameDefined&gt;Hi\Lo&lt;/nameDefined&gt;&lt;uomDefinedID&gt;24&lt;/uomDefinedID&gt;&lt;UOMName&gt;MM&lt;/UOMName&gt;&lt;UOMDescription&gt;MILIMETERS&lt;/UOMDescription&gt;&lt;serialNumber&gt;FTW3M16000ax3&lt;/serialNumber&gt;&lt;avrg&gt;0.002575&lt;/avrg&gt;&lt;/Row&gt;&lt;Row&gt;&lt;notifRecordID&gt;116221&lt;/notifRecordID&gt;&lt;notifTagID&gt;123&lt;/notifTagID&gt;&lt;notifTagValue&gt;0.007&lt;/notifTagValue&gt;&lt;recordID&gt;116221&lt;/recordID&gt;&lt;notifName&gt;TransCtr&lt;/notifName&gt;&lt;notifDescription&gt;P558_JENOPTIK&lt;/notifDescription&gt;&lt;CreatedBy&gt;SYSTEM&lt;/CreatedBy&gt;&lt;CreatedOn&gt;2016-12-19T17:54:36&lt;/CreatedOn&gt;&lt;ModifiedBy&gt;System&lt;/ModifiedBy&gt;&lt;ModifiedOn&gt;2016-12-19T17:54:37&lt;/ModifiedOn&gt;&lt;tagName&gt;Data_00&lt;/tagName&gt;&lt;tagTypeID&gt;8&lt;/tagTypeID&gt;&lt;tagGroupID&gt;1&lt;/tagGroupID&gt;&lt;tagFunctionID&gt;4&lt;/tagFunctionID&gt;&lt;COM_typeName&gt;TSend&lt;/COM_typeName&gt;&lt;FNC_typeName&gt;DefDataTable&lt;/FNC_typeName&gt;&lt;OPC_typeName&gt;FLOAT&lt;/OPC_typeName&gt;&lt;unitID&gt;36&lt;/unitID&gt;&lt;lineID&gt;35&lt;/lineID&gt;&lt;nameDefined&gt;Hi\Lo&lt;/nameDefined&gt;&lt;uomDefinedID&gt;24&lt;/uomDefinedID&gt;&lt;UOMName&gt;MM&lt;/UOMName&gt;&lt;UOMDescription&gt;MILIMETERS&lt;/UOMDescription&gt;&lt;serialNumber&gt;FTW3M16000ax4&lt;/serialNumber&gt;&lt;avrg&gt;0.002575&lt;/avrg&gt;&lt;/Row&gt;&lt;Row&gt;&lt;notifRecordID&gt;116224&lt;/notifRecordID&gt;&lt;notifTagID&gt;123&lt;/notifTagID&gt;&lt;notifTagValue&gt;0.005&lt;/notifTagValue&gt;&lt;recordID&gt;116224&lt;/recordID&gt;&lt;notifName&gt;TransCtr&lt;/notifName&gt;&lt;notifDescription&gt;P558_JENOPTIK&lt;/notifDescription&gt;&lt;CreatedBy&gt;SYSTEM&lt;/CreatedBy&gt;&lt;CreatedOn&gt;2016-12-19T17:57:40&lt;/CreatedOn&gt;&lt;ModifiedBy&gt;System&lt;/ModifiedBy&gt;&lt;ModifiedOn&gt;2016-12-19T17:57:42&lt;/ModifiedOn&gt;&lt;tagName&gt;Data_00&lt;/tagName&gt;&lt;tagTypeID&gt;8&lt;/tagTypeID&gt;&lt;tagGroupID&gt;1&lt;/tagGroupID&gt;&lt;tagFunctionID&gt;4&lt;/tagFunctionID&gt;&lt;COM_typeName&gt;TSend&lt;/COM_typeName&gt;&lt;FNC_typeName&gt;DefDataTable&lt;/FNC_typeName&gt;&lt;OPC_typeName&gt;FLOAT&lt;/OPC_typeName&gt;&lt;unitID&gt;36&lt;/unitID&gt;&lt;lineID&gt;35&lt;/lineID&gt;&lt;nameDefined&gt;Hi\Lo&lt;/nameDefined&gt;&lt;uomDefinedID&gt;24&lt;/uomDefinedID&gt;&lt;UOMName&gt;MM&lt;/UOMName&gt;&lt;UOMDescription&gt;MILIMETERS&lt;/UOMDescription&gt;&lt;serialNumber&gt;FTW2M1600072v&lt;/serialNumber&gt;&lt;avrg&gt;0.002575&lt;/avrg&gt;&lt;/Row&gt;&lt;Row&gt;&lt;notifRecordID&gt;116226&lt;/notifRecordID&gt;&lt;notifTagID&gt;123&lt;/notifTagID&gt;&lt;notifTagValue&gt;0.003&lt;/notifTagValue&gt;&lt;recordID&gt;116226&lt;/recordID&gt;&lt;notifName&gt;TransCtr&lt;/notifName&gt;&lt;notifDescription&gt;P558_JENOPTIK&lt;/notifDescription&gt;&lt;CreatedBy&gt;SYSTEM&lt;/CreatedBy&gt;&lt;CreatedOn&gt;2016-12-19T17:59:40&lt;/CreatedOn&gt;&lt;ModifiedBy&gt;System&lt;/ModifiedBy&gt;&lt;ModifiedOn&gt;2016-12-19T17:59:42&lt;/ModifiedOn&gt;&lt;tagName&gt;Data_00&lt;/tagName&gt;&lt;tagTypeID&gt;8&lt;/tagTypeID&gt;&lt;tagGroupID&gt;1&lt;/tagGroupID&gt;&lt;tagFunctionID&gt;4&lt;/tagFunctionID&gt;&lt;COM_typeName&gt;TSend&lt;/COM_typeName&gt;&lt;FNC_typeName&gt;DefDataTable&lt;/FNC_typeName&gt;&lt;OPC_typeName&gt;FLOAT&lt;/OPC_typeName&gt;&lt;unitID&gt;36&lt;/unitID&gt;&lt;lineID&gt;35&lt;/lineID&gt;&lt;nameDefined&gt;Hi\Lo&lt;/nameDefined&gt;&lt;uomDefinedID&gt;24&lt;/uomDefinedID&gt;&lt;UOMName&gt;MM&lt;/UOMName&gt;&lt;UOMDescription&gt;MILIMETERS&lt;/UOMDescription&gt;&lt;serialNumber&gt;FTW2M1600072w&lt;/serialNumber&gt;&lt;avrg&gt;0.002575&lt;/avrg&gt;&lt;/Row&gt;&lt;Row&gt;&lt;notifRecordID&gt;116230&lt;/notifRecordID&gt;&lt;notifTagID&gt;123&lt;/notifTagID&gt;&lt;notifTagValue&gt;-0.011&lt;/notifTagValue&gt;&lt;recordID&gt;116230&lt;/recordID&gt;&lt;notifName&gt;TransCtr&lt;/notifName&gt;&lt;notifDescription&gt;P558_JENOPTIK&lt;/notifDescription&gt;&lt;CreatedBy&gt;SYSTEM&lt;/CreatedBy&gt;&lt;CreatedOn&gt;2016-12-19T18:01:53&lt;/CreatedOn&gt;&lt;ModifiedBy&gt;System&lt;/ModifiedBy&gt;&lt;ModifiedOn&gt;2016-12-19T18:01:55&lt;/ModifiedOn&gt;&lt;tagName&gt;Data_00&lt;/tagName&gt;&lt;tagTypeID&gt;8&lt;/tagTypeID&gt;&lt;tagGroupID&gt;1&lt;/tagGroupID&gt;&lt;tagFunctionID&gt;4&lt;/tagFunctionID&gt;&lt;COM_typeName&gt;TSend&lt;/COM_typeName&gt;&lt;FNC_typeName&gt;DefDataTable&lt;/FNC_typeName&gt;&lt;OPC_typeName&gt;FLOAT&lt;/OPC_typeName&gt;&lt;unitID&gt;36&lt;/unitID&gt;&lt;lineID&gt;35&lt;/lineID&gt;&lt;nameDefined&gt;Hi\Lo&lt;/nameDefined&gt;&lt;uomDefinedID&gt;24&lt;/uomDefinedID&gt;&lt;UOMName&gt;MM&lt;/UOMName&gt;&lt;UOMDescription&gt;MILIMETERS&lt;/UOMDescription&gt;&lt;serialNumber&gt;FTW3M16000ax5&lt;/serialNumber&gt;&lt;avrg&gt;0.002575&lt;/avrg&gt;&lt;/Row&gt;&lt;Row&gt;&lt;notifRecordID&gt;116237&lt;/notifRecordID&gt;&lt;notifTagID&gt;123&lt;/notifTagID&gt;&lt;notifTagValue&gt;0.011&lt;/notifTagValue&gt;&lt;recordID&gt;116237&lt;/recordID&gt;&lt;notifName&gt;TransCtr&lt;/notifName&gt;&lt;notifDescription&gt;P558_JENOPTIK&lt;/notifDescription&gt;&lt;CreatedBy&gt;SYSTEM&lt;/CreatedBy&gt;&lt;CreatedOn&gt;2016-12-19T18:13:40&lt;/CreatedOn&gt;&lt;ModifiedBy&gt;System&lt;/ModifiedBy&gt;&lt;ModifiedOn&gt;2016-12-19T18:13:42&lt;/ModifiedOn&gt;&lt;tagName&gt;Data_00&lt;/tagName&gt;&lt;tagTypeID&gt;8&lt;/tagTypeID&gt;&lt;tagGroupID&gt;1&lt;/tagGroupID&gt;&lt;tagFunctionID&gt;4&lt;/tagFunctionID&gt;&lt;COM_typeName&gt;TSend&lt;/COM_typeName&gt;&lt;FNC_typeName&gt;DefDataTable&lt;/FNC_typeName&gt;&lt;OPC_typeName&gt;FLOAT&lt;/OPC_typeName&gt;&lt;unitID&gt;36&lt;/unitID&gt;&lt;lineID&gt;35&lt;/lineID&gt;&lt;nameDefined&gt;Hi\Lo&lt;/nameDefined&gt;&lt;uomDefinedID&gt;24&lt;/uomDefinedID&gt;&lt;UOMName&gt;MM&lt;/UOMName&gt;&lt;UOMDescription&gt;MILIMETERS&lt;/UOMDescription&gt;&lt;serialNumber&gt;FTW3M16000ax6&lt;/serialNumber&gt;&lt;avrg&gt;0.002575&lt;/avrg&gt;&lt;/Row&gt;&lt;Row&gt;&lt;notifRecordID&gt;116240&lt;/notifRecordID&gt;&lt;notifTagID&gt;123&lt;/notifTagID&gt;&lt;notifTagValue&gt;0.004&lt;/notifTagValue&gt;&lt;recordID&gt;116240&lt;/recordID&gt;&lt;notifName&gt;TransCtr&lt;/notifName&gt;&lt;notifDescription&gt;P558_JENOPTIK&lt;/notifDescription&gt;&lt;CreatedBy&gt;SYSTEM&lt;/CreatedBy&gt;&lt;CreatedOn&gt;2016-12-19T18:15:38&lt;/CreatedOn&gt;&lt;ModifiedBy&gt;System&lt;/ModifiedBy&gt;&lt;ModifiedOn&gt;2016-12-19T18:15:40&lt;/ModifiedOn&gt;&lt;tagName&gt;Data_00&lt;/tagName&gt;&lt;tagTypeID&gt;8&lt;/tagTypeID&gt;&lt;tagGroupID&gt;1&lt;/tagGroupID&gt;&lt;tagFunctionID&gt;4&lt;/tagFunctionID&gt;&lt;COM_typeName&gt;TSend&lt;/COM_typeName&gt;&lt;FNC_typeName&gt;DefDataTable&lt;/FNC_typeName&gt;&lt;OPC_typeName&gt;FLOAT&lt;/OPC_typeName&gt;&lt;unitID&gt;36&lt;/unitID&gt;&lt;lineID&gt;35&lt;/lineID&gt;&lt;nameDefined&gt;Hi\Lo&lt;/nameDefined&gt;&lt;uomDefinedID&gt;24&lt;/uomDefinedID&gt;&lt;UOMName&gt;MM&lt;/UOMName&gt;&lt;UOMDescription&gt;MILIMETERS&lt;/UOMDescription&gt;&lt;serialNumber&gt;FTW2M1600072x&lt;/serialNumber&gt;&lt;avrg&gt;0.002575&lt;/avrg&gt;&lt;/Row&gt;&lt;Row&gt;&lt;notifRecordID&gt;116246&lt;/notifRecordID&gt;&lt;notifTagID&gt;123&lt;/notifTagID&gt;&lt;notifTagValue&gt;0.009&lt;/notifTagValue&gt;&lt;recordID&gt;116246&lt;/recordID&gt;&lt;notifName&gt;TransCtr&lt;/notifName&gt;&lt;notifDescription&gt;P558_JENOPTIK&lt;/notifDescription&gt;&lt;CreatedBy&gt;SYSTEM&lt;/CreatedBy&gt;&lt;CreatedOn&gt;2016-12-19T18:22:54&lt;/CreatedOn&gt;&lt;ModifiedBy&gt;System&lt;/ModifiedBy&gt;&lt;ModifiedOn&gt;2016-12-19T18:22:56&lt;/ModifiedOn&gt;&lt;tagName&gt;Data_00&lt;/tagName&gt;&lt;tagTypeID&gt;8&lt;/tagTypeID&gt;&lt;tagGroupID&gt;1&lt;/tagGroupID&gt;&lt;tagFunctionID&gt;4&lt;/tagFunctionID&gt;&lt;COM_typeName&gt;TSend&lt;/COM_typeName&gt;&lt;FNC_typeName&gt;DefDataTable&lt;/FNC_typeName&gt;&lt;OPC_typeName&gt;FLOAT&lt;/OPC_typeName&gt;&lt;unitID&gt;36&lt;/unitID&gt;&lt;lineID&gt;35&lt;/lineID&gt;&lt;nameDefined&gt;Hi\Lo&lt;/nameDefined&gt;&lt;uomDefinedID&gt;24&lt;/uomDefinedID&gt;&lt;UOMName&gt;MM&lt;/UOMName&gt;&lt;UOMDescription&gt;MILIMETERS&lt;/UOMDescription&gt;&lt;serialNumber&gt;FTW3M16000ax7&lt;/serialNumber&gt;&lt;avrg&gt;0.002575&lt;/avrg&gt;&lt;/Row&gt;&lt;Row&gt;&lt;notifRecordID&gt;116248&lt;/notifRecordID&gt;&lt;notifTagID&gt;123&lt;/notifTagID&gt;&lt;notifTagValue&gt;0.015&lt;/notifTagValue&gt;&lt;recordID&gt;116248&lt;/recordID&gt;&lt;notifName&gt;TransCtr&lt;/notifName&gt;&lt;notifDescription&gt;P558_JENOPTIK&lt;/notifDescription&gt;&lt;CreatedBy&gt;SYSTEM&lt;/CreatedBy&gt;&lt;CreatedOn&gt;2016-12-19T18:25:13&lt;/CreatedOn&gt;&lt;ModifiedBy&gt;System&lt;/ModifiedBy&gt;&lt;ModifiedOn&gt;2016-12-19T18:25:15&lt;/ModifiedOn&gt;&lt;tagName&gt;Data_00&lt;/tagName&gt;&lt;tagTypeID&gt;8&lt;/tagTypeID&gt;&lt;tagGroupID&gt;1&lt;/tagGroupID&gt;&lt;tagFunctionID&gt;4&lt;/tagFunctionID&gt;&lt;COM_typeName&gt;TSend&lt;/COM_typeName&gt;&lt;FNC_typeName&gt;DefDataTable&lt;/FNC_typeName&gt;&lt;OPC_typeName&gt;FLOAT&lt;/OPC_typeName&gt;&lt;unitID&gt;36&lt;/unitID&gt;&lt;lineID&gt;35&lt;/lineID&gt;&lt;nameDefined&gt;Hi\Lo&lt;/nameDefined&gt;&lt;uomDefinedID&gt;24&lt;/uomDefinedID&gt;&lt;UOMName&gt;MM&lt;/UOMName&gt;&lt;UOMDescription&gt;MILIMETERS&lt;/UOMDescription&gt;&lt;serialNumber&gt;FTW2M1600072y&lt;/serialNumber&gt;&lt;avrg&gt;0.002575&lt;/avrg&gt;&lt;/Row&gt;&lt;Row&gt;&lt;notifRecordID&gt;116252&lt;/notifRecordID&gt;&lt;notifTagID&gt;123&lt;/notifTagID&gt;&lt;notifTagValue&gt;-0.01&lt;/notifTagValue&gt;&lt;recordID&gt;116252&lt;/recordID&gt;&lt;notifName&gt;TransCtr&lt;/notifName&gt;&lt;notifDescription&gt;P558_JENOPTIK&lt;/notifDescription&gt;&lt;CreatedBy&gt;SYSTEM&lt;/CreatedBy&gt;&lt;CreatedOn&gt;2016-12-19T18:27:39&lt;/CreatedOn&gt;&lt;ModifiedBy&gt;System&lt;/ModifiedBy&gt;&lt;ModifiedOn&gt;2016-12-19T18:27:41&lt;/ModifiedOn&gt;&lt;tagName&gt;Data_00&lt;/tagName&gt;&lt;tagTypeID&gt;8&lt;/tagTypeID&gt;&lt;tagGroupID&gt;1&lt;/tagGroupID&gt;&lt;tagFunctionID&gt;4&lt;/tagFunctionID&gt;&lt;COM_typeName&gt;TSend&lt;/COM_typeName&gt;&lt;FNC_typeName&gt;DefDataTable&lt;/FNC_typeName&gt;&lt;OPC_typeName&gt;FLOAT&lt;/OPC_typeName&gt;&lt;unitID&gt;36&lt;/unitID&gt;&lt;lineID&gt;35&lt;/lineID&gt;&lt;nameDefined&gt;Hi\Lo&lt;/nameDefined&gt;&lt;uomDefinedID&gt;24&lt;/uomDefinedID&gt;&lt;UOMName&gt;MM&lt;/UOMName&gt;&lt;UOMDescription&gt;MILIMETERS&lt;/UOMDescription&gt;&lt;serialNumber&gt;FTW3M16000ax8&lt;/serialNumber&gt;&lt;avrg&gt;0.002575&lt;/avrg&gt;&lt;/Row&gt;&lt;Row&gt;&lt;notifRecordID&gt;116257&lt;/notifRecordID&gt;&lt;notifTagID&gt;123&lt;/notifTagID&gt;&lt;notifTagValue&gt;0.011&lt;/notifTagValue&gt;&lt;recordID&gt;116257&lt;/recordID&gt;&lt;notifName&gt;TransCtr&lt;/notifName&gt;&lt;notifDescription&gt;P558_JENOPTIK&lt;/notifDescription&gt;&lt;CreatedBy&gt;SYSTEM&lt;/CreatedBy&gt;&lt;CreatedOn&gt;2016-12-19T18:31:05&lt;/CreatedOn&gt;&lt;ModifiedBy&gt;System&lt;/ModifiedBy&gt;&lt;ModifiedOn&gt;2016-12-19T18:31:07&lt;/ModifiedOn&gt;&lt;tagName&gt;Data_00&lt;/tagName&gt;&lt;tagTypeID&gt;8&lt;/tagTypeID&gt;&lt;tagGroupID&gt;1&lt;/tagGroupID&gt;&lt;tagFunctionID&gt;4&lt;/tagFunctionID&gt;&lt;COM_typeName&gt;TSend&lt;/COM_typeName&gt;&lt;FNC_typeName&gt;DefDataTable&lt;/FNC_typeName&gt;&lt;OPC_typeName&gt;FLOAT&lt;/OPC_typeName&gt;&lt;unitID&gt;36&lt;/unitID&gt;&lt;lineID&gt;35&lt;/lineID&gt;&lt;nameDefined&gt;Hi\Lo&lt;/nameDefined&gt;&lt;uomDefinedID&gt;24&lt;/uomDefinedID&gt;&lt;UOMName&gt;MM&lt;/UOMName&gt;&lt;UOMDescription&gt;MILIMETERS&lt;/UOMDescription&gt;&lt;serialNumber&gt;FTW3M16000ax9&lt;/serialNumber&gt;&lt;avrg&gt;0.002575&lt;/avrg&gt;&lt;/Row&gt;&lt;Row&gt;&lt;notifRecordID&gt;116260&lt;/notifRecordID&gt;&lt;notifTagID&gt;123&lt;/notifTagID&gt;&lt;notifTagValue&gt;0.001&lt;/notifTagValue&gt;&lt;recordID&gt;116260&lt;/recordID&gt;&lt;notifName&gt;TransCtr&lt;/notifName&gt;&lt;notifDescription&gt;P558_JENOPTIK&lt;/notifDescription&gt;&lt;CreatedBy&gt;SYSTEM&lt;/CreatedBy&gt;&lt;CreatedOn&gt;2016-12-19T18:37:11&lt;/CreatedOn&gt;&lt;ModifiedBy&gt;System&lt;/ModifiedBy&gt;&lt;ModifiedOn&gt;2016-12-19T18:37:12&lt;/ModifiedOn&gt;&lt;tagName&gt;Data_00&lt;/tagName&gt;&lt;tagTypeID&gt;8&lt;/tagTypeID&gt;&lt;tagGroupID&gt;1&lt;/tagGroupID&gt;&lt;tagFunctionID&gt;4&lt;/tagFunctionID&gt;&lt;COM_typeName&gt;TSend&lt;/COM_typeName&gt;&lt;FNC_typeName&gt;DefDataTable&lt;/FNC_typeName&gt;&lt;OPC_typeName&gt;FLOAT&lt;/OPC_typeName&gt;&lt;unitID&gt;36&lt;/unitID&gt;&lt;lineID&gt;35&lt;/lineID&gt;&lt;nameDefined&gt;Hi\Lo&lt;/nameDefined&gt;&lt;uomDefinedID&gt;24&lt;/uomDefinedID&gt;&lt;UOMName&gt;MM&lt;/UOMName&gt;&lt;UOMDescription&gt;MILIMETERS&lt;/UOMDescription&gt;&lt;serialNumber&gt;FTW2M1600072z&lt;/serialNumber&gt;&lt;avrg&gt;0.002575&lt;/avrg&gt;&lt;/Row&gt;&lt;Row&gt;&lt;notifRecordID&gt;116265&lt;/notifRecordID&gt;&lt;notifTagID&gt;123&lt;/notifTagID&gt;&lt;notifTagValue&gt;0.008&lt;/notifTagValue&gt;&lt;recordID&gt;116265&lt;/recordID&gt;&lt;notifName&gt;TransCtr&lt;/notifName&gt;&lt;notifDescription&gt;P558_JENOPTIK&lt;/notifDescription&gt;&lt;CreatedBy&gt;SYSTEM&lt;/CreatedBy&gt;&lt;CreatedOn&gt;2016-12-19T18:38:49&lt;/CreatedOn&gt;&lt;ModifiedBy&gt;System&lt;/ModifiedBy&gt;&lt;ModifiedOn&gt;2016-12-19T18:38:51&lt;/ModifiedOn&gt;&lt;tagName&gt;Data_00&lt;/tagName&gt;&lt;tagTypeID&gt;8&lt;/tagTypeID&gt;&lt;tagGroupID&gt;1&lt;/tagGroupID&gt;&lt;tagFunctionID&gt;4&lt;/tagFunctionID&gt;&lt;COM_typeName&gt;TSend&lt;/COM_typeName&gt;&lt;FNC_typeName&gt;DefDataTable&lt;/FNC_typeName&gt;&lt;OPC_typeName&gt;FLOAT&lt;/OPC_typeName&gt;&lt;unitID&gt;36&lt;/unitID&gt;&lt;lineID&gt;35&lt;/lineID&gt;&lt;nameDefined&gt;Hi\Lo&lt;/nameDefined&gt;&lt;uomDefinedID&gt;24&lt;/uomDefinedID&gt;&lt;UOMName&gt;MM&lt;/UOMName&gt;&lt;UOMDescription&gt;MILIMETERS&lt;/UOMDescription&gt;&lt;serialNumber&gt;FTW3M16000axa&lt;/serialNumber&gt;&lt;avrg&gt;0.002575&lt;/avrg&gt;&lt;/Row&gt;&lt;Row&gt;&lt;notifRecordID&gt;116268&lt;/notifRecordID&gt;&lt;notifTagID&gt;123&lt;/notifTagID&gt;&lt;notifTagValue&gt;0.001&lt;/notifTagValue&gt;&lt;recordID&gt;116268&lt;/recordID&gt;&lt;notifName&gt;TransCtr&lt;/notifName&gt;&lt;notifDescription&gt;P558_JENOPTIK&lt;/notifDescription&gt;&lt;CreatedBy&gt;SYSTEM&lt;/CreatedBy&gt;&lt;CreatedOn&gt;2016-12-19T18:40:31&lt;/CreatedOn&gt;&lt;ModifiedBy&gt;System&lt;/ModifiedBy&gt;&lt;ModifiedOn&gt;2016-12-19T18:40:33&lt;/ModifiedOn&gt;&lt;tagName&gt;Data_00&lt;/tagName&gt;&lt;tagTypeID&gt;8&lt;/tagTypeID&gt;&lt;tagGroupID&gt;1&lt;/tagGroupID&gt;&lt;tagFunctionID&gt;4&lt;/tagFunctionID&gt;&lt;COM_typeName&gt;TSend&lt;/COM_typeName&gt;&lt;FNC_typeName&gt;DefDataTable&lt;/FNC_typeName&gt;&lt;OPC_typeName&gt;FLOAT&lt;/OPC_typeName&gt;&lt;unitID&gt;36&lt;/unitID&gt;&lt;lineID&gt;35&lt;/lineID&gt;&lt;nameDefined&gt;Hi\Lo&lt;/nameDefined&gt;&lt;uomDefinedID&gt;24&lt;/uomDefinedID&gt;&lt;UOMName&gt;MM&lt;/UOMName&gt;&lt;UOMDescription&gt;MILIMETERS&lt;/UOMDescription&gt;&lt;serialNumber&gt;FTW2M16000730&lt;/serialNumber&gt;&lt;avrg&gt;0.002575&lt;/avrg&gt;&lt;/Row&gt;&lt;Row&gt;&lt;notifRecordID&gt;116271&lt;/notifRecordID&gt;&lt;notifTagID&gt;123&lt;/notifTagID&gt;&lt;notifTagValue&gt;-0.009&lt;/notifTagValue&gt;&lt;recordID&gt;116271&lt;/recordID&gt;&lt;notifName&gt;TransCtr&lt;/notifName&gt;&lt;notifDescription&gt;P558_JENOPTIK&lt;/notifDescription&gt;&lt;CreatedBy&gt;SYSTEM&lt;/CreatedBy&gt;&lt;CreatedOn&gt;2016-12-19T18:43:30&lt;/CreatedOn&gt;&lt;ModifiedBy&gt;System&lt;/ModifiedBy&gt;&lt;ModifiedOn&gt;2016-12-19T18:43:32&lt;/ModifiedOn&gt;&lt;tagName&gt;Data_00&lt;/tagName&gt;&lt;tagTypeID&gt;8&lt;/tagTypeID&gt;&lt;tagGroupID&gt;1&lt;/tagGroupID&gt;&lt;tagFunctionID&gt;4&lt;/tagFunctionID&gt;&lt;COM_typeName&gt;TSend&lt;/COM_typeName&gt;&lt;FNC_typeName&gt;DefDataTable&lt;/FNC_typeName&gt;&lt;OPC_typeName&gt;FLOAT&lt;/OPC_typeName&gt;&lt;unitID&gt;36&lt;/unitID&gt;&lt;lineID&gt;35&lt;/lineID&gt;&lt;nameDefined&gt;Hi\Lo&lt;/nameDefined&gt;&lt;uomDefinedID&gt;24&lt;/uomDefinedID&gt;&lt;UOMName&gt;MM&lt;/UOMName&gt;&lt;UOMDescription&gt;MILIMETERS&lt;/UOMDescription&gt;&lt;serialNumber&gt;FTW3M16000axb&lt;/serialNumber&gt;&lt;avrg&gt;0.002575&lt;/avrg&gt;&lt;/Row&gt;&lt;Row&gt;&lt;notifRecordID&gt;116275&lt;/notifRecordID&gt;&lt;notifTagID&gt;123&lt;/notifTagID&gt;&lt;notifTagValue&gt;0.01&lt;/notifTagValue&gt;&lt;recordID&gt;116275&lt;/recordID&gt;&lt;notifName&gt;TransCtr&lt;/notifName&gt;&lt;notifDescription&gt;P558_JENOPTIK&lt;/notifDescription&gt;&lt;CreatedBy&gt;SYSTEM&lt;/CreatedBy&gt;&lt;CreatedOn&gt;2016-12-19T18:47:19&lt;/CreatedOn&gt;&lt;ModifiedBy&gt;System&lt;/ModifiedBy&gt;&lt;ModifiedOn&gt;2016-12-19T18:47:21&lt;/ModifiedOn&gt;&lt;tagName&gt;Data_00&lt;/tagName&gt;&lt;tagTypeID&gt;8&lt;/tagTypeID&gt;&lt;tagGroupID&gt;1&lt;/tagGroupID&gt;&lt;tagFunctionID&gt;4&lt;/tagFunctionID&gt;&lt;COM_typeName&gt;TSend&lt;/COM_typeName&gt;&lt;FNC_typeName&gt;DefDataTable&lt;/FNC_typeName&gt;&lt;OPC_typeName&gt;FLOAT&lt;/OPC_typeName&gt;&lt;unitID&gt;36&lt;/unitID&gt;&lt;lineID&gt;35&lt;/lineID&gt;&lt;nameDefined&gt;Hi\Lo&lt;/nameDefined&gt;&lt;uomDefinedID&gt;24&lt;/uomDefinedID&gt;&lt;UOMName&gt;MM&lt;/UOMName&gt;&lt;UOMDescription&gt;MILIMETERS&lt;/UOMDescription&gt;&lt;serialNumber&gt;FTW3M16000axc&lt;/serialNumber&gt;&lt;avrg&gt;0.002575&lt;/avrg&gt;&lt;/Row&gt;&lt;Row&gt;&lt;notifRecordID&gt;116284&lt;/notifRecordID&gt;&lt;notifTagID&gt;123&lt;/notifTagID&gt;&lt;notifTagValue&gt;0.009&lt;/notifTagValue&gt;&lt;recordID&gt;116284&lt;/recordID&gt;&lt;notifName&gt;TransCtr&lt;/notifName&gt;&lt;notifDescription&gt;P558_JENOPTIK&lt;/notifDescription&gt;&lt;CreatedBy&gt;SYSTEM&lt;/CreatedBy&gt;&lt;CreatedOn&gt;2016-12-19T18:59:16&lt;/CreatedOn&gt;&lt;ModifiedBy&gt;System&lt;/ModifiedBy&gt;&lt;ModifiedOn&gt;2016-12-19T18:59:18&lt;/ModifiedOn&gt;&lt;tagName&gt;Data_00&lt;/tagName&gt;&lt;tagTypeID&gt;8&lt;/tagTypeID&gt;&lt;tagGroupID&gt;1&lt;/tagGroupID&gt;&lt;tagFunctionID&gt;4&lt;/tagFunctionID&gt;&lt;COM_typeName&gt;TSend&lt;/COM_typeName&gt;&lt;FNC_typeName&gt;DefDataTable&lt;/FNC_typeName&gt;&lt;OPC_typeName&gt;FLOAT&lt;/OPC_typeName&gt;&lt;unitID&gt;36&lt;/unitID&gt;&lt;lineID&gt;35&lt;/lineID&gt;&lt;nameDefined&gt;Hi\Lo&lt;/nameDefined&gt;&lt;uomDefinedID&gt;24&lt;/uomDefinedID&gt;&lt;UOMName&gt;MM&lt;/UOMName&gt;&lt;UOMDescription&gt;MILIMETERS&lt;/UOMDescription&gt;&lt;serialNumber&gt;FTW2M16000731&lt;/serialNumber&gt;&lt;avrg&gt;0.002575&lt;/avrg&gt;&lt;/Row&gt;&lt;Row&gt;&lt;notifRecordID&gt;116286&lt;/notifRecordID&gt;&lt;notifTagID&gt;123&lt;/notifTagID&gt;&lt;notifTagValue&gt;0.007&lt;/notifTagValue&gt;&lt;recordID&gt;116286&lt;/recordID&gt;&lt;notifName&gt;TransCtr&lt;/notifName&gt;&lt;notifDescription&gt;P558_JENOPTIK&lt;/notifDescription&gt;&lt;CreatedBy&gt;SYSTEM&lt;/CreatedBy&gt;&lt;CreatedOn&gt;2016-12-19T19:03:08&lt;/CreatedOn&gt;&lt;ModifiedBy&gt;System&lt;/ModifiedBy&gt;&lt;ModifiedOn&gt;2016-12-19T19:03:10&lt;/ModifiedOn&gt;&lt;tagName&gt;Data_00&lt;/tagName&gt;&lt;tagTypeID&gt;8&lt;/tagTypeID&gt;&lt;tagGroupID&gt;1&lt;/tagGroupID&gt;&lt;tagFunctionID&gt;4&lt;/tagFunctionID&gt;&lt;COM_typeName&gt;TSend&lt;/COM_typeName&gt;&lt;FNC_typeName&gt;DefDataTable&lt;/FNC_typeName&gt;&lt;OPC_typeName&gt;FLOAT&lt;/OPC_typeName&gt;&lt;unitID&gt;36&lt;/unitID&gt;&lt;lineID&gt;35&lt;/lineID&gt;&lt;nameDefined&gt;Hi\Lo&lt;/nameDefined&gt;&lt;uomDefinedID&gt;24&lt;/uomDefinedID&gt;&lt;UOMName&gt;MM&lt;/UOMName&gt;&lt;UOMDescription&gt;MILIMETERS&lt;/UOMDescription&gt;&lt;serialNumber&gt;FTW2M16000732&lt;/serialNumber&gt;&lt;avrg&gt;0.002575&lt;/avrg&gt;&lt;/Row&gt;&lt;Row&gt;&lt;notifRecordID&gt;116293&lt;/notifRecordID&gt;&lt;notifTagID&gt;123&lt;/notifTagID&gt;&lt;notifTagValue&gt;0.013&lt;/notifTagValue&gt;&lt;recordID&gt;116293&lt;/recordID&gt;&lt;notifName&gt;TransCtr&lt;/notifName&gt;&lt;notifDescription&gt;P558_JENOPTIK&lt;/notifDescription&gt;&lt;CreatedBy&gt;SYSTEM&lt;/CreatedBy&gt;&lt;CreatedOn&gt;2016-12-19T19:11:21&lt;/CreatedOn&gt;&lt;ModifiedBy&gt;System&lt;/ModifiedBy&gt;&lt;ModifiedOn&gt;2016-12-19T19:11:23&lt;/ModifiedOn&gt;&lt;tagName&gt;Data_00&lt;/tagName&gt;&lt;tagTypeID&gt;8&lt;/tagTypeID&gt;&lt;tagGroupID&gt;1&lt;/tagGroupID&gt;&lt;tagFunctionID&gt;4&lt;/tagFunctionID&gt;&lt;COM_typeName&gt;TSend&lt;/COM_typeName&gt;&lt;FNC_typeName&gt;DefDataTable&lt;/FNC_typeName&gt;&lt;OPC_typeName&gt;FLOAT&lt;/OPC_typeName&gt;&lt;unitID&gt;36&lt;/unitID&gt;&lt;lineID&gt;35&lt;/lineID&gt;&lt;nameDefined&gt;Hi\Lo&lt;/nameDefined&gt;&lt;uomDefinedID&gt;24&lt;/uomDefinedID&gt;&lt;UOMName&gt;MM&lt;/UOMName&gt;&lt;UOMDescription&gt;MILIMETERS&lt;/UOMDescription&gt;&lt;serialNumber&gt;FTW3M16000axd&lt;/serialNumber&gt;&lt;avrg&gt;0.002575&lt;/avrg&gt;&lt;/Row&gt;&lt;Row&gt;&lt;notifRecordID&gt;116296&lt;/notifRecordID&gt;&lt;notifTagID&gt;123&lt;/notifTagID&gt;&lt;notifTagValue&gt;-0.014&lt;/notifTagValue&gt;&lt;recordID&gt;116296&lt;/recordID&gt;&lt;notifName&gt;TransCtr&lt;/notifName&gt;&lt;notifDescription&gt;P558_JENOPTIK&lt;/notifDescription&gt;&lt;CreatedBy&gt;SYSTEM&lt;/CreatedBy&gt;&lt;CreatedOn&gt;2016-12-19T19:14:22&lt;/CreatedOn&gt;&lt;ModifiedBy&gt;System&lt;/ModifiedBy&gt;&lt;ModifiedOn&gt;2016-12-19T19:14:24&lt;/ModifiedOn&gt;&lt;tagName&gt;Data_00&lt;/tagName&gt;&lt;tagTypeID&gt;8&lt;/tagTypeID&gt;&lt;tagGroupID&gt;1&lt;/tagGroupID&gt;&lt;tagFunctionID&gt;4&lt;/tagFunctionID&gt;&lt;COM_typeName&gt;TSend&lt;/COM_typeName&gt;&lt;FNC_typeName&gt;DefDataTable&lt;/FNC_typeName&gt;&lt;OPC_typeName&gt;FLOAT&lt;/OPC_typeName&gt;&lt;unitID&gt;36&lt;/unitID&gt;&lt;lineID&gt;35&lt;/lineID&gt;&lt;nameDefined&gt;Hi\Lo&lt;/nameDefined&gt;&lt;uomDefinedID&gt;24&lt;/uomDefinedID&gt;&lt;UOMName&gt;MM&lt;/UOMName&gt;&lt;UOMDescription&gt;MILIMETERS&lt;/UOMDescription&gt;&lt;serialNumber&gt;FTW3M16000axe&lt;/serialNumber&gt;&lt;avrg&gt;0.002575&lt;/avrg&gt;&lt;/Row&gt;&lt;Row&gt;&lt;notifRecordID&gt;116298&lt;/notifRecordID&gt;&lt;notifTagID&gt;123&lt;/notifTagID&gt;&lt;notifTagValue&gt;0.009&lt;/notifTagValue&gt;&lt;recordID&gt;116298&lt;/recordID&gt;&lt;notifName&gt;TransCtr&lt;/notifName&gt;&lt;notifDescription&gt;P558_JENOPTIK&lt;/notifDescription&gt;&lt;CreatedBy&gt;SYSTEM&lt;/CreatedBy&gt;&lt;CreatedOn&gt;2016-12-19T19:16:38&lt;/CreatedOn&gt;&lt;ModifiedBy&gt;System&lt;/ModifiedBy&gt;&lt;ModifiedOn&gt;2016-12-19T19:16:40&lt;/ModifiedOn&gt;&lt;tagName&gt;Data_00&lt;/tagName&gt;&lt;tagTypeID&gt;8&lt;/tagTypeID&gt;&lt;tagGroupID&gt;1&lt;/tagGroupID&gt;&lt;tagFunctionID&gt;4&lt;/tagFunctionID&gt;&lt;COM_typeName&gt;TSend&lt;/COM_typeName&gt;&lt;FNC_typeName&gt;DefDataTable&lt;/FNC_typeName&gt;&lt;OPC_typeName&gt;FLOAT&lt;/OPC_typeName&gt;&lt;unitID&gt;36&lt;/unitID&gt;&lt;lineID&gt;35&lt;/lineID&gt;&lt;nameDefined&gt;Hi\Lo&lt;/nameDefined&gt;&lt;uomDefinedID&gt;24&lt;/uomDefinedID&gt;&lt;UOMName&gt;MM&lt;/UOMName&gt;&lt;UOMDescription&gt;MILIMETERS&lt;/UOMDescription&gt;&lt;serialNumber&gt;FTW3M16000axf&lt;/serialNumber&gt;&lt;avrg&gt;0.002575&lt;/avrg&gt;&lt;/Row&gt;&lt;Row&gt;&lt;notifRecordID&gt;116305&lt;/notifRecordID&gt;&lt;notifTagID&gt;123&lt;/notifTagID&gt;&lt;notifTagValue&gt;0.009&lt;/notifTagValue&gt;&lt;recordID&gt;116305&lt;/recordID&gt;&lt;notifName&gt;TransCtr&lt;/notifName&gt;&lt;notifDescription&gt;P558_JENOPTIK&lt;/notifDescription&gt;&lt;CreatedBy&gt;SYSTEM&lt;/CreatedBy&gt;&lt;CreatedOn&gt;2016-12-19T19:28:06&lt;/CreatedOn&gt;&lt;ModifiedBy&gt;System&lt;/ModifiedBy&gt;&lt;ModifiedOn&gt;2016-12-19T19:28:08&lt;/ModifiedOn&gt;&lt;tagName&gt;Data_00&lt;/tagName&gt;&lt;tagTypeID&gt;8&lt;/tagTypeID&gt;&lt;tagGroupID&gt;1&lt;/tagGroupID&gt;&lt;tagFunctionID&gt;4&lt;/tagFunctionID&gt;&lt;COM_typeName&gt;TSend&lt;/COM_typeName&gt;&lt;FNC_typeName&gt;DefDataTable&lt;/FNC_typeName&gt;&lt;OPC_typeName&gt;FLOAT&lt;/OPC_typeName&gt;&lt;unitID&gt;36&lt;/unitID&gt;&lt;lineID&gt;35&lt;/lineID&gt;&lt;nameDefined&gt;Hi\Lo&lt;/nameDefined&gt;&lt;uomDefinedID&gt;24&lt;/uomDefinedID&gt;&lt;UOMName&gt;MM&lt;/UOMName&gt;&lt;UOMDescription&gt;MILIMETERS&lt;/UOMDescription&gt;&lt;serialNumber&gt;FTW2M16000733&lt;/serialNumber&gt;&lt;avrg&gt;0.002575&lt;/avrg&gt;&lt;/Row&gt;&lt;Row&gt;&lt;notifRecordID&gt;116308&lt;/notifRecordID&gt;&lt;notifTagID&gt;123&lt;/notifTagID&gt;&lt;notifTagValue&gt;0.008&lt;/notifTagValue&gt;&lt;recordID&gt;116308&lt;/recordID&gt;&lt;notifName&gt;TransCtr&lt;/notifName&gt;&lt;notifDescription&gt;P558_JENOPTIK&lt;/notifDescription&gt;&lt;CreatedBy&gt;SYSTEM&lt;/CreatedBy&gt;&lt;CreatedOn&gt;2016-12-19T19:32:31&lt;/CreatedOn&gt;&lt;ModifiedBy&gt;System&lt;/ModifiedBy&gt;&lt;ModifiedOn&gt;2016-12-19T19:32:33&lt;/ModifiedOn&gt;&lt;tagName&gt;Data_00&lt;/tagName&gt;&lt;tagTypeID&gt;8&lt;/tagTypeID&gt;&lt;tagGroupID&gt;1&lt;/tagGroupID&gt;&lt;tagFunctionID&gt;4&lt;/tagFunctionID&gt;&lt;COM_typeName&gt;TSend&lt;/COM_typeName&gt;&lt;FNC_typeName&gt;DefDataTable&lt;/FNC_typeName&gt;&lt;OPC_typeName&gt;FLOAT&lt;/OPC_typeName&gt;&lt;unitID&gt;36&lt;/unitID&gt;&lt;lineID&gt;35&lt;/lineID&gt;&lt;nameDefined&gt;Hi\Lo&lt;/nameDefined&gt;&lt;uomDefinedID&gt;24&lt;/uomDefinedID&gt;&lt;UOMName&gt;MM&lt;/UOMName&gt;&lt;UOMDescription&gt;MILIMETERS&lt;/UOMDescription&gt;&lt;serialNumber&gt;FTW2M16000734&lt;/serialNumber&gt;&lt;avrg&gt;0.002575&lt;/avrg&gt;&lt;/Row&gt;&lt;Row&gt;&lt;notifRecordID&gt;116312&lt;/notifRecordID&gt;&lt;notifTagID&gt;123&lt;/notifTagID&gt;&lt;notifTagValue&gt;0.006&lt;/notifTagValue&gt;&lt;recordID&gt;116312&lt;/recordID&gt;&lt;notifName&gt;TransCtr&lt;/notifName&gt;&lt;notifDescription&gt;P558_JENOPTIK&lt;/notifDescription&gt;&lt;CreatedBy&gt;SYSTEM&lt;/CreatedBy&gt;&lt;CreatedOn&gt;2016-12-19T19:37:32&lt;/CreatedOn&gt;&lt;ModifiedBy&gt;System&lt;/ModifiedBy&gt;&lt;ModifiedOn&gt;2016-12-19T19:37:34&lt;/ModifiedOn&gt;&lt;tagName&gt;Data_00&lt;/tagName&gt;&lt;tagTypeID&gt;8&lt;/tagTypeID&gt;&lt;tagGroupID&gt;1&lt;/tagGroupID&gt;&lt;tagFunctionID&gt;4&lt;/tagFunctionID&gt;&lt;COM_typeName&gt;TSend&lt;/COM_typeName&gt;&lt;FNC_typeName&gt;DefDataTable&lt;/FNC_typeName&gt;&lt;OPC_typeName&gt;FLOAT&lt;/OPC_typeName&gt;&lt;unitID&gt;36&lt;/unitID&gt;&lt;lineID&gt;35&lt;/lineID&gt;&lt;nameDefined&gt;Hi\Lo&lt;/nameDefined&gt;&lt;uomDefinedID&gt;24&lt;/uomDefinedID&gt;&lt;UOMName&gt;MM&lt;/UOMName&gt;&lt;UOMDescription&gt;MILIMETERS&lt;/UOMDescription&gt;&lt;serialNumber&gt;FTW3M16000axg&lt;/serialNumber&gt;&lt;avrg&gt;0.002575&lt;/avrg&gt;&lt;/Row&gt;&lt;Row&gt;&lt;notifRecordID&gt;116317&lt;/notifRecordID&gt;&lt;notifTagID&gt;123&lt;/notifTagID&gt;&lt;notifTagValue&gt;-0.003&lt;/notifTagValue&gt;&lt;recordID&gt;116317&lt;/recordID&gt;&lt;notifName&gt;TransCtr&lt;/notifName&gt;&lt;notifDescription&gt;P558_JENOPTIK&lt;/notifDescription&gt;&lt;CreatedBy&gt;SYSTEM&lt;/CreatedBy&gt;&lt;CreatedOn&gt;2016-12-19T19:43:27&lt;/CreatedOn&gt;&lt;ModifiedBy&gt;System&lt;/ModifiedBy&gt;&lt;ModifiedOn&gt;2016-12-19T19:43:29&lt;/ModifiedOn&gt;&lt;tagName&gt;Data_00&lt;/tagName&gt;&lt;tagTypeID&gt;8&lt;/tagTypeID&gt;&lt;tagGroupID&gt;1&lt;/tagGroupID&gt;&lt;tagFunctionID&gt;4&lt;/tagFunctionID&gt;&lt;COM_typeName&gt;TSend&lt;/COM_typeName&gt;&lt;FNC_typeName&gt;DefDataTable&lt;/FNC_typeName&gt;&lt;OPC_typeName&gt;FLOAT&lt;/OPC_typeName&gt;&lt;unitID&gt;36&lt;/unitID&gt;&lt;lineID&gt;35&lt;/lineID&gt;&lt;nameDefined&gt;Hi\Lo&lt;/nameDefined&gt;&lt;uomDefinedID&gt;24&lt;/uomDefinedID&gt;&lt;UOMName&gt;MM&lt;/UOMName&gt;&lt;UOMDescription&gt;MILIMETERS&lt;/UOMDescription&gt;&lt;serialNumber&gt;FTW3M16000axh&lt;/serialNumber&gt;&lt;avrg&gt;0.002575&lt;/avrg&gt;&lt;/Row&gt;&lt;Row&gt;&lt;notifRecordID&gt;116322&lt;/notifRecordID&gt;&lt;notifTagID&gt;123&lt;/notifTagID&gt;&lt;notifTagValue&gt;0.0&lt;/notifTagValue&gt;&lt;recordID&gt;116322&lt;/recordID&gt;&lt;notifName&gt;TransCtr&lt;/notifName&gt;&lt;notifDescription&gt;P558_JENOPTIK&lt;/notifDescription&gt;&lt;CreatedBy&gt;SYSTEM&lt;/CreatedBy&gt;&lt;CreatedOn&gt;2016-12-19T19:48:52&lt;/CreatedOn&gt;&lt;ModifiedBy&gt;System&lt;/ModifiedBy&gt;&lt;ModifiedOn&gt;2016-12-19T19:48:54&lt;/ModifiedOn&gt;&lt;tagName&gt;Data_00&lt;/tagName&gt;&lt;tagTypeID&gt;8&lt;/tagTypeID&gt;&lt;tagGroupID&gt;1&lt;/tagGroupID&gt;&lt;tagFunctionID&gt;4&lt;/tagFunctionID&gt;&lt;COM_typeName&gt;TSend&lt;/COM_typeName&gt;&lt;FNC_typeName&gt;DefDataTable&lt;/FNC_typeName&gt;&lt;OPC_typeName&gt;FLOAT&lt;/OPC_typeName&gt;&lt;unitID&gt;36&lt;/unitID&gt;&lt;lineID&gt;35&lt;/lineID&gt;&lt;nameDefined&gt;Hi\Lo&lt;/nameDefined&gt;&lt;uomDefinedID&gt;24&lt;/uomDefinedID&gt;&lt;UOMName&gt;MM&lt;/UOMName&gt;&lt;UOMDescription&gt;MILIMETERS&lt;/UOMDescription&gt;&lt;serialNumber&gt;FTW2M16000735&lt;/serialNumber&gt;&lt;avrg&gt;0.002575&lt;/avrg&gt;&lt;/Row&gt;&lt;Row&gt;&lt;notifRecordID&gt;116325&lt;/notifRecordID&gt;&lt;notifTagID&gt;123&lt;/notifTagID&gt;&lt;notifTagValue&gt;0.009&lt;/notifTagValue&gt;&lt;recordID&gt;116325&lt;/recordID&gt;&lt;notifName&gt;TransCtr&lt;/notifName&gt;&lt;notifDescription&gt;P558_JENOPTIK&lt;/notifDescription&gt;&lt;CreatedBy&gt;SYSTEM&lt;/CreatedBy&gt;&lt;CreatedOn&gt;2016-12-19T19:52:23&lt;/CreatedOn&gt;&lt;ModifiedBy&gt;System&lt;/ModifiedBy&gt;&lt;ModifiedOn&gt;2016-12-19T19:52:25&lt;/ModifiedOn&gt;&lt;tagName&gt;Data_00&lt;/tagName&gt;&lt;tagTypeID&gt;8&lt;/tagTypeID&gt;&lt;tagGroupID&gt;1&lt;/tagGroupID&gt;&lt;tagFunctionID&gt;4&lt;/tagFunctionID&gt;&lt;COM_typeName&gt;TSend&lt;/COM_typeName&gt;&lt;FNC_typeName&gt;DefDataTable&lt;/FNC_typeName&gt;&lt;OPC_typeName&gt;FLOAT&lt;/OPC_typeName&gt;&lt;unitID&gt;36&lt;/unitID&gt;&lt;lineID&gt;35&lt;/lineID&gt;&lt;nameDefined&gt;Hi\Lo&lt;/nameDefined&gt;&lt;uomDefinedID&gt;24&lt;/uomDefinedID&gt;&lt;UOMName&gt;MM&lt;/UOMName&gt;&lt;UOMDescription&gt;MILIMETERS&lt;/UOMDescription&gt;&lt;serialNumber&gt;FTW3M16000axi&lt;/serialNumber&gt;&lt;avrg&gt;0.002575&lt;/avrg&gt;&lt;/Row&gt;&lt;Row&gt;&lt;notifRecordID&gt;116329&lt;/notifRecordID&gt;&lt;notifTagID&gt;123&lt;/notifTagID&gt;&lt;notifTagValue&gt;0.001&lt;/notifTagValue&gt;&lt;recordID&gt;116329&lt;/recordID&gt;&lt;notifName&gt;TransCtr&lt;/notifName&gt;&lt;notifDescription&gt;P558_JENOPTIK&lt;/notifDescription&gt;&lt;CreatedBy&gt;SYSTEM&lt;/CreatedBy&gt;&lt;CreatedOn&gt;2016-12-19T19:54:58&lt;/CreatedOn&gt;&lt;ModifiedBy&gt;System&lt;/ModifiedBy&gt;&lt;ModifiedOn&gt;2016-12-19T19:55:00&lt;/ModifiedOn&gt;&lt;tagName&gt;Data_00&lt;/tagName&gt;&lt;tagTypeID&gt;8&lt;/tagTypeID&gt;&lt;tagGroupID&gt;1&lt;/tagGroupID&gt;&lt;tagFunctionID&gt;4&lt;/tagFunctionID&gt;&lt;COM_typeName&gt;TSend&lt;/COM_typeName&gt;&lt;FNC_typeName&gt;DefDataTable&lt;/FNC_typeName&gt;&lt;OPC_typeName&gt;FLOAT&lt;/OPC_typeName&gt;&lt;unitID&gt;36&lt;/unitID&gt;&lt;lineID&gt;35&lt;/lineID&gt;&lt;nameDefined&gt;Hi\Lo&lt;/nameDefined&gt;&lt;uomDefinedID&gt;24&lt;/uomDefinedID&gt;&lt;UOMName&gt;MM&lt;/UOMName&gt;&lt;UOMDescription&gt;MILIMETERS&lt;/UOMDescription&gt;&lt;serialNumber&gt;FTW2M16000736&lt;/serialNumber&gt;&lt;avrg&gt;0.002575&lt;/avrg&gt;&lt;/Row&gt;&lt;Row&gt;&lt;notifRecordID&gt;116333&lt;/notifRecordID&gt;&lt;notifTagID&gt;123&lt;/notifTagID&gt;&lt;notifTagValue&gt;0.007&lt;/notifTagValue&gt;&lt;recordID&gt;116333&lt;/recordID&gt;&lt;notifName&gt;TransCtr&lt;/notifName&gt;&lt;notifDescription&gt;P558_JENOPTIK&lt;/notifDescription&gt;&lt;CreatedBy&gt;SYSTEM&lt;/CreatedBy&gt;&lt;CreatedOn&gt;2016-12-19T19:59:56&lt;/CreatedOn&gt;&lt;ModifiedBy&gt;System&lt;/ModifiedBy&gt;&lt;ModifiedOn&gt;2016-12-19T19:59:58&lt;/ModifiedOn&gt;&lt;tagName&gt;Data_00&lt;/tagName&gt;&lt;tagTypeID&gt;8&lt;/tagTypeID&gt;&lt;tagGroupID&gt;1&lt;/tagGroupID&gt;&lt;tagFunctionID&gt;4&lt;/tagFunctionID&gt;&lt;COM_typeName&gt;TSend&lt;/COM_typeName&gt;&lt;FNC_typeName&gt;DefDataTable&lt;/FNC_typeName&gt;&lt;OPC_typeName&gt;FLOAT&lt;/OPC_typeName&gt;&lt;unitID&gt;36&lt;/unitID&gt;&lt;lineID&gt;35&lt;/lineID&gt;&lt;nameDefined&gt;Hi\Lo&lt;/nameDefined&gt;&lt;uomDefinedID&gt;24&lt;/uomDefinedID&gt;&lt;UOMName&gt;MM&lt;/UOMName&gt;&lt;UOMDescription&gt;MILIMETERS&lt;/UOMDescription&gt;&lt;serialNumber&gt;FTW3M16000axj&lt;/serialNumber&gt;&lt;avrg&gt;0.002575&lt;/avrg&gt;&lt;/Row&gt;&lt;Row&gt;&lt;notifRecordID&gt;116337&lt;/notifRecordID&gt;&lt;notifTagID&gt;123&lt;/notifTagID&gt;&lt;notifTagValue&gt;-0.006&lt;/notifTagValue&gt;&lt;recordID&gt;116337&lt;/recordID&gt;&lt;notifName&gt;TransCtr&lt;/notifName&gt;&lt;notifDescription&gt;P558_JENOPTIK&lt;/notifDescription&gt;&lt;CreatedBy&gt;SYSTEM&lt;/CreatedBy&gt;&lt;CreatedOn&gt;2016-12-19T20:03:06&lt;/CreatedOn&gt;&lt;ModifiedBy&gt;System&lt;/ModifiedBy&gt;&lt;ModifiedOn&gt;2016-12-19T20:03:08&lt;/ModifiedOn&gt;&lt;tagName&gt;Data_00&lt;/tagName&gt;&lt;tagTypeID&gt;8&lt;/tagTypeID&gt;&lt;tagGroupID&gt;1&lt;/tagGroupID&gt;&lt;tagFunctionID&gt;4&lt;/tagFunctionID&gt;&lt;COM_typeName&gt;TSend&lt;/COM_typeName&gt;&lt;FNC_typeName&gt;DefDataTable&lt;/FNC_typeName&gt;&lt;OPC_typeName&gt;FLOAT&lt;/OPC_typeName&gt;&lt;unitID&gt;36&lt;/unitID&gt;&lt;lineID&gt;35&lt;/lineID&gt;&lt;nameDefined&gt;Hi\Lo&lt;/nameDefined&gt;&lt;uomDefinedID&gt;24&lt;/uomDefinedID&gt;&lt;UOMName&gt;MM&lt;/UOMName&gt;&lt;UOMDescription&gt;MILIMETERS&lt;/UOMDescription&gt;&lt;serialNumber&gt;FTW3M16000axk&lt;/serialNumber&gt;&lt;avrg&gt;0.002575&lt;/avrg&gt;&lt;/Row&gt;&lt;Row&gt;&lt;notifRecordID&gt;116343&lt;/notifRecordID&gt;&lt;notifTagID&gt;123&lt;/notifTagID&gt;&lt;notifTagValue&gt;0.007&lt;/notifTagValue&gt;&lt;recordID&gt;116343&lt;/recordID&gt;&lt;notifName&gt;TransCtr&lt;/notifName&gt;&lt;notifDescription&gt;P558_JENOPTIK&lt;/notifDescription&gt;&lt;CreatedBy&gt;SYSTEM&lt;/CreatedBy&gt;&lt;CreatedOn&gt;2016-12-19T20:10:34&lt;/CreatedOn&gt;&lt;ModifiedBy&gt;System&lt;/ModifiedBy&gt;&lt;ModifiedOn&gt;2016-12-19T20:10:36&lt;/ModifiedOn&gt;&lt;tagName&gt;Data_00&lt;/tagName&gt;&lt;tagTypeID&gt;8&lt;/tagTypeID&gt;&lt;tagGroupID&gt;1&lt;/tagGroupID&gt;&lt;tagFunctionID&gt;4&lt;/tagFunctionID&gt;&lt;COM_typeName&gt;TSend&lt;/COM_typeName&gt;&lt;FNC_typeName&gt;DefDataTable&lt;/FNC_typeName&gt;&lt;OPC_typeName&gt;FLOAT&lt;/OPC_typeName&gt;&lt;unitID&gt;36&lt;/unitID&gt;&lt;lineID&gt;35&lt;/lineID&gt;&lt;nameDefined&gt;Hi\Lo&lt;/nameDefined&gt;&lt;uomDefinedID&gt;24&lt;/uomDefinedID&gt;&lt;UOMName&gt;MM&lt;/UOMName&gt;&lt;UOMDescription&gt;MILIMETERS&lt;/UOMDescription&gt;&lt;serialNumber&gt;FTW3M16000axl&lt;/serialNumber&gt;&lt;avrg&gt;0.002575&lt;/avrg&gt;&lt;/Row&gt;&lt;Row&gt;&lt;notifRecordID&gt;116346&lt;/notifRecordID&gt;&lt;notifTagID&gt;123&lt;/notifTagID&gt;&lt;notifTagValue&gt;0.007&lt;/notifTagValue&gt;&lt;recordID&gt;116346&lt;/recordID&gt;&lt;notifName&gt;TransCtr&lt;/notifName&gt;&lt;notifDescription&gt;P558_JENOPTIK&lt;/notifDescription&gt;&lt;CreatedBy&gt;SYSTEM&lt;/CreatedBy&gt;&lt;CreatedOn&gt;2016-12-19T20:12:17&lt;/CreatedOn&gt;&lt;ModifiedBy&gt;System&lt;/ModifiedBy&gt;&lt;ModifiedOn&gt;2016-12-19T20:12:19&lt;/ModifiedOn&gt;&lt;tagName&gt;Data_00&lt;/tagName&gt;&lt;tagTypeID&gt;8&lt;/tagTypeID&gt;&lt;tagGroupID&gt;1&lt;/tagGroupID&gt;&lt;tagFunctionID&gt;4&lt;/tagFunctionID&gt;&lt;COM_typeName&gt;TSend&lt;/COM_typeName&gt;&lt;FNC_typeName&gt;DefDataTable&lt;/FNC_typeName&gt;&lt;OPC_typeName&gt;FLOAT&lt;/OPC_typeName&gt;&lt;unitID&gt;36&lt;/unitID&gt;&lt;lineID&gt;35&lt;/lineID&gt;&lt;nameDefined&gt;Hi\Lo&lt;/nameDefined&gt;&lt;uomDefinedID&gt;24&lt;/uomDefinedID&gt;&lt;UOMName&gt;MM&lt;/UOMName&gt;&lt;UOMDescription&gt;MILIMETERS&lt;/UOMDescription&gt;&lt;serialNumber&gt;FTW3M16000axl&lt;/serialNumber&gt;&lt;avrg&gt;0.002575&lt;/avrg&gt;&lt;/Row&gt;&lt;Row&gt;&lt;notifRecordID&gt;116350&lt;/notifRecordID&gt;&lt;notifTagID&gt;123&lt;/notifTagID&gt;&lt;notifTagValue&gt;-0.001&lt;/notifTagValue&gt;&lt;recordID&gt;116350&lt;/recordID&gt;&lt;notifName&gt;TransCtr&lt;/notifName&gt;&lt;notifDescription&gt;P558_JENOPTIK&lt;/notifDescription&gt;&lt;CreatedBy&gt;SYSTEM&lt;/CreatedBy&gt;&lt;CreatedOn&gt;2016-12-19T20:18:35&lt;/CreatedOn&gt;&lt;ModifiedBy&gt;System&lt;/ModifiedBy&gt;&lt;ModifiedOn&gt;2016-12-19T20:18:37&lt;/ModifiedOn&gt;&lt;tagName&gt;Data_00&lt;/tagName&gt;&lt;tagTypeID&gt;8&lt;/tagTypeID&gt;&lt;tagGroupID&gt;1&lt;/tagGroupID&gt;&lt;tagFunctionID&gt;4&lt;/tagFunctionID&gt;&lt;COM_typeName&gt;TSend&lt;/COM_typeName&gt;&lt;FNC_typeName&gt;DefDataTable&lt;/FNC_typeName&gt;&lt;OPC_typeName&gt;FLOAT&lt;/OPC_typeName&gt;&lt;unitID&gt;36&lt;/unitID&gt;&lt;lineID&gt;35&lt;/lineID&gt;&lt;nameDefined&gt;Hi\Lo&lt;/nameDefined&gt;&lt;uomDefinedID&gt;24&lt;/uomDefinedID&gt;&lt;UOMName&gt;MM&lt;/UOMName&gt;&lt;UOMDescription&gt;MILIMETERS&lt;/UOMDescription&gt;&lt;serialNumber&gt;FTW2M16000737&lt;/serialNumber&gt;&lt;avrg&gt;0.002575&lt;/avrg&gt;&lt;/Row&gt;&lt;Row&gt;&lt;notifRecordID&gt;116352&lt;/notifRecordID&gt;&lt;notifTagID&gt;123&lt;/notifTagID&gt;&lt;notifTagValue&gt;-0.002&lt;/notifTagValue&gt;&lt;recordID&gt;116352&lt;/recordID&gt;&lt;notifName&gt;TransCtr&lt;/notifName&gt;&lt;notifDescription&gt;P558_JENOPTIK&lt;/notifDescription&gt;&lt;CreatedBy&gt;SYSTEM&lt;/CreatedBy&gt;&lt;CreatedOn&gt;2016-12-19T20:20:34&lt;/CreatedOn&gt;&lt;ModifiedBy&gt;System&lt;/ModifiedBy&gt;&lt;ModifiedOn&gt;2016-12-19T20:20:36&lt;/ModifiedOn&gt;&lt;tagName&gt;Data_00&lt;/tagName&gt;&lt;tagTypeID&gt;8&lt;/tagTypeID&gt;&lt;tagGroupID&gt;1&lt;/tagGroupID&gt;&lt;tagFunctionID&gt;4&lt;/tagFunctionID&gt;&lt;COM_typeName&gt;TSend&lt;/COM_typeName&gt;&lt;FNC_typeName&gt;DefDataTable&lt;/FNC_typeName&gt;&lt;OPC_typeName&gt;FLOAT&lt;/OPC_typeName&gt;&lt;unitID&gt;36&lt;/unitID&gt;&lt;lineID&gt;35&lt;/lineID&gt;&lt;nameDefined&gt;Hi\Lo&lt;/nameDefined&gt;&lt;uomDefinedID&gt;24&lt;/uomDefinedID&gt;&lt;UOMName&gt;MM&lt;/UOMName&gt;&lt;UOMDescription&gt;MILIMETERS&lt;/UOMDescription&gt;&lt;serialNumber&gt;FTW2M16000738&lt;/serialNumber&gt;&lt;avrg&gt;0.002575&lt;/avrg&gt;&lt;/Row&gt;&lt;Row&gt;&lt;notifRecordID&gt;116362&lt;/notifRecordID&gt;&lt;notifTagID&gt;123&lt;/notifTagID&gt;&lt;notifTagValue&gt;0.007&lt;/notifTagValue&gt;&lt;recordID&gt;116362&lt;/recordID&gt;&lt;notifName&gt;TransCtr&lt;/notifName&gt;&lt;notifDescription&gt;P558_JENOPTIK&lt;/notifDescription&gt;&lt;CreatedBy&gt;SYSTEM&lt;/CreatedBy&gt;&lt;CreatedOn&gt;2016-12-19T20:37:00&lt;/CreatedOn&gt;&lt;ModifiedBy&gt;System&lt;/ModifiedBy&gt;&lt;ModifiedOn&gt;2016-12-19T20:37:02&lt;/ModifiedOn&gt;&lt;tagName&gt;Data_00&lt;/tagName&gt;&lt;tagTypeID&gt;8&lt;/tagTypeID&gt;&lt;tagGroupID&gt;1&lt;/tagGroupID&gt;&lt;tagFunctionID&gt;4&lt;/tagFunctionID&gt;&lt;COM_typeName&gt;TSend&lt;/COM_typeName&gt;&lt;FNC_typeName&gt;DefDataTable&lt;/FNC_typeName&gt;&lt;OPC_typeName&gt;FLOAT&lt;/OPC_typeName&gt;&lt;unitID&gt;36&lt;/unitID&gt;&lt;lineID&gt;35&lt;/lineID&gt;&lt;nameDefined&gt;Hi\Lo&lt;/nameDefined&gt;&lt;uomDefinedID&gt;24&lt;/uomDefinedID&gt;&lt;UOMName&gt;MM&lt;/UOMName&gt;&lt;UOMDescription&gt;MILIMETERS&lt;/UOMDescription&gt;&lt;serialNumber&gt;FTW3M16000axm&lt;/serialNumber&gt;&lt;avrg&gt;0.002575&lt;/avrg&gt;&lt;/Row&gt;&lt;Row&gt;&lt;notifRecordID&gt;116364&lt;/notifRecordID&gt;&lt;notifTagID&gt;123&lt;/notifTagID&gt;&lt;notifTagValue&gt;-0.01&lt;/notifTagValue&gt;&lt;recordID&gt;116364&lt;/recordID&gt;&lt;notifName&gt;TransCtr&lt;/notifName&gt;&lt;notifDescription&gt;P558_JENOPTIK&lt;/notifDescription&gt;&lt;CreatedBy&gt;SYSTEM&lt;/CreatedBy&gt;&lt;CreatedOn&gt;2016-12-19T20:39:06&lt;/CreatedOn&gt;&lt;ModifiedBy&gt;System&lt;/ModifiedBy&gt;&lt;ModifiedOn&gt;2016-12-19T20:39:08&lt;/ModifiedOn&gt;&lt;tagName&gt;Data_00&lt;/tagName&gt;&lt;tagTypeID&gt;8&lt;/tagTypeID&gt;&lt;tagGroupID&gt;1&lt;/tagGroupID&gt;&lt;tagFunctionID&gt;4&lt;/tagFunctionID&gt;&lt;COM_typeName&gt;TSend&lt;/COM_typeName&gt;&lt;FNC_typeName&gt;DefDataTable&lt;/FNC_typeName&gt;&lt;OPC_typeName&gt;FLOAT&lt;/OPC_typeName&gt;&lt;unitID&gt;36&lt;/unitID&gt;&lt;lineID&gt;35&lt;/lineID&gt;&lt;nameDefined&gt;Hi\Lo&lt;/nameDefined&gt;&lt;uomDefinedID&gt;24&lt;/uomDefinedID&gt;&lt;UOMName&gt;MM&lt;/UOMName&gt;&lt;UOMDescription&gt;MILIMETERS&lt;/UOMDescription&gt;&lt;serialNumber&gt;FTW3M16000axn&lt;/serialNumber&gt;&lt;avrg&gt;0.002575&lt;/avrg&gt;&lt;/Row&gt;&lt;Row&gt;&lt;notifRecordID&gt;116369&lt;/notifRecordID&gt;&lt;notifTagID&gt;123&lt;/notifTagID&gt;&lt;notifTagValue&gt;0.005&lt;/notifTagValue&gt;&lt;recordID&gt;116369&lt;/recordID&gt;&lt;notifName&gt;TransCtr&lt;/notifName&gt;&lt;notifDescription&gt;P558_JENOPTIK&lt;/notifDescription&gt;&lt;CreatedBy&gt;SYSTEM&lt;/CreatedBy&gt;&lt;CreatedOn&gt;2016-12-19T20:44:40&lt;/CreatedOn&gt;&lt;ModifiedBy&gt;System&lt;/ModifiedBy&gt;&lt;ModifiedOn&gt;2016-12-19T20:44:42&lt;/ModifiedOn&gt;&lt;tagName&gt;Data_00&lt;/tagName&gt;&lt;tagTypeID&gt;8&lt;/tagTypeID&gt;&lt;tagGroupID&gt;1&lt;/tagGroupID&gt;&lt;tagFunctionID&gt;4&lt;/tagFunctionID&gt;&lt;COM_typeName&gt;TSend&lt;/COM_typeName&gt;&lt;FNC_typeName&gt;DefDataTable&lt;/FNC_typeName&gt;&lt;OPC_typeName&gt;FLOAT&lt;/OPC_typeName&gt;&lt;unitID&gt;36&lt;/unitID&gt;&lt;lineID&gt;35&lt;/lineID&gt;&lt;nameDefined&gt;Hi\Lo&lt;/nameDefined&gt;&lt;uomDefinedID&gt;24&lt;/uomDefinedID&gt;&lt;UOMName&gt;MM&lt;/UOMName&gt;&lt;UOMDescription&gt;MILIMETERS&lt;/UOMDescription&gt;&lt;serialNumber&gt;FTW3M16000axo&lt;/serialNumber&gt;&lt;avrg&gt;0.002575&lt;/avrg&gt;&lt;/Row&gt;&lt;Row&gt;&lt;notifRecordID&gt;116373&lt;/notifRecordID&gt;&lt;notifTagID&gt;123&lt;/notifTagID&gt;&lt;notifTagValue&gt;0.002&lt;/notifTagValue&gt;&lt;recordID&gt;116373&lt;/recordID&gt;&lt;notifName&gt;TransCtr&lt;/notifName&gt;&lt;notifDescription&gt;P558_JENOPTIK&lt;/notifDescription&gt;&lt;CreatedBy&gt;SYSTEM&lt;/CreatedBy&gt;&lt;CreatedOn&gt;2016-12-19T20:49:32&lt;/CreatedOn&gt;&lt;ModifiedBy&gt;System&lt;/ModifiedBy&gt;&lt;ModifiedOn&gt;2016-12-19T20:49:34&lt;/ModifiedOn&gt;&lt;tagName&gt;Data_00&lt;/tagName&gt;&lt;tagTypeID&gt;8&lt;/tagTypeID&gt;&lt;tagGroupID&gt;1&lt;/tagGroupID&gt;&lt;tagFunctionID&gt;4&lt;/tagFunctionID&gt;&lt;COM_typeName&gt;TSend&lt;/COM_typeName&gt;&lt;FNC_typeName&gt;DefDataTable&lt;/FNC_typeName&gt;&lt;OPC_typeName&gt;FLOAT&lt;/OPC_typeName&gt;&lt;unitID&gt;36&lt;/unitID&gt;&lt;lineID&gt;35&lt;/lineID&gt;&lt;nameDefined&gt;Hi\Lo&lt;/nameDefined&gt;&lt;uomDefinedID&gt;24&lt;/uomDefinedID&gt;&lt;UOMName&gt;MM&lt;/UOMName&gt;&lt;UOMDescription&gt;MILIMETERS&lt;/UOMDescription&gt;&lt;serialNumber&gt;FTW2M16000739&lt;/serialNumber&gt;&lt;avrg&gt;0.002575&lt;/avrg&gt;&lt;/Row&gt;&lt;Row&gt;&lt;notifRecordID&gt;116375&lt;/notifRecordID&gt;&lt;notifTagID&gt;123&lt;/notifTagID&gt;&lt;notifTagValue&gt;0.002&lt;/notifTagValue&gt;&lt;recordID&gt;116375&lt;/recordID&gt;&lt;notifName&gt;TransCtr&lt;/notifName&gt;&lt;notifDescription&gt;P558_JENOPTIK&lt;/notifDescription&gt;&lt;CreatedBy&gt;SYSTEM&lt;/CreatedBy&gt;&lt;CreatedOn&gt;2016-12-19T20:51:33&lt;/CreatedOn&gt;&lt;ModifiedBy&gt;System&lt;/ModifiedBy&gt;&lt;ModifiedOn&gt;2016-12-19T20:51:35&lt;/ModifiedOn&gt;&lt;tagName&gt;Data_00&lt;/tagName&gt;&lt;tagTypeID&gt;8&lt;/tagTypeID&gt;&lt;tagGroupID&gt;1&lt;/tagGroupID&gt;&lt;tagFunctionID&gt;4&lt;/tagFunctionID&gt;&lt;COM_typeName&gt;TSend&lt;/COM_typeName&gt;&lt;FNC_typeName&gt;DefDataTable&lt;/FNC_typeName&gt;&lt;OPC_typeName&gt;FLOAT&lt;/OPC_typeName&gt;&lt;unitID&gt;36&lt;/unitID&gt;&lt;lineID&gt;35&lt;/lineID&gt;&lt;nameDefined&gt;Hi\Lo&lt;/nameDefined&gt;&lt;uomDefinedID&gt;24&lt;/uomDefinedID&gt;&lt;UOMName&gt;MM&lt;/UOMName&gt;&lt;UOMDescription&gt;MILIMETERS&lt;/UOMDescription&gt;&lt;serialNumber&gt;FTW2M16000739&lt;/serialNumber&gt;&lt;avrg&gt;0.002575&lt;/avrg&gt;&lt;/Row&gt;&lt;Row&gt;&lt;notifRecordID&gt;116381&lt;/notifRecordID&gt;&lt;notifTagID&gt;123&lt;/notifTagID&gt;&lt;notifTagValue&gt;-0.001&lt;/notifTagValue&gt;&lt;recordID&gt;116381&lt;/recordID&gt;&lt;notifName&gt;TransCtr&lt;/notifName&gt;&lt;notifDescription&gt;P558_JENOPTIK&lt;/notifDescription&gt;&lt;CreatedBy&gt;SYSTEM&lt;/CreatedBy&gt;&lt;CreatedOn&gt;2016-12-19T20:56:12&lt;/CreatedOn&gt;&lt;ModifiedBy&gt;System&lt;/ModifiedBy&gt;&lt;ModifiedOn&gt;2016-12-19T20:56:14&lt;/ModifiedOn&gt;&lt;tagName&gt;Data_00&lt;/tagName&gt;&lt;tagTypeID&gt;8&lt;/tagTypeID&gt;&lt;tagGroupID&gt;1&lt;/tagGroupID&gt;&lt;tagFunctionID&gt;4&lt;/tagFunctionID&gt;&lt;COM_typeName&gt;TSend&lt;/COM_typeName&gt;&lt;FNC_typeName&gt;DefDataTable&lt;/FNC_typeName&gt;&lt;OPC_typeName&gt;FLOAT&lt;/OPC_typeName&gt;&lt;unitID&gt;36&lt;/unitID&gt;&lt;lineID&gt;35&lt;/lineID&gt;&lt;nameDefined&gt;Hi\Lo&lt;/nameDefined&gt;&lt;uomDefinedID&gt;24&lt;/uomDefinedID&gt;&lt;UOMName&gt;MM&lt;/UOMName&gt;&lt;UOMDescription&gt;MILIMETERS&lt;/UOMDescription&gt;&lt;serialNumber&gt;FTW2M1600073a&lt;/serialNumber&gt;&lt;avrg&gt;0.002575&lt;/avrg&gt;&lt;/Row&gt;&lt;Row&gt;&lt;notifRecordID&gt;116384&lt;/notifRecordID&gt;&lt;notifTagID&gt;123&lt;/notifTagID&gt;&lt;notifTagValue&gt;0.005&lt;/notifTagValue&gt;&lt;recordID&gt;116384&lt;/recordID&gt;&lt;notifName&gt;TransCtr&lt;/notifName&gt;&lt;notifDescription&gt;P558_JENOPTIK&lt;/notifDescription&gt;&lt;CreatedBy&gt;SYSTEM&lt;/CreatedBy&gt;&lt;CreatedOn&gt;2016-12-19T20:59:36&lt;/CreatedOn&gt;&lt;ModifiedBy&gt;System&lt;/ModifiedBy&gt;&lt;ModifiedOn&gt;2016-12-19T20:59:38&lt;/ModifiedOn&gt;&lt;tagName&gt;Data_00&lt;/tagName&gt;&lt;tagTypeID&gt;8&lt;/tagTypeID&gt;&lt;tagGroupID&gt;1&lt;/tagGroupID&gt;&lt;tagFunctionID&gt;4&lt;/tagFunctionID&gt;&lt;COM_typeName&gt;TSend&lt;/COM_typeName&gt;&lt;FNC_typeName&gt;DefDataTable&lt;/FNC_typeName&gt;&lt;OPC_typeName&gt;FLOAT&lt;/OPC_typeName&gt;&lt;unitID&gt;36&lt;/unitID&gt;&lt;lineID&gt;35&lt;/lineID&gt;&lt;nameDefined&gt;Hi\Lo&lt;/nameDefined&gt;&lt;uomDefinedID&gt;24&lt;/uomDefinedID&gt;&lt;UOMName&gt;MM&lt;/UOMName&gt;&lt;UOMDescription&gt;MILIMETERS&lt;/UOMDescription&gt;&lt;serialNumber&gt;FTW3M16000axp&lt;/serialNumber&gt;&lt;avrg&gt;0.002575&lt;/avrg&gt;&lt;/Row&gt;&lt;Row&gt;&lt;notifRecordID&gt;116390&lt;/notifRecordID&gt;&lt;notifTagID&gt;123&lt;/notifTagID&gt;&lt;notifTagValue&gt;0.001&lt;/notifTagValue&gt;&lt;recordID&gt;116390&lt;/recordID&gt;&lt;notifName&gt;TransCtr&lt;/notifName&gt;&lt;notifDescription&gt;P558_JENOPTIK&lt;/notifDescription&gt;&lt;CreatedBy&gt;SYSTEM&lt;/CreatedBy&gt;&lt;CreatedOn&gt;2016-12-19T21:03:35&lt;/CreatedOn&gt;&lt;ModifiedBy&gt;System&lt;/ModifiedBy&gt;&lt;ModifiedOn&gt;2016-12-19T21:03:37&lt;/ModifiedOn&gt;&lt;tagName&gt;Data_00&lt;/tagName&gt;&lt;tagTypeID&gt;8&lt;/tagTypeID&gt;&lt;tagGroupID&gt;1&lt;/tagGroupID&gt;&lt;tagFunctionID&gt;4&lt;/tagFunctionID&gt;&lt;COM_typeName&gt;TSend&lt;/COM_typeName&gt;&lt;FNC_typeName&gt;DefDataTable&lt;/FNC_typeName&gt;&lt;OPC_typeName&gt;FLOAT&lt;/OPC_typeName&gt;&lt;unitID&gt;36&lt;/unitID&gt;&lt;lineID&gt;35&lt;/lineID&gt;&lt;nameDefined&gt;Hi\Lo&lt;/nameDefined&gt;&lt;uomDefinedID&gt;24&lt;/uomDefinedID&gt;&lt;UOMName&gt;MM&lt;/UOMName&gt;&lt;UOMDescription&gt;MILIMETERS&lt;/UOMDescription&gt;&lt;serialNumber&gt;FTW3M16000axr&lt;/serialNumber&gt;&lt;avrg&gt;0.002575&lt;/avrg&gt;&lt;/Row&gt;&lt;Row&gt;&lt;notifRecordID&gt;116394&lt;/notifRecordID&gt;&lt;notifTagID&gt;123&lt;/notifTagID&gt;&lt;notifTagValue&gt;-0.001&lt;/notifTagValue&gt;&lt;recordID&gt;116394&lt;/recordID&gt;&lt;notifName&gt;TransCtr&lt;/notifName&gt;&lt;notifDescription&gt;P558_JENOPTIK&lt;/notifDescription&gt;&lt;CreatedBy&gt;SYSTEM&lt;/CreatedBy&gt;&lt;CreatedOn&gt;2016-12-19T21:09:10&lt;/CreatedOn&gt;&lt;ModifiedBy&gt;System&lt;/ModifiedBy&gt;&lt;ModifiedOn&gt;2016-12-19T21:09:12&lt;/ModifiedOn&gt;&lt;tagName&gt;Data_00&lt;/tagName&gt;&lt;tagTypeID&gt;8&lt;/tagTypeID&gt;&lt;tagGroupID&gt;1&lt;/tagGroupID&gt;&lt;tagFunctionID&gt;4&lt;/tagFunctionID&gt;&lt;COM_typeName&gt;TSend&lt;/COM_typeName&gt;&lt;FNC_typeName&gt;DefDataTable&lt;/FNC_typeName&gt;&lt;OPC_typeName&gt;FLOAT&lt;/OPC_typeName&gt;&lt;unitID&gt;36&lt;/unitID&gt;&lt;lineID&gt;35&lt;/lineID&gt;&lt;nameDefined&gt;Hi\Lo&lt;/nameDefined&gt;&lt;uomDefinedID&gt;24&lt;/uomDefinedID&gt;&lt;UOMName&gt;MM&lt;/UOMName&gt;&lt;UOMDescription&gt;MILIMETERS&lt;/UOMDescription&gt;&lt;serialNumber&gt;FTW2M1600073b&lt;/serialNumber&gt;&lt;avrg&gt;0.002575&lt;/avrg&gt;&lt;/Row&gt;&lt;Row&gt;&lt;notifRecordID&gt;116396&lt;/notifRecordID&gt;&lt;notifTagID&gt;123&lt;/notifTagID&gt;&lt;notifTagValue&gt;-0.013&lt;/notifTagValue&gt;&lt;recordID&gt;116396&lt;/recordID&gt;&lt;notifName&gt;TransCtr&lt;/notifName&gt;&lt;notifDescription&gt;P558_JENOPTIK&lt;/notifDescription&gt;&lt;CreatedBy&gt;SYSTEM&lt;/CreatedBy&gt;&lt;CreatedOn&gt;2016-12-19T21:11:27&lt;/CreatedOn&gt;&lt;ModifiedBy&gt;System&lt;/ModifiedBy&gt;&lt;ModifiedOn&gt;2016-12-19T21:11:29&lt;/ModifiedOn&gt;&lt;tagName&gt;Data_00&lt;/tagName&gt;&lt;tagTypeID&gt;8&lt;/tagTypeID&gt;&lt;tagGroupID&gt;1&lt;/tagGroupID&gt;&lt;tagFunctionID&gt;4&lt;/tagFunctionID&gt;&lt;COM_typeName&gt;TSend&lt;/COM_typeName&gt;&lt;FNC_typeName&gt;DefDataTable&lt;/FNC_typeName&gt;&lt;OPC_typeName&gt;FLOAT&lt;/OPC_typeName&gt;&lt;unitID&gt;36&lt;/unitID&gt;&lt;lineID&gt;35&lt;/lineID&gt;&lt;nameDefined&gt;Hi\Lo&lt;/nameDefined&gt;&lt;uomDefinedID&gt;24&lt;/uomDefinedID&gt;&lt;UOMName&gt;MM&lt;/UOMName&gt;&lt;UOMDescription&gt;MILIMETERS&lt;/UOMDescription&gt;&lt;serialNumber&gt;FTW3M16000axq&lt;/serialNumber&gt;&lt;avrg&gt;0.002575&lt;/avrg&gt;&lt;/Row&gt;&lt;Row&gt;&lt;notifRecordID&gt;116400&lt;/notifRecordID&gt;&lt;notifTagID&gt;123&lt;/notifTagID&gt;&lt;notifTagValue&gt;-0.013&lt;/notifTagValue&gt;&lt;recordID&gt;116400&lt;/recordID&gt;&lt;notifName&gt;TransCtr&lt;/notifName&gt;&lt;notifDescription&gt;P558_JENOPTIK&lt;/notifDescription&gt;&lt;CreatedBy&gt;SYSTEM&lt;/CreatedBy&gt;&lt;CreatedOn&gt;2016-12-19T21:14:23&lt;/CreatedOn&gt;&lt;ModifiedBy&gt;System&lt;/ModifiedBy&gt;&lt;ModifiedOn&gt;2016-12-19T21:14:25&lt;/ModifiedOn&gt;&lt;tagName&gt;Data_00&lt;/tagName&gt;&lt;tagTypeID&gt;8&lt;/tagTypeID&gt;&lt;tagGroupID&gt;1&lt;/tagGroupID&gt;&lt;tagFunctionID&gt;4&lt;/tagFunctionID&gt;&lt;COM_typeName&gt;TSend&lt;/COM_typeName&gt;&lt;FNC_typeName&gt;DefDataTable&lt;/FNC_typeName&gt;&lt;OPC_typeName&gt;FLOAT&lt;/OPC_typeName&gt;&lt;unitID&gt;36&lt;/unitID&gt;&lt;lineID&gt;35&lt;/lineID&gt;&lt;nameDefined&gt;Hi\Lo&lt;/nameDefined&gt;&lt;uomDefinedID&gt;24&lt;/uomDefinedID&gt;&lt;UOMName&gt;MM&lt;/UOMName&gt;&lt;UOMDescription&gt;MILIMETERS&lt;/UOMDescription&gt;&lt;serialNumber&gt;FTW3M16000axq&lt;/serialNumber&gt;&lt;avrg&gt;0.002575&lt;/avrg&gt;&lt;/Row&gt;&lt;Row&gt;&lt;notifRecordID&gt;116403&lt;/notifRecordID&gt;&lt;notifTagID&gt;123&lt;/notifTagID&gt;&lt;notifTagValue&gt;-0.013&lt;/notifTagValue&gt;&lt;recordID&gt;116403&lt;/recordID&gt;&lt;notifName&gt;TransCtr&lt;/notifName&gt;&lt;notifDescription&gt;P558_JENOPTIK&lt;/notifDescription&gt;&lt;CreatedBy&gt;SYSTEM&lt;/CreatedBy&gt;&lt;CreatedOn&gt;2016-12-19T21:16:31&lt;/CreatedOn&gt;&lt;ModifiedBy&gt;System&lt;/ModifiedBy&gt;&lt;ModifiedOn&gt;2016-12-19T21:16:33&lt;/ModifiedOn&gt;&lt;tagName&gt;Data_00&lt;/tagName&gt;&lt;tagTypeID&gt;8&lt;/tagTypeID&gt;&lt;tagGroupID&gt;1&lt;/tagGroupID&gt;&lt;tagFunctionID&gt;4&lt;/tagFunctionID&gt;&lt;COM_typeName&gt;TSend&lt;/COM_typeName&gt;&lt;FNC_typeName&gt;DefDataTable&lt;/FNC_typeName&gt;&lt;OPC_typeName&gt;FLOAT&lt;/OPC_typeName&gt;&lt;unitID&gt;36&lt;/unitID&gt;&lt;lineID&gt;35&lt;/lineID&gt;&lt;nameDefined&gt;Hi\Lo&lt;/nameDefined&gt;&lt;uomDefinedID&gt;24&lt;/uomDefinedID&gt;&lt;UOMName&gt;MM&lt;/UOMName&gt;&lt;UOMDescription&gt;MILIMETERS&lt;/UOMDescription&gt;&lt;serialNumber&gt;FTW3M16000axq&lt;/serialNumber&gt;&lt;avrg&gt;0.002575&lt;/avrg&gt;&lt;/Row&gt;&lt;Row&gt;&lt;notifRecordID&gt;116407&lt;/notifRecordID&gt;&lt;notifTagID&gt;123&lt;/notifTagID&gt;&lt;notifTagValue&gt;0.006&lt;/notifTagValue&gt;&lt;recordID&gt;116407&lt;/recordID&gt;&lt;notifName&gt;TransCtr&lt;/notifName&gt;&lt;notifDescription&gt;P558_JENOPTIK&lt;/notifDescription&gt;&lt;CreatedBy&gt;SYSTEM&lt;/CreatedBy&gt;&lt;CreatedOn&gt;2016-12-19T21:20:49&lt;/CreatedOn&gt;&lt;ModifiedBy&gt;System&lt;/ModifiedBy&gt;&lt;ModifiedOn&gt;2016-12-19T21:20:50&lt;/ModifiedOn&gt;&lt;tagName&gt;Data_00&lt;/tagName&gt;&lt;tagTypeID&gt;8&lt;/tagTypeID&gt;&lt;tagGroupID&gt;1&lt;/tagGroupID&gt;&lt;tagFunctionID&gt;4&lt;/tagFunctionID&gt;&lt;COM_typeName&gt;TSend&lt;/COM_typeName&gt;&lt;FNC_typeName&gt;DefDataTable&lt;/FNC_typeName&gt;&lt;OPC_typeName&gt;FLOAT&lt;/OPC_typeName&gt;&lt;unitID&gt;36&lt;/unitID&gt;&lt;lineID&gt;35&lt;/lineID&gt;&lt;nameDefined&gt;Hi\Lo&lt;/nameDefined&gt;&lt;uomDefinedID&gt;24&lt;/uomDefinedID&gt;&lt;UOMName&gt;MM&lt;/UOMName&gt;&lt;UOMDescription&gt;MILIMETERS&lt;/UOMDescription&gt;&lt;serialNumber&gt;FTW2M1600073c&lt;/serialNumber&gt;&lt;avrg&gt;0.002575&lt;/avrg&gt;&lt;/Row&gt;&lt;Row&gt;&lt;notifRecordID&gt;116415&lt;/notifRecordID&gt;&lt;notifTagID&gt;123&lt;/notifTagID&gt;&lt;notifTagValue&gt;0.005&lt;/notifTagValue&gt;&lt;recordID&gt;116415&lt;/recordID&gt;&lt;notifName&gt;TransCtr&lt;/notifName&gt;&lt;notifDescription&gt;P558_JENOPTIK&lt;/notifDescription&gt;&lt;CreatedBy&gt;SYSTEM&lt;/CreatedBy&gt;&lt;CreatedOn&gt;2016-12-19T21:30:01&lt;/CreatedOn&gt;&lt;ModifiedBy&gt;System&lt;/ModifiedBy&gt;&lt;ModifiedOn&gt;2016-12-19T21:30:03&lt;/ModifiedOn&gt;&lt;tagName&gt;Data_00&lt;/tagName&gt;&lt;tagTypeID&gt;8&lt;/tagTypeID&gt;&lt;tagGroupID&gt;1&lt;/tagGroupID&gt;&lt;tagFunctionID&gt;4&lt;/tagFunctionID&gt;&lt;COM_typeName&gt;TSend&lt;/COM_typeName&gt;&lt;FNC_typeName&gt;DefDataTable&lt;/FNC_typeName&gt;&lt;OPC_typeName&gt;FLOAT&lt;/OPC_typeName&gt;&lt;unitID&gt;36&lt;/unitID&gt;&lt;lineID&gt;35&lt;/lineID&gt;&lt;nameDefined&gt;Hi\Lo&lt;/nameDefined&gt;&lt;uomDefinedID&gt;24&lt;/uomDefinedID&gt;&lt;UOMName&gt;MM&lt;/UOMName&gt;&lt;UOMDescription&gt;MILIMETERS&lt;/UOMDescription&gt;&lt;serialNumber&gt;FTW3M16000axs&lt;/serialNumber&gt;&lt;avrg&gt;0.002575&lt;/avrg&gt;&lt;/Row&gt;&lt;Row&gt;&lt;notifRecordID&gt;116419&lt;/notifRecordID&gt;&lt;notifTagID&gt;123&lt;/notifTagID&gt;&lt;notifTagValue&gt;-0.003&lt;/notifTagValue&gt;&lt;recordID&gt;116419&lt;/recordID&gt;&lt;notifName&gt;TransCtr&lt;/notifName&gt;&lt;notifDescription&gt;P558_JENOPTIK&lt;/notifDescription&gt;&lt;CreatedBy&gt;SYSTEM&lt;/CreatedBy&gt;&lt;CreatedOn&gt;2016-12-19T21:37:07&lt;/CreatedOn&gt;&lt;ModifiedBy&gt;System&lt;/ModifiedBy&gt;&lt;ModifiedOn&gt;2016-12-19T21:37:09&lt;/ModifiedOn&gt;&lt;tagName&gt;Data_00&lt;/tagName&gt;&lt;tagTypeID&gt;8&lt;/tagTypeID&gt;&lt;tagGroupID&gt;1&lt;/tagGroupID&gt;&lt;tagFunctionID&gt;4&lt;/tagFunctionID&gt;&lt;COM_typeName&gt;TSend&lt;/COM_typeName&gt;&lt;FNC_typeName&gt;DefDataTable&lt;/FNC_typeName&gt;&lt;OPC_typeName&gt;FLOAT&lt;/OPC_typeName&gt;&lt;unitID&gt;36&lt;/unitID&gt;&lt;lineID&gt;35&lt;/lineID&gt;&lt;nameDefined&gt;Hi\Lo&lt;/nameDefined&gt;&lt;uomDefinedID&gt;24&lt;/uomDefinedID&gt;&lt;UOMName&gt;MM&lt;/UOMName&gt;&lt;UOMDescription&gt;MILIMETERS&lt;/UOMDescription&gt;&lt;serialNumber&gt;FTW2M1600073d&lt;/serialNumber&gt;&lt;avrg&gt;0.002575&lt;/avrg&gt;&lt;/Row&gt;&lt;Row&gt;&lt;notifRecordID&gt;116426&lt;/notifRecordID&gt;&lt;notifTagID&gt;123&lt;/notifTagID&gt;&lt;notifTagValue&gt;-0.014&lt;/notifTagValue&gt;&lt;recordID&gt;116426&lt;/recordID&gt;&lt;notifName&gt;TransCtr&lt;/notifName&gt;&lt;notifDescription&gt;P558_JENOPTIK&lt;/notifDescription&gt;&lt;CreatedBy&gt;SYSTEM&lt;/CreatedBy&gt;&lt;CreatedOn&gt;2016-12-19T21:44:05&lt;/CreatedOn&gt;&lt;ModifiedBy&gt;System&lt;/ModifiedBy&gt;&lt;ModifiedOn&gt;2016-12-19T21:44:07&lt;/ModifiedOn&gt;&lt;tagName&gt;Data_00&lt;/tagName&gt;&lt;tagTypeID&gt;8&lt;/tagTypeID&gt;&lt;tagGroupID&gt;1&lt;/tagGroupID&gt;&lt;tagFunctionID&gt;4&lt;/tagFunctionID&gt;&lt;COM_typeName&gt;TSend&lt;/COM_typeName&gt;&lt;FNC_typeName&gt;DefDataTable&lt;/FNC_typeName&gt;&lt;OPC_typeName&gt;FLOAT&lt;/OPC_typeName&gt;&lt;unitID&gt;36&lt;/unitID&gt;&lt;lineID&gt;35&lt;/lineID&gt;&lt;nameDefined&gt;Hi\Lo&lt;/nameDefined&gt;&lt;uomDefinedID&gt;24&lt;/uomDefinedID&gt;&lt;UOMName&gt;MM&lt;/UOMName&gt;&lt;UOMDescription&gt;MILIMETERS&lt;/UOMDescription&gt;&lt;serialNumber&gt;FTW3M16000axu&lt;/serialNumber&gt;&lt;avrg&gt;0.002575&lt;/avrg&gt;&lt;/Row&gt;&lt;Row&gt;&lt;notifRecordID&gt;116429&lt;/notifRecordID&gt;&lt;notifTagID&gt;123&lt;/notifTagID&gt;&lt;notifTagValue&gt;0.003&lt;/notifTagValue&gt;&lt;recordID&gt;116429&lt;/recordID&gt;&lt;notifName&gt;TransCtr&lt;/notifName&gt;&lt;notifDescription&gt;P558_JENOPTIK&lt;/notifDescription&gt;&lt;CreatedBy&gt;SYSTEM&lt;/CreatedBy&gt;&lt;CreatedOn&gt;2016-12-19T21:46:32&lt;/CreatedOn&gt;&lt;ModifiedBy&gt;System&lt;/ModifiedBy&gt;&lt;ModifiedOn&gt;2016-12-19T21:46:34&lt;/ModifiedOn&gt;&lt;tagName&gt;Data_00&lt;/tagName&gt;&lt;tagTypeID&gt;8&lt;/tagTypeID&gt;&lt;tagGroupID&gt;1&lt;/tagGroupID&gt;&lt;tagFunctionID&gt;4&lt;/tagFunctionID&gt;&lt;COM_typeName&gt;TSend&lt;/COM_typeName&gt;&lt;FNC_typeName&gt;DefDataTable&lt;/FNC_typeName&gt;&lt;OPC_typeName&gt;FLOAT&lt;/OPC_typeName&gt;&lt;unitID&gt;36&lt;/unitID&gt;&lt;lineID&gt;35&lt;/lineID&gt;&lt;nameDefined&gt;Hi\Lo&lt;/nameDefined&gt;&lt;uomDefinedID&gt;24&lt;/uomDefinedID&gt;&lt;UOMName&gt;MM&lt;/UOMName&gt;&lt;UOMDescription&gt;MILIMETERS&lt;/UOMDescription&gt;&lt;serialNumber&gt;FTW3M16000axt&lt;/serialNumber&gt;&lt;avrg&gt;0.002575&lt;/avrg&gt;&lt;/Row&gt;&lt;Row&gt;&lt;notifRecordID&gt;116431&lt;/notifRecordID&gt;&lt;notifTagID&gt;123&lt;/notifTagID&gt;&lt;notifTagValue&gt;0.004&lt;/notifTagValue&gt;&lt;recordID&gt;116431&lt;/recordID&gt;&lt;notifName&gt;TransCtr&lt;/notifName&gt;&lt;notifDescription&gt;P558_JENOPTIK&lt;/notifDescription&gt;&lt;CreatedBy&gt;SYSTEM&lt;/CreatedBy&gt;&lt;CreatedOn&gt;2016-12-19T21:49:02&lt;/CreatedOn&gt;&lt;ModifiedBy&gt;System&lt;/ModifiedBy&gt;&lt;ModifiedOn&gt;2016-12-19T21:49:04&lt;/ModifiedOn&gt;&lt;tagName&gt;Data_00&lt;/tagName&gt;&lt;tagTypeID&gt;8&lt;/tagTypeID&gt;&lt;tagGroupID&gt;1&lt;/tagGroupID&gt;&lt;tagFunctionID&gt;4&lt;/tagFunctionID&gt;&lt;COM_typeName&gt;TSend&lt;/COM_typeName&gt;&lt;FNC_typeName&gt;DefDataTable&lt;/FNC_typeName&gt;&lt;OPC_typeName&gt;FLOAT&lt;/OPC_typeName&gt;&lt;unitID&gt;36&lt;/unitID&gt;&lt;lineID&gt;35&lt;/lineID&gt;&lt;nameDefined&gt;Hi\Lo&lt;/nameDefined&gt;&lt;uomDefinedID&gt;24&lt;/uomDefinedID&gt;&lt;UOMName&gt;MM&lt;/UOMName&gt;&lt;UOMDescription&gt;MILIMETERS&lt;/UOMDescription&gt;&lt;serialNumber&gt;FTW2M1600073e&lt;/serialNumber&gt;&lt;avrg&gt;0.002575&lt;/avrg&gt;&lt;/Row&gt;&lt;Row&gt;&lt;notifRecordID&gt;116433&lt;/notifRecordID&gt;&lt;notifTagID&gt;123&lt;/notifTagID&gt;&lt;notifTagValue&gt;0.005&lt;/notifTagValue&gt;&lt;recordID&gt;116433&lt;/recordID&gt;&lt;notifName&gt;TransCtr&lt;/notifName&gt;&lt;notifDescription&gt;P558_JENOPTIK&lt;/notifDescription&gt;&lt;CreatedBy&gt;SYSTEM&lt;/CreatedBy&gt;&lt;CreatedOn&gt;2016-12-19T21:49:59&lt;/CreatedOn&gt;&lt;ModifiedBy&gt;System&lt;/ModifiedBy&gt;&lt;ModifiedOn&gt;2016-12-19T21:50:01&lt;/ModifiedOn&gt;&lt;tagName&gt;Data_00&lt;/tagName&gt;&lt;tagTypeID&gt;8&lt;/tagTypeID&gt;&lt;tagGroupID&gt;1&lt;/tagGroupID&gt;&lt;tagFunctionID&gt;4&lt;/tagFunctionID&gt;&lt;COM_typeName&gt;TSend&lt;/COM_typeName&gt;&lt;FNC_typeName&gt;DefDataTable&lt;/FNC_typeName&gt;&lt;OPC_typeName&gt;FLOAT&lt;/OPC_typeName&gt;&lt;unitID&gt;36&lt;/unitID&gt;&lt;lineID&gt;35&lt;/lineID&gt;&lt;nameDefined&gt;Hi\Lo&lt;/nameDefined&gt;&lt;uomDefinedID&gt;24&lt;/uomDefinedID&gt;&lt;UOMName&gt;MM&lt;/UOMName&gt;&lt;UOMDescription&gt;MILIMETERS&lt;/UOMDescription&gt;&lt;serialNumber&gt;FTW2M1600073e&lt;/serialNumber&gt;&lt;avrg&gt;0.002575&lt;/avrg&gt;&lt;/Row&gt;&lt;Row&gt;&lt;notifRecordID&gt;116441&lt;/notifRecordID&gt;&lt;notifTagID&gt;123&lt;/notifTagID&gt;&lt;notifTagValue&gt;0.004&lt;/notifTagValue&gt;&lt;recordID&gt;116441&lt;/recordID&gt;&lt;notifName&gt;TransCtr&lt;/notifName&gt;&lt;notifDescription&gt;P558_JENOPTIK&lt;/notifDescription&gt;&lt;CreatedBy&gt;SYSTEM&lt;/CreatedBy&gt;&lt;CreatedOn&gt;2016-12-19T22:01:47&lt;/CreatedOn&gt;&lt;ModifiedBy&gt;System&lt;/ModifiedBy&gt;&lt;ModifiedOn&gt;2016-12-19T22:01:49&lt;/ModifiedOn&gt;&lt;tagName&gt;Data_00&lt;/tagName&gt;&lt;tagTypeID&gt;8&lt;/tagTypeID&gt;&lt;tagGroupID&gt;1&lt;/tagGroupID&gt;&lt;tagFunctionID&gt;4&lt;/tagFunctionID&gt;&lt;COM_typeName&gt;TSend&lt;/COM_typeName&gt;&lt;FNC_typeName&gt;DefDataTable&lt;/FNC_typeName&gt;&lt;OPC_typeName&gt;FLOAT&lt;/OPC_typeName&gt;&lt;unitID&gt;36&lt;/unitID&gt;&lt;lineID&gt;35&lt;/lineID&gt;&lt;nameDefined&gt;Hi\Lo&lt;/nameDefined&gt;&lt;uomDefinedID&gt;24&lt;/uomDefinedID&gt;&lt;UOMName&gt;MM&lt;/UOMName&gt;&lt;UOMDescription&gt;MILIMETERS&lt;/UOMDescription&gt;&lt;serialNumber&gt;FTW3M16000axv&lt;/serialNumber&gt;&lt;avrg&gt;0.002575&lt;/avrg&gt;&lt;/Row&gt;&lt;Row&gt;&lt;notifRecordID&gt;116445&lt;/notifRecordID&gt;&lt;notifTagID&gt;123&lt;/notifTagID&gt;&lt;notifTagValue&gt;0.0&lt;/notifTagValue&gt;&lt;recordID&gt;116445&lt;/recordID&gt;&lt;notifName&gt;TransCtr&lt;/notifName&gt;&lt;notifDescription&gt;P558_JENOPTIK&lt;/notifDescription&gt;&lt;CreatedBy&gt;SYSTEM&lt;/CreatedBy&gt;&lt;CreatedOn&gt;2016-12-19T22:03:54&lt;/CreatedOn&gt;&lt;ModifiedBy&gt;System&lt;/ModifiedBy&gt;&lt;ModifiedOn&gt;2016-12-19T22:03:56&lt;/ModifiedOn&gt;&lt;tagName&gt;Data_00&lt;/tagName&gt;&lt;tagTypeID&gt;8&lt;/tagTypeID&gt;&lt;tagGroupID&gt;1&lt;/tagGroupID&gt;&lt;tagFunctionID&gt;4&lt;/tagFunctionID&gt;&lt;COM_typeName&gt;TSend&lt;/COM_typeName&gt;&lt;FNC_typeName&gt;DefDataTable&lt;/FNC_typeName&gt;&lt;OPC_typeName&gt;FLOAT&lt;/OPC_typeName&gt;&lt;unitID&gt;36&lt;/unitID&gt;&lt;lineID&gt;35&lt;/lineID&gt;&lt;nameDefined&gt;Hi\Lo&lt;/nameDefined&gt;&lt;uomDefinedID&gt;24&lt;/uomDefinedID&gt;&lt;UOMName&gt;MM&lt;/UOMName&gt;&lt;UOMDescription&gt;MILIMETERS&lt;/UOMDescription&gt;&lt;serialNumber&gt;FTW2M1600073f&lt;/serialNumber&gt;&lt;avrg&gt;0.002575&lt;/avrg&gt;&lt;/Row&gt;&lt;Row&gt;&lt;notifRecordID&gt;116448&lt;/notifRecordID&gt;&lt;notifTagID&gt;123&lt;/notifTagID&gt;&lt;notifTagValue&gt;-0.012&lt;/notifTagValue&gt;&lt;recordID&gt;116448&lt;/recordID&gt;&lt;notifName&gt;TransCtr&lt;/notifName&gt;&lt;notifDescription&gt;P558_JENOPTIK&lt;/notifDescription&gt;&lt;CreatedBy&gt;SYSTEM&lt;/CreatedBy&gt;&lt;CreatedOn&gt;2016-12-19T22:05:39&lt;/CreatedOn&gt;&lt;ModifiedBy&gt;System&lt;/ModifiedBy&gt;&lt;ModifiedOn&gt;2016-12-19T22:05:41&lt;/ModifiedOn&gt;&lt;tagName&gt;Data_00&lt;/tagName&gt;&lt;tagTypeID&gt;8&lt;/tagTypeID&gt;&lt;tagGroupID&gt;1&lt;/tagGroupID&gt;&lt;tagFunctionID&gt;4&lt;/tagFunctionID&gt;&lt;COM_typeName&gt;TSend&lt;/COM_typeName&gt;&lt;FNC_typeName&gt;DefDataTable&lt;/FNC_typeName&gt;&lt;OPC_typeName&gt;FLOAT&lt;/OPC_typeName&gt;&lt;unitID&gt;36&lt;/unitID&gt;&lt;lineID&gt;35&lt;/lineID&gt;&lt;nameDefined&gt;Hi\Lo&lt;/nameDefined&gt;&lt;uomDefinedID&gt;24&lt;/uomDefinedID&gt;&lt;UOMName&gt;MM&lt;/UOMName&gt;&lt;UOMDescription&gt;MILIMETERS&lt;/UOMDescription&gt;&lt;serialNumber&gt;FTW3M16000axw&lt;/serialNumber&gt;&lt;avrg&gt;0.002575&lt;/avrg&gt;&lt;/Row&gt;&lt;Row&gt;&lt;notifRecordID&gt;116451&lt;/notifRecordID&gt;&lt;notifTagID&gt;123&lt;/notifTagID&gt;&lt;notifTagValue&gt;-0.006&lt;/notifTagValue&gt;&lt;recordID&gt;116451&lt;/recordID&gt;&lt;notifName&gt;TransCtr&lt;/notifName&gt;&lt;notifDescription&gt;P558_JENOPTIK&lt;/notifDescription&gt;&lt;CreatedBy&gt;SYSTEM&lt;/CreatedBy&gt;&lt;CreatedOn&gt;2016-12-19T22:07:39&lt;/CreatedOn&gt;&lt;ModifiedBy&gt;System&lt;/ModifiedBy&gt;&lt;ModifiedOn&gt;2016-12-19T22:07:40&lt;/ModifiedOn&gt;&lt;tagName&gt;Data_00&lt;/tagName&gt;&lt;tagTypeID&gt;8&lt;/tagTypeID&gt;&lt;tagGroupID&gt;1&lt;/tagGroupID&gt;&lt;tagFunctionID&gt;4&lt;/tagFunctionID&gt;&lt;COM_typeName&gt;TSend&lt;/COM_typeName&gt;&lt;FNC_typeName&gt;DefDataTable&lt;/FNC_typeName&gt;&lt;OPC_typeName&gt;FLOAT&lt;/OPC_typeName&gt;&lt;unitID&gt;36&lt;/unitID&gt;&lt;lineID&gt;35&lt;/lineID&gt;&lt;nameDefined&gt;Hi\Lo&lt;/nameDefined&gt;&lt;uomDefinedID&gt;24&lt;/uomDefinedID&gt;&lt;UOMName&gt;MM&lt;/UOMName&gt;&lt;UOMDescription&gt;MILIMETERS&lt;/UOMDescription&gt;&lt;serialNumber&gt;FTW2M1600073g&lt;/serialNumber&gt;&lt;avrg&gt;0.002575&lt;/avrg&gt;&lt;/Row&gt;&lt;Row&gt;&lt;notifRecordID&gt;116453&lt;/notifRecordID&gt;&lt;notifTagID&gt;123&lt;/notifTagID&gt;&lt;notifTagValue&gt;0.004&lt;/notifTagValue&gt;&lt;recordID&gt;116453&lt;/recordID&gt;&lt;notifName&gt;TransCtr&lt;/notifName&gt;&lt;notifDescription&gt;P558_JENOPTIK&lt;/notifDescription&gt;&lt;CreatedBy&gt;SYSTEM&lt;/CreatedBy&gt;&lt;CreatedOn&gt;2016-12-19T22:09:36&lt;/CreatedOn&gt;&lt;ModifiedBy&gt;System&lt;/ModifiedBy&gt;&lt;ModifiedOn&gt;2016-12-19T22:09:38&lt;/ModifiedOn&gt;&lt;tagName&gt;Data_00&lt;/tagName&gt;&lt;tagTypeID&gt;8&lt;/tagTypeID&gt;&lt;tagGroupID&gt;1&lt;/tagGroupID&gt;&lt;tagFunctionID&gt;4&lt;/tagFunctionID&gt;&lt;COM_typeName&gt;TSend&lt;/COM_typeName&gt;&lt;FNC_typeName&gt;DefDataTable&lt;/FNC_typeName&gt;&lt;OPC_typeName&gt;FLOAT&lt;/OPC_typeName&gt;&lt;unitID&gt;36&lt;/unitID&gt;&lt;lineID&gt;35&lt;/lineID&gt;&lt;nameDefined&gt;Hi\Lo&lt;/nameDefined&gt;&lt;uomDefinedID&gt;24&lt;/uomDefinedID&gt;&lt;UOMName&gt;MM&lt;/UOMName&gt;&lt;UOMDescription&gt;MILIMETERS&lt;/UOMDescription&gt;&lt;serialNumber&gt;FTW3M16000axx&lt;/serialNumber&gt;&lt;avrg&gt;0.002575&lt;/avrg&gt;&lt;/Row&gt;&lt;Row&gt;&lt;notifRecordID&gt;116456&lt;/notifRecordID&gt;&lt;notifTagID&gt;123&lt;/notifTagID&gt;&lt;notifTagValue&gt;-0.013&lt;/notifTagValue&gt;&lt;recordID&gt;116456&lt;/recordID&gt;&lt;notifName&gt;TransCtr&lt;/notifName&gt;&lt;notifDescription&gt;P558_JENOPTIK&lt;/notifDescription&gt;&lt;CreatedBy&gt;SYSTEM&lt;/CreatedBy&gt;&lt;CreatedOn&gt;2016-12-19T22:10:53&lt;/CreatedOn&gt;&lt;ModifiedBy&gt;System&lt;/ModifiedBy&gt;&lt;ModifiedOn&gt;2016-12-19T22:10:55&lt;/ModifiedOn&gt;&lt;tagName&gt;Data_00&lt;/tagName&gt;&lt;tagTypeID&gt;8&lt;/tagTypeID&gt;&lt;tagGroupID&gt;1&lt;/tagGroupID&gt;&lt;tagFunctionID&gt;4&lt;/tagFunctionID&gt;&lt;COM_typeName&gt;TSend&lt;/COM_typeName&gt;&lt;FNC_typeName&gt;DefDataTable&lt;/FNC_typeName&gt;&lt;OPC_typeName&gt;FLOAT&lt;/OPC_typeName&gt;&lt;unitID&gt;36&lt;/unitID&gt;&lt;lineID&gt;35&lt;/lineID&gt;&lt;nameDefined&gt;Hi\Lo&lt;/nameDefined&gt;&lt;uomDefinedID&gt;24&lt;/uomDefinedID&gt;&lt;UOMName&gt;MM&lt;/UOMName&gt;&lt;UOMDescription&gt;MILIMETERS&lt;/UOMDescription&gt;&lt;serialNumber&gt;FTW3M16000axq&lt;/serialNumber&gt;&lt;avrg&gt;0.002575&lt;/avrg&gt;&lt;/Row&gt;&lt;Row&gt;&lt;notifRecordID&gt;116460&lt;/notifRecordID&gt;&lt;notifTagID&gt;123&lt;/notifTagID&gt;&lt;notifTagValue&gt;0.005&lt;/notifTagValue&gt;&lt;recordID&gt;116460&lt;/recordID&gt;&lt;notifName&gt;TransCtr&lt;/notifName&gt;&lt;notifDescription&gt;P558_JENOPTIK&lt;/notifDescription&gt;&lt;CreatedBy&gt;SYSTEM&lt;/CreatedBy&gt;&lt;CreatedOn&gt;2016-12-19T22:14:12&lt;/CreatedOn&gt;&lt;ModifiedBy&gt;System&lt;/ModifiedBy&gt;&lt;ModifiedOn&gt;2016-12-19T22:14:14&lt;/ModifiedOn&gt;&lt;tagName&gt;Data_00&lt;/tagName&gt;&lt;tagTypeID&gt;8&lt;/tagTypeID&gt;&lt;tagGroupID&gt;1&lt;/tagGroupID&gt;&lt;tagFunctionID&gt;4&lt;/tagFunctionID&gt;&lt;COM_typeName&gt;TSend&lt;/COM_typeName&gt;&lt;FNC_typeName&gt;DefDataTable&lt;/FNC_typeName&gt;&lt;OPC_typeName&gt;FLOAT&lt;/OPC_typeName&gt;&lt;unitID&gt;36&lt;/unitID&gt;&lt;lineID&gt;35&lt;/lineID&gt;&lt;nameDefined&gt;Hi\Lo&lt;/nameDefined&gt;&lt;uomDefinedID&gt;24&lt;/uomDefinedID&gt;&lt;UOMName&gt;MM&lt;/UOMName&gt;&lt;UOMDescription&gt;MILIMETERS&lt;/UOMDescription&gt;&lt;serialNumber&gt;FTW3M16000axy&lt;/serialNumber&gt;&lt;avrg&gt;0.002575&lt;/avrg&gt;&lt;/Row&gt;&lt;Row&gt;&lt;notifRecordID&gt;116466&lt;/notifRecordID&gt;&lt;notifTagID&gt;123&lt;/notifTagID&gt;&lt;notifTagValue&gt;0.003&lt;/notifTagValue&gt;&lt;recordID&gt;116466&lt;/recordID&gt;&lt;notifName&gt;TransCtr&lt;/notifName&gt;&lt;notifDescription&gt;P558_JENOPTIK&lt;/notifDescription&gt;&lt;CreatedBy&gt;SYSTEM&lt;/CreatedBy&gt;&lt;CreatedOn&gt;2016-12-19T22:22:32&lt;/CreatedOn&gt;&lt;ModifiedBy&gt;System&lt;/ModifiedBy&gt;&lt;ModifiedOn&gt;2016-12-19T22:22:34&lt;/ModifiedOn&gt;&lt;tagName&gt;Data_00&lt;/tagName&gt;&lt;tagTypeID&gt;8&lt;/tagTypeID&gt;&lt;tagGroupID&gt;1&lt;/tagGroupID&gt;&lt;tagFunctionID&gt;4&lt;/tagFunctionID&gt;&lt;COM_typeName&gt;TSend&lt;/COM_typeName&gt;&lt;FNC_typeName&gt;DefDataTable&lt;/FNC_typeName&gt;&lt;OPC_typeName&gt;FLOAT&lt;/OPC_typeName&gt;&lt;unitID&gt;36&lt;/unitID&gt;&lt;lineID&gt;35&lt;/lineID&gt;&lt;nameDefined&gt;Hi\Lo&lt;/nameDefined&gt;&lt;uomDefinedID&gt;24&lt;/uomDefinedID&gt;&lt;UOMName&gt;MM&lt;/UOMName&gt;&lt;UOMDescription&gt;MILIMETERS&lt;/UOMDescription&gt;&lt;serialNumber&gt;FTW2M1600073h&lt;/serialNumber&gt;&lt;avrg&gt;0.002575&lt;/avrg&gt;&lt;/Row&gt;&lt;Row&gt;&lt;notifRecordID&gt;116471&lt;/notifRecordID&gt;&lt;notifTagID&gt;123&lt;/notifTagID&gt;&lt;notifTagValue&gt;-0.008&lt;/notifTagValue&gt;&lt;recordID&gt;116471&lt;/recordID&gt;&lt;notifName&gt;TransCtr&lt;/notifName&gt;&lt;notifDescription&gt;P558_JENOPTIK&lt;/notifDescription&gt;&lt;CreatedBy&gt;SYSTEM&lt;/CreatedBy&gt;&lt;CreatedOn&gt;2016-12-19T22:26:00&lt;/CreatedOn&gt;&lt;ModifiedBy&gt;System&lt;/ModifiedBy&gt;&lt;ModifiedOn&gt;2016-12-19T22:26:02&lt;/ModifiedOn&gt;&lt;tagName&gt;Data_00&lt;/tagName&gt;&lt;tagTypeID&gt;8&lt;/tagTypeID&gt;&lt;tagGroupID&gt;1&lt;/tagGroupID&gt;&lt;tagFunctionID&gt;4&lt;/tagFunctionID&gt;&lt;COM_typeName&gt;TSend&lt;/COM_typeName&gt;&lt;FNC_typeName&gt;DefDataTable&lt;/FNC_typeName&gt;&lt;OPC_typeName&gt;FLOAT&lt;/OPC_typeName&gt;&lt;unitID&gt;36&lt;/unitID&gt;&lt;lineID&gt;35&lt;/lineID&gt;&lt;nameDefined&gt;Hi\Lo&lt;/nameDefined&gt;&lt;uomDefinedID&gt;24&lt;/uomDefinedID&gt;&lt;UOMName&gt;MM&lt;/UOMName&gt;&lt;UOMDescription&gt;MILIMETERS&lt;/UOMDescription&gt;&lt;serialNumber&gt;FTW3M16000axz&lt;/serialNumber&gt;&lt;avrg&gt;0.002575&lt;/avrg&gt;&lt;/Row&gt;&lt;Row&gt;&lt;notifRecordID&gt;116473&lt;/notifRecordID&gt;&lt;notifTagID&gt;123&lt;/notifTagID&gt;&lt;notifTagValue&gt;0.01&lt;/notifTagValue&gt;&lt;recordID&gt;116473&lt;/recordID&gt;&lt;notifName&gt;TransCtr&lt;/notifName&gt;&lt;notifDescription&gt;P558_JENOPTIK&lt;/notifDescription&gt;&lt;CreatedBy&gt;SYSTEM&lt;/CreatedBy&gt;&lt;CreatedOn&gt;2016-12-19T22:28:27&lt;/CreatedOn&gt;&lt;ModifiedBy&gt;System&lt;/ModifiedBy&gt;&lt;ModifiedOn&gt;2016-12-19T22:28:29&lt;/ModifiedOn&gt;&lt;tagName&gt;Data_00&lt;/tagName&gt;&lt;tagTypeID&gt;8&lt;/tagTypeID&gt;&lt;tagGroupID&gt;1&lt;/tagGroupID&gt;&lt;tagFunctionID&gt;4&lt;/tagFunctionID&gt;&lt;COM_typeName&gt;TSend&lt;/COM_typeName&gt;&lt;FNC_typeName&gt;DefDataTable&lt;/FNC_typeName&gt;&lt;OPC_typeName&gt;FLOAT&lt;/OPC_typeName&gt;&lt;unitID&gt;36&lt;/unitID&gt;&lt;lineID&gt;35&lt;/lineID&gt;&lt;nameDefined&gt;Hi\Lo&lt;/nameDefined&gt;&lt;uomDefinedID&gt;24&lt;/uomDefinedID&gt;&lt;UOMName&gt;MM&lt;/UOMName&gt;&lt;UOMDescription&gt;MILIMETERS&lt;/UOMDescription&gt;&lt;serialNumber&gt;FTW3M16000ay0&lt;/serialNumber&gt;&lt;avrg&gt;0.002575&lt;/avrg&gt;&lt;/Row&gt;&lt;Row&gt;&lt;notifRecordID&gt;116477&lt;/notifRecordID&gt;&lt;notifTagID&gt;123&lt;/notifTagID&gt;&lt;notifTagValue&gt;0.003&lt;/notifTagValue&gt;&lt;recordID&gt;116477&lt;/recordID&gt;&lt;notifName&gt;TransCtr&lt;/notifName&gt;&lt;notifDescription&gt;P558_JENOPTIK&lt;/notifDescription&gt;&lt;CreatedBy&gt;SYSTEM&lt;/CreatedBy&gt;&lt;CreatedOn&gt;2016-12-19T22:32:46&lt;/CreatedOn&gt;&lt;ModifiedBy&gt;System&lt;/ModifiedBy&gt;&lt;ModifiedOn&gt;2016-12-19T22:32:48&lt;/ModifiedOn&gt;&lt;tagName&gt;Data_00&lt;/tagName&gt;&lt;tagTypeID&gt;8&lt;/tagTypeID&gt;&lt;tagGroupID&gt;1&lt;/tagGroupID&gt;&lt;tagFunctionID&gt;4&lt;/tagFunctionID&gt;&lt;COM_typeName&gt;TSend&lt;/COM_typeName&gt;&lt;FNC_typeName&gt;DefDataTable&lt;/FNC_typeName&gt;&lt;OPC_typeName&gt;FLOAT&lt;/OPC_typeName&gt;&lt;unitID&gt;36&lt;/unitID&gt;&lt;lineID&gt;35&lt;/lineID&gt;&lt;nameDefined&gt;Hi\Lo&lt;/nameDefined&gt;&lt;uomDefinedID&gt;24&lt;/uomDefinedID&gt;&lt;UOMName&gt;MM&lt;/UOMName&gt;&lt;UOMDescription&gt;MILIMETERS&lt;/UOMDescription&gt;&lt;serialNumber&gt;FTW2M1600073i&lt;/serialNumber&gt;&lt;avrg&gt;0.002575&lt;/avrg&gt;&lt;/Row&gt;&lt;Row&gt;&lt;notifRecordID&gt;116483&lt;/notifRecordID&gt;&lt;notifTagID&gt;123&lt;/notifTagID&gt;&lt;notifTagValue&gt;0.006&lt;/notifTagValue&gt;&lt;recordID&gt;116483&lt;/recordID&gt;&lt;notifName&gt;TransCtr&lt;/notifName&gt;&lt;notifDescription&gt;P558_JENOPTIK&lt;/notifDescription&gt;&lt;CreatedBy&gt;SYSTEM&lt;/CreatedBy&gt;&lt;CreatedOn&gt;2016-12-19T22:38:43&lt;/CreatedOn&gt;&lt;ModifiedBy&gt;System&lt;/ModifiedBy&gt;&lt;ModifiedOn&gt;2016-12-19T22:38:45&lt;/ModifiedOn&gt;&lt;tagName&gt;Data_00&lt;/tagName&gt;&lt;tagTypeID&gt;8&lt;/tagTypeID&gt;&lt;tagGroupID&gt;1&lt;/tagGroupID&gt;&lt;tagFunctionID&gt;4&lt;/tagFunctionID&gt;&lt;COM_typeName&gt;TSend&lt;/COM_typeName&gt;&lt;FNC_typeName&gt;DefDataTable&lt;/FNC_typeName&gt;&lt;OPC_typeName&gt;FLOAT&lt;/OPC_typeName&gt;&lt;unitID&gt;36&lt;/unitID&gt;&lt;lineID&gt;35&lt;/lineID&gt;&lt;nameDefined&gt;Hi\Lo&lt;/nameDefined&gt;&lt;uomDefinedID&gt;24&lt;/uomDefinedID&gt;&lt;UOMName&gt;MM&lt;/UOMName&gt;&lt;UOMDescription&gt;MILIMETERS&lt;/UOMDescription&gt;&lt;serialNumber&gt;FTW3M16000ay1&lt;/serialNumber&gt;&lt;avrg&gt;0.002575&lt;/avrg&gt;&lt;/Row&gt;&lt;Row&gt;&lt;notifRecordID&gt;116488&lt;/notifRecordID&gt;&lt;notifTagID&gt;123&lt;/notifTagID&gt;&lt;notifTagValue&gt;0.004&lt;/notifTagValue&gt;&lt;recordID&gt;116488&lt;/recordID&gt;&lt;notifName&gt;TransCtr&lt;/notifName&gt;&lt;notifDescription&gt;P558_JENOPTIK&lt;/notifDescription&gt;&lt;CreatedBy&gt;SYSTEM&lt;/CreatedBy&gt;&lt;CreatedOn&gt;2016-12-19T22:45:46&lt;/CreatedOn&gt;&lt;ModifiedBy&gt;System&lt;/ModifiedBy&gt;&lt;ModifiedOn&gt;2016-12-19T22:45:48&lt;/ModifiedOn&gt;&lt;tagName&gt;Data_00&lt;/tagName&gt;&lt;tagTypeID&gt;8&lt;/tagTypeID&gt;&lt;tagGroupID&gt;1&lt;/tagGroupID&gt;&lt;tagFunctionID&gt;4&lt;/tagFunctionID&gt;&lt;COM_typeName&gt;TSend&lt;/COM_typeName&gt;&lt;FNC_typeName&gt;DefDataTable&lt;/FNC_typeName&gt;&lt;OPC_typeName&gt;FLOAT&lt;/OPC_typeName&gt;&lt;unitID&gt;36&lt;/unitID&gt;&lt;lineID&gt;35&lt;/lineID&gt;&lt;nameDefined&gt;Hi\Lo&lt;/nameDefined&gt;&lt;uomDefinedID&gt;24&lt;/uomDefinedID&gt;&lt;UOMName&gt;MM&lt;/UOMName&gt;&lt;UOMDescription&gt;MILIMETERS&lt;/UOMDescription&gt;&lt;serialNumber&gt;FTW2M1600073j&lt;/serialNumber&gt;&lt;avrg&gt;0.002575&lt;/avrg&gt;&lt;/Row&gt;&lt;Row&gt;&lt;notifRecordID&gt;116492&lt;/notifRecordID&gt;&lt;notifTagID&gt;123&lt;/notifTagID&gt;&lt;notifTagValue&gt;-0.006&lt;/notifTagValue&gt;&lt;recordID&gt;116492&lt;/recordID&gt;&lt;notifName&gt;TransCtr&lt;/notifName&gt;&lt;notifDescription&gt;P558_JENOPTIK&lt;/notifDescription&gt;&lt;CreatedBy&gt;SYSTEM&lt;/CreatedBy&gt;&lt;CreatedOn&gt;2016-12-19T22:47:43&lt;/CreatedOn&gt;&lt;ModifiedBy&gt;System&lt;/ModifiedBy&gt;&lt;ModifiedOn&gt;2016-12-19T22:47:45&lt;/ModifiedOn&gt;&lt;tagName&gt;Data_00&lt;/tagName&gt;&lt;tagTypeID&gt;8&lt;/tagTypeID&gt;&lt;tagGroupID&gt;1&lt;/tagGroupID&gt;&lt;tagFunctionID&gt;4&lt;/tagFunctionID&gt;&lt;COM_typeName&gt;TSend&lt;/COM_typeName&gt;&lt;FNC_typeName&gt;DefDataTable&lt;/FNC_typeName&gt;&lt;OPC_typeName&gt;FLOAT&lt;/OPC_typeName&gt;&lt;unitID&gt;36&lt;/unitID&gt;&lt;lineID&gt;35&lt;/lineID&gt;&lt;nameDefined&gt;Hi\Lo&lt;/nameDefined&gt;&lt;uomDefinedID&gt;24&lt;/uomDefinedID&gt;&lt;UOMName&gt;MM&lt;/UOMName&gt;&lt;UOMDescription&gt;MILIMETERS&lt;/UOMDescription&gt;&lt;serialNumber&gt;FTW3M16000ay2&lt;/serialNumber&gt;&lt;avrg&gt;0.002575&lt;/avrg&gt;&lt;/Row&gt;&lt;Row&gt;&lt;notifRecordID&gt;116495&lt;/notifRecordID&gt;&lt;notifTagID&gt;123&lt;/notifTagID&gt;&lt;notifTagValue&gt;-0.006&lt;/notifTagValue&gt;&lt;recordID&gt;116495&lt;/recordID&gt;&lt;notifName&gt;TransCtr&lt;/notifName&gt;&lt;notifDescription&gt;P558_JENOPTIK&lt;/notifDescription&gt;&lt;CreatedBy&gt;SYSTEM&lt;/CreatedBy&gt;&lt;CreatedOn&gt;2016-12-19T22:49:01&lt;/CreatedOn&gt;&lt;ModifiedBy&gt;System&lt;/ModifiedBy&gt;&lt;ModifiedOn&gt;2016-12-19T22:49:03&lt;/ModifiedOn&gt;&lt;tagName&gt;Data_00&lt;/tagName&gt;&lt;tagTypeID&gt;8&lt;/tagTypeID&gt;&lt;tagGroupID&gt;1&lt;/tagGroupID&gt;&lt;tagFunctionID&gt;4&lt;/tagFunctionID&gt;&lt;COM_typeName&gt;TSend&lt;/COM_typeName&gt;&lt;FNC_typeName&gt;DefDataTable&lt;/FNC_typeName&gt;&lt;OPC_typeName&gt;FLOAT&lt;/OPC_typeName&gt;&lt;unitID&gt;36&lt;/unitID&gt;&lt;lineID&gt;35&lt;/lineID&gt;&lt;nameDefined&gt;Hi\Lo&lt;/nameDefined&gt;&lt;uomDefinedID&gt;24&lt;/uomDefinedID&gt;&lt;UOMName&gt;MM&lt;/UOMName&gt;&lt;UOMDescription&gt;MILIMETERS&lt;/UOMDescription&gt;&lt;serialNumber&gt;FTW3M16000ay2&lt;/serialNumber&gt;&lt;avrg&gt;0.002575&lt;/avrg&gt;&lt;/Row&gt;&lt;Row&gt;&lt;notifRecordID&gt;116497&lt;/notifRecordID&gt;&lt;notifTagID&gt;123&lt;/notifTagID&gt;&lt;notifTagValue&gt;0.004&lt;/notifTagValue&gt;&lt;recordID&gt;116497&lt;/recordID&gt;&lt;notifName&gt;TransCtr&lt;/notifName&gt;&lt;notifDescription&gt;P558_JENOPTIK&lt;/notifDescription&gt;&lt;CreatedBy&gt;SYSTEM&lt;/CreatedBy&gt;&lt;CreatedOn&gt;2016-12-19T22:52:19&lt;/CreatedOn&gt;&lt;ModifiedBy&gt;System&lt;/ModifiedBy&gt;&lt;ModifiedOn&gt;2016-12-19T22:52:21&lt;/ModifiedOn&gt;&lt;tagName&gt;Data_00&lt;/tagName&gt;&lt;tagTypeID&gt;8&lt;/tagTypeID&gt;&lt;tagGroupID&gt;1&lt;/tagGroupID&gt;&lt;tagFunctionID&gt;4&lt;/tagFunctionID&gt;&lt;COM_typeName&gt;TSend&lt;/COM_typeName&gt;&lt;FNC_typeName&gt;DefDataTable&lt;/FNC_typeName&gt;&lt;OPC_typeName&gt;FLOAT&lt;/OPC_typeName&gt;&lt;unitID&gt;36&lt;/unitID&gt;&lt;lineID&gt;35&lt;/lineID&gt;&lt;nameDefined&gt;Hi\Lo&lt;/nameDefined&gt;&lt;uomDefinedID&gt;24&lt;/uomDefinedID&gt;&lt;UOMName&gt;MM&lt;/UOMName&gt;&lt;UOMDescription&gt;MILIMETERS&lt;/UOMDescription&gt;&lt;serialNumber&gt;FTW3M16000ay3&lt;/serialNumber&gt;&lt;avrg&gt;0.002575&lt;/avrg&gt;&lt;/Row&gt;&lt;Row&gt;&lt;notifRecordID&gt;116501&lt;/notifRecordID&gt;&lt;notifTagID&gt;123&lt;/notifTagID&gt;&lt;notifTagValue&gt;0.001&lt;/notifTagValue&gt;&lt;recordID&gt;116501&lt;/recordID&gt;&lt;notifName&gt;TransCtr&lt;/notifName&gt;&lt;notifDescription&gt;P558_JENOPTIK&lt;/notifDescription&gt;&lt;CreatedBy&gt;SYSTEM&lt;/CreatedBy&gt;&lt;CreatedOn&gt;2016-12-19T22:55:17&lt;/CreatedOn&gt;&lt;ModifiedBy&gt;System&lt;/ModifiedBy&gt;&lt;ModifiedOn&gt;2016-12-19T22:55:19&lt;/ModifiedOn&gt;&lt;tagName&gt;Data_00&lt;/tagName&gt;&lt;tagTypeID&gt;8&lt;/tagTypeID&gt;&lt;tagGroupID&gt;1&lt;/tagGroupID&gt;&lt;tagFunctionID&gt;4&lt;/tagFunctionID&gt;&lt;COM_typeName&gt;TSend&lt;/COM_typeName&gt;&lt;FNC_typeName&gt;DefDataTable&lt;/FNC_typeName&gt;&lt;OPC_typeName&gt;FLOAT&lt;/OPC_typeName&gt;&lt;unitID&gt;36&lt;/unitID&gt;&lt;lineID&gt;35&lt;/lineID&gt;&lt;nameDefined&gt;Hi\Lo&lt;/nameDefined&gt;&lt;uomDefinedID&gt;24&lt;/uomDefinedID&gt;&lt;UOMName&gt;MM&lt;/UOMName&gt;&lt;UOMDescription&gt;MILIMETERS&lt;/UOMDescription&gt;&lt;serialNumber&gt;FTW2M1600073k&lt;/serialNumber&gt;&lt;avrg&gt;0.002575&lt;/avrg&gt;&lt;/Row&gt;&lt;Row&gt;&lt;notifRecordID&gt;116513&lt;/notifRecordID&gt;&lt;notifTagID&gt;123&lt;/notifTagID&gt;&lt;notifTagValue&gt;0.007&lt;/notifTagValue&gt;&lt;recordID&gt;116513&lt;/recordID&gt;&lt;notifName&gt;TransCtr&lt;/notifName&gt;&lt;notifDescription&gt;P558_JENOPTIK&lt;/notifDescription&gt;&lt;CreatedBy&gt;SYSTEM&lt;/CreatedBy&gt;&lt;CreatedOn&gt;2016-12-19T23:17:02&lt;/CreatedOn&gt;&lt;ModifiedBy&gt;System&lt;/ModifiedBy&gt;&lt;ModifiedOn&gt;2016-12-19T23:17:04&lt;/ModifiedOn&gt;&lt;tagName&gt;Data_00&lt;/tagName&gt;&lt;tagTypeID&gt;8&lt;/tagTypeID&gt;&lt;tagGroupID&gt;1&lt;/tagGroupID&gt;&lt;tagFunctionID&gt;4&lt;/tagFunctionID&gt;&lt;COM_typeName&gt;TSend&lt;/COM_typeName&gt;&lt;FNC_typeName&gt;DefDataTable&lt;/FNC_typeName&gt;&lt;OPC_typeName&gt;FLOAT&lt;/OPC_typeName&gt;&lt;unitID&gt;36&lt;/unitID&gt;&lt;lineID&gt;35&lt;/lineID&gt;&lt;nameDefined&gt;Hi\Lo&lt;/nameDefined&gt;&lt;uomDefinedID&gt;24&lt;/uomDefinedID&gt;&lt;UOMName&gt;MM&lt;/UOMName&gt;&lt;UOMDescription&gt;MILIMETERS&lt;/UOMDescription&gt;&lt;serialNumber&gt;FTW3M16000ay4&lt;/serialNumber&gt;&lt;avrg&gt;0.002575&lt;/avrg&gt;&lt;/Row&gt;&lt;Row&gt;&lt;notifRecordID&gt;116518&lt;/notifRecordID&gt;&lt;notifTagID&gt;123&lt;/notifTagID&gt;&lt;notifTagValue&gt;-0.004&lt;/notifTagValue&gt;&lt;recordID&gt;116518&lt;/recordID&gt;&lt;notifName&gt;TransCtr&lt;/notifName&gt;&lt;notifDescription&gt;P558_JENOPTIK&lt;/notifDescription&gt;&lt;CreatedBy&gt;SYSTEM&lt;/CreatedBy&gt;&lt;CreatedOn&gt;2016-12-19T23:25:54&lt;/CreatedOn&gt;&lt;ModifiedBy&gt;System&lt;/ModifiedBy&gt;&lt;ModifiedOn&gt;2016-12-19T23:25:56&lt;/ModifiedOn&gt;&lt;tagName&gt;Data_00&lt;/tagName&gt;&lt;tagTypeID&gt;8&lt;/tagTypeID&gt;&lt;tagGroupID&gt;1&lt;/tagGroupID&gt;&lt;tagFunctionID&gt;4&lt;/tagFunctionID&gt;&lt;COM_typeName&gt;TSend&lt;/COM_typeName&gt;&lt;FNC_typeName&gt;DefDataTable&lt;/FNC_typeName&gt;&lt;OPC_typeName&gt;FLOAT&lt;/OPC_typeName&gt;&lt;unitID&gt;36&lt;/unitID&gt;&lt;lineID&gt;35&lt;/lineID&gt;&lt;nameDefined&gt;Hi\Lo&lt;/nameDefined&gt;&lt;uomDefinedID&gt;24&lt;/uomDefinedID&gt;&lt;UOMName&gt;MM&lt;/UOMName&gt;&lt;UOMDescription&gt;MILIMETERS&lt;/UOMDescription&gt;&lt;serialNumber&gt;FTW2M1600073l&lt;/serialNumber&gt;&lt;avrg&gt;0.002575&lt;/avrg&gt;&lt;/Row&gt;&lt;Row&gt;&lt;notifRecordID&gt;116530&lt;/notifRecordID&gt;&lt;notifTagID&gt;123&lt;/notifTagID&gt;&lt;notifTagValue&gt;-0.01&lt;/notifTagValue&gt;&lt;recordID&gt;116530&lt;/recordID&gt;&lt;notifName&gt;TransCtr&lt;/notifName&gt;&lt;notifDescription&gt;P558_JENOPTIK&lt;/notifDescription&gt;&lt;CreatedBy&gt;SYSTEM&lt;/CreatedBy&gt;&lt;CreatedOn&gt;2016-12-19T23:43:10&lt;/CreatedOn&gt;&lt;ModifiedBy&gt;System&lt;/ModifiedBy&gt;&lt;ModifiedOn&gt;2016-12-19T23:43:12&lt;/ModifiedOn&gt;&lt;tagName&gt;Data_00&lt;/tagName&gt;&lt;tagTypeID&gt;8&lt;/tagTypeID&gt;&lt;tagGroupID&gt;1&lt;/tagGroupID&gt;&lt;tagFunctionID&gt;4&lt;/tagFunctionID&gt;&lt;COM_typeName&gt;TSend&lt;/COM_typeName&gt;&lt;FNC_typeName&gt;DefDataTable&lt;/FNC_typeName&gt;&lt;OPC_typeName&gt;FLOAT&lt;/OPC_typeName&gt;&lt;unitID&gt;36&lt;/unitID&gt;&lt;lineID&gt;35&lt;/lineID&gt;&lt;nameDefined&gt;Hi\Lo&lt;/nameDefined&gt;&lt;uomDefinedID&gt;24&lt;/uomDefinedID&gt;&lt;UOMName&gt;MM&lt;/UOMName&gt;&lt;UOMDescription&gt;MILIMETERS&lt;/UOMDescription&gt;&lt;serialNumber&gt;FTW3M16000ay5&lt;/serialNumber&gt;&lt;avrg&gt;0.002575&lt;/avrg&gt;&lt;/Row&gt;&lt;Row&gt;&lt;notifRecordID&gt;116536&lt;/notifRecordID&gt;&lt;notifTagID&gt;123&lt;/notifTagID&gt;&lt;notifTagValue&gt;0.007&lt;/notifTagValue&gt;&lt;recordID&gt;116536&lt;/recordID&gt;&lt;notifName&gt;TransCtr&lt;/notifName&gt;&lt;notifDescription&gt;P558_JENOPTIK&lt;/notifDescription&gt;&lt;CreatedBy&gt;SYSTEM&lt;/CreatedBy&gt;&lt;CreatedOn&gt;2016-12-19T23:52:35&lt;/CreatedOn&gt;&lt;ModifiedBy&gt;System&lt;/ModifiedBy&gt;&lt;ModifiedOn&gt;2016-12-19T23:52:37&lt;/ModifiedOn&gt;&lt;tagName&gt;Data_00&lt;/tagName&gt;&lt;tagTypeID&gt;8&lt;/tagTypeID&gt;&lt;tagGroupID&gt;1&lt;/tagGroupID&gt;&lt;tagFunctionID&gt;4&lt;/tagFunctionID&gt;&lt;COM_typeName&gt;TSend&lt;/COM_typeName&gt;&lt;FNC_typeName&gt;DefDataTable&lt;/FNC_typeName&gt;&lt;OPC_typeName&gt;FLOAT&lt;/OPC_typeName&gt;&lt;unitID&gt;36&lt;/unitID&gt;&lt;lineID&gt;35&lt;/lineID&gt;&lt;nameDefined&gt;Hi\Lo&lt;/nameDefined&gt;&lt;uomDefinedID&gt;24&lt;/uomDefinedID&gt;&lt;UOMName&gt;MM&lt;/UOMName&gt;&lt;UOMDescription&gt;MILIMETERS&lt;/UOMDescription&gt;&lt;serialNumber&gt;FTW3M16000ay6&lt;/serialNumber&gt;&lt;avrg&gt;0.002575&lt;/avrg&gt;&lt;/Row&gt;&lt;/Rowset&gt;&lt;/Rowsets&gt;</Results><TagList/></Value><SchemaURI/><SchemaElement/><ValidateXMLOnExecution>1</ValidateXMLOnExecution><ReadOnly>false</ReadOnly><AlertXMLAssigned>false</AlertXMLAssigned></ContextItem><ContextItem><Name>ChartData_Ok</Name><Description/><MinRange>0</MinRange><MaxRange>0</MaxRange><Value xsi:type="ConditionalAction"><Output>false</Output><InputCount>1</InputCount><LogicalAnd>false</LogicalAnd><Input1>false</Input1></Value><ReadOnly>false</ReadOnly><AlertXMLAssigned>false</AlertXMLAssigned></ContextItem><ContextItem><Name>RepeatOnRow</Name><Description/><MinRange>0</MinRange><MaxRange>0</MaxRange><Value xsi:type="RepeaterAction"><Output><ReferenceDocumentSource/>&lt;?xml version="1.0" encoding="UTF-8"?&gt;&lt;Row&gt;&lt;notifRecordID&gt;111941&lt;/notifRecordID&gt;&lt;notifTagID&gt;123&lt;/notifTagID&gt;&lt;notifTagValue&gt;-0.001&lt;/notifTagValue&gt;&lt;recordID&gt;111941&lt;/recordID&gt;&lt;notifName&gt;TransCtr&lt;/notifName&gt;&lt;notifDescription&gt;P558_JENOPTIK&lt;/notifDescription&gt;&lt;CreatedBy&gt;SYSTEM&lt;/CreatedBy&gt;&lt;CreatedOn&gt;2016-12-16T00:06:54&lt;/CreatedOn&gt;&lt;ModifiedBy&gt;System&lt;/ModifiedBy&gt;&lt;ModifiedOn&gt;2016-12-16T00:06:56&lt;/ModifiedOn&gt;&lt;tagName&gt;Data_00&lt;/tagName&gt;&lt;tagTypeID&gt;8&lt;/tagTypeID&gt;&lt;tagGroupID&gt;1&lt;/tagGroupID&gt;&lt;tagFunctionID&gt;4&lt;/tagFunctionID&gt;&lt;COM_typeName&gt;TSend&lt;/COM_typeName&gt;&lt;FNC_typeName&gt;DefDataTable&lt;/FNC_typeName&gt;&lt;OPC_typeName&gt;FLOAT&lt;/OPC_typeName&gt;&lt;unitID&gt;36&lt;/unitID&gt;&lt;lineID&gt;35&lt;/lineID&gt;&lt;nameDefined&gt;Hi\Lo&lt;/nameDefined&gt;&lt;uomDefinedID&gt;24&lt;/uomDefinedID&gt;&lt;UOMName&gt;MM&lt;/UOMName&gt;&lt;UOMDescription&gt;MILIMETERS&lt;/UOMDescription&gt;&lt;serialNumber&gt;FTW2M160006ru&lt;/serialNumber&gt;&lt;avrg&gt;0.002575&lt;/avrg&gt;&lt;/Row&gt;</Output><Break>false</Break><ItemCount>0</ItemCount><CurrentItem>0</CurrentItem><Source>getChartData.Results{/Rowsets/Rowset/Row}</Source><Item><ReferenceDocumentSource/>&lt;?xml version="1.0" encoding="UTF-8"?&gt;&lt;Row&gt;&lt;notifRecordID&gt;111941&lt;/notifRecordID&gt;&lt;notifTagID&gt;123&lt;/notifTagID&gt;&lt;notifTagValue&gt;-0.001&lt;/notifTagValue&gt;&lt;recordID&gt;111941&lt;/recordID&gt;&lt;notifName&gt;TransCtr&lt;/notifName&gt;&lt;notifDescription&gt;P558_JENOPTIK&lt;/notifDescription&gt;&lt;CreatedBy&gt;SYSTEM&lt;/CreatedBy&gt;&lt;CreatedOn&gt;2016-12-16T00:06:54&lt;/CreatedOn&gt;&lt;ModifiedBy&gt;System&lt;/ModifiedBy&gt;&lt;ModifiedOn&gt;2016-12-16T00:06:56&lt;/ModifiedOn&gt;&lt;tagName&gt;Data_00&lt;/tagName&gt;&lt;tagTypeID&gt;8&lt;/tagTypeID&gt;&lt;tagGroupID&gt;1&lt;/tagGroupID&gt;&lt;tagFunctionID&gt;4&lt;/tagFunctionID&gt;&lt;COM_typeName&gt;TSend&lt;/COM_typeName&gt;&lt;FNC_typeName&gt;DefDataTable&lt;/FNC_typeName&gt;&lt;OPC_typeName&gt;FLOAT&lt;/OPC_typeName&gt;&lt;unitID&gt;36&lt;/unitID&gt;&lt;lineID&gt;35&lt;/lineID&gt;&lt;nameDefined&gt;Hi\Lo&lt;/nameDefined&gt;&lt;uomDefinedID&gt;24&lt;/uomDefinedID&gt;&lt;UOMName&gt;MM&lt;/UOMName&gt;&lt;UOMDescription&gt;MILIMETERS&lt;/UOMDescription&gt;&lt;serialNumber&gt;FTW2M160006ru&lt;/serialNumber&gt;&lt;avrg&gt;0.002575&lt;/avrg&gt;&lt;/Row&gt;</Item></Value><SchemaURI/><SchemaElement/><ValidateXMLOnExecution>1</ValidateXMLOnExecution><SchemaURI/><SchemaElement/><ValidateXMLOnExecution>1</ValidateXMLOnExecution><ReadOnly>false</ReadOnly><AlertXMLAssigned>false</AlertXMLAssigned></ContextItem><ContextItem><Name>ShowRow</Name><Description/><MinRange>0</MinRange><MaxRange>0</MaxRange><Value xsi:type="Tracer"><Message/><Level>INFO</Level></Value><ReadOnly>false</ReadOnly><AlertXMLAssigned>false</AlertXMLAssigned></ContextItem><ContextItem><Name>FirstRec</Name><Description/><MinRange>0</MinRange><MaxRange>0</MaxRange><Value xsi:type="ConditionalAction"><Output>false</Output><InputCount>1</InputCount><LogicalAnd>false</LogicalAnd><Input1>false</Input1></Value><ReadOnly>false</ReadOnly><AlertXMLAssigned>false</AlertXMLAssigned></ContextItem><ContextItem><Name>AssignFirst</Name><Description/><MinRange>0</MinRange><MaxRange>0</MaxRange><Value xsi:type="Assignment"/><ReadOnly>false</ReadOnly><AlertXMLAssigned>false</AlertXMLAssigned></ContextItem><ContextItem><Name>LastRec</Name><Description/><MinRange>0</MinRange><MaxRange>0</MaxRange><Value xsi:type="ConditionalAction"><Output>false</Output><InputCount>1</InputCount><LogicalAnd>false</LogicalAnd><Input1>false</Input1></Value><ReadOnly>false</ReadOnly><AlertXMLAssigned>false</AlertXMLAssigned></ContextItem><ContextItem><Name>AssignLast</Name><Description/><MinRange>0</MinRange><MaxRange>0</MaxRange><Value xsi:type="Assignment"/><ReadOnly>false</ReadOnly><AlertXMLAssigned>false</AlertXMLAssigned></ContextItem><ContextItem><Name>AssignMid</Name><Description/><MinRange>0</MinRange><MaxRange>0</MaxRange><Value xsi:type="Assignment"/><ReadOnly>false</ReadOnly><AlertXMLAssigned>false</AlertXMLAssigned></ContextItem><ContextItem><Name>Err_1</Name><Description/><MinRange>0</MinRange><MaxRange>0</MaxRange><Value xsi:type="Tracer"><Message/><Level>INFO</Level></Value><ReadOnly>false</ReadOnly><AlertXMLAssigned>false</AlertXMLAssigned></ContextItem><ContextItem><Name>Catch_0</Name><Description/><MinRange>0</MinRange><MaxRange>0</MaxRange><Value xsi:type="CatchAction"/><ReadOnly>false</ReadOnly><AlertXMLAssigned>false</AlertXMLAssigned></ContextItem><ContextItem><Name>ShowCatch_0</Name><Description/><MinRange>0</MinRange><MaxRange>0</MaxRange><Value xsi:type="Tracer"><Message/><Level>INFO</Level></Value><ReadOnly>false</ReadOnly><AlertXMLAssigned>false</AlertXMLAssigned></ContextItem><ContextItem><Name>Assign_HC_OUT</Name><Description/><MinRange>0</MinRange><MaxRange>0</MaxRange><Value xsi:type="Assignment"/><ReadOnly>false</ReadOnly><AlertXMLAssigned>false</AlertXMLAssigned></ContextItem><ContextItem><Name>ShowHCOutput</Name><Description/><MinRange>0</MinRange><MaxRange>0</MaxRange><Value xsi:type="Tracer"><Message/><Level>INFO</Level></Value><ReadOnly>false</ReadOnly><AlertXMLAssigned>false</AlertXMLAssigned></ContextItem></Actions><ReaderRoles>SAP_XMII_Administrator,SAP_XMII_Developer,SAP_XMII_Super_Administrator,SAP_XMII_User</ReaderRoles><Steps><Step xsi:type="ActionSequence"><Name>Sequence</Name><Description/><Steps><Step xsi:type="ActionSequence"><Name>Sequence_18</Name><Description/><Steps><Step xsi:type="Conditional"><Name>Sequence_47</Name><Description/><Steps><Step xsi:type="ActionSequence"><Name>Sequence_17</Name><Description/><Steps/><Actions><Action><Name>AssignDate</Name><Description> </Description><IncomingLinks/><OutgoingLinks><Assign xsi:type="Assign"><Name/><Description/><To>Transaction.TS_ENDING</To><From>datefromxmlformat(datenow, "MM-dd-yyyy HH:mm")</From></Assign><Assign xsi:type="Assign"><Name/><Description/><To>Transaction.TS_STARTING</To><From>datefromxmlformat(dateadddays(datenow,-7), "MM-dd-yyyy HH:mm")</From></Assign></OutgoingLinks></Action></Actions></Step></Steps><Actions><Action><Name>TargetDateEmpty</Name><Description> </Description><IncomingLinks><Assign xsi:type="Assign"><Name/><Description/><To>TargetDateEmpty.Input1</To><From>if(stringlength(Transaction.TS_ENDING)==0,1,0)</From></Assign><Assign xsi:type="Assign"><Name/><Description/><To>TargetDateEmpty.Input2</To><From>if(stringlength(Transaction.TS_STARTING)==0,1,0)</From></Assign></IncomingLinks><OutgoingLinks/></Action></Actions></Step><Step xsi:type="ActionSequence"><Name>Sequence_7</Name><Description/><Steps><Step xsi:type="ActionSequence"><Name>Sequence_8</Name><Description/><Steps/><Actions><Action><Name>ShowDates</Name><Description> </Description><IncomingLinks><Assign xsi:type="Assign"><Name/><Description/><To>ShowDates.Message</To><From>datefromxmlformat(Transaction.TS_STARTING,"MM-dd-yyyy HH:mm") &amp; " -- " &amp; datefromxmlformat(Transaction.TS_ENDING,"MM-dd-yyyy HH:mm")</From></Assign></IncomingLinks><OutgoingLinks/></Action></Actions></Step></Steps><Actions><Action><Name>AssignSpecified</Name><Description> </Description><IncomingLinks/><OutgoingLinks><Assign xsi:type="Assign"><Name/><Description/><To>Transaction.TS_ENDING</To><From>datetoxmlformat(Transaction.TS_ENDING,"MM-dd-yyyy HH:mm")</From></Assign><Assign xsi:type="Assign"><Name/><Description/><To>Transaction.TS_STARTING</To><From>datetoxmlformat(Transaction.TS_STARTING,"MM-dd-yyyy HH:mm")</From></Assign></OutgoingLinks></Action></Actions></Step></Steps><Actions/></Step><Step xsi:type="ActionSequence"><Name>Sequence_3</Name><Description/><Steps><Step xsi:type="ActionSequence"><Name>Sequence_4</Name><Description/><Steps><Step xsi:type="Conditional"><Name>Sequence_0</Name><Description/><Steps><Step xsi:type="Repeater"><Name>Sequence_1</Name><Description/><Steps><Step xsi:type="ActionSequence"><Name>Sequence_9</Name><Description/><Steps><Step xsi:type="Conditional"><Name>Sequence_11</Name><Description/><Steps><Step xsi:type="ActionSequence"><Name>Sequence_10</Name><Description/><Steps/><Actions><Action><Name>AssignFirst</Name><Description> </Description><IncomingLinks/><OutgoingLinks><Assign xsi:type="Assign"><Name/><Description/><To>Local.startchart</To><From>"Date.UTC(" &amp; year(RepeatOnRow.Output{/Row/CreatedOn}) &amp; 
", " &amp; month(RepeatOnRow.Output{/Row/CreatedOn})-1 &amp; 
", " &amp; day(RepeatOnRow.Output{/Row/CreatedOn}) &amp; 
", " &amp; hour(RepeatOnRow.Output{/Row/CreatedOn}) &amp;
", " &amp; minute(RepeatOnRow.Output{/Row/CreatedOn}) &amp; 
", " &amp; second(RepeatOnRow.Output{/Row/CreatedOn}) &amp; ")"</From></Assign><Assign xsi:type="Assign"><Name/><Description/><To>Local.json_Series1</To><From>"[{ pointInterval:"&amp; 1*3600*1000 &amp; ", turboThreshold: 0, pointStart: " &amp; Local.startchart &amp; ", " &amp; doublequote &amp; "name" &amp; doublequote &amp; ": " &amp; singlequote &amp; RepeatOnRow.Output{/Row/nameDefined} &amp; singlequote &amp; ", marker: { enabled: false }," &amp; doublequote &amp; "data" &amp; doublequote &amp; ": [ " &amp; "{ " &amp; " x: Date.UTC(" &amp; year(RepeatOnRow.Output{/Row/CreatedOn}) &amp; 
", " &amp; month(RepeatOnRow.Output{/Row/CreatedOn})-1 &amp; 
", " &amp; day(RepeatOnRow.Output{/Row/CreatedOn}) &amp; 
", " &amp; hour(RepeatOnRow.Output{/Row/CreatedOn}) &amp;
", " &amp; minute(RepeatOnRow.Output{/Row/CreatedOn}) &amp; 
", " &amp; second(RepeatOnRow.Output{/Row/CreatedOn}) &amp; ")" &amp; ", y: " &amp; RepeatOnRow.Output{/Row/notifTagValue} &amp; ", sn: " &amp; singlequote &amp;  RepeatOnRow.Output{/Row/serialNumber} &amp; singlequote &amp; " },"</From></Assign><Assign xsi:type="Assign"><Name/><Description/><To>Local.json_Series2</To><From>"{ pointInterval:"&amp; 1*3600*1000 &amp; ", turboThreshold: 0, pointStart: " &amp; Local.startchart &amp; ", " &amp; doublequote &amp; "name" &amp; doublequote &amp; ": " &amp; singlequote &amp; "Average " &amp; RepeatOnRow.Output{/Row/nameDefined} &amp; singlequote &amp; ", marker: { enabled: false }," &amp; doublequote &amp; "data" &amp; doublequote &amp; ": [ " &amp; "{ " &amp; " x: Date.UTC(" &amp; year(RepeatOnRow.Output{/Row/CreatedOn}) &amp; 
", " &amp; month(RepeatOnRow.Output{/Row/CreatedOn})-1 &amp; 
", " &amp; day(RepeatOnRow.Output{/Row/CreatedOn}) &amp; 
", " &amp; hour(RepeatOnRow.Output{/Row/CreatedOn}) &amp;
", " &amp; minute(RepeatOnRow.Output{/Row/CreatedOn}) &amp; 
", " &amp; second(RepeatOnRow.Output{/Row/CreatedOn}) &amp; ")" &amp; ", y: " &amp; RepeatOnRow.Output{/Row/avrg} &amp; ", sn: " &amp; singlequote &amp;  RepeatOnRow.Output{/Row/serialNumber} &amp; singlequote &amp; " },"</From></Assign></OutgoingLinks></Action></Actions></Step><Step xsi:type="Conditional"><Name>Sequence_12</Name><Description/><Steps><Step xsi:type="ActionSequence"><Name>Sequence_13</Name><Description/><Steps/><Actions><Action><Name>AssignLast</Name><Description> </Description><IncomingLinks/><OutgoingLinks><Assign xsi:type="Assign"><Name/><Description/><To>Local.json_Series1</To><From> Local.json_Series1 &amp; "{ " &amp; " x: Date.UTC(" &amp; year(RepeatOnRow.Output{/Row/CreatedOn}) &amp; 
", " &amp; month(RepeatOnRow.Output{/Row/CreatedOn})-1 &amp; 
", " &amp; day(RepeatOnRow.Output{/Row/CreatedOn}) &amp; 
", " &amp; hour(RepeatOnRow.Output{/Row/CreatedOn}) &amp;
", " &amp; minute(RepeatOnRow.Output{/Row/CreatedOn}) &amp; 
", " &amp; second(RepeatOnRow.Output{/Row/CreatedOn}) &amp; ")" &amp; ", y: " &amp; RepeatOnRow.Output{/Row/notifTagValue} &amp; ", sn: " &amp; singlequote &amp;  RepeatOnRow.Output{/Row/serialNumber} &amp; singlequote &amp; " } ] }"</From></Assign><Assign xsi:type="Assign"><Name/><Description/><To>Local.json_Series2</To><From> Local.json_Series2 &amp; "{ " &amp; " x: Date.UTC(" &amp; year(RepeatOnRow.Output{/Row/CreatedOn}) &amp; 
", " &amp; month(RepeatOnRow.Output{/Row/CreatedOn})-1 &amp; 
", " &amp; day(RepeatOnRow.Output{/Row/CreatedOn}) &amp; 
", " &amp; hour(RepeatOnRow.Output{/Row/CreatedOn}) &amp;
", " &amp; minute(RepeatOnRow.Output{/Row/CreatedOn}) &amp; 
", " &amp; second(RepeatOnRow.Output{/Row/CreatedOn}) &amp; ")" &amp; ", y: " &amp; RepeatOnRow.Output{/Row/avrg} &amp; ", sn: " &amp; singlequote &amp;  RepeatOnRow.Output{/Row/serialNumber} &amp; singlequote &amp; " } ] } ]"</From></Assign></OutgoingLinks></Action></Actions></Step><Step xsi:type="ActionSequence"><Name>Sequence_14</Name><Description/><Steps/><Actions><Action><Name>AssignMid</Name><Description> </Description><IncomingLinks/><OutgoingLinks><Assign xsi:type="Assign"><Name/><Description/><To>Local.json_Series1</To><From> Local.json_Series1 &amp; "{ " &amp; " x: Date.UTC(" &amp; year(RepeatOnRow.Output{/Row/CreatedOn}) &amp; 
", " &amp; month(RepeatOnRow.Output{/Row/CreatedOn})-1 &amp; 
", " &amp; day(RepeatOnRow.Output{/Row/CreatedOn}) &amp; 
", " &amp; hour(RepeatOnRow.Output{/Row/CreatedOn}) &amp;
", " &amp; minute(RepeatOnRow.Output{/Row/CreatedOn}) &amp; 
", " &amp; second(RepeatOnRow.Output{/Row/CreatedOn}) &amp; ")" &amp; ", y: " &amp; RepeatOnRow.Output{/Row/notifTagValue} &amp; ", sn: " &amp; singlequote &amp;  RepeatOnRow.Output{/Row/serialNumber} &amp; singlequote &amp; " },"</From></Assign><Assign xsi:type="Assign"><Name/><Description/><To>Local.json_Series2</To><From> Local.json_Series2 &amp; "{ " &amp; " x: Date.UTC(" &amp; year(RepeatOnRow.Output{/Row/CreatedOn}) &amp; 
", " &amp; month(RepeatOnRow.Output{/Row/CreatedOn})-1 &amp; 
", " &amp; day(RepeatOnRow.Output{/Row/CreatedOn}) &amp; 
", " &amp; hour(RepeatOnRow.Output{/Row/CreatedOn}) &amp;
", " &amp; minute(RepeatOnRow.Output{/Row/CreatedOn}) &amp; 
", " &amp; second(RepeatOnRow.Output{/Row/CreatedOn}) &amp; ")" &amp; ", y: " &amp; RepeatOnRow.Output{/Row/avrg} &amp; ", sn: " &amp; singlequote &amp;  RepeatOnRow.Output{/Row/serialNumber} &amp; singlequote &amp; " },"</From></Assign></OutgoingLinks></Action></Actions></Step></Steps><Actions><Action><Name>LastRec</Name><Description> </Description><IncomingLinks><Assign xsi:type="Assign"><Name/><Description/><To>LastRec.Input1</To><From>if(RepeatOnRow.CurrentItem==RepeatOnRow.ItemCount,1,0)</From></Assign></IncomingLinks><OutgoingLinks/></Action></Actions></Step></Steps><Actions><Action><Name>FirstRec</Name><Description> </Description><IncomingLinks><Assign xsi:type="Assign"><Name/><Description/><To>FirstRec.Input1</To><From>if(RepeatOnRow.CurrentItem==1,1,0)</From></Assign></IncomingLinks><OutgoingLinks/></Action></Actions></Step></Steps><Actions><Action><Name>ShowRow</Name><Description> </Description><IncomingLinks><Assign xsi:type="Assign"><Name/><Description/><To>ShowRow.Message</To><From>" "  &amp; RepeatOnRow.CurrentItem &amp; " of " &amp; RepeatOnRow.ItemCount &amp; " -- " &amp; RepeatOnRow.Output{/Row/CreatedOn} &amp; " -- " &amp; RepeatOnRow.Output{/Row/notifTagID} &amp; " -- " &amp; RepeatOnRow.Output{/Row/notifTagValue}</From></Assign></IncomingLinks><OutgoingLinks/></Action></Actions></Step></Steps><Actions><Action><Name>RepeatOnRow</Name><Description> </Description><IncomingLinks/><OutgoingLinks/></Action></Actions></Step><Step xsi:type="ActionSequence"><Name>Sequence_2</Name><Description/><Steps/><Actions><Action><Name>Err_1</Name><Description> </Description><IncomingLinks><Assign xsi:type="Assign"><Name/><Description/><To>Err_1.Message</To><From>" Cannot query Chart Data .." &amp; getChartData.LastErrorMessage</From></Assign></IncomingLinks><OutgoingLinks/></Action></Actions></Step></Steps><Actions><Action><Name>ChartData_Ok</Name><Description> </Description><IncomingLinks><Assign xsi:type="Assign"><Name/><Description/><To>ChartData_Ok.Input1</To><From>getChartData.Success</From></Assign></IncomingLinks><OutgoingLinks/></Action></Actions></Step></Steps><Actions><Action><Name>getChartData</Name><Description>SQL Query</Description><IncomingLinks><Assign xsi:type="Assign"><Name/><Description/><To>getChartData.Param.1</To><From>datefromxmlformat(Transaction.TS_STARTING,"MM-dd-yyyy HH:mm")</From></Assign><Assign xsi:type="Assign"><Name/><Description/><To>getChartData.Param.2</To><From>datefromxmlformat(Transaction.TS_ENDING,"MM-dd-yyyy HH:mm")</From></Assign><Assign xsi:type="Assign"><Name/><Description/><To>getChartData.Param.3</To><From>Transaction.ID_OP</From></Assign><Assign xsi:type="Assign"><Name/><Description/><To>getChartData.Param.4</To><From>Transaction.ID_LINE</From></Assign><Assign xsi:type="Assign"><Name/><Description/><To>getChartData.Param.5</To><From>Transaction.ID_TAGFLOAT</From></Assign><Assign xsi:type="Assign"><Name/><Description/><To>getChartData.Param.6</To><From>Transaction.ID_UNITPARENTFLOAT</From></Assign><Assign xsi:type="Assign"><Name/><Description/><To>getChartData.Param.7</To><From>Transaction.FILTER_STR</From></Assign></IncomingLinks><OutgoingLinks/></Action></Actions></Step><Step xsi:type="Catch"><Name>Sequence_5</Name><Description/><Steps><Step xsi:type="ActionSequence"><Name>Sequence_6</Name><Description/><Steps/><Actions><Action><Name>ShowCatch_0</Name><Description> </Description><IncomingLinks><Assign xsi:type="Assign"><Name/><Description/><To>ShowCatch_0.Message</To><From>Catch_0.Message</From></Assign></IncomingLinks><OutgoingLinks/></Action></Actions></Step></Steps><Actions><Action><Name>Catch_0</Name><Description>Catches an exception</Description><IncomingLinks/><OutgoingLinks/></Action></Actions></Step></Steps><Actions><Action><Name>Exception_Enabler_0</Name><Description>Enables exceptions.</Description><IncomingLinks/><OutgoingLinks/></Action></Actions></Step><Step xsi:type="ActionSequence"><Name>Sequence_15</Name><Description/><Steps><Step xsi:type="ActionSequence"><Name>Sequence_16</Name><Description/><Steps/><Actions><Action><Name>ShowHCOutput</Name><Description> </Description><IncomingLinks><Assign xsi:type="Assign"><Name/><Description/><To>ShowHCOutput.Message</To><From>Transaction.HC_OUT</From></Assign></IncomingLinks><OutgoingLinks/></Action></Actions></Step></Steps><Actions><Action><Name>Assign_HC_OUT</Name><Description> </Description><IncomingLinks/><OutgoingLinks><Assign xsi:type="Assign"><Name/><Description/><To>Transaction.HC_OUT</To><From>Local.json_Series1 &amp; "," &amp; Local.json_Series2</From></Assign></OutgoingLinks></Action></Actions></Step></Steps><Actions><Action><Name>ShowParam</Name><Description> </Description><IncomingLinks><Assign xsi:type="Assign"><Name/><Description/><To>ShowParam.Message</To><From>" Line ID: " &amp; Transaction.ID_LINE &amp; " -- " &amp; " Op ID: " &amp; Transaction.ID_LINE &amp; " -- " &amp; Transaction.TS_ENDING</From></Assign></IncomingLinks><OutgoingLinks/></Action></Actions></Step></Steps></Transaction>