<?xml version="1.0" encoding="UTF-8"?><Transaction xmlns:xsd="http://www.w3.org/2001/XMLSchema" xmlns:xsi="http://www.w3.org/2001/XMLSchema-instance" Version="15.0.7.12"><TransactionAttributes><ContextItem><Name>Description</Name><Description>Transaction Description</Description><MinRange>0</MinRange><MaxRange>0</MaxRange><Value xsi:type="string"/><ReadOnly>true</ReadOnly><AlertXMLAssigned>false</AlertXMLAssigned></ContextItem><ContextItem><Name>Comments</Name><Description>User Comments</Description><MinRange>0</MinRange><MaxRange>0</MaxRange><Value xsi:type="string"/><ReadOnly>true</ReadOnly><AlertXMLAssigned>false</AlertXMLAssigned></ContextItem><ContextItem><Name>CreatedBy</Name><Description>Created By</Description><MinRange>0</MinRange><MaxRange>0</MaxRange><Value xsi:type="string">RadPa</Value><ReadOnly>true</ReadOnly><AlertXMLAssigned>false</AlertXMLAssigned></ContextItem><ContextItem><Name>CreationDate</Name><Description>Creation Date</Description><MinRange>0</MinRange><MaxRange>0</MaxRange><Value xsi:type="dateTime">2015-10-27T16:48:40</Value><ReadOnly>true</ReadOnly><AlertXMLAssigned>false</AlertXMLAssigned></ContextItem><ContextItem><Name>Category</Name><Description>Transaction Category</Description><MinRange>0</MinRange><MaxRange>0</MaxRange><Value xsi:type="string"/><ReadOnly>true</ReadOnly><AlertXMLAssigned>false</AlertXMLAssigned></ContextItem><ContextItem><Name>Status</Name><Description>Deployment Status</Description><MinRange>0</MinRange><MaxRange>0</MaxRange><Value xsi:type="string">DEVELOPMENT</Value><ReadOnly>true</ReadOnly><AlertXMLAssigned>false</AlertXMLAssigned></ContextItem><ContextItem><Name>LegacyProcessingMode</Name><Description>Support the pre MII 12.1 Transaction Engine.</Description><MinRange>0</MinRange><MaxRange>0</MaxRange><Value xsi:type="boolean">0</Value><ReadOnly>true</ReadOnly><AlertXMLAssigned>false</AlertXMLAssigned></ContextItem><ContextItem><Name>AutoAppendBlankNamespaces</Name><Description>AutoAppendBlankNamespaces</Description><MinRange>0</MinRange><MaxRange>0</MaxRange><Value xsi:type="boolean">1</Value><ReadOnly>true</ReadOnly><AlertXMLAssigned>false</AlertXMLAssigned></ContextItem><ContextItem><Name>ThrowOnLinkError</Name><Description>Throws an exception when a link error occures</Description><MinRange>0</MinRange><MaxRange>0</MaxRange><Value xsi:type="boolean">0</Value><ReadOnly>true</ReadOnly><AlertXMLAssigned>false</AlertXMLAssigned></ContextItem><ContextItem><Name>ThrowOnActionError</Name><Description>Throws an exception when an action error occurs</Description><MinRange>0</MinRange><MaxRange>0</MaxRange><Value xsi:type="boolean">1</Value><ReadOnly>true</ReadOnly><AlertXMLAssigned>false</AlertXMLAssigned></ContextItem><ContextItem><Name>FormatXMLOnConversion</Name><Description>By default XML will be formatted when assigned from XML data type to String data type. This behaviour can be changed with this flag.</Description><MinRange>0</MinRange><MaxRange>0</MaxRange><Value xsi:type="boolean">1</Value><ReadOnly>true</ReadOnly><AlertXMLAssigned>false</AlertXMLAssigned></ContextItem><ContextItem><Name>LastEditedBy</Name><Description>Last Edited By</Description><MinRange>0</MinRange><MaxRange>0</MaxRange><Value xsi:type="xsd:string">ChiCa</Value><ReadOnly>true</ReadOnly><AlertXMLAssigned>false</AlertXMLAssigned></ContextItem><ContextItem><Name>LastEditedDate</Name><Description>Last Edited Date</Description><MinRange>0</MinRange><MaxRange>0</MaxRange><Value xsi:type="xsd:dateTime">2016-11-18T10:21:11</Value><ReadOnly>true</ReadOnly><AlertXMLAssigned>false</AlertXMLAssigned></ContextItem></TransactionAttributes><Name>MESM/REPORTS/TRANSACTIONS/mailItemTraceabilityData</Name><Version>378</Version><WriterRoles>SAP_XMII_Super_Administrator,SAP_XMII_Administrator,SAP_XMII_Developer</WriterRoles><Context><ContextItem><Name>DataServer</Name><Description>MII Data Server Used for Query</Description><MinRange>0</MinRange><MaxRange>0</MaxRange><Value xsi:type="string">MESM</Value><ReadOnly>false</ReadOnly><AlertXMLAssigned>false</AlertXMLAssigned></ContextItem><ContextItem><Name>ItemSerialNumber</Name><Description/><MinRange>0</MinRange><MaxRange>0</MaxRange><Value xsi:type="string">01-0010385</Value><ReadOnly>false</ReadOnly><AlertXMLAssigned>false</AlertXMLAssigned></ContextItem><ContextItem><Name>MailRecipient</Name><Description/><MinRange>0</MinRange><MaxRange>0</MaxRange><Value xsi:type="string">catalin.chirvase@rtsautomation.com</Value><ReadOnly>false</ReadOnly><AlertXMLAssigned>false</AlertXMLAssigned></ContextItem><ContextItem><Name>QueryTitle</Name><Description>table title</Description><MinRange>0</MinRange><MaxRange>0</MaxRange><Value xsi:type="string">ITEM TRACEABILITY</Value><ReadOnly>false</ReadOnly><AlertXMLAssigned>false</AlertXMLAssigned></ContextItem><ContextItem><Name>ReportType</Name><Description/><MinRange>0</MinRange><MaxRange>0</MaxRange><Value xsi:type="string"/><ReadOnly>false</ReadOnly><AlertXMLAssigned>false</AlertXMLAssigned></ContextItem><ContextItem><Name>ShowFrom</Name><Description>Show orders from YYYYMMDD</Description><MinRange>0</MinRange><MaxRange>0</MaxRange><Value xsi:type="string"/><ReadOnly>false</ReadOnly><AlertXMLAssigned>false</AlertXMLAssigned></ContextItem><ContextItem><Name>ShowTo</Name><Description>Show orders from YYYYMMDD</Description><MinRange>0</MinRange><MaxRange>0</MaxRange><Value xsi:type="string"/><ReadOnly>false</ReadOnly><AlertXMLAssigned>false</AlertXMLAssigned></ContextItem><ContextItem><Name>StatusID</Name><Description>Status ID</Description><MinRange>0</MinRange><MaxRange>0</MaxRange><Value xsi:type="string">0</Value><ReadOnly>false</ReadOnly><AlertXMLAssigned>false</AlertXMLAssigned></ContextItem><ContextItem><Name>StatusName</Name><Description/><MinRange>0</MinRange><MaxRange>0</MaxRange><Value xsi:type="string"/><ReadOnly>false</ReadOnly><AlertXMLAssigned>false</AlertXMLAssigned></ContextItem><ContextItem><Name>XML_RESULT</Name><Description>Query Result as XML</Description><MinRange>0</MinRange><MaxRange>0</MaxRange><Value xsi:type="xml"><ReferenceDocumentSource/>&lt;?xml version="1.0" encoding="UTF-8"?&gt;&lt;Rowsets DateCreated="2015-11-02T13:25:37" EndDate="2015-10-30T17:10:57" StartDate="2015-10-30T17:10:57" Version="15.0 SP4 Patch 11 (Aug 28, 2015)"&gt;&#13;
    &lt;Rowset&gt;&#13;
        &lt;Columns&gt;&#13;
            &lt;Column Description="" MaxRange="1" MinRange="0" Name="DATE" SQLDataType="93" SourceColumn="DATE"/&gt;&#13;
            &lt;Column Description="" MaxRange="1" MinRange="0" Name="RECIPIENT" SQLDataType="1" SourceColumn="RECIPIENT"/&gt;&#13;
            &lt;Column Description="" MaxRange="1" MinRange="0" Name="SUBJECT" SQLDataType="1" SourceColumn="SUBJECT"/&gt;&#13;
            &lt;Column Description="" MaxRange="1" MinRange="0" Name="MESSAGEHTML" SQLDataType="1" SourceColumn="MESSAGEHTML"/&gt;&#13;
            &lt;Column Description="" MaxRange="1" MinRange="0" Name="TRXRESULT" SQLDataType="1" SourceColumn="TRXRESULT"/&gt;&#13;
        &lt;/Columns&gt;&#13;
        &lt;Row&gt;&#13;
            &lt;DATE&gt;2015-11-02T13:25:37&lt;/DATE&gt;&#13;
            &lt;RECIPIENT&gt;zarko.klasnja@rtsautomation.com&lt;/RECIPIENT&gt;&#13;
            &lt;SUBJECT&gt;USMAULSMIIAPPS1 says :  MESSAGE&lt;/SUBJECT&gt;&#13;
            &lt;MESSAGEHTML&gt;TEST MESSAGE&lt;/MESSAGEHTML&gt;&#13;
            &lt;TRXRESULT&gt;MAIL SUCCESS&lt;/TRXRESULT&gt;&#13;
        &lt;/Row&gt;&#13;
    &lt;/Rowset&gt;&#13;
&lt;/Rowsets&gt;</Value><SchemaURI/><SchemaElement/><ValidateXMLOnExecution>1</ValidateXMLOnExecution><ReadOnly>true</ReadOnly><AlertXMLAssigned>false</AlertXMLAssigned></ContextItem></Context><Local><ContextItem><Name>DefaultResult</Name><Description>Default DB Query Result as XML Message</Description><MinRange>0</MinRange><MaxRange>0</MaxRange><Value xsi:type="xml"><ReferenceDocumentSource/>&lt;?xml version="1.0" encoding="UTF-8"?&gt;&lt;Rowsets CachedTime="" DateCreated="" EndDate="" StartDate="" Version="15.0 SP4 Patch 11 (Aug 28, 2015)"&gt;&#13;
    &lt;Rowset&gt;&#13;
           &lt;Columns&gt;&#13;
            &lt;Column Description="serialNumber" MaxRange="1" MinRange="0" Name="serialNumber" SQLDataType="-9" SourceColumn="serialNumber"/&gt;&#13;
           	 &lt;Column Description="tagDescription" MaxRange="1" MinRange="0" Name="tagDescription" SQLDataType="-9" SourceColumn="tagDescription"/&gt;&#13;
           	  &lt;Column Description="operationName" MaxRange="1" MinRange="0" Name="operationName" SQLDataType="-9" SourceColumn="operationName"/&gt;&#13;
            &lt;Column Description="notifTagValue" MaxRange="1" MinRange="0" Name="notifTagValue" SQLDataType="-9" SourceColumn="notifTagValue"/&gt;&#13;
     		 &lt;Column Description="uom" MaxRange="1" MinRange="0" Name="uom" SQLDataType="-9" SourceColumn="uom"/&gt;&#13;
            &lt;Column Description="CreatedOn" MaxRange="1" MinRange="0" Name="CreatedOn" SQLDataType="4" SourceColumn="CreatedOn"/&gt;&#13;
         &lt;/Columns&gt;&#13;
        &lt;Message/&gt;&#13;
    &lt;/Rowset&gt;&#13;
&lt;/Rowsets&gt;</Value><SchemaURI/><SchemaElement/><ValidateXMLOnExecution>1</ValidateXMLOnExecution><ReadOnly>false</ReadOnly><AlertXMLAssigned>false</AlertXMLAssigned></ContextItem><ContextItem><Name>BgColor</Name><Description>Background Color</Description><MinRange>0</MinRange><MaxRange>0</MaxRange><Value xsi:type="string">#EFEFEF</Value><ReadOnly>false</ReadOnly><AlertXMLAssigned>false</AlertXMLAssigned></ContextItem><ContextItem><Name>QueryTemplate</Name><Description>Query Template To Be Used At RunTime</Description><MinRange>0</MinRange><MaxRange>0</MaxRange><Value xsi:type="string">MESM/REPORTS/QUERIES/get_ItemTraceRep_TestsData</Value><ReadOnly>false</ReadOnly><AlertXMLAssigned>false</AlertXMLAssigned></ContextItem><ContextItem><Name>stringHTML</Name><Description>HTML Mesage being built</Description><MinRange>0</MinRange><MaxRange>0</MaxRange><Value xsi:type="string"/><ReadOnly>false</ReadOnly><AlertXMLAssigned>false</AlertXMLAssigned></ContextItem></Local><Layout><GUILayoutItem><Name>Sequence</Name><X>872</X><Y>8</Y><Width>120</Width><SpacingWidth>1848</SpacingWidth><DescendantWidth>1848</DescendantWidth><Height>96</Height></GUILayoutItem><GUILayoutItem><Name>Sequence_0</Name><X>224</X><Y>144</Y><Width>120</Width><SpacingWidth>552</SpacingWidth><DescendantWidth>552</DescendantWidth><Height>96</Height></GUILayoutItem><GUILayoutItem><Name>ShowParam</Name><X>880</X><Y>24</Y><Width>104</Width><SpacingWidth>0</SpacingWidth><DescendantWidth>0</DescendantWidth><Height>72</Height></GUILayoutItem><GUILayoutItem><Name>AssignTemplate</Name><X>232</X><Y>160</Y><Width>104</Width><SpacingWidth>0</SpacingWidth><DescendantWidth>0</DescendantWidth><Height>72</Height></GUILayoutItem><GUILayoutItem><Name>Sequence_1</Name><X>224</X><Y>280</Y><Width>120</Width><SpacingWidth>552</SpacingWidth><DescendantWidth>552</DescendantWidth><Height>96</Height></GUILayoutItem><GUILayoutItem><Name>ShowTemplate</Name><X>232</X><Y>296</Y><Width>104</Width><SpacingWidth>0</SpacingWidth><DescendantWidth>0</DescendantWidth><Height>72</Height></GUILayoutItem><GUILayoutItem><Name>Sequence_2</Name><X>224</X><Y>416</Y><Width>120</Width><SpacingWidth>552</SpacingWidth><DescendantWidth>552</DescendantWidth><Height>96</Height></GUILayoutItem><GUILayoutItem><Name>Sequence_3</Name><X>152</X><Y>552</Y><Width>120</Width><SpacingWidth>408</SpacingWidth><DescendantWidth>408</DescendantWidth><Height>96</Height></GUILayoutItem><GUILayoutItem><Name>Sequence_5</Name><X>440</X><Y>688</Y><Width>120</Width><SpacingWidth>120</SpacingWidth><DescendantWidth>120</DescendantWidth><Height>96</Height></GUILayoutItem><GUILayoutItem><Name>Exception_Enabler_0</Name><X>232</X><Y>432</Y><Width>104</Width><SpacingWidth>0</SpacingWidth><DescendantWidth>0</DescendantWidth><Height>72</Height></GUILayoutItem><GUILayoutItem><Name>Sequence_4</Name><X>440</X><Y>552</Y><Width>120</Width><SpacingWidth>120</SpacingWidth><DescendantWidth>120</DescendantWidth><Height>96</Height></GUILayoutItem><GUILayoutItem><Name>Catch_0</Name><X>448</X><Y>568</Y><Width>104</Width><SpacingWidth>0</SpacingWidth><DescendantWidth>0</DescendantWidth><Height>72</Height></GUILayoutItem><GUILayoutItem><Name>ShowCatch_0</Name><X>448</X><Y>704</Y><Width>104</Width><SpacingWidth>0</SpacingWidth><DescendantWidth>0</DescendantWidth><Height>72</Height></GUILayoutItem><GUILayoutItem><Name>RunQuery</Name><X>160</X><Y>568</Y><Width>104</Width><SpacingWidth>0</SpacingWidth><DescendantWidth>0</DescendantWidth><Height>72</Height></GUILayoutItem><GUILayoutItem><Name>Sequence_6</Name><X>8</X><Y>960</Y><Width>120</Width><SpacingWidth>120</SpacingWidth><DescendantWidth>120</DescendantWidth><Height>96</Height></GUILayoutItem><GUILayoutItem><Name>AssignResult</Name><X>16</X><Y>976</Y><Width>104</Width><SpacingWidth>0</SpacingWidth><DescendantWidth>0</DescendantWidth><Height>72</Height></GUILayoutItem><GUILayoutItem><Name>Sequence_7</Name><X>8</X><Y>1096</Y><Width>120</Width><SpacingWidth>120</SpacingWidth><DescendantWidth>0</DescendantWidth><Height>96</Height></GUILayoutItem><GUILayoutItem><Name>ShowXML</Name><X>16</X><Y>1112</Y><Width>104</Width><SpacingWidth>0</SpacingWidth><DescendantWidth>0</DescendantWidth><Height>72</Height></GUILayoutItem><GUILayoutItem><Name>Sequence_8</Name><X>440</X><Y>824</Y><Width>120</Width><SpacingWidth>120</SpacingWidth><DescendantWidth>120</DescendantWidth><Height>96</Height></GUILayoutItem><GUILayoutItem><Name>AssignDefault</Name><X>448</X><Y>840</Y><Width>104</Width><SpacingWidth>0</SpacingWidth><DescendantWidth>0</DescendantWidth><Height>72</Height></GUILayoutItem><GUILayoutItem><Name>Sequence_9</Name><X>440</X><Y>960</Y><Width>120</Width><SpacingWidth>120</SpacingWidth><DescendantWidth>0</DescendantWidth><Height>96</Height></GUILayoutItem><GUILayoutItem><Name>ShowDefault</Name><X>448</X><Y>976</Y><Width>104</Width><SpacingWidth>0</SpacingWidth><DescendantWidth>0</DescendantWidth><Height>72</Height></GUILayoutItem><GUILayoutItem><Name>Sequence_10</Name><X>152</X><Y>688</Y><Width>120</Width><SpacingWidth>408</SpacingWidth><DescendantWidth>408</DescendantWidth><Height>96</Height></GUILayoutItem><GUILayoutItem><Name>SUCCESS</Name><X>160</X><Y>704</Y><Width>104</Width><SpacingWidth>0</SpacingWidth><DescendantWidth>0</DescendantWidth><Height>72</Height></GUILayoutItem><GUILayoutItem><Name>Sequence_12</Name><X>296</X><Y>824</Y><Width>120</Width><SpacingWidth>120</SpacingWidth><DescendantWidth>120</DescendantWidth><Height>96</Height></GUILayoutItem><GUILayoutItem><Name>AssignError</Name><X>304</X><Y>840</Y><Width>104</Width><SpacingWidth>0</SpacingWidth><DescendantWidth>0</DescendantWidth><Height>72</Height></GUILayoutItem><GUILayoutItem><Name>Sequence_13</Name><X>296</X><Y>960</Y><Width>120</Width><SpacingWidth>120</SpacingWidth><DescendantWidth>0</DescendantWidth><Height>96</Height></GUILayoutItem><GUILayoutItem><Name>ShowError</Name><X>304</X><Y>976</Y><Width>104</Width><SpacingWidth>0</SpacingWidth><DescendantWidth>0</DescendantWidth><Height>72</Height></GUILayoutItem><GUILayoutItem><Name>Sequence_14</Name><X>152</X><Y>960</Y><Width>120</Width><SpacingWidth>120</SpacingWidth><DescendantWidth>120</DescendantWidth><Height>96</Height></GUILayoutItem><GUILayoutItem><Name>EmptySet</Name><X>160</X><Y>976</Y><Width>104</Width><SpacingWidth>0</SpacingWidth><DescendantWidth>0</DescendantWidth><Height>72</Height></GUILayoutItem><GUILayoutItem><Name>Sequence_15</Name><X>152</X><Y>1096</Y><Width>120</Width><SpacingWidth>120</SpacingWidth><DescendantWidth>0</DescendantWidth><Height>96</Height></GUILayoutItem><GUILayoutItem><Name>ShowEmpty</Name><X>160</X><Y>1112</Y><Width>104</Width><SpacingWidth>0</SpacingWidth><DescendantWidth>0</DescendantWidth><Height>72</Height></GUILayoutItem><GUILayoutItem><Name>Sequence_11</Name><X>80</X><Y>824</Y><Width>120</Width><SpacingWidth>264</SpacingWidth><DescendantWidth>264</DescendantWidth><Height>96</Height></GUILayoutItem><GUILayoutItem><Name>NotEmpty</Name><X>88</X><Y>840</Y><Width>104</Width><SpacingWidth>0</SpacingWidth><DescendantWidth>0</DescendantWidth><Height>72</Height></GUILayoutItem><GUILayoutItem><Name>Sequence_16</Name><X>1160</X><Y>144</Y><Width>120</Width><SpacingWidth>1272</SpacingWidth><DescendantWidth>1272</DescendantWidth><Height>96</Height></GUILayoutItem><GUILayoutItem><Name>Rowset_Ready</Name><X>1168</X><Y>160</Y><Width>104</Width><SpacingWidth>0</SpacingWidth><DescendantWidth>0</DescendantWidth><Height>72</Height></GUILayoutItem><GUILayoutItem><Name>Sequence_18</Name><X>1736</X><Y>280</Y><Width>120</Width><SpacingWidth>120</SpacingWidth><DescendantWidth>0</DescendantWidth><Height>96</Height></GUILayoutItem><GUILayoutItem><Name>NoMailNeeded</Name><X>1744</X><Y>296</Y><Width>104</Width><SpacingWidth>0</SpacingWidth><DescendantWidth>0</DescendantWidth><Height>72</Height></GUILayoutItem><GUILayoutItem><Name>Sequence_17</Name><X>944</X><Y>416</Y><Width>120</Width><SpacingWidth>840</SpacingWidth><DescendantWidth>840</DescendantWidth><Height>96</Height></GUILayoutItem><GUILayoutItem><Name>RepeatOnRow</Name><X>952</X><Y>432</Y><Width>104</Width><SpacingWidth>0</SpacingWidth><DescendantWidth>0</DescendantWidth><Height>72</Height></GUILayoutItem><GUILayoutItem><Name>Sequence_21</Name><X>1088</X><Y>280</Y><Width>120</Width><SpacingWidth>1128</SpacingWidth><DescendantWidth>1128</DescendantWidth><Height>96</Height></GUILayoutItem><GUILayoutItem><Name>Sequence_20</Name><X>1520</X><Y>416</Y><Width>120</Width><SpacingWidth>264</SpacingWidth><DescendantWidth>264</DescendantWidth><Height>96</Height></GUILayoutItem><GUILayoutItem><Name>AssignHTML_Hdr</Name><X>1096</X><Y>296</Y><Width>104</Width><SpacingWidth>0</SpacingWidth><DescendantWidth>0</DescendantWidth><Height>72</Height></GUILayoutItem><GUILayoutItem><Name>AssignHTML_Ftr</Name><X>1528</X><Y>432</Y><Width>104</Width><SpacingWidth>0</SpacingWidth><DescendantWidth>0</DescendantWidth><Height>72</Height></GUILayoutItem><GUILayoutItem><Name>Sequence_22</Name><X>1520</X><Y>552</Y><Width>120</Width><SpacingWidth>264</SpacingWidth><DescendantWidth>264</DescendantWidth><Height>96</Height></GUILayoutItem><GUILayoutItem><Name>ShowHTML</Name><X>1528</X><Y>568</Y><Width>104</Width><SpacingWidth>0</SpacingWidth><DescendantWidth>0</DescendantWidth><Height>72</Height></GUILayoutItem><GUILayoutItem><Name>Sequence_19</Name><X>800</X><Y>688</Y><Width>120</Width><SpacingWidth>552</SpacingWidth><DescendantWidth>552</DescendantWidth><Height>96</Height></GUILayoutItem><GUILayoutItem><Name>FirstRow</Name><X>808</X><Y>704</Y><Width>104</Width><SpacingWidth>0</SpacingWidth><DescendantWidth>0</DescendantWidth><Height>72</Height></GUILayoutItem><GUILayoutItem><Name>Sequence_23</Name><X>584</X><Y>824</Y><Width>120</Width><SpacingWidth>120</SpacingWidth><DescendantWidth>0</DescendantWidth><Height>96</Height></GUILayoutItem><GUILayoutItem><Name>Sequence_24</Name><X>728</X><Y>824</Y><Width>120</Width><SpacingWidth>120</SpacingWidth><DescendantWidth>0</DescendantWidth><Height>96</Height></GUILayoutItem><GUILayoutItem><Name>AssignPlantHdr</Name><X>592</X><Y>840</Y><Width>104</Width><SpacingWidth>0</SpacingWidth><DescendantWidth>0</DescendantWidth><Height>72</Height></GUILayoutItem><GUILayoutItem><Name>Sequence_35</Name><X>944</X><Y>552</Y><Width>120</Width><SpacingWidth>840</SpacingWidth><DescendantWidth>840</DescendantWidth><Height>96</Height></GUILayoutItem><GUILayoutItem><Name>Sequence_25</Name><X>1232</X><Y>688</Y><Width>120</Width><SpacingWidth>264</SpacingWidth><DescendantWidth>264</DescendantWidth><Height>96</Height></GUILayoutItem><GUILayoutItem><Name>FIX_bgColor</Name><X>1240</X><Y>704</Y><Width>104</Width><SpacingWidth>0</SpacingWidth><DescendantWidth>0</DescendantWidth><Height>72</Height></GUILayoutItem><GUILayoutItem><Name>Sequence_27</Name><X>1160</X><Y>824</Y><Width>120</Width><SpacingWidth>120</SpacingWidth><DescendantWidth>0</DescendantWidth><Height>96</Height></GUILayoutItem><GUILayoutItem><Name>AssignFFFFFF</Name><X>1168</X><Y>840</Y><Width>104</Width><SpacingWidth>0</SpacingWidth><DescendantWidth>0</DescendantWidth><Height>72</Height></GUILayoutItem><GUILayoutItem><Name>Sequence_28</Name><X>1304</X><Y>824</Y><Width>120</Width><SpacingWidth>120</SpacingWidth><DescendantWidth>0</DescendantWidth><Height>96</Height></GUILayoutItem><GUILayoutItem><Name>AssignEFEFEF</Name><X>1312</X><Y>840</Y><Width>104</Width><SpacingWidth>0</SpacingWidth><DescendantWidth>0</DescendantWidth><Height>72</Height></GUILayoutItem><GUILayoutItem><Name>Sequence_39</Name><X>1448</X><Y>824</Y><Width>120</Width><SpacingWidth>120</SpacingWidth><DescendantWidth>120</DescendantWidth><Height>96</Height></GUILayoutItem><GUILayoutItem><Name>SendMail</Name><X>1456</X><Y>840</Y><Width>104</Width><SpacingWidth>0</SpacingWidth><DescendantWidth>0</DescendantWidth><Height>72</Height></GUILayoutItem><GUILayoutItem><Name>Sequence_41</Name><X>1448</X><Y>1096</Y><Width>120</Width><SpacingWidth>120</SpacingWidth><DescendantWidth>0</DescendantWidth><Height>96</Height></GUILayoutItem><GUILayoutItem><Name>ShowMessage</Name><X>1456</X><Y>1112</Y><Width>104</Width><SpacingWidth>0</SpacingWidth><DescendantWidth>0</DescendantWidth><Height>72</Height></GUILayoutItem><GUILayoutItem><Name>Sequence_42</Name><X>1520</X><Y>688</Y><Width>120</Width><SpacingWidth>264</SpacingWidth><DescendantWidth>264</DescendantWidth><Height>96</Height></GUILayoutItem><GUILayoutItem><Name>Sequence_44</Name><X>1592</X><Y>960</Y><Width>120</Width><SpacingWidth>120</SpacingWidth><DescendantWidth>0</DescendantWidth><Height>96</Height></GUILayoutItem><GUILayoutItem><Name>Exception_Enabler_1</Name><X>1528</X><Y>704</Y><Width>104</Width><SpacingWidth>0</SpacingWidth><DescendantWidth>0</DescendantWidth><Height>72</Height></GUILayoutItem><GUILayoutItem><Name>Sequence_43</Name><X>1592</X><Y>824</Y><Width>120</Width><SpacingWidth>120</SpacingWidth><DescendantWidth>120</DescendantWidth><Height>96</Height></GUILayoutItem><GUILayoutItem><Name>Catch_1</Name><X>1600</X><Y>840</Y><Width>104</Width><SpacingWidth>0</SpacingWidth><DescendantWidth>0</DescendantWidth><Height>72</Height></GUILayoutItem><GUILayoutItem><Name>ShowCatch_1</Name><X>1600</X><Y>976</Y><Width>104</Width><SpacingWidth>0</SpacingWidth><DescendantWidth>0</DescendantWidth><Height>72</Height></GUILayoutItem><GUILayoutItem><Name>Sequence_45</Name><X>1448</X><Y>960</Y><Width>120</Width><SpacingWidth>120</SpacingWidth><DescendantWidth>120</DescendantWidth><Height>96</Height></GUILayoutItem><GUILayoutItem><Name>AssignOUT</Name><X>1456</X><Y>976</Y><Width>104</Width><SpacingWidth>0</SpacingWidth><DescendantWidth>0</DescendantWidth><Height>72</Height></GUILayoutItem><GUILayoutItem><Name>NotTableHDR</Name><X>736</X><Y>840</Y><Width>104</Width><SpacingWidth>0</SpacingWidth><DescendantWidth>0</DescendantWidth><Height>72</Height></GUILayoutItem><GUILayoutItem><Name>Sequence_32</Name><X>944</X><Y>824</Y><Width>120</Width><SpacingWidth>264</SpacingWidth><DescendantWidth>264</DescendantWidth><Height>96</Height></GUILayoutItem><GUILayoutItem><Name>AssignDataVal</Name><X>952</X><Y>840</Y><Width>104</Width><SpacingWidth>0</SpacingWidth><DescendantWidth>0</DescendantWidth><Height>72</Height></GUILayoutItem><GUILayoutItem><Name>Sequence_29</Name><X>944</X><Y>960</Y><Width>120</Width><SpacingWidth>264</SpacingWidth><DescendantWidth>264</DescendantWidth><Height>96</Height></GUILayoutItem><GUILayoutItem><Name>LastRow</Name><X>952</X><Y>976</Y><Width>104</Width><SpacingWidth>0</SpacingWidth><DescendantWidth>0</DescendantWidth><Height>72</Height></GUILayoutItem><GUILayoutItem><Name>Sequence_30</Name><X>872</X><Y>1096</Y><Width>120</Width><SpacingWidth>120</SpacingWidth><DescendantWidth>0</DescendantWidth><Height>96</Height></GUILayoutItem><GUILayoutItem><Name>AssignTableFooter</Name><X>880</X><Y>1112</Y><Width>104</Width><SpacingWidth>0</SpacingWidth><DescendantWidth>0</DescendantWidth><Height>72</Height></GUILayoutItem><GUILayoutItem><Name>Sequence_31</Name><X>1016</X><Y>1096</Y><Width>120</Width><SpacingWidth>120</SpacingWidth><DescendantWidth>0</DescendantWidth><Height>96</Height></GUILayoutItem></Layout><Actions><ContextItem><Name>ShowParam</Name><Description/><MinRange>0</MinRange><MaxRange>0</MaxRange><Value xsi:type="Tracer"><Message/><Level>INFO</Level></Value><ReadOnly>false</ReadOnly><AlertXMLAssigned>false</AlertXMLAssigned></ContextItem><ContextItem><Name>AssignTemplate</Name><Description/><MinRange>0</MinRange><MaxRange>0</MaxRange><Value xsi:type="Assignment"/><ReadOnly>false</ReadOnly><AlertXMLAssigned>false</AlertXMLAssigned></ContextItem><ContextItem><Name>ShowTemplate</Name><Description/><MinRange>0</MinRange><MaxRange>0</MaxRange><Value xsi:type="Tracer"><Message/><Level>INFO</Level></Value><ReadOnly>false</ReadOnly><AlertXMLAssigned>false</AlertXMLAssigned></ContextItem><ContextItem><Name>Exception_Enabler_0</Name><Description/><MinRange>0</MinRange><MaxRange>0</MaxRange><Value xsi:type="ExceptionEnabler"><EnableActionExceptions>true</EnableActionExceptions><EnableLinkExceptions>true</EnableLinkExceptions></Value><ReadOnly>false</ReadOnly><AlertXMLAssigned>false</AlertXMLAssigned></ContextItem><ContextItem><Name>Catch_0</Name><Description/><MinRange>0</MinRange><MaxRange>0</MaxRange><Value xsi:type="CatchAction"/><ReadOnly>false</ReadOnly><AlertXMLAssigned>false</AlertXMLAssigned></ContextItem><ContextItem><Name>ShowCatch_0</Name><Description/><MinRange>0</MinRange><MaxRange>0</MaxRange><Value xsi:type="Tracer"><Message/><Level>INFO</Level></Value><ReadOnly>false</ReadOnly><AlertXMLAssigned>false</AlertXMLAssigned></ContextItem><ContextItem><Name>RunQuery</Name><Description/><MinRange>0</MinRange><MaxRange>0</MaxRange><Value xsi:type="IlluminatorSQLQueryObject"><Timeout>60</Timeout><QueryParameters/><QueryTemplate>MESM/REPORTS/QUERIES/get_ItemTraceRep_TestsData</QueryTemplate><QueryStartDate>2015-10-27T17:01:59</QueryStartDate><QueryEndDate>2015-10-27T17:01:59</QueryEndDate><SQLTransaction/><Results><ReferenceDocumentSource/>&lt;?xml version="1.0" encoding="UTF-8"?&gt;&lt;Rowsets CachedTime="" DateCreated="2016-11-18T15:09:03" EndDate="2016-11-18T15:09:03" StartDate="2016-11-18T14:09:03" Version="15.0 SP7 Patch 12 (07-Sep-2016)"&gt;&lt;Rowset&gt;&lt;Columns&gt;&lt;Column Description="serialNumber" MaxRange="1" MinRange="0" Name="serialNumber" SQLDataType="-9" SourceColumn="serialNumber"/&gt;&lt;Column Description="uom" MaxRange="1" MinRange="0" Name="uom" SQLDataType="-9" SourceColumn="uom"/&gt;&lt;Column Description="notifTagValue" MaxRange="1" MinRange="0" Name="notifTagValue" SQLDataType="12" SourceColumn="notifTagValue"/&gt;&lt;Column Description="notifTagID" MaxRange="1" MinRange="0" Name="notifTagID" SQLDataType="-5" SourceColumn="notifTagID"/&gt;&lt;Column Description="notifRecordID" MaxRange="1" MinRange="0" Name="notifRecordID" SQLDataType="-5" SourceColumn="notifRecordID"/&gt;&lt;Column Description="descriptionDefined" MaxRange="1" MinRange="0" Name="descriptionDefined" SQLDataType="-9" SourceColumn="descriptionDefined"/&gt;&lt;Column Description="nameDefined" MaxRange="1" MinRange="0" Name="nameDefined" SQLDataType="-9" SourceColumn="nameDefined"/&gt;&lt;Column Description="operationName" MaxRange="1" MinRange="0" Name="operationName" SQLDataType="-9" SourceColumn="operationName"/&gt;&lt;Column Description="CreatedOn" MaxRange="1" MinRange="0" Name="CreatedOn" SQLDataType="-9" SourceColumn="CreatedOn"/&gt;&lt;/Columns&gt;&lt;Row&gt;&lt;serialNumber&gt;10023376B006E&lt;/serialNumber&gt;&lt;uom&gt;NONE&lt;/uom&gt;&lt;notifTagValue&gt;0&lt;/notifTagValue&gt;&lt;notifTagID&gt;318&lt;/notifTagID&gt;&lt;notifRecordID&gt;263617&lt;/notifRecordID&gt;&lt;descriptionDefined&gt;OP010 - Pinion Head Thickness (After Offset)&lt;/descriptionDefined&gt;&lt;nameDefined&gt;Pinion_Head_Thickness&lt;/nameDefined&gt;&lt;operationName&gt;VWC_SUBASSY_OP010&lt;/operationName&gt;&lt;CreatedOn&gt;2016-10-08 08:15:43&lt;/CreatedOn&gt;&lt;/Row&gt;&lt;Row&gt;&lt;serialNumber&gt;10023376B006E&lt;/serialNumber&gt;&lt;uom&gt;NONE&lt;/uom&gt;&lt;notifTagValue&gt;0&lt;/notifTagValue&gt;&lt;notifTagID&gt;319&lt;/notifTagID&gt;&lt;notifRecordID&gt;263617&lt;/notifRecordID&gt;&lt;descriptionDefined&gt;OP010 - Pinion Mounting Position (After Offset)&lt;/descriptionDefined&gt;&lt;nameDefined&gt;Pinion_Mounting_Position&lt;/nameDefined&gt;&lt;operationName&gt;VWC_SUBASSY_OP010&lt;/operationName&gt;&lt;CreatedOn&gt;2016-10-08 08:15:43&lt;/CreatedOn&gt;&lt;/Row&gt;&lt;Row&gt;&lt;serialNumber&gt;10023376B006E&lt;/serialNumber&gt;&lt;uom&gt;NONE&lt;/uom&gt;&lt;notifTagValue&gt;0&lt;/notifTagValue&gt;&lt;notifTagID&gt;320&lt;/notifTagID&gt;&lt;notifRecordID&gt;263617&lt;/notifRecordID&gt;&lt;descriptionDefined&gt;OP010 - Pinion Serial Number&lt;/descriptionDefined&gt;&lt;nameDefined&gt;Pinion_SerialNumber&lt;/nameDefined&gt;&lt;operationName&gt;VWC_SUBASSY_OP010&lt;/operationName&gt;&lt;CreatedOn&gt;2016-10-08 08:15:43&lt;/CreatedOn&gt;&lt;/Row&gt;&lt;Row&gt;&lt;serialNumber&gt;10023376B006E&lt;/serialNumber&gt;&lt;uom&gt;NONE&lt;/uom&gt;&lt;notifTagValue&gt;0&lt;/notifTagValue&gt;&lt;notifTagID&gt;321&lt;/notifTagID&gt;&lt;notifRecordID&gt;263617&lt;/notifRecordID&gt;&lt;descriptionDefined&gt;OP010 - Pinion Head Thickness Offset (User Entered)&lt;/descriptionDefined&gt;&lt;nameDefined&gt;PinionHead_ThicknessOffset&lt;/nameDefined&gt;&lt;operationName&gt;VWC_SUBASSY_OP010&lt;/operationName&gt;&lt;CreatedOn&gt;2016-10-08 08:15:43&lt;/CreatedOn&gt;&lt;/Row&gt;&lt;Row&gt;&lt;serialNumber&gt;10023376B006E&lt;/serialNumber&gt;&lt;uom&gt;NONE&lt;/uom&gt;&lt;notifTagValue&gt;0&lt;/notifTagValue&gt;&lt;notifTagID&gt;322&lt;/notifTagID&gt;&lt;notifRecordID&gt;263617&lt;/notifRecordID&gt;&lt;descriptionDefined&gt;OP010 - Pinion Mounting Position Offset (User Entered)&lt;/descriptionDefined&gt;&lt;nameDefined&gt;PinionMounting_PositionOffeset&lt;/nameDefined&gt;&lt;operationName&gt;VWC_SUBASSY_OP010&lt;/operationName&gt;&lt;CreatedOn&gt;2016-10-08 08:15:43&lt;/CreatedOn&gt;&lt;/Row&gt;&lt;Row&gt;&lt;serialNumber&gt;10023376B006E&lt;/serialNumber&gt;&lt;uom&gt;KN&lt;/uom&gt;&lt;notifTagValue&gt;15&lt;/notifTagValue&gt;&lt;notifTagID&gt;74&lt;/notifTagID&gt;&lt;notifRecordID&gt;263621&lt;/notifRecordID&gt;&lt;descriptionDefined&gt;OP020 Press bottom out force lower limit (KN)&lt;/descriptionDefined&gt;&lt;nameDefined&gt;Press_BottomOutForce_LCL&lt;/nameDefined&gt;&lt;operationName&gt;VWC_SUBASSY_OP020&lt;/operationName&gt;&lt;CreatedOn&gt;2016-10-08 08:18:57&lt;/CreatedOn&gt;&lt;/Row&gt;&lt;Row&gt;&lt;serialNumber&gt;10023376B006E&lt;/serialNumber&gt;&lt;uom&gt;KN&lt;/uom&gt;&lt;notifTagValue&gt;2&lt;/notifTagValue&gt;&lt;notifTagID&gt;80&lt;/notifTagID&gt;&lt;notifRecordID&gt;263621&lt;/notifRecordID&gt;&lt;descriptionDefined&gt;OP020 Press mid stroke force lower limit (KN)&lt;/descriptionDefined&gt;&lt;nameDefined&gt;Press_MidStrokeForce_LCL&lt;/nameDefined&gt;&lt;operationName&gt;VWC_SUBASSY_OP020&lt;/operationName&gt;&lt;CreatedOn&gt;2016-10-08 08:18:57&lt;/CreatedOn&gt;&lt;/Row&gt;&lt;Row&gt;&lt;serialNumber&gt;10023376B006E&lt;/serialNumber&gt;&lt;uom&gt;KN&lt;/uom&gt;&lt;notifTagValue&gt;23.6918&lt;/notifTagValue&gt;&lt;notifTagID&gt;72&lt;/notifTagID&gt;&lt;notifRecordID&gt;263621&lt;/notifRecordID&gt;&lt;descriptionDefined&gt;OP020 Press bottom out force&lt;/descriptionDefined&gt;&lt;nameDefined&gt;Press_BottomOut_Force&lt;/nameDefined&gt;&lt;operationName&gt;VWC_SUBASSY_OP020&lt;/operationName&gt;&lt;CreatedOn&gt;2016-10-08 08:18:57&lt;/CreatedOn&gt;&lt;/Row&gt;&lt;Row&gt;&lt;serialNumber&gt;10023376B006E&lt;/serialNumber&gt;&lt;uom&gt;KN&lt;/uom&gt;&lt;notifTagValue&gt;28&lt;/notifTagValue&gt;&lt;notifTagID&gt;81&lt;/notifTagID&gt;&lt;notifRecordID&gt;263621&lt;/notifRecordID&gt;&lt;descriptionDefined&gt;OP020 Press mid stroke force upper limit (KN)&lt;/descriptionDefined&gt;&lt;nameDefined&gt;Press_MidStrokeForce_UCL&lt;/nameDefined&gt;&lt;operationName&gt;VWC_SUBASSY_OP020&lt;/operationName&gt;&lt;CreatedOn&gt;2016-10-08 08:18:57&lt;/CreatedOn&gt;&lt;/Row&gt;&lt;Row&gt;&lt;serialNumber&gt;10023376B006E&lt;/serialNumber&gt;&lt;uom&gt;KN&lt;/uom&gt;&lt;notifTagValue&gt;50&lt;/notifTagValue&gt;&lt;notifTagID&gt;75&lt;/notifTagID&gt;&lt;notifRecordID&gt;263621&lt;/notifRecordID&gt;&lt;descriptionDefined&gt;OP020 Press bottom out force upper limit (KN)&lt;/descriptionDefined&gt;&lt;nameDefined&gt;Press_BottomOutForce_UCL&lt;/nameDefined&gt;&lt;operationName&gt;VWC_SUBASSY_OP020&lt;/operationName&gt;&lt;CreatedOn&gt;2016-10-08 08:18:57&lt;/CreatedOn&gt;&lt;/Row&gt;&lt;Row&gt;&lt;serialNumber&gt;10023376B006E&lt;/serialNumber&gt;&lt;uom&gt;MM&lt;/uom&gt;&lt;notifTagValue&gt;0&lt;/notifTagValue&gt;&lt;notifTagID&gt;78&lt;/notifTagID&gt;&lt;notifRecordID&gt;263621&lt;/notifRecordID&gt;&lt;descriptionDefined&gt;OP020 Press mid stroke high value (mm)&lt;/descriptionDefined&gt;&lt;nameDefined&gt;Press_MidStroke_HV&lt;/nameDefined&gt;&lt;operationName&gt;VWC_SUBASSY_OP020&lt;/operationName&gt;&lt;CreatedOn&gt;2016-10-08 08:18:57&lt;/CreatedOn&gt;&lt;/Row&gt;&lt;Row&gt;&lt;serialNumber&gt;10023376B006E&lt;/serialNumber&gt;&lt;uom&gt;MM&lt;/uom&gt;&lt;notifTagValue&gt;0&lt;/notifTagValue&gt;&lt;notifTagID&gt;79&lt;/notifTagID&gt;&lt;notifRecordID&gt;263621&lt;/notifRecordID&gt;&lt;descriptionDefined&gt;OP020 Press mid stroke low value (mm)&lt;/descriptionDefined&gt;&lt;nameDefined&gt;Press_MidStroke_LV&lt;/nameDefined&gt;&lt;operationName&gt;VWC_SUBASSY_OP020&lt;/operationName&gt;&lt;CreatedOn&gt;2016-10-08 08:18:57&lt;/CreatedOn&gt;&lt;/Row&gt;&lt;Row&gt;&lt;serialNumber&gt;10023376B006E&lt;/serialNumber&gt;&lt;uom&gt;MM&lt;/uom&gt;&lt;notifTagValue&gt;64&lt;/notifTagValue&gt;&lt;notifTagID&gt;76&lt;/notifTagID&gt;&lt;notifRecordID&gt;263621&lt;/notifRecordID&gt;&lt;descriptionDefined&gt;OP020 Press bottom out stroke lower llimit (mm)&lt;/descriptionDefined&gt;&lt;nameDefined&gt;Press_BottomOutStroke_LCL&lt;/nameDefined&gt;&lt;operationName&gt;VWC_SUBASSY_OP020&lt;/operationName&gt;&lt;CreatedOn&gt;2016-10-08 08:18:57&lt;/CreatedOn&gt;&lt;/Row&gt;&lt;Row&gt;&lt;serialNumber&gt;10023376B006E&lt;/serialNumber&gt;&lt;uom&gt;MM&lt;/uom&gt;&lt;notifTagValue&gt;65.6503&lt;/notifTagValue&gt;&lt;notifTagID&gt;73&lt;/notifTagID&gt;&lt;notifRecordID&gt;263621&lt;/notifRecordID&gt;&lt;descriptionDefined&gt;OP020 Press bottom out stroke&lt;/descriptionDefined&gt;&lt;nameDefined&gt;Press_BottomOut_Stroke&lt;/nameDefined&gt;&lt;operationName&gt;VWC_SUBASSY_OP020&lt;/operationName&gt;&lt;CreatedOn&gt;2016-10-08 08:18:57&lt;/CreatedOn&gt;&lt;/Row&gt;&lt;Row&gt;&lt;serialNumber&gt;10023376B006E&lt;/serialNumber&gt;&lt;uom&gt;MM&lt;/uom&gt;&lt;notifTagValue&gt;66&lt;/notifTagValue&gt;&lt;notifTagID&gt;77&lt;/notifTagID&gt;&lt;notifRecordID&gt;263621&lt;/notifRecordID&gt;&lt;descriptionDefined&gt;OP020 Press bottom out stroke upper limit (mm)&lt;/descriptionDefined&gt;&lt;nameDefined&gt;Press_BottomOutStroke_UCL&lt;/nameDefined&gt;&lt;operationName&gt;VWC_SUBASSY_OP020&lt;/operationName&gt;&lt;CreatedOn&gt;2016-10-08 08:18:57&lt;/CreatedOn&gt;&lt;/Row&gt;&lt;Row&gt;&lt;serialNumber&gt;10023376B006E&lt;/serialNumber&gt;&lt;uom&gt;NONE&lt;/uom&gt;&lt;notifTagValue&gt;0&lt;/notifTagValue&gt;&lt;notifTagID&gt;264&lt;/notifTagID&gt;&lt;notifRecordID&gt;263621&lt;/notifRecordID&gt;&lt;descriptionDefined&gt;OP020 Mid Stroke Force (Highest Value) Pass/Fail (error code)&lt;/descriptionDefined&gt;&lt;nameDefined&gt;TestResult_PressMidStroke_HV&lt;/nameDefined&gt;&lt;operationName&gt;VWC_SUBASSY_OP020&lt;/operationName&gt;&lt;CreatedOn&gt;2016-10-08 08:18:57&lt;/CreatedOn&gt;&lt;/Row&gt;&lt;Row&gt;&lt;serialNumber&gt;10023376B006E&lt;/serialNumber&gt;&lt;uom&gt;NONE&lt;/uom&gt;&lt;notifTagValue&gt;0&lt;/notifTagValue&gt;&lt;notifTagID&gt;265&lt;/notifTagID&gt;&lt;notifRecordID&gt;263621&lt;/notifRecordID&gt;&lt;descriptionDefined&gt;OP020 Mid Stroke Force (Lowest Value) Pass/Fail (error code)&lt;/descriptionDefined&gt;&lt;nameDefined&gt;TestResult_PressMidStroke_LV&lt;/nameDefined&gt;&lt;operationName&gt;VWC_SUBASSY_OP020&lt;/operationName&gt;&lt;CreatedOn&gt;2016-10-08 08:18:57&lt;/CreatedOn&gt;&lt;/Row&gt;&lt;Row&gt;&lt;serialNumber&gt;10023376B006E&lt;/serialNumber&gt;&lt;uom&gt;NONE&lt;/uom&gt;&lt;notifTagValue&gt;1&lt;/notifTagValue&gt;&lt;notifTagID&gt;262&lt;/notifTagID&gt;&lt;notifRecordID&gt;263621&lt;/notifRecordID&gt;&lt;descriptionDefined&gt;OP020 Bottom Out Force Pass/Fail (error code)&lt;/descriptionDefined&gt;&lt;nameDefined&gt;TestResult_BottomOut_Force&lt;/nameDefined&gt;&lt;operationName&gt;VWC_SUBASSY_OP020&lt;/operationName&gt;&lt;CreatedOn&gt;2016-10-08 08:18:57&lt;/CreatedOn&gt;&lt;/Row&gt;&lt;Row&gt;&lt;serialNumber&gt;10023376B006E&lt;/serialNumber&gt;&lt;uom&gt;NONE&lt;/uom&gt;&lt;notifTagValue&gt;1&lt;/notifTagValue&gt;&lt;notifTagID&gt;263&lt;/notifTagID&gt;&lt;notifRecordID&gt;263621&lt;/notifRecordID&gt;&lt;descriptionDefined&gt;OP020 Bottom Out Stroke Pass/Fail (error code)&lt;/descriptionDefined&gt;&lt;nameDefined&gt;TestResult_BottomOut_Stroke&lt;/nameDefined&gt;&lt;operationName&gt;VWC_SUBASSY_OP020&lt;/operationName&gt;&lt;CreatedOn&gt;2016-10-08 08:18:57&lt;/CreatedOn&gt;&lt;/Row&gt;&lt;Row&gt;&lt;serialNumber&gt;10023376B006E&lt;/serialNumber&gt;&lt;uom&gt;DEG&lt;/uom&gt;&lt;notifTagValue&gt;91.3000&lt;/notifTagValue&gt;&lt;notifTagID&gt;94&lt;/notifTagID&gt;&lt;notifRecordID&gt;263622&lt;/notifRecordID&gt;&lt;descriptionDefined&gt;OP030 Bolt 5 - Angle Value (degrees)&lt;/descriptionDefined&gt;&lt;nameDefined&gt;Test5_Angle&lt;/nameDefined&gt;&lt;operationName&gt;VWC_SUBASSY_OP030&lt;/operationName&gt;&lt;CreatedOn&gt;2016-10-08 08:21:33&lt;/CreatedOn&gt;&lt;/Row&gt;&lt;Row&gt;&lt;serialNumber&gt;10023376B006E&lt;/serialNumber&gt;&lt;uom&gt;DEG&lt;/uom&gt;&lt;notifTagValue&gt;91.4000&lt;/notifTagValue&gt;&lt;notifTagID&gt;91&lt;/notifTagID&gt;&lt;notifRecordID&gt;263622&lt;/notifRecordID&gt;&lt;descriptionDefined&gt;OP030 Bolt 4 - Angle Value (degrees)&lt;/descriptionDefined&gt;&lt;nameDefined&gt;Test4_Angle&lt;/nameDefined&gt;&lt;operationName&gt;VWC_SUBASSY_OP030&lt;/operationName&gt;&lt;CreatedOn&gt;2016-10-08 08:21:33&lt;/CreatedOn&gt;&lt;/Row&gt;&lt;Row&gt;&lt;serialNumber&gt;10023376B006E&lt;/serialNumber&gt;&lt;uom&gt;DEG&lt;/uom&gt;&lt;notifTagValue&gt;91.4000&lt;/notifTagValue&gt;&lt;notifTagID&gt;109&lt;/notifTagID&gt;&lt;notifRecordID&gt;263622&lt;/notifRecordID&gt;&lt;descriptionDefined&gt;OP030 Bolt 10 - Angle Value (degrees)&lt;/descriptionDefined&gt;&lt;nameDefined&gt;Test10_Angle&lt;/nameDefined&gt;&lt;operationName&gt;VWC_SUBASSY_OP030&lt;/operationName&gt;&lt;CreatedOn&gt;2016-10-08 08:21:33&lt;/CreatedOn&gt;&lt;/Row&gt;&lt;Row&gt;&lt;serialNumber&gt;10023376B006E&lt;/serialNumber&gt;&lt;uom&gt;DEG&lt;/uom&gt;&lt;notifTagValue&gt;91.5&lt;/notifTagValue&gt;&lt;notifTagID&gt;88&lt;/notifTagID&gt;&lt;notifRecordID&gt;263622&lt;/notifRecordID&gt;&lt;descriptionDefined&gt;OP030 Bolt 3 - Angle Value (degrees)&lt;/descriptionDefined&gt;&lt;nameDefined&gt;Test3_Angle&lt;/nameDefined&gt;&lt;operationName&gt;VWC_SUBASSY_OP030&lt;/operationName&gt;&lt;CreatedOn&gt;2016-10-08 08:21:33&lt;/CreatedOn&gt;&lt;/Row&gt;&lt;Row&gt;&lt;serialNumber&gt;10023376B006E&lt;/serialNumber&gt;&lt;uom&gt;DEG&lt;/uom&gt;&lt;notifTagValue&gt;91.5&lt;/notifTagValue&gt;&lt;notifTagID&gt;100&lt;/notifTagID&gt;&lt;notifRecordID&gt;263622&lt;/notifRecordID&gt;&lt;descriptionDefined&gt;OP030 Bolt 7 - Angle Value (degrees)&lt;/descriptionDefined&gt;&lt;nameDefined&gt;Test7_Angle&lt;/nameDefined&gt;&lt;operationName&gt;VWC_SUBASSY_OP030&lt;/operationName&gt;&lt;CreatedOn&gt;2016-10-08 08:21:33&lt;/CreatedOn&gt;&lt;/Row&gt;&lt;Row&gt;&lt;serialNumber&gt;10023376B006E&lt;/serialNumber&gt;&lt;uom&gt;DEG&lt;/uom&gt;&lt;notifTagValue&gt;91.5999&lt;/notifTagValue&gt;&lt;notifTagID&gt;97&lt;/notifTagID&gt;&lt;notifRecordID&gt;263622&lt;/notifRecordID&gt;&lt;descriptionDefined&gt;OP030 Bolt 6 - Angle Value (degrees)&lt;/descriptionDefined&gt;&lt;nameDefined&gt;Test6_Angle&lt;/nameDefined&gt;&lt;operationName&gt;VWC_SUBASSY_OP030&lt;/operationName&gt;&lt;CreatedOn&gt;2016-10-08 08:21:33&lt;/CreatedOn&gt;&lt;/Row&gt;&lt;Row&gt;&lt;serialNumber&gt;10023376B006E&lt;/serialNumber&gt;&lt;uom&gt;DEG&lt;/uom&gt;&lt;notifTagValue&gt;91.5999&lt;/notifTagValue&gt;&lt;notifTagID&gt;103&lt;/notifTagID&gt;&lt;notifRecordID&gt;263622&lt;/notifRecordID&gt;&lt;descriptionDefined&gt;OP030 Bolt 8 - Angle Value (degrees)&lt;/descriptionDefined&gt;&lt;nameDefined&gt;Test8_Angle&lt;/nameDefined&gt;&lt;operationName&gt;VWC_SUBASSY_OP030&lt;/operationName&gt;&lt;CreatedOn&gt;2016-10-08 08:21:33&lt;/CreatedOn&gt;&lt;/Row&gt;&lt;Row&gt;&lt;serialNumber&gt;10023376B006E&lt;/serialNumber&gt;&lt;uom&gt;DEG&lt;/uom&gt;&lt;notifTagValue&gt;91.6999&lt;/notifTagValue&gt;&lt;notifTagID&gt;82&lt;/notifTagID&gt;&lt;notifRecordID&gt;263622&lt;/notifRecordID&gt;&lt;descriptionDefined&gt;OP030 Bolt 1 - Angle Value (degrees)&lt;/descriptionDefined&gt;&lt;nameDefined&gt;Test1_Angle&lt;/nameDefined&gt;&lt;operationName&gt;VWC_SUBASSY_OP030&lt;/operationName&gt;&lt;CreatedOn&gt;2016-10-08 08:21:33&lt;/CreatedOn&gt;&lt;/Row&gt;&lt;Row&gt;&lt;serialNumber&gt;10023376B006E&lt;/serialNumber&gt;&lt;uom&gt;DEG&lt;/uom&gt;&lt;notifTagValue&gt;91.6999&lt;/notifTagValue&gt;&lt;notifTagID&gt;85&lt;/notifTagID&gt;&lt;notifRecordID&gt;263622&lt;/notifRecordID&gt;&lt;descriptionDefined&gt;OP030 Bolt 2 - Angle Value (degrees)&lt;/descriptionDefined&gt;&lt;nameDefined&gt;Test2_Angle&lt;/nameDefined&gt;&lt;operationName&gt;VWC_SUBASSY_OP030&lt;/operationName&gt;&lt;CreatedOn&gt;2016-10-08 08:21:33&lt;/CreatedOn&gt;&lt;/Row&gt;&lt;Row&gt;&lt;serialNumber&gt;10023376B006E&lt;/serialNumber&gt;&lt;uom&gt;NM&lt;/uom&gt;&lt;notifTagValue&gt;15.4200&lt;/notifTagValue&gt;&lt;notifTagID&gt;108&lt;/notifTagID&gt;&lt;notifRecordID&gt;263622&lt;/notifRecordID&gt;&lt;descriptionDefined&gt;OP030 Bolt 9 - Torque Value (Nm)&lt;/descriptionDefined&gt;&lt;nameDefined&gt;Test9_Torque&lt;/nameDefined&gt;&lt;operationName&gt;VWC_SUBASSY_OP030&lt;/operationName&gt;&lt;CreatedOn&gt;2016-10-08 08:21:33&lt;/CreatedOn&gt;&lt;/Row&gt;&lt;Row&gt;&lt;serialNumber&gt;10023376B006E&lt;/serialNumber&gt;&lt;uom&gt;NM&lt;/uom&gt;&lt;notifTagValue&gt;15.5699&lt;/notifTagValue&gt;&lt;notifTagID&gt;90&lt;/notifTagID&gt;&lt;notifRecordID&gt;263622&lt;/notifRecordID&gt;&lt;descriptionDefined&gt;OP030 Bolt 3 - Torque Value (Nm)&lt;/descriptionDefined&gt;&lt;nameDefined&gt;Test3_Torque&lt;/nameDefined&gt;&lt;operationName&gt;VWC_SUBASSY_OP030&lt;/operationName&gt;&lt;CreatedOn&gt;2016-10-08 08:21:33&lt;/CreatedOn&gt;&lt;/Row&gt;&lt;Row&gt;&lt;serialNumber&gt;10023376B006E&lt;/serialNumber&gt;&lt;uom&gt;NM&lt;/uom&gt;&lt;notifTagValue&gt;15.8800&lt;/notifTagValue&gt;&lt;notifTagID&gt;93&lt;/notifTagID&gt;&lt;notifRecordID&gt;263622&lt;/notifRecordID&gt;&lt;descriptionDefined&gt;OP030 Bolt 4 - Torque Value (Nm)&lt;/descriptionDefined&gt;&lt;nameDefined&gt;Test4_Torque&lt;/nameDefined&gt;&lt;operationName&gt;VWC_SUBASSY_OP030&lt;/operationName&gt;&lt;CreatedOn&gt;2016-10-08 08:21:33&lt;/CreatedOn&gt;&lt;/Row&gt;&lt;Row&gt;&lt;serialNumber&gt;10023376B006E&lt;/serialNumber&gt;&lt;uom&gt;NM&lt;/uom&gt;&lt;notifTagValue&gt;16.1000&lt;/notifTagValue&gt;&lt;notifTagID&gt;87&lt;/notifTagID&gt;&lt;notifRecordID&gt;263622&lt;/notifRecordID&gt;&lt;descriptionDefined&gt;OP030 Bolt 2 - Torque Value (Nm)&lt;/descriptionDefined&gt;&lt;nameDefined&gt;Test2_Torque&lt;/nameDefined&gt;&lt;operationName&gt;VWC_SUBASSY_OP030&lt;/operationName&gt;&lt;CreatedOn&gt;2016-10-08 08:21:33&lt;/CreatedOn&gt;&lt;/Row&gt;&lt;Row&gt;&lt;serialNumber&gt;10023376B006E&lt;/serialNumber&gt;&lt;uom&gt;NM&lt;/uom&gt;&lt;notifTagValue&gt;16.3099&lt;/notifTagValue&gt;&lt;notifTagID&gt;105&lt;/notifTagID&gt;&lt;notifRecordID&gt;263622&lt;/notifRecordID&gt;&lt;descriptionDefined&gt;OP030 Bolt 8 - Torque Value (Nm)&lt;/descriptionDefined&gt;&lt;nameDefined&gt;Test8_Torque&lt;/nameDefined&gt;&lt;operationName&gt;VWC_SUBASSY_OP030&lt;/operationName&gt;&lt;CreatedOn&gt;2016-10-08 08:21:33&lt;/CreatedOn&gt;&lt;/Row&gt;&lt;Row&gt;&lt;serialNumber&gt;10023376B006E&lt;/serialNumber&gt;&lt;uom&gt;NM&lt;/uom&gt;&lt;notifTagValue&gt;16.5599&lt;/notifTagValue&gt;&lt;notifTagID&gt;84&lt;/notifTagID&gt;&lt;notifRecordID&gt;263622&lt;/notifRecordID&gt;&lt;descriptionDefined&gt;OP030 Bolt 1 - Torque Value (Nm)&lt;/descriptionDefined&gt;&lt;nameDefined&gt;Test1_Torque&lt;/nameDefined&gt;&lt;operationName&gt;VWC_SUBASSY_OP030&lt;/operationName&gt;&lt;CreatedOn&gt;2016-10-08 08:21:33&lt;/CreatedOn&gt;&lt;/Row&gt;&lt;Row&gt;&lt;serialNumber&gt;10023376B006E&lt;/serialNumber&gt;&lt;uom&gt;NM&lt;/uom&gt;&lt;notifTagValue&gt;16.9799&lt;/notifTagValue&gt;&lt;notifTagID&gt;102&lt;/notifTagID&gt;&lt;notifRecordID&gt;263622&lt;/notifRecordID&gt;&lt;descriptionDefined&gt;OP030 Bolt 7 - Torque Value (Nm)&lt;/descriptionDefined&gt;&lt;nameDefined&gt;Test7_Torque&lt;/nameDefined&gt;&lt;operationName&gt;VWC_SUBASSY_OP030&lt;/operationName&gt;&lt;CreatedOn&gt;2016-10-08 08:21:33&lt;/CreatedOn&gt;&lt;/Row&gt;&lt;Row&gt;&lt;serialNumber&gt;10023376B006E&lt;/serialNumber&gt;&lt;uom&gt;NM&lt;/uom&gt;&lt;notifTagValue&gt;18.8500&lt;/notifTagValue&gt;&lt;notifTagID&gt;96&lt;/notifTagID&gt;&lt;notifRecordID&gt;263622&lt;/notifRecordID&gt;&lt;descriptionDefined&gt;OP030 Bolt 5 - Torque Value (Nm)&lt;/descriptionDefined&gt;&lt;nameDefined&gt;Test5_Torque&lt;/nameDefined&gt;&lt;operationName&gt;VWC_SUBASSY_OP030&lt;/operationName&gt;&lt;CreatedOn&gt;2016-10-08 08:21:33&lt;/CreatedOn&gt;&lt;/Row&gt;&lt;Row&gt;&lt;serialNumber&gt;10023376B006E&lt;/serialNumber&gt;&lt;uom&gt;NM&lt;/uom&gt;&lt;notifTagValue&gt;19.8899&lt;/notifTagValue&gt;&lt;notifTagID&gt;99&lt;/notifTagID&gt;&lt;notifRecordID&gt;263622&lt;/notifRecordID&gt;&lt;descriptionDefined&gt;OP030 Bolt 6 - Torque Value (Nm)&lt;/descriptionDefined&gt;&lt;nameDefined&gt;Test6_Torque&lt;/nameDefined&gt;&lt;operationName&gt;VWC_SUBASSY_OP030&lt;/operationName&gt;&lt;CreatedOn&gt;2016-10-08 08:21:33&lt;/CreatedOn&gt;&lt;/Row&gt;&lt;Row&gt;&lt;serialNumber&gt;10023376B006E&lt;/serialNumber&gt;&lt;uom&gt;NM&lt;/uom&gt;&lt;notifTagValue&gt;20.5699&lt;/notifTagValue&gt;&lt;notifTagID&gt;111&lt;/notifTagID&gt;&lt;notifRecordID&gt;263622&lt;/notifRecordID&gt;&lt;descriptionDefined&gt;OP030 Bolt 10 - Torque Value (Nm)&lt;/descriptionDefined&gt;&lt;nameDefined&gt;Test10_Torque&lt;/nameDefined&gt;&lt;operationName&gt;VWC_SUBASSY_OP030&lt;/operationName&gt;&lt;CreatedOn&gt;2016-10-08 08:21:33&lt;/CreatedOn&gt;&lt;/Row&gt;&lt;Row&gt;&lt;serialNumber&gt;10023376B006E&lt;/serialNumber&gt;&lt;uom&gt;NONE&lt;/uom&gt;&lt;notifTagValue&gt;0&lt;/notifTagValue&gt;&lt;notifTagID&gt;83&lt;/notifTagID&gt;&lt;notifRecordID&gt;263622&lt;/notifRecordID&gt;&lt;descriptionDefined&gt;OP030 Test 1 - Pass/Faill Result (error code)&lt;/descriptionDefined&gt;&lt;nameDefined&gt;Test1_PassFail_Result&lt;/nameDefined&gt;&lt;operationName&gt;VWC_SUBASSY_OP030&lt;/operationName&gt;&lt;CreatedOn&gt;2016-10-08 08:21:33&lt;/CreatedOn&gt;&lt;/Row&gt;&lt;Row&gt;&lt;serialNumber&gt;10023376B006E&lt;/serialNumber&gt;&lt;uom&gt;NONE&lt;/uom&gt;&lt;notifTagValue&gt;0&lt;/notifTagValue&gt;&lt;notifTagID&gt;86&lt;/notifTagID&gt;&lt;notifRecordID&gt;263622&lt;/notifRecordID&gt;&lt;descriptionDefined&gt;OP030 Test 2 - Pass/Faill Result (error code)&lt;/descriptionDefined&gt;&lt;nameDefined&gt;Test2_PassFail_Result&lt;/nameDefined&gt;&lt;operationName&gt;VWC_SUBASSY_OP030&lt;/operationName&gt;&lt;CreatedOn&gt;2016-10-08 08:21:33&lt;/CreatedOn&gt;&lt;/Row&gt;&lt;Row&gt;&lt;serialNumber&gt;10023376B006E&lt;/serialNumber&gt;&lt;uom&gt;NONE&lt;/uom&gt;&lt;notifTagValue&gt;0&lt;/notifTagValue&gt;&lt;notifTagID&gt;89&lt;/notifTagID&gt;&lt;notifRecordID&gt;263622&lt;/notifRecordID&gt;&lt;descriptionDefined&gt;OP030 Test 3 - Pass/Faill Result (error code)&lt;/descriptionDefined&gt;&lt;nameDefined&gt;Test3_PassFail_Result&lt;/nameDefined&gt;&lt;operationName&gt;VWC_SUBASSY_OP030&lt;/operationName&gt;&lt;CreatedOn&gt;2016-10-08 08:21:33&lt;/CreatedOn&gt;&lt;/Row&gt;&lt;Row&gt;&lt;serialNumber&gt;10023376B006E&lt;/serialNumber&gt;&lt;uom&gt;NONE&lt;/uom&gt;&lt;notifTagValue&gt;0&lt;/notifTagValue&gt;&lt;notifTagID&gt;92&lt;/notifTagID&gt;&lt;notifRecordID&gt;263622&lt;/notifRecordID&gt;&lt;descriptionDefined&gt;OP030 Test 4 - Pass/Faill Result (error code)&lt;/descriptionDefined&gt;&lt;nameDefined&gt;Test4_PassFail_Result&lt;/nameDefined&gt;&lt;operationName&gt;VWC_SUBASSY_OP030&lt;/operationName&gt;&lt;CreatedOn&gt;2016-10-08 08:21:33&lt;/CreatedOn&gt;&lt;/Row&gt;&lt;Row&gt;&lt;serialNumber&gt;10023376B006E&lt;/serialNumber&gt;&lt;uom&gt;NONE&lt;/uom&gt;&lt;notifTagValue&gt;0&lt;/notifTagValue&gt;&lt;notifTagID&gt;95&lt;/notifTagID&gt;&lt;notifRecordID&gt;263622&lt;/notifRecordID&gt;&lt;descriptionDefined&gt;OP030 Test 5 - Pass/Faill Result (error code)&lt;/descriptionDefined&gt;&lt;nameDefined&gt;Test5_PassFail_Result&lt;/nameDefined&gt;&lt;operationName&gt;VWC_SUBASSY_OP030&lt;/operationName&gt;&lt;CreatedOn&gt;2016-10-08 08:21:33&lt;/CreatedOn&gt;&lt;/Row&gt;&lt;Row&gt;&lt;serialNumber&gt;10023376B006E&lt;/serialNumber&gt;&lt;uom&gt;NONE&lt;/uom&gt;&lt;notifTagValue&gt;0&lt;/notifTagValue&gt;&lt;notifTagID&gt;98&lt;/notifTagID&gt;&lt;notifRecordID&gt;263622&lt;/notifRecordID&gt;&lt;descriptionDefined&gt;OP030 Test 6 - Pass/Faill Result (error code)&lt;/descriptionDefined&gt;&lt;nameDefined&gt;Test6_PassFail_Result&lt;/nameDefined&gt;&lt;operationName&gt;VWC_SUBASSY_OP030&lt;/operationName&gt;&lt;CreatedOn&gt;2016-10-08 08:21:33&lt;/CreatedOn&gt;&lt;/Row&gt;&lt;Row&gt;&lt;serialNumber&gt;10023376B006E&lt;/serialNumber&gt;&lt;uom&gt;NONE&lt;/uom&gt;&lt;notifTagValue&gt;0&lt;/notifTagValue&gt;&lt;notifTagID&gt;101&lt;/notifTagID&gt;&lt;notifRecordID&gt;263622&lt;/notifRecordID&gt;&lt;descriptionDefined&gt;OP030 Test 7 - Pass/Faill Result (error code)&lt;/descriptionDefined&gt;&lt;nameDefined&gt;Test7_PassFail_Result&lt;/nameDefined&gt;&lt;operationName&gt;VWC_SUBASSY_OP030&lt;/operationName&gt;&lt;CreatedOn&gt;2016-10-08 08:21:33&lt;/CreatedOn&gt;&lt;/Row&gt;&lt;Row&gt;&lt;serialNumber&gt;10023376B006E&lt;/serialNumber&gt;&lt;uom&gt;NONE&lt;/uom&gt;&lt;notifTagValue&gt;0&lt;/notifTagValue&gt;&lt;notifTagID&gt;104&lt;/notifTagID&gt;&lt;notifRecordID&gt;263622&lt;/notifRecordID&gt;&lt;descriptionDefined&gt;OP030 Test 8 - Pass/Faill Result (error code)&lt;/descriptionDefined&gt;&lt;nameDefined&gt;Test8_PassFail_Result&lt;/nameDefined&gt;&lt;operationName&gt;VWC_SUBASSY_OP030&lt;/operationName&gt;&lt;CreatedOn&gt;2016-10-08 08:21:33&lt;/CreatedOn&gt;&lt;/Row&gt;&lt;Row&gt;&lt;serialNumber&gt;10023376B006E&lt;/serialNumber&gt;&lt;uom&gt;NONE&lt;/uom&gt;&lt;notifTagValue&gt;0&lt;/notifTagValue&gt;&lt;notifTagID&gt;107&lt;/notifTagID&gt;&lt;notifRecordID&gt;263622&lt;/notifRecordID&gt;&lt;descriptionDefined&gt;OP030 Test 9 - Pass/Faill Result (error code)&lt;/descriptionDefined&gt;&lt;nameDefined&gt;Test9_PassFail_Result&lt;/nameDefined&gt;&lt;operationName&gt;VWC_SUBASSY_OP030&lt;/operationName&gt;&lt;CreatedOn&gt;2016-10-08 08:21:33&lt;/CreatedOn&gt;&lt;/Row&gt;&lt;Row&gt;&lt;serialNumber&gt;10023376B006E&lt;/serialNumber&gt;&lt;uom&gt;NONE&lt;/uom&gt;&lt;notifTagValue&gt;0&lt;/notifTagValue&gt;&lt;notifTagID&gt;110&lt;/notifTagID&gt;&lt;notifRecordID&gt;263622&lt;/notifRecordID&gt;&lt;descriptionDefined&gt;OP030 Test 10 - Pass/Faill Result (error code)&lt;/descriptionDefined&gt;&lt;nameDefined&gt;Test10_PassFail_Result&lt;/nameDefined&gt;&lt;operationName&gt;VWC_SUBASSY_OP030&lt;/operationName&gt;&lt;CreatedOn&gt;2016-10-08 08:21:33&lt;/CreatedOn&gt;&lt;/Row&gt;&lt;Row&gt;&lt;serialNumber&gt;10023376B006E&lt;/serialNumber&gt;&lt;uom&gt;MM&lt;/uom&gt;&lt;notifTagValue&gt;0&lt;/notifTagValue&gt;&lt;notifTagID&gt;40&lt;/notifTagID&gt;&lt;notifRecordID&gt;263623&lt;/notifRecordID&gt;&lt;descriptionDefined&gt;OP40 Carrier depth lower limit (mm)&lt;/descriptionDefined&gt;&lt;nameDefined&gt;CarrierDepth_LCL&lt;/nameDefined&gt;&lt;operationName&gt;VWC_SUBASSY_OP040&lt;/operationName&gt;&lt;CreatedOn&gt;2016-10-08 08:26:52&lt;/CreatedOn&gt;&lt;/Row&gt;&lt;Row&gt;&lt;serialNumber&gt;10023376B006E&lt;/serialNumber&gt;&lt;uom&gt;MM&lt;/uom&gt;&lt;notifTagValue&gt;115.9499&lt;/notifTagValue&gt;&lt;notifTagID&gt;42&lt;/notifTagID&gt;&lt;notifRecordID&gt;263623&lt;/notifRecordID&gt;&lt;descriptionDefined&gt;OP40 Carrier depth upper limit&lt;/descriptionDefined&gt;&lt;nameDefined&gt;CarrierDepth_UCL&lt;/nameDefined&gt;&lt;operationName&gt;VWC_SUBASSY_OP040&lt;/operationName&gt;&lt;CreatedOn&gt;2016-10-08 08:26:52&lt;/CreatedOn&gt;&lt;/Row&gt;&lt;Row&gt;&lt;serialNumber&gt;10023376B006E&lt;/serialNumber&gt;&lt;uom&gt;NONE&lt;/uom&gt;&lt;notifTagValue&gt;0.0076&lt;/notifTagValue&gt;&lt;notifTagID&gt;43&lt;/notifTagID&gt;&lt;notifRecordID&gt;263623&lt;/notifRecordID&gt;&lt;descriptionDefined&gt;OP40 Carrier depth variance&lt;/descriptionDefined&gt;&lt;nameDefined&gt;CarrierDepth_V&lt;/nameDefined&gt;&lt;operationName&gt;VWC_SUBASSY_OP040&lt;/operationName&gt;&lt;CreatedOn&gt;2016-10-08 08:26:52&lt;/CreatedOn&gt;&lt;/Row&gt;&lt;Row&gt;&lt;serialNumber&gt;10023376B006E&lt;/serialNumber&gt;&lt;uom&gt;NONE&lt;/uom&gt;&lt;notifTagValue&gt;0.6000&lt;/notifTagValue&gt;&lt;notifTagID&gt;41&lt;/notifTagID&gt;&lt;notifRecordID&gt;263623&lt;/notifRecordID&gt;&lt;descriptionDefined&gt;OP40 Carrier depth max variance&lt;/descriptionDefined&gt;&lt;nameDefined&gt;CarrierDepth_MV&lt;/nameDefined&gt;&lt;operationName&gt;VWC_SUBASSY_OP040&lt;/operationName&gt;&lt;CreatedOn&gt;2016-10-08 08:26:52&lt;/CreatedOn&gt;&lt;/Row&gt;&lt;Row&gt;&lt;serialNumber&gt;10023376B006E&lt;/serialNumber&gt;&lt;uom&gt;NONE&lt;/uom&gt;&lt;notifTagValue&gt;1&lt;/notifTagValue&gt;&lt;notifTagID&gt;255&lt;/notifTagID&gt;&lt;notifRecordID&gt;263623&lt;/notifRecordID&gt;&lt;descriptionDefined&gt;OP40 Carrier depth - Test Result (error code)&lt;/descriptionDefined&gt;&lt;nameDefined&gt;TestResult_CarrierDepth&lt;/nameDefined&gt;&lt;operationName&gt;VWC_SUBASSY_OP040&lt;/operationName&gt;&lt;CreatedOn&gt;2016-10-08 08:26:52&lt;/CreatedOn&gt;&lt;/Row&gt;&lt;Row&gt;&lt;serialNumber&gt;10023376B006E&lt;/serialNumber&gt;&lt;uom&gt;NONE&lt;/uom&gt;&lt;notifTagValue&gt;1&lt;/notifTagValue&gt;&lt;notifTagID&gt;256&lt;/notifTagID&gt;&lt;notifRecordID&gt;263623&lt;/notifRecordID&gt;&lt;descriptionDefined&gt;OP40 Carrier depth variance - Test Result (error code)&lt;/descriptionDefined&gt;&lt;nameDefined&gt;TestResult_CarrierDepth_Variance&lt;/nameDefined&gt;&lt;operationName&gt;VWC_SUBASSY_OP040&lt;/operationName&gt;&lt;CreatedOn&gt;2016-10-08 08:26:52&lt;/CreatedOn&gt;&lt;/Row&gt;&lt;Row&gt;&lt;serialNumber&gt;10023376B006E&lt;/serialNumber&gt;&lt;uom&gt;NONE&lt;/uom&gt;&lt;notifTagValue&gt;115.5779&lt;/notifTagValue&gt;&lt;notifTagID&gt;39&lt;/notifTagID&gt;&lt;notifRecordID&gt;263623&lt;/notifRecordID&gt;&lt;descriptionDefined&gt;OP40 Carrier depth&lt;/descriptionDefined&gt;&lt;nameDefined&gt;CarrierDepth_Actual&lt;/nameDefined&gt;&lt;operationName&gt;VWC_SUBASSY_OP040&lt;/operationName&gt;&lt;CreatedOn&gt;2016-10-08 08:26:52&lt;/CreatedOn&gt;&lt;/Row&gt;&lt;Row&gt;&lt;serialNumber&gt;10023376B006E&lt;/serialNumber&gt;&lt;uom&gt;NONE&lt;/uom&gt;&lt;notifTagValue&gt;1&lt;/notifTagValue&gt;&lt;notifTagID&gt;29&lt;/notifTagID&gt;&lt;notifRecordID&gt;263625&lt;/notifRecordID&gt;&lt;descriptionDefined&gt;OP50 Test 1 - Upper Press Ram Test Result Bottom Out Force (Highest Value)&lt;/descriptionDefined&gt;&lt;nameDefined&gt;UpperPressRam_TestResult_BottomOutForce_H&lt;/nameDefined&gt;&lt;operationName&gt;VWC_SUBASSY_OP050&lt;/operationName&gt;&lt;CreatedOn&gt;2016-10-08 08:28:11&lt;/CreatedOn&gt;&lt;/Row&gt;&lt;Row&gt;&lt;serialNumber&gt;10023376B006E&lt;/serialNumber&gt;&lt;uom&gt;NONE&lt;/uom&gt;&lt;notifTagValue&gt;1&lt;/notifTagValue&gt;&lt;notifTagID&gt;30&lt;/notifTagID&gt;&lt;notifRecordID&gt;263625&lt;/notifRecordID&gt;&lt;descriptionDefined&gt;OP50 Test 1 - Upper Press Ram Test Result Bottom Out Stroke (Highest Value)&lt;/descriptionDefined&gt;&lt;nameDefined&gt;UpperPressRam_TestResult_BottomOutStroke_H&lt;/nameDefined&gt;&lt;operationName&gt;VWC_SUBASSY_OP050&lt;/operationName&gt;&lt;CreatedOn&gt;2016-10-08 08:28:11&lt;/CreatedOn&gt;&lt;/Row&gt;&lt;Row&gt;&lt;serialNumber&gt;10023376B006E&lt;/serialNumber&gt;&lt;uom&gt;NONE&lt;/uom&gt;&lt;notifTagValue&gt;1&lt;/notifTagValue&gt;&lt;notifTagID&gt;31&lt;/notifTagID&gt;&lt;notifRecordID&gt;263625&lt;/notifRecordID&gt;&lt;descriptionDefined&gt;OP50 Test 1 - Upper Press Ram Test Result Mid Stroke Force (Highest Value)&lt;/descriptionDefined&gt;&lt;nameDefined&gt;UpperPressRam_TestResult_MidStrokeForce_H&lt;/nameDefined&gt;&lt;operationName&gt;VWC_SUBASSY_OP050&lt;/operationName&gt;&lt;CreatedOn&gt;2016-10-08 08:28:11&lt;/CreatedOn&gt;&lt;/Row&gt;&lt;Row&gt;&lt;serialNumber&gt;10023376B006E&lt;/serialNumber&gt;&lt;uom&gt;NONE&lt;/uom&gt;&lt;notifTagValue&gt;1&lt;/notifTagValue&gt;&lt;notifTagID&gt;32&lt;/notifTagID&gt;&lt;notifRecordID&gt;263625&lt;/notifRecordID&gt;&lt;descriptionDefined&gt;OP50 Test 1 - Upper Press Ram Test Result Mid Stroke Force (Lowest Value)&lt;/descriptionDefined&gt;&lt;nameDefined&gt;UpperPressRam_TestResult_MidStrokeForce_L&lt;/nameDefined&gt;&lt;operationName&gt;VWC_SUBASSY_OP050&lt;/operationName&gt;&lt;CreatedOn&gt;2016-10-08 08:28:11&lt;/CreatedOn&gt;&lt;/Row&gt;&lt;Row&gt;&lt;serialNumber&gt;10023376B006E&lt;/serialNumber&gt;&lt;uom&gt;NONE&lt;/uom&gt;&lt;notifTagValue&gt;2.0297&lt;/notifTagValue&gt;&lt;notifTagID&gt;28&lt;/notifTagID&gt;&lt;notifRecordID&gt;263625&lt;/notifRecordID&gt;&lt;descriptionDefined&gt;OP50 Test 1 - Upper Press Ram Result Mid Stroke Force (Lowest Value)&lt;/descriptionDefined&gt;&lt;nameDefined&gt;UpperPressRam_MidStrokeForce_L&lt;/nameDefined&gt;&lt;operationName&gt;VWC_SUBASSY_OP050&lt;/operationName&gt;&lt;CreatedOn&gt;2016-10-08 08:28:11&lt;/CreatedOn&gt;&lt;/Row&gt;&lt;Row&gt;&lt;serialNumber&gt;10023376B006E&lt;/serialNumber&gt;&lt;uom&gt;NONE&lt;/uom&gt;&lt;notifTagValue&gt;267.1672&lt;/notifTagValue&gt;&lt;notifTagID&gt;26&lt;/notifTagID&gt;&lt;notifRecordID&gt;263625&lt;/notifRecordID&gt;&lt;descriptionDefined&gt;OP50 Test 1 - Upper Press Ram Result Bottom Out Stroke (Highest Value)&lt;/descriptionDefined&gt;&lt;nameDefined&gt;UpperPressRam_BottomOutStroke_H&lt;/nameDefined&gt;&lt;operationName&gt;VWC_SUBASSY_OP050&lt;/operationName&gt;&lt;CreatedOn&gt;2016-10-08 08:28:11&lt;/CreatedOn&gt;&lt;/Row&gt;&lt;Row&gt;&lt;serialNumber&gt;10023376B006E&lt;/serialNumber&gt;&lt;uom&gt;NONE&lt;/uom&gt;&lt;notifTagValue&gt;3.0781&lt;/notifTagValue&gt;&lt;notifTagID&gt;27&lt;/notifTagID&gt;&lt;notifRecordID&gt;263625&lt;/notifRecordID&gt;&lt;descriptionDefined&gt;OP50 Test 1 - Upper Press Ram Result Mid Stroke Force (Highest Value)&lt;/descriptionDefined&gt;&lt;nameDefined&gt;UpperPressRam_MidStrokeForce_H&lt;/nameDefined&gt;&lt;operationName&gt;VWC_SUBASSY_OP050&lt;/operationName&gt;&lt;CreatedOn&gt;2016-10-08 08:28:11&lt;/CreatedOn&gt;&lt;/Row&gt;&lt;Row&gt;&lt;serialNumber&gt;10023376B006E&lt;/serialNumber&gt;&lt;uom&gt;NONE&lt;/uom&gt;&lt;notifTagValue&gt;45.7180&lt;/notifTagValue&gt;&lt;notifTagID&gt;25&lt;/notifTagID&gt;&lt;notifRecordID&gt;263625&lt;/notifRecordID&gt;&lt;descriptionDefined&gt;OP50 Test 1 - Upper Press Ram Result Bottom Out Force (Highest Value)&lt;/descriptionDefined&gt;&lt;nameDefined&gt;UpperPressRam_BottomOutForce_H&lt;/nameDefined&gt;&lt;operationName&gt;VWC_SUBASSY_OP050&lt;/operationName&gt;&lt;CreatedOn&gt;2016-10-08 08:28:11&lt;/CreatedOn&gt;&lt;/Row&gt;&lt;Row&gt;&lt;serialNumber&gt;10023376B006E&lt;/serialNumber&gt;&lt;uom&gt;NONE&lt;/uom&gt;&lt;notifTagValue&gt;1&lt;/notifTagValue&gt;&lt;notifTagID&gt;38&lt;/notifTagID&gt;&lt;notifRecordID&gt;263627&lt;/notifRecordID&gt;&lt;descriptionDefined&gt;OP060 Test 2 - Bearing Torque Force&lt;/descriptionDefined&gt;&lt;nameDefined&gt;TestResult_BearingTorque_Force&lt;/nameDefined&gt;&lt;operationName&gt;VWC_SUBASSY_OP060&lt;/operationName&gt;&lt;CreatedOn&gt;2016-10-08 08:29:58&lt;/CreatedOn&gt;&lt;/Row&gt;&lt;Row&gt;&lt;serialNumber&gt;10023376B006E&lt;/serialNumber&gt;&lt;uom&gt;NONE&lt;/uom&gt;&lt;notifTagValue&gt;1&lt;/notifTagValue&gt;&lt;notifTagID&gt;252&lt;/notifTagID&gt;&lt;notifRecordID&gt;263627&lt;/notifRecordID&gt;&lt;descriptionDefined&gt;OP060 Test 3 - Probe 1 Distance&lt;/descriptionDefined&gt;&lt;nameDefined&gt;TestResult_Probe1_Distance&lt;/nameDefined&gt;&lt;operationName&gt;VWC_SUBASSY_OP060&lt;/operationName&gt;&lt;CreatedOn&gt;2016-10-08 08:29:58&lt;/CreatedOn&gt;&lt;/Row&gt;&lt;Row&gt;&lt;serialNumber&gt;10023376B006E&lt;/serialNumber&gt;&lt;uom&gt;NONE&lt;/uom&gt;&lt;notifTagValue&gt;1&lt;/notifTagValue&gt;&lt;notifTagID&gt;253&lt;/notifTagID&gt;&lt;notifRecordID&gt;263627&lt;/notifRecordID&gt;&lt;descriptionDefined&gt;OP060 Test 3 - Probe 2 Distance&lt;/descriptionDefined&gt;&lt;nameDefined&gt;TestResult_Probe2_Distance&lt;/nameDefined&gt;&lt;operationName&gt;VWC_SUBASSY_OP060&lt;/operationName&gt;&lt;CreatedOn&gt;2016-10-08 08:29:58&lt;/CreatedOn&gt;&lt;/Row&gt;&lt;Row&gt;&lt;serialNumber&gt;10023376B006E&lt;/serialNumber&gt;&lt;uom&gt;NONE&lt;/uom&gt;&lt;notifTagValue&gt;1&lt;/notifTagValue&gt;&lt;notifTagID&gt;254&lt;/notifTagID&gt;&lt;notifRecordID&gt;263627&lt;/notifRecordID&gt;&lt;descriptionDefined&gt;OP060 Test 1 - Upper Ram Force&lt;/descriptionDefined&gt;&lt;nameDefined&gt;TestResult_UpperRam_Force&lt;/nameDefined&gt;&lt;operationName&gt;VWC_SUBASSY_OP060&lt;/operationName&gt;&lt;CreatedOn&gt;2016-10-08 08:29:58&lt;/CreatedOn&gt;&lt;/Row&gt;&lt;Row&gt;&lt;serialNumber&gt;10023376B006E&lt;/serialNumber&gt;&lt;uom&gt;NONE&lt;/uom&gt;&lt;notifTagValue&gt;2.7000&lt;/notifTagValue&gt;&lt;notifTagID&gt;34&lt;/notifTagID&gt;&lt;notifRecordID&gt;263627&lt;/notifRecordID&gt;&lt;descriptionDefined&gt;OP060 Test 2 - Bearing Torque Force&lt;/descriptionDefined&gt;&lt;nameDefined&gt;Test2_BearingTorque_Force&lt;/nameDefined&gt;&lt;operationName&gt;VWC_SUBASSY_OP060&lt;/operationName&gt;&lt;CreatedOn&gt;2016-10-08 08:29:58&lt;/CreatedOn&gt;&lt;/Row&gt;&lt;Row&gt;&lt;serialNumber&gt;10023376B006E&lt;/serialNumber&gt;&lt;uom&gt;NONE&lt;/uom&gt;&lt;notifTagValue&gt;4.5&lt;/notifTagValue&gt;&lt;notifTagID&gt;33&lt;/notifTagID&gt;&lt;notifRecordID&gt;263627&lt;/notifRecordID&gt;&lt;descriptionDefined&gt;OP060 Test 1 - Upper Ram Force&lt;/descriptionDefined&gt;&lt;nameDefined&gt;Test1_UpperRam_Force&lt;/nameDefined&gt;&lt;operationName&gt;VWC_SUBASSY_OP060&lt;/operationName&gt;&lt;CreatedOn&gt;2016-10-08 08:29:58&lt;/CreatedOn&gt;&lt;/Row&gt;&lt;Row&gt;&lt;serialNumber&gt;10023376B006E&lt;/serialNumber&gt;&lt;uom&gt;NONE&lt;/uom&gt;&lt;notifTagValue&gt;57.0240&lt;/notifTagValue&gt;&lt;notifTagID&gt;35&lt;/notifTagID&gt;&lt;notifRecordID&gt;263627&lt;/notifRecordID&gt;&lt;descriptionDefined&gt;OP060 Test 3 - Probe 1 Distance&lt;/descriptionDefined&gt;&lt;nameDefined&gt;Test3_Probe1_Distance&lt;/nameDefined&gt;&lt;operationName&gt;VWC_SUBASSY_OP060&lt;/operationName&gt;&lt;CreatedOn&gt;2016-10-08 08:29:58&lt;/CreatedOn&gt;&lt;/Row&gt;&lt;Row&gt;&lt;serialNumber&gt;10023376B006E&lt;/serialNumber&gt;&lt;uom&gt;NONE&lt;/uom&gt;&lt;notifTagValue&gt;57.0386&lt;/notifTagValue&gt;&lt;notifTagID&gt;37&lt;/notifTagID&gt;&lt;notifRecordID&gt;263627&lt;/notifRecordID&gt;&lt;descriptionDefined&gt;OP060 Test 3 - Probe 2 Distance&lt;/descriptionDefined&gt;&lt;nameDefined&gt;Test3_Probe2_Distance&lt;/nameDefined&gt;&lt;operationName&gt;VWC_SUBASSY_OP060&lt;/operationName&gt;&lt;CreatedOn&gt;2016-10-08 08:29:58&lt;/CreatedOn&gt;&lt;/Row&gt;&lt;Row&gt;&lt;serialNumber&gt;10023376B006E&lt;/serialNumber&gt;&lt;uom&gt;KN&lt;/uom&gt;&lt;notifTagValue&gt;1&lt;/notifTagValue&gt;&lt;notifTagID&gt;52&lt;/notifTagID&gt;&lt;notifRecordID&gt;263628&lt;/notifRecordID&gt;&lt;descriptionDefined&gt;OP070 Press mid stroke force lower limit (KN)&lt;/descriptionDefined&gt;&lt;nameDefined&gt;Press_MidStrokeForce_LCL&lt;/nameDefined&gt;&lt;operationName&gt;VWC_SUBASSY_OP070&lt;/operationName&gt;&lt;CreatedOn&gt;2016-10-08 08:31:07&lt;/CreatedOn&gt;&lt;/Row&gt;&lt;Row&gt;&lt;serialNumber&gt;10023376B006E&lt;/serialNumber&gt;&lt;uom&gt;KN&lt;/uom&gt;&lt;notifTagValue&gt;10.0773&lt;/notifTagValue&gt;&lt;notifTagID&gt;44&lt;/notifTagID&gt;&lt;notifRecordID&gt;263628&lt;/notifRecordID&gt;&lt;descriptionDefined&gt;OP070 Press bottom out force (KN)&lt;/descriptionDefined&gt;&lt;nameDefined&gt;Press_BottomOut_Force&lt;/nameDefined&gt;&lt;operationName&gt;VWC_SUBASSY_OP070&lt;/operationName&gt;&lt;CreatedOn&gt;2016-10-08 08:31:07&lt;/CreatedOn&gt;&lt;/Row&gt;&lt;Row&gt;&lt;serialNumber&gt;10023376B006E&lt;/serialNumber&gt;&lt;uom&gt;KN&lt;/uom&gt;&lt;notifTagValue&gt;100&lt;/notifTagValue&gt;&lt;notifTagID&gt;47&lt;/notifTagID&gt;&lt;notifRecordID&gt;263628&lt;/notifRecordID&gt;&lt;descriptionDefined&gt;OP070 Press bottom out force upper limit (KN)&lt;/descriptionDefined&gt;&lt;nameDefined&gt;Press_BottomOutForce_UCL&lt;/nameDefined&gt;&lt;operationName&gt;VWC_SUBASSY_OP070&lt;/operationName&gt;&lt;CreatedOn&gt;2016-10-08 08:31:07&lt;/CreatedOn&gt;&lt;/Row&gt;&lt;Row&gt;&lt;serialNumber&gt;10023376B006E&lt;/serialNumber&gt;&lt;uom&gt;KN&lt;/uom&gt;&lt;notifTagValue&gt;212&lt;/notifTagValue&gt;&lt;notifTagID&gt;49&lt;/notifTagID&gt;&lt;notifRecordID&gt;263628&lt;/notifRecordID&gt;&lt;descriptionDefined&gt;OP070 Press bottom out stroke upper limit (KN)&lt;/descriptionDefined&gt;&lt;nameDefined&gt;Press_BottomOutStroke_UCL&lt;/nameDefined&gt;&lt;operationName&gt;VWC_SUBASSY_OP070&lt;/operationName&gt;&lt;CreatedOn&gt;2016-10-08 08:31:07&lt;/CreatedOn&gt;&lt;/Row&gt;&lt;Row&gt;&lt;serialNumber&gt;10023376B006E&lt;/serialNumber&gt;&lt;uom&gt;KN&lt;/uom&gt;&lt;notifTagValue&gt;9&lt;/notifTagValue&gt;&lt;notifTagID&gt;46&lt;/notifTagID&gt;&lt;notifRecordID&gt;263628&lt;/notifRecordID&gt;&lt;descriptionDefined&gt;OP070 Press bottom out force lower limit (KN)&lt;/descriptionDefined&gt;&lt;nameDefined&gt;Press_BottomOutForce_LCL&lt;/nameDefined&gt;&lt;operationName&gt;VWC_SUBASSY_OP070&lt;/operationName&gt;&lt;CreatedOn&gt;2016-10-08 08:31:07&lt;/CreatedOn&gt;&lt;/Row&gt;&lt;Row&gt;&lt;serialNumber&gt;10023376B006E&lt;/serialNumber&gt;&lt;uom&gt;MM&lt;/uom&gt;&lt;notifTagValue&gt;0&lt;/notifTagValue&gt;&lt;notifTagID&gt;50&lt;/notifTagID&gt;&lt;notifRecordID&gt;263628&lt;/notifRecordID&gt;&lt;descriptionDefined&gt;OP070 Press mid stroke high value (mm)&lt;/descriptionDefined&gt;&lt;nameDefined&gt;Press_MidStroke_HighValue&lt;/nameDefined&gt;&lt;operationName&gt;VWC_SUBASSY_OP070&lt;/operationName&gt;&lt;CreatedOn&gt;2016-10-08 08:31:07&lt;/CreatedOn&gt;&lt;/Row&gt;&lt;Row&gt;&lt;serialNumber&gt;10023376B006E&lt;/serialNumber&gt;&lt;uom&gt;MM&lt;/uom&gt;&lt;notifTagValue&gt;0&lt;/notifTagValue&gt;&lt;notifTagID&gt;51&lt;/notifTagID&gt;&lt;notifRecordID&gt;263628&lt;/notifRecordID&gt;&lt;descriptionDefined&gt;OP070 Press mid stroke low value (mm)&lt;/descriptionDefined&gt;&lt;nameDefined&gt;Press_MidStroke_LowValue&lt;/nameDefined&gt;&lt;operationName&gt;VWC_SUBASSY_OP070&lt;/operationName&gt;&lt;CreatedOn&gt;2016-10-08 08:31:07&lt;/CreatedOn&gt;&lt;/Row&gt;&lt;Row&gt;&lt;serialNumber&gt;10023376B006E&lt;/serialNumber&gt;&lt;uom&gt;MM&lt;/uom&gt;&lt;notifTagValue&gt;211.5815&lt;/notifTagValue&gt;&lt;notifTagID&gt;45&lt;/notifTagID&gt;&lt;notifRecordID&gt;263628&lt;/notifRecordID&gt;&lt;descriptionDefined&gt;OP070 Press bottom out stroke (mm)&lt;/descriptionDefined&gt;&lt;nameDefined&gt;Press_BottomOut_Stroke&lt;/nameDefined&gt;&lt;operationName&gt;VWC_SUBASSY_OP070&lt;/operationName&gt;&lt;CreatedOn&gt;2016-10-08 08:31:07&lt;/CreatedOn&gt;&lt;/Row&gt;&lt;Row&gt;&lt;serialNumber&gt;10023376B006E&lt;/serialNumber&gt;&lt;uom&gt;NONE&lt;/uom&gt;&lt;notifTagValue&gt;0&lt;/notifTagValue&gt;&lt;notifTagID&gt;257&lt;/notifTagID&gt;&lt;notifRecordID&gt;263628&lt;/notifRecordID&gt;&lt;descriptionDefined&gt;OP070 Air Blast Check - Pass/Fail Result (error code)&lt;/descriptionDefined&gt;&lt;nameDefined&gt;TestResult_AirBlast_Check&lt;/nameDefined&gt;&lt;operationName&gt;VWC_SUBASSY_OP070&lt;/operationName&gt;&lt;CreatedOn&gt;2016-10-08 08:31:07&lt;/CreatedOn&gt;&lt;/Row&gt;&lt;Row&gt;&lt;serialNumber&gt;10023376B006E&lt;/serialNumber&gt;&lt;uom&gt;NONE&lt;/uom&gt;&lt;notifTagValue&gt;0&lt;/notifTagValue&gt;&lt;notifTagID&gt;260&lt;/notifTagID&gt;&lt;notifRecordID&gt;263628&lt;/notifRecordID&gt;&lt;descriptionDefined&gt;OP070 Press mid stroke high value - Pass/Fail Result (error code)&lt;/descriptionDefined&gt;&lt;nameDefined&gt;TestResult_PressMidStroke_HighValue&lt;/nameDefined&gt;&lt;operationName&gt;VWC_SUBASSY_OP070&lt;/operationName&gt;&lt;CreatedOn&gt;2016-10-08 08:31:07&lt;/CreatedOn&gt;&lt;/Row&gt;&lt;Row&gt;&lt;serialNumber&gt;10023376B006E&lt;/serialNumber&gt;&lt;uom&gt;NONE&lt;/uom&gt;&lt;notifTagValue&gt;0&lt;/notifTagValue&gt;&lt;notifTagID&gt;261&lt;/notifTagID&gt;&lt;notifRecordID&gt;263628&lt;/notifRecordID&gt;&lt;descriptionDefined&gt;OP070 Press mid stroke low value - Pass/Fail Result (error code)&lt;/descriptionDefined&gt;&lt;nameDefined&gt;TestResult_PressMidStroke_LowValue&lt;/nameDefined&gt;&lt;operationName&gt;VWC_SUBASSY_OP070&lt;/operationName&gt;&lt;CreatedOn&gt;2016-10-08 08:31:07&lt;/CreatedOn&gt;&lt;/Row&gt;&lt;Row&gt;&lt;serialNumber&gt;10023376B006E&lt;/serialNumber&gt;&lt;uom&gt;NONE&lt;/uom&gt;&lt;notifTagValue&gt;1&lt;/notifTagValue&gt;&lt;notifTagID&gt;258&lt;/notifTagID&gt;&lt;notifRecordID&gt;263628&lt;/notifRecordID&gt;&lt;descriptionDefined&gt;OP070 Press bottom out force - Pass/Fail Result (error code)&lt;/descriptionDefined&gt;&lt;nameDefined&gt;TestResult_BottomOut_Force&lt;/nameDefined&gt;&lt;operationName&gt;VWC_SUBASSY_OP070&lt;/operationName&gt;&lt;CreatedOn&gt;2016-10-08 08:31:07&lt;/CreatedOn&gt;&lt;/Row&gt;&lt;Row&gt;&lt;serialNumber&gt;10023376B006E&lt;/serialNumber&gt;&lt;uom&gt;NONE&lt;/uom&gt;&lt;notifTagValue&gt;1&lt;/notifTagValue&gt;&lt;notifTagID&gt;259&lt;/notifTagID&gt;&lt;notifRecordID&gt;263628&lt;/notifRecordID&gt;&lt;descriptionDefined&gt;OP070 Press bottom out stroke - Pass/Fail Result (error code)&lt;/descriptionDefined&gt;&lt;nameDefined&gt;TestResult_BottomOut_Stroke&lt;/nameDefined&gt;&lt;operationName&gt;VWC_SUBASSY_OP070&lt;/operationName&gt;&lt;CreatedOn&gt;2016-10-08 08:31:07&lt;/CreatedOn&gt;&lt;/Row&gt;&lt;Row&gt;&lt;serialNumber&gt;10023376B006E&lt;/serialNumber&gt;&lt;uom&gt;NONE&lt;/uom&gt;&lt;notifTagValue&gt;8&lt;/notifTagValue&gt;&lt;notifTagID&gt;53&lt;/notifTagID&gt;&lt;notifRecordID&gt;263628&lt;/notifRecordID&gt;&lt;descriptionDefined&gt;OP070 Press mid stroke force upper limit (KN)&lt;/descriptionDefined&gt;&lt;nameDefined&gt;Press_MidStrokeForce_UCL&lt;/nameDefined&gt;&lt;operationName&gt;VWC_SUBASSY_OP070&lt;/operationName&gt;&lt;CreatedOn&gt;2016-10-08 08:31:07&lt;/CreatedOn&gt;&lt;/Row&gt;&lt;Row&gt;&lt;serialNumber&gt;10023376B006E&lt;/serialNumber&gt;&lt;uom&gt;KN&lt;/uom&gt;&lt;notifTagValue&gt;12.2641&lt;/notifTagValue&gt;&lt;notifTagID&gt;71&lt;/notifTagID&gt;&lt;notifRecordID&gt;263633&lt;/notifRecordID&gt;&lt;descriptionDefined&gt;OP080 Test 2 - Upper Press Ram Result Mid Stroke Force Low(KN)&lt;/descriptionDefined&gt;&lt;nameDefined&gt;UpperPressRam_MidStrokeForce_L&lt;/nameDefined&gt;&lt;operationName&gt;VWC_SUBASSY_OP080&lt;/operationName&gt;&lt;CreatedOn&gt;2016-10-08 08:33:48&lt;/CreatedOn&gt;&lt;/Row&gt;&lt;Row&gt;&lt;serialNumber&gt;10023376B006E&lt;/serialNumber&gt;&lt;uom&gt;KN&lt;/uom&gt;&lt;notifTagValue&gt;31.4347&lt;/notifTagValue&gt;&lt;notifTagID&gt;68&lt;/notifTagID&gt;&lt;notifRecordID&gt;263633&lt;/notifRecordID&gt;&lt;descriptionDefined&gt;OP080 Test 2 - Upper Press Ram Result Bottom Out Force (KN)&lt;/descriptionDefined&gt;&lt;nameDefined&gt;UpperPressRam_BottomOutForce_H&lt;/nameDefined&gt;&lt;operationName&gt;VWC_SUBASSY_OP080&lt;/operationName&gt;&lt;CreatedOn&gt;2016-10-08 08:33:48&lt;/CreatedOn&gt;&lt;/Row&gt;&lt;Row&gt;&lt;serialNumber&gt;10023376B006E&lt;/serialNumber&gt;&lt;uom&gt;KN&lt;/uom&gt;&lt;notifTagValue&gt;31.4347&lt;/notifTagValue&gt;&lt;notifTagID&gt;70&lt;/notifTagID&gt;&lt;notifRecordID&gt;263633&lt;/notifRecordID&gt;&lt;descriptionDefined&gt;OP080 Test 2 - Upper Press Ram Result Mid Stroke Force High(KN)&lt;/descriptionDefined&gt;&lt;nameDefined&gt;UpperPressRam_MidStrokeForce_H&lt;/nameDefined&gt;&lt;operationName&gt;VWC_SUBASSY_OP080&lt;/operationName&gt;&lt;CreatedOn&gt;2016-10-08 08:33:48&lt;/CreatedOn&gt;&lt;/Row&gt;&lt;Row&gt;&lt;serialNumber&gt;10023376B006E&lt;/serialNumber&gt;&lt;uom&gt;KN&lt;/uom&gt;&lt;notifTagValue&gt;50.3071&lt;/notifTagValue&gt;&lt;notifTagID&gt;54&lt;/notifTagID&gt;&lt;notifRecordID&gt;263633&lt;/notifRecordID&gt;&lt;descriptionDefined&gt;OP080 Test 1 - Lower Press Ram Result Bottom Out Force (KN)&lt;/descriptionDefined&gt;&lt;nameDefined&gt;LowerPressRam_BottomOutForce_H&lt;/nameDefined&gt;&lt;operationName&gt;VWC_SUBASSY_OP080&lt;/operationName&gt;&lt;CreatedOn&gt;2016-10-08 08:33:48&lt;/CreatedOn&gt;&lt;/Row&gt;&lt;Row&gt;&lt;serialNumber&gt;10023376B006E&lt;/serialNumber&gt;&lt;uom&gt;KN&lt;/uom&gt;&lt;notifTagValue&gt;6.7412&lt;/notifTagValue&gt;&lt;notifTagID&gt;56&lt;/notifTagID&gt;&lt;notifRecordID&gt;263633&lt;/notifRecordID&gt;&lt;descriptionDefined&gt;OP080 Test 1 - Lower Press Ram Result Mid Stroke Force High (KN)&lt;/descriptionDefined&gt;&lt;nameDefined&gt;LowerPressRam_MidStrokeForce_H&lt;/nameDefined&gt;&lt;operationName&gt;VWC_SUBASSY_OP080&lt;/operationName&gt;&lt;CreatedOn&gt;2016-10-08 08:33:48&lt;/CreatedOn&gt;&lt;/Row&gt;&lt;Row&gt;&lt;serialNumber&gt;10023376B006E&lt;/serialNumber&gt;&lt;uom&gt;KN&lt;/uom&gt;&lt;notifTagValue&gt;6.7412&lt;/notifTagValue&gt;&lt;notifTagID&gt;57&lt;/notifTagID&gt;&lt;notifRecordID&gt;263633&lt;/notifRecordID&gt;&lt;descriptionDefined&gt;OP080 Test 1 - Lower Press Ram Result Mid Stroke Force Low (KN)&lt;/descriptionDefined&gt;&lt;nameDefined&gt;LowerPressRam_MidStrokeForce_L&lt;/nameDefined&gt;&lt;operationName&gt;VWC_SUBASSY_OP080&lt;/operationName&gt;&lt;CreatedOn&gt;2016-10-08 08:33:48&lt;/CreatedOn&gt;&lt;/Row&gt;&lt;Row&gt;&lt;serialNumber&gt;10023376B006E&lt;/serialNumber&gt;&lt;uom&gt;MM&lt;/uom&gt;&lt;notifTagValue&gt;237.7676&lt;/notifTagValue&gt;&lt;notifTagID&gt;69&lt;/notifTagID&gt;&lt;notifRecordID&gt;263633&lt;/notifRecordID&gt;&lt;descriptionDefined&gt;OP080 Test 2 - Upper Press Ram Result Bottom Out Stroke (mm)&lt;/descriptionDefined&gt;&lt;nameDefined&gt;UpperPressRam_BottomOutStroke_H&lt;/nameDefined&gt;&lt;operationName&gt;VWC_SUBASSY_OP080&lt;/operationName&gt;&lt;CreatedOn&gt;2016-10-08 08:33:48&lt;/CreatedOn&gt;&lt;/Row&gt;&lt;Row&gt;&lt;serialNumber&gt;10023376B006E&lt;/serialNumber&gt;&lt;uom&gt;MM&lt;/uom&gt;&lt;notifTagValue&gt;346.9266&lt;/notifTagValue&gt;&lt;notifTagID&gt;55&lt;/notifTagID&gt;&lt;notifRecordID&gt;263633&lt;/notifRecordID&gt;&lt;descriptionDefined&gt;OP080 Test 1 - Lower Press Ram Result Bottom Out Stroke (mm)&lt;/descriptionDefined&gt;&lt;nameDefined&gt;LowerPressRam_BottomOutStroke_H&lt;/nameDefined&gt;&lt;operationName&gt;VWC_SUBASSY_OP080&lt;/operationName&gt;&lt;CreatedOn&gt;2016-10-08 08:33:48&lt;/CreatedOn&gt;&lt;/Row&gt;&lt;Row&gt;&lt;serialNumber&gt;10023376B006E&lt;/serialNumber&gt;&lt;uom&gt;NONE&lt;/uom&gt;&lt;notifTagValue&gt;1&lt;/notifTagValue&gt;&lt;notifTagID&gt;60&lt;/notifTagID&gt;&lt;notifRecordID&gt;263633&lt;/notifRecordID&gt;&lt;descriptionDefined&gt;OP080 Test 1 - Lower Press Ram Test Result Bottom Out Force (error code)&lt;/descriptionDefined&gt;&lt;nameDefined&gt;TestResult_LowerPressRam_BottomOutForce_H&lt;/nameDefined&gt;&lt;operationName&gt;VWC_SUBASSY_OP080&lt;/operationName&gt;&lt;CreatedOn&gt;2016-10-08 08:33:48&lt;/CreatedOn&gt;&lt;/Row&gt;&lt;Row&gt;&lt;serialNumber&gt;10023376B006E&lt;/serialNumber&gt;&lt;uom&gt;NONE&lt;/uom&gt;&lt;notifTagValue&gt;1&lt;/notifTagValue&gt;&lt;notifTagID&gt;61&lt;/notifTagID&gt;&lt;notifRecordID&gt;263633&lt;/notifRecordID&gt;&lt;descriptionDefined&gt;OP080 Test 1 - Lower Press Ram Test Result Bottom Out Stroke (error code)&lt;/descriptionDefined&gt;&lt;nameDefined&gt;TestResult_LowerPressRam_BottomOutStroke_H&lt;/nameDefined&gt;&lt;operationName&gt;VWC_SUBASSY_OP080&lt;/operationName&gt;&lt;CreatedOn&gt;2016-10-08 08:33:48&lt;/CreatedOn&gt;&lt;/Row&gt;&lt;Row&gt;&lt;serialNumber&gt;10023376B006E&lt;/serialNumber&gt;&lt;uom&gt;NONE&lt;/uom&gt;&lt;notifTagValue&gt;1&lt;/notifTagValue&gt;&lt;notifTagID&gt;62&lt;/notifTagID&gt;&lt;notifRecordID&gt;263633&lt;/notifRecordID&gt;&lt;descriptionDefined&gt;OP080 Test 1 - Lower Press Ram Test Result Mid Stroke Force High (error code)&lt;/descriptionDefined&gt;&lt;nameDefined&gt;TestResult_LowerPressRam_MidStrokeForce_H&lt;/nameDefined&gt;&lt;operationName&gt;VWC_SUBASSY_OP080&lt;/operationName&gt;&lt;CreatedOn&gt;2016-10-08 08:33:48&lt;/CreatedOn&gt;&lt;/Row&gt;&lt;Row&gt;&lt;serialNumber&gt;10023376B006E&lt;/serialNumber&gt;&lt;uom&gt;NONE&lt;/uom&gt;&lt;notifTagValue&gt;1&lt;/notifTagValue&gt;&lt;notifTagID&gt;63&lt;/notifTagID&gt;&lt;notifRecordID&gt;263633&lt;/notifRecordID&gt;&lt;descriptionDefined&gt;OP080 Test 1 - Lower Press Ram Test Result Mid Stroke Force Low (error code)&lt;/descriptionDefined&gt;&lt;nameDefined&gt;TestResult_LowerPressRam_MidStrokeForce_L&lt;/nameDefined&gt;&lt;operationName&gt;VWC_SUBASSY_OP080&lt;/operationName&gt;&lt;CreatedOn&gt;2016-10-08 08:33:48&lt;/CreatedOn&gt;&lt;/Row&gt;&lt;Row&gt;&lt;serialNumber&gt;10023376B006E&lt;/serialNumber&gt;&lt;uom&gt;NONE&lt;/uom&gt;&lt;notifTagValue&gt;1&lt;/notifTagValue&gt;&lt;notifTagID&gt;64&lt;/notifTagID&gt;&lt;notifRecordID&gt;263633&lt;/notifRecordID&gt;&lt;descriptionDefined&gt;OP080 Test 2 - Upper Press Ram Test Result Mid Stroke Force High (error code)&lt;/descriptionDefined&gt;&lt;nameDefined&gt;TestResult_UpperPressRam_BottomOutForce_H&lt;/nameDefined&gt;&lt;operationName&gt;VWC_SUBASSY_OP080&lt;/operationName&gt;&lt;CreatedOn&gt;2016-10-08 08:33:48&lt;/CreatedOn&gt;&lt;/Row&gt;&lt;Row&gt;&lt;serialNumber&gt;10023376B006E&lt;/serialNumber&gt;&lt;uom&gt;NONE&lt;/uom&gt;&lt;notifTagValue&gt;1&lt;/notifTagValue&gt;&lt;notifTagID&gt;65&lt;/notifTagID&gt;&lt;notifRecordID&gt;263633&lt;/notifRecordID&gt;&lt;descriptionDefined&gt;OP080 Test 2 - Upper Press Ram Test Result Bottom Out Stroke (error code)&lt;/descriptionDefined&gt;&lt;nameDefined&gt;TestResult_UpperPressRam_BottomOutStroke_H&lt;/nameDefined&gt;&lt;operationName&gt;VWC_SUBASSY_OP080&lt;/operationName&gt;&lt;CreatedOn&gt;2016-10-08 08:33:48&lt;/CreatedOn&gt;&lt;/Row&gt;&lt;Row&gt;&lt;serialNumber&gt;10023376B006E&lt;/serialNumber&gt;&lt;uom&gt;NONE&lt;/uom&gt;&lt;notifTagValue&gt;1&lt;/notifTagValue&gt;&lt;notifTagID&gt;66&lt;/notifTagID&gt;&lt;notifRecordID&gt;263633&lt;/notifRecordID&gt;&lt;descriptionDefined&gt;OP080 Test 2 - Upper Press Ram Test Result Mid Stroke Force High (error code)&lt;/descriptionDefined&gt;&lt;nameDefined&gt;TestResult_UpperPressRam_MidStrokeForce_H&lt;/nameDefined&gt;&lt;operationName&gt;VWC_SUBASSY_OP080&lt;/operationName&gt;&lt;CreatedOn&gt;2016-10-08 08:33:48&lt;/CreatedOn&gt;&lt;/Row&gt;&lt;Row&gt;&lt;serialNumber&gt;10023376B006E&lt;/serialNumber&gt;&lt;uom&gt;NONE&lt;/uom&gt;&lt;notifTagValue&gt;1&lt;/notifTagValue&gt;&lt;notifTagID&gt;67&lt;/notifTagID&gt;&lt;notifRecordID&gt;263633&lt;/notifRecordID&gt;&lt;descriptionDefined&gt;OP080 Test 2 - Upper Press Ram Test Result Mid Stroke Force Low (error code)&lt;/descriptionDefined&gt;&lt;nameDefined&gt;TestResult_UpperPressRam_MidStrokeForce_L&lt;/nameDefined&gt;&lt;operationName&gt;VWC_SUBASSY_OP080&lt;/operationName&gt;&lt;CreatedOn&gt;2016-10-08 08:33:48&lt;/CreatedOn&gt;&lt;/Row&gt;&lt;Row&gt;&lt;serialNumber&gt;10023376B006E&lt;/serialNumber&gt;&lt;uom&gt;KN&lt;/uom&gt;&lt;notifTagValue&gt;-1&lt;/notifTagValue&gt;&lt;notifTagID&gt;333&lt;/notifTagID&gt;&lt;notifRecordID&gt;263636&lt;/notifRecordID&gt;&lt;descriptionDefined&gt;OP090 - Press1_MidStrokeForceHigh_LCL (KN)&lt;/descriptionDefined&gt;&lt;nameDefined&gt;Press1_MidStrokeForceHigh_LCL&lt;/nameDefined&gt;&lt;operationName&gt;VWC_SUBASSY_OP090&lt;/operationName&gt;&lt;CreatedOn&gt;2016-10-08 08:38:12&lt;/CreatedOn&gt;&lt;/Row&gt;&lt;Row&gt;&lt;serialNumber&gt;10023376B006E&lt;/serialNumber&gt;&lt;uom&gt;KN&lt;/uom&gt;&lt;notifTagValue&gt;-1&lt;/notifTagValue&gt;&lt;notifTagID&gt;336&lt;/notifTagID&gt;&lt;notifRecordID&gt;263636&lt;/notifRecordID&gt;&lt;descriptionDefined&gt;OP090 - Press1_MidStrokeForceLow_LCL (KN)&lt;/descriptionDefined&gt;&lt;nameDefined&gt;Press1_MidStrokeForceLow_LCL&lt;/nameDefined&gt;&lt;operationName&gt;VWC_SUBASSY_OP090&lt;/operationName&gt;&lt;CreatedOn&gt;2016-10-08 08:38:12&lt;/CreatedOn&gt;&lt;/Row&gt;&lt;Row&gt;&lt;serialNumber&gt;10023376B006E&lt;/serialNumber&gt;&lt;uom&gt;KN&lt;/uom&gt;&lt;notifTagValue&gt;0&lt;/notifTagValue&gt;&lt;notifTagID&gt;272&lt;/notifTagID&gt;&lt;notifRecordID&gt;263636&lt;/notifRecordID&gt;&lt;descriptionDefined&gt;OP090 - Press2_BottomOutForce_LCL&lt;/descriptionDefined&gt;&lt;nameDefined&gt;Press2_BottomOutForce_LCL&lt;/nameDefined&gt;&lt;operationName&gt;VWC_SUBASSY_OP090&lt;/operationName&gt;&lt;CreatedOn&gt;2016-10-08 08:38:12&lt;/CreatedOn&gt;&lt;/Row&gt;&lt;Row&gt;&lt;serialNumber&gt;10023376B006E&lt;/serialNumber&gt;&lt;uom&gt;KN&lt;/uom&gt;&lt;notifTagValue&gt;0&lt;/notifTagValue&gt;&lt;notifTagID&gt;273&lt;/notifTagID&gt;&lt;notifRecordID&gt;263636&lt;/notifRecordID&gt;&lt;descriptionDefined&gt;OP090 - Press2_BottomOutForce_UCL&lt;/descriptionDefined&gt;&lt;nameDefined&gt;Press2_BottomOutForce_UCL&lt;/nameDefined&gt;&lt;operationName&gt;VWC_SUBASSY_OP090&lt;/operationName&gt;&lt;CreatedOn&gt;2016-10-08 08:38:12&lt;/CreatedOn&gt;&lt;/Row&gt;&lt;Row&gt;&lt;serialNumber&gt;10023376B006E&lt;/serialNumber&gt;&lt;uom&gt;KN&lt;/uom&gt;&lt;notifTagValue&gt;0&lt;/notifTagValue&gt;&lt;notifTagID&gt;274&lt;/notifTagID&gt;&lt;notifRecordID&gt;263636&lt;/notifRecordID&gt;&lt;descriptionDefined&gt;OP090 - Press2_MidStrokeForceHigh_LCL&lt;/descriptionDefined&gt;&lt;nameDefined&gt;Press2_MidStrokeForceHigh_LCL&lt;/nameDefined&gt;&lt;operationName&gt;VWC_SUBASSY_OP090&lt;/operationName&gt;&lt;CreatedOn&gt;2016-10-08 08:38:12&lt;/CreatedOn&gt;&lt;/Row&gt;&lt;Row&gt;&lt;serialNumber&gt;10023376B006E&lt;/serialNumber&gt;&lt;uom&gt;KN&lt;/uom&gt;&lt;notifTagValue&gt;0&lt;/notifTagValue&gt;&lt;notifTagID&gt;275&lt;/notifTagID&gt;&lt;notifRecordID&gt;263636&lt;/notifRecordID&gt;&lt;descriptionDefined&gt;OP090 - Press2_MidStrokeForceHigh_UCL&lt;/descriptionDefined&gt;&lt;nameDefined&gt;Press2_MidStrokeForceHigh_UCL&lt;/nameDefined&gt;&lt;operationName&gt;VWC_SUBASSY_OP090&lt;/operationName&gt;&lt;CreatedOn&gt;2016-10-08 08:38:12&lt;/CreatedOn&gt;&lt;/Row&gt;&lt;Row&gt;&lt;serialNumber&gt;10023376B006E&lt;/serialNumber&gt;&lt;uom&gt;KN&lt;/uom&gt;&lt;notifTagValue&gt;0&lt;/notifTagValue&gt;&lt;notifTagID&gt;276&lt;/notifTagID&gt;&lt;notifRecordID&gt;263636&lt;/notifRecordID&gt;&lt;descriptionDefined&gt;OP090 - Press2_MidStrokeForceLow_LCL&lt;/descriptionDefined&gt;&lt;nameDefined&gt;Press2_MidStrokeForceLow_LCL&lt;/nameDefined&gt;&lt;operationName&gt;VWC_SUBASSY_OP090&lt;/operationName&gt;&lt;CreatedOn&gt;2016-10-08 08:38:12&lt;/CreatedOn&gt;&lt;/Row&gt;&lt;Row&gt;&lt;serialNumber&gt;10023376B006E&lt;/serialNumber&gt;&lt;uom&gt;KN&lt;/uom&gt;&lt;notifTagValue&gt;0&lt;/notifTagValue&gt;&lt;notifTagID&gt;277&lt;/notifTagID&gt;&lt;notifRecordID&gt;263636&lt;/notifRecordID&gt;&lt;descriptionDefined&gt;OP090 - Press2_MidStrokeForceLow_UCL&lt;/descriptionDefined&gt;&lt;nameDefined&gt;Press2_MidStrokeForceLow_UCL&lt;/nameDefined&gt;&lt;operationName&gt;VWC_SUBASSY_OP090&lt;/operationName&gt;&lt;CreatedOn&gt;2016-10-08 08:38:12&lt;/CreatedOn&gt;&lt;/Row&gt;&lt;Row&gt;&lt;serialNumber&gt;10023376B006E&lt;/serialNumber&gt;&lt;uom&gt;KN&lt;/uom&gt;&lt;notifTagValue&gt;3&lt;/notifTagValue&gt;&lt;notifTagID&gt;268&lt;/notifTagID&gt;&lt;notifRecordID&gt;263636&lt;/notifRecordID&gt;&lt;descriptionDefined&gt;OP090 - Press1_BottomOutForce_LCL (KN)&lt;/descriptionDefined&gt;&lt;nameDefined&gt;Press1_BottomOutForce_LCL&lt;/nameDefined&gt;&lt;operationName&gt;VWC_SUBASSY_OP090&lt;/operationName&gt;&lt;CreatedOn&gt;2016-10-08 08:38:12&lt;/CreatedOn&gt;&lt;/Row&gt;&lt;Row&gt;&lt;serialNumber&gt;10023376B006E&lt;/serialNumber&gt;&lt;uom&gt;KN&lt;/uom&gt;&lt;notifTagValue&gt;55&lt;/notifTagValue&gt;&lt;notifTagID&gt;269&lt;/notifTagID&gt;&lt;notifRecordID&gt;263636&lt;/notifRecordID&gt;&lt;descriptionDefined&gt;OP090 - Press1_BottomOutForce_UCL (KN)&lt;/descriptionDefined&gt;&lt;nameDefined&gt;Press1_BottomOutForce_UCL&lt;/nameDefined&gt;&lt;operationName&gt;VWC_SUBASSY_OP090&lt;/operationName&gt;&lt;CreatedOn&gt;2016-10-08 08:38:12&lt;/CreatedOn&gt;&lt;/Row&gt;&lt;Row&gt;&lt;serialNumber&gt;10023376B006E&lt;/serialNumber&gt;&lt;uom&gt;KN&lt;/uom&gt;&lt;notifTagValue&gt;60&lt;/notifTagValue&gt;&lt;notifTagID&gt;334&lt;/notifTagID&gt;&lt;notifRecordID&gt;263636&lt;/notifRecordID&gt;&lt;descriptionDefined&gt;OP090 - Press1_MidStrokeForceHigh_UCL (KN)&lt;/descriptionDefined&gt;&lt;nameDefined&gt;Press1_MidStrokeForceHigh_UCL&lt;/nameDefined&gt;&lt;operationName&gt;VWC_SUBASSY_OP090&lt;/operationName&gt;&lt;CreatedOn&gt;2016-10-08 08:38:12&lt;/CreatedOn&gt;&lt;/Row&gt;&lt;Row&gt;&lt;serialNumber&gt;10023376B006E&lt;/serialNumber&gt;&lt;uom&gt;MM&lt;/uom&gt;&lt;notifTagValue&gt;0&lt;/notifTagValue&gt;&lt;notifTagID&gt;270&lt;/notifTagID&gt;&lt;notifRecordID&gt;263636&lt;/notifRecordID&gt;&lt;descriptionDefined&gt;OP090 - Press2_BottomOutDist_LCL&lt;/descriptionDefined&gt;&lt;nameDefined&gt;Press2_BottomOutDist_LCL&lt;/nameDefined&gt;&lt;operationName&gt;VWC_SUBASSY_OP090&lt;/operationName&gt;&lt;CreatedOn&gt;2016-10-08 08:38:12&lt;/CreatedOn&gt;&lt;/Row&gt;&lt;Row&gt;&lt;serialNumber&gt;10023376B006E&lt;/serialNumber&gt;&lt;uom&gt;MM&lt;/uom&gt;&lt;notifTagValue&gt;0&lt;/notifTagValue&gt;&lt;notifTagID&gt;271&lt;/notifTagID&gt;&lt;notifRecordID&gt;263636&lt;/notifRecordID&gt;&lt;descriptionDefined&gt;OP090 - Press2_BottomOutDist_UCL&lt;/descriptionDefined&gt;&lt;nameDefined&gt;Press2_BottomOutDist_UCL&lt;/nameDefined&gt;&lt;operationName&gt;VWC_SUBASSY_OP090&lt;/operationName&gt;&lt;CreatedOn&gt;2016-10-08 08:38:12&lt;/CreatedOn&gt;&lt;/Row&gt;&lt;Row&gt;&lt;serialNumber&gt;10023376B006E&lt;/serialNumber&gt;&lt;uom&gt;MM&lt;/uom&gt;&lt;notifTagValue&gt;242&lt;/notifTagValue&gt;&lt;notifTagID&gt;266&lt;/notifTagID&gt;&lt;notifRecordID&gt;263636&lt;/notifRecordID&gt;&lt;descriptionDefined&gt;OP090 - Press1_BottomOutDist_LCL (mm)&lt;/descriptionDefined&gt;&lt;nameDefined&gt;Press1_BottomOutDist_LCL&lt;/nameDefined&gt;&lt;operationName&gt;VWC_SUBASSY_OP090&lt;/operationName&gt;&lt;CreatedOn&gt;2016-10-08 08:38:12&lt;/CreatedOn&gt;&lt;/Row&gt;&lt;Row&gt;&lt;serialNumber&gt;10023376B006E&lt;/serialNumber&gt;&lt;uom&gt;MM&lt;/uom&gt;&lt;notifTagValue&gt;244&lt;/notifTagValue&gt;&lt;notifTagID&gt;267&lt;/notifTagID&gt;&lt;notifRecordID&gt;263636&lt;/notifRecordID&gt;&lt;descriptionDefined&gt;OP090 - Press1_BottomOutDist_UCL&lt;/descriptionDefined&gt;&lt;nameDefined&gt;Press1_BottomOutDist_UCL&lt;/nameDefined&gt;&lt;operationName&gt;VWC_SUBASSY_OP090&lt;/operationName&gt;&lt;CreatedOn&gt;2016-10-08 08:38:12&lt;/CreatedOn&gt;&lt;/Row&gt;&lt;Row&gt;&lt;serialNumber&gt;10023376B006E&lt;/serialNumber&gt;&lt;uom&gt;NONE&lt;/uom&gt;&lt;notifTagValue/&gt;&lt;notifTagID&gt;343&lt;/notifTagID&gt;&lt;notifRecordID&gt;263636&lt;/notifRecordID&gt;&lt;descriptionDefined&gt;OP090 - TestResult_Press1_BottomOutDistance (error code)&lt;/descriptionDefined&gt;&lt;nameDefined&gt;TestResult_Press1_BottomOut_Distance&lt;/nameDefined&gt;&lt;operationName&gt;VWC_SUBASSY_OP090&lt;/operationName&gt;&lt;CreatedOn&gt;2016-10-08 08:38:12&lt;/CreatedOn&gt;&lt;/Row&gt;&lt;Row&gt;&lt;serialNumber&gt;10023376B006E&lt;/serialNumber&gt;&lt;uom&gt;NONE&lt;/uom&gt;&lt;notifTagValue/&gt;&lt;notifTagID&gt;344&lt;/notifTagID&gt;&lt;notifRecordID&gt;263636&lt;/notifRecordID&gt;&lt;descriptionDefined&gt;OP090 - TestResult_Press1_BottomOutForce (error code)&lt;/descriptionDefined&gt;&lt;nameDefined&gt;TestResult_Press1_BottomOut_Force&lt;/nameDefined&gt;&lt;operationName&gt;VWC_SUBASSY_OP090&lt;/operationName&gt;&lt;CreatedOn&gt;2016-10-08 08:38:12&lt;/CreatedOn&gt;&lt;/Row&gt;&lt;Row&gt;&lt;serialNumber&gt;10023376B006E&lt;/serialNumber&gt;&lt;uom&gt;NONE&lt;/uom&gt;&lt;notifTagValue/&gt;&lt;notifTagID&gt;345&lt;/notifTagID&gt;&lt;notifRecordID&gt;263636&lt;/notifRecordID&gt;&lt;descriptionDefined&gt;OP090 - TestResult_Press1_MidStrokeForceHigh (error code)&lt;/descriptionDefined&gt;&lt;nameDefined&gt;TestResult_Press1_MidStrokeForce_High&lt;/nameDefined&gt;&lt;operationName&gt;VWC_SUBASSY_OP090&lt;/operationName&gt;&lt;CreatedOn&gt;2016-10-08 08:38:12&lt;/CreatedOn&gt;&lt;/Row&gt;&lt;Row&gt;&lt;serialNumber&gt;10023376B006E&lt;/serialNumber&gt;&lt;uom&gt;NONE&lt;/uom&gt;&lt;notifTagValue/&gt;&lt;notifTagID&gt;346&lt;/notifTagID&gt;&lt;notifRecordID&gt;263636&lt;/notifRecordID&gt;&lt;descriptionDefined&gt;OP090 - TestResult_Press1_MidStrokeForceLow (error code)&lt;/descriptionDefined&gt;&lt;nameDefined&gt;TestResult_Press1_MidStrokeForce_Low&lt;/nameDefined&gt;&lt;operationName&gt;VWC_SUBASSY_OP090&lt;/operationName&gt;&lt;CreatedOn&gt;2016-10-08 08:38:12&lt;/CreatedOn&gt;&lt;/Row&gt;&lt;Row&gt;&lt;serialNumber&gt;10023376B006E&lt;/serialNumber&gt;&lt;uom&gt;NONE&lt;/uom&gt;&lt;notifTagValue/&gt;&lt;notifTagID&gt;347&lt;/notifTagID&gt;&lt;notifRecordID&gt;263636&lt;/notifRecordID&gt;&lt;descriptionDefined&gt;OP090 - TestResult_Press2_BottomOutDistance (error code)&lt;/descriptionDefined&gt;&lt;nameDefined&gt;TestResult_Press2_BottomOut_Distance&lt;/nameDefined&gt;&lt;operationName&gt;VWC_SUBASSY_OP090&lt;/operationName&gt;&lt;CreatedOn&gt;2016-10-08 08:38:12&lt;/CreatedOn&gt;&lt;/Row&gt;&lt;Row&gt;&lt;serialNumber&gt;10023376B006E&lt;/serialNumber&gt;&lt;uom&gt;NONE&lt;/uom&gt;&lt;notifTagValue/&gt;&lt;notifTagID&gt;348&lt;/notifTagID&gt;&lt;notifRecordID&gt;263636&lt;/notifRecordID&gt;&lt;descriptionDefined&gt;OP090 - TestResult_Press2_BottomOutForce (error code)&lt;/descriptionDefined&gt;&lt;nameDefined&gt;TestResult_Press2_BottomOut_Force&lt;/nameDefined&gt;&lt;operationName&gt;VWC_SUBASSY_OP090&lt;/operationName&gt;&lt;CreatedOn&gt;2016-10-08 08:38:12&lt;/CreatedOn&gt;&lt;/Row&gt;&lt;Row&gt;&lt;serialNumber&gt;10023376B006E&lt;/serialNumber&gt;&lt;uom&gt;NONE&lt;/uom&gt;&lt;notifTagValue/&gt;&lt;notifTagID&gt;349&lt;/notifTagID&gt;&lt;notifRecordID&gt;263636&lt;/notifRecordID&gt;&lt;descriptionDefined&gt;OP090 - TestResult_Press2_MidStrokeForceHigh (error code)&lt;/descriptionDefined&gt;&lt;nameDefined&gt;TestResult_Press2_MidStrokeForce_High&lt;/nameDefined&gt;&lt;operationName&gt;VWC_SUBASSY_OP090&lt;/operationName&gt;&lt;CreatedOn&gt;2016-10-08 08:38:12&lt;/CreatedOn&gt;&lt;/Row&gt;&lt;Row&gt;&lt;serialNumber&gt;10023376B006E&lt;/serialNumber&gt;&lt;uom&gt;NONE&lt;/uom&gt;&lt;notifTagValue/&gt;&lt;notifTagID&gt;350&lt;/notifTagID&gt;&lt;notifRecordID&gt;263636&lt;/notifRecordID&gt;&lt;descriptionDefined&gt;OP090 - TestResult_Press2_MidStrokeForceLow (error code)&lt;/descriptionDefined&gt;&lt;nameDefined&gt;TestResult_Press2_MidStrokeForce_Low&lt;/nameDefined&gt;&lt;operationName&gt;VWC_SUBASSY_OP090&lt;/operationName&gt;&lt;CreatedOn&gt;2016-10-08 08:38:12&lt;/CreatedOn&gt;&lt;/Row&gt;&lt;Row&gt;&lt;serialNumber&gt;10023376B006E&lt;/serialNumber&gt;&lt;uom&gt;NONE&lt;/uom&gt;&lt;notifTagValue&gt;0&lt;/notifTagValue&gt;&lt;notifTagID&gt;335&lt;/notifTagID&gt;&lt;notifRecordID&gt;263636&lt;/notifRecordID&gt;&lt;descriptionDefined&gt;OP090 - Press1_MidStrokeForceHigh_Value&lt;/descriptionDefined&gt;&lt;nameDefined&gt;Press1_MidStrokeForceHigh_Value&lt;/nameDefined&gt;&lt;operationName&gt;VWC_SUBASSY_OP090&lt;/operationName&gt;&lt;CreatedOn&gt;2016-10-08 08:38:12&lt;/CreatedOn&gt;&lt;/Row&gt;&lt;Row&gt;&lt;serialNumber&gt;10023376B006E&lt;/serialNumber&gt;&lt;uom&gt;NONE&lt;/uom&gt;&lt;notifTagValue&gt;0&lt;/notifTagValue&gt;&lt;notifTagID&gt;338&lt;/notifTagID&gt;&lt;notifRecordID&gt;263636&lt;/notifRecordID&gt;&lt;descriptionDefined&gt;OP090 - Press1_MidStrokeForceLow_Value&lt;/descriptionDefined&gt;&lt;nameDefined&gt;Press1_MidStrokeForceLow_Value&lt;/nameDefined&gt;&lt;operationName&gt;VWC_SUBASSY_OP090&lt;/operationName&gt;&lt;CreatedOn&gt;2016-10-08 08:38:12&lt;/CreatedOn&gt;&lt;/Row&gt;&lt;Row&gt;&lt;serialNumber&gt;10023376B006E&lt;/serialNumber&gt;&lt;uom&gt;NONE&lt;/uom&gt;&lt;notifTagValue&gt;0&lt;/notifTagValue&gt;&lt;notifTagID&gt;339&lt;/notifTagID&gt;&lt;notifRecordID&gt;263636&lt;/notifRecordID&gt;&lt;descriptionDefined&gt;OP090 - Press2_BottomOutDist_Value&lt;/descriptionDefined&gt;&lt;nameDefined&gt;Press2_BottomOutDist_Value&lt;/nameDefined&gt;&lt;operationName&gt;VWC_SUBASSY_OP090&lt;/operationName&gt;&lt;CreatedOn&gt;2016-10-08 08:38:12&lt;/CreatedOn&gt;&lt;/Row&gt;&lt;Row&gt;&lt;serialNumber&gt;10023376B006E&lt;/serialNumber&gt;&lt;uom&gt;NONE&lt;/uom&gt;&lt;notifTagValue&gt;0&lt;/notifTagValue&gt;&lt;notifTagID&gt;340&lt;/notifTagID&gt;&lt;notifRecordID&gt;263636&lt;/notifRecordID&gt;&lt;descriptionDefined&gt;OP090 - Press2_BottomOutForce_Value&lt;/descriptionDefined&gt;&lt;nameDefined&gt;Press2_BottomOutForce_Value&lt;/nameDefined&gt;&lt;operationName&gt;VWC_SUBASSY_OP090&lt;/operationName&gt;&lt;CreatedOn&gt;2016-10-08 08:38:12&lt;/CreatedOn&gt;&lt;/Row&gt;&lt;Row&gt;&lt;serialNumber&gt;10023376B006E&lt;/serialNumber&gt;&lt;uom&gt;NONE&lt;/uom&gt;&lt;notifTagValue&gt;0&lt;/notifTagValue&gt;&lt;notifTagID&gt;341&lt;/notifTagID&gt;&lt;notifRecordID&gt;263636&lt;/notifRecordID&gt;&lt;descriptionDefined&gt;OP090 - Press2_MidStrokeForceHigh_Value&lt;/descriptionDefined&gt;&lt;nameDefined&gt;Press2_MidStrokeForceHigh_Value&lt;/nameDefined&gt;&lt;operationName&gt;VWC_SUBASSY_OP090&lt;/operationName&gt;&lt;CreatedOn&gt;2016-10-08 08:38:12&lt;/CreatedOn&gt;&lt;/Row&gt;&lt;Row&gt;&lt;serialNumber&gt;10023376B006E&lt;/serialNumber&gt;&lt;uom&gt;NONE&lt;/uom&gt;&lt;notifTagValue&gt;0&lt;/notifTagValue&gt;&lt;notifTagID&gt;342&lt;/notifTagID&gt;&lt;notifRecordID&gt;263636&lt;/notifRecordID&gt;&lt;descriptionDefined&gt;OP090 - Press2_MidStrokeForceLow_Value&lt;/descriptionDefined&gt;&lt;nameDefined&gt;Press2_MidStrokeForceLow_Value&lt;/nameDefined&gt;&lt;operationName&gt;VWC_SUBASSY_OP090&lt;/operationName&gt;&lt;CreatedOn&gt;2016-10-08 08:38:12&lt;/CreatedOn&gt;&lt;/Row&gt;&lt;Row&gt;&lt;serialNumber&gt;10023376B006E&lt;/serialNumber&gt;&lt;uom&gt;NONE&lt;/uom&gt;&lt;notifTagValue&gt;243.3916&lt;/notifTagValue&gt;&lt;notifTagID&gt;331&lt;/notifTagID&gt;&lt;notifRecordID&gt;263636&lt;/notifRecordID&gt;&lt;descriptionDefined&gt;OP090 - Press1_BottomOutDist_Value&lt;/descriptionDefined&gt;&lt;nameDefined&gt;Press1_BottomOutDistance_Value&lt;/nameDefined&gt;&lt;operationName&gt;VWC_SUBASSY_OP090&lt;/operationName&gt;&lt;CreatedOn&gt;2016-10-08 08:38:12&lt;/CreatedOn&gt;&lt;/Row&gt;&lt;Row&gt;&lt;serialNumber&gt;10023376B006E&lt;/serialNumber&gt;&lt;uom&gt;NONE&lt;/uom&gt;&lt;notifTagValue&gt;52.2114&lt;/notifTagValue&gt;&lt;notifTagID&gt;332&lt;/notifTagID&gt;&lt;notifRecordID&gt;263636&lt;/notifRecordID&gt;&lt;descriptionDefined&gt;OP090 - Press1_BottomOutForce_Value&lt;/descriptionDefined&gt;&lt;nameDefined&gt;Press1_BottomOutForce_Value&lt;/nameDefined&gt;&lt;operationName&gt;VWC_SUBASSY_OP090&lt;/operationName&gt;&lt;CreatedOn&gt;2016-10-08 08:38:12&lt;/CreatedOn&gt;&lt;/Row&gt;&lt;Row&gt;&lt;serialNumber&gt;10023376B006E&lt;/serialNumber&gt;&lt;uom&gt;NONE&lt;/uom&gt;&lt;notifTagValue&gt;60&lt;/notifTagValue&gt;&lt;notifTagID&gt;337&lt;/notifTagID&gt;&lt;notifRecordID&gt;263636&lt;/notifRecordID&gt;&lt;descriptionDefined&gt;OP090 - Press1_MidStrokeForceLow_UCL (KN)&lt;/descriptionDefined&gt;&lt;nameDefined&gt;Press1_MidStrokeForceLow_UCL&lt;/nameDefined&gt;&lt;operationName&gt;VWC_SUBASSY_OP090&lt;/operationName&gt;&lt;CreatedOn&gt;2016-10-08 08:38:12&lt;/CreatedOn&gt;&lt;/Row&gt;&lt;Row&gt;&lt;serialNumber&gt;10023376B006E&lt;/serialNumber&gt;&lt;uom&gt;N&lt;/uom&gt;&lt;notifTagValue&gt;3000&lt;/notifTagValue&gt;&lt;notifTagID&gt;278&lt;/notifTagID&gt;&lt;notifRecordID&gt;263638&lt;/notifRecordID&gt;&lt;descriptionDefined&gt;OP100 - Bearing_PreLoad_LCL (N)&lt;/descriptionDefined&gt;&lt;nameDefined&gt;Bearing_PreLoad_LCL&lt;/nameDefined&gt;&lt;operationName&gt;VWC_SUBASSY_OP100&lt;/operationName&gt;&lt;CreatedOn&gt;2016-10-08 08:40:10&lt;/CreatedOn&gt;&lt;/Row&gt;&lt;Row&gt;&lt;serialNumber&gt;10023376B006E&lt;/serialNumber&gt;&lt;uom&gt;N&lt;/uom&gt;&lt;notifTagValue&gt;6000&lt;/notifTagValue&gt;&lt;notifTagID&gt;279&lt;/notifTagID&gt;&lt;notifRecordID&gt;263638&lt;/notifRecordID&gt;&lt;descriptionDefined&gt;OP100 - Bearing_PreLoad_UCL (N)&lt;/descriptionDefined&gt;&lt;nameDefined&gt;Bearing_PreLoad_UCL&lt;/nameDefined&gt;&lt;operationName&gt;VWC_SUBASSY_OP100&lt;/operationName&gt;&lt;CreatedOn&gt;2016-10-08 08:40:10&lt;/CreatedOn&gt;&lt;/Row&gt;&lt;Row&gt;&lt;serialNumber&gt;10023376B006E&lt;/serialNumber&gt;&lt;uom&gt;NM&lt;/uom&gt;&lt;notifTagValue&gt;250&lt;/notifTagValue&gt;&lt;notifTagID&gt;280&lt;/notifTagID&gt;&lt;notifRecordID&gt;263638&lt;/notifRecordID&gt;&lt;descriptionDefined&gt;OP100 - Nut_Torque_LCL (Nm)&lt;/descriptionDefined&gt;&lt;nameDefined&gt;Nut_Torque_LCL&lt;/nameDefined&gt;&lt;operationName&gt;VWC_SUBASSY_OP100&lt;/operationName&gt;&lt;CreatedOn&gt;2016-10-08 08:40:10&lt;/CreatedOn&gt;&lt;/Row&gt;&lt;Row&gt;&lt;serialNumber&gt;10023376B006E&lt;/serialNumber&gt;&lt;uom&gt;NM&lt;/uom&gt;&lt;notifTagValue&gt;900&lt;/notifTagValue&gt;&lt;notifTagID&gt;281&lt;/notifTagID&gt;&lt;notifRecordID&gt;263638&lt;/notifRecordID&gt;&lt;descriptionDefined&gt;OP100 - Nut_Torque_UCL (Nm)&lt;/descriptionDefined&gt;&lt;nameDefined&gt;Nut_Torque_UCL&lt;/nameDefined&gt;&lt;operationName&gt;VWC_SUBASSY_OP100&lt;/operationName&gt;&lt;CreatedOn&gt;2016-10-08 08:40:10&lt;/CreatedOn&gt;&lt;/Row&gt;&lt;Row&gt;&lt;serialNumber&gt;10023376B006E&lt;/serialNumber&gt;&lt;uom&gt;NONE&lt;/uom&gt;&lt;notifTagValue&gt;1&lt;/notifTagValue&gt;&lt;notifTagID&gt;282&lt;/notifTagID&gt;&lt;notifRecordID&gt;263638&lt;/notifRecordID&gt;&lt;descriptionDefined&gt;OP100 - Bearing_PreLoad Pass/Fail (error code)&lt;/descriptionDefined&gt;&lt;nameDefined&gt;TestResult_Bearing_PreLoad&lt;/nameDefined&gt;&lt;operationName&gt;VWC_SUBASSY_OP100&lt;/operationName&gt;&lt;CreatedOn&gt;2016-10-08 08:40:10&lt;/CreatedOn&gt;&lt;/Row&gt;&lt;Row&gt;&lt;serialNumber&gt;10023376B006E&lt;/serialNumber&gt;&lt;uom&gt;NONE&lt;/uom&gt;&lt;notifTagValue&gt;1&lt;/notifTagValue&gt;&lt;notifTagID&gt;283&lt;/notifTagID&gt;&lt;notifRecordID&gt;263638&lt;/notifRecordID&gt;&lt;descriptionDefined&gt;OP100 - Nut_Torque Pass/Fail (error code)&lt;/descriptionDefined&gt;&lt;nameDefined&gt;TestResult_Nut_Torque&lt;/nameDefined&gt;&lt;operationName&gt;VWC_SUBASSY_OP100&lt;/operationName&gt;&lt;CreatedOn&gt;2016-10-08 08:40:10&lt;/CreatedOn&gt;&lt;/Row&gt;&lt;Row&gt;&lt;serialNumber&gt;10023376B006E&lt;/serialNumber&gt;&lt;uom&gt;NONE&lt;/uom&gt;&lt;notifTagValue&gt;1&lt;/notifTagValue&gt;&lt;notifTagID&gt;284&lt;/notifTagID&gt;&lt;notifRecordID&gt;263638&lt;/notifRecordID&gt;&lt;descriptionDefined&gt;OP100 - PinionTorqueToRotate Pass/Fail (error code)&lt;/descriptionDefined&gt;&lt;nameDefined&gt;TestResult_PinionTorqueToRotate&lt;/nameDefined&gt;&lt;operationName&gt;VWC_SUBASSY_OP100&lt;/operationName&gt;&lt;CreatedOn&gt;2016-10-08 08:40:10&lt;/CreatedOn&gt;&lt;/Row&gt;&lt;Row&gt;&lt;serialNumber&gt;10023376B006E&lt;/serialNumber&gt;&lt;uom&gt;MM&lt;/uom&gt;&lt;notifTagValue&gt;0&lt;/notifTagValue&gt;&lt;notifTagID&gt;112&lt;/notifTagID&gt;&lt;notifRecordID&gt;263639&lt;/notifRecordID&gt;&lt;descriptionDefined&gt;OP110 - Total indicated runout LCL (mm)&lt;/descriptionDefined&gt;&lt;nameDefined&gt;TotalIndicatedRunOut_LCL&lt;/nameDefined&gt;&lt;operationName&gt;VWC_SUBASSY_OP110&lt;/operationName&gt;&lt;CreatedOn&gt;2016-10-08 08:41:05&lt;/CreatedOn&gt;&lt;/Row&gt;&lt;Row&gt;&lt;serialNumber&gt;10023376B006E&lt;/serialNumber&gt;&lt;uom&gt;MM&lt;/uom&gt;&lt;notifTagValue&gt;0.1000&lt;/notifTagValue&gt;&lt;notifTagID&gt;113&lt;/notifTagID&gt;&lt;notifRecordID&gt;263639&lt;/notifRecordID&gt;&lt;descriptionDefined&gt;OP110 -Total indicated runout UCL&lt;/descriptionDefined&gt;&lt;nameDefined&gt;TotalIndicatedRunOut_UCL&lt;/nameDefined&gt;&lt;operationName&gt;VWC_SUBASSY_OP110&lt;/operationName&gt;&lt;CreatedOn&gt;2016-10-08 08:41:05&lt;/CreatedOn&gt;&lt;/Row&gt;&lt;Row&gt;&lt;serialNumber&gt;10023376B006E&lt;/serialNumber&gt;&lt;uom&gt;NONE&lt;/uom&gt;&lt;notifTagValue&gt;0.0194&lt;/notifTagValue&gt;&lt;notifTagID&gt;285&lt;/notifTagID&gt;&lt;notifRecordID&gt;263639&lt;/notifRecordID&gt;&lt;descriptionDefined&gt;OP110 - Total indicated runout Value&lt;/descriptionDefined&gt;&lt;nameDefined&gt;TotalIndicatedRunOut_Value&lt;/nameDefined&gt;&lt;operationName&gt;VWC_SUBASSY_OP110&lt;/operationName&gt;&lt;CreatedOn&gt;2016-10-08 08:41:05&lt;/CreatedOn&gt;&lt;/Row&gt;&lt;Row&gt;&lt;serialNumber&gt;10023376B006E&lt;/serialNumber&gt;&lt;uom&gt;NONE&lt;/uom&gt;&lt;notifTagValue&gt;1&lt;/notifTagValue&gt;&lt;notifTagID&gt;286&lt;/notifTagID&gt;&lt;notifRecordID&gt;263639&lt;/notifRecordID&gt;&lt;descriptionDefined&gt;OP110 - Runout Pass/Fail (error code)&lt;/descriptionDefined&gt;&lt;nameDefined&gt;TestResult_RunOutPassFail&lt;/nameDefined&gt;&lt;operationName&gt;VWC_SUBASSY_OP110&lt;/operationName&gt;&lt;CreatedOn&gt;2016-10-08 08:41:05&lt;/CreatedOn&gt;&lt;/Row&gt;&lt;Row&gt;&lt;serialNumber&gt;10023376B006E&lt;/serialNumber&gt;&lt;uom&gt;DEG&lt;/uom&gt;&lt;notifTagValue&gt;18.7600&lt;/notifTagValue&gt;&lt;notifTagID&gt;114&lt;/notifTagID&gt;&lt;notifRecordID&gt;263644&lt;/notifRecordID&gt;&lt;descriptionDefined&gt;OP 130 Test 1 - Angle Value (Haldex filler plug) (degrees)&lt;/descriptionDefined&gt;&lt;nameDefined&gt;Test1_Angle&lt;/nameDefined&gt;&lt;operationName&gt;VWC_SUBASSY_OP120&lt;/operationName&gt;&lt;CreatedOn&gt;2016-10-08 08:49:15&lt;/CreatedOn&gt;&lt;/Row&gt;&lt;Row&gt;&lt;serialNumber&gt;10023376B006E&lt;/serialNumber&gt;&lt;uom&gt;DEG&lt;/uom&gt;&lt;notifTagValue&gt;49.4099&lt;/notifTagValue&gt;&lt;notifTagID&gt;120&lt;/notifTagID&gt;&lt;notifRecordID&gt;263644&lt;/notifRecordID&gt;&lt;descriptionDefined&gt;OP 130 Test 3 - Angle Value (Haldex drain plug) (degrees)&lt;/descriptionDefined&gt;&lt;nameDefined&gt;Test3_Angle&lt;/nameDefined&gt;&lt;operationName&gt;VWC_SUBASSY_OP120&lt;/operationName&gt;&lt;CreatedOn&gt;2016-10-08 08:49:15&lt;/CreatedOn&gt;&lt;/Row&gt;&lt;Row&gt;&lt;serialNumber&gt;10023376B006E&lt;/serialNumber&gt;&lt;uom&gt;DEG&lt;/uom&gt;&lt;notifTagValue&gt;83.0199&lt;/notifTagValue&gt;&lt;notifTagID&gt;117&lt;/notifTagID&gt;&lt;notifRecordID&gt;263644&lt;/notifRecordID&gt;&lt;descriptionDefined&gt;OP 130 Test 2 - Angle Value (Gallery plug) (degrees)&lt;/descriptionDefined&gt;&lt;nameDefined&gt;Test2_Angle&lt;/nameDefined&gt;&lt;operationName&gt;VWC_SUBASSY_OP120&lt;/operationName&gt;&lt;CreatedOn&gt;2016-10-08 08:49:15&lt;/CreatedOn&gt;&lt;/Row&gt;&lt;Row&gt;&lt;serialNumber&gt;10023376B006E&lt;/serialNumber&gt;&lt;uom&gt;NM&lt;/uom&gt;&lt;notifTagValue&gt;17.2000&lt;/notifTagValue&gt;&lt;notifTagID&gt;116&lt;/notifTagID&gt;&lt;notifRecordID&gt;263644&lt;/notifRecordID&gt;&lt;descriptionDefined&gt;OP 130 Test 1 - Torque Value (Haldex filler plug) (Nm)&lt;/descriptionDefined&gt;&lt;nameDefined&gt;Test1_Torque&lt;/nameDefined&gt;&lt;operationName&gt;VWC_SUBASSY_OP120&lt;/operationName&gt;&lt;CreatedOn&gt;2016-10-08 08:49:15&lt;/CreatedOn&gt;&lt;/Row&gt;&lt;Row&gt;&lt;serialNumber&gt;10023376B006E&lt;/serialNumber&gt;&lt;uom&gt;NM&lt;/uom&gt;&lt;notifTagValue&gt;25.1000&lt;/notifTagValue&gt;&lt;notifTagID&gt;119&lt;/notifTagID&gt;&lt;notifRecordID&gt;263644&lt;/notifRecordID&gt;&lt;descriptionDefined&gt;OP 130 Test 2 - Torque Value (Gallery plug) (Nm)&lt;/descriptionDefined&gt;&lt;nameDefined&gt;Test2_Torque&lt;/nameDefined&gt;&lt;operationName&gt;VWC_SUBASSY_OP120&lt;/operationName&gt;&lt;CreatedOn&gt;2016-10-08 08:49:15&lt;/CreatedOn&gt;&lt;/Row&gt;&lt;Row&gt;&lt;serialNumber&gt;10023376B006E&lt;/serialNumber&gt;&lt;uom&gt;NM&lt;/uom&gt;&lt;notifTagValue&gt;35.25&lt;/notifTagValue&gt;&lt;notifTagID&gt;122&lt;/notifTagID&gt;&lt;notifRecordID&gt;263644&lt;/notifRecordID&gt;&lt;descriptionDefined&gt;OP 130 Test 3 - Torque Value (Haldex drain plug) (Nm)&lt;/descriptionDefined&gt;&lt;nameDefined&gt;Test3_Torque&lt;/nameDefined&gt;&lt;operationName&gt;VWC_SUBASSY_OP120&lt;/operationName&gt;&lt;CreatedOn&gt;2016-10-08 08:49:15&lt;/CreatedOn&gt;&lt;/Row&gt;&lt;Row&gt;&lt;serialNumber&gt;10023376B006E&lt;/serialNumber&gt;&lt;uom&gt;NONE&lt;/uom&gt;&lt;notifTagValue/&gt;&lt;notifTagID&gt;115&lt;/notifTagID&gt;&lt;notifRecordID&gt;263644&lt;/notifRecordID&gt;&lt;descriptionDefined&gt;OP120 Test 1 - Pass/Faill Result (error code)&lt;/descriptionDefined&gt;&lt;nameDefined&gt;Test1_PassFail_Result&lt;/nameDefined&gt;&lt;operationName&gt;VWC_SUBASSY_OP120&lt;/operationName&gt;&lt;CreatedOn&gt;2016-10-08 08:49:15&lt;/CreatedOn&gt;&lt;/Row&gt;&lt;Row&gt;&lt;serialNumber&gt;10023376B006E&lt;/serialNumber&gt;&lt;uom&gt;NONE&lt;/uom&gt;&lt;notifTagValue/&gt;&lt;notifTagID&gt;118&lt;/notifTagID&gt;&lt;notifRecordID&gt;263644&lt;/notifRecordID&gt;&lt;descriptionDefined&gt;OP120 Test 2 - Pass/Faill Result (error code)&lt;/descriptionDefined&gt;&lt;nameDefined&gt;Test2_PassFail_Result&lt;/nameDefined&gt;&lt;operationName&gt;VWC_SUBASSY_OP120&lt;/operationName&gt;&lt;CreatedOn&gt;2016-10-08 08:49:15&lt;/CreatedOn&gt;&lt;/Row&gt;&lt;Row&gt;&lt;serialNumber&gt;10023376B006E&lt;/serialNumber&gt;&lt;uom&gt;NONE&lt;/uom&gt;&lt;notifTagValue/&gt;&lt;notifTagID&gt;121&lt;/notifTagID&gt;&lt;notifRecordID&gt;263644&lt;/notifRecordID&gt;&lt;descriptionDefined&gt;OP120 Test 3 - Pass/Faill Result (error code)&lt;/descriptionDefined&gt;&lt;nameDefined&gt;Test3_PassFail_Result&lt;/nameDefined&gt;&lt;operationName&gt;VWC_SUBASSY_OP120&lt;/operationName&gt;&lt;CreatedOn&gt;2016-10-08 08:49:15&lt;/CreatedOn&gt;&lt;/Row&gt;&lt;Row&gt;&lt;serialNumber&gt;10023376B006E&lt;/serialNumber&gt;&lt;uom&gt;KN&lt;/uom&gt;&lt;notifTagValue&gt;0&lt;/notifTagValue&gt;&lt;notifTagID&gt;138&lt;/notifTagID&gt;&lt;notifRecordID&gt;263659&lt;/notifRecordID&gt;&lt;descriptionDefined&gt;OP130 Press bottom out force&lt;/descriptionDefined&gt;&lt;nameDefined&gt;OP130_PressBottomOutForce&lt;/nameDefined&gt;&lt;operationName&gt;VWC_SUBASSY_OP140&lt;/operationName&gt;&lt;CreatedOn&gt;2016-10-08 10:48:40&lt;/CreatedOn&gt;&lt;/Row&gt;&lt;Row&gt;&lt;serialNumber&gt;10023376B006E&lt;/serialNumber&gt;&lt;uom&gt;KN&lt;/uom&gt;&lt;notifTagValue&gt;0&lt;/notifTagValue&gt;&lt;notifTagID&gt;139&lt;/notifTagID&gt;&lt;notifRecordID&gt;263659&lt;/notifRecordID&gt;&lt;descriptionDefined&gt;OP130 Press bottom out force lower limit&lt;/descriptionDefined&gt;&lt;nameDefined&gt;OP130_PressBottomOutForce_LCL&lt;/nameDefined&gt;&lt;operationName&gt;VWC_SUBASSY_OP140&lt;/operationName&gt;&lt;CreatedOn&gt;2016-10-08 10:48:40&lt;/CreatedOn&gt;&lt;/Row&gt;&lt;Row&gt;&lt;serialNumber&gt;10023376B006E&lt;/serialNumber&gt;&lt;uom&gt;KN&lt;/uom&gt;&lt;notifTagValue&gt;0&lt;/notifTagValue&gt;&lt;notifTagID&gt;140&lt;/notifTagID&gt;&lt;notifRecordID&gt;263659&lt;/notifRecordID&gt;&lt;descriptionDefined&gt;OP130 Press bottom out force upper limit&lt;/descriptionDefined&gt;&lt;nameDefined&gt;OP130_PressBottomOutForce_UCL&lt;/nameDefined&gt;&lt;operationName&gt;VWC_SUBASSY_OP140&lt;/operationName&gt;&lt;CreatedOn&gt;2016-10-08 10:48:40&lt;/CreatedOn&gt;&lt;/Row&gt;&lt;Row&gt;&lt;serialNumber&gt;10023376B006E&lt;/serialNumber&gt;&lt;uom&gt;KN&lt;/uom&gt;&lt;notifTagValue&gt;0&lt;/notifTagValue&gt;&lt;notifTagID&gt;144&lt;/notifTagID&gt;&lt;notifRecordID&gt;263659&lt;/notifRecordID&gt;&lt;descriptionDefined&gt;OP130 Press mid stroke high value&lt;/descriptionDefined&gt;&lt;nameDefined&gt;OP130_PressMidStroke_HV&lt;/nameDefined&gt;&lt;operationName&gt;VWC_SUBASSY_OP140&lt;/operationName&gt;&lt;CreatedOn&gt;2016-10-08 10:48:40&lt;/CreatedOn&gt;&lt;/Row&gt;&lt;Row&gt;&lt;serialNumber&gt;10023376B006E&lt;/serialNumber&gt;&lt;uom&gt;KN&lt;/uom&gt;&lt;notifTagValue&gt;0&lt;/notifTagValue&gt;&lt;notifTagID&gt;145&lt;/notifTagID&gt;&lt;notifRecordID&gt;263659&lt;/notifRecordID&gt;&lt;descriptionDefined&gt;OP130 Press mid stroke low value&lt;/descriptionDefined&gt;&lt;nameDefined&gt;OP130_PressMidStroke_LV&lt;/nameDefined&gt;&lt;operationName&gt;VWC_SUBASSY_OP140&lt;/operationName&gt;&lt;CreatedOn&gt;2016-10-08 10:48:40&lt;/CreatedOn&gt;&lt;/Row&gt;&lt;Row&gt;&lt;serialNumber&gt;10023376B006E&lt;/serialNumber&gt;&lt;uom&gt;KN&lt;/uom&gt;&lt;notifTagValue&gt;0&lt;/notifTagValue&gt;&lt;notifTagID&gt;146&lt;/notifTagID&gt;&lt;notifRecordID&gt;263659&lt;/notifRecordID&gt;&lt;descriptionDefined&gt;OP130 Press mid stroke force lower limit&lt;/descriptionDefined&gt;&lt;nameDefined&gt;OP130_PressMidStrokeForce_LCL&lt;/nameDefined&gt;&lt;operationName&gt;VWC_SUBASSY_OP140&lt;/operationName&gt;&lt;CreatedOn&gt;2016-10-08 10:48:40&lt;/CreatedOn&gt;&lt;/Row&gt;&lt;Row&gt;&lt;serialNumber&gt;10023376B006E&lt;/serialNumber&gt;&lt;uom&gt;KN&lt;/uom&gt;&lt;notifTagValue&gt;0&lt;/notifTagValue&gt;&lt;notifTagID&gt;147&lt;/notifTagID&gt;&lt;notifRecordID&gt;263659&lt;/notifRecordID&gt;&lt;descriptionDefined&gt;OP130 Press mid stroke force upper limit&lt;/descriptionDefined&gt;&lt;nameDefined&gt;OP130_PressMidStrokeForce_UCL&lt;/nameDefined&gt;&lt;operationName&gt;VWC_SUBASSY_OP140&lt;/operationName&gt;&lt;CreatedOn&gt;2016-10-08 10:48:40&lt;/CreatedOn&gt;&lt;/Row&gt;&lt;Row&gt;&lt;serialNumber&gt;10023376B006E&lt;/serialNumber&gt;&lt;uom&gt;MM&lt;/uom&gt;&lt;notifTagValue&gt;0&lt;/notifTagValue&gt;&lt;notifTagID&gt;141&lt;/notifTagID&gt;&lt;notifRecordID&gt;263659&lt;/notifRecordID&gt;&lt;descriptionDefined&gt;OP130 Press bottom out stroke&lt;/descriptionDefined&gt;&lt;nameDefined&gt;OP130_PressBottomOutStroke&lt;/nameDefined&gt;&lt;operationName&gt;VWC_SUBASSY_OP140&lt;/operationName&gt;&lt;CreatedOn&gt;2016-10-08 10:48:40&lt;/CreatedOn&gt;&lt;/Row&gt;&lt;Row&gt;&lt;serialNumber&gt;10023376B006E&lt;/serialNumber&gt;&lt;uom&gt;MM&lt;/uom&gt;&lt;notifTagValue&gt;0&lt;/notifTagValue&gt;&lt;notifTagID&gt;142&lt;/notifTagID&gt;&lt;notifRecordID&gt;263659&lt;/notifRecordID&gt;&lt;descriptionDefined&gt;OP130 Press bottom out stroke lower llimit&lt;/descriptionDefined&gt;&lt;nameDefined&gt;OP130_PressBottomOutStroke_LCL&lt;/nameDefined&gt;&lt;operationName&gt;VWC_SUBASSY_OP140&lt;/operationName&gt;&lt;CreatedOn&gt;2016-10-08 10:48:40&lt;/CreatedOn&gt;&lt;/Row&gt;&lt;Row&gt;&lt;serialNumber&gt;10023376B006E&lt;/serialNumber&gt;&lt;uom&gt;MM&lt;/uom&gt;&lt;notifTagValue&gt;0&lt;/notifTagValue&gt;&lt;notifTagID&gt;143&lt;/notifTagID&gt;&lt;notifRecordID&gt;263659&lt;/notifRecordID&gt;&lt;descriptionDefined&gt;OP130 Press bottom out stroke upper limit&lt;/descriptionDefined&gt;&lt;nameDefined&gt;OP130_PressBottomOutStroke_UCL&lt;/nameDefined&gt;&lt;operationName&gt;VWC_SUBASSY_OP140&lt;/operationName&gt;&lt;CreatedOn&gt;2016-10-08 10:48:40&lt;/CreatedOn&gt;&lt;/Row&gt;&lt;Row&gt;&lt;serialNumber&gt;10023376B006E&lt;/serialNumber&gt;&lt;uom&gt;MM&lt;/uom&gt;&lt;notifTagValue&gt;20&lt;/notifTagValue&gt;&lt;notifTagID&gt;287&lt;/notifTagID&gt;&lt;notifRecordID&gt;263659&lt;/notifRecordID&gt;&lt;descriptionDefined&gt;OP140 Minimum button side gap (mm)&lt;/descriptionDefined&gt;&lt;nameDefined&gt;OP140_Min_ButtonSideGap&lt;/nameDefined&gt;&lt;operationName&gt;VWC_SUBASSY_OP140&lt;/operationName&gt;&lt;CreatedOn&gt;2016-10-08 10:48:40&lt;/CreatedOn&gt;&lt;/Row&gt;&lt;Row&gt;&lt;serialNumber&gt;10023376B006E&lt;/serialNumber&gt;&lt;uom&gt;NONE&lt;/uom&gt;&lt;notifTagValue/&gt;&lt;notifTagID&gt;323&lt;/notifTagID&gt;&lt;notifRecordID&gt;263659&lt;/notifRecordID&gt;&lt;descriptionDefined&gt;OP140 - Test Result Button Side Bearing Width Variance Pass/Fail&lt;/descriptionDefined&gt;&lt;nameDefined&gt;OP140_TestResult_ButtonSideRangeBearing_WidthVaria&lt;/nameDefined&gt;&lt;operationName&gt;VWC_SUBASSY_OP140&lt;/operationName&gt;&lt;CreatedOn&gt;2016-10-08 10:48:40&lt;/CreatedOn&gt;&lt;/Row&gt;&lt;Row&gt;&lt;serialNumber&gt;10023376B006E&lt;/serialNumber&gt;&lt;uom&gt;NONE&lt;/uom&gt;&lt;notifTagValue&gt;0&lt;/notifTagValue&gt;&lt;notifTagID&gt;125&lt;/notifTagID&gt;&lt;notifRecordID&gt;263659&lt;/notifRecordID&gt;&lt;descriptionDefined&gt;OP140 Button side bearing width variance&lt;/descriptionDefined&gt;&lt;nameDefined&gt;OP140_ButtonSideBearing_WidthVariance&lt;/nameDefined&gt;&lt;operationName&gt;VWC_SUBASSY_OP140&lt;/operationName&gt;&lt;CreatedOn&gt;2016-10-08 10:48:40&lt;/CreatedOn&gt;&lt;/Row&gt;&lt;Row&gt;&lt;serialNumber&gt;10023376B006E&lt;/serialNumber&gt;&lt;uom&gt;NONE&lt;/uom&gt;&lt;notifTagValue&gt;0&lt;/notifTagValue&gt;&lt;notifTagID&gt;128&lt;/notifTagID&gt;&lt;notifRecordID&gt;263659&lt;/notifRecordID&gt;&lt;descriptionDefined&gt;OP140 Button side bearing width variance&lt;/descriptionDefined&gt;&lt;nameDefined&gt;OP140_FlangeSideBearing_WidthVariance&lt;/nameDefined&gt;&lt;operationName&gt;VWC_SUBASSY_OP140&lt;/operationName&gt;&lt;CreatedOn&gt;2016-10-08 10:48:40&lt;/CreatedOn&gt;&lt;/Row&gt;&lt;Row&gt;&lt;serialNumber&gt;10023376B006E&lt;/serialNumber&gt;&lt;uom&gt;NONE&lt;/uom&gt;&lt;notifTagValue&gt;0&lt;/notifTagValue&gt;&lt;notifTagID&gt;132&lt;/notifTagID&gt;&lt;notifRecordID&gt;263659&lt;/notifRecordID&gt;&lt;descriptionDefined&gt;OP140 Maximum bearing width variance&lt;/descriptionDefined&gt;&lt;nameDefined&gt;OP140_Max_BearingWidth_Var&lt;/nameDefined&gt;&lt;operationName&gt;VWC_SUBASSY_OP140&lt;/operationName&gt;&lt;CreatedOn&gt;2016-10-08 10:48:40&lt;/CreatedOn&gt;&lt;/Row&gt;&lt;Row&gt;&lt;serialNumber&gt;10023376B006E&lt;/serialNumber&gt;&lt;uom&gt;NONE&lt;/uom&gt;&lt;notifTagValue&gt;0&lt;/notifTagValue&gt;&lt;notifTagID&gt;148&lt;/notifTagID&gt;&lt;notifRecordID&gt;263659&lt;/notifRecordID&gt;&lt;descriptionDefined&gt;OP130 - Test Result Bottom Out Force Pass/Fail&lt;/descriptionDefined&gt;&lt;nameDefined&gt;OP130_TestResult_BottomOut_Force&lt;/nameDefined&gt;&lt;operationName&gt;VWC_SUBASSY_OP140&lt;/operationName&gt;&lt;CreatedOn&gt;2016-10-08 10:48:40&lt;/CreatedOn&gt;&lt;/Row&gt;&lt;Row&gt;&lt;serialNumber&gt;10023376B006E&lt;/serialNumber&gt;&lt;uom&gt;NONE&lt;/uom&gt;&lt;notifTagValue&gt;0&lt;/notifTagValue&gt;&lt;notifTagID&gt;149&lt;/notifTagID&gt;&lt;notifRecordID&gt;263659&lt;/notifRecordID&gt;&lt;descriptionDefined&gt;OP130 - Test Result Bottom Out Stroke Pass/Fail&lt;/descriptionDefined&gt;&lt;nameDefined&gt;OP130_TestResult_BottomOut_Stroke&lt;/nameDefined&gt;&lt;operationName&gt;VWC_SUBASSY_OP140&lt;/operationName&gt;&lt;CreatedOn&gt;2016-10-08 10:48:40&lt;/CreatedOn&gt;&lt;/Row&gt;&lt;Row&gt;&lt;serialNumber&gt;10023376B006E&lt;/serialNumber&gt;&lt;uom&gt;NONE&lt;/uom&gt;&lt;notifTagValue&gt;0&lt;/notifTagValue&gt;&lt;notifTagID&gt;150&lt;/notifTagID&gt;&lt;notifRecordID&gt;263659&lt;/notifRecordID&gt;&lt;descriptionDefined&gt;OP130 - Test Result Mid Stroke Force High Pass/Fail&lt;/descriptionDefined&gt;&lt;nameDefined&gt;OP130_TestResult_MidStrokeForce_High&lt;/nameDefined&gt;&lt;operationName&gt;VWC_SUBASSY_OP140&lt;/operationName&gt;&lt;CreatedOn&gt;2016-10-08 10:48:40&lt;/CreatedOn&gt;&lt;/Row&gt;&lt;Row&gt;&lt;serialNumber&gt;10023376B006E&lt;/serialNumber&gt;&lt;uom&gt;NONE&lt;/uom&gt;&lt;notifTagValue&gt;0&lt;/notifTagValue&gt;&lt;notifTagID&gt;151&lt;/notifTagID&gt;&lt;notifRecordID&gt;263659&lt;/notifRecordID&gt;&lt;descriptionDefined&gt;OP130 - Test Result Mid Stroke Force Low Pass/Fail&lt;/descriptionDefined&gt;&lt;nameDefined&gt;OP130_TestResult_MidStrokeForce_Low&lt;/nameDefined&gt;&lt;operationName&gt;VWC_SUBASSY_OP140&lt;/operationName&gt;&lt;CreatedOn&gt;2016-10-08 10:48:40&lt;/CreatedOn&gt;&lt;/Row&gt;&lt;Row&gt;&lt;serialNumber&gt;10023376B006E&lt;/serialNumber&gt;&lt;uom&gt;NONE&lt;/uom&gt;&lt;notifTagValue&gt;0&lt;/notifTagValue&gt;&lt;notifTagID&gt;291&lt;/notifTagID&gt;&lt;notifRecordID&gt;263659&lt;/notifRecordID&gt;&lt;descriptionDefined&gt;OP140 - Test Result Button Side Bearing Width Pass/Fail&lt;/descriptionDefined&gt;&lt;nameDefined&gt;OP140_TestResult_ButtonSideRangeBearing_Width&lt;/nameDefined&gt;&lt;operationName&gt;VWC_SUBASSY_OP140&lt;/operationName&gt;&lt;CreatedOn&gt;2016-10-08 10:48:40&lt;/CreatedOn&gt;&lt;/Row&gt;&lt;Row&gt;&lt;serialNumber&gt;10023376B006E&lt;/serialNumber&gt;&lt;uom&gt;NONE&lt;/uom&gt;&lt;notifTagValue&gt;0&lt;/notifTagValue&gt;&lt;notifTagID&gt;292&lt;/notifTagID&gt;&lt;notifRecordID&gt;263659&lt;/notifRecordID&gt;&lt;descriptionDefined&gt;OP140 - Test Result Flange Side Bearing Width Pass/Fail&lt;/descriptionDefined&gt;&lt;nameDefined&gt;OP140_TestResult_FlangeSideBearing_Width&lt;/nameDefined&gt;&lt;operationName&gt;VWC_SUBASSY_OP140&lt;/operationName&gt;&lt;CreatedOn&gt;2016-10-08 10:48:40&lt;/CreatedOn&gt;&lt;/Row&gt;&lt;Row&gt;&lt;serialNumber&gt;10023376B006E&lt;/serialNumber&gt;&lt;uom&gt;NONE&lt;/uom&gt;&lt;notifTagValue&gt;0&lt;/notifTagValue&gt;&lt;notifTagID&gt;293&lt;/notifTagID&gt;&lt;notifRecordID&gt;263659&lt;/notifRecordID&gt;&lt;descriptionDefined&gt;OP140 - Test Result Flange Side Bearing Width Variance Pass/Fail&lt;/descriptionDefined&gt;&lt;nameDefined&gt;OP140_TestResult_FlangeSideBearing_WidthVariance&lt;/nameDefined&gt;&lt;operationName&gt;VWC_SUBASSY_OP140&lt;/operationName&gt;&lt;CreatedOn&gt;2016-10-08 10:48:40&lt;/CreatedOn&gt;&lt;/Row&gt;&lt;Row&gt;&lt;serialNumber&gt;10023376B006E&lt;/serialNumber&gt;&lt;uom&gt;NONE&lt;/uom&gt;&lt;notifTagValue&gt;0.0739&lt;/notifTagValue&gt;&lt;notifTagID&gt;130&lt;/notifTagID&gt;&lt;notifRecordID&gt;263659&lt;/notifRecordID&gt;&lt;descriptionDefined&gt;OP140 Flange side gap variance&lt;/descriptionDefined&gt;&lt;nameDefined&gt;OP140_FlangeSideGap_Var&lt;/nameDefined&gt;&lt;operationName&gt;VWC_SUBASSY_OP140&lt;/operationName&gt;&lt;CreatedOn&gt;2016-10-08 10:48:40&lt;/CreatedOn&gt;&lt;/Row&gt;&lt;Row&gt;&lt;serialNumber&gt;10023376B006E&lt;/serialNumber&gt;&lt;uom&gt;NONE&lt;/uom&gt;&lt;notifTagValue&gt;0.0753&lt;/notifTagValue&gt;&lt;notifTagID&gt;123&lt;/notifTagID&gt;&lt;notifRecordID&gt;263659&lt;/notifRecordID&gt;&lt;descriptionDefined&gt;OP140 Button side gap variance&lt;/descriptionDefined&gt;&lt;nameDefined&gt;OP140_But_SideGapVac&lt;/nameDefined&gt;&lt;operationName&gt;VWC_SUBASSY_OP140&lt;/operationName&gt;&lt;CreatedOn&gt;2016-10-08 10:48:40&lt;/CreatedOn&gt;&lt;/Row&gt;&lt;Row&gt;&lt;serialNumber&gt;10023376B006E&lt;/serialNumber&gt;&lt;uom&gt;NONE&lt;/uom&gt;&lt;notifTagValue&gt;0.8000&lt;/notifTagValue&gt;&lt;notifTagID&gt;134&lt;/notifTagID&gt;&lt;notifRecordID&gt;263659&lt;/notifRecordID&gt;&lt;descriptionDefined&gt;OP140 Maximum button side variance&lt;/descriptionDefined&gt;&lt;nameDefined&gt;OP140_Max_ButtonSideVar&lt;/nameDefined&gt;&lt;operationName&gt;VWC_SUBASSY_OP140&lt;/operationName&gt;&lt;CreatedOn&gt;2016-10-08 10:48:40&lt;/CreatedOn&gt;&lt;/Row&gt;&lt;Row&gt;&lt;serialNumber&gt;10023376B006E&lt;/serialNumber&gt;&lt;uom&gt;NONE&lt;/uom&gt;&lt;notifTagValue&gt;0.8000&lt;/notifTagValue&gt;&lt;notifTagID&gt;136&lt;/notifTagID&gt;&lt;notifRecordID&gt;263659&lt;/notifRecordID&gt;&lt;descriptionDefined&gt;OP140 Maximum flange side variance&lt;/descriptionDefined&gt;&lt;nameDefined&gt;OP140_Max_FlangeSideVar&lt;/nameDefined&gt;&lt;operationName&gt;VWC_SUBASSY_OP140&lt;/operationName&gt;&lt;CreatedOn&gt;2016-10-08 10:48:40&lt;/CreatedOn&gt;&lt;/Row&gt;&lt;Row&gt;&lt;serialNumber&gt;10023376B006E&lt;/serialNumber&gt;&lt;uom&gt;NONE&lt;/uom&gt;&lt;notifTagValue&gt;1&lt;/notifTagValue&gt;&lt;notifTagID&gt;289&lt;/notifTagID&gt;&lt;notifRecordID&gt;263659&lt;/notifRecordID&gt;&lt;descriptionDefined&gt;OP140 - Test Result Button Side Gap To FIll Fill Pass/Fail (error code)&lt;/descriptionDefined&gt;&lt;nameDefined&gt;OP140_TestResult_ButtonSideGap&lt;/nameDefined&gt;&lt;operationName&gt;VWC_SUBASSY_OP140&lt;/operationName&gt;&lt;CreatedOn&gt;2016-10-08 10:48:40&lt;/CreatedOn&gt;&lt;/Row&gt;&lt;Row&gt;&lt;serialNumber&gt;10023376B006E&lt;/serialNumber&gt;&lt;uom&gt;NONE&lt;/uom&gt;&lt;notifTagValue&gt;1&lt;/notifTagValue&gt;&lt;notifTagID&gt;290&lt;/notifTagID&gt;&lt;notifRecordID&gt;263659&lt;/notifRecordID&gt;&lt;descriptionDefined&gt;OP140 - Test Result Button Side Range Pass/Fail&lt;/descriptionDefined&gt;&lt;nameDefined&gt;OP140_TestResult_ButtonSideRange&lt;/nameDefined&gt;&lt;operationName&gt;VWC_SUBASSY_OP140&lt;/operationName&gt;&lt;CreatedOn&gt;2016-10-08 10:48:40&lt;/CreatedOn&gt;&lt;/Row&gt;&lt;Row&gt;&lt;serialNumber&gt;10023376B006E&lt;/serialNumber&gt;&lt;uom&gt;NONE&lt;/uom&gt;&lt;notifTagValue&gt;1&lt;/notifTagValue&gt;&lt;notifTagID&gt;294&lt;/notifTagID&gt;&lt;notifRecordID&gt;263659&lt;/notifRecordID&gt;&lt;descriptionDefined&gt;OP140 - Test Result Flange Side Gap To FIll Pass/Fail&lt;/descriptionDefined&gt;&lt;nameDefined&gt;OP140_TestResult_FlangeSideGap&lt;/nameDefined&gt;&lt;operationName&gt;VWC_SUBASSY_OP140&lt;/operationName&gt;&lt;CreatedOn&gt;2016-10-08 10:48:40&lt;/CreatedOn&gt;&lt;/Row&gt;&lt;Row&gt;&lt;serialNumber&gt;10023376B006E&lt;/serialNumber&gt;&lt;uom&gt;NONE&lt;/uom&gt;&lt;notifTagValue&gt;1&lt;/notifTagValue&gt;&lt;notifTagID&gt;295&lt;/notifTagID&gt;&lt;notifRecordID&gt;263659&lt;/notifRecordID&gt;&lt;descriptionDefined&gt;OP140 - Test Result Flange Side Range Pass/Fail&lt;/descriptionDefined&gt;&lt;nameDefined&gt;OP140_TestResult_FlangeSideRange&lt;/nameDefined&gt;&lt;operationName&gt;VWC_SUBASSY_OP140&lt;/operationName&gt;&lt;CreatedOn&gt;2016-10-08 10:48:40&lt;/CreatedOn&gt;&lt;/Row&gt;&lt;Row&gt;&lt;serialNumber&gt;10023376B006E&lt;/serialNumber&gt;&lt;uom&gt;NONE&lt;/uom&gt;&lt;notifTagValue&gt;20&lt;/notifTagValue&gt;&lt;notifTagID&gt;288&lt;/notifTagID&gt;&lt;notifRecordID&gt;263659&lt;/notifRecordID&gt;&lt;descriptionDefined&gt;OP140 Minimum flange side gap&lt;/descriptionDefined&gt;&lt;nameDefined&gt;OP140_Min_FlangeSideGap&lt;/nameDefined&gt;&lt;operationName&gt;VWC_SUBASSY_OP140&lt;/operationName&gt;&lt;CreatedOn&gt;2016-10-08 10:48:40&lt;/CreatedOn&gt;&lt;/Row&gt;&lt;Row&gt;&lt;serialNumber&gt;10023376B006E&lt;/serialNumber&gt;&lt;uom&gt;NONE&lt;/uom&gt;&lt;notifTagValue&gt;21&lt;/notifTagValue&gt;&lt;notifTagID&gt;137&lt;/notifTagID&gt;&lt;notifRecordID&gt;263659&lt;/notifRecordID&gt;&lt;descriptionDefined&gt;OP140 Minimume bearing width&lt;/descriptionDefined&gt;&lt;nameDefined&gt;OP140_Min_BearingWidth&lt;/nameDefined&gt;&lt;operationName&gt;VWC_SUBASSY_OP140&lt;/operationName&gt;&lt;CreatedOn&gt;2016-10-08 10:48:40&lt;/CreatedOn&gt;&lt;/Row&gt;&lt;Row&gt;&lt;serialNumber&gt;10023376B006E&lt;/serialNumber&gt;&lt;uom&gt;NONE&lt;/uom&gt;&lt;notifTagValue&gt;21.8879&lt;/notifTagValue&gt;&lt;notifTagID&gt;124&lt;/notifTagID&gt;&lt;notifRecordID&gt;263659&lt;/notifRecordID&gt;&lt;descriptionDefined&gt;OP140 Button side bearing width&lt;/descriptionDefined&gt;&lt;nameDefined&gt;OP140_ButtonSideBearing_Width&lt;/nameDefined&gt;&lt;operationName&gt;VWC_SUBASSY_OP140&lt;/operationName&gt;&lt;CreatedOn&gt;2016-10-08 10:48:40&lt;/CreatedOn&gt;&lt;/Row&gt;&lt;Row&gt;&lt;serialNumber&gt;10023376B006E&lt;/serialNumber&gt;&lt;uom&gt;NONE&lt;/uom&gt;&lt;notifTagValue&gt;21.9043&lt;/notifTagValue&gt;&lt;notifTagID&gt;127&lt;/notifTagID&gt;&lt;notifRecordID&gt;263659&lt;/notifRecordID&gt;&lt;descriptionDefined&gt;OP140 Flange side bearing width&lt;/descriptionDefined&gt;&lt;nameDefined&gt;OP140_FlangeSideBearing_Width&lt;/nameDefined&gt;&lt;operationName&gt;VWC_SUBASSY_OP140&lt;/operationName&gt;&lt;CreatedOn&gt;2016-10-08 10:48:40&lt;/CreatedOn&gt;&lt;/Row&gt;&lt;Row&gt;&lt;serialNumber&gt;10023376B006E&lt;/serialNumber&gt;&lt;uom&gt;NONE&lt;/uom&gt;&lt;notifTagValue&gt;22&lt;/notifTagValue&gt;&lt;notifTagID&gt;131&lt;/notifTagID&gt;&lt;notifRecordID&gt;263659&lt;/notifRecordID&gt;&lt;descriptionDefined&gt;OP140 Maximum bearing width&lt;/descriptionDefined&gt;&lt;nameDefined&gt;OP140_Max_BearingWidth&lt;/nameDefined&gt;&lt;operationName&gt;VWC_SUBASSY_OP140&lt;/operationName&gt;&lt;CreatedOn&gt;2016-10-08 10:48:40&lt;/CreatedOn&gt;&lt;/Row&gt;&lt;Row&gt;&lt;serialNumber&gt;10023376B006E&lt;/serialNumber&gt;&lt;uom&gt;NONE&lt;/uom&gt;&lt;notifTagValue&gt;23.6986&lt;/notifTagValue&gt;&lt;notifTagID&gt;126&lt;/notifTagID&gt;&lt;notifRecordID&gt;263659&lt;/notifRecordID&gt;&lt;descriptionDefined&gt;OP140 Button side gap to fill&lt;/descriptionDefined&gt;&lt;nameDefined&gt;OP140_ButtonSideGap_Fill&lt;/nameDefined&gt;&lt;operationName&gt;VWC_SUBASSY_OP140&lt;/operationName&gt;&lt;CreatedOn&gt;2016-10-08 10:48:40&lt;/CreatedOn&gt;&lt;/Row&gt;&lt;Row&gt;&lt;serialNumber&gt;10023376B006E&lt;/serialNumber&gt;&lt;uom&gt;NONE&lt;/uom&gt;&lt;notifTagValue&gt;23.8092&lt;/notifTagValue&gt;&lt;notifTagID&gt;129&lt;/notifTagID&gt;&lt;notifRecordID&gt;263659&lt;/notifRecordID&gt;&lt;descriptionDefined&gt;OP140 Flange side gap to fill&lt;/descriptionDefined&gt;&lt;nameDefined&gt;OP140_FlangeSideGap_Fill&lt;/nameDefined&gt;&lt;operationName&gt;VWC_SUBASSY_OP140&lt;/operationName&gt;&lt;CreatedOn&gt;2016-10-08 10:48:40&lt;/CreatedOn&gt;&lt;/Row&gt;&lt;Row&gt;&lt;serialNumber&gt;10023376B006E&lt;/serialNumber&gt;&lt;uom&gt;NONE&lt;/uom&gt;&lt;notifTagValue&gt;24.3999&lt;/notifTagValue&gt;&lt;notifTagID&gt;133&lt;/notifTagID&gt;&lt;notifRecordID&gt;263659&lt;/notifRecordID&gt;&lt;descriptionDefined&gt;OP140 Maximum button side gap&lt;/descriptionDefined&gt;&lt;nameDefined&gt;OP140_Max_ButtonSideGap&lt;/nameDefined&gt;&lt;operationName&gt;VWC_SUBASSY_OP140&lt;/operationName&gt;&lt;CreatedOn&gt;2016-10-08 10:48:40&lt;/CreatedOn&gt;&lt;/Row&gt;&lt;Row&gt;&lt;serialNumber&gt;10023376B006E&lt;/serialNumber&gt;&lt;uom&gt;NONE&lt;/uom&gt;&lt;notifTagValue&gt;24.3999&lt;/notifTagValue&gt;&lt;notifTagID&gt;135&lt;/notifTagID&gt;&lt;notifRecordID&gt;263659&lt;/notifRecordID&gt;&lt;descriptionDefined&gt;OP140 Maximum flange side gap&lt;/descriptionDefined&gt;&lt;nameDefined&gt;OP140_Max_FlangeSideGap&lt;/nameDefined&gt;&lt;operationName&gt;VWC_SUBASSY_OP140&lt;/operationName&gt;&lt;CreatedOn&gt;2016-10-08 10:48:40&lt;/CreatedOn&gt;&lt;/Row&gt;&lt;Row&gt;&lt;serialNumber&gt;10023376B006E&lt;/serialNumber&gt;&lt;uom&gt;KN&lt;/uom&gt;&lt;notifTagValue&gt;2&lt;/notifTagValue&gt;&lt;notifTagID&gt;160&lt;/notifTagID&gt;&lt;notifRecordID&gt;263660&lt;/notifRecordID&gt;&lt;descriptionDefined&gt;OP150 Press mid stroke force lower limit (KN)&lt;/descriptionDefined&gt;&lt;nameDefined&gt;PressMidStrokeForce_LCL&lt;/nameDefined&gt;&lt;operationName&gt;VWC_SUBASSY_OP150&lt;/operationName&gt;&lt;CreatedOn&gt;2016-10-08 10:51:10&lt;/CreatedOn&gt;&lt;/Row&gt;&lt;Row&gt;&lt;serialNumber&gt;10023376B006E&lt;/serialNumber&gt;&lt;uom&gt;KN&lt;/uom&gt;&lt;notifTagValue&gt;20&lt;/notifTagValue&gt;&lt;notifTagID&gt;153&lt;/notifTagID&gt;&lt;notifRecordID&gt;263660&lt;/notifRecordID&gt;&lt;descriptionDefined&gt;OP150 Press bottom out force lower limit (KN)&lt;/descriptionDefined&gt;&lt;nameDefined&gt;PressBottomOutForce_LCL&lt;/nameDefined&gt;&lt;operationName&gt;VWC_SUBASSY_OP150&lt;/operationName&gt;&lt;CreatedOn&gt;2016-10-08 10:51:10&lt;/CreatedOn&gt;&lt;/Row&gt;&lt;Row&gt;&lt;serialNumber&gt;10023376B006E&lt;/serialNumber&gt;&lt;uom&gt;KN&lt;/uom&gt;&lt;notifTagValue&gt;23.6814&lt;/notifTagValue&gt;&lt;notifTagID&gt;152&lt;/notifTagID&gt;&lt;notifRecordID&gt;263660&lt;/notifRecordID&gt;&lt;descriptionDefined&gt;OP150 Press bottom out force (KN)&lt;/descriptionDefined&gt;&lt;nameDefined&gt;PressBottomOutForce&lt;/nameDefined&gt;&lt;operationName&gt;VWC_SUBASSY_OP150&lt;/operationName&gt;&lt;CreatedOn&gt;2016-10-08 10:51:10&lt;/CreatedOn&gt;&lt;/Row&gt;&lt;Row&gt;&lt;serialNumber&gt;10023376B006E&lt;/serialNumber&gt;&lt;uom&gt;KN&lt;/uom&gt;&lt;notifTagValue&gt;35&lt;/notifTagValue&gt;&lt;notifTagID&gt;161&lt;/notifTagID&gt;&lt;notifRecordID&gt;263660&lt;/notifRecordID&gt;&lt;descriptionDefined&gt;OP150 Press mid stroke force upper limit (KN)&lt;/descriptionDefined&gt;&lt;nameDefined&gt;PressMidStrokeForce_UCL&lt;/nameDefined&gt;&lt;operationName&gt;VWC_SUBASSY_OP150&lt;/operationName&gt;&lt;CreatedOn&gt;2016-10-08 10:51:10&lt;/CreatedOn&gt;&lt;/Row&gt;&lt;Row&gt;&lt;serialNumber&gt;10023376B006E&lt;/serialNumber&gt;&lt;uom&gt;KN&lt;/uom&gt;&lt;notifTagValue&gt;4.3802&lt;/notifTagValue&gt;&lt;notifTagID&gt;159&lt;/notifTagID&gt;&lt;notifRecordID&gt;263660&lt;/notifRecordID&gt;&lt;descriptionDefined&gt;OP150 Press mid stroke low value (KN)&lt;/descriptionDefined&gt;&lt;nameDefined&gt;PressMidStroke_LV&lt;/nameDefined&gt;&lt;operationName&gt;VWC_SUBASSY_OP150&lt;/operationName&gt;&lt;CreatedOn&gt;2016-10-08 10:51:10&lt;/CreatedOn&gt;&lt;/Row&gt;&lt;Row&gt;&lt;serialNumber&gt;10023376B006E&lt;/serialNumber&gt;&lt;uom&gt;KN&lt;/uom&gt;&lt;notifTagValue&gt;50&lt;/notifTagValue&gt;&lt;notifTagID&gt;154&lt;/notifTagID&gt;&lt;notifRecordID&gt;263660&lt;/notifRecordID&gt;&lt;descriptionDefined&gt;OP150 Press bottom out force upper limit (KN)&lt;/descriptionDefined&gt;&lt;nameDefined&gt;PressBottomOutForce_UCL&lt;/nameDefined&gt;&lt;operationName&gt;VWC_SUBASSY_OP150&lt;/operationName&gt;&lt;CreatedOn&gt;2016-10-08 10:51:10&lt;/CreatedOn&gt;&lt;/Row&gt;&lt;Row&gt;&lt;serialNumber&gt;10023376B006E&lt;/serialNumber&gt;&lt;uom&gt;KN&lt;/uom&gt;&lt;notifTagValue&gt;9.0156&lt;/notifTagValue&gt;&lt;notifTagID&gt;158&lt;/notifTagID&gt;&lt;notifRecordID&gt;263660&lt;/notifRecordID&gt;&lt;descriptionDefined&gt;OP150 Press mid stroke high value (KN)&lt;/descriptionDefined&gt;&lt;nameDefined&gt;PressMidStroke_HV&lt;/nameDefined&gt;&lt;operationName&gt;VWC_SUBASSY_OP150&lt;/operationName&gt;&lt;CreatedOn&gt;2016-10-08 10:51:10&lt;/CreatedOn&gt;&lt;/Row&gt;&lt;Row&gt;&lt;serialNumber&gt;10023376B006E&lt;/serialNumber&gt;&lt;uom&gt;MM&lt;/uom&gt;&lt;notifTagValue&gt;55&lt;/notifTagValue&gt;&lt;notifTagID&gt;156&lt;/notifTagID&gt;&lt;notifRecordID&gt;263660&lt;/notifRecordID&gt;&lt;descriptionDefined&gt;OP150 Press bottom out stroke lower limit (mm)&lt;/descriptionDefined&gt;&lt;nameDefined&gt;PressBottomOutStroke_LCL&lt;/nameDefined&gt;&lt;operationName&gt;VWC_SUBASSY_OP150&lt;/operationName&gt;&lt;CreatedOn&gt;2016-10-08 10:51:10&lt;/CreatedOn&gt;&lt;/Row&gt;&lt;Row&gt;&lt;serialNumber&gt;10023376B006E&lt;/serialNumber&gt;&lt;uom&gt;MM&lt;/uom&gt;&lt;notifTagValue&gt;56.1323&lt;/notifTagValue&gt;&lt;notifTagID&gt;155&lt;/notifTagID&gt;&lt;notifRecordID&gt;263660&lt;/notifRecordID&gt;&lt;descriptionDefined&gt;OP150 Press bottom out stroke (mm)&lt;/descriptionDefined&gt;&lt;nameDefined&gt;PressBottomOutStroke&lt;/nameDefined&gt;&lt;operationName&gt;VWC_SUBASSY_OP150&lt;/operationName&gt;&lt;CreatedOn&gt;2016-10-08 10:51:10&lt;/CreatedOn&gt;&lt;/Row&gt;&lt;Row&gt;&lt;serialNumber&gt;10023376B006E&lt;/serialNumber&gt;&lt;uom&gt;MM&lt;/uom&gt;&lt;notifTagValue&gt;57&lt;/notifTagValue&gt;&lt;notifTagID&gt;157&lt;/notifTagID&gt;&lt;notifRecordID&gt;263660&lt;/notifRecordID&gt;&lt;descriptionDefined&gt;OP150 Press bottom out stroke upper limit (mm)&lt;/descriptionDefined&gt;&lt;nameDefined&gt;PressBottomOutStroke_UCL&lt;/nameDefined&gt;&lt;operationName&gt;VWC_SUBASSY_OP150&lt;/operationName&gt;&lt;CreatedOn&gt;2016-10-08 10:51:10&lt;/CreatedOn&gt;&lt;/Row&gt;&lt;Row&gt;&lt;serialNumber&gt;10023376B006E&lt;/serialNumber&gt;&lt;uom&gt;NONE&lt;/uom&gt;&lt;notifTagValue&gt;1&lt;/notifTagValue&gt;&lt;notifTagID&gt;296&lt;/notifTagID&gt;&lt;notifRecordID&gt;263660&lt;/notifRecordID&gt;&lt;descriptionDefined&gt;OP150 - Test Result Bottom Out Force High Pass/Fail (error code)&lt;/descriptionDefined&gt;&lt;nameDefined&gt;TestResult_BottomOut_Force&lt;/nameDefined&gt;&lt;operationName&gt;VWC_SUBASSY_OP150&lt;/operationName&gt;&lt;CreatedOn&gt;2016-10-08 10:51:10&lt;/CreatedOn&gt;&lt;/Row&gt;&lt;Row&gt;&lt;serialNumber&gt;10023376B006E&lt;/serialNumber&gt;&lt;uom&gt;NONE&lt;/uom&gt;&lt;notifTagValue&gt;1&lt;/notifTagValue&gt;&lt;notifTagID&gt;297&lt;/notifTagID&gt;&lt;notifRecordID&gt;263660&lt;/notifRecordID&gt;&lt;descriptionDefined&gt;OP150 - Test Result Bottom Out Stroke High Pass/Fail (error code)&lt;/descriptionDefined&gt;&lt;nameDefined&gt;TestResult_BottomOut_Stroke&lt;/nameDefined&gt;&lt;operationName&gt;VWC_SUBASSY_OP150&lt;/operationName&gt;&lt;CreatedOn&gt;2016-10-08 10:51:10&lt;/CreatedOn&gt;&lt;/Row&gt;&lt;Row&gt;&lt;serialNumber&gt;10023376B006E&lt;/serialNumber&gt;&lt;uom&gt;NONE&lt;/uom&gt;&lt;notifTagValue&gt;1&lt;/notifTagValue&gt;&lt;notifTagID&gt;298&lt;/notifTagID&gt;&lt;notifRecordID&gt;263660&lt;/notifRecordID&gt;&lt;descriptionDefined&gt;OP150 - Test Result Mid Stroke Force High Pass/Fail (error code)&lt;/descriptionDefined&gt;&lt;nameDefined&gt;TestResult_MidStrokeForce_High&lt;/nameDefined&gt;&lt;operationName&gt;VWC_SUBASSY_OP150&lt;/operationName&gt;&lt;CreatedOn&gt;2016-10-08 10:51:10&lt;/CreatedOn&gt;&lt;/Row&gt;&lt;Row&gt;&lt;serialNumber&gt;10023376B006E&lt;/serialNumber&gt;&lt;uom&gt;NONE&lt;/uom&gt;&lt;notifTagValue&gt;1&lt;/notifTagValue&gt;&lt;notifTagID&gt;299&lt;/notifTagID&gt;&lt;notifRecordID&gt;263660&lt;/notifRecordID&gt;&lt;descriptionDefined&gt;OP150 - Test Result Mid Stroke Force Low Pass/Fail (error code)&lt;/descriptionDefined&gt;&lt;nameDefined&gt;TestResult_MidStrokeForce_Low&lt;/nameDefined&gt;&lt;operationName&gt;VWC_SUBASSY_OP150&lt;/operationName&gt;&lt;CreatedOn&gt;2016-10-08 10:51:10&lt;/CreatedOn&gt;&lt;/Row&gt;&lt;Row&gt;&lt;serialNumber&gt;10023376B006E&lt;/serialNumber&gt;&lt;uom&gt;DEG&lt;/uom&gt;&lt;notifTagValue&gt;360.9700&lt;/notifTagValue&gt;&lt;notifTagID&gt;168&lt;/notifTagID&gt;&lt;notifRecordID&gt;263661&lt;/notifRecordID&gt;&lt;descriptionDefined&gt;OP 160 Test 1 - Angle (degrees)&lt;/descriptionDefined&gt;&lt;nameDefined&gt;Test1_Angle&lt;/nameDefined&gt;&lt;operationName&gt;VWC_SUBASSY_OP160&lt;/operationName&gt;&lt;CreatedOn&gt;2016-10-08 11:09:46&lt;/CreatedOn&gt;&lt;/Row&gt;&lt;Row&gt;&lt;serialNumber&gt;10023376B006E&lt;/serialNumber&gt;&lt;uom&gt;MM&lt;/uom&gt;&lt;notifTagValue&gt;0.1749&lt;/notifTagValue&gt;&lt;notifTagID&gt;163&lt;/notifTagID&gt;&lt;notifRecordID&gt;263661&lt;/notifRecordID&gt;&lt;descriptionDefined&gt;OP160 Pre-Load Offset (mm)&lt;/descriptionDefined&gt;&lt;nameDefined&gt;PreLoad_Offset&lt;/nameDefined&gt;&lt;operationName&gt;VWC_SUBASSY_OP160&lt;/operationName&gt;&lt;CreatedOn&gt;2016-10-08 11:09:46&lt;/CreatedOn&gt;&lt;/Row&gt;&lt;Row&gt;&lt;serialNumber&gt;10023376B006E&lt;/serialNumber&gt;&lt;uom&gt;MM&lt;/uom&gt;&lt;notifTagValue&gt;0.5&lt;/notifTagValue&gt;&lt;notifTagID&gt;162&lt;/notifTagID&gt;&lt;notifRecordID&gt;263661&lt;/notifRecordID&gt;&lt;descriptionDefined&gt;OP160 Backlash Offset (mm)&lt;/descriptionDefined&gt;&lt;nameDefined&gt;Backlash_Offset&lt;/nameDefined&gt;&lt;operationName&gt;VWC_SUBASSY_OP160&lt;/operationName&gt;&lt;CreatedOn&gt;2016-10-08 11:09:46&lt;/CreatedOn&gt;&lt;/Row&gt;&lt;Row&gt;&lt;serialNumber&gt;10023376B006E&lt;/serialNumber&gt;&lt;uom&gt;MM&lt;/uom&gt;&lt;notifTagValue&gt;2.2381&lt;/notifTagValue&gt;&lt;notifTagID&gt;166&lt;/notifTagID&gt;&lt;notifRecordID&gt;263661&lt;/notifRecordID&gt;&lt;descriptionDefined&gt;OP160 Shim Size Button (mm)&lt;/descriptionDefined&gt;&lt;nameDefined&gt;ShimSizeButton&lt;/nameDefined&gt;&lt;operationName&gt;VWC_SUBASSY_OP160&lt;/operationName&gt;&lt;CreatedOn&gt;2016-10-08 11:09:46&lt;/CreatedOn&gt;&lt;/Row&gt;&lt;Row&gt;&lt;serialNumber&gt;10023376B006E&lt;/serialNumber&gt;&lt;uom&gt;NM&lt;/uom&gt;&lt;notifTagValue&gt;3.0099&lt;/notifTagValue&gt;&lt;notifTagID&gt;169&lt;/notifTagID&gt;&lt;notifRecordID&gt;263661&lt;/notifRecordID&gt;&lt;descriptionDefined&gt;OP 160 Test 1 - Torque (Pinion only) (Nm)&lt;/descriptionDefined&gt;&lt;nameDefined&gt;Test1_Torque&lt;/nameDefined&gt;&lt;operationName&gt;VWC_SUBASSY_OP160&lt;/operationName&gt;&lt;CreatedOn&gt;2016-10-08 11:09:46&lt;/CreatedOn&gt;&lt;/Row&gt;&lt;Row&gt;&lt;serialNumber&gt;10023376B006E&lt;/serialNumber&gt;&lt;uom&gt;NONE&lt;/uom&gt;&lt;notifTagValue&gt;0&lt;/notifTagValue&gt;&lt;notifTagID&gt;165&lt;/notifTagID&gt;&lt;notifRecordID&gt;263661&lt;/notifRecordID&gt;&lt;descriptionDefined&gt;OP 160 Test Result 2 - TTR 2 Nut Runner (error code)&lt;/descriptionDefined&gt;&lt;nameDefined&gt;Result_TTR2_NutRunner&lt;/nameDefined&gt;&lt;operationName&gt;VWC_SUBASSY_OP160&lt;/operationName&gt;&lt;CreatedOn&gt;2016-10-08 11:09:46&lt;/CreatedOn&gt;&lt;/Row&gt;&lt;Row&gt;&lt;serialNumber&gt;10023376B006E&lt;/serialNumber&gt;&lt;uom&gt;NONE&lt;/uom&gt;&lt;notifTagValue&gt;1.9807&lt;/notifTagValue&gt;&lt;notifTagID&gt;167&lt;/notifTagID&gt;&lt;notifRecordID&gt;263661&lt;/notifRecordID&gt;&lt;descriptionDefined&gt;OP160 Shim Size Flange (mm)&lt;/descriptionDefined&gt;&lt;nameDefined&gt;ShimSizeFlange&lt;/nameDefined&gt;&lt;operationName&gt;VWC_SUBASSY_OP160&lt;/operationName&gt;&lt;CreatedOn&gt;2016-10-08 11:09:46&lt;/CreatedOn&gt;&lt;/Row&gt;&lt;Row&gt;&lt;serialNumber&gt;10023376B006E&lt;/serialNumber&gt;&lt;uom&gt;NONE&lt;/uom&gt;&lt;notifTagValue&gt;2&lt;/notifTagValue&gt;&lt;notifTagID&gt;164&lt;/notifTagID&gt;&lt;notifRecordID&gt;263661&lt;/notifRecordID&gt;&lt;descriptionDefined&gt;OP 160 Test Result 1 - TTR 1 Nut Runner (error code)&lt;/descriptionDefined&gt;&lt;nameDefined&gt;Result_TTR1_NutRunner&lt;/nameDefined&gt;&lt;operationName&gt;VWC_SUBASSY_OP160&lt;/operationName&gt;&lt;CreatedOn&gt;2016-10-08 11:09:46&lt;/CreatedOn&gt;&lt;/Row&gt;&lt;Row&gt;&lt;serialNumber&gt;10023376B006E&lt;/serialNumber&gt;&lt;uom&gt;NONE&lt;/uom&gt;&lt;notifTagValue&gt;0&lt;/notifTagValue&gt;&lt;notifTagID&gt;355&lt;/notifTagID&gt;&lt;notifRecordID&gt;263662&lt;/notifRecordID&gt;&lt;descriptionDefined&gt;OP004 - RH End Out Distance&lt;/descriptionDefined&gt;&lt;nameDefined&gt;RH_End_Out_Distance&lt;/nameDefined&gt;&lt;operationName&gt;VWC_FINASSY_OP004&lt;/operationName&gt;&lt;CreatedOn&gt;2016-10-08 12:10:42&lt;/CreatedOn&gt;&lt;/Row&gt;&lt;Row&gt;&lt;serialNumber&gt;10023376B006E&lt;/serialNumber&gt;&lt;uom&gt;NONE&lt;/uom&gt;&lt;notifTagValue&gt;0&lt;/notifTagValue&gt;&lt;notifTagID&gt;356&lt;/notifTagID&gt;&lt;notifRecordID&gt;263662&lt;/notifRecordID&gt;&lt;descriptionDefined&gt;OP004 - RH End Out Force&lt;/descriptionDefined&gt;&lt;nameDefined&gt;RH_End_Out_Force&lt;/nameDefined&gt;&lt;operationName&gt;VWC_FINASSY_OP004&lt;/operationName&gt;&lt;CreatedOn&gt;2016-10-08 12:10:42&lt;/CreatedOn&gt;&lt;/Row&gt;&lt;Row&gt;&lt;serialNumber&gt;10023376B006E&lt;/serialNumber&gt;&lt;uom&gt;NONE&lt;/uom&gt;&lt;notifTagValue&gt;001/1234567_061016_1234_5678_11111_4444_5555&lt;/notifTagValue&gt;&lt;notifTagID&gt;364&lt;/notifTagID&gt;&lt;notifRecordID&gt;263662&lt;/notifRecordID&gt;&lt;descriptionDefined&gt;OP004 - LH Data Matrix Read on the Tube&lt;/descriptionDefined&gt;&lt;nameDefined&gt;LH_Tube_Data&lt;/nameDefined&gt;&lt;operationName&gt;VWC_FINASSY_OP004&lt;/operationName&gt;&lt;CreatedOn&gt;2016-10-08 12:10:42&lt;/CreatedOn&gt;&lt;/Row&gt;&lt;Row&gt;&lt;serialNumber&gt;10023376B006E&lt;/serialNumber&gt;&lt;uom&gt;NONE&lt;/uom&gt;&lt;notifTagValue&gt;002/3456789_061016_9876_5678_11111_4444_6666&lt;/notifTagValue&gt;&lt;notifTagID&gt;365&lt;/notifTagID&gt;&lt;notifRecordID&gt;263662&lt;/notifRecordID&gt;&lt;descriptionDefined&gt;OP004 - RH Data Matrix Read on the Tube&lt;/descriptionDefined&gt;&lt;nameDefined&gt;RH_Tube_Data&lt;/nameDefined&gt;&lt;operationName&gt;VWC_FINASSY_OP004&lt;/operationName&gt;&lt;CreatedOn&gt;2016-10-08 12:10:42&lt;/CreatedOn&gt;&lt;/Row&gt;&lt;Row&gt;&lt;serialNumber&gt;10023376B006E&lt;/serialNumber&gt;&lt;uom&gt;NONE&lt;/uom&gt;&lt;notifTagValue&gt;1&lt;/notifTagValue&gt;&lt;notifTagID&gt;359&lt;/notifTagID&gt;&lt;notifRecordID&gt;263662&lt;/notifRecordID&gt;&lt;descriptionDefined&gt;OP004 - Selected Variant&lt;/descriptionDefined&gt;&lt;nameDefined&gt;Variant_selected&lt;/nameDefined&gt;&lt;operationName&gt;VWC_FINASSY_OP004&lt;/operationName&gt;&lt;CreatedOn&gt;2016-10-08 12:10:42&lt;/CreatedOn&gt;&lt;/Row&gt;&lt;Row&gt;&lt;serialNumber&gt;10023376B006E&lt;/serialNumber&gt;&lt;uom&gt;NONE&lt;/uom&gt;&lt;notifTagValue&gt;108.5013&lt;/notifTagValue&gt;&lt;notifTagID&gt;354&lt;/notifTagID&gt;&lt;notifRecordID&gt;263662&lt;/notifRecordID&gt;&lt;descriptionDefined&gt;OP004 - LH Mid Force Low&lt;/descriptionDefined&gt;&lt;nameDefined&gt;LH_Mid_Force_Low&lt;/nameDefined&gt;&lt;operationName&gt;VWC_FINASSY_OP004&lt;/operationName&gt;&lt;CreatedOn&gt;2016-10-08 12:10:42&lt;/CreatedOn&gt;&lt;/Row&gt;&lt;Row&gt;&lt;serialNumber&gt;10023376B006E&lt;/serialNumber&gt;&lt;uom&gt;NONE&lt;/uom&gt;&lt;notifTagValue&gt;110.7057&lt;/notifTagValue&gt;&lt;notifTagID&gt;353&lt;/notifTagID&gt;&lt;notifRecordID&gt;263662&lt;/notifRecordID&gt;&lt;descriptionDefined&gt;OP004 - LH Mid Force High&lt;/descriptionDefined&gt;&lt;nameDefined&gt;LH_Mid_Force_High&lt;/nameDefined&gt;&lt;operationName&gt;VWC_FINASSY_OP004&lt;/operationName&gt;&lt;CreatedOn&gt;2016-10-08 12:10:42&lt;/CreatedOn&gt;&lt;/Row&gt;&lt;Row&gt;&lt;serialNumber&gt;10023376B006E&lt;/serialNumber&gt;&lt;uom&gt;NONE&lt;/uom&gt;&lt;notifTagValue&gt;121.0451&lt;/notifTagValue&gt;&lt;notifTagID&gt;351&lt;/notifTagID&gt;&lt;notifRecordID&gt;263662&lt;/notifRecordID&gt;&lt;descriptionDefined&gt;OP004 - LH End Out Distance&lt;/descriptionDefined&gt;&lt;nameDefined&gt;LH_End_Out_Distance&lt;/nameDefined&gt;&lt;operationName&gt;VWC_FINASSY_OP004&lt;/operationName&gt;&lt;CreatedOn&gt;2016-10-08 12:10:42&lt;/CreatedOn&gt;&lt;/Row&gt;&lt;Row&gt;&lt;serialNumber&gt;10023376B006E&lt;/serialNumber&gt;&lt;uom&gt;NONE&lt;/uom&gt;&lt;notifTagValue&gt;124.5795&lt;/notifTagValue&gt;&lt;notifTagID&gt;358&lt;/notifTagID&gt;&lt;notifRecordID&gt;263662&lt;/notifRecordID&gt;&lt;descriptionDefined&gt;OP004 - RH Mid Force Low&lt;/descriptionDefined&gt;&lt;nameDefined&gt;RH_Mid_Force_Low&lt;/nameDefined&gt;&lt;operationName&gt;VWC_FINASSY_OP004&lt;/operationName&gt;&lt;CreatedOn&gt;2016-10-08 12:10:42&lt;/CreatedOn&gt;&lt;/Row&gt;&lt;Row&gt;&lt;serialNumber&gt;10023376B006E&lt;/serialNumber&gt;&lt;uom&gt;NONE&lt;/uom&gt;&lt;notifTagValue&gt;410.2285&lt;/notifTagValue&gt;&lt;notifTagID&gt;357&lt;/notifTagID&gt;&lt;notifRecordID&gt;263662&lt;/notifRecordID&gt;&lt;descriptionDefined&gt;OP004 - RH Mid Force High&lt;/descriptionDefined&gt;&lt;nameDefined&gt;RH_Mid_Force_High&lt;/nameDefined&gt;&lt;operationName&gt;VWC_FINASSY_OP004&lt;/operationName&gt;&lt;CreatedOn&gt;2016-10-08 12:10:42&lt;/CreatedOn&gt;&lt;/Row&gt;&lt;Row&gt;&lt;serialNumber&gt;10023376B006E&lt;/serialNumber&gt;&lt;uom&gt;NONE&lt;/uom&gt;&lt;notifTagValue&gt;410.3611&lt;/notifTagValue&gt;&lt;notifTagID&gt;352&lt;/notifTagID&gt;&lt;notifRecordID&gt;263662&lt;/notifRecordID&gt;&lt;descriptionDefined&gt;OP004 - LH End Out Force&lt;/descriptionDefined&gt;&lt;nameDefined&gt;LH_End_Out_Force&lt;/nameDefined&gt;&lt;operationName&gt;VWC_FINASSY_OP004&lt;/operationName&gt;&lt;CreatedOn&gt;2016-10-08 12:10:42&lt;/CreatedOn&gt;&lt;/Row&gt;&lt;Row&gt;&lt;serialNumber&gt;10023376B006E&lt;/serialNumber&gt;&lt;uom&gt;DEG&lt;/uom&gt;&lt;notifTagValue&gt;0&lt;/notifTagValue&gt;&lt;notifTagID&gt;367&lt;/notifTagID&gt;&lt;notifRecordID&gt;263666&lt;/notifRecordID&gt;&lt;descriptionDefined&gt;OP020 - RH Angle Bolt 1&lt;/descriptionDefined&gt;&lt;nameDefined&gt;RH_Angle_Bolt_1&lt;/nameDefined&gt;&lt;operationName&gt;VWC_FINASSY_OP020&lt;/operationName&gt;&lt;CreatedOn&gt;2016-10-08 12:21:25&lt;/CreatedOn&gt;&lt;/Row&gt;&lt;Row&gt;&lt;serialNumber&gt;10023376B006E&lt;/serialNumber&gt;&lt;uom&gt;DEG&lt;/uom&gt;&lt;notifTagValue&gt;0&lt;/notifTagValue&gt;&lt;notifTagID&gt;368&lt;/notifTagID&gt;&lt;notifRecordID&gt;263666&lt;/notifRecordID&gt;&lt;descriptionDefined&gt;OP020 - RH Angle Bolt 2&lt;/descriptionDefined&gt;&lt;nameDefined&gt;RH_Angle_Bolt_2&lt;/nameDefined&gt;&lt;operationName&gt;VWC_FINASSY_OP020&lt;/operationName&gt;&lt;CreatedOn&gt;2016-10-08 12:21:25&lt;/CreatedOn&gt;&lt;/Row&gt;&lt;Row&gt;&lt;serialNumber&gt;10023376B006E&lt;/serialNumber&gt;&lt;uom&gt;DEG&lt;/uom&gt;&lt;notifTagValue&gt;0&lt;/notifTagValue&gt;&lt;notifTagID&gt;369&lt;/notifTagID&gt;&lt;notifRecordID&gt;263666&lt;/notifRecordID&gt;&lt;descriptionDefined&gt;OP020 - RH Angle Bolt 3&lt;/descriptionDefined&gt;&lt;nameDefined&gt;RH_Angle_Bolt_3&lt;/nameDefined&gt;&lt;operationName&gt;VWC_FINASSY_OP020&lt;/operationName&gt;&lt;CreatedOn&gt;2016-10-08 12:21:25&lt;/CreatedOn&gt;&lt;/Row&gt;&lt;Row&gt;&lt;serialNumber&gt;10023376B006E&lt;/serialNumber&gt;&lt;uom&gt;DEG&lt;/uom&gt;&lt;notifTagValue&gt;107.7300&lt;/notifTagValue&gt;&lt;notifTagID&gt;370&lt;/notifTagID&gt;&lt;notifRecordID&gt;263666&lt;/notifRecordID&gt;&lt;descriptionDefined&gt;OP020 - RH Press Angle&lt;/descriptionDefined&gt;&lt;nameDefined&gt;RH_Press_Angle&lt;/nameDefined&gt;&lt;operationName&gt;VWC_FINASSY_OP020&lt;/operationName&gt;&lt;CreatedOn&gt;2016-10-08 12:21:25&lt;/CreatedOn&gt;&lt;/Row&gt;&lt;Row&gt;&lt;serialNumber&gt;10023376B006E&lt;/serialNumber&gt;&lt;uom&gt;KN&lt;/uom&gt;&lt;notifTagValue&gt;28.5012&lt;/notifTagValue&gt;&lt;notifTagID&gt;372&lt;/notifTagID&gt;&lt;notifRecordID&gt;263666&lt;/notifRecordID&gt;&lt;descriptionDefined&gt;OP020 - RH Press Force&lt;/descriptionDefined&gt;&lt;nameDefined&gt;RH_Press_Force&lt;/nameDefined&gt;&lt;operationName&gt;VWC_FINASSY_OP020&lt;/operationName&gt;&lt;CreatedOn&gt;2016-10-08 12:21:25&lt;/CreatedOn&gt;&lt;/Row&gt;&lt;Row&gt;&lt;serialNumber&gt;10023376B006E&lt;/serialNumber&gt;&lt;uom&gt;MM&lt;/uom&gt;&lt;notifTagValue&gt;163.1957&lt;/notifTagValue&gt;&lt;notifTagID&gt;371&lt;/notifTagID&gt;&lt;notifRecordID&gt;263666&lt;/notifRecordID&gt;&lt;descriptionDefined&gt;OP020 - RH Press Distance&lt;/descriptionDefined&gt;&lt;nameDefined&gt;RH_Press_Distance&lt;/nameDefined&gt;&lt;operationName&gt;VWC_FINASSY_OP020&lt;/operationName&gt;&lt;CreatedOn&gt;2016-10-08 12:21:25&lt;/CreatedOn&gt;&lt;/Row&gt;&lt;Row&gt;&lt;serialNumber&gt;10023376B006E&lt;/serialNumber&gt;&lt;uom&gt;NM&lt;/uom&gt;&lt;notifTagValue&gt;0&lt;/notifTagValue&gt;&lt;notifTagID&gt;374&lt;/notifTagID&gt;&lt;notifRecordID&gt;263666&lt;/notifRecordID&gt;&lt;descriptionDefined&gt;OP020 - RH Torque Bolt 1&lt;/descriptionDefined&gt;&lt;nameDefined&gt;RH_Torque_Bolt_1&lt;/nameDefined&gt;&lt;operationName&gt;VWC_FINASSY_OP020&lt;/operationName&gt;&lt;CreatedOn&gt;2016-10-08 12:21:25&lt;/CreatedOn&gt;&lt;/Row&gt;&lt;Row&gt;&lt;serialNumber&gt;10023376B006E&lt;/serialNumber&gt;&lt;uom&gt;NM&lt;/uom&gt;&lt;notifTagValue&gt;0&lt;/notifTagValue&gt;&lt;notifTagID&gt;375&lt;/notifTagID&gt;&lt;notifRecordID&gt;263666&lt;/notifRecordID&gt;&lt;descriptionDefined&gt;OP020 - RH Torque Bolt 2&lt;/descriptionDefined&gt;&lt;nameDefined&gt;RH_Torque_Bolt_2&lt;/nameDefined&gt;&lt;operationName&gt;VWC_FINASSY_OP020&lt;/operationName&gt;&lt;CreatedOn&gt;2016-10-08 12:21:25&lt;/CreatedOn&gt;&lt;/Row&gt;&lt;Row&gt;&lt;serialNumber&gt;10023376B006E&lt;/serialNumber&gt;&lt;uom&gt;NM&lt;/uom&gt;&lt;notifTagValue&gt;0&lt;/notifTagValue&gt;&lt;notifTagID&gt;376&lt;/notifTagID&gt;&lt;notifRecordID&gt;263666&lt;/notifRecordID&gt;&lt;descriptionDefined&gt;OP020 - RH Torque Bolt 3&lt;/descriptionDefined&gt;&lt;nameDefined&gt;RH_Torque_Bolt_3&lt;/nameDefined&gt;&lt;operationName&gt;VWC_FINASSY_OP020&lt;/operationName&gt;&lt;CreatedOn&gt;2016-10-08 12:21:25&lt;/CreatedOn&gt;&lt;/Row&gt;&lt;Row&gt;&lt;serialNumber&gt;10023376B006E&lt;/serialNumber&gt;&lt;uom&gt;NM&lt;/uom&gt;&lt;notifTagValue&gt;100.1999&lt;/notifTagValue&gt;&lt;notifTagID&gt;373&lt;/notifTagID&gt;&lt;notifRecordID&gt;263666&lt;/notifRecordID&gt;&lt;descriptionDefined&gt;OP020 - RH Press Torque&lt;/descriptionDefined&gt;&lt;nameDefined&gt;RH_Press_Torque&lt;/nameDefined&gt;&lt;operationName&gt;VWC_FINASSY_OP020&lt;/operationName&gt;&lt;CreatedOn&gt;2016-10-08 12:21:25&lt;/CreatedOn&gt;&lt;/Row&gt;&lt;Row&gt;&lt;serialNumber&gt;10023376B006E&lt;/serialNumber&gt;&lt;uom&gt;DEG&lt;/uom&gt;&lt;notifTagValue&gt;26.0200&lt;/notifTagValue&gt;&lt;notifTagID&gt;377&lt;/notifTagID&gt;&lt;notifRecordID&gt;263667&lt;/notifRecordID&gt;&lt;descriptionDefined&gt;OP030 - LH Angle Bolt 1&lt;/descriptionDefined&gt;&lt;nameDefined&gt;LH_Angle_Bolt_1&lt;/nameDefined&gt;&lt;operationName&gt;VWC_FINASSY_OP030&lt;/operationName&gt;&lt;CreatedOn&gt;2016-10-08 12:22:00&lt;/CreatedOn&gt;&lt;/Row&gt;&lt;Row&gt;&lt;serialNumber&gt;10023376B006E&lt;/serialNumber&gt;&lt;uom&gt;DEG&lt;/uom&gt;&lt;notifTagValue&gt;28.75&lt;/notifTagValue&gt;&lt;notifTagID&gt;389&lt;/notifTagID&gt;&lt;notifRecordID&gt;263667&lt;/notifRecordID&gt;&lt;descriptionDefined&gt;OP030 - RH Angle Bolt 1&lt;/descriptionDefined&gt;&lt;nameDefined&gt;RH_Angle_Bolt_1&lt;/nameDefined&gt;&lt;operationName&gt;VWC_FINASSY_OP030&lt;/operationName&gt;&lt;CreatedOn&gt;2016-10-08 12:22:00&lt;/CreatedOn&gt;&lt;/Row&gt;&lt;Row&gt;&lt;serialNumber&gt;10023376B006E&lt;/serialNumber&gt;&lt;uom&gt;DEG&lt;/uom&gt;&lt;notifTagValue&gt;28.75&lt;/notifTagValue&gt;&lt;notifTagID&gt;389&lt;/notifTagID&gt;&lt;notifRecordID&gt;263667&lt;/notifRecordID&gt;&lt;descriptionDefined&gt;OP040 - RH Angle Bolt 1&lt;/descriptionDefined&gt;&lt;nameDefined&gt;RH_Angle_Bolt_1&lt;/nameDefined&gt;&lt;operationName&gt;VWC_FINASSY_OP030&lt;/operationName&gt;&lt;CreatedOn&gt;2016-10-08 12:22:00&lt;/CreatedOn&gt;&lt;/Row&gt;&lt;Row&gt;&lt;serialNumber&gt;10023376B006E&lt;/serialNumber&gt;&lt;uom&gt;NM&lt;/uom&gt;&lt;notifTagValue&gt;8.1499&lt;/notifTagValue&gt;&lt;notifTagID&gt;380&lt;/notifTagID&gt;&lt;notifRecordID&gt;263667&lt;/notifRecordID&gt;&lt;descriptionDefined&gt;OP030 - RH Torque Bolt 1&lt;/descriptionDefined&gt;&lt;nameDefined&gt;RH_Torque_Bolt_1&lt;/nameDefined&gt;&lt;operationName&gt;VWC_FINASSY_OP030&lt;/operationName&gt;&lt;CreatedOn&gt;2016-10-08 12:22:00&lt;/CreatedOn&gt;&lt;/Row&gt;&lt;Row&gt;&lt;serialNumber&gt;10023376B006E&lt;/serialNumber&gt;&lt;uom&gt;NM&lt;/uom&gt;&lt;notifTagValue&gt;8.2299&lt;/notifTagValue&gt;&lt;notifTagID&gt;378&lt;/notifTagID&gt;&lt;notifRecordID&gt;263667&lt;/notifRecordID&gt;&lt;descriptionDefined&gt;OP030 - LH Torque Bolt 1&lt;/descriptionDefined&gt;&lt;nameDefined&gt;LH_Torque_Bolt_1&lt;/nameDefined&gt;&lt;operationName&gt;VWC_FINASSY_OP030&lt;/operationName&gt;&lt;CreatedOn&gt;2016-10-08 12:22:00&lt;/CreatedOn&gt;&lt;/Row&gt;&lt;Row&gt;&lt;serialNumber&gt;10023376B006E&lt;/serialNumber&gt;&lt;uom&gt;DEG&lt;/uom&gt;&lt;notifTagValue&gt;34.3800&lt;/notifTagValue&gt;&lt;notifTagID&gt;389&lt;/notifTagID&gt;&lt;notifRecordID&gt;263668&lt;/notifRecordID&gt;&lt;descriptionDefined&gt;OP030 - RH Angle Bolt 1&lt;/descriptionDefined&gt;&lt;nameDefined&gt;RH_Angle_Bolt_1&lt;/nameDefined&gt;&lt;operationName&gt;VWC_FINASSY_OP040&lt;/operationName&gt;&lt;CreatedOn&gt;2016-10-08 12:23:52&lt;/CreatedOn&gt;&lt;/Row&gt;&lt;Row&gt;&lt;serialNumber&gt;10023376B006E&lt;/serialNumber&gt;&lt;uom&gt;DEG&lt;/uom&gt;&lt;notifTagValue&gt;34.3800&lt;/notifTagValue&gt;&lt;notifTagID&gt;389&lt;/notifTagID&gt;&lt;notifRecordID&gt;263668&lt;/notifRecordID&gt;&lt;descriptionDefined&gt;OP040 - RH Angle Bolt 1&lt;/descriptionDefined&gt;&lt;nameDefined&gt;RH_Angle_Bolt_1&lt;/nameDefined&gt;&lt;operationName&gt;VWC_FINASSY_OP040&lt;/operationName&gt;&lt;CreatedOn&gt;2016-10-08 12:23:52&lt;/CreatedOn&gt;&lt;/Row&gt;&lt;Row&gt;&lt;serialNumber&gt;10023376B006E&lt;/serialNumber&gt;&lt;uom&gt;DEG&lt;/uom&gt;&lt;notifTagValue&gt;37.0699&lt;/notifTagValue&gt;&lt;notifTagID&gt;390&lt;/notifTagID&gt;&lt;notifRecordID&gt;263668&lt;/notifRecordID&gt;&lt;descriptionDefined&gt;OP040 - RH Angle Bolt 2&lt;/descriptionDefined&gt;&lt;nameDefined&gt;RH_Angle_Bolt_2&lt;/nameDefined&gt;&lt;operationName&gt;VWC_FINASSY_OP040&lt;/operationName&gt;&lt;CreatedOn&gt;2016-10-08 12:23:52&lt;/CreatedOn&gt;&lt;/Row&gt;&lt;Row&gt;&lt;serialNumber&gt;10023376B006E&lt;/serialNumber&gt;&lt;uom&gt;DEG&lt;/uom&gt;&lt;notifTagValue&gt;37.25&lt;/notifTagValue&gt;&lt;notifTagID&gt;392&lt;/notifTagID&gt;&lt;notifRecordID&gt;263668&lt;/notifRecordID&gt;&lt;descriptionDefined&gt;OP040 - RH Angle Bolt 4&lt;/descriptionDefined&gt;&lt;nameDefined&gt;RH_Angle_Bolt_4&lt;/nameDefined&gt;&lt;operationName&gt;VWC_FINASSY_OP040&lt;/operationName&gt;&lt;CreatedOn&gt;2016-10-08 12:23:52&lt;/CreatedOn&gt;&lt;/Row&gt;&lt;Row&gt;&lt;serialNumber&gt;10023376B006E&lt;/serialNumber&gt;&lt;uom&gt;DEG&lt;/uom&gt;&lt;notifTagValue&gt;40.4599&lt;/notifTagValue&gt;&lt;notifTagID&gt;381&lt;/notifTagID&gt;&lt;notifRecordID&gt;263668&lt;/notifRecordID&gt;&lt;descriptionDefined&gt;OP040 - LH Angle Bolt 1&lt;/descriptionDefined&gt;&lt;nameDefined&gt;LH_Angle_Bolt_1&lt;/nameDefined&gt;&lt;operationName&gt;VWC_FINASSY_OP040&lt;/operationName&gt;&lt;CreatedOn&gt;2016-10-08 12:23:52&lt;/CreatedOn&gt;&lt;/Row&gt;&lt;Row&gt;&lt;serialNumber&gt;10023376B006E&lt;/serialNumber&gt;&lt;uom&gt;DEG&lt;/uom&gt;&lt;notifTagValue&gt;41.0999&lt;/notifTagValue&gt;&lt;notifTagID&gt;383&lt;/notifTagID&gt;&lt;notifRecordID&gt;263668&lt;/notifRecordID&gt;&lt;descriptionDefined&gt;OP040 - LH Angle Bolt 3&lt;/descriptionDefined&gt;&lt;nameDefined&gt;LH_Angle_Bolt_3&lt;/nameDefined&gt;&lt;operationName&gt;VWC_FINASSY_OP040&lt;/operationName&gt;&lt;CreatedOn&gt;2016-10-08 12:23:52&lt;/CreatedOn&gt;&lt;/Row&gt;&lt;Row&gt;&lt;serialNumber&gt;10023376B006E&lt;/serialNumber&gt;&lt;uom&gt;DEG&lt;/uom&gt;&lt;notifTagValue&gt;41.6699&lt;/notifTagValue&gt;&lt;notifTagID&gt;391&lt;/notifTagID&gt;&lt;notifRecordID&gt;263668&lt;/notifRecordID&gt;&lt;descriptionDefined&gt;OP040 - RH Angle Bolt 3&lt;/descriptionDefined&gt;&lt;nameDefined&gt;RH_Angle_Bolt_3&lt;/nameDefined&gt;&lt;operationName&gt;VWC_FINASSY_OP040&lt;/operationName&gt;&lt;CreatedOn&gt;2016-10-08 12:23:52&lt;/CreatedOn&gt;&lt;/Row&gt;&lt;Row&gt;&lt;serialNumber&gt;10023376B006E&lt;/serialNumber&gt;&lt;uom&gt;DEG&lt;/uom&gt;&lt;notifTagValue&gt;41.9799&lt;/notifTagValue&gt;&lt;notifTagID&gt;384&lt;/notifTagID&gt;&lt;notifRecordID&gt;263668&lt;/notifRecordID&gt;&lt;descriptionDefined&gt;OP040 - LH Angle Bolt 4&lt;/descriptionDefined&gt;&lt;nameDefined&gt;LH_Angle_Bolt_4&lt;/nameDefined&gt;&lt;operationName&gt;VWC_FINASSY_OP040&lt;/operationName&gt;&lt;CreatedOn&gt;2016-10-08 12:23:52&lt;/CreatedOn&gt;&lt;/Row&gt;&lt;Row&gt;&lt;serialNumber&gt;10023376B006E&lt;/serialNumber&gt;&lt;uom&gt;DEG&lt;/uom&gt;&lt;notifTagValue&gt;42.8699&lt;/notifTagValue&gt;&lt;notifTagID&gt;382&lt;/notifTagID&gt;&lt;notifRecordID&gt;263668&lt;/notifRecordID&gt;&lt;descriptionDefined&gt;OP040 - LH Angle Bolt 2&lt;/descriptionDefined&gt;&lt;nameDefined&gt;LH_Angle_Bolt_2&lt;/nameDefined&gt;&lt;operationName&gt;VWC_FINASSY_OP040&lt;/operationName&gt;&lt;CreatedOn&gt;2016-10-08 12:23:52&lt;/CreatedOn&gt;&lt;/Row&gt;&lt;Row&gt;&lt;serialNumber&gt;10023376B006E&lt;/serialNumber&gt;&lt;uom&gt;NM&lt;/uom&gt;&lt;notifTagValue&gt;80.0999&lt;/notifTagValue&gt;&lt;notifTagID&gt;394&lt;/notifTagID&gt;&lt;notifRecordID&gt;263668&lt;/notifRecordID&gt;&lt;descriptionDefined&gt;OP040 - RH Torque Bolt 2&lt;/descriptionDefined&gt;&lt;nameDefined&gt;RH_Torque_Bolt_2&lt;/nameDefined&gt;&lt;operationName&gt;VWC_FINASSY_OP040&lt;/operationName&gt;&lt;CreatedOn&gt;2016-10-08 12:23:52&lt;/CreatedOn&gt;&lt;/Row&gt;&lt;Row&gt;&lt;serialNumber&gt;10023376B006E&lt;/serialNumber&gt;&lt;uom&gt;NM&lt;/uom&gt;&lt;notifTagValue&gt;80.3899&lt;/notifTagValue&gt;&lt;notifTagID&gt;396&lt;/notifTagID&gt;&lt;notifRecordID&gt;263668&lt;/notifRecordID&gt;&lt;descriptionDefined&gt;OP040 - RH Torque Bolt 4&lt;/descriptionDefined&gt;&lt;nameDefined&gt;RH_Torque_Bolt_4&lt;/nameDefined&gt;&lt;operationName&gt;VWC_FINASSY_OP040&lt;/operationName&gt;&lt;CreatedOn&gt;2016-10-08 12:23:52&lt;/CreatedOn&gt;&lt;/Row&gt;&lt;Row&gt;&lt;serialNumber&gt;10023376B006E&lt;/serialNumber&gt;&lt;uom&gt;NM&lt;/uom&gt;&lt;notifTagValue&gt;80.4800&lt;/notifTagValue&gt;&lt;notifTagID&gt;387&lt;/notifTagID&gt;&lt;notifRecordID&gt;263668&lt;/notifRecordID&gt;&lt;descriptionDefined&gt;OP040 - LH Torque Bolt 3&lt;/descriptionDefined&gt;&lt;nameDefined&gt;LH_Torque_Bolt_3&lt;/nameDefined&gt;&lt;operationName&gt;VWC_FINASSY_OP040&lt;/operationName&gt;&lt;CreatedOn&gt;2016-10-08 12:23:52&lt;/CreatedOn&gt;&lt;/Row&gt;&lt;Row&gt;&lt;serialNumber&gt;10023376B006E&lt;/serialNumber&gt;&lt;uom&gt;NM&lt;/uom&gt;&lt;notifTagValue&gt;80.6699&lt;/notifTagValue&gt;&lt;notifTagID&gt;386&lt;/notifTagID&gt;&lt;notifRecordID&gt;263668&lt;/notifRecordID&gt;&lt;descriptionDefined&gt;OP040 - LH Torque Bolt 2&lt;/descriptionDefined&gt;&lt;nameDefined&gt;LH_Torque_Bolt_2&lt;/nameDefined&gt;&lt;operationName&gt;VWC_FINASSY_OP040&lt;/operationName&gt;&lt;CreatedOn&gt;2016-10-08 12:23:52&lt;/CreatedOn&gt;&lt;/Row&gt;&lt;Row&gt;&lt;serialNumber&gt;10023376B006E&lt;/serialNumber&gt;&lt;uom&gt;NM&lt;/uom&gt;&lt;notifTagValue&gt;80.8799&lt;/notifTagValue&gt;&lt;notifTagID&gt;388&lt;/notifTagID&gt;&lt;notifRecordID&gt;263668&lt;/notifRecordID&gt;&lt;descriptionDefined&gt;OP040 - LH Torque Bolt 4&lt;/descriptionDefined&gt;&lt;nameDefined&gt;LH_Torque_Bolt_4&lt;/nameDefined&gt;&lt;operationName&gt;VWC_FINASSY_OP040&lt;/operationName&gt;&lt;CreatedOn&gt;2016-10-08 12:23:52&lt;/CreatedOn&gt;&lt;/Row&gt;&lt;Row&gt;&lt;serialNumber&gt;10023376B006E&lt;/serialNumber&gt;&lt;uom&gt;NM&lt;/uom&gt;&lt;notifTagValue&gt;81.1500&lt;/notifTagValue&gt;&lt;notifTagID&gt;395&lt;/notifTagID&gt;&lt;notifRecordID&gt;263668&lt;/notifRecordID&gt;&lt;descriptionDefined&gt;OP040 - RH Torque Bolt 3&lt;/descriptionDefined&gt;&lt;nameDefined&gt;RH_Torque_Bolt_3&lt;/nameDefined&gt;&lt;operationName&gt;VWC_FINASSY_OP040&lt;/operationName&gt;&lt;CreatedOn&gt;2016-10-08 12:23:52&lt;/CreatedOn&gt;&lt;/Row&gt;&lt;Row&gt;&lt;serialNumber&gt;10023376B006E&lt;/serialNumber&gt;&lt;uom&gt;NM&lt;/uom&gt;&lt;notifTagValue&gt;81.4000&lt;/notifTagValue&gt;&lt;notifTagID&gt;385&lt;/notifTagID&gt;&lt;notifRecordID&gt;263668&lt;/notifRecordID&gt;&lt;descriptionDefined&gt;OP040 - LH Torque Bolt 1&lt;/descriptionDefined&gt;&lt;nameDefined&gt;LH_Torque_Bolt_1&lt;/nameDefined&gt;&lt;operationName&gt;VWC_FINASSY_OP040&lt;/operationName&gt;&lt;CreatedOn&gt;2016-10-08 12:23:52&lt;/CreatedOn&gt;&lt;/Row&gt;&lt;Row&gt;&lt;serialNumber&gt;10023376B006E&lt;/serialNumber&gt;&lt;uom&gt;NM&lt;/uom&gt;&lt;notifTagValue&gt;81.4199&lt;/notifTagValue&gt;&lt;notifTagID&gt;393&lt;/notifTagID&gt;&lt;notifRecordID&gt;263668&lt;/notifRecordID&gt;&lt;descriptionDefined&gt;OP040 - RH Torque Bolt 1&lt;/descriptionDefined&gt;&lt;nameDefined&gt;RH_Torque_Bolt_1&lt;/nameDefined&gt;&lt;operationName&gt;VWC_FINASSY_OP040&lt;/operationName&gt;&lt;CreatedOn&gt;2016-10-08 12:23:52&lt;/CreatedOn&gt;&lt;/Row&gt;&lt;Row&gt;&lt;serialNumber&gt;10023376B006E&lt;/serialNumber&gt;&lt;uom&gt;DEG&lt;/uom&gt;&lt;notifTagValue&gt;11.9499&lt;/notifTagValue&gt;&lt;notifTagID&gt;403&lt;/notifTagID&gt;&lt;notifRecordID&gt;263672&lt;/notifRecordID&gt;&lt;descriptionDefined&gt;OP070 - LH Angle Nut 2&lt;/descriptionDefined&gt;&lt;nameDefined&gt;LH_Angle_Nut_2&lt;/nameDefined&gt;&lt;operationName&gt;VWC_FINASSY_OP070&lt;/operationName&gt;&lt;CreatedOn&gt;2016-10-08 12:31:45&lt;/CreatedOn&gt;&lt;/Row&gt;&lt;Row&gt;&lt;serialNumber&gt;10023376B006E&lt;/serialNumber&gt;&lt;uom&gt;DEG&lt;/uom&gt;&lt;notifTagValue&gt;12.1000&lt;/notifTagValue&gt;&lt;notifTagID&gt;402&lt;/notifTagID&gt;&lt;notifRecordID&gt;263672&lt;/notifRecordID&gt;&lt;descriptionDefined&gt;OP070 - LH Angle Nut 1&lt;/descriptionDefined&gt;&lt;nameDefined&gt;LH_Angle_Nut_1&lt;/nameDefined&gt;&lt;operationName&gt;VWC_FINASSY_OP070&lt;/operationName&gt;&lt;CreatedOn&gt;2016-10-08 12:31:45&lt;/CreatedOn&gt;&lt;/Row&gt;&lt;Row&gt;&lt;serialNumber&gt;10023376B006E&lt;/serialNumber&gt;&lt;uom&gt;DEG&lt;/uom&gt;&lt;notifTagValue&gt;26.6100&lt;/notifTagValue&gt;&lt;notifTagID&gt;399&lt;/notifTagID&gt;&lt;notifRecordID&gt;263672&lt;/notifRecordID&gt;&lt;descriptionDefined&gt;OP070 - LH Angle Bolt 3&lt;/descriptionDefined&gt;&lt;nameDefined&gt;LH_Angle_Bolt_3&lt;/nameDefined&gt;&lt;operationName&gt;VWC_FINASSY_OP070&lt;/operationName&gt;&lt;CreatedOn&gt;2016-10-08 12:31:45&lt;/CreatedOn&gt;&lt;/Row&gt;&lt;Row&gt;&lt;serialNumber&gt;10023376B006E&lt;/serialNumber&gt;&lt;uom&gt;DEG&lt;/uom&gt;&lt;notifTagValue&gt;34.0999&lt;/notifTagValue&gt;&lt;notifTagID&gt;397&lt;/notifTagID&gt;&lt;notifRecordID&gt;263672&lt;/notifRecordID&gt;&lt;descriptionDefined&gt;OP070 - LH Angle Bolt 1&lt;/descriptionDefined&gt;&lt;nameDefined&gt;LH_Angle_Bolt_1&lt;/nameDefined&gt;&lt;operationName&gt;VWC_FINASSY_OP070&lt;/operationName&gt;&lt;CreatedOn&gt;2016-10-08 12:31:45&lt;/CreatedOn&gt;&lt;/Row&gt;&lt;Row&gt;&lt;serialNumber&gt;10023376B006E&lt;/serialNumber&gt;&lt;uom&gt;DEG&lt;/uom&gt;&lt;notifTagValue&gt;34.9500&lt;/notifTagValue&gt;&lt;notifTagID&gt;400&lt;/notifTagID&gt;&lt;notifRecordID&gt;263672&lt;/notifRecordID&gt;&lt;descriptionDefined&gt;OP070 - LH Angle Bolt 4&lt;/descriptionDefined&gt;&lt;nameDefined&gt;LH_Angle_Bolt_4&lt;/nameDefined&gt;&lt;operationName&gt;VWC_FINASSY_OP070&lt;/operationName&gt;&lt;CreatedOn&gt;2016-10-08 12:31:45&lt;/CreatedOn&gt;&lt;/Row&gt;&lt;Row&gt;&lt;serialNumber&gt;10023376B006E&lt;/serialNumber&gt;&lt;uom&gt;DEG&lt;/uom&gt;&lt;notifTagValue&gt;39.7799&lt;/notifTagValue&gt;&lt;notifTagID&gt;398&lt;/notifTagID&gt;&lt;notifRecordID&gt;263672&lt;/notifRecordID&gt;&lt;descriptionDefined&gt;OP070 - LH Angle Bolt 2&lt;/descriptionDefined&gt;&lt;nameDefined&gt;LH_Angle_Bolt_2&lt;/nameDefined&gt;&lt;operationName&gt;VWC_FINASSY_OP070&lt;/operationName&gt;&lt;CreatedOn&gt;2016-10-08 12:31:45&lt;/CreatedOn&gt;&lt;/Row&gt;&lt;Row&gt;&lt;serialNumber&gt;10023376B006E&lt;/serialNumber&gt;&lt;uom&gt;DEG&lt;/uom&gt;&lt;notifTagValue&gt;39.7799&lt;/notifTagValue&gt;&lt;notifTagID&gt;401&lt;/notifTagID&gt;&lt;notifRecordID&gt;263672&lt;/notifRecordID&gt;&lt;descriptionDefined&gt;OP070 - LH Angle Bolt 2&lt;/descriptionDefined&gt;&lt;nameDefined&gt;LH_Angle_Bolt_6&lt;/nameDefined&gt;&lt;operationName&gt;VWC_FINASSY_OP070&lt;/operationName&gt;&lt;CreatedOn&gt;2016-10-08 12:31:45&lt;/CreatedOn&gt;&lt;/Row&gt;&lt;Row&gt;&lt;serialNumber&gt;10023376B006E&lt;/serialNumber&gt;&lt;uom&gt;NM&lt;/uom&gt;&lt;notifTagValue&gt;25.4599&lt;/notifTagValue&gt;&lt;notifTagID&gt;409&lt;/notifTagID&gt;&lt;notifRecordID&gt;263672&lt;/notifRecordID&gt;&lt;descriptionDefined&gt;OP070 - LH Torque Nut 1&lt;/descriptionDefined&gt;&lt;nameDefined&gt;LH_Torque_Nut_1&lt;/nameDefined&gt;&lt;operationName&gt;VWC_FINASSY_OP070&lt;/operationName&gt;&lt;CreatedOn&gt;2016-10-08 12:31:45&lt;/CreatedOn&gt;&lt;/Row&gt;&lt;Row&gt;&lt;serialNumber&gt;10023376B006E&lt;/serialNumber&gt;&lt;uom&gt;NM&lt;/uom&gt;&lt;notifTagValue&gt;25.6100&lt;/notifTagValue&gt;&lt;notifTagID&gt;410&lt;/notifTagID&gt;&lt;notifRecordID&gt;263672&lt;/notifRecordID&gt;&lt;descriptionDefined&gt;OP070 - LH Torque Nut 2&lt;/descriptionDefined&gt;&lt;nameDefined&gt;LH_Torque_Nut_2&lt;/nameDefined&gt;&lt;operationName&gt;VWC_FINASSY_OP070&lt;/operationName&gt;&lt;CreatedOn&gt;2016-10-08 12:31:45&lt;/CreatedOn&gt;&lt;/Row&gt;&lt;Row&gt;&lt;serialNumber&gt;10023376B006E&lt;/serialNumber&gt;&lt;uom&gt;NM&lt;/uom&gt;&lt;notifTagValue&gt;51.0999&lt;/notifTagValue&gt;&lt;notifTagID&gt;407&lt;/notifTagID&gt;&lt;notifRecordID&gt;263672&lt;/notifRecordID&gt;&lt;descriptionDefined&gt;OP070 - LH Torque Bolt 4&lt;/descriptionDefined&gt;&lt;nameDefined&gt;LH_Torque_Bolt_4&lt;/nameDefined&gt;&lt;operationName&gt;VWC_FINASSY_OP070&lt;/operationName&gt;&lt;CreatedOn&gt;2016-10-08 12:31:45&lt;/CreatedOn&gt;&lt;/Row&gt;&lt;Row&gt;&lt;serialNumber&gt;10023376B006E&lt;/serialNumber&gt;&lt;uom&gt;NM&lt;/uom&gt;&lt;notifTagValue&gt;51.2099&lt;/notifTagValue&gt;&lt;notifTagID&gt;404&lt;/notifTagID&gt;&lt;notifRecordID&gt;263672&lt;/notifRecordID&gt;&lt;descriptionDefined&gt;OP070 - LH Torque Bolt 1&lt;/descriptionDefined&gt;&lt;nameDefined&gt;LH_Torque_Bolt_1&lt;/nameDefined&gt;&lt;operationName&gt;VWC_FINASSY_OP070&lt;/operationName&gt;&lt;CreatedOn&gt;2016-10-08 12:31:45&lt;/CreatedOn&gt;&lt;/Row&gt;&lt;Row&gt;&lt;serialNumber&gt;10023376B006E&lt;/serialNumber&gt;&lt;uom&gt;NM&lt;/uom&gt;&lt;notifTagValue&gt;51.25&lt;/notifTagValue&gt;&lt;notifTagID&gt;405&lt;/notifTagID&gt;&lt;notifRecordID&gt;263672&lt;/notifRecordID&gt;&lt;descriptionDefined&gt;OP070 - LH Torque Bolt 2&lt;/descriptionDefined&gt;&lt;nameDefined&gt;LH_Torque_Bolt_2&lt;/nameDefined&gt;&lt;operationName&gt;VWC_FINASSY_OP070&lt;/operationName&gt;&lt;CreatedOn&gt;2016-10-08 12:31:45&lt;/CreatedOn&gt;&lt;/Row&gt;&lt;Row&gt;&lt;serialNumber&gt;10023376B006E&lt;/serialNumber&gt;&lt;uom&gt;NM&lt;/uom&gt;&lt;notifTagValue&gt;51.25&lt;/notifTagValue&gt;&lt;notifTagID&gt;408&lt;/notifTagID&gt;&lt;notifRecordID&gt;263672&lt;/notifRecordID&gt;&lt;descriptionDefined&gt;OP070 - LH Torque Bolt 2&lt;/descriptionDefined&gt;&lt;nameDefined&gt;LH_Torque_Bolt_6&lt;/nameDefined&gt;&lt;operationName&gt;VWC_FINASSY_OP070&lt;/operationName&gt;&lt;CreatedOn&gt;2016-10-08 12:31:45&lt;/CreatedOn&gt;&lt;/Row&gt;&lt;Row&gt;&lt;serialNumber&gt;10023376B006E&lt;/serialNumber&gt;&lt;uom&gt;NM&lt;/uom&gt;&lt;notifTagValue&gt;51.4599&lt;/notifTagValue&gt;&lt;notifTagID&gt;406&lt;/notifTagID&gt;&lt;notifRecordID&gt;263672&lt;/notifRecordID&gt;&lt;descriptionDefined&gt;OP070 - LH Torque Bolt 3&lt;/descriptionDefined&gt;&lt;nameDefined&gt;LH_Torque_Bolt_3&lt;/nameDefined&gt;&lt;operationName&gt;VWC_FINASSY_OP070&lt;/operationName&gt;&lt;CreatedOn&gt;2016-10-08 12:31:45&lt;/CreatedOn&gt;&lt;/Row&gt;&lt;Row&gt;&lt;serialNumber&gt;10023376B006E&lt;/serialNumber&gt;&lt;uom&gt;SCCM&lt;/uom&gt;&lt;notifTagValue&gt;-10.0001&lt;/notifTagValue&gt;&lt;notifTagID&gt;412&lt;/notifTagID&gt;&lt;notifRecordID&gt;263673&lt;/notifRecordID&gt;&lt;descriptionDefined&gt;OP080 - LLQ Low Limit Leak (sccm)&lt;/descriptionDefined&gt;&lt;nameDefined&gt;LLQ_Low_Limit_Leak&lt;/nameDefined&gt;&lt;operationName&gt;VWC_FINASSY_OP080&lt;/operationName&gt;&lt;CreatedOn&gt;2016-10-08 12:33:49&lt;/CreatedOn&gt;&lt;/Row&gt;&lt;Row&gt;&lt;serialNumber&gt;10023376B006E&lt;/serialNumber&gt;&lt;uom&gt;SCCM&lt;/uom&gt;&lt;notifTagValue&gt;1.6897&lt;/notifTagValue&gt;&lt;notifTagID&gt;413&lt;/notifTagID&gt;&lt;notifRecordID&gt;263673&lt;/notifRecordID&gt;&lt;descriptionDefined&gt;OP080 - LR Leak Rate (sccm)&lt;/descriptionDefined&gt;&lt;nameDefined&gt;LR_Leak_Rate&lt;/nameDefined&gt;&lt;operationName&gt;VWC_FINASSY_OP080&lt;/operationName&gt;&lt;CreatedOn&gt;2016-10-08 12:33:49&lt;/CreatedOn&gt;&lt;/Row&gt;&lt;Row&gt;&lt;serialNumber&gt;10023376B006E&lt;/serialNumber&gt;&lt;uom&gt;SCCM&lt;/uom&gt;&lt;notifTagValue&gt;29.9999&lt;/notifTagValue&gt;&lt;notifTagID&gt;411&lt;/notifTagID&gt;&lt;notifRecordID&gt;263673&lt;/notifRecordID&gt;&lt;descriptionDefined&gt;OP080 - HLQ High Limit Leak (sccm)&lt;/descriptionDefined&gt;&lt;nameDefined&gt;HLQ_High_Limit_Leak&lt;/nameDefined&gt;&lt;operationName&gt;VWC_FINASSY_OP080&lt;/operationName&gt;&lt;CreatedOn&gt;2016-10-08 12:33:49&lt;/CreatedOn&gt;&lt;/Row&gt;&lt;Row&gt;&lt;serialNumber&gt;10023376B006E&lt;/serialNumber&gt;&lt;uom&gt;DEG&lt;/uom&gt;&lt;notifTagValue/&gt;&lt;notifTagID&gt;415&lt;/notifTagID&gt;&lt;notifRecordID&gt;263675&lt;/notifRecordID&gt;&lt;descriptionDefined&gt;OP090 - LH Angle Bolt 1&lt;/descriptionDefined&gt;&lt;nameDefined&gt;LH_Angle_Bolt_1&lt;/nameDefined&gt;&lt;operationName&gt;VWC_FINASSY_OP090&lt;/operationName&gt;&lt;CreatedOn&gt;2016-10-08 12:40:14&lt;/CreatedOn&gt;&lt;/Row&gt;&lt;Row&gt;&lt;serialNumber&gt;10023376B006E&lt;/serialNumber&gt;&lt;uom&gt;MLL&lt;/uom&gt;&lt;notifTagValue/&gt;&lt;notifTagID&gt;414&lt;/notifTagID&gt;&lt;notifRecordID&gt;263675&lt;/notifRecordID&gt;&lt;descriptionDefined&gt;OP090 - Haldex Oil Fill Quantity (mL)&lt;/descriptionDefined&gt;&lt;nameDefined&gt;Haldex_Oil_Fill_Quantity&lt;/nameDefined&gt;&lt;operationName&gt;VWC_FINASSY_OP090&lt;/operationName&gt;&lt;CreatedOn&gt;2016-10-08 12:40:14&lt;/CreatedOn&gt;&lt;/Row&gt;&lt;Row&gt;&lt;serialNumber&gt;10023376B006E&lt;/serialNumber&gt;&lt;uom&gt;NM&lt;/uom&gt;&lt;notifTagValue/&gt;&lt;notifTagID&gt;416&lt;/notifTagID&gt;&lt;notifRecordID&gt;263675&lt;/notifRecordID&gt;&lt;descriptionDefined&gt;OP090 - LH Torque Bolt 1&lt;/descriptionDefined&gt;&lt;nameDefined&gt;LH_Torque_Bolt_1&lt;/nameDefined&gt;&lt;operationName&gt;VWC_FINASSY_OP090&lt;/operationName&gt;&lt;CreatedOn&gt;2016-10-08 12:40:14&lt;/CreatedOn&gt;&lt;/Row&gt;&lt;Row&gt;&lt;serialNumber&gt;10023376B006E&lt;/serialNumber&gt;&lt;uom&gt;SCCM&lt;/uom&gt;&lt;notifTagValue&gt;-10.0001&lt;/notifTagValue&gt;&lt;notifTagID&gt;418&lt;/notifTagID&gt;&lt;notifRecordID&gt;263678&lt;/notifRecordID&gt;&lt;descriptionDefined&gt;OP100 - LLQ Low Limit Leak (sccm)&lt;/descriptionDefined&gt;&lt;nameDefined&gt;LLQ_Low_Limit_Leak&lt;/nameDefined&gt;&lt;operationName&gt;VWC_FINASSY_OP100&lt;/operationName&gt;&lt;CreatedOn&gt;2016-10-08 12:51:49&lt;/CreatedOn&gt;&lt;/Row&gt;&lt;Row&gt;&lt;serialNumber&gt;10023376B006E&lt;/serialNumber&gt;&lt;uom&gt;SCCM&lt;/uom&gt;&lt;notifTagValue&gt;29.9999&lt;/notifTagValue&gt;&lt;notifTagID&gt;417&lt;/notifTagID&gt;&lt;notifRecordID&gt;263678&lt;/notifRecordID&gt;&lt;descriptionDefined&gt;OP100 - HLQ High Limit Leak (sccm)&lt;/descriptionDefined&gt;&lt;nameDefined&gt;HLQ_High_Limit_Leak&lt;/nameDefined&gt;&lt;operationName&gt;VWC_FINASSY_OP100&lt;/operationName&gt;&lt;CreatedOn&gt;2016-10-08 12:51:49&lt;/CreatedOn&gt;&lt;/Row&gt;&lt;Row&gt;&lt;serialNumber&gt;10023376B006E&lt;/serialNumber&gt;&lt;uom&gt;SCCM&lt;/uom&gt;&lt;notifTagValue&gt;7.5694&lt;/notifTagValue&gt;&lt;notifTagID&gt;419&lt;/notifTagID&gt;&lt;notifRecordID&gt;263678&lt;/notifRecordID&gt;&lt;descriptionDefined&gt;OP100 - LR Leak Rate (sccm)&lt;/descriptionDefined&gt;&lt;nameDefined&gt;LR_Leak_Rate&lt;/nameDefined&gt;&lt;operationName&gt;VWC_FINASSY_OP100&lt;/operationName&gt;&lt;CreatedOn&gt;2016-10-08 12:51:49&lt;/CreatedOn&gt;&lt;/Row&gt;&lt;Row&gt;&lt;serialNumber&gt;10023376B006E&lt;/serialNumber&gt;&lt;uom&gt;DEG&lt;/uom&gt;&lt;notifTagValue&gt;11.25&lt;/notifTagValue&gt;&lt;notifTagID&gt;421&lt;/notifTagID&gt;&lt;notifRecordID&gt;263679&lt;/notifRecordID&gt;&lt;descriptionDefined&gt;OP110 - LH Angle Bolt 1&lt;/descriptionDefined&gt;&lt;nameDefined&gt;LH_Angle_Bolt_1&lt;/nameDefined&gt;&lt;operationName&gt;VWC_FINASSY_OP110&lt;/operationName&gt;&lt;CreatedOn&gt;2016-10-08 12:54:42&lt;/CreatedOn&gt;&lt;/Row&gt;&lt;Row&gt;&lt;serialNumber&gt;10023376B006E&lt;/serialNumber&gt;&lt;uom&gt;MLL&lt;/uom&gt;&lt;notifTagValue&gt;1004.0499&lt;/notifTagValue&gt;&lt;notifTagID&gt;420&lt;/notifTagID&gt;&lt;notifRecordID&gt;263679&lt;/notifRecordID&gt;&lt;descriptionDefined&gt;OP110 - Axle cavity Oil Fill Quantity (mL)&lt;/descriptionDefined&gt;&lt;nameDefined&gt;Axle_Cavity_Oil_Fill_Quantity&lt;/nameDefined&gt;&lt;operationName&gt;VWC_FINASSY_OP110&lt;/operationName&gt;&lt;CreatedOn&gt;2016-10-08 12:54:42&lt;/CreatedOn&gt;&lt;/Row&gt;&lt;Row&gt;&lt;serialNumber&gt;10023376B006E&lt;/serialNumber&gt;&lt;uom&gt;NM&lt;/uom&gt;&lt;notifTagValue&gt;29.6299&lt;/notifTagValue&gt;&lt;notifTagID&gt;422&lt;/notifTagID&gt;&lt;notifRecordID&gt;263679&lt;/notifRecordID&gt;&lt;descriptionDefined&gt;OP110 - LH Torque Bolt 1&lt;/descriptionDefined&gt;&lt;nameDefined&gt;LH_Torque_Bolt_1&lt;/nameDefined&gt;&lt;operationName&gt;VWC_FINASSY_OP110&lt;/operationName&gt;&lt;CreatedOn&gt;2016-10-08 12:54:42&lt;/CreatedOn&gt;&lt;/Row&gt;&lt;/Rowset&gt;&lt;/Rowsets&gt;</Results><TagList/></Value><SchemaURI/><SchemaElement/><ValidateXMLOnExecution>1</ValidateXMLOnExecution><ReadOnly>false</ReadOnly><AlertXMLAssigned>false</AlertXMLAssigned></ContextItem><ContextItem><Name>AssignResult</Name><Description/><MinRange>0</MinRange><MaxRange>0</MaxRange><Value xsi:type="Assignment"/><ReadOnly>false</ReadOnly><AlertXMLAssigned>false</AlertXMLAssigned></ContextItem><ContextItem><Name>ShowXML</Name><Description/><MinRange>0</MinRange><MaxRange>0</MaxRange><Value xsi:type="Tracer"><Message/><Level>INFO</Level></Value><ReadOnly>false</ReadOnly><AlertXMLAssigned>false</AlertXMLAssigned></ContextItem><ContextItem><Name>AssignDefault</Name><Description/><MinRange>0</MinRange><MaxRange>0</MaxRange><Value xsi:type="Assignment"/><ReadOnly>false</ReadOnly><AlertXMLAssigned>false</AlertXMLAssigned></ContextItem><ContextItem><Name>ShowDefault</Name><Description/><MinRange>0</MinRange><MaxRange>0</MaxRange><Value xsi:type="Tracer"><Message/><Level>INFO</Level></Value><ReadOnly>false</ReadOnly><AlertXMLAssigned>false</AlertXMLAssigned></ContextItem><ContextItem><Name>SUCCESS</Name><Description/><MinRange>0</MinRange><MaxRange>0</MaxRange><Value xsi:type="ConditionalAction"><Output>false</Output><InputCount>1</InputCount><LogicalAnd>false</LogicalAnd><Input1>false</Input1></Value><ReadOnly>false</ReadOnly><AlertXMLAssigned>false</AlertXMLAssigned></ContextItem><ContextItem><Name>AssignError</Name><Description/><MinRange>0</MinRange><MaxRange>0</MaxRange><Value xsi:type="Assignment"/><ReadOnly>false</ReadOnly><AlertXMLAssigned>false</AlertXMLAssigned></ContextItem><ContextItem><Name>ShowError</Name><Description/><MinRange>0</MinRange><MaxRange>0</MaxRange><Value xsi:type="Tracer"><Message/><Level>INFO</Level></Value><ReadOnly>false</ReadOnly><AlertXMLAssigned>false</AlertXMLAssigned></ContextItem><ContextItem><Name>EmptySet</Name><Description/><MinRange>0</MinRange><MaxRange>0</MaxRange><Value xsi:type="Assignment"/><ReadOnly>false</ReadOnly><AlertXMLAssigned>false</AlertXMLAssigned></ContextItem><ContextItem><Name>ShowEmpty</Name><Description/><MinRange>0</MinRange><MaxRange>0</MaxRange><Value xsi:type="Tracer"><Message/><Level>INFO</Level></Value><ReadOnly>false</ReadOnly><AlertXMLAssigned>false</AlertXMLAssigned></ContextItem><ContextItem><Name>NotEmpty</Name><Description/><MinRange>0</MinRange><MaxRange>0</MaxRange><Value xsi:type="ConditionalAction"><Output>false</Output><InputCount>1</InputCount><LogicalAnd>false</LogicalAnd><Input1>false</Input1></Value><ReadOnly>false</ReadOnly><AlertXMLAssigned>false</AlertXMLAssigned></ContextItem><ContextItem><Name>Rowset_Ready</Name><Description/><MinRange>0</MinRange><MaxRange>0</MaxRange><Value xsi:type="ConditionalAction"><Output>false</Output><InputCount>1</InputCount><LogicalAnd>false</LogicalAnd><Input1>false</Input1></Value><ReadOnly>false</ReadOnly><AlertXMLAssigned>false</AlertXMLAssigned></ContextItem><ContextItem><Name>NoMailNeeded</Name><Description/><MinRange>0</MinRange><MaxRange>0</MaxRange><Value xsi:type="Tracer"><Message/><Level>INFO</Level></Value><ReadOnly>false</ReadOnly><AlertXMLAssigned>false</AlertXMLAssigned></ContextItem><ContextItem><Name>RepeatOnRow</Name><Description/><MinRange>0</MinRange><MaxRange>0</MaxRange><Value xsi:type="RepeaterAction"><Output><ReferenceDocumentSource/>&lt;?xml version="1.0" encoding="UTF-8"?&gt;&lt;Row&gt;&lt;serialNumber&gt;10023376B006E&lt;/serialNumber&gt;&lt;uom&gt;NONE&lt;/uom&gt;&lt;notifTagValue&gt;0&lt;/notifTagValue&gt;&lt;notifTagID&gt;318&lt;/notifTagID&gt;&lt;notifRecordID&gt;263617&lt;/notifRecordID&gt;&lt;descriptionDefined&gt;OP010 - Pinion Head Thickness (After Offset)&lt;/descriptionDefined&gt;&lt;nameDefined&gt;Pinion_Head_Thickness&lt;/nameDefined&gt;&lt;operationName&gt;VWC_SUBASSY_OP010&lt;/operationName&gt;&lt;CreatedOn&gt;2016-10-08 08:15:43&lt;/CreatedOn&gt;&lt;/Row&gt;</Output><Break>false</Break><ItemCount>0</ItemCount><CurrentItem>0</CurrentItem><Source>RunQuery.Results{/Rowsets/Rowset/Row}</Source><Item><ReferenceDocumentSource/>&lt;?xml version="1.0" encoding="UTF-8"?&gt;&lt;Row&gt;&lt;serialNumber&gt;10023376B006E&lt;/serialNumber&gt;&lt;uom&gt;NONE&lt;/uom&gt;&lt;notifTagValue&gt;0&lt;/notifTagValue&gt;&lt;notifTagID&gt;318&lt;/notifTagID&gt;&lt;notifRecordID&gt;263617&lt;/notifRecordID&gt;&lt;descriptionDefined&gt;OP010 - Pinion Head Thickness (After Offset)&lt;/descriptionDefined&gt;&lt;nameDefined&gt;Pinion_Head_Thickness&lt;/nameDefined&gt;&lt;operationName&gt;VWC_SUBASSY_OP010&lt;/operationName&gt;&lt;CreatedOn&gt;2016-10-08 08:15:43&lt;/CreatedOn&gt;&lt;/Row&gt;</Item></Value><SchemaURI/><SchemaElement/><ValidateXMLOnExecution>1</ValidateXMLOnExecution><SchemaURI/><SchemaElement/><ValidateXMLOnExecution>1</ValidateXMLOnExecution><ReadOnly>false</ReadOnly><AlertXMLAssigned>false</AlertXMLAssigned></ContextItem><ContextItem><Name>AssignHTML_Hdr</Name><Description/><MinRange>0</MinRange><MaxRange>0</MaxRange><Value xsi:type="Assignment"/><ReadOnly>false</ReadOnly><AlertXMLAssigned>false</AlertXMLAssigned></ContextItem><ContextItem><Name>AssignHTML_Ftr</Name><Description/><MinRange>0</MinRange><MaxRange>0</MaxRange><Value xsi:type="Assignment"/><ReadOnly>false</ReadOnly><AlertXMLAssigned>false</AlertXMLAssigned></ContextItem><ContextItem><Name>ShowHTML</Name><Description/><MinRange>0</MinRange><MaxRange>0</MaxRange><Value xsi:type="Tracer"><Message/><Level>INFO</Level></Value><ReadOnly>false</ReadOnly><AlertXMLAssigned>false</AlertXMLAssigned></ContextItem><ContextItem><Name>FirstRow</Name><Description/><MinRange>0</MinRange><MaxRange>0</MaxRange><Value xsi:type="ConditionalAction"><Output>false</Output><InputCount>1</InputCount><LogicalAnd>false</LogicalAnd><Input1>false</Input1></Value><ReadOnly>false</ReadOnly><AlertXMLAssigned>false</AlertXMLAssigned></ContextItem><ContextItem><Name>AssignPlantHdr</Name><Description/><MinRange>0</MinRange><MaxRange>0</MaxRange><Value xsi:type="Assignment"/><ReadOnly>false</ReadOnly><AlertXMLAssigned>false</AlertXMLAssigned></ContextItem><ContextItem><Name>FIX_bgColor</Name><Description/><MinRange>0</MinRange><MaxRange>0</MaxRange><Value xsi:type="ConditionalAction"><Output>false</Output><InputCount>1</InputCount><LogicalAnd>false</LogicalAnd><Input1>false</Input1></Value><ReadOnly>false</ReadOnly><AlertXMLAssigned>false</AlertXMLAssigned></ContextItem><ContextItem><Name>AssignFFFFFF</Name><Description/><MinRange>0</MinRange><MaxRange>0</MaxRange><Value xsi:type="Assignment"/><ReadOnly>false</ReadOnly><AlertXMLAssigned>false</AlertXMLAssigned></ContextItem><ContextItem><Name>AssignEFEFEF</Name><Description/><MinRange>0</MinRange><MaxRange>0</MaxRange><Value xsi:type="Assignment"/><ReadOnly>false</ReadOnly><AlertXMLAssigned>false</AlertXMLAssigned></ContextItem><ContextItem><Name>SendMail</Name><Description/><MinRange>0</MinRange><MaxRange>0</MaxRange><Value xsi:type="TransactionCall"><ResetState>false</ResetState><TransactionName>MESM/REPORTS/TRANSACTIONS/SendMail</TransactionName><Async>false</Async><Persist>INHERIT</Persist><LogLevel>INHERIT</LogLevel><LogType>INHERIT</LogType><StoreTransactionOutput>false</StoreTransactionOutput><Expiration>-1</Expiration><mailAttachment/><mailMessage>&lt;b&gt; TEST MESSAGE BOLD &lt;/b&gt;</mailMessage><mailSubject>SAPMII15 says :  MESSAGE</mailSubject><ToAddress>Alerts.Miiukbir@dana.com</ToAddress></Value><ReadOnly>false</ReadOnly><AlertXMLAssigned>false</AlertXMLAssigned></ContextItem><ContextItem><Name>ShowMessage</Name><Description/><MinRange>0</MinRange><MaxRange>0</MaxRange><Value xsi:type="Tracer"><Message/><Level>INFO</Level></Value><ReadOnly>false</ReadOnly><AlertXMLAssigned>false</AlertXMLAssigned></ContextItem><ContextItem><Name>Exception_Enabler_1</Name><Description/><MinRange>0</MinRange><MaxRange>0</MaxRange><Value xsi:type="ExceptionEnabler"><EnableActionExceptions>true</EnableActionExceptions><EnableLinkExceptions>true</EnableLinkExceptions></Value><ReadOnly>false</ReadOnly><AlertXMLAssigned>false</AlertXMLAssigned></ContextItem><ContextItem><Name>Catch_1</Name><Description/><MinRange>0</MinRange><MaxRange>0</MaxRange><Value xsi:type="CatchAction"/><ReadOnly>false</ReadOnly><AlertXMLAssigned>false</AlertXMLAssigned></ContextItem><ContextItem><Name>ShowCatch_1</Name><Description/><MinRange>0</MinRange><MaxRange>0</MaxRange><Value xsi:type="Tracer"><Message/><Level>INFO</Level></Value><ReadOnly>false</ReadOnly><AlertXMLAssigned>false</AlertXMLAssigned></ContextItem><ContextItem><Name>AssignOUT</Name><Description/><MinRange>0</MinRange><MaxRange>0</MaxRange><Value xsi:type="Assignment"/><ReadOnly>false</ReadOnly><AlertXMLAssigned>false</AlertXMLAssigned></ContextItem><ContextItem><Name>NotTableHDR</Name><Description/><MinRange>0</MinRange><MaxRange>0</MaxRange><Value xsi:type="Tracer"><Message/><Level>INFO</Level></Value><ReadOnly>false</ReadOnly><AlertXMLAssigned>false</AlertXMLAssigned></ContextItem><ContextItem><Name>AssignDataVal</Name><Description/><MinRange>0</MinRange><MaxRange>0</MaxRange><Value xsi:type="Assignment"/><ReadOnly>false</ReadOnly><AlertXMLAssigned>false</AlertXMLAssigned></ContextItem><ContextItem><Name>LastRow</Name><Description/><MinRange>0</MinRange><MaxRange>0</MaxRange><Value xsi:type="ConditionalAction"><Output>false</Output><InputCount>1</InputCount><LogicalAnd>false</LogicalAnd><Input1>false</Input1></Value><ReadOnly>false</ReadOnly><AlertXMLAssigned>false</AlertXMLAssigned></ContextItem><ContextItem><Name>AssignTableFooter</Name><Description/><MinRange>0</MinRange><MaxRange>0</MaxRange><Value xsi:type="Assignment"/><ReadOnly>false</ReadOnly><AlertXMLAssigned>false</AlertXMLAssigned></ContextItem></Actions><ReaderRoles>SAP_XMII_Super_Administrator,SAP_XMII_Administrator,SAP_XMII_Developer,SAP_XMII_User</ReaderRoles><Steps><Step xsi:type="ActionSequence"><Name>Sequence</Name><Description/><Steps><Step xsi:type="ActionSequence"><Name>Sequence_0</Name><Description/><Steps><Step xsi:type="ActionSequence"><Name>Sequence_1</Name><Description/><Steps><Step xsi:type="ActionSequence"><Name>Sequence_2</Name><Description/><Steps><Step xsi:type="ActionSequence"><Name>Sequence_3</Name><Description/><Steps><Step xsi:type="Conditional"><Name>Sequence_10</Name><Description/><Steps><Step xsi:type="Conditional"><Name>Sequence_11</Name><Description/><Steps><Step xsi:type="ActionSequence"><Name>Sequence_6</Name><Description/><Steps><Step xsi:type="ActionSequence"><Name>Sequence_7</Name><Description/><Steps/><Actions><Action><Name>ShowXML</Name><Description> </Description><IncomingLinks><Assign xsi:type="Assign"><Name/><Description/><To>ShowXML.Message</To><From>Transaction.XML_RESULT</From></Assign></IncomingLinks><OutgoingLinks/></Action></Actions></Step></Steps><Actions><Action><Name>AssignResult</Name><Description> </Description><IncomingLinks/><OutgoingLinks><Assign xsi:type="AssignXml"><Name/><Description/><To>Transaction.XML_RESULT</To><From>RunQuery.Results</From></Assign></OutgoingLinks></Action></Actions></Step><Step xsi:type="ActionSequence"><Name>Sequence_14</Name><Description/><Steps><Step xsi:type="ActionSequence"><Name>Sequence_15</Name><Description/><Steps/><Actions><Action><Name>ShowEmpty</Name><Description> </Description><IncomingLinks><Assign xsi:type="Assign"><Name/><Description/><To>ShowEmpty.Message</To><From>Transaction.XML_RESULT</From></Assign></IncomingLinks><OutgoingLinks/></Action></Actions></Step></Steps><Actions><Action><Name>EmptySet</Name><Description> </Description><IncomingLinks/><OutgoingLinks><Assign xsi:type="Assign"><Name/><Description/><To>Local.DefaultResult{/Rowsets/Rowset/Message}</To><From>"No data returned for current parameter selection .."</From></Assign><Assign xsi:type="AssignXml"><Name/><Description/><To>Transaction.XML_RESULT</To><From>Local.DefaultResult</From></Assign></OutgoingLinks></Action></Actions></Step></Steps><Actions><Action><Name>NotEmpty</Name><Description> </Description><IncomingLinks><Assign xsi:type="Assign"><Name/><Description/><To>NotEmpty.Input1</To><From>if(RunQuery.Results{count(/Rowsets/Rowset/Row)}&gt;0,1,0)</From></Assign></IncomingLinks><OutgoingLinks/></Action></Actions></Step><Step xsi:type="ActionSequence"><Name>Sequence_12</Name><Description/><Steps><Step xsi:type="ActionSequence"><Name>Sequence_13</Name><Description/><Steps/><Actions><Action><Name>ShowError</Name><Description> </Description><IncomingLinks><Assign xsi:type="Assign"><Name/><Description/><To>ShowError.Message</To><From>Transaction.XML_RESULT</From></Assign></IncomingLinks><OutgoingLinks/></Action></Actions></Step></Steps><Actions><Action><Name>AssignError</Name><Description> </Description><IncomingLinks/><OutgoingLinks><Assign xsi:type="Assign"><Name/><Description/><To>Local.DefaultResult{/Rowsets/Rowset/Message}</To><From>RunQuery.LastErrorMessage</From></Assign><Assign xsi:type="AssignXml"><Name/><Description/><To>Transaction.XML_RESULT</To><From>Local.DefaultResult</From></Assign></OutgoingLinks></Action></Actions></Step></Steps><Actions><Action><Name>SUCCESS</Name><Description> </Description><IncomingLinks><Assign xsi:type="Assign"><Name/><Description/><To>SUCCESS.Input1</To><From>RunQuery.Success</From></Assign></IncomingLinks><OutgoingLinks/></Action></Actions></Step></Steps><Actions><Action><Name>RunQuery</Name><Description>SQL Query</Description><IncomingLinks><Assign xsi:type="Assign"><Name/><Description/><To>RunQuery.Server</To><From>Transaction.DataServer</From></Assign><Assign xsi:type="Assign"><Name/><Description/><To>RunQuery.QueryTemplate</To><From>"MESM/REPORTS/QUERIES/" &amp; Local.QueryTemplate</From></Assign><Assign xsi:type="Assign"><Name/><Description/><To>RunQuery.Param.1</To><From>Transaction.ItemSerialNumber</From></Assign></IncomingLinks><OutgoingLinks/></Action></Actions></Step><Step xsi:type="Catch"><Name>Sequence_4</Name><Description/><Steps><Step xsi:type="ActionSequence"><Name>Sequence_5</Name><Description/><Steps><Step xsi:type="ActionSequence"><Name>Sequence_8</Name><Description/><Steps><Step xsi:type="ActionSequence"><Name>Sequence_9</Name><Description/><Steps/><Actions><Action><Name>ShowDefault</Name><Description> </Description><IncomingLinks><Assign xsi:type="Assign"><Name/><Description/><To>ShowDefault.Message</To><From>Transaction.XML_RESULT</From></Assign></IncomingLinks><OutgoingLinks/></Action></Actions></Step></Steps><Actions><Action><Name>AssignDefault</Name><Description> </Description><IncomingLinks/><OutgoingLinks><Assign xsi:type="Assign"><Name/><Description/><To>Local.DefaultResult{/Rowsets/Rowset/Message}</To><From> Catch_0.ExceptionType &amp; " -- " &amp; Catch_0.Message</From></Assign><Assign xsi:type="AssignXml"><Name/><Description/><To>Transaction.XML_RESULT</To><From>Local.DefaultResult</From></Assign></OutgoingLinks></Action></Actions></Step></Steps><Actions><Action><Name>ShowCatch_0</Name><Description> </Description><IncomingLinks><Assign xsi:type="Assign"><Name/><Description/><To>ShowCatch_0.Message</To><From>Catch_0.Message</From></Assign></IncomingLinks><OutgoingLinks/></Action></Actions></Step></Steps><Actions><Action><Name>Catch_0</Name><Description>Catches an exception</Description><IncomingLinks/><OutgoingLinks/></Action></Actions></Step></Steps><Actions><Action><Name>Exception_Enabler_0</Name><Description>Enables exceptions.</Description><IncomingLinks/><OutgoingLinks/></Action></Actions></Step></Steps><Actions><Action><Name>ShowTemplate</Name><Description> </Description><IncomingLinks><Assign xsi:type="Assign"><Name/><Description/><To>ShowTemplate.Message</To><From>"Query Template : " &amp; Local.QueryTemplate</From></Assign></IncomingLinks><OutgoingLinks/></Action></Actions></Step></Steps><Actions><Action><Name>AssignTemplate</Name><Description> </Description><IncomingLinks/><OutgoingLinks><Assign xsi:type="Assign"><Name/><Description/><To>Local.QueryTemplate</To><From>"get_ItemTraceRep_TestsData"</From></Assign></OutgoingLinks></Action></Actions></Step><Step xsi:type="Conditional"><Name>Sequence_16</Name><Description/><Steps><Step xsi:type="ActionSequence"><Name>Sequence_21</Name><Description/><Steps><Step xsi:type="Repeater"><Name>Sequence_17</Name><Description/><Steps><Step xsi:type="ActionSequence"><Name>Sequence_35</Name><Description/><Steps><Step xsi:type="Conditional"><Name>Sequence_19</Name><Description/><Steps><Step xsi:type="ActionSequence"><Name>Sequence_23</Name><Description/><Steps/><Actions><Action><Name>AssignPlantHdr</Name><Description> </Description><IncomingLinks/><OutgoingLinks><Assign xsi:type="Assign"><Name/><Description/><To>Local.stringHTML</To><From>Local.stringHTML &amp; 
"&lt;table id=\"top-hdr\" cellspacing=0 cellpadding=4 border=0 align=center width=1030 style=\"margin-top:0px;font-family: Arial;\"&gt;
&lt;tr style=\"border-top:2px solid #666;margin-top:0px;background-color:#ffffff;\"&gt;&lt;td colspan=6 style=\"font-size:32px;font-weight:bold;color: #007dc0;text-align:center\"&gt;" &amp; "ITEM TRACEABILITY REPORT" &amp; "&lt;/td&gt;&lt;/tr&gt;
&lt;tr style=\"font-size:12px;font-weight:bold;border-top:2px solid #666;margin-top:0px;background-color:#cfcfcf;\"&gt;
&lt;td style=\"width:200px; text-align:center;\"&gt;Serial #&lt;/td&gt;
&lt;td style=\"width:200px; text-align:center;\"&gt;Operation&lt;/td&gt;
&lt;td style=\"width:300px; text-align:center;\"&gt;Tag Name&lt;/td&gt;
&lt;td style=\"width:80px; text-align:center;\"&gt;Test Value&lt;/td&gt;
&lt;td style=\"width:80px; text-align:center;\"&gt;UOM&lt;/td&gt;
&lt;td style=\"width:160px; text-align:center;\"&gt;Created On&lt;/td&gt;&lt;/tr&gt;&lt;/table&gt;"</From></Assign></OutgoingLinks></Action></Actions></Step><Step xsi:type="ActionSequence"><Name>Sequence_24</Name><Description/><Steps/><Actions><Action><Name>NotTableHDR</Name><Description> </Description><IncomingLinks/><OutgoingLinks/></Action></Actions></Step><Step xsi:type="ActionSequence"><Name>Sequence_32</Name><Description/><Steps><Step xsi:type="Conditional"><Name>Sequence_29</Name><Description/><Steps><Step xsi:type="ActionSequence"><Name>Sequence_30</Name><Description/><Steps/><Actions><Action><Name>AssignTableFooter</Name><Description> </Description><IncomingLinks/><OutgoingLinks><Assign xsi:type="Assign"><Name/><Description/><To>Local.stringHTML</To><From>Local.stringHTML &amp; "&lt;table id=\"data-bot" &amp; "\" cellspacing=0 cellpadding=4 border=0 align=center width=1030 style=\"margin-top:0px; font-size:12px; font-family: Arial;font-weight:bold\"&gt;&lt;tr style=\"border-top:2px solid #666;background-color:#ffffff;\"&gt;&lt;td colspan=6 style=\"border-top:2px solid #666;margin-top:0px;\" align=left&gt;&amp;nbsp;" &amp; datefromxmlformat(datenow, "yyyy-MM-dd HH:mm:ss") &amp; " -- " &amp; RepeatOnRow.ItemCount &amp; " Records&lt;/td&gt;&lt;/tr&gt;&lt;/table&gt;"</From></Assign></OutgoingLinks></Action></Actions></Step><Step xsi:type="ActionSequence"><Name>Sequence_31</Name><Description/><Steps/><Actions/></Step></Steps><Actions><Action><Name>LastRow</Name><Description> </Description><IncomingLinks><Assign xsi:type="Assign"><Name/><Description/><To>LastRow.Input1</To><From>if(RepeatOnRow.CurrentItem==RepeatOnRow.ItemCount,1,0)</From></Assign></IncomingLinks><OutgoingLinks/></Action></Actions></Step></Steps><Actions><Action><Name>AssignDataVal</Name><Description> </Description><IncomingLinks/><OutgoingLinks><Assign xsi:type="Assign"><Name/><Description/><To>Local.stringHTML</To><From>Local.stringHTML &amp; "&lt;table id=\"data-val" &amp; RepeatOnRow.CurrentItem &amp; "\" cellspacing=0 cellpadding=4 border=0 align=center width=1030 style=\"margin-top:0px; font-size:12px;font-family: Arial;\"&gt;
&lt;tr style=\"background-color:" &amp; Local.BgColor &amp; ";\"&gt;
&lt;td style=\"width:200px; text-align:center;\"&gt;" &amp; RepeatOnRow.Output{/Row/serialNumber} &amp; "&lt;/td&gt;
&lt;td style=\"width:200px; text-align:center;\"&gt;" &amp; RepeatOnRow.Output{/Row/operationName} &amp; "&lt;/td&gt;
&lt;td style=\"width:300px; text-align:center;\"&gt;" &amp; RepeatOnRow.Output{/Row/descriptionDefined} &amp; " &lt;/td&gt;
&lt;td style=\"width:80px; text-align:center;\"&gt;" &amp; RepeatOnRow.Output{/Row/notifTagValue} &amp; "&lt;/td&gt;
&lt;td style=\"width:80px; text-align:center;\"&gt;" &amp; RepeatOnRow.Output{/Row/uom} &amp; "&lt;/td&gt;
&lt;td style=\"width:160px; text-align:center;\"&gt;" &amp; RepeatOnRow.Output{/Row/CreatedOn} &amp; " &lt;/td&gt;&lt;/tr&gt;&lt;/table&gt;"
</From></Assign></OutgoingLinks></Action></Actions></Step></Steps><Actions><Action><Name>FirstRow</Name><Description> </Description><IncomingLinks><Assign xsi:type="Assign"><Name/><Description/><To>FirstRow.Input1</To><From>if(RepeatOnRow.CurrentItem==1,1,0)</From></Assign></IncomingLinks><OutgoingLinks/></Action></Actions></Step><Step xsi:type="Conditional"><Name>Sequence_25</Name><Description/><Steps><Step xsi:type="ActionSequence"><Name>Sequence_27</Name><Description/><Steps/><Actions><Action><Name>AssignFFFFFF</Name><Description> </Description><IncomingLinks/><OutgoingLinks><Assign xsi:type="Assign"><Name/><Description/><To>Local.BgColor</To><From>"#FFFFFF"</From></Assign></OutgoingLinks></Action></Actions></Step><Step xsi:type="ActionSequence"><Name>Sequence_28</Name><Description/><Steps/><Actions><Action><Name>AssignEFEFEF</Name><Description> </Description><IncomingLinks/><OutgoingLinks><Assign xsi:type="Assign"><Name/><Description/><To>Local.BgColor</To><From>"#EFEFEF"</From></Assign></OutgoingLinks></Action></Actions></Step></Steps><Actions><Action><Name>FIX_bgColor</Name><Description> </Description><IncomingLinks><Assign xsi:type="Assign"><Name/><Description/><To>FIX_bgColor.Input1</To><From>stringif(Local.BgColor =="#EFEFEF", 1,0)</From></Assign></IncomingLinks><OutgoingLinks/></Action></Actions></Step></Steps><Actions/></Step></Steps><Actions><Action><Name>RepeatOnRow</Name><Description> </Description><IncomingLinks/><OutgoingLinks/></Action></Actions></Step><Step xsi:type="ActionSequence"><Name>Sequence_20</Name><Description/><Steps><Step xsi:type="ActionSequence"><Name>Sequence_22</Name><Description/><Steps><Step xsi:type="ActionSequence"><Name>Sequence_42</Name><Description/><Steps><Step xsi:type="ActionSequence"><Name>Sequence_39</Name><Description/><Steps><Step xsi:type="ActionSequence"><Name>Sequence_45</Name><Description/><Steps><Step xsi:type="ActionSequence"><Name>Sequence_41</Name><Description/><Steps/><Actions><Action><Name>ShowMessage</Name><Description> </Description><IncomingLinks><Assign xsi:type="Assign"><Name/><Description/><To>ShowMessage.Message</To><From>Transaction.XML_RESULT{/Rowsets/Rowset/Row/TRXRESULT}</From></Assign></IncomingLinks><OutgoingLinks/></Action></Actions></Step></Steps><Actions><Action><Name>AssignOUT</Name><Description> </Description><IncomingLinks/><OutgoingLinks><Assign xsi:type="AssignXml"><Name/><Description/><To>Transaction.XML_RESULT</To><From>SendMail.XML_OUT</From></Assign></OutgoingLinks></Action></Actions></Step></Steps><Actions><Action><Name>SendMail</Name><Description> </Description><IncomingLinks><Assign xsi:type="Assign"><Name/><Description/><To>SendMail.mailSubject</To><From>"SAP MII TRACE - " &amp; Transaction.QueryTitle</From></Assign><Assign xsi:type="Assign"><Name/><Description/><To>SendMail.mailMessage</To><From>Local.stringHTML</From></Assign><Assign xsi:type="Assign"><Name/><Description/><To>SendMail.ToAddress</To><From>Transaction.MailRecipient</From></Assign></IncomingLinks><OutgoingLinks/></Action></Actions></Step><Step xsi:type="Catch"><Name>Sequence_43</Name><Description/><Steps><Step xsi:type="ActionSequence"><Name>Sequence_44</Name><Description/><Steps/><Actions><Action><Name>ShowCatch_1</Name><Description> </Description><IncomingLinks><Assign xsi:type="Assign"><Name/><Description/><To>ShowCatch_1.Message</To><From>Catch_1.Message</From></Assign></IncomingLinks><OutgoingLinks/></Action></Actions></Step></Steps><Actions><Action><Name>Catch_1</Name><Description>Catches an exception</Description><IncomingLinks/><OutgoingLinks/></Action></Actions></Step></Steps><Actions><Action><Name>Exception_Enabler_1</Name><Description>Enables exceptions.</Description><IncomingLinks/><OutgoingLinks/></Action></Actions></Step></Steps><Actions><Action><Name>ShowHTML</Name><Description> </Description><IncomingLinks><Assign xsi:type="Assign"><Name/><Description/><To>ShowHTML.Message</To><From>Local.stringHTML</From></Assign></IncomingLinks><OutgoingLinks/></Action></Actions></Step></Steps><Actions><Action><Name>AssignHTML_Ftr</Name><Description> </Description><IncomingLinks/><OutgoingLinks><Assign xsi:type="Assign"><Name/><Description/><To>Local.stringHTML</To><From>Local.stringHTML &amp; "&lt;/center&gt;&lt;/body&gt;&lt;/html&gt;"</From></Assign></OutgoingLinks></Action></Actions></Step></Steps><Actions><Action><Name>AssignHTML_Hdr</Name><Description> </Description><IncomingLinks/><OutgoingLinks><Assign xsi:type="Assign"><Name/><Description/><To>Local.stringHTML</To><From>Local.stringHTML &amp;
"&lt;!DOCTYPE html PUBLIC \"-//W3C//DTD XHTML 1.0 Transitional//EN\" \"http://www.w3.org/TR/xhtml1/DTD/xhtml1-transitional.dtd\"&gt;
&lt;html xmlns=\"http://www.w3.org/1999/xhtml\"&gt;
 &lt;head&gt;
  &lt;meta http-equiv=\"Content-Type\" content=\"text/html; charset=UTF-8\" /&gt;
  &lt;title&gt;Demystifying Email Design&lt;/title&gt;
  &lt;meta name=\"viewport\" content=\"width=device-width, initial-scale=1.0\"/&gt;
&lt;/head&gt;&lt;body style=\"margin: 0; padding: 0; font-family: Arial,Helvetica,sans-serif;\"&gt;&lt;center&gt;"
</From></Assign></OutgoingLinks></Action></Actions></Step><Step xsi:type="ActionSequence"><Name>Sequence_18</Name><Description/><Steps/><Actions><Action><Name>NoMailNeeded</Name><Description> </Description><IncomingLinks><Assign xsi:type="Assign"><Name/><Description/><To>NoMailNeeded.Message</To><From>"Error In obtaining the recordset .. " &amp; Local.DefaultResult{/Rowsets/Rowset/Message}</From></Assign></IncomingLinks><OutgoingLinks/></Action></Actions></Step></Steps><Actions><Action><Name>Rowset_Ready</Name><Description> </Description><IncomingLinks><Assign xsi:type="Assign"><Name/><Description/><To>Rowset_Ready.Input1</To><From>stringif(Local.DefaultResult{/Rowsets/Rowset/Message} =="",1,0)</From></Assign></IncomingLinks><OutgoingLinks/></Action></Actions></Step></Steps><Actions><Action><Name>ShowParam</Name><Description> </Description><IncomingLinks><Assign xsi:type="Assign"><Name/><Description/><To>ShowParam.Message</To><From>"Data Server : " &amp; Transaction.ItemSerialNumber</From></Assign></IncomingLinks><OutgoingLinks/></Action></Actions></Step></Steps></Transaction>