<?xml version="1.0" encoding="UTF-8"?><Transaction xmlns:xsd="http://www.w3.org/2001/XMLSchema" xmlns:xsi="http://www.w3.org/2001/XMLSchema-instance" Version="15.0.7.12"><TransactionAttributes><ContextItem><Name>Description</Name><Description>Transaction Description</Description><MinRange>0</MinRange><MaxRange>0</MaxRange><Value xsi:type="string"/><ReadOnly>true</ReadOnly><AlertXMLAssigned>false</AlertXMLAssigned></ContextItem><ContextItem><Name>Comments</Name><Description>User Comments</Description><MinRange>0</MinRange><MaxRange>0</MaxRange><Value xsi:type="string"/><ReadOnly>true</ReadOnly><AlertXMLAssigned>false</AlertXMLAssigned></ContextItem><ContextItem><Name>CreatedBy</Name><Description>Created By</Description><MinRange>0</MinRange><MaxRange>0</MaxRange><Value xsi:type="string">RadPa</Value><ReadOnly>true</ReadOnly><AlertXMLAssigned>false</AlertXMLAssigned></ContextItem><ContextItem><Name>CreationDate</Name><Description>Creation Date</Description><MinRange>0</MinRange><MaxRange>0</MaxRange><Value xsi:type="dateTime">2016-06-01T17:07:10</Value><ReadOnly>true</ReadOnly><AlertXMLAssigned>false</AlertXMLAssigned></ContextItem><ContextItem><Name>Category</Name><Description>Transaction Category</Description><MinRange>0</MinRange><MaxRange>0</MaxRange><Value xsi:type="string"/><ReadOnly>true</ReadOnly><AlertXMLAssigned>false</AlertXMLAssigned></ContextItem><ContextItem><Name>Status</Name><Description>Deployment Status</Description><MinRange>0</MinRange><MaxRange>0</MaxRange><Value xsi:type="string">DEVELOPMENT</Value><ReadOnly>true</ReadOnly><AlertXMLAssigned>false</AlertXMLAssigned></ContextItem><ContextItem><Name>LegacyProcessingMode</Name><Description>Support the pre MII 12.1 Transaction Engine.</Description><MinRange>0</MinRange><MaxRange>0</MaxRange><Value xsi:type="boolean">0</Value><ReadOnly>true</ReadOnly><AlertXMLAssigned>false</AlertXMLAssigned></ContextItem><ContextItem><Name>AutoAppendBlankNamespaces</Name><Description>AutoAppendBlankNamespaces</Description><MinRange>0</MinRange><MaxRange>0</MaxRange><Value xsi:type="boolean">1</Value><ReadOnly>true</ReadOnly><AlertXMLAssigned>false</AlertXMLAssigned></ContextItem><ContextItem><Name>ThrowOnLinkError</Name><Description>Throws an exception when a link error occures</Description><MinRange>0</MinRange><MaxRange>0</MaxRange><Value xsi:type="boolean">0</Value><ReadOnly>true</ReadOnly><AlertXMLAssigned>false</AlertXMLAssigned></ContextItem><ContextItem><Name>ThrowOnActionError</Name><Description>Throws an exception when an action error occurs</Description><MinRange>0</MinRange><MaxRange>0</MaxRange><Value xsi:type="boolean">1</Value><ReadOnly>true</ReadOnly><AlertXMLAssigned>false</AlertXMLAssigned></ContextItem><ContextItem><Name>FormatXMLOnConversion</Name><Description>By default XML will be formatted when assigned from XML data type to String data type. This behaviour can be changed with this flag.</Description><MinRange>0</MinRange><MaxRange>0</MaxRange><Value xsi:type="boolean">1</Value><ReadOnly>true</ReadOnly><AlertXMLAssigned>false</AlertXMLAssigned></ContextItem><ContextItem><Name>LastEditedBy</Name><Description>Last Edited By</Description><MinRange>0</MinRange><MaxRange>0</MaxRange><Value xsi:type="xsd:string">RadPa</Value><ReadOnly>true</ReadOnly><AlertXMLAssigned>false</AlertXMLAssigned></ContextItem><ContextItem><Name>LastEditedDate</Name><Description>Last Edited Date</Description><MinRange>0</MinRange><MaxRange>0</MaxRange><Value xsi:type="xsd:dateTime">2017-03-10T13:39:10</Value><ReadOnly>true</ReadOnly><AlertXMLAssigned>false</AlertXMLAssigned></ContextItem></TransactionAttributes><Name>MESM/ORDERS_DLD/TRANSACTIONS/get_SAPOrderData</Name><Version>471</Version><WriterRoles>SAP_XMII_Super_Administrator,SAP_XMII_Administrator,SAP_XMII_Developer</WriterRoles><Context><ContextItem><Name>DAYS_BACK</Name><Description/><MinRange>0</MinRange><MaxRange>0</MaxRange><Value xsi:type="integer">10</Value><ReadOnly>false</ReadOnly><AlertXMLAssigned>false</AlertXMLAssigned></ContextItem><ContextItem><Name>DAYS_FWD</Name><Description/><MinRange>0</MinRange><MaxRange>0</MaxRange><Value xsi:type="integer">10</Value><ReadOnly>false</ReadOnly><AlertXMLAssigned>false</AlertXMLAssigned></ContextItem><ContextItem><Name>SAP_CREDENTIAL</Name><Description>SAP CREDENTIAL TO USE FOR QUERY</Description><MinRange>0</MinRange><MaxRange>0</MaxRange><Value xsi:type="string">SAP</Value><ReadOnly>false</ReadOnly><AlertXMLAssigned>false</AlertXMLAssigned></ContextItem><ContextItem><Name>SAP_PLANT_ID</Name><Description>SAP PLANT ID TO QUERY</Description><MinRange>0</MinRange><MaxRange>0</MaxRange><Value xsi:type="string">1604</Value><ReadOnly>false</ReadOnly><AlertXMLAssigned>false</AlertXMLAssigned></ContextItem><ContextItem><Name>SAP_SERVER</Name><Description>SAP SERVER TO QUERY</Description><MinRange>0</MinRange><MaxRange>0</MaxRange><Value xsi:type="string">SAP</Value><ReadOnly>false</ReadOnly><AlertXMLAssigned>false</AlertXMLAssigned></ContextItem><ContextItem><Name>SQL_SERVER</Name><Description>SAP MII JDBC CONNECTOR TO SQL</Description><MinRange>0</MinRange><MaxRange>0</MaxRange><Value xsi:type="string">MESM</Value><ReadOnly>false</ReadOnly><AlertXMLAssigned>false</AlertXMLAssigned></ContextItem><ContextItem><Name>WORK_CENTER</Name><Description>VWFINAL</Description><MinRange>0</MinRange><MaxRange>0</MaxRange><Value xsi:type="string">FA_JL_RR, CS_JL_RR, AXLEASSY, CS_JL_FR</Value><ReadOnly>false</ReadOnly><AlertXMLAssigned>false</AlertXMLAssigned></ContextItem></Context><Local><ContextItem><Name>debug</Name><Description>Debug </Description><MinRange>0</MinRange><MaxRange>0</MaxRange><Value xsi:type="string">0</Value><ReadOnly>false</ReadOnly><AlertXMLAssigned>false</AlertXMLAssigned></ContextItem><ContextItem><Name>isFiltered</Name><Description>Filter By VWFINAL</Description><MinRange>0</MinRange><MaxRange>0</MaxRange><Value xsi:type="string">0</Value><ReadOnly>false</ReadOnly><AlertXMLAssigned>false</AlertXMLAssigned></ContextItem><ContextItem><Name>isPhantom</Name><Description>Component Phantom Flag</Description><MinRange>0</MinRange><MaxRange>0</MaxRange><Value xsi:type="string"/><ReadOnly>false</ReadOnly><AlertXMLAssigned>false</AlertXMLAssigned></ContextItem><ContextItem><Name>MAT_ID</Name><Description>Material ID</Description><MinRange>0</MinRange><MaxRange>0</MaxRange><Value xsi:type="string"/><ReadOnly>false</ReadOnly><AlertXMLAssigned>false</AlertXMLAssigned></ContextItem><ContextItem><Name>MAT_ID_PARENT</Name><Description>Parent Material ID</Description><MinRange>0</MinRange><MaxRange>0</MaxRange><Value xsi:type="string"/><ReadOnly>false</ReadOnly><AlertXMLAssigned>false</AlertXMLAssigned></ContextItem><ContextItem><Name>SAP_WC</Name><Description/><MinRange>0</MinRange><MaxRange>0</MaxRange><Value xsi:type="string"/><ReadOnly>false</ReadOnly><AlertXMLAssigned>false</AlertXMLAssigned></ContextItem><ContextItem><Name>SEQ_NO_COUNT</Name><Description>Sequence Counter</Description><MinRange>0</MinRange><MaxRange>0</MaxRange><Value xsi:type="integer">0</Value><ReadOnly>false</ReadOnly><AlertXMLAssigned>false</AlertXMLAssigned></ContextItem><ContextItem><Name>SEQUENCE_NO</Name><Description>Components Sequence</Description><MinRange>0</MinRange><MaxRange>0</MaxRange><Value xsi:type="string"/><ReadOnly>false</ReadOnly><AlertXMLAssigned>false</AlertXMLAssigned></ContextItem></Local><Layout><GUILayoutItem><Name>Sequence</Name><X>1232</X><Y>8</Y><Width>120</Width><SpacingWidth>2568</SpacingWidth><DescendantWidth>2568</DescendantWidth><Height>96</Height></GUILayoutItem><GUILayoutItem><Name>Show_Params</Name><X>1240</X><Y>24</Y><Width>104</Width><SpacingWidth>0</SpacingWidth><DescendantWidth>0</DescendantWidth><Height>72</Height></GUILayoutItem><GUILayoutItem><Name>Sequence_0</Name><X>1016</X><Y>144</Y><Width>120</Width><SpacingWidth>2136</SpacingWidth><DescendantWidth>2136</DescendantWidth><Height>96</Height></GUILayoutItem><GUILayoutItem><Name>Sequence_1</Name><X>944</X><Y>280</Y><Width>120</Width><SpacingWidth>1992</SpacingWidth><DescendantWidth>1992</DescendantWidth><Height>96</Height></GUILayoutItem><GUILayoutItem><Name>Sequence_3</Name><X>2024</X><Y>416</Y><Width>120</Width><SpacingWidth>120</SpacingWidth><DescendantWidth>0</DescendantWidth><Height>96</Height></GUILayoutItem><GUILayoutItem><Name>SAP_JCo_Start</Name><X>952</X><Y>296</Y><Width>104</Width><SpacingWidth>0</SpacingWidth><DescendantWidth>0</DescendantWidth><Height>72</Height></GUILayoutItem><GUILayoutItem><Name>Sequence_4</Name><X>872</X><Y>416</Y><Width>120</Width><SpacingWidth>1848</SpacingWidth><DescendantWidth>1848</DescendantWidth><Height>96</Height></GUILayoutItem><GUILayoutItem><Name>Exception_Enabler_0</Name><X>1024</X><Y>160</Y><Width>104</Width><SpacingWidth>0</SpacingWidth><DescendantWidth>0</DescendantWidth><Height>72</Height></GUILayoutItem><GUILayoutItem><Name>Sequence_2</Name><X>2024</X><Y>280</Y><Width>120</Width><SpacingWidth>120</SpacingWidth><DescendantWidth>120</DescendantWidth><Height>96</Height></GUILayoutItem><GUILayoutItem><Name>Catch_0</Name><X>2032</X><Y>296</Y><Width>104</Width><SpacingWidth>0</SpacingWidth><DescendantWidth>0</DescendantWidth><Height>72</Height></GUILayoutItem><GUILayoutItem><Name>Sequence_5</Name><X>872</X><Y>688</Y><Width>120</Width><SpacingWidth>1848</SpacingWidth><DescendantWidth>1848</DescendantWidth><Height>96</Height></GUILayoutItem><GUILayoutItem><Name>GetOrdList_Ok</Name><X>880</X><Y>704</Y><Width>104</Width><SpacingWidth>0</SpacingWidth><DescendantWidth>0</DescendantWidth><Height>72</Height></GUILayoutItem><GUILayoutItem><Name>Sequence_7</Name><X>1736</X><Y>824</Y><Width>120</Width><SpacingWidth>120</SpacingWidth><DescendantWidth>0</DescendantWidth><Height>96</Height></GUILayoutItem><GUILayoutItem><Name>ShowErr_1</Name><X>1744</X><Y>840</Y><Width>104</Width><SpacingWidth>0</SpacingWidth><DescendantWidth>0</DescendantWidth><Height>72</Height></GUILayoutItem><GUILayoutItem><Name>ShowCatch_0</Name><X>2032</X><Y>432</Y><Width>104</Width><SpacingWidth>0</SpacingWidth><DescendantWidth>0</DescendantWidth><Height>72</Height></GUILayoutItem><GUILayoutItem><Name>Sequence_26</Name><X>1880</X><Y>416</Y><Width>120</Width><SpacingWidth>120</SpacingWidth><DescendantWidth>0</DescendantWidth><Height>96</Height></GUILayoutItem><GUILayoutItem><Name>SAP_JCo_End</Name><X>1888</X><Y>432</Y><Width>104</Width><SpacingWidth>0</SpacingWidth><DescendantWidth>0</DescendantWidth><Height>72</Height></GUILayoutItem><GUILayoutItem><Name>Sequence_8</Name><X>800</X><Y>824</Y><Width>120</Width><SpacingWidth>1704</SpacingWidth><DescendantWidth>1704</DescendantWidth><Height>96</Height></GUILayoutItem><GUILayoutItem><Name>RepeatOnOrder</Name><X>808</X><Y>840</Y><Width>104</Width><SpacingWidth>0</SpacingWidth><DescendantWidth>0</DescendantWidth><Height>72</Height></GUILayoutItem><GUILayoutItem><Name>Sequence_24</Name><X>800</X><Y>1096</Y><Width>120</Width><SpacingWidth>1704</SpacingWidth><DescendantWidth>1704</DescendantWidth><Height>96</Height></GUILayoutItem><GUILayoutItem><Name>If_Empty</Name><X>808</X><Y>1112</Y><Width>104</Width><SpacingWidth>0</SpacingWidth><DescendantWidth>0</DescendantWidth><Height>72</Height></GUILayoutItem><GUILayoutItem><Name>Sequence_9</Name><X>728</X><Y>1232</Y><Width>120</Width><SpacingWidth>1560</SpacingWidth><DescendantWidth>1560</DescendantWidth><Height>96</Height></GUILayoutItem><GUILayoutItem><Name>If_Status_REL</Name><X>736</X><Y>1248</Y><Width>104</Width><SpacingWidth>0</SpacingWidth><DescendantWidth>0</DescendantWidth><Height>72</Height></GUILayoutItem><GUILayoutItem><Name>Sequence_28</Name><X>1448</X><Y>1368</Y><Width>120</Width><SpacingWidth>120</SpacingWidth><DescendantWidth>120</DescendantWidth><Height>96</Height></GUILayoutItem><GUILayoutItem><Name>debug_1</Name><X>1456</X><Y>1384</Y><Width>104</Width><SpacingWidth>0</SpacingWidth><DescendantWidth>0</DescendantWidth><Height>72</Height></GUILayoutItem><GUILayoutItem><Name>Sequence_11</Name><X>1448</X><Y>1504</Y><Width>120</Width><SpacingWidth>120</SpacingWidth><DescendantWidth>0</DescendantWidth><Height>96</Height></GUILayoutItem><GUILayoutItem><Name>Order_REL</Name><X>1456</X><Y>1520</Y><Width>104</Width><SpacingWidth>0</SpacingWidth><DescendantWidth>0</DescendantWidth><Height>72</Height></GUILayoutItem><GUILayoutItem><Name>Sequence_27</Name><X>1592</X><Y>1232</Y><Width>120</Width><SpacingWidth>120</SpacingWidth><DescendantWidth>120</DescendantWidth><Height>96</Height></GUILayoutItem><GUILayoutItem><Name>debug_0</Name><X>1600</X><Y>1248</Y><Width>104</Width><SpacingWidth>0</SpacingWidth><DescendantWidth>0</DescendantWidth><Height>72</Height></GUILayoutItem><GUILayoutItem><Name>Sequence_25</Name><X>1592</X><Y>1368</Y><Width>120</Width><SpacingWidth>120</SpacingWidth><DescendantWidth>0</DescendantWidth><Height>96</Height></GUILayoutItem><GUILayoutItem><Name>Order_EMPTY</Name><X>1600</X><Y>1384</Y><Width>104</Width><SpacingWidth>0</SpacingWidth><DescendantWidth>0</DescendantWidth><Height>72</Height></GUILayoutItem><GUILayoutItem><Name>Sequence_16</Name><X>584</X><Y>1776</Y><Width>120</Width><SpacingWidth>1272</SpacingWidth><DescendantWidth>1272</DescendantWidth><Height>96</Height></GUILayoutItem><GUILayoutItem><Name>Exception_Enabler_1</Name><X>592</X><Y>1792</Y><Width>104</Width><SpacingWidth>0</SpacingWidth><DescendantWidth>0</DescendantWidth><Height>72</Height></GUILayoutItem><GUILayoutItem><Name>Sequence_18</Name><X>1160</X><Y>1912</Y><Width>120</Width><SpacingWidth>120</SpacingWidth><DescendantWidth>120</DescendantWidth><Height>96</Height></GUILayoutItem><GUILayoutItem><Name>Catch_1</Name><X>1168</X><Y>1928</Y><Width>104</Width><SpacingWidth>0</SpacingWidth><DescendantWidth>0</DescendantWidth><Height>72</Height></GUILayoutItem><GUILayoutItem><Name>Sequence_19</Name><X>1160</X><Y>2048</Y><Width>120</Width><SpacingWidth>120</SpacingWidth><DescendantWidth>0</DescendantWidth><Height>96</Height></GUILayoutItem><GUILayoutItem><Name>ShowCatch_1</Name><X>1168</X><Y>2064</Y><Width>104</Width><SpacingWidth>0</SpacingWidth><DescendantWidth>0</DescendantWidth><Height>72</Height></GUILayoutItem><GUILayoutItem><Name>Sequence_43</Name><X>2312</X><Y>280</Y><Width>120</Width><SpacingWidth>408</SpacingWidth><DescendantWidth>408</DescendantWidth><Height>96</Height></GUILayoutItem><GUILayoutItem><Name>Sequence_45</Name><X>2240</X><Y>416</Y><Width>120</Width><SpacingWidth>264</SpacingWidth><DescendantWidth>264</DescendantWidth><Height>96</Height></GUILayoutItem><GUILayoutItem><Name>Sequence_47</Name><X>2456</X><Y>552</Y><Width>120</Width><SpacingWidth>120</SpacingWidth><DescendantWidth>0</DescendantWidth><Height>96</Height></GUILayoutItem><GUILayoutItem><Name>Exception_Enabler_2</Name><X>2320</X><Y>296</Y><Width>104</Width><SpacingWidth>0</SpacingWidth><DescendantWidth>0</DescendantWidth><Height>72</Height></GUILayoutItem><GUILayoutItem><Name>Sequence_46</Name><X>2456</X><Y>416</Y><Width>120</Width><SpacingWidth>120</SpacingWidth><DescendantWidth>120</DescendantWidth><Height>96</Height></GUILayoutItem><GUILayoutItem><Name>Catch_2</Name><X>2464</X><Y>432</Y><Width>104</Width><SpacingWidth>0</SpacingWidth><DescendantWidth>0</DescendantWidth><Height>72</Height></GUILayoutItem><GUILayoutItem><Name>ShowCatch_2</Name><X>2464</X><Y>568</Y><Width>104</Width><SpacingWidth>0</SpacingWidth><DescendantWidth>0</DescendantWidth><Height>72</Height></GUILayoutItem><GUILayoutItem><Name>postOrderConfECC_All</Name><X>2248</X><Y>432</Y><Width>104</Width><SpacingWidth>0</SpacingWidth><DescendantWidth>0</DescendantWidth><Height>72</Height></GUILayoutItem><GUILayoutItem><Name>Sequence_49</Name><X>2168</X><Y>688</Y><Width>120</Width><SpacingWidth>120</SpacingWidth><DescendantWidth>0</DescendantWidth><Height>96</Height></GUILayoutItem><GUILayoutItem><Name>postConfAll_Ok</Name><X>2176</X><Y>704</Y><Width>104</Width><SpacingWidth>0</SpacingWidth><DescendantWidth>0</DescendantWidth><Height>72</Height></GUILayoutItem><GUILayoutItem><Name>Sequence_48</Name><X>2240</X><Y>552</Y><Width>120</Width><SpacingWidth>264</SpacingWidth><DescendantWidth>264</DescendantWidth><Height>96</Height></GUILayoutItem><GUILayoutItem><Name>Success</Name><X>2248</X><Y>568</Y><Width>104</Width><SpacingWidth>0</SpacingWidth><DescendantWidth>0</DescendantWidth><Height>72</Height></GUILayoutItem><GUILayoutItem><Name>Sequence_50</Name><X>2312</X><Y>688</Y><Width>120</Width><SpacingWidth>120</SpacingWidth><DescendantWidth>0</DescendantWidth><Height>96</Height></GUILayoutItem><GUILayoutItem><Name>postConfAll_Err</Name><X>2320</X><Y>704</Y><Width>104</Width><SpacingWidth>0</SpacingWidth><DescendantWidth>0</DescendantWidth><Height>72</Height></GUILayoutItem><GUILayoutItem><Name>Sequence_17</Name><X>512</X><Y>1912</Y><Width>120</Width><SpacingWidth>1128</SpacingWidth><DescendantWidth>1128</DescendantWidth><Height>96</Height></GUILayoutItem><GUILayoutItem><Name>GetOrdDetail</Name><X>520</X><Y>1928</Y><Width>104</Width><SpacingWidth>0</SpacingWidth><DescendantWidth>0</DescendantWidth><Height>72</Height></GUILayoutItem><GUILayoutItem><Name>Sequence_20</Name><X>512</X><Y>2048</Y><Width>120</Width><SpacingWidth>1128</SpacingWidth><DescendantWidth>1128</DescendantWidth><Height>96</Height></GUILayoutItem><GUILayoutItem><Name>GetOrdDetail_Ok</Name><X>520</X><Y>2064</Y><Width>104</Width><SpacingWidth>0</SpacingWidth><DescendantWidth>0</DescendantWidth><Height>72</Height></GUILayoutItem><GUILayoutItem><Name>Sequence_21</Name><X>512</X><Y>2184</Y><Width>120</Width><SpacingWidth>1128</SpacingWidth><DescendantWidth>1128</DescendantWidth><Height>96</Height></GUILayoutItem><GUILayoutItem><Name>Sequence_34</Name><X>8</X><Y>2320</Y><Width>120</Width><SpacingWidth>120</SpacingWidth><DescendantWidth>120</DescendantWidth><Height>96</Height></GUILayoutItem><GUILayoutItem><Name>RepeatOnOps</Name><X>16</X><Y>2336</Y><Width>104</Width><SpacingWidth>0</SpacingWidth><DescendantWidth>0</DescendantWidth><Height>72</Height></GUILayoutItem><GUILayoutItem><Name>Sequence_41</Name><X>8</X><Y>2728</Y><Width>120</Width><SpacingWidth>120</SpacingWidth><DescendantWidth>0</DescendantWidth><Height>96</Height></GUILayoutItem><GUILayoutItem><Name>Sequence_40</Name><X>8</X><Y>2456</Y><Width>120</Width><SpacingWidth>120</SpacingWidth><DescendantWidth>120</DescendantWidth><Height>96</Height></GUILayoutItem><GUILayoutItem><Name>For_Defined_WC</Name><X>16</X><Y>2472</Y><Width>104</Width><SpacingWidth>0</SpacingWidth><DescendantWidth>0</DescendantWidth><Height>72</Height></GUILayoutItem><GUILayoutItem><Name>AssignFilter</Name><X>16</X><Y>2744</Y><Width>104</Width><SpacingWidth>0</SpacingWidth><DescendantWidth>0</DescendantWidth><Height>72</Height></GUILayoutItem><GUILayoutItem><Name>Sequence_22</Name><X>224</X><Y>2864</Y><Width>120</Width><SpacingWidth>264</SpacingWidth><DescendantWidth>264</DescendantWidth><Height>96</Height></GUILayoutItem><GUILayoutItem><Name>Orders_Import_SAP</Name><X>232</X><Y>2880</Y><Width>104</Width><SpacingWidth>0</SpacingWidth><DescendantWidth>0</DescendantWidth><Height>72</Height></GUILayoutItem><GUILayoutItem><Name>Sequence_29</Name><X>584</X><Y>2320</Y><Width>120</Width><SpacingWidth>984</SpacingWidth><DescendantWidth>984</DescendantWidth><Height>96</Height></GUILayoutItem><GUILayoutItem><Name>IfFilter_1</Name><X>592</X><Y>2336</Y><Width>104</Width><SpacingWidth>0</SpacingWidth><DescendantWidth>0</DescendantWidth><Height>72</Height></GUILayoutItem><GUILayoutItem><Name>Sequence_42</Name><X>224</X><Y>3000</Y><Width>120</Width><SpacingWidth>264</SpacingWidth><DescendantWidth>264</DescendantWidth><Height>96</Height></GUILayoutItem><GUILayoutItem><Name>RepeatOnOperation</Name><X>232</X><Y>3016</Y><Width>104</Width><SpacingWidth>0</SpacingWidth><DescendantWidth>0</DescendantWidth><Height>72</Height></GUILayoutItem><GUILayoutItem><Name>Sequence_44</Name><X>224</X><Y>3136</Y><Width>120</Width><SpacingWidth>264</SpacingWidth><DescendantWidth>264</DescendantWidth><Height>96</Height></GUILayoutItem><GUILayoutItem><Name>debug_6</Name><X>232</X><Y>3152</Y><Width>104</Width><SpacingWidth>0</SpacingWidth><DescendantWidth>0</DescendantWidth><Height>72</Height></GUILayoutItem><GUILayoutItem><Name>Sequence_35</Name><X>152</X><Y>3272</Y><Width>120</Width><SpacingWidth>120</SpacingWidth><DescendantWidth>0</DescendantWidth><Height>96</Height></GUILayoutItem><GUILayoutItem><Name>Show_Operation_Item</Name><X>160</X><Y>3288</Y><Width>104</Width><SpacingWidth>0</SpacingWidth><DescendantWidth>0</DescendantWidth><Height>72</Height></GUILayoutItem><GUILayoutItem><Name>Sequence_51</Name><X>296</X><Y>3272</Y><Width>120</Width><SpacingWidth>120</SpacingWidth><DescendantWidth>0</DescendantWidth><Height>96</Height></GUILayoutItem><GUILayoutItem><Name>Ops_Import_SAP</Name><X>304</X><Y>3288</Y><Width>104</Width><SpacingWidth>0</SpacingWidth><DescendantWidth>0</DescendantWidth><Height>72</Height></GUILayoutItem><GUILayoutItem><Name>ResetFilter</Name><X>520</X><Y>2200</Y><Width>104</Width><SpacingWidth>0</SpacingWidth><DescendantWidth>0</DescendantWidth><Height>72</Height></GUILayoutItem><GUILayoutItem><Name>Sequence_10</Name><X>440</X><Y>2728</Y><Width>120</Width><SpacingWidth>696</SpacingWidth><DescendantWidth>696</DescendantWidth><Height>96</Height></GUILayoutItem><GUILayoutItem><Name>Show_Order_Info</Name><X>448</X><Y>2744</Y><Width>104</Width><SpacingWidth>0</SpacingWidth><DescendantWidth>0</DescendantWidth><Height>72</Height></GUILayoutItem><GUILayoutItem><Name>Sequence_6</Name><X>2312</X><Y>144</Y><Width>120</Width><SpacingWidth>408</SpacingWidth><DescendantWidth>408</DescendantWidth><Height>96</Height></GUILayoutItem><GUILayoutItem><Name>Disable</Name><X>2320</X><Y>160</Y><Width>104</Width><SpacingWidth>0</SpacingWidth><DescendantWidth>0</DescendantWidth><Height>72</Height></GUILayoutItem><GUILayoutItem><Name>Sequence_12</Name><X>872</X><Y>552</Y><Width>120</Width><SpacingWidth>1848</SpacingWidth><DescendantWidth>1848</DescendantWidth><Height>96</Height></GUILayoutItem><GUILayoutItem><Name>ShowOrderCnt</Name><X>880</X><Y>568</Y><Width>104</Width><SpacingWidth>0</SpacingWidth><DescendantWidth>0</DescendantWidth><Height>72</Height></GUILayoutItem><GUILayoutItem><Name>GetOrdList</Name><X>880</X><Y>432</Y><Width>104</Width><SpacingWidth>0</SpacingWidth><DescendantWidth>0</DescendantWidth><Height>72</Height></GUILayoutItem><GUILayoutItem><Name>Sequence_15</Name><X>512</X><Y>2864</Y><Width>120</Width><SpacingWidth>264</SpacingWidth><DescendantWidth>264</DescendantWidth><Height>96</Height></GUILayoutItem><GUILayoutItem><Name>GetOrdComp</Name><X>520</X><Y>2880</Y><Width>104</Width><SpacingWidth>0</SpacingWidth><DescendantWidth>0</DescendantWidth><Height>72</Height></GUILayoutItem><GUILayoutItem><Name>Sequence_36</Name><X>512</X><Y>3000</Y><Width>120</Width><SpacingWidth>264</SpacingWidth><DescendantWidth>264</DescendantWidth><Height>96</Height></GUILayoutItem><GUILayoutItem><Name>RepeatOnComponent</Name><X>520</X><Y>3016</Y><Width>104</Width><SpacingWidth>0</SpacingWidth><DescendantWidth>0</DescendantWidth><Height>72</Height></GUILayoutItem><GUILayoutItem><Name>Sequence_37</Name><X>512</X><Y>3136</Y><Width>120</Width><SpacingWidth>264</SpacingWidth><DescendantWidth>264</DescendantWidth><Height>96</Height></GUILayoutItem><GUILayoutItem><Name>debug_7</Name><X>520</X><Y>3152</Y><Width>104</Width><SpacingWidth>0</SpacingWidth><DescendantWidth>0</DescendantWidth><Height>72</Height></GUILayoutItem><GUILayoutItem><Name>Sequence_39</Name><X>440</X><Y>3272</Y><Width>120</Width><SpacingWidth>120</SpacingWidth><DescendantWidth>0</DescendantWidth><Height>96</Height></GUILayoutItem><GUILayoutItem><Name>Show_Component_Item</Name><X>448</X><Y>3288</Y><Width>104</Width><SpacingWidth>0</SpacingWidth><DescendantWidth>0</DescendantWidth><Height>72</Height></GUILayoutItem><GUILayoutItem><Name>Sequence_38</Name><X>584</X><Y>3272</Y><Width>120</Width><SpacingWidth>120</SpacingWidth><DescendantWidth>0</DescendantWidth><Height>96</Height></GUILayoutItem><GUILayoutItem><Name>Comps_Import_SAP</Name><X>592</X><Y>3288</Y><Width>104</Width><SpacingWidth>0</SpacingWidth><DescendantWidth>0</DescendantWidth><Height>72</Height></GUILayoutItem><GUILayoutItem><Name>Sequence_14</Name><X>584</X><Y>2456</Y><Width>120</Width><SpacingWidth>984</SpacingWidth><DescendantWidth>984</DescendantWidth><Height>96</Height></GUILayoutItem><GUILayoutItem><Name>If_NOT_DLFL</Name><X>592</X><Y>2472</Y><Width>104</Width><SpacingWidth>0</SpacingWidth><DescendantWidth>0</DescendantWidth><Height>72</Height></GUILayoutItem><GUILayoutItem><Name>Sequence_23</Name><X>1016</X><Y>2592</Y><Width>120</Width><SpacingWidth>120</SpacingWidth><DescendantWidth>120</DescendantWidth><Height>96</Height></GUILayoutItem><GUILayoutItem><Name>Order_DLFL</Name><X>1024</X><Y>2608</Y><Width>104</Width><SpacingWidth>0</SpacingWidth><DescendantWidth>0</DescendantWidth><Height>72</Height></GUILayoutItem><GUILayoutItem><Name>Sequence_32</Name><X>1304</X><Y>1776</Y><Width>120</Width><SpacingWidth>120</SpacingWidth><DescendantWidth>0</DescendantWidth><Height>96</Height></GUILayoutItem><GUILayoutItem><Name>Sequence_31</Name><X>1304</X><Y>1640</Y><Width>120</Width><SpacingWidth>120</SpacingWidth><DescendantWidth>120</DescendantWidth><Height>96</Height></GUILayoutItem><GUILayoutItem><Name>debug_2</Name><X>1312</X><Y>1656</Y><Width>104</Width><SpacingWidth>0</SpacingWidth><DescendantWidth>0</DescendantWidth><Height>72</Height></GUILayoutItem><GUILayoutItem><Name>Order_MES</Name><X>1312</X><Y>1792</Y><Width>104</Width><SpacingWidth>0</SpacingWidth><DescendantWidth>0</DescendantWidth><Height>72</Height></GUILayoutItem><GUILayoutItem><Name>Sequence_33</Name><X>656</X><Y>1368</Y><Width>120</Width><SpacingWidth>1416</SpacingWidth><DescendantWidth>1416</DescendantWidth><Height>96</Height></GUILayoutItem><GUILayoutItem><Name>CheckMatRouting</Name><X>664</X><Y>1384</Y><Width>104</Width><SpacingWidth>0</SpacingWidth><DescendantWidth>0</DescendantWidth><Height>72</Height></GUILayoutItem><GUILayoutItem><Name>Sequence_30</Name><X>656</X><Y>1504</Y><Width>120</Width><SpacingWidth>1416</SpacingWidth><DescendantWidth>1416</DescendantWidth><Height>96</Height></GUILayoutItem><GUILayoutItem><Name>MAT_ROUTED</Name><X>664</X><Y>1520</Y><Width>104</Width><SpacingWidth>0</SpacingWidth><DescendantWidth>0</DescendantWidth><Height>72</Height></GUILayoutItem><GUILayoutItem><Name>Sequence_52</Name><X>584</X><Y>1640</Y><Width>120</Width><SpacingWidth>1272</SpacingWidth><DescendantWidth>1272</DescendantWidth><Height>96</Height></GUILayoutItem><GUILayoutItem><Name>ShowOrder</Name><X>592</X><Y>1656</Y><Width>104</Width><SpacingWidth>0</SpacingWidth><DescendantWidth>0</DescendantWidth><Height>72</Height></GUILayoutItem><GUILayoutItem><Name>Sequence_13</Name><X>1016</X><Y>2728</Y><Width>120</Width><SpacingWidth>120</SpacingWidth><DescendantWidth>0</DescendantWidth><Height>96</Height></GUILayoutItem><GUILayoutItem><Name>setCTMOrderDEL</Name><X>1024</X><Y>2744</Y><Width>104</Width><SpacingWidth>0</SpacingWidth><DescendantWidth>0</DescendantWidth><Height>72</Height></GUILayoutItem><GUILayoutItem><Name>Sequence_53</Name><X>728</X><Y>2864</Y><Width>120</Width><SpacingWidth>120</SpacingWidth><DescendantWidth>120</DescendantWidth><Height>96</Height></GUILayoutItem><GUILayoutItem><Name>Gen_Orders</Name><X>736</X><Y>2880</Y><Width>104</Width><SpacingWidth>0</SpacingWidth><DescendantWidth>0</DescendantWidth><Height>72</Height></GUILayoutItem><GUILayoutItem><Name>Sequence_54</Name><X>728</X><Y>3000</Y><Width>120</Width><SpacingWidth>120</SpacingWidth><DescendantWidth>0</DescendantWidth><Height>96</Height></GUILayoutItem><GUILayoutItem><Name>sql_setOrderNew</Name><X>736</X><Y>3016</Y><Width>104</Width><SpacingWidth>0</SpacingWidth><DescendantWidth>0</DescendantWidth><Height>72</Height></GUILayoutItem><GUILayoutItem><Name>Sequence_55</Name><X>8</X><Y>2592</Y><Width>120</Width><SpacingWidth>120</SpacingWidth><DescendantWidth>120</DescendantWidth><Height>96</Height></GUILayoutItem><GUILayoutItem><Name>Match</Name><X>16</X><Y>2608</Y><Width>104</Width><SpacingWidth>0</SpacingWidth><DescendantWidth>0</DescendantWidth><Height>72</Height></GUILayoutItem><GUILayoutItem><Name>Sequence_57</Name><X>872</X><Y>2728</Y><Width>120</Width><SpacingWidth>120</SpacingWidth><DescendantWidth>120</DescendantWidth><Height>96</Height></GUILayoutItem><GUILayoutItem><Name>Sequence_58</Name><X>872</X><Y>2864</Y><Width>120</Width><SpacingWidth>120</SpacingWidth><DescendantWidth>0</DescendantWidth><Height>96</Height></GUILayoutItem><GUILayoutItem><Name>Sequence_56</Name><X>512</X><Y>2592</Y><Width>120</Width><SpacingWidth>840</SpacingWidth><DescendantWidth>840</DescendantWidth><Height>96</Height></GUILayoutItem><GUILayoutItem><Name>If_NOT_TECO</Name><X>520</X><Y>2608</Y><Width>104</Width><SpacingWidth>0</SpacingWidth><DescendantWidth>0</DescendantWidth><Height>72</Height></GUILayoutItem><GUILayoutItem><Name>Order_TECO</Name><X>880</X><Y>2744</Y><Width>104</Width><SpacingWidth>0</SpacingWidth><DescendantWidth>0</DescendantWidth><Height>72</Height></GUILayoutItem><GUILayoutItem><Name>setCTMOrderTECO</Name><X>880</X><Y>2880</Y><Width>104</Width><SpacingWidth>0</SpacingWidth><DescendantWidth>0</DescendantWidth><Height>72</Height></GUILayoutItem><GUILayoutItem><Name>Sequence_59</Name><X>800</X><Y>960</Y><Width>120</Width><SpacingWidth>1704</SpacingWidth><DescendantWidth>1704</DescendantWidth><Height>96</Height></GUILayoutItem><GUILayoutItem><Name>ShowOrderNr</Name><X>808</X><Y>976</Y><Width>104</Width><SpacingWidth>0</SpacingWidth><DescendantWidth>0</DescendantWidth><Height>72</Height></GUILayoutItem></Layout><Actions><ContextItem><Name>Show_Params</Name><Description/><MinRange>0</MinRange><MaxRange>0</MaxRange><Value xsi:type="Tracer"><Message/><Level>INFO</Level></Value><ReadOnly>false</ReadOnly><AlertXMLAssigned>false</AlertXMLAssigned></ContextItem><ContextItem><Name>SAP_JCo_Start</Name><Description/><MinRange>0</MinRange><MaxRange>0</MaxRange><Value xsi:type="SAPJCOStartSession"><ConnPropAlias>SAP</ConnPropAlias><CredentialAlias>SAP</CredentialAlias><SAPServerName/><SAPClient/><SAPSystemNumber/><Language/><ConnectionPoolSize>10</ConnectionPoolSize><SAPUserName/><SAPPassword/><SAPSSO2Ticket/><PoolConnections>true</PoolConnections><LogonGroup/><ConnectionTimeout>0</ConnectionTimeout></Value><ReadOnly>false</ReadOnly><AlertXMLAssigned>false</AlertXMLAssigned></ContextItem><ContextItem><Name>Exception_Enabler_0</Name><Description/><MinRange>0</MinRange><MaxRange>0</MaxRange><Value xsi:type="ExceptionEnabler"><EnableActionExceptions>true</EnableActionExceptions><EnableLinkExceptions>true</EnableLinkExceptions></Value><ReadOnly>false</ReadOnly><AlertXMLAssigned>false</AlertXMLAssigned></ContextItem><ContextItem><Name>Catch_0</Name><Description/><MinRange>0</MinRange><MaxRange>0</MaxRange><Value xsi:type="CatchAction"/><ReadOnly>false</ReadOnly><AlertXMLAssigned>false</AlertXMLAssigned></ContextItem><ContextItem><Name>GetOrdList_Ok</Name><Description/><MinRange>0</MinRange><MaxRange>0</MaxRange><Value xsi:type="ConditionalAction"><Output>false</Output><InputCount>1</InputCount><LogicalAnd>true</LogicalAnd><Input1>false</Input1></Value><ReadOnly>false</ReadOnly><AlertXMLAssigned>false</AlertXMLAssigned></ContextItem><ContextItem><Name>ShowErr_1</Name><Description/><MinRange>0</MinRange><MaxRange>0</MaxRange><Value xsi:type="Tracer"><Message/><Level>INFO</Level></Value><ReadOnly>false</ReadOnly><AlertXMLAssigned>false</AlertXMLAssigned></ContextItem><ContextItem><Name>ShowCatch_0</Name><Description/><MinRange>0</MinRange><MaxRange>0</MaxRange><Value xsi:type="Tracer"><Message/><Level>INFO</Level></Value><ReadOnly>false</ReadOnly><AlertXMLAssigned>false</AlertXMLAssigned></ContextItem><ContextItem><Name>SAP_JCo_End</Name><Description/><MinRange>0</MinRange><MaxRange>0</MaxRange><Value xsi:type="SAPJCOEndSession"><SourceSession>SAP_JCo_Start</SourceSession></Value><ReadOnly>false</ReadOnly><AlertXMLAssigned>false</AlertXMLAssigned></ContextItem><ContextItem><Name>RepeatOnOrder</Name><Description/><MinRange>0</MinRange><MaxRange>0</MaxRange><Value xsi:type="RepeaterAction"><Output><ReferenceDocumentSource/>&lt;?xml version="1.0" encoding="UTF-8"?&gt;&lt;item&gt;&#13;
                &lt;ORDER_NUMBER/&gt;&#13;
                &lt;PRODUCTION_PLANT/&gt;&#13;
                &lt;MRP_CONTROLLER/&gt;&#13;
                &lt;PRODUCTION_SCHEDULER/&gt;&#13;
                &lt;MATERIAL/&gt;&#13;
                &lt;EXPL_DATE/&gt;&#13;
                &lt;ROUTING_NO/&gt;&#13;
                &lt;RESERVATION_NUMBER/&gt;&#13;
                &lt;SCHED_RELEASE_DATE/&gt;&#13;
                &lt;ACTUAL_RELEASE_DATE/&gt;&#13;
                &lt;FINISH_DATE/&gt;&#13;
                &lt;START_DATE/&gt;&#13;
                &lt;PRODUCTION_FINISH_DATE/&gt;&#13;
                &lt;PRODUCTION_START_DATE/&gt;&#13;
                &lt;ACTUAL_START_DATE/&gt;&#13;
                &lt;ACTUAL_FINISH_DATE/&gt;&#13;
                &lt;SCRAP/&gt;&#13;
                &lt;TARGET_QUANTITY/&gt;&#13;
                &lt;UNIT/&gt;&#13;
                &lt;UNIT_ISO/&gt;&#13;
                &lt;PRIORITY/&gt;&#13;
                &lt;ORDER_TYPE/&gt;&#13;
                &lt;ENTERED_BY/&gt;&#13;
                &lt;ENTER_DATE/&gt;&#13;
                &lt;DELETION_FLAG/&gt;&#13;
                &lt;WBS_ELEMENT/&gt;&#13;
                &lt;CONF_NO/&gt;&#13;
                &lt;CONF_CNT/&gt;&#13;
                &lt;INT_OBJ_NO/&gt;&#13;
                &lt;SCHED_FIN_TIME/&gt;&#13;
                &lt;SCHED_START_TIME/&gt;&#13;
                &lt;COLLECTIVE_ORDER/&gt;&#13;
                &lt;ORDER_SEQ_NO/&gt;&#13;
                &lt;FINISH_TIME/&gt;&#13;
                &lt;START_TIME/&gt;&#13;
                &lt;ACTUAL_START_TIME/&gt;&#13;
                &lt;LEADING_ORDER/&gt;&#13;
                &lt;SALES_ORDER/&gt;&#13;
                &lt;SALES_ORDER_ITEM/&gt;&#13;
                &lt;PROD_SCHED_PROFILE/&gt;&#13;
                &lt;MATERIAL_TEXT/&gt;&#13;
                &lt;SYSTEM_STATUS/&gt;&#13;
                &lt;CONFIRMED_QUANTITY/&gt;&#13;
                &lt;PLAN_PLANT/&gt;&#13;
                &lt;BATCH/&gt;&#13;
                &lt;MATERIAL_EXTERNAL/&gt;&#13;
                &lt;MATERIAL_GUID/&gt;&#13;
                &lt;MATERIAL_VERSION/&gt;&#13;
            &lt;/item&gt;</Output><Break>false</Break><ItemCount>0</ItemCount><CurrentItem>0</CurrentItem><Source>GetOrdList.Response{/BAPI_PRODORD_GET_LIST/TABLES/ORDER_HEADER/item}</Source><Item><ReferenceDocumentSource/>&lt;?xml version="1.0" encoding="UTF-8"?&gt;&lt;item&gt;&#13;
                &lt;ORDER_NUMBER/&gt;&#13;
                &lt;PRODUCTION_PLANT/&gt;&#13;
                &lt;MRP_CONTROLLER/&gt;&#13;
                &lt;PRODUCTION_SCHEDULER/&gt;&#13;
                &lt;MATERIAL/&gt;&#13;
                &lt;EXPL_DATE/&gt;&#13;
                &lt;ROUTING_NO/&gt;&#13;
                &lt;RESERVATION_NUMBER/&gt;&#13;
                &lt;SCHED_RELEASE_DATE/&gt;&#13;
                &lt;ACTUAL_RELEASE_DATE/&gt;&#13;
                &lt;FINISH_DATE/&gt;&#13;
                &lt;START_DATE/&gt;&#13;
                &lt;PRODUCTION_FINISH_DATE/&gt;&#13;
                &lt;PRODUCTION_START_DATE/&gt;&#13;
                &lt;ACTUAL_START_DATE/&gt;&#13;
                &lt;ACTUAL_FINISH_DATE/&gt;&#13;
                &lt;SCRAP/&gt;&#13;
                &lt;TARGET_QUANTITY/&gt;&#13;
                &lt;UNIT/&gt;&#13;
                &lt;UNIT_ISO/&gt;&#13;
                &lt;PRIORITY/&gt;&#13;
                &lt;ORDER_TYPE/&gt;&#13;
                &lt;ENTERED_BY/&gt;&#13;
                &lt;ENTER_DATE/&gt;&#13;
                &lt;DELETION_FLAG/&gt;&#13;
                &lt;WBS_ELEMENT/&gt;&#13;
                &lt;CONF_NO/&gt;&#13;
                &lt;CONF_CNT/&gt;&#13;
                &lt;INT_OBJ_NO/&gt;&#13;
                &lt;SCHED_FIN_TIME/&gt;&#13;
                &lt;SCHED_START_TIME/&gt;&#13;
                &lt;COLLECTIVE_ORDER/&gt;&#13;
                &lt;ORDER_SEQ_NO/&gt;&#13;
                &lt;FINISH_TIME/&gt;&#13;
                &lt;START_TIME/&gt;&#13;
                &lt;ACTUAL_START_TIME/&gt;&#13;
                &lt;LEADING_ORDER/&gt;&#13;
                &lt;SALES_ORDER/&gt;&#13;
                &lt;SALES_ORDER_ITEM/&gt;&#13;
                &lt;PROD_SCHED_PROFILE/&gt;&#13;
                &lt;MATERIAL_TEXT/&gt;&#13;
                &lt;SYSTEM_STATUS/&gt;&#13;
                &lt;CONFIRMED_QUANTITY/&gt;&#13;
                &lt;PLAN_PLANT/&gt;&#13;
                &lt;BATCH/&gt;&#13;
                &lt;MATERIAL_EXTERNAL/&gt;&#13;
                &lt;MATERIAL_GUID/&gt;&#13;
                &lt;MATERIAL_VERSION/&gt;&#13;
            &lt;/item&gt;</Item></Value><SchemaURI/><SchemaElement/><ValidateXMLOnExecution>1</ValidateXMLOnExecution><SchemaURI/><SchemaElement/><ValidateXMLOnExecution>1</ValidateXMLOnExecution><ReadOnly>false</ReadOnly><AlertXMLAssigned>false</AlertXMLAssigned></ContextItem><ContextItem><Name>If_Empty</Name><Description/><MinRange>0</MinRange><MaxRange>0</MaxRange><Value xsi:type="ConditionalAction"><Output>false</Output><InputCount>1</InputCount><LogicalAnd>false</LogicalAnd><Input1>false</Input1></Value><ReadOnly>false</ReadOnly><AlertXMLAssigned>false</AlertXMLAssigned></ContextItem><ContextItem><Name>If_Status_REL</Name><Description/><MinRange>0</MinRange><MaxRange>0</MaxRange><Value xsi:type="ConditionalAction"><Output>false</Output><InputCount>2</InputCount><LogicalAnd>true</LogicalAnd><Input1>false</Input1><Input2>false</Input2></Value><ReadOnly>false</ReadOnly><AlertXMLAssigned>false</AlertXMLAssigned></ContextItem><ContextItem><Name>debug_1</Name><Description/><MinRange>0</MinRange><MaxRange>0</MaxRange><Value xsi:type="ConditionalAction"><Output>false</Output><InputCount>1</InputCount><LogicalAnd>false</LogicalAnd><Input1>false</Input1></Value><ReadOnly>false</ReadOnly><AlertXMLAssigned>false</AlertXMLAssigned></ContextItem><ContextItem><Name>Order_REL</Name><Description/><MinRange>0</MinRange><MaxRange>0</MaxRange><Value xsi:type="Tracer"><Message/><Level>INFO</Level></Value><ReadOnly>false</ReadOnly><AlertXMLAssigned>false</AlertXMLAssigned></ContextItem><ContextItem><Name>debug_0</Name><Description/><MinRange>0</MinRange><MaxRange>0</MaxRange><Value xsi:type="ConditionalAction"><Output>false</Output><InputCount>1</InputCount><LogicalAnd>false</LogicalAnd><Input1>false</Input1></Value><ReadOnly>false</ReadOnly><AlertXMLAssigned>false</AlertXMLAssigned></ContextItem><ContextItem><Name>Order_EMPTY</Name><Description/><MinRange>0</MinRange><MaxRange>0</MaxRange><Value xsi:type="Tracer"><Message/><Level>INFO</Level></Value><ReadOnly>false</ReadOnly><AlertXMLAssigned>false</AlertXMLAssigned></ContextItem><ContextItem><Name>Exception_Enabler_1</Name><Description/><MinRange>0</MinRange><MaxRange>0</MaxRange><Value xsi:type="ExceptionEnabler"><EnableActionExceptions>true</EnableActionExceptions><EnableLinkExceptions>true</EnableLinkExceptions></Value><ReadOnly>false</ReadOnly><AlertXMLAssigned>false</AlertXMLAssigned></ContextItem><ContextItem><Name>Catch_1</Name><Description/><MinRange>0</MinRange><MaxRange>0</MaxRange><Value xsi:type="CatchAction"/><ReadOnly>false</ReadOnly><AlertXMLAssigned>false</AlertXMLAssigned></ContextItem><ContextItem><Name>ShowCatch_1</Name><Description/><MinRange>0</MinRange><MaxRange>0</MaxRange><Value xsi:type="Tracer"><Message/><Level>INFO</Level></Value><ReadOnly>false</ReadOnly><AlertXMLAssigned>false</AlertXMLAssigned></ContextItem><ContextItem><Name>Exception_Enabler_2</Name><Description/><MinRange>0</MinRange><MaxRange>0</MaxRange><Value xsi:type="ExceptionEnabler"><EnableActionExceptions>true</EnableActionExceptions><EnableLinkExceptions>true</EnableLinkExceptions></Value><ReadOnly>false</ReadOnly><AlertXMLAssigned>false</AlertXMLAssigned></ContextItem><ContextItem><Name>Catch_2</Name><Description/><MinRange>0</MinRange><MaxRange>0</MaxRange><Value xsi:type="CatchAction"/><ReadOnly>false</ReadOnly><AlertXMLAssigned>false</AlertXMLAssigned></ContextItem><ContextItem><Name>ShowCatch_2</Name><Description/><MinRange>0</MinRange><MaxRange>0</MaxRange><Value xsi:type="Tracer"><Message/><Level>INFO</Level></Value><ReadOnly>false</ReadOnly><AlertXMLAssigned>false</AlertXMLAssigned></ContextItem><ContextItem><Name>postOrderConfECC_All</Name><Description/><MinRange>0</MinRange><MaxRange>0</MaxRange><Value xsi:type="TransactionCall"><ResetState>false</ResetState><TransactionName>MESM/ORDERS_CNF/TRANSACTIONS/postOrderConfECC_All</TransactionName><Async>false</Async><Persist>INHERIT</Persist><LogLevel>INHERIT</LogLevel><LogType>INHERIT</LogType><StoreTransactionOutput>false</StoreTransactionOutput><Expiration>-1</Expiration><SAP_PLANT_ID>3602</SAP_PLANT_ID><SAP_CREDENTIAL>SAP</SAP_CREDENTIAL><SAP_SERVER>SAP</SAP_SERVER><SQL_SERVER>MESM</SQL_SERVER></Value><ReadOnly>false</ReadOnly><AlertXMLAssigned>false</AlertXMLAssigned></ContextItem><ContextItem><Name>postConfAll_Ok</Name><Description/><MinRange>0</MinRange><MaxRange>0</MaxRange><Value xsi:type="Tracer"><Message/><Level>INFO</Level></Value><ReadOnly>false</ReadOnly><AlertXMLAssigned>false</AlertXMLAssigned></ContextItem><ContextItem><Name>Success</Name><Description/><MinRange>0</MinRange><MaxRange>0</MaxRange><Value xsi:type="ConditionalAction"><Output>false</Output><InputCount>1</InputCount><LogicalAnd>false</LogicalAnd><Input1>false</Input1></Value><ReadOnly>false</ReadOnly><AlertXMLAssigned>false</AlertXMLAssigned></ContextItem><ContextItem><Name>postConfAll_Err</Name><Description/><MinRange>0</MinRange><MaxRange>0</MaxRange><Value xsi:type="Tracer"><Message/><Level>INFO</Level></Value><ReadOnly>false</ReadOnly><AlertXMLAssigned>false</AlertXMLAssigned></ContextItem><ContextItem><Name>GetOrdDetail</Name><Description/><MinRange>0</MinRange><MaxRange>0</MaxRange><Value xsi:type="SAPJCOFunction"><SourceSession>SAP_JCo_Start</SourceSession><Request><ReferenceDocumentSource/>&lt;?xml version="1.0" encoding="UTF-8"?&gt;&lt;BAPI_PRODORD_GET_DETAIL&gt;&lt;INPUT&gt;&lt;COLLECTIVE_ORDER/&gt;&lt;NUMBER/&gt;&lt;ORDER_OBJECTS&gt;&lt;HEADER/&gt;&lt;POSITIONS/&gt;&lt;SEQUENCES/&gt;&lt;OPERATIONS/&gt;&lt;COMPONENTS/&gt;&lt;PROD_REL_TOOLS/&gt;&lt;TRIGGER_POINTS/&gt;&lt;SUBOPERATIONS/&gt;&lt;/ORDER_OBJECTS&gt;&lt;/INPUT&gt;&lt;TABLES&gt;&lt;COMPONENT&gt;&lt;item&gt;&lt;RESERVATION_NUMBER/&gt;&lt;RESERVATION_ITEM/&gt;&lt;RESERVATION_TYPE/&gt;&lt;DELETION_INDICATOR/&gt;&lt;MATERIAL/&gt;&lt;PROD_PLANT/&gt;&lt;STORAGE_LOCATION/&gt;&lt;SUPPLY_AREA/&gt;&lt;BATCH/&gt;&lt;SPECIAL_STOCK/&gt;&lt;REQ_DATE/&gt;&lt;REQ_QUAN/&gt;&lt;BASE_UOM/&gt;&lt;BASE_UOM_ISO/&gt;&lt;WITHDRAWN_QUANTITY/&gt;&lt;ENTRY_QUANTITY/&gt;&lt;ENTRY_UOM/&gt;&lt;ENTRY_UOM_ISO/&gt;&lt;ORDER_NUMBER/&gt;&lt;MOVEMENT_TYPE/&gt;&lt;ITEM_CATEGORY/&gt;&lt;ITEM_NUMBER/&gt;&lt;SEQUENCE/&gt;&lt;OPERATION/&gt;&lt;BACKFLUSH/&gt;&lt;VALUATION_SPEC_STOCK/&gt;&lt;SYSTEM_STATUS/&gt;&lt;MATERIAL_DESCRIPTION/&gt;&lt;COMMITED_QUANTITY/&gt;&lt;SHORTAGE/&gt;&lt;PURCHASE_REQ_NO/&gt;&lt;PURCHASE_REQ_ITEM/&gt;&lt;MATERIAL_EXTERNAL/&gt;&lt;MATERIAL_GUID/&gt;&lt;MATERIAL_VERSION/&gt;&lt;/item&gt;&lt;/COMPONENT&gt;&lt;HEADER&gt;&lt;item&gt;&lt;ORDER_NUMBER/&gt;&lt;PRODUCTION_PLANT/&gt;&lt;MRP_CONTROLLER/&gt;&lt;PRODUCTION_SCHEDULER/&gt;&lt;MATERIAL/&gt;&lt;EXPL_DATE/&gt;&lt;ROUTING_NO/&gt;&lt;RESERVATION_NUMBER/&gt;&lt;SCHED_RELEASE_DATE/&gt;&lt;ACTUAL_RELEASE_DATE/&gt;&lt;FINISH_DATE/&gt;&lt;START_DATE/&gt;&lt;PRODUCTION_FINISH_DATE/&gt;&lt;PRODUCTION_START_DATE/&gt;&lt;ACTUAL_START_DATE/&gt;&lt;ACTUAL_FINISH_DATE/&gt;&lt;SCRAP/&gt;&lt;TARGET_QUANTITY/&gt;&lt;UNIT/&gt;&lt;UNIT_ISO/&gt;&lt;PRIORITY/&gt;&lt;ORDER_TYPE/&gt;&lt;ENTERED_BY/&gt;&lt;ENTER_DATE/&gt;&lt;DELETION_FLAG/&gt;&lt;WBS_ELEMENT/&gt;&lt;CONF_NO/&gt;&lt;CONF_CNT/&gt;&lt;INT_OBJ_NO/&gt;&lt;SCHED_FIN_TIME/&gt;&lt;SCHED_START_TIME/&gt;&lt;COLLECTIVE_ORDER/&gt;&lt;ORDER_SEQ_NO/&gt;&lt;FINISH_TIME/&gt;&lt;START_TIME/&gt;&lt;ACTUAL_START_TIME/&gt;&lt;LEADING_ORDER/&gt;&lt;SALES_ORDER/&gt;&lt;SALES_ORDER_ITEM/&gt;&lt;PROD_SCHED_PROFILE/&gt;&lt;MATERIAL_TEXT/&gt;&lt;SYSTEM_STATUS/&gt;&lt;CONFIRMED_QUANTITY/&gt;&lt;PLAN_PLANT/&gt;&lt;BATCH/&gt;&lt;MATERIAL_EXTERNAL/&gt;&lt;MATERIAL_GUID/&gt;&lt;MATERIAL_VERSION/&gt;&lt;DATE_OF_EXPIRY/&gt;&lt;DATE_OF_MANUFACTURE/&gt;&lt;/item&gt;&lt;/HEADER&gt;&lt;OPERATION&gt;&lt;item&gt;&lt;ROUTING_NO/&gt;&lt;COUNTER/&gt;&lt;SEQUENCE_NO/&gt;&lt;CONF_NO/&gt;&lt;CONF_CNT/&gt;&lt;PURCHASE_REQ_NO/&gt;&lt;PURCHASE_REQ_ITEM/&gt;&lt;GROUP_COUNTER/&gt;&lt;TASK_LIST_TYPE/&gt;&lt;TASK_LIST_GROUP/&gt;&lt;OPERATION_NUMBER/&gt;&lt;OPR_CNTRL_KEY/&gt;&lt;PROD_PLANT/&gt;&lt;DESCRIPTION/&gt;&lt;DESCRIPTION2/&gt;&lt;STANDARD_VALUE_KEY/&gt;&lt;ACTIVITY_TYPE_1/&gt;&lt;ACTIVITY_TYPE_2/&gt;&lt;ACTIVITY_TYPE_3/&gt;&lt;ACTIVITY_TYPE_4/&gt;&lt;ACTIVITY_TYPE_5/&gt;&lt;ACTIVITY_TYPE_6/&gt;&lt;UNIT/&gt;&lt;UNIT_ISO/&gt;&lt;QUANTITY/&gt;&lt;SCRAP/&gt;&lt;EARL_SCHED_START_DATE_EXEC/&gt;&lt;EARL_SCHED_START_TIME_EXEC/&gt;&lt;EARL_SCHED_START_DATE_PROC/&gt;&lt;EARL_SCHED_START_TIME_PROC/&gt;&lt;EARL_SCHED_START_DATE_TEARD/&gt;&lt;EARL_SCHED_START_TIME_TEARD/&gt;&lt;EARL_SCHED_FIN_DATE_EXEC/&gt;&lt;EARL_SCHED_FIN_TIME_EXEC/&gt;&lt;LATE_SCHED_START_DATE_EXEC/&gt;&lt;LATE_SCHED_START_TIME_EXEC/&gt;&lt;LATE_SCHED_START_DATE_PROC/&gt;&lt;LATE_SCHED_START_TIME_PROC/&gt;&lt;LATE_SCHED_START_DATE_TEARD/&gt;&lt;LATE_SCHED_START_TIME_TEARD/&gt;&lt;LATE_SCHED_FIN_DATE_EXEC/&gt;&lt;LATE_SCHED_FIN_TIME_EXEC/&gt;&lt;WORK_CENTER/&gt;&lt;WORK_CENTER_TEXT/&gt;&lt;SYSTEM_STATUS/&gt;&lt;SUBOPERATION/&gt;&lt;/item&gt;&lt;/OPERATION&gt;&lt;POSITION&gt;&lt;item&gt;&lt;ORDER_NUMBER/&gt;&lt;ORDER_ITEM_NUMBER/&gt;&lt;SALES_ORDER/&gt;&lt;SALES_ORDER_ITEM/&gt;&lt;SCRAP/&gt;&lt;QUANTITY/&gt;&lt;DELIVERED_QUANTITY/&gt;&lt;BASE_UNIT/&gt;&lt;BASE_UNIT_ISO/&gt;&lt;MATERIAL/&gt;&lt;ACTUAL_DELIVERY_DATE/&gt;&lt;PLANNED_DELIVERY_DATE/&gt;&lt;PLAN_PLANT/&gt;&lt;STORAGE_LOCATION/&gt;&lt;DELIVERY_COMPL/&gt;&lt;PRODUCTION_VERSION/&gt;&lt;PROD_PLANT/&gt;&lt;ORDER_TYPE/&gt;&lt;FINISH_DATE/&gt;&lt;PRODUCTION_FINISH_DATE/&gt;&lt;BATCH/&gt;&lt;DELETION_FLAG/&gt;&lt;MRP_AREA/&gt;&lt;MATERIAL_TEXT/&gt;&lt;MATERIAL_EXTERNAL/&gt;&lt;MATERIAL_GUID/&gt;&lt;MATERIAL_VERSION/&gt;&lt;/item&gt;&lt;/POSITION&gt;&lt;PROD_REL_TOOL&gt;&lt;item&gt;&lt;ROUTING_NO/&gt;&lt;COUNTER/&gt;&lt;PRT_ITEM_COUNT/&gt;&lt;DELETION_INDICATOR/&gt;&lt;TASK_LIST_TYPE/&gt;&lt;TASK_LIST_GROUP/&gt;&lt;CTRL_KEY/&gt;&lt;EARL_SCHED_START_DATE/&gt;&lt;EARL_SCHED_START_TIME/&gt;&lt;EARL_SCHED_FINISH_DATE/&gt;&lt;EARL_SCHED_FINISH_TIME/&gt;&lt;LATEST_SCHED_START_DATE/&gt;&lt;LATEST_SCHED_START_TIME/&gt;&lt;LATEST_SCHED_FINISH_DATE/&gt;&lt;LATEST_SCHED_FINISH_TIME/&gt;&lt;ACTUAL_START_DATE/&gt;&lt;ACTUAL_START_TIME/&gt;&lt;ACTUAL_FINISH_DATE/&gt;&lt;ACTUAL_FINISH_TIME/&gt;&lt;DURATION/&gt;&lt;DURATION_UNIT/&gt;&lt;DURATION_UNIT_ISO/&gt;&lt;STD_VALUE_FOR_PRT_QTY/&gt;&lt;STD_VALUE_UNIT/&gt;&lt;STD_VALUE_UNIT_ISO/&gt;&lt;TOTAL_QUANTITY/&gt;&lt;QUANTITY_UNIT/&gt;&lt;QUANTITY_UNIT_ISO/&gt;&lt;FORMULA_TOT_QTY/&gt;&lt;STD_USAGE_VALUE_FOR_PRT/&gt;&lt;STD_USAGE_VALUE_UNIT/&gt;&lt;STD_USAGE_VALUE_UNIT_ISO/&gt;&lt;USAGE_VALUE/&gt;&lt;USAGE_VALUE_UNIT/&gt;&lt;USAGE_VALUE_UNIT_ISO/&gt;&lt;FORMULA_TOT_USAGE/&gt;&lt;ORDER_NUMBER/&gt;&lt;PRT_CATEGORY/&gt;&lt;PRT_NUMBER/&gt;&lt;PRT_PLANT/&gt;&lt;MATERIAL/&gt;&lt;DOCUMENT_TYPE/&gt;&lt;DOCUMENT_NUMBER/&gt;&lt;DOCUMENT_VERSION/&gt;&lt;DOCUMENT_PART/&gt;&lt;EQUIPMENT/&gt;&lt;MEASURING_POINT/&gt;&lt;DESCRIPTION_MEASURING_POINT/&gt;&lt;DESCRIPTION/&gt;&lt;BASE_UNIT/&gt;&lt;BASE_UNIT_ISO/&gt;&lt;SYSTEM_STATUS/&gt;&lt;MATERIAL_EXTERNAL/&gt;&lt;MATERIAL_GUID/&gt;&lt;MATERIAL_VERSION/&gt;&lt;/item&gt;&lt;/PROD_REL_TOOL&gt;&lt;SEQUENCE&gt;&lt;item&gt;&lt;ROUTING_NO/&gt;&lt;COUNTER/&gt;&lt;TASK_LIST_TYPE/&gt;&lt;TASK_LIST_GROUP/&gt;&lt;GROUP_COUNTER/&gt;&lt;SEQUENCE_NO/&gt;&lt;SEQUENCE_CATEGORY/&gt;&lt;DESCRIPTION/&gt;&lt;LOT_SZ_MIN/&gt;&lt;LOT_SZ_MAX/&gt;&lt;BRANCH_OPERATION/&gt;&lt;RETURN_OPERATION/&gt;&lt;ORDER_NUMBER/&gt;&lt;TASK_MEASURE_UNIT/&gt;&lt;TASK_MEASURE_UNIT_ISO/&gt;&lt;/item&gt;&lt;/SEQUENCE&gt;&lt;TRIGGER_POINT&gt;&lt;item&gt;&lt;MILESTONE_NUMBER/&gt;&lt;VALID_FROM_DATE/&gt;&lt;DELETION_INDICATOR/&gt;&lt;CREATED_BY/&gt;&lt;CREATED_ON/&gt;&lt;CHANGED_BY/&gt;&lt;CHANGED_ON/&gt;&lt;STD_NET_WORK/&gt;&lt;STD_NET_TYPE/&gt;&lt;ALT_NET_WORK/&gt;&lt;IND_FUNCTIONS/&gt;&lt;DESCRIPTION/&gt;&lt;OPERATION/&gt;&lt;ORDER_NUMBER/&gt;&lt;/item&gt;&lt;/TRIGGER_POINT&gt;&lt;/TABLES&gt;&lt;/BAPI_PRODORD_GET_DETAIL&gt;</Request><Response><ReferenceDocumentSource/>&lt;?xml version="1.0" encoding="UTF-8"?&gt;&lt;BAPI_PRODORD_GET_DETAIL&gt;&lt;OUTPUT&gt;&lt;RETURN&gt;&lt;TYPE/&gt;&lt;ID/&gt;&lt;NUMBER/&gt;&lt;MESSAGE/&gt;&lt;LOG_NO/&gt;&lt;LOG_MSG_NO/&gt;&lt;MESSAGE_V1/&gt;&lt;MESSAGE_V2/&gt;&lt;MESSAGE_V3/&gt;&lt;MESSAGE_V4/&gt;&lt;PARAMETER/&gt;&lt;ROW/&gt;&lt;FIELD/&gt;&lt;SYSTEM/&gt;&lt;/RETURN&gt;&lt;/OUTPUT&gt;&lt;TABLES&gt;&lt;COMPONENT&gt;&lt;item&gt;&lt;RESERVATION_NUMBER/&gt;&lt;RESERVATION_ITEM/&gt;&lt;RESERVATION_TYPE/&gt;&lt;DELETION_INDICATOR/&gt;&lt;MATERIAL/&gt;&lt;PROD_PLANT/&gt;&lt;STORAGE_LOCATION/&gt;&lt;SUPPLY_AREA/&gt;&lt;BATCH/&gt;&lt;SPECIAL_STOCK/&gt;&lt;REQ_DATE/&gt;&lt;REQ_QUAN/&gt;&lt;BASE_UOM/&gt;&lt;BASE_UOM_ISO/&gt;&lt;WITHDRAWN_QUANTITY/&gt;&lt;ENTRY_QUANTITY/&gt;&lt;ENTRY_UOM/&gt;&lt;ENTRY_UOM_ISO/&gt;&lt;ORDER_NUMBER/&gt;&lt;MOVEMENT_TYPE/&gt;&lt;ITEM_CATEGORY/&gt;&lt;ITEM_NUMBER/&gt;&lt;SEQUENCE/&gt;&lt;OPERATION/&gt;&lt;BACKFLUSH/&gt;&lt;VALUATION_SPEC_STOCK/&gt;&lt;SYSTEM_STATUS/&gt;&lt;MATERIAL_DESCRIPTION/&gt;&lt;COMMITED_QUANTITY/&gt;&lt;SHORTAGE/&gt;&lt;PURCHASE_REQ_NO/&gt;&lt;PURCHASE_REQ_ITEM/&gt;&lt;MATERIAL_EXTERNAL/&gt;&lt;MATERIAL_GUID/&gt;&lt;MATERIAL_VERSION/&gt;&lt;/item&gt;&lt;/COMPONENT&gt;&lt;HEADER&gt;&lt;item&gt;&lt;ORDER_NUMBER/&gt;&lt;PRODUCTION_PLANT/&gt;&lt;MRP_CONTROLLER/&gt;&lt;PRODUCTION_SCHEDULER/&gt;&lt;MATERIAL/&gt;&lt;EXPL_DATE/&gt;&lt;ROUTING_NO/&gt;&lt;RESERVATION_NUMBER/&gt;&lt;SCHED_RELEASE_DATE/&gt;&lt;ACTUAL_RELEASE_DATE/&gt;&lt;FINISH_DATE/&gt;&lt;START_DATE/&gt;&lt;PRODUCTION_FINISH_DATE/&gt;&lt;PRODUCTION_START_DATE/&gt;&lt;ACTUAL_START_DATE/&gt;&lt;ACTUAL_FINISH_DATE/&gt;&lt;SCRAP/&gt;&lt;TARGET_QUANTITY/&gt;&lt;UNIT/&gt;&lt;UNIT_ISO/&gt;&lt;PRIORITY/&gt;&lt;ORDER_TYPE/&gt;&lt;ENTERED_BY/&gt;&lt;ENTER_DATE/&gt;&lt;DELETION_FLAG/&gt;&lt;WBS_ELEMENT/&gt;&lt;CONF_NO/&gt;&lt;CONF_CNT/&gt;&lt;INT_OBJ_NO/&gt;&lt;SCHED_FIN_TIME/&gt;&lt;SCHED_START_TIME/&gt;&lt;COLLECTIVE_ORDER/&gt;&lt;ORDER_SEQ_NO/&gt;&lt;FINISH_TIME/&gt;&lt;START_TIME/&gt;&lt;ACTUAL_START_TIME/&gt;&lt;LEADING_ORDER/&gt;&lt;SALES_ORDER/&gt;&lt;SALES_ORDER_ITEM/&gt;&lt;PROD_SCHED_PROFILE/&gt;&lt;MATERIAL_TEXT/&gt;&lt;SYSTEM_STATUS/&gt;&lt;CONFIRMED_QUANTITY/&gt;&lt;PLAN_PLANT/&gt;&lt;BATCH/&gt;&lt;MATERIAL_EXTERNAL/&gt;&lt;MATERIAL_GUID/&gt;&lt;MATERIAL_VERSION/&gt;&lt;DATE_OF_EXPIRY/&gt;&lt;DATE_OF_MANUFACTURE/&gt;&lt;/item&gt;&lt;/HEADER&gt;&lt;OPERATION&gt;&lt;item&gt;&lt;ROUTING_NO/&gt;&lt;COUNTER/&gt;&lt;SEQUENCE_NO/&gt;&lt;CONF_NO/&gt;&lt;CONF_CNT/&gt;&lt;PURCHASE_REQ_NO/&gt;&lt;PURCHASE_REQ_ITEM/&gt;&lt;GROUP_COUNTER/&gt;&lt;TASK_LIST_TYPE/&gt;&lt;TASK_LIST_GROUP/&gt;&lt;OPERATION_NUMBER/&gt;&lt;OPR_CNTRL_KEY/&gt;&lt;PROD_PLANT/&gt;&lt;DESCRIPTION/&gt;&lt;DESCRIPTION2/&gt;&lt;STANDARD_VALUE_KEY/&gt;&lt;ACTIVITY_TYPE_1/&gt;&lt;ACTIVITY_TYPE_2/&gt;&lt;ACTIVITY_TYPE_3/&gt;&lt;ACTIVITY_TYPE_4/&gt;&lt;ACTIVITY_TYPE_5/&gt;&lt;ACTIVITY_TYPE_6/&gt;&lt;UNIT/&gt;&lt;UNIT_ISO/&gt;&lt;QUANTITY/&gt;&lt;SCRAP/&gt;&lt;EARL_SCHED_START_DATE_EXEC/&gt;&lt;EARL_SCHED_START_TIME_EXEC/&gt;&lt;EARL_SCHED_START_DATE_PROC/&gt;&lt;EARL_SCHED_START_TIME_PROC/&gt;&lt;EARL_SCHED_START_DATE_TEARD/&gt;&lt;EARL_SCHED_START_TIME_TEARD/&gt;&lt;EARL_SCHED_FIN_DATE_EXEC/&gt;&lt;EARL_SCHED_FIN_TIME_EXEC/&gt;&lt;LATE_SCHED_START_DATE_EXEC/&gt;&lt;LATE_SCHED_START_TIME_EXEC/&gt;&lt;LATE_SCHED_START_DATE_PROC/&gt;&lt;LATE_SCHED_START_TIME_PROC/&gt;&lt;LATE_SCHED_START_DATE_TEARD/&gt;&lt;LATE_SCHED_START_TIME_TEARD/&gt;&lt;LATE_SCHED_FIN_DATE_EXEC/&gt;&lt;LATE_SCHED_FIN_TIME_EXEC/&gt;&lt;WORK_CENTER/&gt;&lt;WORK_CENTER_TEXT/&gt;&lt;SYSTEM_STATUS/&gt;&lt;SUBOPERATION/&gt;&lt;/item&gt;&lt;/OPERATION&gt;&lt;POSITION&gt;&lt;item&gt;&lt;ORDER_NUMBER/&gt;&lt;ORDER_ITEM_NUMBER/&gt;&lt;SALES_ORDER/&gt;&lt;SALES_ORDER_ITEM/&gt;&lt;SCRAP/&gt;&lt;QUANTITY/&gt;&lt;DELIVERED_QUANTITY/&gt;&lt;BASE_UNIT/&gt;&lt;BASE_UNIT_ISO/&gt;&lt;MATERIAL/&gt;&lt;ACTUAL_DELIVERY_DATE/&gt;&lt;PLANNED_DELIVERY_DATE/&gt;&lt;PLAN_PLANT/&gt;&lt;STORAGE_LOCATION/&gt;&lt;DELIVERY_COMPL/&gt;&lt;PRODUCTION_VERSION/&gt;&lt;PROD_PLANT/&gt;&lt;ORDER_TYPE/&gt;&lt;FINISH_DATE/&gt;&lt;PRODUCTION_FINISH_DATE/&gt;&lt;BATCH/&gt;&lt;DELETION_FLAG/&gt;&lt;MRP_AREA/&gt;&lt;MATERIAL_TEXT/&gt;&lt;MATERIAL_EXTERNAL/&gt;&lt;MATERIAL_GUID/&gt;&lt;MATERIAL_VERSION/&gt;&lt;/item&gt;&lt;/POSITION&gt;&lt;PROD_REL_TOOL&gt;&lt;item&gt;&lt;ROUTING_NO/&gt;&lt;COUNTER/&gt;&lt;PRT_ITEM_COUNT/&gt;&lt;DELETION_INDICATOR/&gt;&lt;TASK_LIST_TYPE/&gt;&lt;TASK_LIST_GROUP/&gt;&lt;CTRL_KEY/&gt;&lt;EARL_SCHED_START_DATE/&gt;&lt;EARL_SCHED_START_TIME/&gt;&lt;EARL_SCHED_FINISH_DATE/&gt;&lt;EARL_SCHED_FINISH_TIME/&gt;&lt;LATEST_SCHED_START_DATE/&gt;&lt;LATEST_SCHED_START_TIME/&gt;&lt;LATEST_SCHED_FINISH_DATE/&gt;&lt;LATEST_SCHED_FINISH_TIME/&gt;&lt;ACTUAL_START_DATE/&gt;&lt;ACTUAL_START_TIME/&gt;&lt;ACTUAL_FINISH_DATE/&gt;&lt;ACTUAL_FINISH_TIME/&gt;&lt;DURATION/&gt;&lt;DURATION_UNIT/&gt;&lt;DURATION_UNIT_ISO/&gt;&lt;STD_VALUE_FOR_PRT_QTY/&gt;&lt;STD_VALUE_UNIT/&gt;&lt;STD_VALUE_UNIT_ISO/&gt;&lt;TOTAL_QUANTITY/&gt;&lt;QUANTITY_UNIT/&gt;&lt;QUANTITY_UNIT_ISO/&gt;&lt;FORMULA_TOT_QTY/&gt;&lt;STD_USAGE_VALUE_FOR_PRT/&gt;&lt;STD_USAGE_VALUE_UNIT/&gt;&lt;STD_USAGE_VALUE_UNIT_ISO/&gt;&lt;USAGE_VALUE/&gt;&lt;USAGE_VALUE_UNIT/&gt;&lt;USAGE_VALUE_UNIT_ISO/&gt;&lt;FORMULA_TOT_USAGE/&gt;&lt;ORDER_NUMBER/&gt;&lt;PRT_CATEGORY/&gt;&lt;PRT_NUMBER/&gt;&lt;PRT_PLANT/&gt;&lt;MATERIAL/&gt;&lt;DOCUMENT_TYPE/&gt;&lt;DOCUMENT_NUMBER/&gt;&lt;DOCUMENT_VERSION/&gt;&lt;DOCUMENT_PART/&gt;&lt;EQUIPMENT/&gt;&lt;MEASURING_POINT/&gt;&lt;DESCRIPTION_MEASURING_POINT/&gt;&lt;DESCRIPTION/&gt;&lt;BASE_UNIT/&gt;&lt;BASE_UNIT_ISO/&gt;&lt;SYSTEM_STATUS/&gt;&lt;MATERIAL_EXTERNAL/&gt;&lt;MATERIAL_GUID/&gt;&lt;MATERIAL_VERSION/&gt;&lt;/item&gt;&lt;/PROD_REL_TOOL&gt;&lt;SEQUENCE&gt;&lt;item&gt;&lt;ROUTING_NO/&gt;&lt;COUNTER/&gt;&lt;TASK_LIST_TYPE/&gt;&lt;TASK_LIST_GROUP/&gt;&lt;GROUP_COUNTER/&gt;&lt;SEQUENCE_NO/&gt;&lt;SEQUENCE_CATEGORY/&gt;&lt;DESCRIPTION/&gt;&lt;LOT_SZ_MIN/&gt;&lt;LOT_SZ_MAX/&gt;&lt;BRANCH_OPERATION/&gt;&lt;RETURN_OPERATION/&gt;&lt;ORDER_NUMBER/&gt;&lt;TASK_MEASURE_UNIT/&gt;&lt;TASK_MEASURE_UNIT_ISO/&gt;&lt;/item&gt;&lt;/SEQUENCE&gt;&lt;TRIGGER_POINT&gt;&lt;item&gt;&lt;MILESTONE_NUMBER/&gt;&lt;VALID_FROM_DATE/&gt;&lt;DELETION_INDICATOR/&gt;&lt;CREATED_BY/&gt;&lt;CREATED_ON/&gt;&lt;CHANGED_BY/&gt;&lt;CHANGED_ON/&gt;&lt;STD_NET_WORK/&gt;&lt;STD_NET_TYPE/&gt;&lt;ALT_NET_WORK/&gt;&lt;IND_FUNCTIONS/&gt;&lt;DESCRIPTION/&gt;&lt;OPERATION/&gt;&lt;ORDER_NUMBER/&gt;&lt;/item&gt;&lt;/TRIGGER_POINT&gt;&lt;/TABLES&gt;&lt;/BAPI_PRODORD_GET_DETAIL&gt;</Response><SAPRFC>BAPI_PRODORD_GET_DETAIL</SAPRFC><TYPERFC>0</TYPERFC><QueueName/><ExecuteFunction>true</ExecuteFunction><RecreateFunction>true</RecreateFunction><AllowMultipleRows>true</AllowMultipleRows><DaysRetention>7</DaysRetention><MaxRetryCount>5</MaxRetryCount><RetryInterval>30000</RetryInterval><ProcessingMode>1</ProcessingMode><Filter/><DataBufferComment/><RetryImmediately>false</RetryImmediately></Value><SchemaURI/><SchemaElement/><ValidateXMLOnExecution>1</ValidateXMLOnExecution><SchemaURI/><SchemaElement/><ValidateXMLOnExecution>1</ValidateXMLOnExecution><ReadOnly>false</ReadOnly><AlertXMLAssigned>false</AlertXMLAssigned></ContextItem><ContextItem><Name>GetOrdDetail_Ok</Name><Description/><MinRange>0</MinRange><MaxRange>0</MaxRange><Value xsi:type="ConditionalAction"><Output>false</Output><InputCount>1</InputCount><LogicalAnd>false</LogicalAnd><Input1>false</Input1></Value><ReadOnly>false</ReadOnly><AlertXMLAssigned>false</AlertXMLAssigned></ContextItem><ContextItem><Name>RepeatOnOps</Name><Description/><MinRange>0</MinRange><MaxRange>0</MaxRange><Value xsi:type="RepeaterAction"><Output><ReferenceDocumentSource/>&lt;?xml version="1.0" encoding="UTF-8"?&gt;&lt;item&gt;&#13;
                &lt;ROUTING_NO/&gt;&#13;
                &lt;COUNTER/&gt;&#13;
                &lt;SEQUENCE_NO/&gt;&#13;
                &lt;CONF_NO/&gt;&#13;
                &lt;CONF_CNT/&gt;&#13;
                &lt;PURCHASE_REQ_NO/&gt;&#13;
                &lt;PURCHASE_REQ_ITEM/&gt;&#13;
                &lt;GROUP_COUNTER/&gt;&#13;
                &lt;TASK_LIST_TYPE/&gt;&#13;
                &lt;TASK_LIST_GROUP/&gt;&#13;
                &lt;OPERATION_NUMBER/&gt;&#13;
                &lt;OPR_CNTRL_KEY/&gt;&#13;
                &lt;PROD_PLANT/&gt;&#13;
                &lt;DESCRIPTION/&gt;&#13;
                &lt;DESCRIPTION2/&gt;&#13;
                &lt;STANDARD_VALUE_KEY/&gt;&#13;
                &lt;ACTIVITY_TYPE_1/&gt;&#13;
                &lt;ACTIVITY_TYPE_2/&gt;&#13;
                &lt;ACTIVITY_TYPE_3/&gt;&#13;
                &lt;ACTIVITY_TYPE_4/&gt;&#13;
                &lt;ACTIVITY_TYPE_5/&gt;&#13;
                &lt;ACTIVITY_TYPE_6/&gt;&#13;
                &lt;UNIT/&gt;&#13;
                &lt;UNIT_ISO/&gt;&#13;
                &lt;QUANTITY/&gt;&#13;
                &lt;SCRAP/&gt;&#13;
                &lt;EARL_SCHED_START_DATE_EXEC/&gt;&#13;
                &lt;EARL_SCHED_START_TIME_EXEC/&gt;&#13;
                &lt;EARL_SCHED_START_DATE_PROC/&gt;&#13;
                &lt;EARL_SCHED_START_TIME_PROC/&gt;&#13;
                &lt;EARL_SCHED_START_DATE_TEARD/&gt;&#13;
                &lt;EARL_SCHED_START_TIME_TEARD/&gt;&#13;
                &lt;EARL_SCHED_FIN_DATE_EXEC/&gt;&#13;
                &lt;EARL_SCHED_FIN_TIME_EXEC/&gt;&#13;
                &lt;LATE_SCHED_START_DATE_EXEC/&gt;&#13;
                &lt;LATE_SCHED_START_TIME_EXEC/&gt;&#13;
                &lt;LATE_SCHED_START_DATE_PROC/&gt;&#13;
                &lt;LATE_SCHED_START_TIME_PROC/&gt;&#13;
                &lt;LATE_SCHED_START_DATE_TEARD/&gt;&#13;
                &lt;LATE_SCHED_START_TIME_TEARD/&gt;&#13;
                &lt;LATE_SCHED_FIN_DATE_EXEC/&gt;&#13;
                &lt;LATE_SCHED_FIN_TIME_EXEC/&gt;&#13;
                &lt;WORK_CENTER/&gt;&#13;
                &lt;WORK_CENTER_TEXT/&gt;&#13;
                &lt;SYSTEM_STATUS/&gt;&#13;
                &lt;SUBOPERATION/&gt;&#13;
            &lt;/item&gt;</Output><Break>false</Break><ItemCount>0</ItemCount><CurrentItem>0</CurrentItem><Source>GetOrdDetail.Response{/BAPI_PRODORD_GET_DETAIL/TABLES/OPERATION/item}</Source><Item><ReferenceDocumentSource/>&lt;?xml version="1.0" encoding="UTF-8"?&gt;&lt;item&gt;&#13;
                &lt;ROUTING_NO/&gt;&#13;
                &lt;COUNTER/&gt;&#13;
                &lt;SEQUENCE_NO/&gt;&#13;
                &lt;CONF_NO/&gt;&#13;
                &lt;CONF_CNT/&gt;&#13;
                &lt;PURCHASE_REQ_NO/&gt;&#13;
                &lt;PURCHASE_REQ_ITEM/&gt;&#13;
                &lt;GROUP_COUNTER/&gt;&#13;
                &lt;TASK_LIST_TYPE/&gt;&#13;
                &lt;TASK_LIST_GROUP/&gt;&#13;
                &lt;OPERATION_NUMBER/&gt;&#13;
                &lt;OPR_CNTRL_KEY/&gt;&#13;
                &lt;PROD_PLANT/&gt;&#13;
                &lt;DESCRIPTION/&gt;&#13;
                &lt;DESCRIPTION2/&gt;&#13;
                &lt;STANDARD_VALUE_KEY/&gt;&#13;
                &lt;ACTIVITY_TYPE_1/&gt;&#13;
                &lt;ACTIVITY_TYPE_2/&gt;&#13;
                &lt;ACTIVITY_TYPE_3/&gt;&#13;
                &lt;ACTIVITY_TYPE_4/&gt;&#13;
                &lt;ACTIVITY_TYPE_5/&gt;&#13;
                &lt;ACTIVITY_TYPE_6/&gt;&#13;
                &lt;UNIT/&gt;&#13;
                &lt;UNIT_ISO/&gt;&#13;
                &lt;QUANTITY/&gt;&#13;
                &lt;SCRAP/&gt;&#13;
                &lt;EARL_SCHED_START_DATE_EXEC/&gt;&#13;
                &lt;EARL_SCHED_START_TIME_EXEC/&gt;&#13;
                &lt;EARL_SCHED_START_DATE_PROC/&gt;&#13;
                &lt;EARL_SCHED_START_TIME_PROC/&gt;&#13;
                &lt;EARL_SCHED_START_DATE_TEARD/&gt;&#13;
                &lt;EARL_SCHED_START_TIME_TEARD/&gt;&#13;
                &lt;EARL_SCHED_FIN_DATE_EXEC/&gt;&#13;
                &lt;EARL_SCHED_FIN_TIME_EXEC/&gt;&#13;
                &lt;LATE_SCHED_START_DATE_EXEC/&gt;&#13;
                &lt;LATE_SCHED_START_TIME_EXEC/&gt;&#13;
                &lt;LATE_SCHED_START_DATE_PROC/&gt;&#13;
                &lt;LATE_SCHED_START_TIME_PROC/&gt;&#13;
                &lt;LATE_SCHED_START_DATE_TEARD/&gt;&#13;
                &lt;LATE_SCHED_START_TIME_TEARD/&gt;&#13;
                &lt;LATE_SCHED_FIN_DATE_EXEC/&gt;&#13;
                &lt;LATE_SCHED_FIN_TIME_EXEC/&gt;&#13;
                &lt;WORK_CENTER/&gt;&#13;
                &lt;WORK_CENTER_TEXT/&gt;&#13;
                &lt;SYSTEM_STATUS/&gt;&#13;
                &lt;SUBOPERATION/&gt;&#13;
            &lt;/item&gt;</Item></Value><SchemaURI/><SchemaElement/><ValidateXMLOnExecution>1</ValidateXMLOnExecution><SchemaURI/><SchemaElement/><ValidateXMLOnExecution>1</ValidateXMLOnExecution><ReadOnly>false</ReadOnly><AlertXMLAssigned>false</AlertXMLAssigned></ContextItem><ContextItem><Name>For_Defined_WC</Name><Description/><MinRange>0</MinRange><MaxRange>0</MaxRange><Value xsi:type="ConditionalAction"><Output>false</Output><InputCount>1</InputCount><LogicalAnd>false</LogicalAnd><Input1>false</Input1></Value><ReadOnly>false</ReadOnly><AlertXMLAssigned>false</AlertXMLAssigned></ContextItem><ContextItem><Name>AssignFilter</Name><Description/><MinRange>0</MinRange><MaxRange>0</MaxRange><Value xsi:type="Assignment"/><ReadOnly>false</ReadOnly><AlertXMLAssigned>false</AlertXMLAssigned></ContextItem><ContextItem><Name>Orders_Import_SAP</Name><Description/><MinRange>0</MinRange><MaxRange>0</MaxRange><Value xsi:type="IlluminatorSQLQueryObject"><Timeout>60</Timeout><QueryParameters/><QueryTemplate>MESM/ORDERS_DLD/QUERIES/sql_Import_SAP</QueryTemplate><QueryStartDate>2016-06-06T11:45:15</QueryStartDate><QueryEndDate>2016-06-06T11:45:15</QueryEndDate><SQLTransaction/><Results><ReferenceDocumentSource/>&lt;?xml version="1.0" encoding="UTF-8"?&gt;&lt;Rowsets CachedTime="" DateCreated="2016-07-11T21:55:25" EndDate="2016-07-11T21:55:25" StartDate="2016-07-11T20:55:25" Version="15.0 SP4 Patch 11 (28-Aug-2015)"&gt;&lt;FatalError&gt;com.sap.xmii.Illuminator.logging.LHException: No query parameter was found&lt;/FatalError&gt;&lt;/Rowsets&gt;</Results><TagList/></Value><SchemaURI/><SchemaElement/><ValidateXMLOnExecution>1</ValidateXMLOnExecution><ReadOnly>false</ReadOnly><AlertXMLAssigned>false</AlertXMLAssigned></ContextItem><ContextItem><Name>IfFilter_1</Name><Description/><MinRange>0</MinRange><MaxRange>0</MaxRange><Value xsi:type="ConditionalAction"><Output>false</Output><InputCount>1</InputCount><LogicalAnd>false</LogicalAnd><Input1>false</Input1></Value><ReadOnly>false</ReadOnly><AlertXMLAssigned>false</AlertXMLAssigned></ContextItem><ContextItem><Name>RepeatOnOperation</Name><Description/><MinRange>0</MinRange><MaxRange>0</MaxRange><Value xsi:type="RepeaterAction"><Output><ReferenceDocumentSource/>&lt;?xml version="1.0" encoding="UTF-8"?&gt;&lt;item&gt;&#13;
                &lt;ROUTING_NO/&gt;&#13;
                &lt;COUNTER/&gt;&#13;
                &lt;SEQUENCE_NO/&gt;&#13;
                &lt;CONF_NO/&gt;&#13;
                &lt;CONF_CNT/&gt;&#13;
                &lt;PURCHASE_REQ_NO/&gt;&#13;
                &lt;PURCHASE_REQ_ITEM/&gt;&#13;
                &lt;GROUP_COUNTER/&gt;&#13;
                &lt;TASK_LIST_TYPE/&gt;&#13;
                &lt;TASK_LIST_GROUP/&gt;&#13;
                &lt;OPERATION_NUMBER/&gt;&#13;
                &lt;OPR_CNTRL_KEY/&gt;&#13;
                &lt;PROD_PLANT/&gt;&#13;
                &lt;DESCRIPTION/&gt;&#13;
                &lt;DESCRIPTION2/&gt;&#13;
                &lt;STANDARD_VALUE_KEY/&gt;&#13;
                &lt;ACTIVITY_TYPE_1/&gt;&#13;
                &lt;ACTIVITY_TYPE_2/&gt;&#13;
                &lt;ACTIVITY_TYPE_3/&gt;&#13;
                &lt;ACTIVITY_TYPE_4/&gt;&#13;
                &lt;ACTIVITY_TYPE_5/&gt;&#13;
                &lt;ACTIVITY_TYPE_6/&gt;&#13;
                &lt;UNIT/&gt;&#13;
                &lt;UNIT_ISO/&gt;&#13;
                &lt;QUANTITY/&gt;&#13;
                &lt;SCRAP/&gt;&#13;
                &lt;EARL_SCHED_START_DATE_EXEC/&gt;&#13;
                &lt;EARL_SCHED_START_TIME_EXEC/&gt;&#13;
                &lt;EARL_SCHED_START_DATE_PROC/&gt;&#13;
                &lt;EARL_SCHED_START_TIME_PROC/&gt;&#13;
                &lt;EARL_SCHED_START_DATE_TEARD/&gt;&#13;
                &lt;EARL_SCHED_START_TIME_TEARD/&gt;&#13;
                &lt;EARL_SCHED_FIN_DATE_EXEC/&gt;&#13;
                &lt;EARL_SCHED_FIN_TIME_EXEC/&gt;&#13;
                &lt;LATE_SCHED_START_DATE_EXEC/&gt;&#13;
                &lt;LATE_SCHED_START_TIME_EXEC/&gt;&#13;
                &lt;LATE_SCHED_START_DATE_PROC/&gt;&#13;
                &lt;LATE_SCHED_START_TIME_PROC/&gt;&#13;
                &lt;LATE_SCHED_START_DATE_TEARD/&gt;&#13;
                &lt;LATE_SCHED_START_TIME_TEARD/&gt;&#13;
                &lt;LATE_SCHED_FIN_DATE_EXEC/&gt;&#13;
                &lt;LATE_SCHED_FIN_TIME_EXEC/&gt;&#13;
                &lt;WORK_CENTER/&gt;&#13;
                &lt;WORK_CENTER_TEXT/&gt;&#13;
                &lt;SYSTEM_STATUS/&gt;&#13;
                &lt;SUBOPERATION/&gt;&#13;
            &lt;/item&gt;</Output><Break>false</Break><ItemCount>0</ItemCount><CurrentItem>0</CurrentItem><Source>GetOrdDetail.Response{/BAPI_PRODORD_GET_DETAIL/TABLES/OPERATION/item}</Source><Item><ReferenceDocumentSource/>&lt;?xml version="1.0" encoding="UTF-8"?&gt;&lt;item&gt;&#13;
                &lt;ROUTING_NO/&gt;&#13;
                &lt;COUNTER/&gt;&#13;
                &lt;SEQUENCE_NO/&gt;&#13;
                &lt;CONF_NO/&gt;&#13;
                &lt;CONF_CNT/&gt;&#13;
                &lt;PURCHASE_REQ_NO/&gt;&#13;
                &lt;PURCHASE_REQ_ITEM/&gt;&#13;
                &lt;GROUP_COUNTER/&gt;&#13;
                &lt;TASK_LIST_TYPE/&gt;&#13;
                &lt;TASK_LIST_GROUP/&gt;&#13;
                &lt;OPERATION_NUMBER/&gt;&#13;
                &lt;OPR_CNTRL_KEY/&gt;&#13;
                &lt;PROD_PLANT/&gt;&#13;
                &lt;DESCRIPTION/&gt;&#13;
                &lt;DESCRIPTION2/&gt;&#13;
                &lt;STANDARD_VALUE_KEY/&gt;&#13;
                &lt;ACTIVITY_TYPE_1/&gt;&#13;
                &lt;ACTIVITY_TYPE_2/&gt;&#13;
                &lt;ACTIVITY_TYPE_3/&gt;&#13;
                &lt;ACTIVITY_TYPE_4/&gt;&#13;
                &lt;ACTIVITY_TYPE_5/&gt;&#13;
                &lt;ACTIVITY_TYPE_6/&gt;&#13;
                &lt;UNIT/&gt;&#13;
                &lt;UNIT_ISO/&gt;&#13;
                &lt;QUANTITY/&gt;&#13;
                &lt;SCRAP/&gt;&#13;
                &lt;EARL_SCHED_START_DATE_EXEC/&gt;&#13;
                &lt;EARL_SCHED_START_TIME_EXEC/&gt;&#13;
                &lt;EARL_SCHED_START_DATE_PROC/&gt;&#13;
                &lt;EARL_SCHED_START_TIME_PROC/&gt;&#13;
                &lt;EARL_SCHED_START_DATE_TEARD/&gt;&#13;
                &lt;EARL_SCHED_START_TIME_TEARD/&gt;&#13;
                &lt;EARL_SCHED_FIN_DATE_EXEC/&gt;&#13;
                &lt;EARL_SCHED_FIN_TIME_EXEC/&gt;&#13;
                &lt;LATE_SCHED_START_DATE_EXEC/&gt;&#13;
                &lt;LATE_SCHED_START_TIME_EXEC/&gt;&#13;
                &lt;LATE_SCHED_START_DATE_PROC/&gt;&#13;
                &lt;LATE_SCHED_START_TIME_PROC/&gt;&#13;
                &lt;LATE_SCHED_START_DATE_TEARD/&gt;&#13;
                &lt;LATE_SCHED_START_TIME_TEARD/&gt;&#13;
                &lt;LATE_SCHED_FIN_DATE_EXEC/&gt;&#13;
                &lt;LATE_SCHED_FIN_TIME_EXEC/&gt;&#13;
                &lt;WORK_CENTER/&gt;&#13;
                &lt;WORK_CENTER_TEXT/&gt;&#13;
                &lt;SYSTEM_STATUS/&gt;&#13;
                &lt;SUBOPERATION/&gt;&#13;
            &lt;/item&gt;</Item></Value><SchemaURI/><SchemaElement/><ValidateXMLOnExecution>1</ValidateXMLOnExecution><SchemaURI/><SchemaElement/><ValidateXMLOnExecution>1</ValidateXMLOnExecution><ReadOnly>false</ReadOnly><AlertXMLAssigned>false</AlertXMLAssigned></ContextItem><ContextItem><Name>debug_6</Name><Description/><MinRange>0</MinRange><MaxRange>0</MaxRange><Value xsi:type="ConditionalAction"><Output>false</Output><InputCount>1</InputCount><LogicalAnd>false</LogicalAnd><Input1>false</Input1></Value><ReadOnly>false</ReadOnly><AlertXMLAssigned>false</AlertXMLAssigned></ContextItem><ContextItem><Name>Show_Operation_Item</Name><Description/><MinRange>0</MinRange><MaxRange>0</MaxRange><Value xsi:type="Tracer"><Message/><Level>INFO</Level></Value><ReadOnly>false</ReadOnly><AlertXMLAssigned>false</AlertXMLAssigned></ContextItem><ContextItem><Name>Ops_Import_SAP</Name><Description/><MinRange>0</MinRange><MaxRange>0</MaxRange><Value xsi:type="IlluminatorSQLQueryObject"><Timeout>60</Timeout><QueryParameters/><QueryTemplate>MESM/ORDERS_DLD/QUERIES/sql_Import_SAP</QueryTemplate><QueryStartDate>2016-06-03T18:00:03</QueryStartDate><QueryEndDate>2016-06-03T18:00:03</QueryEndDate><SQLTransaction/><Results><ReferenceDocumentSource/>&lt;?xml version="1.0" encoding="UTF-8"?&gt;&lt;Rowsets CachedTime="" DateCreated="2016-07-11T18:47:06" EndDate="2016-07-11T18:47:06" StartDate="2016-07-11T17:47:06" Version="15.0 SP4 Patch 11 (28-Aug-2015)"&gt;&lt;FatalError&gt;com.sap.xmii.Illuminator.logging.LHException: No query parameter was found&lt;/FatalError&gt;&lt;/Rowsets&gt;</Results><TagList/></Value><SchemaURI/><SchemaElement/><ValidateXMLOnExecution>1</ValidateXMLOnExecution><ReadOnly>false</ReadOnly><AlertXMLAssigned>false</AlertXMLAssigned></ContextItem><ContextItem><Name>ResetFilter</Name><Description/><MinRange>0</MinRange><MaxRange>0</MaxRange><Value xsi:type="Assignment"/><ReadOnly>false</ReadOnly><AlertXMLAssigned>false</AlertXMLAssigned></ContextItem><ContextItem><Name>Show_Order_Info</Name><Description/><MinRange>0</MinRange><MaxRange>0</MaxRange><Value xsi:type="Tracer"><Message/><Level>INFO</Level></Value><ReadOnly>false</ReadOnly><AlertXMLAssigned>false</AlertXMLAssigned></ContextItem><ContextItem><Name>Disable</Name><Description/><MinRange>0</MinRange><MaxRange>0</MaxRange><Value xsi:type="ConditionalAction"><Output>false</Output><InputCount>1</InputCount><LogicalAnd>false</LogicalAnd><Input1>false</Input1></Value><ReadOnly>false</ReadOnly><AlertXMLAssigned>false</AlertXMLAssigned></ContextItem><ContextItem><Name>ShowOrderCnt</Name><Description/><MinRange>0</MinRange><MaxRange>0</MaxRange><Value xsi:type="Tracer"><Message/><Level>INFO</Level></Value><ReadOnly>false</ReadOnly><AlertXMLAssigned>false</AlertXMLAssigned></ContextItem><ContextItem><Name>GetOrdList</Name><Description/><MinRange>0</MinRange><MaxRange>0</MaxRange><Value xsi:type="SAPJCOFunction"><SourceSession>SAP_JCo_Start</SourceSession><Request><ReferenceDocumentSource/>&lt;?xml version="1.0" encoding="UTF-8"?&gt;&lt;BAPI_PRODORD_GET_LIST&gt;&lt;INPUT&gt;&lt;COLLECTIVE_ORDER/&gt;&lt;/INPUT&gt;&lt;TABLES&gt;&lt;MATERIAL_RANGE&gt;&lt;item&gt;&lt;SIGN/&gt;&lt;OPTION/&gt;&lt;LOW/&gt;&lt;HIGH/&gt;&lt;HIGH_EXTERNAL/&gt;&lt;HIGH_GUID/&gt;&lt;HIGH_VERSION/&gt;&lt;LOW_EXTERNAL/&gt;&lt;LOW_GUID/&gt;&lt;LOW_VERSION/&gt;&lt;/item&gt;&lt;/MATERIAL_RANGE&gt;&lt;MRP_CNTRL_RANGE&gt;&lt;item&gt;&lt;SIGN/&gt;&lt;OPTION/&gt;&lt;LOW/&gt;&lt;HIGH/&gt;&lt;/item&gt;&lt;/MRP_CNTRL_RANGE&gt;&lt;ORDER_HEADER&gt;&lt;item&gt;&lt;ORDER_NUMBER/&gt;&lt;PRODUCTION_PLANT/&gt;&lt;MRP_CONTROLLER/&gt;&lt;PRODUCTION_SCHEDULER/&gt;&lt;MATERIAL/&gt;&lt;EXPL_DATE/&gt;&lt;ROUTING_NO/&gt;&lt;RESERVATION_NUMBER/&gt;&lt;SCHED_RELEASE_DATE/&gt;&lt;ACTUAL_RELEASE_DATE/&gt;&lt;FINISH_DATE/&gt;&lt;START_DATE/&gt;&lt;PRODUCTION_FINISH_DATE/&gt;&lt;PRODUCTION_START_DATE/&gt;&lt;ACTUAL_START_DATE/&gt;&lt;ACTUAL_FINISH_DATE/&gt;&lt;SCRAP/&gt;&lt;TARGET_QUANTITY/&gt;&lt;UNIT/&gt;&lt;UNIT_ISO/&gt;&lt;PRIORITY/&gt;&lt;ORDER_TYPE/&gt;&lt;ENTERED_BY/&gt;&lt;ENTER_DATE/&gt;&lt;DELETION_FLAG/&gt;&lt;WBS_ELEMENT/&gt;&lt;CONF_NO/&gt;&lt;CONF_CNT/&gt;&lt;INT_OBJ_NO/&gt;&lt;SCHED_FIN_TIME/&gt;&lt;SCHED_START_TIME/&gt;&lt;COLLECTIVE_ORDER/&gt;&lt;ORDER_SEQ_NO/&gt;&lt;FINISH_TIME/&gt;&lt;START_TIME/&gt;&lt;ACTUAL_START_TIME/&gt;&lt;LEADING_ORDER/&gt;&lt;SALES_ORDER/&gt;&lt;SALES_ORDER_ITEM/&gt;&lt;PROD_SCHED_PROFILE/&gt;&lt;MATERIAL_TEXT/&gt;&lt;SYSTEM_STATUS/&gt;&lt;CONFIRMED_QUANTITY/&gt;&lt;PLAN_PLANT/&gt;&lt;BATCH/&gt;&lt;MATERIAL_EXTERNAL/&gt;&lt;MATERIAL_GUID/&gt;&lt;MATERIAL_VERSION/&gt;&lt;DATE_OF_EXPIRY/&gt;&lt;DATE_OF_MANUFACTURE/&gt;&lt;/item&gt;&lt;/ORDER_HEADER&gt;&lt;ORDER_NUMBER_RANGE&gt;&lt;item&gt;&lt;SIGN/&gt;&lt;OPTION/&gt;&lt;LOW/&gt;&lt;HIGH/&gt;&lt;/item&gt;&lt;/ORDER_NUMBER_RANGE&gt;&lt;ORDER_PRIO_RANGE&gt;&lt;item&gt;&lt;SIGN/&gt;&lt;OPTION/&gt;&lt;LOW/&gt;&lt;HIGH/&gt;&lt;/item&gt;&lt;/ORDER_PRIO_RANGE&gt;&lt;ORDER_TYPE_RANGE&gt;&lt;item&gt;&lt;SIGN/&gt;&lt;OPTION/&gt;&lt;LOW/&gt;&lt;HIGH/&gt;&lt;/item&gt;&lt;/ORDER_TYPE_RANGE&gt;&lt;PLANPLANT_RANGE&gt;&lt;item&gt;&lt;SIGN/&gt;&lt;OPTION/&gt;&lt;LOW/&gt;&lt;HIGH/&gt;&lt;/item&gt;&lt;/PLANPLANT_RANGE&gt;&lt;PRODPLANT_RANGE&gt;&lt;item&gt;&lt;SIGN/&gt;&lt;OPTION/&gt;&lt;LOW/&gt;&lt;HIGH/&gt;&lt;/item&gt;&lt;/PRODPLANT_RANGE&gt;&lt;PROD_SCHED_RANGE&gt;&lt;item&gt;&lt;SIGN/&gt;&lt;OPTION/&gt;&lt;LOW/&gt;&lt;HIGH/&gt;&lt;/item&gt;&lt;/PROD_SCHED_RANGE&gt;&lt;SALES_ORD_ITM_RANGE&gt;&lt;item&gt;&lt;SIGN/&gt;&lt;OPTION/&gt;&lt;LOW/&gt;&lt;HIGH/&gt;&lt;/item&gt;&lt;/SALES_ORD_ITM_RANGE&gt;&lt;SALES_ORD_RANGE&gt;&lt;item&gt;&lt;SIGN/&gt;&lt;OPTION/&gt;&lt;LOW/&gt;&lt;HIGH/&gt;&lt;/item&gt;&lt;/SALES_ORD_RANGE&gt;&lt;SEQ_NO_RANGE&gt;&lt;item&gt;&lt;SIGN/&gt;&lt;OPTION/&gt;&lt;LOW/&gt;&lt;HIGH/&gt;&lt;/item&gt;&lt;/SEQ_NO_RANGE&gt;&lt;WBS_ELEMENT_RANGE&gt;&lt;item&gt;&lt;SIGN/&gt;&lt;OPTION/&gt;&lt;LOW/&gt;&lt;HIGH/&gt;&lt;/item&gt;&lt;/WBS_ELEMENT_RANGE&gt;&lt;/TABLES&gt;&lt;/BAPI_PRODORD_GET_LIST&gt;</Request><Response><ReferenceDocumentSource/>&lt;?xml version="1.0" encoding="UTF-8"?&gt;&lt;BAPI_PRODORD_GET_LIST&gt;&lt;OUTPUT&gt;&lt;RETURN&gt;&lt;TYPE/&gt;&lt;ID/&gt;&lt;NUMBER/&gt;&lt;MESSAGE/&gt;&lt;LOG_NO/&gt;&lt;LOG_MSG_NO/&gt;&lt;MESSAGE_V1/&gt;&lt;MESSAGE_V2/&gt;&lt;MESSAGE_V3/&gt;&lt;MESSAGE_V4/&gt;&lt;PARAMETER/&gt;&lt;ROW/&gt;&lt;FIELD/&gt;&lt;SYSTEM/&gt;&lt;/RETURN&gt;&lt;/OUTPUT&gt;&lt;TABLES&gt;&lt;MATERIAL_RANGE&gt;&lt;item&gt;&lt;SIGN/&gt;&lt;OPTION/&gt;&lt;LOW/&gt;&lt;HIGH/&gt;&lt;HIGH_EXTERNAL/&gt;&lt;HIGH_GUID/&gt;&lt;HIGH_VERSION/&gt;&lt;LOW_EXTERNAL/&gt;&lt;LOW_GUID/&gt;&lt;LOW_VERSION/&gt;&lt;/item&gt;&lt;/MATERIAL_RANGE&gt;&lt;MRP_CNTRL_RANGE&gt;&lt;item&gt;&lt;SIGN/&gt;&lt;OPTION/&gt;&lt;LOW/&gt;&lt;HIGH/&gt;&lt;/item&gt;&lt;/MRP_CNTRL_RANGE&gt;&lt;ORDER_HEADER&gt;&lt;item&gt;&lt;ORDER_NUMBER/&gt;&lt;PRODUCTION_PLANT/&gt;&lt;MRP_CONTROLLER/&gt;&lt;PRODUCTION_SCHEDULER/&gt;&lt;MATERIAL/&gt;&lt;EXPL_DATE/&gt;&lt;ROUTING_NO/&gt;&lt;RESERVATION_NUMBER/&gt;&lt;SCHED_RELEASE_DATE/&gt;&lt;ACTUAL_RELEASE_DATE/&gt;&lt;FINISH_DATE/&gt;&lt;START_DATE/&gt;&lt;PRODUCTION_FINISH_DATE/&gt;&lt;PRODUCTION_START_DATE/&gt;&lt;ACTUAL_START_DATE/&gt;&lt;ACTUAL_FINISH_DATE/&gt;&lt;SCRAP/&gt;&lt;TARGET_QUANTITY/&gt;&lt;UNIT/&gt;&lt;UNIT_ISO/&gt;&lt;PRIORITY/&gt;&lt;ORDER_TYPE/&gt;&lt;ENTERED_BY/&gt;&lt;ENTER_DATE/&gt;&lt;DELETION_FLAG/&gt;&lt;WBS_ELEMENT/&gt;&lt;CONF_NO/&gt;&lt;CONF_CNT/&gt;&lt;INT_OBJ_NO/&gt;&lt;SCHED_FIN_TIME/&gt;&lt;SCHED_START_TIME/&gt;&lt;COLLECTIVE_ORDER/&gt;&lt;ORDER_SEQ_NO/&gt;&lt;FINISH_TIME/&gt;&lt;START_TIME/&gt;&lt;ACTUAL_START_TIME/&gt;&lt;LEADING_ORDER/&gt;&lt;SALES_ORDER/&gt;&lt;SALES_ORDER_ITEM/&gt;&lt;PROD_SCHED_PROFILE/&gt;&lt;MATERIAL_TEXT/&gt;&lt;SYSTEM_STATUS/&gt;&lt;CONFIRMED_QUANTITY/&gt;&lt;PLAN_PLANT/&gt;&lt;BATCH/&gt;&lt;MATERIAL_EXTERNAL/&gt;&lt;MATERIAL_GUID/&gt;&lt;MATERIAL_VERSION/&gt;&lt;DATE_OF_EXPIRY/&gt;&lt;DATE_OF_MANUFACTURE/&gt;&lt;/item&gt;&lt;/ORDER_HEADER&gt;&lt;ORDER_NUMBER_RANGE&gt;&lt;item&gt;&lt;SIGN/&gt;&lt;OPTION/&gt;&lt;LOW/&gt;&lt;HIGH/&gt;&lt;/item&gt;&lt;/ORDER_NUMBER_RANGE&gt;&lt;ORDER_PRIO_RANGE&gt;&lt;item&gt;&lt;SIGN/&gt;&lt;OPTION/&gt;&lt;LOW/&gt;&lt;HIGH/&gt;&lt;/item&gt;&lt;/ORDER_PRIO_RANGE&gt;&lt;ORDER_TYPE_RANGE&gt;&lt;item&gt;&lt;SIGN/&gt;&lt;OPTION/&gt;&lt;LOW/&gt;&lt;HIGH/&gt;&lt;/item&gt;&lt;/ORDER_TYPE_RANGE&gt;&lt;PLANPLANT_RANGE&gt;&lt;item&gt;&lt;SIGN/&gt;&lt;OPTION/&gt;&lt;LOW/&gt;&lt;HIGH/&gt;&lt;/item&gt;&lt;/PLANPLANT_RANGE&gt;&lt;PRODPLANT_RANGE&gt;&lt;item&gt;&lt;SIGN/&gt;&lt;OPTION/&gt;&lt;LOW/&gt;&lt;HIGH/&gt;&lt;/item&gt;&lt;/PRODPLANT_RANGE&gt;&lt;PROD_SCHED_RANGE&gt;&lt;item&gt;&lt;SIGN/&gt;&lt;OPTION/&gt;&lt;LOW/&gt;&lt;HIGH/&gt;&lt;/item&gt;&lt;/PROD_SCHED_RANGE&gt;&lt;SALES_ORD_ITM_RANGE&gt;&lt;item&gt;&lt;SIGN/&gt;&lt;OPTION/&gt;&lt;LOW/&gt;&lt;HIGH/&gt;&lt;/item&gt;&lt;/SALES_ORD_ITM_RANGE&gt;&lt;SALES_ORD_RANGE&gt;&lt;item&gt;&lt;SIGN/&gt;&lt;OPTION/&gt;&lt;LOW/&gt;&lt;HIGH/&gt;&lt;/item&gt;&lt;/SALES_ORD_RANGE&gt;&lt;SEQ_NO_RANGE&gt;&lt;item&gt;&lt;SIGN/&gt;&lt;OPTION/&gt;&lt;LOW/&gt;&lt;HIGH/&gt;&lt;/item&gt;&lt;/SEQ_NO_RANGE&gt;&lt;WBS_ELEMENT_RANGE&gt;&lt;item&gt;&lt;SIGN/&gt;&lt;OPTION/&gt;&lt;LOW/&gt;&lt;HIGH/&gt;&lt;/item&gt;&lt;/WBS_ELEMENT_RANGE&gt;&lt;/TABLES&gt;&lt;/BAPI_PRODORD_GET_LIST&gt;</Response><SAPRFC>BAPI_PRODORD_GET_LIST</SAPRFC><TYPERFC>0</TYPERFC><QueueName/><ExecuteFunction>true</ExecuteFunction><RecreateFunction>true</RecreateFunction><AllowMultipleRows>true</AllowMultipleRows><DaysRetention>7</DaysRetention><MaxRetryCount>5</MaxRetryCount><RetryInterval>30000</RetryInterval><ProcessingMode>1</ProcessingMode><Filter/><DataBufferComment/><RetryImmediately>false</RetryImmediately></Value><SchemaURI/><SchemaElement/><ValidateXMLOnExecution>1</ValidateXMLOnExecution><SchemaURI/><SchemaElement/><ValidateXMLOnExecution>1</ValidateXMLOnExecution><ReadOnly>false</ReadOnly><AlertXMLAssigned>false</AlertXMLAssigned></ContextItem><ContextItem><Name>GetOrdComp</Name><Description/><MinRange>0</MinRange><MaxRange>0</MaxRange><Value xsi:type="SAPJCOFunction"><SourceSession>SAP_JCo_Start</SourceSession><Request><ReferenceDocumentSource/>&lt;?xml version="1.0" encoding="UTF-8"?&gt;&lt;BAPI_PRODORD_GET_DETAIL&gt;&lt;INPUT&gt;&lt;COLLECTIVE_ORDER/&gt;&lt;NUMBER/&gt;&lt;ORDER_OBJECTS&gt;&lt;HEADER/&gt;&lt;POSITIONS/&gt;&lt;SEQUENCES/&gt;&lt;OPERATIONS/&gt;&lt;COMPONENTS/&gt;&lt;PROD_REL_TOOLS/&gt;&lt;TRIGGER_POINTS/&gt;&lt;SUBOPERATIONS/&gt;&lt;/ORDER_OBJECTS&gt;&lt;/INPUT&gt;&lt;TABLES&gt;&lt;COMPONENT&gt;&lt;item&gt;&lt;RESERVATION_NUMBER/&gt;&lt;RESERVATION_ITEM/&gt;&lt;RESERVATION_TYPE/&gt;&lt;DELETION_INDICATOR/&gt;&lt;MATERIAL/&gt;&lt;PROD_PLANT/&gt;&lt;STORAGE_LOCATION/&gt;&lt;SUPPLY_AREA/&gt;&lt;BATCH/&gt;&lt;SPECIAL_STOCK/&gt;&lt;REQ_DATE/&gt;&lt;REQ_QUAN/&gt;&lt;BASE_UOM/&gt;&lt;BASE_UOM_ISO/&gt;&lt;WITHDRAWN_QUANTITY/&gt;&lt;ENTRY_QUANTITY/&gt;&lt;ENTRY_UOM/&gt;&lt;ENTRY_UOM_ISO/&gt;&lt;ORDER_NUMBER/&gt;&lt;MOVEMENT_TYPE/&gt;&lt;ITEM_CATEGORY/&gt;&lt;ITEM_NUMBER/&gt;&lt;SEQUENCE/&gt;&lt;OPERATION/&gt;&lt;BACKFLUSH/&gt;&lt;VALUATION_SPEC_STOCK/&gt;&lt;SYSTEM_STATUS/&gt;&lt;MATERIAL_DESCRIPTION/&gt;&lt;COMMITED_QUANTITY/&gt;&lt;SHORTAGE/&gt;&lt;PURCHASE_REQ_NO/&gt;&lt;PURCHASE_REQ_ITEM/&gt;&lt;MATERIAL_EXTERNAL/&gt;&lt;MATERIAL_GUID/&gt;&lt;MATERIAL_VERSION/&gt;&lt;/item&gt;&lt;/COMPONENT&gt;&lt;HEADER&gt;&lt;item&gt;&lt;ORDER_NUMBER/&gt;&lt;PRODUCTION_PLANT/&gt;&lt;MRP_CONTROLLER/&gt;&lt;PRODUCTION_SCHEDULER/&gt;&lt;MATERIAL/&gt;&lt;EXPL_DATE/&gt;&lt;ROUTING_NO/&gt;&lt;RESERVATION_NUMBER/&gt;&lt;SCHED_RELEASE_DATE/&gt;&lt;ACTUAL_RELEASE_DATE/&gt;&lt;FINISH_DATE/&gt;&lt;START_DATE/&gt;&lt;PRODUCTION_FINISH_DATE/&gt;&lt;PRODUCTION_START_DATE/&gt;&lt;ACTUAL_START_DATE/&gt;&lt;ACTUAL_FINISH_DATE/&gt;&lt;SCRAP/&gt;&lt;TARGET_QUANTITY/&gt;&lt;UNIT/&gt;&lt;UNIT_ISO/&gt;&lt;PRIORITY/&gt;&lt;ORDER_TYPE/&gt;&lt;ENTERED_BY/&gt;&lt;ENTER_DATE/&gt;&lt;DELETION_FLAG/&gt;&lt;WBS_ELEMENT/&gt;&lt;CONF_NO/&gt;&lt;CONF_CNT/&gt;&lt;INT_OBJ_NO/&gt;&lt;SCHED_FIN_TIME/&gt;&lt;SCHED_START_TIME/&gt;&lt;COLLECTIVE_ORDER/&gt;&lt;ORDER_SEQ_NO/&gt;&lt;FINISH_TIME/&gt;&lt;START_TIME/&gt;&lt;ACTUAL_START_TIME/&gt;&lt;LEADING_ORDER/&gt;&lt;SALES_ORDER/&gt;&lt;SALES_ORDER_ITEM/&gt;&lt;PROD_SCHED_PROFILE/&gt;&lt;MATERIAL_TEXT/&gt;&lt;SYSTEM_STATUS/&gt;&lt;CONFIRMED_QUANTITY/&gt;&lt;PLAN_PLANT/&gt;&lt;BATCH/&gt;&lt;MATERIAL_EXTERNAL/&gt;&lt;MATERIAL_GUID/&gt;&lt;MATERIAL_VERSION/&gt;&lt;DATE_OF_EXPIRY/&gt;&lt;DATE_OF_MANUFACTURE/&gt;&lt;/item&gt;&lt;/HEADER&gt;&lt;OPERATION&gt;&lt;item&gt;&lt;ROUTING_NO/&gt;&lt;COUNTER/&gt;&lt;SEQUENCE_NO/&gt;&lt;CONF_NO/&gt;&lt;CONF_CNT/&gt;&lt;PURCHASE_REQ_NO/&gt;&lt;PURCHASE_REQ_ITEM/&gt;&lt;GROUP_COUNTER/&gt;&lt;TASK_LIST_TYPE/&gt;&lt;TASK_LIST_GROUP/&gt;&lt;OPERATION_NUMBER/&gt;&lt;OPR_CNTRL_KEY/&gt;&lt;PROD_PLANT/&gt;&lt;DESCRIPTION/&gt;&lt;DESCRIPTION2/&gt;&lt;STANDARD_VALUE_KEY/&gt;&lt;ACTIVITY_TYPE_1/&gt;&lt;ACTIVITY_TYPE_2/&gt;&lt;ACTIVITY_TYPE_3/&gt;&lt;ACTIVITY_TYPE_4/&gt;&lt;ACTIVITY_TYPE_5/&gt;&lt;ACTIVITY_TYPE_6/&gt;&lt;UNIT/&gt;&lt;UNIT_ISO/&gt;&lt;QUANTITY/&gt;&lt;SCRAP/&gt;&lt;EARL_SCHED_START_DATE_EXEC/&gt;&lt;EARL_SCHED_START_TIME_EXEC/&gt;&lt;EARL_SCHED_START_DATE_PROC/&gt;&lt;EARL_SCHED_START_TIME_PROC/&gt;&lt;EARL_SCHED_START_DATE_TEARD/&gt;&lt;EARL_SCHED_START_TIME_TEARD/&gt;&lt;EARL_SCHED_FIN_DATE_EXEC/&gt;&lt;EARL_SCHED_FIN_TIME_EXEC/&gt;&lt;LATE_SCHED_START_DATE_EXEC/&gt;&lt;LATE_SCHED_START_TIME_EXEC/&gt;&lt;LATE_SCHED_START_DATE_PROC/&gt;&lt;LATE_SCHED_START_TIME_PROC/&gt;&lt;LATE_SCHED_START_DATE_TEARD/&gt;&lt;LATE_SCHED_START_TIME_TEARD/&gt;&lt;LATE_SCHED_FIN_DATE_EXEC/&gt;&lt;LATE_SCHED_FIN_TIME_EXEC/&gt;&lt;WORK_CENTER/&gt;&lt;WORK_CENTER_TEXT/&gt;&lt;SYSTEM_STATUS/&gt;&lt;SUBOPERATION/&gt;&lt;/item&gt;&lt;/OPERATION&gt;&lt;POSITION&gt;&lt;item&gt;&lt;ORDER_NUMBER/&gt;&lt;ORDER_ITEM_NUMBER/&gt;&lt;SALES_ORDER/&gt;&lt;SALES_ORDER_ITEM/&gt;&lt;SCRAP/&gt;&lt;QUANTITY/&gt;&lt;DELIVERED_QUANTITY/&gt;&lt;BASE_UNIT/&gt;&lt;BASE_UNIT_ISO/&gt;&lt;MATERIAL/&gt;&lt;ACTUAL_DELIVERY_DATE/&gt;&lt;PLANNED_DELIVERY_DATE/&gt;&lt;PLAN_PLANT/&gt;&lt;STORAGE_LOCATION/&gt;&lt;DELIVERY_COMPL/&gt;&lt;PRODUCTION_VERSION/&gt;&lt;PROD_PLANT/&gt;&lt;ORDER_TYPE/&gt;&lt;FINISH_DATE/&gt;&lt;PRODUCTION_FINISH_DATE/&gt;&lt;BATCH/&gt;&lt;DELETION_FLAG/&gt;&lt;MRP_AREA/&gt;&lt;MATERIAL_TEXT/&gt;&lt;MATERIAL_EXTERNAL/&gt;&lt;MATERIAL_GUID/&gt;&lt;MATERIAL_VERSION/&gt;&lt;/item&gt;&lt;/POSITION&gt;&lt;PROD_REL_TOOL&gt;&lt;item&gt;&lt;ROUTING_NO/&gt;&lt;COUNTER/&gt;&lt;PRT_ITEM_COUNT/&gt;&lt;DELETION_INDICATOR/&gt;&lt;TASK_LIST_TYPE/&gt;&lt;TASK_LIST_GROUP/&gt;&lt;CTRL_KEY/&gt;&lt;EARL_SCHED_START_DATE/&gt;&lt;EARL_SCHED_START_TIME/&gt;&lt;EARL_SCHED_FINISH_DATE/&gt;&lt;EARL_SCHED_FINISH_TIME/&gt;&lt;LATEST_SCHED_START_DATE/&gt;&lt;LATEST_SCHED_START_TIME/&gt;&lt;LATEST_SCHED_FINISH_DATE/&gt;&lt;LATEST_SCHED_FINISH_TIME/&gt;&lt;ACTUAL_START_DATE/&gt;&lt;ACTUAL_START_TIME/&gt;&lt;ACTUAL_FINISH_DATE/&gt;&lt;ACTUAL_FINISH_TIME/&gt;&lt;DURATION/&gt;&lt;DURATION_UNIT/&gt;&lt;DURATION_UNIT_ISO/&gt;&lt;STD_VALUE_FOR_PRT_QTY/&gt;&lt;STD_VALUE_UNIT/&gt;&lt;STD_VALUE_UNIT_ISO/&gt;&lt;TOTAL_QUANTITY/&gt;&lt;QUANTITY_UNIT/&gt;&lt;QUANTITY_UNIT_ISO/&gt;&lt;FORMULA_TOT_QTY/&gt;&lt;STD_USAGE_VALUE_FOR_PRT/&gt;&lt;STD_USAGE_VALUE_UNIT/&gt;&lt;STD_USAGE_VALUE_UNIT_ISO/&gt;&lt;USAGE_VALUE/&gt;&lt;USAGE_VALUE_UNIT/&gt;&lt;USAGE_VALUE_UNIT_ISO/&gt;&lt;FORMULA_TOT_USAGE/&gt;&lt;ORDER_NUMBER/&gt;&lt;PRT_CATEGORY/&gt;&lt;PRT_NUMBER/&gt;&lt;PRT_PLANT/&gt;&lt;MATERIAL/&gt;&lt;DOCUMENT_TYPE/&gt;&lt;DOCUMENT_NUMBER/&gt;&lt;DOCUMENT_VERSION/&gt;&lt;DOCUMENT_PART/&gt;&lt;EQUIPMENT/&gt;&lt;MEASURING_POINT/&gt;&lt;DESCRIPTION_MEASURING_POINT/&gt;&lt;DESCRIPTION/&gt;&lt;BASE_UNIT/&gt;&lt;BASE_UNIT_ISO/&gt;&lt;SYSTEM_STATUS/&gt;&lt;MATERIAL_EXTERNAL/&gt;&lt;MATERIAL_GUID/&gt;&lt;MATERIAL_VERSION/&gt;&lt;/item&gt;&lt;/PROD_REL_TOOL&gt;&lt;SEQUENCE&gt;&lt;item&gt;&lt;ROUTING_NO/&gt;&lt;COUNTER/&gt;&lt;TASK_LIST_TYPE/&gt;&lt;TASK_LIST_GROUP/&gt;&lt;GROUP_COUNTER/&gt;&lt;SEQUENCE_NO/&gt;&lt;SEQUENCE_CATEGORY/&gt;&lt;DESCRIPTION/&gt;&lt;LOT_SZ_MIN/&gt;&lt;LOT_SZ_MAX/&gt;&lt;BRANCH_OPERATION/&gt;&lt;RETURN_OPERATION/&gt;&lt;ORDER_NUMBER/&gt;&lt;TASK_MEASURE_UNIT/&gt;&lt;TASK_MEASURE_UNIT_ISO/&gt;&lt;/item&gt;&lt;/SEQUENCE&gt;&lt;TRIGGER_POINT&gt;&lt;item&gt;&lt;MILESTONE_NUMBER/&gt;&lt;VALID_FROM_DATE/&gt;&lt;DELETION_INDICATOR/&gt;&lt;CREATED_BY/&gt;&lt;CREATED_ON/&gt;&lt;CHANGED_BY/&gt;&lt;CHANGED_ON/&gt;&lt;STD_NET_WORK/&gt;&lt;STD_NET_TYPE/&gt;&lt;ALT_NET_WORK/&gt;&lt;IND_FUNCTIONS/&gt;&lt;DESCRIPTION/&gt;&lt;OPERATION/&gt;&lt;ORDER_NUMBER/&gt;&lt;/item&gt;&lt;/TRIGGER_POINT&gt;&lt;/TABLES&gt;&lt;/BAPI_PRODORD_GET_DETAIL&gt;</Request><Response><ReferenceDocumentSource/>&lt;?xml version="1.0" encoding="UTF-8"?&gt;&lt;BAPI_PRODORD_GET_DETAIL&gt;&lt;OUTPUT&gt;&lt;RETURN&gt;&lt;TYPE/&gt;&lt;ID/&gt;&lt;NUMBER/&gt;&lt;MESSAGE/&gt;&lt;LOG_NO/&gt;&lt;LOG_MSG_NO/&gt;&lt;MESSAGE_V1/&gt;&lt;MESSAGE_V2/&gt;&lt;MESSAGE_V3/&gt;&lt;MESSAGE_V4/&gt;&lt;PARAMETER/&gt;&lt;ROW/&gt;&lt;FIELD/&gt;&lt;SYSTEM/&gt;&lt;/RETURN&gt;&lt;/OUTPUT&gt;&lt;TABLES&gt;&lt;COMPONENT&gt;&lt;item&gt;&lt;RESERVATION_NUMBER/&gt;&lt;RESERVATION_ITEM/&gt;&lt;RESERVATION_TYPE/&gt;&lt;DELETION_INDICATOR/&gt;&lt;MATERIAL/&gt;&lt;PROD_PLANT/&gt;&lt;STORAGE_LOCATION/&gt;&lt;SUPPLY_AREA/&gt;&lt;BATCH/&gt;&lt;SPECIAL_STOCK/&gt;&lt;REQ_DATE/&gt;&lt;REQ_QUAN/&gt;&lt;BASE_UOM/&gt;&lt;BASE_UOM_ISO/&gt;&lt;WITHDRAWN_QUANTITY/&gt;&lt;ENTRY_QUANTITY/&gt;&lt;ENTRY_UOM/&gt;&lt;ENTRY_UOM_ISO/&gt;&lt;ORDER_NUMBER/&gt;&lt;MOVEMENT_TYPE/&gt;&lt;ITEM_CATEGORY/&gt;&lt;ITEM_NUMBER/&gt;&lt;SEQUENCE/&gt;&lt;OPERATION/&gt;&lt;BACKFLUSH/&gt;&lt;VALUATION_SPEC_STOCK/&gt;&lt;SYSTEM_STATUS/&gt;&lt;MATERIAL_DESCRIPTION/&gt;&lt;COMMITED_QUANTITY/&gt;&lt;SHORTAGE/&gt;&lt;PURCHASE_REQ_NO/&gt;&lt;PURCHASE_REQ_ITEM/&gt;&lt;MATERIAL_EXTERNAL/&gt;&lt;MATERIAL_GUID/&gt;&lt;MATERIAL_VERSION/&gt;&lt;/item&gt;&lt;/COMPONENT&gt;&lt;HEADER&gt;&lt;item&gt;&lt;ORDER_NUMBER/&gt;&lt;PRODUCTION_PLANT/&gt;&lt;MRP_CONTROLLER/&gt;&lt;PRODUCTION_SCHEDULER/&gt;&lt;MATERIAL/&gt;&lt;EXPL_DATE/&gt;&lt;ROUTING_NO/&gt;&lt;RESERVATION_NUMBER/&gt;&lt;SCHED_RELEASE_DATE/&gt;&lt;ACTUAL_RELEASE_DATE/&gt;&lt;FINISH_DATE/&gt;&lt;START_DATE/&gt;&lt;PRODUCTION_FINISH_DATE/&gt;&lt;PRODUCTION_START_DATE/&gt;&lt;ACTUAL_START_DATE/&gt;&lt;ACTUAL_FINISH_DATE/&gt;&lt;SCRAP/&gt;&lt;TARGET_QUANTITY/&gt;&lt;UNIT/&gt;&lt;UNIT_ISO/&gt;&lt;PRIORITY/&gt;&lt;ORDER_TYPE/&gt;&lt;ENTERED_BY/&gt;&lt;ENTER_DATE/&gt;&lt;DELETION_FLAG/&gt;&lt;WBS_ELEMENT/&gt;&lt;CONF_NO/&gt;&lt;CONF_CNT/&gt;&lt;INT_OBJ_NO/&gt;&lt;SCHED_FIN_TIME/&gt;&lt;SCHED_START_TIME/&gt;&lt;COLLECTIVE_ORDER/&gt;&lt;ORDER_SEQ_NO/&gt;&lt;FINISH_TIME/&gt;&lt;START_TIME/&gt;&lt;ACTUAL_START_TIME/&gt;&lt;LEADING_ORDER/&gt;&lt;SALES_ORDER/&gt;&lt;SALES_ORDER_ITEM/&gt;&lt;PROD_SCHED_PROFILE/&gt;&lt;MATERIAL_TEXT/&gt;&lt;SYSTEM_STATUS/&gt;&lt;CONFIRMED_QUANTITY/&gt;&lt;PLAN_PLANT/&gt;&lt;BATCH/&gt;&lt;MATERIAL_EXTERNAL/&gt;&lt;MATERIAL_GUID/&gt;&lt;MATERIAL_VERSION/&gt;&lt;DATE_OF_EXPIRY/&gt;&lt;DATE_OF_MANUFACTURE/&gt;&lt;/item&gt;&lt;/HEADER&gt;&lt;OPERATION&gt;&lt;item&gt;&lt;ROUTING_NO/&gt;&lt;COUNTER/&gt;&lt;SEQUENCE_NO/&gt;&lt;CONF_NO/&gt;&lt;CONF_CNT/&gt;&lt;PURCHASE_REQ_NO/&gt;&lt;PURCHASE_REQ_ITEM/&gt;&lt;GROUP_COUNTER/&gt;&lt;TASK_LIST_TYPE/&gt;&lt;TASK_LIST_GROUP/&gt;&lt;OPERATION_NUMBER/&gt;&lt;OPR_CNTRL_KEY/&gt;&lt;PROD_PLANT/&gt;&lt;DESCRIPTION/&gt;&lt;DESCRIPTION2/&gt;&lt;STANDARD_VALUE_KEY/&gt;&lt;ACTIVITY_TYPE_1/&gt;&lt;ACTIVITY_TYPE_2/&gt;&lt;ACTIVITY_TYPE_3/&gt;&lt;ACTIVITY_TYPE_4/&gt;&lt;ACTIVITY_TYPE_5/&gt;&lt;ACTIVITY_TYPE_6/&gt;&lt;UNIT/&gt;&lt;UNIT_ISO/&gt;&lt;QUANTITY/&gt;&lt;SCRAP/&gt;&lt;EARL_SCHED_START_DATE_EXEC/&gt;&lt;EARL_SCHED_START_TIME_EXEC/&gt;&lt;EARL_SCHED_START_DATE_PROC/&gt;&lt;EARL_SCHED_START_TIME_PROC/&gt;&lt;EARL_SCHED_START_DATE_TEARD/&gt;&lt;EARL_SCHED_START_TIME_TEARD/&gt;&lt;EARL_SCHED_FIN_DATE_EXEC/&gt;&lt;EARL_SCHED_FIN_TIME_EXEC/&gt;&lt;LATE_SCHED_START_DATE_EXEC/&gt;&lt;LATE_SCHED_START_TIME_EXEC/&gt;&lt;LATE_SCHED_START_DATE_PROC/&gt;&lt;LATE_SCHED_START_TIME_PROC/&gt;&lt;LATE_SCHED_START_DATE_TEARD/&gt;&lt;LATE_SCHED_START_TIME_TEARD/&gt;&lt;LATE_SCHED_FIN_DATE_EXEC/&gt;&lt;LATE_SCHED_FIN_TIME_EXEC/&gt;&lt;WORK_CENTER/&gt;&lt;WORK_CENTER_TEXT/&gt;&lt;SYSTEM_STATUS/&gt;&lt;SUBOPERATION/&gt;&lt;/item&gt;&lt;/OPERATION&gt;&lt;POSITION&gt;&lt;item&gt;&lt;ORDER_NUMBER/&gt;&lt;ORDER_ITEM_NUMBER/&gt;&lt;SALES_ORDER/&gt;&lt;SALES_ORDER_ITEM/&gt;&lt;SCRAP/&gt;&lt;QUANTITY/&gt;&lt;DELIVERED_QUANTITY/&gt;&lt;BASE_UNIT/&gt;&lt;BASE_UNIT_ISO/&gt;&lt;MATERIAL/&gt;&lt;ACTUAL_DELIVERY_DATE/&gt;&lt;PLANNED_DELIVERY_DATE/&gt;&lt;PLAN_PLANT/&gt;&lt;STORAGE_LOCATION/&gt;&lt;DELIVERY_COMPL/&gt;&lt;PRODUCTION_VERSION/&gt;&lt;PROD_PLANT/&gt;&lt;ORDER_TYPE/&gt;&lt;FINISH_DATE/&gt;&lt;PRODUCTION_FINISH_DATE/&gt;&lt;BATCH/&gt;&lt;DELETION_FLAG/&gt;&lt;MRP_AREA/&gt;&lt;MATERIAL_TEXT/&gt;&lt;MATERIAL_EXTERNAL/&gt;&lt;MATERIAL_GUID/&gt;&lt;MATERIAL_VERSION/&gt;&lt;/item&gt;&lt;/POSITION&gt;&lt;PROD_REL_TOOL&gt;&lt;item&gt;&lt;ROUTING_NO/&gt;&lt;COUNTER/&gt;&lt;PRT_ITEM_COUNT/&gt;&lt;DELETION_INDICATOR/&gt;&lt;TASK_LIST_TYPE/&gt;&lt;TASK_LIST_GROUP/&gt;&lt;CTRL_KEY/&gt;&lt;EARL_SCHED_START_DATE/&gt;&lt;EARL_SCHED_START_TIME/&gt;&lt;EARL_SCHED_FINISH_DATE/&gt;&lt;EARL_SCHED_FINISH_TIME/&gt;&lt;LATEST_SCHED_START_DATE/&gt;&lt;LATEST_SCHED_START_TIME/&gt;&lt;LATEST_SCHED_FINISH_DATE/&gt;&lt;LATEST_SCHED_FINISH_TIME/&gt;&lt;ACTUAL_START_DATE/&gt;&lt;ACTUAL_START_TIME/&gt;&lt;ACTUAL_FINISH_DATE/&gt;&lt;ACTUAL_FINISH_TIME/&gt;&lt;DURATION/&gt;&lt;DURATION_UNIT/&gt;&lt;DURATION_UNIT_ISO/&gt;&lt;STD_VALUE_FOR_PRT_QTY/&gt;&lt;STD_VALUE_UNIT/&gt;&lt;STD_VALUE_UNIT_ISO/&gt;&lt;TOTAL_QUANTITY/&gt;&lt;QUANTITY_UNIT/&gt;&lt;QUANTITY_UNIT_ISO/&gt;&lt;FORMULA_TOT_QTY/&gt;&lt;STD_USAGE_VALUE_FOR_PRT/&gt;&lt;STD_USAGE_VALUE_UNIT/&gt;&lt;STD_USAGE_VALUE_UNIT_ISO/&gt;&lt;USAGE_VALUE/&gt;&lt;USAGE_VALUE_UNIT/&gt;&lt;USAGE_VALUE_UNIT_ISO/&gt;&lt;FORMULA_TOT_USAGE/&gt;&lt;ORDER_NUMBER/&gt;&lt;PRT_CATEGORY/&gt;&lt;PRT_NUMBER/&gt;&lt;PRT_PLANT/&gt;&lt;MATERIAL/&gt;&lt;DOCUMENT_TYPE/&gt;&lt;DOCUMENT_NUMBER/&gt;&lt;DOCUMENT_VERSION/&gt;&lt;DOCUMENT_PART/&gt;&lt;EQUIPMENT/&gt;&lt;MEASURING_POINT/&gt;&lt;DESCRIPTION_MEASURING_POINT/&gt;&lt;DESCRIPTION/&gt;&lt;BASE_UNIT/&gt;&lt;BASE_UNIT_ISO/&gt;&lt;SYSTEM_STATUS/&gt;&lt;MATERIAL_EXTERNAL/&gt;&lt;MATERIAL_GUID/&gt;&lt;MATERIAL_VERSION/&gt;&lt;/item&gt;&lt;/PROD_REL_TOOL&gt;&lt;SEQUENCE&gt;&lt;item&gt;&lt;ROUTING_NO/&gt;&lt;COUNTER/&gt;&lt;TASK_LIST_TYPE/&gt;&lt;TASK_LIST_GROUP/&gt;&lt;GROUP_COUNTER/&gt;&lt;SEQUENCE_NO/&gt;&lt;SEQUENCE_CATEGORY/&gt;&lt;DESCRIPTION/&gt;&lt;LOT_SZ_MIN/&gt;&lt;LOT_SZ_MAX/&gt;&lt;BRANCH_OPERATION/&gt;&lt;RETURN_OPERATION/&gt;&lt;ORDER_NUMBER/&gt;&lt;TASK_MEASURE_UNIT/&gt;&lt;TASK_MEASURE_UNIT_ISO/&gt;&lt;/item&gt;&lt;/SEQUENCE&gt;&lt;TRIGGER_POINT&gt;&lt;item&gt;&lt;MILESTONE_NUMBER/&gt;&lt;VALID_FROM_DATE/&gt;&lt;DELETION_INDICATOR/&gt;&lt;CREATED_BY/&gt;&lt;CREATED_ON/&gt;&lt;CHANGED_BY/&gt;&lt;CHANGED_ON/&gt;&lt;STD_NET_WORK/&gt;&lt;STD_NET_TYPE/&gt;&lt;ALT_NET_WORK/&gt;&lt;IND_FUNCTIONS/&gt;&lt;DESCRIPTION/&gt;&lt;OPERATION/&gt;&lt;ORDER_NUMBER/&gt;&lt;/item&gt;&lt;/TRIGGER_POINT&gt;&lt;/TABLES&gt;&lt;/BAPI_PRODORD_GET_DETAIL&gt;</Response><SAPRFC>BAPI_PRODORD_GET_DETAIL</SAPRFC><TYPERFC>0</TYPERFC><QueueName/><ExecuteFunction>true</ExecuteFunction><RecreateFunction>true</RecreateFunction><AllowMultipleRows>true</AllowMultipleRows><DaysRetention>7</DaysRetention><MaxRetryCount>5</MaxRetryCount><RetryInterval>30000</RetryInterval><ProcessingMode>1</ProcessingMode><Filter/><DataBufferComment/><RetryImmediately>false</RetryImmediately></Value><SchemaURI/><SchemaElement/><ValidateXMLOnExecution>1</ValidateXMLOnExecution><SchemaURI/><SchemaElement/><ValidateXMLOnExecution>1</ValidateXMLOnExecution><ReadOnly>false</ReadOnly><AlertXMLAssigned>false</AlertXMLAssigned></ContextItem><ContextItem><Name>RepeatOnComponent</Name><Description/><MinRange>0</MinRange><MaxRange>0</MaxRange><Value xsi:type="RepeaterAction"><Output><ReferenceDocumentSource/>&lt;?xml version="1.0" encoding="UTF-8"?&gt;&lt;item&gt;&#13;
                &lt;RESERVATION_NUMBER/&gt;&#13;
                &lt;RESERVATION_ITEM/&gt;&#13;
                &lt;RESERVATION_TYPE/&gt;&#13;
                &lt;DELETION_INDICATOR/&gt;&#13;
                &lt;MATERIAL/&gt;&#13;
                &lt;PROD_PLANT/&gt;&#13;
                &lt;STORAGE_LOCATION/&gt;&#13;
                &lt;SUPPLY_AREA/&gt;&#13;
                &lt;BATCH/&gt;&#13;
                &lt;SPECIAL_STOCK/&gt;&#13;
                &lt;REQ_DATE/&gt;&#13;
                &lt;REQ_QUAN/&gt;&#13;
                &lt;BASE_UOM/&gt;&#13;
                &lt;BASE_UOM_ISO/&gt;&#13;
                &lt;WITHDRAWN_QUANTITY/&gt;&#13;
                &lt;ENTRY_QUANTITY/&gt;&#13;
                &lt;ENTRY_UOM/&gt;&#13;
                &lt;ENTRY_UOM_ISO/&gt;&#13;
                &lt;ORDER_NUMBER/&gt;&#13;
                &lt;MOVEMENT_TYPE/&gt;&#13;
                &lt;ITEM_CATEGORY/&gt;&#13;
                &lt;ITEM_NUMBER/&gt;&#13;
                &lt;SEQUENCE/&gt;&#13;
                &lt;OPERATION/&gt;&#13;
                &lt;BACKFLUSH/&gt;&#13;
                &lt;VALUATION_SPEC_STOCK/&gt;&#13;
                &lt;SYSTEM_STATUS/&gt;&#13;
                &lt;MATERIAL_DESCRIPTION/&gt;&#13;
                &lt;COMMITED_QUANTITY/&gt;&#13;
                &lt;SHORTAGE/&gt;&#13;
                &lt;PURCHASE_REQ_NO/&gt;&#13;
                &lt;PURCHASE_REQ_ITEM/&gt;&#13;
                &lt;MATERIAL_EXTERNAL/&gt;&#13;
                &lt;MATERIAL_GUID/&gt;&#13;
                &lt;MATERIAL_VERSION/&gt;&#13;
            &lt;/item&gt;</Output><Break>false</Break><ItemCount>0</ItemCount><CurrentItem>0</CurrentItem><Source>GetOrdComp.Response{/BAPI_PRODORD_GET_DETAIL/TABLES/COMPONENT/item}</Source><Item><ReferenceDocumentSource/>&lt;?xml version="1.0" encoding="UTF-8"?&gt;&lt;item&gt;&#13;
                &lt;RESERVATION_NUMBER/&gt;&#13;
                &lt;RESERVATION_ITEM/&gt;&#13;
                &lt;RESERVATION_TYPE/&gt;&#13;
                &lt;DELETION_INDICATOR/&gt;&#13;
                &lt;MATERIAL/&gt;&#13;
                &lt;PROD_PLANT/&gt;&#13;
                &lt;STORAGE_LOCATION/&gt;&#13;
                &lt;SUPPLY_AREA/&gt;&#13;
                &lt;BATCH/&gt;&#13;
                &lt;SPECIAL_STOCK/&gt;&#13;
                &lt;REQ_DATE/&gt;&#13;
                &lt;REQ_QUAN/&gt;&#13;
                &lt;BASE_UOM/&gt;&#13;
                &lt;BASE_UOM_ISO/&gt;&#13;
                &lt;WITHDRAWN_QUANTITY/&gt;&#13;
                &lt;ENTRY_QUANTITY/&gt;&#13;
                &lt;ENTRY_UOM/&gt;&#13;
                &lt;ENTRY_UOM_ISO/&gt;&#13;
                &lt;ORDER_NUMBER/&gt;&#13;
                &lt;MOVEMENT_TYPE/&gt;&#13;
                &lt;ITEM_CATEGORY/&gt;&#13;
                &lt;ITEM_NUMBER/&gt;&#13;
                &lt;SEQUENCE/&gt;&#13;
                &lt;OPERATION/&gt;&#13;
                &lt;BACKFLUSH/&gt;&#13;
                &lt;VALUATION_SPEC_STOCK/&gt;&#13;
                &lt;SYSTEM_STATUS/&gt;&#13;
                &lt;MATERIAL_DESCRIPTION/&gt;&#13;
                &lt;COMMITED_QUANTITY/&gt;&#13;
                &lt;SHORTAGE/&gt;&#13;
                &lt;PURCHASE_REQ_NO/&gt;&#13;
                &lt;PURCHASE_REQ_ITEM/&gt;&#13;
                &lt;MATERIAL_EXTERNAL/&gt;&#13;
                &lt;MATERIAL_GUID/&gt;&#13;
                &lt;MATERIAL_VERSION/&gt;&#13;
            &lt;/item&gt;</Item></Value><SchemaURI/><SchemaElement/><ValidateXMLOnExecution>1</ValidateXMLOnExecution><SchemaURI/><SchemaElement/><ValidateXMLOnExecution>1</ValidateXMLOnExecution><ReadOnly>false</ReadOnly><AlertXMLAssigned>false</AlertXMLAssigned></ContextItem><ContextItem><Name>debug_7</Name><Description/><MinRange>0</MinRange><MaxRange>0</MaxRange><Value xsi:type="ConditionalAction"><Output>false</Output><InputCount>1</InputCount><LogicalAnd>false</LogicalAnd><Input1>false</Input1></Value><ReadOnly>false</ReadOnly><AlertXMLAssigned>false</AlertXMLAssigned></ContextItem><ContextItem><Name>Show_Component_Item</Name><Description/><MinRange>0</MinRange><MaxRange>0</MaxRange><Value xsi:type="Tracer"><Message/><Level>INFO</Level></Value><ReadOnly>false</ReadOnly><AlertXMLAssigned>false</AlertXMLAssigned></ContextItem><ContextItem><Name>Comps_Import_SAP</Name><Description/><MinRange>0</MinRange><MaxRange>0</MaxRange><Value xsi:type="IlluminatorSQLQueryObject"><Timeout>60</Timeout><QueryParameters/><QueryTemplate>MESM/ORDERS_DLD/QUERIES/sql_Import_SAP</QueryTemplate><QueryStartDate>2016-06-06T10:40:37</QueryStartDate><QueryEndDate>2016-06-06T10:40:37</QueryEndDate><SQLTransaction/><Results><ReferenceDocumentSource/>&lt;?xml version="1.0" encoding="UTF-8"?&gt;&lt;Rowsets CachedTime="" DateCreated="2016-07-11T18:47:24" EndDate="2016-07-11T18:47:24" StartDate="2016-07-11T17:47:24" Version="15.0 SP4 Patch 11 (28-Aug-2015)"&gt;&lt;FatalError&gt;com.sap.xmii.Illuminator.logging.LHException: No query parameter was found&lt;/FatalError&gt;&lt;/Rowsets&gt;</Results><TagList/></Value><SchemaURI/><SchemaElement/><ValidateXMLOnExecution>1</ValidateXMLOnExecution><ReadOnly>false</ReadOnly><AlertXMLAssigned>false</AlertXMLAssigned></ContextItem><ContextItem><Name>If_NOT_DLFL</Name><Description/><MinRange>0</MinRange><MaxRange>0</MaxRange><Value xsi:type="ConditionalAction"><Output>false</Output><InputCount>1</InputCount><LogicalAnd>false</LogicalAnd><Input1>false</Input1></Value><ReadOnly>false</ReadOnly><AlertXMLAssigned>false</AlertXMLAssigned></ContextItem><ContextItem><Name>Order_DLFL</Name><Description/><MinRange>0</MinRange><MaxRange>0</MaxRange><Value xsi:type="Tracer"><Message/><Level>INFO</Level></Value><ReadOnly>false</ReadOnly><AlertXMLAssigned>false</AlertXMLAssigned></ContextItem><ContextItem><Name>debug_2</Name><Description/><MinRange>0</MinRange><MaxRange>0</MaxRange><Value xsi:type="ConditionalAction"><Output>false</Output><InputCount>1</InputCount><LogicalAnd>false</LogicalAnd><Input1>false</Input1></Value><ReadOnly>false</ReadOnly><AlertXMLAssigned>false</AlertXMLAssigned></ContextItem><ContextItem><Name>Order_MES</Name><Description/><MinRange>0</MinRange><MaxRange>0</MaxRange><Value xsi:type="Tracer"><Message/><Level>INFO</Level></Value><ReadOnly>false</ReadOnly><AlertXMLAssigned>false</AlertXMLAssigned></ContextItem><ContextItem><Name>CheckMatRouting</Name><Description/><MinRange>0</MinRange><MaxRange>0</MaxRange><Value xsi:type="IlluminatorSQLQueryObject"><Timeout>60</Timeout><QueryParameters/><QueryTemplate>MESM/ORDERS_DLD/QUERIES/sql_CheckOrderMatRouting</QueryTemplate><QueryStartDate>2017-01-23T18:48:29</QueryStartDate><QueryEndDate>2017-01-23T18:48:29</QueryEndDate><SQLTransaction/><Results><ReferenceDocumentSource/>&lt;?xml version="1.0" encoding="UTF-8"?&gt;&lt;Rowsets CachedTime="" DateCreated="2017-01-23T18:48:29" EndDate="2017-01-23T18:48:29" StartDate="2017-01-23T17:48:29" Version="15.0 SP7 Patch 12 (07-Sep-2016)"&gt;&lt;Rowset&gt;&lt;Columns&gt;&lt;Column Description="ORDERS_FOUND" MaxRange="1" MinRange="0" Name="ORDERS_FOUND" SQLDataType="4" SourceColumn="ORDERS_FOUND"/&gt;&lt;/Columns&gt;&lt;Row&gt;&lt;ORDERS_FOUND&gt;1&lt;/ORDERS_FOUND&gt;&lt;/Row&gt;&lt;/Rowset&gt;&lt;/Rowsets&gt;</Results><TagList/></Value><SchemaURI/><SchemaElement/><ValidateXMLOnExecution>1</ValidateXMLOnExecution><ReadOnly>false</ReadOnly><AlertXMLAssigned>false</AlertXMLAssigned></ContextItem><ContextItem><Name>MAT_ROUTED</Name><Description/><MinRange>0</MinRange><MaxRange>0</MaxRange><Value xsi:type="ConditionalAction"><Output>false</Output><InputCount>1</InputCount><LogicalAnd>false</LogicalAnd><Input1>false</Input1></Value><ReadOnly>false</ReadOnly><AlertXMLAssigned>false</AlertXMLAssigned></ContextItem><ContextItem><Name>ShowOrder</Name><Description/><MinRange>0</MinRange><MaxRange>0</MaxRange><Value xsi:type="Tracer"><Message/><Level>INFO</Level></Value><ReadOnly>false</ReadOnly><AlertXMLAssigned>false</AlertXMLAssigned></ContextItem><ContextItem><Name>setCTMOrderDEL</Name><Description/><MinRange>0</MinRange><MaxRange>0</MaxRange><Value xsi:type="IlluminatorSQLQueryObject"><Timeout>60</Timeout><QueryParameters/><QueryTemplate>MESM/ORDERS_DLD/QUERIES/sql_setCTMOrderDEL</QueryTemplate><QueryStartDate>2017-01-23T19:25:26</QueryStartDate><QueryEndDate>2017-01-23T19:25:26</QueryEndDate><SQLTransaction/><Results><ReferenceDocumentSource/>&lt;?xml version="1.0" encoding="UTF-8"?&gt;&lt;Rowsets CachedTime="" DateCreated="2017-01-23T19:25:26" EndDate="2017-01-23T19:25:26" StartDate="2017-01-23T18:25:26" Version="15.0 SP7 Patch 12 (07-Sep-2016)"&gt;&lt;Messages&gt;&lt;Message&gt;Command Query Successful&lt;/Message&gt;&lt;/Messages&gt;&lt;/Rowsets&gt;</Results><TagList/></Value><SchemaURI/><SchemaElement/><ValidateXMLOnExecution>1</ValidateXMLOnExecution><ReadOnly>false</ReadOnly><AlertXMLAssigned>false</AlertXMLAssigned></ContextItem><ContextItem><Name>Gen_Orders</Name><Description/><MinRange>0</MinRange><MaxRange>0</MaxRange><Value xsi:type="Tracer"><Message/><Level>INFO</Level></Value><ReadOnly>false</ReadOnly><AlertXMLAssigned>false</AlertXMLAssigned></ContextItem><ContextItem><Name>sql_setOrderNew</Name><Description/><MinRange>0</MinRange><MaxRange>0</MaxRange><Value xsi:type="IlluminatorSQLQueryObject"><Timeout>60</Timeout><QueryParameters/><QueryTemplate>MESM/ORDERS_DLD/QUERIES/sql_setCTMOrderNew</QueryTemplate><QueryStartDate>2017-01-24T02:24:13</QueryStartDate><QueryEndDate>2017-01-24T02:24:13</QueryEndDate><SQLTransaction/><Results><ReferenceDocumentSource/>&lt;?xml version="1.0" encoding="UTF-8"?&gt;&lt;Rowsets CachedTime="" DateCreated="2017-01-24T02:24:13" EndDate="2017-01-24T02:24:13" StartDate="2017-01-24T01:24:13" Version="15.0 SP7 Patch 12 (07-Sep-2016)"&gt;&lt;FatalError&gt;com.microsoft.sqlserver.jdbc.SQLServerException: Cannot insert the value NULL into column 'materialID', table 'MESM.dbo.MESM_Orders'; column does not allow nulls. INSERT fails.&lt;/FatalError&gt;&lt;/Rowsets&gt;</Results><TagList/></Value><SchemaURI/><SchemaElement/><ValidateXMLOnExecution>1</ValidateXMLOnExecution><ReadOnly>false</ReadOnly><AlertXMLAssigned>false</AlertXMLAssigned></ContextItem><ContextItem><Name>Match</Name><Description/><MinRange>0</MinRange><MaxRange>0</MaxRange><Value xsi:type="Tracer"><Message/><Level>INFO</Level></Value><ReadOnly>false</ReadOnly><AlertXMLAssigned>false</AlertXMLAssigned></ContextItem><ContextItem><Name>If_NOT_TECO</Name><Description/><MinRange>0</MinRange><MaxRange>0</MaxRange><Value xsi:type="ConditionalAction"><Output>false</Output><InputCount>1</InputCount><LogicalAnd>false</LogicalAnd><Input1>false</Input1></Value><ReadOnly>false</ReadOnly><AlertXMLAssigned>false</AlertXMLAssigned></ContextItem><ContextItem><Name>Order_TECO</Name><Description/><MinRange>0</MinRange><MaxRange>0</MaxRange><Value xsi:type="Tracer"><Message/><Level>INFO</Level></Value><ReadOnly>false</ReadOnly><AlertXMLAssigned>false</AlertXMLAssigned></ContextItem><ContextItem><Name>setCTMOrderTECO</Name><Description/><MinRange>0</MinRange><MaxRange>0</MaxRange><Value xsi:type="IlluminatorSQLQueryObject"><Timeout>60</Timeout><QueryParameters/><QueryTemplate>MESM/ORDERS_DLD/QUERIES/sql_setCTMOrderTECO</QueryTemplate><QueryStartDate>2017-01-23T19:25:26</QueryStartDate><QueryEndDate>2017-01-23T19:25:26</QueryEndDate><SQLTransaction/><Results><ReferenceDocumentSource/>&lt;?xml version="1.0" encoding="UTF-8"?&gt;&lt;Rowsets CachedTime="" DateCreated="2017-03-02T12:31:28" EndDate="2017-03-02T12:31:28" StartDate="2017-03-02T11:31:28" Version="15.0 SP7 Patch 12 (Sep 7, 2016)"&gt;&lt;Messages&gt;&lt;Message&gt;Command Query Successful&lt;/Message&gt;&lt;/Messages&gt;&lt;/Rowsets&gt;</Results><TagList/></Value><SchemaURI/><SchemaElement/><ValidateXMLOnExecution>1</ValidateXMLOnExecution><ReadOnly>false</ReadOnly><AlertXMLAssigned>false</AlertXMLAssigned></ContextItem><ContextItem><Name>ShowOrderNr</Name><Description/><MinRange>0</MinRange><MaxRange>0</MaxRange><Value xsi:type="Tracer"><Message/><Level>INFO</Level></Value><ReadOnly>false</ReadOnly><AlertXMLAssigned>false</AlertXMLAssigned></ContextItem></Actions><ReaderRoles>SAP_XMII_Super_Administrator,SAP_XMII_Administrator,SAP_XMII_Developer,SAP_XMII_User</ReaderRoles><Steps><Step xsi:type="ActionSequence"><Name>Sequence</Name><Description/><Steps><Step xsi:type="ActionSequence"><Name>Sequence_0</Name><Description/><Steps><Step xsi:type="ActionSequence"><Name>Sequence_1</Name><Description/><Steps><Step xsi:type="ActionSequence"><Name>Sequence_4</Name><Description/><Steps><Step xsi:type="ActionSequence"><Name>Sequence_12</Name><Description/><Steps><Step xsi:type="Conditional"><Name>Sequence_5</Name><Description/><Steps><Step xsi:type="Repeater"><Name>Sequence_8</Name><Description/><Steps><Step xsi:type="ActionSequence"><Name>Sequence_59</Name><Description/><Steps><Step xsi:type="Conditional"><Name>Sequence_24</Name><Description/><Steps><Step xsi:type="Conditional"><Name>Sequence_9</Name><Description/><Steps><Step xsi:type="ActionSequence"><Name>Sequence_33</Name><Description/><Steps><Step xsi:type="Conditional"><Name>Sequence_30</Name><Description/><Steps><Step xsi:type="ActionSequence"><Name>Sequence_52</Name><Description/><Steps><Step xsi:type="ActionSequence"><Name>Sequence_16</Name><Description/><Steps><Step xsi:type="ActionSequence"><Name>Sequence_17</Name><Description/><Steps><Step xsi:type="Conditional"><Name>Sequence_20</Name><Description/><Steps><Step xsi:type="ActionSequence"><Name>Sequence_21</Name><Description/><Steps><Step xsi:type="Repeater"><Name>Sequence_34</Name><Description/><Steps><Step xsi:type="Conditional"><Name>Sequence_40</Name><Description/><Steps><Step xsi:type="ActionSequence"><Name>Sequence_55</Name><Description/><Steps><Step xsi:type="ActionSequence"><Name>Sequence_41</Name><Description/><Steps/><Actions><Action><Name>AssignFilter</Name><Description> </Description><IncomingLinks/><OutgoingLinks><Assign xsi:type="Assign"><Name/><Description/><To>Local.isFiltered</To><From>1</From></Assign><Assign xsi:type="Assign"><Name/><Description/><To>Local.SAP_WC</To><From>RepeatOnOps.Output{/item/WORK_CENTER}</From></Assign></OutgoingLinks></Action></Actions></Step></Steps><Actions><Action><Name>Match</Name><Description> </Description><IncomingLinks><Assign xsi:type="Assign"><Name/><Description/><To>Match.Message</To><From>"WC Match -- " &amp; stringindexof(stringupper(Transaction.WORK_CENTER), stringupper(RepeatOnOps.Output{/item/WORK_CENTER})) &amp; " -- " &amp; RepeatOnOps.Output{/item/WORK_CENTER}</From></Assign></IncomingLinks><OutgoingLinks/></Action></Actions></Step></Steps><Actions><Action><Name>For_Defined_WC</Name><Description> </Description><IncomingLinks><Assign xsi:type="Assign"><Name/><Description/><To>For_Defined_WC.Input1</To><From>stringindexof(stringupper(Transaction.WORK_CENTER), stringupper(RepeatOnOps.Output{/item/WORK_CENTER})) &gt;0</From></Assign></IncomingLinks><OutgoingLinks/></Action></Actions></Step></Steps><Actions><Action><Name>RepeatOnOps</Name><Description> </Description><IncomingLinks/><OutgoingLinks/></Action></Actions></Step><Step xsi:type="Conditional"><Name>Sequence_29</Name><Description/><Steps><Step xsi:type="Conditional"><Name>Sequence_14</Name><Description/><Steps><Step xsi:type="Conditional"><Name>Sequence_56</Name><Description/><Steps><Step xsi:type="ActionSequence"><Name>Sequence_10</Name><Description/><Steps><Step xsi:type="ActionSequence"><Name>Sequence_22</Name><Description/><Steps><Step xsi:type="Repeater"><Name>Sequence_42</Name><Description/><Steps><Step xsi:type="Conditional"><Name>Sequence_44</Name><Description/><Steps><Step xsi:type="ActionSequence"><Name>Sequence_35</Name><Description/><Steps/><Actions><Action><Name>Show_Operation_Item</Name><Description> </Description><IncomingLinks><Assign xsi:type="Assign"><Name/><Description/><To>Show_Operation_Item.Message</To><From>RepeatOnOperation.Output</From></Assign></IncomingLinks><OutgoingLinks/></Action></Actions></Step><Step xsi:type="ActionSequence"><Name>Sequence_51</Name><Description/><Steps/><Actions><Action><Name>Ops_Import_SAP</Name><Description>SQL Query</Description><IncomingLinks><Assign xsi:type="Assign"><Name/><Description/><To>Ops_Import_SAP.Query</To><From>"EXEC MESM_Import_Operation_SAP
	@ROUTING_NO = " &amp; singlequote &amp; RepeatOnOperation.Output{/item/ROUTING_NO} &amp; singlequote &amp; "," &amp;
	"@COUNTER = " &amp; singlequote &amp; RepeatOnOperation.Output{/item/COUNTER} &amp; singlequote &amp; "," &amp;
	"@SEQUENCE_NO = " &amp; singlequote &amp; RepeatOnOperation.Output{/item/SEQUENCE_NO} &amp; singlequote &amp; "," &amp;
	"@CONF_NO = " &amp; singlequote &amp; RepeatOnOperation.Output{/item/CONF_NO} &amp; singlequote &amp; "," &amp;
	"@CONF_CNT = " &amp; singlequote &amp; RepeatOnOperation.Output{/item/CONF_CNT} &amp; singlequote &amp; "," &amp;
	"@PURCHASE_REQ_NO = " &amp; singlequote &amp; RepeatOnOperation.Output{/item/PURCHASE_REQ_NO} &amp; singlequote &amp; "," &amp;
	"@PURCHASE_REQ_ITEM = " &amp; singlequote &amp; RepeatOnOperation.Output{/item/PURCHASE_REQ_ITEM} &amp; singlequote &amp; "," &amp;
	"@GROUP_COUNTER = " &amp; singlequote &amp; RepeatOnOperation.Output{/item/GROUP_COUNTER} &amp; singlequote &amp; "," &amp;
	"@TASK_LIST_TYPE = " &amp; singlequote &amp; RepeatOnOperation.Output{/item/TASK_LIST_TYPE} &amp; singlequote &amp; "," &amp;
	"@TASK_LIST_GROUP = " &amp; singlequote &amp; RepeatOnOperation.Output{/item/TASK_LIST_GROUP} &amp; singlequote &amp; "," &amp;
	"@OPERATION_NUMBER = " &amp; singlequote &amp; RepeatOnOperation.Output{/item/OPERATION_NUMBER} &amp; singlequote &amp; "," &amp;
	"@OPR_CNTRL_KEY = " &amp; singlequote &amp; RepeatOnOperation.Output{/item/OPR_CNTRL_KEY} &amp; singlequote &amp; "," &amp;
	"@PROD_PLANT = " &amp; singlequote &amp; RepeatOnOperation.Output{/item/PROD_PLANT} &amp; singlequote &amp; "," &amp;
	"@DESCRIPTION = " &amp; singlequote &amp; RepeatOnOperation.Output{/item/DESCRIPTION} &amp; singlequote &amp; "," &amp;
	"@DESCRIPTION2 = " &amp; singlequote &amp; RepeatOnOperation.Output{/item/DESCRIPTION2} &amp; singlequote &amp; "," &amp;
	"@STANDARD_VALUE_KEY = " &amp; singlequote &amp; RepeatOnOperation.Output{/item/STANDARD_VALUE_KEY} &amp; singlequote &amp; "," &amp;
	"@ACTIVITY_TYPE_1 = " &amp; singlequote &amp; RepeatOnOperation.Output{/item/ACTIVITY_TYPE_1} &amp; singlequote &amp; "," &amp;
	"@ACTIVITY_TYPE_2 = " &amp; singlequote &amp; RepeatOnOperation.Output{/item/ACTIVITY_TYPE_2} &amp; singlequote &amp; "," &amp;
	"@ACTIVITY_TYPE_3 = " &amp; singlequote &amp; RepeatOnOperation.Output{/item/ACTIVITY_TYPE_3} &amp; singlequote &amp; "," &amp;
	"@ACTIVITY_TYPE_4 = " &amp; singlequote &amp; RepeatOnOperation.Output{/item/ACTIVITY_TYPE_4} &amp; singlequote &amp; "," &amp;
	"@ACTIVITY_TYPE_5 = " &amp; singlequote &amp; RepeatOnOperation.Output{/item/ACTIVITY_TYPE_5} &amp; singlequote &amp; "," &amp;
	"@ACTIVITY_TYPE_6 = " &amp; singlequote &amp; RepeatOnOperation.Output{/item/ACTIVITY_TYPE_6} &amp; singlequote &amp; "," &amp;
	"@UNIT = " &amp; singlequote &amp; RepeatOnOperation.Output{/item/UNIT} &amp; singlequote &amp; "," &amp;
	"@UNIT_ISO = " &amp; singlequote &amp; RepeatOnOperation.Output{/item/UNIT_ISO} &amp; singlequote &amp; "," &amp;
	"@QUANTITY = " &amp; singlequote &amp; RepeatOnOperation.Output{/item/QUANTITY} &amp; singlequote &amp; "," &amp;
	"@SCRAP = " &amp; singlequote &amp; RepeatOnOperation.Output{/item/SCRAP} &amp; singlequote &amp; "," &amp;
	"@EARL_SCHED_START_DATE_EXEC = " &amp; singlequote &amp; RepeatOnOperation.Output{/item/EARL_SCHED_START_DATE_EXEC} &amp; singlequote &amp; "," &amp;
	"@EARL_SCHED_START_TIME_EXEC = " &amp; singlequote &amp; RepeatOnOperation.Output{/item/EARL_SCHED_START_TIME_EXEC} &amp; singlequote &amp; "," &amp;
	"@EARL_SCHED_START_DATE_PROC = " &amp; singlequote &amp; RepeatOnOperation.Output{/item/EARL_SCHED_START_DATE_PROC} &amp; singlequote &amp; "," &amp;
	"@EARL_SCHED_START_TIME_PROC = " &amp; singlequote &amp; RepeatOnOperation.Output{/item/EARL_SCHED_START_TIME_PROC} &amp; singlequote &amp; "," &amp;
	"@EARL_SCHED_START_DATE_TEARD = " &amp; singlequote &amp; RepeatOnOperation.Output{/item/EARL_SCHED_START_DATE_TEARD} &amp; singlequote &amp; "," &amp;
	"@EARL_SCHED_START_TIME_TEARD = " &amp; singlequote &amp; RepeatOnOperation.Output{/item/EARL_SCHED_START_TIME_TEARD} &amp; singlequote &amp; "," &amp;
	"@EARL_SCHED_FIN_DATE_EXEC = " &amp; singlequote &amp; RepeatOnOperation.Output{/item/EARL_SCHED_FIN_DATE_EXEC} &amp; singlequote &amp; "," &amp;
	"@EARL_SCHED_FIN_TIME_EXEC = " &amp; singlequote &amp; RepeatOnOperation.Output{/item/EARL_SCHED_FIN_TIME_EXEC} &amp; singlequote &amp; "," &amp;
	"@LATE_SCHED_START_DATE_EXEC = " &amp; singlequote &amp; RepeatOnOperation.Output{/item/LATE_SCHED_START_DATE_EXEC} &amp; singlequote &amp; "," &amp;
	"@LATE_SCHED_START_TIME_EXEC = " &amp; singlequote &amp; RepeatOnOperation.Output{/item/LATE_SCHED_START_TIME_EXEC} &amp; singlequote &amp; "," &amp;
	"@LATE_SCHED_START_DATE_PROC = " &amp; singlequote &amp; RepeatOnOperation.Output{/item/LATE_SCHED_START_DATE_PROC} &amp; singlequote &amp; "," &amp;
	"@LATE_SCHED_START_TIME_PROC = " &amp; singlequote &amp; RepeatOnOperation.Output{/item/LATE_SCHED_START_TIME_PROC} &amp; singlequote &amp; "," &amp;
	"@LATE_SCHED_START_DATE_TEARD = " &amp; singlequote &amp; RepeatOnOperation.Output{/item/LATE_SCHED_START_DATE_TEARD} &amp; singlequote &amp; "," &amp;
	"@LATE_SCHED_START_TIME_TEARD = " &amp; singlequote &amp; RepeatOnOperation.Output{/item/LATE_SCHED_START_TIME_TEARD} &amp; singlequote &amp; "," &amp;
	"@LATE_SCHED_FIN_DATE_EXEC = " &amp; singlequote &amp; RepeatOnOperation.Output{/item/LATE_SCHED_FIN_DATE_EXEC} &amp; singlequote &amp; "," &amp;
	"@LATE_SCHED_FIN_TIME_EXEC = " &amp; singlequote &amp; RepeatOnOperation.Output{/item/LATE_SCHED_FIN_TIME_EXEC} &amp; singlequote &amp; "," &amp;
	"@WORK_CENTER = " &amp; singlequote &amp; RepeatOnOperation.Output{/item/WORK_CENTER} &amp; singlequote &amp; "," &amp;
	"@WORK_CENTER_TEXT = " &amp; singlequote &amp; RepeatOnOperation.Output{/item/WORK_CENTER_TEXT} &amp; singlequote &amp; "," &amp;
	"@SYSTEM_STATUS = " &amp; singlequote &amp; RepeatOnOperation.Output{/item/SYSTEM_STATUS} &amp; singlequote &amp; "," &amp;
	"@SUBOPERATION = " &amp; singlequote &amp; RepeatOnOperation.Output{/item/SUBOPERATION} &amp; singlequote &amp; "," &amp;
	"@ORDER_NUMBER = " &amp; singlequote &amp; RepeatOnOrder.Output{/item/ORDER_NUMBER} &amp; singlequote</From></Assign><Assign xsi:type="Assign"><Name/><Description/><To>Ops_Import_SAP.Server</To><From>Transaction.SQL_SERVER</From></Assign></IncomingLinks><OutgoingLinks/></Action></Actions></Step></Steps><Actions><Action><Name>debug_6</Name><Description> </Description><IncomingLinks><Assign xsi:type="Assign"><Name/><Description/><To>debug_6.Input1</To><From>Local.debug</From></Assign></IncomingLinks><OutgoingLinks/></Action></Actions></Step></Steps><Actions><Action><Name>RepeatOnOperation</Name><Description> </Description><IncomingLinks/><OutgoingLinks/></Action></Actions></Step></Steps><Actions><Action><Name>Orders_Import_SAP</Name><Description>SQL Query</Description><IncomingLinks><Assign xsi:type="Assign"><Name/><Description/><To>Orders_Import_SAP.Query</To><From>"EXEC MESM_Import_Order_SAP
	@ORDER_NUMBER  = " &amp; singlequote &amp; RepeatOnOrder.Output{/item/ORDER_NUMBER} &amp; singlequote &amp; "," &amp;
	"@PRODUCTION_PLANT = " &amp; singlequote &amp; RepeatOnOrder.Output{/item/PRODUCTION_PLANT} &amp; singlequote &amp; "," &amp;
	"@MRP_CONTROLLER = " &amp; singlequote &amp; RepeatOnOrder.Output{/item/MRP_CONTROLLER} &amp; singlequote &amp; "," &amp;
	"@PRODUCTION_SCHEDULER = " &amp; singlequote &amp; RepeatOnOrder.Output{/item/PRODUCTION_SCHEDULER} &amp; singlequote &amp; "," &amp;
	"@MATERIAL = " &amp; singlequote &amp; RepeatOnOrder.Output{/item/MATERIAL} &amp; singlequote &amp; "," &amp;
	"@EXPL_DATE = " &amp; singlequote &amp; RepeatOnOrder.Output{/item/EXPL_DATE} &amp; singlequote &amp; "," &amp;
	"@ROUTING_NO = " &amp; singlequote &amp; RepeatOnOrder.Output{/item/ROUTING_NO} &amp; singlequote &amp; "," &amp;
	"@RESERVATION_NUMBER = " &amp; singlequote &amp; RepeatOnOrder.Output{/item/RESERVATION_NUMBER} &amp; singlequote &amp; "," &amp;
	"@SCHED_RELEASE_DATE = " &amp; singlequote &amp; RepeatOnOrder.Output{/item/SCHED_RELEASE_DATE} &amp; singlequote &amp; "," &amp;
	"@ACTUAL_RELEASE_DATE = " &amp; singlequote &amp; RepeatOnOrder.Output{/item/ACTUAL_RELEASE_DATE} &amp; singlequote &amp; "," &amp;
	"@FINISH_DATE = " &amp; singlequote &amp; RepeatOnOrder.Output{/item/START_DATE} &amp; singlequote &amp; "," &amp;
	"@START_DATE = " &amp; singlequote &amp; RepeatOnOrder.Output{/item/PRODUCTION_FINISH_DATE} &amp; singlequote &amp; "," &amp;
	"@PRODUCTION_FINISH_DATE = " &amp; singlequote &amp; RepeatOnOrder.Output{/item/PRODUCTION_START_DATE} &amp; singlequote &amp; "," &amp;
	"@PRODUCTION_START_DATE = " &amp; singlequote &amp; RepeatOnOrder.Output{/item/PRODUCTION_START_DATE} &amp; singlequote &amp; "," &amp;
	"@ACTUAL_START_DATE = " &amp; singlequote &amp; RepeatOnOrder.Output{/item/ACTUAL_START_DATE} &amp; singlequote &amp; "," &amp;
	"@ACTUAL_FINISH_DATE = " &amp; singlequote &amp; RepeatOnOrder.Output{/item/ACTUAL_FINISH_DATE} &amp; singlequote &amp; "," &amp;
	"@SCRAP = " &amp; singlequote &amp; RepeatOnOrder.Output{/item/SCRAP} &amp; singlequote &amp; "," &amp;
	"@TARGET_QUANTITY = " &amp; singlequote &amp; RepeatOnOrder.Output{/item/TARGET_QUANTITY} &amp; singlequote &amp; "," &amp;
	"@UNIT = " &amp; singlequote &amp; RepeatOnOrder.Output{/item/UNIT} &amp; singlequote &amp; "," &amp;
	"@UNIT_ISO = " &amp; singlequote &amp; RepeatOnOrder.Output{/item/UNIT_ISO} &amp; singlequote &amp; "," &amp;
	"@PRIORITY = " &amp; singlequote &amp; RepeatOnOrder.Output{/item/PRIORITY} &amp; singlequote &amp; "," &amp;
	"@ORDER_TYPE = " &amp; singlequote &amp; RepeatOnOrder.Output{/item/ORDER_TYPE} &amp; singlequote &amp; "," &amp;
	"@ENTERED_BY = " &amp; singlequote &amp; RepeatOnOrder.Output{/item/ENTERED_BY} &amp; singlequote &amp; "," &amp;
	"@ENTER_DATE = " &amp; singlequote &amp; RepeatOnOrder.Output{/item/ENTER_DATE} &amp; singlequote &amp; "," &amp;
	"@DELETION_FLAG = " &amp; singlequote &amp; RepeatOnOrder.Output{/item/DELETION_FLAG} &amp; singlequote &amp; "," &amp;
	"@WBS_ELEMENT = " &amp; singlequote &amp; RepeatOnOrder.Output{/item/WBS_ELEMENT} &amp; singlequote &amp; "," &amp;
	"@CONF_NO = " &amp; singlequote &amp; RepeatOnOrder.Output{/item/CONF_NO} &amp; singlequote &amp; "," &amp;
	"@CONF_CNT = " &amp; singlequote &amp; RepeatOnOrder.Output{/item/CONF_CNT} &amp; singlequote &amp; "," &amp;
	"@INT_OBJ_NO = " &amp; singlequote &amp; RepeatOnOrder.Output{/item/INT_OBJ_NO} &amp; singlequote &amp; "," &amp;
	"@SCHED_FIN_TIME = " &amp; singlequote &amp; RepeatOnOrder.Output{/item/SCHED_FIN_TIME} &amp; singlequote &amp; "," &amp;
	"@SCHED_START_TIME = " &amp; singlequote &amp; RepeatOnOrder.Output{/item/SCHED_START_TIME} &amp; singlequote &amp; "," &amp;
	"@COLLECTIVE_ORDER = " &amp; singlequote &amp; RepeatOnOrder.Output{/item/COLLECTIVE_ORDER} &amp; singlequote &amp; "," &amp;
	"@ORDER_SEQ_NO = " &amp; singlequote &amp; RepeatOnOrder.Output{/item/ORDER_SEQ_NO} &amp; singlequote &amp; "," &amp;
	"@FINISH_TIME = " &amp; singlequote &amp; RepeatOnOrder.Output{/item/FINISH_TIME} &amp; singlequote &amp; "," &amp;
	"@START_TIME = " &amp; singlequote &amp; RepeatOnOrder.Output{/item/START_TIME} &amp; singlequote &amp; "," &amp;
	"@ACTUAL_START_TIME = " &amp; singlequote &amp; RepeatOnOrder.Output{/item/ACTUAL_START_TIME} &amp; singlequote &amp; "," &amp;
	"@LEADING_ORDER = " &amp; singlequote &amp; RepeatOnOrder.Output{/item/LEADING_ORDER} &amp; singlequote &amp; "," &amp;
	"@SALES_ORDER = " &amp; singlequote &amp; RepeatOnOrder.Output{/item/SALES_ORDER} &amp; singlequote &amp; "," &amp;
	"@SALES_ORDER_ITEM = " &amp; singlequote &amp; RepeatOnOrder.Output{/item/SALES_ORDER_ITEM} &amp; singlequote &amp; "," &amp;
	"@PROD_SCHED_PROFILE = " &amp; singlequote &amp; RepeatOnOrder.Output{/item/PROD_SCHED_PROFILE} &amp; singlequote &amp; "," &amp;
	"@MATERIAL_TEXT = " &amp; singlequote &amp; RepeatOnOrder.Output{/item/MATERIAL_TEXT} &amp; singlequote &amp; "," &amp;
	"@SYSTEM_STATUS = " &amp; singlequote &amp; RepeatOnOrder.Output{/item/SYSTEM_STATUS} &amp; singlequote &amp; "," &amp;
	"@CONFIRMED_QUANTITY = " &amp; singlequote &amp; RepeatOnOrder.Output{/item/CONFIRMED_QUANTITY} &amp; singlequote &amp; "," &amp;
	"@PLAN_PLANT = " &amp; singlequote &amp; RepeatOnOrder.Output{/item/PLAN_PLANT} &amp; singlequote &amp; "," &amp;
	"@BATCH = " &amp; singlequote &amp; RepeatOnOrder.Output{/item/BATCH} &amp; singlequote &amp; "," &amp;
	"@MATERIAL_EXTERNAL = " &amp; singlequote &amp; RepeatOnOrder.Output{/item/MATERIAL_EXTERNAL} &amp; singlequote &amp; "," &amp;
	"@MATERIAL_GUID = " &amp; singlequote &amp; RepeatOnOrder.Output{/item/MATERIAL_GUID} &amp; singlequote &amp; "," &amp;
	"@MATERIAL_VERSION = " &amp; singlequote &amp; RepeatOnOrder.Output{/item/MATERIAL_VERSION} &amp; singlequote &amp; "," &amp;
	"@DATE_OF_EXPIRY = " &amp; singlequote &amp; singlequote &amp; "," &amp;
	"@DATE_OF_MANUFACTURE = " &amp; singlequote &amp; singlequote</From></Assign><Assign xsi:type="Assign"><Name/><Description/><To>Orders_Import_SAP.Server</To><From>Transaction.SQL_SERVER</From></Assign></IncomingLinks><OutgoingLinks/></Action></Actions></Step><Step xsi:type="ActionSequence"><Name>Sequence_15</Name><Description/><Steps><Step xsi:type="Repeater"><Name>Sequence_36</Name><Description/><Steps><Step xsi:type="Conditional"><Name>Sequence_37</Name><Description/><Steps><Step xsi:type="ActionSequence"><Name>Sequence_39</Name><Description/><Steps/><Actions><Action><Name>Show_Component_Item</Name><Description> </Description><IncomingLinks><Assign xsi:type="Assign"><Name/><Description/><To>Show_Component_Item.Message</To><From>RepeatOnComponent.Output</From></Assign></IncomingLinks><OutgoingLinks/></Action></Actions></Step><Step xsi:type="ActionSequence"><Name>Sequence_38</Name><Description/><Steps/><Actions><Action><Name>Comps_Import_SAP</Name><Description>SQL Query</Description><IncomingLinks><Assign xsi:type="Assign"><Name/><Description/><To>Comps_Import_SAP.Query</To><From>"EXEC MESM_Import_Component_SAP
	@RESERVATION_NUMBER = " &amp; singlequote &amp; RepeatOnComponent.Output{/item/RESERVATION_NUMBER} &amp; singlequote &amp; "," &amp;
	"@RESERVATION_ITEM = " &amp; singlequote &amp; RepeatOnComponent.Output{/item/RESERVATION_ITEM} &amp; singlequote &amp; "," &amp;
	"@RESERVATION_TYPE = " &amp; singlequote &amp; RepeatOnComponent.Output{/item/RESERVATION_TYPE} &amp; singlequote &amp; "," &amp;
	"@DELETION_INDICATOR = " &amp; singlequote &amp; RepeatOnComponent.Output{/item/DELETION_INDICATOR} &amp; singlequote &amp; "," &amp;
	"@MATERIAL = " &amp; singlequote &amp; RepeatOnComponent.Output{/item/MATERIAL} &amp; singlequote &amp; "," &amp;
	"@PROD_PLANT = " &amp; singlequote &amp; RepeatOnComponent.Output{/item/PROD_PLANT} &amp; singlequote &amp; "," &amp;
	"@STORAGE_LOCATION = " &amp; singlequote &amp; RepeatOnComponent.Output{/item/STORAGE_LOCATION} &amp; singlequote &amp; "," &amp;
	"@SUPPLY_AREA = " &amp; singlequote &amp; RepeatOnComponent.Output{/item/SUPPLY_AREA} &amp; singlequote &amp; "," &amp;
	"@BATCH = " &amp; singlequote &amp; RepeatOnComponent.Output{/item/BATCH} &amp; singlequote &amp; "," &amp;
	"@SPECIAL_STOCK = " &amp; singlequote &amp; RepeatOnComponent.Output{/item/SPECIAL_STOCK} &amp; singlequote &amp; "," &amp;
	"@REQ_DATE = " &amp; singlequote &amp; RepeatOnComponent.Output{/item/REQ_DATE} &amp; singlequote &amp; "," &amp;
	"@REQ_QUAN = " &amp; singlequote &amp; RepeatOnComponent.Output{/item/REQ_QUAN} &amp; singlequote &amp; "," &amp;
	"@BASE_UOM = " &amp; singlequote &amp; RepeatOnComponent.Output{/item/BASE_UOM} &amp; singlequote &amp; "," &amp;
	"@BASE_UOM_ISO = " &amp; singlequote &amp; RepeatOnComponent.Output{/item/BASE_UOM_ISO} &amp; singlequote &amp; "," &amp;
	"@WITHDRAWN_QUANTITY = " &amp; singlequote &amp; RepeatOnComponent.Output{/item/WITHDRAWN_QUANTITY} &amp; singlequote &amp; "," &amp;
	"@ENTRY_QUANTITY = " &amp; singlequote &amp; RepeatOnComponent.Output{/item/ENTRY_QUANTITY} &amp; singlequote &amp; "," &amp;
	"@ENTRY_UOM = " &amp; singlequote &amp; RepeatOnComponent.Output{/item/ENTRY_UOM} &amp; singlequote &amp; "," &amp;
	"@ENTRY_UOM_ISO = " &amp; singlequote &amp; RepeatOnComponent.Output{/item/ENTRY_UOM_ISO} &amp; singlequote &amp; "," &amp;
	"@ORDER_NUMBER = " &amp; singlequote &amp; RepeatOnComponent.Output{/item/ORDER_NUMBER} &amp; singlequote &amp; "," &amp;
	"@MOVEMENT_TYPE = " &amp; singlequote &amp; RepeatOnComponent.Output{/item/MOVEMENT_TYPE} &amp; singlequote &amp; "," &amp;
	"@ITEM_CATEGORY = " &amp; singlequote &amp; RepeatOnComponent.Output{/item/ITEM_CATEGORY} &amp; singlequote &amp; "," &amp;
	"@ITEM_NUMBER = " &amp; singlequote &amp; RepeatOnComponent.Output{/item/ITEM_NUMBER} &amp; singlequote &amp; "," &amp;
	"@SEQUENCE = " &amp; singlequote &amp; RepeatOnComponent.Output{/item/SEQUENCE} &amp; singlequote &amp; "," &amp;
	"@OPERATION = " &amp; singlequote &amp; RepeatOnComponent.Output{/item/OPERATION} &amp; singlequote &amp; "," &amp;
	"@BACKFLUSH = " &amp; singlequote &amp; RepeatOnComponent.Output{/item/BACKFLUSH} &amp; singlequote &amp; "," &amp;
	"@VALUATION_SPEC_STOCK = " &amp; singlequote &amp; RepeatOnComponent.Output{/item/VALUATION_SPEC_STOCK} &amp; singlequote &amp; "," &amp;
	"@SYSTEM_STATUS = " &amp; singlequote &amp; RepeatOnComponent.Output{/item/SYSTEM_STATUS} &amp; singlequote &amp; "," &amp;
	"@MATERIAL_DESCRIPTION = " &amp; singlequote &amp; RepeatOnComponent.Output{/item/MATERIAL_DESCRIPTION} &amp; singlequote &amp; "," &amp;
	"@COMMITED_QUANTITY = " &amp; singlequote &amp; RepeatOnComponent.Output{/item/COMMITED_QUANTITY} &amp; singlequote &amp; "," &amp;
	"@SHORTAGE = " &amp; singlequote &amp; RepeatOnComponent.Output{/item/SHORTAGE} &amp; singlequote &amp; "," &amp;
	"@PURCHASE_REQ_NO = " &amp; singlequote &amp; RepeatOnComponent.Output{/item/PURCHASE_REQ_NO} &amp; singlequote &amp; "," &amp;
	"@PURCHASE_REQ_ITEM = " &amp; singlequote &amp; RepeatOnComponent.Output{/item/PURCHASE_REQ_ITEM} &amp; singlequote &amp; "," &amp;
	"@MATERIAL_EXTERNAL = " &amp; singlequote &amp; RepeatOnComponent.Output{/item/MATERIAL_EXTERNAL} &amp; singlequote &amp; "," &amp;
	"@MATERIAL_GUID = " &amp; singlequote &amp; RepeatOnComponent.Output{/item/MATERIAL_GUID} &amp; singlequote &amp; "," &amp;
	"@MATERIAL_VERSION = " &amp; singlequote &amp; RepeatOnComponent.Output{/item/MATERIAL_VERSION} &amp; singlequote</From></Assign><Assign xsi:type="Assign"><Name/><Description/><To>Comps_Import_SAP.Server</To><From>Transaction.SQL_SERVER</From></Assign></IncomingLinks><OutgoingLinks/></Action></Actions></Step></Steps><Actions><Action><Name>debug_7</Name><Description> </Description><IncomingLinks><Assign xsi:type="Assign"><Name/><Description/><To>debug_7.Input1</To><From>Local.debug</From></Assign></IncomingLinks><OutgoingLinks/></Action></Actions></Step></Steps><Actions><Action><Name>RepeatOnComponent</Name><Description> </Description><IncomingLinks/><OutgoingLinks/></Action></Actions></Step></Steps><Actions><Action><Name>GetOrdComp</Name><Description> </Description><IncomingLinks><Assign xsi:type="Assign"><Name/><Description/><To>GetOrdComp.Request{/BAPI_PRODORD_GET_DETAIL/INPUT/NUMBER}</To><From>RepeatOnOrder.Output{/item/ORDER_NUMBER}</From></Assign><Assign xsi:type="Assign"><Name/><Description/><To>GetOrdComp.Request{/BAPI_PRODORD_GET_DETAIL/INPUT/ORDER_OBJECTS/COMPONENTS}</To><From>"1"</From></Assign><Assign xsi:type="Assign"><Name/><Description/><To>GetOrdComp.Request{/BAPI_PRODORD_GET_DETAIL/INPUT/ORDER_OBJECTS/POSITIONS}</To><From>"1"</From></Assign><Assign xsi:type="Assign"><Name/><Description/><To>GetOrdComp.Request{/BAPI_PRODORD_GET_DETAIL/INPUT/ORDER_OBJECTS/SEQUENCES}</To><From>"1"</From></Assign></IncomingLinks><OutgoingLinks/></Action></Actions></Step><Step xsi:type="ActionSequence"><Name>Sequence_53</Name><Description/><Steps><Step xsi:type="ActionSequence"><Name>Sequence_54</Name><Description/><Steps/><Actions><Action><Name>sql_setOrderNew</Name><Description>SQL Query</Description><IncomingLinks><Assign xsi:type="Assign"><Name/><Description/><To>sql_setOrderNew.Param.1</To><From>"000"</From></Assign><Assign xsi:type="Assign"><Name/><Description/><To>sql_setOrderNew.Param.2</To><From>number(RepeatOnOrder.Output{/item/ORDER_NUMBER})</From></Assign><Assign xsi:type="Assign"><Name/><Description/><To>sql_setOrderNew.Param.3</To><From>RepeatOnOrder.Output{/item/MATERIAL}</From></Assign></IncomingLinks><OutgoingLinks/></Action></Actions></Step></Steps><Actions><Action><Name>Gen_Orders</Name><Description> </Description><IncomingLinks><Assign xsi:type="Assign"><Name/><Description/><To>Gen_Orders.Message</To><From>"Generating Order: " &amp; number(RepeatOnOrder.Output{/item/ORDER_NUMBER}) &amp; " -- Material " &amp; RepeatOnOrder.Output{/item/MATERIAL} &amp; " - CTM Status: REL, PRK --  " &amp; Local.SAP_WC</From></Assign></IncomingLinks><OutgoingLinks/></Action></Actions></Step></Steps><Actions><Action><Name>Show_Order_Info</Name><Description> </Description><IncomingLinks><Assign xsi:type="Assign"><Name/><Description/><To>Show_Order_Info.Message</To><From>"Order " &amp; RepeatOnOrder.CurrentItem &amp; " of " &amp; RepeatOnOrder.ItemCount &amp; " - " &amp; RepeatOnOrder.Output{/item/ORDER_NUMBER} &amp; " Material " &amp; RepeatOnOrder.Output{/item/MATERIAL} &amp; " - " &amp; RepeatOnOrder.Output{/item/SYSTEM_STATUS}</From></Assign></IncomingLinks><OutgoingLinks/></Action></Actions></Step><Step xsi:type="ActionSequence"><Name>Sequence_57</Name><Description/><Steps><Step xsi:type="ActionSequence"><Name>Sequence_58</Name><Description/><Steps/><Actions><Action><Name>setCTMOrderTECO</Name><Description>SQL Query</Description><IncomingLinks><Assign xsi:type="Assign"><Name/><Description/><To>setCTMOrderTECO.Param.1</To><From>number(RepeatOnOrder.Output{/item/ORDER_NUMBER})</From></Assign><Assign xsi:type="Assign"><Name/><Description/><To>setCTMOrderTECO.Server</To><From>Transaction.SQL_SERVER</From></Assign></IncomingLinks><OutgoingLinks/></Action></Actions></Step></Steps><Actions><Action><Name>Order_TECO</Name><Description> </Description><IncomingLinks><Assign xsi:type="Assign"><Name/><Description/><To>Order_TECO.Message</To><From>"TECO Order " &amp; RepeatOnOrder.CurrentItem &amp; " of " &amp; RepeatOnOrder.ItemCount &amp; " - " &amp; RepeatOnOrder.Output{/item/ORDER_NUMBER} &amp; " Material " &amp; RepeatOnOrder.Output{/item/MATERIAL} &amp; " - " &amp; RepeatOnOrder.Output{/item/SYSTEM_STATUS}</From></Assign></IncomingLinks><OutgoingLinks/></Action></Actions></Step></Steps><Actions><Action><Name>If_NOT_TECO</Name><Description> </Description><IncomingLinks><Assign xsi:type="Assign"><Name/><Description/><To>If_NOT_TECO.Input1</To><From>if(match(RepeatOnOrder.Output{/item/SYSTEM_STATUS}, "TECO"),0,1)</From></Assign></IncomingLinks><OutgoingLinks/></Action></Actions></Step><Step xsi:type="ActionSequence"><Name>Sequence_23</Name><Description/><Steps><Step xsi:type="ActionSequence"><Name>Sequence_13</Name><Description/><Steps/><Actions><Action><Name>setCTMOrderDEL</Name><Description>SQL Query</Description><IncomingLinks><Assign xsi:type="Assign"><Name/><Description/><To>setCTMOrderDEL.Param.1</To><From>number(RepeatOnOrder.Output{/item/ORDER_NUMBER})</From></Assign><Assign xsi:type="Assign"><Name/><Description/><To>setCTMOrderDEL.Server</To><From>Transaction.SQL_SERVER</From></Assign></IncomingLinks><OutgoingLinks/></Action></Actions></Step></Steps><Actions><Action><Name>Order_DLFL</Name><Description> </Description><IncomingLinks><Assign xsi:type="Assign"><Name/><Description/><To>Order_DLFL.Message</To><From>"DLFL Order " &amp; RepeatOnOrder.CurrentItem &amp; " of " &amp; RepeatOnOrder.ItemCount &amp; " - " &amp; RepeatOnOrder.Output{/item/ORDER_NUMBER} &amp; " Material " &amp; RepeatOnOrder.Output{/item/MATERIAL} &amp; " - " &amp; RepeatOnOrder.Output{/item/SYSTEM_STATUS}</From></Assign></IncomingLinks><OutgoingLinks/></Action></Actions></Step></Steps><Actions><Action><Name>If_NOT_DLFL</Name><Description> </Description><IncomingLinks><Assign xsi:type="Assign"><Name/><Description/><To>If_NOT_DLFL.Input1</To><From>if(match(RepeatOnOrder.Output{/item/SYSTEM_STATUS}, "DLFL"),0,1)</From></Assign></IncomingLinks><OutgoingLinks/></Action></Actions></Step></Steps><Actions><Action><Name>IfFilter_1</Name><Description> </Description><IncomingLinks><Assign xsi:type="Assign"><Name/><Description/><To>IfFilter_1.Input1</To><From>Local.isFiltered</From></Assign></IncomingLinks><OutgoingLinks/></Action></Actions></Step></Steps><Actions><Action><Name>ResetFilter</Name><Description> </Description><IncomingLinks/><OutgoingLinks><Assign xsi:type="Assign"><Name/><Description/><To>Local.isFiltered</To><From>0</From></Assign><Assign xsi:type="Assign"><Name/><Description/><To>Local.SAP_WC</To><From>""</From></Assign></OutgoingLinks></Action></Actions></Step></Steps><Actions><Action><Name>GetOrdDetail_Ok</Name><Description> </Description><IncomingLinks><Assign xsi:type="Assign"><Name/><Description/><To>GetOrdDetail_Ok.Input1</To><From>GetOrdDetail.Success</From></Assign></IncomingLinks><OutgoingLinks/></Action></Actions></Step></Steps><Actions><Action><Name>GetOrdDetail</Name><Description> </Description><IncomingLinks><Assign xsi:type="Assign"><Name/><Description/><To>GetOrdDetail.Request{/BAPI_PRODORD_GET_DETAIL/INPUT/NUMBER}</To><From>RepeatOnOrder.Output{/item/ORDER_NUMBER}</From></Assign><Assign xsi:type="Assign"><Name/><Description/><To>GetOrdDetail.Request{/BAPI_PRODORD_GET_DETAIL/INPUT/ORDER_OBJECTS/HEADER}</To><From>"1"</From></Assign><Assign xsi:type="Assign"><Name/><Description/><To>GetOrdDetail.Request{/BAPI_PRODORD_GET_DETAIL/INPUT/ORDER_OBJECTS/OPERATIONS}</To><From>"1"</From></Assign></IncomingLinks><OutgoingLinks/></Action></Actions></Step><Step xsi:type="Catch"><Name>Sequence_18</Name><Description/><Steps><Step xsi:type="ActionSequence"><Name>Sequence_19</Name><Description/><Steps/><Actions><Action><Name>ShowCatch_1</Name><Description> </Description><IncomingLinks><Assign xsi:type="Assign"><Name/><Description/><To>ShowCatch_1.Message</To><From>Catch_1.Message</From></Assign></IncomingLinks><OutgoingLinks/></Action></Actions></Step></Steps><Actions><Action><Name>Catch_1</Name><Description>Catches an exception</Description><IncomingLinks/><OutgoingLinks/></Action></Actions></Step></Steps><Actions><Action><Name>Exception_Enabler_1</Name><Description>Enables exceptions.</Description><IncomingLinks/><OutgoingLinks/></Action></Actions></Step></Steps><Actions><Action><Name>ShowOrder</Name><Description> </Description><IncomingLinks><Assign xsi:type="Assign"><Name/><Description/><To>ShowOrder.Message</To><From>" &gt;&gt; Order # " &amp; RepeatOnOrder.Output{/item/ORDER_NUMBER}</From></Assign></IncomingLinks><OutgoingLinks/></Action></Actions></Step><Step xsi:type="Conditional"><Name>Sequence_31</Name><Description/><Steps><Step xsi:type="ActionSequence"><Name>Sequence_32</Name><Description/><Steps/><Actions><Action><Name>Order_MES</Name><Description> </Description><IncomingLinks><Assign xsi:type="Assign"><Name/><Description/><To>Order_MES.Message</To><From>" &gt;&gt; " &amp; stringif(RepeatOnOrder.Output{/item/ORDER_NUMBER}=="","EMPTY ORDER NUMBER", RepeatOnOrder.Output{/item/ORDER_NUMBER}) &amp; " - MATERIAL NOT ROUTED IN MES - " &amp; RepeatOnOrder.Output{/item/SYSTEM_STATUS}</From></Assign></IncomingLinks><OutgoingLinks/></Action></Actions></Step></Steps><Actions><Action><Name>debug_2</Name><Description> </Description><IncomingLinks><Assign xsi:type="Assign"><Name/><Description/><To>debug_2.Input1</To><From>Local.debug</From></Assign></IncomingLinks><OutgoingLinks/></Action></Actions></Step></Steps><Actions><Action><Name>MAT_ROUTED</Name><Description> </Description><IncomingLinks><Assign xsi:type="Assign"><Name/><Description/><To>MAT_ROUTED.Input1</To><From>if(CheckMatRouting.Results{/Rowsets/Rowset/Row/ORDERS_FOUND}&gt;0,1,0)</From></Assign></IncomingLinks><OutgoingLinks/></Action></Actions></Step></Steps><Actions><Action><Name>CheckMatRouting</Name><Description>SQL Query</Description><IncomingLinks><Assign xsi:type="Assign"><Name/><Description/><To>CheckMatRouting.Param.1</To><From>RepeatOnOrder.Output{/item/MATERIAL}</From></Assign><Assign xsi:type="Assign"><Name/><Description/><To>CheckMatRouting.Server</To><From>Transaction.SQL_SERVER</From></Assign></IncomingLinks><OutgoingLinks/></Action></Actions></Step><Step xsi:type="Conditional"><Name>Sequence_28</Name><Description/><Steps><Step xsi:type="ActionSequence"><Name>Sequence_11</Name><Description/><Steps/><Actions><Action><Name>Order_REL</Name><Description> </Description><IncomingLinks><Assign xsi:type="Assign"><Name/><Description/><To>Order_REL.Message</To><From>" &gt;&gt; " &amp; stringif(RepeatOnOrder.Output{/item/ORDER_NUMBER}=="","EMPTY ORDER NUMBER", RepeatOnOrder.Output{/item/ORDER_NUMBER}) &amp; " - NOT REL - " &amp; RepeatOnOrder.Output{/item/SYSTEM_STATUS}</From></Assign></IncomingLinks><OutgoingLinks/></Action></Actions></Step></Steps><Actions><Action><Name>debug_1</Name><Description> </Description><IncomingLinks><Assign xsi:type="Assign"><Name/><Description/><To>debug_1.Input1</To><From>Local.debug</From></Assign></IncomingLinks><OutgoingLinks/></Action></Actions></Step></Steps><Actions><Action><Name>If_Status_REL</Name><Description> </Description><IncomingLinks><Assign xsi:type="Assign"><Name/><Description/><To>If_Status_REL.Input1</To><From>if(match(RepeatOnOrder.Output{/item/SYSTEM_STATUS}, "REL"),1,0)</From></Assign><Assign xsi:type="Assign"><Name/><Description/><To>If_Status_REL.Input2</To><From>if(match(RepeatOnOrder.Output{/item/SYSTEM_STATUS}, "RELR"),0,1)</From></Assign></IncomingLinks><OutgoingLinks/></Action></Actions></Step><Step xsi:type="Conditional"><Name>Sequence_27</Name><Description/><Steps><Step xsi:type="ActionSequence"><Name>Sequence_25</Name><Description/><Steps/><Actions><Action><Name>Order_EMPTY</Name><Description> </Description><IncomingLinks><Assign xsi:type="Assign"><Name/><Description/><To>Order_EMPTY.Message</To><From>" &gt;&gt; EMPTY ORDER NUMBER IN HEADER"</From></Assign></IncomingLinks><OutgoingLinks/></Action></Actions></Step></Steps><Actions><Action><Name>debug_0</Name><Description> </Description><IncomingLinks><Assign xsi:type="Assign"><Name/><Description/><To>debug_0.Input1</To><From>Local.debug</From></Assign></IncomingLinks><OutgoingLinks/></Action></Actions></Step></Steps><Actions><Action><Name>If_Empty</Name><Description> </Description><IncomingLinks><Assign xsi:type="Assign"><Name/><Description/><To>If_Empty.Input1</To><From>stringif(RepeatOnOrder.Output{/item/ORDER_NUMBER}!="",1,0)</From></Assign></IncomingLinks><OutgoingLinks/></Action></Actions></Step></Steps><Actions><Action><Name>ShowOrderNr</Name><Description> </Description><IncomingLinks><Assign xsi:type="Assign"><Name/><Description/><To>ShowOrderNr.Message</To><From>" &gt;&gt; Processing: " &amp; RepeatOnOrder.Output{/item/ORDER_NUMBER} &amp; " -- " &amp; RepeatOnOrder.Output{/item/SYSTEM_STATUS} &amp; " -- " &amp; RepeatOnOrder.Output{/item/MATERIAL}</From></Assign></IncomingLinks><OutgoingLinks/></Action></Actions></Step></Steps><Actions><Action><Name>RepeatOnOrder</Name><Description> </Description><IncomingLinks/><OutgoingLinks/></Action></Actions></Step><Step xsi:type="ActionSequence"><Name>Sequence_7</Name><Description/><Steps/><Actions><Action><Name>ShowErr_1</Name><Description> </Description><IncomingLinks><Assign xsi:type="Assign"><Name/><Description/><To>ShowErr_1.Message</To><From>" &gt;&gt; SAP SAYS : " &amp; GetOrdList.Response{/BAPI_PRODORD_GET_LIST/OUTPUT/RETURN/MESSAGE} &amp; " -- " &amp; GetOrdList.Response{/BAPI_PRODORD_GET_LIST/OUTPUT/RETURN/TYPE}</From></Assign></IncomingLinks><OutgoingLinks/></Action></Actions></Step></Steps><Actions><Action><Name>GetOrdList_Ok</Name><Description> </Description><IncomingLinks><Assign xsi:type="Assign"><Name/><Description/><To>GetOrdList_Ok.Input1</To><From>GetOrdList.Success</From></Assign></IncomingLinks><OutgoingLinks/></Action></Actions></Step></Steps><Actions><Action><Name>ShowOrderCnt</Name><Description> </Description><IncomingLinks><Assign xsi:type="Assign"><Name/><Description/><To>ShowOrderCnt.Message</To><From>" &gt;&gt; " &amp; GetOrdList.Response{count(/BAPI_PRODORD_GET_LIST/TABLES/ORDER_HEADER/item)} &amp; " order(s) downloaded."</From></Assign></IncomingLinks><OutgoingLinks/></Action></Actions></Step></Steps><Actions><Action><Name>GetOrdList</Name><Description> </Description><IncomingLinks><Assign xsi:type="Assign"><Name/><Description/><To>GetOrdList.Request{/BAPI_PRODORD_GET_LIST/INPUT/COLLECTIVE_ORDER}</To><From>""</From></Assign><Assign xsi:type="Assign"><Name/><Description/><To>GetOrdList.Request{/BAPI_PRODORD_GET_LIST/TABLES/ORDER_NUMBER_RANGE/item/SIGN}</To><From>"I"</From></Assign><Assign xsi:type="Assign"><Name/><Description/><To>GetOrdList.Request{/BAPI_PRODORD_GET_LIST/TABLES/ORDER_NUMBER_RANGE/item/OPTION}</To><From>"CP"</From></Assign><Assign xsi:type="Assign"><Name/><Description/><To>GetOrdList.Request{/BAPI_PRODORD_GET_LIST/TABLES/ORDER_NUMBER_RANGE/item/LOW}</To><From>"*"</From></Assign><Assign xsi:type="Assign"><Name/><Description/><To>GetOrdList.Request{/BAPI_PRODORD_GET_LIST/TABLES/PRODPLANT_RANGE/item/SIGN}</To><From>"I"</From></Assign><Assign xsi:type="Assign"><Name/><Description/><To>GetOrdList.Request{/BAPI_PRODORD_GET_LIST/TABLES/PRODPLANT_RANGE/item/OPTION}</To><From>"EQ"</From></Assign><Assign xsi:type="Assign"><Name/><Description/><To>GetOrdList.Request{/BAPI_PRODORD_GET_LIST/TABLES/PRODPLANT_RANGE/item/LOW}</To><From>Transaction.SAP_PLANT_ID</From></Assign><Assign xsi:type="Assign"><Name/><Description/><To>GetOrdList.Request{/BAPI_PRODORD_GET_LIST/TABLES/ORDER_HEADER/item/SYSTEM_STATUS}</To><From>""</From></Assign><Assign xsi:type="Assign"><Name/><Description/><To>GetOrdList.Request{/BAPI_PRODORD_GET_LIST/TABLES/ORDER_HEADER/item/START_DATE}</To><From> datefromxmlformat(dateadddays(datenow, -Transaction.DAYS_BACK), "yyyyMMdd")</From></Assign><Assign xsi:type="Assign"><Name/><Description/><To>GetOrdList.Request{/BAPI_PRODORD_GET_LIST/TABLES/ORDER_HEADER/item/FINISH_DATE}</To><From> datefromxmlformat(dateadddays(datenow, Transaction.DAYS_FWD), "yyyyMMdd")</From></Assign></IncomingLinks><OutgoingLinks/></Action></Actions></Step><Step xsi:type="ActionSequence"><Name>Sequence_26</Name><Description/><Steps/><Actions><Action><Name>SAP_JCo_End</Name><Description> </Description><IncomingLinks/><OutgoingLinks/></Action></Actions></Step></Steps><Actions><Action><Name>SAP_JCo_Start</Name><Description> </Description><IncomingLinks><Assign xsi:type="Assign"><Name/><Description/><To>SAP_JCo_Start.ConnPropAlias</To><From>Transaction.SAP_SERVER</From></Assign><Assign xsi:type="Assign"><Name/><Description/><To>SAP_JCo_Start.CredentialAlias</To><From>Transaction.SAP_CREDENTIAL</From></Assign></IncomingLinks><OutgoingLinks/></Action></Actions></Step><Step xsi:type="Catch"><Name>Sequence_2</Name><Description/><Steps><Step xsi:type="ActionSequence"><Name>Sequence_3</Name><Description/><Steps/><Actions><Action><Name>ShowCatch_0</Name><Description> </Description><IncomingLinks><Assign xsi:type="Assign"><Name/><Description/><To>ShowCatch_0.Message</To><From>Catch_0.Message</From></Assign></IncomingLinks><OutgoingLinks/></Action></Actions></Step></Steps><Actions><Action><Name>Catch_0</Name><Description>Catches an exception</Description><IncomingLinks/><OutgoingLinks/></Action></Actions></Step></Steps><Actions><Action><Name>Exception_Enabler_0</Name><Description>Enables exceptions.</Description><IncomingLinks/><OutgoingLinks/></Action></Actions></Step><Step xsi:type="Conditional"><Name>Sequence_6</Name><Description/><Steps><Step xsi:type="ActionSequence"><Name>Sequence_43</Name><Description/><Steps><Step xsi:type="ActionSequence"><Name>Sequence_45</Name><Description/><Steps><Step xsi:type="Conditional"><Name>Sequence_48</Name><Description/><Steps><Step xsi:type="ActionSequence"><Name>Sequence_49</Name><Description/><Steps/><Actions><Action><Name>postConfAll_Ok</Name><Description> </Description><IncomingLinks><Assign xsi:type="Assign"><Name/><Description/><To>postConfAll_Ok.Message</To><From>"Queued confirmations posted to SAP for plant " &amp; postOrderConfECC_All.SAP_PLANT_ID</From></Assign></IncomingLinks><OutgoingLinks/></Action></Actions></Step><Step xsi:type="ActionSequence"><Name>Sequence_50</Name><Description/><Steps/><Actions><Action><Name>postConfAll_Err</Name><Description> </Description><IncomingLinks><Assign xsi:type="Assign"><Name/><Description/><To>postConfAll_Err.Message</To><From>"Post Error: " &amp; postOrderConfECC_All.LastErrorMessage</From></Assign></IncomingLinks><OutgoingLinks/></Action></Actions></Step></Steps><Actions><Action><Name>Success</Name><Description> </Description><IncomingLinks/><OutgoingLinks/></Action></Actions></Step></Steps><Actions><Action><Name>postOrderConfECC_All</Name><Description> </Description><IncomingLinks><Assign xsi:type="Assign"><Name/><Description/><To>postOrderConfECC_All.SAP_CREDENTIAL</To><From>Transaction.SAP_CREDENTIAL</From></Assign><Assign xsi:type="Assign"><Name/><Description/><To>postOrderConfECC_All.SAP_PLANT_ID</To><From>Transaction.SAP_PLANT_ID</From></Assign><Assign xsi:type="Assign"><Name/><Description/><To>postOrderConfECC_All.SAP_SERVER</To><From>Transaction.SAP_SERVER</From></Assign><Assign xsi:type="Assign"><Name/><Description/><To>postOrderConfECC_All.SQL_SERVER</To><From>Transaction.SQL_SERVER</From></Assign></IncomingLinks><OutgoingLinks/></Action></Actions></Step><Step xsi:type="Catch"><Name>Sequence_46</Name><Description/><Steps><Step xsi:type="ActionSequence"><Name>Sequence_47</Name><Description/><Steps/><Actions><Action><Name>ShowCatch_2</Name><Description> </Description><IncomingLinks><Assign xsi:type="Assign"><Name/><Description/><To>ShowCatch_2.Message</To><From>Catch_2.Message</From></Assign></IncomingLinks><OutgoingLinks/></Action></Actions></Step></Steps><Actions><Action><Name>Catch_2</Name><Description>Catches an exception</Description><IncomingLinks/><OutgoingLinks/></Action></Actions></Step></Steps><Actions><Action><Name>Exception_Enabler_2</Name><Description>Enables exceptions.</Description><IncomingLinks/><OutgoingLinks/></Action></Actions></Step></Steps><Actions><Action><Name>Disable</Name><Description> </Description><IncomingLinks/><OutgoingLinks/></Action></Actions></Step></Steps><Actions><Action><Name>Show_Params</Name><Description> </Description><IncomingLinks><Assign xsi:type="Assign"><Name/><Description/><To>Show_Params.Message</To><From>" &gt;&gt; PRODUCTION ORDERS DLD " &amp; Transaction.SAP_SERVER &amp; " - " &amp; 
Transaction.SAP_CREDENTIAL&amp; " - " &amp; 
Transaction.SQL_SERVER &amp; " - " &amp; 
Transaction.SAP_PLANT_ID &amp; " - " &amp; Transaction.DAYS_BACK &amp; " - " &amp; Transaction.DAYS_FWD

</From></Assign></IncomingLinks><OutgoingLinks/></Action></Actions></Step></Steps></Transaction>