<?xml version="1.0" encoding="UTF-8"?>
<Transaction xmlns:xsd="http://www.w3.org/2001/XMLSchema" xmlns:xsi="http://www.w3.org/2001/XMLSchema-instance"
             Version="15.0.4.11">
    <TransactionAttributes>
        <ContextItem>
            <Name>Description</Name>
            <Description>Transaction Description</Description>
            <MinRange>0</MinRange>
            <MaxRange>0</MaxRange>
            <Value xsi:type="string"/>
            <ReadOnly>true</ReadOnly>
            <AlertXMLAssigned>false</AlertXMLAssigned>
        </ContextItem>
        <ContextItem>
            <Name>Comments</Name>
            <Description>User Comments</Description>
            <MinRange>0</MinRange>
            <MaxRange>0</MaxRange>
            <Value xsi:type="string"/>
            <ReadOnly>true</ReadOnly>
            <AlertXMLAssigned>false</AlertXMLAssigned>
        </ContextItem>
        <ContextItem>
            <Name>CreatedBy</Name>
            <Description>Created By</Description>
            <MinRange>0</MinRange>
            <MaxRange>0</MaxRange>
            <Value xsi:type="string">RadPa</Value>
            <ReadOnly>true</ReadOnly>
            <AlertXMLAssigned>false</AlertXMLAssigned>
        </ContextItem>
        <ContextItem>
            <Name>CreationDate</Name>
            <Description>Creation Date</Description>
            <MinRange>0</MinRange>
            <MaxRange>0</MaxRange>
            <Value xsi:type="dateTime">2015-08-24T12:49:00</Value>
            <ReadOnly>true</ReadOnly>
            <AlertXMLAssigned>false</AlertXMLAssigned>
        </ContextItem>
        <ContextItem>
            <Name>Category</Name>
            <Description>Transaction Category</Description>
            <MinRange>0</MinRange>
            <MaxRange>0</MaxRange>
            <Value xsi:type="string"/>
            <ReadOnly>true</ReadOnly>
            <AlertXMLAssigned>false</AlertXMLAssigned>
        </ContextItem>
        <ContextItem>
            <Name>Status</Name>
            <Description>Deployment Status</Description>
            <MinRange>0</MinRange>
            <MaxRange>0</MaxRange>
            <Value xsi:type="string">DEVELOPMENT</Value>
            <ReadOnly>true</ReadOnly>
            <AlertXMLAssigned>false</AlertXMLAssigned>
        </ContextItem>
        <ContextItem>
            <Name>LegacyProcessingMode</Name>
            <Description>Support the pre MII 12.1 Transaction Engine.</Description>
            <MinRange>0</MinRange>
            <MaxRange>0</MaxRange>
            <Value xsi:type="boolean">0</Value>
            <ReadOnly>true</ReadOnly>
            <AlertXMLAssigned>false</AlertXMLAssigned>
        </ContextItem>
        <ContextItem>
            <Name>AutoAppendBlankNamespaces</Name>
            <Description>AutoAppendBlankNamespaces</Description>
            <MinRange>0</MinRange>
            <MaxRange>0</MaxRange>
            <Value xsi:type="boolean">1</Value>
            <ReadOnly>true</ReadOnly>
            <AlertXMLAssigned>false</AlertXMLAssigned>
        </ContextItem>
        <ContextItem>
            <Name>ThrowOnLinkError</Name>
            <Description>Throws an exception when a link error occures</Description>
            <MinRange>0</MinRange>
            <MaxRange>0</MaxRange>
            <Value xsi:type="boolean">0</Value>
            <ReadOnly>true</ReadOnly>
            <AlertXMLAssigned>false</AlertXMLAssigned>
        </ContextItem>
        <ContextItem>
            <Name>LastEditedBy</Name>
            <Description>Last Edited By</Description>
            <MinRange>0</MinRange>
            <MaxRange>0</MaxRange>
            <Value xsi:type="xsd:string">ZarKl</Value>
            <ReadOnly>true</ReadOnly>
            <AlertXMLAssigned>false</AlertXMLAssigned>
        </ContextItem>
        <ContextItem>
            <Name>LastEditedDate</Name>
            <Description>Last Edited Date</Description>
            <MinRange>0</MinRange>
            <MaxRange>0</MaxRange>
            <Value xsi:type="xsd:dateTime">2016-06-28T12:11:33</Value>
            <ReadOnly>true</ReadOnly>
            <AlertXMLAssigned>false</AlertXMLAssigned>
        </ContextItem>
        <ContextItem>
            <Name>FormatXMLOnConversion</Name>
            <Description>By default XML will be formatted when assigned from XML data type to String data type. This
                behaviour can be changed with this flag.
            </Description>
            <MinRange>0</MinRange>
            <MaxRange>0</MaxRange>
            <Value xsi:type="boolean">1</Value>
            <ReadOnly>true</ReadOnly>
            <AlertXMLAssigned>false</AlertXMLAssigned>
        </ContextItem>
    </TransactionAttributes>
    <Name>MESM/LABELS/TRANSACTIONS/getLabelFilesList</Name>
    <Version>88</Version>
    <WriterRoles>SAP_XMII_Super_Administrator,SAP_XMII_Administrator,SAP_XMII_Developer</WriterRoles>
    <Context>
        <ContextItem>
            <Name>OUTPUT</Name>
            <Description/>
            <MinRange>0</MinRange>
            <MaxRange>0</MaxRange>
            <Value xsi:type="xml">
                <ReferenceDocumentSource/>
            </Value>
            <SchemaURI/>
            <SchemaElement/>
            <ValidateXMLOnExecution>1</ValidateXMLOnExecution>
            <ReadOnly>true</ReadOnly>
            <AlertXMLAssigned>false</AlertXMLAssigned>
        </ContextItem>
    </Context>
    <Local/>
    <Layout>
        <GUILayoutItem>
            <Name>Sequence</Name>
            <X>224</X>
            <Y>8</Y>
            <Width>120</Width>
            <SpacingWidth>552</SpacingWidth>
            <DescendantWidth>552</DescendantWidth>
            <Height>96</Height>
        </GUILayoutItem>
        <GUILayoutItem>
            <Name>Document_0</Name>
            <X>232</X>
            <Y>24</Y>
            <Width>104</Width>
            <SpacingWidth>0</SpacingWidth>
            <DescendantWidth>0</DescendantWidth>
            <Height>72</Height>
        </GUILayoutItem>
        <GUILayoutItem>
            <Name>Sequence_4</Name>
            <X>152</X>
            <Y>144</Y>
            <Width>120</Width>
            <SpacingWidth>408</SpacingWidth>
            <DescendantWidth>408</DescendantWidth>
            <Height>96</Height>
        </GUILayoutItem>
        <GUILayoutItem>
            <Name>Sequence_3</Name>
            <X>80</X>
            <Y>280</Y>
            <Width>120</Width>
            <SpacingWidth>264</SpacingWidth>
            <DescendantWidth>264</DescendantWidth>
            <Height>96</Height>
        </GUILayoutItem>
        <GUILayoutItem>
            <Name>Sequence_6</Name>
            <X>296</X>
            <Y>416</Y>
            <Width>120</Width>
            <SpacingWidth>120</SpacingWidth>
            <DescendantWidth>0</DescendantWidth>
            <Height>96</Height>
        </GUILayoutItem>
        <GUILayoutItem>
            <Name>Sequence_7</Name>
            <X>80</X>
            <Y>416</Y>
            <Width>120</Width>
            <SpacingWidth>264</SpacingWidth>
            <DescendantWidth>264</DescendantWidth>
            <Height>96</Height>
        </GUILayoutItem>
        <GUILayoutItem>
            <Name>gotFiles</Name>
            <X>88</X>
            <Y>432</Y>
            <Width>104</Width>
            <SpacingWidth>0</SpacingWidth>
            <DescendantWidth>0</DescendantWidth>
            <Height>72</Height>
        </GUILayoutItem>
        <GUILayoutItem>
            <Name>Sequence_9</Name>
            <X>152</X>
            <Y>552</Y>
            <Width>120</Width>
            <SpacingWidth>120</SpacingWidth>
            <DescendantWidth>0</DescendantWidth>
            <Height>96</Height>
        </GUILayoutItem>
        <GUILayoutItem>
            <Name>Sequence_8</Name>
            <X>8</X>
            <Y>552</Y>
            <Width>120</Width>
            <SpacingWidth>120</SpacingWidth>
            <DescendantWidth>120</DescendantWidth>
            <Height>96</Height>
        </GUILayoutItem>
        <GUILayoutItem>
            <Name>RepeatOnFolder</Name>
            <X>16</X>
            <Y>568</Y>
            <Width>104</Width>
            <SpacingWidth>0</SpacingWidth>
            <DescendantWidth>0</DescendantWidth>
            <Height>72</Height>
        </GUILayoutItem>
        <GUILayoutItem>
            <Name>Sequence_10</Name>
            <X>8</X>
            <Y>688</Y>
            <Width>120</Width>
            <SpacingWidth>120</SpacingWidth>
            <DescendantWidth>120</DescendantWidth>
            <Height>96</Height>
        </GUILayoutItem>
        <GUILayoutItem>
            <Name>ShowFileName</Name>
            <X>16</X>
            <Y>704</Y>
            <Width>104</Width>
            <SpacingWidth>0</SpacingWidth>
            <DescendantWidth>0</DescendantWidth>
            <Height>72</Height>
        </GUILayoutItem>
        <GUILayoutItem>
            <Name>Sequence_11</Name>
            <X>8</X>
            <Y>824</Y>
            <Width>120</Width>
            <SpacingWidth>120</SpacingWidth>
            <DescendantWidth>0</DescendantWidth>
            <Height>96</Height>
        </GUILayoutItem>
        <GUILayoutItem>
            <Name>GetErr_0</Name>
            <X>160</X>
            <Y>568</Y>
            <Width>104</Width>
            <SpacingWidth>0</SpacingWidth>
            <DescendantWidth>0</DescendantWidth>
            <Height>72</Height>
        </GUILayoutItem>
        <GUILayoutItem>
            <Name>Add_Row_File</Name>
            <X>16</X>
            <Y>840</Y>
            <Width>104</Width>
            <SpacingWidth>0</SpacingWidth>
            <DescendantWidth>0</DescendantWidth>
            <Height>72</Height>
        </GUILayoutItem>
        <GUILayoutItem>
            <Name>Sequence_20</Name>
            <X>440</X>
            <Y>144</Y>
            <Width>120</Width>
            <SpacingWidth>120</SpacingWidth>
            <DescendantWidth>120</DescendantWidth>
            <Height>96</Height>
        </GUILayoutItem>
        <GUILayoutItem>
            <Name>Assignment_OUTPUT</Name>
            <X>448</X>
            <Y>160</Y>
            <Width>104</Width>
            <SpacingWidth>0</SpacingWidth>
            <DescendantWidth>0</DescendantWidth>
            <Height>72</Height>
        </GUILayoutItem>
        <GUILayoutItem>
            <Name>Sequence_21</Name>
            <X>440</X>
            <Y>280</Y>
            <Width>120</Width>
            <SpacingWidth>120</SpacingWidth>
            <DescendantWidth>0</DescendantWidth>
            <Height>96</Height>
        </GUILayoutItem>
        <GUILayoutItem>
            <Name>ShowOutput</Name>
            <X>448</X>
            <Y>296</Y>
            <Width>104</Width>
            <SpacingWidth>0</SpacingWidth>
            <DescendantWidth>0</DescendantWidth>
            <Height>72</Height>
        </GUILayoutItem>
        <GUILayoutItem>
            <Name>Exception_Enabler_0</Name>
            <X>160</X>
            <Y>160</Y>
            <Width>104</Width>
            <SpacingWidth>0</SpacingWidth>
            <DescendantWidth>0</DescendantWidth>
            <Height>72</Height>
        </GUILayoutItem>
        <GUILayoutItem>
            <Name>Sequence_5</Name>
            <X>296</X>
            <Y>280</Y>
            <Width>120</Width>
            <SpacingWidth>120</SpacingWidth>
            <DescendantWidth>120</DescendantWidth>
            <Height>96</Height>
        </GUILayoutItem>
        <GUILayoutItem>
            <Name>Catch_0</Name>
            <X>304</X>
            <Y>296</Y>
            <Width>104</Width>
            <SpacingWidth>0</SpacingWidth>
            <DescendantWidth>0</DescendantWidth>
            <Height>72</Height>
        </GUILayoutItem>
        <GUILayoutItem>
            <Name>ShowCatch_0</Name>
            <X>304</X>
            <Y>432</Y>
            <Width>104</Width>
            <SpacingWidth>0</SpacingWidth>
            <DescendantWidth>0</DescendantWidth>
            <Height>72</Height>
        </GUILayoutItem>
        <GUILayoutItem>
            <Name>Get_File_List</Name>
            <X>88</X>
            <Y>296</Y>
            <Width>104</Width>
            <SpacingWidth>0</SpacingWidth>
            <DescendantWidth>0</DescendantWidth>
            <Height>72</Height>
        </GUILayoutItem>
    </Layout>
    <Actions>
        <ContextItem>
            <Name>Document_0</Name>
            <Description/>
            <MinRange>0</MinRange>
            <MaxRange>0</MaxRange>
            <Value xsi:type="IlluminatorDocument">
                <EndDate>2009-04-09T16:58:56</EndDate>
                <StartDate>2009-04-09T16:58:56</StartDate>
                <Output><ReferenceDocumentSource/>&lt;?xml version="1.0" encoding="UTF-8"?&gt;&lt;Rowsets
                    DateCreated="2016-06-28T10:40:28" EndDate="2009-04-09T16:58:56" StartDate="2009-04-09T16:58:56"
                    Version="15.0 SP4 Patch 11"&gt;&lt;Rowset&gt;&lt;Columns&gt;&lt;Column Description="" MaxRange="1"
                    MinRange="0" Name="KEY" SQLDataType="1" SourceColumn="KEY"/&gt;&lt;Column Description=""
                    MaxRange="1" MinRange="0" Name="TEXT" SQLDataType="1" SourceColumn="TEXT"/&gt;&lt;/Columns&gt;&lt;Row&gt;&lt;KEY&gt;STRING&lt;/KEY&gt;&lt;TEXT&gt;STRING&lt;/TEXT&gt;&lt;/Row&gt;&lt;/Rowset&gt;&lt;/Rowsets&gt;
                </Output>
                <ColumnSpecifications>
                    <ContextItem>
                        <Name>KEY</Name>
                        <Description/>
                        <MinRange>0</MinRange>
                        <MaxRange>1</MaxRange>
                        <Value xsi:type="string">STRING</Value>
                        <ReadOnly>false</ReadOnly>
                        <AlertXMLAssigned>false</AlertXMLAssigned>
                    </ContextItem>
                    <ContextItem>
                        <Name>TEXT</Name>
                        <Description/>
                        <MinRange>0</MinRange>
                        <MaxRange>1</MaxRange>
                        <Value xsi:type="string">STRING</Value>
                        <ReadOnly>false</ReadOnly>
                        <AlertXMLAssigned>false</AlertXMLAssigned>
                    </ContextItem>
                </ColumnSpecifications>
            </Value>
            <SchemaURI/>
            <SchemaElement/>
            <ValidateXMLOnExecution>1</ValidateXMLOnExecution>
            <ReadOnly>false</ReadOnly>
            <AlertXMLAssigned>false</AlertXMLAssigned>
        </ContextItem>
        <ContextItem>
            <Name>gotFiles</Name>
            <Description/>
            <MinRange>0</MinRange>
            <MaxRange>0</MaxRange>
            <Value xsi:type="ConditionalAction">
                <Output>false</Output>
                <InputCount>1</InputCount>
                <LogicalAnd>true</LogicalAnd>
                <Input1>false</Input1>
            </Value>
            <ReadOnly>false</ReadOnly>
            <AlertXMLAssigned>false</AlertXMLAssigned>
        </ContextItem>
        <ContextItem>
            <Name>RepeatOnFolder</Name>
            <Description/>
            <MinRange>0</MinRange>
            <MaxRange>0</MaxRange>
            <Value xsi:type="RepeaterAction">
                <Output><ReferenceDocumentSource/>&lt;?xml version="1.0" encoding="UTF-8"?&gt;&lt;Row&gt;&#13;
                    &lt;Name&gt;FileName.txt&lt;/Name&gt;&#13;
                    &lt;Date&gt;2016-06-28T10:51:06&lt;/Date&gt;&#13;
                    &lt;LastWriteDate&gt;2016-06-28T10:51:06&lt;/LastWriteDate&gt;&#13;
                    &lt;Size&gt;10000&lt;/Size&gt;&#13;
                    &lt;ReadOnly&gt;0&lt;/ReadOnly&gt;&#13;
                    &lt;FullPath&gt;C:\YourDirectory\FileName.txt&lt;/FullPath&gt;&#13;
                    &lt;/Row&gt;
                </Output>
                <Break>false</Break>
                <ItemCount>0</ItemCount>
                <CurrentItem>0</CurrentItem>
                <Source>Get_File_List.FileList{/Rowsets/Rowset/Row}</Source>
                <Item><ReferenceDocumentSource/>&lt;?xml version="1.0" encoding="UTF-8"?&gt;&lt;Row&gt;&#13;
                    &lt;Name&gt;FileName.txt&lt;/Name&gt;&#13;
                    &lt;Date&gt;2016-06-28T10:51:06&lt;/Date&gt;&#13;
                    &lt;LastWriteDate&gt;2016-06-28T10:51:06&lt;/LastWriteDate&gt;&#13;
                    &lt;Size&gt;10000&lt;/Size&gt;&#13;
                    &lt;ReadOnly&gt;0&lt;/ReadOnly&gt;&#13;
                    &lt;FullPath&gt;C:\YourDirectory\FileName.txt&lt;/FullPath&gt;&#13;
                    &lt;/Row&gt;
                </Item>
            </Value>
            <SchemaURI/>
            <SchemaElement/>
            <ValidateXMLOnExecution>1</ValidateXMLOnExecution>
            <SchemaURI/>
            <SchemaElement/>
            <ValidateXMLOnExecution>1</ValidateXMLOnExecution>
            <ReadOnly>false</ReadOnly>
            <AlertXMLAssigned>false</AlertXMLAssigned>
        </ContextItem>
        <ContextItem>
            <Name>ShowFileName</Name>
            <Description/>
            <MinRange>0</MinRange>
            <MaxRange>0</MaxRange>
            <Value xsi:type="Tracer">
                <Message/>
                <Level>INFO</Level>
            </Value>
            <ReadOnly>false</ReadOnly>
            <AlertXMLAssigned>false</AlertXMLAssigned>
        </ContextItem>
        <ContextItem>
            <Name>GetErr_0</Name>
            <Description/>
            <MinRange>0</MinRange>
            <MaxRange>0</MaxRange>
            <Value xsi:type="Tracer">
                <Message/>
                <Level>INFO</Level>
            </Value>
            <ReadOnly>false</ReadOnly>
            <AlertXMLAssigned>false</AlertXMLAssigned>
        </ContextItem>
        <ContextItem>
            <Name>Add_Row_File</Name>
            <Description/>
            <MinRange>0</MinRange>
            <MaxRange>0</MaxRange>
            <Value xsi:type="IlluminatorRow">
                <IlluminatorDocument>Document_0.Output</IlluminatorDocument>
            </Value>
            <ReadOnly>false</ReadOnly>
            <AlertXMLAssigned>false</AlertXMLAssigned>
        </ContextItem>
        <ContextItem>
            <Name>Assignment_OUTPUT</Name>
            <Description/>
            <MinRange>0</MinRange>
            <MaxRange>0</MaxRange>
            <Value xsi:type="Assignment"/>
            <ReadOnly>false</ReadOnly>
            <AlertXMLAssigned>false</AlertXMLAssigned>
        </ContextItem>
        <ContextItem>
            <Name>ShowOutput</Name>
            <Description/>
            <MinRange>0</MinRange>
            <MaxRange>0</MaxRange>
            <Value xsi:type="Tracer">
                <Message/>
                <Level>INFO</Level>
            </Value>
            <ReadOnly>false</ReadOnly>
            <AlertXMLAssigned>false</AlertXMLAssigned>
        </ContextItem>
        <ContextItem>
            <Name>Exception_Enabler_0</Name>
            <Description/>
            <MinRange>0</MinRange>
            <MaxRange>0</MaxRange>
            <Value xsi:type="ExceptionEnabler">
                <EnableActionExceptions>true</EnableActionExceptions>
                <EnableLinkExceptions>true</EnableLinkExceptions>
            </Value>
            <ReadOnly>false</ReadOnly>
            <AlertXMLAssigned>false</AlertXMLAssigned>
        </ContextItem>
        <ContextItem>
            <Name>Catch_0</Name>
            <Description/>
            <MinRange>0</MinRange>
            <MaxRange>0</MaxRange>
            <Value xsi:type="CatchAction"/>
            <ReadOnly>false</ReadOnly>
            <AlertXMLAssigned>false</AlertXMLAssigned>
        </ContextItem>
        <ContextItem>
            <Name>ShowCatch_0</Name>
            <Description/>
            <MinRange>0</MinRange>
            <MaxRange>0</MaxRange>
            <Value xsi:type="Tracer">
                <Message/>
                <Level>INFO</Level>
            </Value>
            <ReadOnly>false</ReadOnly>
            <AlertXMLAssigned>false</AlertXMLAssigned>
        </ContextItem>
        <ContextItem>
            <Name>Get_File_List</Name>
            <Description/>
            <MinRange>0</MinRange>
            <MaxRange>0</MaxRange>
            <Value xsi:type="GetFileList">
                <Folder>web://MESM/LTemplates</Folder>
                <Mask>*.txt</Mask>
                <DateTimeFormat/>
            </Value>
            <ReadOnly>false</ReadOnly>
            <AlertXMLAssigned>false</AlertXMLAssigned>
        </ContextItem>
    </Actions>
    <ReaderRoles>SAP_XMII_Super_Administrator,SAP_XMII_Administrator,SAP_XMII_Developer,SAP_XMII_User</ReaderRoles>
    <Steps>
        <Step xsi:type="ActionSequence">
            <Name>Sequence</Name>
            <Description/>
            <Steps>
                <Step xsi:type="ActionSequence">
                    <Name>Sequence_4</Name>
                    <Description/>
                    <Steps>
                        <Step xsi:type="ActionSequence">
                            <Name>Sequence_3</Name>
                            <Description/>
                            <Steps>
                                <Step xsi:type="Conditional">
                                    <Name>Sequence_7</Name>
                                    <Description/>
                                    <Steps>
                                        <Step xsi:type="Repeater">
                                            <Name>Sequence_8</Name>
                                            <Description/>
                                            <Steps>
                                                <Step xsi:type="ActionSequence">
                                                    <Name>Sequence_10</Name>
                                                    <Description/>
                                                    <Steps>
                                                        <Step xsi:type="ActionSequence">
                                                            <Name>Sequence_11</Name>
                                                            <Description/>
                                                            <Steps/>
                                                            <Actions>
                                                                <Action>
                                                                    <Name>Add_Row_File</Name>
                                                                    <Description></Description>
                                                                    <IncomingLinks>
                                                                        <Assign xsi:type="Assign">
                                                                            <Name/>
                                                                            <Description/>
                                                                            <To>Add_Row_File.KEY</To>
                                                                            <From>RepeatOnFolder.Output{/Row/Name}
                                                                            </From>
                                                                        </Assign>
                                                                        <Assign xsi:type="Assign">
                                                                            <Name/>
                                                                            <Description/>
                                                                            <To>Add_Row_File.TEXT</To>
                                                                            <From>RepeatOnFolder.Output{/Row/Name}
                                                                            </From>
                                                                        </Assign>
                                                                    </IncomingLinks>
                                                                    <OutgoingLinks/>
                                                                </Action>
                                                            </Actions>
                                                        </Step>
                                                    </Steps>
                                                    <Actions>
                                                        <Action>
                                                            <Name>ShowFileName</Name>
                                                            <Description></Description>
                                                            <IncomingLinks>
                                                                <Assign xsi:type="Assign">
                                                                    <Name/>
                                                                    <Description/>
                                                                    <To>ShowFileName.Message</To>
                                                                    <From>" &gt;&gt; File : " &amp;
                                                                        RepeatOnFolder.Output{/Row/Name}
                                                                    </From>
                                                                </Assign>
                                                            </IncomingLinks>
                                                            <OutgoingLinks/>
                                                        </Action>
                                                    </Actions>
                                                </Step>
                                            </Steps>
                                            <Actions>
                                                <Action>
                                                    <Name>RepeatOnFolder</Name>
                                                    <Description></Description>
                                                    <IncomingLinks/>
                                                    <OutgoingLinks/>
                                                </Action>
                                            </Actions>
                                        </Step>
                                        <Step xsi:type="ActionSequence">
                                            <Name>Sequence_9</Name>
                                            <Description/>
                                            <Steps/>
                                            <Actions>
                                                <Action>
                                                    <Name>GetErr_0</Name>
                                                    <Description></Description>
                                                    <IncomingLinks>
                                                        <Assign xsi:type="Assign">
                                                            <Name/>
                                                            <Description/>
                                                            <To>GetErr_0.Message</To>
                                                            <From>" No Filess Retrieved .."</From>
                                                        </Assign>
                                                    </IncomingLinks>
                                                    <OutgoingLinks/>
                                                </Action>
                                            </Actions>
                                        </Step>
                                    </Steps>
                                    <Actions>
                                        <Action>
                                            <Name>gotFiles</Name>
                                            <Description></Description>
                                            <IncomingLinks>
                                                <Assign xsi:type="Assign">
                                                    <Name/>
                                                    <Description/>
                                                    <To>gotFiles.Input1</To>
                                                    <From>Get_File_List.Success</From>
                                                </Assign>
                                            </IncomingLinks>
                                            <OutgoingLinks/>
                                        </Action>
                                    </Actions>
                                </Step>
                            </Steps>
                            <Actions>
                                <Action>
                                    <Name>Get_File_List</Name>
                                    <Description></Description>
                                    <IncomingLinks/>
                                    <OutgoingLinks/>
                                </Action>
                            </Actions>
                        </Step>
                        <Step xsi:type="Catch">
                            <Name>Sequence_5</Name>
                            <Description/>
                            <Steps>
                                <Step xsi:type="ActionSequence">
                                    <Name>Sequence_6</Name>
                                    <Description/>
                                    <Steps/>
                                    <Actions>
                                        <Action>
                                            <Name>ShowCatch_0</Name>
                                            <Description></Description>
                                            <IncomingLinks>
                                                <Assign xsi:type="Assign">
                                                    <Name/>
                                                    <Description/>
                                                    <To>ShowCatch_0.Message</To>
                                                    <From>Catch_0.Message</From>
                                                </Assign>
                                            </IncomingLinks>
                                            <OutgoingLinks/>
                                        </Action>
                                    </Actions>
                                </Step>
                            </Steps>
                            <Actions>
                                <Action>
                                    <Name>Catch_0</Name>
                                    <Description>Catches an exception</Description>
                                    <IncomingLinks/>
                                    <OutgoingLinks/>
                                </Action>
                            </Actions>
                        </Step>
                    </Steps>
                    <Actions>
                        <Action>
                            <Name>Exception_Enabler_0</Name>
                            <Description>Enables exceptions.</Description>
                            <IncomingLinks/>
                            <OutgoingLinks/>
                        </Action>
                    </Actions>
                </Step>
                <Step xsi:type="ActionSequence">
                    <Name>Sequence_20</Name>
                    <Description/>
                    <Steps>
                        <Step xsi:type="ActionSequence">
                            <Name>Sequence_21</Name>
                            <Description/>
                            <Steps/>
                            <Actions>
                                <Action>
                                    <Name>ShowOutput</Name>
                                    <Description></Description>
                                    <IncomingLinks>
                                        <Assign xsi:type="Assign">
                                            <Name/>
                                            <Description/>
                                            <To>ShowOutput.Message</To>
                                            <From>Transaction.OUTPUT</From>
                                        </Assign>
                                    </IncomingLinks>
                                    <OutgoingLinks/>
                                </Action>
                            </Actions>
                        </Step>
                    </Steps>
                    <Actions>
                        <Action>
                            <Name>Assignment_OUTPUT</Name>
                            <Description></Description>
                            <IncomingLinks/>
                            <OutgoingLinks>
                                <Assign xsi:type="AssignXml">
                                    <Name/>
                                    <Description/>
                                    <To>Transaction.OUTPUT</To>
                                    <From>Document_0.Output</From>
                                </Assign>
                            </OutgoingLinks>
                        </Action>
                    </Actions>
                </Step>
            </Steps>
            <Actions>
                <Action>
                    <Name>Document_0</Name>
                    <Description></Description>
                    <IncomingLinks/>
                    <OutgoingLinks/>
                </Action>
            </Actions>
        </Step>
    </Steps>
</Transaction>