<?xml version="1.0" encoding="UTF-8"?>
<Transaction xmlns:xsd="http://www.w3.org/2001/XMLSchema" xmlns:xsi="http://www.w3.org/2001/XMLSchema-instance"
             Version="15.0.4.11">
    <TransactionAttributes>
        <ContextItem>
            <Name>Description</Name>
            <Description>Transaction Description</Description>
            <MinRange>0</MinRange>
            <MaxRange>0</MaxRange>
            <Value xsi:type="string"/>
            <ReadOnly>true</ReadOnly>
            <AlertXMLAssigned>false</AlertXMLAssigned>
        </ContextItem>
        <ContextItem>
            <Name>Comments</Name>
            <Description>User Comments</Description>
            <MinRange>0</MinRange>
            <MaxRange>0</MaxRange>
            <Value xsi:type="string"/>
            <ReadOnly>true</ReadOnly>
            <AlertXMLAssigned>false</AlertXMLAssigned>
        </ContextItem>
        <ContextItem>
            <Name>CreatedBy</Name>
            <Description>Created By</Description>
            <MinRange>0</MinRange>
            <MaxRange>0</MaxRange>
            <Value xsi:type="string">VA051038</Value>
            <ReadOnly>true</ReadOnly>
            <AlertXMLAssigned>false</AlertXMLAssigned>
        </ContextItem>
        <ContextItem>
            <Name>CreationDate</Name>
            <Description>Creation Date</Description>
            <MinRange>0</MinRange>
            <MaxRange>0</MaxRange>
            <Value xsi:type="dateTime">2015-05-04T10:22:47</Value>
            <ReadOnly>true</ReadOnly>
            <AlertXMLAssigned>false</AlertXMLAssigned>
        </ContextItem>
        <ContextItem>
            <Name>Category</Name>
            <Description>Transaction Category</Description>
            <MinRange>0</MinRange>
            <MaxRange>0</MaxRange>
            <Value xsi:type="string"/>
            <ReadOnly>true</ReadOnly>
            <AlertXMLAssigned>false</AlertXMLAssigned>
        </ContextItem>
        <ContextItem>
            <Name>Status</Name>
            <Description>Deployment Status</Description>
            <MinRange>0</MinRange>
            <MaxRange>0</MaxRange>
            <Value xsi:type="string">DEVELOPMENT</Value>
            <ReadOnly>true</ReadOnly>
            <AlertXMLAssigned>false</AlertXMLAssigned>
        </ContextItem>
        <ContextItem>
            <Name>LegacyProcessingMode</Name>
            <Description>Support the pre MII 12.1 Transaction Engine.</Description>
            <MinRange>0</MinRange>
            <MaxRange>0</MaxRange>
            <Value xsi:type="boolean">0</Value>
            <ReadOnly>true</ReadOnly>
            <AlertXMLAssigned>false</AlertXMLAssigned>
        </ContextItem>
        <ContextItem>
            <Name>AutoAppendBlankNamespaces</Name>
            <Description>AutoAppendBlankNamespaces</Description>
            <MinRange>0</MinRange>
            <MaxRange>0</MaxRange>
            <Value xsi:type="boolean">1</Value>
            <ReadOnly>true</ReadOnly>
            <AlertXMLAssigned>false</AlertXMLAssigned>
        </ContextItem>
        <ContextItem>
            <Name>ThrowOnLinkError</Name>
            <Description>Throws an exception when a link error occures</Description>
            <MinRange>0</MinRange>
            <MaxRange>0</MaxRange>
            <Value xsi:type="boolean">0</Value>
            <ReadOnly>true</ReadOnly>
            <AlertXMLAssigned>false</AlertXMLAssigned>
        </ContextItem>
        <ContextItem>
            <Name>ThrowOnActionError</Name>
            <Description>Throws an exception when an action error occurs</Description>
            <MinRange>0</MinRange>
            <MaxRange>0</MaxRange>
            <Value xsi:type="boolean">1</Value>
            <ReadOnly>true</ReadOnly>
            <AlertXMLAssigned>false</AlertXMLAssigned>
        </ContextItem>
        <ContextItem>
            <Name>LastEditedBy</Name>
            <Description>Last Edited By</Description>
            <MinRange>0</MinRange>
            <MaxRange>0</MaxRange>
            <Value xsi:type="xsd:string">ZarKl</Value>
            <ReadOnly>true</ReadOnly>
            <AlertXMLAssigned>false</AlertXMLAssigned>
        </ContextItem>
        <ContextItem>
            <Name>LastEditedDate</Name>
            <Description>Last Edited Date</Description>
            <MinRange>0</MinRange>
            <MaxRange>0</MaxRange>
            <Value xsi:type="xsd:dateTime">2016-06-28T10:52:11</Value>
            <ReadOnly>true</ReadOnly>
            <AlertXMLAssigned>false</AlertXMLAssigned>
        </ContextItem>
        <ContextItem>
            <Name>FormatXMLOnConversion</Name>
            <Description>By default XML will be formatted when assigned from XML data type to String data type. This
                behaviour can be changed with this flag.
            </Description>
            <MinRange>0</MinRange>
            <MaxRange>0</MaxRange>
            <Value xsi:type="boolean">1</Value>
            <ReadOnly>true</ReadOnly>
            <AlertXMLAssigned>false</AlertXMLAssigned>
        </ContextItem>
    </TransactionAttributes>
    <Name>MESM/LABELS/TRANSACTIONS/readFolderTest</Name>
    <Version>79</Version>
    <WriterRoles>SAP_XMII_Super_Administrator,SAP_XMII_Administrator,SAP_XMII_Developer</WriterRoles>
    <Context/>
    <Local/>
    <Layout>
        <GUILayoutItem>
            <Name>Sequence</Name>
            <X>8</X>
            <Y>8</Y>
            <Width>120</Width>
            <SpacingWidth>120</SpacingWidth>
            <DescendantWidth>120</DescendantWidth>
            <Height>96</Height>
        </GUILayoutItem>
        <GUILayoutItem>
            <Name>Get_File_List</Name>
            <X>16</X>
            <Y>24</Y>
            <Width>104</Width>
            <SpacingWidth>0</SpacingWidth>
            <DescendantWidth>0</DescendantWidth>
            <Height>72</Height>
        </GUILayoutItem>
        <GUILayoutItem>
            <Name>Sequence_0</Name>
            <X>8</X>
            <Y>280</Y>
            <Width>120</Width>
            <SpacingWidth>120</SpacingWidth>
            <DescendantWidth>120</DescendantWidth>
            <Height>96</Height>
        </GUILayoutItem>
        <GUILayoutItem>
            <Name>Repeater_file</Name>
            <X>16</X>
            <Y>296</Y>
            <Width>104</Width>
            <SpacingWidth>0</SpacingWidth>
            <DescendantWidth>0</DescendantWidth>
            <Height>72</Height>
        </GUILayoutItem>
        <GUILayoutItem>
            <Name>Sequence_1</Name>
            <X>8</X>
            <Y>144</Y>
            <Width>120</Width>
            <SpacingWidth>120</SpacingWidth>
            <DescendantWidth>120</DescendantWidth>
            <Height>96</Height>
        </GUILayoutItem>
        <GUILayoutItem>
            <Name>Tracer_files</Name>
            <X>16</X>
            <Y>160</Y>
            <Width>104</Width>
            <SpacingWidth>0</SpacingWidth>
            <DescendantWidth>0</DescendantWidth>
            <Height>72</Height>
        </GUILayoutItem>
        <GUILayoutItem>
            <Name>Sequence_2</Name>
            <X>8</X>
            <Y>416</Y>
            <Width>120</Width>
            <SpacingWidth>120</SpacingWidth>
            <DescendantWidth>120</DescendantWidth>
            <Height>96</Height>
        </GUILayoutItem>
        <GUILayoutItem>
            <Name>Tracer_file_name</Name>
            <X>16</X>
            <Y>432</Y>
            <Width>104</Width>
            <SpacingWidth>0</SpacingWidth>
            <DescendantWidth>0</DescendantWidth>
            <Height>72</Height>
        </GUILayoutItem>
        <GUILayoutItem>
            <Name>Sequence_3</Name>
            <X>8</X>
            <Y>552</Y>
            <Width>120</Width>
            <SpacingWidth>120</SpacingWidth>
            <DescendantWidth>0</DescendantWidth>
            <Height>96</Height>
        </GUILayoutItem>
    </Layout>
    <Actions>
        <ContextItem>
            <Name>Get_File_List</Name>
            <Description/>
            <MinRange>0</MinRange>
            <MaxRange>0</MaxRange>
            <Value xsi:type="GetFileList">
                <Folder>web://MESM/LTemplates</Folder>
                <Mask>*.txt</Mask>
                <DateTimeFormat/>
            </Value>
            <ReadOnly>false</ReadOnly>
            <AlertXMLAssigned>false</AlertXMLAssigned>
        </ContextItem>
        <ContextItem>
            <Name>Repeater_file</Name>
            <Description/>
            <MinRange>0</MinRange>
            <MaxRange>0</MaxRange>
            <Value xsi:type="RepeaterAction">
                <Output>
                    <ReferenceDocumentSource/>
                </Output>
                <Break>false</Break>
                <ItemCount>0</ItemCount>
                <CurrentItem>0</CurrentItem>
                <Source>Get_File_List.FileList{/Rowsets/Rowset/Row}</Source>
                <Item>
                    <ReferenceDocumentSource/>
                </Item>
            </Value>
            <SchemaURI/>
            <SchemaElement/>
            <ValidateXMLOnExecution>1</ValidateXMLOnExecution>
            <SchemaURI/>
            <SchemaElement/>
            <ValidateXMLOnExecution>1</ValidateXMLOnExecution>
            <ReadOnly>false</ReadOnly>
            <AlertXMLAssigned>false</AlertXMLAssigned>
        </ContextItem>
        <ContextItem>
            <Name>Tracer_files</Name>
            <Description/>
            <MinRange>0</MinRange>
            <MaxRange>0</MaxRange>
            <Value xsi:type="Tracer">
                <Message/>
                <Level>INFO</Level>
            </Value>
            <ReadOnly>false</ReadOnly>
            <AlertXMLAssigned>false</AlertXMLAssigned>
        </ContextItem>
        <ContextItem>
            <Name>Tracer_file_name</Name>
            <Description/>
            <MinRange>0</MinRange>
            <MaxRange>0</MaxRange>
            <Value xsi:type="Tracer">
                <Message/>
                <Level>INFO</Level>
            </Value>
            <ReadOnly>false</ReadOnly>
            <AlertXMLAssigned>false</AlertXMLAssigned>
        </ContextItem>
    </Actions>
    <ReaderRoles>SAP_XMII_Super_Administrator,SAP_XMII_Administrator,SAP_XMII_Developer,SAP_XMII_User</ReaderRoles>
    <Steps>
        <Step xsi:type="ActionSequence">
            <Name>Sequence</Name>
            <Description/>
            <Steps>
                <Step xsi:type="ActionSequence">
                    <Name>Sequence_1</Name>
                    <Description/>
                    <Steps>
                        <Step xsi:type="Repeater">
                            <Name>Sequence_0</Name>
                            <Description/>
                            <Steps>
                                <Step xsi:type="ActionSequence">
                                    <Name>Sequence_2</Name>
                                    <Description/>
                                    <Steps>
                                        <Step xsi:type="ActionSequence">
                                            <Name>Sequence_3</Name>
                                            <Description/>
                                            <Steps/>
                                            <Actions/>
                                        </Step>
                                    </Steps>
                                    <Actions>
                                        <Action>
                                            <Name>Tracer_file_name</Name>
                                            <Description></Description>
                                            <IncomingLinks>
                                                <Assign xsi:type="Assign">
                                                    <Name/>
                                                    <Description/>
                                                    <To>Tracer_file_name.Message</To>
                                                    <From>Repeater_file.Item{/Row/Name}</From>
                                                </Assign>
                                            </IncomingLinks>
                                            <OutgoingLinks/>
                                        </Action>
                                    </Actions>
                                </Step>
                            </Steps>
                            <Actions>
                                <Action>
                                    <Name>Repeater_file</Name>
                                    <Description></Description>
                                    <IncomingLinks>
                                        <Assign xsi:type="AssignXml">
                                            <Name/>
                                            <Description/>
                                            <To>Repeater_file.Output</To>
                                            <From>Get_File_List.FileList{/Rowsets/Rowset}</From>
                                        </Assign>
                                        <Assign xsi:type="Assign">
                                            <Name/>
                                            <Description/>
                                            <To>Repeater_file.Item{/Row/Name}</To>
                                            <From>Get_File_List.FileList{/Rowsets/Rowset/Row/Name}</From>
                                        </Assign>
                                    </IncomingLinks>
                                    <OutgoingLinks/>
                                </Action>
                            </Actions>
                        </Step>
                    </Steps>
                    <Actions>
                        <Action>
                            <Name>Tracer_files</Name>
                            <Description></Description>
                            <IncomingLinks>
                                <Assign xsi:type="Assign">
                                    <Name/>
                                    <Description/>
                                    <To>Tracer_files.Message</To>
                                    <From>Get_File_List.FileList</From>
                                </Assign>
                            </IncomingLinks>
                            <OutgoingLinks/>
                        </Action>
                    </Actions>
                </Step>
            </Steps>
            <Actions>
                <Action>
                    <Name>Get_File_List</Name>
                    <Description></Description>
                    <IncomingLinks/>
                    <OutgoingLinks/>
                </Action>
            </Actions>
        </Step>
    </Steps>
</Transaction>