<?xml version="1.0" encoding="UTF-8"?><Transaction xmlns:xsd="http://www.w3.org/2001/XMLSchema" xmlns:xsi="http://www.w3.org/2001/XMLSchema-instance" Version="15.0.7.12"><TransactionAttributes><ContextItem><Name>Description</Name><Description>Transaction Description</Description><MinRange>0</MinRange><MaxRange>0</MaxRange><Value xsi:type="string"/><ReadOnly>true</ReadOnly><AlertXMLAssigned>false</AlertXMLAssigned></ContextItem><ContextItem><Name>Comments</Name><Description>User Comments</Description><MinRange>0</MinRange><MaxRange>0</MaxRange><Value xsi:type="string"/><ReadOnly>true</ReadOnly><AlertXMLAssigned>false</AlertXMLAssigned></ContextItem><ContextItem><Name>CreatedBy</Name><Description>Created By</Description><MinRange>0</MinRange><MaxRange>0</MaxRange><Value xsi:type="string">RadPa</Value><ReadOnly>true</ReadOnly><AlertXMLAssigned>false</AlertXMLAssigned></ContextItem><ContextItem><Name>CreationDate</Name><Description>Creation Date</Description><MinRange>0</MinRange><MaxRange>0</MaxRange><Value xsi:type="dateTime">2016-08-24T17:12:13</Value><ReadOnly>true</ReadOnly><AlertXMLAssigned>false</AlertXMLAssigned></ContextItem><ContextItem><Name>Category</Name><Description>Transaction Category</Description><MinRange>0</MinRange><MaxRange>0</MaxRange><Value xsi:type="string"/><ReadOnly>true</ReadOnly><AlertXMLAssigned>false</AlertXMLAssigned></ContextItem><ContextItem><Name>Status</Name><Description>Deployment Status</Description><MinRange>0</MinRange><MaxRange>0</MaxRange><Value xsi:type="string">DEVELOPMENT</Value><ReadOnly>true</ReadOnly><AlertXMLAssigned>false</AlertXMLAssigned></ContextItem><ContextItem><Name>LegacyProcessingMode</Name><Description>Support the pre MII 12.1 Transaction Engine.</Description><MinRange>0</MinRange><MaxRange>0</MaxRange><Value xsi:type="boolean">0</Value><ReadOnly>true</ReadOnly><AlertXMLAssigned>false</AlertXMLAssigned></ContextItem><ContextItem><Name>AutoAppendBlankNamespaces</Name><Description>AutoAppendBlankNamespaces</Description><MinRange>0</MinRange><MaxRange>0</MaxRange><Value xsi:type="boolean">1</Value><ReadOnly>true</ReadOnly><AlertXMLAssigned>false</AlertXMLAssigned></ContextItem><ContextItem><Name>ThrowOnLinkError</Name><Description>Throws an exception when a link error occures</Description><MinRange>0</MinRange><MaxRange>0</MaxRange><Value xsi:type="boolean">0</Value><ReadOnly>true</ReadOnly><AlertXMLAssigned>false</AlertXMLAssigned></ContextItem><ContextItem><Name>ThrowOnActionError</Name><Description>Throws an exception when an action error occurs</Description><MinRange>0</MinRange><MaxRange>0</MaxRange><Value xsi:type="boolean">1</Value><ReadOnly>true</ReadOnly><AlertXMLAssigned>false</AlertXMLAssigned></ContextItem><ContextItem><Name>FormatXMLOnConversion</Name><Description>By default XML will be formatted when assigned from XML data type to String data type. This behaviour can be changed with this flag.</Description><MinRange>0</MinRange><MaxRange>0</MaxRange><Value xsi:type="boolean">1</Value><ReadOnly>true</ReadOnly><AlertXMLAssigned>false</AlertXMLAssigned></ContextItem><ContextItem><Name>LastEditedBy</Name><Description>Last Edited By</Description><MinRange>0</MinRange><MaxRange>0</MaxRange><Value xsi:type="xsd:string">RadPa</Value><ReadOnly>true</ReadOnly><AlertXMLAssigned>false</AlertXMLAssigned></ContextItem><ContextItem><Name>LastEditedDate</Name><Description>Last Edited Date</Description><MinRange>0</MinRange><MaxRange>0</MaxRange><Value xsi:type="xsd:dateTime">2017-03-13T15:13:37</Value><ReadOnly>true</ReadOnly><AlertXMLAssigned>false</AlertXMLAssigned></ContextItem></TransactionAttributes><Name>MESM/LABELS/TRANSACTIONS/TRX_WIPLabel</Name><Version>71</Version><WriterRoles>SAP_XMII_Super_Administrator,SAP_XMII_Administrator,SAP_XMII_Developer</WriterRoles><Context><ContextItem><Name>LineID</Name><Description>Line ID Requiring the Label</Description><MinRange>0</MinRange><MaxRange>0</MaxRange><Value xsi:type="string">4</Value><ReadOnly>false</ReadOnly><AlertXMLAssigned>false</AlertXMLAssigned></ContextItem><ContextItem><Name>XML_OUT</Name><Description/><MinRange>0</MinRange><MaxRange>0</MaxRange><Value xsi:type="xml"><ReferenceDocumentSource/>&lt;?xml version="1.0" encoding="UTF-8"?&gt;&lt;Rowsets DateCreated="2016-08-24T22:43:20" EndDate="2016-06-30T14:06:59" StartDate="2016-06-30T14:06:59" Version="15.0 SP4 Patch 11 (28-Aug-2015)"&gt;&#13;
    &lt;Rowset&gt;&#13;
        &lt;Columns&gt;&#13;
            &lt;Column Description="STATUS" MaxRange="1" MinRange="0" Name="TIMESTAMP" SQLDataType="93" SourceColumn="TIMESTAMP"/&gt;&#13;
            &lt;Column Description="Active Order ID" MaxRange="1" MinRange="0" Name="ORDERID" SQLDataType="1" SourceColumn="ORDERID"/&gt;&#13;
            &lt;Column Description="Generated Serial Number for Active Order" MaxRange="1" MinRange="0" Name="SERNUM" SQLDataType="1" SourceColumn="SERNUM"/&gt;&#13;
            &lt;Column Description="STATUS" MaxRange="1" MinRange="0" Name="STATUS" SQLDataType="1" SourceColumn="STATUS"/&gt;&#13;
            &lt;Column Description="MESSAGE" MaxRange="1" MinRange="0" Name="MESSAGE" SQLDataType="1" SourceColumn="MESSAGE"/&gt;&#13;
        &lt;/Columns&gt;&#13;
    &lt;/Rowset&gt;&#13;
&lt;/Rowsets&gt;</Value><SchemaURI/><SchemaElement/><ValidateXMLOnExecution>1</ValidateXMLOnExecution><ReadOnly>true</ReadOnly><AlertXMLAssigned>false</AlertXMLAssigned></ContextItem></Context><Local><ContextItem><Name>Act_actualQty</Name><Description/><MinRange>0</MinRange><MaxRange>0</MaxRange><Value xsi:type="integer">0</Value><ReadOnly>false</ReadOnly><AlertXMLAssigned>false</AlertXMLAssigned></ContextItem><ContextItem><Name>Act_materialDescription</Name><Description/><MinRange>0</MinRange><MaxRange>0</MaxRange><Value xsi:type="string"/><ReadOnly>false</ReadOnly><AlertXMLAssigned>false</AlertXMLAssigned></ContextItem><ContextItem><Name>Act_materialName</Name><Description/><MinRange>0</MinRange><MaxRange>0</MaxRange><Value xsi:type="string"/><ReadOnly>false</ReadOnly><AlertXMLAssigned>false</AlertXMLAssigned></ContextItem><ContextItem><Name>Act_maxQty</Name><Description/><MinRange>0</MinRange><MaxRange>0</MaxRange><Value xsi:type="integer">0</Value><ReadOnly>false</ReadOnly><AlertXMLAssigned>false</AlertXMLAssigned></ContextItem><ContextItem><Name>Act_orderFirstID</Name><Description/><MinRange>0</MinRange><MaxRange>0</MaxRange><Value xsi:type="string"/><ReadOnly>false</ReadOnly><AlertXMLAssigned>false</AlertXMLAssigned></ContextItem><ContextItem><Name>Act_orderLastID</Name><Description/><MinRange>0</MinRange><MaxRange>0</MaxRange><Value xsi:type="string"/><ReadOnly>false</ReadOnly><AlertXMLAssigned>false</AlertXMLAssigned></ContextItem><ContextItem><Name>Act_scrapQty</Name><Description/><MinRange>0</MinRange><MaxRange>0</MaxRange><Value xsi:type="integer">0</Value><ReadOnly>false</ReadOnly><AlertXMLAssigned>false</AlertXMLAssigned></ContextItem><ContextItem><Name>ActiveOrderFound</Name><Description/><MinRange>0</MinRange><MaxRange>0</MaxRange><Value xsi:type="string">0</Value><ReadOnly>false</ReadOnly><AlertXMLAssigned>false</AlertXMLAssigned></ContextItem></Local><Layout><GUILayoutItem><Name>Sequence</Name><X>584</X><Y>8</Y><Width>120</Width><SpacingWidth>1272</SpacingWidth><DescendantWidth>1272</DescendantWidth><Height>96</Height></GUILayoutItem><GUILayoutItem><Name>ShowParam</Name><X>592</X><Y>24</Y><Width>104</Width><SpacingWidth>0</SpacingWidth><DescendantWidth>0</DescendantWidth><Height>72</Height></GUILayoutItem><GUILayoutItem><Name>Sequence_0</Name><X>584</X><Y>144</Y><Width>120</Width><SpacingWidth>1272</SpacingWidth><DescendantWidth>1272</DescendantWidth><Height>96</Height></GUILayoutItem><GUILayoutItem><Name>XML_OUT</Name><X>592</X><Y>160</Y><Width>104</Width><SpacingWidth>0</SpacingWidth><DescendantWidth>0</DescendantWidth><Height>72</Height></GUILayoutItem><GUILayoutItem><Name>Sequence_1</Name><X>512</X><Y>280</Y><Width>120</Width><SpacingWidth>1128</SpacingWidth><DescendantWidth>1128</DescendantWidth><Height>96</Height></GUILayoutItem><GUILayoutItem><Name>Sequence_2</Name><X>440</X><Y>416</Y><Width>120</Width><SpacingWidth>984</SpacingWidth><DescendantWidth>984</DescendantWidth><Height>96</Height></GUILayoutItem><GUILayoutItem><Name>Sequence_4</Name><X>1016</X><Y>552</Y><Width>120</Width><SpacingWidth>120</SpacingWidth><DescendantWidth>0</DescendantWidth><Height>96</Height></GUILayoutItem><GUILayoutItem><Name>Exception_Enabler_0</Name><X>520</X><Y>296</Y><Width>104</Width><SpacingWidth>0</SpacingWidth><DescendantWidth>0</DescendantWidth><Height>72</Height></GUILayoutItem><GUILayoutItem><Name>Sequence_3</Name><X>1016</X><Y>416</Y><Width>120</Width><SpacingWidth>120</SpacingWidth><DescendantWidth>120</DescendantWidth><Height>96</Height></GUILayoutItem><GUILayoutItem><Name>Catch_0</Name><X>1024</X><Y>432</Y><Width>104</Width><SpacingWidth>0</SpacingWidth><DescendantWidth>0</DescendantWidth><Height>72</Height></GUILayoutItem><GUILayoutItem><Name>ShowCatch_0</Name><X>1024</X><Y>568</Y><Width>104</Width><SpacingWidth>0</SpacingWidth><DescendantWidth>0</DescendantWidth><Height>72</Height></GUILayoutItem><GUILayoutItem><Name>get_OrderData</Name><X>448</X><Y>432</Y><Width>104</Width><SpacingWidth>0</SpacingWidth><DescendantWidth>0</DescendantWidth><Height>72</Height></GUILayoutItem><GUILayoutItem><Name>Sequence_5</Name><X>440</X><Y>552</Y><Width>120</Width><SpacingWidth>984</SpacingWidth><DescendantWidth>984</DescendantWidth><Height>96</Height></GUILayoutItem><GUILayoutItem><Name>NullRows</Name><X>448</X><Y>568</Y><Width>104</Width><SpacingWidth>0</SpacingWidth><DescendantWidth>0</DescendantWidth><Height>72</Height></GUILayoutItem><GUILayoutItem><Name>Sequence_6</Name><X>8</X><Y>688</Y><Width>120</Width><SpacingWidth>120</SpacingWidth><DescendantWidth>0</DescendantWidth><Height>96</Height></GUILayoutItem><GUILayoutItem><Name>RowErr_1</Name><X>16</X><Y>704</Y><Width>104</Width><SpacingWidth>0</SpacingWidth><DescendantWidth>0</DescendantWidth><Height>72</Height></GUILayoutItem><GUILayoutItem><Name>Sequence_28</Name><X>1160</X><Y>280</Y><Width>120</Width><SpacingWidth>120</SpacingWidth><DescendantWidth>120</DescendantWidth><Height>96</Height></GUILayoutItem><GUILayoutItem><Name>AssignXML</Name><X>1168</X><Y>296</Y><Width>104</Width><SpacingWidth>0</SpacingWidth><DescendantWidth>0</DescendantWidth><Height>72</Height></GUILayoutItem><GUILayoutItem><Name>Sequence_29</Name><X>1160</X><Y>416</Y><Width>120</Width><SpacingWidth>120</SpacingWidth><DescendantWidth>0</DescendantWidth><Height>96</Height></GUILayoutItem><GUILayoutItem><Name>ShowXML</Name><X>1168</X><Y>432</Y><Width>104</Width><SpacingWidth>0</SpacingWidth><DescendantWidth>0</DescendantWidth><Height>72</Height></GUILayoutItem><GUILayoutItem><Name>Sequence_7</Name><X>152</X><Y>824</Y><Width>120</Width><SpacingWidth>120</SpacingWidth><DescendantWidth>120</DescendantWidth><Height>96</Height></GUILayoutItem><GUILayoutItem><Name>RepeatOnOrder</Name><X>160</X><Y>840</Y><Width>104</Width><SpacingWidth>0</SpacingWidth><DescendantWidth>0</DescendantWidth><Height>72</Height></GUILayoutItem><GUILayoutItem><Name>Sequence_8</Name><X>152</X><Y>960</Y><Width>120</Width><SpacingWidth>120</SpacingWidth><DescendantWidth>120</DescendantWidth><Height>96</Height></GUILayoutItem><GUILayoutItem><Name>OrderActive</Name><X>160</X><Y>976</Y><Width>104</Width><SpacingWidth>0</SpacingWidth><DescendantWidth>0</DescendantWidth><Height>72</Height></GUILayoutItem><GUILayoutItem><Name>Sequence_9</Name><X>152</X><Y>1096</Y><Width>120</Width><SpacingWidth>120</SpacingWidth><DescendantWidth>0</DescendantWidth><Height>96</Height></GUILayoutItem><GUILayoutItem><Name>Sequence_11</Name><X>512</X><Y>688</Y><Width>120</Width><SpacingWidth>840</SpacingWidth><DescendantWidth>840</DescendantWidth><Height>96</Height></GUILayoutItem><GUILayoutItem><Name>AssignData</Name><X>160</X><Y>1112</Y><Width>104</Width><SpacingWidth>0</SpacingWidth><DescendantWidth>0</DescendantWidth><Height>72</Height></GUILayoutItem><GUILayoutItem><Name>Sequence_12</Name><X>584</X><Y>824</Y><Width>120</Width><SpacingWidth>696</SpacingWidth><DescendantWidth>696</DescendantWidth><Height>96</Height></GUILayoutItem><GUILayoutItem><Name>ActFound</Name><X>592</X><Y>840</Y><Width>104</Width><SpacingWidth>0</SpacingWidth><DescendantWidth>0</DescendantWidth><Height>72</Height></GUILayoutItem><GUILayoutItem><Name>Sequence_10</Name><X>512</X><Y>960</Y><Width>120</Width><SpacingWidth>552</SpacingWidth><DescendantWidth>552</DescendantWidth><Height>96</Height></GUILayoutItem><GUILayoutItem><Name>Sequence_13</Name><X>872</X><Y>960</Y><Width>120</Width><SpacingWidth>120</SpacingWidth><DescendantWidth>0</DescendantWidth><Height>96</Height></GUILayoutItem><GUILayoutItem><Name>RowErr_2</Name><X>880</X><Y>976</Y><Width>104</Width><SpacingWidth>0</SpacingWidth><DescendantWidth>0</DescendantWidth><Height>72</Height></GUILayoutItem><GUILayoutItem><Name>ShowActOrder</Name><X>520</X><Y>976</Y><Width>104</Width><SpacingWidth>0</SpacingWidth><DescendantWidth>0</DescendantWidth><Height>72</Height></GUILayoutItem><GUILayoutItem><Name>Sequence_14</Name><X>512</X><Y>1096</Y><Width>120</Width><SpacingWidth>552</SpacingWidth><DescendantWidth>552</DescendantWidth><Height>96</Height></GUILayoutItem><GUILayoutItem><Name>get_SNCntByOrderNr</Name><X>520</X><Y>1112</Y><Width>104</Width><SpacingWidth>0</SpacingWidth><DescendantWidth>0</DescendantWidth><Height>72</Height></GUILayoutItem><GUILayoutItem><Name>Sequence_15</Name><X>512</X><Y>1368</Y><Width>120</Width><SpacingWidth>552</SpacingWidth><DescendantWidth>552</DescendantWidth><Height>96</Height></GUILayoutItem><GUILayoutItem><Name>LowCount</Name><X>520</X><Y>1384</Y><Width>104</Width><SpacingWidth>0</SpacingWidth><DescendantWidth>0</DescendantWidth><Height>72</Height></GUILayoutItem><GUILayoutItem><Name>Sequence_16</Name><X>440</X><Y>1504</Y><Width>120</Width><SpacingWidth>408</SpacingWidth><DescendantWidth>408</DescendantWidth><Height>96</Height></GUILayoutItem><GUILayoutItem><Name>Sequence_17</Name><X>728</X><Y>1504</Y><Width>120</Width><SpacingWidth>120</SpacingWidth><DescendantWidth>0</DescendantWidth><Height>96</Height></GUILayoutItem><GUILayoutItem><Name>RowErr_3</Name><X>736</X><Y>1520</Y><Width>104</Width><SpacingWidth>0</SpacingWidth><DescendantWidth>0</DescendantWidth><Height>72</Height></GUILayoutItem><GUILayoutItem><Name>add_NewSerialNumber</Name><X>448</X><Y>1520</Y><Width>104</Width><SpacingWidth>0</SpacingWidth><DescendantWidth>0</DescendantWidth><Height>72</Height></GUILayoutItem><GUILayoutItem><Name>Sequence_18</Name><X>368</X><Y>1912</Y><Width>120</Width><SpacingWidth>264</SpacingWidth><DescendantWidth>264</DescendantWidth><Height>96</Height></GUILayoutItem><GUILayoutItem><Name>set_SNOrderNumber</Name><X>376</X><Y>1928</Y><Width>104</Width><SpacingWidth>0</SpacingWidth><DescendantWidth>0</DescendantWidth><Height>72</Height></GUILayoutItem><GUILayoutItem><Name>Sequence_20</Name><X>440</X><Y>1640</Y><Width>120</Width><SpacingWidth>408</SpacingWidth><DescendantWidth>408</DescendantWidth><Height>96</Height></GUILayoutItem><GUILayoutItem><Name>SN_OK</Name><X>448</X><Y>1656</Y><Width>104</Width><SpacingWidth>0</SpacingWidth><DescendantWidth>0</DescendantWidth><Height>72</Height></GUILayoutItem><GUILayoutItem><Name>Sequence_21</Name><X>584</X><Y>1776</Y><Width>120</Width><SpacingWidth>120</SpacingWidth><DescendantWidth>0</DescendantWidth><Height>96</Height></GUILayoutItem><GUILayoutItem><Name>RowErr_4</Name><X>592</X><Y>1792</Y><Width>104</Width><SpacingWidth>0</SpacingWidth><DescendantWidth>0</DescendantWidth><Height>72</Height></GUILayoutItem><GUILayoutItem><Name>Sequence_22</Name><X>296</X><Y>2320</Y><Width>120</Width><SpacingWidth>120</SpacingWidth><DescendantWidth>120</DescendantWidth><Height>96</Height></GUILayoutItem><GUILayoutItem><Name>Sequence_19</Name><X>368</X><Y>2048</Y><Width>120</Width><SpacingWidth>264</SpacingWidth><DescendantWidth>264</DescendantWidth><Height>96</Height></GUILayoutItem><GUILayoutItem><Name>ON_OK</Name><X>376</X><Y>2064</Y><Width>104</Width><SpacingWidth>0</SpacingWidth><DescendantWidth>0</DescendantWidth><Height>72</Height></GUILayoutItem><GUILayoutItem><Name>Sequence_23</Name><X>440</X><Y>2184</Y><Width>120</Width><SpacingWidth>120</SpacingWidth><DescendantWidth>0</DescendantWidth><Height>96</Height></GUILayoutItem><GUILayoutItem><Name>RowErr_5</Name><X>448</X><Y>2200</Y><Width>104</Width><SpacingWidth>0</SpacingWidth><DescendantWidth>0</DescendantWidth><Height>72</Height></GUILayoutItem><GUILayoutItem><Name>RowOk</Name><X>304</X><Y>2336</Y><Width>104</Width><SpacingWidth>0</SpacingWidth><DescendantWidth>0</DescendantWidth><Height>72</Height></GUILayoutItem><GUILayoutItem><Name>Sequence_25</Name><X>296</X><Y>2592</Y><Width>120</Width><SpacingWidth>120</SpacingWidth><DescendantWidth>0</DescendantWidth><Height>96</Height></GUILayoutItem><GUILayoutItem><Name>TRX_LoftwareWriteWIP</Name><X>304</X><Y>2608</Y><Width>104</Width><SpacingWidth>0</SpacingWidth><DescendantWidth>0</DescendantWidth><Height>72</Height></GUILayoutItem><GUILayoutItem><Name>Sequence_26</Name><X>368</X><Y>1776</Y><Width>120</Width><SpacingWidth>264</SpacingWidth><DescendantWidth>264</DescendantWidth><Height>96</Height></GUILayoutItem><GUILayoutItem><Name>Sequence_27</Name><X>296</X><Y>2184</Y><Width>120</Width><SpacingWidth>120</SpacingWidth><DescendantWidth>120</DescendantWidth><Height>96</Height></GUILayoutItem><GUILayoutItem><Name>ShowSN</Name><X>376</X><Y>1792</Y><Width>104</Width><SpacingWidth>0</SpacingWidth><DescendantWidth>0</DescendantWidth><Height>72</Height></GUILayoutItem><GUILayoutItem><Name>ShowON</Name><X>304</X><Y>2200</Y><Width>104</Width><SpacingWidth>0</SpacingWidth><DescendantWidth>0</DescendantWidth><Height>72</Height></GUILayoutItem><GUILayoutItem><Name>Sequence_30</Name><X>512</X><Y>1232</Y><Width>120</Width><SpacingWidth>552</SpacingWidth><DescendantWidth>552</DescendantWidth><Height>96</Height></GUILayoutItem><GUILayoutItem><Name>ShowCount</Name><X>520</X><Y>1248</Y><Width>104</Width><SpacingWidth>0</SpacingWidth><DescendantWidth>0</DescendantWidth><Height>72</Height></GUILayoutItem><GUILayoutItem><Name>Sequence_24</Name><X>296</X><Y>2456</Y><Width>120</Width><SpacingWidth>120</SpacingWidth><DescendantWidth>120</DescendantWidth><Height>96</Height></GUILayoutItem><GUILayoutItem><Name>get_GearRatio</Name><X>304</X><Y>2472</Y><Width>104</Width><SpacingWidth>0</SpacingWidth><DescendantWidth>0</DescendantWidth><Height>72</Height></GUILayoutItem></Layout><Actions><ContextItem><Name>ShowParam</Name><Description/><MinRange>0</MinRange><MaxRange>0</MaxRange><Value xsi:type="Tracer"><Message/><Level>INFO</Level></Value><ReadOnly>false</ReadOnly><AlertXMLAssigned>false</AlertXMLAssigned></ContextItem><ContextItem><Name>XML_OUT</Name><Description/><MinRange>0</MinRange><MaxRange>0</MaxRange><Value xsi:type="IlluminatorDocument"><EndDate>2016-06-30T14:06:59</EndDate><StartDate>2016-06-30T14:06:59</StartDate><Output><ReferenceDocumentSource/>&lt;?xml version="1.0" encoding="UTF-8"?&gt;&lt;Rowsets DateCreated="2016-08-24T17:17:04" EndDate="2016-06-30T14:06:59" StartDate="2016-06-30T14:06:59" Version="15.0 SP4 Patch 11"&gt;&lt;Rowset&gt;&lt;Columns&gt;&lt;Column Description="STATUS" MaxRange="1" MinRange="0" Name="TIMESTAMP" SQLDataType="93" SourceColumn="TIMESTAMP"/&gt;&lt;Column Description="Active Order ID" MaxRange="1" MinRange="0" Name="ORDERID" SQLDataType="1" SourceColumn="ORDERID"/&gt;&lt;Column Description="Generated Serial Number for Active Order" MaxRange="1" MinRange="0" Name="SERNUM" SQLDataType="1" SourceColumn="SERNUM"/&gt;&lt;Column Description="STATUS" MaxRange="1" MinRange="0" Name="STATUS" SQLDataType="1" SourceColumn="STATUS"/&gt;&lt;Column Description="MESSAGE" MaxRange="1" MinRange="0" Name="MESSAGE" SQLDataType="1" SourceColumn="MESSAGE"/&gt;&lt;/Columns&gt;&lt;Row&gt;&lt;TIMESTAMP&gt;2016-06-30T14:07:40&lt;/TIMESTAMP&gt;&lt;ORDERID&gt;STRING&lt;/ORDERID&gt;&lt;SERNUM&gt;STRING&lt;/SERNUM&gt;&lt;STATUS&gt;STRING&lt;/STATUS&gt;&lt;MESSAGE&gt;STRING&lt;/MESSAGE&gt;&lt;/Row&gt;&lt;/Rowset&gt;&lt;/Rowsets&gt;</Output><ColumnSpecifications><ContextItem><Name>TIMESTAMP</Name><Description>STATUS</Description><MinRange>0</MinRange><MaxRange>1</MaxRange><Value xsi:type="dateTime">2016-06-30T14:07:40</Value><ReadOnly>false</ReadOnly><AlertXMLAssigned>false</AlertXMLAssigned></ContextItem><ContextItem><Name>ORDERID</Name><Description>Active Order ID</Description><MinRange>0</MinRange><MaxRange>1</MaxRange><Value xsi:type="string">STRING</Value><ReadOnly>false</ReadOnly><AlertXMLAssigned>false</AlertXMLAssigned></ContextItem><ContextItem><Name>SERNUM</Name><Description>Generated Serial Number for Active Order</Description><MinRange>0</MinRange><MaxRange>1</MaxRange><Value xsi:type="string">STRING</Value><ReadOnly>false</ReadOnly><AlertXMLAssigned>false</AlertXMLAssigned></ContextItem><ContextItem><Name>STATUS</Name><Description>STATUS</Description><MinRange>0</MinRange><MaxRange>1</MaxRange><Value xsi:type="string">STRING</Value><ReadOnly>false</ReadOnly><AlertXMLAssigned>false</AlertXMLAssigned></ContextItem><ContextItem><Name>MESSAGE</Name><Description>MESSAGE</Description><MinRange>0</MinRange><MaxRange>1</MaxRange><Value xsi:type="string">STRING</Value><ReadOnly>false</ReadOnly><AlertXMLAssigned>false</AlertXMLAssigned></ContextItem></ColumnSpecifications></Value><SchemaURI/><SchemaElement/><ValidateXMLOnExecution>1</ValidateXMLOnExecution><ReadOnly>false</ReadOnly><AlertXMLAssigned>false</AlertXMLAssigned></ContextItem><ContextItem><Name>Exception_Enabler_0</Name><Description/><MinRange>0</MinRange><MaxRange>0</MaxRange><Value xsi:type="ExceptionEnabler"><EnableActionExceptions>true</EnableActionExceptions><EnableLinkExceptions>true</EnableLinkExceptions></Value><ReadOnly>false</ReadOnly><AlertXMLAssigned>false</AlertXMLAssigned></ContextItem><ContextItem><Name>Catch_0</Name><Description/><MinRange>0</MinRange><MaxRange>0</MaxRange><Value xsi:type="CatchAction"/><ReadOnly>false</ReadOnly><AlertXMLAssigned>false</AlertXMLAssigned></ContextItem><ContextItem><Name>ShowCatch_0</Name><Description/><MinRange>0</MinRange><MaxRange>0</MaxRange><Value xsi:type="Tracer"><Message/><Level>INFO</Level></Value><ReadOnly>false</ReadOnly><AlertXMLAssigned>false</AlertXMLAssigned></ContextItem><ContextItem><Name>get_OrderData</Name><Description/><MinRange>0</MinRange><MaxRange>0</MaxRange><Value xsi:type="IlluminatorSQLQueryObject"><Timeout>60</Timeout><QueryParameters/><QueryTemplate>MESM/LABELS/QUERIES/get_OrderData</QueryTemplate><QueryStartDate>2016-08-24T17:32:12</QueryStartDate><QueryEndDate>2016-08-24T17:32:12</QueryEndDate><SQLTransaction/><Results><ReferenceDocumentSource/>&lt;?xml version="1.0" encoding="UTF-8"?&gt;&lt;Rowsets CachedTime="" DateCreated="2016-08-24T22:32:12" EndDate="2016-08-24T22:32:12" StartDate="2016-08-24T21:32:12" Version="15.0 SP4 Patch 11 (28-Aug-2015)"&gt;&lt;Rowset&gt;&lt;Columns&gt;&lt;Column Description="orderRecordID" MaxRange="1" MinRange="0" Name="orderRecordID" SQLDataType="-5" SourceColumn="orderRecordID"/&gt;&lt;Column Description="orderFirstID" MaxRange="1" MinRange="0" Name="orderFirstID" SQLDataType="-9" SourceColumn="orderFirstID"/&gt;&lt;Column Description="orderLastID" MaxRange="1" MinRange="0" Name="orderLastID" SQLDataType="-9" SourceColumn="orderLastID"/&gt;&lt;Column Description="orderID" MaxRange="1" MinRange="0" Name="orderID" SQLDataType="-9" SourceColumn="orderID"/&gt;&lt;Column Description="plantID" MaxRange="1" MinRange="0" Name="plantID" SQLDataType="4" SourceColumn="plantID"/&gt;&lt;Column Description="lineID" MaxRange="1" MinRange="0" Name="lineID" SQLDataType="4" SourceColumn="lineID"/&gt;&lt;Column Description="unitName" MaxRange="1" MinRange="0" Name="unitName" SQLDataType="-9" SourceColumn="unitName"/&gt;&lt;Column Description="workcenterID" MaxRange="1" MinRange="0" Name="workcenterID" SQLDataType="4" SourceColumn="workcenterID"/&gt;&lt;Column Description="materialID" MaxRange="1" MinRange="0" Name="materialID" SQLDataType="4" SourceColumn="materialID"/&gt;&lt;Column Description="materialName" MaxRange="1" MinRange="0" Name="materialName" SQLDataType="-9" SourceColumn="materialName"/&gt;&lt;Column Description="materialDescription" MaxRange="1" MinRange="0" Name="materialDescription" SQLDataType="-9" SourceColumn="materialDescription"/&gt;&lt;Column Description="maxQuantity" MaxRange="1" MinRange="0" Name="maxQuantity" SQLDataType="2" SourceColumn="maxQuantity"/&gt;&lt;Column Description="materialRevision" MaxRange="1" MinRange="0" Name="materialRevision" SQLDataType="-9" SourceColumn="materialRevision"/&gt;&lt;Column Description="materialType" MaxRange="1" MinRange="0" Name="materialType" SQLDataType="4" SourceColumn="materialType"/&gt;&lt;Column Description="scheduledStart" MaxRange="1" MinRange="0" Name="scheduledStart" SQLDataType="-9" SourceColumn="scheduledStart"/&gt;&lt;Column Description="scheduledFinish" MaxRange="1" MinRange="0" Name="scheduledFinish" SQLDataType="-9" SourceColumn="scheduledFinish"/&gt;&lt;Column Description="scheduledQty" MaxRange="1" MinRange="0" Name="scheduledQty" SQLDataType="3" SourceColumn="scheduledQty"/&gt;&lt;Column Description="actualStart" MaxRange="1" MinRange="0" Name="actualStart" SQLDataType="-9" SourceColumn="actualStart"/&gt;&lt;Column Description="actualFinish" MaxRange="1" MinRange="0" Name="actualFinish" SQLDataType="-9" SourceColumn="actualFinish"/&gt;&lt;Column Description="actualQty" MaxRange="1" MinRange="0" Name="actualQty" SQLDataType="3" SourceColumn="actualQty"/&gt;&lt;Column Description="scrapQty" MaxRange="1" MinRange="0" Name="scrapQty" SQLDataType="3" SourceColumn="scrapQty"/&gt;&lt;Column Description="uom" MaxRange="1" MinRange="0" Name="uom" SQLDataType="4" SourceColumn="uom"/&gt;&lt;Column Description="longText" MaxRange="1" MinRange="0" Name="longText" SQLDataType="-9" SourceColumn="longText"/&gt;&lt;Column Description="CreatedOn" MaxRange="1" MinRange="0" Name="CreatedOn" SQLDataType="-9" SourceColumn="CreatedOn"/&gt;&lt;Column Description="CreatedBy" MaxRange="1" MinRange="0" Name="CreatedBy" SQLDataType="-9" SourceColumn="CreatedBy"/&gt;&lt;Column Description="ModifiedOn" MaxRange="1" MinRange="0" Name="ModifiedOn" SQLDataType="-9" SourceColumn="ModifiedOn"/&gt;&lt;Column Description="ModifiedBy" MaxRange="1" MinRange="0" Name="ModifiedBy" SQLDataType="-9" SourceColumn="ModifiedBy"/&gt;&lt;Column Description="orderStatusID" MaxRange="1" MinRange="0" Name="orderStatusID" SQLDataType="4" SourceColumn="orderStatusID"/&gt;&lt;Column Description="orderStatusFLRID" MaxRange="1" MinRange="0" Name="orderStatusFLRID" SQLDataType="4" SourceColumn="orderStatusFLRID"/&gt;&lt;Column Description="orderStatusName" MaxRange="1" MinRange="0" Name="orderStatusName" SQLDataType="-9" SourceColumn="orderStatusName"/&gt;&lt;Column Description="orderStatusFLRName" MaxRange="1" MinRange="0" Name="orderStatusFLRName" SQLDataType="12" SourceColumn="orderStatusFLRName"/&gt;&lt;Column Description="src_longText" MaxRange="1" MinRange="0" Name="src_longText" SQLDataType="12" SourceColumn="src_longText"/&gt;&lt;/Columns&gt;&lt;Row&gt;&lt;orderRecordID&gt;1&lt;/orderRecordID&gt;&lt;orderFirstID&gt;FLR&lt;/orderFirstID&gt;&lt;orderLastID&gt;000000001&lt;/orderLastID&gt;&lt;orderID&gt;FLR-000000001&lt;/orderID&gt;&lt;plantID&gt;1&lt;/plantID&gt;&lt;lineID&gt;3&lt;/lineID&gt;&lt;unitName&gt;SUB ASSEMBLY&lt;/unitName&gt;&lt;workcenterID&gt;0&lt;/workcenterID&gt;&lt;materialID&gt;7&lt;/materialID&gt;&lt;materialName&gt;10023376B&lt;/materialName&gt;&lt;materialDescription&gt;AXLE ASSY - PARTIAL REAR 4.70:1 OBS&lt;/materialDescription&gt;&lt;maxQuantity&gt;9999&lt;/maxQuantity&gt;&lt;materialRevision&gt;A&lt;/materialRevision&gt;&lt;materialType&gt;NA&lt;/materialType&gt;&lt;scheduledStart&gt;2016-08-24 00:00:00&lt;/scheduledStart&gt;&lt;scheduledFinish&gt;2016-08-26 00:00:00&lt;/scheduledFinish&gt;&lt;scheduledQty&gt;100&lt;/scheduledQty&gt;&lt;actualStart&gt;---&lt;/actualStart&gt;&lt;actualFinish&gt;---&lt;/actualFinish&gt;&lt;actualQty&gt;NA&lt;/actualQty&gt;&lt;scrapQty&gt;NA&lt;/scrapQty&gt;&lt;uom&gt;3&lt;/uom&gt;&lt;longText/&gt;&lt;CreatedOn&gt;2016-08-24 21:37:18&lt;/CreatedOn&gt;&lt;CreatedBy&gt;RadPa&lt;/CreatedBy&gt;&lt;ModifiedOn&gt;2016-08-24 21:40:57&lt;/ModifiedOn&gt;&lt;ModifiedBy&gt;RadPa&lt;/ModifiedBy&gt;&lt;orderStatusID&gt;2&lt;/orderStatusID&gt;&lt;orderStatusFLRID&gt;1&lt;/orderStatusFLRID&gt;&lt;orderStatusName&gt;REL&lt;/orderStatusName&gt;&lt;orderStatusFLRName&gt;ACT&lt;/orderStatusFLRName&gt;&lt;src_longText&gt;Common/img/blank.png&lt;/src_longText&gt;&lt;/Row&gt;&lt;/Rowset&gt;&lt;/Rowsets&gt;</Results><TagList/></Value><SchemaURI/><SchemaElement/><ValidateXMLOnExecution>1</ValidateXMLOnExecution><ReadOnly>false</ReadOnly><AlertXMLAssigned>false</AlertXMLAssigned></ContextItem><ContextItem><Name>NullRows</Name><Description/><MinRange>0</MinRange><MaxRange>0</MaxRange><Value xsi:type="ConditionalAction"><Output>false</Output><InputCount>1</InputCount><LogicalAnd>false</LogicalAnd><Input1>false</Input1></Value><ReadOnly>false</ReadOnly><AlertXMLAssigned>false</AlertXMLAssigned></ContextItem><ContextItem><Name>RowErr_1</Name><Description/><MinRange>0</MinRange><MaxRange>0</MaxRange><Value xsi:type="IlluminatorRow"><IlluminatorDocument>XML_OUT.Output{/Rowsets/Rowset/Row}</IlluminatorDocument></Value><ReadOnly>false</ReadOnly><AlertXMLAssigned>false</AlertXMLAssigned></ContextItem><ContextItem><Name>AssignXML</Name><Description/><MinRange>0</MinRange><MaxRange>0</MaxRange><Value xsi:type="Assignment"/><ReadOnly>false</ReadOnly><AlertXMLAssigned>false</AlertXMLAssigned></ContextItem><ContextItem><Name>ShowXML</Name><Description/><MinRange>0</MinRange><MaxRange>0</MaxRange><Value xsi:type="Tracer"><Message/><Level>INFO</Level></Value><ReadOnly>false</ReadOnly><AlertXMLAssigned>false</AlertXMLAssigned></ContextItem><ContextItem><Name>RepeatOnOrder</Name><Description/><MinRange>0</MinRange><MaxRange>0</MaxRange><Value xsi:type="RepeaterAction"><Output><ReferenceDocumentSource/>&lt;?xml version="1.0" encoding="UTF-8"?&gt;&lt;Row&gt;&lt;orderRecordID&gt;1&lt;/orderRecordID&gt;&lt;orderFirstID&gt;FLR&lt;/orderFirstID&gt;&lt;orderLastID&gt;000000001&lt;/orderLastID&gt;&lt;orderID&gt;FLR-000000001&lt;/orderID&gt;&lt;plantID&gt;1&lt;/plantID&gt;&lt;lineID&gt;3&lt;/lineID&gt;&lt;unitName&gt;SUB ASSEMBLY&lt;/unitName&gt;&lt;workcenterID&gt;0&lt;/workcenterID&gt;&lt;materialID&gt;7&lt;/materialID&gt;&lt;materialName&gt;10023376B&lt;/materialName&gt;&lt;materialDescription&gt;AXLE ASSY - PARTIAL REAR 4.70:1 OBS&lt;/materialDescription&gt;&lt;maxQuantity&gt;9999&lt;/maxQuantity&gt;&lt;materialRevision&gt;A&lt;/materialRevision&gt;&lt;materialType&gt;NA&lt;/materialType&gt;&lt;scheduledStart&gt;2016-08-24 00:00:00&lt;/scheduledStart&gt;&lt;scheduledFinish&gt;2016-08-26 00:00:00&lt;/scheduledFinish&gt;&lt;scheduledQty&gt;100&lt;/scheduledQty&gt;&lt;actualStart&gt;---&lt;/actualStart&gt;&lt;actualFinish&gt;---&lt;/actualFinish&gt;&lt;actualQty&gt;NA&lt;/actualQty&gt;&lt;scrapQty&gt;NA&lt;/scrapQty&gt;&lt;uom&gt;3&lt;/uom&gt;&lt;longText/&gt;&lt;CreatedOn&gt;2016-08-24 21:37:18&lt;/CreatedOn&gt;&lt;CreatedBy&gt;RadPa&lt;/CreatedBy&gt;&lt;ModifiedOn&gt;2016-08-24 21:40:57&lt;/ModifiedOn&gt;&lt;ModifiedBy&gt;RadPa&lt;/ModifiedBy&gt;&lt;orderStatusID&gt;2&lt;/orderStatusID&gt;&lt;orderStatusFLRID&gt;1&lt;/orderStatusFLRID&gt;&lt;orderStatusName&gt;REL&lt;/orderStatusName&gt;&lt;orderStatusFLRName&gt;ACT&lt;/orderStatusFLRName&gt;&lt;src_longText&gt;Common/img/blank.png&lt;/src_longText&gt;&lt;/Row&gt;</Output><Break>false</Break><ItemCount>0</ItemCount><CurrentItem>0</CurrentItem><Source>get_OrderData.Results{/Rowsets/Rowset/Row}</Source><Item><ReferenceDocumentSource/>&lt;?xml version="1.0" encoding="UTF-8"?&gt;&lt;Row&gt;&lt;orderRecordID&gt;1&lt;/orderRecordID&gt;&lt;orderFirstID&gt;FLR&lt;/orderFirstID&gt;&lt;orderLastID&gt;000000001&lt;/orderLastID&gt;&lt;orderID&gt;FLR-000000001&lt;/orderID&gt;&lt;plantID&gt;1&lt;/plantID&gt;&lt;lineID&gt;3&lt;/lineID&gt;&lt;unitName&gt;SUB ASSEMBLY&lt;/unitName&gt;&lt;workcenterID&gt;0&lt;/workcenterID&gt;&lt;materialID&gt;7&lt;/materialID&gt;&lt;materialName&gt;10023376B&lt;/materialName&gt;&lt;materialDescription&gt;AXLE ASSY - PARTIAL REAR 4.70:1 OBS&lt;/materialDescription&gt;&lt;maxQuantity&gt;9999&lt;/maxQuantity&gt;&lt;materialRevision&gt;A&lt;/materialRevision&gt;&lt;materialType&gt;NA&lt;/materialType&gt;&lt;scheduledStart&gt;2016-08-24 00:00:00&lt;/scheduledStart&gt;&lt;scheduledFinish&gt;2016-08-26 00:00:00&lt;/scheduledFinish&gt;&lt;scheduledQty&gt;100&lt;/scheduledQty&gt;&lt;actualStart&gt;---&lt;/actualStart&gt;&lt;actualFinish&gt;---&lt;/actualFinish&gt;&lt;actualQty&gt;NA&lt;/actualQty&gt;&lt;scrapQty&gt;NA&lt;/scrapQty&gt;&lt;uom&gt;3&lt;/uom&gt;&lt;longText/&gt;&lt;CreatedOn&gt;2016-08-24 21:37:18&lt;/CreatedOn&gt;&lt;CreatedBy&gt;RadPa&lt;/CreatedBy&gt;&lt;ModifiedOn&gt;2016-08-24 21:40:57&lt;/ModifiedOn&gt;&lt;ModifiedBy&gt;RadPa&lt;/ModifiedBy&gt;&lt;orderStatusID&gt;2&lt;/orderStatusID&gt;&lt;orderStatusFLRID&gt;1&lt;/orderStatusFLRID&gt;&lt;orderStatusName&gt;REL&lt;/orderStatusName&gt;&lt;orderStatusFLRName&gt;ACT&lt;/orderStatusFLRName&gt;&lt;src_longText&gt;Common/img/blank.png&lt;/src_longText&gt;&lt;/Row&gt;</Item></Value><SchemaURI/><SchemaElement/><ValidateXMLOnExecution>1</ValidateXMLOnExecution><SchemaURI/><SchemaElement/><ValidateXMLOnExecution>1</ValidateXMLOnExecution><ReadOnly>false</ReadOnly><AlertXMLAssigned>false</AlertXMLAssigned></ContextItem><ContextItem><Name>OrderActive</Name><Description/><MinRange>0</MinRange><MaxRange>0</MaxRange><Value xsi:type="ConditionalAction"><Output>false</Output><InputCount>1</InputCount><LogicalAnd>false</LogicalAnd><Input1>false</Input1></Value><ReadOnly>false</ReadOnly><AlertXMLAssigned>false</AlertXMLAssigned></ContextItem><ContextItem><Name>AssignData</Name><Description/><MinRange>0</MinRange><MaxRange>0</MaxRange><Value xsi:type="Assignment"/><ReadOnly>false</ReadOnly><AlertXMLAssigned>false</AlertXMLAssigned></ContextItem><ContextItem><Name>ActFound</Name><Description/><MinRange>0</MinRange><MaxRange>0</MaxRange><Value xsi:type="ConditionalAction"><Output>false</Output><InputCount>1</InputCount><LogicalAnd>false</LogicalAnd><Input1>false</Input1></Value><ReadOnly>false</ReadOnly><AlertXMLAssigned>false</AlertXMLAssigned></ContextItem><ContextItem><Name>RowErr_2</Name><Description/><MinRange>0</MinRange><MaxRange>0</MaxRange><Value xsi:type="IlluminatorRow"><IlluminatorDocument>XML_OUT.Output{/Rowsets/Rowset/Row}</IlluminatorDocument></Value><ReadOnly>false</ReadOnly><AlertXMLAssigned>false</AlertXMLAssigned></ContextItem><ContextItem><Name>ShowActOrder</Name><Description/><MinRange>0</MinRange><MaxRange>0</MaxRange><Value xsi:type="Tracer"><Message/><Level>INFO</Level></Value><ReadOnly>false</ReadOnly><AlertXMLAssigned>false</AlertXMLAssigned></ContextItem><ContextItem><Name>get_SNCntByOrderNr</Name><Description/><MinRange>0</MinRange><MaxRange>0</MaxRange><Value xsi:type="IlluminatorSQLQueryObject"><Timeout>60</Timeout><QueryParameters/><QueryTemplate>MESM/LABELS/QUERIES/get_SNCountByOrderNr</QueryTemplate><QueryStartDate>2016-08-24T18:30:27</QueryStartDate><QueryEndDate>2016-08-24T18:30:27</QueryEndDate><SQLTransaction/><Results><ReferenceDocumentSource/>&lt;?xml version="1.0" encoding="UTF-8"?&gt;&lt;Rowsets CachedTime="" DateCreated="2016-08-24T23:34:51" EndDate="2016-08-24T23:34:51" StartDate="2016-08-24T22:34:51" Version="15.0 SP4 Patch 11 (28-Aug-2015)"&gt;&lt;Rowset&gt;&lt;Columns&gt;&lt;Column Description="OrderCNT" MaxRange="1" MinRange="0" Name="OrderCNT" SQLDataType="4" SourceColumn="OrderCNT"/&gt;&lt;/Columns&gt;&lt;Row&gt;&lt;OrderCNT&gt;0&lt;/OrderCNT&gt;&lt;/Row&gt;&lt;/Rowset&gt;&lt;/Rowsets&gt;</Results><TagList/></Value><SchemaURI/><SchemaElement/><ValidateXMLOnExecution>1</ValidateXMLOnExecution><ReadOnly>false</ReadOnly><AlertXMLAssigned>false</AlertXMLAssigned></ContextItem><ContextItem><Name>LowCount</Name><Description/><MinRange>0</MinRange><MaxRange>0</MaxRange><Value xsi:type="ConditionalAction"><Output>false</Output><InputCount>1</InputCount><LogicalAnd>false</LogicalAnd><Input1>false</Input1></Value><ReadOnly>false</ReadOnly><AlertXMLAssigned>false</AlertXMLAssigned></ContextItem><ContextItem><Name>RowErr_3</Name><Description/><MinRange>0</MinRange><MaxRange>0</MaxRange><Value xsi:type="IlluminatorRow"><IlluminatorDocument>XML_OUT.Output{/Rowsets/Rowset/Row}</IlluminatorDocument></Value><ReadOnly>false</ReadOnly><AlertXMLAssigned>false</AlertXMLAssigned></ContextItem><ContextItem><Name>add_NewSerialNumber</Name><Description/><MinRange>0</MinRange><MaxRange>0</MaxRange><Value xsi:type="IlluminatorSQLQueryObject"><Timeout>60</Timeout><QueryParameters/><QueryTemplate>MESM/LABELS/QUERIES/add_NewSerialNumber</QueryTemplate><QueryStartDate>2016-08-24T18:36:06</QueryStartDate><QueryEndDate>2016-08-24T18:36:06</QueryEndDate><SQLTransaction/><Results><ReferenceDocumentSource/>&lt;?xml version="1.0" encoding="UTF-8"?&gt;&lt;Rowsets CachedTime="" DateCreated="2016-09-02T14:29:45" EndDate="2016-09-02T14:29:45" StartDate="2016-09-02T13:29:45" Version="15.0 SP4 Patch 11 (Aug 28, 2015)"&gt;&lt;Rowset&gt;&lt;Columns&gt;&lt;Column Description="insertedRecordID" MaxRange="1" MinRange="0" Name="insertedRecordID" SQLDataType="-5" SourceColumn="insertedRecordID"/&gt;&lt;Column Description="serNum" MaxRange="1" MinRange="0" Name="serNum" SQLDataType="-9" SourceColumn="serNum"/&gt;&lt;Column Description="fp_serNum" MaxRange="1" MinRange="0" Name="fp_serNum" SQLDataType="-9" SourceColumn="fp_serNum"/&gt;&lt;Column Description="sp_serNum" MaxRange="1" MinRange="0" Name="sp_serNum" SQLDataType="-9" SourceColumn="sp_serNum"/&gt;&lt;/Columns&gt;&lt;Row&gt;&lt;insertedRecordID&gt;4&lt;/insertedRecordID&gt;&lt;serNum&gt;000001&lt;/serNum&gt;&lt;fp_serNum&gt;00&lt;/fp_serNum&gt;&lt;sp_serNum&gt;0001&lt;/sp_serNum&gt;&lt;/Row&gt;&lt;/Rowset&gt;&lt;/Rowsets&gt;</Results><TagList/></Value><SchemaURI/><SchemaElement/><ValidateXMLOnExecution>1</ValidateXMLOnExecution><ReadOnly>false</ReadOnly><AlertXMLAssigned>false</AlertXMLAssigned></ContextItem><ContextItem><Name>set_SNOrderNumber</Name><Description/><MinRange>0</MinRange><MaxRange>0</MaxRange><Value xsi:type="IlluminatorSQLQueryObject"><Timeout>60</Timeout><QueryParameters/><QueryTemplate>MESM/LABELS/QUERIES/set_SNOrderNumber</QueryTemplate><QueryStartDate>2016-08-24T18:42:29</QueryStartDate><QueryEndDate>2016-08-24T18:42:29</QueryEndDate><SQLTransaction/><Results><ReferenceDocumentSource/>&lt;?xml version="1.0" encoding="UTF-8"?&gt;&lt;Rowsets CachedTime="" DateCreated="2016-08-24T23:58:41" EndDate="2016-08-24T23:58:41" StartDate="2016-08-24T22:58:41" Version="15.0 SP4 Patch 11 (28-Aug-2015)"&gt;&lt;Messages&gt;&lt;Message&gt;Command Query Successful&lt;/Message&gt;&lt;/Messages&gt;&lt;/Rowsets&gt;</Results><TagList/></Value><SchemaURI/><SchemaElement/><ValidateXMLOnExecution>1</ValidateXMLOnExecution><ReadOnly>false</ReadOnly><AlertXMLAssigned>false</AlertXMLAssigned></ContextItem><ContextItem><Name>SN_OK</Name><Description/><MinRange>0</MinRange><MaxRange>0</MaxRange><Value xsi:type="ConditionalAction"><Output>false</Output><InputCount>1</InputCount><LogicalAnd>false</LogicalAnd><Input1>false</Input1></Value><ReadOnly>false</ReadOnly><AlertXMLAssigned>false</AlertXMLAssigned></ContextItem><ContextItem><Name>RowErr_4</Name><Description/><MinRange>0</MinRange><MaxRange>0</MaxRange><Value xsi:type="IlluminatorRow"><IlluminatorDocument>XML_OUT.Output{/Rowsets/Rowset/Row}</IlluminatorDocument></Value><ReadOnly>false</ReadOnly><AlertXMLAssigned>false</AlertXMLAssigned></ContextItem><ContextItem><Name>ON_OK</Name><Description/><MinRange>0</MinRange><MaxRange>0</MaxRange><Value xsi:type="ConditionalAction"><Output>false</Output><InputCount>1</InputCount><LogicalAnd>false</LogicalAnd><Input1>false</Input1></Value><ReadOnly>false</ReadOnly><AlertXMLAssigned>false</AlertXMLAssigned></ContextItem><ContextItem><Name>RowErr_5</Name><Description/><MinRange>0</MinRange><MaxRange>0</MaxRange><Value xsi:type="IlluminatorRow"><IlluminatorDocument>XML_OUT.Output{/Rowsets/Rowset/Row}</IlluminatorDocument></Value><ReadOnly>false</ReadOnly><AlertXMLAssigned>false</AlertXMLAssigned></ContextItem><ContextItem><Name>RowOk</Name><Description/><MinRange>0</MinRange><MaxRange>0</MaxRange><Value xsi:type="IlluminatorRow"><IlluminatorDocument>XML_OUT.Output{/Rowsets/Rowset/Row}</IlluminatorDocument></Value><ReadOnly>false</ReadOnly><AlertXMLAssigned>false</AlertXMLAssigned></ContextItem><ContextItem><Name>TRX_LoftwareWriteWIP</Name><Description/><MinRange>0</MinRange><MaxRange>0</MaxRange><Value xsi:type="TransactionCall"><ResetState>false</ResetState><TransactionName>MESM/LABELS/TRANSACTIONS/TRX_LoftwareWriteWIP</TransactionName><Async>false</Async><Persist>INHERIT</Persist><LogLevel>INHERIT</LogLevel><LogType>INHERIT</LogType><StoreTransactionOutput>false</StoreTransactionOutput><Expiration>-1</Expiration><PART_RATIO/><PRINT_WHAT>3</PRINT_WHAT><PART_NBR/><SER_NBR/><SER_BSE/></Value><ReadOnly>false</ReadOnly><AlertXMLAssigned>false</AlertXMLAssigned></ContextItem><ContextItem><Name>ShowSN</Name><Description/><MinRange>0</MinRange><MaxRange>0</MaxRange><Value xsi:type="Tracer"><Message/><Level>INFO</Level></Value><ReadOnly>false</ReadOnly><AlertXMLAssigned>false</AlertXMLAssigned></ContextItem><ContextItem><Name>ShowON</Name><Description/><MinRange>0</MinRange><MaxRange>0</MaxRange><Value xsi:type="Tracer"><Message/><Level>INFO</Level></Value><ReadOnly>false</ReadOnly><AlertXMLAssigned>false</AlertXMLAssigned></ContextItem><ContextItem><Name>ShowCount</Name><Description/><MinRange>0</MinRange><MaxRange>0</MaxRange><Value xsi:type="Tracer"><Message/><Level>INFO</Level></Value><ReadOnly>false</ReadOnly><AlertXMLAssigned>false</AlertXMLAssigned></ContextItem><ContextItem><Name>get_GearRatio</Name><Description/><MinRange>0</MinRange><MaxRange>0</MaxRange><Value xsi:type="IlluminatorSQLQueryObject"><Timeout>60</Timeout><QueryParameters/><QueryTemplate>MESM/LABELS/QUERIES/get_GearRatioByMatName</QueryTemplate><QueryStartDate>2016-09-02T14:34:54</QueryStartDate><QueryEndDate>2016-09-02T14:34:54</QueryEndDate><SQLTransaction/><Results><ReferenceDocumentSource/>&lt;?xml version="1.0" encoding="UTF-8"?&gt;&lt;Rowsets CachedTime="" DateCreated="2016-09-02T14:36:18" EndDate="2016-09-02T14:36:18" StartDate="2016-09-02T13:36:18" Version="15.0 SP4 Patch 11 (Aug 28, 2015)"&gt;&lt;Rowset&gt;&lt;Columns&gt;&lt;Column Description="materialGearRatio" MaxRange="1" MinRange="0" Name="materialGearRatio" SQLDataType="12" SourceColumn="materialGearRatio"/&gt;&lt;/Columns&gt;&lt;Row&gt;&lt;materialGearRatio/&gt;&lt;/Row&gt;&lt;/Rowset&gt;&lt;/Rowsets&gt;</Results><TagList/></Value><SchemaURI/><SchemaElement/><ValidateXMLOnExecution>1</ValidateXMLOnExecution><ReadOnly>false</ReadOnly><AlertXMLAssigned>false</AlertXMLAssigned></ContextItem></Actions><ReaderRoles>SAP_XMII_Super_Administrator,SAP_XMII_Administrator,SAP_XMII_Developer,SAP_XMII_User</ReaderRoles><Steps><Step xsi:type="ActionSequence"><Name>Sequence</Name><Description/><Steps><Step xsi:type="ActionSequence"><Name>Sequence_0</Name><Description/><Steps><Step xsi:type="ActionSequence"><Name>Sequence_1</Name><Description/><Steps><Step xsi:type="ActionSequence"><Name>Sequence_2</Name><Description/><Steps><Step xsi:type="Conditional"><Name>Sequence_5</Name><Description/><Steps><Step xsi:type="ActionSequence"><Name>Sequence_6</Name><Description/><Steps/><Actions><Action><Name>RowErr_1</Name><Description> </Description><IncomingLinks><Assign xsi:type="Assign"><Name/><Description/><To>RowErr_1.TIMESTAMP</To><From>datenow</From></Assign><Assign xsi:type="Assign"><Name/><Description/><To>RowErr_1.ORDERID</To><From>"N/A"</From></Assign><Assign xsi:type="Assign"><Name/><Description/><To>RowErr_1.SERNUM</To><From>"N/A"</From></Assign><Assign xsi:type="Assign"><Name/><Description/><To>RowErr_1.STATUS</To><From>"0"</From></Assign><Assign xsi:type="Assign"><Name/><Description/><To>RowErr_1.MESSAGE</To><From>"&gt;&gt; Error :  No Orders Present. "</From></Assign></IncomingLinks><OutgoingLinks/></Action></Actions></Step><Step xsi:type="ActionSequence"><Name>Sequence_11</Name><Description/><Steps><Step xsi:type="Repeater"><Name>Sequence_7</Name><Description/><Steps><Step xsi:type="Conditional"><Name>Sequence_8</Name><Description/><Steps><Step xsi:type="ActionSequence"><Name>Sequence_9</Name><Description/><Steps/><Actions><Action><Name>AssignData</Name><Description> </Description><IncomingLinks/><OutgoingLinks><Assign xsi:type="Assign"><Name/><Description/><To>Local.ActiveOrderFound</To><From>1</From></Assign><Assign xsi:type="Assign"><Name/><Description/><To>Local.Act_orderFirstID</To><From>RepeatOnOrder.Output{/Row/orderFirstID}</From></Assign><Assign xsi:type="Assign"><Name/><Description/><To>Local.Act_orderLastID</To><From>RepeatOnOrder.Output{/Row/orderLastID}</From></Assign><Assign xsi:type="Assign"><Name/><Description/><To>Local.Act_materialName</To><From>RepeatOnOrder.Output{/Row/materialName}</From></Assign><Assign xsi:type="Assign"><Name/><Description/><To>Local.Act_materialDescription</To><From>RepeatOnOrder.Output{/Row/materialDescription}</From></Assign><Assign xsi:type="Assign"><Name/><Description/><To>Local.Act_maxQty</To><From>RepeatOnOrder.Output{/Row/scheduledQty}</From></Assign><Assign xsi:type="Assign"><Name/><Description/><To>Local.Act_actualQty</To><From>stringif(RepeatOnOrder.Output{/Row/actualQty}=="NA", "0", RepeatOnOrder.Output{/Row/actualQty})</From></Assign><Assign xsi:type="Assign"><Name/><Description/><To>Local.Act_scrapQty</To><From>stringif(RepeatOnOrder.Output{/Row/scrapQty}=="NA", "0", RepeatOnOrder.Output{/Row/scrapQty})</From></Assign></OutgoingLinks></Action></Actions></Step></Steps><Actions><Action><Name>OrderActive</Name><Description> </Description><IncomingLinks><Assign xsi:type="Assign"><Name/><Description/><To>OrderActive.Input1</To><From>if(RepeatOnOrder.Output{/Row/orderStatusFLRID} ==1,1,0)</From></Assign></IncomingLinks><OutgoingLinks/></Action></Actions></Step></Steps><Actions><Action><Name>RepeatOnOrder</Name><Description> </Description><IncomingLinks/><OutgoingLinks/></Action></Actions></Step><Step xsi:type="Conditional"><Name>Sequence_12</Name><Description/><Steps><Step xsi:type="ActionSequence"><Name>Sequence_10</Name><Description/><Steps><Step xsi:type="ActionSequence"><Name>Sequence_14</Name><Description/><Steps><Step xsi:type="ActionSequence"><Name>Sequence_30</Name><Description/><Steps><Step xsi:type="Conditional"><Name>Sequence_15</Name><Description/><Steps><Step xsi:type="ActionSequence"><Name>Sequence_16</Name><Description/><Steps><Step xsi:type="Conditional"><Name>Sequence_20</Name><Description/><Steps><Step xsi:type="ActionSequence"><Name>Sequence_26</Name><Description/><Steps><Step xsi:type="ActionSequence"><Name>Sequence_18</Name><Description/><Steps><Step xsi:type="Conditional"><Name>Sequence_19</Name><Description/><Steps><Step xsi:type="ActionSequence"><Name>Sequence_27</Name><Description/><Steps><Step xsi:type="ActionSequence"><Name>Sequence_22</Name><Description/><Steps><Step xsi:type="ActionSequence"><Name>Sequence_24</Name><Description/><Steps><Step xsi:type="ActionSequence"><Name>Sequence_25</Name><Description/><Steps/><Actions><Action><Name>TRX_LoftwareWriteWIP</Name><Description> </Description><IncomingLinks><Assign xsi:type="Assign"><Name/><Description/><To>TRX_LoftwareWriteWIP.PRINT_WHAT</To><From>3</From></Assign><Assign xsi:type="Assign"><Name/><Description/><To>TRX_LoftwareWriteWIP.PART_NBR</To><From>Local.Act_materialName</From></Assign><Assign xsi:type="Assign"><Name/><Description/><To>TRX_LoftwareWriteWIP.SER_BSE</To><From>add_NewSerialNumber.Results{/Rowsets/Rowset/Row/fp_serNum}</From></Assign><Assign xsi:type="Assign"><Name/><Description/><To>TRX_LoftwareWriteWIP.SER_NBR</To><From>add_NewSerialNumber.Results{/Rowsets/Rowset/Row/sp_serNum}</From></Assign><Assign xsi:type="Assign"><Name/><Description/><To>TRX_LoftwareWriteWIP.PART_RATIO</To><From>get_GearRatio.Results{/Rowsets/Rowset/Row/materialGearRatio}</From></Assign></IncomingLinks><OutgoingLinks/></Action></Actions></Step></Steps><Actions><Action><Name>get_GearRatio</Name><Description>SQL Query</Description><IncomingLinks><Assign xsi:type="Assign"><Name/><Description/><To>get_GearRatio.Param.1</To><From>Local.Act_materialName</From></Assign></IncomingLinks><OutgoingLinks/></Action></Actions></Step></Steps><Actions><Action><Name>RowOk</Name><Description> </Description><IncomingLinks><Assign xsi:type="Assign"><Name/><Description/><To>RowOk.TIMESTAMP</To><From>datenow</From></Assign><Assign xsi:type="Assign"><Name/><Description/><To>RowOk.ORDERID</To><From>Local.Act_orderFirstID &amp; "-" &amp; Local.Act_orderLastID</From></Assign><Assign xsi:type="Assign"><Name/><Description/><To>RowOk.SERNUM</To><From>add_NewSerialNumber.Results{/Rowsets/Rowset/Row/serNum}</From></Assign><Assign xsi:type="Assign"><Name/><Description/><To>RowOk.STATUS</To><From>"1"</From></Assign><Assign xsi:type="Assign"><Name/><Description/><To>RowOk.MESSAGE</To><From>"&gt;&gt; Label " &amp; number(get_SNCntByOrderNr.Results{/Rowsets/Rowset/Row/OrderCNT})+1 &amp; " of " &amp; Local.Act_maxQty + Local.Act_scrapQty &amp; ". All Ok: Printing label .. "</From></Assign></IncomingLinks><OutgoingLinks/></Action></Actions></Step></Steps><Actions><Action><Name>ShowON</Name><Description> </Description><IncomingLinks><Assign xsi:type="Assign"><Name/><Description/><To>ShowON.Message</To><From>"&gt;&gt; OrderNumber: " &amp; Local.Act_orderFirstID &amp; "-" &amp; Local.Act_orderLastID</From></Assign></IncomingLinks><OutgoingLinks/></Action></Actions></Step><Step xsi:type="ActionSequence"><Name>Sequence_23</Name><Description/><Steps/><Actions><Action><Name>RowErr_5</Name><Description> </Description><IncomingLinks><Assign xsi:type="Assign"><Name/><Description/><To>RowErr_5.TIMESTAMP</To><From>datenow</From></Assign><Assign xsi:type="Assign"><Name/><Description/><To>RowErr_5.ORDERID</To><From>"N/A"</From></Assign><Assign xsi:type="Assign"><Name/><Description/><To>RowErr_5.SERNUM</To><From>"N/A"</From></Assign><Assign xsi:type="Assign"><Name/><Description/><To>RowErr_5.STATUS</To><From>"0"</From></Assign><Assign xsi:type="Assign"><Name/><Description/><To>RowErr_5.MESSAGE</To><From>"&gt;&gt; Error :  Unable to Record Order No. "</From></Assign></IncomingLinks><OutgoingLinks/></Action></Actions></Step></Steps><Actions><Action><Name>ON_OK</Name><Description> </Description><IncomingLinks><Assign xsi:type="Assign"><Name/><Description/><To>ON_OK.Input1</To><From>set_SNOrderNumber.Success</From></Assign></IncomingLinks><OutgoingLinks/></Action></Actions></Step></Steps><Actions><Action><Name>set_SNOrderNumber</Name><Description>SQL Query</Description><IncomingLinks><Assign xsi:type="Assign"><Name/><Description/><To>set_SNOrderNumber.Param.1</To><From>Local.Act_orderFirstID &amp; "-" &amp; Local.Act_orderLastID</From></Assign><Assign xsi:type="Assign"><Name/><Description/><To>set_SNOrderNumber.Param.2</To><From>add_NewSerialNumber.Results{/Rowsets/Rowset/Row/insertedRecordID}</From></Assign></IncomingLinks><OutgoingLinks/></Action></Actions></Step></Steps><Actions><Action><Name>ShowSN</Name><Description> </Description><IncomingLinks><Assign xsi:type="Assign"><Name/><Description/><To>ShowSN.Message</To><From>"&gt;&gt; Generated SN: " &amp; add_NewSerialNumber.Results{/Rowsets/Rowset/Row/serNum} &amp; " -- RecID : " &amp; add_NewSerialNumber.Results{/Rowsets/Rowset/Row/insertedRecordID}</From></Assign></IncomingLinks><OutgoingLinks/></Action></Actions></Step><Step xsi:type="ActionSequence"><Name>Sequence_21</Name><Description/><Steps/><Actions><Action><Name>RowErr_4</Name><Description> </Description><IncomingLinks><Assign xsi:type="Assign"><Name/><Description/><To>RowErr_4.TIMESTAMP</To><From>datenow</From></Assign><Assign xsi:type="Assign"><Name/><Description/><To>RowErr_4.ORDERID</To><From>"N/A"</From></Assign><Assign xsi:type="Assign"><Name/><Description/><To>RowErr_4.SERNUM</To><From>"N/A"</From></Assign><Assign xsi:type="Assign"><Name/><Description/><To>RowErr_4.STATUS</To><From>"0"</From></Assign><Assign xsi:type="Assign"><Name/><Description/><To>RowErr_4.MESSAGE</To><From>"&gt;&gt; Error :  Unable to Record Serial No. "</From></Assign></IncomingLinks><OutgoingLinks/></Action></Actions></Step></Steps><Actions><Action><Name>SN_OK</Name><Description> </Description><IncomingLinks><Assign xsi:type="Assign"><Name/><Description/><To>SN_OK.Input1</To><From>add_NewSerialNumber.Success</From></Assign></IncomingLinks><OutgoingLinks/></Action></Actions></Step></Steps><Actions><Action><Name>add_NewSerialNumber</Name><Description>SQL Query</Description><IncomingLinks><Assign xsi:type="Assign"><Name/><Description/><To>add_NewSerialNumber.Param.1</To><From>Local.Act_orderFirstID &amp; Local.Act_orderLastID</From></Assign></IncomingLinks><OutgoingLinks/></Action></Actions></Step><Step xsi:type="ActionSequence"><Name>Sequence_17</Name><Description/><Steps/><Actions><Action><Name>RowErr_3</Name><Description> </Description><IncomingLinks><Assign xsi:type="Assign"><Name/><Description/><To>RowErr_3.TIMESTAMP</To><From>datenow</From></Assign><Assign xsi:type="Assign"><Name/><Description/><To>RowErr_3.ORDERID</To><From>"N/A"</From></Assign><Assign xsi:type="Assign"><Name/><Description/><To>RowErr_3.SERNUM</To><From>"N/A"</From></Assign><Assign xsi:type="Assign"><Name/><Description/><To>RowErr_3.STATUS</To><From>"0"</From></Assign><Assign xsi:type="Assign"><Name/><Description/><To>RowErr_3.MESSAGE</To><From>"&gt;&gt; Error :  Serial No Count Exceeds Ordered Quantity. "</From></Assign></IncomingLinks><OutgoingLinks/></Action></Actions></Step></Steps><Actions><Action><Name>LowCount</Name><Description> </Description><IncomingLinks><Assign xsi:type="Assign"><Name/><Description/><To>LowCount.Input1</To><From>if((Local.Act_maxQty + Local.Act_scrapQty)&gt;=number(get_SNCntByOrderNr.Results{/Rowsets/Rowset/Row/OrderCNT})+1,1,0)</From></Assign></IncomingLinks><OutgoingLinks/></Action></Actions></Step></Steps><Actions><Action><Name>ShowCount</Name><Description> </Description><IncomingLinks><Assign xsi:type="Assign"><Name/><Description/><To>ShowCount.Message</To><From>"&gt;&gt; " &amp; get_SNCntByOrderNr.Results{/Rowsets/Rowset/Row/OrderCNT} &amp; " Serial Numbers registered against order " &amp; Local.Act_orderFirstID &amp; "-" &amp; Local.Act_orderLastID &amp; " -- Permitted Count: " &amp; (Local.Act_maxQty + Local.Act_scrapQty)</From></Assign></IncomingLinks><OutgoingLinks/></Action></Actions></Step></Steps><Actions><Action><Name>get_SNCntByOrderNr</Name><Description>SQL Query</Description><IncomingLinks><Assign xsi:type="Assign"><Name/><Description/><To>get_SNCntByOrderNr.Param.1</To><From>Local.Act_orderFirstID &amp; "-" &amp; Local.Act_orderLastID</From></Assign></IncomingLinks><OutgoingLinks/></Action></Actions></Step></Steps><Actions><Action><Name>ShowActOrder</Name><Description> </Description><IncomingLinks><Assign xsi:type="Assign"><Name/><Description/><To>ShowActOrder.Message</To><From>"&gt;&gt; Active order : " &amp; Local.Act_orderFirstID &amp; "-" &amp; Local.Act_orderLastID &amp; " -- Material : "  &amp; Local.Act_materialName &amp; " -- Description : " &amp; Local.Act_materialDescription &amp; " -- Qty : " &amp; Local.Act_maxQty &amp; " -- Yield : " &amp; Local.Act_actualQty &amp; " -- Reject : " &amp; Local.Act_scrapQty</From></Assign></IncomingLinks><OutgoingLinks/></Action></Actions></Step><Step xsi:type="ActionSequence"><Name>Sequence_13</Name><Description/><Steps/><Actions><Action><Name>RowErr_2</Name><Description> </Description><IncomingLinks><Assign xsi:type="Assign"><Name/><Description/><To>RowErr_2.TIMESTAMP</To><From>datenow</From></Assign><Assign xsi:type="Assign"><Name/><Description/><To>RowErr_2.ORDERID</To><From>"N/A"</From></Assign><Assign xsi:type="Assign"><Name/><Description/><To>RowErr_2.SERNUM</To><From>"N/A"</From></Assign><Assign xsi:type="Assign"><Name/><Description/><To>RowErr_2.STATUS</To><From>"0"</From></Assign><Assign xsi:type="Assign"><Name/><Description/><To>RowErr_2.MESSAGE</To><From>"&gt;&gt; Error :  No Active Orders Present. "</From></Assign></IncomingLinks><OutgoingLinks/></Action></Actions></Step></Steps><Actions><Action><Name>ActFound</Name><Description> </Description><IncomingLinks><Assign xsi:type="Assign"><Name/><Description/><To>ActFound.Input1</To><From>if(Local.ActiveOrderFound ==1,1,0)</From></Assign></IncomingLinks><OutgoingLinks/></Action></Actions></Step></Steps><Actions/></Step></Steps><Actions><Action><Name>NullRows</Name><Description> </Description><IncomingLinks><Assign xsi:type="Assign"><Name/><Description/><To>NullRows.Input1</To><From>if(get_OrderData.Results{count(/Rowsets/Rowset/Row)}==0, 1,0)</From></Assign></IncomingLinks><OutgoingLinks/></Action></Actions></Step></Steps><Actions><Action><Name>get_OrderData</Name><Description>SQL Query</Description><IncomingLinks><Assign xsi:type="Assign"><Name/><Description/><To>get_OrderData.Param.1</To><From>0</From></Assign><Assign xsi:type="Assign"><Name/><Description/><To>get_OrderData.Param.2</To><From>Transaction.LineID</From></Assign><Assign xsi:type="Assign"><Name/><Description/><To>get_OrderData.Param.3</To><From>0</From></Assign></IncomingLinks><OutgoingLinks/></Action></Actions></Step><Step xsi:type="Catch"><Name>Sequence_3</Name><Description/><Steps><Step xsi:type="ActionSequence"><Name>Sequence_4</Name><Description/><Steps/><Actions><Action><Name>ShowCatch_0</Name><Description> </Description><IncomingLinks><Assign xsi:type="Assign"><Name/><Description/><To>ShowCatch_0.Message</To><From>Catch_0.Message</From></Assign></IncomingLinks><OutgoingLinks/></Action></Actions></Step></Steps><Actions><Action><Name>Catch_0</Name><Description>Catches an exception</Description><IncomingLinks/><OutgoingLinks/></Action></Actions></Step></Steps><Actions><Action><Name>Exception_Enabler_0</Name><Description>Enables exceptions.</Description><IncomingLinks/><OutgoingLinks/></Action></Actions></Step><Step xsi:type="ActionSequence"><Name>Sequence_28</Name><Description/><Steps><Step xsi:type="ActionSequence"><Name>Sequence_29</Name><Description/><Steps/><Actions><Action><Name>ShowXML</Name><Description> </Description><IncomingLinks><Assign xsi:type="Assign"><Name/><Description/><To>ShowXML.Message</To><From>Transaction.XML_OUT</From></Assign></IncomingLinks><OutgoingLinks/></Action></Actions></Step></Steps><Actions><Action><Name>AssignXML</Name><Description> </Description><IncomingLinks/><OutgoingLinks><Assign xsi:type="AssignXml"><Name/><Description/><To>Transaction.XML_OUT</To><From>XML_OUT.Output</From></Assign></OutgoingLinks></Action></Actions></Step></Steps><Actions><Action><Name>XML_OUT</Name><Description> </Description><IncomingLinks/><OutgoingLinks/></Action></Actions></Step></Steps><Actions><Action><Name>ShowParam</Name><Description> </Description><IncomingLinks><Assign xsi:type="Assign"><Name/><Description/><To>ShowParam.Message</To><From>"&gt;&gt; WIP Label on LINE ID : " &amp; Transaction.LineID</From></Assign></IncomingLinks><OutgoingLinks/></Action></Actions></Step></Steps></Transaction>