<?xml version="1.0" encoding="UTF-8"?><Transaction xmlns:xsd="http://www.w3.org/2001/XMLSchema" xmlns:xsi="http://www.w3.org/2001/XMLSchema-instance" Version="15.0.4.11"><TransactionAttributes><ContextItem><Name>Description</Name><Description>Transaction Description</Description><MinRange>0</MinRange><MaxRange>0</MaxRange><Value xsi:type="string"/><ReadOnly>true</ReadOnly><AlertXMLAssigned>false</AlertXMLAssigned></ContextItem><ContextItem><Name>Comments</Name><Description>User Comments</Description><MinRange>0</MinRange><MaxRange>0</MaxRange><Value xsi:type="string"/><ReadOnly>true</ReadOnly><AlertXMLAssigned>false</AlertXMLAssigned></ContextItem><ContextItem><Name>CreatedBy</Name><Description>Created By</Description><MinRange>0</MinRange><MaxRange>0</MaxRange><Value xsi:type="string">RadPa</Value><ReadOnly>true</ReadOnly><AlertXMLAssigned>false</AlertXMLAssigned></ContextItem><ContextItem><Name>CreationDate</Name><Description>Creation Date</Description><MinRange>0</MinRange><MaxRange>0</MaxRange><Value xsi:type="dateTime">2016-06-30T09:27:18</Value><ReadOnly>true</ReadOnly><AlertXMLAssigned>false</AlertXMLAssigned></ContextItem><ContextItem><Name>Category</Name><Description>Transaction Category</Description><MinRange>0</MinRange><MaxRange>0</MaxRange><Value xsi:type="string"/><ReadOnly>true</ReadOnly><AlertXMLAssigned>false</AlertXMLAssigned></ContextItem><ContextItem><Name>Status</Name><Description>Deployment Status</Description><MinRange>0</MinRange><MaxRange>0</MaxRange><Value xsi:type="string">DEVELOPMENT</Value><ReadOnly>true</ReadOnly><AlertXMLAssigned>false</AlertXMLAssigned></ContextItem><ContextItem><Name>LegacyProcessingMode</Name><Description>Support the pre MII 12.1 Transaction Engine.</Description><MinRange>0</MinRange><MaxRange>0</MaxRange><Value xsi:type="boolean">0</Value><ReadOnly>true</ReadOnly><AlertXMLAssigned>false</AlertXMLAssigned></ContextItem><ContextItem><Name>AutoAppendBlankNamespaces</Name><Description>AutoAppendBlankNamespaces</Description><MinRange>0</MinRange><MaxRange>0</MaxRange><Value xsi:type="boolean">1</Value><ReadOnly>true</ReadOnly><AlertXMLAssigned>false</AlertXMLAssigned></ContextItem><ContextItem><Name>ThrowOnLinkError</Name><Description>Throws an exception when a link error occures</Description><MinRange>0</MinRange><MaxRange>0</MaxRange><Value xsi:type="boolean">0</Value><ReadOnly>true</ReadOnly><AlertXMLAssigned>false</AlertXMLAssigned></ContextItem><ContextItem><Name>ThrowOnActionError</Name><Description>Throws an exception when an action error occurs</Description><MinRange>0</MinRange><MaxRange>0</MaxRange><Value xsi:type="boolean">1</Value><ReadOnly>true</ReadOnly><AlertXMLAssigned>false</AlertXMLAssigned></ContextItem><ContextItem><Name>FormatXMLOnConversion</Name><Description>By default XML will be formatted when assigned from XML data type to String data type. This behaviour can be changed with this flag.</Description><MinRange>0</MinRange><MaxRange>0</MaxRange><Value xsi:type="boolean">1</Value><ReadOnly>true</ReadOnly><AlertXMLAssigned>false</AlertXMLAssigned></ContextItem><ContextItem><Name>LastEditedBy</Name><Description>Last Edited By</Description><MinRange>0</MinRange><MaxRange>0</MaxRange><Value xsi:type="xsd:string">RadPa</Value><ReadOnly>true</ReadOnly><AlertXMLAssigned>false</AlertXMLAssigned></ContextItem><ContextItem><Name>LastEditedDate</Name><Description>Last Edited Date</Description><MinRange>0</MinRange><MaxRange>0</MaxRange><Value xsi:type="xsd:dateTime">2016-06-30T14:31:48</Value><ReadOnly>true</ReadOnly><AlertXMLAssigned>false</AlertXMLAssigned></ContextItem></TransactionAttributes><Name>MESM/LABELS/TRANSACTIONS/TRX_LoftwareWrite</Name><Version>112</Version><WriterRoles>SAP_XMII_Super_Administrator,SAP_XMII_Administrator,SAP_XMII_Developer</WriterRoles><Context><ContextItem><Name>PRINT_WHAT</Name><Description>RecordID for the Defined Label</Description><MinRange>0</MinRange><MaxRange>0</MaxRange><Value xsi:type="integer">8</Value><ReadOnly>false</ReadOnly><AlertXMLAssigned>false</AlertXMLAssigned></ContextItem><ContextItem><Name>XML_OUT</Name><Description>Transaction Output</Description><MinRange>0</MinRange><MaxRange>0</MaxRange><Value xsi:type="xml"><ReferenceDocumentSource/></Value><SchemaURI/><SchemaElement/><ValidateXMLOnExecution>1</ValidateXMLOnExecution><ReadOnly>true</ReadOnly><AlertXMLAssigned>false</AlertXMLAssigned></ContextItem></Context><Local><ContextItem><Name>debug</Name><Description/><MinRange>0</MinRange><MaxRange>0</MaxRange><Value xsi:type="string">1</Value><ReadOnly>false</ReadOnly><AlertXMLAssigned>false</AlertXMLAssigned></ContextItem><ContextItem><Name>LBL_CONTENTS</Name><Description>Loftware Label File Contents</Description><MinRange>0</MinRange><MaxRange>0</MaxRange><Value xsi:type="string"/><ReadOnly>false</ReadOnly><AlertXMLAssigned>false</AlertXMLAssigned></ContextItem><ContextItem><Name>LBL_FOLDER</Name><Description>Loftware Label Folder</Description><MinRange>0</MinRange><MaxRange>0</MaxRange><Value xsi:type="string"/><ReadOnly>false</ReadOnly><AlertXMLAssigned>false</AlertXMLAssigned></ContextItem><ContextItem><Name>LBL_PATH</Name><Description>Loftware Templates File Path</Description><MinRange>0</MinRange><MaxRange>0</MaxRange><Value xsi:type="string">web://MESM/LTemplates/</Value><ReadOnly>false</ReadOnly><AlertXMLAssigned>false</AlertXMLAssigned></ContextItem><ContextItem><Name>LBL_TARGET</Name><Description>Loftware Label Target</Description><MinRange>0</MinRange><MaxRange>0</MaxRange><Value xsi:type="string"/><ReadOnly>false</ReadOnly><AlertXMLAssigned>false</AlertXMLAssigned></ContextItem><ContextItem><Name>LBL_TEMPLATE</Name><Description>Loftware Label Template</Description><MinRange>0</MinRange><MaxRange>0</MaxRange><Value xsi:type="string"/><ReadOnly>false</ReadOnly><AlertXMLAssigned>false</AlertXMLAssigned></ContextItem></Local><Layout><GUILayoutItem><Name>Sequence_0</Name><X>368</X><Y>8</Y><Width>120</Width><SpacingWidth>840</SpacingWidth><DescendantWidth>840</DescendantWidth><Height>96</Height></GUILayoutItem><GUILayoutItem><Name>ShowParam</Name><X>376</X><Y>24</Y><Width>104</Width><SpacingWidth>0</SpacingWidth><DescendantWidth>0</DescendantWidth><Height>72</Height></GUILayoutItem><GUILayoutItem><Name>Sequence_1</Name><X>224</X><Y>416</Y><Width>120</Width><SpacingWidth>552</SpacingWidth><DescendantWidth>552</DescendantWidth><Height>96</Height></GUILayoutItem><GUILayoutItem><Name>get_LabelData</Name><X>232</X><Y>432</Y><Width>104</Width><SpacingWidth>0</SpacingWidth><DescendantWidth>0</DescendantWidth><Height>72</Height></GUILayoutItem><GUILayoutItem><Name>Sequence_3</Name><X>296</X><Y>280</Y><Width>120</Width><SpacingWidth>696</SpacingWidth><DescendantWidth>696</DescendantWidth><Height>96</Height></GUILayoutItem><GUILayoutItem><Name>Sequence_5</Name><X>584</X><Y>552</Y><Width>120</Width><SpacingWidth>120</SpacingWidth><DescendantWidth>120</DescendantWidth><Height>96</Height></GUILayoutItem><GUILayoutItem><Name>Exception_Enabler_0</Name><X>304</X><Y>296</Y><Width>104</Width><SpacingWidth>0</SpacingWidth><DescendantWidth>0</DescendantWidth><Height>72</Height></GUILayoutItem><GUILayoutItem><Name>Sequence_4</Name><X>584</X><Y>416</Y><Width>120</Width><SpacingWidth>120</SpacingWidth><DescendantWidth>120</DescendantWidth><Height>96</Height></GUILayoutItem><GUILayoutItem><Name>Catch_0</Name><X>592</X><Y>432</Y><Width>104</Width><SpacingWidth>0</SpacingWidth><DescendantWidth>0</DescendantWidth><Height>72</Height></GUILayoutItem><GUILayoutItem><Name>ShowCatch_0</Name><X>592</X><Y>568</Y><Width>104</Width><SpacingWidth>0</SpacingWidth><DescendantWidth>0</DescendantWidth><Height>72</Height></GUILayoutItem><GUILayoutItem><Name>Sequence_2</Name><X>224</X><Y>552</Y><Width>120</Width><SpacingWidth>552</SpacingWidth><DescendantWidth>552</DescendantWidth><Height>96</Height></GUILayoutItem><GUILayoutItem><Name>gotRows</Name><X>232</X><Y>568</Y><Width>104</Width><SpacingWidth>0</SpacingWidth><DescendantWidth>0</DescendantWidth><Height>72</Height></GUILayoutItem><GUILayoutItem><Name>Sequence_6</Name><X>152</X><Y>688</Y><Width>120</Width><SpacingWidth>408</SpacingWidth><DescendantWidth>408</DescendantWidth><Height>96</Height></GUILayoutItem><GUILayoutItem><Name>Sequence_7</Name><X>440</X><Y>688</Y><Width>120</Width><SpacingWidth>120</SpacingWidth><DescendantWidth>120</DescendantWidth><Height>96</Height></GUILayoutItem><GUILayoutItem><Name>NoRows</Name><X>448</X><Y>704</Y><Width>104</Width><SpacingWidth>0</SpacingWidth><DescendantWidth>0</DescendantWidth><Height>72</Height></GUILayoutItem><GUILayoutItem><Name>ShowLabel</Name><X>160</X><Y>704</Y><Width>104</Width><SpacingWidth>0</SpacingWidth><DescendantWidth>0</DescendantWidth><Height>72</Height></GUILayoutItem><GUILayoutItem><Name>Sequence_9</Name><X>80</X><Y>1096</Y><Width>120</Width><SpacingWidth>264</SpacingWidth><DescendantWidth>264</DescendantWidth><Height>96</Height></GUILayoutItem><GUILayoutItem><Name>Sequence_10</Name><X>296</X><Y>960</Y><Width>120</Width><SpacingWidth>120</SpacingWidth><DescendantWidth>120</DescendantWidth><Height>96</Height></GUILayoutItem><GUILayoutItem><Name>Sequence_8</Name><X>152</X><Y>824</Y><Width>120</Width><SpacingWidth>408</SpacingWidth><DescendantWidth>408</DescendantWidth><Height>96</Height></GUILayoutItem><GUILayoutItem><Name>ActiveChk</Name><X>160</X><Y>840</Y><Width>104</Width><SpacingWidth>0</SpacingWidth><DescendantWidth>0</DescendantWidth><Height>72</Height></GUILayoutItem><GUILayoutItem><Name>LabelNotActive</Name><X>304</X><Y>976</Y><Width>104</Width><SpacingWidth>0</SpacingWidth><DescendantWidth>0</DescendantWidth><Height>72</Height></GUILayoutItem><GUILayoutItem><Name>AssignData</Name><X>88</X><Y>1112</Y><Width>104</Width><SpacingWidth>0</SpacingWidth><DescendantWidth>0</DescendantWidth><Height>72</Height></GUILayoutItem><GUILayoutItem><Name>Sequence_11</Name><X>80</X><Y>1640</Y><Width>120</Width><SpacingWidth>264</SpacingWidth><DescendantWidth>264</DescendantWidth><Height>96</Height></GUILayoutItem><GUILayoutItem><Name>LoftwareWrite</Name><X>88</X><Y>1656</Y><Width>104</Width><SpacingWidth>0</SpacingWidth><DescendantWidth>0</DescendantWidth><Height>72</Height></GUILayoutItem><GUILayoutItem><Name>Sequence_13</Name><X>80</X><Y>960</Y><Width>120</Width><SpacingWidth>264</SpacingWidth><DescendantWidth>264</DescendantWidth><Height>96</Height></GUILayoutItem><GUILayoutItem><Name>Text_Loader</Name><X>88</X><Y>976</Y><Width>104</Width><SpacingWidth>0</SpacingWidth><DescendantWidth>0</DescendantWidth><Height>72</Height></GUILayoutItem><GUILayoutItem><Name>Sequence_12</Name><X>80</X><Y>1504</Y><Width>120</Width><SpacingWidth>264</SpacingWidth><DescendantWidth>264</DescendantWidth><Height>96</Height></GUILayoutItem><GUILayoutItem><Name>ShowData</Name><X>88</X><Y>1520</Y><Width>104</Width><SpacingWidth>0</SpacingWidth><DescendantWidth>0</DescendantWidth><Height>72</Height></GUILayoutItem><GUILayoutItem><Name>Sequence_14</Name><X>80</X><Y>1776</Y><Width>120</Width><SpacingWidth>264</SpacingWidth><DescendantWidth>264</DescendantWidth><Height>96</Height></GUILayoutItem><GUILayoutItem><Name>Success</Name><X>88</X><Y>1792</Y><Width>104</Width><SpacingWidth>0</SpacingWidth><DescendantWidth>0</DescendantWidth><Height>72</Height></GUILayoutItem><GUILayoutItem><Name>Sequence_15</Name><X>8</X><Y>2320</Y><Width>120</Width><SpacingWidth>120</SpacingWidth><DescendantWidth>120</DescendantWidth><Height>96</Height></GUILayoutItem><GUILayoutItem><Name>Sequence_16</Name><X>152</X><Y>1912</Y><Width>120</Width><SpacingWidth>120</SpacingWidth><DescendantWidth>120</DescendantWidth><Height>96</Height></GUILayoutItem><GUILayoutItem><Name>ShowErr_0</Name><X>160</X><Y>1928</Y><Width>104</Width><SpacingWidth>0</SpacingWidth><DescendantWidth>0</DescendantWidth><Height>72</Height></GUILayoutItem><GUILayoutItem><Name>LoftwareRead</Name><X>16</X><Y>2336</Y><Width>104</Width><SpacingWidth>0</SpacingWidth><DescendantWidth>0</DescendantWidth><Height>72</Height></GUILayoutItem><GUILayoutItem><Name>Sequence_17</Name><X>8</X><Y>2456</Y><Width>120</Width><SpacingWidth>120</SpacingWidth><DescendantWidth>0</DescendantWidth><Height>96</Height></GUILayoutItem><GUILayoutItem><Name>Show_Label</Name><X>16</X><Y>2472</Y><Width>104</Width><SpacingWidth>0</SpacingWidth><DescendantWidth>0</DescendantWidth><Height>72</Height></GUILayoutItem><GUILayoutItem><Name>Sequence_18</Name><X>80</X><Y>1368</Y><Width>120</Width><SpacingWidth>264</SpacingWidth><DescendantWidth>264</DescendantWidth><Height>96</Height></GUILayoutItem><GUILayoutItem><Name>AssignCRLF</Name><X>88</X><Y>1384</Y><Width>104</Width><SpacingWidth>0</SpacingWidth><DescendantWidth>0</DescendantWidth><Height>72</Height></GUILayoutItem><GUILayoutItem><Name>Sequence_19</Name><X>80</X><Y>1232</Y><Width>120</Width><SpacingWidth>264</SpacingWidth><DescendantWidth>264</DescendantWidth><Height>96</Height></GUILayoutItem><GUILayoutItem><Name>AssignComma</Name><X>88</X><Y>1248</Y><Width>104</Width><SpacingWidth>0</SpacingWidth><DescendantWidth>0</DescendantWidth><Height>72</Height></GUILayoutItem><GUILayoutItem><Name>Sequence_20</Name><X>368</X><Y>144</Y><Width>120</Width><SpacingWidth>840</SpacingWidth><DescendantWidth>840</DescendantWidth><Height>96</Height></GUILayoutItem><GUILayoutItem><Name>XML_OUT</Name><X>376</X><Y>160</Y><Width>104</Width><SpacingWidth>0</SpacingWidth><DescendantWidth>0</DescendantWidth><Height>72</Height></GUILayoutItem><GUILayoutItem><Name>Sequence_21</Name><X>584</X><Y>688</Y><Width>120</Width><SpacingWidth>120</SpacingWidth><DescendantWidth>0</DescendantWidth><Height>96</Height></GUILayoutItem><GUILayoutItem><Name>Sequence_22</Name><X>440</X><Y>824</Y><Width>120</Width><SpacingWidth>120</SpacingWidth><DescendantWidth>0</DescendantWidth><Height>96</Height></GUILayoutItem><GUILayoutItem><Name>Sequence_23</Name><X>296</X><Y>1096</Y><Width>120</Width><SpacingWidth>120</SpacingWidth><DescendantWidth>0</DescendantWidth><Height>96</Height></GUILayoutItem><GUILayoutItem><Name>Sequence_24</Name><X>152</X><Y>2048</Y><Width>120</Width><SpacingWidth>120</SpacingWidth><DescendantWidth>0</DescendantWidth><Height>96</Height></GUILayoutItem><GUILayoutItem><Name>Sequence_25</Name><X>8</X><Y>2048</Y><Width>120</Width><SpacingWidth>120</SpacingWidth><DescendantWidth>120</DescendantWidth><Height>96</Height></GUILayoutItem><GUILayoutItem><Name>Sequence_26</Name><X>8</X><Y>1912</Y><Width>120</Width><SpacingWidth>120</SpacingWidth><DescendantWidth>120</DescendantWidth><Height>96</Height></GUILayoutItem><GUILayoutItem><Name>ShowOK</Name><X>16</X><Y>1928</Y><Width>104</Width><SpacingWidth>0</SpacingWidth><DescendantWidth>0</DescendantWidth><Height>72</Height></GUILayoutItem><GUILayoutItem><Name>Row_Ok</Name><X>16</X><Y>2064</Y><Width>104</Width><SpacingWidth>0</SpacingWidth><DescendantWidth>0</DescendantWidth><Height>72</Height></GUILayoutItem><GUILayoutItem><Name>Sequence_27</Name><X>8</X><Y>2184</Y><Width>120</Width><SpacingWidth>120</SpacingWidth><DescendantWidth>120</DescendantWidth><Height>96</Height></GUILayoutItem><GUILayoutItem><Name>debug</Name><X>16</X><Y>2200</Y><Width>104</Width><SpacingWidth>0</SpacingWidth><DescendantWidth>0</DescendantWidth><Height>72</Height></GUILayoutItem><GUILayoutItem><Name>RowErr_0</Name><X>160</X><Y>2064</Y><Width>104</Width><SpacingWidth>0</SpacingWidth><DescendantWidth>0</DescendantWidth><Height>72</Height></GUILayoutItem><GUILayoutItem><Name>RowErr_1</Name><X>304</X><Y>1112</Y><Width>104</Width><SpacingWidth>0</SpacingWidth><DescendantWidth>0</DescendantWidth><Height>72</Height></GUILayoutItem><GUILayoutItem><Name>RowErr_2</Name><X>448</X><Y>840</Y><Width>104</Width><SpacingWidth>0</SpacingWidth><DescendantWidth>0</DescendantWidth><Height>72</Height></GUILayoutItem><GUILayoutItem><Name>RowErr_3</Name><X>592</X><Y>704</Y><Width>104</Width><SpacingWidth>0</SpacingWidth><DescendantWidth>0</DescendantWidth><Height>72</Height></GUILayoutItem><GUILayoutItem><Name>Sequence_28</Name><X>728</X><Y>280</Y><Width>120</Width><SpacingWidth>120</SpacingWidth><DescendantWidth>120</DescendantWidth><Height>96</Height></GUILayoutItem><GUILayoutItem><Name>AssignXML</Name><X>736</X><Y>296</Y><Width>104</Width><SpacingWidth>0</SpacingWidth><DescendantWidth>0</DescendantWidth><Height>72</Height></GUILayoutItem><GUILayoutItem><Name>Sequence_29</Name><X>728</X><Y>416</Y><Width>120</Width><SpacingWidth>120</SpacingWidth><DescendantWidth>0</DescendantWidth><Height>96</Height></GUILayoutItem><GUILayoutItem><Name>ShowXML</Name><X>736</X><Y>432</Y><Width>104</Width><SpacingWidth>0</SpacingWidth><DescendantWidth>0</DescendantWidth><Height>72</Height></GUILayoutItem></Layout><Actions><ContextItem><Name>ShowParam</Name><Description/><MinRange>0</MinRange><MaxRange>0</MaxRange><Value xsi:type="Tracer"><Message/><Level>INFO</Level></Value><ReadOnly>false</ReadOnly><AlertXMLAssigned>false</AlertXMLAssigned></ContextItem><ContextItem><Name>get_LabelData</Name><Description/><MinRange>0</MinRange><MaxRange>0</MaxRange><Value xsi:type="IlluminatorSQLQueryObject"><Timeout>60</Timeout><QueryParameters/><QueryTemplate>MESM/LABELS/QUERIES/get_LabelData</QueryTemplate><QueryStartDate>2016-06-30T12:54:11</QueryStartDate><QueryEndDate>2016-06-30T12:54:11</QueryEndDate><SQLTransaction/><Results><ReferenceDocumentSource/>&lt;?xml version="1.0" encoding="UTF-8"?&gt;&lt;Rowsets CachedTime="" DateCreated="2016-06-30T13:00:00" EndDate="2016-06-30T13:00:00" StartDate="2016-06-30T12:00:00" Version="15.0 SP4 Patch 11 (Aug 28, 2015)"&gt;&lt;Rowset&gt;&lt;Columns&gt;&lt;Column Description="recordID" MaxRange="1" MinRange="0" Name="recordID" SQLDataType="-5" SourceColumn="recordID"/&gt;&lt;Column Description="labelName" MaxRange="1" MinRange="0" Name="labelName" SQLDataType="-9" SourceColumn="labelName"/&gt;&lt;Column Description="labelTemplate" MaxRange="1" MinRange="0" Name="labelTemplate" SQLDataType="-9" SourceColumn="labelTemplate"/&gt;&lt;Column Description="labelLocation" MaxRange="1" MinRange="0" Name="labelLocation" SQLDataType="-9" SourceColumn="labelLocation"/&gt;&lt;Column Description="labelActive" MaxRange="1" MinRange="0" Name="labelActive" SQLDataType="4" SourceColumn="labelActive"/&gt;&lt;/Columns&gt;&lt;Row&gt;&lt;recordID&gt;3&lt;/recordID&gt;&lt;labelName&gt;LBL_WIP&lt;/labelName&gt;&lt;labelTemplate&gt;Fingerprint_Manual0.txt&lt;/labelTemplate&gt;&lt;labelLocation&gt;\\\\Uskzoosmiisqld1\\LOFTWARE\\WIP\\&lt;/labelLocation&gt;&lt;labelActive&gt;1&lt;/labelActive&gt;&lt;/Row&gt;&lt;/Rowset&gt;&lt;/Rowsets&gt;</Results><TagList/></Value><SchemaURI/><SchemaElement/><ValidateXMLOnExecution>1</ValidateXMLOnExecution><ReadOnly>false</ReadOnly><AlertXMLAssigned>false</AlertXMLAssigned></ContextItem><ContextItem><Name>Exception_Enabler_0</Name><Description/><MinRange>0</MinRange><MaxRange>0</MaxRange><Value xsi:type="ExceptionEnabler"><EnableActionExceptions>true</EnableActionExceptions><EnableLinkExceptions>true</EnableLinkExceptions></Value><ReadOnly>false</ReadOnly><AlertXMLAssigned>false</AlertXMLAssigned></ContextItem><ContextItem><Name>Catch_0</Name><Description/><MinRange>0</MinRange><MaxRange>0</MaxRange><Value xsi:type="CatchAction"/><ReadOnly>false</ReadOnly><AlertXMLAssigned>false</AlertXMLAssigned></ContextItem><ContextItem><Name>ShowCatch_0</Name><Description/><MinRange>0</MinRange><MaxRange>0</MaxRange><Value xsi:type="Tracer"><Message/><Level>INFO</Level></Value><ReadOnly>false</ReadOnly><AlertXMLAssigned>false</AlertXMLAssigned></ContextItem><ContextItem><Name>gotRows</Name><Description/><MinRange>0</MinRange><MaxRange>0</MaxRange><Value xsi:type="ConditionalAction"><Output>false</Output><InputCount>1</InputCount><LogicalAnd>false</LogicalAnd><Input1>false</Input1></Value><ReadOnly>false</ReadOnly><AlertXMLAssigned>false</AlertXMLAssigned></ContextItem><ContextItem><Name>NoRows</Name><Description/><MinRange>0</MinRange><MaxRange>0</MaxRange><Value xsi:type="Tracer"><Message/><Level>INFO</Level></Value><ReadOnly>false</ReadOnly><AlertXMLAssigned>false</AlertXMLAssigned></ContextItem><ContextItem><Name>ShowLabel</Name><Description/><MinRange>0</MinRange><MaxRange>0</MaxRange><Value xsi:type="Tracer"><Message/><Level>INFO</Level></Value><ReadOnly>false</ReadOnly><AlertXMLAssigned>false</AlertXMLAssigned></ContextItem><ContextItem><Name>ActiveChk</Name><Description/><MinRange>0</MinRange><MaxRange>0</MaxRange><Value xsi:type="ConditionalAction"><Output>false</Output><InputCount>1</InputCount><LogicalAnd>false</LogicalAnd><Input1>false</Input1></Value><ReadOnly>false</ReadOnly><AlertXMLAssigned>false</AlertXMLAssigned></ContextItem><ContextItem><Name>LabelNotActive</Name><Description/><MinRange>0</MinRange><MaxRange>0</MaxRange><Value xsi:type="Tracer"><Message/><Level>INFO</Level></Value><ReadOnly>false</ReadOnly><AlertXMLAssigned>false</AlertXMLAssigned></ContextItem><ContextItem><Name>AssignData</Name><Description/><MinRange>0</MinRange><MaxRange>0</MaxRange><Value xsi:type="Assignment"/><ReadOnly>false</ReadOnly><AlertXMLAssigned>false</AlertXMLAssigned></ContextItem><ContextItem><Name>LoftwareWrite</Name><Description/><MinRange>0</MinRange><MaxRange>0</MaxRange><Value xsi:type="IlluminatorPCoQueryObject"><Timeout>60</Timeout><QueryParameters/><QueryTemplate>MESM/LABELS/QUERIES/LoftwareWrite</QueryTemplate><QueryStartDate>2016-06-30T13:13:02</QueryStartDate><QueryEndDate>2016-06-30T13:13:02</QueryEndDate><SQLTransaction/><Results><ReferenceDocumentSource/>&lt;?xml version="1.0" encoding="UTF-8"?&gt;&lt;Rowsets CachedTime="" DateCreated="2016-06-30T13:26:26" EndDate="2016-06-30T13:26:26" StartDate="2016-06-30T12:26:26" Version="15.0 SP4 Patch 11 (Aug 28, 2015)"&gt;&lt;Messages&gt;&lt;Message&gt;\\\\Uskzoosmiisqld1\\loftware\\REJECT\\Fingerprint_Manual3.txt: Operation successful&lt;/Message&gt;&lt;/Messages&gt;&lt;/Rowsets&gt;</Results><TagList/></Value><SchemaURI/><SchemaElement/><ValidateXMLOnExecution>1</ValidateXMLOnExecution><ReadOnly>false</ReadOnly><AlertXMLAssigned>false</AlertXMLAssigned></ContextItem><ContextItem><Name>Text_Loader</Name><Description/><MinRange>0</MinRange><MaxRange>0</MaxRange><Value xsi:type="TextLoader"><StringContent/><SourceUrl/><Timeout>60</Timeout><AutoEncode>true</AutoEncode><CredentialAlias/><LoginName/><LoginPassword/></Value><ReadOnly>false</ReadOnly><AlertXMLAssigned>false</AlertXMLAssigned></ContextItem><ContextItem><Name>ShowData</Name><Description/><MinRange>0</MinRange><MaxRange>0</MaxRange><Value xsi:type="Tracer"><Message/><Level>INFO</Level></Value><ReadOnly>false</ReadOnly><AlertXMLAssigned>false</AlertXMLAssigned></ContextItem><ContextItem><Name>Success</Name><Description/><MinRange>0</MinRange><MaxRange>0</MaxRange><Value xsi:type="ConditionalAction"><Output>false</Output><InputCount>1</InputCount><LogicalAnd>false</LogicalAnd><Input1>false</Input1></Value><ReadOnly>false</ReadOnly><AlertXMLAssigned>false</AlertXMLAssigned></ContextItem><ContextItem><Name>ShowErr_0</Name><Description/><MinRange>0</MinRange><MaxRange>0</MaxRange><Value xsi:type="Tracer"><Message/><Level>INFO</Level></Value><ReadOnly>false</ReadOnly><AlertXMLAssigned>false</AlertXMLAssigned></ContextItem><ContextItem><Name>LoftwareRead</Name><Description/><MinRange>0</MinRange><MaxRange>0</MaxRange><Value xsi:type="IlluminatorPCoQueryObject"><Timeout>60</Timeout><QueryParameters/><QueryTemplate>MESM/LABELS/QUERIES/LoftwareRead</QueryTemplate><QueryStartDate>2016-06-30T13:23:55</QueryStartDate><QueryEndDate>2016-06-30T13:23:55</QueryEndDate><SQLTransaction/><Results><ReferenceDocumentSource/>&lt;?xml version="1.0" encoding="UTF-8"?&gt;&lt;Rowsets CachedTime="" DateCreated="2016-06-30T13:41:34" EndDate="2016-06-30T13:41:34" StartDate="2016-06-30T12:41:34" Version="15.0 SP4 Patch 11 (Aug 28, 2015)"&gt;&lt;Rowset&gt;&lt;Columns&gt;&lt;Column Description="DateTime" MaxRange="0" MinRange="0" Name="DateTime" SQLDataType="93" SourceColumn="DateTime"/&gt;&lt;Column Description="" MaxRange="0" MinRange="0" Name="LabelData" SQLDataType="-1" SourceColumn="LabelData"/&gt;&lt;/Columns&gt;&lt;Row&gt;&lt;DateTime&gt;2016-06-30T13:41:34&lt;/DateTime&gt;&lt;LabelData&gt;NASC -2:AN 7&amp;#13;&#13;
MAG 1,1DIR 1:PP 60,2426:FT "Prestige 12 Pitch Bold BT",26,0:NI:PT "&amp;lt;*BRAND*&amp;gt;"&amp;#13;&#13;
PP 64,2230:FT "Prestige 12 Pitch Bold BT",18,0:NI:PT "&amp;lt;*CONTAINER*&amp;gt;"&amp;#13;&#13;
PP 640,2230:NI:PT "&amp;lt;*SIZE*&amp;gt;"&amp;#13;&#13;
PP 1193,2230:NI:PT "&amp;lt;*PACK*&amp;gt;"&amp;#13;&#13;
PP 62,2085:FT "Prestige 12 Pitch Bold BT",22,0:NI:PT "&amp;lt;*PROMO*&amp;gt;"&amp;#13;&#13;
PP 738,2100:FT "Prestige 12 Pitch Bold BT",26,0:NI:PT "&amp;lt;*CASESPERPALLET*&amp;gt;"&amp;#13;&#13;
PP 1010,2070:FT "Prestige 12 Pitch Bold BT",17,0:NI:PT "UNITS"&amp;#13;&#13;
PP 1270,2070:NI:PT "Pal"&amp;#13;&#13;
PP 1420,2100:FT "Prestige 12 Pitch Bold BT",26,0:NI:PT "&amp;lt;*PALETTIZERID*&amp;gt;"&amp;#13;&#13;
PP 1620,2070:FT "Prestige 12 Pitch Bold BT",18,0:NI:PT "&amp;lt;*MODE*&amp;gt;"&amp;#13;&#13;
PP 59,1960:FT "Prestige 12 Pitch Bold BT",44,0:NI:PT "&amp;lt;*SAPMATNO*&amp;gt;"&amp;#13;&#13;
PP 750,1890:FT "Prestige 12 Pitch Bold BT",28,0:NI:PT "&amp;lt;*BASISMATNO*&amp;gt;"&amp;#13;&#13;
&amp;#13;&#13;
PP 685,1720:FT "Prestige 12 Pitch Bold BT",12,0:NI:PT "GTIN"&amp;#13;&#13;
PP 820,1695:FT "Prestige 12 Pitch Bold BT",24,0:NI:PT "&amp;lt;*EANPALLETNO*&amp;gt;"&amp;#13;&#13;
PP 670,1575:PL 1070,4&amp;#13;&#13;
PP 685,1560:FT "Prestige 12 Pitch Bold BT",12,0:NI:PT "EXT."&amp;#13;&#13;
PP 820,1540:FT "Prestige 12 Pitch Bold BT",24,0:NI:PT "&amp;lt;*MODES3*&amp;gt;"&amp;#13;&#13;
&amp;#13;&#13;
PP 1,1419:PL 1734,4&amp;#13;&#13;
DIR 4:PP 670,1425:PL 310,4&amp;#13;&#13;
&amp;#13;&#13;
&amp;#13;&#13;
DIR 1:PP 1484,1380:FT "Prestige 12 Pitch Bold BT",12,0:NI:PT "VA."&amp;#13;&#13;
PP 1585,1411:FT "Prestige 12 Pitch Bold BT",26,0:NI:PT "&amp;lt;*VARIANT*&amp;gt;"&amp;#13;&#13;
PP 61,1410:FT "Prestige 12 Pitch Bold BT",24,0:NI:PT "SSCC"&amp;#13;&#13;
PP 1,1275:PL 1746,4&amp;#13;&#13;
PP 339,1393:FT "Prestige 12 Pitch Bold BT",20,0:NI:PT "&amp;lt;*SSCC1*&amp;gt;"&amp;#13;&#13;
PP 402,1393:FT "Prestige 12 Pitch Bold BT",20,0:NI:PT "&amp;lt;*SSCC2*&amp;gt;"&amp;#13;&#13;
PP 807,1408:FT "Prestige 12 Pitch Bold BT",24,0:NI:PT "&amp;lt;*SSCC3*&amp;gt;"&amp;#13;&#13;
PP 1396,1396:FT "Prestige 12 Pitch Bold BT",20,0:NI:PT "&amp;lt;*SSCC4*&amp;gt;"&amp;#13;&#13;
PP 66,1249:FT "Prestige 12 Pitch Bold BT",14,0:NI:PT "BATCH"&amp;#13;&#13;
PP 60,1170:FT "Prestige 12 Pitch Bold BT",26,0:NI:PT "&amp;lt;*BATCH1*&amp;gt;"&amp;#13;&#13;
PP 60,1070:NI:PT "&amp;lt;*BATCH2*&amp;gt;"&amp;#13;&#13;
PP 1,945:PL 1734,4&amp;#13;&#13;
DIR 4:PP 601,949:PL 330,4&amp;#13;&#13;
DIR 1:PP 606,1249:FT "Prestige 12 Pitch Bold BT",14,0:NI:PT "BEST BEFORE  DLUO  THT-DATUM"&amp;#13;&#13;
PP 649,1180:FT "Prestige 12 Pitch Bold BT",48,0:NI:PT "&amp;lt;*BESTBEFOREDATE*&amp;gt;"&amp;#13;&#13;
PP 1420,1890:FT "Prestige 12 Pitch Bold BT",28,0:NI:PT "&amp;lt;*SEQUENCENUMBER*&amp;gt;"&amp;#13;&#13;
PP 48,2414:PL 1700,36&amp;#13;&#13;
PP 1270,1870:FT "Prestige 12 Pitch Bold BT",18,0:NI:PT "Seq"&amp;#13;&#13;
PP 1,1731:PL 1746,4&amp;#13;&#13;
PP 55,1716:FT "Prestige 12 Pitch Bold BT",12,0:NI:PT "RELEASE DATE"&amp;#13;&#13;
PP 61,1649:FT "Prestige 12 Pitch Bold BT",48,0:NI:PT "&amp;lt;*RELEASEDATE*&amp;gt;"&amp;#13;&#13;
DIR 4:PP 1481,1279:PL 144,4&amp;#13;&#13;
AN 8&amp;#13;&#13;
PP 877,520:DIR 1:BT "EAN128":BM 7:BH 404:PB "00&amp;lt;*SECONDBARCODE*&amp;gt;15&amp;lt;*FIRSTBARCODE15*&amp;gt;"&amp;#13;&#13;
PP 870,120:FT "Prestige 12 Pitch Bold BT",12,0:NI:PT "(00)&amp;lt;*SECONDBARCODE*&amp;gt;(15)&amp;lt;*FIRSTBARCODE15*&amp;gt;"&amp;#13;&#13;
PP 868,920:BT "EAN128":BM 5:BH 330:PB "01&amp;lt;*FIRSTBARCODE01*&amp;gt;20&amp;lt;*FIRSTBARCODE20*&amp;gt;10&amp;lt;*FIRSTBARCODE10*&amp;gt;"&amp;#13;&#13;
PP 863,590:FT "Prestige 12 Pitch Bold BT",12,0:NI:PT "(01)&amp;lt;*FIRSTBARCODE01*&amp;gt;(20)&amp;lt;*FIRSTBARCODE20*&amp;gt;(10)&amp;lt;*FIRSTBARCODE10*&amp;gt;"&amp;#13;&#13;
PF &amp;lt;*LABELS*&amp;gt;&lt;/LabelData&gt;&lt;/Row&gt;&lt;/Rowset&gt;&lt;/Rowsets&gt;</Results><TagList/></Value><SchemaURI/><SchemaElement/><ValidateXMLOnExecution>1</ValidateXMLOnExecution><ReadOnly>false</ReadOnly><AlertXMLAssigned>false</AlertXMLAssigned></ContextItem><ContextItem><Name>Show_Label</Name><Description/><MinRange>0</MinRange><MaxRange>0</MaxRange><Value xsi:type="Tracer"><Message/><Level>INFO</Level></Value><ReadOnly>false</ReadOnly><AlertXMLAssigned>false</AlertXMLAssigned></ContextItem><ContextItem><Name>AssignCRLF</Name><Description/><MinRange>0</MinRange><MaxRange>0</MaxRange><Value xsi:type="Assignment"/><ReadOnly>false</ReadOnly><AlertXMLAssigned>false</AlertXMLAssigned></ContextItem><ContextItem><Name>AssignComma</Name><Description/><MinRange>0</MinRange><MaxRange>0</MaxRange><Value xsi:type="Assignment"/><ReadOnly>false</ReadOnly><AlertXMLAssigned>false</AlertXMLAssigned></ContextItem><ContextItem><Name>XML_OUT</Name><Description/><MinRange>0</MinRange><MaxRange>0</MaxRange><Value xsi:type="IlluminatorDocument"><EndDate>2016-06-30T14:06:59</EndDate><StartDate>2016-06-30T14:06:59</StartDate><Output><ReferenceDocumentSource/>&lt;?xml version="1.0" encoding="UTF-8"?&gt;&lt;Rowsets DateCreated="2016-06-30T14:27:02" EndDate="2016-06-30T14:06:59" StartDate="2016-06-30T14:06:59" Version="15.0 SP4 Patch 11"&gt;&lt;Rowset&gt;&lt;Columns&gt;&lt;Column Description="STATUS" MaxRange="1" MinRange="0" Name="TIMESTAMP" SQLDataType="93" SourceColumn="TIMESTAMP"/&gt;&lt;Column Description="NAME" MaxRange="1" MinRange="0" Name="NAME" SQLDataType="1" SourceColumn="NAME"/&gt;&lt;Column Description="STATUS" MaxRange="1" MinRange="0" Name="STATUS" SQLDataType="1" SourceColumn="STATUS"/&gt;&lt;Column Description="MESSAGE" MaxRange="1" MinRange="0" Name="MESSAGE" SQLDataType="1" SourceColumn="MESSAGE"/&gt;&lt;/Columns&gt;&lt;Row&gt;&lt;TIMESTAMP&gt;2016-06-30T14:07:40&lt;/TIMESTAMP&gt;&lt;NAME&gt;STRING&lt;/NAME&gt;&lt;STATUS&gt;STRING&lt;/STATUS&gt;&lt;MESSAGE&gt;STRING&lt;/MESSAGE&gt;&lt;/Row&gt;&lt;/Rowset&gt;&lt;/Rowsets&gt;</Output><ColumnSpecifications><ContextItem><Name>TIMESTAMP</Name><Description>STATUS</Description><MinRange>0</MinRange><MaxRange>1</MaxRange><Value xsi:type="dateTime">2016-06-30T14:07:40</Value><ReadOnly>false</ReadOnly><AlertXMLAssigned>false</AlertXMLAssigned></ContextItem><ContextItem><Name>NAME</Name><Description>NAME</Description><MinRange>0</MinRange><MaxRange>1</MaxRange><Value xsi:type="xsd:string">STRING</Value><ReadOnly>false</ReadOnly><AlertXMLAssigned>false</AlertXMLAssigned></ContextItem><ContextItem><Name>STATUS</Name><Description>STATUS</Description><MinRange>0</MinRange><MaxRange>1</MaxRange><Value xsi:type="string">STRING</Value><ReadOnly>false</ReadOnly><AlertXMLAssigned>false</AlertXMLAssigned></ContextItem><ContextItem><Name>MESSAGE</Name><Description>MESSAGE</Description><MinRange>0</MinRange><MaxRange>1</MaxRange><Value xsi:type="string">STRING</Value><ReadOnly>false</ReadOnly><AlertXMLAssigned>false</AlertXMLAssigned></ContextItem></ColumnSpecifications></Value><SchemaURI/><SchemaElement/><ValidateXMLOnExecution>1</ValidateXMLOnExecution><ReadOnly>false</ReadOnly><AlertXMLAssigned>false</AlertXMLAssigned></ContextItem><ContextItem><Name>ShowOK</Name><Description/><MinRange>0</MinRange><MaxRange>0</MaxRange><Value xsi:type="Tracer"><Message/><Level>INFO</Level></Value><ReadOnly>false</ReadOnly><AlertXMLAssigned>false</AlertXMLAssigned></ContextItem><ContextItem><Name>Row_Ok</Name><Description/><MinRange>0</MinRange><MaxRange>0</MaxRange><Value xsi:type="IlluminatorRow"><IlluminatorDocument>XML_OUT.Output{/Rowsets/Rowset/Row}</IlluminatorDocument></Value><ReadOnly>false</ReadOnly><AlertXMLAssigned>false</AlertXMLAssigned></ContextItem><ContextItem><Name>debug</Name><Description/><MinRange>0</MinRange><MaxRange>0</MaxRange><Value xsi:type="ConditionalAction"><Output>false</Output><InputCount>1</InputCount><LogicalAnd>false</LogicalAnd><Input1>false</Input1></Value><ReadOnly>false</ReadOnly><AlertXMLAssigned>false</AlertXMLAssigned></ContextItem><ContextItem><Name>RowErr_0</Name><Description/><MinRange>0</MinRange><MaxRange>0</MaxRange><Value xsi:type="IlluminatorRow"><IlluminatorDocument>XML_OUT.Output{/Rowsets/Rowset/Row}</IlluminatorDocument></Value><ReadOnly>false</ReadOnly><AlertXMLAssigned>false</AlertXMLAssigned></ContextItem><ContextItem><Name>RowErr_1</Name><Description/><MinRange>0</MinRange><MaxRange>0</MaxRange><Value xsi:type="IlluminatorRow"><IlluminatorDocument>XML_OUT.Output{/Rowsets/Rowset/Row}</IlluminatorDocument></Value><ReadOnly>false</ReadOnly><AlertXMLAssigned>false</AlertXMLAssigned></ContextItem><ContextItem><Name>RowErr_2</Name><Description/><MinRange>0</MinRange><MaxRange>0</MaxRange><Value xsi:type="IlluminatorRow"><IlluminatorDocument>XML_OUT.Output{/Rowsets/Rowset/Row}</IlluminatorDocument></Value><ReadOnly>false</ReadOnly><AlertXMLAssigned>false</AlertXMLAssigned></ContextItem><ContextItem><Name>RowErr_3</Name><Description/><MinRange>0</MinRange><MaxRange>0</MaxRange><Value xsi:type="IlluminatorRow"><IlluminatorDocument>XML_OUT.Output{/Rowsets/Rowset/Row}</IlluminatorDocument></Value><ReadOnly>false</ReadOnly><AlertXMLAssigned>false</AlertXMLAssigned></ContextItem><ContextItem><Name>AssignXML</Name><Description/><MinRange>0</MinRange><MaxRange>0</MaxRange><Value xsi:type="Assignment"/><ReadOnly>false</ReadOnly><AlertXMLAssigned>false</AlertXMLAssigned></ContextItem><ContextItem><Name>ShowXML</Name><Description/><MinRange>0</MinRange><MaxRange>0</MaxRange><Value xsi:type="Tracer"><Message/><Level>INFO</Level></Value><ReadOnly>false</ReadOnly><AlertXMLAssigned>false</AlertXMLAssigned></ContextItem></Actions><ReaderRoles>SAP_XMII_Super_Administrator,SAP_XMII_Administrator,SAP_XMII_Developer,SAP_XMII_User</ReaderRoles><Steps><Step xsi:type="ActionSequence"><Name>Sequence_0</Name><Description/><Steps><Step xsi:type="ActionSequence"><Name>Sequence_20</Name><Description/><Steps><Step xsi:type="ActionSequence"><Name>Sequence_3</Name><Description/><Steps><Step xsi:type="ActionSequence"><Name>Sequence_1</Name><Description/><Steps><Step xsi:type="Conditional"><Name>Sequence_2</Name><Description/><Steps><Step xsi:type="ActionSequence"><Name>Sequence_6</Name><Description/><Steps><Step xsi:type="Conditional"><Name>Sequence_8</Name><Description/><Steps><Step xsi:type="ActionSequence"><Name>Sequence_13</Name><Description/><Steps><Step xsi:type="ActionSequence"><Name>Sequence_9</Name><Description/><Steps><Step xsi:type="ActionSequence"><Name>Sequence_19</Name><Description/><Steps><Step xsi:type="ActionSequence"><Name>Sequence_18</Name><Description/><Steps><Step xsi:type="ActionSequence"><Name>Sequence_12</Name><Description/><Steps><Step xsi:type="ActionSequence"><Name>Sequence_11</Name><Description/><Steps><Step xsi:type="Conditional"><Name>Sequence_14</Name><Description/><Steps><Step xsi:type="ActionSequence"><Name>Sequence_26</Name><Description/><Steps><Step xsi:type="ActionSequence"><Name>Sequence_25</Name><Description/><Steps><Step xsi:type="Conditional"><Name>Sequence_27</Name><Description/><Steps><Step xsi:type="ActionSequence"><Name>Sequence_15</Name><Description/><Steps><Step xsi:type="ActionSequence"><Name>Sequence_17</Name><Description/><Steps/><Actions><Action><Name>Show_Label</Name><Description> </Description><IncomingLinks><Assign xsi:type="Assign"><Name/><Description/><To>Show_Label.Message</To><From>" &gt;&gt; " &amp; LoftwareRead.Results{/Rowsets/Rowset/Row/*[2]}</From></Assign></IncomingLinks><OutgoingLinks/></Action></Actions></Step></Steps><Actions><Action><Name>LoftwareRead</Name><Description>PCo Query</Description><IncomingLinks><Assign xsi:type="Assign"><Name/><Description/><To>LoftwareRead.SelectedTags</To><From>Local.LBL_TARGET</From></Assign></IncomingLinks><OutgoingLinks/></Action></Actions></Step></Steps><Actions><Action><Name>debug</Name><Description> </Description><IncomingLinks><Assign xsi:type="Assign"><Name/><Description/><To>debug.Input1</To><From>Local.debug</From></Assign></IncomingLinks><OutgoingLinks/></Action></Actions></Step></Steps><Actions><Action><Name>Row_Ok</Name><Description> </Description><IncomingLinks><Assign xsi:type="Assign"><Name/><Description/><To>Row_Ok.TIMESTAMP</To><From>datenow</From></Assign><Assign xsi:type="Assign"><Name/><Description/><To>Row_Ok.NAME</To><From>get_LabelData.Results{/Rowsets/Rowset/Row/labelName}</From></Assign><Assign xsi:type="Assign"><Name/><Description/><To>Row_Ok.STATUS</To><From>"1"</From></Assign><Assign xsi:type="Assign"><Name/><Description/><To>Row_Ok.MESSAGE</To><From>get_LabelData.Results{/Rowsets/Rowset/Row/labelName} &amp; " Write Operation Successful."</From></Assign></IncomingLinks><OutgoingLinks/></Action></Actions></Step></Steps><Actions><Action><Name>ShowOK</Name><Description> </Description><IncomingLinks><Assign xsi:type="Assign"><Name/><Description/><To>ShowOK.Message</To><From>" &gt;&gt; " &amp; LoftwareWrite.Results{/Rowsets/Messages/Message}</From></Assign></IncomingLinks><OutgoingLinks/></Action></Actions></Step><Step xsi:type="ActionSequence"><Name>Sequence_16</Name><Description/><Steps><Step xsi:type="ActionSequence"><Name>Sequence_24</Name><Description/><Steps/><Actions><Action><Name>RowErr_0</Name><Description> </Description><IncomingLinks><Assign xsi:type="Assign"><Name/><Description/><To>RowErr_0.TIMESTAMP</To><From>datenow</From></Assign><Assign xsi:type="Assign"><Name/><Description/><To>RowErr_0.NAME</To><From>get_LabelData.Results{/Rowsets/Rowset/Row/labelName}</From></Assign><Assign xsi:type="Assign"><Name/><Description/><To>RowErr_0.STATUS</To><From>"0"</From></Assign><Assign xsi:type="Assign"><Name/><Description/><To>RowErr_0.MESSAGE</To><From>"&gt;&gt; Write Error :  " &amp; LoftwareWrite.LastErrorMessage &amp; " -- " &amp; LoftwareWrite.Results{/Rowsets/FatalError}</From></Assign></IncomingLinks><OutgoingLinks/></Action></Actions></Step></Steps><Actions><Action><Name>ShowErr_0</Name><Description> </Description><IncomingLinks><Assign xsi:type="Assign"><Name/><Description/><To>ShowErr_0.Message</To><From>LoftwareWrite.LastErrorMessage &amp; " -- " &amp; LoftwareWrite.Results{/Rowsets/FatalError}</From></Assign></IncomingLinks><OutgoingLinks/></Action></Actions></Step></Steps><Actions><Action><Name>Success</Name><Description> </Description><IncomingLinks><Assign xsi:type="Assign"><Name/><Description/><To>Success.Input1</To><From>if(stringindexof(LoftwareWrite.Results{/Rowsets/Messages/Message},"Operation successful")&gt;0,1,0)</From></Assign></IncomingLinks><OutgoingLinks/></Action></Actions></Step></Steps><Actions><Action><Name>LoftwareWrite</Name><Description>PCo Query</Description><IncomingLinks><Assign xsi:type="Assign"><Name/><Description/><To>LoftwareWrite.SelectedTags</To><From>Local.LBL_TARGET</From></Assign><Assign xsi:type="Assign"><Name/><Description/><To>LoftwareWrite.SelectedTagsValue</To><From>Local.LBL_CONTENTS</From></Assign><Assign xsi:type="Assign"><Name/><Description/><To>LoftwareWrite.TagValueEncoded</To><From>false</From></Assign></IncomingLinks><OutgoingLinks/></Action></Actions></Step></Steps><Actions><Action><Name>ShowData</Name><Description> </Description><IncomingLinks><Assign xsi:type="Assign"><Name/><Description/><To>ShowData.Message</To><From>" &gt;&gt; " &amp; Local.LBL_CONTENTS</From></Assign></IncomingLinks><OutgoingLinks/></Action></Actions></Step></Steps><Actions><Action><Name>AssignCRLF</Name><Description> </Description><IncomingLinks/><OutgoingLinks><Assign xsi:type="Assign"><Name/><Description/><To>Local.LBL_CONTENTS</To><From>stringreplaceall(Local.LBL_CONTENTS, "
", crlf)</From></Assign></OutgoingLinks></Action></Actions></Step></Steps><Actions><Action><Name>AssignComma</Name><Description> </Description><IncomingLinks/><OutgoingLinks><Assign xsi:type="Assign"><Name/><Description/><To>Local.LBL_CONTENTS</To><From>stringreplaceall(Text_Loader.StringContent, ",", "&amp;#44;")</From></Assign></OutgoingLinks></Action></Actions></Step></Steps><Actions><Action><Name>AssignData</Name><Description> </Description><IncomingLinks/><OutgoingLinks><Assign xsi:type="Assign"><Name/><Description/><To>Local.LBL_FOLDER</To><From>get_LabelData.Results{/Rowsets/Rowset/Row/labelLocation}</From></Assign><Assign xsi:type="Assign"><Name/><Description/><To>Local.LBL_TEMPLATE</To><From>get_LabelData.Results{/Rowsets/Rowset/Row/labelTemplate}</From></Assign><Assign xsi:type="Assign"><Name/><Description/><To>Local.LBL_TARGET</To><From>get_LabelData.Results{/Rowsets/Rowset/Row/labelLocation} &amp; get_LabelData.Results{/Rowsets/Rowset/Row/labelTemplate}</From></Assign></OutgoingLinks></Action></Actions></Step></Steps><Actions><Action><Name>Text_Loader</Name><Description> </Description><IncomingLinks><Assign xsi:type="Assign"><Name/><Description/><To>Text_Loader.SourceUrl</To><From>Local.LBL_PATH &amp; get_LabelData.Results{/Rowsets/Rowset/Row/labelTemplate}</From></Assign></IncomingLinks><OutgoingLinks/></Action></Actions></Step><Step xsi:type="ActionSequence"><Name>Sequence_10</Name><Description/><Steps><Step xsi:type="ActionSequence"><Name>Sequence_23</Name><Description/><Steps/><Actions><Action><Name>RowErr_1</Name><Description> </Description><IncomingLinks><Assign xsi:type="Assign"><Name/><Description/><To>RowErr_1.TIMESTAMP</To><From>datenow</From></Assign><Assign xsi:type="Assign"><Name/><Description/><To>RowErr_1.STATUS</To><From>"0"</From></Assign><Assign xsi:type="Assign"><Name/><Description/><To>RowErr_1.MESSAGE</To><From>"&gt;&gt; Write Error :  Label Not Active. "</From></Assign><Assign xsi:type="Assign"><Name/><Description/><To>RowErr_1.NAME</To><From>get_LabelData.Results{/Rowsets/Rowset/Row/labelName}</From></Assign></IncomingLinks><OutgoingLinks/></Action></Actions></Step></Steps><Actions><Action><Name>LabelNotActive</Name><Description> </Description><IncomingLinks><Assign xsi:type="Assign"><Name/><Description/><To>LabelNotActive.Message</To><From>" &gt;&gt; " &amp; get_LabelData.Results{/Rowsets/Rowset/Row/labelName} &amp; " label is NOT active .."</From></Assign></IncomingLinks><OutgoingLinks/></Action></Actions></Step></Steps><Actions><Action><Name>ActiveChk</Name><Description> </Description><IncomingLinks><Assign xsi:type="Assign"><Name/><Description/><To>ActiveChk.Input1</To><From>if(get_LabelData.Results{/Rowsets/Rowset/Row/labelActive} == 1,1,0)</From></Assign></IncomingLinks><OutgoingLinks/></Action></Actions></Step></Steps><Actions><Action><Name>ShowLabel</Name><Description> </Description><IncomingLinks><Assign xsi:type="Assign"><Name/><Description/><To>ShowLabel.Message</To><From>" &gt;&gt; Printing label : " &amp; get_LabelData.Results{/Rowsets/Rowset/Row/labelName}</From></Assign></IncomingLinks><OutgoingLinks/></Action></Actions></Step><Step xsi:type="ActionSequence"><Name>Sequence_7</Name><Description/><Steps><Step xsi:type="ActionSequence"><Name>Sequence_22</Name><Description/><Steps/><Actions><Action><Name>RowErr_2</Name><Description> </Description><IncomingLinks><Assign xsi:type="Assign"><Name/><Description/><To>RowErr_2.TIMESTAMP</To><From>datenow</From></Assign><Assign xsi:type="Assign"><Name/><Description/><To>RowErr_2.NAME</To><From>"UNKNOWN"</From></Assign><Assign xsi:type="Assign"><Name/><Description/><To>RowErr_2.STATUS</To><From>"0"</From></Assign><Assign xsi:type="Assign"><Name/><Description/><To>RowErr_2.MESSAGE</To><From>"&gt;&gt; Write Error :  Label Template Not Found. "</From></Assign></IncomingLinks><OutgoingLinks/></Action></Actions></Step></Steps><Actions><Action><Name>NoRows</Name><Description> </Description><IncomingLinks><Assign xsi:type="Assign"><Name/><Description/><To>NoRows.Message</To><From>" &gt;&gt; No label found having record ID : " &amp; Transaction.PRINT_WHAT</From></Assign></IncomingLinks><OutgoingLinks/></Action></Actions></Step></Steps><Actions><Action><Name>gotRows</Name><Description> </Description><IncomingLinks><Assign xsi:type="Assign"><Name/><Description/><To>gotRows.Input1</To><From>if(get_LabelData.Results{count(/Rowsets/Rowset/Row)} &gt; 0,1,0)</From></Assign></IncomingLinks><OutgoingLinks/></Action></Actions></Step></Steps><Actions><Action><Name>get_LabelData</Name><Description>SQL Query</Description><IncomingLinks><Assign xsi:type="Assign"><Name/><Description/><To>get_LabelData.Param.1</To><From>Transaction.PRINT_WHAT</From></Assign></IncomingLinks><OutgoingLinks/></Action></Actions></Step><Step xsi:type="Catch"><Name>Sequence_4</Name><Description/><Steps><Step xsi:type="ActionSequence"><Name>Sequence_5</Name><Description/><Steps><Step xsi:type="ActionSequence"><Name>Sequence_21</Name><Description/><Steps/><Actions><Action><Name>RowErr_3</Name><Description> </Description><IncomingLinks><Assign xsi:type="Assign"><Name/><Description/><To>RowErr_3.TIMESTAMP</To><From>datenow</From></Assign><Assign xsi:type="Assign"><Name/><Description/><To>RowErr_3.NAME</To><From>"UNKNOWN"</From></Assign><Assign xsi:type="Assign"><Name/><Description/><To>RowErr_3.STATUS</To><From>"0"</From></Assign><Assign xsi:type="Assign"><Name/><Description/><To>RowErr_3.MESSAGE</To><From>"&gt;&gt; Write Error :  " &amp; Catch_0.Message</From></Assign></IncomingLinks><OutgoingLinks/></Action></Actions></Step></Steps><Actions><Action><Name>ShowCatch_0</Name><Description> </Description><IncomingLinks><Assign xsi:type="Assign"><Name/><Description/><To>ShowCatch_0.Message</To><From>Catch_0.Message</From></Assign></IncomingLinks><OutgoingLinks/></Action></Actions></Step></Steps><Actions><Action><Name>Catch_0</Name><Description>Catches an exception</Description><IncomingLinks/><OutgoingLinks/></Action></Actions></Step></Steps><Actions><Action><Name>Exception_Enabler_0</Name><Description>Enables exceptions.</Description><IncomingLinks/><OutgoingLinks/></Action></Actions></Step><Step xsi:type="ActionSequence"><Name>Sequence_28</Name><Description/><Steps><Step xsi:type="ActionSequence"><Name>Sequence_29</Name><Description/><Steps/><Actions><Action><Name>ShowXML</Name><Description> </Description><IncomingLinks><Assign xsi:type="Assign"><Name/><Description/><To>ShowXML.Message</To><From>Transaction.XML_OUT</From></Assign></IncomingLinks><OutgoingLinks/></Action></Actions></Step></Steps><Actions><Action><Name>AssignXML</Name><Description> </Description><IncomingLinks/><OutgoingLinks><Assign xsi:type="AssignXml"><Name/><Description/><To>Transaction.XML_OUT</To><From>XML_OUT.Output</From></Assign></OutgoingLinks></Action></Actions></Step></Steps><Actions><Action><Name>XML_OUT</Name><Description> </Description><IncomingLinks/><OutgoingLinks/></Action></Actions></Step></Steps><Actions><Action><Name>ShowParam</Name><Description> </Description><IncomingLinks><Assign xsi:type="Assign"><Name/><Description/><To>ShowParam.Message</To><From>"&gt;&gt; Print what : " &amp; Transaction.PRINT_WHAT</From></Assign></IncomingLinks><OutgoingLinks/></Action></Actions></Step></Steps></Transaction>