<?xml version="1.0" encoding="UTF-8"?>
<Transaction xmlns:xsd="http://www.w3.org/2001/XMLSchema" xmlns:xsi="http://www.w3.org/2001/XMLSchema-instance"
             Version="15.0.4.11">
    <TransactionAttributes>
        <ContextItem>
            <Name>AutoAppendBlankNamespaces</Name>
            <Description>AutoAppendBlankNamespaces</Description>
            <MinRange>0</MinRange>
            <MaxRange>0</MaxRange>
            <Value xsi:type="boolean">1</Value>
            <ReadOnly>true</ReadOnly>
            <AlertXMLAssigned>false</AlertXMLAssigned>
        </ContextItem>
        <ContextItem>
            <Name>Category</Name>
            <Description>Transaction Category</Description>
            <MinRange>0</MinRange>
            <MaxRange>0</MaxRange>
            <Value xsi:type="string"/>
            <ReadOnly>true</ReadOnly>
            <AlertXMLAssigned>false</AlertXMLAssigned>
        </ContextItem>
        <ContextItem>
            <Name>Comments</Name>
            <Description>User Comments</Description>
            <MinRange>0</MinRange>
            <MaxRange>0</MaxRange>
            <Value xsi:type="string"/>
            <ReadOnly>true</ReadOnly>
            <AlertXMLAssigned>false</AlertXMLAssigned>
        </ContextItem>
        <ContextItem>
            <Name>CreatedBy</Name>
            <Description>Created By</Description>
            <MinRange>0</MinRange>
            <MaxRange>0</MaxRange>
            <Value xsi:type="string">miiadm</Value>
            <ReadOnly>true</ReadOnly>
            <AlertXMLAssigned>false</AlertXMLAssigned>
        </ContextItem>
        <ContextItem>
            <Name>CreationDate</Name>
            <Description>Creation Date</Description>
            <MinRange>0</MinRange>
            <MaxRange>0</MaxRange>
            <Value xsi:type="dateTime">2013-11-26T13:41:43</Value>
            <ReadOnly>true</ReadOnly>
            <AlertXMLAssigned>false</AlertXMLAssigned>
        </ContextItem>
        <ContextItem>
            <Name>Description</Name>
            <Description>Transaction Description</Description>
            <MinRange>0</MinRange>
            <MaxRange>0</MaxRange>
            <Value xsi:type="string"/>
            <ReadOnly>true</ReadOnly>
            <AlertXMLAssigned>false</AlertXMLAssigned>
        </ContextItem>
        <ContextItem>
            <Name>FormatXMLOnConversion</Name>
            <Description>By default XML will be formatted when assigned from XML data type to String data type. This
                behaviour can be changed with this flag.
            </Description>
            <MinRange>0</MinRange>
            <MaxRange>0</MaxRange>
            <Value xsi:type="boolean">1</Value>
            <ReadOnly>true</ReadOnly>
            <AlertXMLAssigned>false</AlertXMLAssigned>
        </ContextItem>
        <ContextItem>
            <Name>LastEditedBy</Name>
            <Description>Last Edited By</Description>
            <MinRange>0</MinRange>
            <MaxRange>0</MaxRange>
            <Value xsi:type="xsd:string">ZarKl</Value>
            <ReadOnly>true</ReadOnly>
            <AlertXMLAssigned>false</AlertXMLAssigned>
        </ContextItem>
        <ContextItem>
            <Name>LastEditedDate</Name>
            <Description>Last Edited Date</Description>
            <MinRange>0</MinRange>
            <MaxRange>0</MaxRange>
            <Value xsi:type="xsd:dateTime">2016-06-29T10:39:53</Value>
            <ReadOnly>true</ReadOnly>
            <AlertXMLAssigned>false</AlertXMLAssigned>
        </ContextItem>
        <ContextItem>
            <Name>LegacyProcessingMode</Name>
            <Description>Support the pre MII 12.1 Transaction Engine.</Description>
            <MinRange>0</MinRange>
            <MaxRange>0</MaxRange>
            <Value xsi:type="boolean">0</Value>
            <ReadOnly>true</ReadOnly>
            <AlertXMLAssigned>false</AlertXMLAssigned>
        </ContextItem>
        <ContextItem>
            <Name>Status</Name>
            <Description>Deployment Status</Description>
            <MinRange>0</MinRange>
            <MaxRange>0</MaxRange>
            <Value xsi:type="string">DEVELOPMENT</Value>
            <ReadOnly>true</ReadOnly>
            <AlertXMLAssigned>false</AlertXMLAssigned>
        </ContextItem>
        <ContextItem>
            <Name>ThrowOnActionError</Name>
            <Description>Throws an exception when an action error occurs</Description>
            <MinRange>0</MinRange>
            <MaxRange>0</MaxRange>
            <Value xsi:type="boolean">1</Value>
            <ReadOnly>true</ReadOnly>
            <AlertXMLAssigned>false</AlertXMLAssigned>
        </ContextItem>
        <ContextItem>
            <Name>ThrowOnLinkError</Name>
            <Description>Throws an exception when a link error occures</Description>
            <MinRange>0</MinRange>
            <MaxRange>0</MaxRange>
            <Value xsi:type="boolean">0</Value>
            <ReadOnly>true</ReadOnly>
            <AlertXMLAssigned>false</AlertXMLAssigned>
        </ContextItem>
    </TransactionAttributes>
    <Name>MESM/LABELS/TRANSACTIONS/uploadLabelFile</Name>
    <Version>174</Version>
    <WriterRoles>SAP_XMII_Super_Administrator,SAP_XMII_Administrator,SAP_XMII_Developer</WriterRoles>
    <Context>
        <ContextItem>
            <Name>OUTPUT</Name>
            <Description/>
            <MinRange>0</MinRange>
            <MaxRange>0</MaxRange>
            <Value xsi:type="string"/>
            <ReadOnly>true</ReadOnly>
            <AlertXMLAssigned>false</AlertXMLAssigned>
        </ContextItem>
        <ContextItem>
            <Name>TemplateFileName</Name>
            <Description/>
            <MinRange>0</MinRange>
            <MaxRange>0</MaxRange>
            <Value xsi:type="string">Fingerprint_Manual2.txt</Value>
            <ReadOnly>false</ReadOnly>
            <AlertXMLAssigned>false</AlertXMLAssigned>
        </ContextItem>
        <ContextItem>
            <Name>TemplateFileUploadPath</Name>
            <Description/>
            <MinRange>0</MinRange>
            <MaxRange>0</MaxRange>
            <Value xsi:type="string">//uskzoosmiipcod1.na.net.dana.com/labels/wip/</Value>
            <ReadOnly>false</ReadOnly>
            <AlertXMLAssigned>false</AlertXMLAssigned>
        </ContextItem>
    </Context>
    <Local>
        <ContextItem>
            <Name>FileTextUploaded</Name>
            <Description/>
            <MinRange>0</MinRange>
            <MaxRange>0</MaxRange>
            <Value xsi:type="string"/>
            <ReadOnly>false</ReadOnly>
            <AlertXMLAssigned>false</AlertXMLAssigned>
        </ContextItem>
        <ContextItem>
            <Name>LocalFile</Name>
            <Description/>
            <MinRange>0</MinRange>
            <MaxRange>0</MaxRange>
            <Value xsi:type="string">Fingerprint_Manual2.txt</Value>
            <ReadOnly>false</ReadOnly>
            <AlertXMLAssigned>false</AlertXMLAssigned>
        </ContextItem>
        <ContextItem>
            <Name>TemplateFileLocalPath</Name>
            <Description/>
            <MinRange>0</MinRange>
            <MaxRange>0</MaxRange>
            <Value xsi:type="string">web://MESM/LTemplates/</Value>
            <ReadOnly>false</ReadOnly>
            <AlertXMLAssigned>false</AlertXMLAssigned>
        </ContextItem>
    </Local>
    <Layout>
        <GUILayoutItem>
            <Name>Sequence</Name>
            <X>80</X>
            <Y>960</Y>
            <Width>120</Width>
            <SpacingWidth>264</SpacingWidth>
            <DescendantWidth>264</DescendantWidth>
            <Height>96</Height>
        </GUILayoutItem>
        <GUILayoutItem>
            <Name>Write_File</Name>
            <X>88</X>
            <Y>976</Y>
            <Width>104</Width>
            <SpacingWidth>0</SpacingWidth>
            <DescendantWidth>0</DescendantWidth>
            <Height>72</Height>
        </GUILayoutItem>
        <GUILayoutItem>
            <Name>Sequence_0</Name>
            <X>152</X>
            <Y>280</Y>
            <Width>120</Width>
            <SpacingWidth>408</SpacingWidth>
            <DescendantWidth>408</DescendantWidth>
            <Height>96</Height>
        </GUILayoutItem>
        <GUILayoutItem>
            <Name>ShowTemplateInput</Name>
            <X>160</X>
            <Y>296</Y>
            <Width>104</Width>
            <SpacingWidth>0</SpacingWidth>
            <DescendantWidth>0</DescendantWidth>
            <Height>72</Height>
        </GUILayoutItem>
        <GUILayoutItem>
            <Name>Sequence_3</Name>
            <X>8</X>
            <Y>1232</Y>
            <Width>120</Width>
            <SpacingWidth>120</SpacingWidth>
            <DescendantWidth>120</DescendantWidth>
            <Height>96</Height>
        </GUILayoutItem>
        <GUILayoutItem>
            <Name>ShowText</Name>
            <X>16</X>
            <Y>1248</Y>
            <Width>104</Width>
            <SpacingWidth>0</SpacingWidth>
            <DescendantWidth>0</DescendantWidth>
            <Height>72</Height>
        </GUILayoutItem>
        <GUILayoutItem>
            <Name>Sequence_5</Name>
            <X>80</X>
            <Y>1096</Y>
            <Width>120</Width>
            <SpacingWidth>264</SpacingWidth>
            <DescendantWidth>264</DescendantWidth>
            <Height>96</Height>
        </GUILayoutItem>
        <GUILayoutItem>
            <Name>Write_File_OK</Name>
            <X>88</X>
            <Y>1112</Y>
            <Width>104</Width>
            <SpacingWidth>0</SpacingWidth>
            <DescendantWidth>0</DescendantWidth>
            <Height>72</Height>
        </GUILayoutItem>
        <GUILayoutItem>
            <Name>Sequence_6</Name>
            <X>152</X>
            <Y>1232</Y>
            <Width>120</Width>
            <SpacingWidth>120</SpacingWidth>
            <DescendantWidth>120</DescendantWidth>
            <Height>96</Height>
        </GUILayoutItem>
        <GUILayoutItem>
            <Name>Write_File_Err</Name>
            <X>160</X>
            <Y>1248</Y>
            <Width>104</Width>
            <SpacingWidth>0</SpacingWidth>
            <DescendantWidth>0</DescendantWidth>
            <Height>72</Height>
        </GUILayoutItem>
        <GUILayoutItem>
            <Name>Sequence_1</Name>
            <X>152</X>
            <Y>144</Y>
            <Width>120</Width>
            <SpacingWidth>408</SpacingWidth>
            <DescendantWidth>408</DescendantWidth>
            <Height>96</Height>
        </GUILayoutItem>
        <GUILayoutItem>
            <Name>Sequence_2</Name>
            <X>152</X>
            <Y>552</Y>
            <Width>120</Width>
            <SpacingWidth>408</SpacingWidth>
            <DescendantWidth>408</DescendantWidth>
            <Height>96</Height>
        </GUILayoutItem>
        <GUILayoutItem>
            <Name>Sequence_4</Name>
            <X>152</X>
            <Y>416</Y>
            <Width>120</Width>
            <SpacingWidth>408</SpacingWidth>
            <DescendantWidth>408</DescendantWidth>
            <Height>96</Height>
        </GUILayoutItem>
        <GUILayoutItem>
            <Name>Text_Loader_Template</Name>
            <X>160</X>
            <Y>160</Y>
            <Width>104</Width>
            <SpacingWidth>0</SpacingWidth>
            <DescendantWidth>0</DescendantWidth>
            <Height>72</Height>
        </GUILayoutItem>
        <GUILayoutItem>
            <Name>Tracer_EditedText</Name>
            <X>160</X>
            <Y>568</Y>
            <Width>104</Width>
            <SpacingWidth>0</SpacingWidth>
            <DescendantWidth>0</DescendantWidth>
            <Height>72</Height>
        </GUILayoutItem>
        <GUILayoutItem>
            <Name>Assignment_TextLocal</Name>
            <X>160</X>
            <Y>432</Y>
            <Width>104</Width>
            <SpacingWidth>0</SpacingWidth>
            <DescendantWidth>0</DescendantWidth>
            <Height>72</Height>
        </GUILayoutItem>
        <GUILayoutItem>
            <Name>Sequence_7</Name>
            <X>224</X>
            <Y>8</Y>
            <Width>120</Width>
            <SpacingWidth>552</SpacingWidth>
            <DescendantWidth>552</DescendantWidth>
            <Height>96</Height>
        </GUILayoutItem>
        <GUILayoutItem>
            <Name>Exception_Enabler_0</Name>
            <X>232</X>
            <Y>24</Y>
            <Width>104</Width>
            <SpacingWidth>0</SpacingWidth>
            <DescendantWidth>0</DescendantWidth>
            <Height>72</Height>
        </GUILayoutItem>
        <GUILayoutItem>
            <Name>Sequence_8</Name>
            <X>440</X>
            <Y>144</Y>
            <Width>120</Width>
            <SpacingWidth>120</SpacingWidth>
            <DescendantWidth>120</DescendantWidth>
            <Height>96</Height>
        </GUILayoutItem>
        <GUILayoutItem>
            <Name>Catch_0</Name>
            <X>448</X>
            <Y>160</Y>
            <Width>104</Width>
            <SpacingWidth>0</SpacingWidth>
            <DescendantWidth>0</DescendantWidth>
            <Height>72</Height>
        </GUILayoutItem>
        <GUILayoutItem>
            <Name>Sequence_9</Name>
            <X>440</X>
            <Y>280</Y>
            <Width>120</Width>
            <SpacingWidth>120</SpacingWidth>
            <DescendantWidth>120</DescendantWidth>
            <Height>96</Height>
        </GUILayoutItem>
        <GUILayoutItem>
            <Name>Show_Catch_0</Name>
            <X>448</X>
            <Y>296</Y>
            <Width>104</Width>
            <SpacingWidth>0</SpacingWidth>
            <DescendantWidth>0</DescendantWidth>
            <Height>72</Height>
        </GUILayoutItem>
        <GUILayoutItem>
            <Name>Sequence_10</Name>
            <X>152</X>
            <Y>688</Y>
            <Width>120</Width>
            <SpacingWidth>408</SpacingWidth>
            <DescendantWidth>408</DescendantWidth>
            <Height>96</Height>
        </GUILayoutItem>
        <GUILayoutItem>
            <Name>Exception_Enabler_1</Name>
            <X>160</X>
            <Y>704</Y>
            <Width>104</Width>
            <SpacingWidth>0</SpacingWidth>
            <DescendantWidth>0</DescendantWidth>
            <Height>72</Height>
        </GUILayoutItem>
        <GUILayoutItem>
            <Name>Sequence_11</Name>
            <X>296</X>
            <Y>824</Y>
            <Width>120</Width>
            <SpacingWidth>120</SpacingWidth>
            <DescendantWidth>120</DescendantWidth>
            <Height>96</Height>
        </GUILayoutItem>
        <GUILayoutItem>
            <Name>Catch_1</Name>
            <X>304</X>
            <Y>840</Y>
            <Width>104</Width>
            <SpacingWidth>0</SpacingWidth>
            <DescendantWidth>0</DescendantWidth>
            <Height>72</Height>
        </GUILayoutItem>
        <GUILayoutItem>
            <Name>Sequence_12</Name>
            <X>296</X>
            <Y>960</Y>
            <Width>120</Width>
            <SpacingWidth>120</SpacingWidth>
            <DescendantWidth>120</DescendantWidth>
            <Height>96</Height>
        </GUILayoutItem>
        <GUILayoutItem>
            <Name>Tracer_Catch_1</Name>
            <X>304</X>
            <Y>976</Y>
            <Width>104</Width>
            <SpacingWidth>0</SpacingWidth>
            <DescendantWidth>0</DescendantWidth>
            <Height>72</Height>
        </GUILayoutItem>
        <GUILayoutItem>
            <Name>Sequence_13</Name>
            <X>80</X>
            <Y>824</Y>
            <Width>120</Width>
            <SpacingWidth>264</SpacingWidth>
            <DescendantWidth>264</DescendantWidth>
            <Height>96</Height>
        </GUILayoutItem>
        <GUILayoutItem>
            <Name>Sequence_14</Name>
            <X>8</X>
            <Y>1368</Y>
            <Width>120</Width>
            <SpacingWidth>120</SpacingWidth>
            <DescendantWidth>0</DescendantWidth>
            <Height>96</Height>
        </GUILayoutItem>
        <GUILayoutItem>
            <Name>Sequence_15</Name>
            <X>152</X>
            <Y>1368</Y>
            <Width>120</Width>
            <SpacingWidth>120</SpacingWidth>
            <DescendantWidth>0</DescendantWidth>
            <Height>96</Height>
        </GUILayoutItem>
        <GUILayoutItem>
            <Name>Sequence_16</Name>
            <X>440</X>
            <Y>416</Y>
            <Width>120</Width>
            <SpacingWidth>120</SpacingWidth>
            <DescendantWidth>0</DescendantWidth>
            <Height>96</Height>
        </GUILayoutItem>
        <GUILayoutItem>
            <Name>Sequence_17</Name>
            <X>296</X>
            <Y>1096</Y>
            <Width>120</Width>
            <SpacingWidth>120</SpacingWidth>
            <DescendantWidth>0</DescendantWidth>
            <Height>96</Height>
        </GUILayoutItem>
        <GUILayoutItem>
            <Name>Assignment_Write_OK</Name>
            <X>16</X>
            <Y>1384</Y>
            <Width>104</Width>
            <SpacingWidth>0</SpacingWidth>
            <DescendantWidth>0</DescendantWidth>
            <Height>72</Height>
        </GUILayoutItem>
        <GUILayoutItem>
            <Name>Assignment_Write_Err</Name>
            <X>160</X>
            <Y>1384</Y>
            <Width>104</Width>
            <SpacingWidth>0</SpacingWidth>
            <DescendantWidth>0</DescendantWidth>
            <Height>72</Height>
        </GUILayoutItem>
        <GUILayoutItem>
            <Name>Assignment_Catch_1</Name>
            <X>304</X>
            <Y>1112</Y>
            <Width>104</Width>
            <SpacingWidth>0</SpacingWidth>
            <DescendantWidth>0</DescendantWidth>
            <Height>72</Height>
        </GUILayoutItem>
        <GUILayoutItem>
            <Name>Assignment_Catch_0</Name>
            <X>448</X>
            <Y>432</Y>
            <Width>104</Width>
            <SpacingWidth>0</SpacingWidth>
            <DescendantWidth>0</DescendantWidth>
            <Height>72</Height>
        </GUILayoutItem>
    </Layout>
    <Actions>
        <ContextItem>
            <Name>Write_File</Name>
            <Description/>
            <MinRange>0</MinRange>
            <MaxRange>0</MaxRange>
            <Value xsi:type="WriteFile">
                <Mode>CREATE</Mode>
                <Path/>
                <Text/>
                <UseBOM>false</UseBOM>
            </Value>
            <ReadOnly>false</ReadOnly>
            <AlertXMLAssigned>false</AlertXMLAssigned>
        </ContextItem>
        <ContextItem>
            <Name>ShowTemplateInput</Name>
            <Description/>
            <MinRange>0</MinRange>
            <MaxRange>0</MaxRange>
            <Value xsi:type="Tracer">
                <Message/>
                <Level>INFO</Level>
            </Value>
            <ReadOnly>false</ReadOnly>
            <AlertXMLAssigned>false</AlertXMLAssigned>
        </ContextItem>
        <ContextItem>
            <Name>ShowText</Name>
            <Description/>
            <MinRange>0</MinRange>
            <MaxRange>0</MaxRange>
            <Value xsi:type="Tracer">
                <Message/>
                <Level>INFO</Level>
            </Value>
            <ReadOnly>false</ReadOnly>
            <AlertXMLAssigned>false</AlertXMLAssigned>
        </ContextItem>
        <ContextItem>
            <Name>Write_File_OK</Name>
            <Description/>
            <MinRange>0</MinRange>
            <MaxRange>0</MaxRange>
            <Value xsi:type="ConditionalAction">
                <Output>false</Output>
                <InputCount>1</InputCount>
                <LogicalAnd>false</LogicalAnd>
                <Input1>false</Input1>
            </Value>
            <ReadOnly>false</ReadOnly>
            <AlertXMLAssigned>false</AlertXMLAssigned>
        </ContextItem>
        <ContextItem>
            <Name>Write_File_Err</Name>
            <Description/>
            <MinRange>0</MinRange>
            <MaxRange>0</MaxRange>
            <Value xsi:type="Tracer">
                <Message/>
                <Level>INFO</Level>
            </Value>
            <ReadOnly>false</ReadOnly>
            <AlertXMLAssigned>false</AlertXMLAssigned>
        </ContextItem>
        <ContextItem>
            <Name>Text_Loader_Template</Name>
            <Description/>
            <MinRange>0</MinRange>
            <MaxRange>0</MaxRange>
            <Value xsi:type="TextLoader">
                <StringContent>&lt;?xml version="1.0" encoding="UTF-8"?&gt;</StringContent>
                <SourceUrl/>
                <Timeout>60</Timeout>
                <AutoEncode>true</AutoEncode>
                <CredentialAlias/>
                <LoginName/>
                <LoginPassword/>
            </Value>
            <ReadOnly>false</ReadOnly>
            <AlertXMLAssigned>false</AlertXMLAssigned>
        </ContextItem>
        <ContextItem>
            <Name>Tracer_EditedText</Name>
            <Description/>
            <MinRange>0</MinRange>
            <MaxRange>0</MaxRange>
            <Value xsi:type="Tracer">
                <Message/>
                <Level>INFO</Level>
            </Value>
            <ReadOnly>false</ReadOnly>
            <AlertXMLAssigned>false</AlertXMLAssigned>
        </ContextItem>
        <ContextItem>
            <Name>Assignment_TextLocal</Name>
            <Description/>
            <MinRange>0</MinRange>
            <MaxRange>0</MaxRange>
            <Value xsi:type="Assignment"/>
            <ReadOnly>false</ReadOnly>
            <AlertXMLAssigned>false</AlertXMLAssigned>
        </ContextItem>
        <ContextItem>
            <Name>Exception_Enabler_0</Name>
            <Description/>
            <MinRange>0</MinRange>
            <MaxRange>0</MaxRange>
            <Value xsi:type="ExceptionEnabler">
                <EnableActionExceptions>true</EnableActionExceptions>
                <EnableLinkExceptions>true</EnableLinkExceptions>
            </Value>
            <ReadOnly>false</ReadOnly>
            <AlertXMLAssigned>false</AlertXMLAssigned>
        </ContextItem>
        <ContextItem>
            <Name>Catch_0</Name>
            <Description/>
            <MinRange>0</MinRange>
            <MaxRange>0</MaxRange>
            <Value xsi:type="CatchAction"/>
            <ReadOnly>false</ReadOnly>
            <AlertXMLAssigned>false</AlertXMLAssigned>
        </ContextItem>
        <ContextItem>
            <Name>Show_Catch_0</Name>
            <Description/>
            <MinRange>0</MinRange>
            <MaxRange>0</MaxRange>
            <Value xsi:type="Tracer">
                <Message/>
                <Level>INFO</Level>
            </Value>
            <ReadOnly>false</ReadOnly>
            <AlertXMLAssigned>false</AlertXMLAssigned>
        </ContextItem>
        <ContextItem>
            <Name>Exception_Enabler_1</Name>
            <Description/>
            <MinRange>0</MinRange>
            <MaxRange>0</MaxRange>
            <Value xsi:type="ExceptionEnabler">
                <EnableActionExceptions>true</EnableActionExceptions>
                <EnableLinkExceptions>true</EnableLinkExceptions>
            </Value>
            <ReadOnly>false</ReadOnly>
            <AlertXMLAssigned>false</AlertXMLAssigned>
        </ContextItem>
        <ContextItem>
            <Name>Catch_1</Name>
            <Description/>
            <MinRange>0</MinRange>
            <MaxRange>0</MaxRange>
            <Value xsi:type="CatchAction"/>
            <ReadOnly>false</ReadOnly>
            <AlertXMLAssigned>false</AlertXMLAssigned>
        </ContextItem>
        <ContextItem>
            <Name>Tracer_Catch_1</Name>
            <Description/>
            <MinRange>0</MinRange>
            <MaxRange>0</MaxRange>
            <Value xsi:type="Tracer">
                <Message/>
                <Level>INFO</Level>
            </Value>
            <ReadOnly>false</ReadOnly>
            <AlertXMLAssigned>false</AlertXMLAssigned>
        </ContextItem>
        <ContextItem>
            <Name>Assignment_Write_OK</Name>
            <Description/>
            <MinRange>0</MinRange>
            <MaxRange>0</MaxRange>
            <Value xsi:type="Assignment"/>
            <ReadOnly>false</ReadOnly>
            <AlertXMLAssigned>false</AlertXMLAssigned>
        </ContextItem>
        <ContextItem>
            <Name>Assignment_Write_Err</Name>
            <Description/>
            <MinRange>0</MinRange>
            <MaxRange>0</MaxRange>
            <Value xsi:type="Assignment"/>
            <ReadOnly>false</ReadOnly>
            <AlertXMLAssigned>false</AlertXMLAssigned>
        </ContextItem>
        <ContextItem>
            <Name>Assignment_Catch_1</Name>
            <Description/>
            <MinRange>0</MinRange>
            <MaxRange>0</MaxRange>
            <Value xsi:type="Assignment"/>
            <ReadOnly>false</ReadOnly>
            <AlertXMLAssigned>false</AlertXMLAssigned>
        </ContextItem>
        <ContextItem>
            <Name>Assignment_Catch_0</Name>
            <Description/>
            <MinRange>0</MinRange>
            <MaxRange>0</MaxRange>
            <Value xsi:type="Assignment"/>
            <ReadOnly>false</ReadOnly>
            <AlertXMLAssigned>false</AlertXMLAssigned>
        </ContextItem>
    </Actions>
    <ReaderRoles>SAP_XMII_Super_Administrator,SAP_XMII_Administrator,SAP_XMII_Developer,SAP_XMII_User</ReaderRoles>
    <Steps>
        <Step xsi:type="ActionSequence">
            <Name>Sequence_7</Name>
            <Description/>
            <Steps>
                <Step xsi:type="ActionSequence">
                    <Name>Sequence_1</Name>
                    <Description/>
                    <Steps>
                        <Step xsi:type="ActionSequence">
                            <Name>Sequence_0</Name>
                            <Description/>
                            <Steps>
                                <Step xsi:type="ActionSequence">
                                    <Name>Sequence_4</Name>
                                    <Description/>
                                    <Steps>
                                        <Step xsi:type="ActionSequence">
                                            <Name>Sequence_2</Name>
                                            <Description/>
                                            <Steps>
                                                <Step xsi:type="ActionSequence">
                                                    <Name>Sequence_10</Name>
                                                    <Description/>
                                                    <Steps>
                                                        <Step xsi:type="ActionSequence">
                                                            <Name>Sequence_13</Name>
                                                            <Description/>
                                                            <Steps>
                                                                <Step xsi:type="ActionSequence">
                                                                    <Name>Sequence</Name>
                                                                    <Description/>
                                                                    <Steps>
                                                                        <Step xsi:type="Conditional">
                                                                            <Name>Sequence_5</Name>
                                                                            <Description/>
                                                                            <Steps>
                                                                                <Step xsi:type="ActionSequence">
                                                                                    <Name>Sequence_3</Name>
                                                                                    <Description/>
                                                                                    <Steps>
                                                                                        <Step xsi:type="ActionSequence">
                                                                                            <Name>Sequence_14</Name>
                                                                                            <Description/>
                                                                                            <Steps/>
                                                                                            <Actions>
                                                                                                <Action>
                                                                                                    <Name>
                                                                                                        Assignment_Write_OK
                                                                                                    </Name>
                                                                                                    <Description></Description>
                                                                                                    <IncomingLinks/>
                                                                                                    <OutgoingLinks>
                                                                                                        <Assign xsi:type="Assign">
                                                                                                            <Name/>
                                                                                                            <Description/>
                                                                                                            <To>
                                                                                                                Transaction.OUTPUT
                                                                                                            </To>
                                                                                                            <From>"Write
                                                                                                                File OK"
                                                                                                            </From>
                                                                                                        </Assign>
                                                                                                    </OutgoingLinks>
                                                                                                </Action>
                                                                                            </Actions>
                                                                                        </Step>
                                                                                    </Steps>
                                                                                    <Actions>
                                                                                        <Action>
                                                                                            <Name>ShowText</Name>
                                                                                            <Description></Description>
                                                                                            <IncomingLinks>
                                                                                                <Assign xsi:type="Assign">
                                                                                                    <Name/>
                                                                                                    <Description/>
                                                                                                    <To>
                                                                                                        ShowText.Message
                                                                                                    </To>
                                                                                                    <From>
                                                                                                        Local.FileTextUploaded
                                                                                                    </From>
                                                                                                </Assign>
                                                                                            </IncomingLinks>
                                                                                            <OutgoingLinks/>
                                                                                        </Action>
                                                                                    </Actions>
                                                                                </Step>
                                                                                <Step xsi:type="ActionSequence">
                                                                                    <Name>Sequence_6</Name>
                                                                                    <Description/>
                                                                                    <Steps>
                                                                                        <Step xsi:type="ActionSequence">
                                                                                            <Name>Sequence_15</Name>
                                                                                            <Description/>
                                                                                            <Steps/>
                                                                                            <Actions>
                                                                                                <Action>
                                                                                                    <Name>
                                                                                                        Assignment_Write_Err
                                                                                                    </Name>
                                                                                                    <Description></Description>
                                                                                                    <IncomingLinks/>
                                                                                                    <OutgoingLinks>
                                                                                                        <Assign xsi:type="Assign">
                                                                                                            <Name/>
                                                                                                            <Description/>
                                                                                                            <To>
                                                                                                                Transaction.OUTPUT
                                                                                                            </To>
                                                                                                            <From>"Write
                                                                                                                File
                                                                                                                Error"
                                                                                                            </From>
                                                                                                        </Assign>
                                                                                                    </OutgoingLinks>
                                                                                                </Action>
                                                                                            </Actions>
                                                                                        </Step>
                                                                                    </Steps>
                                                                                    <Actions>
                                                                                        <Action>
                                                                                            <Name>Write_File_Err</Name>
                                                                                            <Description></Description>
                                                                                            <IncomingLinks>
                                                                                                <Assign xsi:type="Assign">
                                                                                                    <Name/>
                                                                                                    <Description/>
                                                                                                    <To>
                                                                                                        Write_File_Err.Message
                                                                                                    </To>
                                                                                                    <From>"Write File
                                                                                                        Error"
                                                                                                    </From>
                                                                                                </Assign>
                                                                                            </IncomingLinks>
                                                                                            <OutgoingLinks/>
                                                                                        </Action>
                                                                                    </Actions>
                                                                                </Step>
                                                                            </Steps>
                                                                            <Actions>
                                                                                <Action>
                                                                                    <Name>Write_File_OK</Name>
                                                                                    <Description></Description>
                                                                                    <IncomingLinks>
                                                                                        <Assign xsi:type="Assign">
                                                                                            <Name/>
                                                                                            <Description/>
                                                                                            <To>Write_File_OK.Input1
                                                                                            </To>
                                                                                            <From>Write_File.Success
                                                                                            </From>
                                                                                        </Assign>
                                                                                    </IncomingLinks>
                                                                                    <OutgoingLinks/>
                                                                                </Action>
                                                                            </Actions>
                                                                        </Step>
                                                                    </Steps>
                                                                    <Actions>
                                                                        <Action>
                                                                            <Name>Write_File</Name>
                                                                            <Description></Description>
                                                                            <IncomingLinks>
                                                                                <Assign xsi:type="Assign">
                                                                                    <Name/>
                                                                                    <Description/>
                                                                                    <To>Write_File.Path</To>
                                                                                    <From>
                                                                                        Transaction.TemplateFileUploadPath
                                                                                        &amp; Local.LocalFile
                                                                                    </From>
                                                                                </Assign>
                                                                                <Assign xsi:type="Assign">
                                                                                    <Name/>
                                                                                    <Description/>
                                                                                    <To>Write_File.Text</To>
                                                                                    <From>Local.FileTextUploaded</From>
                                                                                </Assign>
                                                                            </IncomingLinks>
                                                                            <OutgoingLinks/>
                                                                        </Action>
                                                                    </Actions>
                                                                </Step>
                                                            </Steps>
                                                            <Actions/>
                                                        </Step>
                                                        <Step xsi:type="Catch">
                                                            <Name>Sequence_11</Name>
                                                            <Description/>
                                                            <Steps>
                                                                <Step xsi:type="ActionSequence">
                                                                    <Name>Sequence_12</Name>
                                                                    <Description/>
                                                                    <Steps>
                                                                        <Step xsi:type="ActionSequence">
                                                                            <Name>Sequence_17</Name>
                                                                            <Description/>
                                                                            <Steps/>
                                                                            <Actions>
                                                                                <Action>
                                                                                    <Name>Assignment_Catch_1</Name>
                                                                                    <Description></Description>
                                                                                    <IncomingLinks/>
                                                                                    <OutgoingLinks>
                                                                                        <Assign xsi:type="Assign">
                                                                                            <Name/>
                                                                                            <Description/>
                                                                                            <To>Transaction.OUTPUT</To>
                                                                                            <From>
                                                                                                Write_File.LastErrorMessage
                                                                                            </From>
                                                                                        </Assign>
                                                                                    </OutgoingLinks>
                                                                                </Action>
                                                                            </Actions>
                                                                        </Step>
                                                                    </Steps>
                                                                    <Actions>
                                                                        <Action>
                                                                            <Name>Tracer_Catch_1</Name>
                                                                            <Description></Description>
                                                                            <IncomingLinks/>
                                                                            <OutgoingLinks/>
                                                                        </Action>
                                                                    </Actions>
                                                                </Step>
                                                            </Steps>
                                                            <Actions>
                                                                <Action>
                                                                    <Name>Catch_1</Name>
                                                                    <Description>Catches an exception</Description>
                                                                    <IncomingLinks/>
                                                                    <OutgoingLinks/>
                                                                </Action>
                                                            </Actions>
                                                        </Step>
                                                    </Steps>
                                                    <Actions>
                                                        <Action>
                                                            <Name>Exception_Enabler_1</Name>
                                                            <Description>Enables exceptions.</Description>
                                                            <IncomingLinks/>
                                                            <OutgoingLinks/>
                                                        </Action>
                                                    </Actions>
                                                </Step>
                                            </Steps>
                                            <Actions>
                                                <Action>
                                                    <Name>Tracer_EditedText</Name>
                                                    <Description></Description>
                                                    <IncomingLinks>
                                                        <Assign xsi:type="Assign">
                                                            <Name/>
                                                            <Description/>
                                                            <To>Tracer_EditedText.Message</To>
                                                            <From>Local.FileTextUploaded</From>
                                                        </Assign>
                                                    </IncomingLinks>
                                                    <OutgoingLinks/>
                                                </Action>
                                            </Actions>
                                        </Step>
                                    </Steps>
                                    <Actions>
                                        <Action>
                                            <Name>Assignment_TextLocal</Name>
                                            <Description></Description>
                                            <IncomingLinks/>
                                            <OutgoingLinks>
                                                <Assign xsi:type="Assign">
                                                    <Name/>
                                                    <Description/>
                                                    <To>Local.FileTextUploaded</To>
                                                    <From>Text_Loader_Template.StringContent</From>
                                                </Assign>
                                            </OutgoingLinks>
                                        </Action>
                                    </Actions>
                                </Step>
                            </Steps>
                            <Actions>
                                <Action>
                                    <Name>ShowTemplateInput</Name>
                                    <Description></Description>
                                    <IncomingLinks>
                                        <Assign xsi:type="Assign">
                                            <Name/>
                                            <Description/>
                                            <To>ShowTemplateInput.Message</To>
                                            <From>Text_Loader_Template.StringContent</From>
                                        </Assign>
                                    </IncomingLinks>
                                    <OutgoingLinks/>
                                </Action>
                            </Actions>
                        </Step>
                    </Steps>
                    <Actions>
                        <Action>
                            <Name>Text_Loader_Template</Name>
                            <Description></Description>
                            <IncomingLinks>
                                <Assign xsi:type="Assign">
                                    <Name/>
                                    <Description/>
                                    <To>Text_Loader_Template.SourceUrl</To>
                                    <From>Local.TemplateFileLocalPath &amp; Transaction.TemplateFileName</From>
                                </Assign>
                            </IncomingLinks>
                            <OutgoingLinks/>
                        </Action>
                    </Actions>
                </Step>
                <Step xsi:type="Catch">
                    <Name>Sequence_8</Name>
                    <Description/>
                    <Steps>
                        <Step xsi:type="ActionSequence">
                            <Name>Sequence_9</Name>
                            <Description/>
                            <Steps>
                                <Step xsi:type="ActionSequence">
                                    <Name>Sequence_16</Name>
                                    <Description/>
                                    <Steps/>
                                    <Actions>
                                        <Action>
                                            <Name>Assignment_Catch_0</Name>
                                            <Description></Description>
                                            <IncomingLinks/>
                                            <OutgoingLinks>
                                                <Assign xsi:type="Assign">
                                                    <Name/>
                                                    <Description/>
                                                    <To>Transaction.OUTPUT</To>
                                                    <From>Catch_0.Message</From>
                                                </Assign>
                                            </OutgoingLinks>
                                        </Action>
                                    </Actions>
                                </Step>
                            </Steps>
                            <Actions>
                                <Action>
                                    <Name>Show_Catch_0</Name>
                                    <Description></Description>
                                    <IncomingLinks>
                                        <Assign xsi:type="Assign">
                                            <Name/>
                                            <Description/>
                                            <To>Show_Catch_0.Message</To>
                                            <From>Catch_0.Message</From>
                                        </Assign>
                                    </IncomingLinks>
                                    <OutgoingLinks/>
                                </Action>
                            </Actions>
                        </Step>
                    </Steps>
                    <Actions>
                        <Action>
                            <Name>Catch_0</Name>
                            <Description>Catches an exception</Description>
                            <IncomingLinks/>
                            <OutgoingLinks/>
                        </Action>
                    </Actions>
                </Step>
            </Steps>
            <Actions>
                <Action>
                    <Name>Exception_Enabler_0</Name>
                    <Description>Enables exceptions.</Description>
                    <IncomingLinks/>
                    <OutgoingLinks/>
                </Action>
            </Actions>
        </Step>
    </Steps>
</Transaction>