<?xml version="1.0" encoding="UTF-8"?><Transaction xmlns:xsd="http://www.w3.org/2001/XMLSchema" xmlns:xsi="http://www.w3.org/2001/XMLSchema-instance" Version="15.0.7.12"><TransactionAttributes><ContextItem><Name>Description</Name><Description>Transaction Description</Description><MinRange>0</MinRange><MaxRange>0</MaxRange><Value xsi:type="string"/><ReadOnly>true</ReadOnly><AlertXMLAssigned>false</AlertXMLAssigned></ContextItem><ContextItem><Name>Comments</Name><Description>User Comments</Description><MinRange>0</MinRange><MaxRange>0</MaxRange><Value xsi:type="string"/><ReadOnly>true</ReadOnly><AlertXMLAssigned>false</AlertXMLAssigned></ContextItem><ContextItem><Name>CreatedBy</Name><Description>Created By</Description><MinRange>0</MinRange><MaxRange>0</MaxRange><Value xsi:type="string">ChiCa</Value><ReadOnly>true</ReadOnly><AlertXMLAssigned>false</AlertXMLAssigned></ContextItem><ContextItem><Name>CreationDate</Name><Description>Creation Date</Description><MinRange>0</MinRange><MaxRange>0</MaxRange><Value xsi:type="dateTime">2017-03-06T15:35:17</Value><ReadOnly>true</ReadOnly><AlertXMLAssigned>false</AlertXMLAssigned></ContextItem><ContextItem><Name>Category</Name><Description>Transaction Category</Description><MinRange>0</MinRange><MaxRange>0</MaxRange><Value xsi:type="string"/><ReadOnly>true</ReadOnly><AlertXMLAssigned>false</AlertXMLAssigned></ContextItem><ContextItem><Name>Status</Name><Description>Deployment Status</Description><MinRange>0</MinRange><MaxRange>0</MaxRange><Value xsi:type="string">DEVELOPMENT</Value><ReadOnly>true</ReadOnly><AlertXMLAssigned>false</AlertXMLAssigned></ContextItem><ContextItem><Name>LegacyProcessingMode</Name><Description>Support the pre MII 12.1 Transaction Engine.</Description><MinRange>0</MinRange><MaxRange>0</MaxRange><Value xsi:type="boolean">0</Value><ReadOnly>true</ReadOnly><AlertXMLAssigned>false</AlertXMLAssigned></ContextItem><ContextItem><Name>AutoAppendBlankNamespaces</Name><Description>AutoAppendBlankNamespaces</Description><MinRange>0</MinRange><MaxRange>0</MaxRange><Value xsi:type="boolean">1</Value><ReadOnly>true</ReadOnly><AlertXMLAssigned>false</AlertXMLAssigned></ContextItem><ContextItem><Name>ThrowOnLinkError</Name><Description>Throws an exception when a link error occures</Description><MinRange>0</MinRange><MaxRange>0</MaxRange><Value xsi:type="boolean">0</Value><ReadOnly>true</ReadOnly><AlertXMLAssigned>false</AlertXMLAssigned></ContextItem><ContextItem><Name>ThrowOnActionError</Name><Description>Throws an exception when an action error occurs</Description><MinRange>0</MinRange><MaxRange>0</MaxRange><Value xsi:type="boolean">1</Value><ReadOnly>true</ReadOnly><AlertXMLAssigned>false</AlertXMLAssigned></ContextItem><ContextItem><Name>FormatXMLOnConversion</Name><Description>By default XML will be formatted when assigned from XML data type to String data type. This behaviour can be changed with this flag.</Description><MinRange>0</MinRange><MaxRange>0</MaxRange><Value xsi:type="boolean">1</Value><ReadOnly>true</ReadOnly><AlertXMLAssigned>false</AlertXMLAssigned></ContextItem><ContextItem><Name>LastEditedBy</Name><Description>Last Edited By</Description><MinRange>0</MinRange><MaxRange>0</MaxRange><Value xsi:type="xsd:string">ChiCa</Value><ReadOnly>true</ReadOnly><AlertXMLAssigned>false</AlertXMLAssigned></ContextItem><ContextItem><Name>LastEditedDate</Name><Description>Last Edited Date</Description><MinRange>0</MinRange><MaxRange>0</MaxRange><Value xsi:type="xsd:dateTime">2017-03-10T14:48:58</Value><ReadOnly>true</ReadOnly><AlertXMLAssigned>false</AlertXMLAssigned></ContextItem></TransactionAttributes><Name>MESM/PACKING/TRANSACTIONS/POST_SAP_FTP</Name><Version>56</Version><WriterRoles>SAP_XMII_Super_Administrator,SAP_XMII_Administrator,SAP_XMII_Developer</WriterRoles><Context><ContextItem><Name>CREATEDBY</Name><Description/><MinRange>0</MinRange><MaxRange>0</MaxRange><Value xsi:type="string">9999</Value><ReadOnly>false</ReadOnly><AlertXMLAssigned>false</AlertXMLAssigned></ContextItem><ContextItem><Name>FTP_CREDENTIAL</Name><Description>FTP Credential</Description><MinRange>0</MinRange><MaxRange>0</MaxRange><Value xsi:type="string">FTP</Value><ReadOnly>false</ReadOnly><AlertXMLAssigned>false</AlertXMLAssigned></ContextItem><ContextItem><Name>FTP_SERVER</Name><Description>FTP Server</Description><MinRange>0</MinRange><MaxRange>0</MaxRange><Value xsi:type="string">FTP</Value><ReadOnly>false</ReadOnly><AlertXMLAssigned>false</AlertXMLAssigned></ContextItem><ContextItem><Name>PACKINGLIST</Name><Description/><MinRange>0</MinRange><MaxRange>0</MaxRange><Value xsi:type="xml"><ReferenceDocumentSource/>&lt;?xml version="1.0" encoding="UTF-8"?&gt;&lt;packings&gt;&#13;
&lt;packing&gt;&#13;
&lt;idSN&gt;&#13;
1&lt;/idSN&gt;&#13;
&lt;valSN&gt;&#13;
1234&lt;/valSN&gt;&#13;
&lt;idOrd&gt;&#13;
1&lt;/idOrd&gt;&#13;
&lt;valOrd&gt;&#13;
100800060&lt;/valOrd&gt;&#13;
&lt;/packing&gt;&#13;
&lt;/packings&gt;</Value><SchemaURI/><SchemaElement/><ValidateXMLOnExecution>1</ValidateXMLOnExecution><ReadOnly>false</ReadOnly><AlertXMLAssigned>false</AlertXMLAssigned></ContextItem><ContextItem><Name>PACKTYPE</Name><Description/><MinRange>0</MinRange><MaxRange>0</MaxRange><Value xsi:type="string">STOC</Value><ReadOnly>false</ReadOnly><AlertXMLAssigned>false</AlertXMLAssigned></ContextItem><ContextItem><Name>PARTNO</Name><Description/><MinRange>0</MinRange><MaxRange>0</MaxRange><Value xsi:type="string">10041518</Value><ReadOnly>false</ReadOnly><AlertXMLAssigned>false</AlertXMLAssigned></ContextItem><ContextItem><Name>SQL_SERVER</Name><Description>SQL Server</Description><MinRange>0</MinRange><MaxRange>0</MaxRange><Value xsi:type="string">MESM</Value><ReadOnly>false</ReadOnly><AlertXMLAssigned>false</AlertXMLAssigned></ContextItem></Context><Local><ContextItem><Name>CNTRID</Name><Description/><MinRange>0</MinRange><MaxRange>0</MaxRange><Value xsi:type="string"/><ReadOnly>false</ReadOnly><AlertXMLAssigned>false</AlertXMLAssigned></ContextItem><ContextItem><Name>CONTENTS</Name><Description/><MinRange>0</MinRange><MaxRange>0</MaxRange><Value xsi:type="string"/><ReadOnly>false</ReadOnly><AlertXMLAssigned>false</AlertXMLAssigned></ContextItem><ContextItem><Name>FILENAME</Name><Description/><MinRange>0</MinRange><MaxRange>0</MaxRange><Value xsi:type="string"/><ReadOnly>false</ReadOnly><AlertXMLAssigned>false</AlertXMLAssigned></ContextItem><ContextItem><Name>FILEPATH</Name><Description/><MinRange>0</MinRange><MaxRange>0</MaxRange><Value xsi:type="string">web://MESM/PACKFILES/</Value><ReadOnly>false</ReadOnly><AlertXMLAssigned>false</AlertXMLAssigned></ContextItem><ContextItem><Name>PARTNO</Name><Description/><MinRange>0</MinRange><MaxRange>0</MaxRange><Value xsi:type="string"/><ReadOnly>false</ReadOnly><AlertXMLAssigned>false</AlertXMLAssigned></ContextItem><ContextItem><Name>PRODORDER</Name><Description/><MinRange>0</MinRange><MaxRange>0</MaxRange><Value xsi:type="string"/><ReadOnly>false</ReadOnly><AlertXMLAssigned>false</AlertXMLAssigned></ContextItem><ContextItem><Name>SCANDATE</Name><Description/><MinRange>0</MinRange><MaxRange>0</MaxRange><Value xsi:type="string"/><ReadOnly>false</ReadOnly><AlertXMLAssigned>false</AlertXMLAssigned></ContextItem><ContextItem><Name>SCANTIME</Name><Description/><MinRange>0</MinRange><MaxRange>0</MaxRange><Value xsi:type="string"/><ReadOnly>false</ReadOnly><AlertXMLAssigned>false</AlertXMLAssigned></ContextItem><ContextItem><Name>SERNUM</Name><Description/><MinRange>0</MinRange><MaxRange>0</MaxRange><Value xsi:type="string"/><ReadOnly>false</ReadOnly><AlertXMLAssigned>false</AlertXMLAssigned></ContextItem><ContextItem><Name>STATUS</Name><Description/><MinRange>0</MinRange><MaxRange>0</MaxRange><Value xsi:type="string">3</Value><ReadOnly>false</ReadOnly><AlertXMLAssigned>false</AlertXMLAssigned></ContextItem></Local><Layout><GUILayoutItem><Name>Sequence</Name><X>152</X><Y>8</Y><Width>120</Width><SpacingWidth>408</SpacingWidth><DescendantWidth>408</DescendantWidth><Height>96</Height></GUILayoutItem><GUILayoutItem><Name>ShowParam</Name><X>160</X><Y>24</Y><Width>104</Width><SpacingWidth>0</SpacingWidth><DescendantWidth>0</DescendantWidth><Height>72</Height></GUILayoutItem><GUILayoutItem><Name>Sequence_0</Name><X>152</X><Y>144</Y><Width>120</Width><SpacingWidth>408</SpacingWidth><DescendantWidth>408</DescendantWidth><Height>96</Height></GUILayoutItem><GUILayoutItem><Name>Assign_FileName</Name><X>160</X><Y>160</Y><Width>104</Width><SpacingWidth>0</SpacingWidth><DescendantWidth>0</DescendantWidth><Height>72</Height></GUILayoutItem><GUILayoutItem><Name>Sequence_1</Name><X>8</X><Y>280</Y><Width>120</Width><SpacingWidth>120</SpacingWidth><DescendantWidth>120</DescendantWidth><Height>96</Height></GUILayoutItem><GUILayoutItem><Name>RepeatOnXMLRow</Name><X>16</X><Y>296</Y><Width>104</Width><SpacingWidth>0</SpacingWidth><DescendantWidth>0</DescendantWidth><Height>72</Height></GUILayoutItem><GUILayoutItem><Name>Sequence_2</Name><X>8</X><Y>416</Y><Width>120</Width><SpacingWidth>120</SpacingWidth><DescendantWidth>120</DescendantWidth><Height>96</Height></GUILayoutItem><GUILayoutItem><Name>Assign_Data</Name><X>16</X><Y>432</Y><Width>104</Width><SpacingWidth>0</SpacingWidth><DescendantWidth>0</DescendantWidth><Height>72</Height></GUILayoutItem><GUILayoutItem><Name>Sequence_3</Name><X>8</X><Y>552</Y><Width>120</Width><SpacingWidth>120</SpacingWidth><DescendantWidth>120</DescendantWidth><Height>96</Height></GUILayoutItem><GUILayoutItem><Name>Assign_Row</Name><X>16</X><Y>568</Y><Width>104</Width><SpacingWidth>0</SpacingWidth><DescendantWidth>0</DescendantWidth><Height>72</Height></GUILayoutItem><GUILayoutItem><Name>Sequence_4</Name><X>152</X><Y>280</Y><Width>120</Width><SpacingWidth>120</SpacingWidth><DescendantWidth>120</DescendantWidth><Height>96</Height></GUILayoutItem><GUILayoutItem><Name>ShowAllContent</Name><X>160</X><Y>296</Y><Width>104</Width><SpacingWidth>0</SpacingWidth><DescendantWidth>0</DescendantWidth><Height>72</Height></GUILayoutItem><GUILayoutItem><Name>Sequence_5</Name><X>152</X><Y>416</Y><Width>120</Width><SpacingWidth>120</SpacingWidth><DescendantWidth>120</DescendantWidth><Height>96</Height></GUILayoutItem><GUILayoutItem><Name>Write_File</Name><X>160</X><Y>432</Y><Width>104</Width><SpacingWidth>0</SpacingWidth><DescendantWidth>0</DescendantWidth><Height>72</Height></GUILayoutItem><GUILayoutItem><Name>Sequence_6</Name><X>152</X><Y>552</Y><Width>120</Width><SpacingWidth>120</SpacingWidth><DescendantWidth>0</DescendantWidth><Height>96</Height></GUILayoutItem><GUILayoutItem><Name>FTP_Output</Name><X>160</X><Y>568</Y><Width>104</Width><SpacingWidth>0</SpacingWidth><DescendantWidth>0</DescendantWidth><Height>72</Height></GUILayoutItem><GUILayoutItem><Name>Sequence_8</Name><X>8</X><Y>688</Y><Width>120</Width><SpacingWidth>120</SpacingWidth><DescendantWidth>0</DescendantWidth><Height>96</Height></GUILayoutItem><GUILayoutItem><Name>ShowRowLength</Name><X>16</X><Y>704</Y><Width>104</Width><SpacingWidth>0</SpacingWidth><DescendantWidth>0</DescendantWidth><Height>72</Height></GUILayoutItem><GUILayoutItem><Name>Sequence_7</Name><X>296</X><Y>280</Y><Width>120</Width><SpacingWidth>120</SpacingWidth><DescendantWidth>0</DescendantWidth><Height>96</Height></GUILayoutItem><GUILayoutItem><Name>assign_Packing</Name><X>304</X><Y>296</Y><Width>104</Width><SpacingWidth>0</SpacingWidth><DescendantWidth>0</DescendantWidth><Height>72</Height></GUILayoutItem></Layout><Actions><ContextItem><Name>ShowParam</Name><Description/><MinRange>0</MinRange><MaxRange>0</MaxRange><Value xsi:type="Tracer"><Message/><Level>INFO</Level></Value><ReadOnly>false</ReadOnly><AlertXMLAssigned>false</AlertXMLAssigned></ContextItem><ContextItem><Name>Assign_FileName</Name><Description/><MinRange>0</MinRange><MaxRange>0</MaxRange><Value xsi:type="Assignment"/><ReadOnly>false</ReadOnly><AlertXMLAssigned>false</AlertXMLAssigned></ContextItem><ContextItem><Name>RepeatOnXMLRow</Name><Description/><MinRange>0</MinRange><MaxRange>0</MaxRange><Value xsi:type="RepeaterAction"><Output><ReferenceDocumentSource/>&lt;?xml version="1.0" encoding="UTF-8"?&gt;&lt;packing&gt;&#13;
&lt;idSN/&gt;&#13;
&lt;valSN/&gt;&#13;
&lt;idOrd/&gt;&#13;
&lt;valOrd/&gt;&#13;
&lt;/packing&gt;</Output><Break>false</Break><ItemCount>0</ItemCount><CurrentItem>0</CurrentItem><Source>Transaction.PACKINGLIST{/packings/packing}</Source><Item><ReferenceDocumentSource/>&lt;?xml version="1.0" encoding="UTF-8"?&gt;&lt;packing&gt;&#13;
&lt;idSN/&gt;&#13;
&lt;valSN/&gt;&#13;
&lt;idOrd/&gt;&#13;
&lt;valOrd/&gt;&#13;
&lt;/packing&gt;</Item></Value><SchemaURI/><SchemaElement/><ValidateXMLOnExecution>1</ValidateXMLOnExecution><SchemaURI/><SchemaElement/><ValidateXMLOnExecution>1</ValidateXMLOnExecution><ReadOnly>false</ReadOnly><AlertXMLAssigned>false</AlertXMLAssigned></ContextItem><ContextItem><Name>Assign_Data</Name><Description/><MinRange>0</MinRange><MaxRange>0</MaxRange><Value xsi:type="Assignment"/><ReadOnly>false</ReadOnly><AlertXMLAssigned>false</AlertXMLAssigned></ContextItem><ContextItem><Name>Assign_Row</Name><Description/><MinRange>0</MinRange><MaxRange>0</MaxRange><Value xsi:type="Assignment"/><ReadOnly>false</ReadOnly><AlertXMLAssigned>false</AlertXMLAssigned></ContextItem><ContextItem><Name>ShowAllContent</Name><Description/><MinRange>0</MinRange><MaxRange>0</MaxRange><Value xsi:type="Tracer"><Message/><Level>INFO</Level></Value><ReadOnly>false</ReadOnly><AlertXMLAssigned>false</AlertXMLAssigned></ContextItem><ContextItem><Name>Write_File</Name><Description/><MinRange>0</MinRange><MaxRange>0</MaxRange><Value xsi:type="WriteFile"><Mode>CREATE</Mode><Path/><Text/><UseBOM>false</UseBOM></Value><ReadOnly>false</ReadOnly><AlertXMLAssigned>false</AlertXMLAssigned></ContextItem><ContextItem><Name>FTP_Output</Name><Description/><MinRange>0</MinRange><MaxRange>0</MaxRange><Value xsi:type="FTPPut"><ConnPropAlias>FTP</ConnPropAlias><CredentialAlias>MII_PCO</CredentialAlias><FTPServer>USKZOOSMIIPCOQ1.na.net.dana.com</FTPServer><FTPPort>21</FTPPort><FTPUser/><FTPPassword/><FTPMode>Binary</FTPMode><RemoteFolder/><RemoteFile/><ConnectionTimeout>60</ConnectionTimeout><LocalFile/></Value><ReadOnly>false</ReadOnly><AlertXMLAssigned>false</AlertXMLAssigned></ContextItem><ContextItem><Name>ShowRowLength</Name><Description/><MinRange>0</MinRange><MaxRange>0</MaxRange><Value xsi:type="Tracer"><Message/><Level>INFO</Level></Value><ReadOnly>false</ReadOnly><AlertXMLAssigned>false</AlertXMLAssigned></ContextItem><ContextItem><Name>assign_Packing</Name><Description/><MinRange>0</MinRange><MaxRange>0</MaxRange><Value xsi:type="IlluminatorSQLQueryObject"><Timeout>60</Timeout><QueryParameters/><QueryTemplate>MESM/PACKING/QUERIES/assign_Packing</QueryTemplate><QueryStartDate>2017-03-08T11:33:28</QueryStartDate><QueryEndDate>2017-03-08T11:33:28</QueryEndDate><SQLTransaction/><Results><ReferenceDocumentSource/>&lt;?xml version="1.0" encoding="UTF-8"?&gt;&lt;Rowsets CachedTime="" DateCreated="2017-03-08T11:33:28" EndDate="2017-03-08T11:33:28" StartDate="2017-03-08T10:33:28" Version="15.0 SP7 Patch 12 (Sep 7, 2016)"&gt;&lt;Messages&gt;&lt;Message&gt;Command Query Successful&lt;/Message&gt;&lt;/Messages&gt;&lt;/Rowsets&gt;</Results><TagList/></Value><SchemaURI/><SchemaElement/><ValidateXMLOnExecution>1</ValidateXMLOnExecution><ReadOnly>false</ReadOnly><AlertXMLAssigned>false</AlertXMLAssigned></ContextItem></Actions><ReaderRoles>SAP_XMII_Super_Administrator,SAP_XMII_Administrator,SAP_XMII_Developer,SAP_XMII_User</ReaderRoles><Steps><Step xsi:type="ActionSequence"><Name>Sequence</Name><Description/><Steps><Step xsi:type="ActionSequence"><Name>Sequence_0</Name><Description/><Steps><Step xsi:type="Repeater"><Name>Sequence_1</Name><Description/><Steps><Step xsi:type="ActionSequence"><Name>Sequence_2</Name><Description/><Steps><Step xsi:type="ActionSequence"><Name>Sequence_3</Name><Description/><Steps><Step xsi:type="ActionSequence"><Name>Sequence_8</Name><Description/><Steps/><Actions><Action><Name>ShowRowLength</Name><Description> </Description><IncomingLinks><Assign xsi:type="Assign"><Name/><Description/><To>ShowRowLength.Message</To><From>" &gt;&gt; Row Length: " &amp; stringlength(stringtrim(Local.PRODORDER) &amp; stringpart("                    ", 1, 20-stringlength(stringtrim(Local.PRODORDER)))
&amp; stringtrim(Local.SERNUM) &amp; stringpart("                    ", 1, 20-stringlength(stringtrim(Local.SERNUM)))
&amp; stringtrim(Local.PARTNO) &amp; stringpart("                    ", 1, 20-stringlength(stringtrim(Local.PARTNO)))
&amp; stringtrim(Local.CNTRID) &amp; stringpart("                    ", 1, 10-stringlength(stringtrim(Local.CNTRID)))
&amp; stringtrim(Local.STATUS) &amp; stringtrim(Local.SCANDATE) &amp; " " &amp; stringtrim(Local.SCANTIME) &amp; stringpart("                    ", 1, 14)
&amp; crlf) &amp; " = " 
&amp; stringlength(stringtrim(Local.PRODORDER)) &amp; " - " &amp; stringlength(stringpart("                    ", 1, 20-stringlength(stringtrim(Local.PRODORDER)))) &amp; " |  " 
&amp; stringlength(stringtrim(Local.SERNUM)) &amp; " - " &amp; stringlength(stringpart("                    ", 1, 20-stringlength(stringtrim(Local.SERNUM)))) &amp; " |  " 
&amp; stringlength(stringtrim(Local.PARTNO)) &amp; " - " &amp; stringlength(stringpart("                    ", 1, 20-stringlength(stringtrim(Local.PARTNO)))) &amp; " |  " 
&amp; stringlength(stringtrim(Local.CNTRID)) &amp; " - " &amp; stringlength(stringpart("                    ", 1, 10-stringlength(stringtrim(Local.CNTRID)))) &amp; " |  "
&amp; stringlength(stringtrim(Local.STATUS)) &amp; " |  " &amp; stringlength(stringtrim(Local.SCANDATE)) &amp; " | 1 |  " &amp; stringlength(stringtrim(Local.SCANTIME)) &amp; " |  14"
</From></Assign></IncomingLinks><OutgoingLinks/></Action></Actions></Step></Steps><Actions><Action><Name>Assign_Row</Name><Description> </Description><IncomingLinks/><OutgoingLinks><Assign xsi:type="Assign"><Name/><Description/><To>Local.CONTENTS</To><From>Local.CONTENTS 
&amp; stringtrim(Local.PRODORDER) &amp; stringpart("                    ", 1, 20-stringlength(stringtrim(Local.PRODORDER)))
&amp; stringtrim(Local.SERNUM) &amp; stringpart("                    ", 1, 20-stringlength(stringtrim(Local.SERNUM)))
&amp; stringtrim(Local.PARTNO) &amp; stringpart("                    ", 1, 20-stringlength(stringtrim(Local.PARTNO)))
&amp; stringtrim(Local.CNTRID) &amp; stringpart("                    ", 1, 10-stringlength(stringtrim(Local.CNTRID)))
&amp; stringtrim(Local.STATUS) &amp; stringtrim(Local.SCANDATE) &amp; " " &amp; stringtrim(Local.SCANTIME) &amp; stringpart("                    ", 1, 14) &amp; crlf</From></Assign></OutgoingLinks></Action></Actions></Step></Steps><Actions><Action><Name>Assign_Data</Name><Description> </Description><IncomingLinks/><OutgoingLinks><Assign xsi:type="Assign"><Name/><Description/><To>Local.PRODORDER</To><From>stringpart(stringtrim(RepeatOnXMLRow.Output{/packing/valOrd}), 4, stringlength(stringtrim(RepeatOnXMLRow.Output{/packing/valOrd}))-3)
</From></Assign><Assign xsi:type="Assign"><Name/><Description/><To>Local.SERNUM</To><From>RepeatOnXMLRow.Output{/packing/valSN}</From></Assign><Assign xsi:type="Assign"><Name/><Description/><To>Local.PARTNO</To><From>Transaction.PARTNO</From></Assign><Assign xsi:type="Assign"><Name/><Description/><To>Local.CNTRID</To><From>"          "</From></Assign><Assign xsi:type="Assign"><Name/><Description/><To>Local.STATUS</To><From>"3"</From></Assign><Assign xsi:type="Assign"><Name/><Description/><To>Local.SCANDATE</To><From>datefromxmlformat(datenow, "yyyyMMdd")</From></Assign><Assign xsi:type="Assign"><Name/><Description/><To>Local.SCANTIME</To><From>datefromxmlformat(datenow, "HHmmss")</From></Assign></OutgoingLinks></Action></Actions></Step></Steps><Actions><Action><Name>RepeatOnXMLRow</Name><Description> </Description><IncomingLinks/><OutgoingLinks/></Action></Actions></Step><Step xsi:type="ActionSequence"><Name>Sequence_4</Name><Description/><Steps><Step xsi:type="ActionSequence"><Name>Sequence_5</Name><Description/><Steps><Step xsi:type="ActionSequence"><Name>Sequence_6</Name><Description/><Steps/><Actions><Action><Name>FTP_Output</Name><Description> </Description><IncomingLinks><Assign xsi:type="Assign"><Name/><Description/><To>FTP_Output.LocalFile</To><From>Local.FILEPATH &amp; Local.FILENAME</From></Assign><Assign xsi:type="Assign"><Name/><Description/><To>FTP_Output.RemoteFile</To><From>Local.FILENAME</From></Assign></IncomingLinks><OutgoingLinks/></Action></Actions></Step></Steps><Actions><Action><Name>Write_File</Name><Description> </Description><IncomingLinks><Assign xsi:type="Assign"><Name/><Description/><To>Write_File.Path</To><From>Local.FILEPATH &amp; Local.FILENAME</From></Assign><Assign xsi:type="Assign"><Name/><Description/><To>Write_File.Text</To><From>Local.CONTENTS</From></Assign></IncomingLinks><OutgoingLinks/></Action></Actions></Step></Steps><Actions><Action><Name>ShowAllContent</Name><Description> </Description><IncomingLinks><Assign xsi:type="Assign"><Name/><Description/><To>ShowAllContent.Message</To><From>Local.CONTENTS</From></Assign></IncomingLinks><OutgoingLinks/></Action></Actions></Step><Step xsi:type="ActionSequence"><Name>Sequence_7</Name><Description/><Steps/><Actions><Action><Name>assign_Packing</Name><Description>SQL Query</Description><IncomingLinks><Assign xsi:type="Assign"><Name/><Description/><To>assign_Packing.Param.1</To><From>Transaction.PARTNO</From></Assign><Assign xsi:type="Assign"><Name/><Description/><To>assign_Packing.Param.2</To><From>Transaction.PACKTYPE</From></Assign><Assign xsi:type="Assign"><Name/><Description/><To>assign_Packing.Param.3</To><From>Transaction.PACKINGLIST</From></Assign><Assign xsi:type="Assign"><Name/><Description/><To>assign_Packing.Param.4</To><From>Transaction.CREATEDBY</From></Assign><Assign xsi:type="Assign"><Name/><Description/><To>assign_Packing.Param.5</To><From>Local.FILEPATH &amp; Local.FILENAME</From></Assign></IncomingLinks><OutgoingLinks/></Action></Actions></Step></Steps><Actions><Action><Name>Assign_FileName</Name><Description> </Description><IncomingLinks/><OutgoingLinks><Assign xsi:type="Assign"><Name/><Description/><To>Local.FILENAME</To><From>Transaction.PARTNO &amp; "_" &amp; Transaction.PACKTYPE &amp; "_" &amp; datefromxmlformat(datenow, "yyyyMMddHHmmss") &amp; ".txt" </From></Assign><Assign xsi:type="Assign"><Name/><Description/><To>Local.CONTENTS</To><From>""</From></Assign></OutgoingLinks></Action></Actions></Step></Steps><Actions><Action><Name>ShowParam</Name><Description> </Description><IncomingLinks><Assign xsi:type="Assign"><Name/><Description/><To>ShowParam.Message</To><From>" &gt;&gt; FTP SRV: " &amp; Transaction.FTP_SERVER &amp; " -- FTP CRD: " &amp; Transaction.FTP_CREDENTIAL &amp; " -- SQL: " &amp; Transaction.SQL_SERVER</From></Assign></IncomingLinks><OutgoingLinks/></Action></Actions></Step></Steps></Transaction>