<?xml version="1.0" encoding="UTF-8"?><Transaction xmlns:xsd="http://www.w3.org/2001/XMLSchema" xmlns:xsi="http://www.w3.org/2001/XMLSchema-instance" Version="15.0.7.12"><TransactionAttributes><ContextItem><Name>Description</Name><Description>Transaction Description</Description><MinRange>0</MinRange><MaxRange>0</MaxRange><Value xsi:type="string"/><ReadOnly>true</ReadOnly><AlertXMLAssigned>false</AlertXMLAssigned></ContextItem><ContextItem><Name>Comments</Name><Description>User Comments</Description><MinRange>0</MinRange><MaxRange>0</MaxRange><Value xsi:type="string"/><ReadOnly>true</ReadOnly><AlertXMLAssigned>false</AlertXMLAssigned></ContextItem><ContextItem><Name>CreatedBy</Name><Description>Created By</Description><MinRange>0</MinRange><MaxRange>0</MaxRange><Value xsi:type="string">RadPa</Value><ReadOnly>true</ReadOnly><AlertXMLAssigned>false</AlertXMLAssigned></ContextItem><ContextItem><Name>CreationDate</Name><Description>Creation Date</Description><MinRange>0</MinRange><MaxRange>0</MaxRange><Value xsi:type="dateTime">2016-07-20T15:28:54</Value><ReadOnly>true</ReadOnly><AlertXMLAssigned>false</AlertXMLAssigned></ContextItem><ContextItem><Name>Category</Name><Description>Transaction Category</Description><MinRange>0</MinRange><MaxRange>0</MaxRange><Value xsi:type="string"/><ReadOnly>true</ReadOnly><AlertXMLAssigned>false</AlertXMLAssigned></ContextItem><ContextItem><Name>Status</Name><Description>Deployment Status</Description><MinRange>0</MinRange><MaxRange>0</MaxRange><Value xsi:type="string">DEVELOPMENT</Value><ReadOnly>true</ReadOnly><AlertXMLAssigned>false</AlertXMLAssigned></ContextItem><ContextItem><Name>LegacyProcessingMode</Name><Description>Support the pre MII 12.1 Transaction Engine.</Description><MinRange>0</MinRange><MaxRange>0</MaxRange><Value xsi:type="boolean">0</Value><ReadOnly>true</ReadOnly><AlertXMLAssigned>false</AlertXMLAssigned></ContextItem><ContextItem><Name>AutoAppendBlankNamespaces</Name><Description>AutoAppendBlankNamespaces</Description><MinRange>0</MinRange><MaxRange>0</MaxRange><Value xsi:type="boolean">1</Value><ReadOnly>true</ReadOnly><AlertXMLAssigned>false</AlertXMLAssigned></ContextItem><ContextItem><Name>ThrowOnLinkError</Name><Description>Throws an exception when a link error occures</Description><MinRange>0</MinRange><MaxRange>0</MaxRange><Value xsi:type="boolean">0</Value><ReadOnly>true</ReadOnly><AlertXMLAssigned>false</AlertXMLAssigned></ContextItem><ContextItem><Name>ThrowOnActionError</Name><Description>Throws an exception when an action error occurs</Description><MinRange>0</MinRange><MaxRange>0</MaxRange><Value xsi:type="boolean">1</Value><ReadOnly>true</ReadOnly><AlertXMLAssigned>false</AlertXMLAssigned></ContextItem><ContextItem><Name>FormatXMLOnConversion</Name><Description>By default XML will be formatted when assigned from XML data type to String data type. This behaviour can be changed with this flag.</Description><MinRange>0</MinRange><MaxRange>0</MaxRange><Value xsi:type="boolean">1</Value><ReadOnly>true</ReadOnly><AlertXMLAssigned>false</AlertXMLAssigned></ContextItem><ContextItem><Name>LastEditedBy</Name><Description>Last Edited By</Description><MinRange>0</MinRange><MaxRange>0</MaxRange><Value xsi:type="xsd:string">RadPa</Value><ReadOnly>true</ReadOnly><AlertXMLAssigned>false</AlertXMLAssigned></ContextItem><ContextItem><Name>LastEditedDate</Name><Description>Last Edited Date</Description><MinRange>0</MinRange><MaxRange>0</MaxRange><Value xsi:type="xsd:dateTime">2017-03-07T14:53:00</Value><ReadOnly>true</ReadOnly><AlertXMLAssigned>false</AlertXMLAssigned></ContextItem></TransactionAttributes><Name>MESM/PACKING/TRANSACTIONS/readPackingInstr</Name><Version>270</Version><WriterRoles>SAP_XMII_Super_Administrator,SAP_XMII_Administrator,SAP_XMII_Developer</WriterRoles><Context><ContextItem><Name>SAP_CREDENTIAL</Name><Description>SAP Credential</Description><MinRange>0</MinRange><MaxRange>0</MaxRange><Value xsi:type="string">SAP</Value><ReadOnly>false</ReadOnly><AlertXMLAssigned>false</AlertXMLAssigned></ContextItem><ContextItem><Name>SAP_PLANT</Name><Description>SAP PLANT ID</Description><MinRange>0</MinRange><MaxRange>0</MaxRange><Value xsi:type="string">1604</Value><ReadOnly>false</ReadOnly><AlertXMLAssigned>false</AlertXMLAssigned></ContextItem><ContextItem><Name>SAP_SERVER</Name><Description>SAP Server</Description><MinRange>0</MinRange><MaxRange>0</MaxRange><Value xsi:type="string">SAP</Value><ReadOnly>false</ReadOnly><AlertXMLAssigned>false</AlertXMLAssigned></ContextItem><ContextItem><Name>SQL_SERVER</Name><Description>SQL Server</Description><MinRange>0</MinRange><MaxRange>0</MaxRange><Value xsi:type="string">MESM</Value><ReadOnly>false</ReadOnly><AlertXMLAssigned>false</AlertXMLAssigned></ContextItem><ContextItem><Name>XML_OUT</Name><Description>XML OUTPUT</Description><MinRange>0</MinRange><MaxRange>0</MaxRange><Value xsi:type="xml"><ReferenceDocumentSource/></Value><SchemaURI/><SchemaElement/><ValidateXMLOnExecution>1</ValidateXMLOnExecution><ReadOnly>true</ReadOnly><AlertXMLAssigned>false</AlertXMLAssigned></ContextItem></Context><Local><ContextItem><Name>PACK_KEY_CRT</Name><Description>Current Packing Key</Description><MinRange>0</MinRange><MaxRange>0</MaxRange><Value xsi:type="string"/><ReadOnly>false</ReadOnly><AlertXMLAssigned>false</AlertXMLAssigned></ContextItem><ContextItem><Name>PACK_NO</Name><Description>Packing Instruction ID</Description><MinRange>0</MinRange><MaxRange>0</MaxRange><Value xsi:type="string">0</Value><ReadOnly>false</ReadOnly><AlertXMLAssigned>false</AlertXMLAssigned></ContextItem><ContextItem><Name>REQUEST_KONDP</Name><Description/><MinRange>0</MinRange><MaxRange>0</MaxRange><Value xsi:type="string">&lt;?xml version="1.0" encoding="UTF-8"?&gt;&lt;RFC_READ_TABLE&gt;
&lt;INPUT&gt;
&lt;QUERY_TABLE&gt;KONDP&lt;/QUERY_TABLE&gt;
&lt;ROWCOUNT&gt;9999&lt;/ROWCOUNT&gt;
&lt;ROWSKIPS&gt;0&lt;/ROWSKIPS&gt;
&lt;/INPUT&gt;
&lt;TABLES&gt;
&lt;DATA&gt;
&lt;item&gt;
&lt;WA/&gt;
&lt;/item&gt;
&lt;/DATA&gt;
&lt;FIELDS&gt;
&lt;item&gt;
&lt;FIELDNAME&gt;KNUMH&lt;/FIELDNAME&gt;
&lt;OFFSET/&gt;
&lt;LENGTH/&gt;
&lt;TYPE/&gt;
&lt;FIELDTEXT/&gt;
&lt;/item&gt;
&lt;item&gt;
&lt;FIELDNAME&gt;PACKNR&lt;/FIELDNAME&gt;
&lt;OFFSET/&gt;
&lt;LENGTH/&gt;
&lt;TYPE/&gt;
&lt;FIELDTEXT/&gt;
&lt;/item&gt;
&lt;/FIELDS&gt;
&lt;OPTIONS&gt;
&lt;item&gt;
&lt;TEXT/&gt;
&lt;/item&gt;
&lt;/OPTIONS&gt;
&lt;/TABLES&gt;
&lt;/RFC_READ_TABLE&gt;</Value><ReadOnly>false</ReadOnly><AlertXMLAssigned>false</AlertXMLAssigned></ContextItem><ContextItem><Name>REQUEST_KOTP001</Name><Description/><MinRange>0</MinRange><MaxRange>0</MaxRange><Value xsi:type="string">&lt;?xml version="1.0" encoding="UTF-8"?&gt;&lt;RFC_READ_TABLE&gt;
&lt;INPUT&gt;
&lt;QUERY_TABLE&gt;KOTP001&lt;/QUERY_TABLE&gt;
&lt;ROWCOUNT&gt;9999&lt;/ROWCOUNT&gt;
&lt;ROWSKIPS&gt;0&lt;/ROWSKIPS&gt;
&lt;/INPUT&gt;
&lt;TABLES&gt;
&lt;DATA&gt;
&lt;item&gt;
&lt;WA/&gt;
&lt;/item&gt;
&lt;/DATA&gt;
&lt;FIELDS&gt;
&lt;item&gt;
&lt;FIELDNAME&gt;KNUMH&lt;/FIELDNAME&gt;
&lt;OFFSET/&gt;
&lt;LENGTH/&gt;
&lt;TYPE/&gt;
&lt;FIELDTEXT/&gt;
&lt;/item&gt;
&lt;item&gt;
&lt;FIELDNAME&gt;MATNR&lt;/FIELDNAME&gt;
&lt;OFFSET/&gt;
&lt;LENGTH/&gt;
&lt;TYPE/&gt;
&lt;FIELDTEXT/&gt;
&lt;/item&gt;
&lt;item&gt;
&lt;FIELDNAME&gt;KSCHL&lt;/FIELDNAME&gt;
&lt;OFFSET/&gt;
&lt;LENGTH/&gt;
&lt;TYPE/&gt;
&lt;FIELDTEXT/&gt;
&lt;/item&gt;
&lt;/FIELDS&gt;
&lt;OPTIONS&gt;
&lt;item&gt;
&lt;TEXT/&gt;
&lt;/item&gt;
&lt;/OPTIONS&gt;
&lt;/TABLES&gt;
&lt;/RFC_READ_TABLE&gt;</Value><ReadOnly>false</ReadOnly><AlertXMLAssigned>false</AlertXMLAssigned></ContextItem><ContextItem><Name>REQUEST_PACKPO</Name><Description/><MinRange>0</MinRange><MaxRange>0</MaxRange><Value xsi:type="string">&lt;?xml version="1.0" encoding="UTF-8"?&gt;&lt;RFC_READ_TABLE&gt;
&lt;INPUT&gt;
&lt;QUERY_TABLE&gt;PACKPO&lt;/QUERY_TABLE&gt;
&lt;ROWCOUNT&gt;9999&lt;/ROWCOUNT&gt;
&lt;ROWSKIPS&gt;0&lt;/ROWSKIPS&gt;
&lt;/INPUT&gt;
&lt;TABLES&gt;
&lt;DATA&gt;
&lt;item&gt;
&lt;WA/&gt;
&lt;/item&gt;
&lt;/DATA&gt;
&lt;FIELDS&gt;
&lt;item&gt;
&lt;FIELDNAME&gt;PACKNR&lt;/FIELDNAME&gt;
&lt;OFFSET/&gt;
&lt;LENGTH/&gt;
&lt;TYPE/&gt;
&lt;FIELDTEXT/&gt;
&lt;/item&gt;
&lt;item&gt;
&lt;FIELDNAME&gt;PACKITEM&lt;/FIELDNAME&gt;
&lt;OFFSET/&gt;
&lt;LENGTH/&gt;
&lt;TYPE/&gt;
&lt;FIELDTEXT/&gt;
&lt;/item&gt;
&lt;item&gt;
&lt;FIELDNAME&gt;MATNR&lt;/FIELDNAME&gt;
&lt;OFFSET/&gt;
&lt;LENGTH/&gt;
&lt;TYPE/&gt;
&lt;FIELDTEXT/&gt;
&lt;/item&gt;
&lt;item&gt;
&lt;FIELDNAME&gt;TRGQTY&lt;/FIELDNAME&gt;
&lt;OFFSET/&gt;
&lt;LENGTH/&gt;
&lt;TYPE/&gt;
&lt;FIELDTEXT/&gt;
&lt;/item&gt;
&lt;item&gt;
&lt;FIELDNAME&gt;UNITQTY&lt;/FIELDNAME&gt;
&lt;OFFSET/&gt;
&lt;LENGTH/&gt;
&lt;TYPE/&gt;
&lt;FIELDTEXT/&gt;
&lt;/item&gt;
&lt;item&gt;
&lt;FIELDNAME&gt;INDDEL&lt;/FIELDNAME&gt;
&lt;OFFSET/&gt;
&lt;LENGTH/&gt;
&lt;TYPE/&gt;
&lt;FIELDTEXT/&gt;
&lt;/item&gt;
&lt;item&gt;
&lt;FIELDNAME&gt;PAITEMTYPE&lt;/FIELDNAME&gt;
&lt;OFFSET/&gt;
&lt;LENGTH/&gt;
&lt;TYPE/&gt;
&lt;FIELDTEXT/&gt;
&lt;/item&gt;
&lt;item&gt;
&lt;FIELDNAME&gt;PACKNR&lt;/FIELDNAME&gt;
&lt;OFFSET/&gt;
&lt;LENGTH/&gt;
&lt;TYPE/&gt;
&lt;FIELDTEXT/&gt;
&lt;/item&gt;
&lt;/FIELDS&gt;
&lt;OPTIONS&gt;
&lt;item&gt;
&lt;TEXT/&gt;
&lt;/item&gt;
&lt;/OPTIONS&gt;
&lt;/TABLES&gt;
&lt;/RFC_READ_TABLE&gt;</Value><ReadOnly>false</ReadOnly><AlertXMLAssigned>false</AlertXMLAssigned></ContextItem></Local><Layout><GUILayoutItem><Name>Sequence_1</Name><X>152</X><Y>280</Y><Width>120</Width><SpacingWidth>408</SpacingWidth><DescendantWidth>408</DescendantWidth><Height>96</Height></GUILayoutItem><GUILayoutItem><Name>PackList</Name><X>160</X><Y>296</Y><Width>104</Width><SpacingWidth>0</SpacingWidth><DescendantWidth>0</DescendantWidth><Height>72</Height></GUILayoutItem><GUILayoutItem><Name>Sequence_11</Name><X>8</X><Y>416</Y><Width>120</Width><SpacingWidth>120</SpacingWidth><DescendantWidth>120</DescendantWidth><Height>96</Height></GUILayoutItem><GUILayoutItem><Name>Sequence_4</Name><X>8</X><Y>688</Y><Width>120</Width><SpacingWidth>120</SpacingWidth><DescendantWidth>120</DescendantWidth><Height>96</Height></GUILayoutItem><GUILayoutItem><Name>sql_getMaterials</Name><X>16</X><Y>432</Y><Width>104</Width><SpacingWidth>0</SpacingWidth><DescendantWidth>0</DescendantWidth><Height>72</Height></GUILayoutItem><GUILayoutItem><Name>Sequence_2</Name><X>8</X><Y>552</Y><Width>120</Width><SpacingWidth>120</SpacingWidth><DescendantWidth>120</DescendantWidth><Height>96</Height></GUILayoutItem><GUILayoutItem><Name>RepeatOnMaterial</Name><X>16</X><Y>568</Y><Width>104</Width><SpacingWidth>0</SpacingWidth><DescendantWidth>0</DescendantWidth><Height>72</Height></GUILayoutItem><GUILayoutItem><Name>SAP_JCo_KOTP001</Name><X>16</X><Y>704</Y><Width>104</Width><SpacingWidth>0</SpacingWidth><DescendantWidth>0</DescendantWidth><Height>72</Height></GUILayoutItem><GUILayoutItem><Name>Sequence_31</Name><X>8</X><Y>824</Y><Width>120</Width><SpacingWidth>120</SpacingWidth><DescendantWidth>120</DescendantWidth><Height>96</Height></GUILayoutItem><GUILayoutItem><Name>RepeatOnWa_KOTP001</Name><X>16</X><Y>840</Y><Width>104</Width><SpacingWidth>0</SpacingWidth><DescendantWidth>0</DescendantWidth><Height>72</Height></GUILayoutItem><GUILayoutItem><Name>Sequence_9</Name><X>8</X><Y>960</Y><Width>120</Width><SpacingWidth>120</SpacingWidth><DescendantWidth>120</DescendantWidth><Height>96</Height></GUILayoutItem><GUILayoutItem><Name>SAP_JCo_KONDP</Name><X>16</X><Y>976</Y><Width>104</Width><SpacingWidth>0</SpacingWidth><DescendantWidth>0</DescendantWidth><Height>72</Height></GUILayoutItem><GUILayoutItem><Name>Sequence_33</Name><X>8</X><Y>1096</Y><Width>120</Width><SpacingWidth>120</SpacingWidth><DescendantWidth>120</DescendantWidth><Height>96</Height></GUILayoutItem><GUILayoutItem><Name>RepeatOnWa_KONDP</Name><X>16</X><Y>1112</Y><Width>104</Width><SpacingWidth>0</SpacingWidth><DescendantWidth>0</DescendantWidth><Height>72</Height></GUILayoutItem><GUILayoutItem><Name>Sequence_0</Name><X>8</X><Y>1232</Y><Width>120</Width><SpacingWidth>120</SpacingWidth><DescendantWidth>120</DescendantWidth><Height>96</Height></GUILayoutItem><GUILayoutItem><Name>SAP_JCo_PACKPO</Name><X>16</X><Y>1248</Y><Width>104</Width><SpacingWidth>0</SpacingWidth><DescendantWidth>0</DescendantWidth><Height>72</Height></GUILayoutItem><GUILayoutItem><Name>Sequence_3</Name><X>8</X><Y>1368</Y><Width>120</Width><SpacingWidth>120</SpacingWidth><DescendantWidth>120</DescendantWidth><Height>96</Height></GUILayoutItem><GUILayoutItem><Name>RepeatOnWa_PACKPO</Name><X>16</X><Y>1384</Y><Width>104</Width><SpacingWidth>0</SpacingWidth><DescendantWidth>0</DescendantWidth><Height>72</Height></GUILayoutItem><GUILayoutItem><Name>Sequence_6</Name><X>8</X><Y>1504</Y><Width>120</Width><SpacingWidth>120</SpacingWidth><DescendantWidth>0</DescendantWidth><Height>96</Height></GUILayoutItem><GUILayoutItem><Name>AddPackRow</Name><X>16</X><Y>1520</Y><Width>104</Width><SpacingWidth>0</SpacingWidth><DescendantWidth>0</DescendantWidth><Height>72</Height></GUILayoutItem><GUILayoutItem><Name>Sequence_10</Name><X>152</X><Y>688</Y><Width>120</Width><SpacingWidth>120</SpacingWidth><DescendantWidth>120</DescendantWidth><Height>96</Height></GUILayoutItem><GUILayoutItem><Name>SAP_JCo_MATDTL</Name><X>160</X><Y>704</Y><Width>104</Width><SpacingWidth>0</SpacingWidth><DescendantWidth>0</DescendantWidth><Height>72</Height></GUILayoutItem><GUILayoutItem><Name>Sequence_8</Name><X>152</X><Y>416</Y><Width>120</Width><SpacingWidth>120</SpacingWidth><DescendantWidth>120</DescendantWidth><Height>96</Height></GUILayoutItem><GUILayoutItem><Name>RepeatOnListRow</Name><X>160</X><Y>432</Y><Width>104</Width><SpacingWidth>0</SpacingWidth><DescendantWidth>0</DescendantWidth><Height>72</Height></GUILayoutItem><GUILayoutItem><Name>Sequence_12</Name><X>152</X><Y>960</Y><Width>120</Width><SpacingWidth>120</SpacingWidth><DescendantWidth>0</DescendantWidth><Height>96</Height></GUILayoutItem><GUILayoutItem><Name>Sequence_14</Name><X>296</X><Y>416</Y><Width>120</Width><SpacingWidth>120</SpacingWidth><DescendantWidth>120</DescendantWidth><Height>96</Height></GUILayoutItem><GUILayoutItem><Name>AssignOUT</Name><X>304</X><Y>432</Y><Width>104</Width><SpacingWidth>0</SpacingWidth><DescendantWidth>0</DescendantWidth><Height>72</Height></GUILayoutItem><GUILayoutItem><Name>Sequence_23</Name><X>296</X><Y>552</Y><Width>120</Width><SpacingWidth>120</SpacingWidth><DescendantWidth>120</DescendantWidth><Height>96</Height></GUILayoutItem><GUILayoutItem><Name>sql_DelPackInstrOld</Name><X>304</X><Y>568</Y><Width>104</Width><SpacingWidth>0</SpacingWidth><DescendantWidth>0</DescendantWidth><Height>72</Height></GUILayoutItem><GUILayoutItem><Name>Sequence_24</Name><X>296</X><Y>688</Y><Width>120</Width><SpacingWidth>120</SpacingWidth><DescendantWidth>0</DescendantWidth><Height>96</Height></GUILayoutItem><GUILayoutItem><Name>sql_UpdPackInstrNew</Name><X>304</X><Y>704</Y><Width>104</Width><SpacingWidth>0</SpacingWidth><DescendantWidth>0</DescendantWidth><Height>72</Height></GUILayoutItem><GUILayoutItem><Name>sql_InsPackInstr</Name><X>160</X><Y>976</Y><Width>104</Width><SpacingWidth>0</SpacingWidth><DescendantWidth>0</DescendantWidth><Height>72</Height></GUILayoutItem><GUILayoutItem><Name>Sequence_7</Name><X>224</X><Y>144</Y><Width>120</Width><SpacingWidth>552</SpacingWidth><DescendantWidth>552</DescendantWidth><Height>96</Height></GUILayoutItem><GUILayoutItem><Name>Sequence_13</Name><X>224</X><Y>8</Y><Width>120</Width><SpacingWidth>552</SpacingWidth><DescendantWidth>552</DescendantWidth><Height>96</Height></GUILayoutItem><GUILayoutItem><Name>Sequence_16</Name><X>440</X><Y>416</Y><Width>120</Width><SpacingWidth>120</SpacingWidth><DescendantWidth>0</DescendantWidth><Height>96</Height></GUILayoutItem><GUILayoutItem><Name>Exception_Enabler_0</Name><X>232</X><Y>160</Y><Width>104</Width><SpacingWidth>0</SpacingWidth><DescendantWidth>0</DescendantWidth><Height>72</Height></GUILayoutItem><GUILayoutItem><Name>Sequence_15</Name><X>440</X><Y>280</Y><Width>120</Width><SpacingWidth>120</SpacingWidth><DescendantWidth>120</DescendantWidth><Height>96</Height></GUILayoutItem><GUILayoutItem><Name>Catch_0</Name><X>448</X><Y>296</Y><Width>104</Width><SpacingWidth>0</SpacingWidth><DescendantWidth>0</DescendantWidth><Height>72</Height></GUILayoutItem><GUILayoutItem><Name>ShowCatch_0</Name><X>448</X><Y>432</Y><Width>104</Width><SpacingWidth>0</SpacingWidth><DescendantWidth>0</DescendantWidth><Height>72</Height></GUILayoutItem><GUILayoutItem><Name>ShowParam</Name><X>232</X><Y>24</Y><Width>104</Width><SpacingWidth>0</SpacingWidth><DescendantWidth>0</DescendantWidth><Height>72</Height></GUILayoutItem><GUILayoutItem><Name>Sequence_17</Name><X>152</X><Y>552</Y><Width>120</Width><SpacingWidth>120</SpacingWidth><DescendantWidth>120</DescendantWidth><Height>96</Height></GUILayoutItem><GUILayoutItem><Name>REF</Name><X>160</X><Y>568</Y><Width>104</Width><SpacingWidth>0</SpacingWidth><DescendantWidth>0</DescendantWidth><Height>72</Height></GUILayoutItem><GUILayoutItem><Name>Sequence_5</Name><X>152</X><Y>824</Y><Width>120</Width><SpacingWidth>120</SpacingWidth><DescendantWidth>120</DescendantWidth><Height>96</Height></GUILayoutItem><GUILayoutItem><Name>ShowPackInstr</Name><X>160</X><Y>840</Y><Width>104</Width><SpacingWidth>0</SpacingWidth><DescendantWidth>0</DescendantWidth><Height>72</Height></GUILayoutItem></Layout><Actions><ContextItem><Name>PackList</Name><Description/><MinRange>0</MinRange><MaxRange>0</MaxRange><Value xsi:type="IlluminatorDocument"><EndDate>2017-02-20T19:41:28</EndDate><StartDate>2017-02-20T19:41:28</StartDate><Output><ReferenceDocumentSource/>&lt;?xml version="1.0" encoding="UTF-8"?&gt;&lt;Rowsets DateCreated="2017-03-06T17:26:43" EndDate="2017-02-20T19:41:28" StartDate="2017-02-20T19:41:28" Version="15.0 SP7 Patch 12"&gt;&lt;Rowset&gt;&lt;Columns&gt;&lt;Column Description="Packing Instruction Key" MaxRange="1" MinRange="0" Name="PACKNR" SQLDataType="1" SourceColumn="PACKNR"/&gt;&lt;Column Description="Packing Instruction ITEM" MaxRange="1" MinRange="0" Name="PACKITEM" SQLDataType="1" SourceColumn="PACKITEM"/&gt;&lt;Column Description="Packing Instruction ITEM TYPE" MaxRange="1" MinRange="0" Name="PAITEMTYPE" SQLDataType="1" SourceColumn="PAITEMTYPE"/&gt;&lt;Column Description="KEY" MaxRange="1" MinRange="0" Name="KSCHL" SQLDataType="1" SourceColumn="KSCHL"/&gt;&lt;Column Description="Material Number" MaxRange="1" MinRange="0" Name="MATNR" SQLDataType="1" SourceColumn="MATNR"/&gt;&lt;Column Description="Target Quantity" MaxRange="1" MinRange="0" Name="TRGQTY" SQLDataType="1" SourceColumn="TRGQTY"/&gt;&lt;Column Description="Unit Of Measure" MaxRange="1" MinRange="0" Name="UNITQTY" SQLDataType="1" SourceColumn="UNITQTY"/&gt;&lt;Column Description="Deletion Indicator" MaxRange="1" MinRange="0" Name="INDDEL" SQLDataType="1" SourceColumn="INDDEL"/&gt;&lt;/Columns&gt;&lt;Row&gt;&lt;PACKNR&gt;STRING&lt;/PACKNR&gt;&lt;PACKITEM&gt;STRING&lt;/PACKITEM&gt;&lt;PAITEMTYPE&gt;STRING&lt;/PAITEMTYPE&gt;&lt;KSCHL&gt;STRING&lt;/KSCHL&gt;&lt;MATNR&gt;STRING&lt;/MATNR&gt;&lt;TRGQTY&gt;STRING&lt;/TRGQTY&gt;&lt;UNITQTY&gt;STRING&lt;/UNITQTY&gt;&lt;INDDEL&gt;STRING&lt;/INDDEL&gt;&lt;/Row&gt;&lt;/Rowset&gt;&lt;/Rowsets&gt;</Output><ColumnSpecifications><ContextItem><Name>PACKNR</Name><Description>Packing Instruction Key</Description><MinRange>0</MinRange><MaxRange>1</MaxRange><Value xsi:type="string">STRING</Value><ReadOnly>false</ReadOnly><AlertXMLAssigned>false</AlertXMLAssigned></ContextItem><ContextItem><Name>PACKITEM</Name><Description>Packing Instruction ITEM</Description><MinRange>0</MinRange><MaxRange>1</MaxRange><Value xsi:type="string">STRING</Value><ReadOnly>false</ReadOnly><AlertXMLAssigned>false</AlertXMLAssigned></ContextItem><ContextItem><Name>PAITEMTYPE</Name><Description>Packing Instruction ITEM TYPE</Description><MinRange>0</MinRange><MaxRange>1</MaxRange><Value xsi:type="string">STRING</Value><ReadOnly>false</ReadOnly><AlertXMLAssigned>false</AlertXMLAssigned></ContextItem><ContextItem><Name>KSCHL</Name><Description>KEY</Description><MinRange>0</MinRange><MaxRange>1</MaxRange><Value xsi:type="string">STRING</Value><ReadOnly>false</ReadOnly><AlertXMLAssigned>false</AlertXMLAssigned></ContextItem><ContextItem><Name>MATNR</Name><Description>Material Number</Description><MinRange>0</MinRange><MaxRange>1</MaxRange><Value xsi:type="string">STRING</Value><ReadOnly>false</ReadOnly><AlertXMLAssigned>false</AlertXMLAssigned></ContextItem><ContextItem><Name>TRGQTY</Name><Description>Target Quantity</Description><MinRange>0</MinRange><MaxRange>1</MaxRange><Value xsi:type="string">STRING</Value><ReadOnly>false</ReadOnly><AlertXMLAssigned>false</AlertXMLAssigned></ContextItem><ContextItem><Name>UNITQTY</Name><Description>Unit Of Measure</Description><MinRange>0</MinRange><MaxRange>1</MaxRange><Value xsi:type="string">STRING</Value><ReadOnly>false</ReadOnly><AlertXMLAssigned>false</AlertXMLAssigned></ContextItem><ContextItem><Name>INDDEL</Name><Description>Deletion Indicator</Description><MinRange>0</MinRange><MaxRange>1</MaxRange><Value xsi:type="string">STRING</Value><ReadOnly>false</ReadOnly><AlertXMLAssigned>false</AlertXMLAssigned></ContextItem></ColumnSpecifications></Value><SchemaURI/><SchemaElement/><ValidateXMLOnExecution>1</ValidateXMLOnExecution><ReadOnly>false</ReadOnly><AlertXMLAssigned>false</AlertXMLAssigned></ContextItem><ContextItem><Name>sql_getMaterials</Name><Description/><MinRange>0</MinRange><MaxRange>0</MaxRange><Value xsi:type="IlluminatorSQLQueryObject"><Timeout>60</Timeout><QueryParameters/><QueryTemplate>MESM/PACKING/QUERIES/sql_getMaterials</QueryTemplate><QueryStartDate>2017-03-03T16:05:51</QueryStartDate><QueryEndDate>2017-03-03T16:05:51</QueryEndDate><SQLTransaction/><Results><ReferenceDocumentSource/>&lt;?xml version="1.0" encoding="UTF-8"?&gt;&lt;Rowsets CachedTime="" DateCreated="2017-03-03T16:05:53" EndDate="2017-03-03T16:05:53" StartDate="2017-03-03T15:05:53" Version="15.0 SP7 Patch 12 (Sep 7, 2016)"&gt;&lt;Rowset&gt;&lt;Columns&gt;&lt;Column Description="materialID" MaxRange="1" MinRange="0" Name="materialID" SQLDataType="4" SourceColumn="materialID"/&gt;&lt;Column Description="materialName" MaxRange="1" MinRange="0" Name="materialName" SQLDataType="-9" SourceColumn="materialName"/&gt;&lt;Column Description="materialDescription" MaxRange="1" MinRange="0" Name="materialDescription" SQLDataType="-9" SourceColumn="materialDescription"/&gt;&lt;/Columns&gt;&lt;Row&gt;&lt;materialID&gt;1&lt;/materialID&gt;&lt;materialName&gt;10041518&lt;/materialName&gt;&lt;materialDescription&gt;AXLE ASSY - REAR&lt;/materialDescription&gt;&lt;/Row&gt;&lt;Row&gt;&lt;materialID&gt;2&lt;/materialID&gt;&lt;materialName&gt;10040807&lt;/materialName&gt;&lt;materialDescription&gt;CARRIER AND COVER ASSEMBLY&lt;/materialDescription&gt;&lt;/Row&gt;&lt;Row&gt;&lt;materialID&gt;3&lt;/materialID&gt;&lt;materialName&gt;10026789&lt;/materialName&gt;&lt;materialDescription&gt;SHAFT ASSEMBLY&lt;/materialDescription&gt;&lt;/Row&gt;&lt;Row&gt;&lt;materialID&gt;4&lt;/materialID&gt;&lt;materialName&gt;10026791&lt;/materialName&gt;&lt;materialDescription&gt;SHAFT ASSEMBLY&lt;/materialDescription&gt;&lt;/Row&gt;&lt;Row&gt;&lt;materialID&gt;5&lt;/materialID&gt;&lt;materialName&gt;10047808&lt;/materialName&gt;&lt;materialDescription&gt;CARRIER ASSEMBLY&lt;/materialDescription&gt;&lt;/Row&gt;&lt;/Rowset&gt;&lt;/Rowsets&gt;</Results><TagList/></Value><SchemaURI/><SchemaElement/><ValidateXMLOnExecution>1</ValidateXMLOnExecution><ReadOnly>false</ReadOnly><AlertXMLAssigned>false</AlertXMLAssigned></ContextItem><ContextItem><Name>RepeatOnMaterial</Name><Description/><MinRange>0</MinRange><MaxRange>0</MaxRange><Value xsi:type="RepeaterAction"><Output><ReferenceDocumentSource/>&lt;?xml version="1.0" encoding="UTF-8"?&gt;&lt;Row&gt;&lt;materialID&gt;1&lt;/materialID&gt;&lt;materialName&gt;10041518&lt;/materialName&gt;&lt;materialDescription&gt;AXLE ASSY - REAR&lt;/materialDescription&gt;&lt;/Row&gt;</Output><Break>false</Break><ItemCount>0</ItemCount><CurrentItem>0</CurrentItem><Source>sql_getMaterials.Results{/Rowsets/Rowset/Row}</Source><Item><ReferenceDocumentSource/>&lt;?xml version="1.0" encoding="UTF-8"?&gt;&lt;Row&gt;&lt;materialID&gt;1&lt;/materialID&gt;&lt;materialName&gt;10041518&lt;/materialName&gt;&lt;materialDescription&gt;AXLE ASSY - REAR&lt;/materialDescription&gt;&lt;/Row&gt;</Item></Value><SchemaURI/><SchemaElement/><ValidateXMLOnExecution>1</ValidateXMLOnExecution><SchemaURI/><SchemaElement/><ValidateXMLOnExecution>1</ValidateXMLOnExecution><ReadOnly>false</ReadOnly><AlertXMLAssigned>false</AlertXMLAssigned></ContextItem><ContextItem><Name>SAP_JCo_KOTP001</Name><Description/><MinRange>0</MinRange><MaxRange>0</MaxRange><Value xsi:type="SAPJCOInterface"><Request><ReferenceDocumentSource/>&lt;?xml version="1.0" encoding="UTF-8"?&gt;&lt;RFC_READ_TABLE&gt;&lt;INPUT&gt;&lt;DELIMITER&gt; &lt;/DELIMITER&gt;&lt;NO_DATA&gt; &lt;/NO_DATA&gt;&lt;QUERY_TABLE/&gt;&lt;ROWCOUNT&gt;0&lt;/ROWCOUNT&gt;&lt;ROWSKIPS&gt;0&lt;/ROWSKIPS&gt;&lt;/INPUT&gt;&lt;TABLES&gt;&lt;DATA&gt;&lt;item&gt;&lt;WA/&gt;&lt;/item&gt;&lt;/DATA&gt;&lt;FIELDS&gt;&lt;item&gt;&lt;FIELDNAME/&gt;&lt;OFFSET/&gt;&lt;LENGTH/&gt;&lt;TYPE/&gt;&lt;FIELDTEXT/&gt;&lt;/item&gt;&lt;/FIELDS&gt;&lt;OPTIONS&gt;&lt;item&gt;&lt;TEXT/&gt;&lt;/item&gt;&lt;/OPTIONS&gt;&lt;/TABLES&gt;&lt;/RFC_READ_TABLE&gt;</Request><Response><ReferenceDocumentSource/>&lt;?xml version="1.0" encoding="UTF-8"?&gt;&lt;RFC_READ_TABLE&gt;&lt;TABLES&gt;&lt;DATA&gt;&lt;item&gt;&lt;WA/&gt;&lt;/item&gt;&lt;/DATA&gt;&lt;FIELDS&gt;&lt;item&gt;&lt;FIELDNAME/&gt;&lt;OFFSET/&gt;&lt;LENGTH/&gt;&lt;TYPE/&gt;&lt;FIELDTEXT/&gt;&lt;/item&gt;&lt;/FIELDS&gt;&lt;OPTIONS&gt;&lt;item&gt;&lt;TEXT/&gt;&lt;/item&gt;&lt;/OPTIONS&gt;&lt;/TABLES&gt;&lt;/RFC_READ_TABLE&gt;</Response><SAPRFC>RFC_READ_TABLE</SAPRFC><ExecuteFunction>true</ExecuteFunction><AutoCommit>false</AutoCommit><ConnPropAlias>SAP</ConnPropAlias><CredentialAlias>SAP</CredentialAlias><SAPServerName>10.2.9.139</SAPServerName><SAPClient>524</SAPClient><SAPSystemNumber>01</SAPSystemNumber><SAPUserName/><SAPPassword/><Language>EN</Language><SAPSSO2Ticket/><ConnectionTimeout>0</ConnectionTimeout><PoolConnections>false</PoolConnections><LogonGroup/><RecreateFunction>true</RecreateFunction><AllowMultipleRows>true</AllowMultipleRows><DaysRetention>7</DaysRetention><MaxRetryCount>5</MaxRetryCount><RetryInterval>30000</RetryInterval><ProcessingMode>1</ProcessingMode><Filter/><DataBufferComment/><RetryImmediately>false</RetryImmediately></Value><SchemaURI/><SchemaElement/><ValidateXMLOnExecution>1</ValidateXMLOnExecution><SchemaURI/><SchemaElement/><ValidateXMLOnExecution>1</ValidateXMLOnExecution><ReadOnly>false</ReadOnly><AlertXMLAssigned>false</AlertXMLAssigned></ContextItem><ContextItem><Name>RepeatOnWa_KOTP001</Name><Description/><MinRange>0</MinRange><MaxRange>0</MaxRange><Value xsi:type="RepeaterAction"><Output><ReferenceDocumentSource/>&lt;?xml version="1.0" encoding="UTF-8"?&gt;&lt;item&gt;&#13;
                &lt;WA/&gt;&#13;
            &lt;/item&gt;</Output><Break>false</Break><ItemCount>0</ItemCount><CurrentItem>0</CurrentItem><Source>SAP_JCo_KOTP001.Response{/RFC_READ_TABLE/TABLES/DATA/item}</Source><Item><ReferenceDocumentSource/>&lt;?xml version="1.0" encoding="UTF-8"?&gt;&lt;item&gt;&#13;
                &lt;WA/&gt;&#13;
            &lt;/item&gt;</Item></Value><SchemaURI/><SchemaElement/><ValidateXMLOnExecution>1</ValidateXMLOnExecution><SchemaURI/><SchemaElement/><ValidateXMLOnExecution>1</ValidateXMLOnExecution><ReadOnly>false</ReadOnly><AlertXMLAssigned>false</AlertXMLAssigned></ContextItem><ContextItem><Name>SAP_JCo_KONDP</Name><Description/><MinRange>0</MinRange><MaxRange>0</MaxRange><Value xsi:type="SAPJCOInterface"><Request><ReferenceDocumentSource/>&lt;?xml version="1.0" encoding="UTF-8"?&gt;&lt;RFC_READ_TABLE&gt;&lt;INPUT&gt;&lt;DELIMITER&gt; &lt;/DELIMITER&gt;&lt;NO_DATA&gt; &lt;/NO_DATA&gt;&lt;QUERY_TABLE/&gt;&lt;ROWCOUNT&gt;0&lt;/ROWCOUNT&gt;&lt;ROWSKIPS&gt;0&lt;/ROWSKIPS&gt;&lt;/INPUT&gt;&lt;TABLES&gt;&lt;DATA&gt;&lt;item&gt;&lt;WA/&gt;&lt;/item&gt;&lt;/DATA&gt;&lt;FIELDS&gt;&lt;item&gt;&lt;FIELDNAME/&gt;&lt;OFFSET/&gt;&lt;LENGTH/&gt;&lt;TYPE/&gt;&lt;FIELDTEXT/&gt;&lt;/item&gt;&lt;/FIELDS&gt;&lt;OPTIONS&gt;&lt;item&gt;&lt;TEXT/&gt;&lt;/item&gt;&lt;/OPTIONS&gt;&lt;/TABLES&gt;&lt;/RFC_READ_TABLE&gt;</Request><Response><ReferenceDocumentSource/>&lt;?xml version="1.0" encoding="UTF-8"?&gt;&lt;RFC_READ_TABLE&gt;&lt;TABLES&gt;&lt;DATA&gt;&lt;item&gt;&lt;WA/&gt;&lt;/item&gt;&lt;/DATA&gt;&lt;FIELDS&gt;&lt;item&gt;&lt;FIELDNAME/&gt;&lt;OFFSET/&gt;&lt;LENGTH/&gt;&lt;TYPE/&gt;&lt;FIELDTEXT/&gt;&lt;/item&gt;&lt;/FIELDS&gt;&lt;OPTIONS&gt;&lt;item&gt;&lt;TEXT/&gt;&lt;/item&gt;&lt;/OPTIONS&gt;&lt;/TABLES&gt;&lt;/RFC_READ_TABLE&gt;</Response><SAPRFC>RFC_READ_TABLE</SAPRFC><ExecuteFunction>true</ExecuteFunction><AutoCommit>false</AutoCommit><ConnPropAlias>SAP</ConnPropAlias><CredentialAlias>SAP</CredentialAlias><SAPServerName>10.2.9.139</SAPServerName><SAPClient>524</SAPClient><SAPSystemNumber>01</SAPSystemNumber><SAPUserName/><SAPPassword/><Language>EN</Language><SAPSSO2Ticket/><ConnectionTimeout>0</ConnectionTimeout><PoolConnections>false</PoolConnections><LogonGroup/><RecreateFunction>true</RecreateFunction><AllowMultipleRows>true</AllowMultipleRows><DaysRetention>7</DaysRetention><MaxRetryCount>5</MaxRetryCount><RetryInterval>30000</RetryInterval><ProcessingMode>1</ProcessingMode><Filter/><DataBufferComment/><RetryImmediately>false</RetryImmediately></Value><SchemaURI/><SchemaElement/><ValidateXMLOnExecution>1</ValidateXMLOnExecution><SchemaURI/><SchemaElement/><ValidateXMLOnExecution>1</ValidateXMLOnExecution><ReadOnly>false</ReadOnly><AlertXMLAssigned>false</AlertXMLAssigned></ContextItem><ContextItem><Name>RepeatOnWa_KONDP</Name><Description/><MinRange>0</MinRange><MaxRange>0</MaxRange><Value xsi:type="RepeaterAction"><Output><ReferenceDocumentSource/>&lt;?xml version="1.0" encoding="UTF-8"?&gt;&lt;item&gt;&#13;
                &lt;WA/&gt;&#13;
            &lt;/item&gt;</Output><Break>false</Break><ItemCount>0</ItemCount><CurrentItem>0</CurrentItem><Source>SAP_JCo_KONDP.Response{/RFC_READ_TABLE/TABLES/DATA/item}</Source><Item><ReferenceDocumentSource/>&lt;?xml version="1.0" encoding="UTF-8"?&gt;&lt;item&gt;&#13;
                &lt;WA/&gt;&#13;
            &lt;/item&gt;</Item></Value><SchemaURI/><SchemaElement/><ValidateXMLOnExecution>1</ValidateXMLOnExecution><SchemaURI/><SchemaElement/><ValidateXMLOnExecution>1</ValidateXMLOnExecution><ReadOnly>false</ReadOnly><AlertXMLAssigned>false</AlertXMLAssigned></ContextItem><ContextItem><Name>SAP_JCo_PACKPO</Name><Description/><MinRange>0</MinRange><MaxRange>0</MaxRange><Value xsi:type="SAPJCOInterface"><Request><ReferenceDocumentSource/>&lt;?xml version="1.0" encoding="UTF-8"?&gt;&lt;RFC_READ_TABLE&gt;&lt;INPUT&gt;&lt;DELIMITER&gt; &lt;/DELIMITER&gt;&lt;NO_DATA&gt; &lt;/NO_DATA&gt;&lt;QUERY_TABLE/&gt;&lt;ROWCOUNT&gt;0&lt;/ROWCOUNT&gt;&lt;ROWSKIPS&gt;0&lt;/ROWSKIPS&gt;&lt;/INPUT&gt;&lt;TABLES&gt;&lt;DATA&gt;&lt;item&gt;&lt;WA/&gt;&lt;/item&gt;&lt;/DATA&gt;&lt;FIELDS&gt;&lt;item&gt;&lt;FIELDNAME/&gt;&lt;OFFSET/&gt;&lt;LENGTH/&gt;&lt;TYPE/&gt;&lt;FIELDTEXT/&gt;&lt;/item&gt;&lt;/FIELDS&gt;&lt;OPTIONS&gt;&lt;item&gt;&lt;TEXT/&gt;&lt;/item&gt;&lt;/OPTIONS&gt;&lt;/TABLES&gt;&lt;/RFC_READ_TABLE&gt;</Request><Response><ReferenceDocumentSource/>&lt;?xml version="1.0" encoding="UTF-8"?&gt;&lt;RFC_READ_TABLE&gt;&lt;TABLES&gt;&lt;DATA&gt;&lt;item&gt;&lt;WA/&gt;&lt;/item&gt;&lt;/DATA&gt;&lt;FIELDS&gt;&lt;item&gt;&lt;FIELDNAME/&gt;&lt;OFFSET/&gt;&lt;LENGTH/&gt;&lt;TYPE/&gt;&lt;FIELDTEXT/&gt;&lt;/item&gt;&lt;/FIELDS&gt;&lt;OPTIONS&gt;&lt;item&gt;&lt;TEXT/&gt;&lt;/item&gt;&lt;/OPTIONS&gt;&lt;/TABLES&gt;&lt;/RFC_READ_TABLE&gt;</Response><SAPRFC>RFC_READ_TABLE</SAPRFC><ExecuteFunction>true</ExecuteFunction><AutoCommit>false</AutoCommit><ConnPropAlias>SAP</ConnPropAlias><CredentialAlias>SAP</CredentialAlias><SAPServerName>10.2.9.139</SAPServerName><SAPClient>524</SAPClient><SAPSystemNumber>01</SAPSystemNumber><SAPUserName/><SAPPassword/><Language>EN</Language><SAPSSO2Ticket/><ConnectionTimeout>0</ConnectionTimeout><PoolConnections>false</PoolConnections><LogonGroup/><RecreateFunction>true</RecreateFunction><AllowMultipleRows>true</AllowMultipleRows><DaysRetention>7</DaysRetention><MaxRetryCount>5</MaxRetryCount><RetryInterval>30000</RetryInterval><ProcessingMode>1</ProcessingMode><Filter/><DataBufferComment/><RetryImmediately>false</RetryImmediately></Value><SchemaURI/><SchemaElement/><ValidateXMLOnExecution>1</ValidateXMLOnExecution><SchemaURI/><SchemaElement/><ValidateXMLOnExecution>1</ValidateXMLOnExecution><ReadOnly>false</ReadOnly><AlertXMLAssigned>false</AlertXMLAssigned></ContextItem><ContextItem><Name>RepeatOnWa_PACKPO</Name><Description/><MinRange>0</MinRange><MaxRange>0</MaxRange><Value xsi:type="RepeaterAction"><Output><ReferenceDocumentSource/>&lt;?xml version="1.0" encoding="UTF-8"?&gt;&lt;item&gt;&#13;
                &lt;WA/&gt;&#13;
            &lt;/item&gt;</Output><Break>false</Break><ItemCount>0</ItemCount><CurrentItem>0</CurrentItem><Source>SAP_JCo_PACKPO.Response{/RFC_READ_TABLE/TABLES/DATA/item}</Source><Item><ReferenceDocumentSource/>&lt;?xml version="1.0" encoding="UTF-8"?&gt;&lt;item&gt;&#13;
                &lt;WA/&gt;&#13;
            &lt;/item&gt;</Item></Value><SchemaURI/><SchemaElement/><ValidateXMLOnExecution>1</ValidateXMLOnExecution><SchemaURI/><SchemaElement/><ValidateXMLOnExecution>1</ValidateXMLOnExecution><ReadOnly>false</ReadOnly><AlertXMLAssigned>false</AlertXMLAssigned></ContextItem><ContextItem><Name>AddPackRow</Name><Description/><MinRange>0</MinRange><MaxRange>0</MaxRange><Value xsi:type="IlluminatorRow"><IlluminatorDocument>PackList.Output</IlluminatorDocument></Value><ReadOnly>false</ReadOnly><AlertXMLAssigned>false</AlertXMLAssigned></ContextItem><ContextItem><Name>SAP_JCo_MATDTL</Name><Description/><MinRange>0</MinRange><MaxRange>0</MaxRange><Value xsi:type="SAPJCOInterface"><Request><ReferenceDocumentSource/>&lt;?xml version="1.0" encoding="UTF-8"?&gt;&lt;BAPI_MATERIAL_GET_DETAIL&gt;&lt;INPUT&gt;&lt;MATERIAL/&gt;&lt;MATERIAL_EVG&gt;&lt;MATERIAL_EXT/&gt;&lt;MATERIAL_VERS/&gt;&lt;MATERIAL_GUID/&gt;&lt;/MATERIAL_EVG&gt;&lt;PLANT/&gt;&lt;VALUATIONAREA/&gt;&lt;VALUATIONTYPE/&gt;&lt;/INPUT&gt;&lt;/BAPI_MATERIAL_GET_DETAIL&gt;</Request><Response><ReferenceDocumentSource/>&lt;?xml version="1.0" encoding="UTF-8"?&gt;&lt;BAPI_MATERIAL_GET_DETAIL&gt;&lt;OUTPUT&gt;&lt;MATERIALPLANTDATA&gt;&lt;PUR_GROUP/&gt;&lt;ISSUE_UNIT/&gt;&lt;/MATERIALPLANTDATA&gt;&lt;MATERIALVALUATIONDATA&gt;&lt;PRICE_CTRL/&gt;&lt;MOVING_PR/&gt;&lt;STD_PRICE/&gt;&lt;PRICE_UNIT/&gt;&lt;CURRENCY/&gt;&lt;CURRENCY_ISO/&gt;&lt;/MATERIALVALUATIONDATA&gt;&lt;MATERIAL_GENERAL_DATA&gt;&lt;MATL_DESC/&gt;&lt;OLD_MAT_NO/&gt;&lt;MATL_TYPE/&gt;&lt;IND_SECTOR/&gt;&lt;DIVISION/&gt;&lt;MATL_GROUP/&gt;&lt;PROD_HIER/&gt;&lt;BASIC_MATL/&gt;&lt;STD_DESCR/&gt;&lt;LAB_DESIGN/&gt;&lt;PROD_MEMO/&gt;&lt;PAGEFORMAT/&gt;&lt;CONTAINER/&gt;&lt;STOR_CONDS/&gt;&lt;TEMP_CONDS/&gt;&lt;BASE_UOM/&gt;&lt;EAN_UPC/&gt;&lt;EAN_CAT/&gt;&lt;SIZE_DIM/&gt;&lt;GROSS_WT/&gt;&lt;NET_WEIGHT/&gt;&lt;UNIT_OF_WT/&gt;&lt;VOLUME/&gt;&lt;VOLUMEUNIT/&gt;&lt;LENGTH/&gt;&lt;WIDTH/&gt;&lt;HEIGHT/&gt;&lt;UNIT_DIM/&gt;&lt;MANU_MAT/&gt;&lt;MFR_NO/&gt;&lt;BASE_UOM_ISO/&gt;&lt;UNIT_OF_WT_ISO/&gt;&lt;VOLUMEUNIT_ISO/&gt;&lt;UNIT_DIM_ISO/&gt;&lt;CREATED_ON/&gt;&lt;CREATED_BY/&gt;&lt;LAST_CHNGE/&gt;&lt;CHANGED_BY/&gt;&lt;MATL_CAT/&gt;&lt;EMPTIESBOM/&gt;&lt;BASIC_MATL_NEW/&gt;&lt;/MATERIAL_GENERAL_DATA&gt;&lt;RETURN&gt;&lt;TYPE/&gt;&lt;CODE/&gt;&lt;MESSAGE/&gt;&lt;LOG_NO/&gt;&lt;LOG_MSG_NO/&gt;&lt;MESSAGE_V1/&gt;&lt;MESSAGE_V2/&gt;&lt;MESSAGE_V3/&gt;&lt;MESSAGE_V4/&gt;&lt;/RETURN&gt;&lt;/OUTPUT&gt;&lt;/BAPI_MATERIAL_GET_DETAIL&gt;</Response><SAPRFC>BAPI_MATERIAL_GET_DETAIL</SAPRFC><ExecuteFunction>true</ExecuteFunction><AutoCommit>false</AutoCommit><ConnPropAlias>SAP</ConnPropAlias><CredentialAlias>SAP</CredentialAlias><SAPServerName>10.2.9.139</SAPServerName><SAPClient>524</SAPClient><SAPSystemNumber>01</SAPSystemNumber><SAPUserName/><SAPPassword/><Language>EN</Language><SAPSSO2Ticket/><ConnectionTimeout>0</ConnectionTimeout><PoolConnections>false</PoolConnections><LogonGroup/><RecreateFunction>true</RecreateFunction><AllowMultipleRows>true</AllowMultipleRows><DaysRetention>7</DaysRetention><MaxRetryCount>5</MaxRetryCount><RetryInterval>30000</RetryInterval><ProcessingMode>1</ProcessingMode><Filter/><DataBufferComment/><RetryImmediately>false</RetryImmediately></Value><SchemaURI/><SchemaElement/><ValidateXMLOnExecution>1</ValidateXMLOnExecution><SchemaURI/><SchemaElement/><ValidateXMLOnExecution>1</ValidateXMLOnExecution><ReadOnly>false</ReadOnly><AlertXMLAssigned>false</AlertXMLAssigned></ContextItem><ContextItem><Name>RepeatOnListRow</Name><Description/><MinRange>0</MinRange><MaxRange>0</MaxRange><Value xsi:type="RepeaterAction"><Output><ReferenceDocumentSource/>&lt;?xml version="1.0" encoding="UTF-8"?&gt;&lt;Row&gt;&lt;PACKNR&gt;STRING&lt;/PACKNR&gt;&lt;PACKITEM&gt;STRING&lt;/PACKITEM&gt;&lt;PAITEMTYPE&gt;STRING&lt;/PAITEMTYPE&gt;&lt;KSCHL&gt;STRING&lt;/KSCHL&gt;&lt;MATNR&gt;STRING&lt;/MATNR&gt;&lt;TRGQTY&gt;STRING&lt;/TRGQTY&gt;&lt;UNITQTY&gt;STRING&lt;/UNITQTY&gt;&lt;INDDEL&gt;STRING&lt;/INDDEL&gt;&lt;/Row&gt;</Output><Break>false</Break><ItemCount>0</ItemCount><CurrentItem>0</CurrentItem><Source>PackList.Output{/Rowsets/Rowset/Row}</Source><Item><ReferenceDocumentSource/>&lt;?xml version="1.0" encoding="UTF-8"?&gt;&lt;Row&gt;&lt;PACKNR&gt;STRING&lt;/PACKNR&gt;&lt;PACKITEM&gt;STRING&lt;/PACKITEM&gt;&lt;PAITEMTYPE&gt;STRING&lt;/PAITEMTYPE&gt;&lt;KSCHL&gt;STRING&lt;/KSCHL&gt;&lt;MATNR&gt;STRING&lt;/MATNR&gt;&lt;TRGQTY&gt;STRING&lt;/TRGQTY&gt;&lt;UNITQTY&gt;STRING&lt;/UNITQTY&gt;&lt;INDDEL&gt;STRING&lt;/INDDEL&gt;&lt;/Row&gt;</Item></Value><SchemaURI/><SchemaElement/><ValidateXMLOnExecution>1</ValidateXMLOnExecution><SchemaURI/><SchemaElement/><ValidateXMLOnExecution>1</ValidateXMLOnExecution><ReadOnly>false</ReadOnly><AlertXMLAssigned>false</AlertXMLAssigned></ContextItem><ContextItem><Name>AssignOUT</Name><Description/><MinRange>0</MinRange><MaxRange>0</MaxRange><Value xsi:type="Assignment"/><ReadOnly>false</ReadOnly><AlertXMLAssigned>false</AlertXMLAssigned></ContextItem><ContextItem><Name>sql_DelPackInstrOld</Name><Description/><MinRange>0</MinRange><MaxRange>0</MaxRange><Value xsi:type="IlluminatorSQLQueryObject"><Timeout>60</Timeout><QueryParameters/><QueryTemplate>MESM/PACKING/QUERIES/sql_DelPackInstrOld</QueryTemplate><QueryStartDate>2017-02-22T22:23:17</QueryStartDate><QueryEndDate>2017-02-22T22:23:17</QueryEndDate><SQLTransaction/><Results><ReferenceDocumentSource/>&lt;?xml version="1.0" encoding="UTF-8"?&gt;&lt;Rowsets CachedTime="" DateCreated="2017-02-23T11:17:31" EndDate="2017-02-23T11:17:31" StartDate="2017-02-23T10:17:31" Version="15.0 SP7 Patch 12 (Sep 7, 2016)"&gt;&lt;Messages&gt;&lt;Message&gt;Command Query Successful&lt;/Message&gt;&lt;/Messages&gt;&lt;/Rowsets&gt;</Results><TagList/></Value><SchemaURI/><SchemaElement/><ValidateXMLOnExecution>1</ValidateXMLOnExecution><ReadOnly>false</ReadOnly><AlertXMLAssigned>false</AlertXMLAssigned></ContextItem><ContextItem><Name>sql_UpdPackInstrNew</Name><Description/><MinRange>0</MinRange><MaxRange>0</MaxRange><Value xsi:type="IlluminatorSQLQueryObject"><Timeout>60</Timeout><QueryParameters/><QueryTemplate>MESM/PACKING/QUERIES/sql_UpdPackInstrNew</QueryTemplate><QueryStartDate>2017-02-22T22:23:24</QueryStartDate><QueryEndDate>2017-02-22T22:23:24</QueryEndDate><SQLTransaction/><Results><ReferenceDocumentSource/>&lt;?xml version="1.0" encoding="UTF-8"?&gt;&lt;Rowsets CachedTime="" DateCreated="2017-02-23T11:17:58" EndDate="2017-02-23T11:17:58" StartDate="2017-02-23T10:17:58" Version="15.0 SP7 Patch 12 (Sep 7, 2016)"&gt;&lt;Messages&gt;&lt;Message&gt;Command Query Successful&lt;/Message&gt;&lt;/Messages&gt;&lt;/Rowsets&gt;</Results><TagList/></Value><SchemaURI/><SchemaElement/><ValidateXMLOnExecution>1</ValidateXMLOnExecution><ReadOnly>false</ReadOnly><AlertXMLAssigned>false</AlertXMLAssigned></ContextItem><ContextItem><Name>sql_InsPackInstr</Name><Description/><MinRange>0</MinRange><MaxRange>0</MaxRange><Value xsi:type="IlluminatorSQLQueryObject"><Timeout>60</Timeout><QueryParameters/><QueryTemplate>MESM/PACKING/QUERIES/sql_InsPackInstr</QueryTemplate><QueryStartDate>2017-02-22T22:16:02</QueryStartDate><QueryEndDate>2017-02-22T22:16:02</QueryEndDate><SQLTransaction/><Results><ReferenceDocumentSource/>&lt;?xml version="1.0" encoding="UTF-8"?&gt;&lt;Rowsets CachedTime="" DateCreated="2017-02-23T11:17:07" EndDate="2017-02-23T11:17:07" StartDate="2017-02-23T10:17:07" Version="15.0 SP7 Patch 12 (Sep 7, 2016)"/&gt;</Results><TagList/></Value><SchemaURI/><SchemaElement/><ValidateXMLOnExecution>1</ValidateXMLOnExecution><ReadOnly>false</ReadOnly><AlertXMLAssigned>false</AlertXMLAssigned></ContextItem><ContextItem><Name>Exception_Enabler_0</Name><Description/><MinRange>0</MinRange><MaxRange>0</MaxRange><Value xsi:type="ExceptionEnabler"><EnableActionExceptions>true</EnableActionExceptions><EnableLinkExceptions>true</EnableLinkExceptions></Value><ReadOnly>false</ReadOnly><AlertXMLAssigned>false</AlertXMLAssigned></ContextItem><ContextItem><Name>Catch_0</Name><Description/><MinRange>0</MinRange><MaxRange>0</MaxRange><Value xsi:type="CatchAction"/><ReadOnly>false</ReadOnly><AlertXMLAssigned>false</AlertXMLAssigned></ContextItem><ContextItem><Name>ShowCatch_0</Name><Description/><MinRange>0</MinRange><MaxRange>0</MaxRange><Value xsi:type="Tracer"><Message/><Level>INFO</Level></Value><ReadOnly>false</ReadOnly><AlertXMLAssigned>false</AlertXMLAssigned></ContextItem><ContextItem><Name>ShowParam</Name><Description/><MinRange>0</MinRange><MaxRange>0</MaxRange><Value xsi:type="Tracer"><Message/><Level>INFO</Level></Value><ReadOnly>false</ReadOnly><AlertXMLAssigned>false</AlertXMLAssigned></ContextItem><ContextItem><Name>REF</Name><Description/><MinRange>0</MinRange><MaxRange>0</MaxRange><Value xsi:type="ConditionalAction"><Output>false</Output><InputCount>1</InputCount><LogicalAnd>false</LogicalAnd><Input1>false</Input1></Value><ReadOnly>false</ReadOnly><AlertXMLAssigned>false</AlertXMLAssigned></ContextItem><ContextItem><Name>ShowPackInstr</Name><Description/><MinRange>0</MinRange><MaxRange>0</MaxRange><Value xsi:type="Tracer"><Message/><Level>INFO</Level></Value><ReadOnly>false</ReadOnly><AlertXMLAssigned>false</AlertXMLAssigned></ContextItem></Actions><ReaderRoles>SAP_XMII_Super_Administrator,SAP_XMII_Administrator,SAP_XMII_Developer,SAP_XMII_User</ReaderRoles><Steps><Step xsi:type="ActionSequence"><Name>Sequence_13</Name><Description/><Steps><Step xsi:type="ActionSequence"><Name>Sequence_7</Name><Description/><Steps><Step xsi:type="ActionSequence"><Name>Sequence_1</Name><Description/><Steps><Step xsi:type="ActionSequence"><Name>Sequence_11</Name><Description/><Steps><Step xsi:type="Repeater"><Name>Sequence_2</Name><Description/><Steps><Step xsi:type="ActionSequence"><Name>Sequence_4</Name><Description/><Steps><Step xsi:type="Repeater"><Name>Sequence_31</Name><Description/><Steps><Step xsi:type="ActionSequence"><Name>Sequence_9</Name><Description/><Steps><Step xsi:type="Repeater"><Name>Sequence_33</Name><Description/><Steps><Step xsi:type="ActionSequence"><Name>Sequence_0</Name><Description/><Steps><Step xsi:type="Repeater"><Name>Sequence_3</Name><Description/><Steps><Step xsi:type="ActionSequence"><Name>Sequence_6</Name><Description/><Steps/><Actions><Action><Name>AddPackRow</Name><Description> </Description><IncomingLinks><Assign xsi:type="Assign"><Name/><Description/><To>AddPackRow.PACKNR</To><From>stringtrim(stringpart(RepeatOnWa_PACKPO.Output{/item/WA}, 1, 22))</From></Assign><Assign xsi:type="Assign"><Name/><Description/><To>AddPackRow.PACKITEM</To><From>stringtrim(stringpart(RepeatOnWa_PACKPO.Output{/item/WA},23, 6)) </From></Assign><Assign xsi:type="Assign"><Name/><Description/><To>AddPackRow.PAITEMTYPE</To><From>stringtrim(stringpart(RepeatOnWa_PACKPO.Output{/item/WA},66, 1))</From></Assign><Assign xsi:type="Assign"><Name/><Description/><To>AddPackRow.KSCHL</To><From>stringtrim(stringpart(RepeatOnWa_KOTP001.Output{/item/WA} ,29, 4))</From></Assign><Assign xsi:type="Assign"><Name/><Description/><To>AddPackRow.MATNR</To><From>stringtrim(stringpart(RepeatOnWa_KOTP001.Output{/item/WA},11, 18))</From></Assign><Assign xsi:type="Assign"><Name/><Description/><To>AddPackRow.TRGQTY</To><From>stringtrim(stringpart(RepeatOnWa_PACKPO.Output{/item/WA},47, 15))</From></Assign><Assign xsi:type="Assign"><Name/><Description/><To>AddPackRow.UNITQTY</To><From>stringtrim(stringpart(RepeatOnWa_PACKPO.Output{/item/WA},62, 3))</From></Assign><Assign xsi:type="Assign"><Name/><Description/><To>AddPackRow.INDDEL</To><From>stringtrim(stringpart(RepeatOnWa_PACKPO.Output{/item/WA},65, 1))</From></Assign></IncomingLinks><OutgoingLinks/></Action></Actions></Step></Steps><Actions><Action><Name>RepeatOnWa_PACKPO</Name><Description> </Description><IncomingLinks/><OutgoingLinks/></Action></Actions></Step></Steps><Actions><Action><Name>SAP_JCo_PACKPO</Name><Description> </Description><IncomingLinks><Assign xsi:type="Assign"><Name/><Description/><To>SAP_JCo_PACKPO.ConnPropAlias</To><From>Transaction.SAP_SERVER</From></Assign><Assign xsi:type="Assign"><Name/><Description/><To>SAP_JCo_PACKPO.CredentialAlias</To><From>Transaction.SAP_CREDENTIAL</From></Assign><Assign xsi:type="Assign"><Name/><Description/><To>SAP_JCo_PACKPO.Request</To><From>Local.REQUEST_PACKPO</From></Assign><Assign xsi:type="Assign"><Name/><Description/><To>SAP_JCo_PACKPO.Request{/RFC_READ_TABLE/TABLES/OPTIONS/item/TEXT}</To><From>"PACKNR EQ '" &amp; stringtrim(stringpart(RepeatOnWa_KONDP.Output{/item/WA},11, 22)) &amp; "'"</From></Assign></IncomingLinks><OutgoingLinks/></Action></Actions></Step></Steps><Actions><Action><Name>RepeatOnWa_KONDP</Name><Description> </Description><IncomingLinks/><OutgoingLinks/></Action></Actions></Step></Steps><Actions><Action><Name>SAP_JCo_KONDP</Name><Description> </Description><IncomingLinks><Assign xsi:type="Assign"><Name/><Description/><To>SAP_JCo_KONDP.ConnPropAlias</To><From>Transaction.SAP_SERVER</From></Assign><Assign xsi:type="Assign"><Name/><Description/><To>SAP_JCo_KONDP.CredentialAlias</To><From>Transaction.SAP_CREDENTIAL</From></Assign><Assign xsi:type="Assign"><Name/><Description/><To>SAP_JCo_KONDP.Request</To><From>Local.REQUEST_KONDP</From></Assign><Assign xsi:type="Assign"><Name/><Description/><To>SAP_JCo_KONDP.Request{/RFC_READ_TABLE/TABLES/OPTIONS/item/TEXT}</To><From>"KNUMH EQ '" &amp; stringtrim(stringpart(RepeatOnWa_KOTP001.Output{/item/WA},1, 10)) &amp; "'"</From></Assign></IncomingLinks><OutgoingLinks/></Action></Actions></Step></Steps><Actions><Action><Name>RepeatOnWa_KOTP001</Name><Description> </Description><IncomingLinks/><OutgoingLinks/></Action></Actions></Step></Steps><Actions><Action><Name>SAP_JCo_KOTP001</Name><Description> </Description><IncomingLinks><Assign xsi:type="Assign"><Name/><Description/><To>SAP_JCo_KOTP001.ConnPropAlias</To><From>Transaction.SAP_SERVER</From></Assign><Assign xsi:type="Assign"><Name/><Description/><To>SAP_JCo_KOTP001.CredentialAlias</To><From>Transaction.SAP_CREDENTIAL</From></Assign><Assign xsi:type="Assign"><Name/><Description/><To>SAP_JCo_KOTP001.Request</To><From>Local.REQUEST_KOTP001</From></Assign><Assign xsi:type="Assign"><Name/><Description/><To>SAP_JCo_KOTP001.Request{/RFC_READ_TABLE/TABLES/OPTIONS/item/TEXT}</To><From>"MATNR EQ '" &amp; RepeatOnMaterial.Output{/Row/materialName} &amp; "'"</From></Assign></IncomingLinks><OutgoingLinks/></Action></Actions></Step></Steps><Actions><Action><Name>RepeatOnMaterial</Name><Description> </Description><IncomingLinks/><OutgoingLinks/></Action></Actions></Step></Steps><Actions><Action><Name>sql_getMaterials</Name><Description>SQL Query</Description><IncomingLinks><Assign xsi:type="Assign"><Name/><Description/><To>sql_getMaterials.Param.1</To><From>Transaction.SAP_PLANT</From></Assign><Assign xsi:type="Assign"><Name/><Description/><To>sql_getMaterials.Server</To><From>Transaction.SQL_SERVER</From></Assign></IncomingLinks><OutgoingLinks/></Action></Actions></Step><Step xsi:type="Repeater"><Name>Sequence_8</Name><Description/><Steps><Step xsi:type="Conditional"><Name>Sequence_17</Name><Description/><Steps><Step xsi:type="ActionSequence"><Name>Sequence_10</Name><Description/><Steps><Step xsi:type="ActionSequence"><Name>Sequence_5</Name><Description/><Steps><Step xsi:type="ActionSequence"><Name>Sequence_12</Name><Description/><Steps/><Actions><Action><Name>sql_InsPackInstr</Name><Description>SQL Query</Description><IncomingLinks><Assign xsi:type="Assign"><Name/><Description/><To>sql_InsPackInstr.Param.1</To><From>RepeatOnListRow.Output{/Row/PACKNR}</From></Assign><Assign xsi:type="Assign"><Name/><Description/><To>sql_InsPackInstr.Param.2</To><From>RepeatOnListRow.Output{/Row/PACKITEM}</From></Assign><Assign xsi:type="Assign"><Name/><Description/><To>sql_InsPackInstr.Param.3</To><From>RepeatOnListRow.Output{/Row/PAITEMTYPE}</From></Assign><Assign xsi:type="Assign"><Name/><Description/><To>sql_InsPackInstr.Param.4</To><From>RepeatOnListRow.Output{/Row/MATNR}</From></Assign><Assign xsi:type="Assign"><Name/><Description/><To>sql_InsPackInstr.Param.5</To><From>SAP_JCo_MATDTL.Response{/BAPI_MATERIAL_GET_DETAIL/OUTPUT/MATERIAL_GENERAL_DATA/MATL_DESC}</From></Assign><Assign xsi:type="Assign"><Name/><Description/><To>sql_InsPackInstr.Param.6</To><From>RepeatOnListRow.Output{/Row/TRGQTY}</From></Assign><Assign xsi:type="Assign"><Name/><Description/><To>sql_InsPackInstr.Param.7</To><From>RepeatOnListRow.Output{/Row/UNITQTY}</From></Assign><Assign xsi:type="Assign"><Name/><Description/><To>sql_InsPackInstr.Param.8</To><From>RepeatOnListRow.Output{/Row/INDDEL}</From></Assign><Assign xsi:type="Assign"><Name/><Description/><To>sql_InsPackInstr.Param.9</To><From>"2"</From></Assign><Assign xsi:type="Assign"><Name/><Description/><To>sql_InsPackInstr.Param.10</To><From>RepeatOnListRow.Output{/Row/KSCHL}</From></Assign></IncomingLinks><OutgoingLinks/></Action></Actions></Step></Steps><Actions><Action><Name>ShowPackInstr</Name><Description> </Description><IncomingLinks><Assign xsi:type="Assign"><Name/><Description/><To>ShowPackInstr.Message</To><From>RepeatOnListRow.Output{/Row/PACKNR} &amp; " -- " &amp; 
RepeatOnListRow.Output{/Row/PACKITEM}  &amp; " -- " &amp; 
RepeatOnListRow.Output{/Row/PAITEMTYPE}  &amp; " -- " &amp; 
RepeatOnListRow.Output{/Row/KSCHL}  &amp; " -- " &amp; 
RepeatOnListRow.Output{/Row/MATNR}  &amp; " -- " &amp; 
RepeatOnListRow.Output{/Row/TRGQTY}  &amp; " -- " &amp; 
RepeatOnListRow.Output{/Row/UNITQTY}  &amp; " -- " &amp; 
RepeatOnListRow.Output{/Row/INDDEL}</From></Assign></IncomingLinks><OutgoingLinks/></Action></Actions></Step></Steps><Actions><Action><Name>SAP_JCo_MATDTL</Name><Description> </Description><IncomingLinks><Assign xsi:type="Assign"><Name/><Description/><To>SAP_JCo_MATDTL.ConnPropAlias</To><From>Transaction.SAP_SERVER</From></Assign><Assign xsi:type="Assign"><Name/><Description/><To>SAP_JCo_MATDTL.CredentialAlias</To><From>Transaction.SAP_CREDENTIAL</From></Assign><Assign xsi:type="Assign"><Name/><Description/><To>SAP_JCo_MATDTL.Request{/BAPI_MATERIAL_GET_DETAIL/INPUT/MATERIAL}</To><From>RepeatOnListRow.Output{/Row/MATNR}</From></Assign></IncomingLinks><OutgoingLinks/></Action></Actions></Step></Steps><Actions><Action><Name>REF</Name><Description> </Description><IncomingLinks><Assign xsi:type="Assign"><Name/><Description/><To>REF.Input1</To><From>stringupper(RepeatOnListRow.Output{/Row/PAITEMTYPE}) =="R"</From></Assign></IncomingLinks><OutgoingLinks/></Action></Actions></Step></Steps><Actions><Action><Name>RepeatOnListRow</Name><Description> </Description><IncomingLinks/><OutgoingLinks/></Action></Actions></Step><Step xsi:type="ActionSequence"><Name>Sequence_14</Name><Description/><Steps><Step xsi:type="ActionSequence"><Name>Sequence_23</Name><Description/><Steps><Step xsi:type="ActionSequence"><Name>Sequence_24</Name><Description/><Steps/><Actions><Action><Name>sql_UpdPackInstrNew</Name><Description>SQL Query</Description><IncomingLinks/><OutgoingLinks/></Action></Actions></Step></Steps><Actions><Action><Name>sql_DelPackInstrOld</Name><Description>SQL Query</Description><IncomingLinks/><OutgoingLinks/></Action></Actions></Step></Steps><Actions><Action><Name>AssignOUT</Name><Description> </Description><IncomingLinks/><OutgoingLinks><Assign xsi:type="AssignXml"><Name/><Description/><To>Transaction.XML_OUT</To><From>PackList.Output</From></Assign></OutgoingLinks></Action></Actions></Step></Steps><Actions><Action><Name>PackList</Name><Description> </Description><IncomingLinks/><OutgoingLinks/></Action></Actions></Step><Step xsi:type="Catch"><Name>Sequence_15</Name><Description/><Steps><Step xsi:type="ActionSequence"><Name>Sequence_16</Name><Description/><Steps/><Actions><Action><Name>ShowCatch_0</Name><Description> </Description><IncomingLinks><Assign xsi:type="Assign"><Name/><Description/><To>ShowCatch_0.Message</To><From>Catch_0.Message</From></Assign></IncomingLinks><OutgoingLinks/></Action></Actions></Step></Steps><Actions><Action><Name>Catch_0</Name><Description>Catches an exception</Description><IncomingLinks/><OutgoingLinks/></Action></Actions></Step></Steps><Actions><Action><Name>Exception_Enabler_0</Name><Description>Enables exceptions.</Description><IncomingLinks/><OutgoingLinks/></Action></Actions></Step></Steps><Actions><Action><Name>ShowParam</Name><Description> </Description><IncomingLinks><Assign xsi:type="Assign"><Name/><Description/><To>ShowParam.Message</To><From>" &gt;&gt; PLANT: " &amp; Transaction.SAP_PLANT &amp; " -- SAP SRV: " &amp; Transaction.SAP_SERVER &amp; " -- SAP CRD: " &amp; Transaction.SAP_CREDENTIAL &amp; " -- SQL: " &amp; Transaction.SQL_SERVER</From></Assign></IncomingLinks><OutgoingLinks/></Action></Actions></Step></Steps></Transaction>