<?xml version="1.0" encoding="UTF-8"?><Transaction xmlns:xsd="http://www.w3.org/2001/XMLSchema" xmlns:xsi="http://www.w3.org/2001/XMLSchema-instance" Version="15.0.7.12"><TransactionAttributes><ContextItem><Name>Description</Name><Description>Transaction Description</Description><MinRange>0</MinRange><MaxRange>0</MaxRange><Value xsi:type="string"/><ReadOnly>true</ReadOnly><AlertXMLAssigned>false</AlertXMLAssigned></ContextItem><ContextItem><Name>Comments</Name><Description>User Comments</Description><MinRange>0</MinRange><MaxRange>0</MaxRange><Value xsi:type="string"/><ReadOnly>true</ReadOnly><AlertXMLAssigned>false</AlertXMLAssigned></ContextItem><ContextItem><Name>CreatedBy</Name><Description>Created By</Description><MinRange>0</MinRange><MaxRange>0</MaxRange><Value xsi:type="string">RadPa</Value><ReadOnly>true</ReadOnly><AlertXMLAssigned>false</AlertXMLAssigned></ContextItem><ContextItem><Name>CreationDate</Name><Description>Creation Date</Description><MinRange>0</MinRange><MaxRange>0</MaxRange><Value xsi:type="dateTime">2017-03-13T10:58:37</Value><ReadOnly>true</ReadOnly><AlertXMLAssigned>false</AlertXMLAssigned></ContextItem><ContextItem><Name>Category</Name><Description>Transaction Category</Description><MinRange>0</MinRange><MaxRange>0</MaxRange><Value xsi:type="string"/><ReadOnly>true</ReadOnly><AlertXMLAssigned>false</AlertXMLAssigned></ContextItem><ContextItem><Name>Status</Name><Description>Deployment Status</Description><MinRange>0</MinRange><MaxRange>0</MaxRange><Value xsi:type="string">DEVELOPMENT</Value><ReadOnly>true</ReadOnly><AlertXMLAssigned>false</AlertXMLAssigned></ContextItem><ContextItem><Name>LegacyProcessingMode</Name><Description>Support the pre MII 12.1 Transaction Engine.</Description><MinRange>0</MinRange><MaxRange>0</MaxRange><Value xsi:type="boolean">0</Value><ReadOnly>true</ReadOnly><AlertXMLAssigned>false</AlertXMLAssigned></ContextItem><ContextItem><Name>AutoAppendBlankNamespaces</Name><Description>AutoAppendBlankNamespaces</Description><MinRange>0</MinRange><MaxRange>0</MaxRange><Value xsi:type="boolean">1</Value><ReadOnly>true</ReadOnly><AlertXMLAssigned>false</AlertXMLAssigned></ContextItem><ContextItem><Name>ThrowOnLinkError</Name><Description>Throws an exception when a link error occures</Description><MinRange>0</MinRange><MaxRange>0</MaxRange><Value xsi:type="boolean">0</Value><ReadOnly>true</ReadOnly><AlertXMLAssigned>false</AlertXMLAssigned></ContextItem><ContextItem><Name>ThrowOnActionError</Name><Description>Throws an exception when an action error occurs</Description><MinRange>0</MinRange><MaxRange>0</MaxRange><Value xsi:type="boolean">1</Value><ReadOnly>true</ReadOnly><AlertXMLAssigned>false</AlertXMLAssigned></ContextItem><ContextItem><Name>FormatXMLOnConversion</Name><Description>By default XML will be formatted when assigned from XML data type to String data type. This behaviour can be changed with this flag.</Description><MinRange>0</MinRange><MaxRange>0</MaxRange><Value xsi:type="boolean">1</Value><ReadOnly>true</ReadOnly><AlertXMLAssigned>false</AlertXMLAssigned></ContextItem><ContextItem><Name>LastEditedBy</Name><Description>Last Edited By</Description><MinRange>0</MinRange><MaxRange>0</MaxRange><Value xsi:type="xsd:string">RadPa</Value><ReadOnly>true</ReadOnly><AlertXMLAssigned>false</AlertXMLAssigned></ContextItem><ContextItem><Name>LastEditedDate</Name><Description>Last Edited Date</Description><MinRange>0</MinRange><MaxRange>0</MaxRange><Value xsi:type="xsd:dateTime">2017-03-14T18:06:57</Value><ReadOnly>true</ReadOnly><AlertXMLAssigned>false</AlertXMLAssigned></ContextItem></TransactionAttributes><Name>MESM/ORDERS_GMVT/TRANSACTIONS/IssueSerNum2Order</Name><Version>44</Version><WriterRoles>SAP_XMII_Super_Administrator,SAP_XMII_Administrator,SAP_XMII_Developer</WriterRoles><Context><ContextItem><Name>ASSY_SERIALNR</Name><Description/><MinRange>0</MinRange><MaxRange>0</MaxRange><Value xsi:type="string">TTOAR7073B1000</Value><ReadOnly>false</ReadOnly><AlertXMLAssigned>false</AlertXMLAssigned></ContextItem><ContextItem><Name>COMP_SERIALNR</Name><Description/><MinRange>0</MinRange><MaxRange>0</MaxRange><Value xsi:type="string">TTOAR7073B5000</Value><ReadOnly>false</ReadOnly><AlertXMLAssigned>false</AlertXMLAssigned></ContextItem><ContextItem><Name>SAP_CREDENTIAL</Name><Description/><MinRange>0</MinRange><MaxRange>0</MaxRange><Value xsi:type="string">SAP</Value><ReadOnly>false</ReadOnly><AlertXMLAssigned>false</AlertXMLAssigned></ContextItem><ContextItem><Name>SAP_SERVER</Name><Description/><MinRange>0</MinRange><MaxRange>0</MaxRange><Value xsi:type="string">SAP</Value><ReadOnly>false</ReadOnly><AlertXMLAssigned>false</AlertXMLAssigned></ContextItem><ContextItem><Name>SQL_SERVER</Name><Description/><MinRange>0</MinRange><MaxRange>0</MaxRange><Value xsi:type="string">MESM</Value><ReadOnly>false</ReadOnly><AlertXMLAssigned>false</AlertXMLAssigned></ContextItem></Context><Local><ContextItem><Name>ASSY_LINE_ROUTE</Name><Description/><MinRange>0</MinRange><MaxRange>0</MaxRange><Value xsi:type="string"/><ReadOnly>false</ReadOnly><AlertXMLAssigned>false</AlertXMLAssigned></ContextItem><ContextItem><Name>ASSY_SAP_ORDER</Name><Description/><MinRange>0</MinRange><MaxRange>0</MaxRange><Value xsi:type="string"/><ReadOnly>false</ReadOnly><AlertXMLAssigned>false</AlertXMLAssigned></ContextItem><ContextItem><Name>ASSY_SAP_PARTNO</Name><Description/><MinRange>0</MinRange><MaxRange>0</MaxRange><Value xsi:type="string"/><ReadOnly>false</ReadOnly><AlertXMLAssigned>false</AlertXMLAssigned></ContextItem><ContextItem><Name>COMP_LINE_ROUTE</Name><Description/><MinRange>0</MinRange><MaxRange>0</MaxRange><Value xsi:type="string"/><ReadOnly>false</ReadOnly><AlertXMLAssigned>false</AlertXMLAssigned></ContextItem><ContextItem><Name>COMP_SAP_ORDER</Name><Description/><MinRange>0</MinRange><MaxRange>0</MaxRange><Value xsi:type="string"/><ReadOnly>false</ReadOnly><AlertXMLAssigned>false</AlertXMLAssigned></ContextItem><ContextItem><Name>COMP_SAP_PARTNO</Name><Description/><MinRange>0</MinRange><MaxRange>0</MaxRange><Value xsi:type="string"/><ReadOnly>false</ReadOnly><AlertXMLAssigned>false</AlertXMLAssigned></ContextItem><ContextItem><Name>GI_SAP_BACKFLUSH</Name><Description/><MinRange>0</MinRange><MaxRange>0</MaxRange><Value xsi:type="string"/><ReadOnly>false</ReadOnly><AlertXMLAssigned>false</AlertXMLAssigned></ContextItem><ContextItem><Name>GI_SAP_BATCH</Name><Description/><MinRange>0</MinRange><MaxRange>0</MaxRange><Value xsi:type="string"/><ReadOnly>false</ReadOnly><AlertXMLAssigned>false</AlertXMLAssigned></ContextItem><ContextItem><Name>GI_SAP_MOVE_TYPE</Name><Description/><MinRange>0</MinRange><MaxRange>0</MaxRange><Value xsi:type="string"/><ReadOnly>false</ReadOnly><AlertXMLAssigned>false</AlertXMLAssigned></ContextItem><ContextItem><Name>GI_SAP_ORDER</Name><Description/><MinRange>0</MinRange><MaxRange>0</MaxRange><Value xsi:type="string"/><ReadOnly>false</ReadOnly><AlertXMLAssigned>false</AlertXMLAssigned></ContextItem><ContextItem><Name>GI_SAP_ORDER_ITNO</Name><Description/><MinRange>0</MinRange><MaxRange>0</MaxRange><Value xsi:type="string"/><ReadOnly>false</ReadOnly><AlertXMLAssigned>false</AlertXMLAssigned></ContextItem><ContextItem><Name>GI_SAP_ORDER_OP</Name><Description/><MinRange>0</MinRange><MaxRange>0</MaxRange><Value xsi:type="string"/><ReadOnly>false</ReadOnly><AlertXMLAssigned>false</AlertXMLAssigned></ContextItem><ContextItem><Name>GI_SAP_ORDER_SLOC</Name><Description/><MinRange>0</MinRange><MaxRange>0</MaxRange><Value xsi:type="string"/><ReadOnly>false</ReadOnly><AlertXMLAssigned>false</AlertXMLAssigned></ContextItem><ContextItem><Name>GI_SAP_PLANT</Name><Description/><MinRange>0</MinRange><MaxRange>0</MaxRange><Value xsi:type="string"/><ReadOnly>false</ReadOnly><AlertXMLAssigned>false</AlertXMLAssigned></ContextItem><ContextItem><Name>GI_SAP_RES_IT</Name><Description/><MinRange>0</MinRange><MaxRange>0</MaxRange><Value xsi:type="string"/><ReadOnly>false</ReadOnly><AlertXMLAssigned>false</AlertXMLAssigned></ContextItem><ContextItem><Name>GI_SAP_RES_NO</Name><Description/><MinRange>0</MinRange><MaxRange>0</MaxRange><Value xsi:type="string"/><ReadOnly>false</ReadOnly><AlertXMLAssigned>false</AlertXMLAssigned></ContextItem><ContextItem><Name>GI_SAP_WORKCENTER</Name><Description/><MinRange>0</MinRange><MaxRange>0</MaxRange><Value xsi:type="string"/><ReadOnly>false</ReadOnly><AlertXMLAssigned>false</AlertXMLAssigned></ContextItem></Local><Layout><GUILayoutItem><Name>Sequence</Name><X>296</X><Y>8</Y><Width>120</Width><SpacingWidth>696</SpacingWidth><DescendantWidth>696</DescendantWidth><Height>96</Height></GUILayoutItem><GUILayoutItem><Name>ShowParam</Name><X>304</X><Y>24</Y><Width>104</Width><SpacingWidth>0</SpacingWidth><DescendantWidth>0</DescendantWidth><Height>72</Height></GUILayoutItem><GUILayoutItem><Name>Sequence_0</Name><X>8</X><Y>144</Y><Width>120</Width><SpacingWidth>120</SpacingWidth><DescendantWidth>120</DescendantWidth><Height>96</Height></GUILayoutItem><GUILayoutItem><Name>sql_get_SN_Comp</Name><X>16</X><Y>160</Y><Width>104</Width><SpacingWidth>0</SpacingWidth><DescendantWidth>0</DescendantWidth><Height>72</Height></GUILayoutItem><GUILayoutItem><Name>Sequence_1</Name><X>8</X><Y>280</Y><Width>120</Width><SpacingWidth>120</SpacingWidth><DescendantWidth>120</DescendantWidth><Height>96</Height></GUILayoutItem><GUILayoutItem><Name>SN_Comp_Found</Name><X>16</X><Y>296</Y><Width>104</Width><SpacingWidth>0</SpacingWidth><DescendantWidth>0</DescendantWidth><Height>72</Height></GUILayoutItem><GUILayoutItem><Name>Sequence_3</Name><X>8</X><Y>416</Y><Width>120</Width><SpacingWidth>120</SpacingWidth><DescendantWidth>120</DescendantWidth><Height>96</Height></GUILayoutItem><GUILayoutItem><Name>RepeatOnComp</Name><X>16</X><Y>432</Y><Width>104</Width><SpacingWidth>0</SpacingWidth><DescendantWidth>0</DescendantWidth><Height>72</Height></GUILayoutItem><GUILayoutItem><Name>Sequence_4</Name><X>152</X><Y>144</Y><Width>120</Width><SpacingWidth>120</SpacingWidth><DescendantWidth>120</DescendantWidth><Height>96</Height></GUILayoutItem><GUILayoutItem><Name>sql_get_SN_Assy</Name><X>160</X><Y>160</Y><Width>104</Width><SpacingWidth>0</SpacingWidth><DescendantWidth>0</DescendantWidth><Height>72</Height></GUILayoutItem><GUILayoutItem><Name>Sequence_5</Name><X>152</X><Y>280</Y><Width>120</Width><SpacingWidth>120</SpacingWidth><DescendantWidth>120</DescendantWidth><Height>96</Height></GUILayoutItem><GUILayoutItem><Name>SN_Assy_Found</Name><X>160</X><Y>296</Y><Width>104</Width><SpacingWidth>0</SpacingWidth><DescendantWidth>0</DescendantWidth><Height>72</Height></GUILayoutItem><GUILayoutItem><Name>Sequence_6</Name><X>152</X><Y>416</Y><Width>120</Width><SpacingWidth>120</SpacingWidth><DescendantWidth>120</DescendantWidth><Height>96</Height></GUILayoutItem><GUILayoutItem><Name>RepeatOnAssy</Name><X>160</X><Y>432</Y><Width>104</Width><SpacingWidth>0</SpacingWidth><DescendantWidth>0</DescendantWidth><Height>72</Height></GUILayoutItem><GUILayoutItem><Name>Sequence_8</Name><X>368</X><Y>144</Y><Width>120</Width><SpacingWidth>264</SpacingWidth><DescendantWidth>264</DescendantWidth><Height>96</Height></GUILayoutItem><GUILayoutItem><Name>ShowCompInfo</Name><X>376</X><Y>160</Y><Width>104</Width><SpacingWidth>0</SpacingWidth><DescendantWidth>0</DescendantWidth><Height>72</Height></GUILayoutItem><GUILayoutItem><Name>Sequence_9</Name><X>8</X><Y>688</Y><Width>120</Width><SpacingWidth>120</SpacingWidth><DescendantWidth>0</DescendantWidth><Height>96</Height></GUILayoutItem><GUILayoutItem><Name>Sequence_10</Name><X>152</X><Y>688</Y><Width>120</Width><SpacingWidth>120</SpacingWidth><DescendantWidth>0</DescendantWidth><Height>96</Height></GUILayoutItem><GUILayoutItem><Name>SAP_JCo_CompDTL</Name><X>16</X><Y>704</Y><Width>104</Width><SpacingWidth>0</SpacingWidth><DescendantWidth>0</DescendantWidth><Height>72</Height></GUILayoutItem><GUILayoutItem><Name>SAP_JCo_AssyDTL</Name><X>160</X><Y>704</Y><Width>104</Width><SpacingWidth>0</SpacingWidth><DescendantWidth>0</DescendantWidth><Height>72</Height></GUILayoutItem><GUILayoutItem><Name>Sequence_11</Name><X>8</X><Y>552</Y><Width>120</Width><SpacingWidth>120</SpacingWidth><DescendantWidth>120</DescendantWidth><Height>96</Height></GUILayoutItem><GUILayoutItem><Name>Sequence_12</Name><X>152</X><Y>552</Y><Width>120</Width><SpacingWidth>120</SpacingWidth><DescendantWidth>120</DescendantWidth><Height>96</Height></GUILayoutItem><GUILayoutItem><Name>AssignComp</Name><X>16</X><Y>568</Y><Width>104</Width><SpacingWidth>0</SpacingWidth><DescendantWidth>0</DescendantWidth><Height>72</Height></GUILayoutItem><GUILayoutItem><Name>AssignAssy</Name><X>160</X><Y>568</Y><Width>104</Width><SpacingWidth>0</SpacingWidth><DescendantWidth>0</DescendantWidth><Height>72</Height></GUILayoutItem><GUILayoutItem><Name>Sequence_2</Name><X>368</X><Y>280</Y><Width>120</Width><SpacingWidth>264</SpacingWidth><DescendantWidth>264</DescendantWidth><Height>96</Height></GUILayoutItem><GUILayoutItem><Name>ShowAssyInfo</Name><X>376</X><Y>296</Y><Width>104</Width><SpacingWidth>0</SpacingWidth><DescendantWidth>0</DescendantWidth><Height>72</Height></GUILayoutItem><GUILayoutItem><Name>Sequence_7</Name><X>296</X><Y>416</Y><Width>120</Width><SpacingWidth>120</SpacingWidth><DescendantWidth>120</DescendantWidth><Height>96</Height></GUILayoutItem><GUILayoutItem><Name>sql_getGIData</Name><X>304</X><Y>432</Y><Width>104</Width><SpacingWidth>0</SpacingWidth><DescendantWidth>0</DescendantWidth><Height>72</Height></GUILayoutItem><GUILayoutItem><Name>Sequence_13</Name><X>296</X><Y>824</Y><Width>120</Width><SpacingWidth>120</SpacingWidth><DescendantWidth>0</DescendantWidth><Height>96</Height></GUILayoutItem><GUILayoutItem><Name>Sequence_14</Name><X>296</X><Y>552</Y><Width>120</Width><SpacingWidth>120</SpacingWidth><DescendantWidth>120</DescendantWidth><Height>96</Height></GUILayoutItem><GUILayoutItem><Name>Data_GI_Found</Name><X>304</X><Y>568</Y><Width>104</Width><SpacingWidth>0</SpacingWidth><DescendantWidth>0</DescendantWidth><Height>72</Height></GUILayoutItem><GUILayoutItem><Name>Sequence_15</Name><X>296</X><Y>688</Y><Width>120</Width><SpacingWidth>120</SpacingWidth><DescendantWidth>120</DescendantWidth><Height>96</Height></GUILayoutItem><GUILayoutItem><Name>RepeatOnData</Name><X>304</X><Y>704</Y><Width>104</Width><SpacingWidth>0</SpacingWidth><DescendantWidth>0</DescendantWidth><Height>72</Height></GUILayoutItem><GUILayoutItem><Name>Sequence_16</Name><X>584</X><Y>144</Y><Width>120</Width><SpacingWidth>120</SpacingWidth><DescendantWidth>120</DescendantWidth><Height>96</Height></GUILayoutItem><GUILayoutItem><Name>ShowCGI_Data</Name><X>592</X><Y>160</Y><Width>104</Width><SpacingWidth>0</SpacingWidth><DescendantWidth>0</DescendantWidth><Height>72</Height></GUILayoutItem><GUILayoutItem><Name>AssignGI_Data</Name><X>304</X><Y>840</Y><Width>104</Width><SpacingWidth>0</SpacingWidth><DescendantWidth>0</DescendantWidth><Height>72</Height></GUILayoutItem><GUILayoutItem><Name>Sequence_17</Name><X>440</X><Y>416</Y><Width>120</Width><SpacingWidth>120</SpacingWidth><DescendantWidth>120</DescendantWidth><Height>96</Height></GUILayoutItem><GUILayoutItem><Name>sql_getWCName</Name><X>448</X><Y>432</Y><Width>104</Width><SpacingWidth>0</SpacingWidth><DescendantWidth>0</DescendantWidth><Height>72</Height></GUILayoutItem><GUILayoutItem><Name>Sequence_20</Name><X>440</X><Y>824</Y><Width>120</Width><SpacingWidth>120</SpacingWidth><DescendantWidth>0</DescendantWidth><Height>96</Height></GUILayoutItem><GUILayoutItem><Name>Sequence_18</Name><X>440</X><Y>552</Y><Width>120</Width><SpacingWidth>120</SpacingWidth><DescendantWidth>120</DescendantWidth><Height>96</Height></GUILayoutItem><GUILayoutItem><Name>WC_Name_Found</Name><X>448</X><Y>568</Y><Width>104</Width><SpacingWidth>0</SpacingWidth><DescendantWidth>0</DescendantWidth><Height>72</Height></GUILayoutItem><GUILayoutItem><Name>Sequence_19</Name><X>440</X><Y>688</Y><Width>120</Width><SpacingWidth>120</SpacingWidth><DescendantWidth>120</DescendantWidth><Height>96</Height></GUILayoutItem><GUILayoutItem><Name>RepeatOnName</Name><X>448</X><Y>704</Y><Width>104</Width><SpacingWidth>0</SpacingWidth><DescendantWidth>0</DescendantWidth><Height>72</Height></GUILayoutItem><GUILayoutItem><Name>AssignWC_Name</Name><X>448</X><Y>840</Y><Width>104</Width><SpacingWidth>0</SpacingWidth><DescendantWidth>0</DescendantWidth><Height>72</Height></GUILayoutItem><GUILayoutItem><Name>Sequence_21</Name><X>584</X><Y>280</Y><Width>120</Width><SpacingWidth>120</SpacingWidth><DescendantWidth>0</DescendantWidth><Height>96</Height></GUILayoutItem></Layout><Actions><ContextItem><Name>ShowParam</Name><Description/><MinRange>0</MinRange><MaxRange>0</MaxRange><Value xsi:type="Tracer"><Message/><Level>INFO</Level></Value><ReadOnly>false</ReadOnly><AlertXMLAssigned>false</AlertXMLAssigned></ContextItem><ContextItem><Name>sql_get_SN_Comp</Name><Description/><MinRange>0</MinRange><MaxRange>0</MaxRange><Value xsi:type="IlluminatorSQLQueryObject"><Timeout>60</Timeout><QueryParameters/><QueryTemplate>MESM/ORDERS_GMVT/QUERIES/sql_get_SN_Data</QueryTemplate><QueryStartDate>2017-03-14T16:27:01</QueryStartDate><QueryEndDate>2017-03-14T16:27:01</QueryEndDate><SQLTransaction/><Results><ReferenceDocumentSource/>&lt;?xml version="1.0" encoding="UTF-8"?&gt;&lt;Rowsets CachedTime="" DateCreated="2017-03-14T16:27:01" EndDate="2017-03-14T16:27:01" StartDate="2017-03-14T15:27:01" Version="15.0 SP7 Patch 12 (Sep 7, 2016)"&gt;&lt;Rowset&gt;&lt;Columns&gt;&lt;Column Description="orderNumber" MaxRange="1" MinRange="0" Name="orderNumber" SQLDataType="-9" SourceColumn="orderNumber"/&gt;&lt;Column Description="materialName" MaxRange="1" MinRange="0" Name="materialName" SQLDataType="-9" SourceColumn="materialName"/&gt;&lt;Column Description="firstPartSerialNumber" MaxRange="1" MinRange="0" Name="firstPartSerialNumber" SQLDataType="-9" SourceColumn="firstPartSerialNumber"/&gt;&lt;Column Description="secondPartSerialNumber" MaxRange="1" MinRange="0" Name="secondPartSerialNumber" SQLDataType="-9" SourceColumn="secondPartSerialNumber"/&gt;&lt;/Columns&gt;&lt;Row&gt;&lt;orderNumber&gt;010800051&lt;/orderNumber&gt;&lt;materialName&gt;10026791&lt;/materialName&gt;&lt;firstPartSerialNumber&gt;TTOAA7073B0&lt;/firstPartSerialNumber&gt;&lt;secondPartSerialNumber&gt;000&lt;/secondPartSerialNumber&gt;&lt;/Row&gt;&lt;/Rowset&gt;&lt;/Rowsets&gt;</Results><TagList/></Value><SchemaURI/><SchemaElement/><ValidateXMLOnExecution>1</ValidateXMLOnExecution><ReadOnly>false</ReadOnly><AlertXMLAssigned>false</AlertXMLAssigned></ContextItem><ContextItem><Name>SN_Comp_Found</Name><Description/><MinRange>0</MinRange><MaxRange>0</MaxRange><Value xsi:type="ConditionalAction"><Output>false</Output><InputCount>1</InputCount><LogicalAnd>false</LogicalAnd><Input1>false</Input1></Value><ReadOnly>false</ReadOnly><AlertXMLAssigned>false</AlertXMLAssigned></ContextItem><ContextItem><Name>RepeatOnComp</Name><Description/><MinRange>0</MinRange><MaxRange>0</MaxRange><Value xsi:type="RepeaterAction"><Output><ReferenceDocumentSource/>&lt;?xml version="1.0" encoding="UTF-8"?&gt;&lt;Row&gt;&lt;orderNumber&gt;010800051&lt;/orderNumber&gt;&lt;materialName&gt;10026791&lt;/materialName&gt;&lt;firstPartSerialNumber&gt;TTOAA7073B0&lt;/firstPartSerialNumber&gt;&lt;secondPartSerialNumber&gt;000&lt;/secondPartSerialNumber&gt;&lt;/Row&gt;</Output><Break>false</Break><ItemCount>0</ItemCount><CurrentItem>0</CurrentItem><Source>sql_get_SN_Comp.Results{/Rowsets/Rowset/Row}</Source><Item><ReferenceDocumentSource/>&lt;?xml version="1.0" encoding="UTF-8"?&gt;&lt;Row&gt;&lt;orderNumber&gt;010800051&lt;/orderNumber&gt;&lt;materialName&gt;10026791&lt;/materialName&gt;&lt;firstPartSerialNumber&gt;TTOAA7073B0&lt;/firstPartSerialNumber&gt;&lt;secondPartSerialNumber&gt;000&lt;/secondPartSerialNumber&gt;&lt;/Row&gt;</Item></Value><SchemaURI/><SchemaElement/><ValidateXMLOnExecution>1</ValidateXMLOnExecution><SchemaURI/><SchemaElement/><ValidateXMLOnExecution>1</ValidateXMLOnExecution><ReadOnly>false</ReadOnly><AlertXMLAssigned>false</AlertXMLAssigned></ContextItem><ContextItem><Name>sql_get_SN_Assy</Name><Description/><MinRange>0</MinRange><MaxRange>0</MaxRange><Value xsi:type="IlluminatorSQLQueryObject"><Timeout>60</Timeout><QueryParameters/><QueryTemplate>MESM/ORDERS_GMVT/QUERIES/sql_get_SN_Data</QueryTemplate><QueryStartDate>2017-03-14T16:27:01</QueryStartDate><QueryEndDate>2017-03-14T16:27:01</QueryEndDate><SQLTransaction/><Results><ReferenceDocumentSource/>&lt;?xml version="1.0" encoding="UTF-8"?&gt;&lt;Rowsets CachedTime="" DateCreated="2017-03-14T16:27:01" EndDate="2017-03-14T16:27:01" StartDate="2017-03-14T15:27:01" Version="15.0 SP7 Patch 12 (Sep 7, 2016)"&gt;&lt;Rowset&gt;&lt;Columns&gt;&lt;Column Description="orderNumber" MaxRange="1" MinRange="0" Name="orderNumber" SQLDataType="-9" SourceColumn="orderNumber"/&gt;&lt;Column Description="materialName" MaxRange="1" MinRange="0" Name="materialName" SQLDataType="-9" SourceColumn="materialName"/&gt;&lt;Column Description="firstPartSerialNumber" MaxRange="1" MinRange="0" Name="firstPartSerialNumber" SQLDataType="-9" SourceColumn="firstPartSerialNumber"/&gt;&lt;Column Description="secondPartSerialNumber" MaxRange="1" MinRange="0" Name="secondPartSerialNumber" SQLDataType="-9" SourceColumn="secondPartSerialNumber"/&gt;&lt;/Columns&gt;&lt;Row&gt;&lt;orderNumber&gt;010800051&lt;/orderNumber&gt;&lt;materialName&gt;10026791&lt;/materialName&gt;&lt;firstPartSerialNumber&gt;TTOAA7073B0&lt;/firstPartSerialNumber&gt;&lt;secondPartSerialNumber&gt;000&lt;/secondPartSerialNumber&gt;&lt;/Row&gt;&lt;/Rowset&gt;&lt;/Rowsets&gt;</Results><TagList/></Value><SchemaURI/><SchemaElement/><ValidateXMLOnExecution>1</ValidateXMLOnExecution><ReadOnly>false</ReadOnly><AlertXMLAssigned>false</AlertXMLAssigned></ContextItem><ContextItem><Name>SN_Assy_Found</Name><Description/><MinRange>0</MinRange><MaxRange>0</MaxRange><Value xsi:type="ConditionalAction"><Output>false</Output><InputCount>1</InputCount><LogicalAnd>false</LogicalAnd><Input1>false</Input1></Value><ReadOnly>false</ReadOnly><AlertXMLAssigned>false</AlertXMLAssigned></ContextItem><ContextItem><Name>RepeatOnAssy</Name><Description/><MinRange>0</MinRange><MaxRange>0</MaxRange><Value xsi:type="RepeaterAction"><Output><ReferenceDocumentSource/>&lt;?xml version="1.0" encoding="UTF-8"?&gt;&lt;Row&gt;&lt;orderNumber&gt;010800051&lt;/orderNumber&gt;&lt;materialName&gt;10026791&lt;/materialName&gt;&lt;firstPartSerialNumber&gt;TTOAA7073B0&lt;/firstPartSerialNumber&gt;&lt;secondPartSerialNumber&gt;000&lt;/secondPartSerialNumber&gt;&lt;/Row&gt;</Output><Break>false</Break><ItemCount>0</ItemCount><CurrentItem>0</CurrentItem><Source>sql_get_SN_Assy.Results{/Rowsets/Rowset/Row}</Source><Item><ReferenceDocumentSource/>&lt;?xml version="1.0" encoding="UTF-8"?&gt;&lt;Row&gt;&lt;orderNumber&gt;010800051&lt;/orderNumber&gt;&lt;materialName&gt;10026791&lt;/materialName&gt;&lt;firstPartSerialNumber&gt;TTOAA7073B0&lt;/firstPartSerialNumber&gt;&lt;secondPartSerialNumber&gt;000&lt;/secondPartSerialNumber&gt;&lt;/Row&gt;</Item></Value><SchemaURI/><SchemaElement/><ValidateXMLOnExecution>1</ValidateXMLOnExecution><SchemaURI/><SchemaElement/><ValidateXMLOnExecution>1</ValidateXMLOnExecution><ReadOnly>false</ReadOnly><AlertXMLAssigned>false</AlertXMLAssigned></ContextItem><ContextItem><Name>ShowCompInfo</Name><Description/><MinRange>0</MinRange><MaxRange>0</MaxRange><Value xsi:type="Tracer"><Message/><Level>INFO</Level></Value><ReadOnly>false</ReadOnly><AlertXMLAssigned>false</AlertXMLAssigned></ContextItem><ContextItem><Name>SAP_JCo_CompDTL</Name><Description/><MinRange>0</MinRange><MaxRange>0</MaxRange><Value xsi:type="SAPJCOInterface"><Request><ReferenceDocumentSource/>&lt;?xml version="1.0" encoding="UTF-8"?&gt;&lt;BAPI_MATERIAL_GET_DETAIL&gt;&lt;INPUT&gt;&lt;MATERIAL/&gt;&lt;MATERIAL_EVG&gt;&lt;MATERIAL_EXT/&gt;&lt;MATERIAL_VERS/&gt;&lt;MATERIAL_GUID/&gt;&lt;/MATERIAL_EVG&gt;&lt;PLANT/&gt;&lt;VALUATIONAREA/&gt;&lt;VALUATIONTYPE/&gt;&lt;/INPUT&gt;&lt;/BAPI_MATERIAL_GET_DETAIL&gt;</Request><Response><ReferenceDocumentSource/>&lt;?xml version="1.0" encoding="UTF-8"?&gt;&lt;BAPI_MATERIAL_GET_DETAIL&gt;&lt;OUTPUT&gt;&lt;MATERIALPLANTDATA&gt;&lt;PUR_GROUP/&gt;&lt;ISSUE_UNIT/&gt;&lt;/MATERIALPLANTDATA&gt;&lt;MATERIALVALUATIONDATA&gt;&lt;PRICE_CTRL/&gt;&lt;MOVING_PR/&gt;&lt;STD_PRICE/&gt;&lt;PRICE_UNIT/&gt;&lt;CURRENCY/&gt;&lt;CURRENCY_ISO/&gt;&lt;/MATERIALVALUATIONDATA&gt;&lt;MATERIAL_GENERAL_DATA&gt;&lt;MATL_DESC/&gt;&lt;OLD_MAT_NO/&gt;&lt;MATL_TYPE/&gt;&lt;IND_SECTOR/&gt;&lt;DIVISION/&gt;&lt;MATL_GROUP/&gt;&lt;PROD_HIER/&gt;&lt;BASIC_MATL/&gt;&lt;STD_DESCR/&gt;&lt;LAB_DESIGN/&gt;&lt;PROD_MEMO/&gt;&lt;PAGEFORMAT/&gt;&lt;CONTAINER/&gt;&lt;STOR_CONDS/&gt;&lt;TEMP_CONDS/&gt;&lt;BASE_UOM/&gt;&lt;EAN_UPC/&gt;&lt;EAN_CAT/&gt;&lt;SIZE_DIM/&gt;&lt;GROSS_WT/&gt;&lt;NET_WEIGHT/&gt;&lt;UNIT_OF_WT/&gt;&lt;VOLUME/&gt;&lt;VOLUMEUNIT/&gt;&lt;LENGTH/&gt;&lt;WIDTH/&gt;&lt;HEIGHT/&gt;&lt;UNIT_DIM/&gt;&lt;MANU_MAT/&gt;&lt;MFR_NO/&gt;&lt;BASE_UOM_ISO/&gt;&lt;UNIT_OF_WT_ISO/&gt;&lt;VOLUMEUNIT_ISO/&gt;&lt;UNIT_DIM_ISO/&gt;&lt;CREATED_ON/&gt;&lt;CREATED_BY/&gt;&lt;LAST_CHNGE/&gt;&lt;CHANGED_BY/&gt;&lt;MATL_CAT/&gt;&lt;EMPTIESBOM/&gt;&lt;BASIC_MATL_NEW/&gt;&lt;/MATERIAL_GENERAL_DATA&gt;&lt;RETURN&gt;&lt;TYPE/&gt;&lt;CODE/&gt;&lt;MESSAGE/&gt;&lt;LOG_NO/&gt;&lt;LOG_MSG_NO/&gt;&lt;MESSAGE_V1/&gt;&lt;MESSAGE_V2/&gt;&lt;MESSAGE_V3/&gt;&lt;MESSAGE_V4/&gt;&lt;/RETURN&gt;&lt;/OUTPUT&gt;&lt;/BAPI_MATERIAL_GET_DETAIL&gt;</Response><SAPRFC>BAPI_MATERIAL_GET_DETAIL</SAPRFC><ExecuteFunction>true</ExecuteFunction><AutoCommit>false</AutoCommit><ConnPropAlias>SAP</ConnPropAlias><CredentialAlias>SAP</CredentialAlias><SAPServerName>10.2.9.139</SAPServerName><SAPClient>524</SAPClient><SAPSystemNumber>01</SAPSystemNumber><SAPUserName/><SAPPassword/><Language>EN</Language><SAPSSO2Ticket/><ConnectionTimeout>0</ConnectionTimeout><PoolConnections>false</PoolConnections><LogonGroup/><RecreateFunction>true</RecreateFunction><AllowMultipleRows>true</AllowMultipleRows><DaysRetention>7</DaysRetention><MaxRetryCount>5</MaxRetryCount><RetryInterval>30000</RetryInterval><ProcessingMode>1</ProcessingMode><Filter/><DataBufferComment/><RetryImmediately>false</RetryImmediately></Value><SchemaURI/><SchemaElement/><ValidateXMLOnExecution>1</ValidateXMLOnExecution><SchemaURI/><SchemaElement/><ValidateXMLOnExecution>1</ValidateXMLOnExecution><ReadOnly>false</ReadOnly><AlertXMLAssigned>false</AlertXMLAssigned></ContextItem><ContextItem><Name>SAP_JCo_AssyDTL</Name><Description/><MinRange>0</MinRange><MaxRange>0</MaxRange><Value xsi:type="SAPJCOInterface"><Request><ReferenceDocumentSource/>&lt;?xml version="1.0" encoding="UTF-8"?&gt;&lt;BAPI_MATERIAL_GET_DETAIL&gt;&lt;INPUT&gt;&lt;MATERIAL/&gt;&lt;MATERIAL_EVG&gt;&lt;MATERIAL_EXT/&gt;&lt;MATERIAL_VERS/&gt;&lt;MATERIAL_GUID/&gt;&lt;/MATERIAL_EVG&gt;&lt;PLANT/&gt;&lt;VALUATIONAREA/&gt;&lt;VALUATIONTYPE/&gt;&lt;/INPUT&gt;&lt;/BAPI_MATERIAL_GET_DETAIL&gt;</Request><Response><ReferenceDocumentSource/>&lt;?xml version="1.0" encoding="UTF-8"?&gt;&lt;BAPI_MATERIAL_GET_DETAIL&gt;&lt;OUTPUT&gt;&lt;MATERIALPLANTDATA&gt;&lt;PUR_GROUP/&gt;&lt;ISSUE_UNIT/&gt;&lt;/MATERIALPLANTDATA&gt;&lt;MATERIALVALUATIONDATA&gt;&lt;PRICE_CTRL/&gt;&lt;MOVING_PR/&gt;&lt;STD_PRICE/&gt;&lt;PRICE_UNIT/&gt;&lt;CURRENCY/&gt;&lt;CURRENCY_ISO/&gt;&lt;/MATERIALVALUATIONDATA&gt;&lt;MATERIAL_GENERAL_DATA&gt;&lt;MATL_DESC/&gt;&lt;OLD_MAT_NO/&gt;&lt;MATL_TYPE/&gt;&lt;IND_SECTOR/&gt;&lt;DIVISION/&gt;&lt;MATL_GROUP/&gt;&lt;PROD_HIER/&gt;&lt;BASIC_MATL/&gt;&lt;STD_DESCR/&gt;&lt;LAB_DESIGN/&gt;&lt;PROD_MEMO/&gt;&lt;PAGEFORMAT/&gt;&lt;CONTAINER/&gt;&lt;STOR_CONDS/&gt;&lt;TEMP_CONDS/&gt;&lt;BASE_UOM/&gt;&lt;EAN_UPC/&gt;&lt;EAN_CAT/&gt;&lt;SIZE_DIM/&gt;&lt;GROSS_WT/&gt;&lt;NET_WEIGHT/&gt;&lt;UNIT_OF_WT/&gt;&lt;VOLUME/&gt;&lt;VOLUMEUNIT/&gt;&lt;LENGTH/&gt;&lt;WIDTH/&gt;&lt;HEIGHT/&gt;&lt;UNIT_DIM/&gt;&lt;MANU_MAT/&gt;&lt;MFR_NO/&gt;&lt;BASE_UOM_ISO/&gt;&lt;UNIT_OF_WT_ISO/&gt;&lt;VOLUMEUNIT_ISO/&gt;&lt;UNIT_DIM_ISO/&gt;&lt;CREATED_ON/&gt;&lt;CREATED_BY/&gt;&lt;LAST_CHNGE/&gt;&lt;CHANGED_BY/&gt;&lt;MATL_CAT/&gt;&lt;EMPTIESBOM/&gt;&lt;BASIC_MATL_NEW/&gt;&lt;/MATERIAL_GENERAL_DATA&gt;&lt;RETURN&gt;&lt;TYPE/&gt;&lt;CODE/&gt;&lt;MESSAGE/&gt;&lt;LOG_NO/&gt;&lt;LOG_MSG_NO/&gt;&lt;MESSAGE_V1/&gt;&lt;MESSAGE_V2/&gt;&lt;MESSAGE_V3/&gt;&lt;MESSAGE_V4/&gt;&lt;/RETURN&gt;&lt;/OUTPUT&gt;&lt;/BAPI_MATERIAL_GET_DETAIL&gt;</Response><SAPRFC>BAPI_MATERIAL_GET_DETAIL</SAPRFC><ExecuteFunction>true</ExecuteFunction><AutoCommit>false</AutoCommit><ConnPropAlias>SAP</ConnPropAlias><CredentialAlias>SAP</CredentialAlias><SAPServerName>10.2.9.139</SAPServerName><SAPClient>524</SAPClient><SAPSystemNumber>01</SAPSystemNumber><SAPUserName/><SAPPassword/><Language>EN</Language><SAPSSO2Ticket/><ConnectionTimeout>0</ConnectionTimeout><PoolConnections>false</PoolConnections><LogonGroup/><RecreateFunction>true</RecreateFunction><AllowMultipleRows>true</AllowMultipleRows><DaysRetention>7</DaysRetention><MaxRetryCount>5</MaxRetryCount><RetryInterval>30000</RetryInterval><ProcessingMode>1</ProcessingMode><Filter/><DataBufferComment/><RetryImmediately>false</RetryImmediately></Value><SchemaURI/><SchemaElement/><ValidateXMLOnExecution>1</ValidateXMLOnExecution><SchemaURI/><SchemaElement/><ValidateXMLOnExecution>1</ValidateXMLOnExecution><ReadOnly>false</ReadOnly><AlertXMLAssigned>false</AlertXMLAssigned></ContextItem><ContextItem><Name>AssignComp</Name><Description/><MinRange>0</MinRange><MaxRange>0</MaxRange><Value xsi:type="Assignment"/><ReadOnly>false</ReadOnly><AlertXMLAssigned>false</AlertXMLAssigned></ContextItem><ContextItem><Name>AssignAssy</Name><Description/><MinRange>0</MinRange><MaxRange>0</MaxRange><Value xsi:type="Assignment"/><ReadOnly>false</ReadOnly><AlertXMLAssigned>false</AlertXMLAssigned></ContextItem><ContextItem><Name>ShowAssyInfo</Name><Description/><MinRange>0</MinRange><MaxRange>0</MaxRange><Value xsi:type="Tracer"><Message/><Level>INFO</Level></Value><ReadOnly>false</ReadOnly><AlertXMLAssigned>false</AlertXMLAssigned></ContextItem><ContextItem><Name>sql_getGIData</Name><Description/><MinRange>0</MinRange><MaxRange>0</MaxRange><Value xsi:type="IlluminatorSQLQueryObject"><Timeout>60</Timeout><QueryParameters/><QueryTemplate>MESM/ORDERS_GMVT/QUERIES/sql_getComponentData</QueryTemplate><QueryStartDate>2017-03-14T17:19:57</QueryStartDate><QueryEndDate>2017-03-14T17:19:57</QueryEndDate><SQLTransaction/><Results><ReferenceDocumentSource/>&lt;?xml version="1.0" encoding="UTF-8"?&gt;&lt;Rowsets CachedTime="" DateCreated="2017-03-14T17:40:40" EndDate="2017-03-14T17:40:40" StartDate="2017-03-14T16:40:40" Version="15.0 SP7 Patch 12 (Sep 7, 2016)"&gt;&lt;Rowset&gt;&lt;Columns&gt;&lt;Column Description="PROD_PLANT" MaxRange="1" MinRange="0" Name="PROD_PLANT" SQLDataType="-9" SourceColumn="PROD_PLANT"/&gt;&lt;Column Description="RESERVATION_NUMBER" MaxRange="1" MinRange="0" Name="RESERVATION_NUMBER" SQLDataType="-9" SourceColumn="RESERVATION_NUMBER"/&gt;&lt;Column Description="RESERVATION_ITEM" MaxRange="1" MinRange="0" Name="RESERVATION_ITEM" SQLDataType="-9" SourceColumn="RESERVATION_ITEM"/&gt;&lt;Column Description="ORDER_NUMBER" MaxRange="1" MinRange="0" Name="ORDER_NUMBER" SQLDataType="-9" SourceColumn="ORDER_NUMBER"/&gt;&lt;Column Description="OPERATION" MaxRange="1" MinRange="0" Name="OPERATION" SQLDataType="-9" SourceColumn="OPERATION"/&gt;&lt;Column Description="ITEM_NUMBER" MaxRange="1" MinRange="0" Name="ITEM_NUMBER" SQLDataType="-9" SourceColumn="ITEM_NUMBER"/&gt;&lt;Column Description="STORAGE_LOCATION" MaxRange="1" MinRange="0" Name="STORAGE_LOCATION" SQLDataType="-9" SourceColumn="STORAGE_LOCATION"/&gt;&lt;Column Description="MOVEMENT_TYPE" MaxRange="1" MinRange="0" Name="MOVEMENT_TYPE" SQLDataType="-9" SourceColumn="MOVEMENT_TYPE"/&gt;&lt;Column Description="BACKFLUSH" MaxRange="1" MinRange="0" Name="BACKFLUSH" SQLDataType="-9" SourceColumn="BACKFLUSH"/&gt;&lt;Column Description="BATCH" MaxRange="1" MinRange="0" Name="BATCH" SQLDataType="-9" SourceColumn="BATCH"/&gt;&lt;/Columns&gt;&lt;Row&gt;&lt;PROD_PLANT&gt;1604&lt;/PROD_PLANT&gt;&lt;RESERVATION_NUMBER&gt;0000000181&lt;/RESERVATION_NUMBER&gt;&lt;RESERVATION_ITEM&gt;0001&lt;/RESERVATION_ITEM&gt;&lt;ORDER_NUMBER&gt;000000800060&lt;/ORDER_NUMBER&gt;&lt;OPERATION&gt;0010&lt;/OPERATION&gt;&lt;ITEM_NUMBER&gt;0010&lt;/ITEM_NUMBER&gt;&lt;STORAGE_LOCATION&gt;RECV&lt;/STORAGE_LOCATION&gt;&lt;MOVEMENT_TYPE&gt;261&lt;/MOVEMENT_TYPE&gt;&lt;BACKFLUSH/&gt;&lt;BATCH/&gt;&lt;/Row&gt;&lt;/Rowset&gt;&lt;/Rowsets&gt;</Results><TagList/></Value><SchemaURI/><SchemaElement/><ValidateXMLOnExecution>1</ValidateXMLOnExecution><ReadOnly>false</ReadOnly><AlertXMLAssigned>false</AlertXMLAssigned></ContextItem><ContextItem><Name>Data_GI_Found</Name><Description/><MinRange>0</MinRange><MaxRange>0</MaxRange><Value xsi:type="ConditionalAction"><Output>false</Output><InputCount>1</InputCount><LogicalAnd>false</LogicalAnd><Input1>false</Input1></Value><ReadOnly>false</ReadOnly><AlertXMLAssigned>false</AlertXMLAssigned></ContextItem><ContextItem><Name>RepeatOnData</Name><Description/><MinRange>0</MinRange><MaxRange>0</MaxRange><Value xsi:type="RepeaterAction"><Output><ReferenceDocumentSource/>&lt;?xml version="1.0" encoding="UTF-8"?&gt;&lt;Row&gt;&lt;PROD_PLANT&gt;1604&lt;/PROD_PLANT&gt;&lt;RESERVATION_NUMBER&gt;0000000181&lt;/RESERVATION_NUMBER&gt;&lt;RESERVATION_ITEM&gt;0001&lt;/RESERVATION_ITEM&gt;&lt;ORDER_NUMBER&gt;000000800060&lt;/ORDER_NUMBER&gt;&lt;OPERATION&gt;0010&lt;/OPERATION&gt;&lt;ITEM_NUMBER&gt;0010&lt;/ITEM_NUMBER&gt;&lt;STORAGE_LOCATION&gt;RECV&lt;/STORAGE_LOCATION&gt;&lt;MOVEMENT_TYPE&gt;261&lt;/MOVEMENT_TYPE&gt;&lt;BACKFLUSH/&gt;&lt;BATCH/&gt;&lt;/Row&gt;</Output><Break>false</Break><ItemCount>0</ItemCount><CurrentItem>0</CurrentItem><Source>sql_getGIData.Results{/Rowsets/Rowset/Row}</Source><Item><ReferenceDocumentSource/>&lt;?xml version="1.0" encoding="UTF-8"?&gt;&lt;Row&gt;&lt;PROD_PLANT&gt;1604&lt;/PROD_PLANT&gt;&lt;RESERVATION_NUMBER&gt;0000000181&lt;/RESERVATION_NUMBER&gt;&lt;RESERVATION_ITEM&gt;0001&lt;/RESERVATION_ITEM&gt;&lt;ORDER_NUMBER&gt;000000800060&lt;/ORDER_NUMBER&gt;&lt;OPERATION&gt;0010&lt;/OPERATION&gt;&lt;ITEM_NUMBER&gt;0010&lt;/ITEM_NUMBER&gt;&lt;STORAGE_LOCATION&gt;RECV&lt;/STORAGE_LOCATION&gt;&lt;MOVEMENT_TYPE&gt;261&lt;/MOVEMENT_TYPE&gt;&lt;BACKFLUSH/&gt;&lt;BATCH/&gt;&lt;/Row&gt;</Item></Value><SchemaURI/><SchemaElement/><ValidateXMLOnExecution>1</ValidateXMLOnExecution><SchemaURI/><SchemaElement/><ValidateXMLOnExecution>1</ValidateXMLOnExecution><ReadOnly>false</ReadOnly><AlertXMLAssigned>false</AlertXMLAssigned></ContextItem><ContextItem><Name>ShowCGI_Data</Name><Description/><MinRange>0</MinRange><MaxRange>0</MaxRange><Value xsi:type="Tracer"><Message/><Level>INFO</Level></Value><ReadOnly>false</ReadOnly><AlertXMLAssigned>false</AlertXMLAssigned></ContextItem><ContextItem><Name>AssignGI_Data</Name><Description/><MinRange>0</MinRange><MaxRange>0</MaxRange><Value xsi:type="Assignment"/><ReadOnly>false</ReadOnly><AlertXMLAssigned>false</AlertXMLAssigned></ContextItem><ContextItem><Name>sql_getWCName</Name><Description/><MinRange>0</MinRange><MaxRange>0</MaxRange><Value xsi:type="IlluminatorSQLQueryObject"><Timeout>60</Timeout><QueryParameters/><QueryTemplate>MESM/ORDERS_GMVT/QUERIES/sql_getWCName</QueryTemplate><QueryStartDate>2017-03-14T18:02:00</QueryStartDate><QueryEndDate>2017-03-14T18:02:00</QueryEndDate><SQLTransaction/><Results><ReferenceDocumentSource/>&lt;?xml version="1.0" encoding="UTF-8"?&gt;&lt;Rowsets CachedTime="" DateCreated="2017-03-14T18:02:00" EndDate="2017-03-14T18:02:00" StartDate="2017-03-14T17:02:00" Version="15.0 SP7 Patch 12 (Sep 7, 2016)"&gt;&lt;Rowset&gt;&lt;Columns&gt;&lt;Column Description="WCName" MaxRange="1" MinRange="0" Name="WCName" SQLDataType="12" SourceColumn="WCName"/&gt;&lt;/Columns&gt;&lt;Row&gt;&lt;WCName&gt;FA_JL_RR&lt;/WCName&gt;&lt;/Row&gt;&lt;/Rowset&gt;&lt;/Rowsets&gt;</Results><TagList/></Value><SchemaURI/><SchemaElement/><ValidateXMLOnExecution>1</ValidateXMLOnExecution><ReadOnly>false</ReadOnly><AlertXMLAssigned>false</AlertXMLAssigned></ContextItem><ContextItem><Name>WC_Name_Found</Name><Description/><MinRange>0</MinRange><MaxRange>0</MaxRange><Value xsi:type="ConditionalAction"><Output>false</Output><InputCount>1</InputCount><LogicalAnd>false</LogicalAnd><Input1>false</Input1></Value><ReadOnly>false</ReadOnly><AlertXMLAssigned>false</AlertXMLAssigned></ContextItem><ContextItem><Name>RepeatOnName</Name><Description/><MinRange>0</MinRange><MaxRange>0</MaxRange><Value xsi:type="RepeaterAction"><Output><ReferenceDocumentSource/>&lt;?xml version="1.0" encoding="UTF-8"?&gt;&lt;Row&gt;&lt;WCName&gt;FA_JL_RR&lt;/WCName&gt;&lt;/Row&gt;</Output><Break>false</Break><ItemCount>0</ItemCount><CurrentItem>0</CurrentItem><Source>sql_getWCName.Results{/Rowsets/Rowset/Row}</Source><Item><ReferenceDocumentSource/>&lt;?xml version="1.0" encoding="UTF-8"?&gt;&lt;Row&gt;&lt;WCName&gt;FA_JL_RR&lt;/WCName&gt;&lt;/Row&gt;</Item></Value><SchemaURI/><SchemaElement/><ValidateXMLOnExecution>1</ValidateXMLOnExecution><SchemaURI/><SchemaElement/><ValidateXMLOnExecution>1</ValidateXMLOnExecution><ReadOnly>false</ReadOnly><AlertXMLAssigned>false</AlertXMLAssigned></ContextItem><ContextItem><Name>AssignWC_Name</Name><Description/><MinRange>0</MinRange><MaxRange>0</MaxRange><Value xsi:type="Assignment"/><ReadOnly>false</ReadOnly><AlertXMLAssigned>false</AlertXMLAssigned></ContextItem></Actions><ReaderRoles>SAP_XMII_Super_Administrator,SAP_XMII_Administrator,SAP_XMII_Developer,SAP_XMII_User</ReaderRoles><Steps><Step xsi:type="ActionSequence"><Name>Sequence</Name><Description/><Steps><Step xsi:type="ActionSequence"><Name>Sequence_0</Name><Description/><Steps><Step xsi:type="Conditional"><Name>Sequence_1</Name><Description/><Steps><Step xsi:type="Repeater"><Name>Sequence_3</Name><Description/><Steps><Step xsi:type="ActionSequence"><Name>Sequence_11</Name><Description/><Steps><Step xsi:type="ActionSequence"><Name>Sequence_9</Name><Description/><Steps/><Actions><Action><Name>SAP_JCo_CompDTL</Name><Description> </Description><IncomingLinks><Assign xsi:type="Assign"><Name/><Description/><To>SAP_JCo_CompDTL.ConnPropAlias</To><From>Transaction.SAP_SERVER</From></Assign><Assign xsi:type="Assign"><Name/><Description/><To>SAP_JCo_CompDTL.CredentialAlias</To><From>Transaction.SAP_CREDENTIAL</From></Assign><Assign xsi:type="Assign"><Name/><Description/><To>SAP_JCo_CompDTL.Request{/BAPI_MATERIAL_GET_DETAIL/INPUT/MATERIAL}</To><From>Local.COMP_SAP_PARTNO</From></Assign></IncomingLinks><OutgoingLinks/></Action></Actions></Step></Steps><Actions><Action><Name>AssignComp</Name><Description> </Description><IncomingLinks/><OutgoingLinks><Assign xsi:type="Assign"><Name/><Description/><To>Local.COMP_LINE_ROUTE</To><From>stringpart(RepeatOnComp.Output{/Row/orderNumber},1,3)</From></Assign><Assign xsi:type="Assign"><Name/><Description/><To>Local.COMP_SAP_ORDER</To><From>stringpart(RepeatOnComp.Output{/Row/orderNumber},4,stringlength(RepeatOnComp.Output{/Row/orderNumber})-3)</From></Assign><Assign xsi:type="Assign"><Name/><Description/><To>Local.COMP_SAP_PARTNO</To><From>RepeatOnComp.Output{/Row/materialName}</From></Assign></OutgoingLinks></Action></Actions></Step></Steps><Actions><Action><Name>RepeatOnComp</Name><Description> </Description><IncomingLinks/><OutgoingLinks/></Action></Actions></Step></Steps><Actions><Action><Name>SN_Comp_Found</Name><Description> </Description><IncomingLinks><Assign xsi:type="Assign"><Name/><Description/><To>SN_Comp_Found.Input1</To><From>sql_get_SN_Comp.Results{count(/Rowsets/Rowset/Row)} &gt; 0</From></Assign></IncomingLinks><OutgoingLinks/></Action></Actions></Step></Steps><Actions><Action><Name>sql_get_SN_Comp</Name><Description>SQL Query</Description><IncomingLinks><Assign xsi:type="Assign"><Name/><Description/><To>sql_get_SN_Comp.Server</To><From>Transaction.SQL_SERVER</From></Assign><Assign xsi:type="Assign"><Name/><Description/><To>sql_get_SN_Comp.Param.1</To><From>Transaction.COMP_SERIALNR</From></Assign></IncomingLinks><OutgoingLinks/></Action></Actions></Step><Step xsi:type="ActionSequence"><Name>Sequence_4</Name><Description/><Steps><Step xsi:type="Conditional"><Name>Sequence_5</Name><Description/><Steps><Step xsi:type="Repeater"><Name>Sequence_6</Name><Description/><Steps><Step xsi:type="ActionSequence"><Name>Sequence_12</Name><Description/><Steps><Step xsi:type="ActionSequence"><Name>Sequence_10</Name><Description/><Steps/><Actions><Action><Name>SAP_JCo_AssyDTL</Name><Description> </Description><IncomingLinks><Assign xsi:type="Assign"><Name/><Description/><To>SAP_JCo_AssyDTL.ConnPropAlias</To><From>Transaction.SAP_SERVER</From></Assign><Assign xsi:type="Assign"><Name/><Description/><To>SAP_JCo_AssyDTL.CredentialAlias</To><From>Transaction.SAP_CREDENTIAL</From></Assign><Assign xsi:type="Assign"><Name/><Description/><To>SAP_JCo_AssyDTL.Request{/BAPI_MATERIAL_GET_DETAIL/INPUT/MATERIAL}</To><From>Local.ASSY_SAP_PARTNO</From></Assign></IncomingLinks><OutgoingLinks/></Action></Actions></Step></Steps><Actions><Action><Name>AssignAssy</Name><Description> </Description><IncomingLinks/><OutgoingLinks><Assign xsi:type="Assign"><Name/><Description/><To>Local.COMP_LINE_ROUTE</To><From>stringpart(RepeatOnComp.Output{/Row/orderNumber},1,3)</From></Assign><Assign xsi:type="Assign"><Name/><Description/><To>Local.COMP_SAP_ORDER</To><From>stringpart(RepeatOnComp.Output{/Row/orderNumber},4,stringlength(RepeatOnComp.Output{/Row/orderNumber})-3)</From></Assign><Assign xsi:type="Assign"><Name/><Description/><To>Local.COMP_SAP_PARTNO</To><From>RepeatOnComp.Output{/Row/materialName}</From></Assign><Assign xsi:type="Assign"><Name/><Description/><To>Local.ASSY_LINE_ROUTE</To><From>stringpart(RepeatOnAssy.Output{/Row/orderNumber},1,3)</From></Assign><Assign xsi:type="Assign"><Name/><Description/><To>Local.ASSY_SAP_ORDER</To><From>stringpart(RepeatOnAssy.Output{/Row/orderNumber},4,stringlength(RepeatOnAssy.Output{/Row/orderNumber})-3)</From></Assign><Assign xsi:type="Assign"><Name/><Description/><To>Local.ASSY_SAP_PARTNO</To><From>RepeatOnAssy.Output{/Row/materialName}</From></Assign></OutgoingLinks></Action></Actions></Step></Steps><Actions><Action><Name>RepeatOnAssy</Name><Description> </Description><IncomingLinks/><OutgoingLinks/></Action></Actions></Step></Steps><Actions><Action><Name>SN_Assy_Found</Name><Description> </Description><IncomingLinks><Assign xsi:type="Assign"><Name/><Description/><To>SN_Assy_Found.Input1</To><From>sql_get_SN_Assy.Results{count(/Rowsets/Rowset/Row)} &gt; 0</From></Assign></IncomingLinks><OutgoingLinks/></Action></Actions></Step></Steps><Actions><Action><Name>sql_get_SN_Assy</Name><Description>SQL Query</Description><IncomingLinks><Assign xsi:type="Assign"><Name/><Description/><To>sql_get_SN_Assy.Server</To><From>Transaction.SQL_SERVER</From></Assign><Assign xsi:type="Assign"><Name/><Description/><To>sql_get_SN_Assy.Param.1</To><From>Transaction.ASSY_SERIALNR</From></Assign></IncomingLinks><OutgoingLinks/></Action></Actions></Step><Step xsi:type="ActionSequence"><Name>Sequence_8</Name><Description/><Steps><Step xsi:type="ActionSequence"><Name>Sequence_2</Name><Description/><Steps><Step xsi:type="ActionSequence"><Name>Sequence_7</Name><Description/><Steps><Step xsi:type="Conditional"><Name>Sequence_14</Name><Description/><Steps><Step xsi:type="Repeater"><Name>Sequence_15</Name><Description/><Steps><Step xsi:type="ActionSequence"><Name>Sequence_13</Name><Description/><Steps/><Actions><Action><Name>AssignGI_Data</Name><Description> </Description><IncomingLinks/><OutgoingLinks><Assign xsi:type="Assign"><Name/><Description/><To>Local.GI_SAP_PLANT</To><From>RepeatOnData.Output{/Row/PROD_PLANT}</From></Assign><Assign xsi:type="Assign"><Name/><Description/><To>Local.GI_SAP_RES_NO</To><From>RepeatOnData.Output{/Row/RESERVATION_NUMBER}</From></Assign><Assign xsi:type="Assign"><Name/><Description/><To>Local.GI_SAP_RES_IT</To><From>RepeatOnData.Output{/Row/RESERVATION_ITEM}</From></Assign><Assign xsi:type="Assign"><Name/><Description/><To>Local.GI_SAP_ORDER</To><From>RepeatOnData.Output{/Row/ORDER_NUMBER}</From></Assign><Assign xsi:type="Assign"><Name/><Description/><To>Local.GI_SAP_ORDER_OP</To><From>RepeatOnData.Output{/Row/OPERATION}</From></Assign><Assign xsi:type="Assign"><Name/><Description/><To>Local.GI_SAP_ORDER_ITNO</To><From>RepeatOnData.Output{/Row/ITEM_NUMBER}</From></Assign><Assign xsi:type="Assign"><Name/><Description/><To>Local.GI_SAP_ORDER_SLOC</To><From>RepeatOnData.Output{/Row/STORAGE_LOCATION}</From></Assign><Assign xsi:type="Assign"><Name/><Description/><To>Local.GI_SAP_MOVE_TYPE</To><From>RepeatOnData.Output{/Row/MOVEMENT_TYPE}</From></Assign><Assign xsi:type="Assign"><Name/><Description/><To>Local.GI_SAP_BATCH</To><From>RepeatOnData.Output{/Row/BATCH}</From></Assign><Assign xsi:type="Assign"><Name/><Description/><To>Local.GI_SAP_BACKFLUSH</To><From>RepeatOnData.Output{/Row/BACKFLUSH}</From></Assign></OutgoingLinks></Action></Actions></Step></Steps><Actions><Action><Name>RepeatOnData</Name><Description> </Description><IncomingLinks/><OutgoingLinks/></Action></Actions></Step></Steps><Actions><Action><Name>Data_GI_Found</Name><Description> </Description><IncomingLinks><Assign xsi:type="Assign"><Name/><Description/><To>Data_GI_Found.Input1</To><From>sql_getGIData.Results{count(/Rowsets/Rowset/Row)} &gt;0</From></Assign></IncomingLinks><OutgoingLinks/></Action></Actions></Step></Steps><Actions><Action><Name>sql_getGIData</Name><Description>SQL Query</Description><IncomingLinks><Assign xsi:type="Assign"><Name/><Description/><To>sql_getGIData.Server</To><From>Transaction.SQL_SERVER</From></Assign><Assign xsi:type="Assign"><Name/><Description/><To>sql_getGIData.Param.1</To><From>Local.COMP_SAP_PARTNO</From></Assign><Assign xsi:type="Assign"><Name/><Description/><To>sql_getGIData.Param.2</To><From>format(Local.ASSY_SAP_ORDER, "000000000000")</From></Assign></IncomingLinks><OutgoingLinks/></Action></Actions></Step><Step xsi:type="ActionSequence"><Name>Sequence_17</Name><Description/><Steps><Step xsi:type="Conditional"><Name>Sequence_18</Name><Description/><Steps><Step xsi:type="Repeater"><Name>Sequence_19</Name><Description/><Steps><Step xsi:type="ActionSequence"><Name>Sequence_20</Name><Description/><Steps/><Actions><Action><Name>AssignWC_Name</Name><Description> </Description><IncomingLinks/><OutgoingLinks><Assign xsi:type="Assign"><Name/><Description/><To>Local.GI_SAP_WORKCENTER</To><From>RepeatOnName.Output{/Row/WCName}</From></Assign></OutgoingLinks></Action></Actions></Step></Steps><Actions><Action><Name>RepeatOnName</Name><Description> </Description><IncomingLinks/><OutgoingLinks/></Action></Actions></Step></Steps><Actions><Action><Name>WC_Name_Found</Name><Description> </Description><IncomingLinks><Assign xsi:type="Assign"><Name/><Description/><To>WC_Name_Found.Input1</To><From>sql_getWCName.Results{count(/Rowsets/Rowset/Row)} &gt;0</From></Assign></IncomingLinks><OutgoingLinks/></Action></Actions></Step></Steps><Actions><Action><Name>sql_getWCName</Name><Description>SQL Query</Description><IncomingLinks/><OutgoingLinks/></Action></Actions></Step></Steps><Actions><Action><Name>ShowAssyInfo</Name><Description> </Description><IncomingLinks><Assign xsi:type="Assign"><Name/><Description/><To>ShowAssyInfo.Message</To><From>"&gt;&gt; Assembly SN: " &amp; Transaction.ASSY_SERIALNR &amp; " -- Material: " &amp; Local.ASSY_SAP_PARTNO &amp; " [" &amp; SAP_JCo_AssyDTL.Response{/BAPI_MATERIAL_GET_DETAIL/OUTPUT/MATERIAL_GENERAL_DATA/MATL_DESC} &amp; "] -- SAP Order: " &amp; Local.ASSY_SAP_ORDER &amp; " -- CTM Route: " &amp; Local.ASSY_LINE_ROUTE</From></Assign></IncomingLinks><OutgoingLinks/></Action></Actions></Step></Steps><Actions><Action><Name>ShowCompInfo</Name><Description> </Description><IncomingLinks><Assign xsi:type="Assign"><Name/><Description/><To>ShowCompInfo.Message</To><From>"&gt;&gt; Component SN: " &amp; Transaction.COMP_SERIALNR &amp; " -- Material: " &amp; Local.COMP_SAP_PARTNO &amp; " [" &amp;SAP_JCo_CompDTL.Response{/BAPI_MATERIAL_GET_DETAIL/OUTPUT/MATERIAL_GENERAL_DATA/MATL_DESC} &amp; "] -- SAP Order: " &amp; Local.COMP_SAP_ORDER &amp; " -- CTM Route: " &amp; Local.COMP_LINE_ROUTE </From></Assign></IncomingLinks><OutgoingLinks/></Action></Actions></Step><Step xsi:type="ActionSequence"><Name>Sequence_16</Name><Description/><Steps><Step xsi:type="ActionSequence"><Name>Sequence_21</Name><Description/><Steps/><Actions/></Step></Steps><Actions><Action><Name>ShowCGI_Data</Name><Description> </Description><IncomingLinks><Assign xsi:type="Assign"><Name/><Description/><To>ShowCGI_Data.Message</To><From>"&gt;&gt; Issue Component " &amp; Local.COMP_SAP_PARTNO &amp; 
" -- RES NO: " &amp; Local.GI_SAP_RES_NO &amp; 
" -- RES ITM: " &amp; Local.GI_SAP_RES_IT &amp; 
" -- TO ORDER: " &amp; Local.GI_SAP_ORDER &amp; 
" -- ITM NO: " &amp; Local.GI_SAP_ORDER_ITNO &amp; 
" -- OPERATION: " &amp; Local.GI_SAP_ORDER_OP &amp; 
" -- FROM SLOC: " &amp; Local.GI_SAP_ORDER_SLOC &amp; 
" -- WITH MVE TYPE: " &amp; Local.GI_SAP_MOVE_TYPE &amp; 
" -- WORK CENTER: " &amp; Local.GI_SAP_WORKCENTER</From></Assign></IncomingLinks><OutgoingLinks/></Action></Actions></Step></Steps><Actions><Action><Name>ShowParam</Name><Description> </Description><IncomingLinks><Assign xsi:type="Assign"><Name/><Description/><To>ShowParam.Message</To><From>" &gt;&gt; " &amp; Transaction.SQL_SERVER &amp; " -- " &amp; Transaction.SAP_SERVER &amp; " -- "  &amp; Transaction.SAP_CREDENTIAL &amp; 
" -- Component Serial No: " &amp; Transaction.COMP_SERIALNR &amp; " -- Assy Serial No: " &amp; Transaction.ASSY_SERIALNR</From></Assign></IncomingLinks><OutgoingLinks/></Action></Actions></Step></Steps></Transaction>