<?xml version="1.0" encoding="UTF-8"?><Transaction xmlns:xsd="http://www.w3.org/2001/XMLSchema" xmlns:xsi="http://www.w3.org/2001/XMLSchema-instance" Version="15.0.7.12"><TransactionAttributes><ContextItem><Name>Description</Name><Description>Transaction Description</Description><MinRange>0</MinRange><MaxRange>0</MaxRange><Value xsi:type="string"/><ReadOnly>true</ReadOnly><AlertXMLAssigned>false</AlertXMLAssigned></ContextItem><ContextItem><Name>Comments</Name><Description>User Comments</Description><MinRange>0</MinRange><MaxRange>0</MaxRange><Value xsi:type="string"/><ReadOnly>true</ReadOnly><AlertXMLAssigned>false</AlertXMLAssigned></ContextItem><ContextItem><Name>CreatedBy</Name><Description>Created By</Description><MinRange>0</MinRange><MaxRange>0</MaxRange><Value xsi:type="string">muparshettys</Value><ReadOnly>true</ReadOnly><AlertXMLAssigned>false</AlertXMLAssigned></ContextItem><ContextItem><Name>CreationDate</Name><Description>Creation Date</Description><MinRange>0</MinRange><MaxRange>0</MaxRange><Value xsi:type="dateTime">2012-01-09T13:42:34</Value><ReadOnly>true</ReadOnly><AlertXMLAssigned>false</AlertXMLAssigned></ContextItem><ContextItem><Name>Category</Name><Description>Transaction Category</Description><MinRange>0</MinRange><MaxRange>0</MaxRange><Value xsi:type="string"/><ReadOnly>true</ReadOnly><AlertXMLAssigned>false</AlertXMLAssigned></ContextItem><ContextItem><Name>Status</Name><Description>Deployment Status</Description><MinRange>0</MinRange><MaxRange>0</MaxRange><Value xsi:type="string">DEVELOPMENT</Value><ReadOnly>true</ReadOnly><AlertXMLAssigned>false</AlertXMLAssigned></ContextItem><ContextItem><Name>LegacyProcessingMode</Name><Description>Support the pre MII 12.1 Transaction Engine.</Description><MinRange>0</MinRange><MaxRange>0</MaxRange><Value xsi:type="boolean">0</Value><ReadOnly>true</ReadOnly><AlertXMLAssigned>false</AlertXMLAssigned></ContextItem><ContextItem><Name>AutoAppendBlankNamespaces</Name><Description>AutoAppendBlankNamespaces</Description><MinRange>0</MinRange><MaxRange>0</MaxRange><Value xsi:type="boolean">1</Value><ReadOnly>true</ReadOnly><AlertXMLAssigned>false</AlertXMLAssigned></ContextItem><ContextItem><Name>ThrowOnLinkError</Name><Description>Throws an exception when a link error occures</Description><MinRange>0</MinRange><MaxRange>0</MaxRange><Value xsi:type="boolean">0</Value><ReadOnly>true</ReadOnly><AlertXMLAssigned>false</AlertXMLAssigned></ContextItem><ContextItem><Name>LastEditedBy</Name><Description>Last Edited By</Description><MinRange>0</MinRange><MaxRange>0</MaxRange><Value xsi:type="xsd:string">RadPa</Value><ReadOnly>true</ReadOnly><AlertXMLAssigned>false</AlertXMLAssigned></ContextItem><ContextItem><Name>LastEditedDate</Name><Description>Last Edited Date</Description><MinRange>0</MinRange><MaxRange>0</MaxRange><Value xsi:type="xsd:dateTime">2017-03-14T18:37:16</Value><ReadOnly>true</ReadOnly><AlertXMLAssigned>false</AlertXMLAssigned></ContextItem><ContextItem><Name>FormatXMLOnConversion</Name><Description>By default XML will be formatted when assigned from XML data type to String data type. This behaviour can be changed with this flag.</Description><MinRange>0</MinRange><MaxRange>0</MaxRange><Value xsi:type="boolean">1</Value><ReadOnly>true</ReadOnly><AlertXMLAssigned>false</AlertXMLAssigned></ContextItem></TransactionAttributes><Name>MESM/ORDERS_GMVT/TRANSACTIONS/trxPostGoodsIssue</Name><Version>170</Version><WriterRoles>SAP_XMII_Super_Administrator,SAP_XMII_Administrator,SAP_XMII_Developer</WriterRoles><Context><ContextItem><Name>BADGENUMB</Name><Description/><MinRange>0</MinRange><MaxRange>0</MaxRange><Value xsi:type="string">9999</Value><ReadOnly>false</ReadOnly><AlertXMLAssigned>false</AlertXMLAssigned></ContextItem><ContextItem><Name>ENTRY_QNT</Name><Description/><MinRange>0</MinRange><MaxRange>0</MaxRange><Value xsi:type="string">1</Value><ReadOnly>false</ReadOnly><AlertXMLAssigned>false</AlertXMLAssigned></ContextItem><ContextItem><Name>ENTRY_UOM</Name><Description/><MinRange>0</MinRange><MaxRange>0</MaxRange><Value xsi:type="string">EA</Value><ReadOnly>false</ReadOnly><AlertXMLAssigned>false</AlertXMLAssigned></ContextItem><ContextItem><Name>GM_CODE</Name><Description/><MinRange>0</MinRange><MaxRange>0</MaxRange><Value xsi:type="string">03</Value><ReadOnly>false</ReadOnly><AlertXMLAssigned>false</AlertXMLAssigned></ContextItem><ContextItem><Name>MATERIAL</Name><Description/><MinRange>0</MinRange><MaxRange>0</MaxRange><Value xsi:type="string"/><ReadOnly>false</ReadOnly><AlertXMLAssigned>false</AlertXMLAssigned></ContextItem><ContextItem><Name>MOVE_TYPE</Name><Description/><MinRange>0</MinRange><MaxRange>0</MaxRange><Value xsi:type="string">261</Value><ReadOnly>false</ReadOnly><AlertXMLAssigned>false</AlertXMLAssigned></ContextItem><ContextItem><Name>MVTIND</Name><Description/><MinRange>0</MinRange><MaxRange>0</MaxRange><Value xsi:type="string"/><ReadOnly>false</ReadOnly><AlertXMLAssigned>false</AlertXMLAssigned></ContextItem><ContextItem><Name>OPERATION</Name><Description/><MinRange>0</MinRange><MaxRange>0</MaxRange><Value xsi:type="string">0010</Value><ReadOnly>false</ReadOnly><AlertXMLAssigned>false</AlertXMLAssigned></ContextItem><ContextItem><Name>ORDER_ITNO</Name><Description/><MinRange>0</MinRange><MaxRange>0</MaxRange><Value xsi:type="string"/><ReadOnly>false</ReadOnly><AlertXMLAssigned>false</AlertXMLAssigned></ContextItem><ContextItem><Name>ORDERID</Name><Description/><MinRange>0</MinRange><MaxRange>0</MaxRange><Value xsi:type="string"/><ReadOnly>false</ReadOnly><AlertXMLAssigned>false</AlertXMLAssigned></ContextItem><ContextItem><Name>OrderItemNum</Name><Description/><MinRange>0</MinRange><MaxRange>0</MaxRange><Value xsi:type="string"/><ReadOnly>false</ReadOnly><AlertXMLAssigned>false</AlertXMLAssigned></ContextItem><ContextItem><Name>PLANT</Name><Description/><MinRange>0</MinRange><MaxRange>0</MaxRange><Value xsi:type="string"/><ReadOnly>false</ReadOnly><AlertXMLAssigned>false</AlertXMLAssigned></ContextItem><ContextItem><Name>ReservationItem</Name><Description/><MinRange>0</MinRange><MaxRange>0</MaxRange><Value xsi:type="string"/><ReadOnly>false</ReadOnly><AlertXMLAssigned>false</AlertXMLAssigned></ContextItem><ContextItem><Name>ReservationNum</Name><Description/><MinRange>0</MinRange><MaxRange>0</MaxRange><Value xsi:type="string"/><ReadOnly>false</ReadOnly><AlertXMLAssigned>false</AlertXMLAssigned></ContextItem><ContextItem><Name>SAP_CREDENTIAL</Name><Description/><MinRange>0</MinRange><MaxRange>0</MaxRange><Value xsi:type="string">SAP</Value><ReadOnly>false</ReadOnly><AlertXMLAssigned>false</AlertXMLAssigned></ContextItem><ContextItem><Name>SAP_SERVER</Name><Description/><MinRange>0</MinRange><MaxRange>0</MaxRange><Value xsi:type="string">SAP</Value><ReadOnly>false</ReadOnly><AlertXMLAssigned>false</AlertXMLAssigned></ContextItem><ContextItem><Name>SERIAL_NO</Name><Description/><MinRange>0</MinRange><MaxRange>0</MaxRange><Value xsi:type="string"/><ReadOnly>false</ReadOnly><AlertXMLAssigned>false</AlertXMLAssigned></ContextItem><ContextItem><Name>SQL_SERVER</Name><Description/><MinRange>0</MinRange><MaxRange>0</MaxRange><Value xsi:type="string">MESM</Value><ReadOnly>false</ReadOnly><AlertXMLAssigned>false</AlertXMLAssigned></ContextItem><ContextItem><Name>STGE_LOC</Name><Description/><MinRange>0</MinRange><MaxRange>0</MaxRange><Value xsi:type="string"/><ReadOnly>false</ReadOnly><AlertXMLAssigned>false</AlertXMLAssigned></ContextItem><ContextItem><Name>TESTRUN</Name><Description/><MinRange>0</MinRange><MaxRange>0</MaxRange><Value xsi:type="string">X</Value><ReadOnly>false</ReadOnly><AlertXMLAssigned>false</AlertXMLAssigned></ContextItem></Context><Local><ContextItem><Name>GUID</Name><Description/><MinRange>0</MinRange><MaxRange>0</MaxRange><Value xsi:type="string"/><ReadOnly>false</ReadOnly><AlertXMLAssigned>false</AlertXMLAssigned></ContextItem></Local><Layout><GUILayoutItem><Name>Sequence</Name><X>8</X><Y>144</Y><Width>120</Width><SpacingWidth>120</SpacingWidth><DescendantWidth>120</DescendantWidth><Height>96</Height></GUILayoutItem><GUILayoutItem><Name>SAP_JCo_Start_Session</Name><X>16</X><Y>160</Y><Width>104</Width><SpacingWidth>0</SpacingWidth><DescendantWidth>0</DescendantWidth><Height>72</Height></GUILayoutItem><GUILayoutItem><Name>Sequence_0</Name><X>8</X><Y>280</Y><Width>120</Width><SpacingWidth>120</SpacingWidth><DescendantWidth>120</DescendantWidth><Height>96</Height></GUILayoutItem><GUILayoutItem><Name>SAP_JCo_Function</Name><X>16</X><Y>296</Y><Width>104</Width><SpacingWidth>0</SpacingWidth><DescendantWidth>0</DescendantWidth><Height>72</Height></GUILayoutItem><GUILayoutItem><Name>Sequence_4</Name><X>8</X><Y>688</Y><Width>120</Width><SpacingWidth>120</SpacingWidth><DescendantWidth>0</DescendantWidth><Height>96</Height></GUILayoutItem><GUILayoutItem><Name>Sequence_5</Name><X>8</X><Y>552</Y><Width>120</Width><SpacingWidth>120</SpacingWidth><DescendantWidth>120</DescendantWidth><Height>96</Height></GUILayoutItem><GUILayoutItem><Name>SAP_JCo_Commit</Name><X>16</X><Y>568</Y><Width>104</Width><SpacingWidth>0</SpacingWidth><DescendantWidth>0</DescendantWidth><Height>72</Height></GUILayoutItem><GUILayoutItem><Name>SAP_JCo_End_Session</Name><X>16</X><Y>704</Y><Width>104</Width><SpacingWidth>0</SpacingWidth><DescendantWidth>0</DescendantWidth><Height>72</Height></GUILayoutItem><GUILayoutItem><Name>Sequence_27</Name><X>152</X><Y>144</Y><Width>120</Width><SpacingWidth>120</SpacingWidth><DescendantWidth>120</DescendantWidth><Height>96</Height></GUILayoutItem><GUILayoutItem><Name>Sequence_12</Name><X>296</X><Y>280</Y><Width>120</Width><SpacingWidth>120</SpacingWidth><DescendantWidth>120</DescendantWidth><Height>96</Height></GUILayoutItem><GUILayoutItem><Name>Tracer_0</Name><X>304</X><Y>296</Y><Width>104</Width><SpacingWidth>0</SpacingWidth><DescendantWidth>0</DescendantWidth><Height>72</Height></GUILayoutItem><GUILayoutItem><Name>Sequence_10</Name><X>296</X><Y>416</Y><Width>120</Width><SpacingWidth>120</SpacingWidth><DescendantWidth>0</DescendantWidth><Height>96</Height></GUILayoutItem><GUILayoutItem><Name>ins_GI_History</Name><X>304</X><Y>432</Y><Width>104</Width><SpacingWidth>0</SpacingWidth><DescendantWidth>0</DescendantWidth><Height>72</Height></GUILayoutItem><GUILayoutItem><Name>Sequence_3</Name><X>152</X><Y>280</Y><Width>120</Width><SpacingWidth>120</SpacingWidth><DescendantWidth>120</DescendantWidth><Height>96</Height></GUILayoutItem><GUILayoutItem><Name>JCO_Ok</Name><X>160</X><Y>296</Y><Width>104</Width><SpacingWidth>0</SpacingWidth><DescendantWidth>0</DescendantWidth><Height>72</Height></GUILayoutItem><GUILayoutItem><Name>BAPIResponse</Name><X>160</X><Y>160</Y><Width>104</Width><SpacingWidth>0</SpacingWidth><DescendantWidth>0</DescendantWidth><Height>72</Height></GUILayoutItem><GUILayoutItem><Name>Sequence_26</Name><X>152</X><Y>416</Y><Width>120</Width><SpacingWidth>120</SpacingWidth><DescendantWidth>0</DescendantWidth><Height>96</Height></GUILayoutItem><GUILayoutItem><Name>Sequence_29</Name><X>8</X><Y>416</Y><Width>120</Width><SpacingWidth>120</SpacingWidth><DescendantWidth>120</DescendantWidth><Height>96</Height></GUILayoutItem><GUILayoutItem><Name>SAP_JCo_Function_0</Name><X>16</X><Y>432</Y><Width>104</Width><SpacingWidth>0</SpacingWidth><DescendantWidth>0</DescendantWidth><Height>72</Height></GUILayoutItem><GUILayoutItem><Name>Sequence_28</Name><X>296</X><Y>144</Y><Width>120</Width><SpacingWidth>120</SpacingWidth><DescendantWidth>120</DescendantWidth><Height>96</Height></GUILayoutItem><GUILayoutItem><Name>Conditional_3</Name><X>304</X><Y>160</Y><Width>104</Width><SpacingWidth>0</SpacingWidth><DescendantWidth>0</DescendantWidth><Height>72</Height></GUILayoutItem><GUILayoutItem><Name>Sequence_31</Name><X>152</X><Y>8</Y><Width>120</Width><SpacingWidth>408</SpacingWidth><DescendantWidth>408</DescendantWidth><Height>96</Height></GUILayoutItem><GUILayoutItem><Name>ShowParam</Name><X>160</X><Y>24</Y><Width>104</Width><SpacingWidth>0</SpacingWidth><DescendantWidth>0</DescendantWidth><Height>72</Height></GUILayoutItem><GUILayoutItem><Name>Tracer_3</Name><X>160</X><Y>432</Y><Width>104</Width><SpacingWidth>0</SpacingWidth><DescendantWidth>0</DescendantWidth><Height>72</Height></GUILayoutItem></Layout><Actions><ContextItem><Name>SAP_JCo_Start_Session</Name><Description/><MinRange>0</MinRange><MaxRange>0</MaxRange><Value xsi:type="SAPJCOStartSession"><ConnPropAlias>SAP</ConnPropAlias><CredentialAlias>SAP</CredentialAlias><SAPServerName/><SAPClient/><SAPSystemNumber/><Language/><ConnectionPoolSize>10</ConnectionPoolSize><SAPUserName/><SAPPassword/><SAPSSO2Ticket/><PoolConnections>true</PoolConnections><LogonGroup/><ConnectionTimeout>0</ConnectionTimeout></Value><ReadOnly>false</ReadOnly><AlertXMLAssigned>false</AlertXMLAssigned></ContextItem><ContextItem><Name>SAP_JCo_Function</Name><Description/><MinRange>0</MinRange><MaxRange>0</MaxRange><Value xsi:type="SAPJCOFunction"><SourceSession>SAP_JCo_Start_Session</SourceSession><Request><ReferenceDocumentSource/>&lt;?xml version="1.0" encoding="UTF-8"?&gt;&lt;BAPI_GOODSMVT_CREATE&gt;&lt;INPUT&gt;&lt;GOODSMVT_CODE&gt;&lt;GM_CODE/&gt;&lt;/GOODSMVT_CODE&gt;&lt;GOODSMVT_HEADER&gt;&lt;PSTNG_DATE/&gt;&lt;DOC_DATE/&gt;&lt;REF_DOC_NO/&gt;&lt;BILL_OF_LADING/&gt;&lt;GR_GI_SLIP_NO/&gt;&lt;PR_UNAME/&gt;&lt;HEADER_TXT/&gt;&lt;VER_GR_GI_SLIP/&gt;&lt;VER_GR_GI_SLIPX/&gt;&lt;EXT_WMS/&gt;&lt;REF_DOC_NO_LONG/&gt;&lt;BILL_OF_LADING_LONG/&gt;&lt;BAR_CODE/&gt;&lt;/GOODSMVT_HEADER&gt;&lt;GOODSMVT_REF_EWM&gt;&lt;REF_DOC_EWM/&gt;&lt;LOGSYS/&gt;&lt;GTS_SCRAP_NO/&gt;&lt;/GOODSMVT_REF_EWM&gt;&lt;TESTRUN&gt; &lt;/TESTRUN&gt;&lt;/INPUT&gt;&lt;TABLES&gt;&lt;EXTENSIONIN&gt;&lt;item&gt;&lt;STRUCTURE/&gt;&lt;VALUEPART1/&gt;&lt;VALUEPART2/&gt;&lt;VALUEPART3/&gt;&lt;VALUEPART4/&gt;&lt;/item&gt;&lt;/EXTENSIONIN&gt;&lt;GOODSMVT_ITEM&gt;&lt;item&gt;&lt;MATERIAL/&gt;&lt;PLANT/&gt;&lt;STGE_LOC/&gt;&lt;BATCH/&gt;&lt;MOVE_TYPE/&gt;&lt;STCK_TYPE/&gt;&lt;SPEC_STOCK/&gt;&lt;VENDOR/&gt;&lt;CUSTOMER/&gt;&lt;SALES_ORD/&gt;&lt;S_ORD_ITEM/&gt;&lt;SCHED_LINE/&gt;&lt;VAL_TYPE/&gt;&lt;ENTRY_QNT/&gt;&lt;ENTRY_UOM/&gt;&lt;ENTRY_UOM_ISO/&gt;&lt;PO_PR_QNT/&gt;&lt;ORDERPR_UN/&gt;&lt;ORDERPR_UN_ISO/&gt;&lt;PO_NUMBER/&gt;&lt;PO_ITEM/&gt;&lt;SHIPPING/&gt;&lt;COMP_SHIP/&gt;&lt;NO_MORE_GR/&gt;&lt;ITEM_TEXT/&gt;&lt;GR_RCPT/&gt;&lt;UNLOAD_PT/&gt;&lt;COSTCENTER/&gt;&lt;ORDERID/&gt;&lt;ORDER_ITNO/&gt;&lt;CALC_MOTIVE/&gt;&lt;ASSET_NO/&gt;&lt;SUB_NUMBER/&gt;&lt;RESERV_NO/&gt;&lt;RES_ITEM/&gt;&lt;RES_TYPE/&gt;&lt;WITHDRAWN/&gt;&lt;MOVE_MAT/&gt;&lt;MOVE_PLANT/&gt;&lt;MOVE_STLOC/&gt;&lt;MOVE_BATCH/&gt;&lt;MOVE_VAL_TYPE/&gt;&lt;MVT_IND/&gt;&lt;MOVE_REAS/&gt;&lt;RL_EST_KEY/&gt;&lt;REF_DATE/&gt;&lt;COST_OBJ/&gt;&lt;PROFIT_SEGM_NO/&gt;&lt;PROFIT_CTR/&gt;&lt;WBS_ELEM/&gt;&lt;NETWORK/&gt;&lt;ACTIVITY/&gt;&lt;PART_ACCT/&gt;&lt;AMOUNT_LC/&gt;&lt;AMOUNT_SV/&gt;&lt;REF_DOC_YR/&gt;&lt;REF_DOC/&gt;&lt;REF_DOC_IT/&gt;&lt;EXPIRYDATE/&gt;&lt;PROD_DATE/&gt;&lt;FUND/&gt;&lt;FUNDS_CTR/&gt;&lt;CMMT_ITEM/&gt;&lt;VAL_SALES_ORD/&gt;&lt;VAL_S_ORD_ITEM/&gt;&lt;VAL_WBS_ELEM/&gt;&lt;GL_ACCOUNT/&gt;&lt;IND_PROPOSE_QUANX/&gt;&lt;XSTOB/&gt;&lt;EAN_UPC/&gt;&lt;DELIV_NUMB_TO_SEARCH/&gt;&lt;DELIV_ITEM_TO_SEARCH/&gt;&lt;SERIALNO_AUTO_NUMBERASSIGNMENT/&gt;&lt;VENDRBATCH/&gt;&lt;STGE_TYPE/&gt;&lt;STGE_BIN/&gt;&lt;SU_PL_STCK_1/&gt;&lt;ST_UN_QTYY_1/&gt;&lt;ST_UN_QTYY_1_ISO/&gt;&lt;UNITTYPE_1/&gt;&lt;SU_PL_STCK_2/&gt;&lt;ST_UN_QTYY_2/&gt;&lt;ST_UN_QTYY_2_ISO/&gt;&lt;UNITTYPE_2/&gt;&lt;STGE_TYPE_PC/&gt;&lt;STGE_BIN_PC/&gt;&lt;NO_PST_CHGNT/&gt;&lt;GR_NUMBER/&gt;&lt;STGE_TYPE_ST/&gt;&lt;STGE_BIN_ST/&gt;&lt;MATDOC_TR_CANCEL/&gt;&lt;MATITEM_TR_CANCEL/&gt;&lt;MATYEAR_TR_CANCEL/&gt;&lt;NO_TRANSFER_REQ/&gt;&lt;CO_BUSPROC/&gt;&lt;ACTTYPE/&gt;&lt;SUPPL_VEND/&gt;&lt;MATERIAL_EXTERNAL/&gt;&lt;MATERIAL_GUID/&gt;&lt;MATERIAL_VERSION/&gt;&lt;MOVE_MAT_EXTERNAL/&gt;&lt;MOVE_MAT_GUID/&gt;&lt;MOVE_MAT_VERSION/&gt;&lt;FUNC_AREA/&gt;&lt;TR_PART_BA/&gt;&lt;PAR_COMPCO/&gt;&lt;DELIV_NUMB/&gt;&lt;DELIV_ITEM/&gt;&lt;NB_SLIPS/&gt;&lt;NB_SLIPSX/&gt;&lt;GR_RCPTX/&gt;&lt;UNLOAD_PTX/&gt;&lt;SPEC_MVMT/&gt;&lt;GRANT_NBR/&gt;&lt;CMMT_ITEM_LONG/&gt;&lt;FUNC_AREA_LONG/&gt;&lt;LINE_ID/&gt;&lt;PARENT_ID/&gt;&lt;LINE_DEPTH/&gt;&lt;QUANTITY/&gt;&lt;BASE_UOM/&gt;&lt;LONGNUM/&gt;&lt;BUDGET_PERIOD/&gt;&lt;/item&gt;&lt;/GOODSMVT_ITEM&gt;&lt;GOODSMVT_SERIALNUMBER&gt;&lt;item&gt;&lt;MATDOC_ITM/&gt;&lt;SERIALNO/&gt;&lt;UII/&gt;&lt;/item&gt;&lt;/GOODSMVT_SERIALNUMBER&gt;&lt;GOODSMVT_SERV_PART_DATA&gt;&lt;item&gt;&lt;LINE_ID/&gt;&lt;RET_AUTH_NUMBER/&gt;&lt;DELIV_NUMBER/&gt;&lt;DELIV_ITEM/&gt;&lt;HU_NUMBER/&gt;&lt;INSPOUT_GUID/&gt;&lt;EVENT/&gt;&lt;DATE/&gt;&lt;TIME/&gt;&lt;ZONLO/&gt;&lt;TIMESTAMP/&gt;&lt;SCRAP_INDICATOR/&gt;&lt;KEEP_QUANTITY/&gt;&lt;GTS_STOCK_TYPE/&gt;&lt;MOVE_GTS_STOCK_TYPE/&gt;&lt;KEEP_QUANTITY_CONVERSION/&gt;&lt;ZERO_QUANTITY/&gt;&lt;NUMERATOR/&gt;&lt;DENOMINATR/&gt;&lt;/item&gt;&lt;/GOODSMVT_SERV_PART_DATA&gt;&lt;RETURN&gt;&lt;item&gt;&lt;TYPE/&gt;&lt;ID/&gt;&lt;NUMBER/&gt;&lt;MESSAGE/&gt;&lt;LOG_NO/&gt;&lt;LOG_MSG_NO/&gt;&lt;MESSAGE_V1/&gt;&lt;MESSAGE_V2/&gt;&lt;MESSAGE_V3/&gt;&lt;MESSAGE_V4/&gt;&lt;PARAMETER/&gt;&lt;ROW/&gt;&lt;FIELD/&gt;&lt;SYSTEM/&gt;&lt;/item&gt;&lt;/RETURN&gt;&lt;/TABLES&gt;&lt;/BAPI_GOODSMVT_CREATE&gt;</Request><Response><ReferenceDocumentSource/>&lt;?xml version="1.0" encoding="UTF-8"?&gt;&lt;BAPI_GOODSMVT_CREATE&gt;&lt;OUTPUT&gt;&lt;GOODSMVT_HEADRET&gt;&lt;MAT_DOC/&gt;&lt;DOC_YEAR/&gt;&lt;/GOODSMVT_HEADRET&gt;&lt;MATDOCUMENTYEAR/&gt;&lt;MATERIALDOCUMENT/&gt;&lt;/OUTPUT&gt;&lt;TABLES&gt;&lt;EXTENSIONIN&gt;&lt;item&gt;&lt;STRUCTURE/&gt;&lt;VALUEPART1/&gt;&lt;VALUEPART2/&gt;&lt;VALUEPART3/&gt;&lt;VALUEPART4/&gt;&lt;/item&gt;&lt;/EXTENSIONIN&gt;&lt;GOODSMVT_ITEM&gt;&lt;item&gt;&lt;MATERIAL/&gt;&lt;PLANT/&gt;&lt;STGE_LOC/&gt;&lt;BATCH/&gt;&lt;MOVE_TYPE/&gt;&lt;STCK_TYPE/&gt;&lt;SPEC_STOCK/&gt;&lt;VENDOR/&gt;&lt;CUSTOMER/&gt;&lt;SALES_ORD/&gt;&lt;S_ORD_ITEM/&gt;&lt;SCHED_LINE/&gt;&lt;VAL_TYPE/&gt;&lt;ENTRY_QNT/&gt;&lt;ENTRY_UOM/&gt;&lt;ENTRY_UOM_ISO/&gt;&lt;PO_PR_QNT/&gt;&lt;ORDERPR_UN/&gt;&lt;ORDERPR_UN_ISO/&gt;&lt;PO_NUMBER/&gt;&lt;PO_ITEM/&gt;&lt;SHIPPING/&gt;&lt;COMP_SHIP/&gt;&lt;NO_MORE_GR/&gt;&lt;ITEM_TEXT/&gt;&lt;GR_RCPT/&gt;&lt;UNLOAD_PT/&gt;&lt;COSTCENTER/&gt;&lt;ORDERID/&gt;&lt;ORDER_ITNO/&gt;&lt;CALC_MOTIVE/&gt;&lt;ASSET_NO/&gt;&lt;SUB_NUMBER/&gt;&lt;RESERV_NO/&gt;&lt;RES_ITEM/&gt;&lt;RES_TYPE/&gt;&lt;WITHDRAWN/&gt;&lt;MOVE_MAT/&gt;&lt;MOVE_PLANT/&gt;&lt;MOVE_STLOC/&gt;&lt;MOVE_BATCH/&gt;&lt;MOVE_VAL_TYPE/&gt;&lt;MVT_IND/&gt;&lt;MOVE_REAS/&gt;&lt;RL_EST_KEY/&gt;&lt;REF_DATE/&gt;&lt;COST_OBJ/&gt;&lt;PROFIT_SEGM_NO/&gt;&lt;PROFIT_CTR/&gt;&lt;WBS_ELEM/&gt;&lt;NETWORK/&gt;&lt;ACTIVITY/&gt;&lt;PART_ACCT/&gt;&lt;AMOUNT_LC/&gt;&lt;AMOUNT_SV/&gt;&lt;REF_DOC_YR/&gt;&lt;REF_DOC/&gt;&lt;REF_DOC_IT/&gt;&lt;EXPIRYDATE/&gt;&lt;PROD_DATE/&gt;&lt;FUND/&gt;&lt;FUNDS_CTR/&gt;&lt;CMMT_ITEM/&gt;&lt;VAL_SALES_ORD/&gt;&lt;VAL_S_ORD_ITEM/&gt;&lt;VAL_WBS_ELEM/&gt;&lt;GL_ACCOUNT/&gt;&lt;IND_PROPOSE_QUANX/&gt;&lt;XSTOB/&gt;&lt;EAN_UPC/&gt;&lt;DELIV_NUMB_TO_SEARCH/&gt;&lt;DELIV_ITEM_TO_SEARCH/&gt;&lt;SERIALNO_AUTO_NUMBERASSIGNMENT/&gt;&lt;VENDRBATCH/&gt;&lt;STGE_TYPE/&gt;&lt;STGE_BIN/&gt;&lt;SU_PL_STCK_1/&gt;&lt;ST_UN_QTYY_1/&gt;&lt;ST_UN_QTYY_1_ISO/&gt;&lt;UNITTYPE_1/&gt;&lt;SU_PL_STCK_2/&gt;&lt;ST_UN_QTYY_2/&gt;&lt;ST_UN_QTYY_2_ISO/&gt;&lt;UNITTYPE_2/&gt;&lt;STGE_TYPE_PC/&gt;&lt;STGE_BIN_PC/&gt;&lt;NO_PST_CHGNT/&gt;&lt;GR_NUMBER/&gt;&lt;STGE_TYPE_ST/&gt;&lt;STGE_BIN_ST/&gt;&lt;MATDOC_TR_CANCEL/&gt;&lt;MATITEM_TR_CANCEL/&gt;&lt;MATYEAR_TR_CANCEL/&gt;&lt;NO_TRANSFER_REQ/&gt;&lt;CO_BUSPROC/&gt;&lt;ACTTYPE/&gt;&lt;SUPPL_VEND/&gt;&lt;MATERIAL_EXTERNAL/&gt;&lt;MATERIAL_GUID/&gt;&lt;MATERIAL_VERSION/&gt;&lt;MOVE_MAT_EXTERNAL/&gt;&lt;MOVE_MAT_GUID/&gt;&lt;MOVE_MAT_VERSION/&gt;&lt;FUNC_AREA/&gt;&lt;TR_PART_BA/&gt;&lt;PAR_COMPCO/&gt;&lt;DELIV_NUMB/&gt;&lt;DELIV_ITEM/&gt;&lt;NB_SLIPS/&gt;&lt;NB_SLIPSX/&gt;&lt;GR_RCPTX/&gt;&lt;UNLOAD_PTX/&gt;&lt;SPEC_MVMT/&gt;&lt;GRANT_NBR/&gt;&lt;CMMT_ITEM_LONG/&gt;&lt;FUNC_AREA_LONG/&gt;&lt;LINE_ID/&gt;&lt;PARENT_ID/&gt;&lt;LINE_DEPTH/&gt;&lt;QUANTITY/&gt;&lt;BASE_UOM/&gt;&lt;LONGNUM/&gt;&lt;BUDGET_PERIOD/&gt;&lt;/item&gt;&lt;/GOODSMVT_ITEM&gt;&lt;GOODSMVT_SERIALNUMBER&gt;&lt;item&gt;&lt;MATDOC_ITM/&gt;&lt;SERIALNO/&gt;&lt;UII/&gt;&lt;/item&gt;&lt;/GOODSMVT_SERIALNUMBER&gt;&lt;GOODSMVT_SERV_PART_DATA&gt;&lt;item&gt;&lt;LINE_ID/&gt;&lt;RET_AUTH_NUMBER/&gt;&lt;DELIV_NUMBER/&gt;&lt;DELIV_ITEM/&gt;&lt;HU_NUMBER/&gt;&lt;INSPOUT_GUID/&gt;&lt;EVENT/&gt;&lt;DATE/&gt;&lt;TIME/&gt;&lt;ZONLO/&gt;&lt;TIMESTAMP/&gt;&lt;SCRAP_INDICATOR/&gt;&lt;KEEP_QUANTITY/&gt;&lt;GTS_STOCK_TYPE/&gt;&lt;MOVE_GTS_STOCK_TYPE/&gt;&lt;KEEP_QUANTITY_CONVERSION/&gt;&lt;ZERO_QUANTITY/&gt;&lt;NUMERATOR/&gt;&lt;DENOMINATR/&gt;&lt;/item&gt;&lt;/GOODSMVT_SERV_PART_DATA&gt;&lt;RETURN&gt;&lt;item&gt;&lt;TYPE/&gt;&lt;ID/&gt;&lt;NUMBER/&gt;&lt;MESSAGE/&gt;&lt;LOG_NO/&gt;&lt;LOG_MSG_NO/&gt;&lt;MESSAGE_V1/&gt;&lt;MESSAGE_V2/&gt;&lt;MESSAGE_V3/&gt;&lt;MESSAGE_V4/&gt;&lt;PARAMETER/&gt;&lt;ROW/&gt;&lt;FIELD/&gt;&lt;SYSTEM/&gt;&lt;/item&gt;&lt;/RETURN&gt;&lt;/TABLES&gt;&lt;/BAPI_GOODSMVT_CREATE&gt;</Response><SAPRFC>BAPI_GOODSMVT_CREATE</SAPRFC><TYPERFC>0</TYPERFC><QueueName/><ExecuteFunction>true</ExecuteFunction><RecreateFunction>true</RecreateFunction><AllowMultipleRows>true</AllowMultipleRows><DaysRetention>7</DaysRetention><MaxRetryCount>5</MaxRetryCount><RetryInterval>30000</RetryInterval><ProcessingMode>1</ProcessingMode><Filter/><DataBufferComment/><RetryImmediately>false</RetryImmediately></Value><SchemaURI/><SchemaElement/><ValidateXMLOnExecution>1</ValidateXMLOnExecution><SchemaURI/><SchemaElement/><ValidateXMLOnExecution>1</ValidateXMLOnExecution><ReadOnly>false</ReadOnly><AlertXMLAssigned>false</AlertXMLAssigned></ContextItem><ContextItem><Name>SAP_JCo_Commit</Name><Description/><MinRange>0</MinRange><MaxRange>0</MaxRange><Value xsi:type="SAPJCOCommit"><SourceSession>SAP_JCo_Start_Session</SourceSession></Value><ReadOnly>false</ReadOnly><AlertXMLAssigned>false</AlertXMLAssigned></ContextItem><ContextItem><Name>SAP_JCo_End_Session</Name><Description/><MinRange>0</MinRange><MaxRange>0</MaxRange><Value xsi:type="SAPJCOEndSession"><SourceSession>SAP_JCo_Start_Session</SourceSession></Value><ReadOnly>false</ReadOnly><AlertXMLAssigned>false</AlertXMLAssigned></ContextItem><ContextItem><Name>Tracer_0</Name><Description/><MinRange>0</MinRange><MaxRange>0</MaxRange><Value xsi:type="Tracer"><Message/><Level>INFO</Level></Value><ReadOnly>false</ReadOnly><AlertXMLAssigned>false</AlertXMLAssigned></ContextItem><ContextItem><Name>ins_GI_History</Name><Description/><MinRange>0</MinRange><MaxRange>0</MaxRange><Value xsi:type="IlluminatorSQLQueryObject"><Timeout>60</Timeout><QueryParameters/><QueryTemplate>MESM/ORDERS_GMVT/QUERIES/qryInsertGoodsIssueHistory</QueryTemplate><QueryStartDate>2012-01-10T16:35:44</QueryStartDate><QueryEndDate>2012-01-10T16:35:44</QueryEndDate><SQLTransaction/><Results><ReferenceDocumentSource/>&lt;?xml version="1.0" encoding="UTF-8"?&gt;&lt;Rowsets CachedTime="" DateCreated="2017-03-10T15:12:30" EndDate="2017-03-10T15:12:30" StartDate="2017-03-10T14:12:30" Version="15.0 SP7 Patch 12 (Sep 7, 2016)"&gt;&lt;Messages&gt;&lt;Message&gt;Command Query Successful&lt;/Message&gt;&lt;/Messages&gt;&lt;/Rowsets&gt;</Results><TagList/></Value><SchemaURI/><SchemaElement/><ValidateXMLOnExecution>1</ValidateXMLOnExecution><ReadOnly>false</ReadOnly><AlertXMLAssigned>false</AlertXMLAssigned></ContextItem><ContextItem><Name>JCO_Ok</Name><Description/><MinRange>0</MinRange><MaxRange>0</MaxRange><Value xsi:type="ConditionalAction"><Output>false</Output><InputCount>1</InputCount><LogicalAnd>false</LogicalAnd><Input1>false</Input1></Value><ReadOnly>false</ReadOnly><AlertXMLAssigned>false</AlertXMLAssigned></ContextItem><ContextItem><Name>BAPIResponse</Name><Description/><MinRange>0</MinRange><MaxRange>0</MaxRange><Value xsi:type="Tracer"><Message/><Level>INFO</Level></Value><ReadOnly>false</ReadOnly><AlertXMLAssigned>false</AlertXMLAssigned></ContextItem><ContextItem><Name>SAP_JCo_Function_0</Name><Description/><MinRange>0</MinRange><MaxRange>0</MaxRange><Value xsi:type="SAPJCOFunction"><SourceSession>SAP_JCo_Start_Session</SourceSession><Request><ReferenceDocumentSource/>&lt;?xml version="1.0" encoding="UTF-8"?&gt;&lt;BAPI_TRANSACTION_COMMIT&gt;&lt;INPUT&gt;&lt;WAIT/&gt;&lt;/INPUT&gt;&lt;/BAPI_TRANSACTION_COMMIT&gt;</Request><Response><ReferenceDocumentSource/>&lt;?xml version="1.0" encoding="UTF-8"?&gt;&lt;BAPI_TRANSACTION_COMMIT&gt;&lt;OUTPUT&gt;&lt;RETURN&gt;&lt;TYPE/&gt;&lt;ID/&gt;&lt;NUMBER/&gt;&lt;MESSAGE/&gt;&lt;LOG_NO/&gt;&lt;LOG_MSG_NO/&gt;&lt;MESSAGE_V1/&gt;&lt;MESSAGE_V2/&gt;&lt;MESSAGE_V3/&gt;&lt;MESSAGE_V4/&gt;&lt;PARAMETER/&gt;&lt;ROW/&gt;&lt;FIELD/&gt;&lt;SYSTEM/&gt;&lt;/RETURN&gt;&lt;/OUTPUT&gt;&lt;/BAPI_TRANSACTION_COMMIT&gt;</Response><SAPRFC>BAPI_TRANSACTION_COMMIT</SAPRFC><TYPERFC>0</TYPERFC><QueueName/><ExecuteFunction>true</ExecuteFunction><RecreateFunction>true</RecreateFunction><AllowMultipleRows>true</AllowMultipleRows><DaysRetention>7</DaysRetention><MaxRetryCount>5</MaxRetryCount><RetryInterval>30000</RetryInterval><ProcessingMode>1</ProcessingMode><Filter/><DataBufferComment/><RetryImmediately>false</RetryImmediately></Value><SchemaURI/><SchemaElement/><ValidateXMLOnExecution>1</ValidateXMLOnExecution><SchemaURI/><SchemaElement/><ValidateXMLOnExecution>1</ValidateXMLOnExecution><ReadOnly>false</ReadOnly><AlertXMLAssigned>false</AlertXMLAssigned></ContextItem><ContextItem><Name>Conditional_3</Name><Description/><MinRange>0</MinRange><MaxRange>0</MaxRange><Value xsi:type="ConditionalAction"><Output>false</Output><InputCount>1</InputCount><LogicalAnd>false</LogicalAnd><Input1>false</Input1></Value><ReadOnly>false</ReadOnly><AlertXMLAssigned>false</AlertXMLAssigned></ContextItem><ContextItem><Name>ShowParam</Name><Description/><MinRange>0</MinRange><MaxRange>0</MaxRange><Value xsi:type="Tracer"><Message/><Level>INFO</Level></Value><ReadOnly>false</ReadOnly><AlertXMLAssigned>false</AlertXMLAssigned></ContextItem><ContextItem><Name>Tracer_3</Name><Description/><MinRange>0</MinRange><MaxRange>0</MaxRange><Value xsi:type="Tracer"><Message/><Level>INFO</Level></Value><ReadOnly>false</ReadOnly><AlertXMLAssigned>false</AlertXMLAssigned></ContextItem></Actions><ReaderRoles>SAP_XMII_Super_Administrator,SAP_XMII_Administrator,SAP_XMII_Developer,SAP_XMII_User</ReaderRoles><Steps><Step xsi:type="ActionSequence"><Name>Sequence_31</Name><Description/><Steps><Step xsi:type="ActionSequence"><Name>Sequence</Name><Description/><Steps><Step xsi:type="ActionSequence"><Name>Sequence_0</Name><Description/><Steps><Step xsi:type="ActionSequence"><Name>Sequence_29</Name><Description/><Steps><Step xsi:type="ActionSequence"><Name>Sequence_5</Name><Description/><Steps><Step xsi:type="ActionSequence"><Name>Sequence_4</Name><Description/><Steps/><Actions><Action><Name>SAP_JCo_End_Session</Name><Description> </Description><IncomingLinks/><OutgoingLinks/></Action></Actions></Step></Steps><Actions><Action><Name>SAP_JCo_Commit</Name><Description> </Description><IncomingLinks/><OutgoingLinks/></Action></Actions></Step></Steps><Actions><Action><Name>SAP_JCo_Function_0</Name><Description> </Description><IncomingLinks><Assign xsi:type="Assign"><Name/><Description/><To>SAP_JCo_Function_0.Request{/BAPI_TRANSACTION_COMMIT/INPUT/WAIT}</To><From>"X"</From></Assign></IncomingLinks><OutgoingLinks/></Action></Actions></Step></Steps><Actions><Action><Name>SAP_JCo_Function</Name><Description> </Description><IncomingLinks><Assign xsi:type="Assign"><Name/><Description/><To>SAP_JCo_Function.Request{/BAPI_GOODSMVT_CREATE/INPUT/GOODSMVT_CODE/GM_CODE}</To><From>Transaction.GM_CODE</From></Assign><Assign xsi:type="Assign"><Name/><Description/><To>SAP_JCo_Function.Request{/BAPI_GOODSMVT_CREATE/INPUT/GOODSMVT_HEADER/PSTNG_DATE}</To><From>datenow</From></Assign><Assign xsi:type="Assign"><Name/><Description/><To>SAP_JCo_Function.Request{/BAPI_GOODSMVT_CREATE/TABLES/GOODSMVT_ITEM/item/MATERIAL}</To><From>Transaction.MATERIAL</From></Assign><Assign xsi:type="Assign"><Name/><Description/><To>SAP_JCo_Function.Request{/BAPI_GOODSMVT_CREATE/TABLES/GOODSMVT_ITEM/item/PLANT}</To><From>Transaction.PLANT</From></Assign><Assign xsi:type="Assign"><Name/><Description/><To>SAP_JCo_Function.Request{/BAPI_GOODSMVT_CREATE/TABLES/GOODSMVT_ITEM/item/STGE_LOC}</To><From>Transaction.STGE_LOC</From></Assign><Assign xsi:type="Assign"><Name/><Description/><To>SAP_JCo_Function.Request{/BAPI_GOODSMVT_CREATE/TABLES/GOODSMVT_ITEM/item/ENTRY_QNT}</To><From>Transaction.ENTRY_QNT</From></Assign><Assign xsi:type="Assign"><Name/><Description/><To>SAP_JCo_Function.Request{/BAPI_GOODSMVT_CREATE/TABLES/GOODSMVT_ITEM/item/ENTRY_UOM}</To><From>Transaction.ENTRY_UOM</From></Assign><Assign xsi:type="Assign"><Name/><Description/><To>SAP_JCo_Function.Request{/BAPI_GOODSMVT_CREATE/TABLES/GOODSMVT_ITEM/item/ORDERID}</To><From>format(Transaction.ORDERID, "000000000000")
</From></Assign><Assign xsi:type="Assign"><Name/><Description/><To>SAP_JCo_Function.Request{/BAPI_GOODSMVT_CREATE/INPUT/TESTRUN}</To><From>Transaction.TESTRUN</From></Assign><Assign xsi:type="Assign"><Name/><Description/><To>SAP_JCo_Function.Request{/BAPI_GOODSMVT_CREATE/TABLES/GOODSMVT_ITEM/item/RESERV_NO}</To><From>Transaction.ReservationNum</From></Assign><Assign xsi:type="Assign"><Name/><Description/><To>SAP_JCo_Function.Request{/BAPI_GOODSMVT_CREATE/TABLES/GOODSMVT_ITEM/item/RES_ITEM}</To><From>Transaction.ReservationItem
</From></Assign><Assign xsi:type="Assign"><Name/><Description/><To>SAP_JCo_Function.Request{/BAPI_GOODSMVT_CREATE/TABLES/GOODSMVT_ITEM/item/ORDER_ITNO}</To><From>Transaction.ORDER_ITNO</From></Assign><Assign xsi:type="Assign"><Name/><Description/><To>SAP_JCo_Function.Request{/BAPI_GOODSMVT_CREATE/TABLES/GOODSMVT_ITEM/item/MVT_IND}</To><From>Transaction.MVTIND</From></Assign><Assign xsi:type="Assign"><Name/><Description/><To>SAP_JCo_Function.Request{/BAPI_GOODSMVT_CREATE/TABLES/GOODSMVT_ITEM/item/MOVE_TYPE}</To><From>Transaction.MOVE_TYPE</From></Assign></IncomingLinks><OutgoingLinks/></Action></Actions></Step></Steps><Actions><Action><Name>SAP_JCo_Start_Session</Name><Description> </Description><IncomingLinks><Assign xsi:type="Assign"><Name/><Description/><To>SAP_JCo_Start_Session.CredentialAlias</To><From>Transaction.SAP_CREDENTIAL</From></Assign><Assign xsi:type="Assign"><Name/><Description/><To>SAP_JCo_Start_Session.ConnPropAlias</To><From>Transaction.SAP_SERVER</From></Assign></IncomingLinks><OutgoingLinks/></Action></Actions></Step><Step xsi:type="ActionSequence"><Name>Sequence_27</Name><Description/><Steps><Step xsi:type="Conditional"><Name>Sequence_3</Name><Description/><Steps><Step xsi:type="ActionSequence"><Name>Sequence_26</Name><Description/><Steps/><Actions><Action><Name>Tracer_3</Name><Description> </Description><IncomingLinks><Assign xsi:type="Assign"><Name/><Description/><To>Tracer_3.Message</To><From>Transaction.TESTRUN&amp;"   "&amp;SAP_JCo_Function.Request{/BAPI_GOODSMVT_CREATE/TABLES/RETURN/item/TYPE}</From></Assign></IncomingLinks><OutgoingLinks/></Action></Actions></Step></Steps><Actions><Action><Name>JCO_Ok</Name><Description> </Description><IncomingLinks><Assign xsi:type="Assign"><Name/><Description/><To>JCO_Ok.Input1</To><From>SAP_JCo_Function.Success</From></Assign></IncomingLinks><OutgoingLinks/></Action></Actions></Step></Steps><Actions><Action><Name>BAPIResponse</Name><Description> </Description><IncomingLinks><Assign xsi:type="Assign"><Name/><Description/><To>BAPIResponse.Message</To><From>SAP_JCo_Function.Response</From></Assign></IncomingLinks><OutgoingLinks/></Action></Actions></Step><Step xsi:type="Conditional"><Name>Sequence_28</Name><Description/><Steps><Step xsi:type="ActionSequence"><Name>Sequence_12</Name><Description/><Steps><Step xsi:type="ActionSequence"><Name>Sequence_10</Name><Description/><Steps/><Actions><Action><Name>ins_GI_History</Name><Description>SQL Query</Description><IncomingLinks><Assign xsi:type="Assign"><Name/><Description/><To>ins_GI_History.Param.1</To><From>Local.GUID</From></Assign><Assign xsi:type="Assign"><Name/><Description/><To>ins_GI_History.Param.3</To><From>datefromxmlformat(datenow, "MM/dd/yyyy hh:mm:ss")</From></Assign><Assign xsi:type="Assign"><Name/><Description/><To>ins_GI_History.Param.4</To><From>Transaction.BADGENUMB</From></Assign><Assign xsi:type="Assign"><Name/><Description/><To>ins_GI_History.Param.5</To><From>Transaction.MATERIAL</From></Assign><Assign xsi:type="Assign"><Name/><Description/><To>ins_GI_History.Param.6</To><From>stringreplace(Transaction.MATERIALDESC, "'", "''")</From></Assign><Assign xsi:type="Assign"><Name/><Description/><To>ins_GI_History.Param.7</To><From>Transaction.MOVE_TYPE</From></Assign><Assign xsi:type="Assign"><Name/><Description/><To>ins_GI_History.Param.8</To><From>Transaction.OPERATION</From></Assign><Assign xsi:type="Assign"><Name/><Description/><To>ins_GI_History.Param.9</To><From>format(Transaction.ORDERID, "000000000000")</From></Assign><Assign xsi:type="Assign"><Name/><Description/><To>ins_GI_History.Param.10</To><From>Transaction.PLANT</From></Assign><Assign xsi:type="Assign"><Name/><Description/><To>ins_GI_History.Param.11</To><From>Transaction.TESTRUN</From></Assign><Assign xsi:type="Assign"><Name/><Description/><To>ins_GI_History.Param.12</To><From>SAP_JCo_Function.Response{/BAPI_GOODSMVT_CREATE/TABLES/RETURN/item/TYPE}</From></Assign><Assign xsi:type="Assign"><Name/><Description/><To>ins_GI_History.Param.13</To><From>Transaction.ZPULLEDQTY</From></Assign><Assign xsi:type="Assign"><Name/><Description/><To>ins_GI_History.Param.14</To><From>Transaction.ZQUALITYISSUEQTY</From></Assign><Assign xsi:type="Assign"><Name/><Description/><To>ins_GI_History.Param.15</To><From>Transaction.ZRETURNSTOCKQTY</From></Assign><Assign xsi:type="Assign"><Name/><Description/><To>ins_GI_History.Param.16</To><From>Transaction.ZUNKNOWNQTY</From></Assign><Assign xsi:type="Assign"><Name/><Description/><To>ins_GI_History.Param.2</To><From>Transaction.OrderItemNum</From></Assign></IncomingLinks><OutgoingLinks/></Action></Actions></Step></Steps><Actions><Action><Name>Tracer_0</Name><Description> </Description><IncomingLinks><Assign xsi:type="Assign"><Name/><Description/><To>Tracer_0.Message</To><From>SAP_JCo_Function.Response</From></Assign></IncomingLinks><OutgoingLinks/></Action></Actions></Step></Steps><Actions><Action><Name>Conditional_3</Name><Description> </Description><IncomingLinks/><OutgoingLinks/></Action></Actions></Step></Steps><Actions><Action><Name>ShowParam</Name><Description> </Description><IncomingLinks/><OutgoingLinks/></Action></Actions></Step></Steps></Transaction>