<?xml version="1.0" encoding="UTF-8"?><Transaction xmlns:xsd="http://www.w3.org/2001/XMLSchema" xmlns:xsi="http://www.w3.org/2001/XMLSchema-instance" Version="15.0.7.12"><TransactionAttributes><ContextItem><Name>Description</Name><Description>Transaction Description</Description><MinRange>0</MinRange><MaxRange>0</MaxRange><Value xsi:type="string"/><ReadOnly>true</ReadOnly><AlertXMLAssigned>false</AlertXMLAssigned></ContextItem><ContextItem><Name>Comments</Name><Description>User Comments</Description><MinRange>0</MinRange><MaxRange>0</MaxRange><Value xsi:type="string"/><ReadOnly>true</ReadOnly><AlertXMLAssigned>false</AlertXMLAssigned></ContextItem><ContextItem><Name>CreatedBy</Name><Description>Created By</Description><MinRange>0</MinRange><MaxRange>0</MaxRange><Value xsi:type="string">RadPa</Value><ReadOnly>true</ReadOnly><AlertXMLAssigned>false</AlertXMLAssigned></ContextItem><ContextItem><Name>CreationDate</Name><Description>Creation Date</Description><MinRange>0</MinRange><MaxRange>0</MaxRange><Value xsi:type="dateTime">2016-09-15T15:02:31</Value><ReadOnly>true</ReadOnly><AlertXMLAssigned>false</AlertXMLAssigned></ContextItem><ContextItem><Name>Category</Name><Description>Transaction Category</Description><MinRange>0</MinRange><MaxRange>0</MaxRange><Value xsi:type="string"/><ReadOnly>true</ReadOnly><AlertXMLAssigned>false</AlertXMLAssigned></ContextItem><ContextItem><Name>Status</Name><Description>Deployment Status</Description><MinRange>0</MinRange><MaxRange>0</MaxRange><Value xsi:type="string">DEVELOPMENT</Value><ReadOnly>true</ReadOnly><AlertXMLAssigned>false</AlertXMLAssigned></ContextItem><ContextItem><Name>LegacyProcessingMode</Name><Description>Support the pre MII 12.1 Transaction Engine.</Description><MinRange>0</MinRange><MaxRange>0</MaxRange><Value xsi:type="boolean">0</Value><ReadOnly>true</ReadOnly><AlertXMLAssigned>false</AlertXMLAssigned></ContextItem><ContextItem><Name>AutoAppendBlankNamespaces</Name><Description>AutoAppendBlankNamespaces</Description><MinRange>0</MinRange><MaxRange>0</MaxRange><Value xsi:type="boolean">1</Value><ReadOnly>true</ReadOnly><AlertXMLAssigned>false</AlertXMLAssigned></ContextItem><ContextItem><Name>ThrowOnLinkError</Name><Description>Throws an exception when a link error occures</Description><MinRange>0</MinRange><MaxRange>0</MaxRange><Value xsi:type="boolean">0</Value><ReadOnly>true</ReadOnly><AlertXMLAssigned>false</AlertXMLAssigned></ContextItem><ContextItem><Name>ThrowOnActionError</Name><Description>Throws an exception when an action error occurs</Description><MinRange>0</MinRange><MaxRange>0</MaxRange><Value xsi:type="boolean">1</Value><ReadOnly>true</ReadOnly><AlertXMLAssigned>false</AlertXMLAssigned></ContextItem><ContextItem><Name>FormatXMLOnConversion</Name><Description>By default XML will be formatted when assigned from XML data type to String data type. This behaviour can be changed with this flag.</Description><MinRange>0</MinRange><MaxRange>0</MaxRange><Value xsi:type="boolean">1</Value><ReadOnly>true</ReadOnly><AlertXMLAssigned>false</AlertXMLAssigned></ContextItem><ContextItem><Name>LastEditedBy</Name><Description>Last Edited By</Description><MinRange>0</MinRange><MaxRange>0</MaxRange><Value xsi:type="xsd:string">RadPa</Value><ReadOnly>true</ReadOnly><AlertXMLAssigned>false</AlertXMLAssigned></ContextItem><ContextItem><Name>LastEditedDate</Name><Description>Last Edited Date</Description><MinRange>0</MinRange><MaxRange>0</MaxRange><Value xsi:type="xsd:dateTime">2016-11-02T15:42:56</Value><ReadOnly>true</ReadOnly><AlertXMLAssigned>false</AlertXMLAssigned></ContextItem></TransactionAttributes><Name>MESM/DIAGNOSTICS/TRANSACTIONS/email_NotifAlert</Name><Version>91</Version><WriterRoles>SAP_XMII_Super_Administrator,SAP_XMII_Administrator,SAP_XMII_Developer</WriterRoles><Context><ContextItem><Name>NOTIFRECID</Name><Description>Notification Record ID</Description><MinRange>0</MinRange><MaxRange>0</MaxRange><Value xsi:type="string">58306</Value><ReadOnly>false</ReadOnly><AlertXMLAssigned>false</AlertXMLAssigned></ContextItem><ContextItem><Name>SQL_SERVER</Name><Description>SQL Server to query</Description><MinRange>0</MinRange><MaxRange>0</MaxRange><Value xsi:type="string">MESM</Value><ReadOnly>false</ReadOnly><AlertXMLAssigned>false</AlertXMLAssigned></ContextItem></Context><Local><ContextItem><Name>HTML_TEXT</Name><Description/><MinRange>0</MinRange><MaxRange>0</MaxRange><Value xsi:type="string"/><ReadOnly>false</ReadOnly><AlertXMLAssigned>false</AlertXMLAssigned></ContextItem><ContextItem><Name>prevBgColor</Name><Description>Previous Background Color</Description><MinRange>0</MinRange><MaxRange>0</MaxRange><Value xsi:type="string">#EFEFEF</Value><ReadOnly>false</ReadOnly><AlertXMLAssigned>false</AlertXMLAssigned></ContextItem></Local><Layout><GUILayoutItem><Name>Sequence</Name><X>452</X><Y>8</Y><Width>240</Width><SpacingWidth>1128</SpacingWidth><DescendantWidth>1128</DescendantWidth><Height>96</Height></GUILayoutItem><GUILayoutItem><Name>ShowParam</Name><X>460</X><Y>24</Y><Width>104</Width><SpacingWidth>0</SpacingWidth><DescendantWidth>0</DescendantWidth><Height>72</Height></GUILayoutItem><GUILayoutItem><Name>Sequence_1</Name><X>80</X><Y>416</Y><Width>120</Width><SpacingWidth>264</SpacingWidth><DescendantWidth>264</DescendantWidth><Height>96</Height></GUILayoutItem><GUILayoutItem><Name>getNotifHdrByID</Name><X>88</X><Y>432</Y><Width>104</Width><SpacingWidth>0</SpacingWidth><DescendantWidth>0</DescendantWidth><Height>72</Height></GUILayoutItem><GUILayoutItem><Name>Sequence_0</Name><X>512</X><Y>144</Y><Width>120</Width><SpacingWidth>1128</SpacingWidth><DescendantWidth>1128</DescendantWidth><Height>96</Height></GUILayoutItem><GUILayoutItem><Name>Sequence_3</Name><X>1016</X><Y>416</Y><Width>120</Width><SpacingWidth>120</SpacingWidth><DescendantWidth>0</DescendantWidth><Height>96</Height></GUILayoutItem><GUILayoutItem><Name>Exception_Enabler_0</Name><X>520</X><Y>160</Y><Width>104</Width><SpacingWidth>0</SpacingWidth><DescendantWidth>0</DescendantWidth><Height>72</Height></GUILayoutItem><GUILayoutItem><Name>Sequence_2</Name><X>1016</X><Y>280</Y><Width>120</Width><SpacingWidth>120</SpacingWidth><DescendantWidth>120</DescendantWidth><Height>96</Height></GUILayoutItem><GUILayoutItem><Name>Catch_0</Name><X>1024</X><Y>296</Y><Width>104</Width><SpacingWidth>0</SpacingWidth><DescendantWidth>0</DescendantWidth><Height>72</Height></GUILayoutItem><GUILayoutItem><Name>ShowCatch_0</Name><X>1024</X><Y>432</Y><Width>104</Width><SpacingWidth>0</SpacingWidth><DescendantWidth>0</DescendantWidth><Height>72</Height></GUILayoutItem><GUILayoutItem><Name>Sequence_4</Name><X>80</X><Y>552</Y><Width>120</Width><SpacingWidth>264</SpacingWidth><DescendantWidth>264</DescendantWidth><Height>96</Height></GUILayoutItem><GUILayoutItem><Name>HasHdr</Name><X>88</X><Y>568</Y><Width>104</Width><SpacingWidth>0</SpacingWidth><DescendantWidth>0</DescendantWidth><Height>72</Height></GUILayoutItem><GUILayoutItem><Name>Sequence_5</Name><X>8</X><Y>688</Y><Width>120</Width><SpacingWidth>120</SpacingWidth><DescendantWidth>120</DescendantWidth><Height>96</Height></GUILayoutItem><GUILayoutItem><Name>Sequence_8</Name><X>152</X><Y>688</Y><Width>120</Width><SpacingWidth>120</SpacingWidth><DescendantWidth>0</DescendantWidth><Height>96</Height></GUILayoutItem><GUILayoutItem><Name>Sequence_9</Name><X>440</X><Y>280</Y><Width>120</Width><SpacingWidth>984</SpacingWidth><DescendantWidth>984</DescendantWidth><Height>96</Height></GUILayoutItem><GUILayoutItem><Name>Sequence_6</Name><X>512</X><Y>416</Y><Width>120</Width><SpacingWidth>552</SpacingWidth><DescendantWidth>552</DescendantWidth><Height>96</Height></GUILayoutItem><GUILayoutItem><Name>getNotifDataByID</Name><X>520</X><Y>432</Y><Width>104</Width><SpacingWidth>0</SpacingWidth><DescendantWidth>0</DescendantWidth><Height>72</Height></GUILayoutItem><GUILayoutItem><Name>Sequence_7</Name><X>512</X><Y>552</Y><Width>120</Width><SpacingWidth>552</SpacingWidth><DescendantWidth>552</DescendantWidth><Height>96</Height></GUILayoutItem><GUILayoutItem><Name>HasData</Name><X>520</X><Y>568</Y><Width>104</Width><SpacingWidth>0</SpacingWidth><DescendantWidth>0</DescendantWidth><Height>72</Height></GUILayoutItem><GUILayoutItem><Name>Sequence_10</Name><X>368</X><Y>960</Y><Width>120</Width><SpacingWidth>264</SpacingWidth><DescendantWidth>264</DescendantWidth><Height>96</Height></GUILayoutItem><GUILayoutItem><Name>Sequence_11</Name><X>728</X><Y>688</Y><Width>120</Width><SpacingWidth>120</SpacingWidth><DescendantWidth>0</DescendantWidth><Height>96</Height></GUILayoutItem><GUILayoutItem><Name>AssignMsgHdr</Name><X>448</X><Y>296</Y><Width>104</Width><SpacingWidth>0</SpacingWidth><DescendantWidth>0</DescendantWidth><Height>72</Height></GUILayoutItem><GUILayoutItem><Name>Sequence_12</Name><X>872</X><Y>416</Y><Width>120</Width><SpacingWidth>120</SpacingWidth><DescendantWidth>120</DescendantWidth><Height>96</Height></GUILayoutItem><GUILayoutItem><Name>AssignMsgFtr</Name><X>880</X><Y>432</Y><Width>104</Width><SpacingWidth>0</SpacingWidth><DescendantWidth>0</DescendantWidth><Height>72</Height></GUILayoutItem><GUILayoutItem><Name>Sequence_13</Name><X>872</X><Y>824</Y><Width>120</Width><SpacingWidth>120</SpacingWidth><DescendantWidth>0</DescendantWidth><Height>96</Height></GUILayoutItem><GUILayoutItem><Name>SendMail</Name><X>880</X><Y>840</Y><Width>104</Width><SpacingWidth>0</SpacingWidth><DescendantWidth>0</DescendantWidth><Height>72</Height></GUILayoutItem><GUILayoutItem><Name>Sequence_15</Name><X>872</X><Y>552</Y><Width>120</Width><SpacingWidth>120</SpacingWidth><DescendantWidth>120</DescendantWidth><Height>96</Height></GUILayoutItem><GUILayoutItem><Name>ShowHtml</Name><X>880</X><Y>568</Y><Width>104</Width><SpacingWidth>0</SpacingWidth><DescendantWidth>0</DescendantWidth><Height>72</Height></GUILayoutItem><GUILayoutItem><Name>AssignNotifHdr</Name><X>16</X><Y>704</Y><Width>104</Width><SpacingWidth>0</SpacingWidth><DescendantWidth>0</DescendantWidth><Height>72</Height></GUILayoutItem><GUILayoutItem><Name>Sequence_16</Name><X>8</X><Y>824</Y><Width>120</Width><SpacingWidth>120</SpacingWidth><DescendantWidth>0</DescendantWidth><Height>96</Height></GUILayoutItem><GUILayoutItem><Name>AssignHdrData</Name><X>16</X><Y>840</Y><Width>104</Width><SpacingWidth>0</SpacingWidth><DescendantWidth>0</DescendantWidth><Height>72</Height></GUILayoutItem><GUILayoutItem><Name>AssignNotifNoHdr</Name><X>160</X><Y>704</Y><Width>104</Width><SpacingWidth>0</SpacingWidth><DescendantWidth>0</DescendantWidth><Height>72</Height></GUILayoutItem><GUILayoutItem><Name>AssignNotifNoData</Name><X>736</X><Y>704</Y><Width>104</Width><SpacingWidth>0</SpacingWidth><DescendantWidth>0</DescendantWidth><Height>72</Height></GUILayoutItem><GUILayoutItem><Name>Sequence_18</Name><X>440</X><Y>824</Y><Width>120</Width><SpacingWidth>408</SpacingWidth><DescendantWidth>408</DescendantWidth><Height>96</Height></GUILayoutItem><GUILayoutItem><Name>RepeatOnRow</Name><X>448</X><Y>840</Y><Width>104</Width><SpacingWidth>0</SpacingWidth><DescendantWidth>0</DescendantWidth><Height>72</Height></GUILayoutItem><GUILayoutItem><Name>Sequence_19</Name><X>440</X><Y>688</Y><Width>120</Width><SpacingWidth>408</SpacingWidth><DescendantWidth>408</DescendantWidth><Height>96</Height></GUILayoutItem><GUILayoutItem><Name>AssignDataHdr</Name><X>448</X><Y>704</Y><Width>104</Width><SpacingWidth>0</SpacingWidth><DescendantWidth>0</DescendantWidth><Height>72</Height></GUILayoutItem><GUILayoutItem><Name>AssignDataValues</Name><X>376</X><Y>976</Y><Width>104</Width><SpacingWidth>0</SpacingWidth><DescendantWidth>0</DescendantWidth><Height>72</Height></GUILayoutItem><GUILayoutItem><Name>Sequence_25</Name><X>368</X><Y>1096</Y><Width>120</Width><SpacingWidth>264</SpacingWidth><DescendantWidth>264</DescendantWidth><Height>96</Height></GUILayoutItem><GUILayoutItem><Name>FIX_bgColor</Name><X>376</X><Y>1112</Y><Width>104</Width><SpacingWidth>0</SpacingWidth><DescendantWidth>0</DescendantWidth><Height>72</Height></GUILayoutItem><GUILayoutItem><Name>Sequence_27</Name><X>296</X><Y>1232</Y><Width>120</Width><SpacingWidth>120</SpacingWidth><DescendantWidth>0</DescendantWidth><Height>96</Height></GUILayoutItem><GUILayoutItem><Name>AssignFFFFFF</Name><X>304</X><Y>1248</Y><Width>104</Width><SpacingWidth>0</SpacingWidth><DescendantWidth>0</DescendantWidth><Height>72</Height></GUILayoutItem><GUILayoutItem><Name>Sequence_28</Name><X>440</X><Y>1232</Y><Width>120</Width><SpacingWidth>120</SpacingWidth><DescendantWidth>0</DescendantWidth><Height>96</Height></GUILayoutItem><GUILayoutItem><Name>AssignEFEFEF</Name><X>448</X><Y>1248</Y><Width>104</Width><SpacingWidth>0</SpacingWidth><DescendantWidth>0</DescendantWidth><Height>72</Height></GUILayoutItem><GUILayoutItem><Name>Sequence_17</Name><X>584</X><Y>960</Y><Width>120</Width><SpacingWidth>120</SpacingWidth><DescendantWidth>0</DescendantWidth><Height>96</Height></GUILayoutItem><GUILayoutItem><Name>AssignDataBot</Name><X>592</X><Y>976</Y><Width>104</Width><SpacingWidth>0</SpacingWidth><DescendantWidth>0</DescendantWidth><Height>72</Height></GUILayoutItem><GUILayoutItem><Name>Sequence_14</Name><X>872</X><Y>688</Y><Width>120</Width><SpacingWidth>120</SpacingWidth><DescendantWidth>120</DescendantWidth><Height>96</Height></GUILayoutItem><GUILayoutItem><Name>HasType</Name><X>880</X><Y>704</Y><Width>104</Width><SpacingWidth>0</SpacingWidth><DescendantWidth>0</DescendantWidth><Height>72</Height></GUILayoutItem><GUILayoutItem><Name>Chart_0</Name><X>580</X><Y>24</Y><Width>104</Width><SpacingWidth>0</SpacingWidth><DescendantWidth>0</DescendantWidth><Height>72</Height></GUILayoutItem></Layout><Actions><ContextItem><Name>ShowParam</Name><Description/><MinRange>0</MinRange><MaxRange>0</MaxRange><Value xsi:type="Tracer"><Message/><Level>INFO</Level></Value><ReadOnly>false</ReadOnly><AlertXMLAssigned>false</AlertXMLAssigned></ContextItem><ContextItem><Name>getNotifHdrByID</Name><Description/><MinRange>0</MinRange><MaxRange>0</MaxRange><Value xsi:type="IlluminatorSQLQueryObject"><Timeout>60</Timeout><QueryParameters/><QueryTemplate>MESM/DIAGNOSTICS/QUERIES/getNotifHdrByID</QueryTemplate><QueryStartDate>2016-09-15T15:32:26</QueryStartDate><QueryEndDate>2016-09-15T15:32:26</QueryEndDate><SQLTransaction/><Results><ReferenceDocumentSource/>&lt;?xml version="1.0" encoding="UTF-8"?&gt;&lt;Rowsets CachedTime="" DateCreated="2016-09-15T20:32:27" EndDate="2016-09-15T20:32:27" StartDate="2016-09-15T19:32:27" Version="15.0 SP7 Patch 12 (07-Sep-2016)"&gt;&lt;Rowset&gt;&lt;Columns&gt;&lt;Column Description="recordID" MaxRange="1" MinRange="0" Name="recordID" SQLDataType="-5" SourceColumn="recordID"/&gt;&lt;Column Description="notifTimeStamp" MaxRange="1" MinRange="0" Name="notifTimeStamp" SQLDataType="-9" SourceColumn="notifTimeStamp"/&gt;&lt;Column Description="notifTrxCtrValue" MaxRange="1" MinRange="0" Name="notifTrxCtrValue" SQLDataType="-5" SourceColumn="notifTrxCtrValue"/&gt;&lt;Column Description="notifTransactionType" MaxRange="1" MinRange="0" Name="notifTransactionType" SQLDataType="4" SourceColumn="notifTransactionType"/&gt;&lt;Column Description="trxRecID" MaxRange="1" MinRange="0" Name="trxRecID" SQLDataType="-5" SourceColumn="trxRecID"/&gt;&lt;Column Description="notifName" MaxRange="1" MinRange="0" Name="notifName" SQLDataType="-9" SourceColumn="notifName"/&gt;&lt;Column Description="notifQuality" MaxRange="1" MinRange="0" Name="notifQuality" SQLDataType="4" SourceColumn="notifQuality"/&gt;&lt;Column Description="notifDescription" MaxRange="1" MinRange="0" Name="notifDescription" SQLDataType="-9" SourceColumn="notifDescription"/&gt;&lt;Column Description="notifMemMapVer" MaxRange="1" MinRange="0" Name="notifMemMapVer" SQLDataType="4" SourceColumn="notifMemMapVer"/&gt;&lt;Column Description="notifStatus" MaxRange="1" MinRange="0" Name="notifStatus" SQLDataType="4" SourceColumn="notifStatus"/&gt;&lt;Column Description="notifErrMessage" MaxRange="1" MinRange="0" Name="notifErrMessage" SQLDataType="12" SourceColumn="notifErrMessage"/&gt;&lt;/Columns&gt;&lt;Row&gt;&lt;recordID&gt;6358&lt;/recordID&gt;&lt;notifTimeStamp&gt;2016-09-14T18:17:12&lt;/notifTimeStamp&gt;&lt;notifTrxCtrValue&gt;22&lt;/notifTrxCtrValue&gt;&lt;notifTransactionType&gt;16&lt;/notifTransactionType&gt;&lt;trxRecID&gt;3&lt;/trxRecID&gt;&lt;notifName&gt;TransCtr&lt;/notifName&gt;&lt;notifQuality&gt;1&lt;/notifQuality&gt;&lt;notifDescription&gt;VWC_SUBASSY_OP130&lt;/notifDescription&gt;&lt;notifMemMapVer&gt;1&lt;/notifMemMapVer&gt;&lt;notifStatus&gt;1&lt;/notifStatus&gt;&lt;notifErrMessage&gt;Submitted&lt;/notifErrMessage&gt;&lt;/Row&gt;&lt;/Rowset&gt;&lt;/Rowsets&gt;</Results><TagList/></Value><SchemaURI/><SchemaElement/><ValidateXMLOnExecution>1</ValidateXMLOnExecution><ReadOnly>false</ReadOnly><AlertXMLAssigned>false</AlertXMLAssigned></ContextItem><ContextItem><Name>Exception_Enabler_0</Name><Description/><MinRange>0</MinRange><MaxRange>0</MaxRange><Value xsi:type="ExceptionEnabler"><EnableActionExceptions>true</EnableActionExceptions><EnableLinkExceptions>true</EnableLinkExceptions></Value><ReadOnly>false</ReadOnly><AlertXMLAssigned>false</AlertXMLAssigned></ContextItem><ContextItem><Name>Catch_0</Name><Description/><MinRange>0</MinRange><MaxRange>0</MaxRange><Value xsi:type="CatchAction"/><ReadOnly>false</ReadOnly><AlertXMLAssigned>false</AlertXMLAssigned></ContextItem><ContextItem><Name>ShowCatch_0</Name><Description/><MinRange>0</MinRange><MaxRange>0</MaxRange><Value xsi:type="Tracer"><Message/><Level>INFO</Level></Value><ReadOnly>false</ReadOnly><AlertXMLAssigned>false</AlertXMLAssigned></ContextItem><ContextItem><Name>HasHdr</Name><Description/><MinRange>0</MinRange><MaxRange>0</MaxRange><Value xsi:type="ConditionalAction"><Output>false</Output><InputCount>1</InputCount><LogicalAnd>false</LogicalAnd><Input1>false</Input1></Value><ReadOnly>false</ReadOnly><AlertXMLAssigned>false</AlertXMLAssigned></ContextItem><ContextItem><Name>getNotifDataByID</Name><Description/><MinRange>0</MinRange><MaxRange>0</MaxRange><Value xsi:type="IlluminatorSQLQueryObject"><Timeout>60</Timeout><QueryParameters/><QueryTemplate>MESM/DIAGNOSTICS/QUERIES/getNotifDataByID</QueryTemplate><QueryStartDate>2016-09-15T15:37:26</QueryStartDate><QueryEndDate>2016-09-15T15:37:26</QueryEndDate><SQLTransaction/><Results><ReferenceDocumentSource/>&lt;?xml version="1.0" encoding="UTF-8"?&gt;&lt;Rowsets CachedTime="" DateCreated="2016-09-30T12:17:06" EndDate="2016-09-30T12:17:06" StartDate="2016-09-30T11:17:06" Version="15.0 SP7 Patch 12 (Sep 7, 2016)"&gt;&lt;Rowset&gt;&lt;Columns&gt;&lt;Column Description="TYPE" MaxRange="1" MinRange="0" Name="TYPE" SQLDataType="-9" SourceColumn="TYPE"/&gt;&lt;Column Description="TAG" MaxRange="1" MinRange="0" Name="TAG" SQLDataType="-9" SourceColumn="TAG"/&gt;&lt;Column Description="VALUE" MaxRange="1" MinRange="0" Name="VALUE" SQLDataType="12" SourceColumn="VALUE"/&gt;&lt;Column Description="STORE" MaxRange="1" MinRange="0" Name="STORE" SQLDataType="-9" SourceColumn="STORE"/&gt;&lt;/Columns&gt;&lt;Row&gt;&lt;TYPE&gt;TSend&lt;/TYPE&gt;&lt;TAG&gt;Transaction Counter&lt;/TAG&gt;&lt;VALUE&gt;3004&lt;/VALUE&gt;&lt;STORE&gt;DINT&lt;/STORE&gt;&lt;/Row&gt;&lt;Row&gt;&lt;TYPE&gt;TSend&lt;/TYPE&gt;&lt;TAG&gt;Transaction Status&lt;/TAG&gt;&lt;VALUE&gt;0&lt;/VALUE&gt;&lt;STORE&gt;DINT&lt;/STORE&gt;&lt;/Row&gt;&lt;Row&gt;&lt;TYPE&gt;TSend&lt;/TYPE&gt;&lt;TAG&gt;Memory Map Version&lt;/TAG&gt;&lt;VALUE&gt;1&lt;/VALUE&gt;&lt;STORE&gt;DINT&lt;/STORE&gt;&lt;/Row&gt;&lt;Row&gt;&lt;TYPE&gt;TSend&lt;/TYPE&gt;&lt;TAG&gt;Operator Clock Number&lt;/TAG&gt;&lt;VALUE&gt;0&lt;/VALUE&gt;&lt;STORE&gt;DINT&lt;/STORE&gt;&lt;/Row&gt;&lt;Row&gt;&lt;TYPE&gt;TSend&lt;/TYPE&gt;&lt;TAG&gt;Part Reject Code&lt;/TAG&gt;&lt;VALUE&gt;0&lt;/VALUE&gt;&lt;STORE&gt;DINT&lt;/STORE&gt;&lt;/Row&gt;&lt;Row&gt;&lt;TYPE&gt;TSend&lt;/TYPE&gt;&lt;TAG&gt;Transaction Type&lt;/TAG&gt;&lt;VALUE&gt;16&lt;/VALUE&gt;&lt;STORE&gt;DINT&lt;/STORE&gt;&lt;/Row&gt;&lt;Row&gt;&lt;TYPE&gt;TSend&lt;/TYPE&gt;&lt;TAG&gt;Data Source ID&lt;/TAG&gt;&lt;VALUE/&gt;&lt;STORE&gt;STR12&lt;/STORE&gt;&lt;/Row&gt;&lt;Row&gt;&lt;TYPE&gt;TSend&lt;/TYPE&gt;&lt;TAG&gt;Job Order ID&lt;/TAG&gt;&lt;VALUE/&gt;&lt;STORE&gt;STR12&lt;/STORE&gt;&lt;/Row&gt;&lt;Row&gt;&lt;TYPE&gt;TSend&lt;/TYPE&gt;&lt;TAG&gt;Part Serial Number&lt;/TAG&gt;&lt;VALUE&gt;FTW3M1600047m&lt;/VALUE&gt;&lt;STORE&gt;STR36&lt;/STORE&gt;&lt;/Row&gt;&lt;Row&gt;&lt;TYPE&gt;TSend&lt;/TYPE&gt;&lt;TAG&gt;Customer Serial Number&lt;/TAG&gt;&lt;VALUE/&gt;&lt;STORE&gt;STR36&lt;/STORE&gt;&lt;/Row&gt;&lt;Row&gt;&lt;TYPE&gt;TSend&lt;/TYPE&gt;&lt;TAG&gt;Part Number Code&lt;/TAG&gt;&lt;VALUE/&gt;&lt;STORE&gt;STR36&lt;/STORE&gt;&lt;/Row&gt;&lt;Row&gt;&lt;TYPE&gt;TSend&lt;/TYPE&gt;&lt;TAG&gt;Part Number Lot&lt;/TAG&gt;&lt;VALUE/&gt;&lt;STORE&gt;STR36&lt;/STORE&gt;&lt;/Row&gt;&lt;Row&gt;&lt;TYPE&gt;TSend&lt;/TYPE&gt;&lt;TAG&gt;CNC ID OP10&lt;/TAG&gt;&lt;VALUE&gt;E&lt;/VALUE&gt;&lt;STORE&gt;STR82&lt;/STORE&gt;&lt;/Row&gt;&lt;Row&gt;&lt;TYPE&gt;TSend&lt;/TYPE&gt;&lt;TAG&gt;CNC ID OP30&lt;/TAG&gt;&lt;VALUE&gt;E&lt;/VALUE&gt;&lt;STORE&gt;STR82&lt;/STORE&gt;&lt;/Row&gt;&lt;Row&gt;&lt;TYPE&gt;TSend&lt;/TYPE&gt;&lt;TAG&gt;Bolts Large Lot&lt;/TAG&gt;&lt;VALUE&gt;2007551-1&lt;/VALUE&gt;&lt;STORE&gt;STR82&lt;/STORE&gt;&lt;/Row&gt;&lt;Row&gt;&lt;TYPE&gt;TSend&lt;/TYPE&gt;&lt;TAG&gt;Bolts Small Lot&lt;/TAG&gt;&lt;VALUE&gt;E2007507-1&lt;/VALUE&gt;&lt;STORE&gt;STR82&lt;/STORE&gt;&lt;/Row&gt;&lt;Row&gt;&lt;TYPE&gt;TSend&lt;/TYPE&gt;&lt;TAG&gt;Cap Large Lot&lt;/TAG&gt;&lt;VALUE&gt;000100&lt;/VALUE&gt;&lt;STORE&gt;STR82&lt;/STORE&gt;&lt;/Row&gt;&lt;Row&gt;&lt;TYPE&gt;TSend&lt;/TYPE&gt;&lt;TAG&gt;Cap Small Lot&lt;/TAG&gt;&lt;VALUE&gt;000200&lt;/VALUE&gt;&lt;STORE&gt;STR82&lt;/STORE&gt;&lt;/Row&gt;&lt;Row&gt;&lt;TYPE&gt;TSend&lt;/TYPE&gt;&lt;TAG&gt;OP10 Result&lt;/TAG&gt;&lt;VALUE&gt;1&lt;/VALUE&gt;&lt;STORE&gt;DINT&lt;/STORE&gt;&lt;/Row&gt;&lt;Row&gt;&lt;TYPE&gt;TSend&lt;/TYPE&gt;&lt;TAG&gt;OP10 Vision Result&lt;/TAG&gt;&lt;VALUE&gt;80&lt;/VALUE&gt;&lt;STORE&gt;DINT&lt;/STORE&gt;&lt;/Row&gt;&lt;Row&gt;&lt;TYPE&gt;TSend&lt;/TYPE&gt;&lt;TAG&gt;OP20 CapCheck Result&lt;/TAG&gt;&lt;VALUE&gt;1&lt;/VALUE&gt;&lt;STORE&gt;DINT&lt;/STORE&gt;&lt;/Row&gt;&lt;Row&gt;&lt;TYPE&gt;TSend&lt;/TYPE&gt;&lt;TAG&gt;OP20 OperatorResult&lt;/TAG&gt;&lt;VALUE&gt;1&lt;/VALUE&gt;&lt;STORE&gt;DINT&lt;/STORE&gt;&lt;/Row&gt;&lt;Row&gt;&lt;TYPE&gt;TSend&lt;/TYPE&gt;&lt;TAG&gt;OP30 Result&lt;/TAG&gt;&lt;VALUE&gt;1&lt;/VALUE&gt;&lt;STORE&gt;DINT&lt;/STORE&gt;&lt;/Row&gt;&lt;Row&gt;&lt;TYPE&gt;TSend&lt;/TYPE&gt;&lt;TAG&gt;OP30 Vision Result&lt;/TAG&gt;&lt;VALUE&gt;80&lt;/VALUE&gt;&lt;STORE&gt;DINT&lt;/STORE&gt;&lt;/Row&gt;&lt;Row&gt;&lt;TYPE&gt;TReceive&lt;/TYPE&gt;&lt;TAG&gt;Transaction Counter&lt;/TAG&gt;&lt;VALUE&gt;3004&lt;/VALUE&gt;&lt;STORE&gt;DINT&lt;/STORE&gt;&lt;/Row&gt;&lt;Row&gt;&lt;TYPE&gt;TReceive&lt;/TYPE&gt;&lt;TAG&gt;Transaction Status&lt;/TAG&gt;&lt;VALUE/&gt;&lt;STORE&gt;DINT&lt;/STORE&gt;&lt;/Row&gt;&lt;Row&gt;&lt;TYPE&gt;TReceive&lt;/TYPE&gt;&lt;TAG&gt;Transaction Type&lt;/TAG&gt;&lt;VALUE&gt;16&lt;/VALUE&gt;&lt;STORE&gt;DINT&lt;/STORE&gt;&lt;/Row&gt;&lt;Row&gt;&lt;TYPE&gt;TReceive&lt;/TYPE&gt;&lt;TAG&gt;Transaction Response&lt;/TAG&gt;&lt;VALUE/&gt;&lt;STORE&gt;STR254&lt;/STORE&gt;&lt;/Row&gt;&lt;/Rowset&gt;&lt;/Rowsets&gt;</Results><TagList/></Value><SchemaURI/><SchemaElement/><ValidateXMLOnExecution>1</ValidateXMLOnExecution><ReadOnly>false</ReadOnly><AlertXMLAssigned>false</AlertXMLAssigned></ContextItem><ContextItem><Name>HasData</Name><Description/><MinRange>0</MinRange><MaxRange>0</MaxRange><Value xsi:type="ConditionalAction"><Output>false</Output><InputCount>1</InputCount><LogicalAnd>false</LogicalAnd><Input1>false</Input1></Value><ReadOnly>false</ReadOnly><AlertXMLAssigned>false</AlertXMLAssigned></ContextItem><ContextItem><Name>AssignMsgHdr</Name><Description/><MinRange>0</MinRange><MaxRange>0</MaxRange><Value xsi:type="Assignment"/><ReadOnly>false</ReadOnly><AlertXMLAssigned>false</AlertXMLAssigned></ContextItem><ContextItem><Name>AssignMsgFtr</Name><Description/><MinRange>0</MinRange><MaxRange>0</MaxRange><Value xsi:type="Assignment"/><ReadOnly>false</ReadOnly><AlertXMLAssigned>false</AlertXMLAssigned></ContextItem><ContextItem><Name>SendMail</Name><Description/><MinRange>0</MinRange><MaxRange>0</MaxRange><Value xsi:type="TransactionCall"><ResetState>false</ResetState><TransactionName>MESM/DIAGNOSTICS/TRANSACTIONS/SendMail</TransactionName><Async>false</Async><Persist>INHERIT</Persist><LogLevel>INHERIT</LogLevel><LogType>INHERIT</LogType><StoreTransactionOutput>false</StoreTransactionOutput><Expiration>-1</Expiration><mailAttachment/><mailMessage>&lt;b&gt; TEST MESSAGE BOLD &lt;/b&gt;</mailMessage><mailSubject>SAPMII15 says :  MESSAGE</mailSubject><ToAddress>Alerts.Miiusftw@dana.com</ToAddress></Value><ReadOnly>false</ReadOnly><AlertXMLAssigned>false</AlertXMLAssigned></ContextItem><ContextItem><Name>ShowHtml</Name><Description/><MinRange>0</MinRange><MaxRange>0</MaxRange><Value xsi:type="Tracer"><Message/><Level>INFO</Level></Value><ReadOnly>false</ReadOnly><AlertXMLAssigned>false</AlertXMLAssigned></ContextItem><ContextItem><Name>AssignNotifHdr</Name><Description/><MinRange>0</MinRange><MaxRange>0</MaxRange><Value xsi:type="Assignment"/><ReadOnly>false</ReadOnly><AlertXMLAssigned>false</AlertXMLAssigned></ContextItem><ContextItem><Name>AssignHdrData</Name><Description/><MinRange>0</MinRange><MaxRange>0</MaxRange><Value xsi:type="Assignment"/><ReadOnly>false</ReadOnly><AlertXMLAssigned>false</AlertXMLAssigned></ContextItem><ContextItem><Name>AssignNotifNoHdr</Name><Description/><MinRange>0</MinRange><MaxRange>0</MaxRange><Value xsi:type="Assignment"/><ReadOnly>false</ReadOnly><AlertXMLAssigned>false</AlertXMLAssigned></ContextItem><ContextItem><Name>AssignNotifNoData</Name><Description/><MinRange>0</MinRange><MaxRange>0</MaxRange><Value xsi:type="Assignment"/><ReadOnly>false</ReadOnly><AlertXMLAssigned>false</AlertXMLAssigned></ContextItem><ContextItem><Name>RepeatOnRow</Name><Description/><MinRange>0</MinRange><MaxRange>0</MaxRange><Value xsi:type="RepeaterAction"><Output><ReferenceDocumentSource/>&lt;?xml version="1.0" encoding="UTF-8"?&gt;&lt;Row&gt;&lt;TYPE&gt;TSend&lt;/TYPE&gt;&lt;TAG&gt;Transaction Counter&lt;/TAG&gt;&lt;VALUE&gt;3004&lt;/VALUE&gt;&lt;STORE&gt;DINT&lt;/STORE&gt;&lt;/Row&gt;</Output><Break>false</Break><ItemCount>0</ItemCount><CurrentItem>0</CurrentItem><Source>getNotifDataByID.Results{/Rowsets/Rowset/Row}</Source><Item><ReferenceDocumentSource/>&lt;?xml version="1.0" encoding="UTF-8"?&gt;&lt;Row&gt;&lt;TYPE&gt;TSend&lt;/TYPE&gt;&lt;TAG&gt;Transaction Counter&lt;/TAG&gt;&lt;VALUE&gt;3004&lt;/VALUE&gt;&lt;STORE&gt;DINT&lt;/STORE&gt;&lt;/Row&gt;</Item></Value><SchemaURI/><SchemaElement/><ValidateXMLOnExecution>1</ValidateXMLOnExecution><SchemaURI/><SchemaElement/><ValidateXMLOnExecution>1</ValidateXMLOnExecution><ReadOnly>false</ReadOnly><AlertXMLAssigned>false</AlertXMLAssigned></ContextItem><ContextItem><Name>AssignDataHdr</Name><Description/><MinRange>0</MinRange><MaxRange>0</MaxRange><Value xsi:type="Assignment"/><ReadOnly>false</ReadOnly><AlertXMLAssigned>false</AlertXMLAssigned></ContextItem><ContextItem><Name>AssignDataValues</Name><Description/><MinRange>0</MinRange><MaxRange>0</MaxRange><Value xsi:type="Assignment"/><ReadOnly>false</ReadOnly><AlertXMLAssigned>false</AlertXMLAssigned></ContextItem><ContextItem><Name>FIX_bgColor</Name><Description/><MinRange>0</MinRange><MaxRange>0</MaxRange><Value xsi:type="ConditionalAction"><Output>false</Output><InputCount>1</InputCount><LogicalAnd>false</LogicalAnd><Input1>false</Input1></Value><ReadOnly>false</ReadOnly><AlertXMLAssigned>false</AlertXMLAssigned></ContextItem><ContextItem><Name>AssignFFFFFF</Name><Description/><MinRange>0</MinRange><MaxRange>0</MaxRange><Value xsi:type="Assignment"/><ReadOnly>false</ReadOnly><AlertXMLAssigned>false</AlertXMLAssigned></ContextItem><ContextItem><Name>AssignEFEFEF</Name><Description/><MinRange>0</MinRange><MaxRange>0</MaxRange><Value xsi:type="Assignment"/><ReadOnly>false</ReadOnly><AlertXMLAssigned>false</AlertXMLAssigned></ContextItem><ContextItem><Name>AssignDataBot</Name><Description/><MinRange>0</MinRange><MaxRange>0</MaxRange><Value xsi:type="Assignment"/><ReadOnly>false</ReadOnly><AlertXMLAssigned>false</AlertXMLAssigned></ContextItem><ContextItem><Name>HasType</Name><Description/><MinRange>0</MinRange><MaxRange>0</MaxRange><Value xsi:type="ConditionalAction"><Output>false</Output><InputCount>1</InputCount><LogicalAnd>false</LogicalAnd><Input1>false</Input1></Value><ReadOnly>false</ReadOnly><AlertXMLAssigned>false</AlertXMLAssigned></ContextItem><ContextItem><Name>Chart_0</Name><Description/><MinRange>0</MinRange><MaxRange>0</MaxRange><Value xsi:type="IlluminatorChart"><Width>640</Width><Timeout>60</Timeout><Height>400</Height><QueryParameters/><QueryTemplate/><DisplayTemplate/><ImageFormat>image/png</ImageFormat></Value><ReadOnly>false</ReadOnly><AlertXMLAssigned>false</AlertXMLAssigned></ContextItem></Actions><ReaderRoles>SAP_XMII_Super_Administrator,SAP_XMII_Administrator,SAP_XMII_Developer,SAP_XMII_User</ReaderRoles><Steps><Step xsi:type="ActionSequence"><Name>Sequence</Name><Description/><Steps><Step xsi:type="ActionSequence"><Name>Sequence_0</Name><Description/><Steps><Step xsi:type="ActionSequence"><Name>Sequence_9</Name><Description/><Steps><Step xsi:type="ActionSequence"><Name>Sequence_1</Name><Description/><Steps><Step xsi:type="Conditional"><Name>Sequence_4</Name><Description/><Steps><Step xsi:type="ActionSequence"><Name>Sequence_5</Name><Description/><Steps><Step xsi:type="ActionSequence"><Name>Sequence_16</Name><Description/><Steps/><Actions><Action><Name>AssignHdrData</Name><Description> </Description><IncomingLinks/><OutgoingLinks><Assign xsi:type="Assign"><Name/><Description/><To>Local.HTML_TEXT</To><From>Local.HTML_TEXT &amp; "&lt;table id=\"top-hdrData\" cellspacing=0 cellpadding=10 border=0 align=center width=940 style=\"margin-top:0px;font-family: Arial;\"&gt;&lt;tr style=\"font-size:11px;font-weight:bold;border-top:2px solid #666;margin-top:0px;background-color:#efefef;\"&gt;&lt;td style=\"width:150px; text-align:center;\"&gt;" &amp; 
datefromxmlformat(getNotifHdrByID.Results{/Rowsets/Rowset/Row/notifTimeStamp}, "yyyyMMdd HH:mm:ss")
&amp; "&lt;/td&gt;&lt;td style=\"width:80px; text-align:center;\"&gt;" &amp; 
getNotifHdrByID.Results{/Rowsets/Rowset/Row/notifTrxCtrValue}
&amp; "&lt;/td&gt;&lt;td style=\"width:80px; text-align:center;\"&gt;" &amp; 
getNotifHdrByID.Results{/Rowsets/Rowset/Row/notifTransactionType}
&amp; "&lt;/td&gt;&lt;td style=\"width:200px; text-align:center;\"&gt;" &amp; 
getNotifHdrByID.Results{/Rowsets/Rowset/Row/notifDescription}
&amp; "&lt;/td&gt;&lt;td style=\"width:80px; text-align:center;\"&gt;" &amp; 
stringif(getNotifHdrByID.Results{/Rowsets/Rowset/Row/notifStatus}==1," PASS ", " FAIL")
&amp; "&lt;/td&gt;&lt;td style=\"width:350px; text-align:center;\"&gt;" &amp; 
getNotifHdrByID.Results{/Rowsets/Rowset/Row/notifErrMessage}
&amp; "&lt;/td&gt;&lt;/tr&gt;&lt;/table&gt;"</From></Assign></OutgoingLinks></Action></Actions></Step></Steps><Actions><Action><Name>AssignNotifHdr</Name><Description> </Description><IncomingLinks/><OutgoingLinks><Assign xsi:type="Assign"><Name/><Description/><To>Local.HTML_TEXT</To><From>Local.HTML_TEXT &amp; "&lt;table id=\"top-hdr\" cellspacing=0 cellpadding=10 border=0 align=center width=940 style=\"margin-top:0px;font-family: Arial;\"&gt;&lt;tr style=\"border-top:2px solid #666;margin-top:0px;background-color:#ffffff;\"&gt;&lt;td colspan=6 style=\"font-size:28px;font-weight:bold;color: #007dc0;text-align:center\"&gt;" &amp; " PLC NOTIFICATION ( " &amp; Transaction.NOTIFRECID &amp; " )" &amp; "&lt;/td&gt;&lt;/tr&gt;&lt;tr style=\"font-size:11px;font-weight:bold;border-top:2px solid #666;margin-top:0px;background-color:#cfcfcf;\"&gt;&lt;td style=\"width:150px; text-align:center;\"&gt;Timestamp&lt;/td&gt;&lt;td style=\"width:80px; text-align:center;\"&gt;TransCtr&lt;/td&gt;&lt;td style=\"width:80px; text-align:center;\"&gt;TransType&lt;/td&gt;&lt;td style=\"width:200px; text-align:center;\"&gt;Operation&lt;/td&gt;&lt;td style=\"width:80px; text-align:center;\"&gt;Status&lt;/td&gt;&lt;td style=\"width:350px; text-align:center;\"&gt;Notif. Message&lt;/td&gt;&lt;/tr&gt;&lt;/table&gt;"</From></Assign></OutgoingLinks></Action></Actions></Step><Step xsi:type="ActionSequence"><Name>Sequence_8</Name><Description/><Steps/><Actions><Action><Name>AssignNotifNoHdr</Name><Description> </Description><IncomingLinks/><OutgoingLinks><Assign xsi:type="Assign"><Name/><Description/><To>Local.HTML_TEXT</To><From>Local.HTML_TEXT &amp; "&lt;table id=\"top-hdr\" cellspacing=0 cellpadding=10 border=0 align=center width=940 style=\"margin-top:0px;font-family: Arial;\"&gt;&lt;tr style=\"border-top:2px solid #666;margin-top:0px;background-color:#ffffff;\"&gt;&lt;td colspan=6 style=\"font-size:28px;font-weight:bold;color: #007dc0;text-align:center\"&gt;" &amp; " PLC NOTIFICATION ( " &amp; Transaction.NOTIFRECID &amp; " ) NO CTM HEADER" &amp; "&lt;/td&gt;&lt;/tr&gt;&lt;/table&gt;"</From></Assign></OutgoingLinks></Action></Actions></Step></Steps><Actions><Action><Name>HasHdr</Name><Description> </Description><IncomingLinks><Assign xsi:type="Assign"><Name/><Description/><To>HasHdr.Input1</To><From>if(getNotifHdrByID.Results{count(/Rowsets/Rowset/Row)}&gt;0,1,0)</From></Assign></IncomingLinks><OutgoingLinks/></Action></Actions></Step></Steps><Actions><Action><Name>getNotifHdrByID</Name><Description>SQL Query</Description><IncomingLinks><Assign xsi:type="Assign"><Name/><Description/><To>getNotifHdrByID.Server</To><From>Transaction.SQL_SERVER</From></Assign><Assign xsi:type="Assign"><Name/><Description/><To>getNotifHdrByID.Param.1</To><From>number(Transaction.NOTIFRECID)</From></Assign></IncomingLinks><OutgoingLinks/></Action></Actions></Step><Step xsi:type="ActionSequence"><Name>Sequence_6</Name><Description/><Steps><Step xsi:type="Conditional"><Name>Sequence_7</Name><Description/><Steps><Step xsi:type="ActionSequence"><Name>Sequence_19</Name><Description/><Steps><Step xsi:type="Repeater"><Name>Sequence_18</Name><Description/><Steps><Step xsi:type="ActionSequence"><Name>Sequence_10</Name><Description/><Steps><Step xsi:type="Conditional"><Name>Sequence_25</Name><Description/><Steps><Step xsi:type="ActionSequence"><Name>Sequence_27</Name><Description/><Steps/><Actions><Action><Name>AssignFFFFFF</Name><Description> </Description><IncomingLinks/><OutgoingLinks><Assign xsi:type="Assign"><Name/><Description/><To>Local.prevBgColor</To><From>"#FFFFFF"</From></Assign></OutgoingLinks></Action></Actions></Step><Step xsi:type="ActionSequence"><Name>Sequence_28</Name><Description/><Steps/><Actions><Action><Name>AssignEFEFEF</Name><Description> </Description><IncomingLinks/><OutgoingLinks><Assign xsi:type="Assign"><Name/><Description/><To>Local.prevBgColor</To><From>"#EFEFEF"</From></Assign></OutgoingLinks></Action></Actions></Step></Steps><Actions><Action><Name>FIX_bgColor</Name><Description> </Description><IncomingLinks><Assign xsi:type="Assign"><Name/><Description/><To>FIX_bgColor.Input1</To><From>stringif(Local.prevBgColor =="#EFEFEF", 1,0)</From></Assign></IncomingLinks><OutgoingLinks/></Action></Actions></Step></Steps><Actions><Action><Name>AssignDataValues</Name><Description> </Description><IncomingLinks/><OutgoingLinks><Assign xsi:type="Assign"><Name/><Description/><To>Local.HTML_TEXT</To><From>Local.HTML_TEXT &amp; "&lt;table id=\"data-val" &amp; RepeatOnRow.CurrentItem &amp; "\" cellspacing=0 cellpadding=10 border=0 align=center width=500 style=\"margin-top:0px;font-family: Arial;\"&gt;&lt;tr style=\"font-size:11px;font-weight:bold;border-top:2px solid #666;margin-top:0px;background-color:" &amp; Local.prevBgColor &amp; ";\"&gt;&lt;td style=\"width:100px; text-align:center;\"&gt;" &amp; 
RepeatOnRow.Output{/Row/TYPE}
&amp; "&lt;/td&gt;&lt;td style=\"width:250px; text-align:center;\"&gt;" &amp; 
RepeatOnRow.Output{/Row/TAG}
&amp; "&lt;/td&gt;&lt;td style=\"width:150px; text-align:center;\"&gt;" &amp; 
stringif(RepeatOnRow.Output{/Row/STORE}=="FLOAT",round(RepeatOnRow.Output{/Row/VALUE}*10000)/1000,RepeatOnRow.Output{/Row/VALUE})
&amp; "&lt;/td&gt;&lt;/tr&gt;&lt;/table&gt;"</From></Assign></OutgoingLinks></Action></Actions></Step><Step xsi:type="ActionSequence"><Name>Sequence_17</Name><Description/><Steps/><Actions><Action><Name>AssignDataBot</Name><Description> </Description><IncomingLinks/><OutgoingLinks><Assign xsi:type="Assign"><Name/><Description/><To>Local.HTML_TEXT</To><From>Local.HTML_TEXT &amp; "&lt;table id=\"data-bot" &amp; "\" cellspacing=0 cellpadding=4 border=0 align=center width=500 style=\"margin-top:0px; font-size:11px; font-family: Arial;font-weight:bold; border-top:2px solid black;\"&gt;&lt;tr style=\"background-color:#ffffff;\"&gt;&lt;td colspan=3 style=\"margin-top:0px;\" align=left&gt;&amp;nbsp; Created " &amp; datefromxmlformat(datenow, "yyyy-MM-dd HH:mm:ss") &amp; " -- " &amp; RepeatOnRow.ItemCount &amp; " Records&lt;/td&gt;&lt;/tr&gt;&lt;/table&gt;&lt;br /&gt;&lt;br /&gt;"</From></Assign></OutgoingLinks></Action></Actions></Step></Steps><Actions><Action><Name>RepeatOnRow</Name><Description> </Description><IncomingLinks/><OutgoingLinks/></Action></Actions></Step></Steps><Actions><Action><Name>AssignDataHdr</Name><Description> </Description><IncomingLinks/><OutgoingLinks><Assign xsi:type="Assign"><Name/><Description/><To>Local.HTML_TEXT</To><From>Local.HTML_TEXT &amp; "&lt;table id=\"data-hdr\" cellspacing=0 cellpadding=10 border=0 align=center width=500 style=\"margin-top:0px;font-family: Arial;\"&gt;&lt;tr style=\"border-top:2px solid #666;margin-top:0px;background-color:#ffffff;\"&gt;&lt;td colspan=3 style=\"font-size:28px;font-weight:bold;color: #007dc0;text-align:center\"&gt;" &amp; " RECORDED DATA ( " &amp; Transaction.NOTIFRECID &amp; " )" &amp; "&lt;/td&gt;&lt;/tr&gt;&lt;tr style=\"font-size:11px;font-weight:bold;border-top:2px solid #666;margin-top:0px;background-color:#cfcfcf;\"&gt;&lt;td style=\"width:100px; text-align:center;\"&gt;TYPE&lt;/td&gt;&lt;td style=\"width:250px; text-align:center;\"&gt;TAG&lt;/td&gt;&lt;td style=\"width:150px; text-align:center;\"&gt;VALUE&lt;/td&gt;&lt;/tr&gt;&lt;/table&gt;"</From></Assign></OutgoingLinks></Action></Actions></Step><Step xsi:type="ActionSequence"><Name>Sequence_11</Name><Description/><Steps/><Actions><Action><Name>AssignNotifNoData</Name><Description> </Description><IncomingLinks/><OutgoingLinks><Assign xsi:type="Assign"><Name/><Description/><To>Local.HTML_TEXT</To><From>Local.HTML_TEXT &amp; "&lt;table id=\"top-hdr\" cellspacing=0 cellpadding=10 border=0 align=center width=940 style=\"margin-top:0px;font-family: Arial;\"&gt;&lt;tr style=\"border-top:2px solid #666;margin-top:0px;background-color:#ffffff;\"&gt;&lt;td colspan=6 style=\"font-size:28px;font-weight:bold;color: #007dc0;text-align:center\"&gt;" &amp; " PLC NOTIFICATION ( " &amp; Transaction.NOTIFRECID &amp; " ) NO CTM DATA" &amp; "&lt;/td&gt;&lt;/tr&gt;&lt;/table&gt;"</From></Assign></OutgoingLinks></Action></Actions></Step></Steps><Actions><Action><Name>HasData</Name><Description> </Description><IncomingLinks><Assign xsi:type="Assign"><Name/><Description/><To>HasData.Input1</To><From>if(getNotifDataByID.Results{count(/Rowsets/Rowset/Row)}&gt;0,1,0)</From></Assign></IncomingLinks><OutgoingLinks/></Action></Actions></Step></Steps><Actions><Action><Name>getNotifDataByID</Name><Description>SQL Query</Description><IncomingLinks><Assign xsi:type="Assign"><Name/><Description/><To>getNotifDataByID.Server</To><From>Transaction.SQL_SERVER</From></Assign><Assign xsi:type="Assign"><Name/><Description/><To>getNotifDataByID.Param.1</To><From>Transaction.NOTIFRECID</From></Assign></IncomingLinks><OutgoingLinks/></Action></Actions></Step><Step xsi:type="ActionSequence"><Name>Sequence_12</Name><Description/><Steps><Step xsi:type="ActionSequence"><Name>Sequence_15</Name><Description/><Steps><Step xsi:type="Conditional"><Name>Sequence_14</Name><Description/><Steps><Step xsi:type="ActionSequence"><Name>Sequence_13</Name><Description/><Steps/><Actions><Action><Name>SendMail</Name><Description> </Description><IncomingLinks><Assign xsi:type="Assign"><Name/><Description/><To>SendMail.mailMessage</To><From>Local.HTML_TEXT</From></Assign><Assign xsi:type="Assign"><Name/><Description/><To>SendMail.mailSubject</To><From>" &gt;&gt; Debug - FtWayne Notification Monitor : " &amp; Transaction.NOTIFRECID</From></Assign></IncomingLinks><OutgoingLinks/></Action></Actions></Step></Steps><Actions><Action><Name>HasType</Name><Description> </Description><IncomingLinks><Assign xsi:type="Assign"><Name/><Description/><To>HasType.Input1</To><From>if(number(getNotifHdrByID.Results{/Rowsets/Rowset/Row/notifTransactionType})&gt;0,1,0)</From></Assign></IncomingLinks><OutgoingLinks/></Action></Actions></Step></Steps><Actions><Action><Name>ShowHtml</Name><Description> </Description><IncomingLinks><Assign xsi:type="Assign"><Name/><Description/><To>ShowHtml.Message</To><From>Local.HTML_TEXT</From></Assign></IncomingLinks><OutgoingLinks/></Action></Actions></Step></Steps><Actions><Action><Name>AssignMsgFtr</Name><Description> </Description><IncomingLinks/><OutgoingLinks><Assign xsi:type="Assign"><Name/><Description/><To>Local.HTML_TEXT</To><From>Local.HTML_TEXT &amp; "&lt;/center&gt;&lt;/body&gt;&lt;/html&gt;"</From></Assign></OutgoingLinks></Action></Actions></Step></Steps><Actions><Action><Name>AssignMsgHdr</Name><Description> </Description><IncomingLinks/><OutgoingLinks><Assign xsi:type="Assign"><Name/><Description/><To>Local.HTML_TEXT</To><From>Local.HTML_TEXT &amp; "&lt;!DOCTYPE html PUBLIC \"-//W3C//DTD XHTML 1.0 Transitional//EN\" \"http://www.w3.org/TR/xhtml1/DTD/xhtml1-transitional.dtd\"&gt;
&lt;html xmlns=\"http://www.w3.org/1999/xhtml\"&gt;
 &lt;head&gt;
  &lt;meta http-equiv=\"Content-Type\" content=\"text/html; charset=UTF-8\" /&gt;
  &lt;title&gt;Notification Message - Debug&lt;/title&gt;
  &lt;meta name=\"viewport\" content=\"width=device-width, initial-scale=1.0\"/&gt;
&lt;/head&gt;&lt;body style=\"margin: 0; padding: 0; font-family: Arial,Helvetica,sans-serif;\"&gt;&lt;center&gt;"
</From></Assign></OutgoingLinks></Action></Actions></Step><Step xsi:type="Catch"><Name>Sequence_2</Name><Description/><Steps><Step xsi:type="ActionSequence"><Name>Sequence_3</Name><Description/><Steps/><Actions><Action><Name>ShowCatch_0</Name><Description> </Description><IncomingLinks><Assign xsi:type="Assign"><Name/><Description/><To>ShowCatch_0.Message</To><From>Catch_0.Message</From></Assign></IncomingLinks><OutgoingLinks/></Action></Actions></Step></Steps><Actions><Action><Name>Catch_0</Name><Description>Catches an exception</Description><IncomingLinks/><OutgoingLinks/></Action></Actions></Step></Steps><Actions><Action><Name>Exception_Enabler_0</Name><Description>Enables exceptions.</Description><IncomingLinks/><OutgoingLinks/></Action></Actions></Step></Steps><Actions><Action><Name>ShowParam</Name><Description> </Description><IncomingLinks><Assign xsi:type="Assign"><Name/><Description/><To>ShowParam.Message</To><From>" &gt;&gt; Notification ID : " &amp; Transaction.NOTIFRECID</From></Assign></IncomingLinks><OutgoingLinks/></Action><Action><Name>Chart_0</Name><Description> </Description><IncomingLinks/><OutgoingLinks/></Action></Actions></Step></Steps></Transaction>