<?xml version="1.0" encoding="UTF-8"?><Transaction xmlns:xsd="http://www.w3.org/2001/XMLSchema" xmlns:xsi="http://www.w3.org/2001/XMLSchema-instance" Version="15.0.7.12"><TransactionAttributes><ContextItem><Name>Description</Name><Description>Transaction Description</Description><MinRange>0</MinRange><MaxRange>0</MaxRange><Value xsi:type="string"/><ReadOnly>true</ReadOnly><AlertXMLAssigned>false</AlertXMLAssigned></ContextItem><ContextItem><Name>Comments</Name><Description>User Comments</Description><MinRange>0</MinRange><MaxRange>0</MaxRange><Value xsi:type="string"/><ReadOnly>true</ReadOnly><AlertXMLAssigned>false</AlertXMLAssigned></ContextItem><ContextItem><Name>CreatedBy</Name><Description>Created By</Description><MinRange>0</MinRange><MaxRange>0</MaxRange><Value xsi:type="string">RadPa</Value><ReadOnly>true</ReadOnly><AlertXMLAssigned>false</AlertXMLAssigned></ContextItem><ContextItem><Name>CreationDate</Name><Description>Creation Date</Description><MinRange>0</MinRange><MaxRange>0</MaxRange><Value xsi:type="dateTime">2016-09-15T15:02:31</Value><ReadOnly>true</ReadOnly><AlertXMLAssigned>false</AlertXMLAssigned></ContextItem><ContextItem><Name>Category</Name><Description>Transaction Category</Description><MinRange>0</MinRange><MaxRange>0</MaxRange><Value xsi:type="string"/><ReadOnly>true</ReadOnly><AlertXMLAssigned>false</AlertXMLAssigned></ContextItem><ContextItem><Name>Status</Name><Description>Deployment Status</Description><MinRange>0</MinRange><MaxRange>0</MaxRange><Value xsi:type="string">DEVELOPMENT</Value><ReadOnly>true</ReadOnly><AlertXMLAssigned>false</AlertXMLAssigned></ContextItem><ContextItem><Name>LegacyProcessingMode</Name><Description>Support the pre MII 12.1 Transaction Engine.</Description><MinRange>0</MinRange><MaxRange>0</MaxRange><Value xsi:type="boolean">0</Value><ReadOnly>true</ReadOnly><AlertXMLAssigned>false</AlertXMLAssigned></ContextItem><ContextItem><Name>AutoAppendBlankNamespaces</Name><Description>AutoAppendBlankNamespaces</Description><MinRange>0</MinRange><MaxRange>0</MaxRange><Value xsi:type="boolean">1</Value><ReadOnly>true</ReadOnly><AlertXMLAssigned>false</AlertXMLAssigned></ContextItem><ContextItem><Name>ThrowOnLinkError</Name><Description>Throws an exception when a link error occures</Description><MinRange>0</MinRange><MaxRange>0</MaxRange><Value xsi:type="boolean">0</Value><ReadOnly>true</ReadOnly><AlertXMLAssigned>false</AlertXMLAssigned></ContextItem><ContextItem><Name>ThrowOnActionError</Name><Description>Throws an exception when an action error occurs</Description><MinRange>0</MinRange><MaxRange>0</MaxRange><Value xsi:type="boolean">1</Value><ReadOnly>true</ReadOnly><AlertXMLAssigned>false</AlertXMLAssigned></ContextItem><ContextItem><Name>FormatXMLOnConversion</Name><Description>By default XML will be formatted when assigned from XML data type to String data type. This behaviour can be changed with this flag.</Description><MinRange>0</MinRange><MaxRange>0</MaxRange><Value xsi:type="boolean">1</Value><ReadOnly>true</ReadOnly><AlertXMLAssigned>false</AlertXMLAssigned></ContextItem><ContextItem><Name>LastEditedBy</Name><Description>Last Edited By</Description><MinRange>0</MinRange><MaxRange>0</MaxRange><Value xsi:type="xsd:string">RadPa</Value><ReadOnly>true</ReadOnly><AlertXMLAssigned>false</AlertXMLAssigned></ContextItem><ContextItem><Name>LastEditedDate</Name><Description>Last Edited Date</Description><MinRange>0</MinRange><MaxRange>0</MaxRange><Value xsi:type="xsd:dateTime">2016-10-20T17:45:08</Value><ReadOnly>true</ReadOnly><AlertXMLAssigned>false</AlertXMLAssigned></ContextItem></TransactionAttributes><Name>MESM/DIAGNOSTICS/TRANSACTIONS/station_SNReport</Name><Version>113</Version><WriterRoles>SAP_XMII_Super_Administrator,SAP_XMII_Administrator,SAP_XMII_Developer</WriterRoles><Context><ContextItem><Name>HTML_OUT</Name><Description>HTML OUTPUT for Display</Description><MinRange>0</MinRange><MaxRange>0</MaxRange><Value xsi:type="string"/><ReadOnly>true</ReadOnly><AlertXMLAssigned>false</AlertXMLAssigned></ContextItem><ContextItem><Name>SERNUM</Name><Description>Serial Number of the Part</Description><MinRange>0</MinRange><MaxRange>0</MaxRange><Value xsi:type="string">FTW2M160002mm</Value><ReadOnly>false</ReadOnly><AlertXMLAssigned>false</AlertXMLAssigned></ContextItem><ContextItem><Name>SQL_SERVER</Name><Description>SQL Server to query</Description><MinRange>0</MinRange><MaxRange>0</MaxRange><Value xsi:type="string">MESM</Value><ReadOnly>false</ReadOnly><AlertXMLAssigned>false</AlertXMLAssigned></ContextItem><ContextItem><Name>STATION</Name><Description>Station ID (Same as connector name, if any)</Description><MinRange>0</MinRange><MaxRange>0</MaxRange><Value xsi:type="string">P541_MACH_OP100</Value><ReadOnly>false</ReadOnly><AlertXMLAssigned>false</AlertXMLAssigned></ContextItem></Context><Local><ContextItem><Name>hasData</Name><Description/><MinRange>0</MinRange><MaxRange>0</MaxRange><Value xsi:type="string">0</Value><ReadOnly>false</ReadOnly><AlertXMLAssigned>false</AlertXMLAssigned></ContextItem><ContextItem><Name>HTML_TEXT</Name><Description/><MinRange>0</MinRange><MaxRange>0</MaxRange><Value xsi:type="string"/><ReadOnly>false</ReadOnly><AlertXMLAssigned>false</AlertXMLAssigned></ContextItem><ContextItem><Name>prevBgColor</Name><Description>Previous Background Color</Description><MinRange>0</MinRange><MaxRange>0</MaxRange><Value xsi:type="string">#EFEFEF</Value><ReadOnly>false</ReadOnly><AlertXMLAssigned>false</AlertXMLAssigned></ContextItem><ContextItem><Name>showData</Name><Description>Flag for showing the data or not</Description><MinRange>0</MinRange><MaxRange>0</MaxRange><Value xsi:type="string">0</Value><ReadOnly>false</ReadOnly><AlertXMLAssigned>false</AlertXMLAssigned></ContextItem></Local><Layout><GUILayoutItem><Name>Sequence</Name><X>872</X><Y>8</Y><Width>120</Width><SpacingWidth>1848</SpacingWidth><DescendantWidth>1848</DescendantWidth><Height>96</Height></GUILayoutItem><GUILayoutItem><Name>ShowParam</Name><X>880</X><Y>24</Y><Width>104</Width><SpacingWidth>0</SpacingWidth><DescendantWidth>0</DescendantWidth><Height>72</Height></GUILayoutItem><GUILayoutItem><Name>Sequence_0</Name><X>872</X><Y>144</Y><Width>120</Width><SpacingWidth>1848</SpacingWidth><DescendantWidth>1848</DescendantWidth><Height>96</Height></GUILayoutItem><GUILayoutItem><Name>Sequence_3</Name><X>1736</X><Y>416</Y><Width>120</Width><SpacingWidth>120</SpacingWidth><DescendantWidth>0</DescendantWidth><Height>96</Height></GUILayoutItem><GUILayoutItem><Name>Exception_Enabler_0</Name><X>880</X><Y>160</Y><Width>104</Width><SpacingWidth>0</SpacingWidth><DescendantWidth>0</DescendantWidth><Height>72</Height></GUILayoutItem><GUILayoutItem><Name>Sequence_2</Name><X>1736</X><Y>280</Y><Width>120</Width><SpacingWidth>120</SpacingWidth><DescendantWidth>120</DescendantWidth><Height>96</Height></GUILayoutItem><GUILayoutItem><Name>Catch_0</Name><X>1744</X><Y>296</Y><Width>104</Width><SpacingWidth>0</SpacingWidth><DescendantWidth>0</DescendantWidth><Height>72</Height></GUILayoutItem><GUILayoutItem><Name>ShowCatch_0</Name><X>1744</X><Y>432</Y><Width>104</Width><SpacingWidth>0</SpacingWidth><DescendantWidth>0</DescendantWidth><Height>72</Height></GUILayoutItem><GUILayoutItem><Name>Sequence_20</Name><X>800</X><Y>280</Y><Width>120</Width><SpacingWidth>1704</SpacingWidth><DescendantWidth>1704</DescendantWidth><Height>96</Height></GUILayoutItem><GUILayoutItem><Name>Sequence_22</Name><X>656</X><Y>416</Y><Width>120</Width><SpacingWidth>1416</SpacingWidth><DescendantWidth>1416</DescendantWidth><Height>96</Height></GUILayoutItem><GUILayoutItem><Name>AssignMsgHdr</Name><X>808</X><Y>296</Y><Width>104</Width><SpacingWidth>0</SpacingWidth><DescendantWidth>0</DescendantWidth><Height>72</Height></GUILayoutItem><GUILayoutItem><Name>getNotifBySerNum</Name><X>664</X><Y>432</Y><Width>104</Width><SpacingWidth>0</SpacingWidth><DescendantWidth>0</DescendantWidth><Height>72</Height></GUILayoutItem><GUILayoutItem><Name>Sequence_23</Name><X>656</X><Y>552</Y><Width>120</Width><SpacingWidth>1416</SpacingWidth><DescendantWidth>1416</DescendantWidth><Height>96</Height></GUILayoutItem><GUILayoutItem><Name>HasNotif</Name><X>664</X><Y>568</Y><Width>104</Width><SpacingWidth>0</SpacingWidth><DescendantWidth>0</DescendantWidth><Height>72</Height></GUILayoutItem><GUILayoutItem><Name>Sequence_24</Name><X>584</X><Y>688</Y><Width>120</Width><SpacingWidth>1272</SpacingWidth><DescendantWidth>1272</DescendantWidth><Height>96</Height></GUILayoutItem><GUILayoutItem><Name>RepeatOnNotif</Name><X>592</X><Y>704</Y><Width>104</Width><SpacingWidth>0</SpacingWidth><DescendantWidth>0</DescendantWidth><Height>72</Height></GUILayoutItem><GUILayoutItem><Name>Sequence_26</Name><X>1304</X><Y>688</Y><Width>120</Width><SpacingWidth>120</SpacingWidth><DescendantWidth>0</DescendantWidth><Height>96</Height></GUILayoutItem><GUILayoutItem><Name>AssignSNNoData</Name><X>1312</X><Y>704</Y><Width>104</Width><SpacingWidth>0</SpacingWidth><DescendantWidth>0</DescendantWidth><Height>72</Height></GUILayoutItem><GUILayoutItem><Name>Sequence_21</Name><X>80</X><Y>1096</Y><Width>120</Width><SpacingWidth>264</SpacingWidth><DescendantWidth>264</DescendantWidth><Height>96</Height></GUILayoutItem><GUILayoutItem><Name>Sequence_30</Name><X>296</X><Y>1096</Y><Width>120</Width><SpacingWidth>120</SpacingWidth><DescendantWidth>0</DescendantWidth><Height>96</Height></GUILayoutItem><GUILayoutItem><Name>Sequence_13</Name><X>152</X><Y>960</Y><Width>120</Width><SpacingWidth>408</SpacingWidth><DescendantWidth>408</DescendantWidth><Height>96</Height></GUILayoutItem><GUILayoutItem><Name>STATION_REQ</Name><X>160</X><Y>976</Y><Width>104</Width><SpacingWidth>0</SpacingWidth><DescendantWidth>0</DescendantWidth><Height>72</Height></GUILayoutItem><GUILayoutItem><Name>AssignShow_1</Name><X>304</X><Y>1112</Y><Width>104</Width><SpacingWidth>0</SpacingWidth><DescendantWidth>0</DescendantWidth><Height>72</Height></GUILayoutItem><GUILayoutItem><Name>Sequence_31</Name><X>584</X><Y>824</Y><Width>120</Width><SpacingWidth>1272</SpacingWidth><DescendantWidth>1272</DescendantWidth><Height>96</Height></GUILayoutItem><GUILayoutItem><Name>Sequence_29</Name><X>800</X><Y>1232</Y><Width>120</Width><SpacingWidth>840</SpacingWidth><DescendantWidth>840</DescendantWidth><Height>96</Height></GUILayoutItem><GUILayoutItem><Name>ShowNotif</Name><X>808</X><Y>1248</Y><Width>104</Width><SpacingWidth>0</SpacingWidth><DescendantWidth>0</DescendantWidth><Height>72</Height></GUILayoutItem><GUILayoutItem><Name>Sequence_1</Name><X>512</X><Y>1368</Y><Width>120</Width><SpacingWidth>264</SpacingWidth><DescendantWidth>264</DescendantWidth><Height>96</Height></GUILayoutItem><GUILayoutItem><Name>getNotifHdrByID</Name><X>520</X><Y>1384</Y><Width>104</Width><SpacingWidth>0</SpacingWidth><DescendantWidth>0</DescendantWidth><Height>72</Height></GUILayoutItem><GUILayoutItem><Name>Sequence_4</Name><X>512</X><Y>1504</Y><Width>120</Width><SpacingWidth>264</SpacingWidth><DescendantWidth>264</DescendantWidth><Height>96</Height></GUILayoutItem><GUILayoutItem><Name>HasHdr</Name><X>520</X><Y>1520</Y><Width>104</Width><SpacingWidth>0</SpacingWidth><DescendantWidth>0</DescendantWidth><Height>72</Height></GUILayoutItem><GUILayoutItem><Name>Sequence_5</Name><X>440</X><Y>1640</Y><Width>120</Width><SpacingWidth>120</SpacingWidth><DescendantWidth>120</DescendantWidth><Height>96</Height></GUILayoutItem><GUILayoutItem><Name>AssignNotifHdr</Name><X>448</X><Y>1656</Y><Width>104</Width><SpacingWidth>0</SpacingWidth><DescendantWidth>0</DescendantWidth><Height>72</Height></GUILayoutItem><GUILayoutItem><Name>Sequence_16</Name><X>440</X><Y>1776</Y><Width>120</Width><SpacingWidth>120</SpacingWidth><DescendantWidth>0</DescendantWidth><Height>96</Height></GUILayoutItem><GUILayoutItem><Name>AssignHdrData</Name><X>448</X><Y>1792</Y><Width>104</Width><SpacingWidth>0</SpacingWidth><DescendantWidth>0</DescendantWidth><Height>72</Height></GUILayoutItem><GUILayoutItem><Name>Sequence_8</Name><X>584</X><Y>1640</Y><Width>120</Width><SpacingWidth>120</SpacingWidth><DescendantWidth>0</DescendantWidth><Height>96</Height></GUILayoutItem><GUILayoutItem><Name>AssignNotifNoHdr</Name><X>592</X><Y>1656</Y><Width>104</Width><SpacingWidth>0</SpacingWidth><DescendantWidth>0</DescendantWidth><Height>72</Height></GUILayoutItem><GUILayoutItem><Name>Sequence_6</Name><X>944</X><Y>1368</Y><Width>120</Width><SpacingWidth>552</SpacingWidth><DescendantWidth>552</DescendantWidth><Height>96</Height></GUILayoutItem><GUILayoutItem><Name>getNotifDataByID</Name><X>952</X><Y>1384</Y><Width>104</Width><SpacingWidth>0</SpacingWidth><DescendantWidth>0</DescendantWidth><Height>72</Height></GUILayoutItem><GUILayoutItem><Name>Sequence_7</Name><X>944</X><Y>1504</Y><Width>120</Width><SpacingWidth>552</SpacingWidth><DescendantWidth>552</DescendantWidth><Height>96</Height></GUILayoutItem><GUILayoutItem><Name>HasData</Name><X>952</X><Y>1520</Y><Width>104</Width><SpacingWidth>0</SpacingWidth><DescendantWidth>0</DescendantWidth><Height>72</Height></GUILayoutItem><GUILayoutItem><Name>Sequence_19</Name><X>872</X><Y>1640</Y><Width>120</Width><SpacingWidth>408</SpacingWidth><DescendantWidth>408</DescendantWidth><Height>96</Height></GUILayoutItem><GUILayoutItem><Name>AssignDataHdr</Name><X>880</X><Y>1656</Y><Width>104</Width><SpacingWidth>0</SpacingWidth><DescendantWidth>0</DescendantWidth><Height>72</Height></GUILayoutItem><GUILayoutItem><Name>Sequence_18</Name><X>872</X><Y>1776</Y><Width>120</Width><SpacingWidth>408</SpacingWidth><DescendantWidth>408</DescendantWidth><Height>96</Height></GUILayoutItem><GUILayoutItem><Name>RepeatOnRow</Name><X>880</X><Y>1792</Y><Width>104</Width><SpacingWidth>0</SpacingWidth><DescendantWidth>0</DescendantWidth><Height>72</Height></GUILayoutItem><GUILayoutItem><Name>Sequence_10</Name><X>800</X><Y>1912</Y><Width>120</Width><SpacingWidth>264</SpacingWidth><DescendantWidth>264</DescendantWidth><Height>96</Height></GUILayoutItem><GUILayoutItem><Name>AssignDataValues</Name><X>808</X><Y>1928</Y><Width>104</Width><SpacingWidth>0</SpacingWidth><DescendantWidth>0</DescendantWidth><Height>72</Height></GUILayoutItem><GUILayoutItem><Name>Sequence_25</Name><X>800</X><Y>2048</Y><Width>120</Width><SpacingWidth>264</SpacingWidth><DescendantWidth>264</DescendantWidth><Height>96</Height></GUILayoutItem><GUILayoutItem><Name>FIX_bgColor</Name><X>808</X><Y>2064</Y><Width>104</Width><SpacingWidth>0</SpacingWidth><DescendantWidth>0</DescendantWidth><Height>72</Height></GUILayoutItem><GUILayoutItem><Name>Sequence_27</Name><X>728</X><Y>2184</Y><Width>120</Width><SpacingWidth>120</SpacingWidth><DescendantWidth>0</DescendantWidth><Height>96</Height></GUILayoutItem><GUILayoutItem><Name>AssignFFFFFF</Name><X>736</X><Y>2200</Y><Width>104</Width><SpacingWidth>0</SpacingWidth><DescendantWidth>0</DescendantWidth><Height>72</Height></GUILayoutItem><GUILayoutItem><Name>Sequence_28</Name><X>872</X><Y>2184</Y><Width>120</Width><SpacingWidth>120</SpacingWidth><DescendantWidth>0</DescendantWidth><Height>96</Height></GUILayoutItem><GUILayoutItem><Name>AssignEFEFEF</Name><X>880</X><Y>2200</Y><Width>104</Width><SpacingWidth>0</SpacingWidth><DescendantWidth>0</DescendantWidth><Height>72</Height></GUILayoutItem><GUILayoutItem><Name>Sequence_17</Name><X>1016</X><Y>1912</Y><Width>120</Width><SpacingWidth>120</SpacingWidth><DescendantWidth>0</DescendantWidth><Height>96</Height></GUILayoutItem><GUILayoutItem><Name>AssignDataBot</Name><X>1024</X><Y>1928</Y><Width>104</Width><SpacingWidth>0</SpacingWidth><DescendantWidth>0</DescendantWidth><Height>72</Height></GUILayoutItem><GUILayoutItem><Name>Sequence_11</Name><X>1160</X><Y>1640</Y><Width>120</Width><SpacingWidth>120</SpacingWidth><DescendantWidth>0</DescendantWidth><Height>96</Height></GUILayoutItem><GUILayoutItem><Name>AssignNotifNoData</Name><X>1168</X><Y>1656</Y><Width>104</Width><SpacingWidth>0</SpacingWidth><DescendantWidth>0</DescendantWidth><Height>72</Height></GUILayoutItem><GUILayoutItem><Name>Sequence_32</Name><X>800</X><Y>960</Y><Width>120</Width><SpacingWidth>840</SpacingWidth><DescendantWidth>840</DescendantWidth><Height>96</Height></GUILayoutItem><GUILayoutItem><Name>Show</Name><X>808</X><Y>976</Y><Width>104</Width><SpacingWidth>0</SpacingWidth><DescendantWidth>0</DescendantWidth><Height>72</Height></GUILayoutItem><GUILayoutItem><Name>AssignShow_0</Name><X>592</X><Y>840</Y><Width>104</Width><SpacingWidth>0</SpacingWidth><DescendantWidth>0</DescendantWidth><Height>72</Height></GUILayoutItem><GUILayoutItem><Name>getNotifStation</Name><X>88</X><Y>1112</Y><Width>104</Width><SpacingWidth>0</SpacingWidth><DescendantWidth>0</DescendantWidth><Height>72</Height></GUILayoutItem><GUILayoutItem><Name>Sequence_14</Name><X>80</X><Y>1232</Y><Width>120</Width><SpacingWidth>264</SpacingWidth><DescendantWidth>264</DescendantWidth><Height>96</Height></GUILayoutItem><GUILayoutItem><Name>MATCH</Name><X>88</X><Y>1248</Y><Width>104</Width><SpacingWidth>0</SpacingWidth><DescendantWidth>0</DescendantWidth><Height>72</Height></GUILayoutItem><GUILayoutItem><Name>Sequence_34</Name><X>8</X><Y>1368</Y><Width>120</Width><SpacingWidth>120</SpacingWidth><DescendantWidth>0</DescendantWidth><Height>96</Height></GUILayoutItem><GUILayoutItem><Name>Sequence_35</Name><X>152</X><Y>1368</Y><Width>120</Width><SpacingWidth>120</SpacingWidth><DescendantWidth>0</DescendantWidth><Height>96</Height></GUILayoutItem><GUILayoutItem><Name>AssignShow_2</Name><X>16</X><Y>1384</Y><Width>104</Width><SpacingWidth>0</SpacingWidth><DescendantWidth>0</DescendantWidth><Height>72</Height></GUILayoutItem><GUILayoutItem><Name>AssignShow_3</Name><X>160</X><Y>1384</Y><Width>104</Width><SpacingWidth>0</SpacingWidth><DescendantWidth>0</DescendantWidth><Height>72</Height></GUILayoutItem><GUILayoutItem><Name>Sequence_33</Name><X>800</X><Y>1096</Y><Width>120</Width><SpacingWidth>840</SpacingWidth><DescendantWidth>840</DescendantWidth><Height>96</Height></GUILayoutItem><GUILayoutItem><Name>AssignHasData</Name><X>808</X><Y>1112</Y><Width>104</Width><SpacingWidth>0</SpacingWidth><DescendantWidth>0</DescendantWidth><Height>72</Height></GUILayoutItem><GUILayoutItem><Name>Sequence_36</Name><X>1520</X><Y>416</Y><Width>120</Width><SpacingWidth>264</SpacingWidth><DescendantWidth>264</DescendantWidth><Height>96</Height></GUILayoutItem><GUILayoutItem><Name>Sequence_12</Name><X>1592</X><Y>552</Y><Width>120</Width><SpacingWidth>120</SpacingWidth><DescendantWidth>120</DescendantWidth><Height>96</Height></GUILayoutItem><GUILayoutItem><Name>AssignMsgFtr</Name><X>1600</X><Y>568</Y><Width>104</Width><SpacingWidth>0</SpacingWidth><DescendantWidth>0</DescendantWidth><Height>72</Height></GUILayoutItem><GUILayoutItem><Name>Sequence_15</Name><X>1592</X><Y>688</Y><Width>120</Width><SpacingWidth>120</SpacingWidth><DescendantWidth>120</DescendantWidth><Height>96</Height></GUILayoutItem><GUILayoutItem><Name>ShowHtml</Name><X>1600</X><Y>704</Y><Width>104</Width><SpacingWidth>0</SpacingWidth><DescendantWidth>0</DescendantWidth><Height>72</Height></GUILayoutItem><GUILayoutItem><Name>Sequence_9</Name><X>1592</X><Y>824</Y><Width>120</Width><SpacingWidth>120</SpacingWidth><DescendantWidth>0</DescendantWidth><Height>96</Height></GUILayoutItem><GUILayoutItem><Name>AssignHTML_OUT</Name><X>1600</X><Y>840</Y><Width>104</Width><SpacingWidth>0</SpacingWidth><DescendantWidth>0</DescendantWidth><Height>72</Height></GUILayoutItem><GUILayoutItem><Name>Sequence_38</Name><X>1448</X><Y>552</Y><Width>120</Width><SpacingWidth>120</SpacingWidth><DescendantWidth>120</DescendantWidth><Height>96</Height></GUILayoutItem><GUILayoutItem><Name>NoData</Name><X>1456</X><Y>568</Y><Width>104</Width><SpacingWidth>0</SpacingWidth><DescendantWidth>0</DescendantWidth><Height>72</Height></GUILayoutItem><GUILayoutItem><Name>Sequence_37</Name><X>1448</X><Y>688</Y><Width>120</Width><SpacingWidth>120</SpacingWidth><DescendantWidth>0</DescendantWidth><Height>96</Height></GUILayoutItem><GUILayoutItem><Name>AssignNoData</Name><X>1456</X><Y>704</Y><Width>104</Width><SpacingWidth>0</SpacingWidth><DescendantWidth>0</DescendantWidth><Height>72</Height></GUILayoutItem></Layout><Actions><ContextItem><Name>ShowParam</Name><Description/><MinRange>0</MinRange><MaxRange>0</MaxRange><Value xsi:type="Tracer"><Message/><Level>INFO</Level></Value><ReadOnly>false</ReadOnly><AlertXMLAssigned>false</AlertXMLAssigned></ContextItem><ContextItem><Name>Exception_Enabler_0</Name><Description/><MinRange>0</MinRange><MaxRange>0</MaxRange><Value xsi:type="ExceptionEnabler"><EnableActionExceptions>true</EnableActionExceptions><EnableLinkExceptions>true</EnableLinkExceptions></Value><ReadOnly>false</ReadOnly><AlertXMLAssigned>false</AlertXMLAssigned></ContextItem><ContextItem><Name>Catch_0</Name><Description/><MinRange>0</MinRange><MaxRange>0</MaxRange><Value xsi:type="CatchAction"/><ReadOnly>false</ReadOnly><AlertXMLAssigned>false</AlertXMLAssigned></ContextItem><ContextItem><Name>ShowCatch_0</Name><Description/><MinRange>0</MinRange><MaxRange>0</MaxRange><Value xsi:type="Tracer"><Message/><Level>INFO</Level></Value><ReadOnly>false</ReadOnly><AlertXMLAssigned>false</AlertXMLAssigned></ContextItem><ContextItem><Name>AssignMsgHdr</Name><Description/><MinRange>0</MinRange><MaxRange>0</MaxRange><Value xsi:type="Assignment"/><ReadOnly>false</ReadOnly><AlertXMLAssigned>false</AlertXMLAssigned></ContextItem><ContextItem><Name>getNotifBySerNum</Name><Description/><MinRange>0</MinRange><MaxRange>0</MaxRange><Value xsi:type="IlluminatorSQLQueryObject"><Timeout>60</Timeout><QueryParameters/><QueryTemplate>MESM/DIAGNOSTICS/QUERIES/getNotifBySerNum</QueryTemplate><QueryStartDate>2016-09-28T12:22:08</QueryStartDate><QueryEndDate>2016-09-28T12:22:08</QueryEndDate><SQLTransaction/><Results><ReferenceDocumentSource/>&lt;?xml version="1.0" encoding="UTF-8"?&gt;&lt;Rowsets CachedTime="" DateCreated="2016-09-28T17:24:01" EndDate="2016-09-28T17:24:01" StartDate="2016-09-28T16:24:01" Version="15.0 SP7 Patch 12 (07-Sep-2016)"&gt;&lt;Rowset&gt;&lt;Columns&gt;&lt;Column Description="notifRecordID" MaxRange="1" MinRange="0" Name="notifRecordID" SQLDataType="-5" SourceColumn="notifRecordID"/&gt;&lt;/Columns&gt;&lt;Row&gt;&lt;notifRecordID&gt;262134&lt;/notifRecordID&gt;&lt;/Row&gt;&lt;Row&gt;&lt;notifRecordID&gt;262136&lt;/notifRecordID&gt;&lt;/Row&gt;&lt;Row&gt;&lt;notifRecordID&gt;262137&lt;/notifRecordID&gt;&lt;/Row&gt;&lt;Row&gt;&lt;notifRecordID&gt;262140&lt;/notifRecordID&gt;&lt;/Row&gt;&lt;Row&gt;&lt;notifRecordID&gt;262144&lt;/notifRecordID&gt;&lt;/Row&gt;&lt;Row&gt;&lt;notifRecordID&gt;262157&lt;/notifRecordID&gt;&lt;/Row&gt;&lt;Row&gt;&lt;notifRecordID&gt;262158&lt;/notifRecordID&gt;&lt;/Row&gt;&lt;Row&gt;&lt;notifRecordID&gt;262160&lt;/notifRecordID&gt;&lt;/Row&gt;&lt;Row&gt;&lt;notifRecordID&gt;262163&lt;/notifRecordID&gt;&lt;/Row&gt;&lt;Row&gt;&lt;notifRecordID&gt;262167&lt;/notifRecordID&gt;&lt;/Row&gt;&lt;Row&gt;&lt;notifRecordID&gt;262168&lt;/notifRecordID&gt;&lt;/Row&gt;&lt;Row&gt;&lt;notifRecordID&gt;262171&lt;/notifRecordID&gt;&lt;/Row&gt;&lt;Row&gt;&lt;notifRecordID&gt;262189&lt;/notifRecordID&gt;&lt;/Row&gt;&lt;Row&gt;&lt;notifRecordID&gt;262195&lt;/notifRecordID&gt;&lt;/Row&gt;&lt;Row&gt;&lt;notifRecordID&gt;262197&lt;/notifRecordID&gt;&lt;/Row&gt;&lt;Row&gt;&lt;notifRecordID&gt;262200&lt;/notifRecordID&gt;&lt;/Row&gt;&lt;Row&gt;&lt;notifRecordID&gt;262201&lt;/notifRecordID&gt;&lt;/Row&gt;&lt;Row&gt;&lt;notifRecordID&gt;262202&lt;/notifRecordID&gt;&lt;/Row&gt;&lt;Row&gt;&lt;notifRecordID&gt;262203&lt;/notifRecordID&gt;&lt;/Row&gt;&lt;Row&gt;&lt;notifRecordID&gt;262233&lt;/notifRecordID&gt;&lt;/Row&gt;&lt;Row&gt;&lt;notifRecordID&gt;262266&lt;/notifRecordID&gt;&lt;/Row&gt;&lt;/Rowset&gt;&lt;/Rowsets&gt;</Results><TagList/></Value><SchemaURI/><SchemaElement/><ValidateXMLOnExecution>1</ValidateXMLOnExecution><ReadOnly>false</ReadOnly><AlertXMLAssigned>false</AlertXMLAssigned></ContextItem><ContextItem><Name>HasNotif</Name><Description/><MinRange>0</MinRange><MaxRange>0</MaxRange><Value xsi:type="ConditionalAction"><Output>false</Output><InputCount>1</InputCount><LogicalAnd>false</LogicalAnd><Input1>false</Input1></Value><ReadOnly>false</ReadOnly><AlertXMLAssigned>false</AlertXMLAssigned></ContextItem><ContextItem><Name>RepeatOnNotif</Name><Description/><MinRange>0</MinRange><MaxRange>0</MaxRange><Value xsi:type="RepeaterAction"><Output><ReferenceDocumentSource/>&lt;?xml version="1.0" encoding="UTF-8"?&gt;&lt;Row&gt;&lt;notifRecordID&gt;262134&lt;/notifRecordID&gt;&lt;/Row&gt;</Output><Break>false</Break><ItemCount>0</ItemCount><CurrentItem>0</CurrentItem><Source>getNotifBySerNum.Results{/Rowsets/Rowset/Row}</Source><Item><ReferenceDocumentSource/>&lt;?xml version="1.0" encoding="UTF-8"?&gt;&lt;Row&gt;&lt;notifRecordID&gt;262134&lt;/notifRecordID&gt;&lt;/Row&gt;</Item></Value><SchemaURI/><SchemaElement/><ValidateXMLOnExecution>1</ValidateXMLOnExecution><SchemaURI/><SchemaElement/><ValidateXMLOnExecution>1</ValidateXMLOnExecution><ReadOnly>false</ReadOnly><AlertXMLAssigned>false</AlertXMLAssigned></ContextItem><ContextItem><Name>AssignSNNoData</Name><Description/><MinRange>0</MinRange><MaxRange>0</MaxRange><Value xsi:type="Assignment"/><ReadOnly>false</ReadOnly><AlertXMLAssigned>false</AlertXMLAssigned></ContextItem><ContextItem><Name>STATION_REQ</Name><Description/><MinRange>0</MinRange><MaxRange>0</MaxRange><Value xsi:type="ConditionalAction"><Output>false</Output><InputCount>1</InputCount><LogicalAnd>false</LogicalAnd><Input1>false</Input1></Value><ReadOnly>false</ReadOnly><AlertXMLAssigned>false</AlertXMLAssigned></ContextItem><ContextItem><Name>AssignShow_1</Name><Description/><MinRange>0</MinRange><MaxRange>0</MaxRange><Value xsi:type="Assignment"/><ReadOnly>false</ReadOnly><AlertXMLAssigned>false</AlertXMLAssigned></ContextItem><ContextItem><Name>ShowNotif</Name><Description/><MinRange>0</MinRange><MaxRange>0</MaxRange><Value xsi:type="Tracer"><Message/><Level>INFO</Level></Value><ReadOnly>false</ReadOnly><AlertXMLAssigned>false</AlertXMLAssigned></ContextItem><ContextItem><Name>getNotifHdrByID</Name><Description/><MinRange>0</MinRange><MaxRange>0</MaxRange><Value xsi:type="IlluminatorSQLQueryObject"><Timeout>60</Timeout><QueryParameters/><QueryTemplate>MESM/DIAGNOSTICS/QUERIES/getNotifHdrByID</QueryTemplate><QueryStartDate>2016-09-15T15:32:26</QueryStartDate><QueryEndDate>2016-09-15T15:32:26</QueryEndDate><SQLTransaction/><Results><ReferenceDocumentSource/>&lt;?xml version="1.0" encoding="UTF-8"?&gt;&lt;Rowsets CachedTime="" DateCreated="2016-09-15T20:32:27" EndDate="2016-09-15T20:32:27" StartDate="2016-09-15T19:32:27" Version="15.0 SP7 Patch 12 (07-Sep-2016)"&gt;&lt;Rowset&gt;&lt;Columns&gt;&lt;Column Description="recordID" MaxRange="1" MinRange="0" Name="recordID" SQLDataType="-5" SourceColumn="recordID"/&gt;&lt;Column Description="notifTimeStamp" MaxRange="1" MinRange="0" Name="notifTimeStamp" SQLDataType="-9" SourceColumn="notifTimeStamp"/&gt;&lt;Column Description="notifTrxCtrValue" MaxRange="1" MinRange="0" Name="notifTrxCtrValue" SQLDataType="-5" SourceColumn="notifTrxCtrValue"/&gt;&lt;Column Description="notifTransactionType" MaxRange="1" MinRange="0" Name="notifTransactionType" SQLDataType="4" SourceColumn="notifTransactionType"/&gt;&lt;Column Description="trxRecID" MaxRange="1" MinRange="0" Name="trxRecID" SQLDataType="-5" SourceColumn="trxRecID"/&gt;&lt;Column Description="notifName" MaxRange="1" MinRange="0" Name="notifName" SQLDataType="-9" SourceColumn="notifName"/&gt;&lt;Column Description="notifQuality" MaxRange="1" MinRange="0" Name="notifQuality" SQLDataType="4" SourceColumn="notifQuality"/&gt;&lt;Column Description="notifDescription" MaxRange="1" MinRange="0" Name="notifDescription" SQLDataType="-9" SourceColumn="notifDescription"/&gt;&lt;Column Description="notifMemMapVer" MaxRange="1" MinRange="0" Name="notifMemMapVer" SQLDataType="4" SourceColumn="notifMemMapVer"/&gt;&lt;Column Description="notifStatus" MaxRange="1" MinRange="0" Name="notifStatus" SQLDataType="4" SourceColumn="notifStatus"/&gt;&lt;Column Description="notifErrMessage" MaxRange="1" MinRange="0" Name="notifErrMessage" SQLDataType="12" SourceColumn="notifErrMessage"/&gt;&lt;/Columns&gt;&lt;Row&gt;&lt;recordID&gt;6358&lt;/recordID&gt;&lt;notifTimeStamp&gt;2016-09-14T18:17:12&lt;/notifTimeStamp&gt;&lt;notifTrxCtrValue&gt;22&lt;/notifTrxCtrValue&gt;&lt;notifTransactionType&gt;16&lt;/notifTransactionType&gt;&lt;trxRecID&gt;3&lt;/trxRecID&gt;&lt;notifName&gt;TransCtr&lt;/notifName&gt;&lt;notifQuality&gt;1&lt;/notifQuality&gt;&lt;notifDescription&gt;VWC_SUBASSY_OP130&lt;/notifDescription&gt;&lt;notifMemMapVer&gt;1&lt;/notifMemMapVer&gt;&lt;notifStatus&gt;1&lt;/notifStatus&gt;&lt;notifErrMessage&gt;Submitted&lt;/notifErrMessage&gt;&lt;/Row&gt;&lt;/Rowset&gt;&lt;/Rowsets&gt;</Results><TagList/></Value><SchemaURI/><SchemaElement/><ValidateXMLOnExecution>1</ValidateXMLOnExecution><ReadOnly>false</ReadOnly><AlertXMLAssigned>false</AlertXMLAssigned></ContextItem><ContextItem><Name>HasHdr</Name><Description/><MinRange>0</MinRange><MaxRange>0</MaxRange><Value xsi:type="ConditionalAction"><Output>false</Output><InputCount>1</InputCount><LogicalAnd>false</LogicalAnd><Input1>false</Input1></Value><ReadOnly>false</ReadOnly><AlertXMLAssigned>false</AlertXMLAssigned></ContextItem><ContextItem><Name>AssignNotifHdr</Name><Description/><MinRange>0</MinRange><MaxRange>0</MaxRange><Value xsi:type="Assignment"/><ReadOnly>false</ReadOnly><AlertXMLAssigned>false</AlertXMLAssigned></ContextItem><ContextItem><Name>AssignHdrData</Name><Description/><MinRange>0</MinRange><MaxRange>0</MaxRange><Value xsi:type="Assignment"/><ReadOnly>false</ReadOnly><AlertXMLAssigned>false</AlertXMLAssigned></ContextItem><ContextItem><Name>AssignNotifNoHdr</Name><Description/><MinRange>0</MinRange><MaxRange>0</MaxRange><Value xsi:type="Assignment"/><ReadOnly>false</ReadOnly><AlertXMLAssigned>false</AlertXMLAssigned></ContextItem><ContextItem><Name>getNotifDataByID</Name><Description/><MinRange>0</MinRange><MaxRange>0</MaxRange><Value xsi:type="IlluminatorSQLQueryObject"><Timeout>60</Timeout><QueryParameters/><QueryTemplate>MESM/DIAGNOSTICS/QUERIES/getDefDataByID</QueryTemplate><QueryStartDate>2016-09-15T15:37:26</QueryStartDate><QueryEndDate>2016-09-15T15:37:26</QueryEndDate><SQLTransaction/><Results><ReferenceDocumentSource/>&lt;?xml version="1.0" encoding="UTF-8"?&gt;&lt;Rowsets CachedTime="" DateCreated="2016-10-20T17:25:20" EndDate="2016-10-20T17:25:20" StartDate="2016-10-20T16:25:20" Version="15.0 SP7 Patch 12 (Sep 7, 2016)"&gt;&lt;Rowset&gt;&lt;Columns&gt;&lt;Column Description="TYPE" MaxRange="1" MinRange="0" Name="TYPE" SQLDataType="-9" SourceColumn="TYPE"/&gt;&lt;Column Description="TAG" MaxRange="1" MinRange="0" Name="TAG" SQLDataType="-9" SourceColumn="TAG"/&gt;&lt;Column Description="VALUE" MaxRange="1" MinRange="0" Name="VALUE" SQLDataType="12" SourceColumn="VALUE"/&gt;&lt;Column Description="STORE" MaxRange="1" MinRange="0" Name="STORE" SQLDataType="-9" SourceColumn="STORE"/&gt;&lt;Column Description="FUNC" MaxRange="1" MinRange="0" Name="FUNC" SQLDataType="-9" SourceColumn="FUNC"/&gt;&lt;/Columns&gt;&lt;Row&gt;&lt;TYPE&gt;TSend&lt;/TYPE&gt;&lt;TAG&gt;Bolts Large Lot&lt;/TAG&gt;&lt;VALUE&gt;2007551-1&lt;/VALUE&gt;&lt;STORE&gt;STR82&lt;/STORE&gt;&lt;FUNC&gt;DefDataTable&lt;/FUNC&gt;&lt;/Row&gt;&lt;Row&gt;&lt;TYPE&gt;TSend&lt;/TYPE&gt;&lt;TAG&gt;Bolts Small Lot&lt;/TAG&gt;&lt;VALUE&gt;E2007507-1&lt;/VALUE&gt;&lt;STORE&gt;STR82&lt;/STORE&gt;&lt;FUNC&gt;DefDataTable&lt;/FUNC&gt;&lt;/Row&gt;&lt;Row&gt;&lt;TYPE&gt;TSend&lt;/TYPE&gt;&lt;TAG&gt;CNC ID OP10&lt;/TAG&gt;&lt;VALUE&gt;E&lt;/VALUE&gt;&lt;STORE&gt;STR82&lt;/STORE&gt;&lt;FUNC&gt;DefDataTable&lt;/FUNC&gt;&lt;/Row&gt;&lt;Row&gt;&lt;TYPE&gt;TSend&lt;/TYPE&gt;&lt;TAG&gt;CNC ID OP30&lt;/TAG&gt;&lt;VALUE&gt;E&lt;/VALUE&gt;&lt;STORE&gt;STR82&lt;/STORE&gt;&lt;FUNC&gt;DefDataTable&lt;/FUNC&gt;&lt;/Row&gt;&lt;Row&gt;&lt;TYPE&gt;TSend&lt;/TYPE&gt;&lt;TAG&gt;Cap Large Lot&lt;/TAG&gt;&lt;VALUE&gt;000100&lt;/VALUE&gt;&lt;STORE&gt;STR82&lt;/STORE&gt;&lt;FUNC&gt;DefDataTable&lt;/FUNC&gt;&lt;/Row&gt;&lt;Row&gt;&lt;TYPE&gt;TSend&lt;/TYPE&gt;&lt;TAG&gt;Cap Small Lot&lt;/TAG&gt;&lt;VALUE&gt;000200&lt;/VALUE&gt;&lt;STORE&gt;STR82&lt;/STORE&gt;&lt;FUNC&gt;DefDataTable&lt;/FUNC&gt;&lt;/Row&gt;&lt;Row&gt;&lt;TYPE&gt;TSend&lt;/TYPE&gt;&lt;TAG&gt;OP10 Result&lt;/TAG&gt;&lt;VALUE&gt;1&lt;/VALUE&gt;&lt;STORE&gt;DINT&lt;/STORE&gt;&lt;FUNC&gt;DefDataTable&lt;/FUNC&gt;&lt;/Row&gt;&lt;Row&gt;&lt;TYPE&gt;TSend&lt;/TYPE&gt;&lt;TAG&gt;OP10 Vision Result&lt;/TAG&gt;&lt;VALUE&gt;80&lt;/VALUE&gt;&lt;STORE&gt;DINT&lt;/STORE&gt;&lt;FUNC&gt;DefDataTable&lt;/FUNC&gt;&lt;/Row&gt;&lt;Row&gt;&lt;TYPE&gt;TSend&lt;/TYPE&gt;&lt;TAG&gt;OP20 CapCheck Result&lt;/TAG&gt;&lt;VALUE&gt;1&lt;/VALUE&gt;&lt;STORE&gt;DINT&lt;/STORE&gt;&lt;FUNC&gt;DefDataTable&lt;/FUNC&gt;&lt;/Row&gt;&lt;Row&gt;&lt;TYPE&gt;TSend&lt;/TYPE&gt;&lt;TAG&gt;OP20 OperatorResult&lt;/TAG&gt;&lt;VALUE&gt;1&lt;/VALUE&gt;&lt;STORE&gt;DINT&lt;/STORE&gt;&lt;FUNC&gt;DefDataTable&lt;/FUNC&gt;&lt;/Row&gt;&lt;Row&gt;&lt;TYPE&gt;TSend&lt;/TYPE&gt;&lt;TAG&gt;OP30 Result&lt;/TAG&gt;&lt;VALUE&gt;1&lt;/VALUE&gt;&lt;STORE&gt;DINT&lt;/STORE&gt;&lt;FUNC&gt;DefDataTable&lt;/FUNC&gt;&lt;/Row&gt;&lt;Row&gt;&lt;TYPE&gt;TSend&lt;/TYPE&gt;&lt;TAG&gt;OP30 Vision Result&lt;/TAG&gt;&lt;VALUE&gt;80&lt;/VALUE&gt;&lt;STORE&gt;DINT&lt;/STORE&gt;&lt;FUNC&gt;DefDataTable&lt;/FUNC&gt;&lt;/Row&gt;&lt;/Rowset&gt;&lt;/Rowsets&gt;</Results><TagList/></Value><SchemaURI/><SchemaElement/><ValidateXMLOnExecution>1</ValidateXMLOnExecution><ReadOnly>false</ReadOnly><AlertXMLAssigned>false</AlertXMLAssigned></ContextItem><ContextItem><Name>HasData</Name><Description/><MinRange>0</MinRange><MaxRange>0</MaxRange><Value xsi:type="ConditionalAction"><Output>false</Output><InputCount>1</InputCount><LogicalAnd>false</LogicalAnd><Input1>false</Input1></Value><ReadOnly>false</ReadOnly><AlertXMLAssigned>false</AlertXMLAssigned></ContextItem><ContextItem><Name>AssignDataHdr</Name><Description/><MinRange>0</MinRange><MaxRange>0</MaxRange><Value xsi:type="Assignment"/><ReadOnly>false</ReadOnly><AlertXMLAssigned>false</AlertXMLAssigned></ContextItem><ContextItem><Name>RepeatOnRow</Name><Description/><MinRange>0</MinRange><MaxRange>0</MaxRange><Value xsi:type="RepeaterAction"><Output><ReferenceDocumentSource/>&lt;?xml version="1.0" encoding="UTF-8"?&gt;&lt;Row&gt;&lt;TYPE&gt;TSend&lt;/TYPE&gt;&lt;TAG&gt;Data Source ID&lt;/TAG&gt;&lt;VALUE&gt;0&lt;/VALUE&gt;&lt;/Row&gt;</Output><Break>false</Break><ItemCount>0</ItemCount><CurrentItem>0</CurrentItem><Source>getNotifDataByID.Results{/Rowsets/Rowset/Row}</Source><Item><ReferenceDocumentSource/>&lt;?xml version="1.0" encoding="UTF-8"?&gt;&lt;Row&gt;&lt;TYPE&gt;TSend&lt;/TYPE&gt;&lt;TAG&gt;Data Source ID&lt;/TAG&gt;&lt;VALUE&gt;0&lt;/VALUE&gt;&lt;/Row&gt;</Item></Value><SchemaURI/><SchemaElement/><ValidateXMLOnExecution>1</ValidateXMLOnExecution><SchemaURI/><SchemaElement/><ValidateXMLOnExecution>1</ValidateXMLOnExecution><ReadOnly>false</ReadOnly><AlertXMLAssigned>false</AlertXMLAssigned></ContextItem><ContextItem><Name>AssignDataValues</Name><Description/><MinRange>0</MinRange><MaxRange>0</MaxRange><Value xsi:type="Assignment"/><ReadOnly>false</ReadOnly><AlertXMLAssigned>false</AlertXMLAssigned></ContextItem><ContextItem><Name>FIX_bgColor</Name><Description/><MinRange>0</MinRange><MaxRange>0</MaxRange><Value xsi:type="ConditionalAction"><Output>false</Output><InputCount>1</InputCount><LogicalAnd>false</LogicalAnd><Input1>false</Input1></Value><ReadOnly>false</ReadOnly><AlertXMLAssigned>false</AlertXMLAssigned></ContextItem><ContextItem><Name>AssignFFFFFF</Name><Description/><MinRange>0</MinRange><MaxRange>0</MaxRange><Value xsi:type="Assignment"/><ReadOnly>false</ReadOnly><AlertXMLAssigned>false</AlertXMLAssigned></ContextItem><ContextItem><Name>AssignEFEFEF</Name><Description/><MinRange>0</MinRange><MaxRange>0</MaxRange><Value xsi:type="Assignment"/><ReadOnly>false</ReadOnly><AlertXMLAssigned>false</AlertXMLAssigned></ContextItem><ContextItem><Name>AssignDataBot</Name><Description/><MinRange>0</MinRange><MaxRange>0</MaxRange><Value xsi:type="Assignment"/><ReadOnly>false</ReadOnly><AlertXMLAssigned>false</AlertXMLAssigned></ContextItem><ContextItem><Name>AssignNotifNoData</Name><Description/><MinRange>0</MinRange><MaxRange>0</MaxRange><Value xsi:type="Assignment"/><ReadOnly>false</ReadOnly><AlertXMLAssigned>false</AlertXMLAssigned></ContextItem><ContextItem><Name>Show</Name><Description/><MinRange>0</MinRange><MaxRange>0</MaxRange><Value xsi:type="ConditionalAction"><Output>false</Output><InputCount>1</InputCount><LogicalAnd>false</LogicalAnd><Input1>false</Input1></Value><ReadOnly>false</ReadOnly><AlertXMLAssigned>false</AlertXMLAssigned></ContextItem><ContextItem><Name>AssignShow_0</Name><Description/><MinRange>0</MinRange><MaxRange>0</MaxRange><Value xsi:type="Assignment"/><ReadOnly>false</ReadOnly><AlertXMLAssigned>false</AlertXMLAssigned></ContextItem><ContextItem><Name>getNotifStation</Name><Description/><MinRange>0</MinRange><MaxRange>0</MaxRange><Value xsi:type="IlluminatorSQLQueryObject"><Timeout>60</Timeout><QueryParameters/><QueryTemplate>MESM/DIAGNOSTICS/QUERIES/getNotifHdrByID</QueryTemplate><QueryStartDate>2016-09-15T15:32:26</QueryStartDate><QueryEndDate>2016-09-15T15:32:26</QueryEndDate><SQLTransaction/><Results><ReferenceDocumentSource/>&lt;?xml version="1.0" encoding="UTF-8"?&gt;&lt;Rowsets CachedTime="" DateCreated="2016-09-15T20:32:27" EndDate="2016-09-15T20:32:27" StartDate="2016-09-15T19:32:27" Version="15.0 SP7 Patch 12 (07-Sep-2016)"&gt;&lt;Rowset&gt;&lt;Columns&gt;&lt;Column Description="recordID" MaxRange="1" MinRange="0" Name="recordID" SQLDataType="-5" SourceColumn="recordID"/&gt;&lt;Column Description="notifTimeStamp" MaxRange="1" MinRange="0" Name="notifTimeStamp" SQLDataType="-9" SourceColumn="notifTimeStamp"/&gt;&lt;Column Description="notifTrxCtrValue" MaxRange="1" MinRange="0" Name="notifTrxCtrValue" SQLDataType="-5" SourceColumn="notifTrxCtrValue"/&gt;&lt;Column Description="notifTransactionType" MaxRange="1" MinRange="0" Name="notifTransactionType" SQLDataType="4" SourceColumn="notifTransactionType"/&gt;&lt;Column Description="trxRecID" MaxRange="1" MinRange="0" Name="trxRecID" SQLDataType="-5" SourceColumn="trxRecID"/&gt;&lt;Column Description="notifName" MaxRange="1" MinRange="0" Name="notifName" SQLDataType="-9" SourceColumn="notifName"/&gt;&lt;Column Description="notifQuality" MaxRange="1" MinRange="0" Name="notifQuality" SQLDataType="4" SourceColumn="notifQuality"/&gt;&lt;Column Description="notifDescription" MaxRange="1" MinRange="0" Name="notifDescription" SQLDataType="-9" SourceColumn="notifDescription"/&gt;&lt;Column Description="notifMemMapVer" MaxRange="1" MinRange="0" Name="notifMemMapVer" SQLDataType="4" SourceColumn="notifMemMapVer"/&gt;&lt;Column Description="notifStatus" MaxRange="1" MinRange="0" Name="notifStatus" SQLDataType="4" SourceColumn="notifStatus"/&gt;&lt;Column Description="notifErrMessage" MaxRange="1" MinRange="0" Name="notifErrMessage" SQLDataType="12" SourceColumn="notifErrMessage"/&gt;&lt;/Columns&gt;&lt;Row&gt;&lt;recordID&gt;6358&lt;/recordID&gt;&lt;notifTimeStamp&gt;2016-09-14T18:17:12&lt;/notifTimeStamp&gt;&lt;notifTrxCtrValue&gt;22&lt;/notifTrxCtrValue&gt;&lt;notifTransactionType&gt;16&lt;/notifTransactionType&gt;&lt;trxRecID&gt;3&lt;/trxRecID&gt;&lt;notifName&gt;TransCtr&lt;/notifName&gt;&lt;notifQuality&gt;1&lt;/notifQuality&gt;&lt;notifDescription&gt;VWC_SUBASSY_OP130&lt;/notifDescription&gt;&lt;notifMemMapVer&gt;1&lt;/notifMemMapVer&gt;&lt;notifStatus&gt;1&lt;/notifStatus&gt;&lt;notifErrMessage&gt;Submitted&lt;/notifErrMessage&gt;&lt;/Row&gt;&lt;/Rowset&gt;&lt;/Rowsets&gt;</Results><TagList/></Value><SchemaURI/><SchemaElement/><ValidateXMLOnExecution>1</ValidateXMLOnExecution><ReadOnly>false</ReadOnly><AlertXMLAssigned>false</AlertXMLAssigned></ContextItem><ContextItem><Name>MATCH</Name><Description/><MinRange>0</MinRange><MaxRange>0</MaxRange><Value xsi:type="ConditionalAction"><Output>false</Output><InputCount>1</InputCount><LogicalAnd>false</LogicalAnd><Input1>false</Input1></Value><ReadOnly>false</ReadOnly><AlertXMLAssigned>false</AlertXMLAssigned></ContextItem><ContextItem><Name>AssignShow_2</Name><Description/><MinRange>0</MinRange><MaxRange>0</MaxRange><Value xsi:type="Assignment"/><ReadOnly>false</ReadOnly><AlertXMLAssigned>false</AlertXMLAssigned></ContextItem><ContextItem><Name>AssignShow_3</Name><Description/><MinRange>0</MinRange><MaxRange>0</MaxRange><Value xsi:type="Assignment"/><ReadOnly>false</ReadOnly><AlertXMLAssigned>false</AlertXMLAssigned></ContextItem><ContextItem><Name>AssignHasData</Name><Description/><MinRange>0</MinRange><MaxRange>0</MaxRange><Value xsi:type="Assignment"/><ReadOnly>false</ReadOnly><AlertXMLAssigned>false</AlertXMLAssigned></ContextItem><ContextItem><Name>AssignMsgFtr</Name><Description/><MinRange>0</MinRange><MaxRange>0</MaxRange><Value xsi:type="Assignment"/><ReadOnly>false</ReadOnly><AlertXMLAssigned>false</AlertXMLAssigned></ContextItem><ContextItem><Name>ShowHtml</Name><Description/><MinRange>0</MinRange><MaxRange>0</MaxRange><Value xsi:type="Tracer"><Message/><Level>INFO</Level></Value><ReadOnly>false</ReadOnly><AlertXMLAssigned>false</AlertXMLAssigned></ContextItem><ContextItem><Name>AssignHTML_OUT</Name><Description/><MinRange>0</MinRange><MaxRange>0</MaxRange><Value xsi:type="Assignment"/><ReadOnly>false</ReadOnly><AlertXMLAssigned>false</AlertXMLAssigned></ContextItem><ContextItem><Name>NoData</Name><Description/><MinRange>0</MinRange><MaxRange>0</MaxRange><Value xsi:type="ConditionalAction"><Output>false</Output><InputCount>1</InputCount><LogicalAnd>false</LogicalAnd><Input1>false</Input1></Value><ReadOnly>false</ReadOnly><AlertXMLAssigned>false</AlertXMLAssigned></ContextItem><ContextItem><Name>AssignNoData</Name><Description/><MinRange>0</MinRange><MaxRange>0</MaxRange><Value xsi:type="Assignment"/><ReadOnly>false</ReadOnly><AlertXMLAssigned>false</AlertXMLAssigned></ContextItem></Actions><ReaderRoles>SAP_XMII_Super_Administrator,SAP_XMII_Administrator,SAP_XMII_Developer,SAP_XMII_User</ReaderRoles><Steps><Step xsi:type="ActionSequence"><Name>Sequence</Name><Description/><Steps><Step xsi:type="ActionSequence"><Name>Sequence_0</Name><Description/><Steps><Step xsi:type="ActionSequence"><Name>Sequence_20</Name><Description/><Steps><Step xsi:type="ActionSequence"><Name>Sequence_22</Name><Description/><Steps><Step xsi:type="Conditional"><Name>Sequence_23</Name><Description/><Steps><Step xsi:type="Repeater"><Name>Sequence_24</Name><Description/><Steps><Step xsi:type="ActionSequence"><Name>Sequence_31</Name><Description/><Steps><Step xsi:type="Conditional"><Name>Sequence_13</Name><Description/><Steps><Step xsi:type="ActionSequence"><Name>Sequence_21</Name><Description/><Steps><Step xsi:type="Conditional"><Name>Sequence_14</Name><Description/><Steps><Step xsi:type="ActionSequence"><Name>Sequence_34</Name><Description/><Steps/><Actions><Action><Name>AssignShow_2</Name><Description> </Description><IncomingLinks/><OutgoingLinks><Assign xsi:type="Assign"><Name/><Description/><To>Local.showData</To><From>1</From></Assign></OutgoingLinks></Action></Actions></Step><Step xsi:type="ActionSequence"><Name>Sequence_35</Name><Description/><Steps/><Actions><Action><Name>AssignShow_3</Name><Description> </Description><IncomingLinks/><OutgoingLinks><Assign xsi:type="Assign"><Name/><Description/><To>Local.showData</To><From>0</From></Assign></OutgoingLinks></Action></Actions></Step></Steps><Actions><Action><Name>MATCH</Name><Description> </Description><IncomingLinks><Assign xsi:type="Assign"><Name/><Description/><To>MATCH.Input1</To><From>stringif(Transaction.STATION == getNotifStation.Results{/Rowsets/Rowset/Row/notifDescription},1,0)</From></Assign></IncomingLinks><OutgoingLinks/></Action></Actions></Step></Steps><Actions><Action><Name>getNotifStation</Name><Description>SQL Query</Description><IncomingLinks><Assign xsi:type="Assign"><Name/><Description/><To>getNotifStation.Server</To><From>Transaction.SQL_SERVER</From></Assign><Assign xsi:type="Assign"><Name/><Description/><To>getNotifStation.Param.1</To><From>number(RepeatOnNotif.Output{/Row/notifRecordID})</From></Assign></IncomingLinks><OutgoingLinks/></Action></Actions></Step><Step xsi:type="ActionSequence"><Name>Sequence_30</Name><Description/><Steps/><Actions><Action><Name>AssignShow_1</Name><Description> </Description><IncomingLinks/><OutgoingLinks><Assign xsi:type="Assign"><Name/><Description/><To>Local.showData</To><From>1</From></Assign></OutgoingLinks></Action></Actions></Step></Steps><Actions><Action><Name>STATION_REQ</Name><Description> </Description><IncomingLinks><Assign xsi:type="Assign"><Name/><Description/><To>STATION_REQ.Input1</To><From>if(stringlength(Transaction.STATION)&gt;0,1,0)</From></Assign></IncomingLinks><OutgoingLinks/></Action></Actions></Step><Step xsi:type="Conditional"><Name>Sequence_32</Name><Description/><Steps><Step xsi:type="ActionSequence"><Name>Sequence_33</Name><Description/><Steps><Step xsi:type="ActionSequence"><Name>Sequence_29</Name><Description/><Steps><Step xsi:type="ActionSequence"><Name>Sequence_1</Name><Description/><Steps><Step xsi:type="Conditional"><Name>Sequence_4</Name><Description/><Steps><Step xsi:type="ActionSequence"><Name>Sequence_5</Name><Description/><Steps><Step xsi:type="ActionSequence"><Name>Sequence_16</Name><Description/><Steps/><Actions><Action><Name>AssignHdrData</Name><Description> </Description><IncomingLinks/><OutgoingLinks><Assign xsi:type="Assign"><Name/><Description/><To>Local.HTML_TEXT</To><From>Local.HTML_TEXT &amp; "&lt;table id=\"top-hdrData\" cellspacing=0 cellpadding=10 border=0 align=center width=940 style=\"margin-top:0px;font-family: Arial;\"&gt;&lt;tr style=\"font-size:11px;font-weight:bold;border-top:2px solid #666;margin-top:0px;background-color:#efefef;\"&gt;&lt;td style=\"width:150px; text-align:center;\"&gt;" &amp; 
datefromxmlformat(getNotifHdrByID.Results{/Rowsets/Rowset/Row/notifTimeStamp}, "yyyyMMdd HH:mm:ss")
&amp; "&lt;/td&gt;&lt;td style=\"width:80px; text-align:center;\"&gt;" &amp; 
getNotifHdrByID.Results{/Rowsets/Rowset/Row/notifTrxCtrValue}
&amp; "&lt;/td&gt;&lt;td style=\"width:80px; text-align:center;\"&gt;" &amp; 
getNotifHdrByID.Results{/Rowsets/Rowset/Row/notifTransactionType}
&amp; "&lt;/td&gt;&lt;td style=\"width:200px; text-align:center;\"&gt;" &amp; 
getNotifHdrByID.Results{/Rowsets/Rowset/Row/notifDescription}
&amp; "&lt;/td&gt;&lt;td style=\"width:80px; text-align:center;\"&gt;" &amp; 
stringif(getNotifHdrByID.Results{/Rowsets/Rowset/Row/notifStatus}==1," PASS ", " FAIL")
&amp; "&lt;/td&gt;&lt;td style=\"width:350px; text-align:center;\"&gt;" &amp; 
getNotifHdrByID.Results{/Rowsets/Rowset/Row/notifErrMessage}
&amp; "&lt;/td&gt;&lt;/tr&gt;&lt;/table&gt;"</From></Assign></OutgoingLinks></Action></Actions></Step></Steps><Actions><Action><Name>AssignNotifHdr</Name><Description> </Description><IncomingLinks/><OutgoingLinks><Assign xsi:type="Assign"><Name/><Description/><To>Local.HTML_TEXT</To><From>Local.HTML_TEXT &amp; "&lt;table id=\"top-hdr\" cellspacing=0 cellpadding=10 border=0 align=center width=940 style=\"margin-top:0px;font-family: Arial;\"&gt;&lt;tr style=\"border-top:2px solid #666;margin-top:0px;background-color:#ffffff;\"&gt;&lt;td colspan=6 style=\"font-size:28px;font-weight:bold;color: #007dc0;text-align:center\"&gt;" &amp; " PLC NOTIFICATION ( " &amp; RepeatOnNotif.Output{/Row/notifRecordID} &amp; " )" &amp; "&lt;/td&gt;&lt;/tr&gt;&lt;tr style=\"font-size:11px;font-weight:bold;border-top:2px solid #666;margin-top:0px;background-color:#cfcfcf;\"&gt;&lt;td style=\"width:150px; text-align:center;\"&gt;Timestamp&lt;/td&gt;&lt;td style=\"width:80px; text-align:center;\"&gt;TransCtr&lt;/td&gt;&lt;td style=\"width:80px; text-align:center;\"&gt;TransType&lt;/td&gt;&lt;td style=\"width:200px; text-align:center;\"&gt;Operation&lt;/td&gt;&lt;td style=\"width:80px; text-align:center;\"&gt;Status&lt;/td&gt;&lt;td style=\"width:350px; text-align:center;\"&gt;Notif. Message&lt;/td&gt;&lt;/tr&gt;&lt;/table&gt;"</From></Assign></OutgoingLinks></Action></Actions></Step><Step xsi:type="ActionSequence"><Name>Sequence_8</Name><Description/><Steps/><Actions><Action><Name>AssignNotifNoHdr</Name><Description> </Description><IncomingLinks/><OutgoingLinks><Assign xsi:type="Assign"><Name/><Description/><To>Local.HTML_TEXT</To><From>Local.HTML_TEXT &amp; "&lt;table id=\"top-hdr\" cellspacing=0 cellpadding=10 border=0 align=center width=940 style=\"margin-top:0px;font-family: Arial;\"&gt;&lt;tr style=\"border-top:2px solid #666;margin-top:0px;background-color:#ffffff;\"&gt;&lt;td colspan=6 style=\"font-size:28px;font-weight:bold;color: #007dc0;text-align:center\"&gt;" &amp; " PLC NOTIFICATION ( " &amp; RepeatOnNotif.Output{/Row/notifRecordID} &amp; " ) NO CTM HEADER" &amp; "&lt;/td&gt;&lt;/tr&gt;&lt;/table&gt;"</From></Assign></OutgoingLinks></Action></Actions></Step></Steps><Actions><Action><Name>HasHdr</Name><Description> </Description><IncomingLinks><Assign xsi:type="Assign"><Name/><Description/><To>HasHdr.Input1</To><From>if(getNotifHdrByID.Results{count(/Rowsets/Rowset/Row)}&gt;0,1,0)</From></Assign></IncomingLinks><OutgoingLinks/></Action></Actions></Step></Steps><Actions><Action><Name>getNotifHdrByID</Name><Description>SQL Query</Description><IncomingLinks><Assign xsi:type="Assign"><Name/><Description/><To>getNotifHdrByID.Server</To><From>Transaction.SQL_SERVER</From></Assign><Assign xsi:type="Assign"><Name/><Description/><To>getNotifHdrByID.Param.1</To><From>number(RepeatOnNotif.Output{/Row/notifRecordID})</From></Assign></IncomingLinks><OutgoingLinks/></Action></Actions></Step><Step xsi:type="ActionSequence"><Name>Sequence_6</Name><Description/><Steps><Step xsi:type="Conditional"><Name>Sequence_7</Name><Description/><Steps><Step xsi:type="ActionSequence"><Name>Sequence_19</Name><Description/><Steps><Step xsi:type="Repeater"><Name>Sequence_18</Name><Description/><Steps><Step xsi:type="ActionSequence"><Name>Sequence_10</Name><Description/><Steps><Step xsi:type="Conditional"><Name>Sequence_25</Name><Description/><Steps><Step xsi:type="ActionSequence"><Name>Sequence_27</Name><Description/><Steps/><Actions><Action><Name>AssignFFFFFF</Name><Description> </Description><IncomingLinks/><OutgoingLinks><Assign xsi:type="Assign"><Name/><Description/><To>Local.prevBgColor</To><From>"#FFFFFF"</From></Assign></OutgoingLinks></Action></Actions></Step><Step xsi:type="ActionSequence"><Name>Sequence_28</Name><Description/><Steps/><Actions><Action><Name>AssignEFEFEF</Name><Description> </Description><IncomingLinks/><OutgoingLinks><Assign xsi:type="Assign"><Name/><Description/><To>Local.prevBgColor</To><From>"#EFEFEF"</From></Assign></OutgoingLinks></Action></Actions></Step></Steps><Actions><Action><Name>FIX_bgColor</Name><Description> </Description><IncomingLinks><Assign xsi:type="Assign"><Name/><Description/><To>FIX_bgColor.Input1</To><From>stringif(Local.prevBgColor =="#EFEFEF", 1,0)</From></Assign></IncomingLinks><OutgoingLinks/></Action></Actions></Step></Steps><Actions><Action><Name>AssignDataValues</Name><Description> </Description><IncomingLinks/><OutgoingLinks><Assign xsi:type="Assign"><Name/><Description/><To>Local.HTML_TEXT</To><From>Local.HTML_TEXT &amp; "&lt;table id=\"data-val" &amp; RepeatOnRow.CurrentItem &amp; "\" cellspacing=0 cellpadding=10 border=0 align=center width=500 style=\"margin-top:0px;font-family: Arial;\"&gt;&lt;tr style=\"font-size:11px;font-weight:bold;border-top:2px solid #666;margin-top:0px;background-color:" &amp; Local.prevBgColor &amp; ";\"&gt;&lt;td style=\"width:250px; text-align:left;\"&gt;" &amp; 
RepeatOnRow.Output{/Row/TAG}
&amp; "&lt;/td&gt;&lt;td style=\"width:150px; text-align:left;\"&gt;" &amp; 
RepeatOnRow.Output{/Row/VALUE}
&amp; "&lt;/td&gt;&lt;/tr&gt;&lt;/table&gt;"</From></Assign></OutgoingLinks></Action></Actions></Step><Step xsi:type="ActionSequence"><Name>Sequence_17</Name><Description/><Steps/><Actions><Action><Name>AssignDataBot</Name><Description> </Description><IncomingLinks/><OutgoingLinks><Assign xsi:type="Assign"><Name/><Description/><To>Local.HTML_TEXT</To><From>Local.HTML_TEXT &amp; "&lt;table id=\"data-bot" &amp; "\" cellspacing=0 cellpadding=4 border=0 align=center width=500 style=\"margin-top:0px; font-size:11px; font-family: Arial;font-weight:bold; border-top:2px solid black;\"&gt;&lt;tr style=\"background-color:#ffffff;\"&gt;&lt;td colspan=3 style=\"margin-top:0px;\" align=left&gt;&amp;nbsp; Created " &amp; datefromxmlformat(datenow, "yyyy-MM-dd HH:mm:ss") &amp; " -- " &amp; RepeatOnRow.ItemCount &amp; " Records&lt;/td&gt;&lt;/tr&gt;&lt;/table&gt;&lt;br /&gt;&lt;br /&gt;"</From></Assign></OutgoingLinks></Action></Actions></Step></Steps><Actions><Action><Name>RepeatOnRow</Name><Description> </Description><IncomingLinks/><OutgoingLinks/></Action></Actions></Step></Steps><Actions><Action><Name>AssignDataHdr</Name><Description> </Description><IncomingLinks/><OutgoingLinks><Assign xsi:type="Assign"><Name/><Description/><To>Local.HTML_TEXT</To><From>Local.HTML_TEXT &amp; "&lt;table id=\"data-hdr\" cellspacing=0 cellpadding=10 border=0 align=center width=500 style=\"margin-top:0px;font-family: Arial;\"&gt;&lt;tr style=\"border-top:2px solid #666;margin-top:0px;background-color:#ffffff;\"&gt;&lt;td colspan=3 style=\"font-size:28px;font-weight:bold;color: #007dc0;text-align:center\"&gt;" &amp; " RECORDED DATA" &amp; "&lt;/td&gt;&lt;/tr&gt;&lt;tr style=\"font-size:11px;font-weight:bold;border-top:2px solid #666;margin-top:0px;background-color:#cfcfcf;\"&gt;&lt;td style=\"width:250px; text-align:left;\"&gt;TAG&lt;/td&gt;&lt;td style=\"width:150px; text-align:left;\"&gt;VALUE&lt;/td&gt;&lt;/tr&gt;&lt;/table&gt;"</From></Assign></OutgoingLinks></Action></Actions></Step><Step xsi:type="ActionSequence"><Name>Sequence_11</Name><Description/><Steps/><Actions><Action><Name>AssignNotifNoData</Name><Description> </Description><IncomingLinks/><OutgoingLinks><Assign xsi:type="Assign"><Name/><Description/><To>Local.HTML_TEXT</To><From>Local.HTML_TEXT &amp; "&lt;table id=\"top-hdr\" cellspacing=0 cellpadding=10 border=0 align=center width=940 style=\"margin-top:0px;font-family: Arial;\"&gt;&lt;tr style=\"border-top:2px solid #666;margin-top:0px;background-color:#ffffff;\"&gt;&lt;td colspan=6 style=\"font-size:28px;font-weight:bold;color: #007dc0;text-align:center\"&gt;" &amp; " PLC NOTIFICATION ( " &amp; Transaction.NOTIFRECID &amp; " ) NO CTM DATA" &amp; "&lt;/td&gt;&lt;/tr&gt;&lt;/table&gt;"</From></Assign></OutgoingLinks></Action></Actions></Step></Steps><Actions><Action><Name>HasData</Name><Description> </Description><IncomingLinks><Assign xsi:type="Assign"><Name/><Description/><To>HasData.Input1</To><From>if(getNotifDataByID.Results{count(/Rowsets/Rowset/Row)}&gt;0,1,0)</From></Assign></IncomingLinks><OutgoingLinks/></Action></Actions></Step></Steps><Actions><Action><Name>getNotifDataByID</Name><Description>SQL Query</Description><IncomingLinks><Assign xsi:type="Assign"><Name/><Description/><To>getNotifDataByID.Server</To><From>Transaction.SQL_SERVER</From></Assign><Assign xsi:type="Assign"><Name/><Description/><To>getNotifDataByID.Param.1</To><From>number(RepeatOnNotif.Output{/Row/notifRecordID})</From></Assign></IncomingLinks><OutgoingLinks/></Action></Actions></Step></Steps><Actions><Action><Name>ShowNotif</Name><Description> </Description><IncomingLinks><Assign xsi:type="Assign"><Name/><Description/><To>ShowNotif.Message</To><From>" &gt;&gt; Notification: " &amp; RepeatOnNotif.Output{/Row/notifRecordID}</From></Assign></IncomingLinks><OutgoingLinks/></Action></Actions></Step></Steps><Actions><Action><Name>AssignHasData</Name><Description> </Description><IncomingLinks/><OutgoingLinks><Assign xsi:type="Assign"><Name/><Description/><To>Local.hasData</To><From>1</From></Assign></OutgoingLinks></Action></Actions></Step></Steps><Actions><Action><Name>Show</Name><Description> </Description><IncomingLinks><Assign xsi:type="Assign"><Name/><Description/><To>Show.Input1</To><From>if(Local.showData ==1,1,0)</From></Assign></IncomingLinks><OutgoingLinks/></Action></Actions></Step></Steps><Actions><Action><Name>AssignShow_0</Name><Description> </Description><IncomingLinks/><OutgoingLinks><Assign xsi:type="Assign"><Name/><Description/><To>Local.showData</To><From>0</From></Assign></OutgoingLinks></Action></Actions></Step></Steps><Actions><Action><Name>RepeatOnNotif</Name><Description> </Description><IncomingLinks/><OutgoingLinks/></Action></Actions></Step><Step xsi:type="ActionSequence"><Name>Sequence_26</Name><Description/><Steps/><Actions><Action><Name>AssignSNNoData</Name><Description> </Description><IncomingLinks/><OutgoingLinks><Assign xsi:type="Assign"><Name/><Description/><To>Local.HTML_TEXT</To><From>Local.HTML_TEXT &amp; "&lt;table id=\"top-hdr\" cellspacing=0 cellpadding=10 border=0 align=center width=940 style=\"margin-top:0px;font-family: Arial;\"&gt;&lt;tr style=\"border-top:2px solid #666;margin-top:0px;background-color:#ffffff;\"&gt;&lt;td colspan=6 style=\"font-size:28px;font-weight:bold;color: #007dc0;text-align:center\"&gt;" &amp; " PART SN ( " &amp; Transaction.SERNUM &amp; " ) NO CTM DATA" &amp; "&lt;/td&gt;&lt;/tr&gt;&lt;/table&gt;"</From></Assign></OutgoingLinks></Action></Actions></Step></Steps><Actions><Action><Name>HasNotif</Name><Description> </Description><IncomingLinks><Assign xsi:type="Assign"><Name/><Description/><To>HasNotif.Input1</To><From>if(getNotifBySerNum.Results{count(/Rowsets/Rowset/Row)}&gt;0,1,0)</From></Assign></IncomingLinks><OutgoingLinks/></Action></Actions></Step></Steps><Actions><Action><Name>getNotifBySerNum</Name><Description>SQL Query</Description><IncomingLinks><Assign xsi:type="Assign"><Name/><Description/><To>getNotifBySerNum.Server</To><From>Transaction.SQL_SERVER</From></Assign><Assign xsi:type="Assign"><Name/><Description/><To>getNotifBySerNum.Param.1</To><From>Transaction.SERNUM</From></Assign></IncomingLinks><OutgoingLinks/></Action></Actions></Step><Step xsi:type="ActionSequence"><Name>Sequence_36</Name><Description/><Steps><Step xsi:type="Conditional"><Name>Sequence_38</Name><Description/><Steps><Step xsi:type="ActionSequence"><Name>Sequence_37</Name><Description/><Steps/><Actions><Action><Name>AssignNoData</Name><Description> </Description><IncomingLinks/><OutgoingLinks><Assign xsi:type="Assign"><Name/><Description/><To>Local.HTML_TEXT</To><From>Local.HTML_TEXT &amp; "&lt;table id=\"top-hdr\" cellspacing=0 cellpadding=10 border=0 align=center width=940 style=\"margin-top:0px;font-family: Arial;\"&gt;&lt;tr style=\"border-top:2px solid #666;margin-top:0px;background-color:#ffffff;\"&gt;&lt;td colspan=6 style=\"font-size:28px;font-weight:bold;color: #007dc0;text-align:center\"&gt;" &amp; " PART SN ( " &amp; Transaction.SERNUM &amp; " ) NO CTM DATA ON STATION (if any): " &amp; Transaction.STATION &amp; "&lt;/td&gt;&lt;/tr&gt;&lt;/table&gt;"</From></Assign></OutgoingLinks></Action></Actions></Step></Steps><Actions><Action><Name>NoData</Name><Description> </Description><IncomingLinks><Assign xsi:type="Assign"><Name/><Description/><To>NoData.Input1</To><From>if(Local.hasData==0,1,0)</From></Assign></IncomingLinks><OutgoingLinks/></Action></Actions></Step><Step xsi:type="ActionSequence"><Name>Sequence_12</Name><Description/><Steps><Step xsi:type="ActionSequence"><Name>Sequence_15</Name><Description/><Steps><Step xsi:type="ActionSequence"><Name>Sequence_9</Name><Description/><Steps/><Actions><Action><Name>AssignHTML_OUT</Name><Description> </Description><IncomingLinks/><OutgoingLinks><Assign xsi:type="Assign"><Name/><Description/><To>Transaction.HTML_OUT</To><From>Local.HTML_TEXT</From></Assign></OutgoingLinks></Action></Actions></Step></Steps><Actions><Action><Name>ShowHtml</Name><Description> </Description><IncomingLinks><Assign xsi:type="Assign"><Name/><Description/><To>ShowHtml.Message</To><From>Local.HTML_TEXT</From></Assign></IncomingLinks><OutgoingLinks/></Action></Actions></Step></Steps><Actions><Action><Name>AssignMsgFtr</Name><Description> </Description><IncomingLinks/><OutgoingLinks><Assign xsi:type="Assign"><Name/><Description/><To>Local.HTML_TEXT</To><From>Local.HTML_TEXT &amp; "&lt;/center&gt;&lt;/body&gt;&lt;/html&gt;"</From></Assign></OutgoingLinks></Action></Actions></Step></Steps><Actions/></Step></Steps><Actions><Action><Name>AssignMsgHdr</Name><Description> </Description><IncomingLinks/><OutgoingLinks><Assign xsi:type="Assign"><Name/><Description/><To>Local.HTML_TEXT</To><From>Local.HTML_TEXT &amp; "&lt;!DOCTYPE html PUBLIC \"-//W3C//DTD XHTML 1.0 Transitional//EN\" \"http://www.w3.org/TR/xhtml1/DTD/xhtml1-transitional.dtd\"&gt;
&lt;html xmlns=\"http://www.w3.org/1999/xhtml\"&gt;
 &lt;head&gt;
  &lt;meta http-equiv=\"Content-Type\" content=\"text/html; charset=UTF-8\" /&gt;
  &lt;title&gt;Serial Number Report&lt;/title&gt;
  &lt;meta name=\"viewport\" content=\"width=device-width, initial-scale=1.0\"/&gt;
&lt;/head&gt;&lt;body style=\"margin: 0; padding: 0; font-family: Arial,Helvetica,sans-serif;\"&gt;&lt;center&gt;"
</From></Assign></OutgoingLinks></Action></Actions></Step><Step xsi:type="Catch"><Name>Sequence_2</Name><Description/><Steps><Step xsi:type="ActionSequence"><Name>Sequence_3</Name><Description/><Steps/><Actions><Action><Name>ShowCatch_0</Name><Description> </Description><IncomingLinks><Assign xsi:type="Assign"><Name/><Description/><To>ShowCatch_0.Message</To><From>Catch_0.Message</From></Assign></IncomingLinks><OutgoingLinks/></Action></Actions></Step></Steps><Actions><Action><Name>Catch_0</Name><Description>Catches an exception</Description><IncomingLinks/><OutgoingLinks/></Action></Actions></Step></Steps><Actions><Action><Name>Exception_Enabler_0</Name><Description>Enables exceptions.</Description><IncomingLinks/><OutgoingLinks/></Action></Actions></Step></Steps><Actions><Action><Name>ShowParam</Name><Description> </Description><IncomingLinks><Assign xsi:type="Assign"><Name/><Description/><To>ShowParam.Message</To><From>" &gt;&gt; PART SN : " &amp; Transaction.SERNUM &amp; "-- STATION (if any): " &amp;  Transaction.STATION</From></Assign></IncomingLinks><OutgoingLinks/></Action></Actions></Step></Steps></Transaction>