<?xml version="1.0" encoding="UTF-8"?><Transaction xmlns:xsd="http://www.w3.org/2001/XMLSchema" xmlns:xsi="http://www.w3.org/2001/XMLSchema-instance" Version="15.0.7.12"><TransactionAttributes><ContextItem><Name>Description</Name><Description>Transaction Description</Description><MinRange>0</MinRange><MaxRange>0</MaxRange><Value xsi:type="string"/><ReadOnly>true</ReadOnly><AlertXMLAssigned>false</AlertXMLAssigned></ContextItem><ContextItem><Name>Comments</Name><Description>User Comments</Description><MinRange>0</MinRange><MaxRange>0</MaxRange><Value xsi:type="string"/><ReadOnly>true</ReadOnly><AlertXMLAssigned>false</AlertXMLAssigned></ContextItem><ContextItem><Name>CreatedBy</Name><Description>Created By</Description><MinRange>0</MinRange><MaxRange>0</MaxRange><Value xsi:type="string">RadPa</Value><ReadOnly>true</ReadOnly><AlertXMLAssigned>false</AlertXMLAssigned></ContextItem><ContextItem><Name>CreationDate</Name><Description>Creation Date</Description><MinRange>0</MinRange><MaxRange>0</MaxRange><Value xsi:type="dateTime">2014-04-22T14:01:46</Value><ReadOnly>true</ReadOnly><AlertXMLAssigned>false</AlertXMLAssigned></ContextItem><ContextItem><Name>Category</Name><Description>Transaction Category</Description><MinRange>0</MinRange><MaxRange>0</MaxRange><Value xsi:type="string"/><ReadOnly>true</ReadOnly><AlertXMLAssigned>false</AlertXMLAssigned></ContextItem><ContextItem><Name>Status</Name><Description>Deployment Status</Description><MinRange>0</MinRange><MaxRange>0</MaxRange><Value xsi:type="string">DEVELOPMENT</Value><ReadOnly>true</ReadOnly><AlertXMLAssigned>false</AlertXMLAssigned></ContextItem><ContextItem><Name>LegacyProcessingMode</Name><Description>Support the pre MII 12.1 Transaction Engine.</Description><MinRange>0</MinRange><MaxRange>0</MaxRange><Value xsi:type="boolean">0</Value><ReadOnly>true</ReadOnly><AlertXMLAssigned>false</AlertXMLAssigned></ContextItem><ContextItem><Name>AutoAppendBlankNamespaces</Name><Description>AutoAppendBlankNamespaces</Description><MinRange>0</MinRange><MaxRange>0</MaxRange><Value xsi:type="boolean">1</Value><ReadOnly>true</ReadOnly><AlertXMLAssigned>false</AlertXMLAssigned></ContextItem><ContextItem><Name>ThrowOnLinkError</Name><Description>Throws an exception when a link error occures</Description><MinRange>0</MinRange><MaxRange>0</MaxRange><Value xsi:type="boolean">0</Value><ReadOnly>true</ReadOnly><AlertXMLAssigned>false</AlertXMLAssigned></ContextItem><ContextItem><Name>ThrowOnActionError</Name><Description>Throws an exception when an action error occurs</Description><MinRange>0</MinRange><MaxRange>0</MaxRange><Value xsi:type="boolean">1</Value><ReadOnly>true</ReadOnly><AlertXMLAssigned>false</AlertXMLAssigned></ContextItem><ContextItem><Name>LastEditedBy</Name><Description>Last Edited By</Description><MinRange>0</MinRange><MaxRange>0</MaxRange><Value xsi:type="xsd:string">ChiCa</Value><ReadOnly>true</ReadOnly><AlertXMLAssigned>false</AlertXMLAssigned></ContextItem><ContextItem><Name>LastEditedDate</Name><Description>Last Edited Date</Description><MinRange>0</MinRange><MaxRange>0</MaxRange><Value xsi:type="xsd:dateTime">2017-03-13T13:24:48</Value><ReadOnly>true</ReadOnly><AlertXMLAssigned>false</AlertXMLAssigned></ContextItem><ContextItem><Name>FormatXMLOnConversion</Name><Description>By default XML will be formatted when assigned from XML data type to String data type. This behaviour can be changed with this flag.</Description><MinRange>0</MinRange><MaxRange>0</MaxRange><Value xsi:type="boolean">1</Value><ReadOnly>true</ReadOnly><AlertXMLAssigned>false</AlertXMLAssigned></ContextItem></TransactionAttributes><Name>MESM/SUPERVISORS/TRANSACTIONS/getHierarchyHeaders</Name><Version>558</Version><WriterRoles>Everyone,SAP_XMII_Administrator,SAP_XMII_Developer,SAP_XMII_DynamicQuery,SAP_XMII_Super_Administrator,SAP_XMII_User</WriterRoles><Context><ContextItem><Name>HC_OUT</Name><Description>JSON Output</Description><MinRange>0</MinRange><MaxRange>0</MaxRange><Value xsi:type="string"/><ReadOnly>true</ReadOnly><AlertXMLAssigned>false</AlertXMLAssigned></ContextItem><ContextItem><Name>IDPLANT</Name><Description>ID Plant Filter</Description><MinRange>0</MinRange><MaxRange>0</MaxRange><Value xsi:type="string">1604</Value><ReadOnly>false</ReadOnly><AlertXMLAssigned>false</AlertXMLAssigned></ContextItem><ContextItem><Name>SERVER_SQL</Name><Description>SQL server where the data is stored</Description><MinRange>0</MinRange><MaxRange>0</MaxRange><Value xsi:type="string">MESM</Value><ReadOnly>false</ReadOnly><AlertXMLAssigned>false</AlertXMLAssigned></ContextItem><ContextItem><Name>SHIFTID</Name><Description/><MinRange>0</MinRange><MaxRange>0</MaxRange><Value xsi:type="string"/><ReadOnly>false</ReadOnly><AlertXMLAssigned>false</AlertXMLAssigned></ContextItem><ContextItem><Name>SUPERVISORID</Name><Description/><MinRange>0</MinRange><MaxRange>0</MaxRange><Value xsi:type="string"/><ReadOnly>false</ReadOnly><AlertXMLAssigned>false</AlertXMLAssigned></ContextItem></Context><Local><ContextItem><Name>BracketsStr</Name><Description>VAriable - Contains closing curly brackets (if any needed)</Description><MinRange>0</MinRange><MaxRange>0</MaxRange><Value xsi:type="string"/><ReadOnly>false</ReadOnly><AlertXMLAssigned>false</AlertXMLAssigned></ContextItem><ContextItem><Name>content</Name><Description>Variable - Contains output without Header and Footer</Description><MinRange>0</MinRange><MaxRange>0</MaxRange><Value xsi:type="string"/><ReadOnly>false</ReadOnly><AlertXMLAssigned>false</AlertXMLAssigned></ContextItem><ContextItem><Name>DeltaLevel</Name><Description>Variable - Stores the value Local.Level - Local.TempLevel</Description><MinRange>0</MinRange><MaxRange>0</MaxRange><Value xsi:type="integer">0</Value><ReadOnly>false</ReadOnly><AlertXMLAssigned>false</AlertXMLAssigned></ContextItem><ContextItem><Name>footer</Name><Description>Contains two closing curly brackets</Description><MinRange>0</MinRange><MaxRange>0</MaxRange><Value xsi:type="string">} }</Value><ReadOnly>false</ReadOnly><AlertXMLAssigned>false</AlertXMLAssigned></ContextItem><ContextItem><Name>header</Name><Description>Contains Root oData items (two curly brackets open)</Description><MinRange>0</MinRange><MaxRange>0</MaxRange><Value xsi:type="string">{ root : { name : "root"</Value><ReadOnly>false</ReadOnly><AlertXMLAssigned>false</AlertXMLAssigned></ContextItem><ContextItem><Name>Item</Name><Description>Variable - Contains the item</Description><MinRange>0</MinRange><MaxRange>0</MaxRange><Value xsi:type="string"/><ReadOnly>false</ReadOnly><AlertXMLAssigned>false</AlertXMLAssigned></ContextItem><ContextItem><Name>Level</Name><Description>Level ID from the current row</Description><MinRange>0</MinRange><MaxRange>0</MaxRange><Value xsi:type="string"/><ReadOnly>false</ReadOnly><AlertXMLAssigned>false</AlertXMLAssigned></ContextItem><ContextItem><Name>TempLevel</Name><Description>Level ID from the previous row</Description><MinRange>0</MinRange><MaxRange>0</MaxRange><Value xsi:type="string"/><ReadOnly>false</ReadOnly><AlertXMLAssigned>false</AlertXMLAssigned></ContextItem></Local><Layout><GUILayoutItem><Name>Sequence</Name><X>656</X><Y>8</Y><Width>120</Width><SpacingWidth>1416</SpacingWidth><DescendantWidth>1416</DescendantWidth><Height>96</Height></GUILayoutItem><GUILayoutItem><Name>ShowParam</Name><X>664</X><Y>24</Y><Width>104</Width><SpacingWidth>0</SpacingWidth><DescendantWidth>0</DescendantWidth><Height>72</Height></GUILayoutItem><GUILayoutItem><Name>Sequence_4</Name><X>512</X><Y>280</Y><Width>120</Width><SpacingWidth>1128</SpacingWidth><DescendantWidth>1128</DescendantWidth><Height>96</Height></GUILayoutItem><GUILayoutItem><Name>Sequence_2</Name><X>1016</X><Y>552</Y><Width>120</Width><SpacingWidth>120</SpacingWidth><DescendantWidth>0</DescendantWidth><Height>96</Height></GUILayoutItem><GUILayoutItem><Name>Sequence_0</Name><X>512</X><Y>416</Y><Width>120</Width><SpacingWidth>1128</SpacingWidth><DescendantWidth>1128</DescendantWidth><Height>96</Height></GUILayoutItem><GUILayoutItem><Name>UnitData_Ok</Name><X>520</X><Y>432</Y><Width>104</Width><SpacingWidth>0</SpacingWidth><DescendantWidth>0</DescendantWidth><Height>72</Height></GUILayoutItem><GUILayoutItem><Name>Err_1</Name><X>1024</X><Y>568</Y><Width>104</Width><SpacingWidth>0</SpacingWidth><DescendantWidth>0</DescendantWidth><Height>72</Height></GUILayoutItem><GUILayoutItem><Name>Sequence_1</Name><X>440</X><Y>552</Y><Width>120</Width><SpacingWidth>984</SpacingWidth><DescendantWidth>984</DescendantWidth><Height>96</Height></GUILayoutItem><GUILayoutItem><Name>RepeatOnRow</Name><X>448</X><Y>568</Y><Width>104</Width><SpacingWidth>0</SpacingWidth><DescendantWidth>0</DescendantWidth><Height>72</Height></GUILayoutItem><GUILayoutItem><Name>Sequence_9</Name><X>440</X><Y>688</Y><Width>120</Width><SpacingWidth>984</SpacingWidth><DescendantWidth>984</DescendantWidth><Height>96</Height></GUILayoutItem><GUILayoutItem><Name>ShowRow</Name><X>448</X><Y>704</Y><Width>104</Width><SpacingWidth>0</SpacingWidth><DescendantWidth>0</DescendantWidth><Height>72</Height></GUILayoutItem><GUILayoutItem><Name>Sequence_61</Name><X>1304</X><Y>144</Y><Width>120</Width><SpacingWidth>120</SpacingWidth><DescendantWidth>120</DescendantWidth><Height>96</Height></GUILayoutItem><GUILayoutItem><Name>Assign_HC_OUT</Name><X>1312</X><Y>160</Y><Width>104</Width><SpacingWidth>0</SpacingWidth><DescendantWidth>0</DescendantWidth><Height>72</Height></GUILayoutItem><GUILayoutItem><Name>Sequence_60</Name><X>1304</X><Y>280</Y><Width>120</Width><SpacingWidth>120</SpacingWidth><DescendantWidth>0</DescendantWidth><Height>96</Height></GUILayoutItem><GUILayoutItem><Name>ShowHCOutput</Name><X>1312</X><Y>296</Y><Width>104</Width><SpacingWidth>0</SpacingWidth><DescendantWidth>0</DescendantWidth><Height>72</Height></GUILayoutItem><GUILayoutItem><Name>Sequence_16</Name><X>512</X><Y>1096</Y><Width>120</Width><SpacingWidth>840</SpacingWidth><DescendantWidth>840</DescendantWidth><Height>96</Height></GUILayoutItem><GUILayoutItem><Name>Sequence_24</Name><X>8</X><Y>1096</Y><Width>120</Width><SpacingWidth>120</SpacingWidth><DescendantWidth>120</DescendantWidth><Height>96</Height></GUILayoutItem><GUILayoutItem><Name>Sequence_6</Name><X>440</X><Y>960</Y><Width>120</Width><SpacingWidth>984</SpacingWidth><DescendantWidth>984</DescendantWidth><Height>96</Height></GUILayoutItem><GUILayoutItem><Name>FirstRec</Name><X>448</X><Y>976</Y><Width>104</Width><SpacingWidth>0</SpacingWidth><DescendantWidth>0</DescendantWidth><Height>72</Height></GUILayoutItem><GUILayoutItem><Name>AssignFirst</Name><X>16</X><Y>1112</Y><Width>104</Width><SpacingWidth>0</SpacingWidth><DescendantWidth>0</DescendantWidth><Height>72</Height></GUILayoutItem><GUILayoutItem><Name>AssignLevel</Name><X>520</X><Y>1112</Y><Width>104</Width><SpacingWidth>0</SpacingWidth><DescendantWidth>0</DescendantWidth><Height>72</Height></GUILayoutItem><GUILayoutItem><Name>Sequence_3</Name><X>512</X><Y>1232</Y><Width>120</Width><SpacingWidth>840</SpacingWidth><DescendantWidth>840</DescendantWidth><Height>96</Height></GUILayoutItem><GUILayoutItem><Name>ShowLevel</Name><X>520</X><Y>1248</Y><Width>104</Width><SpacingWidth>0</SpacingWidth><DescendantWidth>0</DescendantWidth><Height>72</Height></GUILayoutItem><GUILayoutItem><Name>Sequence_7</Name><X>440</X><Y>1368</Y><Width>120</Width><SpacingWidth>696</SpacingWidth><DescendantWidth>696</DescendantWidth><Height>96</Height></GUILayoutItem><GUILayoutItem><Name>Assign_Item</Name><X>448</X><Y>1384</Y><Width>104</Width><SpacingWidth>0</SpacingWidth><DescendantWidth>0</DescendantWidth><Height>72</Height></GUILayoutItem><GUILayoutItem><Name>Sequence_5</Name><X>440</X><Y>1504</Y><Width>120</Width><SpacingWidth>696</SpacingWidth><DescendantWidth>696</DescendantWidth><Height>96</Height></GUILayoutItem><GUILayoutItem><Name>TMP_GT_LVL</Name><X>448</X><Y>1520</Y><Width>104</Width><SpacingWidth>0</SpacingWidth><DescendantWidth>0</DescendantWidth><Height>72</Height></GUILayoutItem><GUILayoutItem><Name>Sequence_8</Name><X>152</X><Y>1640</Y><Width>120</Width><SpacingWidth>120</SpacingWidth><DescendantWidth>0</DescendantWidth><Height>96</Height></GUILayoutItem><GUILayoutItem><Name>Add_Mid_0</Name><X>160</X><Y>1656</Y><Width>104</Width><SpacingWidth>0</SpacingWidth><DescendantWidth>0</DescendantWidth><Height>72</Height></GUILayoutItem><GUILayoutItem><Name>Sequence_10</Name><X>512</X><Y>1640</Y><Width>120</Width><SpacingWidth>552</SpacingWidth><DescendantWidth>552</DescendantWidth><Height>96</Height></GUILayoutItem><GUILayoutItem><Name>TMP_EQ_LVL</Name><X>520</X><Y>1656</Y><Width>104</Width><SpacingWidth>0</SpacingWidth><DescendantWidth>0</DescendantWidth><Height>72</Height></GUILayoutItem><GUILayoutItem><Name>Sequence_11</Name><X>296</X><Y>1776</Y><Width>120</Width><SpacingWidth>120</SpacingWidth><DescendantWidth>0</DescendantWidth><Height>96</Height></GUILayoutItem><GUILayoutItem><Name>Sequence_12</Name><X>584</X><Y>1776</Y><Width>120</Width><SpacingWidth>408</SpacingWidth><DescendantWidth>408</DescendantWidth><Height>96</Height></GUILayoutItem><GUILayoutItem><Name>Add_Mid_1</Name><X>304</X><Y>1792</Y><Width>104</Width><SpacingWidth>0</SpacingWidth><DescendantWidth>0</DescendantWidth><Height>72</Height></GUILayoutItem><GUILayoutItem><Name>ResetBrackets</Name><X>592</X><Y>1792</Y><Width>104</Width><SpacingWidth>0</SpacingWidth><DescendantWidth>0</DescendantWidth><Height>72</Height></GUILayoutItem><GUILayoutItem><Name>Sequence_13</Name><X>584</X><Y>1912</Y><Width>120</Width><SpacingWidth>408</SpacingWidth><DescendantWidth>408</DescendantWidth><Height>96</Height></GUILayoutItem><GUILayoutItem><Name>Assign_DeltaLevel</Name><X>592</X><Y>1928</Y><Width>104</Width><SpacingWidth>0</SpacingWidth><DescendantWidth>0</DescendantWidth><Height>72</Height></GUILayoutItem><GUILayoutItem><Name>Sequence_14</Name><X>584</X><Y>2048</Y><Width>120</Width><SpacingWidth>408</SpacingWidth><DescendantWidth>408</DescendantWidth><Height>96</Height></GUILayoutItem><GUILayoutItem><Name>ShowDeltaLevel</Name><X>592</X><Y>2064</Y><Width>104</Width><SpacingWidth>0</SpacingWidth><DescendantWidth>0</DescendantWidth><Height>72</Height></GUILayoutItem><GUILayoutItem><Name>Sequence_17</Name><X>512</X><Y>2184</Y><Width>120</Width><SpacingWidth>264</SpacingWidth><DescendantWidth>264</DescendantWidth><Height>96</Height></GUILayoutItem><GUILayoutItem><Name>For_Next_Loop_0</Name><X>520</X><Y>2200</Y><Width>104</Width><SpacingWidth>0</SpacingWidth><DescendantWidth>0</DescendantWidth><Height>72</Height></GUILayoutItem><GUILayoutItem><Name>Sequence_18</Name><X>440</X><Y>2320</Y><Width>120</Width><SpacingWidth>120</SpacingWidth><DescendantWidth>0</DescendantWidth><Height>96</Height></GUILayoutItem><GUILayoutItem><Name>Assign_Brackets</Name><X>448</X><Y>2336</Y><Width>104</Width><SpacingWidth>0</SpacingWidth><DescendantWidth>0</DescendantWidth><Height>72</Height></GUILayoutItem><GUILayoutItem><Name>Sequence_19</Name><X>584</X><Y>2320</Y><Width>120</Width><SpacingWidth>120</SpacingWidth><DescendantWidth>0</DescendantWidth><Height>96</Height></GUILayoutItem><GUILayoutItem><Name>Assign_Comma</Name><X>592</X><Y>2336</Y><Width>104</Width><SpacingWidth>0</SpacingWidth><DescendantWidth>0</DescendantWidth><Height>72</Height></GUILayoutItem><GUILayoutItem><Name>Sequence_15</Name><X>728</X><Y>2184</Y><Width>120</Width><SpacingWidth>120</SpacingWidth><DescendantWidth>0</DescendantWidth><Height>96</Height></GUILayoutItem><GUILayoutItem><Name>Add_Mid_2</Name><X>736</X><Y>2200</Y><Width>104</Width><SpacingWidth>0</SpacingWidth><DescendantWidth>0</DescendantWidth><Height>72</Height></GUILayoutItem><GUILayoutItem><Name>Sequence_20</Name><X>872</X><Y>1368</Y><Width>120</Width><SpacingWidth>120</SpacingWidth><DescendantWidth>120</DescendantWidth><Height>96</Height></GUILayoutItem><GUILayoutItem><Name>LastRec</Name><X>880</X><Y>1384</Y><Width>104</Width><SpacingWidth>0</SpacingWidth><DescendantWidth>0</DescendantWidth><Height>72</Height></GUILayoutItem><GUILayoutItem><Name>Sequence_28</Name><X>872</X><Y>1504</Y><Width>120</Width><SpacingWidth>120</SpacingWidth><DescendantWidth>120</DescendantWidth><Height>96</Height></GUILayoutItem><GUILayoutItem><Name>Loop2</Name><X>880</X><Y>1520</Y><Width>104</Width><SpacingWidth>0</SpacingWidth><DescendantWidth>0</DescendantWidth><Height>72</Height></GUILayoutItem><GUILayoutItem><Name>Sequence_29</Name><X>872</X><Y>1640</Y><Width>120</Width><SpacingWidth>120</SpacingWidth><DescendantWidth>120</DescendantWidth><Height>96</Height></GUILayoutItem><GUILayoutItem><Name>CloseItems2</Name><X>880</X><Y>1656</Y><Width>104</Width><SpacingWidth>0</SpacingWidth><DescendantWidth>0</DescendantWidth><Height>72</Height></GUILayoutItem><GUILayoutItem><Name>Sequence_30</Name><X>872</X><Y>1776</Y><Width>120</Width><SpacingWidth>120</SpacingWidth><DescendantWidth>0</DescendantWidth><Height>96</Height></GUILayoutItem><GUILayoutItem><Name>ShowLevels2</Name><X>880</X><Y>1792</Y><Width>104</Width><SpacingWidth>0</SpacingWidth><DescendantWidth>0</DescendantWidth><Height>72</Height></GUILayoutItem><GUILayoutItem><Name>Sequence_21</Name><X>8</X><Y>1232</Y><Width>120</Width><SpacingWidth>120</SpacingWidth><DescendantWidth>120</DescendantWidth><Height>96</Height></GUILayoutItem><GUILayoutItem><Name>OneRecOnly</Name><X>16</X><Y>1248</Y><Width>104</Width><SpacingWidth>0</SpacingWidth><DescendantWidth>0</DescendantWidth><Height>72</Height></GUILayoutItem><GUILayoutItem><Name>Sequence_22</Name><X>8</X><Y>1368</Y><Width>120</Width><SpacingWidth>120</SpacingWidth><DescendantWidth>0</DescendantWidth><Height>96</Height></GUILayoutItem><GUILayoutItem><Name>CloseBracket</Name><X>16</X><Y>1384</Y><Width>104</Width><SpacingWidth>0</SpacingWidth><DescendantWidth>0</DescendantWidth><Height>72</Height></GUILayoutItem><GUILayoutItem><Name>Sequence_23</Name><X>584</X><Y>144</Y><Width>120</Width><SpacingWidth>1272</SpacingWidth><DescendantWidth>1272</DescendantWidth><Height>96</Height></GUILayoutItem><GUILayoutItem><Name>Sequence_26</Name><X>1160</X><Y>416</Y><Width>120</Width><SpacingWidth>120</SpacingWidth><DescendantWidth>0</DescendantWidth><Height>96</Height></GUILayoutItem><GUILayoutItem><Name>Exception_Enabler_0</Name><X>592</X><Y>160</Y><Width>104</Width><SpacingWidth>0</SpacingWidth><DescendantWidth>0</DescendantWidth><Height>72</Height></GUILayoutItem><GUILayoutItem><Name>Sequence_25</Name><X>1160</X><Y>280</Y><Width>120</Width><SpacingWidth>120</SpacingWidth><DescendantWidth>120</DescendantWidth><Height>96</Height></GUILayoutItem><GUILayoutItem><Name>Catch_0</Name><X>1168</X><Y>296</Y><Width>104</Width><SpacingWidth>0</SpacingWidth><DescendantWidth>0</DescendantWidth><Height>72</Height></GUILayoutItem><GUILayoutItem><Name>Err_0</Name><X>1168</X><Y>432</Y><Width>104</Width><SpacingWidth>0</SpacingWidth><DescendantWidth>0</DescendantWidth><Height>72</Height></GUILayoutItem><GUILayoutItem><Name>getUnitsData</Name><X>520</X><Y>296</Y><Width>104</Width><SpacingWidth>0</SpacingWidth><DescendantWidth>0</DescendantWidth><Height>72</Height></GUILayoutItem><GUILayoutItem><Name>Sequence_27</Name><X>440</X><Y>824</Y><Width>120</Width><SpacingWidth>984</SpacingWidth><DescendantWidth>984</DescendantWidth><Height>96</Height></GUILayoutItem><GUILayoutItem><Name>get_AssignOpByWrkc</Name><X>448</X><Y>840</Y><Width>104</Width><SpacingWidth>0</SpacingWidth><DescendantWidth>0</DescendantWidth><Height>72</Height></GUILayoutItem></Layout><Actions><ContextItem><Name>ShowParam</Name><Description/><MinRange>0</MinRange><MaxRange>0</MaxRange><Value xsi:type="Tracer"><Message/><Level>INFO</Level></Value><ReadOnly>false</ReadOnly><AlertXMLAssigned>false</AlertXMLAssigned></ContextItem><ContextItem><Name>UnitData_Ok</Name><Description/><MinRange>0</MinRange><MaxRange>0</MaxRange><Value xsi:type="ConditionalAction"><Output>false</Output><InputCount>1</InputCount><LogicalAnd>false</LogicalAnd><Input1>false</Input1></Value><ReadOnly>false</ReadOnly><AlertXMLAssigned>false</AlertXMLAssigned></ContextItem><ContextItem><Name>Err_1</Name><Description/><MinRange>0</MinRange><MaxRange>0</MaxRange><Value xsi:type="Tracer"><Message/><Level>INFO</Level></Value><ReadOnly>false</ReadOnly><AlertXMLAssigned>false</AlertXMLAssigned></ContextItem><ContextItem><Name>RepeatOnRow</Name><Description/><MinRange>0</MinRange><MaxRange>0</MaxRange><Value xsi:type="RepeaterAction"><Output><ReferenceDocumentSource/>&lt;?xml version="1.0" encoding="UTF-8"?&gt;&lt;Row&gt;&lt;recordID&gt;268&lt;/recordID&gt;&lt;unitType&gt;3&lt;/unitType&gt;&lt;unitName&gt;TOLEDO&lt;/unitName&gt;&lt;unitDescr&gt;Assembly Plant&lt;/unitDescr&gt;&lt;idUnitParent&gt;0&lt;/idUnitParent&gt;&lt;unitActive&gt;1&lt;/unitActive&gt;&lt;src&gt;Common/img/check.png&lt;/src&gt;&lt;unitSqlServer&gt;---&lt;/unitSqlServer&gt;&lt;unitSAPID&gt;1006&lt;/unitSAPID&gt;&lt;unitMap&gt;---&lt;/unitMap&gt;&lt;ModifiedBy&gt;System&lt;/ModifiedBy&gt;&lt;ModifiedOn&gt;2017-01-17T12:29:00&lt;/ModifiedOn&gt;&lt;CreatedBy&gt;ZarKl&lt;/CreatedBy&gt;&lt;CreatedOn&gt;2017-01-12T00:00:00&lt;/CreatedOn&gt;&lt;Path&gt;1&lt;/Path&gt;&lt;grpCount&gt;0&lt;/grpCount&gt;&lt;Level&gt;1&lt;/Level&gt;&lt;SortOrder&gt;1&lt;/SortOrder&gt;&lt;unitID&gt;NA&lt;/unitID&gt;&lt;pcoAgentID&gt;NA&lt;/pcoAgentID&gt;&lt;sqlServerID&gt;NA&lt;/sqlServerID&gt;&lt;fileAgentID&gt;NA&lt;/fileAgentID&gt;&lt;revisionID&gt;NA&lt;/revisionID&gt;&lt;ModifiedBy&gt;---&lt;/ModifiedBy&gt;&lt;ModifiedOn&gt;TimeUnavailable&lt;/ModifiedOn&gt;&lt;CreatedBy&gt;---&lt;/CreatedBy&gt;&lt;CreatedOn&gt;TimeUnavailable&lt;/CreatedOn&gt;&lt;recordID&gt;3&lt;/recordID&gt;&lt;typeName&gt;PLANT&lt;/typeName&gt;&lt;typeDescription&gt;PLANT LEVEL&lt;/typeDescription&gt;&lt;typeActive&gt;1&lt;/typeActive&gt;&lt;sortOrder&gt;3&lt;/sortOrder&gt;&lt;idUnitParent&gt;2&lt;/idUnitParent&gt;&lt;ModifiedBy&gt;catalin&lt;/ModifiedBy&gt;&lt;ModifiedOn&gt;2016-05-11T11:50:47&lt;/ModifiedOn&gt;&lt;CreatedBy&gt;RadPa&lt;/CreatedBy&gt;&lt;CreatedOn&gt;2016-05-10T11:28:32&lt;/CreatedOn&gt;&lt;unitID&gt;NA&lt;/unitID&gt;&lt;routeID&gt;NA&lt;/routeID&gt;&lt;ModifiedBy&gt;---&lt;/ModifiedBy&gt;&lt;ModifiedOn&gt;TimeUnavailable&lt;/ModifiedOn&gt;&lt;CreatedBy&gt;---&lt;/CreatedBy&gt;&lt;CreatedOn&gt;TimeUnavailable&lt;/CreatedOn&gt;&lt;recordID&gt;NA&lt;/recordID&gt;&lt;routeName&gt;---&lt;/routeName&gt;&lt;routeSAPID&gt;---&lt;/routeSAPID&gt;&lt;routeDesc&gt;---&lt;/routeDesc&gt;&lt;recordID&gt;NA&lt;/recordID&gt;&lt;serverName&gt;---&lt;/serverName&gt;&lt;serverConnection&gt;---&lt;/serverConnection&gt;&lt;serverActive&gt;NA&lt;/serverActive&gt;&lt;serverLastGoodResponse&gt;TimeUnavailable&lt;/serverLastGoodResponse&gt;&lt;serverLastBadResponse&gt;TimeUnavailable&lt;/serverLastBadResponse&gt;&lt;serverLastRespMessage&gt;---&lt;/serverLastRespMessage&gt;&lt;sortOrder&gt;NA&lt;/sortOrder&gt;&lt;ModifiedBy&gt;---&lt;/ModifiedBy&gt;&lt;ModifiedOn&gt;TimeUnavailable&lt;/ModifiedOn&gt;&lt;CreatedBy&gt;---&lt;/CreatedBy&gt;&lt;CreatedOn&gt;TimeUnavailable&lt;/CreatedOn&gt;&lt;childID&gt;0&lt;/childID&gt;&lt;/Row&gt;</Output><Break>false</Break><ItemCount>0</ItemCount><CurrentItem>0</CurrentItem><Source>getUnitsData.Results{/Rowsets/Rowset/Row}</Source><Item><ReferenceDocumentSource/>&lt;?xml version="1.0" encoding="UTF-8"?&gt;&lt;Row&gt;&lt;recordID&gt;268&lt;/recordID&gt;&lt;unitType&gt;3&lt;/unitType&gt;&lt;unitName&gt;TOLEDO&lt;/unitName&gt;&lt;unitDescr&gt;Assembly Plant&lt;/unitDescr&gt;&lt;idUnitParent&gt;0&lt;/idUnitParent&gt;&lt;unitActive&gt;1&lt;/unitActive&gt;&lt;src&gt;Common/img/check.png&lt;/src&gt;&lt;unitSqlServer&gt;---&lt;/unitSqlServer&gt;&lt;unitSAPID&gt;1006&lt;/unitSAPID&gt;&lt;unitMap&gt;---&lt;/unitMap&gt;&lt;ModifiedBy&gt;System&lt;/ModifiedBy&gt;&lt;ModifiedOn&gt;2017-01-17T12:29:00&lt;/ModifiedOn&gt;&lt;CreatedBy&gt;ZarKl&lt;/CreatedBy&gt;&lt;CreatedOn&gt;2017-01-12T00:00:00&lt;/CreatedOn&gt;&lt;Path&gt;1&lt;/Path&gt;&lt;grpCount&gt;0&lt;/grpCount&gt;&lt;Level&gt;1&lt;/Level&gt;&lt;SortOrder&gt;1&lt;/SortOrder&gt;&lt;unitID&gt;NA&lt;/unitID&gt;&lt;pcoAgentID&gt;NA&lt;/pcoAgentID&gt;&lt;sqlServerID&gt;NA&lt;/sqlServerID&gt;&lt;fileAgentID&gt;NA&lt;/fileAgentID&gt;&lt;revisionID&gt;NA&lt;/revisionID&gt;&lt;ModifiedBy&gt;---&lt;/ModifiedBy&gt;&lt;ModifiedOn&gt;TimeUnavailable&lt;/ModifiedOn&gt;&lt;CreatedBy&gt;---&lt;/CreatedBy&gt;&lt;CreatedOn&gt;TimeUnavailable&lt;/CreatedOn&gt;&lt;recordID&gt;3&lt;/recordID&gt;&lt;typeName&gt;PLANT&lt;/typeName&gt;&lt;typeDescription&gt;PLANT LEVEL&lt;/typeDescription&gt;&lt;typeActive&gt;1&lt;/typeActive&gt;&lt;sortOrder&gt;3&lt;/sortOrder&gt;&lt;idUnitParent&gt;2&lt;/idUnitParent&gt;&lt;ModifiedBy&gt;catalin&lt;/ModifiedBy&gt;&lt;ModifiedOn&gt;2016-05-11T11:50:47&lt;/ModifiedOn&gt;&lt;CreatedBy&gt;RadPa&lt;/CreatedBy&gt;&lt;CreatedOn&gt;2016-05-10T11:28:32&lt;/CreatedOn&gt;&lt;unitID&gt;NA&lt;/unitID&gt;&lt;routeID&gt;NA&lt;/routeID&gt;&lt;ModifiedBy&gt;---&lt;/ModifiedBy&gt;&lt;ModifiedOn&gt;TimeUnavailable&lt;/ModifiedOn&gt;&lt;CreatedBy&gt;---&lt;/CreatedBy&gt;&lt;CreatedOn&gt;TimeUnavailable&lt;/CreatedOn&gt;&lt;recordID&gt;NA&lt;/recordID&gt;&lt;routeName&gt;---&lt;/routeName&gt;&lt;routeSAPID&gt;---&lt;/routeSAPID&gt;&lt;routeDesc&gt;---&lt;/routeDesc&gt;&lt;recordID&gt;NA&lt;/recordID&gt;&lt;serverName&gt;---&lt;/serverName&gt;&lt;serverConnection&gt;---&lt;/serverConnection&gt;&lt;serverActive&gt;NA&lt;/serverActive&gt;&lt;serverLastGoodResponse&gt;TimeUnavailable&lt;/serverLastGoodResponse&gt;&lt;serverLastBadResponse&gt;TimeUnavailable&lt;/serverLastBadResponse&gt;&lt;serverLastRespMessage&gt;---&lt;/serverLastRespMessage&gt;&lt;sortOrder&gt;NA&lt;/sortOrder&gt;&lt;ModifiedBy&gt;---&lt;/ModifiedBy&gt;&lt;ModifiedOn&gt;TimeUnavailable&lt;/ModifiedOn&gt;&lt;CreatedBy&gt;---&lt;/CreatedBy&gt;&lt;CreatedOn&gt;TimeUnavailable&lt;/CreatedOn&gt;&lt;childID&gt;0&lt;/childID&gt;&lt;/Row&gt;</Item></Value><SchemaURI/><SchemaElement/><ValidateXMLOnExecution>1</ValidateXMLOnExecution><SchemaURI/><SchemaElement/><ValidateXMLOnExecution>1</ValidateXMLOnExecution><ReadOnly>false</ReadOnly><AlertXMLAssigned>false</AlertXMLAssigned></ContextItem><ContextItem><Name>ShowRow</Name><Description/><MinRange>0</MinRange><MaxRange>0</MaxRange><Value xsi:type="Tracer"><Message/><Level>INFO</Level></Value><ReadOnly>false</ReadOnly><AlertXMLAssigned>false</AlertXMLAssigned></ContextItem><ContextItem><Name>Assign_HC_OUT</Name><Description/><MinRange>0</MinRange><MaxRange>0</MaxRange><Value xsi:type="Assignment"/><ReadOnly>false</ReadOnly><AlertXMLAssigned>false</AlertXMLAssigned></ContextItem><ContextItem><Name>ShowHCOutput</Name><Description/><MinRange>0</MinRange><MaxRange>0</MaxRange><Value xsi:type="Tracer"><Message/><Level>INFO</Level></Value><ReadOnly>false</ReadOnly><AlertXMLAssigned>false</AlertXMLAssigned></ContextItem><ContextItem><Name>FirstRec</Name><Description/><MinRange>0</MinRange><MaxRange>0</MaxRange><Value xsi:type="ConditionalAction"><Output>false</Output><InputCount>1</InputCount><LogicalAnd>false</LogicalAnd><Input1>false</Input1></Value><ReadOnly>false</ReadOnly><AlertXMLAssigned>false</AlertXMLAssigned></ContextItem><ContextItem><Name>AssignFirst</Name><Description/><MinRange>0</MinRange><MaxRange>0</MaxRange><Value xsi:type="Assignment"/><ReadOnly>false</ReadOnly><AlertXMLAssigned>false</AlertXMLAssigned></ContextItem><ContextItem><Name>AssignLevel</Name><Description/><MinRange>0</MinRange><MaxRange>0</MaxRange><Value xsi:type="Assignment"/><ReadOnly>false</ReadOnly><AlertXMLAssigned>false</AlertXMLAssigned></ContextItem><ContextItem><Name>ShowLevel</Name><Description/><MinRange>0</MinRange><MaxRange>0</MaxRange><Value xsi:type="Tracer"><Message/><Level>INFO</Level></Value><ReadOnly>false</ReadOnly><AlertXMLAssigned>false</AlertXMLAssigned></ContextItem><ContextItem><Name>Assign_Item</Name><Description/><MinRange>0</MinRange><MaxRange>0</MaxRange><Value xsi:type="Assignment"/><ReadOnly>false</ReadOnly><AlertXMLAssigned>false</AlertXMLAssigned></ContextItem><ContextItem><Name>TMP_GT_LVL</Name><Description/><MinRange>0</MinRange><MaxRange>0</MaxRange><Value xsi:type="ConditionalAction"><Output>false</Output><InputCount>1</InputCount><LogicalAnd>false</LogicalAnd><Input1>false</Input1></Value><ReadOnly>false</ReadOnly><AlertXMLAssigned>false</AlertXMLAssigned></ContextItem><ContextItem><Name>Add_Mid_0</Name><Description/><MinRange>0</MinRange><MaxRange>0</MaxRange><Value xsi:type="Assignment"/><ReadOnly>false</ReadOnly><AlertXMLAssigned>false</AlertXMLAssigned></ContextItem><ContextItem><Name>TMP_EQ_LVL</Name><Description/><MinRange>0</MinRange><MaxRange>0</MaxRange><Value xsi:type="ConditionalAction"><Output>false</Output><InputCount>1</InputCount><LogicalAnd>false</LogicalAnd><Input1>false</Input1></Value><ReadOnly>false</ReadOnly><AlertXMLAssigned>false</AlertXMLAssigned></ContextItem><ContextItem><Name>Add_Mid_1</Name><Description/><MinRange>0</MinRange><MaxRange>0</MaxRange><Value xsi:type="Assignment"/><ReadOnly>false</ReadOnly><AlertXMLAssigned>false</AlertXMLAssigned></ContextItem><ContextItem><Name>ResetBrackets</Name><Description/><MinRange>0</MinRange><MaxRange>0</MaxRange><Value xsi:type="Assignment"/><ReadOnly>false</ReadOnly><AlertXMLAssigned>false</AlertXMLAssigned></ContextItem><ContextItem><Name>Assign_DeltaLevel</Name><Description/><MinRange>0</MinRange><MaxRange>0</MaxRange><Value xsi:type="Assignment"/><ReadOnly>false</ReadOnly><AlertXMLAssigned>false</AlertXMLAssigned></ContextItem><ContextItem><Name>ShowDeltaLevel</Name><Description/><MinRange>0</MinRange><MaxRange>0</MaxRange><Value xsi:type="Tracer"><Message/><Level>INFO</Level></Value><ReadOnly>false</ReadOnly><AlertXMLAssigned>false</AlertXMLAssigned></ContextItem><ContextItem><Name>For_Next_Loop_0</Name><Description/><MinRange>0</MinRange><MaxRange>0</MaxRange><Value xsi:type="ForNextRepeaterAction"><From>0</From><To>0</To><Step>1</Step><Break>false</Break><CurrentItem>0</CurrentItem></Value><ReadOnly>false</ReadOnly><AlertXMLAssigned>false</AlertXMLAssigned></ContextItem><ContextItem><Name>Assign_Brackets</Name><Description/><MinRange>0</MinRange><MaxRange>0</MaxRange><Value xsi:type="Assignment"/><ReadOnly>false</ReadOnly><AlertXMLAssigned>false</AlertXMLAssigned></ContextItem><ContextItem><Name>Assign_Comma</Name><Description/><MinRange>0</MinRange><MaxRange>0</MaxRange><Value xsi:type="Assignment"/><ReadOnly>false</ReadOnly><AlertXMLAssigned>false</AlertXMLAssigned></ContextItem><ContextItem><Name>Add_Mid_2</Name><Description/><MinRange>0</MinRange><MaxRange>0</MaxRange><Value xsi:type="Assignment"/><ReadOnly>false</ReadOnly><AlertXMLAssigned>false</AlertXMLAssigned></ContextItem><ContextItem><Name>LastRec</Name><Description/><MinRange>0</MinRange><MaxRange>0</MaxRange><Value xsi:type="ConditionalAction"><Output>false</Output><InputCount>1</InputCount><LogicalAnd>false</LogicalAnd><Input1>false</Input1></Value><ReadOnly>false</ReadOnly><AlertXMLAssigned>false</AlertXMLAssigned></ContextItem><ContextItem><Name>Loop2</Name><Description/><MinRange>0</MinRange><MaxRange>0</MaxRange><Value xsi:type="ForNextRepeaterAction"><From>0</From><To>0</To><Step>1</Step><Break>false</Break><CurrentItem>0</CurrentItem></Value><ReadOnly>false</ReadOnly><AlertXMLAssigned>false</AlertXMLAssigned></ContextItem><ContextItem><Name>CloseItems2</Name><Description/><MinRange>0</MinRange><MaxRange>0</MaxRange><Value xsi:type="Assignment"/><ReadOnly>false</ReadOnly><AlertXMLAssigned>false</AlertXMLAssigned></ContextItem><ContextItem><Name>ShowLevels2</Name><Description/><MinRange>0</MinRange><MaxRange>0</MaxRange><Value xsi:type="Tracer"><Message/><Level>INFO</Level></Value><ReadOnly>false</ReadOnly><AlertXMLAssigned>false</AlertXMLAssigned></ContextItem><ContextItem><Name>OneRecOnly</Name><Description/><MinRange>0</MinRange><MaxRange>0</MaxRange><Value xsi:type="ConditionalAction"><Output>false</Output><InputCount>1</InputCount><LogicalAnd>false</LogicalAnd><Input1>false</Input1></Value><ReadOnly>false</ReadOnly><AlertXMLAssigned>false</AlertXMLAssigned></ContextItem><ContextItem><Name>CloseBracket</Name><Description/><MinRange>0</MinRange><MaxRange>0</MaxRange><Value xsi:type="Assignment"/><ReadOnly>false</ReadOnly><AlertXMLAssigned>false</AlertXMLAssigned></ContextItem><ContextItem><Name>Exception_Enabler_0</Name><Description/><MinRange>0</MinRange><MaxRange>0</MaxRange><Value xsi:type="ExceptionEnabler"><EnableActionExceptions>true</EnableActionExceptions><EnableLinkExceptions>true</EnableLinkExceptions></Value><ReadOnly>false</ReadOnly><AlertXMLAssigned>false</AlertXMLAssigned></ContextItem><ContextItem><Name>Catch_0</Name><Description/><MinRange>0</MinRange><MaxRange>0</MaxRange><Value xsi:type="CatchAction"/><ReadOnly>false</ReadOnly><AlertXMLAssigned>false</AlertXMLAssigned></ContextItem><ContextItem><Name>Err_0</Name><Description/><MinRange>0</MinRange><MaxRange>0</MaxRange><Value xsi:type="Tracer"><Message/><Level>INFO</Level></Value><ReadOnly>false</ReadOnly><AlertXMLAssigned>false</AlertXMLAssigned></ContextItem><ContextItem><Name>getUnitsData</Name><Description/><MinRange>0</MinRange><MaxRange>0</MaxRange><Value xsi:type="IlluminatorSQLQueryObject"><Timeout>60</Timeout><QueryParameters/><QueryTemplate>MESM/MANAGEMENT/QUERIES/getUnitsTree</QueryTemplate><QueryStartDate>2015-10-05T11:23:28</QueryStartDate><QueryEndDate>2015-10-05T11:23:28</QueryEndDate><SQLTransaction/><Results><ReferenceDocumentSource/>&lt;?xml version="1.0" encoding="UTF-8"?&gt;&lt;Rowsets CachedTime="" DateCreated="2017-01-31T13:22:28" EndDate="2017-01-31T13:22:28" StartDate="2017-01-31T12:22:28" Version="15.0 SP7 Patch 12 (Sep 7, 2016)"&gt;&lt;Rowset&gt;&lt;Columns&gt;&lt;Column Description="recordID" MaxRange="1" MinRange="0" Name="recordID" SQLDataType="-5" SourceColumn="recordID"/&gt;&lt;Column Description="unitType" MaxRange="1" MinRange="0" Name="unitType" SQLDataType="4" SourceColumn="unitType"/&gt;&lt;Column Description="unitName" MaxRange="1" MinRange="0" Name="unitName" SQLDataType="-9" SourceColumn="unitName"/&gt;&lt;Column Description="unitDescr" MaxRange="1" MinRange="0" Name="unitDescr" SQLDataType="-9" SourceColumn="unitDescr"/&gt;&lt;Column Description="idUnitParent" MaxRange="1" MinRange="0" Name="idUnitParent" SQLDataType="4" SourceColumn="idUnitParent"/&gt;&lt;Column Description="unitActive" MaxRange="1" MinRange="0" Name="unitActive" SQLDataType="4" SourceColumn="unitActive"/&gt;&lt;Column Description="src" MaxRange="1" MinRange="0" Name="src" SQLDataType="12" SourceColumn="src"/&gt;&lt;Column Description="unitSqlServer" MaxRange="1" MinRange="0" Name="unitSqlServer" SQLDataType="-9" SourceColumn="unitSqlServer"/&gt;&lt;Column Description="unitSAPID" MaxRange="1" MinRange="0" Name="unitSAPID" SQLDataType="-9" SourceColumn="unitSAPID"/&gt;&lt;Column Description="unitMap" MaxRange="1" MinRange="0" Name="unitMap" SQLDataType="-9" SourceColumn="unitMap"/&gt;&lt;Column Description="ModifiedBy" MaxRange="1" MinRange="0" Name="ModifiedBy" SQLDataType="-9" SourceColumn="ModifiedBy"/&gt;&lt;Column Description="ModifiedOn" MaxRange="1" MinRange="0" Name="ModifiedOn" SQLDataType="93" SourceColumn="ModifiedOn"/&gt;&lt;Column Description="CreatedBy" MaxRange="1" MinRange="0" Name="CreatedBy" SQLDataType="-9" SourceColumn="CreatedBy"/&gt;&lt;Column Description="CreatedOn" MaxRange="1" MinRange="0" Name="CreatedOn" SQLDataType="93" SourceColumn="CreatedOn"/&gt;&lt;Column Description="Path" MaxRange="1" MinRange="0" Name="Path" SQLDataType="12" SourceColumn="Path"/&gt;&lt;Column Description="grpCount" MaxRange="1" MinRange="0" Name="grpCount" SQLDataType="4" SourceColumn="grpCount"/&gt;&lt;Column Description="Level" MaxRange="1" MinRange="0" Name="Level" SQLDataType="4" SourceColumn="Level"/&gt;&lt;Column Description="SortOrder" MaxRange="1" MinRange="0" Name="SortOrder" SQLDataType="2" SourceColumn="SortOrder"/&gt;&lt;Column Description="unitID" MaxRange="1" MinRange="0" Name="unitID" SQLDataType="4" SourceColumn="unitID"/&gt;&lt;Column Description="pcoAgentID" MaxRange="1" MinRange="0" Name="pcoAgentID" SQLDataType="4" SourceColumn="pcoAgentID"/&gt;&lt;Column Description="sqlServerID" MaxRange="1" MinRange="0" Name="sqlServerID" SQLDataType="4" SourceColumn="sqlServerID"/&gt;&lt;Column Description="fileAgentID" MaxRange="1" MinRange="0" Name="fileAgentID" SQLDataType="4" SourceColumn="fileAgentID"/&gt;&lt;Column Description="revisionID" MaxRange="1" MinRange="0" Name="revisionID" SQLDataType="4" SourceColumn="revisionID"/&gt;&lt;Column Description="ModifiedBy" MaxRange="1" MinRange="0" Name="ModifiedBy" SQLDataType="-9" SourceColumn="ModifiedBy"/&gt;&lt;Column Description="ModifiedOn" MaxRange="1" MinRange="0" Name="ModifiedOn" SQLDataType="93" SourceColumn="ModifiedOn"/&gt;&lt;Column Description="CreatedBy" MaxRange="1" MinRange="0" Name="CreatedBy" SQLDataType="-9" SourceColumn="CreatedBy"/&gt;&lt;Column Description="CreatedOn" MaxRange="1" MinRange="0" Name="CreatedOn" SQLDataType="93" SourceColumn="CreatedOn"/&gt;&lt;Column Description="recordID" MaxRange="1" MinRange="0" Name="recordID" SQLDataType="-5" SourceColumn="recordID"/&gt;&lt;Column Description="typeName" MaxRange="1" MinRange="0" Name="typeName" SQLDataType="-9" SourceColumn="typeName"/&gt;&lt;Column Description="typeDescription" MaxRange="1" MinRange="0" Name="typeDescription" SQLDataType="-9" SourceColumn="typeDescription"/&gt;&lt;Column Description="typeActive" MaxRange="1" MinRange="0" Name="typeActive" SQLDataType="4" SourceColumn="typeActive"/&gt;&lt;Column Description="sortOrder" MaxRange="1" MinRange="0" Name="sortOrder" SQLDataType="4" SourceColumn="sortOrder"/&gt;&lt;Column Description="idUnitParent" MaxRange="1" MinRange="0" Name="idUnitParent" SQLDataType="4" SourceColumn="idUnitParent"/&gt;&lt;Column Description="ModifiedBy" MaxRange="1" MinRange="0" Name="ModifiedBy" SQLDataType="-9" SourceColumn="ModifiedBy"/&gt;&lt;Column Description="ModifiedOn" MaxRange="1" MinRange="0" Name="ModifiedOn" SQLDataType="93" SourceColumn="ModifiedOn"/&gt;&lt;Column Description="CreatedBy" MaxRange="1" MinRange="0" Name="CreatedBy" SQLDataType="-9" SourceColumn="CreatedBy"/&gt;&lt;Column Description="CreatedOn" MaxRange="1" MinRange="0" Name="CreatedOn" SQLDataType="93" SourceColumn="CreatedOn"/&gt;&lt;Column Description="unitID" MaxRange="1" MinRange="0" Name="unitID" SQLDataType="4" SourceColumn="unitID"/&gt;&lt;Column Description="routeID" MaxRange="1" MinRange="0" Name="routeID" SQLDataType="4" SourceColumn="routeID"/&gt;&lt;Column Description="ModifiedBy" MaxRange="1" MinRange="0" Name="ModifiedBy" SQLDataType="-9" SourceColumn="ModifiedBy"/&gt;&lt;Column Description="ModifiedOn" MaxRange="1" MinRange="0" Name="ModifiedOn" SQLDataType="93" SourceColumn="ModifiedOn"/&gt;&lt;Column Description="CreatedBy" MaxRange="1" MinRange="0" Name="CreatedBy" SQLDataType="-9" SourceColumn="CreatedBy"/&gt;&lt;Column Description="CreatedOn" MaxRange="1" MinRange="0" Name="CreatedOn" SQLDataType="93" SourceColumn="CreatedOn"/&gt;&lt;Column Description="recordID" MaxRange="1" MinRange="0" Name="recordID" SQLDataType="-5" SourceColumn="recordID"/&gt;&lt;Column Description="routeName" MaxRange="1" MinRange="0" Name="routeName" SQLDataType="12" SourceColumn="routeName"/&gt;&lt;Column Description="routeSAPID" MaxRange="1" MinRange="0" Name="routeSAPID" SQLDataType="12" SourceColumn="routeSAPID"/&gt;&lt;Column Description="routeDesc" MaxRange="1" MinRange="0" Name="routeDesc" SQLDataType="12" SourceColumn="routeDesc"/&gt;&lt;Column Description="recordID" MaxRange="1" MinRange="0" Name="recordID" SQLDataType="-5" SourceColumn="recordID"/&gt;&lt;Column Description="serverName" MaxRange="1" MinRange="0" Name="serverName" SQLDataType="-9" SourceColumn="serverName"/&gt;&lt;Column Description="serverConnection" MaxRange="1" MinRange="0" Name="serverConnection" SQLDataType="-9" SourceColumn="serverConnection"/&gt;&lt;Column Description="serverActive" MaxRange="1" MinRange="0" Name="serverActive" SQLDataType="4" SourceColumn="serverActive"/&gt;&lt;Column Description="serverLastGoodResponse" MaxRange="1" MinRange="0" Name="serverLastGoodResponse" SQLDataType="93" SourceColumn="serverLastGoodResponse"/&gt;&lt;Column Description="serverLastBadResponse" MaxRange="1" MinRange="0" Name="serverLastBadResponse" SQLDataType="93" SourceColumn="serverLastBadResponse"/&gt;&lt;Column Description="serverLastRespMessage" MaxRange="1" MinRange="0" Name="serverLastRespMessage" SQLDataType="-9" SourceColumn="serverLastRespMessage"/&gt;&lt;Column Description="sortOrder" MaxRange="1" MinRange="0" Name="sortOrder" SQLDataType="-5" SourceColumn="sortOrder"/&gt;&lt;Column Description="ModifiedBy" MaxRange="1" MinRange="0" Name="ModifiedBy" SQLDataType="-9" SourceColumn="ModifiedBy"/&gt;&lt;Column Description="ModifiedOn" MaxRange="1" MinRange="0" Name="ModifiedOn" SQLDataType="93" SourceColumn="ModifiedOn"/&gt;&lt;Column Description="CreatedBy" MaxRange="1" MinRange="0" Name="CreatedBy" SQLDataType="-9" SourceColumn="CreatedBy"/&gt;&lt;Column Description="CreatedOn" MaxRange="1" MinRange="0" Name="CreatedOn" SQLDataType="93" SourceColumn="CreatedOn"/&gt;&lt;Column Description="childID" MaxRange="1" MinRange="0" Name="childID" SQLDataType="-5" SourceColumn="childID"/&gt;&lt;/Columns&gt;&lt;Row&gt;&lt;recordID&gt;268&lt;/recordID&gt;&lt;unitType&gt;3&lt;/unitType&gt;&lt;unitName&gt;TOLEDO&lt;/unitName&gt;&lt;unitDescr&gt;Assembly Plant&lt;/unitDescr&gt;&lt;idUnitParent&gt;0&lt;/idUnitParent&gt;&lt;unitActive&gt;1&lt;/unitActive&gt;&lt;src&gt;Common/img/check.png&lt;/src&gt;&lt;unitSqlServer&gt;---&lt;/unitSqlServer&gt;&lt;unitSAPID&gt;1006&lt;/unitSAPID&gt;&lt;unitMap&gt;---&lt;/unitMap&gt;&lt;ModifiedBy&gt;System&lt;/ModifiedBy&gt;&lt;ModifiedOn&gt;2017-01-17T12:29:00&lt;/ModifiedOn&gt;&lt;CreatedBy&gt;ZarKl&lt;/CreatedBy&gt;&lt;CreatedOn&gt;2017-01-12T00:00:00&lt;/CreatedOn&gt;&lt;Path&gt;1&lt;/Path&gt;&lt;grpCount&gt;0&lt;/grpCount&gt;&lt;Level&gt;1&lt;/Level&gt;&lt;SortOrder&gt;1&lt;/SortOrder&gt;&lt;unitID&gt;NA&lt;/unitID&gt;&lt;pcoAgentID&gt;NA&lt;/pcoAgentID&gt;&lt;sqlServerID&gt;NA&lt;/sqlServerID&gt;&lt;fileAgentID&gt;NA&lt;/fileAgentID&gt;&lt;revisionID&gt;NA&lt;/revisionID&gt;&lt;ModifiedBy&gt;---&lt;/ModifiedBy&gt;&lt;ModifiedOn&gt;TimeUnavailable&lt;/ModifiedOn&gt;&lt;CreatedBy&gt;---&lt;/CreatedBy&gt;&lt;CreatedOn&gt;TimeUnavailable&lt;/CreatedOn&gt;&lt;recordID&gt;3&lt;/recordID&gt;&lt;typeName&gt;PLANT&lt;/typeName&gt;&lt;typeDescription&gt;PLANT LEVEL&lt;/typeDescription&gt;&lt;typeActive&gt;1&lt;/typeActive&gt;&lt;sortOrder&gt;3&lt;/sortOrder&gt;&lt;idUnitParent&gt;2&lt;/idUnitParent&gt;&lt;ModifiedBy&gt;catalin&lt;/ModifiedBy&gt;&lt;ModifiedOn&gt;2016-05-11T11:50:47&lt;/ModifiedOn&gt;&lt;CreatedBy&gt;RadPa&lt;/CreatedBy&gt;&lt;CreatedOn&gt;2016-05-10T11:28:32&lt;/CreatedOn&gt;&lt;unitID&gt;NA&lt;/unitID&gt;&lt;routeID&gt;NA&lt;/routeID&gt;&lt;ModifiedBy&gt;---&lt;/ModifiedBy&gt;&lt;ModifiedOn&gt;TimeUnavailable&lt;/ModifiedOn&gt;&lt;CreatedBy&gt;---&lt;/CreatedBy&gt;&lt;CreatedOn&gt;TimeUnavailable&lt;/CreatedOn&gt;&lt;recordID&gt;NA&lt;/recordID&gt;&lt;routeName&gt;---&lt;/routeName&gt;&lt;routeSAPID&gt;---&lt;/routeSAPID&gt;&lt;routeDesc&gt;---&lt;/routeDesc&gt;&lt;recordID&gt;NA&lt;/recordID&gt;&lt;serverName&gt;---&lt;/serverName&gt;&lt;serverConnection&gt;---&lt;/serverConnection&gt;&lt;serverActive&gt;NA&lt;/serverActive&gt;&lt;serverLastGoodResponse&gt;TimeUnavailable&lt;/serverLastGoodResponse&gt;&lt;serverLastBadResponse&gt;TimeUnavailable&lt;/serverLastBadResponse&gt;&lt;serverLastRespMessage&gt;---&lt;/serverLastRespMessage&gt;&lt;sortOrder&gt;NA&lt;/sortOrder&gt;&lt;ModifiedBy&gt;---&lt;/ModifiedBy&gt;&lt;ModifiedOn&gt;TimeUnavailable&lt;/ModifiedOn&gt;&lt;CreatedBy&gt;---&lt;/CreatedBy&gt;&lt;CreatedOn&gt;TimeUnavailable&lt;/CreatedOn&gt;&lt;childID&gt;0&lt;/childID&gt;&lt;/Row&gt;&lt;Row&gt;&lt;recordID&gt;279&lt;/recordID&gt;&lt;unitType&gt;4&lt;/unitType&gt;&lt;unitName&gt;ALL ASSY&lt;/unitName&gt;&lt;unitDescr&gt;ALL ASSY - DEPARTMENT&lt;/unitDescr&gt;&lt;idUnitParent&gt;268&lt;/idUnitParent&gt;&lt;unitActive&gt;1&lt;/unitActive&gt;&lt;src&gt;Common/img/check.png&lt;/src&gt;&lt;unitSqlServer&gt;MESM&lt;/unitSqlServer&gt;&lt;unitSAPID&gt;1006&lt;/unitSAPID&gt;&lt;unitMap&gt;ALL ASSY&lt;/unitMap&gt;&lt;ModifiedBy&gt;ZarKl&lt;/ModifiedBy&gt;&lt;ModifiedOn&gt;2017-01-18T15:12:05&lt;/ModifiedOn&gt;&lt;CreatedBy&gt;ZarKl&lt;/CreatedBy&gt;&lt;CreatedOn&gt;2017-01-18T09:01:10&lt;/CreatedOn&gt;&lt;Path&gt;1-1&lt;/Path&gt;&lt;grpCount&gt;1&lt;/grpCount&gt;&lt;Level&gt;2&lt;/Level&gt;&lt;SortOrder&gt;1.0001&lt;/SortOrder&gt;&lt;unitID&gt;NA&lt;/unitID&gt;&lt;pcoAgentID&gt;NA&lt;/pcoAgentID&gt;&lt;sqlServerID&gt;NA&lt;/sqlServerID&gt;&lt;fileAgentID&gt;NA&lt;/fileAgentID&gt;&lt;revisionID&gt;NA&lt;/revisionID&gt;&lt;ModifiedBy&gt;---&lt;/ModifiedBy&gt;&lt;ModifiedOn&gt;TimeUnavailable&lt;/ModifiedOn&gt;&lt;CreatedBy&gt;---&lt;/CreatedBy&gt;&lt;CreatedOn&gt;TimeUnavailable&lt;/CreatedOn&gt;&lt;recordID&gt;4&lt;/recordID&gt;&lt;typeName&gt;DEPARTMENT&lt;/typeName&gt;&lt;typeDescription&gt;DEPARTMENT LEVEL&lt;/typeDescription&gt;&lt;typeActive&gt;1&lt;/typeActive&gt;&lt;sortOrder&gt;4&lt;/sortOrder&gt;&lt;idUnitParent&gt;3&lt;/idUnitParent&gt;&lt;ModifiedBy&gt;RadPa&lt;/ModifiedBy&gt;&lt;ModifiedOn&gt;2016-05-10T11:31:01&lt;/ModifiedOn&gt;&lt;CreatedBy&gt;RadPa&lt;/CreatedBy&gt;&lt;CreatedOn&gt;2016-05-10T11:28:52&lt;/CreatedOn&gt;&lt;unitID&gt;279&lt;/unitID&gt;&lt;routeID&gt;0&lt;/routeID&gt;&lt;ModifiedBy&gt;ZarKl&lt;/ModifiedBy&gt;&lt;ModifiedOn&gt;2017-01-18T15:12:05&lt;/ModifiedOn&gt;&lt;CreatedBy&gt;ZarKl&lt;/CreatedBy&gt;&lt;CreatedOn&gt;2017-01-18T09:01:10&lt;/CreatedOn&gt;&lt;recordID&gt;NA&lt;/recordID&gt;&lt;routeName&gt;---&lt;/routeName&gt;&lt;routeSAPID&gt;---&lt;/routeSAPID&gt;&lt;routeDesc&gt;---&lt;/routeDesc&gt;&lt;recordID&gt;NA&lt;/recordID&gt;&lt;serverName&gt;---&lt;/serverName&gt;&lt;serverConnection&gt;---&lt;/serverConnection&gt;&lt;serverActive&gt;NA&lt;/serverActive&gt;&lt;serverLastGoodResponse&gt;TimeUnavailable&lt;/serverLastGoodResponse&gt;&lt;serverLastBadResponse&gt;TimeUnavailable&lt;/serverLastBadResponse&gt;&lt;serverLastRespMessage&gt;---&lt;/serverLastRespMessage&gt;&lt;sortOrder&gt;NA&lt;/sortOrder&gt;&lt;ModifiedBy&gt;---&lt;/ModifiedBy&gt;&lt;ModifiedOn&gt;TimeUnavailable&lt;/ModifiedOn&gt;&lt;CreatedBy&gt;---&lt;/CreatedBy&gt;&lt;CreatedOn&gt;TimeUnavailable&lt;/CreatedOn&gt;&lt;childID&gt;0&lt;/childID&gt;&lt;/Row&gt;&lt;Row&gt;&lt;recordID&gt;269&lt;/recordID&gt;&lt;unitType&gt;5&lt;/unitType&gt;&lt;unitName&gt;ALL ASSY&lt;/unitName&gt;&lt;unitDescr&gt;ALL ASSY&lt;/unitDescr&gt;&lt;idUnitParent&gt;279&lt;/idUnitParent&gt;&lt;unitActive&gt;1&lt;/unitActive&gt;&lt;src&gt;Common/img/check.png&lt;/src&gt;&lt;unitSqlServer&gt;MESM&lt;/unitSqlServer&gt;&lt;unitSAPID&gt;1006&lt;/unitSAPID&gt;&lt;unitMap&gt;ALL ASSY&lt;/unitMap&gt;&lt;ModifiedBy&gt;ZarKl&lt;/ModifiedBy&gt;&lt;ModifiedOn&gt;2017-01-18T09:01:24&lt;/ModifiedOn&gt;&lt;CreatedBy&gt;ZarKl&lt;/CreatedBy&gt;&lt;CreatedOn&gt;2017-01-17T13:29:42&lt;/CreatedOn&gt;&lt;Path&gt;1-1-1&lt;/Path&gt;&lt;grpCount&gt;1&lt;/grpCount&gt;&lt;Level&gt;3&lt;/Level&gt;&lt;SortOrder&gt;1.000101&lt;/SortOrder&gt;&lt;unitID&gt;NA&lt;/unitID&gt;&lt;pcoAgentID&gt;NA&lt;/pcoAgentID&gt;&lt;sqlServerID&gt;NA&lt;/sqlServerID&gt;&lt;fileAgentID&gt;NA&lt;/fileAgentID&gt;&lt;revisionID&gt;NA&lt;/revisionID&gt;&lt;ModifiedBy&gt;---&lt;/ModifiedBy&gt;&lt;ModifiedOn&gt;TimeUnavailable&lt;/ModifiedOn&gt;&lt;CreatedBy&gt;---&lt;/CreatedBy&gt;&lt;CreatedOn&gt;TimeUnavailable&lt;/CreatedOn&gt;&lt;recordID&gt;5&lt;/recordID&gt;&lt;typeName&gt;LINE&lt;/typeName&gt;&lt;typeDescription&gt;LINE LEVEL&lt;/typeDescription&gt;&lt;typeActive&gt;1&lt;/typeActive&gt;&lt;sortOrder&gt;5&lt;/sortOrder&gt;&lt;idUnitParent&gt;4&lt;/idUnitParent&gt;&lt;ModifiedBy&gt;catalin&lt;/ModifiedBy&gt;&lt;ModifiedOn&gt;2016-05-11T11:51:28&lt;/ModifiedOn&gt;&lt;CreatedBy&gt;RadPa&lt;/CreatedBy&gt;&lt;CreatedOn&gt;2016-05-10T13:17:03&lt;/CreatedOn&gt;&lt;unitID&gt;269&lt;/unitID&gt;&lt;routeID&gt;0&lt;/routeID&gt;&lt;ModifiedBy&gt;ZarKl&lt;/ModifiedBy&gt;&lt;ModifiedOn&gt;2017-01-18T09:01:24&lt;/ModifiedOn&gt;&lt;CreatedBy&gt;ZarKl&lt;/CreatedBy&gt;&lt;CreatedOn&gt;2017-01-17T13:29:42&lt;/CreatedOn&gt;&lt;recordID&gt;NA&lt;/recordID&gt;&lt;routeName&gt;---&lt;/routeName&gt;&lt;routeSAPID&gt;---&lt;/routeSAPID&gt;&lt;routeDesc&gt;---&lt;/routeDesc&gt;&lt;recordID&gt;NA&lt;/recordID&gt;&lt;serverName&gt;---&lt;/serverName&gt;&lt;serverConnection&gt;---&lt;/serverConnection&gt;&lt;serverActive&gt;NA&lt;/serverActive&gt;&lt;serverLastGoodResponse&gt;TimeUnavailable&lt;/serverLastGoodResponse&gt;&lt;serverLastBadResponse&gt;TimeUnavailable&lt;/serverLastBadResponse&gt;&lt;serverLastRespMessage&gt;---&lt;/serverLastRespMessage&gt;&lt;sortOrder&gt;NA&lt;/sortOrder&gt;&lt;ModifiedBy&gt;---&lt;/ModifiedBy&gt;&lt;ModifiedOn&gt;TimeUnavailable&lt;/ModifiedOn&gt;&lt;CreatedBy&gt;---&lt;/CreatedBy&gt;&lt;CreatedOn&gt;TimeUnavailable&lt;/CreatedOn&gt;&lt;childID&gt;0&lt;/childID&gt;&lt;/Row&gt;&lt;Row&gt;&lt;recordID&gt;283&lt;/recordID&gt;&lt;unitType&gt;4&lt;/unitType&gt;&lt;unitName&gt;FORD CS1 ASSY&lt;/unitName&gt;&lt;unitDescr&gt;FORD CS1 ASSY - DEPARTMENT&lt;/unitDescr&gt;&lt;idUnitParent&gt;268&lt;/idUnitParent&gt;&lt;unitActive&gt;1&lt;/unitActive&gt;&lt;src&gt;Common/img/check.png&lt;/src&gt;&lt;unitSqlServer&gt;MESM&lt;/unitSqlServer&gt;&lt;unitSAPID&gt;1006&lt;/unitSAPID&gt;&lt;unitMap&gt;FORD CS1 ASSY&lt;/unitMap&gt;&lt;ModifiedBy&gt;ZarKl&lt;/ModifiedBy&gt;&lt;ModifiedOn&gt;2017-01-18T15:13:54&lt;/ModifiedOn&gt;&lt;CreatedBy&gt;ZarKl&lt;/CreatedBy&gt;&lt;CreatedOn&gt;2017-01-18T09:12:16&lt;/CreatedOn&gt;&lt;Path&gt;1-2&lt;/Path&gt;&lt;grpCount&gt;2&lt;/grpCount&gt;&lt;Level&gt;2&lt;/Level&gt;&lt;SortOrder&gt;1.0002&lt;/SortOrder&gt;&lt;unitID&gt;NA&lt;/unitID&gt;&lt;pcoAgentID&gt;NA&lt;/pcoAgentID&gt;&lt;sqlServerID&gt;NA&lt;/sqlServerID&gt;&lt;fileAgentID&gt;NA&lt;/fileAgentID&gt;&lt;revisionID&gt;NA&lt;/revisionID&gt;&lt;ModifiedBy&gt;---&lt;/ModifiedBy&gt;&lt;ModifiedOn&gt;TimeUnavailable&lt;/ModifiedOn&gt;&lt;CreatedBy&gt;---&lt;/CreatedBy&gt;&lt;CreatedOn&gt;TimeUnavailable&lt;/CreatedOn&gt;&lt;recordID&gt;4&lt;/recordID&gt;&lt;typeName&gt;DEPARTMENT&lt;/typeName&gt;&lt;typeDescription&gt;DEPARTMENT LEVEL&lt;/typeDescription&gt;&lt;typeActive&gt;1&lt;/typeActive&gt;&lt;sortOrder&gt;4&lt;/sortOrder&gt;&lt;idUnitParent&gt;3&lt;/idUnitParent&gt;&lt;ModifiedBy&gt;RadPa&lt;/ModifiedBy&gt;&lt;ModifiedOn&gt;2016-05-10T11:31:01&lt;/ModifiedOn&gt;&lt;CreatedBy&gt;RadPa&lt;/CreatedBy&gt;&lt;CreatedOn&gt;2016-05-10T11:28:52&lt;/CreatedOn&gt;&lt;unitID&gt;283&lt;/unitID&gt;&lt;routeID&gt;0&lt;/routeID&gt;&lt;ModifiedBy&gt;ZarKl&lt;/ModifiedBy&gt;&lt;ModifiedOn&gt;2017-01-18T15:13:54&lt;/ModifiedOn&gt;&lt;CreatedBy&gt;ZarKl&lt;/CreatedBy&gt;&lt;CreatedOn&gt;2017-01-18T09:12:16&lt;/CreatedOn&gt;&lt;recordID&gt;NA&lt;/recordID&gt;&lt;routeName&gt;---&lt;/routeName&gt;&lt;routeSAPID&gt;---&lt;/routeSAPID&gt;&lt;routeDesc&gt;---&lt;/routeDesc&gt;&lt;recordID&gt;NA&lt;/recordID&gt;&lt;serverName&gt;---&lt;/serverName&gt;&lt;serverConnection&gt;---&lt;/serverConnection&gt;&lt;serverActive&gt;NA&lt;/serverActive&gt;&lt;serverLastGoodResponse&gt;TimeUnavailable&lt;/serverLastGoodResponse&gt;&lt;serverLastBadResponse&gt;TimeUnavailable&lt;/serverLastBadResponse&gt;&lt;serverLastRespMessage&gt;---&lt;/serverLastRespMessage&gt;&lt;sortOrder&gt;NA&lt;/sortOrder&gt;&lt;ModifiedBy&gt;---&lt;/ModifiedBy&gt;&lt;ModifiedOn&gt;TimeUnavailable&lt;/ModifiedOn&gt;&lt;CreatedBy&gt;---&lt;/CreatedBy&gt;&lt;CreatedOn&gt;TimeUnavailable&lt;/CreatedOn&gt;&lt;childID&gt;1&lt;/childID&gt;&lt;/Row&gt;&lt;Row&gt;&lt;recordID&gt;270&lt;/recordID&gt;&lt;unitType&gt;5&lt;/unitType&gt;&lt;unitName&gt;FORD CS1 ASSY&lt;/unitName&gt;&lt;unitDescr&gt;FORD CS1 ASSY&lt;/unitDescr&gt;&lt;idUnitParent&gt;283&lt;/idUnitParent&gt;&lt;unitActive&gt;1&lt;/unitActive&gt;&lt;src&gt;Common/img/check.png&lt;/src&gt;&lt;unitSqlServer&gt;MESM&lt;/unitSqlServer&gt;&lt;unitSAPID&gt;1006&lt;/unitSAPID&gt;&lt;unitMap&gt;FORD CS1 ASSY&lt;/unitMap&gt;&lt;ModifiedBy&gt;ZarKl&lt;/ModifiedBy&gt;&lt;ModifiedOn&gt;2017-01-18T09:12:29&lt;/ModifiedOn&gt;&lt;CreatedBy&gt;ZarKl&lt;/CreatedBy&gt;&lt;CreatedOn&gt;2017-01-17T13:30:21&lt;/CreatedOn&gt;&lt;Path&gt;1-2-1&lt;/Path&gt;&lt;grpCount&gt;1&lt;/grpCount&gt;&lt;Level&gt;3&lt;/Level&gt;&lt;SortOrder&gt;1.000201&lt;/SortOrder&gt;&lt;unitID&gt;NA&lt;/unitID&gt;&lt;pcoAgentID&gt;NA&lt;/pcoAgentID&gt;&lt;sqlServerID&gt;NA&lt;/sqlServerID&gt;&lt;fileAgentID&gt;NA&lt;/fileAgentID&gt;&lt;revisionID&gt;NA&lt;/revisionID&gt;&lt;ModifiedBy&gt;---&lt;/ModifiedBy&gt;&lt;ModifiedOn&gt;TimeUnavailable&lt;/ModifiedOn&gt;&lt;CreatedBy&gt;---&lt;/CreatedBy&gt;&lt;CreatedOn&gt;TimeUnavailable&lt;/CreatedOn&gt;&lt;recordID&gt;5&lt;/recordID&gt;&lt;typeName&gt;LINE&lt;/typeName&gt;&lt;typeDescription&gt;LINE LEVEL&lt;/typeDescription&gt;&lt;typeActive&gt;1&lt;/typeActive&gt;&lt;sortOrder&gt;5&lt;/sortOrder&gt;&lt;idUnitParent&gt;4&lt;/idUnitParent&gt;&lt;ModifiedBy&gt;catalin&lt;/ModifiedBy&gt;&lt;ModifiedOn&gt;2016-05-11T11:51:28&lt;/ModifiedOn&gt;&lt;CreatedBy&gt;RadPa&lt;/CreatedBy&gt;&lt;CreatedOn&gt;2016-05-10T13:17:03&lt;/CreatedOn&gt;&lt;unitID&gt;270&lt;/unitID&gt;&lt;routeID&gt;0&lt;/routeID&gt;&lt;ModifiedBy&gt;ZarKl&lt;/ModifiedBy&gt;&lt;ModifiedOn&gt;2017-01-18T09:12:29&lt;/ModifiedOn&gt;&lt;CreatedBy&gt;ZarKl&lt;/CreatedBy&gt;&lt;CreatedOn&gt;2017-01-17T13:30:21&lt;/CreatedOn&gt;&lt;recordID&gt;NA&lt;/recordID&gt;&lt;routeName&gt;---&lt;/routeName&gt;&lt;routeSAPID&gt;---&lt;/routeSAPID&gt;&lt;routeDesc&gt;---&lt;/routeDesc&gt;&lt;recordID&gt;NA&lt;/recordID&gt;&lt;serverName&gt;---&lt;/serverName&gt;&lt;serverConnection&gt;---&lt;/serverConnection&gt;&lt;serverActive&gt;NA&lt;/serverActive&gt;&lt;serverLastGoodResponse&gt;TimeUnavailable&lt;/serverLastGoodResponse&gt;&lt;serverLastBadResponse&gt;TimeUnavailable&lt;/serverLastBadResponse&gt;&lt;serverLastRespMessage&gt;---&lt;/serverLastRespMessage&gt;&lt;sortOrder&gt;NA&lt;/sortOrder&gt;&lt;ModifiedBy&gt;---&lt;/ModifiedBy&gt;&lt;ModifiedOn&gt;TimeUnavailable&lt;/ModifiedOn&gt;&lt;CreatedBy&gt;---&lt;/CreatedBy&gt;&lt;CreatedOn&gt;TimeUnavailable&lt;/CreatedOn&gt;&lt;childID&gt;0&lt;/childID&gt;&lt;/Row&gt;&lt;Row&gt;&lt;recordID&gt;284&lt;/recordID&gt;&lt;unitType&gt;6&lt;/unitType&gt;&lt;unitName&gt;OP10&lt;/unitName&gt;&lt;unitDescr&gt;OP10&lt;/unitDescr&gt;&lt;idUnitParent&gt;270&lt;/idUnitParent&gt;&lt;unitActive&gt;1&lt;/unitActive&gt;&lt;src&gt;Common/img/check.png&lt;/src&gt;&lt;unitSqlServer&gt;MESM&lt;/unitSqlServer&gt;&lt;unitSAPID&gt;1006&lt;/unitSAPID&gt;&lt;unitMap&gt;OP10&lt;/unitMap&gt;&lt;ModifiedBy&gt;ZarKl&lt;/ModifiedBy&gt;&lt;ModifiedOn&gt;2017-01-18T14:24:37&lt;/ModifiedOn&gt;&lt;CreatedBy&gt;ZarKl&lt;/CreatedBy&gt;&lt;CreatedOn&gt;2017-01-18T13:30:02&lt;/CreatedOn&gt;&lt;Path&gt;1-2-1-1&lt;/Path&gt;&lt;grpCount&gt;1&lt;/grpCount&gt;&lt;Level&gt;4&lt;/Level&gt;&lt;SortOrder&gt;1.00020101&lt;/SortOrder&gt;&lt;unitID&gt;NA&lt;/unitID&gt;&lt;pcoAgentID&gt;NA&lt;/pcoAgentID&gt;&lt;sqlServerID&gt;NA&lt;/sqlServerID&gt;&lt;fileAgentID&gt;NA&lt;/fileAgentID&gt;&lt;revisionID&gt;NA&lt;/revisionID&gt;&lt;ModifiedBy&gt;---&lt;/ModifiedBy&gt;&lt;ModifiedOn&gt;TimeUnavailable&lt;/ModifiedOn&gt;&lt;CreatedBy&gt;---&lt;/CreatedBy&gt;&lt;CreatedOn&gt;TimeUnavailable&lt;/CreatedOn&gt;&lt;recordID&gt;6&lt;/recordID&gt;&lt;typeName&gt;WORKCENTER&lt;/typeName&gt;&lt;typeDescription&gt;WORKCENTER LEVEL&lt;/typeDescription&gt;&lt;typeActive&gt;1&lt;/typeActive&gt;&lt;sortOrder&gt;6&lt;/sortOrder&gt;&lt;idUnitParent&gt;5&lt;/idUnitParent&gt;&lt;ModifiedBy&gt;RadPa&lt;/ModifiedBy&gt;&lt;ModifiedOn&gt;2016-05-25T09:13:15&lt;/ModifiedOn&gt;&lt;CreatedBy&gt;RadPa&lt;/CreatedBy&gt;&lt;CreatedOn&gt;2016-05-10T14:38:08&lt;/CreatedOn&gt;&lt;unitID&gt;284&lt;/unitID&gt;&lt;routeID&gt;0&lt;/routeID&gt;&lt;ModifiedBy&gt;ZarKl&lt;/ModifiedBy&gt;&lt;ModifiedOn&gt;2017-01-18T14:24:37&lt;/ModifiedOn&gt;&lt;CreatedBy&gt;ZarKl&lt;/CreatedBy&gt;&lt;CreatedOn&gt;2017-01-18T13:30:02&lt;/CreatedOn&gt;&lt;recordID&gt;NA&lt;/recordID&gt;&lt;routeName&gt;---&lt;/routeName&gt;&lt;routeSAPID&gt;---&lt;/routeSAPID&gt;&lt;routeDesc&gt;---&lt;/routeDesc&gt;&lt;recordID&gt;NA&lt;/recordID&gt;&lt;serverName&gt;---&lt;/serverName&gt;&lt;serverConnection&gt;---&lt;/serverConnection&gt;&lt;serverActive&gt;NA&lt;/serverActive&gt;&lt;serverLastGoodResponse&gt;TimeUnavailable&lt;/serverLastGoodResponse&gt;&lt;serverLastBadResponse&gt;TimeUnavailable&lt;/serverLastBadResponse&gt;&lt;serverLastRespMessage&gt;---&lt;/serverLastRespMessage&gt;&lt;sortOrder&gt;NA&lt;/sortOrder&gt;&lt;ModifiedBy&gt;---&lt;/ModifiedBy&gt;&lt;ModifiedOn&gt;TimeUnavailable&lt;/ModifiedOn&gt;&lt;CreatedBy&gt;---&lt;/CreatedBy&gt;&lt;CreatedOn&gt;TimeUnavailable&lt;/CreatedOn&gt;&lt;childID&gt;0&lt;/childID&gt;&lt;/Row&gt;&lt;Row&gt;&lt;recordID&gt;293&lt;/recordID&gt;&lt;unitType&gt;6&lt;/unitType&gt;&lt;unitName&gt;OP100&lt;/unitName&gt;&lt;unitDescr&gt;OP100&lt;/unitDescr&gt;&lt;idUnitParent&gt;270&lt;/idUnitParent&gt;&lt;unitActive&gt;1&lt;/unitActive&gt;&lt;src&gt;Common/img/check.png&lt;/src&gt;&lt;unitSqlServer&gt;MESM&lt;/unitSqlServer&gt;&lt;unitSAPID&gt;1006&lt;/unitSAPID&gt;&lt;unitMap&gt;OP100&lt;/unitMap&gt;&lt;ModifiedBy&gt;---&lt;/ModifiedBy&gt;&lt;ModifiedOn&gt;TimeUnavailable&lt;/ModifiedOn&gt;&lt;CreatedBy&gt;ZarKl&lt;/CreatedBy&gt;&lt;CreatedOn&gt;2017-01-18T13:35:55&lt;/CreatedOn&gt;&lt;Path&gt;1-2-1-2&lt;/Path&gt;&lt;grpCount&gt;2&lt;/grpCount&gt;&lt;Level&gt;4&lt;/Level&gt;&lt;SortOrder&gt;1.00020102&lt;/SortOrder&gt;&lt;unitID&gt;NA&lt;/unitID&gt;&lt;pcoAgentID&gt;NA&lt;/pcoAgentID&gt;&lt;sqlServerID&gt;NA&lt;/sqlServerID&gt;&lt;fileAgentID&gt;NA&lt;/fileAgentID&gt;&lt;revisionID&gt;NA&lt;/revisionID&gt;&lt;ModifiedBy&gt;---&lt;/ModifiedBy&gt;&lt;ModifiedOn&gt;TimeUnavailable&lt;/ModifiedOn&gt;&lt;CreatedBy&gt;---&lt;/CreatedBy&gt;&lt;CreatedOn&gt;TimeUnavailable&lt;/CreatedOn&gt;&lt;recordID&gt;6&lt;/recordID&gt;&lt;typeName&gt;WORKCENTER&lt;/typeName&gt;&lt;typeDescription&gt;WORKCENTER LEVEL&lt;/typeDescription&gt;&lt;typeActive&gt;1&lt;/typeActive&gt;&lt;sortOrder&gt;6&lt;/sortOrder&gt;&lt;idUnitParent&gt;5&lt;/idUnitParent&gt;&lt;ModifiedBy&gt;RadPa&lt;/ModifiedBy&gt;&lt;ModifiedOn&gt;2016-05-25T09:13:15&lt;/ModifiedOn&gt;&lt;CreatedBy&gt;RadPa&lt;/CreatedBy&gt;&lt;CreatedOn&gt;2016-05-10T14:38:08&lt;/CreatedOn&gt;&lt;unitID&gt;293&lt;/unitID&gt;&lt;routeID&gt;0&lt;/routeID&gt;&lt;ModifiedBy&gt;---&lt;/ModifiedBy&gt;&lt;ModifiedOn&gt;TimeUnavailable&lt;/ModifiedOn&gt;&lt;CreatedBy&gt;ZarKl&lt;/CreatedBy&gt;&lt;CreatedOn&gt;2017-01-18T13:35:55&lt;/CreatedOn&gt;&lt;recordID&gt;NA&lt;/recordID&gt;&lt;routeName&gt;---&lt;/routeName&gt;&lt;routeSAPID&gt;---&lt;/routeSAPID&gt;&lt;routeDesc&gt;---&lt;/routeDesc&gt;&lt;recordID&gt;NA&lt;/recordID&gt;&lt;serverName&gt;---&lt;/serverName&gt;&lt;serverConnection&gt;---&lt;/serverConnection&gt;&lt;serverActive&gt;NA&lt;/serverActive&gt;&lt;serverLastGoodResponse&gt;TimeUnavailable&lt;/serverLastGoodResponse&gt;&lt;serverLastBadResponse&gt;TimeUnavailable&lt;/serverLastBadResponse&gt;&lt;serverLastRespMessage&gt;---&lt;/serverLastRespMessage&gt;&lt;sortOrder&gt;NA&lt;/sortOrder&gt;&lt;ModifiedBy&gt;---&lt;/ModifiedBy&gt;&lt;ModifiedOn&gt;TimeUnavailable&lt;/ModifiedOn&gt;&lt;CreatedBy&gt;---&lt;/CreatedBy&gt;&lt;CreatedOn&gt;TimeUnavailable&lt;/CreatedOn&gt;&lt;childID&gt;1&lt;/childID&gt;&lt;/Row&gt;&lt;Row&gt;&lt;recordID&gt;294&lt;/recordID&gt;&lt;unitType&gt;6&lt;/unitType&gt;&lt;unitName&gt;OP110&lt;/unitName&gt;&lt;unitDescr&gt;OP110&lt;/unitDescr&gt;&lt;idUnitParent&gt;270&lt;/idUnitParent&gt;&lt;unitActive&gt;1&lt;/unitActive&gt;&lt;src&gt;Common/img/check.png&lt;/src&gt;&lt;unitSqlServer&gt;MESM&lt;/unitSqlServer&gt;&lt;unitSAPID&gt;1006&lt;/unitSAPID&gt;&lt;unitMap&gt;OP110&lt;/unitMap&gt;&lt;ModifiedBy&gt;---&lt;/ModifiedBy&gt;&lt;ModifiedOn&gt;TimeUnavailable&lt;/ModifiedOn&gt;&lt;CreatedBy&gt;ZarKl&lt;/CreatedBy&gt;&lt;CreatedOn&gt;2017-01-18T13:36:33&lt;/CreatedOn&gt;&lt;Path&gt;1-2-1-3&lt;/Path&gt;&lt;grpCount&gt;3&lt;/grpCount&gt;&lt;Level&gt;4&lt;/Level&gt;&lt;SortOrder&gt;1.00020103&lt;/SortOrder&gt;&lt;unitID&gt;NA&lt;/unitID&gt;&lt;pcoAgentID&gt;NA&lt;/pcoAgentID&gt;&lt;sqlServerID&gt;NA&lt;/sqlServerID&gt;&lt;fileAgentID&gt;NA&lt;/fileAgentID&gt;&lt;revisionID&gt;NA&lt;/revisionID&gt;&lt;ModifiedBy&gt;---&lt;/ModifiedBy&gt;&lt;ModifiedOn&gt;TimeUnavailable&lt;/ModifiedOn&gt;&lt;CreatedBy&gt;---&lt;/CreatedBy&gt;&lt;CreatedOn&gt;TimeUnavailable&lt;/CreatedOn&gt;&lt;recordID&gt;6&lt;/recordID&gt;&lt;typeName&gt;WORKCENTER&lt;/typeName&gt;&lt;typeDescription&gt;WORKCENTER LEVEL&lt;/typeDescription&gt;&lt;typeActive&gt;1&lt;/typeActive&gt;&lt;sortOrder&gt;6&lt;/sortOrder&gt;&lt;idUnitParent&gt;5&lt;/idUnitParent&gt;&lt;ModifiedBy&gt;RadPa&lt;/ModifiedBy&gt;&lt;ModifiedOn&gt;2016-05-25T09:13:15&lt;/ModifiedOn&gt;&lt;CreatedBy&gt;RadPa&lt;/CreatedBy&gt;&lt;CreatedOn&gt;2016-05-10T14:38:08&lt;/CreatedOn&gt;&lt;unitID&gt;294&lt;/unitID&gt;&lt;routeID&gt;0&lt;/routeID&gt;&lt;ModifiedBy&gt;---&lt;/ModifiedBy&gt;&lt;ModifiedOn&gt;TimeUnavailable&lt;/ModifiedOn&gt;&lt;CreatedBy&gt;ZarKl&lt;/CreatedBy&gt;&lt;CreatedOn&gt;2017-01-18T13:36:33&lt;/CreatedOn&gt;&lt;recordID&gt;NA&lt;/recordID&gt;&lt;routeName&gt;---&lt;/routeName&gt;&lt;routeSAPID&gt;---&lt;/routeSAPID&gt;&lt;routeDesc&gt;---&lt;/routeDesc&gt;&lt;recordID&gt;NA&lt;/recordID&gt;&lt;serverName&gt;---&lt;/serverName&gt;&lt;serverConnection&gt;---&lt;/serverConnection&gt;&lt;serverActive&gt;NA&lt;/serverActive&gt;&lt;serverLastGoodResponse&gt;TimeUnavailable&lt;/serverLastGoodResponse&gt;&lt;serverLastBadResponse&gt;TimeUnavailable&lt;/serverLastBadResponse&gt;&lt;serverLastRespMessage&gt;---&lt;/serverLastRespMessage&gt;&lt;sortOrder&gt;NA&lt;/sortOrder&gt;&lt;ModifiedBy&gt;---&lt;/ModifiedBy&gt;&lt;ModifiedOn&gt;TimeUnavailable&lt;/ModifiedOn&gt;&lt;CreatedBy&gt;---&lt;/CreatedBy&gt;&lt;CreatedOn&gt;TimeUnavailable&lt;/CreatedOn&gt;&lt;childID&gt;2&lt;/childID&gt;&lt;/Row&gt;&lt;Row&gt;&lt;recordID&gt;295&lt;/recordID&gt;&lt;unitType&gt;6&lt;/unitType&gt;&lt;unitName&gt;OP120&lt;/unitName&gt;&lt;unitDescr&gt;OP120&lt;/unitDescr&gt;&lt;idUnitParent&gt;270&lt;/idUnitParent&gt;&lt;unitActive&gt;1&lt;/unitActive&gt;&lt;src&gt;Common/img/check.png&lt;/src&gt;&lt;unitSqlServer&gt;MESM&lt;/unitSqlServer&gt;&lt;unitSAPID&gt;1006&lt;/unitSAPID&gt;&lt;unitMap&gt;OP120&lt;/unitMap&gt;&lt;ModifiedBy&gt;---&lt;/ModifiedBy&gt;&lt;ModifiedOn&gt;TimeUnavailable&lt;/ModifiedOn&gt;&lt;CreatedBy&gt;ZarKl&lt;/CreatedBy&gt;&lt;CreatedOn&gt;2017-01-18T13:37:04&lt;/CreatedOn&gt;&lt;Path&gt;1-2-1-4&lt;/Path&gt;&lt;grpCount&gt;4&lt;/grpCount&gt;&lt;Level&gt;4&lt;/Level&gt;&lt;SortOrder&gt;1.00020104&lt;/SortOrder&gt;&lt;unitID&gt;NA&lt;/unitID&gt;&lt;pcoAgentID&gt;NA&lt;/pcoAgentID&gt;&lt;sqlServerID&gt;NA&lt;/sqlServerID&gt;&lt;fileAgentID&gt;NA&lt;/fileAgentID&gt;&lt;revisionID&gt;NA&lt;/revisionID&gt;&lt;ModifiedBy&gt;---&lt;/ModifiedBy&gt;&lt;ModifiedOn&gt;TimeUnavailable&lt;/ModifiedOn&gt;&lt;CreatedBy&gt;---&lt;/CreatedBy&gt;&lt;CreatedOn&gt;TimeUnavailable&lt;/CreatedOn&gt;&lt;recordID&gt;6&lt;/recordID&gt;&lt;typeName&gt;WORKCENTER&lt;/typeName&gt;&lt;typeDescription&gt;WORKCENTER LEVEL&lt;/typeDescription&gt;&lt;typeActive&gt;1&lt;/typeActive&gt;&lt;sortOrder&gt;6&lt;/sortOrder&gt;&lt;idUnitParent&gt;5&lt;/idUnitParent&gt;&lt;ModifiedBy&gt;RadPa&lt;/ModifiedBy&gt;&lt;ModifiedOn&gt;2016-05-25T09:13:15&lt;/ModifiedOn&gt;&lt;CreatedBy&gt;RadPa&lt;/CreatedBy&gt;&lt;CreatedOn&gt;2016-05-10T14:38:08&lt;/CreatedOn&gt;&lt;unitID&gt;295&lt;/unitID&gt;&lt;routeID&gt;0&lt;/routeID&gt;&lt;ModifiedBy&gt;---&lt;/ModifiedBy&gt;&lt;ModifiedOn&gt;TimeUnavailable&lt;/ModifiedOn&gt;&lt;CreatedBy&gt;ZarKl&lt;/CreatedBy&gt;&lt;CreatedOn&gt;2017-01-18T13:37:04&lt;/CreatedOn&gt;&lt;recordID&gt;NA&lt;/recordID&gt;&lt;routeName&gt;---&lt;/routeName&gt;&lt;routeSAPID&gt;---&lt;/routeSAPID&gt;&lt;routeDesc&gt;---&lt;/routeDesc&gt;&lt;recordID&gt;NA&lt;/recordID&gt;&lt;serverName&gt;---&lt;/serverName&gt;&lt;serverConnection&gt;---&lt;/serverConnection&gt;&lt;serverActive&gt;NA&lt;/serverActive&gt;&lt;serverLastGoodResponse&gt;TimeUnavailable&lt;/serverLastGoodResponse&gt;&lt;serverLastBadResponse&gt;TimeUnavailable&lt;/serverLastBadResponse&gt;&lt;serverLastRespMessage&gt;---&lt;/serverLastRespMessage&gt;&lt;sortOrder&gt;NA&lt;/sortOrder&gt;&lt;ModifiedBy&gt;---&lt;/ModifiedBy&gt;&lt;ModifiedOn&gt;TimeUnavailable&lt;/ModifiedOn&gt;&lt;CreatedBy&gt;---&lt;/CreatedBy&gt;&lt;CreatedOn&gt;TimeUnavailable&lt;/CreatedOn&gt;&lt;childID&gt;3&lt;/childID&gt;&lt;/Row&gt;&lt;Row&gt;&lt;recordID&gt;296&lt;/recordID&gt;&lt;unitType&gt;6&lt;/unitType&gt;&lt;unitName&gt;OP130&lt;/unitName&gt;&lt;unitDescr&gt;OP130&lt;/unitDescr&gt;&lt;idUnitParent&gt;270&lt;/idUnitParent&gt;&lt;unitActive&gt;1&lt;/unitActive&gt;&lt;src&gt;Common/img/check.png&lt;/src&gt;&lt;unitSqlServer&gt;MESM&lt;/unitSqlServer&gt;&lt;unitSAPID&gt;1006&lt;/unitSAPID&gt;&lt;unitMap&gt;OP130&lt;/unitMap&gt;&lt;ModifiedBy&gt;---&lt;/ModifiedBy&gt;&lt;ModifiedOn&gt;TimeUnavailable&lt;/ModifiedOn&gt;&lt;CreatedBy&gt;ZarKl&lt;/CreatedBy&gt;&lt;CreatedOn&gt;2017-01-18T13:37:29&lt;/CreatedOn&gt;&lt;Path&gt;1-2-1-5&lt;/Path&gt;&lt;grpCount&gt;5&lt;/grpCount&gt;&lt;Level&gt;4&lt;/Level&gt;&lt;SortOrder&gt;1.00020105&lt;/SortOrder&gt;&lt;unitID&gt;NA&lt;/unitID&gt;&lt;pcoAgentID&gt;NA&lt;/pcoAgentID&gt;&lt;sqlServerID&gt;NA&lt;/sqlServerID&gt;&lt;fileAgentID&gt;NA&lt;/fileAgentID&gt;&lt;revisionID&gt;NA&lt;/revisionID&gt;&lt;ModifiedBy&gt;---&lt;/ModifiedBy&gt;&lt;ModifiedOn&gt;TimeUnavailable&lt;/ModifiedOn&gt;&lt;CreatedBy&gt;---&lt;/CreatedBy&gt;&lt;CreatedOn&gt;TimeUnavailable&lt;/CreatedOn&gt;&lt;recordID&gt;6&lt;/recordID&gt;&lt;typeName&gt;WORKCENTER&lt;/typeName&gt;&lt;typeDescription&gt;WORKCENTER LEVEL&lt;/typeDescription&gt;&lt;typeActive&gt;1&lt;/typeActive&gt;&lt;sortOrder&gt;6&lt;/sortOrder&gt;&lt;idUnitParent&gt;5&lt;/idUnitParent&gt;&lt;ModifiedBy&gt;RadPa&lt;/ModifiedBy&gt;&lt;ModifiedOn&gt;2016-05-25T09:13:15&lt;/ModifiedOn&gt;&lt;CreatedBy&gt;RadPa&lt;/CreatedBy&gt;&lt;CreatedOn&gt;2016-05-10T14:38:08&lt;/CreatedOn&gt;&lt;unitID&gt;296&lt;/unitID&gt;&lt;routeID&gt;0&lt;/routeID&gt;&lt;ModifiedBy&gt;---&lt;/ModifiedBy&gt;&lt;ModifiedOn&gt;TimeUnavailable&lt;/ModifiedOn&gt;&lt;CreatedBy&gt;ZarKl&lt;/CreatedBy&gt;&lt;CreatedOn&gt;2017-01-18T13:37:29&lt;/CreatedOn&gt;&lt;recordID&gt;NA&lt;/recordID&gt;&lt;routeName&gt;---&lt;/routeName&gt;&lt;routeSAPID&gt;---&lt;/routeSAPID&gt;&lt;routeDesc&gt;---&lt;/routeDesc&gt;&lt;recordID&gt;NA&lt;/recordID&gt;&lt;serverName&gt;---&lt;/serverName&gt;&lt;serverConnection&gt;---&lt;/serverConnection&gt;&lt;serverActive&gt;NA&lt;/serverActive&gt;&lt;serverLastGoodResponse&gt;TimeUnavailable&lt;/serverLastGoodResponse&gt;&lt;serverLastBadResponse&gt;TimeUnavailable&lt;/serverLastBadResponse&gt;&lt;serverLastRespMessage&gt;---&lt;/serverLastRespMessage&gt;&lt;sortOrder&gt;NA&lt;/sortOrder&gt;&lt;ModifiedBy&gt;---&lt;/ModifiedBy&gt;&lt;ModifiedOn&gt;TimeUnavailable&lt;/ModifiedOn&gt;&lt;CreatedBy&gt;---&lt;/CreatedBy&gt;&lt;CreatedOn&gt;TimeUnavailable&lt;/CreatedOn&gt;&lt;childID&gt;4&lt;/childID&gt;&lt;/Row&gt;&lt;Row&gt;&lt;recordID&gt;297&lt;/recordID&gt;&lt;unitType&gt;6&lt;/unitType&gt;&lt;unitName&gt;OP135&lt;/unitName&gt;&lt;unitDescr&gt;OP135&lt;/unitDescr&gt;&lt;idUnitParent&gt;270&lt;/idUnitParent&gt;&lt;unitActive&gt;1&lt;/unitActive&gt;&lt;src&gt;Common/img/check.png&lt;/src&gt;&lt;unitSqlServer&gt;MESM&lt;/unitSqlServer&gt;&lt;unitSAPID&gt;1006&lt;/unitSAPID&gt;&lt;unitMap&gt;OP135&lt;/unitMap&gt;&lt;ModifiedBy&gt;---&lt;/ModifiedBy&gt;&lt;ModifiedOn&gt;TimeUnavailable&lt;/ModifiedOn&gt;&lt;CreatedBy&gt;ZarKl&lt;/CreatedBy&gt;&lt;CreatedOn&gt;2017-01-18T13:37:56&lt;/CreatedOn&gt;&lt;Path&gt;1-2-1-6&lt;/Path&gt;&lt;grpCount&gt;6&lt;/grpCount&gt;&lt;Level&gt;4&lt;/Level&gt;&lt;SortOrder&gt;1.00020106&lt;/SortOrder&gt;&lt;unitID&gt;NA&lt;/unitID&gt;&lt;pcoAgentID&gt;NA&lt;/pcoAgentID&gt;&lt;sqlServerID&gt;NA&lt;/sqlServerID&gt;&lt;fileAgentID&gt;NA&lt;/fileAgentID&gt;&lt;revisionID&gt;NA&lt;/revisionID&gt;&lt;ModifiedBy&gt;---&lt;/ModifiedBy&gt;&lt;ModifiedOn&gt;TimeUnavailable&lt;/ModifiedOn&gt;&lt;CreatedBy&gt;---&lt;/CreatedBy&gt;&lt;CreatedOn&gt;TimeUnavailable&lt;/CreatedOn&gt;&lt;recordID&gt;6&lt;/recordID&gt;&lt;typeName&gt;WORKCENTER&lt;/typeName&gt;&lt;typeDescription&gt;WORKCENTER LEVEL&lt;/typeDescription&gt;&lt;typeActive&gt;1&lt;/typeActive&gt;&lt;sortOrder&gt;6&lt;/sortOrder&gt;&lt;idUnitParent&gt;5&lt;/idUnitParent&gt;&lt;ModifiedBy&gt;RadPa&lt;/ModifiedBy&gt;&lt;ModifiedOn&gt;2016-05-25T09:13:15&lt;/ModifiedOn&gt;&lt;CreatedBy&gt;RadPa&lt;/CreatedBy&gt;&lt;CreatedOn&gt;2016-05-10T14:38:08&lt;/CreatedOn&gt;&lt;unitID&gt;297&lt;/unitID&gt;&lt;routeID&gt;0&lt;/routeID&gt;&lt;ModifiedBy&gt;---&lt;/ModifiedBy&gt;&lt;ModifiedOn&gt;TimeUnavailable&lt;/ModifiedOn&gt;&lt;CreatedBy&gt;ZarKl&lt;/CreatedBy&gt;&lt;CreatedOn&gt;2017-01-18T13:37:56&lt;/CreatedOn&gt;&lt;recordID&gt;NA&lt;/recordID&gt;&lt;routeName&gt;---&lt;/routeName&gt;&lt;routeSAPID&gt;---&lt;/routeSAPID&gt;&lt;routeDesc&gt;---&lt;/routeDesc&gt;&lt;recordID&gt;NA&lt;/recordID&gt;&lt;serverName&gt;---&lt;/serverName&gt;&lt;serverConnection&gt;---&lt;/serverConnection&gt;&lt;serverActive&gt;NA&lt;/serverActive&gt;&lt;serverLastGoodResponse&gt;TimeUnavailable&lt;/serverLastGoodResponse&gt;&lt;serverLastBadResponse&gt;TimeUnavailable&lt;/serverLastBadResponse&gt;&lt;serverLastRespMessage&gt;---&lt;/serverLastRespMessage&gt;&lt;sortOrder&gt;NA&lt;/sortOrder&gt;&lt;ModifiedBy&gt;---&lt;/ModifiedBy&gt;&lt;ModifiedOn&gt;TimeUnavailable&lt;/ModifiedOn&gt;&lt;CreatedBy&gt;---&lt;/CreatedBy&gt;&lt;CreatedOn&gt;TimeUnavailable&lt;/CreatedOn&gt;&lt;childID&gt;5&lt;/childID&gt;&lt;/Row&gt;&lt;Row&gt;&lt;recordID&gt;298&lt;/recordID&gt;&lt;unitType&gt;6&lt;/unitType&gt;&lt;unitName&gt;OP140&lt;/unitName&gt;&lt;unitDescr&gt;OP140&lt;/unitDescr&gt;&lt;idUnitParent&gt;270&lt;/idUnitParent&gt;&lt;unitActive&gt;1&lt;/unitActive&gt;&lt;src&gt;Common/img/check.png&lt;/src&gt;&lt;unitSqlServer&gt;MESM&lt;/unitSqlServer&gt;&lt;unitSAPID&gt;1006&lt;/unitSAPID&gt;&lt;unitMap&gt;OP140&lt;/unitMap&gt;&lt;ModifiedBy&gt;---&lt;/ModifiedBy&gt;&lt;ModifiedOn&gt;TimeUnavailable&lt;/ModifiedOn&gt;&lt;CreatedBy&gt;ZarKl&lt;/CreatedBy&gt;&lt;CreatedOn&gt;2017-01-18T13:38:21&lt;/CreatedOn&gt;&lt;Path&gt;1-2-1-7&lt;/Path&gt;&lt;grpCount&gt;7&lt;/grpCount&gt;&lt;Level&gt;4&lt;/Level&gt;&lt;SortOrder&gt;1.00020107&lt;/SortOrder&gt;&lt;unitID&gt;NA&lt;/unitID&gt;&lt;pcoAgentID&gt;NA&lt;/pcoAgentID&gt;&lt;sqlServerID&gt;NA&lt;/sqlServerID&gt;&lt;fileAgentID&gt;NA&lt;/fileAgentID&gt;&lt;revisionID&gt;NA&lt;/revisionID&gt;&lt;ModifiedBy&gt;---&lt;/ModifiedBy&gt;&lt;ModifiedOn&gt;TimeUnavailable&lt;/ModifiedOn&gt;&lt;CreatedBy&gt;---&lt;/CreatedBy&gt;&lt;CreatedOn&gt;TimeUnavailable&lt;/CreatedOn&gt;&lt;recordID&gt;6&lt;/recordID&gt;&lt;typeName&gt;WORKCENTER&lt;/typeName&gt;&lt;typeDescription&gt;WORKCENTER LEVEL&lt;/typeDescription&gt;&lt;typeActive&gt;1&lt;/typeActive&gt;&lt;sortOrder&gt;6&lt;/sortOrder&gt;&lt;idUnitParent&gt;5&lt;/idUnitParent&gt;&lt;ModifiedBy&gt;RadPa&lt;/ModifiedBy&gt;&lt;ModifiedOn&gt;2016-05-25T09:13:15&lt;/ModifiedOn&gt;&lt;CreatedBy&gt;RadPa&lt;/CreatedBy&gt;&lt;CreatedOn&gt;2016-05-10T14:38:08&lt;/CreatedOn&gt;&lt;unitID&gt;298&lt;/unitID&gt;&lt;routeID&gt;0&lt;/routeID&gt;&lt;ModifiedBy&gt;---&lt;/ModifiedBy&gt;&lt;ModifiedOn&gt;TimeUnavailable&lt;/ModifiedOn&gt;&lt;CreatedBy&gt;ZarKl&lt;/CreatedBy&gt;&lt;CreatedOn&gt;2017-01-18T13:38:21&lt;/CreatedOn&gt;&lt;recordID&gt;NA&lt;/recordID&gt;&lt;routeName&gt;---&lt;/routeName&gt;&lt;routeSAPID&gt;---&lt;/routeSAPID&gt;&lt;routeDesc&gt;---&lt;/routeDesc&gt;&lt;recordID&gt;NA&lt;/recordID&gt;&lt;serverName&gt;---&lt;/serverName&gt;&lt;serverConnection&gt;---&lt;/serverConnection&gt;&lt;serverActive&gt;NA&lt;/serverActive&gt;&lt;serverLastGoodResponse&gt;TimeUnavailable&lt;/serverLastGoodResponse&gt;&lt;serverLastBadResponse&gt;TimeUnavailable&lt;/serverLastBadResponse&gt;&lt;serverLastRespMessage&gt;---&lt;/serverLastRespMessage&gt;&lt;sortOrder&gt;NA&lt;/sortOrder&gt;&lt;ModifiedBy&gt;---&lt;/ModifiedBy&gt;&lt;ModifiedOn&gt;TimeUnavailable&lt;/ModifiedOn&gt;&lt;CreatedBy&gt;---&lt;/CreatedBy&gt;&lt;CreatedOn&gt;TimeUnavailable&lt;/CreatedOn&gt;&lt;childID&gt;6&lt;/childID&gt;&lt;/Row&gt;&lt;Row&gt;&lt;recordID&gt;299&lt;/recordID&gt;&lt;unitType&gt;6&lt;/unitType&gt;&lt;unitName&gt;OP150&lt;/unitName&gt;&lt;unitDescr&gt;OP150&lt;/unitDescr&gt;&lt;idUnitParent&gt;270&lt;/idUnitParent&gt;&lt;unitActive&gt;1&lt;/unitActive&gt;&lt;src&gt;Common/img/check.png&lt;/src&gt;&lt;unitSqlServer&gt;MESM&lt;/unitSqlServer&gt;&lt;unitSAPID&gt;1006&lt;/unitSAPID&gt;&lt;unitMap&gt;OP150&lt;/unitMap&gt;&lt;ModifiedBy&gt;---&lt;/ModifiedBy&gt;&lt;ModifiedOn&gt;TimeUnavailable&lt;/ModifiedOn&gt;&lt;CreatedBy&gt;ZarKl&lt;/CreatedBy&gt;&lt;CreatedOn&gt;2017-01-18T13:38:42&lt;/CreatedOn&gt;&lt;Path&gt;1-2-1-8&lt;/Path&gt;&lt;grpCount&gt;8&lt;/grpCount&gt;&lt;Level&gt;4&lt;/Level&gt;&lt;SortOrder&gt;1.00020108&lt;/SortOrder&gt;&lt;unitID&gt;NA&lt;/unitID&gt;&lt;pcoAgentID&gt;NA&lt;/pcoAgentID&gt;&lt;sqlServerID&gt;NA&lt;/sqlServerID&gt;&lt;fileAgentID&gt;NA&lt;/fileAgentID&gt;&lt;revisionID&gt;NA&lt;/revisionID&gt;&lt;ModifiedBy&gt;---&lt;/ModifiedBy&gt;&lt;ModifiedOn&gt;TimeUnavailable&lt;/ModifiedOn&gt;&lt;CreatedBy&gt;---&lt;/CreatedBy&gt;&lt;CreatedOn&gt;TimeUnavailable&lt;/CreatedOn&gt;&lt;recordID&gt;6&lt;/recordID&gt;&lt;typeName&gt;WORKCENTER&lt;/typeName&gt;&lt;typeDescription&gt;WORKCENTER LEVEL&lt;/typeDescription&gt;&lt;typeActive&gt;1&lt;/typeActive&gt;&lt;sortOrder&gt;6&lt;/sortOrder&gt;&lt;idUnitParent&gt;5&lt;/idUnitParent&gt;&lt;ModifiedBy&gt;RadPa&lt;/ModifiedBy&gt;&lt;ModifiedOn&gt;2016-05-25T09:13:15&lt;/ModifiedOn&gt;&lt;CreatedBy&gt;RadPa&lt;/CreatedBy&gt;&lt;CreatedOn&gt;2016-05-10T14:38:08&lt;/CreatedOn&gt;&lt;unitID&gt;299&lt;/unitID&gt;&lt;routeID&gt;0&lt;/routeID&gt;&lt;ModifiedBy&gt;---&lt;/ModifiedBy&gt;&lt;ModifiedOn&gt;TimeUnavailable&lt;/ModifiedOn&gt;&lt;CreatedBy&gt;ZarKl&lt;/CreatedBy&gt;&lt;CreatedOn&gt;2017-01-18T13:38:42&lt;/CreatedOn&gt;&lt;recordID&gt;NA&lt;/recordID&gt;&lt;routeName&gt;---&lt;/routeName&gt;&lt;routeSAPID&gt;---&lt;/routeSAPID&gt;&lt;routeDesc&gt;---&lt;/routeDesc&gt;&lt;recordID&gt;NA&lt;/recordID&gt;&lt;serverName&gt;---&lt;/serverName&gt;&lt;serverConnection&gt;---&lt;/serverConnection&gt;&lt;serverActive&gt;NA&lt;/serverActive&gt;&lt;serverLastGoodResponse&gt;TimeUnavailable&lt;/serverLastGoodResponse&gt;&lt;serverLastBadResponse&gt;TimeUnavailable&lt;/serverLastBadResponse&gt;&lt;serverLastRespMessage&gt;---&lt;/serverLastRespMessage&gt;&lt;sortOrder&gt;NA&lt;/sortOrder&gt;&lt;ModifiedBy&gt;---&lt;/ModifiedBy&gt;&lt;ModifiedOn&gt;TimeUnavailable&lt;/ModifiedOn&gt;&lt;CreatedBy&gt;---&lt;/CreatedBy&gt;&lt;CreatedOn&gt;TimeUnavailable&lt;/CreatedOn&gt;&lt;childID&gt;7&lt;/childID&gt;&lt;/Row&gt;&lt;Row&gt;&lt;recordID&gt;300&lt;/recordID&gt;&lt;unitType&gt;6&lt;/unitType&gt;&lt;unitName&gt;OP155&lt;/unitName&gt;&lt;unitDescr&gt;OP155&lt;/unitDescr&gt;&lt;idUnitParent&gt;270&lt;/idUnitParent&gt;&lt;unitActive&gt;1&lt;/unitActive&gt;&lt;src&gt;Common/img/check.png&lt;/src&gt;&lt;unitSqlServer&gt;MESM&lt;/unitSqlServer&gt;&lt;unitSAPID&gt;1006&lt;/unitSAPID&gt;&lt;unitMap&gt;OP155&lt;/unitMap&gt;&lt;ModifiedBy&gt;---&lt;/ModifiedBy&gt;&lt;ModifiedOn&gt;TimeUnavailable&lt;/ModifiedOn&gt;&lt;CreatedBy&gt;ZarKl&lt;/CreatedBy&gt;&lt;CreatedOn&gt;2017-01-18T13:39:12&lt;/CreatedOn&gt;&lt;Path&gt;1-2-1-9&lt;/Path&gt;&lt;grpCount&gt;9&lt;/grpCount&gt;&lt;Level&gt;4&lt;/Level&gt;&lt;SortOrder&gt;1.00020109&lt;/SortOrder&gt;&lt;unitID&gt;NA&lt;/unitID&gt;&lt;pcoAgentID&gt;NA&lt;/pcoAgentID&gt;&lt;sqlServerID&gt;NA&lt;/sqlServerID&gt;&lt;fileAgentID&gt;NA&lt;/fileAgentID&gt;&lt;revisionID&gt;NA&lt;/revisionID&gt;&lt;ModifiedBy&gt;---&lt;/ModifiedBy&gt;&lt;ModifiedOn&gt;TimeUnavailable&lt;/ModifiedOn&gt;&lt;CreatedBy&gt;---&lt;/CreatedBy&gt;&lt;CreatedOn&gt;TimeUnavailable&lt;/CreatedOn&gt;&lt;recordID&gt;6&lt;/recordID&gt;&lt;typeName&gt;WORKCENTER&lt;/typeName&gt;&lt;typeDescription&gt;WORKCENTER LEVEL&lt;/typeDescription&gt;&lt;typeActive&gt;1&lt;/typeActive&gt;&lt;sortOrder&gt;6&lt;/sortOrder&gt;&lt;idUnitParent&gt;5&lt;/idUnitParent&gt;&lt;ModifiedBy&gt;RadPa&lt;/ModifiedBy&gt;&lt;ModifiedOn&gt;2016-05-25T09:13:15&lt;/ModifiedOn&gt;&lt;CreatedBy&gt;RadPa&lt;/CreatedBy&gt;&lt;CreatedOn&gt;2016-05-10T14:38:08&lt;/CreatedOn&gt;&lt;unitID&gt;300&lt;/unitID&gt;&lt;routeID&gt;0&lt;/routeID&gt;&lt;ModifiedBy&gt;---&lt;/ModifiedBy&gt;&lt;ModifiedOn&gt;TimeUnavailable&lt;/ModifiedOn&gt;&lt;CreatedBy&gt;ZarKl&lt;/CreatedBy&gt;&lt;CreatedOn&gt;2017-01-18T13:39:12&lt;/CreatedOn&gt;&lt;recordID&gt;NA&lt;/recordID&gt;&lt;routeName&gt;---&lt;/routeName&gt;&lt;routeSAPID&gt;---&lt;/routeSAPID&gt;&lt;routeDesc&gt;---&lt;/routeDesc&gt;&lt;recordID&gt;NA&lt;/recordID&gt;&lt;serverName&gt;---&lt;/serverName&gt;&lt;serverConnection&gt;---&lt;/serverConnection&gt;&lt;serverActive&gt;NA&lt;/serverActive&gt;&lt;serverLastGoodResponse&gt;TimeUnavailable&lt;/serverLastGoodResponse&gt;&lt;serverLastBadResponse&gt;TimeUnavailable&lt;/serverLastBadResponse&gt;&lt;serverLastRespMessage&gt;---&lt;/serverLastRespMessage&gt;&lt;sortOrder&gt;NA&lt;/sortOrder&gt;&lt;ModifiedBy&gt;---&lt;/ModifiedBy&gt;&lt;ModifiedOn&gt;TimeUnavailable&lt;/ModifiedOn&gt;&lt;CreatedBy&gt;---&lt;/CreatedBy&gt;&lt;CreatedOn&gt;TimeUnavailable&lt;/CreatedOn&gt;&lt;childID&gt;8&lt;/childID&gt;&lt;/Row&gt;&lt;Row&gt;&lt;recordID&gt;301&lt;/recordID&gt;&lt;unitType&gt;6&lt;/unitType&gt;&lt;unitName&gt;OP160&lt;/unitName&gt;&lt;unitDescr&gt;OP160&lt;/unitDescr&gt;&lt;idUnitParent&gt;270&lt;/idUnitParent&gt;&lt;unitActive&gt;1&lt;/unitActive&gt;&lt;src&gt;Common/img/check.png&lt;/src&gt;&lt;unitSqlServer&gt;MESM&lt;/unitSqlServer&gt;&lt;unitSAPID&gt;1006&lt;/unitSAPID&gt;&lt;unitMap&gt;OP160&lt;/unitMap&gt;&lt;ModifiedBy&gt;---&lt;/ModifiedBy&gt;&lt;ModifiedOn&gt;TimeUnavailable&lt;/ModifiedOn&gt;&lt;CreatedBy&gt;ZarKl&lt;/CreatedBy&gt;&lt;CreatedOn&gt;2017-01-18T13:39:38&lt;/CreatedOn&gt;&lt;Path&gt;1-2-1-10&lt;/Path&gt;&lt;grpCount&gt;10&lt;/grpCount&gt;&lt;Level&gt;4&lt;/Level&gt;&lt;SortOrder&gt;1.0002011&lt;/SortOrder&gt;&lt;unitID&gt;NA&lt;/unitID&gt;&lt;pcoAgentID&gt;NA&lt;/pcoAgentID&gt;&lt;sqlServerID&gt;NA&lt;/sqlServerID&gt;&lt;fileAgentID&gt;NA&lt;/fileAgentID&gt;&lt;revisionID&gt;NA&lt;/revisionID&gt;&lt;ModifiedBy&gt;---&lt;/ModifiedBy&gt;&lt;ModifiedOn&gt;TimeUnavailable&lt;/ModifiedOn&gt;&lt;CreatedBy&gt;---&lt;/CreatedBy&gt;&lt;CreatedOn&gt;TimeUnavailable&lt;/CreatedOn&gt;&lt;recordID&gt;6&lt;/recordID&gt;&lt;typeName&gt;WORKCENTER&lt;/typeName&gt;&lt;typeDescription&gt;WORKCENTER LEVEL&lt;/typeDescription&gt;&lt;typeActive&gt;1&lt;/typeActive&gt;&lt;sortOrder&gt;6&lt;/sortOrder&gt;&lt;idUnitParent&gt;5&lt;/idUnitParent&gt;&lt;ModifiedBy&gt;RadPa&lt;/ModifiedBy&gt;&lt;ModifiedOn&gt;2016-05-25T09:13:15&lt;/ModifiedOn&gt;&lt;CreatedBy&gt;RadPa&lt;/CreatedBy&gt;&lt;CreatedOn&gt;2016-05-10T14:38:08&lt;/CreatedOn&gt;&lt;unitID&gt;301&lt;/unitID&gt;&lt;routeID&gt;0&lt;/routeID&gt;&lt;ModifiedBy&gt;---&lt;/ModifiedBy&gt;&lt;ModifiedOn&gt;TimeUnavailable&lt;/ModifiedOn&gt;&lt;CreatedBy&gt;ZarKl&lt;/CreatedBy&gt;&lt;CreatedOn&gt;2017-01-18T13:39:38&lt;/CreatedOn&gt;&lt;recordID&gt;NA&lt;/recordID&gt;&lt;routeName&gt;---&lt;/routeName&gt;&lt;routeSAPID&gt;---&lt;/routeSAPID&gt;&lt;routeDesc&gt;---&lt;/routeDesc&gt;&lt;recordID&gt;NA&lt;/recordID&gt;&lt;serverName&gt;---&lt;/serverName&gt;&lt;serverConnection&gt;---&lt;/serverConnection&gt;&lt;serverActive&gt;NA&lt;/serverActive&gt;&lt;serverLastGoodResponse&gt;TimeUnavailable&lt;/serverLastGoodResponse&gt;&lt;serverLastBadResponse&gt;TimeUnavailable&lt;/serverLastBadResponse&gt;&lt;serverLastRespMessage&gt;---&lt;/serverLastRespMessage&gt;&lt;sortOrder&gt;NA&lt;/sortOrder&gt;&lt;ModifiedBy&gt;---&lt;/ModifiedBy&gt;&lt;ModifiedOn&gt;TimeUnavailable&lt;/ModifiedOn&gt;&lt;CreatedBy&gt;---&lt;/CreatedBy&gt;&lt;CreatedOn&gt;TimeUnavailable&lt;/CreatedOn&gt;&lt;childID&gt;9&lt;/childID&gt;&lt;/Row&gt;&lt;Row&gt;&lt;recordID&gt;302&lt;/recordID&gt;&lt;unitType&gt;6&lt;/unitType&gt;&lt;unitName&gt;OP170&lt;/unitName&gt;&lt;unitDescr&gt;OP170&lt;/unitDescr&gt;&lt;idUnitParent&gt;270&lt;/idUnitParent&gt;&lt;unitActive&gt;1&lt;/unitActive&gt;&lt;src&gt;Common/img/check.png&lt;/src&gt;&lt;unitSqlServer&gt;MESM&lt;/unitSqlServer&gt;&lt;unitSAPID&gt;1006&lt;/unitSAPID&gt;&lt;unitMap&gt;OP170&lt;/unitMap&gt;&lt;ModifiedBy&gt;---&lt;/ModifiedBy&gt;&lt;ModifiedOn&gt;TimeUnavailable&lt;/ModifiedOn&gt;&lt;CreatedBy&gt;ZarKl&lt;/CreatedBy&gt;&lt;CreatedOn&gt;2017-01-18T13:40:07&lt;/CreatedOn&gt;&lt;Path&gt;1-2-1-11&lt;/Path&gt;&lt;grpCount&gt;11&lt;/grpCount&gt;&lt;Level&gt;4&lt;/Level&gt;&lt;SortOrder&gt;1.00020111&lt;/SortOrder&gt;&lt;unitID&gt;NA&lt;/unitID&gt;&lt;pcoAgentID&gt;NA&lt;/pcoAgentID&gt;&lt;sqlServerID&gt;NA&lt;/sqlServerID&gt;&lt;fileAgentID&gt;NA&lt;/fileAgentID&gt;&lt;revisionID&gt;NA&lt;/revisionID&gt;&lt;ModifiedBy&gt;---&lt;/ModifiedBy&gt;&lt;ModifiedOn&gt;TimeUnavailable&lt;/ModifiedOn&gt;&lt;CreatedBy&gt;---&lt;/CreatedBy&gt;&lt;CreatedOn&gt;TimeUnavailable&lt;/CreatedOn&gt;&lt;recordID&gt;6&lt;/recordID&gt;&lt;typeName&gt;WORKCENTER&lt;/typeName&gt;&lt;typeDescription&gt;WORKCENTER LEVEL&lt;/typeDescription&gt;&lt;typeActive&gt;1&lt;/typeActive&gt;&lt;sortOrder&gt;6&lt;/sortOrder&gt;&lt;idUnitParent&gt;5&lt;/idUnitParent&gt;&lt;ModifiedBy&gt;RadPa&lt;/ModifiedBy&gt;&lt;ModifiedOn&gt;2016-05-25T09:13:15&lt;/ModifiedOn&gt;&lt;CreatedBy&gt;RadPa&lt;/CreatedBy&gt;&lt;CreatedOn&gt;2016-05-10T14:38:08&lt;/CreatedOn&gt;&lt;unitID&gt;302&lt;/unitID&gt;&lt;routeID&gt;0&lt;/routeID&gt;&lt;ModifiedBy&gt;---&lt;/ModifiedBy&gt;&lt;ModifiedOn&gt;TimeUnavailable&lt;/ModifiedOn&gt;&lt;CreatedBy&gt;ZarKl&lt;/CreatedBy&gt;&lt;CreatedOn&gt;2017-01-18T13:40:07&lt;/CreatedOn&gt;&lt;recordID&gt;NA&lt;/recordID&gt;&lt;routeName&gt;---&lt;/routeName&gt;&lt;routeSAPID&gt;---&lt;/routeSAPID&gt;&lt;routeDesc&gt;---&lt;/routeDesc&gt;&lt;recordID&gt;NA&lt;/recordID&gt;&lt;serverName&gt;---&lt;/serverName&gt;&lt;serverConnection&gt;---&lt;/serverConnection&gt;&lt;serverActive&gt;NA&lt;/serverActive&gt;&lt;serverLastGoodResponse&gt;TimeUnavailable&lt;/serverLastGoodResponse&gt;&lt;serverLastBadResponse&gt;TimeUnavailable&lt;/serverLastBadResponse&gt;&lt;serverLastRespMessage&gt;---&lt;/serverLastRespMessage&gt;&lt;sortOrder&gt;NA&lt;/sortOrder&gt;&lt;ModifiedBy&gt;---&lt;/ModifiedBy&gt;&lt;ModifiedOn&gt;TimeUnavailable&lt;/ModifiedOn&gt;&lt;CreatedBy&gt;---&lt;/CreatedBy&gt;&lt;CreatedOn&gt;TimeUnavailable&lt;/CreatedOn&gt;&lt;childID&gt;10&lt;/childID&gt;&lt;/Row&gt;&lt;Row&gt;&lt;recordID&gt;303&lt;/recordID&gt;&lt;unitType&gt;6&lt;/unitType&gt;&lt;unitName&gt;OP175&lt;/unitName&gt;&lt;unitDescr&gt;OP175&lt;/unitDescr&gt;&lt;idUnitParent&gt;270&lt;/idUnitParent&gt;&lt;unitActive&gt;1&lt;/unitActive&gt;&lt;src&gt;Common/img/check.png&lt;/src&gt;&lt;unitSqlServer&gt;MESM&lt;/unitSqlServer&gt;&lt;unitSAPID&gt;1006&lt;/unitSAPID&gt;&lt;unitMap&gt;OP175&lt;/unitMap&gt;&lt;ModifiedBy&gt;---&lt;/ModifiedBy&gt;&lt;ModifiedOn&gt;TimeUnavailable&lt;/ModifiedOn&gt;&lt;CreatedBy&gt;ZarKl&lt;/CreatedBy&gt;&lt;CreatedOn&gt;2017-01-18T13:40:27&lt;/CreatedOn&gt;&lt;Path&gt;1-2-1-12&lt;/Path&gt;&lt;grpCount&gt;12&lt;/grpCount&gt;&lt;Level&gt;4&lt;/Level&gt;&lt;SortOrder&gt;1.00020112&lt;/SortOrder&gt;&lt;unitID&gt;NA&lt;/unitID&gt;&lt;pcoAgentID&gt;NA&lt;/pcoAgentID&gt;&lt;sqlServerID&gt;NA&lt;/sqlServerID&gt;&lt;fileAgentID&gt;NA&lt;/fileAgentID&gt;&lt;revisionID&gt;NA&lt;/revisionID&gt;&lt;ModifiedBy&gt;---&lt;/ModifiedBy&gt;&lt;ModifiedOn&gt;TimeUnavailable&lt;/ModifiedOn&gt;&lt;CreatedBy&gt;---&lt;/CreatedBy&gt;&lt;CreatedOn&gt;TimeUnavailable&lt;/CreatedOn&gt;&lt;recordID&gt;6&lt;/recordID&gt;&lt;typeName&gt;WORKCENTER&lt;/typeName&gt;&lt;typeDescription&gt;WORKCENTER LEVEL&lt;/typeDescription&gt;&lt;typeActive&gt;1&lt;/typeActive&gt;&lt;sortOrder&gt;6&lt;/sortOrder&gt;&lt;idUnitParent&gt;5&lt;/idUnitParent&gt;&lt;ModifiedBy&gt;RadPa&lt;/ModifiedBy&gt;&lt;ModifiedOn&gt;2016-05-25T09:13:15&lt;/ModifiedOn&gt;&lt;CreatedBy&gt;RadPa&lt;/CreatedBy&gt;&lt;CreatedOn&gt;2016-05-10T14:38:08&lt;/CreatedOn&gt;&lt;unitID&gt;303&lt;/unitID&gt;&lt;routeID&gt;0&lt;/routeID&gt;&lt;ModifiedBy&gt;---&lt;/ModifiedBy&gt;&lt;ModifiedOn&gt;TimeUnavailable&lt;/ModifiedOn&gt;&lt;CreatedBy&gt;ZarKl&lt;/CreatedBy&gt;&lt;CreatedOn&gt;2017-01-18T13:40:27&lt;/CreatedOn&gt;&lt;recordID&gt;NA&lt;/recordID&gt;&lt;routeName&gt;---&lt;/routeName&gt;&lt;routeSAPID&gt;---&lt;/routeSAPID&gt;&lt;routeDesc&gt;---&lt;/routeDesc&gt;&lt;recordID&gt;NA&lt;/recordID&gt;&lt;serverName&gt;---&lt;/serverName&gt;&lt;serverConnection&gt;---&lt;/serverConnection&gt;&lt;serverActive&gt;NA&lt;/serverActive&gt;&lt;serverLastGoodResponse&gt;TimeUnavailable&lt;/serverLastGoodResponse&gt;&lt;serverLastBadResponse&gt;TimeUnavailable&lt;/serverLastBadResponse&gt;&lt;serverLastRespMessage&gt;---&lt;/serverLastRespMessage&gt;&lt;sortOrder&gt;NA&lt;/sortOrder&gt;&lt;ModifiedBy&gt;---&lt;/ModifiedBy&gt;&lt;ModifiedOn&gt;TimeUnavailable&lt;/ModifiedOn&gt;&lt;CreatedBy&gt;---&lt;/CreatedBy&gt;&lt;CreatedOn&gt;TimeUnavailable&lt;/CreatedOn&gt;&lt;childID&gt;11&lt;/childID&gt;&lt;/Row&gt;&lt;Row&gt;&lt;recordID&gt;304&lt;/recordID&gt;&lt;unitType&gt;6&lt;/unitType&gt;&lt;unitName&gt;OP180&lt;/unitName&gt;&lt;unitDescr&gt;OP180&lt;/unitDescr&gt;&lt;idUnitParent&gt;270&lt;/idUnitParent&gt;&lt;unitActive&gt;1&lt;/unitActive&gt;&lt;src&gt;Common/img/check.png&lt;/src&gt;&lt;unitSqlServer&gt;MESM&lt;/unitSqlServer&gt;&lt;unitSAPID&gt;1006&lt;/unitSAPID&gt;&lt;unitMap&gt;OP180&lt;/unitMap&gt;&lt;ModifiedBy&gt;---&lt;/ModifiedBy&gt;&lt;ModifiedOn&gt;TimeUnavailable&lt;/ModifiedOn&gt;&lt;CreatedBy&gt;ZarKl&lt;/CreatedBy&gt;&lt;CreatedOn&gt;2017-01-18T13:41:27&lt;/CreatedOn&gt;&lt;Path&gt;1-2-1-13&lt;/Path&gt;&lt;grpCount&gt;13&lt;/grpCount&gt;&lt;Level&gt;4&lt;/Level&gt;&lt;SortOrder&gt;1.00020113&lt;/SortOrder&gt;&lt;unitID&gt;NA&lt;/unitID&gt;&lt;pcoAgentID&gt;NA&lt;/pcoAgentID&gt;&lt;sqlServerID&gt;NA&lt;/sqlServerID&gt;&lt;fileAgentID&gt;NA&lt;/fileAgentID&gt;&lt;revisionID&gt;NA&lt;/revisionID&gt;&lt;ModifiedBy&gt;---&lt;/ModifiedBy&gt;&lt;ModifiedOn&gt;TimeUnavailable&lt;/ModifiedOn&gt;&lt;CreatedBy&gt;---&lt;/CreatedBy&gt;&lt;CreatedOn&gt;TimeUnavailable&lt;/CreatedOn&gt;&lt;recordID&gt;6&lt;/recordID&gt;&lt;typeName&gt;WORKCENTER&lt;/typeName&gt;&lt;typeDescription&gt;WORKCENTER LEVEL&lt;/typeDescription&gt;&lt;typeActive&gt;1&lt;/typeActive&gt;&lt;sortOrder&gt;6&lt;/sortOrder&gt;&lt;idUnitParent&gt;5&lt;/idUnitParent&gt;&lt;ModifiedBy&gt;RadPa&lt;/ModifiedBy&gt;&lt;ModifiedOn&gt;2016-05-25T09:13:15&lt;/ModifiedOn&gt;&lt;CreatedBy&gt;RadPa&lt;/CreatedBy&gt;&lt;CreatedOn&gt;2016-05-10T14:38:08&lt;/CreatedOn&gt;&lt;unitID&gt;304&lt;/unitID&gt;&lt;routeID&gt;0&lt;/routeID&gt;&lt;ModifiedBy&gt;---&lt;/ModifiedBy&gt;&lt;ModifiedOn&gt;TimeUnavailable&lt;/ModifiedOn&gt;&lt;CreatedBy&gt;ZarKl&lt;/CreatedBy&gt;&lt;CreatedOn&gt;2017-01-18T13:41:27&lt;/CreatedOn&gt;&lt;recordID&gt;NA&lt;/recordID&gt;&lt;routeName&gt;---&lt;/routeName&gt;&lt;routeSAPID&gt;---&lt;/routeSAPID&gt;&lt;routeDesc&gt;---&lt;/routeDesc&gt;&lt;recordID&gt;NA&lt;/recordID&gt;&lt;serverName&gt;---&lt;/serverName&gt;&lt;serverConnection&gt;---&lt;/serverConnection&gt;&lt;serverActive&gt;NA&lt;/serverActive&gt;&lt;serverLastGoodResponse&gt;TimeUnavailable&lt;/serverLastGoodResponse&gt;&lt;serverLastBadResponse&gt;TimeUnavailable&lt;/serverLastBadResponse&gt;&lt;serverLastRespMessage&gt;---&lt;/serverLastRespMessage&gt;&lt;sortOrder&gt;NA&lt;/sortOrder&gt;&lt;ModifiedBy&gt;---&lt;/ModifiedBy&gt;&lt;ModifiedOn&gt;TimeUnavailable&lt;/ModifiedOn&gt;&lt;CreatedBy&gt;---&lt;/CreatedBy&gt;&lt;CreatedOn&gt;TimeUnavailable&lt;/CreatedOn&gt;&lt;childID&gt;12&lt;/childID&gt;&lt;/Row&gt;&lt;Row&gt;&lt;recordID&gt;305&lt;/recordID&gt;&lt;unitType&gt;6&lt;/unitType&gt;&lt;unitName&gt;OP190&lt;/unitName&gt;&lt;unitDescr&gt;OP190&lt;/unitDescr&gt;&lt;idUnitParent&gt;270&lt;/idUnitParent&gt;&lt;unitActive&gt;1&lt;/unitActive&gt;&lt;src&gt;Common/img/check.png&lt;/src&gt;&lt;unitSqlServer&gt;MESM&lt;/unitSqlServer&gt;&lt;unitSAPID&gt;1006&lt;/unitSAPID&gt;&lt;unitMap&gt;OP190&lt;/unitMap&gt;&lt;ModifiedBy&gt;---&lt;/ModifiedBy&gt;&lt;ModifiedOn&gt;TimeUnavailable&lt;/ModifiedOn&gt;&lt;CreatedBy&gt;ZarKl&lt;/CreatedBy&gt;&lt;CreatedOn&gt;2017-01-18T13:42:01&lt;/CreatedOn&gt;&lt;Path&gt;1-2-1-14&lt;/Path&gt;&lt;grpCount&gt;14&lt;/grpCount&gt;&lt;Level&gt;4&lt;/Level&gt;&lt;SortOrder&gt;1.00020114&lt;/SortOrder&gt;&lt;unitID&gt;NA&lt;/unitID&gt;&lt;pcoAgentID&gt;NA&lt;/pcoAgentID&gt;&lt;sqlServerID&gt;NA&lt;/sqlServerID&gt;&lt;fileAgentID&gt;NA&lt;/fileAgentID&gt;&lt;revisionID&gt;NA&lt;/revisionID&gt;&lt;ModifiedBy&gt;---&lt;/ModifiedBy&gt;&lt;ModifiedOn&gt;TimeUnavailable&lt;/ModifiedOn&gt;&lt;CreatedBy&gt;---&lt;/CreatedBy&gt;&lt;CreatedOn&gt;TimeUnavailable&lt;/CreatedOn&gt;&lt;recordID&gt;6&lt;/recordID&gt;&lt;typeName&gt;WORKCENTER&lt;/typeName&gt;&lt;typeDescription&gt;WORKCENTER LEVEL&lt;/typeDescription&gt;&lt;typeActive&gt;1&lt;/typeActive&gt;&lt;sortOrder&gt;6&lt;/sortOrder&gt;&lt;idUnitParent&gt;5&lt;/idUnitParent&gt;&lt;ModifiedBy&gt;RadPa&lt;/ModifiedBy&gt;&lt;ModifiedOn&gt;2016-05-25T09:13:15&lt;/ModifiedOn&gt;&lt;CreatedBy&gt;RadPa&lt;/CreatedBy&gt;&lt;CreatedOn&gt;2016-05-10T14:38:08&lt;/CreatedOn&gt;&lt;unitID&gt;305&lt;/unitID&gt;&lt;routeID&gt;0&lt;/routeID&gt;&lt;ModifiedBy&gt;---&lt;/ModifiedBy&gt;&lt;ModifiedOn&gt;TimeUnavailable&lt;/ModifiedOn&gt;&lt;CreatedBy&gt;ZarKl&lt;/CreatedBy&gt;&lt;CreatedOn&gt;2017-01-18T13:42:01&lt;/CreatedOn&gt;&lt;recordID&gt;NA&lt;/recordID&gt;&lt;routeName&gt;---&lt;/routeName&gt;&lt;routeSAPID&gt;---&lt;/routeSAPID&gt;&lt;routeDesc&gt;---&lt;/routeDesc&gt;&lt;recordID&gt;NA&lt;/recordID&gt;&lt;serverName&gt;---&lt;/serverName&gt;&lt;serverConnection&gt;---&lt;/serverConnection&gt;&lt;serverActive&gt;NA&lt;/serverActive&gt;&lt;serverLastGoodResponse&gt;TimeUnavailable&lt;/serverLastGoodResponse&gt;&lt;serverLastBadResponse&gt;TimeUnavailable&lt;/serverLastBadResponse&gt;&lt;serverLastRespMessage&gt;---&lt;/serverLastRespMessage&gt;&lt;sortOrder&gt;NA&lt;/sortOrder&gt;&lt;ModifiedBy&gt;---&lt;/ModifiedBy&gt;&lt;ModifiedOn&gt;TimeUnavailable&lt;/ModifiedOn&gt;&lt;CreatedBy&gt;---&lt;/CreatedBy&gt;&lt;CreatedOn&gt;TimeUnavailable&lt;/CreatedOn&gt;&lt;childID&gt;13&lt;/childID&gt;&lt;/Row&gt;&lt;Row&gt;&lt;recordID&gt;285&lt;/recordID&gt;&lt;unitType&gt;6&lt;/unitType&gt;&lt;unitName&gt;OP20&lt;/unitName&gt;&lt;unitDescr&gt;OP20&lt;/unitDescr&gt;&lt;idUnitParent&gt;270&lt;/idUnitParent&gt;&lt;unitActive&gt;1&lt;/unitActive&gt;&lt;src&gt;Common/img/check.png&lt;/src&gt;&lt;unitSqlServer&gt;MESM&lt;/unitSqlServer&gt;&lt;unitSAPID&gt;1006&lt;/unitSAPID&gt;&lt;unitMap&gt;OP20&lt;/unitMap&gt;&lt;ModifiedBy&gt;---&lt;/ModifiedBy&gt;&lt;ModifiedOn&gt;TimeUnavailable&lt;/ModifiedOn&gt;&lt;CreatedBy&gt;ZarKl&lt;/CreatedBy&gt;&lt;CreatedOn&gt;2017-01-18T13:30:34&lt;/CreatedOn&gt;&lt;Path&gt;1-2-1-15&lt;/Path&gt;&lt;grpCount&gt;15&lt;/grpCount&gt;&lt;Level&gt;4&lt;/Level&gt;&lt;SortOrder&gt;1.00020115&lt;/SortOrder&gt;&lt;unitID&gt;NA&lt;/unitID&gt;&lt;pcoAgentID&gt;NA&lt;/pcoAgentID&gt;&lt;sqlServerID&gt;NA&lt;/sqlServerID&gt;&lt;fileAgentID&gt;NA&lt;/fileAgentID&gt;&lt;revisionID&gt;NA&lt;/revisionID&gt;&lt;ModifiedBy&gt;---&lt;/ModifiedBy&gt;&lt;ModifiedOn&gt;TimeUnavailable&lt;/ModifiedOn&gt;&lt;CreatedBy&gt;---&lt;/CreatedBy&gt;&lt;CreatedOn&gt;TimeUnavailable&lt;/CreatedOn&gt;&lt;recordID&gt;6&lt;/recordID&gt;&lt;typeName&gt;WORKCENTER&lt;/typeName&gt;&lt;typeDescription&gt;WORKCENTER LEVEL&lt;/typeDescription&gt;&lt;typeActive&gt;1&lt;/typeActive&gt;&lt;sortOrder&gt;6&lt;/sortOrder&gt;&lt;idUnitParent&gt;5&lt;/idUnitParent&gt;&lt;ModifiedBy&gt;RadPa&lt;/ModifiedBy&gt;&lt;ModifiedOn&gt;2016-05-25T09:13:15&lt;/ModifiedOn&gt;&lt;CreatedBy&gt;RadPa&lt;/CreatedBy&gt;&lt;CreatedOn&gt;2016-05-10T14:38:08&lt;/CreatedOn&gt;&lt;unitID&gt;285&lt;/unitID&gt;&lt;routeID&gt;0&lt;/routeID&gt;&lt;ModifiedBy&gt;---&lt;/ModifiedBy&gt;&lt;ModifiedOn&gt;TimeUnavailable&lt;/ModifiedOn&gt;&lt;CreatedBy&gt;ZarKl&lt;/CreatedBy&gt;&lt;CreatedOn&gt;2017-01-18T13:30:34&lt;/CreatedOn&gt;&lt;recordID&gt;NA&lt;/recordID&gt;&lt;routeName&gt;---&lt;/routeName&gt;&lt;routeSAPID&gt;---&lt;/routeSAPID&gt;&lt;routeDesc&gt;---&lt;/routeDesc&gt;&lt;recordID&gt;NA&lt;/recordID&gt;&lt;serverName&gt;---&lt;/serverName&gt;&lt;serverConnection&gt;---&lt;/serverConnection&gt;&lt;serverActive&gt;NA&lt;/serverActive&gt;&lt;serverLastGoodResponse&gt;TimeUnavailable&lt;/serverLastGoodResponse&gt;&lt;serverLastBadResponse&gt;TimeUnavailable&lt;/serverLastBadResponse&gt;&lt;serverLastRespMessage&gt;---&lt;/serverLastRespMessage&gt;&lt;sortOrder&gt;NA&lt;/sortOrder&gt;&lt;ModifiedBy&gt;---&lt;/ModifiedBy&gt;&lt;ModifiedOn&gt;TimeUnavailable&lt;/ModifiedOn&gt;&lt;CreatedBy&gt;---&lt;/CreatedBy&gt;&lt;CreatedOn&gt;TimeUnavailable&lt;/CreatedOn&gt;&lt;childID&gt;14&lt;/childID&gt;&lt;/Row&gt;&lt;Row&gt;&lt;recordID&gt;306&lt;/recordID&gt;&lt;unitType&gt;6&lt;/unitType&gt;&lt;unitName&gt;OP200&lt;/unitName&gt;&lt;unitDescr&gt;OP200&lt;/unitDescr&gt;&lt;idUnitParent&gt;270&lt;/idUnitParent&gt;&lt;unitActive&gt;1&lt;/unitActive&gt;&lt;src&gt;Common/img/check.png&lt;/src&gt;&lt;unitSqlServer&gt;MESM&lt;/unitSqlServer&gt;&lt;unitSAPID&gt;1006&lt;/unitSAPID&gt;&lt;unitMap&gt;OP200&lt;/unitMap&gt;&lt;ModifiedBy&gt;---&lt;/ModifiedBy&gt;&lt;ModifiedOn&gt;TimeUnavailable&lt;/ModifiedOn&gt;&lt;CreatedBy&gt;ZarKl&lt;/CreatedBy&gt;&lt;CreatedOn&gt;2017-01-18T13:42:19&lt;/CreatedOn&gt;&lt;Path&gt;1-2-1-16&lt;/Path&gt;&lt;grpCount&gt;16&lt;/grpCount&gt;&lt;Level&gt;4&lt;/Level&gt;&lt;SortOrder&gt;1.00020116&lt;/SortOrder&gt;&lt;unitID&gt;NA&lt;/unitID&gt;&lt;pcoAgentID&gt;NA&lt;/pcoAgentID&gt;&lt;sqlServerID&gt;NA&lt;/sqlServerID&gt;&lt;fileAgentID&gt;NA&lt;/fileAgentID&gt;&lt;revisionID&gt;NA&lt;/revisionID&gt;&lt;ModifiedBy&gt;---&lt;/ModifiedBy&gt;&lt;ModifiedOn&gt;TimeUnavailable&lt;/ModifiedOn&gt;&lt;CreatedBy&gt;---&lt;/CreatedBy&gt;&lt;CreatedOn&gt;TimeUnavailable&lt;/CreatedOn&gt;&lt;recordID&gt;6&lt;/recordID&gt;&lt;typeName&gt;WORKCENTER&lt;/typeName&gt;&lt;typeDescription&gt;WORKCENTER LEVEL&lt;/typeDescription&gt;&lt;typeActive&gt;1&lt;/typeActive&gt;&lt;sortOrder&gt;6&lt;/sortOrder&gt;&lt;idUnitParent&gt;5&lt;/idUnitParent&gt;&lt;ModifiedBy&gt;RadPa&lt;/ModifiedBy&gt;&lt;ModifiedOn&gt;2016-05-25T09:13:15&lt;/ModifiedOn&gt;&lt;CreatedBy&gt;RadPa&lt;/CreatedBy&gt;&lt;CreatedOn&gt;2016-05-10T14:38:08&lt;/CreatedOn&gt;&lt;unitID&gt;306&lt;/unitID&gt;&lt;routeID&gt;0&lt;/routeID&gt;&lt;ModifiedBy&gt;---&lt;/ModifiedBy&gt;&lt;ModifiedOn&gt;TimeUnavailable&lt;/ModifiedOn&gt;&lt;CreatedBy&gt;ZarKl&lt;/CreatedBy&gt;&lt;CreatedOn&gt;2017-01-18T13:42:19&lt;/CreatedOn&gt;&lt;recordID&gt;NA&lt;/recordID&gt;&lt;routeName&gt;---&lt;/routeName&gt;&lt;routeSAPID&gt;---&lt;/routeSAPID&gt;&lt;routeDesc&gt;---&lt;/routeDesc&gt;&lt;recordID&gt;NA&lt;/recordID&gt;&lt;serverName&gt;---&lt;/serverName&gt;&lt;serverConnection&gt;---&lt;/serverConnection&gt;&lt;serverActive&gt;NA&lt;/serverActive&gt;&lt;serverLastGoodResponse&gt;TimeUnavailable&lt;/serverLastGoodResponse&gt;&lt;serverLastBadResponse&gt;TimeUnavailable&lt;/serverLastBadResponse&gt;&lt;serverLastRespMessage&gt;---&lt;/serverLastRespMessage&gt;&lt;sortOrder&gt;NA&lt;/sortOrder&gt;&lt;ModifiedBy&gt;---&lt;/ModifiedBy&gt;&lt;ModifiedOn&gt;TimeUnavailable&lt;/ModifiedOn&gt;&lt;CreatedBy&gt;---&lt;/CreatedBy&gt;&lt;CreatedOn&gt;TimeUnavailable&lt;/CreatedOn&gt;&lt;childID&gt;15&lt;/childID&gt;&lt;/Row&gt;&lt;Row&gt;&lt;recordID&gt;307&lt;/recordID&gt;&lt;unitType&gt;6&lt;/unitType&gt;&lt;unitName&gt;OP220&lt;/unitName&gt;&lt;unitDescr&gt;OP220&lt;/unitDescr&gt;&lt;idUnitParent&gt;270&lt;/idUnitParent&gt;&lt;unitActive&gt;1&lt;/unitActive&gt;&lt;src&gt;Common/img/check.png&lt;/src&gt;&lt;unitSqlServer&gt;MESM&lt;/unitSqlServer&gt;&lt;unitSAPID&gt;1006&lt;/unitSAPID&gt;&lt;unitMap&gt;OP220&lt;/unitMap&gt;&lt;ModifiedBy&gt;---&lt;/ModifiedBy&gt;&lt;ModifiedOn&gt;TimeUnavailable&lt;/ModifiedOn&gt;&lt;CreatedBy&gt;ZarKl&lt;/CreatedBy&gt;&lt;CreatedOn&gt;2017-01-18T13:42:57&lt;/CreatedOn&gt;&lt;Path&gt;1-2-1-17&lt;/Path&gt;&lt;grpCount&gt;17&lt;/grpCount&gt;&lt;Level&gt;4&lt;/Level&gt;&lt;SortOrder&gt;1.00020117&lt;/SortOrder&gt;&lt;unitID&gt;NA&lt;/unitID&gt;&lt;pcoAgentID&gt;NA&lt;/pcoAgentID&gt;&lt;sqlServerID&gt;NA&lt;/sqlServerID&gt;&lt;fileAgentID&gt;NA&lt;/fileAgentID&gt;&lt;revisionID&gt;NA&lt;/revisionID&gt;&lt;ModifiedBy&gt;---&lt;/ModifiedBy&gt;&lt;ModifiedOn&gt;TimeUnavailable&lt;/ModifiedOn&gt;&lt;CreatedBy&gt;---&lt;/CreatedBy&gt;&lt;CreatedOn&gt;TimeUnavailable&lt;/CreatedOn&gt;&lt;recordID&gt;6&lt;/recordID&gt;&lt;typeName&gt;WORKCENTER&lt;/typeName&gt;&lt;typeDescription&gt;WORKCENTER LEVEL&lt;/typeDescription&gt;&lt;typeActive&gt;1&lt;/typeActive&gt;&lt;sortOrder&gt;6&lt;/sortOrder&gt;&lt;idUnitParent&gt;5&lt;/idUnitParent&gt;&lt;ModifiedBy&gt;RadPa&lt;/ModifiedBy&gt;&lt;ModifiedOn&gt;2016-05-25T09:13:15&lt;/ModifiedOn&gt;&lt;CreatedBy&gt;RadPa&lt;/CreatedBy&gt;&lt;CreatedOn&gt;2016-05-10T14:38:08&lt;/CreatedOn&gt;&lt;unitID&gt;307&lt;/unitID&gt;&lt;routeID&gt;0&lt;/routeID&gt;&lt;ModifiedBy&gt;---&lt;/ModifiedBy&gt;&lt;ModifiedOn&gt;TimeUnavailable&lt;/ModifiedOn&gt;&lt;CreatedBy&gt;ZarKl&lt;/CreatedBy&gt;&lt;CreatedOn&gt;2017-01-18T13:42:57&lt;/CreatedOn&gt;&lt;recordID&gt;NA&lt;/recordID&gt;&lt;routeName&gt;---&lt;/routeName&gt;&lt;routeSAPID&gt;---&lt;/routeSAPID&gt;&lt;routeDesc&gt;---&lt;/routeDesc&gt;&lt;recordID&gt;NA&lt;/recordID&gt;&lt;serverName&gt;---&lt;/serverName&gt;&lt;serverConnection&gt;---&lt;/serverConnection&gt;&lt;serverActive&gt;NA&lt;/serverActive&gt;&lt;serverLastGoodResponse&gt;TimeUnavailable&lt;/serverLastGoodResponse&gt;&lt;serverLastBadResponse&gt;TimeUnavailable&lt;/serverLastBadResponse&gt;&lt;serverLastRespMessage&gt;---&lt;/serverLastRespMessage&gt;&lt;sortOrder&gt;NA&lt;/sortOrder&gt;&lt;ModifiedBy&gt;---&lt;/ModifiedBy&gt;&lt;ModifiedOn&gt;TimeUnavailable&lt;/ModifiedOn&gt;&lt;CreatedBy&gt;---&lt;/CreatedBy&gt;&lt;CreatedOn&gt;TimeUnavailable&lt;/CreatedOn&gt;&lt;childID&gt;16&lt;/childID&gt;&lt;/Row&gt;&lt;Row&gt;&lt;recordID&gt;308&lt;/recordID&gt;&lt;unitType&gt;6&lt;/unitType&gt;&lt;unitName&gt;OP225&lt;/unitName&gt;&lt;unitDescr&gt;OP225&lt;/unitDescr&gt;&lt;idUnitParent&gt;270&lt;/idUnitParent&gt;&lt;unitActive&gt;1&lt;/unitActive&gt;&lt;src&gt;Common/img/check.png&lt;/src&gt;&lt;unitSqlServer&gt;MESM&lt;/unitSqlServer&gt;&lt;unitSAPID&gt;1006&lt;/unitSAPID&gt;&lt;unitMap&gt;OP225&lt;/unitMap&gt;&lt;ModifiedBy&gt;---&lt;/ModifiedBy&gt;&lt;ModifiedOn&gt;TimeUnavailable&lt;/ModifiedOn&gt;&lt;CreatedBy&gt;ZarKl&lt;/CreatedBy&gt;&lt;CreatedOn&gt;2017-01-18T13:44:18&lt;/CreatedOn&gt;&lt;Path&gt;1-2-1-18&lt;/Path&gt;&lt;grpCount&gt;18&lt;/grpCount&gt;&lt;Level&gt;4&lt;/Level&gt;&lt;SortOrder&gt;1.00020118&lt;/SortOrder&gt;&lt;unitID&gt;NA&lt;/unitID&gt;&lt;pcoAgentID&gt;NA&lt;/pcoAgentID&gt;&lt;sqlServerID&gt;NA&lt;/sqlServerID&gt;&lt;fileAgentID&gt;NA&lt;/fileAgentID&gt;&lt;revisionID&gt;NA&lt;/revisionID&gt;&lt;ModifiedBy&gt;---&lt;/ModifiedBy&gt;&lt;ModifiedOn&gt;TimeUnavailable&lt;/ModifiedOn&gt;&lt;CreatedBy&gt;---&lt;/CreatedBy&gt;&lt;CreatedOn&gt;TimeUnavailable&lt;/CreatedOn&gt;&lt;recordID&gt;6&lt;/recordID&gt;&lt;typeName&gt;WORKCENTER&lt;/typeName&gt;&lt;typeDescription&gt;WORKCENTER LEVEL&lt;/typeDescription&gt;&lt;typeActive&gt;1&lt;/typeActive&gt;&lt;sortOrder&gt;6&lt;/sortOrder&gt;&lt;idUnitParent&gt;5&lt;/idUnitParent&gt;&lt;ModifiedBy&gt;RadPa&lt;/ModifiedBy&gt;&lt;ModifiedOn&gt;2016-05-25T09:13:15&lt;/ModifiedOn&gt;&lt;CreatedBy&gt;RadPa&lt;/CreatedBy&gt;&lt;CreatedOn&gt;2016-05-10T14:38:08&lt;/CreatedOn&gt;&lt;unitID&gt;308&lt;/unitID&gt;&lt;routeID&gt;0&lt;/routeID&gt;&lt;ModifiedBy&gt;---&lt;/ModifiedBy&gt;&lt;ModifiedOn&gt;TimeUnavailable&lt;/ModifiedOn&gt;&lt;CreatedBy&gt;ZarKl&lt;/CreatedBy&gt;&lt;CreatedOn&gt;2017-01-18T13:44:18&lt;/CreatedOn&gt;&lt;recordID&gt;NA&lt;/recordID&gt;&lt;routeName&gt;---&lt;/routeName&gt;&lt;routeSAPID&gt;---&lt;/routeSAPID&gt;&lt;routeDesc&gt;---&lt;/routeDesc&gt;&lt;recordID&gt;NA&lt;/recordID&gt;&lt;serverName&gt;---&lt;/serverName&gt;&lt;serverConnection&gt;---&lt;/serverConnection&gt;&lt;serverActive&gt;NA&lt;/serverActive&gt;&lt;serverLastGoodResponse&gt;TimeUnavailable&lt;/serverLastGoodResponse&gt;&lt;serverLastBadResponse&gt;TimeUnavailable&lt;/serverLastBadResponse&gt;&lt;serverLastRespMessage&gt;---&lt;/serverLastRespMessage&gt;&lt;sortOrder&gt;NA&lt;/sortOrder&gt;&lt;ModifiedBy&gt;---&lt;/ModifiedBy&gt;&lt;ModifiedOn&gt;TimeUnavailable&lt;/ModifiedOn&gt;&lt;CreatedBy&gt;---&lt;/CreatedBy&gt;&lt;CreatedOn&gt;TimeUnavailable&lt;/CreatedOn&gt;&lt;childID&gt;17&lt;/childID&gt;&lt;/Row&gt;&lt;Row&gt;&lt;recordID&gt;309&lt;/recordID&gt;&lt;unitType&gt;6&lt;/unitType&gt;&lt;unitName&gt;OP230&lt;/unitName&gt;&lt;unitDescr&gt;OP230&lt;/unitDescr&gt;&lt;idUnitParent&gt;270&lt;/idUnitParent&gt;&lt;unitActive&gt;1&lt;/unitActive&gt;&lt;src&gt;Common/img/check.png&lt;/src&gt;&lt;unitSqlServer&gt;MESM&lt;/unitSqlServer&gt;&lt;unitSAPID&gt;1006&lt;/unitSAPID&gt;&lt;unitMap&gt;OP230&lt;/unitMap&gt;&lt;ModifiedBy&gt;---&lt;/ModifiedBy&gt;&lt;ModifiedOn&gt;TimeUnavailable&lt;/ModifiedOn&gt;&lt;CreatedBy&gt;ZarKl&lt;/CreatedBy&gt;&lt;CreatedOn&gt;2017-01-18T13:44:41&lt;/CreatedOn&gt;&lt;Path&gt;1-2-1-19&lt;/Path&gt;&lt;grpCount&gt;19&lt;/grpCount&gt;&lt;Level&gt;4&lt;/Level&gt;&lt;SortOrder&gt;1.00020119&lt;/SortOrder&gt;&lt;unitID&gt;NA&lt;/unitID&gt;&lt;pcoAgentID&gt;NA&lt;/pcoAgentID&gt;&lt;sqlServerID&gt;NA&lt;/sqlServerID&gt;&lt;fileAgentID&gt;NA&lt;/fileAgentID&gt;&lt;revisionID&gt;NA&lt;/revisionID&gt;&lt;ModifiedBy&gt;---&lt;/ModifiedBy&gt;&lt;ModifiedOn&gt;TimeUnavailable&lt;/ModifiedOn&gt;&lt;CreatedBy&gt;---&lt;/CreatedBy&gt;&lt;CreatedOn&gt;TimeUnavailable&lt;/CreatedOn&gt;&lt;recordID&gt;6&lt;/recordID&gt;&lt;typeName&gt;WORKCENTER&lt;/typeName&gt;&lt;typeDescription&gt;WORKCENTER LEVEL&lt;/typeDescription&gt;&lt;typeActive&gt;1&lt;/typeActive&gt;&lt;sortOrder&gt;6&lt;/sortOrder&gt;&lt;idUnitParent&gt;5&lt;/idUnitParent&gt;&lt;ModifiedBy&gt;RadPa&lt;/ModifiedBy&gt;&lt;ModifiedOn&gt;2016-05-25T09:13:15&lt;/ModifiedOn&gt;&lt;CreatedBy&gt;RadPa&lt;/CreatedBy&gt;&lt;CreatedOn&gt;2016-05-10T14:38:08&lt;/CreatedOn&gt;&lt;unitID&gt;309&lt;/unitID&gt;&lt;routeID&gt;0&lt;/routeID&gt;&lt;ModifiedBy&gt;---&lt;/ModifiedBy&gt;&lt;ModifiedOn&gt;TimeUnavailable&lt;/ModifiedOn&gt;&lt;CreatedBy&gt;ZarKl&lt;/CreatedBy&gt;&lt;CreatedOn&gt;2017-01-18T13:44:41&lt;/CreatedOn&gt;&lt;recordID&gt;NA&lt;/recordID&gt;&lt;routeName&gt;---&lt;/routeName&gt;&lt;routeSAPID&gt;---&lt;/routeSAPID&gt;&lt;routeDesc&gt;---&lt;/routeDesc&gt;&lt;recordID&gt;NA&lt;/recordID&gt;&lt;serverName&gt;---&lt;/serverName&gt;&lt;serverConnection&gt;---&lt;/serverConnection&gt;&lt;serverActive&gt;NA&lt;/serverActive&gt;&lt;serverLastGoodResponse&gt;TimeUnavailable&lt;/serverLastGoodResponse&gt;&lt;serverLastBadResponse&gt;TimeUnavailable&lt;/serverLastBadResponse&gt;&lt;serverLastRespMessage&gt;---&lt;/serverLastRespMessage&gt;&lt;sortOrder&gt;NA&lt;/sortOrder&gt;&lt;ModifiedBy&gt;---&lt;/ModifiedBy&gt;&lt;ModifiedOn&gt;TimeUnavailable&lt;/ModifiedOn&gt;&lt;CreatedBy&gt;---&lt;/CreatedBy&gt;&lt;CreatedOn&gt;TimeUnavailable&lt;/CreatedOn&gt;&lt;childID&gt;18&lt;/childID&gt;&lt;/Row&gt;&lt;Row&gt;&lt;recordID&gt;310&lt;/recordID&gt;&lt;unitType&gt;6&lt;/unitType&gt;&lt;unitName&gt;OP235&lt;/unitName&gt;&lt;unitDescr&gt;OP235&lt;/unitDescr&gt;&lt;idUnitParent&gt;270&lt;/idUnitParent&gt;&lt;unitActive&gt;1&lt;/unitActive&gt;&lt;src&gt;Common/img/check.png&lt;/src&gt;&lt;unitSqlServer&gt;MESM&lt;/unitSqlServer&gt;&lt;unitSAPID&gt;1006&lt;/unitSAPID&gt;&lt;unitMap&gt;OP235&lt;/unitMap&gt;&lt;ModifiedBy&gt;---&lt;/ModifiedBy&gt;&lt;ModifiedOn&gt;TimeUnavailable&lt;/ModifiedOn&gt;&lt;CreatedBy&gt;ZarKl&lt;/CreatedBy&gt;&lt;CreatedOn&gt;2017-01-18T13:45:30&lt;/CreatedOn&gt;&lt;Path&gt;1-2-1-20&lt;/Path&gt;&lt;grpCount&gt;20&lt;/grpCount&gt;&lt;Level&gt;4&lt;/Level&gt;&lt;SortOrder&gt;1.0002012&lt;/SortOrder&gt;&lt;unitID&gt;NA&lt;/unitID&gt;&lt;pcoAgentID&gt;NA&lt;/pcoAgentID&gt;&lt;sqlServerID&gt;NA&lt;/sqlServerID&gt;&lt;fileAgentID&gt;NA&lt;/fileAgentID&gt;&lt;revisionID&gt;NA&lt;/revisionID&gt;&lt;ModifiedBy&gt;---&lt;/ModifiedBy&gt;&lt;ModifiedOn&gt;TimeUnavailable&lt;/ModifiedOn&gt;&lt;CreatedBy&gt;---&lt;/CreatedBy&gt;&lt;CreatedOn&gt;TimeUnavailable&lt;/CreatedOn&gt;&lt;recordID&gt;6&lt;/recordID&gt;&lt;typeName&gt;WORKCENTER&lt;/typeName&gt;&lt;typeDescription&gt;WORKCENTER LEVEL&lt;/typeDescription&gt;&lt;typeActive&gt;1&lt;/typeActive&gt;&lt;sortOrder&gt;6&lt;/sortOrder&gt;&lt;idUnitParent&gt;5&lt;/idUnitParent&gt;&lt;ModifiedBy&gt;RadPa&lt;/ModifiedBy&gt;&lt;ModifiedOn&gt;2016-05-25T09:13:15&lt;/ModifiedOn&gt;&lt;CreatedBy&gt;RadPa&lt;/CreatedBy&gt;&lt;CreatedOn&gt;2016-05-10T14:38:08&lt;/CreatedOn&gt;&lt;unitID&gt;310&lt;/unitID&gt;&lt;routeID&gt;0&lt;/routeID&gt;&lt;ModifiedBy&gt;---&lt;/ModifiedBy&gt;&lt;ModifiedOn&gt;TimeUnavailable&lt;/ModifiedOn&gt;&lt;CreatedBy&gt;ZarKl&lt;/CreatedBy&gt;&lt;CreatedOn&gt;2017-01-18T13:45:30&lt;/CreatedOn&gt;&lt;recordID&gt;NA&lt;/recordID&gt;&lt;routeName&gt;---&lt;/routeName&gt;&lt;routeSAPID&gt;---&lt;/routeSAPID&gt;&lt;routeDesc&gt;---&lt;/routeDesc&gt;&lt;recordID&gt;NA&lt;/recordID&gt;&lt;serverName&gt;---&lt;/serverName&gt;&lt;serverConnection&gt;---&lt;/serverConnection&gt;&lt;serverActive&gt;NA&lt;/serverActive&gt;&lt;serverLastGoodResponse&gt;TimeUnavailable&lt;/serverLastGoodResponse&gt;&lt;serverLastBadResponse&gt;TimeUnavailable&lt;/serverLastBadResponse&gt;&lt;serverLastRespMessage&gt;---&lt;/serverLastRespMessage&gt;&lt;sortOrder&gt;NA&lt;/sortOrder&gt;&lt;ModifiedBy&gt;---&lt;/ModifiedBy&gt;&lt;ModifiedOn&gt;TimeUnavailable&lt;/ModifiedOn&gt;&lt;CreatedBy&gt;---&lt;/CreatedBy&gt;&lt;CreatedOn&gt;TimeUnavailable&lt;/CreatedOn&gt;&lt;childID&gt;19&lt;/childID&gt;&lt;/Row&gt;&lt;Row&gt;&lt;recordID&gt;311&lt;/recordID&gt;&lt;unitType&gt;6&lt;/unitType&gt;&lt;unitName&gt;OP240&lt;/unitName&gt;&lt;unitDescr&gt;OP240&lt;/unitDescr&gt;&lt;idUnitParent&gt;270&lt;/idUnitParent&gt;&lt;unitActive&gt;1&lt;/unitActive&gt;&lt;src&gt;Common/img/check.png&lt;/src&gt;&lt;unitSqlServer&gt;MESM&lt;/unitSqlServer&gt;&lt;unitSAPID&gt;1006&lt;/unitSAPID&gt;&lt;unitMap&gt;OP240&lt;/unitMap&gt;&lt;ModifiedBy&gt;---&lt;/ModifiedBy&gt;&lt;ModifiedOn&gt;TimeUnavailable&lt;/ModifiedOn&gt;&lt;CreatedBy&gt;ZarKl&lt;/CreatedBy&gt;&lt;CreatedOn&gt;2017-01-18T13:45:49&lt;/CreatedOn&gt;&lt;Path&gt;1-2-1-21&lt;/Path&gt;&lt;grpCount&gt;21&lt;/grpCount&gt;&lt;Level&gt;4&lt;/Level&gt;&lt;SortOrder&gt;1.00020121&lt;/SortOrder&gt;&lt;unitID&gt;NA&lt;/unitID&gt;&lt;pcoAgentID&gt;NA&lt;/pcoAgentID&gt;&lt;sqlServerID&gt;NA&lt;/sqlServerID&gt;&lt;fileAgentID&gt;NA&lt;/fileAgentID&gt;&lt;revisionID&gt;NA&lt;/revisionID&gt;&lt;ModifiedBy&gt;---&lt;/ModifiedBy&gt;&lt;ModifiedOn&gt;TimeUnavailable&lt;/ModifiedOn&gt;&lt;CreatedBy&gt;---&lt;/CreatedBy&gt;&lt;CreatedOn&gt;TimeUnavailable&lt;/CreatedOn&gt;&lt;recordID&gt;6&lt;/recordID&gt;&lt;typeName&gt;WORKCENTER&lt;/typeName&gt;&lt;typeDescription&gt;WORKCENTER LEVEL&lt;/typeDescription&gt;&lt;typeActive&gt;1&lt;/typeActive&gt;&lt;sortOrder&gt;6&lt;/sortOrder&gt;&lt;idUnitParent&gt;5&lt;/idUnitParent&gt;&lt;ModifiedBy&gt;RadPa&lt;/ModifiedBy&gt;&lt;ModifiedOn&gt;2016-05-25T09:13:15&lt;/ModifiedOn&gt;&lt;CreatedBy&gt;RadPa&lt;/CreatedBy&gt;&lt;CreatedOn&gt;2016-05-10T14:38:08&lt;/CreatedOn&gt;&lt;unitID&gt;311&lt;/unitID&gt;&lt;routeID&gt;0&lt;/routeID&gt;&lt;ModifiedBy&gt;---&lt;/ModifiedBy&gt;&lt;ModifiedOn&gt;TimeUnavailable&lt;/ModifiedOn&gt;&lt;CreatedBy&gt;ZarKl&lt;/CreatedBy&gt;&lt;CreatedOn&gt;2017-01-18T13:45:49&lt;/CreatedOn&gt;&lt;recordID&gt;NA&lt;/recordID&gt;&lt;routeName&gt;---&lt;/routeName&gt;&lt;routeSAPID&gt;---&lt;/routeSAPID&gt;&lt;routeDesc&gt;---&lt;/routeDesc&gt;&lt;recordID&gt;NA&lt;/recordID&gt;&lt;serverName&gt;---&lt;/serverName&gt;&lt;serverConnection&gt;---&lt;/serverConnection&gt;&lt;serverActive&gt;NA&lt;/serverActive&gt;&lt;serverLastGoodResponse&gt;TimeUnavailable&lt;/serverLastGoodResponse&gt;&lt;serverLastBadResponse&gt;TimeUnavailable&lt;/serverLastBadResponse&gt;&lt;serverLastRespMessage&gt;---&lt;/serverLastRespMessage&gt;&lt;sortOrder&gt;NA&lt;/sortOrder&gt;&lt;ModifiedBy&gt;---&lt;/ModifiedBy&gt;&lt;ModifiedOn&gt;TimeUnavailable&lt;/ModifiedOn&gt;&lt;CreatedBy&gt;---&lt;/CreatedBy&gt;&lt;CreatedOn&gt;TimeUnavailable&lt;/CreatedOn&gt;&lt;childID&gt;20&lt;/childID&gt;&lt;/Row&gt;&lt;Row&gt;&lt;recordID&gt;312&lt;/recordID&gt;&lt;unitType&gt;6&lt;/unitType&gt;&lt;unitName&gt;OP250&lt;/unitName&gt;&lt;unitDescr&gt;OP250&lt;/unitDescr&gt;&lt;idUnitParent&gt;270&lt;/idUnitParent&gt;&lt;unitActive&gt;1&lt;/unitActive&gt;&lt;src&gt;Common/img/check.png&lt;/src&gt;&lt;unitSqlServer&gt;MESM&lt;/unitSqlServer&gt;&lt;unitSAPID&gt;1006&lt;/unitSAPID&gt;&lt;unitMap&gt;OP250&lt;/unitMap&gt;&lt;ModifiedBy&gt;---&lt;/ModifiedBy&gt;&lt;ModifiedOn&gt;TimeUnavailable&lt;/ModifiedOn&gt;&lt;CreatedBy&gt;ZarKl&lt;/CreatedBy&gt;&lt;CreatedOn&gt;2017-01-18T13:46:06&lt;/CreatedOn&gt;&lt;Path&gt;1-2-1-22&lt;/Path&gt;&lt;grpCount&gt;22&lt;/grpCount&gt;&lt;Level&gt;4&lt;/Level&gt;&lt;SortOrder&gt;1.00020122&lt;/SortOrder&gt;&lt;unitID&gt;NA&lt;/unitID&gt;&lt;pcoAgentID&gt;NA&lt;/pcoAgentID&gt;&lt;sqlServerID&gt;NA&lt;/sqlServerID&gt;&lt;fileAgentID&gt;NA&lt;/fileAgentID&gt;&lt;revisionID&gt;NA&lt;/revisionID&gt;&lt;ModifiedBy&gt;---&lt;/ModifiedBy&gt;&lt;ModifiedOn&gt;TimeUnavailable&lt;/ModifiedOn&gt;&lt;CreatedBy&gt;---&lt;/CreatedBy&gt;&lt;CreatedOn&gt;TimeUnavailable&lt;/CreatedOn&gt;&lt;recordID&gt;6&lt;/recordID&gt;&lt;typeName&gt;WORKCENTER&lt;/typeName&gt;&lt;typeDescription&gt;WORKCENTER LEVEL&lt;/typeDescription&gt;&lt;typeActive&gt;1&lt;/typeActive&gt;&lt;sortOrder&gt;6&lt;/sortOrder&gt;&lt;idUnitParent&gt;5&lt;/idUnitParent&gt;&lt;ModifiedBy&gt;RadPa&lt;/ModifiedBy&gt;&lt;ModifiedOn&gt;2016-05-25T09:13:15&lt;/ModifiedOn&gt;&lt;CreatedBy&gt;RadPa&lt;/CreatedBy&gt;&lt;CreatedOn&gt;2016-05-10T14:38:08&lt;/CreatedOn&gt;&lt;unitID&gt;312&lt;/unitID&gt;&lt;routeID&gt;0&lt;/routeID&gt;&lt;ModifiedBy&gt;---&lt;/ModifiedBy&gt;&lt;ModifiedOn&gt;TimeUnavailable&lt;/ModifiedOn&gt;&lt;CreatedBy&gt;ZarKl&lt;/CreatedBy&gt;&lt;CreatedOn&gt;2017-01-18T13:46:06&lt;/CreatedOn&gt;&lt;recordID&gt;NA&lt;/recordID&gt;&lt;routeName&gt;---&lt;/routeName&gt;&lt;routeSAPID&gt;---&lt;/routeSAPID&gt;&lt;routeDesc&gt;---&lt;/routeDesc&gt;&lt;recordID&gt;NA&lt;/recordID&gt;&lt;serverName&gt;---&lt;/serverName&gt;&lt;serverConnection&gt;---&lt;/serverConnection&gt;&lt;serverActive&gt;NA&lt;/serverActive&gt;&lt;serverLastGoodResponse&gt;TimeUnavailable&lt;/serverLastGoodResponse&gt;&lt;serverLastBadResponse&gt;TimeUnavailable&lt;/serverLastBadResponse&gt;&lt;serverLastRespMessage&gt;---&lt;/serverLastRespMessage&gt;&lt;sortOrder&gt;NA&lt;/sortOrder&gt;&lt;ModifiedBy&gt;---&lt;/ModifiedBy&gt;&lt;ModifiedOn&gt;TimeUnavailable&lt;/ModifiedOn&gt;&lt;CreatedBy&gt;---&lt;/CreatedBy&gt;&lt;CreatedOn&gt;TimeUnavailable&lt;/CreatedOn&gt;&lt;childID&gt;21&lt;/childID&gt;&lt;/Row&gt;&lt;Row&gt;&lt;recordID&gt;286&lt;/recordID&gt;&lt;unitType&gt;6&lt;/unitType&gt;&lt;unitName&gt;OP30&lt;/unitName&gt;&lt;unitDescr&gt;OP30&lt;/unitDescr&gt;&lt;idUnitParent&gt;270&lt;/idUnitParent&gt;&lt;unitActive&gt;1&lt;/unitActive&gt;&lt;src&gt;Common/img/check.png&lt;/src&gt;&lt;unitSqlServer&gt;MESM&lt;/unitSqlServer&gt;&lt;unitSAPID&gt;1006&lt;/unitSAPID&gt;&lt;unitMap&gt;OP30&lt;/unitMap&gt;&lt;ModifiedBy&gt;---&lt;/ModifiedBy&gt;&lt;ModifiedOn&gt;TimeUnavailable&lt;/ModifiedOn&gt;&lt;CreatedBy&gt;ZarKl&lt;/CreatedBy&gt;&lt;CreatedOn&gt;2017-01-18T13:31:37&lt;/CreatedOn&gt;&lt;Path&gt;1-2-1-23&lt;/Path&gt;&lt;grpCount&gt;23&lt;/grpCount&gt;&lt;Level&gt;4&lt;/Level&gt;&lt;SortOrder&gt;1.00020123&lt;/SortOrder&gt;&lt;unitID&gt;NA&lt;/unitID&gt;&lt;pcoAgentID&gt;NA&lt;/pcoAgentID&gt;&lt;sqlServerID&gt;NA&lt;/sqlServerID&gt;&lt;fileAgentID&gt;NA&lt;/fileAgentID&gt;&lt;revisionID&gt;NA&lt;/revisionID&gt;&lt;ModifiedBy&gt;---&lt;/ModifiedBy&gt;&lt;ModifiedOn&gt;TimeUnavailable&lt;/ModifiedOn&gt;&lt;CreatedBy&gt;---&lt;/CreatedBy&gt;&lt;CreatedOn&gt;TimeUnavailable&lt;/CreatedOn&gt;&lt;recordID&gt;6&lt;/recordID&gt;&lt;typeName&gt;WORKCENTER&lt;/typeName&gt;&lt;typeDescription&gt;WORKCENTER LEVEL&lt;/typeDescription&gt;&lt;typeActive&gt;1&lt;/typeActive&gt;&lt;sortOrder&gt;6&lt;/sortOrder&gt;&lt;idUnitParent&gt;5&lt;/idUnitParent&gt;&lt;ModifiedBy&gt;RadPa&lt;/ModifiedBy&gt;&lt;ModifiedOn&gt;2016-05-25T09:13:15&lt;/ModifiedOn&gt;&lt;CreatedBy&gt;RadPa&lt;/CreatedBy&gt;&lt;CreatedOn&gt;2016-05-10T14:38:08&lt;/CreatedOn&gt;&lt;unitID&gt;286&lt;/unitID&gt;&lt;routeID&gt;0&lt;/routeID&gt;&lt;ModifiedBy&gt;---&lt;/ModifiedBy&gt;&lt;ModifiedOn&gt;TimeUnavailable&lt;/ModifiedOn&gt;&lt;CreatedBy&gt;ZarKl&lt;/CreatedBy&gt;&lt;CreatedOn&gt;2017-01-18T13:31:37&lt;/CreatedOn&gt;&lt;recordID&gt;NA&lt;/recordID&gt;&lt;routeName&gt;---&lt;/routeName&gt;&lt;routeSAPID&gt;---&lt;/routeSAPID&gt;&lt;routeDesc&gt;---&lt;/routeDesc&gt;&lt;recordID&gt;NA&lt;/recordID&gt;&lt;serverName&gt;---&lt;/serverName&gt;&lt;serverConnection&gt;---&lt;/serverConnection&gt;&lt;serverActive&gt;NA&lt;/serverActive&gt;&lt;serverLastGoodResponse&gt;TimeUnavailable&lt;/serverLastGoodResponse&gt;&lt;serverLastBadResponse&gt;TimeUnavailable&lt;/serverLastBadResponse&gt;&lt;serverLastRespMessage&gt;---&lt;/serverLastRespMessage&gt;&lt;sortOrder&gt;NA&lt;/sortOrder&gt;&lt;ModifiedBy&gt;---&lt;/ModifiedBy&gt;&lt;ModifiedOn&gt;TimeUnavailable&lt;/ModifiedOn&gt;&lt;CreatedBy&gt;---&lt;/CreatedBy&gt;&lt;CreatedOn&gt;TimeUnavailable&lt;/CreatedOn&gt;&lt;childID&gt;22&lt;/childID&gt;&lt;/Row&gt;&lt;Row&gt;&lt;recordID&gt;287&lt;/recordID&gt;&lt;unitType&gt;6&lt;/unitType&gt;&lt;unitName&gt;OP40&lt;/unitName&gt;&lt;unitDescr&gt;OP40&lt;/unitDescr&gt;&lt;idUnitParent&gt;270&lt;/idUnitParent&gt;&lt;unitActive&gt;1&lt;/unitActive&gt;&lt;src&gt;Common/img/check.png&lt;/src&gt;&lt;unitSqlServer&gt;MESM&lt;/unitSqlServer&gt;&lt;unitSAPID&gt;1006&lt;/unitSAPID&gt;&lt;unitMap&gt;OP40&lt;/unitMap&gt;&lt;ModifiedBy&gt;---&lt;/ModifiedBy&gt;&lt;ModifiedOn&gt;TimeUnavailable&lt;/ModifiedOn&gt;&lt;CreatedBy&gt;ZarKl&lt;/CreatedBy&gt;&lt;CreatedOn&gt;2017-01-18T13:32:22&lt;/CreatedOn&gt;&lt;Path&gt;1-2-1-24&lt;/Path&gt;&lt;grpCount&gt;24&lt;/grpCount&gt;&lt;Level&gt;4&lt;/Level&gt;&lt;SortOrder&gt;1.00020124&lt;/SortOrder&gt;&lt;unitID&gt;NA&lt;/unitID&gt;&lt;pcoAgentID&gt;NA&lt;/pcoAgentID&gt;&lt;sqlServerID&gt;NA&lt;/sqlServerID&gt;&lt;fileAgentID&gt;NA&lt;/fileAgentID&gt;&lt;revisionID&gt;NA&lt;/revisionID&gt;&lt;ModifiedBy&gt;---&lt;/ModifiedBy&gt;&lt;ModifiedOn&gt;TimeUnavailable&lt;/ModifiedOn&gt;&lt;CreatedBy&gt;---&lt;/CreatedBy&gt;&lt;CreatedOn&gt;TimeUnavailable&lt;/CreatedOn&gt;&lt;recordID&gt;6&lt;/recordID&gt;&lt;typeName&gt;WORKCENTER&lt;/typeName&gt;&lt;typeDescription&gt;WORKCENTER LEVEL&lt;/typeDescription&gt;&lt;typeActive&gt;1&lt;/typeActive&gt;&lt;sortOrder&gt;6&lt;/sortOrder&gt;&lt;idUnitParent&gt;5&lt;/idUnitParent&gt;&lt;ModifiedBy&gt;RadPa&lt;/ModifiedBy&gt;&lt;ModifiedOn&gt;2016-05-25T09:13:15&lt;/ModifiedOn&gt;&lt;CreatedBy&gt;RadPa&lt;/CreatedBy&gt;&lt;CreatedOn&gt;2016-05-10T14:38:08&lt;/CreatedOn&gt;&lt;unitID&gt;287&lt;/unitID&gt;&lt;routeID&gt;0&lt;/routeID&gt;&lt;ModifiedBy&gt;---&lt;/ModifiedBy&gt;&lt;ModifiedOn&gt;TimeUnavailable&lt;/ModifiedOn&gt;&lt;CreatedBy&gt;ZarKl&lt;/CreatedBy&gt;&lt;CreatedOn&gt;2017-01-18T13:32:22&lt;/CreatedOn&gt;&lt;recordID&gt;NA&lt;/recordID&gt;&lt;routeName&gt;---&lt;/routeName&gt;&lt;routeSAPID&gt;---&lt;/routeSAPID&gt;&lt;routeDesc&gt;---&lt;/routeDesc&gt;&lt;recordID&gt;NA&lt;/recordID&gt;&lt;serverName&gt;---&lt;/serverName&gt;&lt;serverConnection&gt;---&lt;/serverConnection&gt;&lt;serverActive&gt;NA&lt;/serverActive&gt;&lt;serverLastGoodResponse&gt;TimeUnavailable&lt;/serverLastGoodResponse&gt;&lt;serverLastBadResponse&gt;TimeUnavailable&lt;/serverLastBadResponse&gt;&lt;serverLastRespMessage&gt;---&lt;/serverLastRespMessage&gt;&lt;sortOrder&gt;NA&lt;/sortOrder&gt;&lt;ModifiedBy&gt;---&lt;/ModifiedBy&gt;&lt;ModifiedOn&gt;TimeUnavailable&lt;/ModifiedOn&gt;&lt;CreatedBy&gt;---&lt;/CreatedBy&gt;&lt;CreatedOn&gt;TimeUnavailable&lt;/CreatedOn&gt;&lt;childID&gt;23&lt;/childID&gt;&lt;/Row&gt;&lt;Row&gt;&lt;recordID&gt;288&lt;/recordID&gt;&lt;unitType&gt;6&lt;/unitType&gt;&lt;unitName&gt;OP50&lt;/unitName&gt;&lt;unitDescr&gt;OP50&lt;/unitDescr&gt;&lt;idUnitParent&gt;270&lt;/idUnitParent&gt;&lt;unitActive&gt;1&lt;/unitActive&gt;&lt;src&gt;Common/img/check.png&lt;/src&gt;&lt;unitSqlServer&gt;MESM&lt;/unitSqlServer&gt;&lt;unitSAPID&gt;1006&lt;/unitSAPID&gt;&lt;unitMap&gt;OP50&lt;/unitMap&gt;&lt;ModifiedBy&gt;---&lt;/ModifiedBy&gt;&lt;ModifiedOn&gt;TimeUnavailable&lt;/ModifiedOn&gt;&lt;CreatedBy&gt;ZarKl&lt;/CreatedBy&gt;&lt;CreatedOn&gt;2017-01-18T13:32:48&lt;/CreatedOn&gt;&lt;Path&gt;1-2-1-25&lt;/Path&gt;&lt;grpCount&gt;25&lt;/grpCount&gt;&lt;Level&gt;4&lt;/Level&gt;&lt;SortOrder&gt;1.00020125&lt;/SortOrder&gt;&lt;unitID&gt;NA&lt;/unitID&gt;&lt;pcoAgentID&gt;NA&lt;/pcoAgentID&gt;&lt;sqlServerID&gt;NA&lt;/sqlServerID&gt;&lt;fileAgentID&gt;NA&lt;/fileAgentID&gt;&lt;revisionID&gt;NA&lt;/revisionID&gt;&lt;ModifiedBy&gt;---&lt;/ModifiedBy&gt;&lt;ModifiedOn&gt;TimeUnavailable&lt;/ModifiedOn&gt;&lt;CreatedBy&gt;---&lt;/CreatedBy&gt;&lt;CreatedOn&gt;TimeUnavailable&lt;/CreatedOn&gt;&lt;recordID&gt;6&lt;/recordID&gt;&lt;typeName&gt;WORKCENTER&lt;/typeName&gt;&lt;typeDescription&gt;WORKCENTER LEVEL&lt;/typeDescription&gt;&lt;typeActive&gt;1&lt;/typeActive&gt;&lt;sortOrder&gt;6&lt;/sortOrder&gt;&lt;idUnitParent&gt;5&lt;/idUnitParent&gt;&lt;ModifiedBy&gt;RadPa&lt;/ModifiedBy&gt;&lt;ModifiedOn&gt;2016-05-25T09:13:15&lt;/ModifiedOn&gt;&lt;CreatedBy&gt;RadPa&lt;/CreatedBy&gt;&lt;CreatedOn&gt;2016-05-10T14:38:08&lt;/CreatedOn&gt;&lt;unitID&gt;288&lt;/unitID&gt;&lt;routeID&gt;0&lt;/routeID&gt;&lt;ModifiedBy&gt;---&lt;/ModifiedBy&gt;&lt;ModifiedOn&gt;TimeUnavailable&lt;/ModifiedOn&gt;&lt;CreatedBy&gt;ZarKl&lt;/CreatedBy&gt;&lt;CreatedOn&gt;2017-01-18T13:32:48&lt;/CreatedOn&gt;&lt;recordID&gt;NA&lt;/recordID&gt;&lt;routeName&gt;---&lt;/routeName&gt;&lt;routeSAPID&gt;---&lt;/routeSAPID&gt;&lt;routeDesc&gt;---&lt;/routeDesc&gt;&lt;recordID&gt;NA&lt;/recordID&gt;&lt;serverName&gt;---&lt;/serverName&gt;&lt;serverConnection&gt;---&lt;/serverConnection&gt;&lt;serverActive&gt;NA&lt;/serverActive&gt;&lt;serverLastGoodResponse&gt;TimeUnavailable&lt;/serverLastGoodResponse&gt;&lt;serverLastBadResponse&gt;TimeUnavailable&lt;/serverLastBadResponse&gt;&lt;serverLastRespMessage&gt;---&lt;/serverLastRespMessage&gt;&lt;sortOrder&gt;NA&lt;/sortOrder&gt;&lt;ModifiedBy&gt;---&lt;/ModifiedBy&gt;&lt;ModifiedOn&gt;TimeUnavailable&lt;/ModifiedOn&gt;&lt;CreatedBy&gt;---&lt;/CreatedBy&gt;&lt;CreatedOn&gt;TimeUnavailable&lt;/CreatedOn&gt;&lt;childID&gt;24&lt;/childID&gt;&lt;/Row&gt;&lt;Row&gt;&lt;recordID&gt;289&lt;/recordID&gt;&lt;unitType&gt;6&lt;/unitType&gt;&lt;unitName&gt;OP60&lt;/unitName&gt;&lt;unitDescr&gt;OP60&lt;/unitDescr&gt;&lt;idUnitParent&gt;270&lt;/idUnitParent&gt;&lt;unitActive&gt;1&lt;/unitActive&gt;&lt;src&gt;Common/img/check.png&lt;/src&gt;&lt;unitSqlServer&gt;MESM&lt;/unitSqlServer&gt;&lt;unitSAPID&gt;1006&lt;/unitSAPID&gt;&lt;unitMap&gt;OP60&lt;/unitMap&gt;&lt;ModifiedBy&gt;---&lt;/ModifiedBy&gt;&lt;ModifiedOn&gt;TimeUnavailable&lt;/ModifiedOn&gt;&lt;CreatedBy&gt;ZarKl&lt;/CreatedBy&gt;&lt;CreatedOn&gt;2017-01-18T13:33:18&lt;/CreatedOn&gt;&lt;Path&gt;1-2-1-26&lt;/Path&gt;&lt;grpCount&gt;26&lt;/grpCount&gt;&lt;Level&gt;4&lt;/Level&gt;&lt;SortOrder&gt;1.00020126&lt;/SortOrder&gt;&lt;unitID&gt;NA&lt;/unitID&gt;&lt;pcoAgentID&gt;NA&lt;/pcoAgentID&gt;&lt;sqlServerID&gt;NA&lt;/sqlServerID&gt;&lt;fileAgentID&gt;NA&lt;/fileAgentID&gt;&lt;revisionID&gt;NA&lt;/revisionID&gt;&lt;ModifiedBy&gt;---&lt;/ModifiedBy&gt;&lt;ModifiedOn&gt;TimeUnavailable&lt;/ModifiedOn&gt;&lt;CreatedBy&gt;---&lt;/CreatedBy&gt;&lt;CreatedOn&gt;TimeUnavailable&lt;/CreatedOn&gt;&lt;recordID&gt;6&lt;/recordID&gt;&lt;typeName&gt;WORKCENTER&lt;/typeName&gt;&lt;typeDescription&gt;WORKCENTER LEVEL&lt;/typeDescription&gt;&lt;typeActive&gt;1&lt;/typeActive&gt;&lt;sortOrder&gt;6&lt;/sortOrder&gt;&lt;idUnitParent&gt;5&lt;/idUnitParent&gt;&lt;ModifiedBy&gt;RadPa&lt;/ModifiedBy&gt;&lt;ModifiedOn&gt;2016-05-25T09:13:15&lt;/ModifiedOn&gt;&lt;CreatedBy&gt;RadPa&lt;/CreatedBy&gt;&lt;CreatedOn&gt;2016-05-10T14:38:08&lt;/CreatedOn&gt;&lt;unitID&gt;289&lt;/unitID&gt;&lt;routeID&gt;0&lt;/routeID&gt;&lt;ModifiedBy&gt;---&lt;/ModifiedBy&gt;&lt;ModifiedOn&gt;TimeUnavailable&lt;/ModifiedOn&gt;&lt;CreatedBy&gt;ZarKl&lt;/CreatedBy&gt;&lt;CreatedOn&gt;2017-01-18T13:33:18&lt;/CreatedOn&gt;&lt;recordID&gt;NA&lt;/recordID&gt;&lt;routeName&gt;---&lt;/routeName&gt;&lt;routeSAPID&gt;---&lt;/routeSAPID&gt;&lt;routeDesc&gt;---&lt;/routeDesc&gt;&lt;recordID&gt;NA&lt;/recordID&gt;&lt;serverName&gt;---&lt;/serverName&gt;&lt;serverConnection&gt;---&lt;/serverConnection&gt;&lt;serverActive&gt;NA&lt;/serverActive&gt;&lt;serverLastGoodResponse&gt;TimeUnavailable&lt;/serverLastGoodResponse&gt;&lt;serverLastBadResponse&gt;TimeUnavailable&lt;/serverLastBadResponse&gt;&lt;serverLastRespMessage&gt;---&lt;/serverLastRespMessage&gt;&lt;sortOrder&gt;NA&lt;/sortOrder&gt;&lt;ModifiedBy&gt;---&lt;/ModifiedBy&gt;&lt;ModifiedOn&gt;TimeUnavailable&lt;/ModifiedOn&gt;&lt;CreatedBy&gt;---&lt;/CreatedBy&gt;&lt;CreatedOn&gt;TimeUnavailable&lt;/CreatedOn&gt;&lt;childID&gt;25&lt;/childID&gt;&lt;/Row&gt;&lt;Row&gt;&lt;recordID&gt;290&lt;/recordID&gt;&lt;unitType&gt;6&lt;/unitType&gt;&lt;unitName&gt;OP70&lt;/unitName&gt;&lt;unitDescr&gt;OP70&lt;/unitDescr&gt;&lt;idUnitParent&gt;270&lt;/idUnitParent&gt;&lt;unitActive&gt;1&lt;/unitActive&gt;&lt;src&gt;Common/img/check.png&lt;/src&gt;&lt;unitSqlServer&gt;MESM&lt;/unitSqlServer&gt;&lt;unitSAPID&gt;1006&lt;/unitSAPID&gt;&lt;unitMap&gt;OP70&lt;/unitMap&gt;&lt;ModifiedBy&gt;---&lt;/ModifiedBy&gt;&lt;ModifiedOn&gt;TimeUnavailable&lt;/ModifiedOn&gt;&lt;CreatedBy&gt;ZarKl&lt;/CreatedBy&gt;&lt;CreatedOn&gt;2017-01-18T13:34:47&lt;/CreatedOn&gt;&lt;Path&gt;1-2-1-27&lt;/Path&gt;&lt;grpCount&gt;27&lt;/grpCount&gt;&lt;Level&gt;4&lt;/Level&gt;&lt;SortOrder&gt;1.00020127&lt;/SortOrder&gt;&lt;unitID&gt;NA&lt;/unitID&gt;&lt;pcoAgentID&gt;NA&lt;/pcoAgentID&gt;&lt;sqlServerID&gt;NA&lt;/sqlServerID&gt;&lt;fileAgentID&gt;NA&lt;/fileAgentID&gt;&lt;revisionID&gt;NA&lt;/revisionID&gt;&lt;ModifiedBy&gt;---&lt;/ModifiedBy&gt;&lt;ModifiedOn&gt;TimeUnavailable&lt;/ModifiedOn&gt;&lt;CreatedBy&gt;---&lt;/CreatedBy&gt;&lt;CreatedOn&gt;TimeUnavailable&lt;/CreatedOn&gt;&lt;recordID&gt;6&lt;/recordID&gt;&lt;typeName&gt;WORKCENTER&lt;/typeName&gt;&lt;typeDescription&gt;WORKCENTER LEVEL&lt;/typeDescription&gt;&lt;typeActive&gt;1&lt;/typeActive&gt;&lt;sortOrder&gt;6&lt;/sortOrder&gt;&lt;idUnitParent&gt;5&lt;/idUnitParent&gt;&lt;ModifiedBy&gt;RadPa&lt;/ModifiedBy&gt;&lt;ModifiedOn&gt;2016-05-25T09:13:15&lt;/ModifiedOn&gt;&lt;CreatedBy&gt;RadPa&lt;/CreatedBy&gt;&lt;CreatedOn&gt;2016-05-10T14:38:08&lt;/CreatedOn&gt;&lt;unitID&gt;290&lt;/unitID&gt;&lt;routeID&gt;0&lt;/routeID&gt;&lt;ModifiedBy&gt;---&lt;/ModifiedBy&gt;&lt;ModifiedOn&gt;TimeUnavailable&lt;/ModifiedOn&gt;&lt;CreatedBy&gt;ZarKl&lt;/CreatedBy&gt;&lt;CreatedOn&gt;2017-01-18T13:34:47&lt;/CreatedOn&gt;&lt;recordID&gt;NA&lt;/recordID&gt;&lt;routeName&gt;---&lt;/routeName&gt;&lt;routeSAPID&gt;---&lt;/routeSAPID&gt;&lt;routeDesc&gt;---&lt;/routeDesc&gt;&lt;recordID&gt;NA&lt;/recordID&gt;&lt;serverName&gt;---&lt;/serverName&gt;&lt;serverConnection&gt;---&lt;/serverConnection&gt;&lt;serverActive&gt;NA&lt;/serverActive&gt;&lt;serverLastGoodResponse&gt;TimeUnavailable&lt;/serverLastGoodResponse&gt;&lt;serverLastBadResponse&gt;TimeUnavailable&lt;/serverLastBadResponse&gt;&lt;serverLastRespMessage&gt;---&lt;/serverLastRespMessage&gt;&lt;sortOrder&gt;NA&lt;/sortOrder&gt;&lt;ModifiedBy&gt;---&lt;/ModifiedBy&gt;&lt;ModifiedOn&gt;TimeUnavailable&lt;/ModifiedOn&gt;&lt;CreatedBy&gt;---&lt;/CreatedBy&gt;&lt;CreatedOn&gt;TimeUnavailable&lt;/CreatedOn&gt;&lt;childID&gt;26&lt;/childID&gt;&lt;/Row&gt;&lt;Row&gt;&lt;recordID&gt;291&lt;/recordID&gt;&lt;unitType&gt;6&lt;/unitType&gt;&lt;unitName&gt;OP80&lt;/unitName&gt;&lt;unitDescr&gt;OP80&lt;/unitDescr&gt;&lt;idUnitParent&gt;270&lt;/idUnitParent&gt;&lt;unitActive&gt;1&lt;/unitActive&gt;&lt;src&gt;Common/img/check.png&lt;/src&gt;&lt;unitSqlServer&gt;MESM&lt;/unitSqlServer&gt;&lt;unitSAPID&gt;1006&lt;/unitSAPID&gt;&lt;unitMap&gt;OP80&lt;/unitMap&gt;&lt;ModifiedBy&gt;---&lt;/ModifiedBy&gt;&lt;ModifiedOn&gt;TimeUnavailable&lt;/ModifiedOn&gt;&lt;CreatedBy&gt;ZarKl&lt;/CreatedBy&gt;&lt;CreatedOn&gt;2017-01-18T13:35:07&lt;/CreatedOn&gt;&lt;Path&gt;1-2-1-28&lt;/Path&gt;&lt;grpCount&gt;28&lt;/grpCount&gt;&lt;Level&gt;4&lt;/Level&gt;&lt;SortOrder&gt;1.00020128&lt;/SortOrder&gt;&lt;unitID&gt;NA&lt;/unitID&gt;&lt;pcoAgentID&gt;NA&lt;/pcoAgentID&gt;&lt;sqlServerID&gt;NA&lt;/sqlServerID&gt;&lt;fileAgentID&gt;NA&lt;/fileAgentID&gt;&lt;revisionID&gt;NA&lt;/revisionID&gt;&lt;ModifiedBy&gt;---&lt;/ModifiedBy&gt;&lt;ModifiedOn&gt;TimeUnavailable&lt;/ModifiedOn&gt;&lt;CreatedBy&gt;---&lt;/CreatedBy&gt;&lt;CreatedOn&gt;TimeUnavailable&lt;/CreatedOn&gt;&lt;recordID&gt;6&lt;/recordID&gt;&lt;typeName&gt;WORKCENTER&lt;/typeName&gt;&lt;typeDescription&gt;WORKCENTER LEVEL&lt;/typeDescription&gt;&lt;typeActive&gt;1&lt;/typeActive&gt;&lt;sortOrder&gt;6&lt;/sortOrder&gt;&lt;idUnitParent&gt;5&lt;/idUnitParent&gt;&lt;ModifiedBy&gt;RadPa&lt;/ModifiedBy&gt;&lt;ModifiedOn&gt;2016-05-25T09:13:15&lt;/ModifiedOn&gt;&lt;CreatedBy&gt;RadPa&lt;/CreatedBy&gt;&lt;CreatedOn&gt;2016-05-10T14:38:08&lt;/CreatedOn&gt;&lt;unitID&gt;291&lt;/unitID&gt;&lt;routeID&gt;0&lt;/routeID&gt;&lt;ModifiedBy&gt;---&lt;/ModifiedBy&gt;&lt;ModifiedOn&gt;TimeUnavailable&lt;/ModifiedOn&gt;&lt;CreatedBy&gt;ZarKl&lt;/CreatedBy&gt;&lt;CreatedOn&gt;2017-01-18T13:35:07&lt;/CreatedOn&gt;&lt;recordID&gt;NA&lt;/recordID&gt;&lt;routeName&gt;---&lt;/routeName&gt;&lt;routeSAPID&gt;---&lt;/routeSAPID&gt;&lt;routeDesc&gt;---&lt;/routeDesc&gt;&lt;recordID&gt;NA&lt;/recordID&gt;&lt;serverName&gt;---&lt;/serverName&gt;&lt;serverConnection&gt;---&lt;/serverConnection&gt;&lt;serverActive&gt;NA&lt;/serverActive&gt;&lt;serverLastGoodResponse&gt;TimeUnavailable&lt;/serverLastGoodResponse&gt;&lt;serverLastBadResponse&gt;TimeUnavailable&lt;/serverLastBadResponse&gt;&lt;serverLastRespMessage&gt;---&lt;/serverLastRespMessage&gt;&lt;sortOrder&gt;NA&lt;/sortOrder&gt;&lt;ModifiedBy&gt;---&lt;/ModifiedBy&gt;&lt;ModifiedOn&gt;TimeUnavailable&lt;/ModifiedOn&gt;&lt;CreatedBy&gt;---&lt;/CreatedBy&gt;&lt;CreatedOn&gt;TimeUnavailable&lt;/CreatedOn&gt;&lt;childID&gt;27&lt;/childID&gt;&lt;/Row&gt;&lt;Row&gt;&lt;recordID&gt;292&lt;/recordID&gt;&lt;unitType&gt;6&lt;/unitType&gt;&lt;unitName&gt;OP90&lt;/unitName&gt;&lt;unitDescr&gt;OP90&lt;/unitDescr&gt;&lt;idUnitParent&gt;270&lt;/idUnitParent&gt;&lt;unitActive&gt;1&lt;/unitActive&gt;&lt;src&gt;Common/img/check.png&lt;/src&gt;&lt;unitSqlServer&gt;MESM&lt;/unitSqlServer&gt;&lt;unitSAPID&gt;1006&lt;/unitSAPID&gt;&lt;unitMap&gt;OP90&lt;/unitMap&gt;&lt;ModifiedBy&gt;---&lt;/ModifiedBy&gt;&lt;ModifiedOn&gt;TimeUnavailable&lt;/ModifiedOn&gt;&lt;CreatedBy&gt;ZarKl&lt;/CreatedBy&gt;&lt;CreatedOn&gt;2017-01-18T13:35:35&lt;/CreatedOn&gt;&lt;Path&gt;1-2-1-29&lt;/Path&gt;&lt;grpCount&gt;29&lt;/grpCount&gt;&lt;Level&gt;4&lt;/Level&gt;&lt;SortOrder&gt;1.00020129&lt;/SortOrder&gt;&lt;unitID&gt;NA&lt;/unitID&gt;&lt;pcoAgentID&gt;NA&lt;/pcoAgentID&gt;&lt;sqlServerID&gt;NA&lt;/sqlServerID&gt;&lt;fileAgentID&gt;NA&lt;/fileAgentID&gt;&lt;revisionID&gt;NA&lt;/revisionID&gt;&lt;ModifiedBy&gt;---&lt;/ModifiedBy&gt;&lt;ModifiedOn&gt;TimeUnavailable&lt;/ModifiedOn&gt;&lt;CreatedBy&gt;---&lt;/CreatedBy&gt;&lt;CreatedOn&gt;TimeUnavailable&lt;/CreatedOn&gt;&lt;recordID&gt;6&lt;/recordID&gt;&lt;typeName&gt;WORKCENTER&lt;/typeName&gt;&lt;typeDescription&gt;WORKCENTER LEVEL&lt;/typeDescription&gt;&lt;typeActive&gt;1&lt;/typeActive&gt;&lt;sortOrder&gt;6&lt;/sortOrder&gt;&lt;idUnitParent&gt;5&lt;/idUnitParent&gt;&lt;ModifiedBy&gt;RadPa&lt;/ModifiedBy&gt;&lt;ModifiedOn&gt;2016-05-25T09:13:15&lt;/ModifiedOn&gt;&lt;CreatedBy&gt;RadPa&lt;/CreatedBy&gt;&lt;CreatedOn&gt;2016-05-10T14:38:08&lt;/CreatedOn&gt;&lt;unitID&gt;292&lt;/unitID&gt;&lt;routeID&gt;0&lt;/routeID&gt;&lt;ModifiedBy&gt;---&lt;/ModifiedBy&gt;&lt;ModifiedOn&gt;TimeUnavailable&lt;/ModifiedOn&gt;&lt;CreatedBy&gt;ZarKl&lt;/CreatedBy&gt;&lt;CreatedOn&gt;2017-01-18T13:35:35&lt;/CreatedOn&gt;&lt;recordID&gt;NA&lt;/recordID&gt;&lt;routeName&gt;---&lt;/routeName&gt;&lt;routeSAPID&gt;---&lt;/routeSAPID&gt;&lt;routeDesc&gt;---&lt;/routeDesc&gt;&lt;recordID&gt;NA&lt;/recordID&gt;&lt;serverName&gt;---&lt;/serverName&gt;&lt;serverConnection&gt;---&lt;/serverConnection&gt;&lt;serverActive&gt;NA&lt;/serverActive&gt;&lt;serverLastGoodResponse&gt;TimeUnavailable&lt;/serverLastGoodResponse&gt;&lt;serverLastBadResponse&gt;TimeUnavailable&lt;/serverLastBadResponse&gt;&lt;serverLastRespMessage&gt;---&lt;/serverLastRespMessage&gt;&lt;sortOrder&gt;NA&lt;/sortOrder&gt;&lt;ModifiedBy&gt;---&lt;/ModifiedBy&gt;&lt;ModifiedOn&gt;TimeUnavailable&lt;/ModifiedOn&gt;&lt;CreatedBy&gt;---&lt;/CreatedBy&gt;&lt;CreatedOn&gt;TimeUnavailable&lt;/CreatedOn&gt;&lt;childID&gt;28&lt;/childID&gt;&lt;/Row&gt;&lt;Row&gt;&lt;recordID&gt;282&lt;/recordID&gt;&lt;unitType&gt;4&lt;/unitType&gt;&lt;unitName&gt;FORD P558&lt;/unitName&gt;&lt;unitDescr&gt;FORD P558 - DEPARTMENT&lt;/unitDescr&gt;&lt;idUnitParent&gt;268&lt;/idUnitParent&gt;&lt;unitActive&gt;1&lt;/unitActive&gt;&lt;src&gt;Common/img/check.png&lt;/src&gt;&lt;unitSqlServer&gt;MESM&lt;/unitSqlServer&gt;&lt;unitSAPID&gt;1006&lt;/unitSAPID&gt;&lt;unitMap&gt;FORD P558&lt;/unitMap&gt;&lt;ModifiedBy&gt;ZarKl&lt;/ModifiedBy&gt;&lt;ModifiedOn&gt;2017-01-18T15:14:23&lt;/ModifiedOn&gt;&lt;CreatedBy&gt;ZarKl&lt;/CreatedBy&gt;&lt;CreatedOn&gt;2017-01-18T09:10:59&lt;/CreatedOn&gt;&lt;Path&gt;1-3&lt;/Path&gt;&lt;grpCount&gt;3&lt;/grpCount&gt;&lt;Level&gt;2&lt;/Level&gt;&lt;SortOrder&gt;1.0003&lt;/SortOrder&gt;&lt;unitID&gt;NA&lt;/unitID&gt;&lt;pcoAgentID&gt;NA&lt;/pcoAgentID&gt;&lt;sqlServerID&gt;NA&lt;/sqlServerID&gt;&lt;fileAgentID&gt;NA&lt;/fileAgentID&gt;&lt;revisionID&gt;NA&lt;/revisionID&gt;&lt;ModifiedBy&gt;---&lt;/ModifiedBy&gt;&lt;ModifiedOn&gt;TimeUnavailable&lt;/ModifiedOn&gt;&lt;CreatedBy&gt;---&lt;/CreatedBy&gt;&lt;CreatedOn&gt;TimeUnavailable&lt;/CreatedOn&gt;&lt;recordID&gt;4&lt;/recordID&gt;&lt;typeName&gt;DEPARTMENT&lt;/typeName&gt;&lt;typeDescription&gt;DEPARTMENT LEVEL&lt;/typeDescription&gt;&lt;typeActive&gt;1&lt;/typeActive&gt;&lt;sortOrder&gt;4&lt;/sortOrder&gt;&lt;idUnitParent&gt;3&lt;/idUnitParent&gt;&lt;ModifiedBy&gt;RadPa&lt;/ModifiedBy&gt;&lt;ModifiedOn&gt;2016-05-10T11:31:01&lt;/ModifiedOn&gt;&lt;CreatedBy&gt;RadPa&lt;/CreatedBy&gt;&lt;CreatedOn&gt;2016-05-10T11:28:52&lt;/CreatedOn&gt;&lt;unitID&gt;282&lt;/unitID&gt;&lt;routeID&gt;0&lt;/routeID&gt;&lt;ModifiedBy&gt;ZarKl&lt;/ModifiedBy&gt;&lt;ModifiedOn&gt;2017-01-18T15:14:23&lt;/ModifiedOn&gt;&lt;CreatedBy&gt;ZarKl&lt;/CreatedBy&gt;&lt;CreatedOn&gt;2017-01-18T09:10:59&lt;/CreatedOn&gt;&lt;recordID&gt;NA&lt;/recordID&gt;&lt;routeName&gt;---&lt;/routeName&gt;&lt;routeSAPID&gt;---&lt;/routeSAPID&gt;&lt;routeDesc&gt;---&lt;/routeDesc&gt;&lt;recordID&gt;NA&lt;/recordID&gt;&lt;serverName&gt;---&lt;/serverName&gt;&lt;serverConnection&gt;---&lt;/serverConnection&gt;&lt;serverActive&gt;NA&lt;/serverActive&gt;&lt;serverLastGoodResponse&gt;TimeUnavailable&lt;/serverLastGoodResponse&gt;&lt;serverLastBadResponse&gt;TimeUnavailable&lt;/serverLastBadResponse&gt;&lt;serverLastRespMessage&gt;---&lt;/serverLastRespMessage&gt;&lt;sortOrder&gt;NA&lt;/sortOrder&gt;&lt;ModifiedBy&gt;---&lt;/ModifiedBy&gt;&lt;ModifiedOn&gt;TimeUnavailable&lt;/ModifiedOn&gt;&lt;CreatedBy&gt;---&lt;/CreatedBy&gt;&lt;CreatedOn&gt;TimeUnavailable&lt;/CreatedOn&gt;&lt;childID&gt;2&lt;/childID&gt;&lt;/Row&gt;&lt;Row&gt;&lt;recordID&gt;276&lt;/recordID&gt;&lt;unitType&gt;5&lt;/unitType&gt;&lt;unitName&gt;FORD AXLE ASSY&lt;/unitName&gt;&lt;unitDescr&gt;FORD AXLE ASSY&lt;/unitDescr&gt;&lt;idUnitParent&gt;282&lt;/idUnitParent&gt;&lt;unitActive&gt;1&lt;/unitActive&gt;&lt;src&gt;Common/img/check.png&lt;/src&gt;&lt;unitSqlServer&gt;MESM&lt;/unitSqlServer&gt;&lt;unitSAPID&gt;1006&lt;/unitSAPID&gt;&lt;unitMap&gt;FORD AXLE ASSY&lt;/unitMap&gt;&lt;ModifiedBy&gt;ZarKl&lt;/ModifiedBy&gt;&lt;ModifiedOn&gt;2017-01-18T09:11:31&lt;/ModifiedOn&gt;&lt;CreatedBy&gt;ZarKl&lt;/CreatedBy&gt;&lt;CreatedOn&gt;2017-01-17T13:42:02&lt;/CreatedOn&gt;&lt;Path&gt;1-3-1&lt;/Path&gt;&lt;grpCount&gt;1&lt;/grpCount&gt;&lt;Level&gt;3&lt;/Level&gt;&lt;SortOrder&gt;1.000301&lt;/SortOrder&gt;&lt;unitID&gt;NA&lt;/unitID&gt;&lt;pcoAgentID&gt;NA&lt;/pcoAgentID&gt;&lt;sqlServerID&gt;NA&lt;/sqlServerID&gt;&lt;fileAgentID&gt;NA&lt;/fileAgentID&gt;&lt;revisionID&gt;NA&lt;/revisionID&gt;&lt;ModifiedBy&gt;---&lt;/ModifiedBy&gt;&lt;ModifiedOn&gt;TimeUnavailable&lt;/ModifiedOn&gt;&lt;CreatedBy&gt;---&lt;/CreatedBy&gt;&lt;CreatedOn&gt;TimeUnavailable&lt;/CreatedOn&gt;&lt;recordID&gt;5&lt;/recordID&gt;&lt;typeName&gt;LINE&lt;/typeName&gt;&lt;typeDescription&gt;LINE LEVEL&lt;/typeDescription&gt;&lt;typeActive&gt;1&lt;/typeActive&gt;&lt;sortOrder&gt;5&lt;/sortOrder&gt;&lt;idUnitParent&gt;4&lt;/idUnitParent&gt;&lt;ModifiedBy&gt;catalin&lt;/ModifiedBy&gt;&lt;ModifiedOn&gt;2016-05-11T11:51:28&lt;/ModifiedOn&gt;&lt;CreatedBy&gt;RadPa&lt;/CreatedBy&gt;&lt;CreatedOn&gt;2016-05-10T13:17:03&lt;/CreatedOn&gt;&lt;unitID&gt;276&lt;/unitID&gt;&lt;routeID&gt;0&lt;/routeID&gt;&lt;ModifiedBy&gt;ZarKl&lt;/ModifiedBy&gt;&lt;ModifiedOn&gt;2017-01-18T09:11:31&lt;/ModifiedOn&gt;&lt;CreatedBy&gt;ZarKl&lt;/CreatedBy&gt;&lt;CreatedOn&gt;2017-01-17T13:42:02&lt;/CreatedOn&gt;&lt;recordID&gt;NA&lt;/recordID&gt;&lt;routeName&gt;---&lt;/routeName&gt;&lt;routeSAPID&gt;---&lt;/routeSAPID&gt;&lt;routeDesc&gt;---&lt;/routeDesc&gt;&lt;recordID&gt;NA&lt;/recordID&gt;&lt;serverName&gt;---&lt;/serverName&gt;&lt;serverConnection&gt;---&lt;/serverConnection&gt;&lt;serverActive&gt;NA&lt;/serverActive&gt;&lt;serverLastGoodResponse&gt;TimeUnavailable&lt;/serverLastGoodResponse&gt;&lt;serverLastBadResponse&gt;TimeUnavailable&lt;/serverLastBadResponse&gt;&lt;serverLastRespMessage&gt;---&lt;/serverLastRespMessage&gt;&lt;sortOrder&gt;NA&lt;/sortOrder&gt;&lt;ModifiedBy&gt;---&lt;/ModifiedBy&gt;&lt;ModifiedOn&gt;TimeUnavailable&lt;/ModifiedOn&gt;&lt;CreatedBy&gt;---&lt;/CreatedBy&gt;&lt;CreatedOn&gt;TimeUnavailable&lt;/CreatedOn&gt;&lt;childID&gt;0&lt;/childID&gt;&lt;/Row&gt;&lt;Row&gt;&lt;recordID&gt;313&lt;/recordID&gt;&lt;unitType&gt;6&lt;/unitType&gt;&lt;unitName&gt;OP010&lt;/unitName&gt;&lt;unitDescr&gt;OP010&lt;/unitDescr&gt;&lt;idUnitParent&gt;276&lt;/idUnitParent&gt;&lt;unitActive&gt;1&lt;/unitActive&gt;&lt;src&gt;Common/img/check.png&lt;/src&gt;&lt;unitSqlServer&gt;MESM&lt;/unitSqlServer&gt;&lt;unitSAPID&gt;1006&lt;/unitSAPID&gt;&lt;unitMap&gt;OP010&lt;/unitMap&gt;&lt;ModifiedBy&gt;ZarKl&lt;/ModifiedBy&gt;&lt;ModifiedOn&gt;2017-01-31T13:15:10&lt;/ModifiedOn&gt;&lt;CreatedBy&gt;ZarKl&lt;/CreatedBy&gt;&lt;CreatedOn&gt;2017-01-31T10:16:31&lt;/CreatedOn&gt;&lt;Path&gt;1-3-1-1&lt;/Path&gt;&lt;grpCount&gt;1&lt;/grpCount&gt;&lt;Level&gt;4&lt;/Level&gt;&lt;SortOrder&gt;1.00030101&lt;/SortOrder&gt;&lt;unitID&gt;NA&lt;/unitID&gt;&lt;pcoAgentID&gt;NA&lt;/pcoAgentID&gt;&lt;sqlServerID&gt;NA&lt;/sqlServerID&gt;&lt;fileAgentID&gt;NA&lt;/fileAgentID&gt;&lt;revisionID&gt;NA&lt;/revisionID&gt;&lt;ModifiedBy&gt;---&lt;/ModifiedBy&gt;&lt;ModifiedOn&gt;TimeUnavailable&lt;/ModifiedOn&gt;&lt;CreatedBy&gt;---&lt;/CreatedBy&gt;&lt;CreatedOn&gt;TimeUnavailable&lt;/CreatedOn&gt;&lt;recordID&gt;6&lt;/recordID&gt;&lt;typeName&gt;WORKCENTER&lt;/typeName&gt;&lt;typeDescription&gt;WORKCENTER LEVEL&lt;/typeDescription&gt;&lt;typeActive&gt;1&lt;/typeActive&gt;&lt;sortOrder&gt;6&lt;/sortOrder&gt;&lt;idUnitParent&gt;5&lt;/idUnitParent&gt;&lt;ModifiedBy&gt;RadPa&lt;/ModifiedBy&gt;&lt;ModifiedOn&gt;2016-05-25T09:13:15&lt;/ModifiedOn&gt;&lt;CreatedBy&gt;RadPa&lt;/CreatedBy&gt;&lt;CreatedOn&gt;2016-05-10T14:38:08&lt;/CreatedOn&gt;&lt;unitID&gt;313&lt;/unitID&gt;&lt;routeID&gt;0&lt;/routeID&gt;&lt;ModifiedBy&gt;ZarKl&lt;/ModifiedBy&gt;&lt;ModifiedOn&gt;2017-01-31T13:15:10&lt;/ModifiedOn&gt;&lt;CreatedBy&gt;ZarKl&lt;/CreatedBy&gt;&lt;CreatedOn&gt;2017-01-31T10:16:31&lt;/CreatedOn&gt;&lt;recordID&gt;NA&lt;/recordID&gt;&lt;routeName&gt;---&lt;/routeName&gt;&lt;routeSAPID&gt;---&lt;/routeSAPID&gt;&lt;routeDesc&gt;---&lt;/routeDesc&gt;&lt;recordID&gt;NA&lt;/recordID&gt;&lt;serverName&gt;---&lt;/serverName&gt;&lt;serverConnection&gt;---&lt;/serverConnection&gt;&lt;serverActive&gt;NA&lt;/serverActive&gt;&lt;serverLastGoodResponse&gt;TimeUnavailable&lt;/serverLastGoodResponse&gt;&lt;serverLastBadResponse&gt;TimeUnavailable&lt;/serverLastBadResponse&gt;&lt;serverLastRespMessage&gt;---&lt;/serverLastRespMessage&gt;&lt;sortOrder&gt;NA&lt;/sortOrder&gt;&lt;ModifiedBy&gt;---&lt;/ModifiedBy&gt;&lt;ModifiedOn&gt;TimeUnavailable&lt;/ModifiedOn&gt;&lt;CreatedBy&gt;---&lt;/CreatedBy&gt;&lt;CreatedOn&gt;TimeUnavailable&lt;/CreatedOn&gt;&lt;childID&gt;0&lt;/childID&gt;&lt;/Row&gt;&lt;Row&gt;&lt;recordID&gt;314&lt;/recordID&gt;&lt;unitType&gt;6&lt;/unitType&gt;&lt;unitName&gt;OP020&lt;/unitName&gt;&lt;unitDescr&gt;OP020&lt;/unitDescr&gt;&lt;idUnitParent&gt;276&lt;/idUnitParent&gt;&lt;unitActive&gt;1&lt;/unitActive&gt;&lt;src&gt;Common/img/check.png&lt;/src&gt;&lt;unitSqlServer&gt;MESM&lt;/unitSqlServer&gt;&lt;unitSAPID&gt;1006&lt;/unitSAPID&gt;&lt;unitMap&gt;OP020&lt;/unitMap&gt;&lt;ModifiedBy&gt;---&lt;/ModifiedBy&gt;&lt;ModifiedOn&gt;TimeUnavailable&lt;/ModifiedOn&gt;&lt;CreatedBy&gt;ZarKl&lt;/CreatedBy&gt;&lt;CreatedOn&gt;2017-01-31T10:30:25&lt;/CreatedOn&gt;&lt;Path&gt;1-3-1-2&lt;/Path&gt;&lt;grpCount&gt;2&lt;/grpCount&gt;&lt;Level&gt;4&lt;/Level&gt;&lt;SortOrder&gt;1.00030102&lt;/SortOrder&gt;&lt;unitID&gt;NA&lt;/unitID&gt;&lt;pcoAgentID&gt;NA&lt;/pcoAgentID&gt;&lt;sqlServerID&gt;NA&lt;/sqlServerID&gt;&lt;fileAgentID&gt;NA&lt;/fileAgentID&gt;&lt;revisionID&gt;NA&lt;/revisionID&gt;&lt;ModifiedBy&gt;---&lt;/ModifiedBy&gt;&lt;ModifiedOn&gt;TimeUnavailable&lt;/ModifiedOn&gt;&lt;CreatedBy&gt;---&lt;/CreatedBy&gt;&lt;CreatedOn&gt;TimeUnavailable&lt;/CreatedOn&gt;&lt;recordID&gt;6&lt;/recordID&gt;&lt;typeName&gt;WORKCENTER&lt;/typeName&gt;&lt;typeDescription&gt;WORKCENTER LEVEL&lt;/typeDescription&gt;&lt;typeActive&gt;1&lt;/typeActive&gt;&lt;sortOrder&gt;6&lt;/sortOrder&gt;&lt;idUnitParent&gt;5&lt;/idUnitParent&gt;&lt;ModifiedBy&gt;RadPa&lt;/ModifiedBy&gt;&lt;ModifiedOn&gt;2016-05-25T09:13:15&lt;/ModifiedOn&gt;&lt;CreatedBy&gt;RadPa&lt;/CreatedBy&gt;&lt;CreatedOn&gt;2016-05-10T14:38:08&lt;/CreatedOn&gt;&lt;unitID&gt;314&lt;/unitID&gt;&lt;routeID&gt;0&lt;/routeID&gt;&lt;ModifiedBy&gt;---&lt;/ModifiedBy&gt;&lt;ModifiedOn&gt;TimeUnavailable&lt;/ModifiedOn&gt;&lt;CreatedBy&gt;ZarKl&lt;/CreatedBy&gt;&lt;CreatedOn&gt;2017-01-31T10:30:25&lt;/CreatedOn&gt;&lt;recordID&gt;NA&lt;/recordID&gt;&lt;routeName&gt;---&lt;/routeName&gt;&lt;routeSAPID&gt;---&lt;/routeSAPID&gt;&lt;routeDesc&gt;---&lt;/routeDesc&gt;&lt;recordID&gt;NA&lt;/recordID&gt;&lt;serverName&gt;---&lt;/serverName&gt;&lt;serverConnection&gt;---&lt;/serverConnection&gt;&lt;serverActive&gt;NA&lt;/serverActive&gt;&lt;serverLastGoodResponse&gt;TimeUnavailable&lt;/serverLastGoodResponse&gt;&lt;serverLastBadResponse&gt;TimeUnavailable&lt;/serverLastBadResponse&gt;&lt;serverLastRespMessage&gt;---&lt;/serverLastRespMessage&gt;&lt;sortOrder&gt;NA&lt;/sortOrder&gt;&lt;ModifiedBy&gt;---&lt;/ModifiedBy&gt;&lt;ModifiedOn&gt;TimeUnavailable&lt;/ModifiedOn&gt;&lt;CreatedBy&gt;---&lt;/CreatedBy&gt;&lt;CreatedOn&gt;TimeUnavailable&lt;/CreatedOn&gt;&lt;childID&gt;1&lt;/childID&gt;&lt;/Row&gt;&lt;Row&gt;&lt;recordID&gt;315&lt;/recordID&gt;&lt;unitType&gt;6&lt;/unitType&gt;&lt;unitName&gt;OP030&lt;/unitName&gt;&lt;unitDescr&gt;OP030&lt;/unitDescr&gt;&lt;idUnitParent&gt;276&lt;/idUnitParent&gt;&lt;unitActive&gt;1&lt;/unitActive&gt;&lt;src&gt;Common/img/check.png&lt;/src&gt;&lt;unitSqlServer&gt;MESM&lt;/unitSqlServer&gt;&lt;unitSAPID&gt;1006&lt;/unitSAPID&gt;&lt;unitMap&gt;OP030&lt;/unitMap&gt;&lt;ModifiedBy&gt;---&lt;/ModifiedBy&gt;&lt;ModifiedOn&gt;TimeUnavailable&lt;/ModifiedOn&gt;&lt;CreatedBy&gt;ZarKl&lt;/CreatedBy&gt;&lt;CreatedOn&gt;2017-01-31T10:31:12&lt;/CreatedOn&gt;&lt;Path&gt;1-3-1-3&lt;/Path&gt;&lt;grpCount&gt;3&lt;/grpCount&gt;&lt;Level&gt;4&lt;/Level&gt;&lt;SortOrder&gt;1.00030103&lt;/SortOrder&gt;&lt;unitID&gt;NA&lt;/unitID&gt;&lt;pcoAgentID&gt;NA&lt;/pcoAgentID&gt;&lt;sqlServerID&gt;NA&lt;/sqlServerID&gt;&lt;fileAgentID&gt;NA&lt;/fileAgentID&gt;&lt;revisionID&gt;NA&lt;/revisionID&gt;&lt;ModifiedBy&gt;---&lt;/ModifiedBy&gt;&lt;ModifiedOn&gt;TimeUnavailable&lt;/ModifiedOn&gt;&lt;CreatedBy&gt;---&lt;/CreatedBy&gt;&lt;CreatedOn&gt;TimeUnavailable&lt;/CreatedOn&gt;&lt;recordID&gt;6&lt;/recordID&gt;&lt;typeName&gt;WORKCENTER&lt;/typeName&gt;&lt;typeDescription&gt;WORKCENTER LEVEL&lt;/typeDescription&gt;&lt;typeActive&gt;1&lt;/typeActive&gt;&lt;sortOrder&gt;6&lt;/sortOrder&gt;&lt;idUnitParent&gt;5&lt;/idUnitParent&gt;&lt;ModifiedBy&gt;RadPa&lt;/ModifiedBy&gt;&lt;ModifiedOn&gt;2016-05-25T09:13:15&lt;/ModifiedOn&gt;&lt;CreatedBy&gt;RadPa&lt;/CreatedBy&gt;&lt;CreatedOn&gt;2016-05-10T14:38:08&lt;/CreatedOn&gt;&lt;unitID&gt;315&lt;/unitID&gt;&lt;routeID&gt;0&lt;/routeID&gt;&lt;ModifiedBy&gt;---&lt;/ModifiedBy&gt;&lt;ModifiedOn&gt;TimeUnavailable&lt;/ModifiedOn&gt;&lt;CreatedBy&gt;ZarKl&lt;/CreatedBy&gt;&lt;CreatedOn&gt;2017-01-31T10:31:12&lt;/CreatedOn&gt;&lt;recordID&gt;NA&lt;/recordID&gt;&lt;routeName&gt;---&lt;/routeName&gt;&lt;routeSAPID&gt;---&lt;/routeSAPID&gt;&lt;routeDesc&gt;---&lt;/routeDesc&gt;&lt;recordID&gt;NA&lt;/recordID&gt;&lt;serverName&gt;---&lt;/serverName&gt;&lt;serverConnection&gt;---&lt;/serverConnection&gt;&lt;serverActive&gt;NA&lt;/serverActive&gt;&lt;serverLastGoodResponse&gt;TimeUnavailable&lt;/serverLastGoodResponse&gt;&lt;serverLastBadResponse&gt;TimeUnavailable&lt;/serverLastBadResponse&gt;&lt;serverLastRespMessage&gt;---&lt;/serverLastRespMessage&gt;&lt;sortOrder&gt;NA&lt;/sortOrder&gt;&lt;ModifiedBy&gt;---&lt;/ModifiedBy&gt;&lt;ModifiedOn&gt;TimeUnavailable&lt;/ModifiedOn&gt;&lt;CreatedBy&gt;---&lt;/CreatedBy&gt;&lt;CreatedOn&gt;TimeUnavailable&lt;/CreatedOn&gt;&lt;childID&gt;2&lt;/childID&gt;&lt;/Row&gt;&lt;Row&gt;&lt;recordID&gt;316&lt;/recordID&gt;&lt;unitType&gt;6&lt;/unitType&gt;&lt;unitName&gt;OP040&lt;/unitName&gt;&lt;unitDescr&gt;OP040&lt;/unitDescr&gt;&lt;idUnitParent&gt;276&lt;/idUnitParent&gt;&lt;unitActive&gt;1&lt;/unitActive&gt;&lt;src&gt;Common/img/check.png&lt;/src&gt;&lt;unitSqlServer&gt;MESM&lt;/unitSqlServer&gt;&lt;unitSAPID&gt;1006&lt;/unitSAPID&gt;&lt;unitMap&gt;OP040&lt;/unitMap&gt;&lt;ModifiedBy&gt;---&lt;/ModifiedBy&gt;&lt;ModifiedOn&gt;TimeUnavailable&lt;/ModifiedOn&gt;&lt;CreatedBy&gt;ZarKl&lt;/CreatedBy&gt;&lt;CreatedOn&gt;2017-01-31T13:15:59&lt;/CreatedOn&gt;&lt;Path&gt;1-3-1-4&lt;/Path&gt;&lt;grpCount&gt;4&lt;/grpCount&gt;&lt;Level&gt;4&lt;/Level&gt;&lt;SortOrder&gt;1.00030104&lt;/SortOrder&gt;&lt;unitID&gt;NA&lt;/unitID&gt;&lt;pcoAgentID&gt;NA&lt;/pcoAgentID&gt;&lt;sqlServerID&gt;NA&lt;/sqlServerID&gt;&lt;fileAgentID&gt;NA&lt;/fileAgentID&gt;&lt;revisionID&gt;NA&lt;/revisionID&gt;&lt;ModifiedBy&gt;---&lt;/ModifiedBy&gt;&lt;ModifiedOn&gt;TimeUnavailable&lt;/ModifiedOn&gt;&lt;CreatedBy&gt;---&lt;/CreatedBy&gt;&lt;CreatedOn&gt;TimeUnavailable&lt;/CreatedOn&gt;&lt;recordID&gt;6&lt;/recordID&gt;&lt;typeName&gt;WORKCENTER&lt;/typeName&gt;&lt;typeDescription&gt;WORKCENTER LEVEL&lt;/typeDescription&gt;&lt;typeActive&gt;1&lt;/typeActive&gt;&lt;sortOrder&gt;6&lt;/sortOrder&gt;&lt;idUnitParent&gt;5&lt;/idUnitParent&gt;&lt;ModifiedBy&gt;RadPa&lt;/ModifiedBy&gt;&lt;ModifiedOn&gt;2016-05-25T09:13:15&lt;/ModifiedOn&gt;&lt;CreatedBy&gt;RadPa&lt;/CreatedBy&gt;&lt;CreatedOn&gt;2016-05-10T14:38:08&lt;/CreatedOn&gt;&lt;unitID&gt;316&lt;/unitID&gt;&lt;routeID&gt;0&lt;/routeID&gt;&lt;ModifiedBy&gt;---&lt;/ModifiedBy&gt;&lt;ModifiedOn&gt;TimeUnavailable&lt;/ModifiedOn&gt;&lt;CreatedBy&gt;ZarKl&lt;/CreatedBy&gt;&lt;CreatedOn&gt;2017-01-31T13:15:59&lt;/CreatedOn&gt;&lt;recordID&gt;NA&lt;/recordID&gt;&lt;routeName&gt;---&lt;/routeName&gt;&lt;routeSAPID&gt;---&lt;/routeSAPID&gt;&lt;routeDesc&gt;---&lt;/routeDesc&gt;&lt;recordID&gt;NA&lt;/recordID&gt;&lt;serverName&gt;---&lt;/serverName&gt;&lt;serverConnection&gt;---&lt;/serverConnection&gt;&lt;serverActive&gt;NA&lt;/serverActive&gt;&lt;serverLastGoodResponse&gt;TimeUnavailable&lt;/serverLastGoodResponse&gt;&lt;serverLastBadResponse&gt;TimeUnavailable&lt;/serverLastBadResponse&gt;&lt;serverLastRespMessage&gt;---&lt;/serverLastRespMessage&gt;&lt;sortOrder&gt;NA&lt;/sortOrder&gt;&lt;ModifiedBy&gt;---&lt;/ModifiedBy&gt;&lt;ModifiedOn&gt;TimeUnavailable&lt;/ModifiedOn&gt;&lt;CreatedBy&gt;---&lt;/CreatedBy&gt;&lt;CreatedOn&gt;TimeUnavailable&lt;/CreatedOn&gt;&lt;childID&gt;3&lt;/childID&gt;&lt;/Row&gt;&lt;Row&gt;&lt;recordID&gt;275&lt;/recordID&gt;&lt;unitType&gt;5&lt;/unitType&gt;&lt;unitName&gt;FORD CS2 ASSY&lt;/unitName&gt;&lt;unitDescr&gt;FORD CS2 ASSY&lt;/unitDescr&gt;&lt;idUnitParent&gt;282&lt;/idUnitParent&gt;&lt;unitActive&gt;1&lt;/unitActive&gt;&lt;src&gt;Common/img/check.png&lt;/src&gt;&lt;unitSqlServer&gt;MESM&lt;/unitSqlServer&gt;&lt;unitSAPID&gt;1006&lt;/unitSAPID&gt;&lt;unitMap&gt;FORD CS2 ASSY&lt;/unitMap&gt;&lt;ModifiedBy&gt;ZarKl&lt;/ModifiedBy&gt;&lt;ModifiedOn&gt;2017-01-18T09:11:16&lt;/ModifiedOn&gt;&lt;CreatedBy&gt;ZarKl&lt;/CreatedBy&gt;&lt;CreatedOn&gt;2017-01-17T13:41:38&lt;/CreatedOn&gt;&lt;Path&gt;1-3-2&lt;/Path&gt;&lt;grpCount&gt;2&lt;/grpCount&gt;&lt;Level&gt;3&lt;/Level&gt;&lt;SortOrder&gt;1.000302&lt;/SortOrder&gt;&lt;unitID&gt;NA&lt;/unitID&gt;&lt;pcoAgentID&gt;NA&lt;/pcoAgentID&gt;&lt;sqlServerID&gt;NA&lt;/sqlServerID&gt;&lt;fileAgentID&gt;NA&lt;/fileAgentID&gt;&lt;revisionID&gt;NA&lt;/revisionID&gt;&lt;ModifiedBy&gt;---&lt;/ModifiedBy&gt;&lt;ModifiedOn&gt;TimeUnavailable&lt;/ModifiedOn&gt;&lt;CreatedBy&gt;---&lt;/CreatedBy&gt;&lt;CreatedOn&gt;TimeUnavailable&lt;/CreatedOn&gt;&lt;recordID&gt;5&lt;/recordID&gt;&lt;typeName&gt;LINE&lt;/typeName&gt;&lt;typeDescription&gt;LINE LEVEL&lt;/typeDescription&gt;&lt;typeActive&gt;1&lt;/typeActive&gt;&lt;sortOrder&gt;5&lt;/sortOrder&gt;&lt;idUnitParent&gt;4&lt;/idUnitParent&gt;&lt;ModifiedBy&gt;catalin&lt;/ModifiedBy&gt;&lt;ModifiedOn&gt;2016-05-11T11:51:28&lt;/ModifiedOn&gt;&lt;CreatedBy&gt;RadPa&lt;/CreatedBy&gt;&lt;CreatedOn&gt;2016-05-10T13:17:03&lt;/CreatedOn&gt;&lt;unitID&gt;275&lt;/unitID&gt;&lt;routeID&gt;0&lt;/routeID&gt;&lt;ModifiedBy&gt;ZarKl&lt;/ModifiedBy&gt;&lt;ModifiedOn&gt;2017-01-18T09:11:16&lt;/ModifiedOn&gt;&lt;CreatedBy&gt;ZarKl&lt;/CreatedBy&gt;&lt;CreatedOn&gt;2017-01-17T13:41:38&lt;/CreatedOn&gt;&lt;recordID&gt;NA&lt;/recordID&gt;&lt;routeName&gt;---&lt;/routeName&gt;&lt;routeSAPID&gt;---&lt;/routeSAPID&gt;&lt;routeDesc&gt;---&lt;/routeDesc&gt;&lt;recordID&gt;NA&lt;/recordID&gt;&lt;serverName&gt;---&lt;/serverName&gt;&lt;serverConnection&gt;---&lt;/serverConnection&gt;&lt;serverActive&gt;NA&lt;/serverActive&gt;&lt;serverLastGoodResponse&gt;TimeUnavailable&lt;/serverLastGoodResponse&gt;&lt;serverLastBadResponse&gt;TimeUnavailable&lt;/serverLastBadResponse&gt;&lt;serverLastRespMessage&gt;---&lt;/serverLastRespMessage&gt;&lt;sortOrder&gt;NA&lt;/sortOrder&gt;&lt;ModifiedBy&gt;---&lt;/ModifiedBy&gt;&lt;ModifiedOn&gt;TimeUnavailable&lt;/ModifiedOn&gt;&lt;CreatedBy&gt;---&lt;/CreatedBy&gt;&lt;CreatedOn&gt;TimeUnavailable&lt;/CreatedOn&gt;&lt;childID&gt;1&lt;/childID&gt;&lt;/Row&gt;&lt;Row&gt;&lt;recordID&gt;280&lt;/recordID&gt;&lt;unitType&gt;4&lt;/unitType&gt;&lt;unitName&gt;JL FRONT_REAR&lt;/unitName&gt;&lt;unitDescr&gt;JL FRONT_REAR  - DEPARTMENT&lt;/unitDescr&gt;&lt;idUnitParent&gt;268&lt;/idUnitParent&gt;&lt;unitActive&gt;1&lt;/unitActive&gt;&lt;src&gt;Common/img/check.png&lt;/src&gt;&lt;unitSqlServer&gt;MESM&lt;/unitSqlServer&gt;&lt;unitSAPID&gt;1006&lt;/unitSAPID&gt;&lt;unitMap&gt;JL FRONT_REAR&lt;/unitMap&gt;&lt;ModifiedBy&gt;ZarKl&lt;/ModifiedBy&gt;&lt;ModifiedOn&gt;2017-01-18T15:12:46&lt;/ModifiedOn&gt;&lt;CreatedBy&gt;ZarKl&lt;/CreatedBy&gt;&lt;CreatedOn&gt;2017-01-18T09:05:20&lt;/CreatedOn&gt;&lt;Path&gt;1-4&lt;/Path&gt;&lt;grpCount&gt;4&lt;/grpCount&gt;&lt;Level&gt;2&lt;/Level&gt;&lt;SortOrder&gt;1.0004&lt;/SortOrder&gt;&lt;unitID&gt;NA&lt;/unitID&gt;&lt;pcoAgentID&gt;NA&lt;/pcoAgentID&gt;&lt;sqlServerID&gt;NA&lt;/sqlServerID&gt;&lt;fileAgentID&gt;NA&lt;/fileAgentID&gt;&lt;revisionID&gt;NA&lt;/revisionID&gt;&lt;ModifiedBy&gt;---&lt;/ModifiedBy&gt;&lt;ModifiedOn&gt;TimeUnavailable&lt;/ModifiedOn&gt;&lt;CreatedBy&gt;---&lt;/CreatedBy&gt;&lt;CreatedOn&gt;TimeUnavailable&lt;/CreatedOn&gt;&lt;recordID&gt;4&lt;/recordID&gt;&lt;typeName&gt;DEPARTMENT&lt;/typeName&gt;&lt;typeDescription&gt;DEPARTMENT LEVEL&lt;/typeDescription&gt;&lt;typeActive&gt;1&lt;/typeActive&gt;&lt;sortOrder&gt;4&lt;/sortOrder&gt;&lt;idUnitParent&gt;3&lt;/idUnitParent&gt;&lt;ModifiedBy&gt;RadPa&lt;/ModifiedBy&gt;&lt;ModifiedOn&gt;2016-05-10T11:31:01&lt;/ModifiedOn&gt;&lt;CreatedBy&gt;RadPa&lt;/CreatedBy&gt;&lt;CreatedOn&gt;2016-05-10T11:28:52&lt;/CreatedOn&gt;&lt;unitID&gt;280&lt;/unitID&gt;&lt;routeID&gt;0&lt;/routeID&gt;&lt;ModifiedBy&gt;ZarKl&lt;/ModifiedBy&gt;&lt;ModifiedOn&gt;2017-01-18T15:12:46&lt;/ModifiedOn&gt;&lt;CreatedBy&gt;ZarKl&lt;/CreatedBy&gt;&lt;CreatedOn&gt;2017-01-18T09:05:20&lt;/CreatedOn&gt;&lt;recordID&gt;NA&lt;/recordID&gt;&lt;routeName&gt;---&lt;/routeName&gt;&lt;routeSAPID&gt;---&lt;/routeSAPID&gt;&lt;routeDesc&gt;---&lt;/routeDesc&gt;&lt;recordID&gt;NA&lt;/recordID&gt;&lt;serverName&gt;---&lt;/serverName&gt;&lt;serverConnection&gt;---&lt;/serverConnection&gt;&lt;serverActive&gt;NA&lt;/serverActive&gt;&lt;serverLastGoodResponse&gt;TimeUnavailable&lt;/serverLastGoodResponse&gt;&lt;serverLastBadResponse&gt;TimeUnavailable&lt;/serverLastBadResponse&gt;&lt;serverLastRespMessage&gt;---&lt;/serverLastRespMessage&gt;&lt;sortOrder&gt;NA&lt;/sortOrder&gt;&lt;ModifiedBy&gt;---&lt;/ModifiedBy&gt;&lt;ModifiedOn&gt;TimeUnavailable&lt;/ModifiedOn&gt;&lt;CreatedBy&gt;---&lt;/CreatedBy&gt;&lt;CreatedOn&gt;TimeUnavailable&lt;/CreatedOn&gt;&lt;childID&gt;3&lt;/childID&gt;&lt;/Row&gt;&lt;Row&gt;&lt;recordID&gt;274&lt;/recordID&gt;&lt;unitType&gt;5&lt;/unitType&gt;&lt;unitName&gt;FRONT AXLE ASSY&lt;/unitName&gt;&lt;unitDescr&gt;FRONT AXLE ASSY&lt;/unitDescr&gt;&lt;idUnitParent&gt;280&lt;/idUnitParent&gt;&lt;unitActive&gt;1&lt;/unitActive&gt;&lt;src&gt;Common/img/check.png&lt;/src&gt;&lt;unitSqlServer&gt;MESM&lt;/unitSqlServer&gt;&lt;unitSAPID&gt;1006&lt;/unitSAPID&gt;&lt;unitMap&gt;FRONT AXLE ASSY&lt;/unitMap&gt;&lt;ModifiedBy&gt;ZarKl&lt;/ModifiedBy&gt;&lt;ModifiedOn&gt;2017-01-18T09:06:49&lt;/ModifiedOn&gt;&lt;CreatedBy&gt;ZarKl&lt;/CreatedBy&gt;&lt;CreatedOn&gt;2017-01-17T13:40:41&lt;/CreatedOn&gt;&lt;Path&gt;1-4-1&lt;/Path&gt;&lt;grpCount&gt;1&lt;/grpCount&gt;&lt;Level&gt;3&lt;/Level&gt;&lt;SortOrder&gt;1.000401&lt;/SortOrder&gt;&lt;unitID&gt;NA&lt;/unitID&gt;&lt;pcoAgentID&gt;NA&lt;/pcoAgentID&gt;&lt;sqlServerID&gt;NA&lt;/sqlServerID&gt;&lt;fileAgentID&gt;NA&lt;/fileAgentID&gt;&lt;revisionID&gt;NA&lt;/revisionID&gt;&lt;ModifiedBy&gt;---&lt;/ModifiedBy&gt;&lt;ModifiedOn&gt;TimeUnavailable&lt;/ModifiedOn&gt;&lt;CreatedBy&gt;---&lt;/CreatedBy&gt;&lt;CreatedOn&gt;TimeUnavailable&lt;/CreatedOn&gt;&lt;recordID&gt;5&lt;/recordID&gt;&lt;typeName&gt;LINE&lt;/typeName&gt;&lt;typeDescription&gt;LINE LEVEL&lt;/typeDescription&gt;&lt;typeActive&gt;1&lt;/typeActive&gt;&lt;sortOrder&gt;5&lt;/sortOrder&gt;&lt;idUnitParent&gt;4&lt;/idUnitParent&gt;&lt;ModifiedBy&gt;catalin&lt;/ModifiedBy&gt;&lt;ModifiedOn&gt;2016-05-11T11:51:28&lt;/ModifiedOn&gt;&lt;CreatedBy&gt;RadPa&lt;/CreatedBy&gt;&lt;CreatedOn&gt;2016-05-10T13:17:03&lt;/CreatedOn&gt;&lt;unitID&gt;274&lt;/unitID&gt;&lt;routeID&gt;0&lt;/routeID&gt;&lt;ModifiedBy&gt;ZarKl&lt;/ModifiedBy&gt;&lt;ModifiedOn&gt;2017-01-18T09:06:49&lt;/ModifiedOn&gt;&lt;CreatedBy&gt;ZarKl&lt;/CreatedBy&gt;&lt;CreatedOn&gt;2017-01-17T13:40:41&lt;/CreatedOn&gt;&lt;recordID&gt;NA&lt;/recordID&gt;&lt;routeName&gt;---&lt;/routeName&gt;&lt;routeSAPID&gt;---&lt;/routeSAPID&gt;&lt;routeDesc&gt;---&lt;/routeDesc&gt;&lt;recordID&gt;NA&lt;/recordID&gt;&lt;serverName&gt;---&lt;/serverName&gt;&lt;serverConnection&gt;---&lt;/serverConnection&gt;&lt;serverActive&gt;NA&lt;/serverActive&gt;&lt;serverLastGoodResponse&gt;TimeUnavailable&lt;/serverLastGoodResponse&gt;&lt;serverLastBadResponse&gt;TimeUnavailable&lt;/serverLastBadResponse&gt;&lt;serverLastRespMessage&gt;---&lt;/serverLastRespMessage&gt;&lt;sortOrder&gt;NA&lt;/sortOrder&gt;&lt;ModifiedBy&gt;---&lt;/ModifiedBy&gt;&lt;ModifiedOn&gt;TimeUnavailable&lt;/ModifiedOn&gt;&lt;CreatedBy&gt;---&lt;/CreatedBy&gt;&lt;CreatedOn&gt;TimeUnavailable&lt;/CreatedOn&gt;&lt;childID&gt;0&lt;/childID&gt;&lt;/Row&gt;&lt;Row&gt;&lt;recordID&gt;271&lt;/recordID&gt;&lt;unitType&gt;5&lt;/unitType&gt;&lt;unitName&gt;FRONT CS ASSY&lt;/unitName&gt;&lt;unitDescr&gt;FRONT CS ASSY&lt;/unitDescr&gt;&lt;idUnitParent&gt;280&lt;/idUnitParent&gt;&lt;unitActive&gt;1&lt;/unitActive&gt;&lt;src&gt;Common/img/check.png&lt;/src&gt;&lt;unitSqlServer&gt;MESM&lt;/unitSqlServer&gt;&lt;unitSAPID&gt;1006&lt;/unitSAPID&gt;&lt;unitMap&gt;FRONT CS ASSY&lt;/unitMap&gt;&lt;ModifiedBy&gt;ZarKl&lt;/ModifiedBy&gt;&lt;ModifiedOn&gt;2017-01-18T09:06:10&lt;/ModifiedOn&gt;&lt;CreatedBy&gt;ZarKl&lt;/CreatedBy&gt;&lt;CreatedOn&gt;2017-01-17T13:31:18&lt;/CreatedOn&gt;&lt;Path&gt;1-4-2&lt;/Path&gt;&lt;grpCount&gt;2&lt;/grpCount&gt;&lt;Level&gt;3&lt;/Level&gt;&lt;SortOrder&gt;1.000402&lt;/SortOrder&gt;&lt;unitID&gt;NA&lt;/unitID&gt;&lt;pcoAgentID&gt;NA&lt;/pcoAgentID&gt;&lt;sqlServerID&gt;NA&lt;/sqlServerID&gt;&lt;fileAgentID&gt;NA&lt;/fileAgentID&gt;&lt;revisionID&gt;NA&lt;/revisionID&gt;&lt;ModifiedBy&gt;---&lt;/ModifiedBy&gt;&lt;ModifiedOn&gt;TimeUnavailable&lt;/ModifiedOn&gt;&lt;CreatedBy&gt;---&lt;/CreatedBy&gt;&lt;CreatedOn&gt;TimeUnavailable&lt;/CreatedOn&gt;&lt;recordID&gt;5&lt;/recordID&gt;&lt;typeName&gt;LINE&lt;/typeName&gt;&lt;typeDescription&gt;LINE LEVEL&lt;/typeDescription&gt;&lt;typeActive&gt;1&lt;/typeActive&gt;&lt;sortOrder&gt;5&lt;/sortOrder&gt;&lt;idUnitParent&gt;4&lt;/idUnitParent&gt;&lt;ModifiedBy&gt;catalin&lt;/ModifiedBy&gt;&lt;ModifiedOn&gt;2016-05-11T11:51:28&lt;/ModifiedOn&gt;&lt;CreatedBy&gt;RadPa&lt;/CreatedBy&gt;&lt;CreatedOn&gt;2016-05-10T13:17:03&lt;/CreatedOn&gt;&lt;unitID&gt;271&lt;/unitID&gt;&lt;routeID&gt;0&lt;/routeID&gt;&lt;ModifiedBy&gt;ZarKl&lt;/ModifiedBy&gt;&lt;ModifiedOn&gt;2017-01-18T09:06:10&lt;/ModifiedOn&gt;&lt;CreatedBy&gt;ZarKl&lt;/CreatedBy&gt;&lt;CreatedOn&gt;2017-01-17T13:31:18&lt;/CreatedOn&gt;&lt;recordID&gt;NA&lt;/recordID&gt;&lt;routeName&gt;---&lt;/routeName&gt;&lt;routeSAPID&gt;---&lt;/routeSAPID&gt;&lt;routeDesc&gt;---&lt;/routeDesc&gt;&lt;recordID&gt;NA&lt;/recordID&gt;&lt;serverName&gt;---&lt;/serverName&gt;&lt;serverConnection&gt;---&lt;/serverConnection&gt;&lt;serverActive&gt;NA&lt;/serverActive&gt;&lt;serverLastGoodResponse&gt;TimeUnavailable&lt;/serverLastGoodResponse&gt;&lt;serverLastBadResponse&gt;TimeUnavailable&lt;/serverLastBadResponse&gt;&lt;serverLastRespMessage&gt;---&lt;/serverLastRespMessage&gt;&lt;sortOrder&gt;NA&lt;/sortOrder&gt;&lt;ModifiedBy&gt;---&lt;/ModifiedBy&gt;&lt;ModifiedOn&gt;TimeUnavailable&lt;/ModifiedOn&gt;&lt;CreatedBy&gt;---&lt;/CreatedBy&gt;&lt;CreatedOn&gt;TimeUnavailable&lt;/CreatedOn&gt;&lt;childID&gt;1&lt;/childID&gt;&lt;/Row&gt;&lt;Row&gt;&lt;recordID&gt;273&lt;/recordID&gt;&lt;unitType&gt;5&lt;/unitType&gt;&lt;unitName&gt;REAR AXLE ASSY&lt;/unitName&gt;&lt;unitDescr&gt;REAR AXLE ASSY&lt;/unitDescr&gt;&lt;idUnitParent&gt;280&lt;/idUnitParent&gt;&lt;unitActive&gt;1&lt;/unitActive&gt;&lt;src&gt;Common/img/check.png&lt;/src&gt;&lt;unitSqlServer&gt;MESM&lt;/unitSqlServer&gt;&lt;unitSAPID&gt;1006&lt;/unitSAPID&gt;&lt;unitMap&gt;REAR AXLE ASSY&lt;/unitMap&gt;&lt;ModifiedBy&gt;ZarKl&lt;/ModifiedBy&gt;&lt;ModifiedOn&gt;2017-01-18T09:07:02&lt;/ModifiedOn&gt;&lt;CreatedBy&gt;ZarKl&lt;/CreatedBy&gt;&lt;CreatedOn&gt;2017-01-17T13:32:23&lt;/CreatedOn&gt;&lt;Path&gt;1-4-3&lt;/Path&gt;&lt;grpCount&gt;3&lt;/grpCount&gt;&lt;Level&gt;3&lt;/Level&gt;&lt;SortOrder&gt;1.000403&lt;/SortOrder&gt;&lt;unitID&gt;NA&lt;/unitID&gt;&lt;pcoAgentID&gt;NA&lt;/pcoAgentID&gt;&lt;sqlServerID&gt;NA&lt;/sqlServerID&gt;&lt;fileAgentID&gt;NA&lt;/fileAgentID&gt;&lt;revisionID&gt;NA&lt;/revisionID&gt;&lt;ModifiedBy&gt;---&lt;/ModifiedBy&gt;&lt;ModifiedOn&gt;TimeUnavailable&lt;/ModifiedOn&gt;&lt;CreatedBy&gt;---&lt;/CreatedBy&gt;&lt;CreatedOn&gt;TimeUnavailable&lt;/CreatedOn&gt;&lt;recordID&gt;5&lt;/recordID&gt;&lt;typeName&gt;LINE&lt;/typeName&gt;&lt;typeDescription&gt;LINE LEVEL&lt;/typeDescription&gt;&lt;typeActive&gt;1&lt;/typeActive&gt;&lt;sortOrder&gt;5&lt;/sortOrder&gt;&lt;idUnitParent&gt;4&lt;/idUnitParent&gt;&lt;ModifiedBy&gt;catalin&lt;/ModifiedBy&gt;&lt;ModifiedOn&gt;2016-05-11T11:51:28&lt;/ModifiedOn&gt;&lt;CreatedBy&gt;RadPa&lt;/CreatedBy&gt;&lt;CreatedOn&gt;2016-05-10T13:17:03&lt;/CreatedOn&gt;&lt;unitID&gt;273&lt;/unitID&gt;&lt;routeID&gt;0&lt;/routeID&gt;&lt;ModifiedBy&gt;ZarKl&lt;/ModifiedBy&gt;&lt;ModifiedOn&gt;2017-01-18T09:07:02&lt;/ModifiedOn&gt;&lt;CreatedBy&gt;ZarKl&lt;/CreatedBy&gt;&lt;CreatedOn&gt;2017-01-17T13:32:23&lt;/CreatedOn&gt;&lt;recordID&gt;NA&lt;/recordID&gt;&lt;routeName&gt;---&lt;/routeName&gt;&lt;routeSAPID&gt;---&lt;/routeSAPID&gt;&lt;routeDesc&gt;---&lt;/routeDesc&gt;&lt;recordID&gt;NA&lt;/recordID&gt;&lt;serverName&gt;---&lt;/serverName&gt;&lt;serverConnection&gt;---&lt;/serverConnection&gt;&lt;serverActive&gt;NA&lt;/serverActive&gt;&lt;serverLastGoodResponse&gt;TimeUnavailable&lt;/serverLastGoodResponse&gt;&lt;serverLastBadResponse&gt;TimeUnavailable&lt;/serverLastBadResponse&gt;&lt;serverLastRespMessage&gt;---&lt;/serverLastRespMessage&gt;&lt;sortOrder&gt;NA&lt;/sortOrder&gt;&lt;ModifiedBy&gt;---&lt;/ModifiedBy&gt;&lt;ModifiedOn&gt;TimeUnavailable&lt;/ModifiedOn&gt;&lt;CreatedBy&gt;---&lt;/CreatedBy&gt;&lt;CreatedOn&gt;TimeUnavailable&lt;/CreatedOn&gt;&lt;childID&gt;2&lt;/childID&gt;&lt;/Row&gt;&lt;Row&gt;&lt;recordID&gt;272&lt;/recordID&gt;&lt;unitType&gt;5&lt;/unitType&gt;&lt;unitName&gt;REAR CS ASSY&lt;/unitName&gt;&lt;unitDescr&gt;REAR CS ASSY&lt;/unitDescr&gt;&lt;idUnitParent&gt;280&lt;/idUnitParent&gt;&lt;unitActive&gt;1&lt;/unitActive&gt;&lt;src&gt;Common/img/check.png&lt;/src&gt;&lt;unitSqlServer&gt;MESM&lt;/unitSqlServer&gt;&lt;unitSAPID&gt;1006&lt;/unitSAPID&gt;&lt;unitMap&gt;REAR CS ASSY&lt;/unitMap&gt;&lt;ModifiedBy&gt;ZarKl&lt;/ModifiedBy&gt;&lt;ModifiedOn&gt;2017-01-18T09:06:27&lt;/ModifiedOn&gt;&lt;CreatedBy&gt;ZarKl&lt;/CreatedBy&gt;&lt;CreatedOn&gt;2017-01-17T13:31:49&lt;/CreatedOn&gt;&lt;Path&gt;1-4-4&lt;/Path&gt;&lt;grpCount&gt;4&lt;/grpCount&gt;&lt;Level&gt;3&lt;/Level&gt;&lt;SortOrder&gt;1.000404&lt;/SortOrder&gt;&lt;unitID&gt;NA&lt;/unitID&gt;&lt;pcoAgentID&gt;NA&lt;/pcoAgentID&gt;&lt;sqlServerID&gt;NA&lt;/sqlServerID&gt;&lt;fileAgentID&gt;NA&lt;/fileAgentID&gt;&lt;revisionID&gt;NA&lt;/revisionID&gt;&lt;ModifiedBy&gt;---&lt;/ModifiedBy&gt;&lt;ModifiedOn&gt;TimeUnavailable&lt;/ModifiedOn&gt;&lt;CreatedBy&gt;---&lt;/CreatedBy&gt;&lt;CreatedOn&gt;TimeUnavailable&lt;/CreatedOn&gt;&lt;recordID&gt;5&lt;/recordID&gt;&lt;typeName&gt;LINE&lt;/typeName&gt;&lt;typeDescription&gt;LINE LEVEL&lt;/typeDescription&gt;&lt;typeActive&gt;1&lt;/typeActive&gt;&lt;sortOrder&gt;5&lt;/sortOrder&gt;&lt;idUnitParent&gt;4&lt;/idUnitParent&gt;&lt;ModifiedBy&gt;catalin&lt;/ModifiedBy&gt;&lt;ModifiedOn&gt;2016-05-11T11:51:28&lt;/ModifiedOn&gt;&lt;CreatedBy&gt;RadPa&lt;/CreatedBy&gt;&lt;CreatedOn&gt;2016-05-10T13:17:03&lt;/CreatedOn&gt;&lt;unitID&gt;272&lt;/unitID&gt;&lt;routeID&gt;0&lt;/routeID&gt;&lt;ModifiedBy&gt;ZarKl&lt;/ModifiedBy&gt;&lt;ModifiedOn&gt;2017-01-18T09:06:27&lt;/ModifiedOn&gt;&lt;CreatedBy&gt;ZarKl&lt;/CreatedBy&gt;&lt;CreatedOn&gt;2017-01-17T13:31:49&lt;/CreatedOn&gt;&lt;recordID&gt;NA&lt;/recordID&gt;&lt;routeName&gt;---&lt;/routeName&gt;&lt;routeSAPID&gt;---&lt;/routeSAPID&gt;&lt;routeDesc&gt;---&lt;/routeDesc&gt;&lt;recordID&gt;NA&lt;/recordID&gt;&lt;serverName&gt;---&lt;/serverName&gt;&lt;serverConnection&gt;---&lt;/serverConnection&gt;&lt;serverActive&gt;NA&lt;/serverActive&gt;&lt;serverLastGoodResponse&gt;TimeUnavailable&lt;/serverLastGoodResponse&gt;&lt;serverLastBadResponse&gt;TimeUnavailable&lt;/serverLastBadResponse&gt;&lt;serverLastRespMessage&gt;---&lt;/serverLastRespMessage&gt;&lt;sortOrder&gt;NA&lt;/sortOrder&gt;&lt;ModifiedBy&gt;---&lt;/ModifiedBy&gt;&lt;ModifiedOn&gt;TimeUnavailable&lt;/ModifiedOn&gt;&lt;CreatedBy&gt;---&lt;/CreatedBy&gt;&lt;CreatedOn&gt;TimeUnavailable&lt;/CreatedOn&gt;&lt;childID&gt;3&lt;/childID&gt;&lt;/Row&gt;&lt;Row&gt;&lt;recordID&gt;281&lt;/recordID&gt;&lt;unitType&gt;4&lt;/unitType&gt;&lt;unitName&gt;JT COMBO&lt;/unitName&gt;&lt;unitDescr&gt;JT COMBO - DEPARTMENT&lt;/unitDescr&gt;&lt;idUnitParent&gt;268&lt;/idUnitParent&gt;&lt;unitActive&gt;1&lt;/unitActive&gt;&lt;src&gt;Common/img/check.png&lt;/src&gt;&lt;unitSqlServer&gt;MESM&lt;/unitSqlServer&gt;&lt;unitSAPID&gt;1006&lt;/unitSAPID&gt;&lt;unitMap&gt;JT COMBO&lt;/unitMap&gt;&lt;ModifiedBy&gt;ZarKl&lt;/ModifiedBy&gt;&lt;ModifiedOn&gt;2017-01-18T15:13:19&lt;/ModifiedOn&gt;&lt;CreatedBy&gt;ZarKl&lt;/CreatedBy&gt;&lt;CreatedOn&gt;2017-01-18T09:08:10&lt;/CreatedOn&gt;&lt;Path&gt;1-5&lt;/Path&gt;&lt;grpCount&gt;5&lt;/grpCount&gt;&lt;Level&gt;2&lt;/Level&gt;&lt;SortOrder&gt;1.0005&lt;/SortOrder&gt;&lt;unitID&gt;NA&lt;/unitID&gt;&lt;pcoAgentID&gt;NA&lt;/pcoAgentID&gt;&lt;sqlServerID&gt;NA&lt;/sqlServerID&gt;&lt;fileAgentID&gt;NA&lt;/fileAgentID&gt;&lt;revisionID&gt;NA&lt;/revisionID&gt;&lt;ModifiedBy&gt;---&lt;/ModifiedBy&gt;&lt;ModifiedOn&gt;TimeUnavailable&lt;/ModifiedOn&gt;&lt;CreatedBy&gt;---&lt;/CreatedBy&gt;&lt;CreatedOn&gt;TimeUnavailable&lt;/CreatedOn&gt;&lt;recordID&gt;4&lt;/recordID&gt;&lt;typeName&gt;DEPARTMENT&lt;/typeName&gt;&lt;typeDescription&gt;DEPARTMENT LEVEL&lt;/typeDescription&gt;&lt;typeActive&gt;1&lt;/typeActive&gt;&lt;sortOrder&gt;4&lt;/sortOrder&gt;&lt;idUnitParent&gt;3&lt;/idUnitParent&gt;&lt;ModifiedBy&gt;RadPa&lt;/ModifiedBy&gt;&lt;ModifiedOn&gt;2016-05-10T11:31:01&lt;/ModifiedOn&gt;&lt;CreatedBy&gt;RadPa&lt;/CreatedBy&gt;&lt;CreatedOn&gt;2016-05-10T11:28:52&lt;/CreatedOn&gt;&lt;unitID&gt;281&lt;/unitID&gt;&lt;routeID&gt;0&lt;/routeID&gt;&lt;ModifiedBy&gt;ZarKl&lt;/ModifiedBy&gt;&lt;ModifiedOn&gt;2017-01-18T15:13:19&lt;/ModifiedOn&gt;&lt;CreatedBy&gt;ZarKl&lt;/CreatedBy&gt;&lt;CreatedOn&gt;2017-01-18T09:08:10&lt;/CreatedOn&gt;&lt;recordID&gt;NA&lt;/recordID&gt;&lt;routeName&gt;---&lt;/routeName&gt;&lt;routeSAPID&gt;---&lt;/routeSAPID&gt;&lt;routeDesc&gt;---&lt;/routeDesc&gt;&lt;recordID&gt;NA&lt;/recordID&gt;&lt;serverName&gt;---&lt;/serverName&gt;&lt;serverConnection&gt;---&lt;/serverConnection&gt;&lt;serverActive&gt;NA&lt;/serverActive&gt;&lt;serverLastGoodResponse&gt;TimeUnavailable&lt;/serverLastGoodResponse&gt;&lt;serverLastBadResponse&gt;TimeUnavailable&lt;/serverLastBadResponse&gt;&lt;serverLastRespMessage&gt;---&lt;/serverLastRespMessage&gt;&lt;sortOrder&gt;NA&lt;/sortOrder&gt;&lt;ModifiedBy&gt;---&lt;/ModifiedBy&gt;&lt;ModifiedOn&gt;TimeUnavailable&lt;/ModifiedOn&gt;&lt;CreatedBy&gt;---&lt;/CreatedBy&gt;&lt;CreatedOn&gt;TimeUnavailable&lt;/CreatedOn&gt;&lt;childID&gt;4&lt;/childID&gt;&lt;/Row&gt;&lt;Row&gt;&lt;recordID&gt;278&lt;/recordID&gt;&lt;unitType&gt;5&lt;/unitType&gt;&lt;unitName&gt;COMBO AXLE ASSY&lt;/unitName&gt;&lt;unitDescr&gt;COMBO AXLE ASSY&lt;/unitDescr&gt;&lt;idUnitParent&gt;281&lt;/idUnitParent&gt;&lt;unitActive&gt;1&lt;/unitActive&gt;&lt;src&gt;Common/img/check.png&lt;/src&gt;&lt;unitSqlServer&gt;MESM&lt;/unitSqlServer&gt;&lt;unitSAPID&gt;1006&lt;/unitSAPID&gt;&lt;unitMap&gt;COMBO AXLE ASSY&lt;/unitMap&gt;&lt;ModifiedBy&gt;ZarKl&lt;/ModifiedBy&gt;&lt;ModifiedOn&gt;2017-01-18T09:08:37&lt;/ModifiedOn&gt;&lt;CreatedBy&gt;ZarKl&lt;/CreatedBy&gt;&lt;CreatedOn&gt;2017-01-17T13:43:08&lt;/CreatedOn&gt;&lt;Path&gt;1-5-1&lt;/Path&gt;&lt;grpCount&gt;1&lt;/grpCount&gt;&lt;Level&gt;3&lt;/Level&gt;&lt;SortOrder&gt;1.000501&lt;/SortOrder&gt;&lt;unitID&gt;NA&lt;/unitID&gt;&lt;pcoAgentID&gt;NA&lt;/pcoAgentID&gt;&lt;sqlServerID&gt;NA&lt;/sqlServerID&gt;&lt;fileAgentID&gt;NA&lt;/fileAgentID&gt;&lt;revisionID&gt;NA&lt;/revisionID&gt;&lt;ModifiedBy&gt;---&lt;/ModifiedBy&gt;&lt;ModifiedOn&gt;TimeUnavailable&lt;/ModifiedOn&gt;&lt;CreatedBy&gt;---&lt;/CreatedBy&gt;&lt;CreatedOn&gt;TimeUnavailable&lt;/CreatedOn&gt;&lt;recordID&gt;5&lt;/recordID&gt;&lt;typeName&gt;LINE&lt;/typeName&gt;&lt;typeDescription&gt;LINE LEVEL&lt;/typeDescription&gt;&lt;typeActive&gt;1&lt;/typeActive&gt;&lt;sortOrder&gt;5&lt;/sortOrder&gt;&lt;idUnitParent&gt;4&lt;/idUnitParent&gt;&lt;ModifiedBy&gt;catalin&lt;/ModifiedBy&gt;&lt;ModifiedOn&gt;2016-05-11T11:51:28&lt;/ModifiedOn&gt;&lt;CreatedBy&gt;RadPa&lt;/CreatedBy&gt;&lt;CreatedOn&gt;2016-05-10T13:17:03&lt;/CreatedOn&gt;&lt;unitID&gt;278&lt;/unitID&gt;&lt;routeID&gt;0&lt;/routeID&gt;&lt;ModifiedBy&gt;ZarKl&lt;/ModifiedBy&gt;&lt;ModifiedOn&gt;2017-01-18T09:08:37&lt;/ModifiedOn&gt;&lt;CreatedBy&gt;ZarKl&lt;/CreatedBy&gt;&lt;CreatedOn&gt;2017-01-17T13:43:08&lt;/CreatedOn&gt;&lt;recordID&gt;NA&lt;/recordID&gt;&lt;routeName&gt;---&lt;/routeName&gt;&lt;routeSAPID&gt;---&lt;/routeSAPID&gt;&lt;routeDesc&gt;---&lt;/routeDesc&gt;&lt;recordID&gt;NA&lt;/recordID&gt;&lt;serverName&gt;---&lt;/serverName&gt;&lt;serverConnection&gt;---&lt;/serverConnection&gt;&lt;serverActive&gt;NA&lt;/serverActive&gt;&lt;serverLastGoodResponse&gt;TimeUnavailable&lt;/serverLastGoodResponse&gt;&lt;serverLastBadResponse&gt;TimeUnavailable&lt;/serverLastBadResponse&gt;&lt;serverLastRespMessage&gt;---&lt;/serverLastRespMessage&gt;&lt;sortOrder&gt;NA&lt;/sortOrder&gt;&lt;ModifiedBy&gt;---&lt;/ModifiedBy&gt;&lt;ModifiedOn&gt;TimeUnavailable&lt;/ModifiedOn&gt;&lt;CreatedBy&gt;---&lt;/CreatedBy&gt;&lt;CreatedOn&gt;TimeUnavailable&lt;/CreatedOn&gt;&lt;childID&gt;0&lt;/childID&gt;&lt;/Row&gt;&lt;Row&gt;&lt;recordID&gt;277&lt;/recordID&gt;&lt;unitType&gt;5&lt;/unitType&gt;&lt;unitName&gt;COMBO CS ASSY&lt;/unitName&gt;&lt;unitDescr&gt;COMBO CS ASSY&lt;/unitDescr&gt;&lt;idUnitParent&gt;281&lt;/idUnitParent&gt;&lt;unitActive&gt;1&lt;/unitActive&gt;&lt;src&gt;Common/img/check.png&lt;/src&gt;&lt;unitSqlServer&gt;MESM&lt;/unitSqlServer&gt;&lt;unitSAPID&gt;1006&lt;/unitSAPID&gt;&lt;unitMap&gt;COMBO CS ASSY&lt;/unitMap&gt;&lt;ModifiedBy&gt;ZarKl&lt;/ModifiedBy&gt;&lt;ModifiedOn&gt;2017-01-18T09:08:50&lt;/ModifiedOn&gt;&lt;CreatedBy&gt;ZarKl&lt;/CreatedBy&gt;&lt;CreatedOn&gt;2017-01-17T13:42:27&lt;/CreatedOn&gt;&lt;Path&gt;1-5-2&lt;/Path&gt;&lt;grpCount&gt;2&lt;/grpCount&gt;&lt;Level&gt;3&lt;/Level&gt;&lt;SortOrder&gt;1.000502&lt;/SortOrder&gt;&lt;unitID&gt;NA&lt;/unitID&gt;&lt;pcoAgentID&gt;NA&lt;/pcoAgentID&gt;&lt;sqlServerID&gt;NA&lt;/sqlServerID&gt;&lt;fileAgentID&gt;NA&lt;/fileAgentID&gt;&lt;revisionID&gt;NA&lt;/revisionID&gt;&lt;ModifiedBy&gt;---&lt;/ModifiedBy&gt;&lt;ModifiedOn&gt;TimeUnavailable&lt;/ModifiedOn&gt;&lt;CreatedBy&gt;---&lt;/CreatedBy&gt;&lt;CreatedOn&gt;TimeUnavailable&lt;/CreatedOn&gt;&lt;recordID&gt;5&lt;/recordID&gt;&lt;typeName&gt;LINE&lt;/typeName&gt;&lt;typeDescription&gt;LINE LEVEL&lt;/typeDescription&gt;&lt;typeActive&gt;1&lt;/typeActive&gt;&lt;sortOrder&gt;5&lt;/sortOrder&gt;&lt;idUnitParent&gt;4&lt;/idUnitParent&gt;&lt;ModifiedBy&gt;catalin&lt;/ModifiedBy&gt;&lt;ModifiedOn&gt;2016-05-11T11:51:28&lt;/ModifiedOn&gt;&lt;CreatedBy&gt;RadPa&lt;/CreatedBy&gt;&lt;CreatedOn&gt;2016-05-10T13:17:03&lt;/CreatedOn&gt;&lt;unitID&gt;277&lt;/unitID&gt;&lt;routeID&gt;0&lt;/routeID&gt;&lt;ModifiedBy&gt;ZarKl&lt;/ModifiedBy&gt;&lt;ModifiedOn&gt;2017-01-18T09:08:50&lt;/ModifiedOn&gt;&lt;CreatedBy&gt;ZarKl&lt;/CreatedBy&gt;&lt;CreatedOn&gt;2017-01-17T13:42:27&lt;/CreatedOn&gt;&lt;recordID&gt;NA&lt;/recordID&gt;&lt;routeName&gt;---&lt;/routeName&gt;&lt;routeSAPID&gt;---&lt;/routeSAPID&gt;&lt;routeDesc&gt;---&lt;/routeDesc&gt;&lt;recordID&gt;NA&lt;/recordID&gt;&lt;serverName&gt;---&lt;/serverName&gt;&lt;serverConnection&gt;---&lt;/serverConnection&gt;&lt;serverActive&gt;NA&lt;/serverActive&gt;&lt;serverLastGoodResponse&gt;TimeUnavailable&lt;/serverLastGoodResponse&gt;&lt;serverLastBadResponse&gt;TimeUnavailable&lt;/serverLastBadResponse&gt;&lt;serverLastRespMessage&gt;---&lt;/serverLastRespMessage&gt;&lt;sortOrder&gt;NA&lt;/sortOrder&gt;&lt;ModifiedBy&gt;---&lt;/ModifiedBy&gt;&lt;ModifiedOn&gt;TimeUnavailable&lt;/ModifiedOn&gt;&lt;CreatedBy&gt;---&lt;/CreatedBy&gt;&lt;CreatedOn&gt;TimeUnavailable&lt;/CreatedOn&gt;&lt;childID&gt;1&lt;/childID&gt;&lt;/Row&gt;&lt;/Rowset&gt;&lt;/Rowsets&gt;</Results><TagList/></Value><SchemaURI/><SchemaElement/><ValidateXMLOnExecution>1</ValidateXMLOnExecution><ReadOnly>false</ReadOnly><AlertXMLAssigned>false</AlertXMLAssigned></ContextItem><ContextItem><Name>get_AssignOpByWrkc</Name><Description/><MinRange>0</MinRange><MaxRange>0</MaxRange><Value xsi:type="IlluminatorSQLQueryObject"><Timeout>60</Timeout><QueryParameters/><QueryTemplate>MESM/SUPERVISORS/QUERIES/get_AssignOpByWrkc</QueryTemplate><QueryStartDate>2017-03-13T12:03:01</QueryStartDate><QueryEndDate>2017-03-13T12:03:01</QueryEndDate><SQLTransaction/><Results><ReferenceDocumentSource/>&lt;?xml version="1.0" encoding="UTF-8"?&gt;&lt;Rowsets CachedTime="" DateCreated="2017-03-13T12:22:34" EndDate="2017-03-13T12:22:34" StartDate="2017-03-13T11:22:34" Version="15.0 SP7 Patch 12 (Sep 7, 2016)"&gt;&lt;Rowset&gt;&lt;Columns&gt;&lt;Column Description="Operators" MaxRange="1" MinRange="0" Name="Operators" SQLDataType="12" SourceColumn="Operators"/&gt;&lt;/Columns&gt;&lt;Row&gt;&lt;Operators&gt;3, 4&lt;/Operators&gt;&lt;/Row&gt;&lt;/Rowset&gt;&lt;/Rowsets&gt;</Results><TagList/></Value><SchemaURI/><SchemaElement/><ValidateXMLOnExecution>1</ValidateXMLOnExecution><ReadOnly>false</ReadOnly><AlertXMLAssigned>false</AlertXMLAssigned></ContextItem></Actions><ReaderRoles>SAP_XMII_Administrator,SAP_XMII_Developer,SAP_XMII_Super_Administrator,SAP_XMII_User</ReaderRoles><Steps><Step xsi:type="ActionSequence"><Name>Sequence</Name><Description/><Steps><Step xsi:type="ActionSequence"><Name>Sequence_23</Name><Description/><Steps><Step xsi:type="ActionSequence"><Name>Sequence_4</Name><Description/><Steps><Step xsi:type="Conditional"><Name>Sequence_0</Name><Description/><Steps><Step xsi:type="Repeater"><Name>Sequence_1</Name><Description/><Steps><Step xsi:type="ActionSequence"><Name>Sequence_9</Name><Description/><Steps><Step xsi:type="ActionSequence"><Name>Sequence_27</Name><Description/><Steps><Step xsi:type="Conditional"><Name>Sequence_6</Name><Description/><Steps><Step xsi:type="ActionSequence"><Name>Sequence_24</Name><Description/><Steps><Step xsi:type="Conditional"><Name>Sequence_21</Name><Description/><Steps><Step xsi:type="ActionSequence"><Name>Sequence_22</Name><Description/><Steps/><Actions><Action><Name>CloseBracket</Name><Description> </Description><IncomingLinks/><OutgoingLinks><Assign xsi:type="Assign"><Name/><Description/><To>Local.content</To><From>Local.content &amp; " }"</From></Assign></OutgoingLinks></Action></Actions></Step></Steps><Actions><Action><Name>OneRecOnly</Name><Description> </Description><IncomingLinks><Assign xsi:type="Assign"><Name/><Description/><To>OneRecOnly.Input1</To><From>if(RepeatOnRow.CurrentItem==RepeatOnRow.ItemCount,1,0)</From></Assign></IncomingLinks><OutgoingLinks/></Action></Actions></Step></Steps><Actions><Action><Name>AssignFirst</Name><Description> </Description><IncomingLinks/><OutgoingLinks><Assign xsi:type="Assign"><Name/><Description/><To>Local.Level</To><From>RepeatOnRow.Output{/Row/Level}</From></Assign><Assign xsi:type="Assign"><Name/><Description/><To>Local.TempLevel</To><From>RepeatOnRow.Output{/Row/Level}</From></Assign><Assign xsi:type="Assign"><Name/><Description/><To>Local.content</To><From>Local.content &amp; ",
" &amp; RepeatOnRow.Output{/Row/childID} &amp; ": { " &amp; 
 "unitType" &amp; " : " &amp; doublequote &amp; RepeatOnRow.Output{/Row/unitType} &amp; doublequote &amp; ", " &amp; 
 "unitSqlServer" &amp; " : " &amp; doublequote &amp; RepeatOnRow.Output{/Row/unitSqlServer} &amp; doublequote &amp; ", " &amp; 
 "unitName" &amp; " : " &amp; doublequote &amp;  RepeatOnRow.Output{/Row/unitName} &amp; doublequote &amp; ", " &amp; 
 "unitDescr" &amp; " : " &amp; doublequote &amp; RepeatOnRow.Output{/Row/unitDescr} &amp; doublequote &amp; ", " &amp; 
 "unitSAPID" &amp; " : " &amp; doublequote &amp; RepeatOnRow.Output{/Row/unitSAPID} &amp; doublequote &amp; ", " &amp; 
 "unitMap" &amp; " : " &amp; doublequote &amp; RepeatOnRow.Output{/Row/unitMap} &amp; doublequote &amp; ", " &amp; 
 "unitActive" &amp; " : " &amp; doublequote &amp; RepeatOnRow.Output{/Row/unitActive} &amp; doublequote &amp; ", " &amp; 
 "src" &amp; " : " &amp; doublequote &amp; RepeatOnRow.Output{/Row/src} &amp; doublequote &amp; ", " &amp; 
 "idUnitParent" &amp; " : " &amp; doublequote &amp; RepeatOnRow.Output{/Row/idUnitParent} &amp; doublequote &amp; ", " &amp; 
 "recordID" &amp; " : " &amp; doublequote &amp; RepeatOnRow.Output{/Row/recordID} &amp; doublequote &amp; ", " &amp; 
 "revisionID" &amp; " : " &amp; doublequote &amp; RepeatOnRow.Output{/Row/revisionID} &amp; doublequote &amp; ", " &amp; 
 "pcoAgentID" &amp; " : " &amp; doublequote &amp; RepeatOnRow.Output{/Row/pcoAgentID} &amp; doublequote &amp; ", " &amp; 
 "typeName" &amp; " : " &amp; doublequote &amp; RepeatOnRow.Output{/Row/typeName} &amp; doublequote &amp; ", " &amp; 
 "routeID" &amp; " : " &amp; doublequote &amp; RepeatOnRow.Output{/Row/routeID} &amp; doublequote &amp; ", " &amp; 
 "sqlServerID" &amp; " : " &amp; doublequote &amp; RepeatOnRow.Output{/Row/sqlServerID} &amp; doublequote &amp; ", " &amp; 
 "serverName" &amp; " : " &amp; doublequote &amp; RepeatOnRow.Output{/Row/serverName} &amp; doublequote &amp; ", " &amp; 
 "idLevel" &amp; " : " &amp; doublequote &amp; RepeatOnRow.Output{/Row/Level} &amp; doublequote &amp; ", " &amp;
 "opLoggedin" &amp; " : " &amp; doublequote &amp; get_AssignOpByWrkc.Results{/Rowsets/Rowset/Row/Operators} &amp; doublequote &amp; " "</From></Assign></OutgoingLinks></Action></Actions></Step><Step xsi:type="ActionSequence"><Name>Sequence_16</Name><Description/><Steps><Step xsi:type="ActionSequence"><Name>Sequence_3</Name><Description/><Steps><Step xsi:type="ActionSequence"><Name>Sequence_7</Name><Description/><Steps><Step xsi:type="Conditional"><Name>Sequence_5</Name><Description/><Steps><Step xsi:type="ActionSequence"><Name>Sequence_8</Name><Description/><Steps/><Actions><Action><Name>Add_Mid_0</Name><Description> </Description><IncomingLinks/><OutgoingLinks><Assign xsi:type="Assign"><Name/><Description/><To>Local.content</To><From>Local.content &amp; ",
" &amp; Local.Item</From></Assign><Assign xsi:type="Assign"><Name/><Description/><To>Local.Level</To><From>Local.TempLevel</From></Assign></OutgoingLinks></Action></Actions></Step><Step xsi:type="Conditional"><Name>Sequence_10</Name><Description/><Steps><Step xsi:type="ActionSequence"><Name>Sequence_11</Name><Description/><Steps/><Actions><Action><Name>Add_Mid_1</Name><Description> </Description><IncomingLinks/><OutgoingLinks><Assign xsi:type="Assign"><Name/><Description/><To>Local.content</To><From>Local.content &amp; "}, 
" &amp; Local.Item</From></Assign><Assign xsi:type="Assign"><Name/><Description/><To>Local.Level</To><From>Local.TempLevel</From></Assign></OutgoingLinks></Action></Actions></Step><Step xsi:type="ActionSequence"><Name>Sequence_12</Name><Description/><Steps><Step xsi:type="ActionSequence"><Name>Sequence_13</Name><Description/><Steps><Step xsi:type="ActionSequence"><Name>Sequence_14</Name><Description/><Steps><Step xsi:type="ForNextRepeater"><Name>Sequence_17</Name><Description/><Steps><Step xsi:type="ActionSequence"><Name>Sequence_18</Name><Description/><Steps/><Actions><Action><Name>Assign_Brackets</Name><Description> </Description><IncomingLinks/><OutgoingLinks><Assign xsi:type="Assign"><Name/><Description/><To>Local.BracketsStr</To><From>Local.BracketsStr &amp; " }"</From></Assign></OutgoingLinks></Action></Actions></Step><Step xsi:type="ActionSequence"><Name>Sequence_19</Name><Description/><Steps/><Actions><Action><Name>Assign_Comma</Name><Description> </Description><IncomingLinks/><OutgoingLinks><Assign xsi:type="Assign"><Name/><Description/><To>Local.BracketsStr</To><From>Local.BracketsStr &amp; ",
"</From></Assign></OutgoingLinks></Action></Actions></Step></Steps><Actions><Action><Name>For_Next_Loop_0</Name><Description> </Description><IncomingLinks><Assign xsi:type="Assign"><Name/><Description/><To>For_Next_Loop_0.From</To><From>0</From></Assign><Assign xsi:type="Assign"><Name/><Description/><To>For_Next_Loop_0.To</To><From>Local.DeltaLevel</From></Assign><Assign xsi:type="Assign"><Name/><Description/><To>For_Next_Loop_0.Step</To><From>1</From></Assign></IncomingLinks><OutgoingLinks/></Action></Actions></Step><Step xsi:type="ActionSequence"><Name>Sequence_15</Name><Description/><Steps/><Actions><Action><Name>Add_Mid_2</Name><Description> </Description><IncomingLinks/><OutgoingLinks><Assign xsi:type="Assign"><Name/><Description/><To>Local.content</To><From>Local.content &amp; Local.BracketsStr &amp; Local.Item</From></Assign><Assign xsi:type="Assign"><Name/><Description/><To>Local.Level</To><From>Local.TempLevel</From></Assign></OutgoingLinks></Action></Actions></Step></Steps><Actions><Action><Name>ShowDeltaLevel</Name><Description> </Description><IncomingLinks><Assign xsi:type="Assign"><Name/><Description/><To>ShowDeltaLevel.Message</To><From>Local.DeltaLevel</From></Assign></IncomingLinks><OutgoingLinks/></Action></Actions></Step></Steps><Actions><Action><Name>Assign_DeltaLevel</Name><Description> </Description><IncomingLinks/><OutgoingLinks><Assign xsi:type="Assign"><Name/><Description/><To>Local.DeltaLevel</To><From>Local.Level - Local.TempLevel</From></Assign></OutgoingLinks></Action></Actions></Step></Steps><Actions><Action><Name>ResetBrackets</Name><Description> </Description><IncomingLinks/><OutgoingLinks><Assign xsi:type="Assign"><Name/><Description/><To>Local.BracketsStr</To><From>""</From></Assign></OutgoingLinks></Action></Actions></Step></Steps><Actions><Action><Name>TMP_EQ_LVL</Name><Description> </Description><IncomingLinks><Assign xsi:type="Assign"><Name/><Description/><To>TMP_EQ_LVL.Input1</To><From>Local.TempLevel == Local.Level</From></Assign></IncomingLinks><OutgoingLinks/></Action></Actions></Step></Steps><Actions><Action><Name>TMP_GT_LVL</Name><Description> </Description><IncomingLinks><Assign xsi:type="Assign"><Name/><Description/><To>TMP_GT_LVL.Input1</To><From>Local.TempLevel &gt; Local.Level</From></Assign></IncomingLinks><OutgoingLinks/></Action></Actions></Step></Steps><Actions><Action><Name>Assign_Item</Name><Description> </Description><IncomingLinks/><OutgoingLinks><Assign xsi:type="Assign"><Name/><Description/><To>Local.Item</To><From>"" &amp; RepeatOnRow.Output{/Row/childID} &amp; ": { " &amp; 
 "unitType" &amp; " : " &amp; doublequote &amp; RepeatOnRow.Output{/Row/unitType} &amp; doublequote &amp; ", " &amp; 
 "unitSqlServer" &amp; " : " &amp; doublequote &amp; RepeatOnRow.Output{/Row/unitSqlServer} &amp; doublequote &amp; ", " &amp; 
 "unitName" &amp; " : " &amp; doublequote &amp;  RepeatOnRow.Output{/Row/unitName} &amp; doublequote &amp; ", " &amp; 
 "unitDescr" &amp; " : " &amp; doublequote &amp; RepeatOnRow.Output{/Row/unitDescr} &amp; doublequote &amp; ", " &amp; 
 "unitSAPID" &amp; " : " &amp; doublequote &amp; RepeatOnRow.Output{/Row/unitSAPID} &amp; doublequote &amp; ", " &amp; 
 "unitMap" &amp; " : " &amp; doublequote &amp; RepeatOnRow.Output{/Row/unitMap} &amp; doublequote &amp; ", " &amp; 
 "unitActive" &amp; " : " &amp; doublequote &amp; RepeatOnRow.Output{/Row/unitActive} &amp; doublequote &amp; ", " &amp; 
 "src" &amp; " : " &amp; doublequote &amp; RepeatOnRow.Output{/Row/src} &amp; doublequote &amp; ", " &amp; 
 "idUnitParent" &amp; " : " &amp; doublequote &amp; RepeatOnRow.Output{/Row/idUnitParent} &amp; doublequote &amp; ", " &amp; 
 "recordID" &amp; " : " &amp; doublequote &amp; RepeatOnRow.Output{/Row/recordID} &amp; doublequote &amp; ", " &amp; 
 "revisionID" &amp; " : " &amp; doublequote &amp; RepeatOnRow.Output{/Row/revisionID} &amp; doublequote &amp; ", " &amp; 
 "pcoAgentID" &amp; " : " &amp; doublequote &amp; RepeatOnRow.Output{/Row/pcoAgentID} &amp; doublequote &amp; ", " &amp; 
 "typeName" &amp; " : " &amp; doublequote &amp; RepeatOnRow.Output{/Row/typeName} &amp; doublequote &amp; ", " &amp; 
 "routeID" &amp; " : " &amp; doublequote &amp; RepeatOnRow.Output{/Row/routeID} &amp; doublequote &amp; ", " &amp; 
 "sqlServerID" &amp; " : " &amp; doublequote &amp; RepeatOnRow.Output{/Row/sqlServerID} &amp; doublequote &amp; ", " &amp; 
 "serverName" &amp; " : " &amp; doublequote &amp; RepeatOnRow.Output{/Row/serverName} &amp; doublequote &amp; ", " &amp; 
 "idLevel" &amp; " : " &amp; doublequote &amp; RepeatOnRow.Output{/Row/Level} &amp; doublequote &amp; ", " &amp;
 "opLoggedin" &amp; " : " &amp; doublequote &amp; get_AssignOpByWrkc.Results{/Rowsets/Rowset/Row/Operators} &amp; doublequote &amp; " "</From></Assign></OutgoingLinks></Action></Actions></Step><Step xsi:type="Conditional"><Name>Sequence_20</Name><Description/><Steps><Step xsi:type="ForNextRepeater"><Name>Sequence_28</Name><Description/><Steps><Step xsi:type="ActionSequence"><Name>Sequence_29</Name><Description/><Steps><Step xsi:type="ActionSequence"><Name>Sequence_30</Name><Description/><Steps/><Actions><Action><Name>ShowLevels2</Name><Description> </Description><IncomingLinks><Assign xsi:type="Assign"><Name/><Description/><To>ShowLevels2.Message</To><From>"Level: " &amp; Local.Level &amp; " --  Temp Level: " &amp; Local.TempLevel</From></Assign></IncomingLinks><OutgoingLinks/></Action></Actions></Step></Steps><Actions><Action><Name>CloseItems2</Name><Description> </Description><IncomingLinks/><OutgoingLinks><Assign xsi:type="Assign"><Name/><Description/><To>Local.content</To><From>Local.content &amp; " } " </From></Assign><Assign xsi:type="Assign"><Name/><Description/><To>Local.TempLevel</To><From>Loop2.CurrentItem</From></Assign></OutgoingLinks></Action></Actions></Step></Steps><Actions><Action><Name>Loop2</Name><Description> </Description><IncomingLinks><Assign xsi:type="Assign"><Name/><Description/><To>Loop2.Step</To><From>-1</From></Assign><Assign xsi:type="Assign"><Name/><Description/><To>Loop2.From</To><From>Local.Level</From></Assign><Assign xsi:type="Assign"><Name/><Description/><To>Loop2.To</To><From>1</From></Assign></IncomingLinks><OutgoingLinks/></Action></Actions></Step></Steps><Actions><Action><Name>LastRec</Name><Description> </Description><IncomingLinks><Assign xsi:type="Assign"><Name/><Description/><To>LastRec.Input1</To><From>if(RepeatOnRow.CurrentItem==RepeatOnRow.ItemCount,1,0)</From></Assign></IncomingLinks><OutgoingLinks/></Action></Actions></Step></Steps><Actions><Action><Name>ShowLevel</Name><Description> </Description><IncomingLinks><Assign xsi:type="Assign"><Name/><Description/><To>ShowLevel.Message</To><From>"Level: " &amp; Local.Level &amp; " TempLevel: " &amp; Local.TempLevel &amp; " Name: " &amp; RepeatOnRow.Output{/Row/unitName} &amp; " idParent: " &amp; RepeatOnRow.Output{/Row/idUnitParent} &amp; " childID: " &amp; RepeatOnRow.Output{/Row/childID}</From></Assign></IncomingLinks><OutgoingLinks/></Action></Actions></Step></Steps><Actions><Action><Name>AssignLevel</Name><Description> </Description><IncomingLinks/><OutgoingLinks><Assign xsi:type="Assign"><Name/><Description/><To>Local.TempLevel</To><From>RepeatOnRow.Output{/Row/Level}</From></Assign></OutgoingLinks></Action></Actions></Step></Steps><Actions><Action><Name>FirstRec</Name><Description> </Description><IncomingLinks><Assign xsi:type="Assign"><Name/><Description/><To>FirstRec.Input1</To><From>if(RepeatOnRow.CurrentItem==1,1,0)</From></Assign></IncomingLinks><OutgoingLinks/></Action></Actions></Step></Steps><Actions><Action><Name>get_AssignOpByWrkc</Name><Description>SQL Query</Description><IncomingLinks><Assign xsi:type="Assign"><Name/><Description/><To>get_AssignOpByWrkc.Param.1</To><From>RepeatOnRow.Output{/Row/recordID}</From></Assign><Assign xsi:type="Assign"><Name/><Description/><To>get_AssignOpByWrkc.Param.2</To><From>Transaction.SHIFTID</From></Assign><Assign xsi:type="Assign"><Name/><Description/><To>get_AssignOpByWrkc.Param.3</To><From>Transaction.SUPERVISORID</From></Assign></IncomingLinks><OutgoingLinks/></Action></Actions></Step></Steps><Actions><Action><Name>ShowRow</Name><Description> </Description><IncomingLinks><Assign xsi:type="Assign"><Name/><Description/><To>ShowRow.Message</To><From>" Row "  &amp; RepeatOnRow.CurrentItem &amp; " of " &amp; RepeatOnRow.ItemCount &amp; " -- Unit :" &amp; RepeatOnRow.Output{/Row/recordID} &amp; " -- Type :" &amp; RepeatOnRow.Output{/Row/unitType} &amp; " -- Name: " &amp; RepeatOnRow.Output{/Row/unitName}  &amp; " -- Desc: " &amp; RepeatOnRow.Output{/Row/unitDescr}  &amp; " -- Parent: " &amp;RepeatOnRow.Output{/Row/idUnitParent}   &amp; " -- Order By:" &amp; RepeatOnRow.Output{/Row/SortOrder}  &amp; " -- ChildID: " &amp; RepeatOnRow.Output{/Row/childID}  &amp; " -- Level: " &amp; RepeatOnRow.Output{/Row/Level}</From></Assign></IncomingLinks><OutgoingLinks/></Action></Actions></Step></Steps><Actions><Action><Name>RepeatOnRow</Name><Description> </Description><IncomingLinks/><OutgoingLinks/></Action></Actions></Step><Step xsi:type="ActionSequence"><Name>Sequence_2</Name><Description/><Steps/><Actions><Action><Name>Err_1</Name><Description> </Description><IncomingLinks><Assign xsi:type="Assign"><Name/><Description/><To>Err_1.Message</To><From>" Cannot query Unit Data .." &amp; getUnitsData.LastErrorMessage</From></Assign></IncomingLinks><OutgoingLinks/></Action></Actions></Step></Steps><Actions><Action><Name>UnitData_Ok</Name><Description> </Description><IncomingLinks><Assign xsi:type="Assign"><Name/><Description/><To>UnitData_Ok.Input1</To><From>getUnitsData.Success</From></Assign></IncomingLinks><OutgoingLinks/></Action></Actions></Step></Steps><Actions><Action><Name>getUnitsData</Name><Description>SQL Query</Description><IncomingLinks><Assign xsi:type="Assign"><Name/><Description/><To>getUnitsData.Param.1</To><From>Transaction.IDPLANT</From></Assign><Assign xsi:type="Assign"><Name/><Description/><To>getUnitsData.Server</To><From>Transaction.SERVER_SQL</From></Assign></IncomingLinks><OutgoingLinks/></Action></Actions></Step><Step xsi:type="Catch"><Name>Sequence_25</Name><Description/><Steps><Step xsi:type="ActionSequence"><Name>Sequence_26</Name><Description/><Steps/><Actions><Action><Name>Err_0</Name><Description> </Description><IncomingLinks><Assign xsi:type="Assign"><Name/><Description/><To>Err_0.Message</To><From>Catch_0.Message</From></Assign></IncomingLinks><OutgoingLinks/></Action></Actions></Step></Steps><Actions><Action><Name>Catch_0</Name><Description>Catches an exception</Description><IncomingLinks/><OutgoingLinks/></Action></Actions></Step></Steps><Actions><Action><Name>Exception_Enabler_0</Name><Description>Enables exceptions.</Description><IncomingLinks/><OutgoingLinks/></Action></Actions></Step><Step xsi:type="ActionSequence"><Name>Sequence_61</Name><Description/><Steps><Step xsi:type="ActionSequence"><Name>Sequence_60</Name><Description/><Steps/><Actions><Action><Name>ShowHCOutput</Name><Description> </Description><IncomingLinks><Assign xsi:type="Assign"><Name/><Description/><To>ShowHCOutput.Message</To><From>Transaction.HC_OUT</From></Assign></IncomingLinks><OutgoingLinks/></Action></Actions></Step></Steps><Actions><Action><Name>Assign_HC_OUT</Name><Description> </Description><IncomingLinks/><OutgoingLinks><Assign xsi:type="Assign"><Name/><Description/><To>Transaction.HC_OUT</To><From>Local.header &amp; Local.content &amp; "
" &amp; Local.footer</From></Assign></OutgoingLinks></Action></Actions></Step></Steps><Actions><Action><Name>ShowParam</Name><Description> </Description><IncomingLinks><Assign xsi:type="Assign"><Name/><Description/><To>ShowParam.Message</To><From>"SQL Data Server : " &amp; Transaction.SERVER_SQL</From></Assign></IncomingLinks><OutgoingLinks/></Action></Actions></Step></Steps></Transaction>