<?xml version="1.0" encoding="UTF-8"?><Transaction xmlns:xsd="http://www.w3.org/2001/XMLSchema" xmlns:xsi="http://www.w3.org/2001/XMLSchema-instance" Version="15.0.7.12"><TransactionAttributes><ContextItem><Name>AutoAppendBlankNamespaces</Name><Description>AutoAppendBlankNamespaces</Description><MinRange>0</MinRange><MaxRange>0</MaxRange><Value xsi:type="boolean">1</Value><ReadOnly>true</ReadOnly><AlertXMLAssigned>false</AlertXMLAssigned></ContextItem><ContextItem><Name>Category</Name><Description>Transaction Category</Description><MinRange>0</MinRange><MaxRange>0</MaxRange><Value xsi:type="string"/><ReadOnly>true</ReadOnly><AlertXMLAssigned>false</AlertXMLAssigned></ContextItem><ContextItem><Name>Comments</Name><Description>User Comments</Description><MinRange>0</MinRange><MaxRange>0</MaxRange><Value xsi:type="string"/><ReadOnly>true</ReadOnly><AlertXMLAssigned>false</AlertXMLAssigned></ContextItem><ContextItem><Name>CreatedBy</Name><Description>Created By</Description><MinRange>0</MinRange><MaxRange>0</MaxRange><Value xsi:type="string">RadPa</Value><ReadOnly>true</ReadOnly><AlertXMLAssigned>false</AlertXMLAssigned></ContextItem><ContextItem><Name>CreationDate</Name><Description>Creation Date</Description><MinRange>0</MinRange><MaxRange>0</MaxRange><Value xsi:type="dateTime">2014-04-22T14:01:46</Value><ReadOnly>true</ReadOnly><AlertXMLAssigned>false</AlertXMLAssigned></ContextItem><ContextItem><Name>Description</Name><Description>Transaction Description</Description><MinRange>0</MinRange><MaxRange>0</MaxRange><Value xsi:type="string"/><ReadOnly>true</ReadOnly><AlertXMLAssigned>false</AlertXMLAssigned></ContextItem><ContextItem><Name>LastEditedBy</Name><Description>Last Edited By</Description><MinRange>0</MinRange><MaxRange>0</MaxRange><Value xsi:type="xsd:string">ZarKl</Value><ReadOnly>true</ReadOnly><AlertXMLAssigned>false</AlertXMLAssigned></ContextItem><ContextItem><Name>LastEditedDate</Name><Description>Last Edited Date</Description><MinRange>0</MinRange><MaxRange>0</MaxRange><Value xsi:type="xsd:dateTime">2017-03-01T14:49:09</Value><ReadOnly>true</ReadOnly><AlertXMLAssigned>false</AlertXMLAssigned></ContextItem><ContextItem><Name>LegacyProcessingMode</Name><Description>Support the pre MII 12.1 Transaction Engine.</Description><MinRange>0</MinRange><MaxRange>0</MaxRange><Value xsi:type="boolean">0</Value><ReadOnly>true</ReadOnly><AlertXMLAssigned>false</AlertXMLAssigned></ContextItem><ContextItem><Name>Status</Name><Description>Deployment Status</Description><MinRange>0</MinRange><MaxRange>0</MaxRange><Value xsi:type="string">DEVELOPMENT</Value><ReadOnly>true</ReadOnly><AlertXMLAssigned>false</AlertXMLAssigned></ContextItem><ContextItem><Name>ThrowOnActionError</Name><Description>Throws an exception when an action error occurs</Description><MinRange>0</MinRange><MaxRange>0</MaxRange><Value xsi:type="boolean">1</Value><ReadOnly>true</ReadOnly><AlertXMLAssigned>false</AlertXMLAssigned></ContextItem><ContextItem><Name>ThrowOnLinkError</Name><Description>Throws an exception when a link error occures</Description><MinRange>0</MinRange><MaxRange>0</MaxRange><Value xsi:type="boolean">0</Value><ReadOnly>true</ReadOnly><AlertXMLAssigned>false</AlertXMLAssigned></ContextItem><ContextItem><Name>FormatXMLOnConversion</Name><Description>By default XML will be formatted when assigned from XML data type to String data type. This behaviour can be changed with this flag.</Description><MinRange>0</MinRange><MaxRange>0</MaxRange><Value xsi:type="boolean">1</Value><ReadOnly>true</ReadOnly><AlertXMLAssigned>false</AlertXMLAssigned></ContextItem></TransactionAttributes><Name>MESM/ANDM/TRANSACTIONS/getProductionRepChartData</Name><Version>486</Version><WriterRoles>SAP_XMII_Administrator,SAP_XMII_Developer,SAP_XMII_Super_Administrator,SAP_XMII_User,Everyone</WriterRoles><Context><ContextItem><Name>FILTER_STR</Name><Description/><MinRange>0</MinRange><MaxRange>0</MaxRange><Value xsi:type="string"/><ReadOnly>false</ReadOnly><AlertXMLAssigned>false</AlertXMLAssigned></ContextItem><ContextItem><Name>HC_OUT</Name><Description>JSON Output for HighCharts</Description><MinRange>0</MinRange><MaxRange>0</MaxRange><Value xsi:type="string"/><ReadOnly>true</ReadOnly><AlertXMLAssigned>false</AlertXMLAssigned></ContextItem><ContextItem><Name>ID_LINE</Name><Description>Line ID for which the query is made</Description><MinRange>0</MinRange><MaxRange>0</MaxRange><Value xsi:type="string">269</Value><ReadOnly>false</ReadOnly><AlertXMLAssigned>false</AlertXMLAssigned></ContextItem><ContextItem><Name>SERVER_SQL</Name><Description>SQL server where the data is stored</Description><MinRange>0</MinRange><MaxRange>0</MaxRange><Value xsi:type="string">MESM</Value><ReadOnly>false</ReadOnly><AlertXMLAssigned>false</AlertXMLAssigned></ContextItem><ContextItem><Name>TS_ENDING</Name><Description/><MinRange>0</MinRange><MaxRange>0</MaxRange><Value xsi:type="string">01-21-2017 00:00</Value><ReadOnly>false</ReadOnly><AlertXMLAssigned>false</AlertXMLAssigned></ContextItem><ContextItem><Name>TS_STARTING</Name><Description/><MinRange>0</MinRange><MaxRange>0</MaxRange><Value xsi:type="string">01-01-2017 23:00</Value><ReadOnly>false</ReadOnly><AlertXMLAssigned>false</AlertXMLAssigned></ContextItem></Context><Local><ContextItem><Name>json_Series1</Name><Description/><MinRange>0</MinRange><MaxRange>0</MaxRange><Value xsi:type="string"/><ReadOnly>false</ReadOnly><AlertXMLAssigned>false</AlertXMLAssigned></ContextItem><ContextItem><Name>json_Series2</Name><Description/><MinRange>0</MinRange><MaxRange>0</MaxRange><Value xsi:type="string"/><ReadOnly>false</ReadOnly><AlertXMLAssigned>false</AlertXMLAssigned></ContextItem><ContextItem><Name>startchart</Name><Description/><MinRange>0</MinRange><MaxRange>0</MaxRange><Value xsi:type="string"/><ReadOnly>false</ReadOnly><AlertXMLAssigned>false</AlertXMLAssigned></ContextItem></Local><Layout><GUILayoutItem><Name>Sequence</Name><X>512</X><Y>8</Y><Width>120</Width><SpacingWidth>1128</SpacingWidth><DescendantWidth>1128</DescendantWidth><Height>96</Height></GUILayoutItem><GUILayoutItem><Name>ShowParam</Name><X>520</X><Y>24</Y><Width>104</Width><SpacingWidth>0</SpacingWidth><DescendantWidth>0</DescendantWidth><Height>72</Height></GUILayoutItem><GUILayoutItem><Name>Sequence_18</Name><X>80</X><Y>144</Y><Width>120</Width><SpacingWidth>264</SpacingWidth><DescendantWidth>264</DescendantWidth><Height>96</Height></GUILayoutItem><GUILayoutItem><Name>Sequence_47</Name><X>8</X><Y>280</Y><Width>120</Width><SpacingWidth>120</SpacingWidth><DescendantWidth>120</DescendantWidth><Height>96</Height></GUILayoutItem><GUILayoutItem><Name>TargetDateEmpty</Name><X>16</X><Y>296</Y><Width>104</Width><SpacingWidth>0</SpacingWidth><DescendantWidth>0</DescendantWidth><Height>72</Height></GUILayoutItem><GUILayoutItem><Name>Sequence_17</Name><X>8</X><Y>416</Y><Width>120</Width><SpacingWidth>120</SpacingWidth><DescendantWidth>0</DescendantWidth><Height>96</Height></GUILayoutItem><GUILayoutItem><Name>AssignDate</Name><X>16</X><Y>432</Y><Width>104</Width><SpacingWidth>0</SpacingWidth><DescendantWidth>0</DescendantWidth><Height>72</Height></GUILayoutItem><GUILayoutItem><Name>Sequence_7</Name><X>152</X><Y>280</Y><Width>120</Width><SpacingWidth>120</SpacingWidth><DescendantWidth>120</DescendantWidth><Height>96</Height></GUILayoutItem><GUILayoutItem><Name>AssignSpecified</Name><X>160</X><Y>296</Y><Width>104</Width><SpacingWidth>0</SpacingWidth><DescendantWidth>0</DescendantWidth><Height>72</Height></GUILayoutItem><GUILayoutItem><Name>Sequence_8</Name><X>152</X><Y>416</Y><Width>120</Width><SpacingWidth>120</SpacingWidth><DescendantWidth>0</DescendantWidth><Height>96</Height></GUILayoutItem><GUILayoutItem><Name>ShowDates</Name><X>160</X><Y>432</Y><Width>104</Width><SpacingWidth>0</SpacingWidth><DescendantWidth>0</DescendantWidth><Height>72</Height></GUILayoutItem><GUILayoutItem><Name>Sequence_3</Name><X>584</X><Y>144</Y><Width>120</Width><SpacingWidth>696</SpacingWidth><DescendantWidth>696</DescendantWidth><Height>96</Height></GUILayoutItem><GUILayoutItem><Name>Exception_Enabler_0</Name><X>592</X><Y>160</Y><Width>104</Width><SpacingWidth>0</SpacingWidth><DescendantWidth>0</DescendantWidth><Height>72</Height></GUILayoutItem><GUILayoutItem><Name>Sequence_4</Name><X>512</X><Y>280</Y><Width>120</Width><SpacingWidth>552</SpacingWidth><DescendantWidth>552</DescendantWidth><Height>96</Height></GUILayoutItem><GUILayoutItem><Name>getProductionChartData</Name><X>520</X><Y>296</Y><Width>104</Width><SpacingWidth>0</SpacingWidth><DescendantWidth>0</DescendantWidth><Height>72</Height></GUILayoutItem><GUILayoutItem><Name>Sequence_0</Name><X>512</X><Y>416</Y><Width>120</Width><SpacingWidth>552</SpacingWidth><DescendantWidth>552</DescendantWidth><Height>96</Height></GUILayoutItem><GUILayoutItem><Name>ChartData_Ok</Name><X>520</X><Y>432</Y><Width>104</Width><SpacingWidth>0</SpacingWidth><DescendantWidth>0</DescendantWidth><Height>72</Height></GUILayoutItem><GUILayoutItem><Name>Sequence_1</Name><X>440</X><Y>552</Y><Width>120</Width><SpacingWidth>408</SpacingWidth><DescendantWidth>408</DescendantWidth><Height>96</Height></GUILayoutItem><GUILayoutItem><Name>RepeatOnRow</Name><X>448</X><Y>568</Y><Width>104</Width><SpacingWidth>0</SpacingWidth><DescendantWidth>0</DescendantWidth><Height>72</Height></GUILayoutItem><GUILayoutItem><Name>Sequence_9</Name><X>440</X><Y>688</Y><Width>120</Width><SpacingWidth>408</SpacingWidth><DescendantWidth>408</DescendantWidth><Height>96</Height></GUILayoutItem><GUILayoutItem><Name>ShowRow</Name><X>448</X><Y>704</Y><Width>104</Width><SpacingWidth>0</SpacingWidth><DescendantWidth>0</DescendantWidth><Height>72</Height></GUILayoutItem><GUILayoutItem><Name>Sequence_11</Name><X>440</X><Y>824</Y><Width>120</Width><SpacingWidth>408</SpacingWidth><DescendantWidth>408</DescendantWidth><Height>96</Height></GUILayoutItem><GUILayoutItem><Name>FirstRec</Name><X>448</X><Y>840</Y><Width>104</Width><SpacingWidth>0</SpacingWidth><DescendantWidth>0</DescendantWidth><Height>72</Height></GUILayoutItem><GUILayoutItem><Name>Sequence_10</Name><X>296</X><Y>960</Y><Width>120</Width><SpacingWidth>120</SpacingWidth><DescendantWidth>0</DescendantWidth><Height>96</Height></GUILayoutItem><GUILayoutItem><Name>AssignFirst</Name><X>304</X><Y>976</Y><Width>104</Width><SpacingWidth>0</SpacingWidth><DescendantWidth>0</DescendantWidth><Height>72</Height></GUILayoutItem><GUILayoutItem><Name>Sequence_12</Name><X>512</X><Y>960</Y><Width>120</Width><SpacingWidth>264</SpacingWidth><DescendantWidth>264</DescendantWidth><Height>96</Height></GUILayoutItem><GUILayoutItem><Name>LastRec</Name><X>520</X><Y>976</Y><Width>104</Width><SpacingWidth>0</SpacingWidth><DescendantWidth>0</DescendantWidth><Height>72</Height></GUILayoutItem><GUILayoutItem><Name>Sequence_13</Name><X>440</X><Y>1096</Y><Width>120</Width><SpacingWidth>120</SpacingWidth><DescendantWidth>0</DescendantWidth><Height>96</Height></GUILayoutItem><GUILayoutItem><Name>AssignLast</Name><X>448</X><Y>1112</Y><Width>104</Width><SpacingWidth>0</SpacingWidth><DescendantWidth>0</DescendantWidth><Height>72</Height></GUILayoutItem><GUILayoutItem><Name>Sequence_14</Name><X>584</X><Y>1096</Y><Width>120</Width><SpacingWidth>120</SpacingWidth><DescendantWidth>0</DescendantWidth><Height>96</Height></GUILayoutItem><GUILayoutItem><Name>AssignMid</Name><X>592</X><Y>1112</Y><Width>104</Width><SpacingWidth>0</SpacingWidth><DescendantWidth>0</DescendantWidth><Height>72</Height></GUILayoutItem><GUILayoutItem><Name>Sequence_2</Name><X>728</X><Y>552</Y><Width>120</Width><SpacingWidth>120</SpacingWidth><DescendantWidth>0</DescendantWidth><Height>96</Height></GUILayoutItem><GUILayoutItem><Name>Err_1</Name><X>736</X><Y>568</Y><Width>104</Width><SpacingWidth>0</SpacingWidth><DescendantWidth>0</DescendantWidth><Height>72</Height></GUILayoutItem><GUILayoutItem><Name>Sequence_5</Name><X>872</X><Y>280</Y><Width>120</Width><SpacingWidth>120</SpacingWidth><DescendantWidth>120</DescendantWidth><Height>96</Height></GUILayoutItem><GUILayoutItem><Name>Catch_0</Name><X>880</X><Y>296</Y><Width>104</Width><SpacingWidth>0</SpacingWidth><DescendantWidth>0</DescendantWidth><Height>72</Height></GUILayoutItem><GUILayoutItem><Name>Sequence_6</Name><X>872</X><Y>416</Y><Width>120</Width><SpacingWidth>120</SpacingWidth><DescendantWidth>0</DescendantWidth><Height>96</Height></GUILayoutItem><GUILayoutItem><Name>ShowCatch_0</Name><X>880</X><Y>432</Y><Width>104</Width><SpacingWidth>0</SpacingWidth><DescendantWidth>0</DescendantWidth><Height>72</Height></GUILayoutItem><GUILayoutItem><Name>Sequence_15</Name><X>1016</X><Y>144</Y><Width>120</Width><SpacingWidth>120</SpacingWidth><DescendantWidth>120</DescendantWidth><Height>96</Height></GUILayoutItem><GUILayoutItem><Name>Assign_HC_OUT</Name><X>1024</X><Y>160</Y><Width>104</Width><SpacingWidth>0</SpacingWidth><DescendantWidth>0</DescendantWidth><Height>72</Height></GUILayoutItem><GUILayoutItem><Name>Sequence_16</Name><X>1016</X><Y>280</Y><Width>120</Width><SpacingWidth>120</SpacingWidth><DescendantWidth>0</DescendantWidth><Height>96</Height></GUILayoutItem><GUILayoutItem><Name>ShowHCOutput</Name><X>1024</X><Y>296</Y><Width>104</Width><SpacingWidth>0</SpacingWidth><DescendantWidth>0</DescendantWidth><Height>72</Height></GUILayoutItem></Layout><Actions><ContextItem><Name>ShowParam</Name><Description/><MinRange>0</MinRange><MaxRange>0</MaxRange><Value xsi:type="Tracer"><Message/><Level>INFO</Level></Value><ReadOnly>false</ReadOnly><AlertXMLAssigned>false</AlertXMLAssigned></ContextItem><ContextItem><Name>TargetDateEmpty</Name><Description/><MinRange>0</MinRange><MaxRange>0</MaxRange><Value xsi:type="ConditionalAction"><Output>false</Output><InputCount>2</InputCount><LogicalAnd>true</LogicalAnd><Input1>false</Input1><Input2>false</Input2></Value><ReadOnly>false</ReadOnly><AlertXMLAssigned>false</AlertXMLAssigned></ContextItem><ContextItem><Name>AssignDate</Name><Description/><MinRange>0</MinRange><MaxRange>0</MaxRange><Value xsi:type="Assignment"/><ReadOnly>false</ReadOnly><AlertXMLAssigned>false</AlertXMLAssigned></ContextItem><ContextItem><Name>AssignSpecified</Name><Description/><MinRange>0</MinRange><MaxRange>0</MaxRange><Value xsi:type="Assignment"/><ReadOnly>false</ReadOnly><AlertXMLAssigned>false</AlertXMLAssigned></ContextItem><ContextItem><Name>ShowDates</Name><Description/><MinRange>0</MinRange><MaxRange>0</MaxRange><Value xsi:type="Tracer"><Message/><Level>INFO</Level></Value><ReadOnly>false</ReadOnly><AlertXMLAssigned>false</AlertXMLAssigned></ContextItem><ContextItem><Name>Exception_Enabler_0</Name><Description/><MinRange>0</MinRange><MaxRange>0</MaxRange><Value xsi:type="ExceptionEnabler"><EnableActionExceptions>true</EnableActionExceptions><EnableLinkExceptions>true</EnableLinkExceptions></Value><ReadOnly>false</ReadOnly><AlertXMLAssigned>false</AlertXMLAssigned></ContextItem><ContextItem><Name>getProductionChartData</Name><Description/><MinRange>0</MinRange><MaxRange>0</MaxRange><Value xsi:type="IlluminatorSQLQueryObject"><Timeout>60</Timeout><QueryParameters/><QueryTemplate>MESM/ANDM/QUERIES/get_ProductionRepData</QueryTemplate><QueryStartDate>2016-12-12T12:48:26</QueryStartDate><QueryEndDate>2016-12-12T12:48:26</QueryEndDate><SQLTransaction/><Results><ReferenceDocumentSource/>&lt;?xml version="1.0" encoding="UTF-8"?&gt;&lt;Rowsets CachedTime="" DateCreated="2017-01-20T13:34:02" EndDate="2017-01-20T13:34:02" StartDate="2017-01-20T12:34:02" Version="15.0 SP7 Patch 12 (Sep 7, 2016)"&gt;&lt;Rowset&gt;&lt;Columns&gt;&lt;Column Description="recordID" MaxRange="1" MinRange="0" Name="recordID" SQLDataType="-5" SourceColumn="recordID"/&gt;&lt;Column Description="unitID" MaxRange="1" MinRange="0" Name="unitID" SQLDataType="4" SourceColumn="unitID"/&gt;&lt;Column Description="range_min" MaxRange="1" MinRange="0" Name="range_min" SQLDataType="3" SourceColumn="range_min"/&gt;&lt;Column Description="range_max" MaxRange="1" MinRange="0" Name="range_max" SQLDataType="3" SourceColumn="range_max"/&gt;&lt;Column Description="average" MaxRange="1" MinRange="0" Name="average" SQLDataType="3" SourceColumn="average"/&gt;&lt;Column Description="CreatedOn" MaxRange="1" MinRange="0" Name="CreatedOn" SQLDataType="93" SourceColumn="CreatedOn"/&gt;&lt;/Columns&gt;&lt;Row&gt;&lt;recordID&gt;1&lt;/recordID&gt;&lt;unitID&gt;269&lt;/unitID&gt;&lt;range_min&gt;78&lt;/range_min&gt;&lt;range_max&gt;89&lt;/range_max&gt;&lt;average&gt;83&lt;/average&gt;&lt;CreatedOn&gt;2017-01-12T00:00:00&lt;/CreatedOn&gt;&lt;/Row&gt;&lt;Row&gt;&lt;recordID&gt;2&lt;/recordID&gt;&lt;unitID&gt;269&lt;/unitID&gt;&lt;range_min&gt;79&lt;/range_min&gt;&lt;range_max&gt;89&lt;/range_max&gt;&lt;average&gt;84&lt;/average&gt;&lt;CreatedOn&gt;2017-01-13T00:00:00&lt;/CreatedOn&gt;&lt;/Row&gt;&lt;Row&gt;&lt;recordID&gt;3&lt;/recordID&gt;&lt;unitID&gt;269&lt;/unitID&gt;&lt;range_min&gt;81&lt;/range_min&gt;&lt;range_max&gt;92&lt;/range_max&gt;&lt;average&gt;87&lt;/average&gt;&lt;CreatedOn&gt;2017-01-14T00:00:00&lt;/CreatedOn&gt;&lt;/Row&gt;&lt;Row&gt;&lt;recordID&gt;4&lt;/recordID&gt;&lt;unitID&gt;269&lt;/unitID&gt;&lt;range_min&gt;85&lt;/range_min&gt;&lt;range_max&gt;95&lt;/range_max&gt;&lt;average&gt;90&lt;/average&gt;&lt;CreatedOn&gt;2017-01-15T00:00:00&lt;/CreatedOn&gt;&lt;/Row&gt;&lt;Row&gt;&lt;recordID&gt;5&lt;/recordID&gt;&lt;unitID&gt;269&lt;/unitID&gt;&lt;range_min&gt;87&lt;/range_min&gt;&lt;range_max&gt;96&lt;/range_max&gt;&lt;average&gt;91&lt;/average&gt;&lt;CreatedOn&gt;2017-01-16T00:00:00&lt;/CreatedOn&gt;&lt;/Row&gt;&lt;/Rowset&gt;&lt;/Rowsets&gt;</Results><TagList/></Value><SchemaURI/><SchemaElement/><ValidateXMLOnExecution>1</ValidateXMLOnExecution><ReadOnly>false</ReadOnly><AlertXMLAssigned>false</AlertXMLAssigned></ContextItem><ContextItem><Name>ChartData_Ok</Name><Description/><MinRange>0</MinRange><MaxRange>0</MaxRange><Value xsi:type="ConditionalAction"><Output>false</Output><InputCount>1</InputCount><LogicalAnd>false</LogicalAnd><Input1>false</Input1></Value><ReadOnly>false</ReadOnly><AlertXMLAssigned>false</AlertXMLAssigned></ContextItem><ContextItem><Name>RepeatOnRow</Name><Description/><MinRange>0</MinRange><MaxRange>0</MaxRange><Value xsi:type="RepeaterAction"><Output><ReferenceDocumentSource/>&lt;?xml version="1.0" encoding="UTF-8"?&gt;&lt;Row&gt;&lt;recordID&gt;1&lt;/recordID&gt;&lt;unitID&gt;269&lt;/unitID&gt;&lt;range_min&gt;78&lt;/range_min&gt;&lt;range_max&gt;89&lt;/range_max&gt;&lt;average&gt;83&lt;/average&gt;&lt;CreatedOn&gt;2017-01-12T00:00:00&lt;/CreatedOn&gt;&lt;/Row&gt;</Output><Break>false</Break><ItemCount>0</ItemCount><CurrentItem>0</CurrentItem><Source>getProductionChartData.Results{/Rowsets/Rowset/Row}</Source><Item><ReferenceDocumentSource/>&lt;?xml version="1.0" encoding="UTF-8"?&gt;&lt;Row&gt;&lt;recordID&gt;1&lt;/recordID&gt;&lt;unitID&gt;269&lt;/unitID&gt;&lt;range_min&gt;78&lt;/range_min&gt;&lt;range_max&gt;89&lt;/range_max&gt;&lt;average&gt;83&lt;/average&gt;&lt;CreatedOn&gt;2017-01-12T00:00:00&lt;/CreatedOn&gt;&lt;/Row&gt;</Item></Value><SchemaURI/><SchemaElement/><ValidateXMLOnExecution>1</ValidateXMLOnExecution><SchemaURI/><SchemaElement/><ValidateXMLOnExecution>1</ValidateXMLOnExecution><ReadOnly>false</ReadOnly><AlertXMLAssigned>false</AlertXMLAssigned></ContextItem><ContextItem><Name>ShowRow</Name><Description/><MinRange>0</MinRange><MaxRange>0</MaxRange><Value xsi:type="Tracer"><Message/><Level>INFO</Level></Value><ReadOnly>false</ReadOnly><AlertXMLAssigned>false</AlertXMLAssigned></ContextItem><ContextItem><Name>FirstRec</Name><Description/><MinRange>0</MinRange><MaxRange>0</MaxRange><Value xsi:type="ConditionalAction"><Output>false</Output><InputCount>1</InputCount><LogicalAnd>false</LogicalAnd><Input1>false</Input1></Value><ReadOnly>false</ReadOnly><AlertXMLAssigned>false</AlertXMLAssigned></ContextItem><ContextItem><Name>AssignFirst</Name><Description/><MinRange>0</MinRange><MaxRange>0</MaxRange><Value xsi:type="Assignment"/><ReadOnly>false</ReadOnly><AlertXMLAssigned>false</AlertXMLAssigned></ContextItem><ContextItem><Name>LastRec</Name><Description/><MinRange>0</MinRange><MaxRange>0</MaxRange><Value xsi:type="ConditionalAction"><Output>false</Output><InputCount>1</InputCount><LogicalAnd>false</LogicalAnd><Input1>false</Input1></Value><ReadOnly>false</ReadOnly><AlertXMLAssigned>false</AlertXMLAssigned></ContextItem><ContextItem><Name>AssignLast</Name><Description/><MinRange>0</MinRange><MaxRange>0</MaxRange><Value xsi:type="Assignment"/><ReadOnly>false</ReadOnly><AlertXMLAssigned>false</AlertXMLAssigned></ContextItem><ContextItem><Name>AssignMid</Name><Description/><MinRange>0</MinRange><MaxRange>0</MaxRange><Value xsi:type="Assignment"/><ReadOnly>false</ReadOnly><AlertXMLAssigned>false</AlertXMLAssigned></ContextItem><ContextItem><Name>Err_1</Name><Description/><MinRange>0</MinRange><MaxRange>0</MaxRange><Value xsi:type="Tracer"><Message/><Level>INFO</Level></Value><ReadOnly>false</ReadOnly><AlertXMLAssigned>false</AlertXMLAssigned></ContextItem><ContextItem><Name>Catch_0</Name><Description/><MinRange>0</MinRange><MaxRange>0</MaxRange><Value xsi:type="CatchAction"/><ReadOnly>false</ReadOnly><AlertXMLAssigned>false</AlertXMLAssigned></ContextItem><ContextItem><Name>ShowCatch_0</Name><Description/><MinRange>0</MinRange><MaxRange>0</MaxRange><Value xsi:type="Tracer"><Message/><Level>INFO</Level></Value><ReadOnly>false</ReadOnly><AlertXMLAssigned>false</AlertXMLAssigned></ContextItem><ContextItem><Name>Assign_HC_OUT</Name><Description/><MinRange>0</MinRange><MaxRange>0</MaxRange><Value xsi:type="Assignment"/><ReadOnly>false</ReadOnly><AlertXMLAssigned>false</AlertXMLAssigned></ContextItem><ContextItem><Name>ShowHCOutput</Name><Description/><MinRange>0</MinRange><MaxRange>0</MaxRange><Value xsi:type="Tracer"><Message/><Level>INFO</Level></Value><ReadOnly>false</ReadOnly><AlertXMLAssigned>false</AlertXMLAssigned></ContextItem></Actions><ReaderRoles>SAP_XMII_Administrator,SAP_XMII_Developer,SAP_XMII_Super_Administrator,SAP_XMII_User</ReaderRoles><Steps><Step xsi:type="ActionSequence"><Name>Sequence</Name><Description/><Steps><Step xsi:type="ActionSequence"><Name>Sequence_18</Name><Description/><Steps><Step xsi:type="Conditional"><Name>Sequence_47</Name><Description/><Steps><Step xsi:type="ActionSequence"><Name>Sequence_17</Name><Description/><Steps/><Actions><Action><Name>AssignDate</Name><Description> </Description><IncomingLinks/><OutgoingLinks><Assign xsi:type="Assign"><Name/><Description/><To>Transaction.TS_ENDING</To><From>datefromxmlformat(datenow, "MM-dd-yyyy HH:mm")</From></Assign><Assign xsi:type="Assign"><Name/><Description/><To>Transaction.TS_STARTING</To><From>datefromxmlformat(dateadddays(datenow,-7), "MM-dd-yyyy HH:mm")</From></Assign></OutgoingLinks></Action></Actions></Step></Steps><Actions><Action><Name>TargetDateEmpty</Name><Description> </Description><IncomingLinks><Assign xsi:type="Assign"><Name/><Description/><To>TargetDateEmpty.Input1</To><From>if(stringlength(Transaction.TS_ENDING)==0,1,0)</From></Assign><Assign xsi:type="Assign"><Name/><Description/><To>TargetDateEmpty.Input2</To><From>if(stringlength(Transaction.TS_STARTING)==0,1,0)</From></Assign></IncomingLinks><OutgoingLinks/></Action></Actions></Step><Step xsi:type="ActionSequence"><Name>Sequence_7</Name><Description/><Steps><Step xsi:type="ActionSequence"><Name>Sequence_8</Name><Description/><Steps/><Actions><Action><Name>ShowDates</Name><Description> </Description><IncomingLinks><Assign xsi:type="Assign"><Name/><Description/><To>ShowDates.Message</To><From>datefromxmlformat(Transaction.TS_STARTING,"MM-dd-yyyy HH:mm") &amp; " -- " &amp; datefromxmlformat(Transaction.TS_ENDING,"MM-dd-yyyy HH:mm")</From></Assign></IncomingLinks><OutgoingLinks/></Action></Actions></Step></Steps><Actions><Action><Name>AssignSpecified</Name><Description> </Description><IncomingLinks/><OutgoingLinks><Assign xsi:type="Assign"><Name/><Description/><To>Transaction.TS_ENDING</To><From>datetoxmlformat(Transaction.TS_ENDING,"MM-dd-yyyy HH:mm")</From></Assign><Assign xsi:type="Assign"><Name/><Description/><To>Transaction.TS_STARTING</To><From>datetoxmlformat(Transaction.TS_STARTING,"MM-dd-yyyy HH:mm")</From></Assign></OutgoingLinks></Action></Actions></Step></Steps><Actions/></Step><Step xsi:type="ActionSequence"><Name>Sequence_3</Name><Description/><Steps><Step xsi:type="ActionSequence"><Name>Sequence_4</Name><Description/><Steps><Step xsi:type="Conditional"><Name>Sequence_0</Name><Description/><Steps><Step xsi:type="Repeater"><Name>Sequence_1</Name><Description/><Steps><Step xsi:type="ActionSequence"><Name>Sequence_9</Name><Description/><Steps><Step xsi:type="Conditional"><Name>Sequence_11</Name><Description/><Steps><Step xsi:type="ActionSequence"><Name>Sequence_10</Name><Description/><Steps/><Actions><Action><Name>AssignFirst</Name><Description> </Description><IncomingLinks/><OutgoingLinks><Assign xsi:type="Assign"><Name/><Description/><To>Local.startchart</To><From>"Date.UTC(" &amp; year(RepeatOnRow.Output{/Row/CreatedOn}) &amp; 
", " &amp; month(RepeatOnRow.Output{/Row/CreatedOn})-1 &amp; 
", " &amp; day(RepeatOnRow.Output{/Row/CreatedOn}) &amp; 
", " &amp; hour(RepeatOnRow.Output{/Row/CreatedOn}) &amp;
", " &amp; minute(RepeatOnRow.Output{/Row/CreatedOn}) &amp; 
", " &amp; second(RepeatOnRow.Output{/Row/CreatedOn}) &amp; ")"</From></Assign><Assign xsi:type="Assign"><Name/><Description/><To>Local.json_Series1</To><From>"[{ pointInterval:"&amp; 1*3600*1000 &amp; ", turboThreshold: 0, pointStart: " &amp; Local.startchart &amp; ", color: " &amp; singlequote &amp; "#6a9ae8" &amp; singlequote &amp;"," &amp; doublequote &amp; "name" &amp; doublequote &amp; ": " &amp; singlequote &amp; "Range" &amp; singlequote &amp; ", marker: { enabled: false },  type:"  &amp; singlequote &amp;  "arearange"  &amp; singlequote &amp; "," &amp; doublequote &amp; "data" &amp; doublequote &amp; ": [ " &amp; "[ " &amp; "  Date.UTC(" &amp; year(RepeatOnRow.Output{/Row/CreatedOn}) &amp; 
", " &amp; month(RepeatOnRow.Output{/Row/CreatedOn})-1 &amp; 
", " &amp; day(RepeatOnRow.Output{/Row/CreatedOn}) &amp; 
", " &amp; hour(RepeatOnRow.Output{/Row/CreatedOn}) &amp;
", " &amp; minute(RepeatOnRow.Output{/Row/CreatedOn}) &amp; 
", " &amp; second(RepeatOnRow.Output{/Row/CreatedOn}) &amp; ")" &amp; ", "  &amp; RepeatOnRow.Output{/Row/range_min} &amp; "," &amp; RepeatOnRow.Output{/Row/range_max} &amp; "],"</From></Assign><Assign xsi:type="Assign"><Name/><Description/><To>Local.json_Series2</To><From>"{ pointInterval:"&amp; 1*3600*1000 &amp; ", turboThreshold: 0, color: " &amp; singlequote &amp; "white" &amp; singlequote &amp; " ,  pointStart: " &amp; Local.startchart &amp; ", " &amp; doublequote &amp; "name" &amp; doublequote &amp; ": " &amp; singlequote &amp; "Average " &amp; RepeatOnRow.Output{/Row/nameDefined} &amp; singlequote &amp; ", marker: { fillColor: " &amp; singlequote &amp; "white" &amp; singlequote &amp; ", lineWidth: 2 ,lineColor: Highcharts.getOptions().colors[0]}  ," &amp; doublequote &amp; "data" &amp; doublequote &amp; ": [ " &amp; "{ " &amp; " x: Date.UTC(" &amp; year(RepeatOnRow.Output{/Row/CreatedOn}) &amp; 
", " &amp; month(RepeatOnRow.Output{/Row/CreatedOn})-1 &amp; 
", " &amp; day(RepeatOnRow.Output{/Row/CreatedOn}) &amp; 
", " &amp; hour(RepeatOnRow.Output{/Row/CreatedOn}) &amp;
", " &amp; minute(RepeatOnRow.Output{/Row/CreatedOn}) &amp; 
", " &amp; second(RepeatOnRow.Output{/Row/CreatedOn}) &amp; ")" &amp; ", y: " &amp; RepeatOnRow.Output{/Row/average} &amp; ", pn: " &amp; singlequote &amp;  "test" &amp; singlequote &amp; " },"</From></Assign></OutgoingLinks></Action></Actions></Step><Step xsi:type="Conditional"><Name>Sequence_12</Name><Description/><Steps><Step xsi:type="ActionSequence"><Name>Sequence_13</Name><Description/><Steps/><Actions><Action><Name>AssignLast</Name><Description> </Description><IncomingLinks/><OutgoingLinks><Assign xsi:type="Assign"><Name/><Description/><To>Local.json_Series1</To><From> Local.json_Series1 &amp; "[ " &amp; "  Date.UTC(" &amp; year(RepeatOnRow.Output{/Row/CreatedOn}) &amp; 
", " &amp; month(RepeatOnRow.Output{/Row/CreatedOn})-1 &amp; 
", " &amp; day(RepeatOnRow.Output{/Row/CreatedOn}) &amp; 
", " &amp; hour(RepeatOnRow.Output{/Row/CreatedOn}) &amp;
", " &amp; minute(RepeatOnRow.Output{/Row/CreatedOn}) &amp; 
", " &amp; second(RepeatOnRow.Output{/Row/CreatedOn}) &amp; ")" &amp; ","  &amp; RepeatOnRow.Output{/Row/range_min} &amp; "," &amp; RepeatOnRow.Output{/Row/range_max} &amp; "]]}"</From></Assign><Assign xsi:type="Assign"><Name/><Description/><To>Local.json_Series2</To><From> Local.json_Series2 &amp; "{ " &amp; " x: Date.UTC(" &amp; year(RepeatOnRow.Output{/Row/CreatedOn}) &amp; 
", " &amp; month(RepeatOnRow.Output{/Row/CreatedOn})-1 &amp; 
", " &amp; day(RepeatOnRow.Output{/Row/CreatedOn}) &amp; 
", " &amp; hour(RepeatOnRow.Output{/Row/CreatedOn}) &amp;
", " &amp; minute(RepeatOnRow.Output{/Row/CreatedOn}) &amp; 
", " &amp; second(RepeatOnRow.Output{/Row/CreatedOn}) &amp; ")" &amp; ", y: " &amp; RepeatOnRow.Output{/Row/average} &amp; ", pn: " &amp; singlequote &amp;  "test"  &amp; singlequote &amp; " } ] } ]"</From></Assign></OutgoingLinks></Action></Actions></Step><Step xsi:type="ActionSequence"><Name>Sequence_14</Name><Description/><Steps/><Actions><Action><Name>AssignMid</Name><Description> </Description><IncomingLinks/><OutgoingLinks><Assign xsi:type="Assign"><Name/><Description/><To>Local.json_Series1</To><From> Local.json_Series1 &amp; "[ " &amp; "  Date.UTC(" &amp; year(RepeatOnRow.Output{/Row/CreatedOn}) &amp; 
", " &amp; month(RepeatOnRow.Output{/Row/CreatedOn})-1 &amp; 
", " &amp; day(RepeatOnRow.Output{/Row/CreatedOn}) &amp; 
", " &amp; hour(RepeatOnRow.Output{/Row/CreatedOn}) &amp;
", " &amp; minute(RepeatOnRow.Output{/Row/CreatedOn}) &amp; 
", " &amp; second(RepeatOnRow.Output{/Row/CreatedOn}) &amp; ")" &amp; ", "  &amp; RepeatOnRow.Output{/Row/range_min} &amp; "," &amp; RepeatOnRow.Output{/Row/range_max} &amp; "],"</From></Assign><Assign xsi:type="Assign"><Name/><Description/><To>Local.json_Series2</To><From> Local.json_Series2 &amp; "{ " &amp; " x: Date.UTC(" &amp; year(RepeatOnRow.Output{/Row/CreatedOn}) &amp; 
", " &amp; month(RepeatOnRow.Output{/Row/CreatedOn})-1 &amp; 
", " &amp; day(RepeatOnRow.Output{/Row/CreatedOn}) &amp; 
", " &amp; hour(RepeatOnRow.Output{/Row/CreatedOn}) &amp;
", " &amp; minute(RepeatOnRow.Output{/Row/CreatedOn}) &amp; 
", " &amp; second(RepeatOnRow.Output{/Row/CreatedOn}) &amp; ")" &amp; ", y: " &amp; RepeatOnRow.Output{/Row/average} &amp; ", pn: " &amp; singlequote &amp;  "test" &amp; singlequote &amp; " },"</From></Assign></OutgoingLinks></Action></Actions></Step></Steps><Actions><Action><Name>LastRec</Name><Description> </Description><IncomingLinks><Assign xsi:type="Assign"><Name/><Description/><To>LastRec.Input1</To><From>if(RepeatOnRow.CurrentItem==RepeatOnRow.ItemCount,1,0)</From></Assign></IncomingLinks><OutgoingLinks/></Action></Actions></Step></Steps><Actions><Action><Name>FirstRec</Name><Description> </Description><IncomingLinks><Assign xsi:type="Assign"><Name/><Description/><To>FirstRec.Input1</To><From>if(RepeatOnRow.CurrentItem==1,1,0)</From></Assign></IncomingLinks><OutgoingLinks/></Action></Actions></Step></Steps><Actions><Action><Name>ShowRow</Name><Description> </Description><IncomingLinks><Assign xsi:type="Assign"><Name/><Description/><To>ShowRow.Message</To><From>" "  &amp; RepeatOnRow.CurrentItem &amp; " of " &amp; RepeatOnRow.ItemCount &amp; " -- " &amp; RepeatOnRow.Output{/Row/CreatedOn} 
&amp; " -- " &amp;    
RepeatOnRow.Output{/Row/range_min}
 &amp; " -- " &amp; RepeatOnRow.Output{/Row/range_max}
 &amp; " -- " &amp; RepeatOnRow.Output{/Row/average}</From></Assign></IncomingLinks><OutgoingLinks/></Action></Actions></Step></Steps><Actions><Action><Name>RepeatOnRow</Name><Description> </Description><IncomingLinks/><OutgoingLinks/></Action></Actions></Step><Step xsi:type="ActionSequence"><Name>Sequence_2</Name><Description/><Steps/><Actions><Action><Name>Err_1</Name><Description> </Description><IncomingLinks><Assign xsi:type="Assign"><Name/><Description/><To>Err_1.Message</To><From>" Cannot query Chart Data .." &amp; getChartData.LastErrorMessage</From></Assign></IncomingLinks><OutgoingLinks/></Action></Actions></Step></Steps><Actions><Action><Name>ChartData_Ok</Name><Description> </Description><IncomingLinks><Assign xsi:type="Assign"><Name/><Description/><To>ChartData_Ok.Input1</To><From>getProductionChartData.Success</From></Assign></IncomingLinks><OutgoingLinks/></Action></Actions></Step></Steps><Actions><Action><Name>getProductionChartData</Name><Description>SQL Query</Description><IncomingLinks><Assign xsi:type="Assign"><Name/><Description/><To>getProductionChartData.Param.1</To><From>datefromxmlformat(Transaction.TS_STARTING,"MM-dd-yyyy HH:mm")</From></Assign><Assign xsi:type="Assign"><Name/><Description/><To>getProductionChartData.Param.2</To><From>datefromxmlformat(Transaction.TS_ENDING,"MM-dd-yyyy HH:mm")</From></Assign><Assign xsi:type="Assign"><Name/><Description/><To>getProductionChartData.Param.3</To><From>Transaction.ID_LINE</From></Assign></IncomingLinks><OutgoingLinks/></Action></Actions></Step><Step xsi:type="Catch"><Name>Sequence_5</Name><Description/><Steps><Step xsi:type="ActionSequence"><Name>Sequence_6</Name><Description/><Steps/><Actions><Action><Name>ShowCatch_0</Name><Description> </Description><IncomingLinks><Assign xsi:type="Assign"><Name/><Description/><To>ShowCatch_0.Message</To><From>Catch_0.Message</From></Assign></IncomingLinks><OutgoingLinks/></Action></Actions></Step></Steps><Actions><Action><Name>Catch_0</Name><Description>Catches an exception</Description><IncomingLinks/><OutgoingLinks/></Action></Actions></Step></Steps><Actions><Action><Name>Exception_Enabler_0</Name><Description>Enables exceptions.</Description><IncomingLinks/><OutgoingLinks/></Action></Actions></Step><Step xsi:type="ActionSequence"><Name>Sequence_15</Name><Description/><Steps><Step xsi:type="ActionSequence"><Name>Sequence_16</Name><Description/><Steps/><Actions><Action><Name>ShowHCOutput</Name><Description> </Description><IncomingLinks><Assign xsi:type="Assign"><Name/><Description/><To>ShowHCOutput.Message</To><From>Transaction.HC_OUT</From></Assign></IncomingLinks><OutgoingLinks/></Action></Actions></Step></Steps><Actions><Action><Name>Assign_HC_OUT</Name><Description> </Description><IncomingLinks/><OutgoingLinks><Assign xsi:type="Assign"><Name/><Description/><To>Transaction.HC_OUT</To><From>Local.json_Series1 &amp; "," &amp; Local.json_Series2</From></Assign></OutgoingLinks></Action></Actions></Step></Steps><Actions><Action><Name>ShowParam</Name><Description> </Description><IncomingLinks><Assign xsi:type="Assign"><Name/><Description/><To>ShowParam.Message</To><From>" Line ID: " &amp; Transaction.ID_LINE &amp; " -- " &amp; " Op ID: " &amp; Transaction.TS_STARTING &amp; " -- " &amp; Transaction.TS_ENDING</From></Assign></IncomingLinks><OutgoingLinks/></Action></Actions></Step></Steps></Transaction>