<?xml version="1.0" encoding="UTF-8"?><Transaction xmlns:xsd="http://www.w3.org/2001/XMLSchema" xmlns:xsi="http://www.w3.org/2001/XMLSchema-instance" Version="15.0.7.12"><TransactionAttributes><ContextItem><Name>Description</Name><Description>Transaction Description</Description><MinRange>0</MinRange><MaxRange>0</MaxRange><Value xsi:type="string"/><ReadOnly>true</ReadOnly><AlertXMLAssigned>false</AlertXMLAssigned></ContextItem><ContextItem><Name>Comments</Name><Description>User Comments</Description><MinRange>0</MinRange><MaxRange>0</MaxRange><Value xsi:type="string"/><ReadOnly>true</ReadOnly><AlertXMLAssigned>false</AlertXMLAssigned></ContextItem><ContextItem><Name>CreatedBy</Name><Description>Created By</Description><MinRange>0</MinRange><MaxRange>0</MaxRange><Value xsi:type="string">RadPa</Value><ReadOnly>true</ReadOnly><AlertXMLAssigned>false</AlertXMLAssigned></ContextItem><ContextItem><Name>CreationDate</Name><Description>Creation Date</Description><MinRange>0</MinRange><MaxRange>0</MaxRange><Value xsi:type="dateTime">2016-10-31T17:38:25</Value><ReadOnly>true</ReadOnly><AlertXMLAssigned>false</AlertXMLAssigned></ContextItem><ContextItem><Name>Category</Name><Description>Transaction Category</Description><MinRange>0</MinRange><MaxRange>0</MaxRange><Value xsi:type="string"/><ReadOnly>true</ReadOnly><AlertXMLAssigned>false</AlertXMLAssigned></ContextItem><ContextItem><Name>Status</Name><Description>Deployment Status</Description><MinRange>0</MinRange><MaxRange>0</MaxRange><Value xsi:type="string">DEVELOPMENT</Value><ReadOnly>true</ReadOnly><AlertXMLAssigned>false</AlertXMLAssigned></ContextItem><ContextItem><Name>LegacyProcessingMode</Name><Description>Support the pre MII 12.1 Transaction Engine.</Description><MinRange>0</MinRange><MaxRange>0</MaxRange><Value xsi:type="boolean">0</Value><ReadOnly>true</ReadOnly><AlertXMLAssigned>false</AlertXMLAssigned></ContextItem><ContextItem><Name>AutoAppendBlankNamespaces</Name><Description>AutoAppendBlankNamespaces</Description><MinRange>0</MinRange><MaxRange>0</MaxRange><Value xsi:type="boolean">1</Value><ReadOnly>true</ReadOnly><AlertXMLAssigned>false</AlertXMLAssigned></ContextItem><ContextItem><Name>ThrowOnLinkError</Name><Description>Throws an exception when a link error occures</Description><MinRange>0</MinRange><MaxRange>0</MaxRange><Value xsi:type="boolean">0</Value><ReadOnly>true</ReadOnly><AlertXMLAssigned>false</AlertXMLAssigned></ContextItem><ContextItem><Name>ThrowOnActionError</Name><Description>Throws an exception when an action error occurs</Description><MinRange>0</MinRange><MaxRange>0</MaxRange><Value xsi:type="boolean">1</Value><ReadOnly>true</ReadOnly><AlertXMLAssigned>false</AlertXMLAssigned></ContextItem><ContextItem><Name>FormatXMLOnConversion</Name><Description>By default XML will be formatted when assigned from XML data type to String data type. This behaviour can be changed with this flag.</Description><MinRange>0</MinRange><MaxRange>0</MaxRange><Value xsi:type="boolean">1</Value><ReadOnly>true</ReadOnly><AlertXMLAssigned>false</AlertXMLAssigned></ContextItem><ContextItem><Name>LastEditedBy</Name><Description>Last Edited By</Description><MinRange>0</MinRange><MaxRange>0</MaxRange><Value xsi:type="xsd:string">SeanWu</Value><ReadOnly>true</ReadOnly><AlertXMLAssigned>false</AlertXMLAssigned></ContextItem><ContextItem><Name>LastEditedDate</Name><Description>Last Edited Date</Description><MinRange>0</MinRange><MaxRange>0</MaxRange><Value xsi:type="xsd:dateTime">2017-03-07T15:36:12</Value><ReadOnly>true</ReadOnly><AlertXMLAssigned>false</AlertXMLAssigned></ContextItem></TransactionAttributes><Name>MESM/STATIONS_HMI/TRANSACTIONS/buildData</Name><Version>148</Version><WriterRoles>SAP_XMII_Super_Administrator,SAP_XMII_Administrator,SAP_XMII_Developer</WriterRoles><Context><ContextItem><Name>HTML_OUT</Name><Description>HTML to be displayed in the Station HMI</Description><MinRange>0</MinRange><MaxRange>0</MaxRange><Value xsi:type="string">&lt;div style="width:642px; margin:0 auto;"&gt;
&lt;/div&gt;</Value><ReadOnly>true</ReadOnly><AlertXMLAssigned>false</AlertXMLAssigned></ContextItem><ContextItem><Name>SQL_SERVER</Name><Description>SQL Server to Query</Description><MinRange>0</MinRange><MaxRange>0</MaxRange><Value xsi:type="string">MESM</Value><ReadOnly>false</ReadOnly><AlertXMLAssigned>false</AlertXMLAssigned></ContextItem><ContextItem><Name>STATION</Name><Description>Station Name to Filter</Description><MinRange>0</MinRange><MaxRange>0</MaxRange><Value xsi:type="string">P558_ASSY_OP010</Value><ReadOnly>false</ReadOnly><AlertXMLAssigned>false</AlertXMLAssigned></ContextItem></Context><Local><ContextItem><Name>HTML_INI</Name><Description>HTML Template for Replace</Description><MinRange>0</MinRange><MaxRange>0</MaxRange><Value xsi:type="string">&lt;div style="width:842px; margin:0 auto;"&gt;
&lt;div id="cont0" class="container-stats"&gt;
   &lt;div id="Tile00" class="tile-stats-double"&gt;
     &lt;div class="icon"&gt; &lt;img src="REPLACE_CTM" /&gt;
     &lt;/div&gt;
        &lt;h3&gt;Last Update&lt;/h3&gt;
        &lt;p&gt;REPLACE_UPDATE&lt;/p&gt;
        &lt;br /&gt;
        &lt;h3&gt;Last Activity&lt;/h3&gt;
        &lt;p&gt;REPLACE_ACTIVITY&lt;/p&gt;
	&lt;div class="trans"&gt;REPLACE_TRX&lt;/div&gt;
	&lt;div class="transTitle"&gt;TRX CTM&lt;/div&gt;
    &lt;/div&gt;
  &lt;/div&gt;
  &lt;div style="clear:both"&gt;&lt;/div&gt;
  &lt;div id="cont1" class="container-stats"&gt;
   &lt;div id="Tile01" class="tile-stats"&gt;
     &lt;div class="count"&gt;REPLACE_SN&lt;/div&gt;
        &lt;h3&gt;REPLACE_PART&lt;/h3&gt;
        &lt;p&gt;REPLACE_DESC&lt;/p&gt;
    &lt;/div&gt;
  &lt;/div&gt;
  &lt;div id="cont2" class="container-stats"&gt;
   &lt;div id="Tile02" class="tile-stats"&gt;
     &lt;div class="icon"&gt; &lt;img src="REPLACE_PLC" /&gt; &lt;/div&gt;
      &lt;h3&gt;&amp;nbsp;&lt;/h3&gt;
      &lt;p&gt;&amp;nbsp;&lt;/p&gt;
     &lt;div class="count"&gt;REPLACE_ACT&lt;/div&gt;
    &lt;/div&gt;
  &lt;/div&gt;
&lt;/div&gt;</Value><ReadOnly>false</ReadOnly><AlertXMLAssigned>false</AlertXMLAssigned></ContextItem><ContextItem><Name>INT_END</Name><Description>Interval End Time</Description><MinRange>0</MinRange><MaxRange>0</MaxRange><Value xsi:type="string"/><ReadOnly>false</ReadOnly><AlertXMLAssigned>false</AlertXMLAssigned></ContextItem><ContextItem><Name>INT_START</Name><Description>Interval Start Time</Description><MinRange>0</MinRange><MaxRange>0</MaxRange><Value xsi:type="string"/><ReadOnly>false</ReadOnly><AlertXMLAssigned>false</AlertXMLAssigned></ContextItem><ContextItem><Name>TRECEIVE_JOBORDER</Name><Description>Job Order TReceive</Description><MinRange>0</MinRange><MaxRange>0</MaxRange><Value xsi:type="string"/><ReadOnly>false</ReadOnly><AlertXMLAssigned>false</AlertXMLAssigned></ContextItem><ContextItem><Name>TRECEIVE_SERNUM</Name><Description>Part Serial Number TReceive</Description><MinRange>0</MinRange><MaxRange>0</MaxRange><Value xsi:type="string"/><ReadOnly>false</ReadOnly><AlertXMLAssigned>false</AlertXMLAssigned></ContextItem><ContextItem><Name>TRECEIVE_TRANSSTATUS</Name><Description>Transaction Status TReceive</Description><MinRange>0</MinRange><MaxRange>0</MaxRange><Value xsi:type="string"/><ReadOnly>false</ReadOnly><AlertXMLAssigned>false</AlertXMLAssigned></ContextItem><ContextItem><Name>TSEND_JOBORDER</Name><Description>Job Order TSend</Description><MinRange>0</MinRange><MaxRange>0</MaxRange><Value xsi:type="string"/><ReadOnly>false</ReadOnly><AlertXMLAssigned>false</AlertXMLAssigned></ContextItem><ContextItem><Name>TSEND_SERNUM</Name><Description>Part Serial Number TSend</Description><MinRange>0</MinRange><MaxRange>0</MaxRange><Value xsi:type="string"/><ReadOnly>false</ReadOnly><AlertXMLAssigned>false</AlertXMLAssigned></ContextItem><ContextItem><Name>TSEND_TRANSSTATUS</Name><Description>Transaction Status TReceive</Description><MinRange>0</MinRange><MaxRange>0</MaxRange><Value xsi:type="string"/><ReadOnly>false</ReadOnly><AlertXMLAssigned>false</AlertXMLAssigned></ContextItem></Local><Layout><GUILayoutItem><Name>Sequence</Name><X>1592</X><Y>8</Y><Width>120</Width><SpacingWidth>3288</SpacingWidth><DescendantWidth>3288</DescendantWidth><Height>96</Height></GUILayoutItem><GUILayoutItem><Name>ShowParam</Name><X>1600</X><Y>24</Y><Width>104</Width><SpacingWidth>0</SpacingWidth><DescendantWidth>0</DescendantWidth><Height>72</Height></GUILayoutItem><GUILayoutItem><Name>Sequence_0</Name><X>1448</X><Y>280</Y><Width>120</Width><SpacingWidth>3000</SpacingWidth><DescendantWidth>3000</DescendantWidth><Height>96</Height></GUILayoutItem><GUILayoutItem><Name>Sequence_2</Name><X>1520</X><Y>144</Y><Width>120</Width><SpacingWidth>3144</SpacingWidth><DescendantWidth>3144</DescendantWidth><Height>96</Height></GUILayoutItem><GUILayoutItem><Name>Sequence_4</Name><X>3032</X><Y>416</Y><Width>120</Width><SpacingWidth>120</SpacingWidth><DescendantWidth>0</DescendantWidth><Height>96</Height></GUILayoutItem><GUILayoutItem><Name>Exception_Enabler_0</Name><X>1528</X><Y>160</Y><Width>104</Width><SpacingWidth>0</SpacingWidth><DescendantWidth>0</DescendantWidth><Height>72</Height></GUILayoutItem><GUILayoutItem><Name>Sequence_3</Name><X>3032</X><Y>280</Y><Width>120</Width><SpacingWidth>120</SpacingWidth><DescendantWidth>120</DescendantWidth><Height>96</Height></GUILayoutItem><GUILayoutItem><Name>Catch_0</Name><X>3040</X><Y>296</Y><Width>104</Width><SpacingWidth>0</SpacingWidth><DescendantWidth>0</DescendantWidth><Height>72</Height></GUILayoutItem><GUILayoutItem><Name>ShowCatch_0</Name><X>3040</X><Y>432</Y><Width>104</Width><SpacingWidth>0</SpacingWidth><DescendantWidth>0</DescendantWidth><Height>72</Height></GUILayoutItem><GUILayoutItem><Name>Sequence_5</Name><X>3176</X><Y>144</Y><Width>120</Width><SpacingWidth>120</SpacingWidth><DescendantWidth>120</DescendantWidth><Height>96</Height></GUILayoutItem><GUILayoutItem><Name>getLastNotifOnOps</Name><X>1456</X><Y>296</Y><Width>104</Width><SpacingWidth>0</SpacingWidth><DescendantWidth>0</DescendantWidth><Height>72</Height></GUILayoutItem><GUILayoutItem><Name>Sequence_1</Name><X>1448</X><Y>416</Y><Width>120</Width><SpacingWidth>3000</SpacingWidth><DescendantWidth>3000</DescendantWidth><Height>96</Height></GUILayoutItem><GUILayoutItem><Name>RecFound</Name><X>1456</X><Y>432</Y><Width>104</Width><SpacingWidth>0</SpacingWidth><DescendantWidth>0</DescendantWidth><Height>72</Height></GUILayoutItem><GUILayoutItem><Name>Sequence_6</Name><X>1376</X><Y>552</Y><Width>120</Width><SpacingWidth>2856</SpacingWidth><DescendantWidth>2856</DescendantWidth><Height>96</Height></GUILayoutItem><GUILayoutItem><Name>Sequence_7</Name><X>2888</X><Y>552</Y><Width>120</Width><SpacingWidth>120</SpacingWidth><DescendantWidth>0</DescendantWidth><Height>96</Height></GUILayoutItem><GUILayoutItem><Name>ShowNoRec</Name><X>2896</X><Y>568</Y><Width>104</Width><SpacingWidth>0</SpacingWidth><DescendantWidth>0</DescendantWidth><Height>72</Height></GUILayoutItem><GUILayoutItem><Name>ShowNrRec</Name><X>1384</X><Y>568</Y><Width>104</Width><SpacingWidth>0</SpacingWidth><DescendantWidth>0</DescendantWidth><Height>72</Height></GUILayoutItem><GUILayoutItem><Name>Sequence_8</Name><X>1376</X><Y>688</Y><Width>120</Width><SpacingWidth>2856</SpacingWidth><DescendantWidth>2856</DescendantWidth><Height>96</Height></GUILayoutItem><GUILayoutItem><Name>RepeatOnRec</Name><X>1384</X><Y>704</Y><Width>104</Width><SpacingWidth>0</SpacingWidth><DescendantWidth>0</DescendantWidth><Height>72</Height></GUILayoutItem><GUILayoutItem><Name>Sequence_9</Name><X>1376</X><Y>824</Y><Width>120</Width><SpacingWidth>2856</SpacingWidth><DescendantWidth>2856</DescendantWidth><Height>96</Height></GUILayoutItem><GUILayoutItem><Name>ShowRec</Name><X>1384</X><Y>840</Y><Width>104</Width><SpacingWidth>0</SpacingWidth><DescendantWidth>0</DescendantWidth><Height>72</Height></GUILayoutItem><GUILayoutItem><Name>Sequence_10</Name><X>800</X><Y>960</Y><Width>120</Width><SpacingWidth>1704</SpacingWidth><DescendantWidth>1704</DescendantWidth><Height>96</Height></GUILayoutItem><GUILayoutItem><Name>getLastNotifData</Name><X>808</X><Y>976</Y><Width>104</Width><SpacingWidth>0</SpacingWidth><DescendantWidth>0</DescendantWidth><Height>72</Height></GUILayoutItem><GUILayoutItem><Name>Sequence_11</Name><X>800</X><Y>1096</Y><Width>120</Width><SpacingWidth>1704</SpacingWidth><DescendantWidth>1704</DescendantWidth><Height>96</Height></GUILayoutItem><GUILayoutItem><Name>RepeatOnValue</Name><X>808</X><Y>1112</Y><Width>104</Width><SpacingWidth>0</SpacingWidth><DescendantWidth>0</DescendantWidth><Height>72</Height></GUILayoutItem><GUILayoutItem><Name>Sequence_12</Name><X>368</X><Y>1368</Y><Width>120</Width><SpacingWidth>840</SpacingWidth><DescendantWidth>840</DescendantWidth><Height>96</Height></GUILayoutItem><GUILayoutItem><Name>TSend</Name><X>376</X><Y>1384</Y><Width>104</Width><SpacingWidth>0</SpacingWidth><DescendantWidth>0</DescendantWidth><Height>72</Height></GUILayoutItem><GUILayoutItem><Name>Sequence_13</Name><X>152</X><Y>1504</Y><Width>120</Width><SpacingWidth>408</SpacingWidth><DescendantWidth>408</DescendantWidth><Height>96</Height></GUILayoutItem><GUILayoutItem><Name>TSendSerNum</Name><X>160</X><Y>1520</Y><Width>104</Width><SpacingWidth>0</SpacingWidth><DescendantWidth>0</DescendantWidth><Height>72</Height></GUILayoutItem><GUILayoutItem><Name>Sequence_15</Name><X>8</X><Y>1640</Y><Width>120</Width><SpacingWidth>120</SpacingWidth><DescendantWidth>0</DescendantWidth><Height>96</Height></GUILayoutItem><GUILayoutItem><Name>Sequence_16</Name><X>224</X><Y>1640</Y><Width>120</Width><SpacingWidth>264</SpacingWidth><DescendantWidth>264</DescendantWidth><Height>96</Height></GUILayoutItem><GUILayoutItem><Name>TSendTransStatus</Name><X>232</X><Y>1656</Y><Width>104</Width><SpacingWidth>0</SpacingWidth><DescendantWidth>0</DescendantWidth><Height>72</Height></GUILayoutItem><GUILayoutItem><Name>Sequence_17</Name><X>152</X><Y>1776</Y><Width>120</Width><SpacingWidth>120</SpacingWidth><DescendantWidth>0</DescendantWidth><Height>96</Height></GUILayoutItem><GUILayoutItem><Name>Sequence_14</Name><X>584</X><Y>1504</Y><Width>120</Width><SpacingWidth>408</SpacingWidth><DescendantWidth>408</DescendantWidth><Height>96</Height></GUILayoutItem><GUILayoutItem><Name>TReceiveSerNum</Name><X>592</X><Y>1520</Y><Width>104</Width><SpacingWidth>0</SpacingWidth><DescendantWidth>0</DescendantWidth><Height>72</Height></GUILayoutItem><GUILayoutItem><Name>Sequence_19</Name><X>440</X><Y>1640</Y><Width>120</Width><SpacingWidth>120</SpacingWidth><DescendantWidth>0</DescendantWidth><Height>96</Height></GUILayoutItem><GUILayoutItem><Name>Sequence_20</Name><X>656</X><Y>1640</Y><Width>120</Width><SpacingWidth>264</SpacingWidth><DescendantWidth>264</DescendantWidth><Height>96</Height></GUILayoutItem><GUILayoutItem><Name>TReceiveTransStatus</Name><X>664</X><Y>1656</Y><Width>104</Width><SpacingWidth>0</SpacingWidth><DescendantWidth>0</DescendantWidth><Height>72</Height></GUILayoutItem><GUILayoutItem><Name>Sequence_21</Name><X>584</X><Y>1776</Y><Width>120</Width><SpacingWidth>120</SpacingWidth><DescendantWidth>0</DescendantWidth><Height>96</Height></GUILayoutItem><GUILayoutItem><Name>Sequence_24</Name><X>2240</X><Y>960</Y><Width>120</Width><SpacingWidth>1128</SpacingWidth><DescendantWidth>1128</DescendantWidth><Height>96</Height></GUILayoutItem><GUILayoutItem><Name>ShowLocal</Name><X>2248</X><Y>976</Y><Width>104</Width><SpacingWidth>0</SpacingWidth><DescendantWidth>0</DescendantWidth><Height>72</Height></GUILayoutItem><GUILayoutItem><Name>Sequence_18</Name><X>296</X><Y>1776</Y><Width>120</Width><SpacingWidth>120</SpacingWidth><DescendantWidth>120</DescendantWidth><Height>96</Height></GUILayoutItem><GUILayoutItem><Name>TSendJobOrder</Name><X>304</X><Y>1792</Y><Width>104</Width><SpacingWidth>0</SpacingWidth><DescendantWidth>0</DescendantWidth><Height>72</Height></GUILayoutItem><GUILayoutItem><Name>Sequence_23</Name><X>728</X><Y>1912</Y><Width>120</Width><SpacingWidth>120</SpacingWidth><DescendantWidth>0</DescendantWidth><Height>96</Height></GUILayoutItem><GUILayoutItem><Name>Sequence_25</Name><X>296</X><Y>1912</Y><Width>120</Width><SpacingWidth>120</SpacingWidth><DescendantWidth>0</DescendantWidth><Height>96</Height></GUILayoutItem><GUILayoutItem><Name>Sequence_22</Name><X>728</X><Y>1776</Y><Width>120</Width><SpacingWidth>120</SpacingWidth><DescendantWidth>120</DescendantWidth><Height>96</Height></GUILayoutItem><GUILayoutItem><Name>TReceiveJobOrder</Name><X>736</X><Y>1792</Y><Width>104</Width><SpacingWidth>0</SpacingWidth><DescendantWidth>0</DescendantWidth><Height>72</Height></GUILayoutItem><GUILayoutItem><Name>AssignSendSerNum</Name><X>16</X><Y>1656</Y><Width>104</Width><SpacingWidth>0</SpacingWidth><DescendantWidth>0</DescendantWidth><Height>72</Height></GUILayoutItem><GUILayoutItem><Name>AssignSendStatus</Name><X>160</X><Y>1792</Y><Width>104</Width><SpacingWidth>0</SpacingWidth><DescendantWidth>0</DescendantWidth><Height>72</Height></GUILayoutItem><GUILayoutItem><Name>AssignSendOrder</Name><X>304</X><Y>1928</Y><Width>104</Width><SpacingWidth>0</SpacingWidth><DescendantWidth>0</DescendantWidth><Height>72</Height></GUILayoutItem><GUILayoutItem><Name>AssignRecvSerNum</Name><X>448</X><Y>1656</Y><Width>104</Width><SpacingWidth>0</SpacingWidth><DescendantWidth>0</DescendantWidth><Height>72</Height></GUILayoutItem><GUILayoutItem><Name>AssignRecvStatus</Name><X>592</X><Y>1792</Y><Width>104</Width><SpacingWidth>0</SpacingWidth><DescendantWidth>0</DescendantWidth><Height>72</Height></GUILayoutItem><GUILayoutItem><Name>AssignRecvOrder</Name><X>736</X><Y>1928</Y><Width>104</Width><SpacingWidth>0</SpacingWidth><DescendantWidth>0</DescendantWidth><Height>72</Height></GUILayoutItem><GUILayoutItem><Name>Sequence_26</Name><X>800</X><Y>1232</Y><Width>120</Width><SpacingWidth>1704</SpacingWidth><DescendantWidth>1704</DescendantWidth><Height>96</Height></GUILayoutItem><GUILayoutItem><Name>TraceVal</Name><X>808</X><Y>1248</Y><Width>104</Width><SpacingWidth>0</SpacingWidth><DescendantWidth>0</DescendantWidth><Height>72</Height></GUILayoutItem><GUILayoutItem><Name>Sequence_27</Name><X>2240</X><Y>1096</Y><Width>120</Width><SpacingWidth>1128</SpacingWidth><DescendantWidth>1128</DescendantWidth><Height>96</Height></GUILayoutItem><GUILayoutItem><Name>getMaterialData</Name><X>2248</X><Y>1112</Y><Width>104</Width><SpacingWidth>0</SpacingWidth><DescendantWidth>0</DescendantWidth><Height>72</Height></GUILayoutItem><GUILayoutItem><Name>Sequence_28</Name><X>1736</X><Y>1232</Y><Width>120</Width><SpacingWidth>120</SpacingWidth><DescendantWidth>120</DescendantWidth><Height>96</Height></GUILayoutItem><GUILayoutItem><Name>AssignUpdated</Name><X>1744</X><Y>1248</Y><Width>104</Width><SpacingWidth>0</SpacingWidth><DescendantWidth>0</DescendantWidth><Height>72</Height></GUILayoutItem><GUILayoutItem><Name>AssignHTML_OUT</Name><X>3184</X><Y>160</Y><Width>104</Width><SpacingWidth>0</SpacingWidth><DescendantWidth>0</DescendantWidth><Height>72</Height></GUILayoutItem><GUILayoutItem><Name>Sequence_29</Name><X>1736</X><Y>1368</Y><Width>120</Width><SpacingWidth>120</SpacingWidth><DescendantWidth>120</DescendantWidth><Height>96</Height></GUILayoutItem><GUILayoutItem><Name>AssignActivity</Name><X>1744</X><Y>1384</Y><Width>104</Width><SpacingWidth>0</SpacingWidth><DescendantWidth>0</DescendantWidth><Height>72</Height></GUILayoutItem><GUILayoutItem><Name>Sequence_30</Name><X>1736</X><Y>1504</Y><Width>120</Width><SpacingWidth>120</SpacingWidth><DescendantWidth>0</DescendantWidth><Height>96</Height></GUILayoutItem><GUILayoutItem><Name>AssignTrx</Name><X>1744</X><Y>1520</Y><Width>104</Width><SpacingWidth>0</SpacingWidth><DescendantWidth>0</DescendantWidth><Height>72</Height></GUILayoutItem><GUILayoutItem><Name>Sequence_31</Name><X>2024</X><Y>1232</Y><Width>120</Width><SpacingWidth>408</SpacingWidth><DescendantWidth>408</DescendantWidth><Height>96</Height></GUILayoutItem><GUILayoutItem><Name>CTM_PASS</Name><X>2032</X><Y>1248</Y><Width>104</Width><SpacingWidth>0</SpacingWidth><DescendantWidth>0</DescendantWidth><Height>72</Height></GUILayoutItem><GUILayoutItem><Name>Sequence_32</Name><X>1880</X><Y>1368</Y><Width>120</Width><SpacingWidth>120</SpacingWidth><DescendantWidth>0</DescendantWidth><Height>96</Height></GUILayoutItem><GUILayoutItem><Name>Sequence_33</Name><X>2096</X><Y>1368</Y><Width>120</Width><SpacingWidth>264</SpacingWidth><DescendantWidth>264</DescendantWidth><Height>96</Height></GUILayoutItem><GUILayoutItem><Name>CTM_FAIL</Name><X>2104</X><Y>1384</Y><Width>104</Width><SpacingWidth>0</SpacingWidth><DescendantWidth>0</DescendantWidth><Height>72</Height></GUILayoutItem><GUILayoutItem><Name>Sequence_34</Name><X>2024</X><Y>1504</Y><Width>120</Width><SpacingWidth>120</SpacingWidth><DescendantWidth>0</DescendantWidth><Height>96</Height></GUILayoutItem><GUILayoutItem><Name>Sequence_35</Name><X>2168</X><Y>1504</Y><Width>120</Width><SpacingWidth>120</SpacingWidth><DescendantWidth>0</DescendantWidth><Height>96</Height></GUILayoutItem><GUILayoutItem><Name>AssignCTMPASS</Name><X>1888</X><Y>1384</Y><Width>104</Width><SpacingWidth>0</SpacingWidth><DescendantWidth>0</DescendantWidth><Height>72</Height></GUILayoutItem><GUILayoutItem><Name>AssignCTMFAIL</Name><X>2032</X><Y>1520</Y><Width>104</Width><SpacingWidth>0</SpacingWidth><DescendantWidth>0</DescendantWidth><Height>72</Height></GUILayoutItem><GUILayoutItem><Name>AssignCTMNONE</Name><X>2176</X><Y>1520</Y><Width>104</Width><SpacingWidth>0</SpacingWidth><DescendantWidth>0</DescendantWidth><Height>72</Height></GUILayoutItem><GUILayoutItem><Name>Sequence_36</Name><X>3176</X><Y>280</Y><Width>120</Width><SpacingWidth>120</SpacingWidth><DescendantWidth>0</DescendantWidth><Height>96</Height></GUILayoutItem><GUILayoutItem><Name>ShowHTML_OUT</Name><X>3184</X><Y>296</Y><Width>104</Width><SpacingWidth>0</SpacingWidth><DescendantWidth>0</DescendantWidth><Height>72</Height></GUILayoutItem><GUILayoutItem><Name>Sequence_37</Name><X>2312</X><Y>1232</Y><Width>120</Width><SpacingWidth>120</SpacingWidth><DescendantWidth>120</DescendantWidth><Height>96</Height></GUILayoutItem><GUILayoutItem><Name>AssignSerNum</Name><X>2320</X><Y>1248</Y><Width>104</Width><SpacingWidth>0</SpacingWidth><DescendantWidth>0</DescendantWidth><Height>72</Height></GUILayoutItem><GUILayoutItem><Name>Sequence_38</Name><X>2312</X><Y>1504</Y><Width>120</Width><SpacingWidth>120</SpacingWidth><DescendantWidth>0</DescendantWidth><Height>96</Height></GUILayoutItem><GUILayoutItem><Name>AssignDesc</Name><X>2320</X><Y>1520</Y><Width>104</Width><SpacingWidth>0</SpacingWidth><DescendantWidth>0</DescendantWidth><Height>72</Height></GUILayoutItem><GUILayoutItem><Name>Sequence_39</Name><X>2312</X><Y>1368</Y><Width>120</Width><SpacingWidth>120</SpacingWidth><DescendantWidth>120</DescendantWidth><Height>96</Height></GUILayoutItem><GUILayoutItem><Name>AssignPart</Name><X>2320</X><Y>1384</Y><Width>104</Width><SpacingWidth>0</SpacingWidth><DescendantWidth>0</DescendantWidth><Height>72</Height></GUILayoutItem><GUILayoutItem><Name>Sequence_41</Name><X>2600</X><Y>1232</Y><Width>120</Width><SpacingWidth>408</SpacingWidth><DescendantWidth>408</DescendantWidth><Height>96</Height></GUILayoutItem><GUILayoutItem><Name>PLC_PASS</Name><X>2608</X><Y>1248</Y><Width>104</Width><SpacingWidth>0</SpacingWidth><DescendantWidth>0</DescendantWidth><Height>72</Height></GUILayoutItem><GUILayoutItem><Name>Sequence_42</Name><X>2456</X><Y>1368</Y><Width>120</Width><SpacingWidth>120</SpacingWidth><DescendantWidth>120</DescendantWidth><Height>96</Height></GUILayoutItem><GUILayoutItem><Name>AssignPLCPASS</Name><X>2464</X><Y>1384</Y><Width>104</Width><SpacingWidth>0</SpacingWidth><DescendantWidth>0</DescendantWidth><Height>72</Height></GUILayoutItem><GUILayoutItem><Name>Sequence_43</Name><X>2672</X><Y>1368</Y><Width>120</Width><SpacingWidth>264</SpacingWidth><DescendantWidth>264</DescendantWidth><Height>96</Height></GUILayoutItem><GUILayoutItem><Name>PLC_FAIL</Name><X>2680</X><Y>1384</Y><Width>104</Width><SpacingWidth>0</SpacingWidth><DescendantWidth>0</DescendantWidth><Height>72</Height></GUILayoutItem><GUILayoutItem><Name>Sequence_44</Name><X>2600</X><Y>1504</Y><Width>120</Width><SpacingWidth>120</SpacingWidth><DescendantWidth>120</DescendantWidth><Height>96</Height></GUILayoutItem><GUILayoutItem><Name>AssignPLCFAIL</Name><X>2608</X><Y>1520</Y><Width>104</Width><SpacingWidth>0</SpacingWidth><DescendantWidth>0</DescendantWidth><Height>72</Height></GUILayoutItem><GUILayoutItem><Name>Sequence_45</Name><X>2744</X><Y>1504</Y><Width>120</Width><SpacingWidth>120</SpacingWidth><DescendantWidth>120</DescendantWidth><Height>96</Height></GUILayoutItem><GUILayoutItem><Name>AssignPLCNONE</Name><X>2752</X><Y>1520</Y><Width>104</Width><SpacingWidth>0</SpacingWidth><DescendantWidth>0</DescendantWidth><Height>72</Height></GUILayoutItem><GUILayoutItem><Name>Sequence_40</Name><X>2744</X><Y>1640</Y><Width>120</Width><SpacingWidth>120</SpacingWidth><DescendantWidth>0</DescendantWidth><Height>96</Height></GUILayoutItem><GUILayoutItem><Name>Sequence_46</Name><X>2600</X><Y>1640</Y><Width>120</Width><SpacingWidth>120</SpacingWidth><DescendantWidth>0</DescendantWidth><Height>96</Height></GUILayoutItem><GUILayoutItem><Name>Sequence_47</Name><X>2456</X><Y>1504</Y><Width>120</Width><SpacingWidth>120</SpacingWidth><DescendantWidth>0</DescendantWidth><Height>96</Height></GUILayoutItem><GUILayoutItem><Name>AssignACTPASS</Name><X>2464</X><Y>1520</Y><Width>104</Width><SpacingWidth>0</SpacingWidth><DescendantWidth>0</DescendantWidth><Height>72</Height></GUILayoutItem><GUILayoutItem><Name>AssignACTFAIL</Name><X>2608</X><Y>1656</Y><Width>104</Width><SpacingWidth>0</SpacingWidth><DescendantWidth>0</DescendantWidth><Height>72</Height></GUILayoutItem><GUILayoutItem><Name>AssignACTNONE</Name><X>2752</X><Y>1656</Y><Width>104</Width><SpacingWidth>0</SpacingWidth><DescendantWidth>0</DescendantWidth><Height>72</Height></GUILayoutItem><GUILayoutItem><Name>Sequence_50</Name><X>944</X><Y>1504</Y><Width>120</Width><SpacingWidth>264</SpacingWidth><DescendantWidth>264</DescendantWidth><Height>96</Height></GUILayoutItem><GUILayoutItem><Name>SerNumTSendBlank</Name><X>952</X><Y>1520</Y><Width>104</Width><SpacingWidth>0</SpacingWidth><DescendantWidth>0</DescendantWidth><Height>72</Height></GUILayoutItem><GUILayoutItem><Name>Sequence_51</Name><X>872</X><Y>1640</Y><Width>120</Width><SpacingWidth>120</SpacingWidth><DescendantWidth>0</DescendantWidth><Height>96</Height></GUILayoutItem><GUILayoutItem><Name>Sequence_52</Name><X>1016</X><Y>1640</Y><Width>120</Width><SpacingWidth>120</SpacingWidth><DescendantWidth>0</DescendantWidth><Height>96</Height></GUILayoutItem><GUILayoutItem><Name>AssignTRec2TSend</Name><X>880</X><Y>1656</Y><Width>104</Width><SpacingWidth>0</SpacingWidth><DescendantWidth>0</DescendantWidth><Height>72</Height></GUILayoutItem><GUILayoutItem><Name>AssignTSend2TRec</Name><X>1024</X><Y>1656</Y><Width>104</Width><SpacingWidth>0</SpacingWidth><DescendantWidth>0</DescendantWidth><Height>72</Height></GUILayoutItem><GUILayoutItem><Name>Sequence_48</Name><X>1232</X><Y>1368</Y><Width>120</Width><SpacingWidth>840</SpacingWidth><DescendantWidth>840</DescendantWidth><Height>96</Height></GUILayoutItem><GUILayoutItem><Name>Sequence_49</Name><X>1376</X><Y>1504</Y><Width>120</Width><SpacingWidth>552</SpacingWidth><DescendantWidth>552</DescendantWidth><Height>96</Height></GUILayoutItem><GUILayoutItem><Name>WOBothBlank</Name><X>1384</X><Y>1520</Y><Width>104</Width><SpacingWidth>0</SpacingWidth><DescendantWidth>0</DescendantWidth><Height>72</Height></GUILayoutItem><GUILayoutItem><Name>Sequence_53</Name><X>1232</X><Y>1640</Y><Width>120</Width><SpacingWidth>264</SpacingWidth><DescendantWidth>264</DescendantWidth><Height>96</Height></GUILayoutItem><GUILayoutItem><Name>Sequence_54</Name><X>1520</X><Y>1640</Y><Width>120</Width><SpacingWidth>264</SpacingWidth><DescendantWidth>264</DescendantWidth><Height>96</Height></GUILayoutItem><GUILayoutItem><Name>WOTSendBlank</Name><X>1528</X><Y>1656</Y><Width>104</Width><SpacingWidth>0</SpacingWidth><DescendantWidth>0</DescendantWidth><Height>72</Height></GUILayoutItem><GUILayoutItem><Name>Sequence_55</Name><X>1448</X><Y>1776</Y><Width>120</Width><SpacingWidth>120</SpacingWidth><DescendantWidth>0</DescendantWidth><Height>96</Height></GUILayoutItem><GUILayoutItem><Name>Sequence_56</Name><X>1592</X><Y>1776</Y><Width>120</Width><SpacingWidth>120</SpacingWidth><DescendantWidth>0</DescendantWidth><Height>96</Height></GUILayoutItem><GUILayoutItem><Name>AssignWOTS2TR</Name><X>1456</X><Y>1792</Y><Width>104</Width><SpacingWidth>0</SpacingWidth><DescendantWidth>0</DescendantWidth><Height>72</Height></GUILayoutItem><GUILayoutItem><Name>AssignWOTR2TS</Name><X>1600</X><Y>1792</Y><Width>104</Width><SpacingWidth>0</SpacingWidth><DescendantWidth>0</DescendantWidth><Height>72</Height></GUILayoutItem><GUILayoutItem><Name>getWObySN</Name><X>1240</X><Y>1656</Y><Width>104</Width><SpacingWidth>0</SpacingWidth><DescendantWidth>0</DescendantWidth><Height>72</Height></GUILayoutItem><GUILayoutItem><Name>Sequence_57</Name><X>1232</X><Y>1776</Y><Width>120</Width><SpacingWidth>264</SpacingWidth><DescendantWidth>264</DescendantWidth><Height>96</Height></GUILayoutItem><GUILayoutItem><Name>WO_Found</Name><X>1240</X><Y>1792</Y><Width>104</Width><SpacingWidth>0</SpacingWidth><DescendantWidth>0</DescendantWidth><Height>72</Height></GUILayoutItem><GUILayoutItem><Name>Sequence_58</Name><X>1160</X><Y>1912</Y><Width>120</Width><SpacingWidth>120</SpacingWidth><DescendantWidth>0</DescendantWidth><Height>96</Height></GUILayoutItem><GUILayoutItem><Name>AssignWO</Name><X>1168</X><Y>1928</Y><Width>104</Width><SpacingWidth>0</SpacingWidth><DescendantWidth>0</DescendantWidth><Height>72</Height></GUILayoutItem><GUILayoutItem><Name>Sequence_59</Name><X>1304</X><Y>1912</Y><Width>120</Width><SpacingWidth>120</SpacingWidth><DescendantWidth>120</DescendantWidth><Height>96</Height></GUILayoutItem><GUILayoutItem><Name>getActiveOrder</Name><X>1312</X><Y>1928</Y><Width>104</Width><SpacingWidth>0</SpacingWidth><DescendantWidth>0</DescendantWidth><Height>72</Height></GUILayoutItem><GUILayoutItem><Name>Sequence_60</Name><X>1304</X><Y>2048</Y><Width>120</Width><SpacingWidth>120</SpacingWidth><DescendantWidth>0</DescendantWidth><Height>96</Height></GUILayoutItem><GUILayoutItem><Name>AssignWO1</Name><X>1312</X><Y>2064</Y><Width>104</Width><SpacingWidth>0</SpacingWidth><DescendantWidth>0</DescendantWidth><Height>72</Height></GUILayoutItem></Layout><Actions><ContextItem><Name>ShowParam</Name><Description/><MinRange>0</MinRange><MaxRange>0</MaxRange><Value xsi:type="Tracer"><Message/><Level>INFO</Level></Value><ReadOnly>false</ReadOnly><AlertXMLAssigned>false</AlertXMLAssigned></ContextItem><ContextItem><Name>Exception_Enabler_0</Name><Description/><MinRange>0</MinRange><MaxRange>0</MaxRange><Value xsi:type="ExceptionEnabler"><EnableActionExceptions>true</EnableActionExceptions><EnableLinkExceptions>true</EnableLinkExceptions></Value><ReadOnly>false</ReadOnly><AlertXMLAssigned>false</AlertXMLAssigned></ContextItem><ContextItem><Name>Catch_0</Name><Description/><MinRange>0</MinRange><MaxRange>0</MaxRange><Value xsi:type="CatchAction"/><ReadOnly>false</ReadOnly><AlertXMLAssigned>false</AlertXMLAssigned></ContextItem><ContextItem><Name>ShowCatch_0</Name><Description/><MinRange>0</MinRange><MaxRange>0</MaxRange><Value xsi:type="Tracer"><Message/><Level>INFO</Level></Value><ReadOnly>false</ReadOnly><AlertXMLAssigned>false</AlertXMLAssigned></ContextItem><ContextItem><Name>getLastNotifOnOps</Name><Description/><MinRange>0</MinRange><MaxRange>0</MaxRange><Value xsi:type="IlluminatorSQLQueryObject"><Timeout>60</Timeout><QueryParameters/><QueryTemplate>MESM/STATIONS_HMI/QUERIES/getLastNotifOnOps</QueryTemplate><QueryStartDate>2016-10-31T17:51:59</QueryStartDate><QueryEndDate>2016-10-31T17:51:59</QueryEndDate><SQLTransaction/><Results><ReferenceDocumentSource/>&lt;?xml version="1.0" encoding="UTF-8"?&gt;&lt;Rowsets CachedTime="" DateCreated="2016-11-10T11:22:48" EndDate="2016-11-10T11:22:48" StartDate="2016-11-10T10:22:48" Version="15.0 SP7 Patch 12 (Sep 7, 2016)"&gt;&lt;Rowset&gt;&lt;Columns&gt;&lt;Column Description="recordID" MaxRange="1" MinRange="0" Name="recordID" SQLDataType="-5" SourceColumn="recordID"/&gt;&lt;Column Description="notifTransactionType" MaxRange="1" MinRange="0" Name="notifTransactionType" SQLDataType="4" SourceColumn="notifTransactionType"/&gt;&lt;Column Description="CreatedOn" MaxRange="1" MinRange="0" Name="CreatedOn" SQLDataType="93" SourceColumn="CreatedOn"/&gt;&lt;Column Description="notifStatus" MaxRange="1" MinRange="0" Name="notifStatus" SQLDataType="4" SourceColumn="notifStatus"/&gt;&lt;Column Description="notifErrMessage" MaxRange="1" MinRange="0" Name="notifErrMessage" SQLDataType="12" SourceColumn="notifErrMessage"/&gt;&lt;Column Description="intervalEnds" MaxRange="1" MinRange="0" Name="intervalEnds" SQLDataType="93" SourceColumn="intervalEnds"/&gt;&lt;Column Description="intervalStarts" MaxRange="1" MinRange="0" Name="intervalStarts" SQLDataType="93" SourceColumn="intervalStarts"/&gt;&lt;/Columns&gt;&lt;Row&gt;&lt;recordID&gt;69888&lt;/recordID&gt;&lt;notifTransactionType&gt;10&lt;/notifTransactionType&gt;&lt;CreatedOn&gt;2016-11-08T17:19:13&lt;/CreatedOn&gt;&lt;notifStatus&gt;1&lt;/notifStatus&gt;&lt;notifErrMessage&gt;Submitted&lt;/notifErrMessage&gt;&lt;intervalEnds&gt;2016-11-10T11:22:47&lt;/intervalEnds&gt;&lt;intervalStarts&gt;2016-11-10T03:22:47&lt;/intervalStarts&gt;&lt;/Row&gt;&lt;/Rowset&gt;&lt;/Rowsets&gt;</Results><TagList/></Value><SchemaURI/><SchemaElement/><ValidateXMLOnExecution>1</ValidateXMLOnExecution><ReadOnly>false</ReadOnly><AlertXMLAssigned>false</AlertXMLAssigned></ContextItem><ContextItem><Name>RecFound</Name><Description/><MinRange>0</MinRange><MaxRange>0</MaxRange><Value xsi:type="ConditionalAction"><Output>false</Output><InputCount>1</InputCount><LogicalAnd>false</LogicalAnd><Input1>false</Input1></Value><ReadOnly>false</ReadOnly><AlertXMLAssigned>false</AlertXMLAssigned></ContextItem><ContextItem><Name>ShowNoRec</Name><Description/><MinRange>0</MinRange><MaxRange>0</MaxRange><Value xsi:type="Tracer"><Message/><Level>INFO</Level></Value><ReadOnly>false</ReadOnly><AlertXMLAssigned>false</AlertXMLAssigned></ContextItem><ContextItem><Name>ShowNrRec</Name><Description/><MinRange>0</MinRange><MaxRange>0</MaxRange><Value xsi:type="Tracer"><Message/><Level>INFO</Level></Value><ReadOnly>false</ReadOnly><AlertXMLAssigned>false</AlertXMLAssigned></ContextItem><ContextItem><Name>RepeatOnRec</Name><Description/><MinRange>0</MinRange><MaxRange>0</MaxRange><Value xsi:type="RepeaterAction"><Output><ReferenceDocumentSource/>&lt;?xml version="1.0" encoding="UTF-8"?&gt;&lt;Row&gt;&lt;recordID&gt;69888&lt;/recordID&gt;&lt;notifTransactionType&gt;10&lt;/notifTransactionType&gt;&lt;CreatedOn&gt;2016-11-08T17:19:13&lt;/CreatedOn&gt;&lt;notifStatus&gt;1&lt;/notifStatus&gt;&lt;notifErrMessage&gt;Submitted&lt;/notifErrMessage&gt;&lt;intervalEnds&gt;2016-11-10T11:22:47&lt;/intervalEnds&gt;&lt;intervalStarts&gt;2016-11-10T03:22:47&lt;/intervalStarts&gt;&lt;/Row&gt;</Output><Break>false</Break><ItemCount>0</ItemCount><CurrentItem>0</CurrentItem><Source>getLastNotifOnOps.Results{/Rowsets/Rowset/Row}</Source><Item><ReferenceDocumentSource/>&lt;?xml version="1.0" encoding="UTF-8"?&gt;&lt;Row&gt;&lt;recordID&gt;69888&lt;/recordID&gt;&lt;notifTransactionType&gt;10&lt;/notifTransactionType&gt;&lt;CreatedOn&gt;2016-11-08T17:19:13&lt;/CreatedOn&gt;&lt;notifStatus&gt;1&lt;/notifStatus&gt;&lt;notifErrMessage&gt;Submitted&lt;/notifErrMessage&gt;&lt;intervalEnds&gt;2016-11-10T11:22:47&lt;/intervalEnds&gt;&lt;intervalStarts&gt;2016-11-10T03:22:47&lt;/intervalStarts&gt;&lt;/Row&gt;</Item></Value><SchemaURI/><SchemaElement/><ValidateXMLOnExecution>1</ValidateXMLOnExecution><SchemaURI/><SchemaElement/><ValidateXMLOnExecution>1</ValidateXMLOnExecution><ReadOnly>false</ReadOnly><AlertXMLAssigned>false</AlertXMLAssigned></ContextItem><ContextItem><Name>ShowRec</Name><Description/><MinRange>0</MinRange><MaxRange>0</MaxRange><Value xsi:type="Tracer"><Message/><Level>INFO</Level></Value><ReadOnly>false</ReadOnly><AlertXMLAssigned>false</AlertXMLAssigned></ContextItem><ContextItem><Name>getLastNotifData</Name><Description/><MinRange>0</MinRange><MaxRange>0</MaxRange><Value xsi:type="IlluminatorSQLQueryObject"><Timeout>60</Timeout><QueryParameters/><QueryTemplate>MESM/STATIONS_HMI/QUERIES/getLastNotifData</QueryTemplate><QueryStartDate>2016-10-31T18:42:59</QueryStartDate><QueryEndDate>2016-10-31T18:42:59</QueryEndDate><SQLTransaction/><Results><ReferenceDocumentSource/>&lt;?xml version="1.0" encoding="UTF-8"?&gt;&lt;Rowsets CachedTime="" DateCreated="2016-11-10T13:15:53" EndDate="2016-11-10T13:15:53" StartDate="2016-11-10T12:15:53" Version="15.0 SP7 Patch 12 (Sep 7, 2016)"&gt;&lt;Rowset&gt;&lt;Columns&gt;&lt;Column Description="TYPE" MaxRange="1" MinRange="0" Name="TYPE" SQLDataType="-9" SourceColumn="TYPE"/&gt;&lt;Column Description="NAME" MaxRange="1" MinRange="0" Name="NAME" SQLDataType="-9" SourceColumn="NAME"/&gt;&lt;Column Description="TAG" MaxRange="1" MinRange="0" Name="TAG" SQLDataType="-9" SourceColumn="TAG"/&gt;&lt;Column Description="VALUE" MaxRange="1" MinRange="0" Name="VALUE" SQLDataType="12" SourceColumn="VALUE"/&gt;&lt;/Columns&gt;&lt;Row&gt;&lt;TYPE&gt;TSend&lt;/TYPE&gt;&lt;NAME&gt;TransCtr&lt;/NAME&gt;&lt;TAG&gt;Transaction Counter&lt;/TAG&gt;&lt;VALUE&gt;0&lt;/VALUE&gt;&lt;/Row&gt;&lt;Row&gt;&lt;TYPE&gt;TSend&lt;/TYPE&gt;&lt;NAME&gt;TransStatus&lt;/NAME&gt;&lt;TAG&gt;Transaction Status&lt;/TAG&gt;&lt;VALUE&gt;0&lt;/VALUE&gt;&lt;/Row&gt;&lt;Row&gt;&lt;TYPE&gt;TSend&lt;/TYPE&gt;&lt;NAME&gt;MemMapVer&lt;/NAME&gt;&lt;TAG&gt;Memory Map Version&lt;/TAG&gt;&lt;VALUE&gt;1&lt;/VALUE&gt;&lt;/Row&gt;&lt;Row&gt;&lt;TYPE&gt;TSend&lt;/TYPE&gt;&lt;NAME&gt;OperatorID&lt;/NAME&gt;&lt;TAG&gt;Operator Clock Number&lt;/TAG&gt;&lt;VALUE&gt;0&lt;/VALUE&gt;&lt;/Row&gt;&lt;Row&gt;&lt;TYPE&gt;TSend&lt;/TYPE&gt;&lt;NAME&gt;RejectCode&lt;/NAME&gt;&lt;TAG&gt;Part Reject Code&lt;/TAG&gt;&lt;VALUE&gt;0&lt;/VALUE&gt;&lt;/Row&gt;&lt;Row&gt;&lt;TYPE&gt;TSend&lt;/TYPE&gt;&lt;NAME&gt;TransType&lt;/NAME&gt;&lt;TAG&gt;Transaction Type&lt;/TAG&gt;&lt;VALUE&gt;10&lt;/VALUE&gt;&lt;/Row&gt;&lt;Row&gt;&lt;TYPE&gt;TSend&lt;/TYPE&gt;&lt;NAME&gt;DataSrcID&lt;/NAME&gt;&lt;TAG&gt;Data Source ID&lt;/TAG&gt;&lt;VALUE/&gt;&lt;/Row&gt;&lt;Row&gt;&lt;TYPE&gt;TSend&lt;/TYPE&gt;&lt;NAME&gt;JobOrder&lt;/NAME&gt;&lt;TAG&gt;Job Order ID&lt;/TAG&gt;&lt;VALUE/&gt;&lt;/Row&gt;&lt;Row&gt;&lt;TYPE&gt;TSend&lt;/TYPE&gt;&lt;NAME&gt;SerNum&lt;/NAME&gt;&lt;TAG&gt;Part Serial Number&lt;/TAG&gt;&lt;VALUE&gt;FTW3M160002oo&lt;/VALUE&gt;&lt;/Row&gt;&lt;Row&gt;&lt;TYPE&gt;TSend&lt;/TYPE&gt;&lt;NAME&gt;CustomerSerialNum&lt;/NAME&gt;&lt;TAG&gt;Customer Serial Number&lt;/TAG&gt;&lt;VALUE/&gt;&lt;/Row&gt;&lt;Row&gt;&lt;TYPE&gt;TSend&lt;/TYPE&gt;&lt;NAME&gt;PNCode&lt;/NAME&gt;&lt;TAG&gt;Part Number Code&lt;/TAG&gt;&lt;VALUE&gt;FTW3M160002og&lt;/VALUE&gt;&lt;/Row&gt;&lt;Row&gt;&lt;TYPE&gt;TSend&lt;/TYPE&gt;&lt;NAME&gt;LotNumber&lt;/NAME&gt;&lt;TAG&gt;Part Number Lot&lt;/TAG&gt;&lt;VALUE/&gt;&lt;/Row&gt;&lt;Row&gt;&lt;TYPE&gt;TReceive&lt;/TYPE&gt;&lt;NAME&gt;TransCtr&lt;/NAME&gt;&lt;TAG&gt;Transaction Counter&lt;/TAG&gt;&lt;VALUE&gt;0&lt;/VALUE&gt;&lt;/Row&gt;&lt;Row&gt;&lt;TYPE&gt;TReceive&lt;/TYPE&gt;&lt;NAME&gt;TransStatus&lt;/NAME&gt;&lt;TAG&gt;Transaction Status&lt;/TAG&gt;&lt;VALUE&gt;1&lt;/VALUE&gt;&lt;/Row&gt;&lt;Row&gt;&lt;TYPE&gt;TReceive&lt;/TYPE&gt;&lt;NAME&gt;MemMapVer&lt;/NAME&gt;&lt;TAG&gt;Memory Map Version&lt;/TAG&gt;&lt;VALUE&gt;0&lt;/VALUE&gt;&lt;/Row&gt;&lt;Row&gt;&lt;TYPE&gt;TReceive&lt;/TYPE&gt;&lt;NAME&gt;Response0&lt;/NAME&gt;&lt;TAG&gt;Response Code 0&lt;/TAG&gt;&lt;VALUE&gt;0&lt;/VALUE&gt;&lt;/Row&gt;&lt;Row&gt;&lt;TYPE&gt;TReceive&lt;/TYPE&gt;&lt;NAME&gt;Response1&lt;/NAME&gt;&lt;TAG&gt;Response Code 1&lt;/TAG&gt;&lt;VALUE&gt;0&lt;/VALUE&gt;&lt;/Row&gt;&lt;Row&gt;&lt;TYPE&gt;TReceive&lt;/TYPE&gt;&lt;NAME&gt;Response2&lt;/NAME&gt;&lt;TAG&gt;Response Code 2&lt;/TAG&gt;&lt;VALUE&gt;0&lt;/VALUE&gt;&lt;/Row&gt;&lt;Row&gt;&lt;TYPE&gt;TReceive&lt;/TYPE&gt;&lt;NAME&gt;TransType&lt;/NAME&gt;&lt;TAG&gt;Transaction Type&lt;/TAG&gt;&lt;VALUE&gt;10&lt;/VALUE&gt;&lt;/Row&gt;&lt;Row&gt;&lt;TYPE&gt;TReceive&lt;/TYPE&gt;&lt;NAME&gt;DataSrcID&lt;/NAME&gt;&lt;TAG&gt;Data Source ID&lt;/TAG&gt;&lt;VALUE/&gt;&lt;/Row&gt;&lt;Row&gt;&lt;TYPE&gt;TReceive&lt;/TYPE&gt;&lt;NAME&gt;JobOrder&lt;/NAME&gt;&lt;TAG&gt;Job Order ID&lt;/TAG&gt;&lt;VALUE&gt;FLR925925927&lt;/VALUE&gt;&lt;/Row&gt;&lt;Row&gt;&lt;TYPE&gt;TReceive&lt;/TYPE&gt;&lt;NAME&gt;SerNum&lt;/NAME&gt;&lt;TAG&gt;Serial Number&lt;/TAG&gt;&lt;VALUE&gt;FTW3M160002oo&lt;/VALUE&gt;&lt;/Row&gt;&lt;Row&gt;&lt;TYPE&gt;TReceive&lt;/TYPE&gt;&lt;NAME&gt;PNCode&lt;/NAME&gt;&lt;TAG&gt;Part Number Code&lt;/TAG&gt;&lt;VALUE/&gt;&lt;/Row&gt;&lt;Row&gt;&lt;TYPE&gt;TReceive&lt;/TYPE&gt;&lt;NAME&gt;TransResponse&lt;/NAME&gt;&lt;TAG&gt;Transaction Response&lt;/TAG&gt;&lt;VALUE&gt;PASS&lt;/VALUE&gt;&lt;/Row&gt;&lt;/Rowset&gt;&lt;/Rowsets&gt;</Results><TagList/></Value><SchemaURI/><SchemaElement/><ValidateXMLOnExecution>1</ValidateXMLOnExecution><ReadOnly>false</ReadOnly><AlertXMLAssigned>false</AlertXMLAssigned></ContextItem><ContextItem><Name>RepeatOnValue</Name><Description/><MinRange>0</MinRange><MaxRange>0</MaxRange><Value xsi:type="RepeaterAction"><Output><ReferenceDocumentSource/>&lt;?xml version="1.0" encoding="UTF-8"?&gt;&lt;Row&gt;&lt;TYPE&gt;TSend&lt;/TYPE&gt;&lt;NAME&gt;TransCtr&lt;/NAME&gt;&lt;TAG&gt;Transaction Counter&lt;/TAG&gt;&lt;VALUE&gt;0&lt;/VALUE&gt;&lt;/Row&gt;</Output><Break>false</Break><ItemCount>0</ItemCount><CurrentItem>0</CurrentItem><Source>getLastNotifData.Results{/Rowsets/Rowset/Row}</Source><Item><ReferenceDocumentSource/>&lt;?xml version="1.0" encoding="UTF-8"?&gt;&lt;Row&gt;&lt;TYPE&gt;TSend&lt;/TYPE&gt;&lt;NAME&gt;TransCtr&lt;/NAME&gt;&lt;TAG&gt;Transaction Counter&lt;/TAG&gt;&lt;VALUE&gt;0&lt;/VALUE&gt;&lt;/Row&gt;</Item></Value><SchemaURI/><SchemaElement/><ValidateXMLOnExecution>1</ValidateXMLOnExecution><SchemaURI/><SchemaElement/><ValidateXMLOnExecution>1</ValidateXMLOnExecution><ReadOnly>false</ReadOnly><AlertXMLAssigned>false</AlertXMLAssigned></ContextItem><ContextItem><Name>TSend</Name><Description/><MinRange>0</MinRange><MaxRange>0</MaxRange><Value xsi:type="ConditionalAction"><Output>false</Output><InputCount>1</InputCount><LogicalAnd>false</LogicalAnd><Input1>false</Input1></Value><ReadOnly>false</ReadOnly><AlertXMLAssigned>false</AlertXMLAssigned></ContextItem><ContextItem><Name>TSendSerNum</Name><Description/><MinRange>0</MinRange><MaxRange>0</MaxRange><Value xsi:type="ConditionalAction"><Output>false</Output><InputCount>1</InputCount><LogicalAnd>false</LogicalAnd><Input1>false</Input1></Value><ReadOnly>false</ReadOnly><AlertXMLAssigned>false</AlertXMLAssigned></ContextItem><ContextItem><Name>TSendTransStatus</Name><Description/><MinRange>0</MinRange><MaxRange>0</MaxRange><Value xsi:type="ConditionalAction"><Output>false</Output><InputCount>1</InputCount><LogicalAnd>false</LogicalAnd><Input1>false</Input1></Value><ReadOnly>false</ReadOnly><AlertXMLAssigned>false</AlertXMLAssigned></ContextItem><ContextItem><Name>TReceiveSerNum</Name><Description/><MinRange>0</MinRange><MaxRange>0</MaxRange><Value xsi:type="ConditionalAction"><Output>false</Output><InputCount>1</InputCount><LogicalAnd>false</LogicalAnd><Input1>false</Input1></Value><ReadOnly>false</ReadOnly><AlertXMLAssigned>false</AlertXMLAssigned></ContextItem><ContextItem><Name>TReceiveTransStatus</Name><Description/><MinRange>0</MinRange><MaxRange>0</MaxRange><Value xsi:type="ConditionalAction"><Output>false</Output><InputCount>1</InputCount><LogicalAnd>false</LogicalAnd><Input1>false</Input1></Value><ReadOnly>false</ReadOnly><AlertXMLAssigned>false</AlertXMLAssigned></ContextItem><ContextItem><Name>ShowLocal</Name><Description/><MinRange>0</MinRange><MaxRange>0</MaxRange><Value xsi:type="Tracer"><Message/><Level>INFO</Level></Value><ReadOnly>false</ReadOnly><AlertXMLAssigned>false</AlertXMLAssigned></ContextItem><ContextItem><Name>TSendJobOrder</Name><Description/><MinRange>0</MinRange><MaxRange>0</MaxRange><Value xsi:type="ConditionalAction"><Output>false</Output><InputCount>1</InputCount><LogicalAnd>false</LogicalAnd><Input1>false</Input1></Value><ReadOnly>false</ReadOnly><AlertXMLAssigned>false</AlertXMLAssigned></ContextItem><ContextItem><Name>TReceiveJobOrder</Name><Description/><MinRange>0</MinRange><MaxRange>0</MaxRange><Value xsi:type="ConditionalAction"><Output>false</Output><InputCount>1</InputCount><LogicalAnd>false</LogicalAnd><Input1>false</Input1></Value><ReadOnly>false</ReadOnly><AlertXMLAssigned>false</AlertXMLAssigned></ContextItem><ContextItem><Name>AssignSendSerNum</Name><Description/><MinRange>0</MinRange><MaxRange>0</MaxRange><Value xsi:type="Assignment"/><ReadOnly>false</ReadOnly><AlertXMLAssigned>false</AlertXMLAssigned></ContextItem><ContextItem><Name>AssignSendStatus</Name><Description/><MinRange>0</MinRange><MaxRange>0</MaxRange><Value xsi:type="Assignment"/><ReadOnly>false</ReadOnly><AlertXMLAssigned>false</AlertXMLAssigned></ContextItem><ContextItem><Name>AssignSendOrder</Name><Description/><MinRange>0</MinRange><MaxRange>0</MaxRange><Value xsi:type="Assignment"/><ReadOnly>false</ReadOnly><AlertXMLAssigned>false</AlertXMLAssigned></ContextItem><ContextItem><Name>AssignRecvSerNum</Name><Description/><MinRange>0</MinRange><MaxRange>0</MaxRange><Value xsi:type="Assignment"/><ReadOnly>false</ReadOnly><AlertXMLAssigned>false</AlertXMLAssigned></ContextItem><ContextItem><Name>AssignRecvStatus</Name><Description/><MinRange>0</MinRange><MaxRange>0</MaxRange><Value xsi:type="Assignment"/><ReadOnly>false</ReadOnly><AlertXMLAssigned>false</AlertXMLAssigned></ContextItem><ContextItem><Name>AssignRecvOrder</Name><Description/><MinRange>0</MinRange><MaxRange>0</MaxRange><Value xsi:type="Assignment"/><ReadOnly>false</ReadOnly><AlertXMLAssigned>false</AlertXMLAssigned></ContextItem><ContextItem><Name>TraceVal</Name><Description/><MinRange>0</MinRange><MaxRange>0</MaxRange><Value xsi:type="Tracer"><Message/><Level>INFO</Level></Value><ReadOnly>false</ReadOnly><AlertXMLAssigned>false</AlertXMLAssigned></ContextItem><ContextItem><Name>getMaterialData</Name><Description/><MinRange>0</MinRange><MaxRange>0</MaxRange><Value xsi:type="IlluminatorSQLQueryObject"><Timeout>60</Timeout><QueryParameters/><QueryTemplate>MESM/STATIONS_HMI/QUERIES/getMaterialData</QueryTemplate><QueryStartDate>2016-11-01T21:47:36</QueryStartDate><QueryEndDate>2016-11-01T21:47:36</QueryEndDate><SQLTransaction/><Results><ReferenceDocumentSource/>&lt;?xml version="1.0" encoding="UTF-8"?&gt;&lt;Rowsets CachedTime="" DateCreated="2016-11-01T21:47:36" EndDate="2016-11-01T21:47:36" StartDate="2016-11-01T20:47:36" Version="15.0 SP7 Patch 12 (07-Sep-2016)"&gt;&lt;Rowset&gt;&lt;Columns&gt;&lt;Column Description="materialName" MaxRange="1" MinRange="0" Name="materialName" SQLDataType="-9" SourceColumn="materialName"/&gt;&lt;Column Description="materialDescription" MaxRange="1" MinRange="0" Name="materialDescription" SQLDataType="-9" SourceColumn="materialDescription"/&gt;&lt;Column Description="materialCustPartNo" MaxRange="1" MinRange="0" Name="materialCustPartNo" SQLDataType="-9" SourceColumn="materialCustPartNo"/&gt;&lt;Column Description="materialFinalPartNo" MaxRange="1" MinRange="0" Name="materialFinalPartNo" SQLDataType="-9" SourceColumn="materialFinalPartNo"/&gt;&lt;Column Description="materialFinalPartDesc" MaxRange="1" MinRange="0" Name="materialFinalPartDesc" SQLDataType="-9" SourceColumn="materialFinalPartDesc"/&gt;&lt;Column Description="materialFinalPartRatio" MaxRange="1" MinRange="0" Name="materialFinalPartRatio" SQLDataType="-9" SourceColumn="materialFinalPartRatio"/&gt;&lt;/Columns&gt;&lt;Row&gt;&lt;materialName&gt;10023377&lt;/materialName&gt;&lt;materialDescription&gt;M250 4.70.1 SRW CARRIER REAR&lt;/materialDescription&gt;&lt;materialCustPartNo&gt;2N0.501.011.B&lt;/materialCustPartNo&gt;&lt;materialFinalPartNo&gt;10036022&lt;/materialFinalPartNo&gt;&lt;materialFinalPartDesc&gt;M250 SRW&lt;/materialFinalPartDesc&gt;&lt;materialFinalPartRatio&gt;4.70:1 Ratio&lt;/materialFinalPartRatio&gt;&lt;/Row&gt;&lt;/Rowset&gt;&lt;/Rowsets&gt;</Results><TagList/></Value><SchemaURI/><SchemaElement/><ValidateXMLOnExecution>1</ValidateXMLOnExecution><ReadOnly>false</ReadOnly><AlertXMLAssigned>false</AlertXMLAssigned></ContextItem><ContextItem><Name>AssignUpdated</Name><Description/><MinRange>0</MinRange><MaxRange>0</MaxRange><Value xsi:type="Assignment"/><ReadOnly>false</ReadOnly><AlertXMLAssigned>false</AlertXMLAssigned></ContextItem><ContextItem><Name>AssignHTML_OUT</Name><Description/><MinRange>0</MinRange><MaxRange>0</MaxRange><Value xsi:type="Assignment"/><ReadOnly>false</ReadOnly><AlertXMLAssigned>false</AlertXMLAssigned></ContextItem><ContextItem><Name>AssignActivity</Name><Description/><MinRange>0</MinRange><MaxRange>0</MaxRange><Value xsi:type="Assignment"/><ReadOnly>false</ReadOnly><AlertXMLAssigned>false</AlertXMLAssigned></ContextItem><ContextItem><Name>AssignTrx</Name><Description/><MinRange>0</MinRange><MaxRange>0</MaxRange><Value xsi:type="Assignment"/><ReadOnly>false</ReadOnly><AlertXMLAssigned>false</AlertXMLAssigned></ContextItem><ContextItem><Name>CTM_PASS</Name><Description/><MinRange>0</MinRange><MaxRange>0</MaxRange><Value xsi:type="ConditionalAction"><Output>false</Output><InputCount>1</InputCount><LogicalAnd>false</LogicalAnd><Input1>false</Input1></Value><ReadOnly>false</ReadOnly><AlertXMLAssigned>false</AlertXMLAssigned></ContextItem><ContextItem><Name>CTM_FAIL</Name><Description/><MinRange>0</MinRange><MaxRange>0</MaxRange><Value xsi:type="ConditionalAction"><Output>false</Output><InputCount>1</InputCount><LogicalAnd>false</LogicalAnd><Input1>false</Input1></Value><ReadOnly>false</ReadOnly><AlertXMLAssigned>false</AlertXMLAssigned></ContextItem><ContextItem><Name>AssignCTMPASS</Name><Description/><MinRange>0</MinRange><MaxRange>0</MaxRange><Value xsi:type="Assignment"/><ReadOnly>false</ReadOnly><AlertXMLAssigned>false</AlertXMLAssigned></ContextItem><ContextItem><Name>AssignCTMFAIL</Name><Description/><MinRange>0</MinRange><MaxRange>0</MaxRange><Value xsi:type="Assignment"/><ReadOnly>false</ReadOnly><AlertXMLAssigned>false</AlertXMLAssigned></ContextItem><ContextItem><Name>AssignCTMNONE</Name><Description/><MinRange>0</MinRange><MaxRange>0</MaxRange><Value xsi:type="Assignment"/><ReadOnly>false</ReadOnly><AlertXMLAssigned>false</AlertXMLAssigned></ContextItem><ContextItem><Name>ShowHTML_OUT</Name><Description/><MinRange>0</MinRange><MaxRange>0</MaxRange><Value xsi:type="Tracer"><Message/><Level>INFO</Level></Value><ReadOnly>false</ReadOnly><AlertXMLAssigned>false</AlertXMLAssigned></ContextItem><ContextItem><Name>AssignSerNum</Name><Description/><MinRange>0</MinRange><MaxRange>0</MaxRange><Value xsi:type="Assignment"/><ReadOnly>false</ReadOnly><AlertXMLAssigned>false</AlertXMLAssigned></ContextItem><ContextItem><Name>AssignDesc</Name><Description/><MinRange>0</MinRange><MaxRange>0</MaxRange><Value xsi:type="Assignment"/><ReadOnly>false</ReadOnly><AlertXMLAssigned>false</AlertXMLAssigned></ContextItem><ContextItem><Name>AssignPart</Name><Description/><MinRange>0</MinRange><MaxRange>0</MaxRange><Value xsi:type="Assignment"/><ReadOnly>false</ReadOnly><AlertXMLAssigned>false</AlertXMLAssigned></ContextItem><ContextItem><Name>PLC_PASS</Name><Description/><MinRange>0</MinRange><MaxRange>0</MaxRange><Value xsi:type="ConditionalAction"><Output>false</Output><InputCount>1</InputCount><LogicalAnd>false</LogicalAnd><Input1>false</Input1></Value><ReadOnly>false</ReadOnly><AlertXMLAssigned>false</AlertXMLAssigned></ContextItem><ContextItem><Name>AssignPLCPASS</Name><Description/><MinRange>0</MinRange><MaxRange>0</MaxRange><Value xsi:type="Assignment"/><ReadOnly>false</ReadOnly><AlertXMLAssigned>false</AlertXMLAssigned></ContextItem><ContextItem><Name>PLC_FAIL</Name><Description/><MinRange>0</MinRange><MaxRange>0</MaxRange><Value xsi:type="ConditionalAction"><Output>false</Output><InputCount>1</InputCount><LogicalAnd>false</LogicalAnd><Input1>false</Input1></Value><ReadOnly>false</ReadOnly><AlertXMLAssigned>false</AlertXMLAssigned></ContextItem><ContextItem><Name>AssignPLCFAIL</Name><Description/><MinRange>0</MinRange><MaxRange>0</MaxRange><Value xsi:type="Assignment"/><ReadOnly>false</ReadOnly><AlertXMLAssigned>false</AlertXMLAssigned></ContextItem><ContextItem><Name>AssignPLCNONE</Name><Description/><MinRange>0</MinRange><MaxRange>0</MaxRange><Value xsi:type="Assignment"/><ReadOnly>false</ReadOnly><AlertXMLAssigned>false</AlertXMLAssigned></ContextItem><ContextItem><Name>AssignACTPASS</Name><Description/><MinRange>0</MinRange><MaxRange>0</MaxRange><Value xsi:type="Assignment"/><ReadOnly>false</ReadOnly><AlertXMLAssigned>false</AlertXMLAssigned></ContextItem><ContextItem><Name>AssignACTFAIL</Name><Description/><MinRange>0</MinRange><MaxRange>0</MaxRange><Value xsi:type="Assignment"/><ReadOnly>false</ReadOnly><AlertXMLAssigned>false</AlertXMLAssigned></ContextItem><ContextItem><Name>AssignACTNONE</Name><Description/><MinRange>0</MinRange><MaxRange>0</MaxRange><Value xsi:type="Assignment"/><ReadOnly>false</ReadOnly><AlertXMLAssigned>false</AlertXMLAssigned></ContextItem><ContextItem><Name>SerNumTSendBlank</Name><Description/><MinRange>0</MinRange><MaxRange>0</MaxRange><Value xsi:type="ConditionalAction"><Output>false</Output><InputCount>1</InputCount><LogicalAnd>false</LogicalAnd><Input1>false</Input1></Value><ReadOnly>false</ReadOnly><AlertXMLAssigned>false</AlertXMLAssigned></ContextItem><ContextItem><Name>AssignTRec2TSend</Name><Description/><MinRange>0</MinRange><MaxRange>0</MaxRange><Value xsi:type="Assignment"/><ReadOnly>false</ReadOnly><AlertXMLAssigned>false</AlertXMLAssigned></ContextItem><ContextItem><Name>AssignTSend2TRec</Name><Description/><MinRange>0</MinRange><MaxRange>0</MaxRange><Value xsi:type="Assignment"/><ReadOnly>false</ReadOnly><AlertXMLAssigned>false</AlertXMLAssigned></ContextItem><ContextItem><Name>WOBothBlank</Name><Description/><MinRange>0</MinRange><MaxRange>0</MaxRange><Value xsi:type="ConditionalAction"><Output>false</Output><InputCount>2</InputCount><LogicalAnd>true</LogicalAnd><Input1>false</Input1><Input2>false</Input2></Value><ReadOnly>false</ReadOnly><AlertXMLAssigned>false</AlertXMLAssigned></ContextItem><ContextItem><Name>WOTSendBlank</Name><Description/><MinRange>0</MinRange><MaxRange>0</MaxRange><Value xsi:type="ConditionalAction"><Output>false</Output><InputCount>1</InputCount><LogicalAnd>false</LogicalAnd><Input1>false</Input1></Value><ReadOnly>false</ReadOnly><AlertXMLAssigned>false</AlertXMLAssigned></ContextItem><ContextItem><Name>AssignWOTS2TR</Name><Description/><MinRange>0</MinRange><MaxRange>0</MaxRange><Value xsi:type="Assignment"/><ReadOnly>false</ReadOnly><AlertXMLAssigned>false</AlertXMLAssigned></ContextItem><ContextItem><Name>AssignWOTR2TS</Name><Description/><MinRange>0</MinRange><MaxRange>0</MaxRange><Value xsi:type="Assignment"/><ReadOnly>false</ReadOnly><AlertXMLAssigned>false</AlertXMLAssigned></ContextItem><ContextItem><Name>getWObySN</Name><Description/><MinRange>0</MinRange><MaxRange>0</MaxRange><Value xsi:type="IlluminatorSQLQueryObject"><Timeout>60</Timeout><QueryParameters/><QueryTemplate>MESM/STATIONS_HMI/QUERIES/getWObySN</QueryTemplate><QueryStartDate>2016-11-02T11:55:24</QueryStartDate><QueryEndDate>2016-11-02T11:55:24</QueryEndDate><SQLTransaction/><Results><ReferenceDocumentSource/>&lt;?xml version="1.0" encoding="UTF-8"?&gt;&lt;Rowsets CachedTime="" DateCreated="2016-11-02T11:55:24" EndDate="2016-11-02T11:55:24" StartDate="2016-11-02T10:55:24" Version="15.0 SP7 Patch 12 (07-Sep-2016)"&gt;&lt;Rowset&gt;&lt;Columns&gt;&lt;Column Description="orderNumber" MaxRange="1" MinRange="0" Name="orderNumber" SQLDataType="-9" SourceColumn="orderNumber"/&gt;&lt;/Columns&gt;&lt;Row&gt;&lt;orderNumber&gt;FLR-000000017&lt;/orderNumber&gt;&lt;/Row&gt;&lt;/Rowset&gt;&lt;/Rowsets&gt;</Results><TagList/></Value><SchemaURI/><SchemaElement/><ValidateXMLOnExecution>1</ValidateXMLOnExecution><ReadOnly>false</ReadOnly><AlertXMLAssigned>false</AlertXMLAssigned></ContextItem><ContextItem><Name>WO_Found</Name><Description/><MinRange>0</MinRange><MaxRange>0</MaxRange><Value xsi:type="ConditionalAction"><Output>false</Output><InputCount>1</InputCount><LogicalAnd>false</LogicalAnd><Input1>false</Input1></Value><ReadOnly>false</ReadOnly><AlertXMLAssigned>false</AlertXMLAssigned></ContextItem><ContextItem><Name>AssignWO</Name><Description/><MinRange>0</MinRange><MaxRange>0</MaxRange><Value xsi:type="Assignment"/><ReadOnly>false</ReadOnly><AlertXMLAssigned>false</AlertXMLAssigned></ContextItem><ContextItem><Name>getActiveOrder</Name><Description/><MinRange>0</MinRange><MaxRange>0</MaxRange><Value xsi:type="IlluminatorSQLQueryObject"><Timeout>60</Timeout><QueryParameters/><QueryTemplate>MESM/PCO_HANDLER/QUERIES/getActiveOrder</QueryTemplate><QueryStartDate>2016-11-10T12:37:52</QueryStartDate><QueryEndDate>2016-11-10T12:37:52</QueryEndDate><SQLTransaction/><Results><ReferenceDocumentSource/>&lt;?xml version="1.0" encoding="UTF-8"?&gt;&lt;Rowsets CachedTime="" DateCreated="2016-11-10T12:37:49" EndDate="2016-11-10T12:37:49" StartDate="2016-11-10T11:37:49" Version="15.0 SP7 Patch 12 (Sep 7, 2016)"&gt;&lt;Rowset&gt;&lt;Columns&gt;&lt;Column Description="orderRecordID" MaxRange="1" MinRange="0" Name="orderRecordID" SQLDataType="-5" SourceColumn="orderRecordID"/&gt;&lt;Column Description="orderFirstID" MaxRange="1" MinRange="0" Name="orderFirstID" SQLDataType="-9" SourceColumn="orderFirstID"/&gt;&lt;Column Description="orderLastID" MaxRange="1" MinRange="0" Name="orderLastID" SQLDataType="-9" SourceColumn="orderLastID"/&gt;&lt;Column Description="leadingOrderID" MaxRange="1" MinRange="0" Name="leadingOrderID" SQLDataType="-9" SourceColumn="leadingOrderID"/&gt;&lt;Column Description="colectiveOrderID" MaxRange="1" MinRange="0" Name="colectiveOrderID" SQLDataType="-9" SourceColumn="colectiveOrderID"/&gt;&lt;Column Description="orderCategoryTypeID" MaxRange="1" MinRange="0" Name="orderCategoryTypeID" SQLDataType="4" SourceColumn="orderCategoryTypeID"/&gt;&lt;Column Description="plantID" MaxRange="1" MinRange="0" Name="plantID" SQLDataType="4" SourceColumn="plantID"/&gt;&lt;Column Description="lineID" MaxRange="1" MinRange="0" Name="lineID" SQLDataType="4" SourceColumn="lineID"/&gt;&lt;Column Description="workcenterID" MaxRange="1" MinRange="0" Name="workcenterID" SQLDataType="4" SourceColumn="workcenterID"/&gt;&lt;Column Description="orderSequence" MaxRange="1" MinRange="0" Name="orderSequence" SQLDataType="4" SourceColumn="orderSequence"/&gt;&lt;Column Description="materialID" MaxRange="1" MinRange="0" Name="materialID" SQLDataType="4" SourceColumn="materialID"/&gt;&lt;Column Description="routeID" MaxRange="1" MinRange="0" Name="routeID" SQLDataType="4" SourceColumn="routeID"/&gt;&lt;Column Description="materialRevision" MaxRange="1" MinRange="0" Name="materialRevision" SQLDataType="-9" SourceColumn="materialRevision"/&gt;&lt;Column Description="materialType" MaxRange="1" MinRange="0" Name="materialType" SQLDataType="4" SourceColumn="materialType"/&gt;&lt;Column Description="scheduledStart" MaxRange="1" MinRange="0" Name="scheduledStart" SQLDataType="93" SourceColumn="scheduledStart"/&gt;&lt;Column Description="scheduledFinish" MaxRange="1" MinRange="0" Name="scheduledFinish" SQLDataType="93" SourceColumn="scheduledFinish"/&gt;&lt;Column Description="scheduledQty" MaxRange="1" MinRange="0" Name="scheduledQty" SQLDataType="3" SourceColumn="scheduledQty"/&gt;&lt;Column Description="actualStart" MaxRange="1" MinRange="0" Name="actualStart" SQLDataType="93" SourceColumn="actualStart"/&gt;&lt;Column Description="actualFinish" MaxRange="1" MinRange="0" Name="actualFinish" SQLDataType="93" SourceColumn="actualFinish"/&gt;&lt;Column Description="actualQty" MaxRange="1" MinRange="0" Name="actualQty" SQLDataType="3" SourceColumn="actualQty"/&gt;&lt;Column Description="scrapQty" MaxRange="1" MinRange="0" Name="scrapQty" SQLDataType="3" SourceColumn="scrapQty"/&gt;&lt;Column Description="uom" MaxRange="1" MinRange="0" Name="uom" SQLDataType="4" SourceColumn="uom"/&gt;&lt;Column Description="longText" MaxRange="1" MinRange="0" Name="longText" SQLDataType="-9" SourceColumn="longText"/&gt;&lt;Column Description="orderStatusID" MaxRange="1" MinRange="0" Name="orderStatusID" SQLDataType="4" SourceColumn="orderStatusID"/&gt;&lt;Column Description="orderStatusFLRID" MaxRange="1" MinRange="0" Name="orderStatusFLRID" SQLDataType="4" SourceColumn="orderStatusFLRID"/&gt;&lt;Column Description="ModifiedBy" MaxRange="1" MinRange="0" Name="ModifiedBy" SQLDataType="-9" SourceColumn="ModifiedBy"/&gt;&lt;Column Description="ModifiedOn" MaxRange="1" MinRange="0" Name="ModifiedOn" SQLDataType="93" SourceColumn="ModifiedOn"/&gt;&lt;Column Description="CreatedBy" MaxRange="1" MinRange="0" Name="CreatedBy" SQLDataType="-9" SourceColumn="CreatedBy"/&gt;&lt;Column Description="CreatedOn" MaxRange="1" MinRange="0" Name="CreatedOn" SQLDataType="93" SourceColumn="CreatedOn"/&gt;&lt;Column Description="recordID" MaxRange="1" MinRange="0" Name="recordID" SQLDataType="-5" SourceColumn="recordID"/&gt;&lt;Column Description="ParentID" MaxRange="1" MinRange="0" Name="ParentID" SQLDataType="-5" SourceColumn="ParentID"/&gt;&lt;Column Description="unitName" MaxRange="1" MinRange="0" Name="unitName" SQLDataType="-9" SourceColumn="unitName"/&gt;&lt;Column Description="materialName" MaxRange="1" MinRange="0" Name="materialName" SQLDataType="-9" SourceColumn="materialName"/&gt;&lt;Column Description="materialDescription" MaxRange="1" MinRange="0" Name="materialDescription" SQLDataType="-9" SourceColumn="materialDescription"/&gt;&lt;/Columns&gt;&lt;Row&gt;&lt;orderRecordID&gt;131&lt;/orderRecordID&gt;&lt;orderFirstID&gt;100&lt;/orderFirstID&gt;&lt;orderLastID&gt;100000099&lt;/orderLastID&gt;&lt;leadingOrderID&gt;---&lt;/leadingOrderID&gt;&lt;colectiveOrderID&gt;---&lt;/colectiveOrderID&gt;&lt;orderCategoryTypeID&gt;NA&lt;/orderCategoryTypeID&gt;&lt;plantID&gt;1&lt;/plantID&gt;&lt;lineID&gt;3&lt;/lineID&gt;&lt;workcenterID&gt;0&lt;/workcenterID&gt;&lt;orderSequence&gt;NA&lt;/orderSequence&gt;&lt;materialID&gt;65&lt;/materialID&gt;&lt;routeID&gt;9&lt;/routeID&gt;&lt;materialRevision&gt;D&lt;/materialRevision&gt;&lt;materialType&gt;NA&lt;/materialType&gt;&lt;scheduledStart&gt;2016-08-05T11:55:00&lt;/scheduledStart&gt;&lt;scheduledFinish&gt;2016-10-20T11:05:00&lt;/scheduledFinish&gt;&lt;scheduledQty&gt;9999&lt;/scheduledQty&gt;&lt;actualStart&gt;TimeUnavailable&lt;/actualStart&gt;&lt;actualFinish&gt;TimeUnavailable&lt;/actualFinish&gt;&lt;actualQty&gt;180&lt;/actualQty&gt;&lt;scrapQty&gt;664&lt;/scrapQty&gt;&lt;uom&gt;3&lt;/uom&gt;&lt;longText&gt;test&lt;/longText&gt;&lt;orderStatusID&gt;3&lt;/orderStatusID&gt;&lt;orderStatusFLRID&gt;1&lt;/orderStatusFLRID&gt;&lt;ModifiedBy&gt;RadPa&lt;/ModifiedBy&gt;&lt;ModifiedOn&gt;2016-10-19T11:10:25&lt;/ModifiedOn&gt;&lt;CreatedBy&gt;ZarKl&lt;/CreatedBy&gt;&lt;CreatedOn&gt;2016-08-05T11:38:35&lt;/CreatedOn&gt;&lt;recordID&gt;6&lt;/recordID&gt;&lt;ParentID&gt;3&lt;/ParentID&gt;&lt;unitName&gt;CARRIER C2&lt;/unitName&gt;&lt;materialName&gt;10009044&lt;/materialName&gt;&lt;materialDescription&gt;CAR ASSY 201371&lt;/materialDescription&gt;&lt;/Row&gt;&lt;/Rowset&gt;&lt;/Rowsets&gt;</Results><TagList/></Value><SchemaURI/><SchemaElement/><ValidateXMLOnExecution>1</ValidateXMLOnExecution><ReadOnly>false</ReadOnly><AlertXMLAssigned>false</AlertXMLAssigned></ContextItem><ContextItem><Name>AssignWO1</Name><Description/><MinRange>0</MinRange><MaxRange>0</MaxRange><Value xsi:type="Assignment"/><ReadOnly>false</ReadOnly><AlertXMLAssigned>false</AlertXMLAssigned></ContextItem></Actions><ReaderRoles>SAP_XMII_Super_Administrator,SAP_XMII_Administrator,SAP_XMII_Developer,SAP_XMII_User</ReaderRoles><Steps><Step xsi:type="ActionSequence"><Name>Sequence</Name><Description/><Steps><Step xsi:type="ActionSequence"><Name>Sequence_2</Name><Description/><Steps><Step xsi:type="ActionSequence"><Name>Sequence_0</Name><Description/><Steps><Step xsi:type="Conditional"><Name>Sequence_1</Name><Description/><Steps><Step xsi:type="ActionSequence"><Name>Sequence_6</Name><Description/><Steps><Step xsi:type="Repeater"><Name>Sequence_8</Name><Description/><Steps><Step xsi:type="ActionSequence"><Name>Sequence_9</Name><Description/><Steps><Step xsi:type="ActionSequence"><Name>Sequence_10</Name><Description/><Steps><Step xsi:type="Repeater"><Name>Sequence_11</Name><Description/><Steps><Step xsi:type="ActionSequence"><Name>Sequence_26</Name><Description/><Steps><Step xsi:type="Conditional"><Name>Sequence_12</Name><Description/><Steps><Step xsi:type="Conditional"><Name>Sequence_13</Name><Description/><Steps><Step xsi:type="ActionSequence"><Name>Sequence_15</Name><Description/><Steps/><Actions><Action><Name>AssignSendSerNum</Name><Description> </Description><IncomingLinks/><OutgoingLinks><Assign xsi:type="Assign"><Name/><Description/><To>Local.TSEND_SERNUM</To><From>RepeatOnValue.Output{/Row/VALUE}</From></Assign></OutgoingLinks></Action></Actions></Step><Step xsi:type="Conditional"><Name>Sequence_16</Name><Description/><Steps><Step xsi:type="ActionSequence"><Name>Sequence_17</Name><Description/><Steps/><Actions><Action><Name>AssignSendStatus</Name><Description> </Description><IncomingLinks/><OutgoingLinks><Assign xsi:type="Assign"><Name/><Description/><To>Local.TSEND_TRANSSTATUS</To><From>RepeatOnValue.Output{/Row/VALUE}</From></Assign></OutgoingLinks></Action></Actions></Step><Step xsi:type="Conditional"><Name>Sequence_18</Name><Description/><Steps><Step xsi:type="ActionSequence"><Name>Sequence_25</Name><Description/><Steps/><Actions><Action><Name>AssignSendOrder</Name><Description> </Description><IncomingLinks/><OutgoingLinks><Assign xsi:type="Assign"><Name/><Description/><To>Local.TSEND_JOBORDER</To><From>RepeatOnValue.Output{/Row/VALUE}</From></Assign></OutgoingLinks></Action></Actions></Step></Steps><Actions><Action><Name>TSendJobOrder</Name><Description> </Description><IncomingLinks><Assign xsi:type="Assign"><Name/><Description/><To>TSendJobOrder.Input1</To><From>stringif(RepeatOnValue.Output{/Row/NAME}=="JobOrder",1,0)</From></Assign></IncomingLinks><OutgoingLinks/></Action></Actions></Step></Steps><Actions><Action><Name>TSendTransStatus</Name><Description> </Description><IncomingLinks><Assign xsi:type="Assign"><Name/><Description/><To>TSendTransStatus.Input1</To><From>stringif(RepeatOnValue.Output{/Row/NAME}=="TransStatus",1,0)</From></Assign></IncomingLinks><OutgoingLinks/></Action></Actions></Step></Steps><Actions><Action><Name>TSendSerNum</Name><Description> </Description><IncomingLinks><Assign xsi:type="Assign"><Name/><Description/><To>TSendSerNum.Input1</To><From>stringif(RepeatOnValue.Output{/Row/NAME}=="SerNum",1,0)</From></Assign></IncomingLinks><OutgoingLinks/></Action></Actions></Step><Step xsi:type="Conditional"><Name>Sequence_14</Name><Description/><Steps><Step xsi:type="ActionSequence"><Name>Sequence_19</Name><Description/><Steps/><Actions><Action><Name>AssignRecvSerNum</Name><Description> </Description><IncomingLinks/><OutgoingLinks><Assign xsi:type="Assign"><Name/><Description/><To>Local.TRECEIVE_SERNUM</To><From>RepeatOnValue.Output{/Row/VALUE}</From></Assign></OutgoingLinks></Action></Actions></Step><Step xsi:type="Conditional"><Name>Sequence_20</Name><Description/><Steps><Step xsi:type="ActionSequence"><Name>Sequence_21</Name><Description/><Steps/><Actions><Action><Name>AssignRecvStatus</Name><Description> </Description><IncomingLinks/><OutgoingLinks><Assign xsi:type="Assign"><Name/><Description/><To>Local.TRECEIVE_TRANSSTATUS</To><From>RepeatOnValue.Output{/Row/VALUE}</From></Assign></OutgoingLinks></Action></Actions></Step><Step xsi:type="Conditional"><Name>Sequence_22</Name><Description/><Steps><Step xsi:type="ActionSequence"><Name>Sequence_23</Name><Description/><Steps/><Actions><Action><Name>AssignRecvOrder</Name><Description> </Description><IncomingLinks/><OutgoingLinks><Assign xsi:type="Assign"><Name/><Description/><To>Local.TRECEIVE_JOBORDER</To><From>RepeatOnValue.Output{/Row/VALUE}</From></Assign></OutgoingLinks></Action></Actions></Step></Steps><Actions><Action><Name>TReceiveJobOrder</Name><Description> </Description><IncomingLinks><Assign xsi:type="Assign"><Name/><Description/><To>TReceiveJobOrder.Input1</To><From>stringif(RepeatOnValue.Output{/Row/NAME}=="JobOrder",1,0)</From></Assign></IncomingLinks><OutgoingLinks/></Action></Actions></Step></Steps><Actions><Action><Name>TReceiveTransStatus</Name><Description> </Description><IncomingLinks><Assign xsi:type="Assign"><Name/><Description/><To>TReceiveTransStatus.Input1</To><From>stringif(RepeatOnValue.Output{/Row/NAME}=="TransStatus",1,0)</From></Assign></IncomingLinks><OutgoingLinks/></Action></Actions></Step></Steps><Actions><Action><Name>TReceiveSerNum</Name><Description> </Description><IncomingLinks><Assign xsi:type="Assign"><Name/><Description/><To>TReceiveSerNum.Input1</To><From>stringif(RepeatOnValue.Output{/Row/NAME}=="SerNum",1,0)</From></Assign></IncomingLinks><OutgoingLinks/></Action></Actions></Step></Steps><Actions><Action><Name>TSend</Name><Description> </Description><IncomingLinks><Assign xsi:type="Assign"><Name/><Description/><To>TSend.Input1</To><From>stringif(RepeatOnValue.Output{/Row/TYPE} == "TSend",1,0)</From></Assign></IncomingLinks><OutgoingLinks/></Action></Actions></Step><Step xsi:type="ActionSequence"><Name>Sequence_48</Name><Description/><Steps><Step xsi:type="Conditional"><Name>Sequence_50</Name><Description/><Steps><Step xsi:type="ActionSequence"><Name>Sequence_51</Name><Description/><Steps/><Actions><Action><Name>AssignTRec2TSend</Name><Description> </Description><IncomingLinks/><OutgoingLinks><Assign xsi:type="Assign"><Name/><Description/><To>Local.TSEND_SERNUM</To><From>Local.TRECEIVE_SERNUM</From></Assign></OutgoingLinks></Action></Actions></Step><Step xsi:type="ActionSequence"><Name>Sequence_52</Name><Description/><Steps/><Actions><Action><Name>AssignTSend2TRec</Name><Description> </Description><IncomingLinks/><OutgoingLinks><Assign xsi:type="Assign"><Name/><Description/><To>Local.TRECEIVE_SERNUM</To><From>Local.TSEND_SERNUM</From></Assign></OutgoingLinks></Action></Actions></Step></Steps><Actions><Action><Name>SerNumTSendBlank</Name><Description> </Description><IncomingLinks><Assign xsi:type="Assign"><Name/><Description/><To>SerNumTSendBlank.Input1</To><From>stringif(Local.TSEND_SERNUM=="",1,0)</From></Assign></IncomingLinks><OutgoingLinks/></Action></Actions></Step><Step xsi:type="Conditional"><Name>Sequence_49</Name><Description/><Steps><Step xsi:type="ActionSequence"><Name>Sequence_53</Name><Description/><Steps><Step xsi:type="Conditional"><Name>Sequence_57</Name><Description/><Steps><Step xsi:type="ActionSequence"><Name>Sequence_58</Name><Description/><Steps/><Actions><Action><Name>AssignWO</Name><Description> </Description><IncomingLinks/><OutgoingLinks><Assign xsi:type="Assign"><Name/><Description/><To>Local.TRECEIVE_JOBORDER</To><From>stringreplaceall(getWObySN.Results{/Rowsets/Rowset/Row/orderNumber},"-","")</From></Assign><Assign xsi:type="Assign"><Name/><Description/><To>Local.TSEND_JOBORDER</To><From>stringreplaceall(getWObySN.Results{/Rowsets/Rowset/Row/orderNumber},"-","")</From></Assign></OutgoingLinks></Action></Actions></Step><Step xsi:type="ActionSequence"><Name>Sequence_59</Name><Description/><Steps><Step xsi:type="ActionSequence"><Name>Sequence_60</Name><Description/><Steps/><Actions><Action><Name>AssignWO1</Name><Description> </Description><IncomingLinks/><OutgoingLinks><Assign xsi:type="Assign"><Name/><Description/><To>Local.TRECEIVE_JOBORDER</To><From>getActiveOrder.Results{/Rowsets/Rowset/Row/orderFirstID} &amp; getActiveOrder.Results{/Rowsets/Rowset/Row/orderLastID}</From></Assign><Assign xsi:type="Assign"><Name/><Description/><To>Local.TSEND_JOBORDER</To><From>getActiveOrder.Results{/Rowsets/Rowset/Row/orderFirstID} &amp; getActiveOrder.Results{/Rowsets/Rowset/Row/orderLastID}</From></Assign></OutgoingLinks></Action></Actions></Step></Steps><Actions><Action><Name>getActiveOrder</Name><Description>SQL Query</Description><IncomingLinks><Assign xsi:type="Assign"><Name/><Description/><To>getActiveOrder.Param.1</To><From>Transaction.STATION</From></Assign></IncomingLinks><OutgoingLinks/></Action></Actions></Step></Steps><Actions><Action><Name>WO_Found</Name><Description> </Description><IncomingLinks><Assign xsi:type="Assign"><Name/><Description/><To>WO_Found.Input1</To><From>stringif(getWObySN.Results{count(/Rowsets/Rowset/Row)}==1,1,0)</From></Assign></IncomingLinks><OutgoingLinks/></Action></Actions></Step></Steps><Actions><Action><Name>getWObySN</Name><Description>SQL Query</Description><IncomingLinks><Assign xsi:type="Assign"><Name/><Description/><To>getWObySN.Server</To><From>Transaction.SQL_SERVER</From></Assign><Assign xsi:type="Assign"><Name/><Description/><To>getWObySN.Param.1</To><From>Local.TRECEIVE_SERNUM</From></Assign></IncomingLinks><OutgoingLinks/></Action></Actions></Step><Step xsi:type="Conditional"><Name>Sequence_54</Name><Description/><Steps><Step xsi:type="ActionSequence"><Name>Sequence_55</Name><Description/><Steps/><Actions><Action><Name>AssignWOTS2TR</Name><Description> </Description><IncomingLinks/><OutgoingLinks><Assign xsi:type="Assign"><Name/><Description/><To>Local.TRECEIVE_JOBORDER</To><From>Local.TSEND_JOBORDER</From></Assign></OutgoingLinks></Action></Actions></Step><Step xsi:type="ActionSequence"><Name>Sequence_56</Name><Description/><Steps/><Actions><Action><Name>AssignWOTR2TS</Name><Description> </Description><IncomingLinks/><OutgoingLinks><Assign xsi:type="Assign"><Name/><Description/><To>Local.TSEND_JOBORDER</To><From>Local.TRECEIVE_JOBORDER</From></Assign></OutgoingLinks></Action></Actions></Step></Steps><Actions><Action><Name>WOTSendBlank</Name><Description> </Description><IncomingLinks><Assign xsi:type="Assign"><Name/><Description/><To>WOTSendBlank.Input1</To><From>stringif(Local.TSEND_JOBORDER=="",1,0)</From></Assign></IncomingLinks><OutgoingLinks/></Action></Actions></Step></Steps><Actions><Action><Name>WOBothBlank</Name><Description> </Description><IncomingLinks><Assign xsi:type="Assign"><Name/><Description/><To>WOBothBlank.Input1</To><From>stringif(Local.TSEND_JOBORDER=="",1,0)</From></Assign><Assign xsi:type="Assign"><Name/><Description/><To>WOBothBlank.Input2</To><From>stringif(Local.TRECEIVE_JOBORDER=="",1,0)</From></Assign></IncomingLinks><OutgoingLinks/></Action></Actions></Step></Steps><Actions/></Step></Steps><Actions><Action><Name>TraceVal</Name><Description> </Description><IncomingLinks><Assign xsi:type="Assign"><Name/><Description/><To>TraceVal.Message</To><From>RepeatOnValue.Output{/Row/TYPE} &amp; " -- " &amp; RepeatOnValue.Output{/Row/NAME} &amp; " -- " &amp; RepeatOnValue.Output{/Row/TAG} &amp; " -- " &amp; RepeatOnValue.Output{/Row/VALUE}</From></Assign></IncomingLinks><OutgoingLinks/></Action></Actions></Step></Steps><Actions><Action><Name>RepeatOnValue</Name><Description> </Description><IncomingLinks/><OutgoingLinks/></Action></Actions></Step></Steps><Actions><Action><Name>getLastNotifData</Name><Description>SQL Query</Description><IncomingLinks><Assign xsi:type="Assign"><Name/><Description/><To>getLastNotifData.Server</To><From>Transaction.SQL_SERVER</From></Assign><Assign xsi:type="Assign"><Name/><Description/><To>getLastNotifData.Param.1</To><From>RepeatOnRec.Output{/Row/recordID}</From></Assign></IncomingLinks><OutgoingLinks/></Action></Actions></Step><Step xsi:type="ActionSequence"><Name>Sequence_24</Name><Description/><Steps><Step xsi:type="ActionSequence"><Name>Sequence_27</Name><Description/><Steps><Step xsi:type="ActionSequence"><Name>Sequence_28</Name><Description/><Steps><Step xsi:type="ActionSequence"><Name>Sequence_29</Name><Description/><Steps><Step xsi:type="ActionSequence"><Name>Sequence_30</Name><Description/><Steps/><Actions><Action><Name>AssignTrx</Name><Description> </Description><IncomingLinks/><OutgoingLinks><Assign xsi:type="Assign"><Name/><Description/><To>Local.HTML_INI</To><From>stringreplaceall(Local.HTML_INI, "REPLACE_TRX", RepeatOnRec.Output{/Row/notifTransactionType})</From></Assign></OutgoingLinks></Action></Actions></Step></Steps><Actions><Action><Name>AssignActivity</Name><Description> </Description><IncomingLinks/><OutgoingLinks><Assign xsi:type="Assign"><Name/><Description/><To>Local.HTML_INI</To><From>stringreplaceall(Local.HTML_INI, "REPLACE_ACTIVITY", datefromxmlformat(RepeatOnRec.Output{/Row/CreatedOn}, "yyyy-MM-dd HH:mm:ss"))</From></Assign></OutgoingLinks></Action></Actions></Step></Steps><Actions><Action><Name>AssignUpdated</Name><Description> </Description><IncomingLinks/><OutgoingLinks><Assign xsi:type="Assign"><Name/><Description/><To>Local.HTML_INI</To><From>stringreplaceall(Local.HTML_INI, "REPLACE_UPDATE", datefromxmlformat(datenow, "yyyy-MM-dd HH:mm:ss"))</From></Assign></OutgoingLinks></Action></Actions></Step><Step xsi:type="Conditional"><Name>Sequence_31</Name><Description/><Steps><Step xsi:type="ActionSequence"><Name>Sequence_32</Name><Description/><Steps/><Actions><Action><Name>AssignCTMPASS</Name><Description> </Description><IncomingLinks/><OutgoingLinks><Assign xsi:type="Assign"><Name/><Description/><To>Local.HTML_INI</To><From>stringreplaceall(Local.HTML_INI, "REPLACE_CTM", "Common/img/green.png")</From></Assign></OutgoingLinks></Action></Actions></Step><Step xsi:type="Conditional"><Name>Sequence_33</Name><Description/><Steps><Step xsi:type="ActionSequence"><Name>Sequence_34</Name><Description/><Steps/><Actions><Action><Name>AssignCTMFAIL</Name><Description> </Description><IncomingLinks/><OutgoingLinks><Assign xsi:type="Assign"><Name/><Description/><To>Local.HTML_INI</To><From>stringreplaceall(Local.HTML_INI, "REPLACE_CTM", "Common/img/red.png")</From></Assign></OutgoingLinks></Action></Actions></Step><Step xsi:type="ActionSequence"><Name>Sequence_35</Name><Description/><Steps/><Actions><Action><Name>AssignCTMNONE</Name><Description> </Description><IncomingLinks/><OutgoingLinks><Assign xsi:type="Assign"><Name/><Description/><To>Local.HTML_INI</To><From>stringreplaceall(Local.HTML_INI, "REPLACE_CTM", "Common/img/blue.png")</From></Assign></OutgoingLinks></Action></Actions></Step></Steps><Actions><Action><Name>CTM_FAIL</Name><Description> </Description><IncomingLinks><Assign xsi:type="Assign"><Name/><Description/><To>CTM_FAIL.Input1</To><From>if(Local.TRECEIVE_TRANSSTATUS ==2,1,0)</From></Assign></IncomingLinks><OutgoingLinks/></Action></Actions></Step></Steps><Actions><Action><Name>CTM_PASS</Name><Description> </Description><IncomingLinks><Assign xsi:type="Assign"><Name/><Description/><To>CTM_PASS.Input1</To><From>if(Local.TRECEIVE_TRANSSTATUS ==1,1,0)</From></Assign></IncomingLinks><OutgoingLinks/></Action></Actions></Step><Step xsi:type="ActionSequence"><Name>Sequence_37</Name><Description/><Steps><Step xsi:type="ActionSequence"><Name>Sequence_39</Name><Description/><Steps><Step xsi:type="ActionSequence"><Name>Sequence_38</Name><Description/><Steps/><Actions><Action><Name>AssignDesc</Name><Description> </Description><IncomingLinks/><OutgoingLinks><Assign xsi:type="Assign"><Name/><Description/><To>Local.HTML_INI</To><From>stringreplaceall(Local.HTML_INI, "REPLACE_DESC", getMaterialData.Results{/Rowsets/Rowset/Row/materialCustPartNo} &amp; " [" &amp; getMaterialData.Results{/Rowsets/Rowset/Row/materialFinalPartNo} &amp; "] " &amp; getMaterialData.Results{/Rowsets/Rowset/Row/materialFinalPartDesc} &amp; " " &amp; getMaterialData.Results{/Rowsets/Rowset/Row/materialFinalPartRatio})</From></Assign></OutgoingLinks></Action></Actions></Step></Steps><Actions><Action><Name>AssignPart</Name><Description> </Description><IncomingLinks/><OutgoingLinks><Assign xsi:type="Assign"><Name/><Description/><To>Local.HTML_INI</To><From>stringreplaceall(Local.HTML_INI, "REPLACE_PART", "PART NUMBER : " &amp; getMaterialData.Results{/Rowsets/Rowset/Row/materialName})</From></Assign></OutgoingLinks></Action></Actions></Step></Steps><Actions><Action><Name>AssignSerNum</Name><Description> </Description><IncomingLinks/><OutgoingLinks><Assign xsi:type="Assign"><Name/><Description/><To>Local.HTML_INI</To><From>stringreplaceall(Local.HTML_INI, "REPLACE_SN", "SN:" &amp; Local.TRECEIVE_SERNUM)</From></Assign></OutgoingLinks></Action></Actions></Step><Step xsi:type="Conditional"><Name>Sequence_41</Name><Description/><Steps><Step xsi:type="ActionSequence"><Name>Sequence_42</Name><Description/><Steps><Step xsi:type="ActionSequence"><Name>Sequence_47</Name><Description/><Steps/><Actions><Action><Name>AssignACTPASS</Name><Description> </Description><IncomingLinks/><OutgoingLinks><Assign xsi:type="Assign"><Name/><Description/><To>Local.HTML_INI</To><From>stringreplaceall(Local.HTML_INI, "REPLACE_ACT", " PASS ..")</From></Assign></OutgoingLinks></Action></Actions></Step></Steps><Actions><Action><Name>AssignPLCPASS</Name><Description> </Description><IncomingLinks/><OutgoingLinks><Assign xsi:type="Assign"><Name/><Description/><To>Local.HTML_INI</To><From>stringreplaceall(Local.HTML_INI, "REPLACE_PLC", "Common/img/green.png")</From></Assign></OutgoingLinks></Action></Actions></Step><Step xsi:type="Conditional"><Name>Sequence_43</Name><Description/><Steps><Step xsi:type="ActionSequence"><Name>Sequence_44</Name><Description/><Steps><Step xsi:type="ActionSequence"><Name>Sequence_46</Name><Description/><Steps/><Actions><Action><Name>AssignACTFAIL</Name><Description> </Description><IncomingLinks/><OutgoingLinks><Assign xsi:type="Assign"><Name/><Description/><To>Local.HTML_INI</To><From>stringreplaceall(Local.HTML_INI, "REPLACE_ACT", " FAIL ..")</From></Assign></OutgoingLinks></Action></Actions></Step></Steps><Actions><Action><Name>AssignPLCFAIL</Name><Description> </Description><IncomingLinks/><OutgoingLinks><Assign xsi:type="Assign"><Name/><Description/><To>Local.HTML_INI</To><From>stringreplaceall(Local.HTML_INI, "REPLACE_PLC", "Common/img/red.png")</From></Assign></OutgoingLinks></Action></Actions></Step><Step xsi:type="ActionSequence"><Name>Sequence_45</Name><Description/><Steps><Step xsi:type="ActionSequence"><Name>Sequence_40</Name><Description/><Steps/><Actions><Action><Name>AssignACTNONE</Name><Description> </Description><IncomingLinks/><OutgoingLinks><Assign xsi:type="Assign"><Name/><Description/><To>Local.HTML_INI</To><From>stringreplaceall(Local.HTML_INI, "REPLACE_ACT", "NONE ..")</From></Assign></OutgoingLinks></Action></Actions></Step></Steps><Actions><Action><Name>AssignPLCNONE</Name><Description> </Description><IncomingLinks/><OutgoingLinks><Assign xsi:type="Assign"><Name/><Description/><To>Local.HTML_INI</To><From>stringreplaceall(Local.HTML_INI, "REPLACE_PLC", "Common/img/blue.png")</From></Assign></OutgoingLinks></Action></Actions></Step></Steps><Actions><Action><Name>PLC_FAIL</Name><Description> </Description><IncomingLinks><Assign xsi:type="Assign"><Name/><Description/><To>PLC_FAIL.Input1</To><From>if(Local.TSEND_TRANSSTATUS ==2,1,0)</From></Assign></IncomingLinks><OutgoingLinks/></Action></Actions></Step></Steps><Actions><Action><Name>PLC_PASS</Name><Description> </Description><IncomingLinks><Assign xsi:type="Assign"><Name/><Description/><To>PLC_PASS.Input1</To><From>if(Local.TSEND_TRANSSTATUS ==1,1,0)</From></Assign></IncomingLinks><OutgoingLinks/></Action></Actions></Step></Steps><Actions><Action><Name>getMaterialData</Name><Description>SQL Query</Description><IncomingLinks><Assign xsi:type="Assign"><Name/><Description/><To>getMaterialData.Server</To><From>Transaction.SQL_SERVER</From></Assign><Assign xsi:type="Assign"><Name/><Description/><To>getMaterialData.Param.1</To><From>Local.TRECEIVE_JOBORDER</From></Assign></IncomingLinks><OutgoingLinks/></Action></Actions></Step></Steps><Actions><Action><Name>ShowLocal</Name><Description> </Description><IncomingLinks><Assign xsi:type="Assign"><Name/><Description/><To>ShowLocal.Message</To><From>"&gt;&gt; TSend SerNum: " &amp; Local.TSEND_SERNUM &amp; 
" -- Status: " &amp; Local.TSEND_TRANSSTATUS &amp; 
" -- Order " &amp; Local.TSEND_JOBORDER &amp; 
" -- TReceive SerNum: " &amp; Local.TRECEIVE_SERNUM &amp; 
" -- Status " &amp; Local.TRECEIVE_TRANSSTATUS &amp; 
" -- Order " &amp; Local.TRECEIVE_JOBORDER</From></Assign></IncomingLinks><OutgoingLinks/></Action></Actions></Step></Steps><Actions><Action><Name>ShowRec</Name><Description> </Description><IncomingLinks><Assign xsi:type="Assign"><Name/><Description/><To>ShowRec.Message</To><From>" &gt;&gt; Row " &amp; RepeatOnRec.CurrentItem &amp; " of " &amp; RepeatOnRec.ItemCount &amp; " -- Type " &amp; RepeatOnRec.Output{/Row/notifTransactionType} &amp; " -- " &amp; RepeatOnRec.Output{/Row/notifStatus} &amp; " -- " &amp; RepeatOnRec.Output{/Row/notifErrMessage}</From></Assign></IncomingLinks><OutgoingLinks/></Action></Actions></Step></Steps><Actions><Action><Name>RepeatOnRec</Name><Description> </Description><IncomingLinks/><OutgoingLinks/></Action></Actions></Step></Steps><Actions><Action><Name>ShowNrRec</Name><Description> </Description><IncomingLinks><Assign xsi:type="Assign"><Name/><Description/><To>ShowNrRec.Message</To><From>" &gt;&gt; " &amp; getLastNotifOnOps.Results{count(/Rowsets/Rowset/Row)} &amp; " Record(s) found."</From></Assign></IncomingLinks><OutgoingLinks/></Action></Actions></Step><Step xsi:type="ActionSequence"><Name>Sequence_7</Name><Description/><Steps/><Actions><Action><Name>ShowNoRec</Name><Description> </Description><IncomingLinks/><OutgoingLinks/></Action></Actions></Step></Steps><Actions><Action><Name>RecFound</Name><Description> </Description><IncomingLinks><Assign xsi:type="Assign"><Name/><Description/><To>RecFound.Input1</To><From>getLastNotifOnOps.Results{count(/Rowsets/Rowset/Row)} &gt;0</From></Assign></IncomingLinks><OutgoingLinks/></Action></Actions></Step></Steps><Actions><Action><Name>getLastNotifOnOps</Name><Description>SQL Query</Description><IncomingLinks><Assign xsi:type="Assign"><Name/><Description/><To>getLastNotifOnOps.Server</To><From>Transaction.SQL_SERVER</From></Assign><Assign xsi:type="Assign"><Name/><Description/><To>getLastNotifOnOps.Param.1</To><From>Transaction.STATION</From></Assign></IncomingLinks><OutgoingLinks/></Action></Actions></Step><Step xsi:type="Catch"><Name>Sequence_3</Name><Description/><Steps><Step xsi:type="ActionSequence"><Name>Sequence_4</Name><Description/><Steps/><Actions><Action><Name>ShowCatch_0</Name><Description> </Description><IncomingLinks><Assign xsi:type="Assign"><Name/><Description/><To>ShowCatch_0.Message</To><From>Catch_0.Message</From></Assign></IncomingLinks><OutgoingLinks/></Action></Actions></Step></Steps><Actions><Action><Name>Catch_0</Name><Description>Catches an exception</Description><IncomingLinks/><OutgoingLinks/></Action></Actions></Step></Steps><Actions><Action><Name>Exception_Enabler_0</Name><Description>Enables exceptions.</Description><IncomingLinks/><OutgoingLinks/></Action></Actions></Step><Step xsi:type="ActionSequence"><Name>Sequence_5</Name><Description/><Steps><Step xsi:type="ActionSequence"><Name>Sequence_36</Name><Description/><Steps/><Actions><Action><Name>ShowHTML_OUT</Name><Description> </Description><IncomingLinks><Assign xsi:type="Assign"><Name/><Description/><To>ShowHTML_OUT.Message</To><From>Transaction.HTML_OUT</From></Assign></IncomingLinks><OutgoingLinks/></Action></Actions></Step></Steps><Actions><Action><Name>AssignHTML_OUT</Name><Description> </Description><IncomingLinks/><OutgoingLinks><Assign xsi:type="Assign"><Name/><Description/><To>Transaction.HTML_OUT</To><From>Local.HTML_INI</From></Assign></OutgoingLinks></Action></Actions></Step></Steps><Actions><Action><Name>ShowParam</Name><Description> </Description><IncomingLinks><Assign xsi:type="Assign"><Name/><Description/><To>ShowParam.Message</To><From>" &gt;&gt;  " &amp; Transaction.SQL_SERVER &amp; " -- " &amp; Transaction.STATION</From></Assign></IncomingLinks><OutgoingLinks/></Action></Actions></Step></Steps></Transaction>