<?xml version="1.0" encoding="UTF-8"?><Transaction xmlns:xsd="http://www.w3.org/2001/XMLSchema" xmlns:xsi="http://www.w3.org/2001/XMLSchema-instance" Version="15.0.7.12"><TransactionAttributes><ContextItem><Name>Description</Name><Description>Transaction Description</Description><MinRange>0</MinRange><MaxRange>0</MaxRange><Value xsi:type="string"/><ReadOnly>true</ReadOnly><AlertXMLAssigned>false</AlertXMLAssigned></ContextItem><ContextItem><Name>Comments</Name><Description>User Comments</Description><MinRange>0</MinRange><MaxRange>0</MaxRange><Value xsi:type="string"/><ReadOnly>true</ReadOnly><AlertXMLAssigned>false</AlertXMLAssigned></ContextItem><ContextItem><Name>CreatedBy</Name><Description>Created By</Description><MinRange>0</MinRange><MaxRange>0</MaxRange><Value xsi:type="string">RadPa</Value><ReadOnly>true</ReadOnly><AlertXMLAssigned>false</AlertXMLAssigned></ContextItem><ContextItem><Name>CreationDate</Name><Description>Creation Date</Description><MinRange>0</MinRange><MaxRange>0</MaxRange><Value xsi:type="dateTime">2016-10-24T21:06:51</Value><ReadOnly>true</ReadOnly><AlertXMLAssigned>false</AlertXMLAssigned></ContextItem><ContextItem><Name>Category</Name><Description>Transaction Category</Description><MinRange>0</MinRange><MaxRange>0</MaxRange><Value xsi:type="string"/><ReadOnly>true</ReadOnly><AlertXMLAssigned>false</AlertXMLAssigned></ContextItem><ContextItem><Name>Status</Name><Description>Deployment Status</Description><MinRange>0</MinRange><MaxRange>0</MaxRange><Value xsi:type="string">DEVELOPMENT</Value><ReadOnly>true</ReadOnly><AlertXMLAssigned>false</AlertXMLAssigned></ContextItem><ContextItem><Name>LegacyProcessingMode</Name><Description>Support the pre MII 12.1 Transaction Engine.</Description><MinRange>0</MinRange><MaxRange>0</MaxRange><Value xsi:type="boolean">0</Value><ReadOnly>true</ReadOnly><AlertXMLAssigned>false</AlertXMLAssigned></ContextItem><ContextItem><Name>AutoAppendBlankNamespaces</Name><Description>AutoAppendBlankNamespaces</Description><MinRange>0</MinRange><MaxRange>0</MaxRange><Value xsi:type="boolean">1</Value><ReadOnly>true</ReadOnly><AlertXMLAssigned>false</AlertXMLAssigned></ContextItem><ContextItem><Name>ThrowOnLinkError</Name><Description>Throws an exception when a link error occures</Description><MinRange>0</MinRange><MaxRange>0</MaxRange><Value xsi:type="boolean">0</Value><ReadOnly>true</ReadOnly><AlertXMLAssigned>false</AlertXMLAssigned></ContextItem><ContextItem><Name>ThrowOnActionError</Name><Description>Throws an exception when an action error occurs</Description><MinRange>0</MinRange><MaxRange>0</MaxRange><Value xsi:type="boolean">1</Value><ReadOnly>true</ReadOnly><AlertXMLAssigned>false</AlertXMLAssigned></ContextItem><ContextItem><Name>FormatXMLOnConversion</Name><Description>By default XML will be formatted when assigned from XML data type to String data type. This behaviour can be changed with this flag.</Description><MinRange>0</MinRange><MaxRange>0</MaxRange><Value xsi:type="boolean">1</Value><ReadOnly>true</ReadOnly><AlertXMLAssigned>false</AlertXMLAssigned></ContextItem><ContextItem><Name>LastEditedBy</Name><Description>Last Edited By</Description><MinRange>0</MinRange><MaxRange>0</MaxRange><Value xsi:type="xsd:string">RadPa</Value><ReadOnly>true</ReadOnly><AlertXMLAssigned>false</AlertXMLAssigned></ContextItem><ContextItem><Name>LastEditedDate</Name><Description>Last Edited Date</Description><MinRange>0</MinRange><MaxRange>0</MaxRange><Value xsi:type="xsd:dateTime">2016-11-15T17:55:42</Value><ReadOnly>true</ReadOnly><AlertXMLAssigned>false</AlertXMLAssigned></ContextItem></TransactionAttributes><Name>MESM/PCOFILEMON/TRANSACTIONS/dataFileMonitor</Name><Version>252</Version><WriterRoles>SAP_XMII_Super_Administrator,SAP_XMII_Administrator,SAP_XMII_Developer</WriterRoles><Context><ContextItem><Name>PCo_FileNotifMessage</Name><Description>File Notification Message</Description><MinRange>0</MinRange><MaxRange>0</MaxRange><Value xsi:type="xml"><ReferenceDocumentSource/>&lt;?xml version="1.0" encoding="UTF-8"?&gt;&lt;NotificationMessage&gt;&#13;
    &lt;Header&gt;&#13;
        &lt;Name&gt;FileData&lt;/Name&gt;&#13;
        &lt;Description&gt;&lt;![CDATA[WeldMachine1]]&gt;&lt;/Description&gt;&#13;
        &lt;Destination&gt;MII15&lt;/Destination&gt;&#13;
        &lt;CreatedDate&gt;2016-10-25T01:22:00&lt;/CreatedDate&gt;&#13;
        &lt;ID&gt;c5c02d8b-8a06-4e2a-b9fa-31de9fcd2445&lt;/ID&gt;&#13;
        &lt;Status&gt;Delivered&lt;/Status&gt;&#13;
    &lt;/Header&gt;&#13;
    &lt;Body&gt;&#13;
        &lt;Values&gt;&#13;
            &lt;ReceiveDataOriginalFileName quality="None" timeStamp="0001-01-01T00:00:00.0000000" type="xsd:string"&gt;&lt;![CDATA[D:\WELDERDATA$\WeldMachine1\0000000.csv]]&gt;&lt;/ReceiveDataOriginalFileName&gt;&#13;
        &lt;/Values&gt;&#13;
    &lt;/Body&gt;&#13;
    &lt;Faults/&gt;&#13;
&lt;/NotificationMessage&gt;</Value><SchemaURI/><SchemaElement/><ValidateXMLOnExecution>1</ValidateXMLOnExecution><ReadOnly>false</ReadOnly><AlertXMLAssigned>false</AlertXMLAssigned></ContextItem><ContextItem><Name>SQL_SERVER</Name><Description>SQL Server Name</Description><MinRange>0</MinRange><MaxRange>0</MaxRange><Value xsi:type="string">MESM</Value><ReadOnly>false</ReadOnly><AlertXMLAssigned>false</AlertXMLAssigned></ContextItem></Context><Local><ContextItem><Name>debug</Name><Description/><MinRange>0</MinRange><MaxRange>0</MaxRange><Value xsi:type="string">1</Value><ReadOnly>false</ReadOnly><AlertXMLAssigned>false</AlertXMLAssigned></ContextItem><ContextItem><Name>FILE_CONTENTS</Name><Description>Contents of the target file</Description><MinRange>0</MinRange><MaxRange>0</MaxRange><Value xsi:type="string"/><ReadOnly>false</ReadOnly><AlertXMLAssigned>false</AlertXMLAssigned></ContextItem><ContextItem><Name>FILE_DATE</Name><Description>Date &amp; Time from CSV Line 4</Description><MinRange>0</MinRange><MaxRange>0</MaxRange><Value xsi:type="string"/><ReadOnly>false</ReadOnly><AlertXMLAssigned>false</AlertXMLAssigned></ContextItem><ContextItem><Name>FILE_NAME</Name><Description>Name of the target file</Description><MinRange>0</MinRange><MaxRange>0</MaxRange><Value xsi:type="string"/><ReadOnly>false</ReadOnly><AlertXMLAssigned>false</AlertXMLAssigned></ContextItem><ContextItem><Name>FILE_NUMBER</Name><Description>F Number from CSV Line 1</Description><MinRange>0</MinRange><MaxRange>0</MaxRange><Value xsi:type="string"/><ReadOnly>false</ReadOnly><AlertXMLAssigned>false</AlertXMLAssigned></ContextItem><ContextItem><Name>FILE_PATH</Name><Description>Path to the target file</Description><MinRange>0</MinRange><MaxRange>0</MaxRange><Value xsi:type="string"/><ReadOnly>false</ReadOnly><AlertXMLAssigned>false</AlertXMLAssigned></ContextItem><ContextItem><Name>FILE_VERSION</Name><Description>Version from CSV Line 2 and 3</Description><MinRange>0</MinRange><MaxRange>0</MaxRange><Value xsi:type="string"/><ReadOnly>false</ReadOnly><AlertXMLAssigned>false</AlertXMLAssigned></ContextItem><ContextItem><Name>NOTIF_DESC</Name><Description>PCo Connector Name</Description><MinRange>0</MinRange><MaxRange>0</MaxRange><Value xsi:type="string"/><ReadOnly>false</ReadOnly><AlertXMLAssigned>false</AlertXMLAssigned></ContextItem><ContextItem><Name>NOTIF_NAME</Name><Description>PCo Agent Notification Name</Description><MinRange>0</MinRange><MaxRange>0</MaxRange><Value xsi:type="string"/><ReadOnly>false</ReadOnly><AlertXMLAssigned>false</AlertXMLAssigned></ContextItem><ContextItem><Name>NOTIF_QUALITY</Name><Description>Notification Quality</Description><MinRange>0</MinRange><MaxRange>0</MaxRange><Value xsi:type="string"/><ReadOnly>false</ReadOnly><AlertXMLAssigned>false</AlertXMLAssigned></ContextItem><ContextItem><Name>NOTIF_TS</Name><Description>Notification Time Stamp</Description><MinRange>0</MinRange><MaxRange>0</MaxRange><Value xsi:type="string"/><ReadOnly>false</ReadOnly><AlertXMLAssigned>false</AlertXMLAssigned></ContextItem><ContextItem><Name>NOTIF_TYPE</Name><Description>Notification Type</Description><MinRange>0</MinRange><MaxRange>0</MaxRange><Value xsi:type="string"/><ReadOnly>false</ReadOnly><AlertXMLAssigned>false</AlertXMLAssigned></ContextItem><ContextItem><Name>NOTIF_VALUE</Name><Description>Notification Value</Description><MinRange>0</MinRange><MaxRange>0</MaxRange><Value xsi:type="string"/><ReadOnly>false</ReadOnly><AlertXMLAssigned>false</AlertXMLAssigned></ContextItem><ContextItem><Name>TRX_ID</Name><Description>Local Transaction ID</Description><MinRange>0</MinRange><MaxRange>0</MaxRange><Value xsi:type="string"/><ReadOnly>false</ReadOnly><AlertXMLAssigned>false</AlertXMLAssigned></ContextItem><ContextItem><Name>TRX_MEMMAPVER</Name><Description>Memory Map Version</Description><MinRange>0</MinRange><MaxRange>0</MaxRange><Value xsi:type="string">1</Value><ReadOnly>false</ReadOnly><AlertXMLAssigned>false</AlertXMLAssigned></ContextItem><ContextItem><Name>TRX_TYPE</Name><Description>Transaction Type </Description><MinRange>0</MinRange><MaxRange>0</MaxRange><Value xsi:type="string">17</Value><ReadOnly>false</ReadOnly><AlertXMLAssigned>false</AlertXMLAssigned></ContextItem><ContextItem><Name>XML_CONTENTS</Name><Description>File Content in XML Format (Line Number / Line)</Description><MinRange>0</MinRange><MaxRange>0</MaxRange><Value xsi:type="xml"><ReferenceDocumentSource/>&lt;?xml version="1.0" encoding="UTF-8"?&gt;&lt;Rowsets DateCreated="2016-10-25T17:33:50" EndDate="2016-10-25T17:33:50" StartDate="2016-10-25T17:33:50" Version="15.0 SP7 Patch 12 (07-Sep-2016)"&gt;&#13;
    &lt;Rowset&gt;&#13;
        &lt;Columns&gt;&#13;
            &lt;Column Description="LineNumber" MaxRange="0" MinRange="0" Name="LineNumber" SQLDataType="5" SourceColumn="LineNumber"/&gt;&#13;
            &lt;Column Description="Line" MaxRange="0" MinRange="0" Name="Line" SQLDataType="1" SourceColumn="Line"/&gt;&#13;
        &lt;/Columns&gt;&#13;
        &lt;Row&gt;&#13;
            &lt;LineNumber&gt;1&lt;/LineNumber&gt;&#13;
            &lt;Line&gt;F Number: 3383557   &lt;/Line&gt;&#13;
        &lt;/Row&gt;&#13;
        &lt;Row&gt;&#13;
            &lt;LineNumber&gt;2&lt;/LineNumber&gt;&#13;
            &lt;Line&gt;VERSION : ArcTool              &lt;/Line&gt;&#13;
        &lt;/Row&gt;&#13;
        &lt;Row&gt;&#13;
            &lt;LineNumber&gt;3&lt;/LineNumber&gt;&#13;
            &lt;Line&gt;$VERSION: V8.30146      1/15/2016&lt;/Line&gt;&#13;
        &lt;/Row&gt;&#13;
        &lt;Row&gt;&#13;
            &lt;LineNumber&gt;4&lt;/LineNumber&gt;&#13;
            &lt;Line&gt;DATE:     13-OCT-16 15:08:06 &lt;/Line&gt;&#13;
        &lt;/Row&gt;&#13;
        &lt;Row&gt;&#13;
            &lt;LineNumber&gt;5&lt;/LineNumber&gt;&#13;
            &lt;Line/&gt;&#13;
        &lt;/Row&gt;&#13;
        &lt;Row&gt;&#13;
            &lt;LineNumber&gt;6&lt;/LineNumber&gt;&#13;
            &lt;Line&gt;ARC Weld Process Summary File&lt;/Line&gt;&#13;
        &lt;/Row&gt;&#13;
        &lt;Row&gt;&#13;
            &lt;LineNumber&gt;7&lt;/LineNumber&gt;&#13;
            &lt;Line&gt;HIST_IDX,PROGRAM,PROCESS_ID,TOUCHUP_TIME,EXEC_TIME,Faults,Bookmark,Weld time ( H:M:S),Weld distance ( mm),Weld heat ( J),Wire length ( mm),Current ( A),Voltage ( V),Wire feed speed ( mm/sec),Travel speed ( mm/sec),Arc detect time ( ms),Start faults,Start retries,End faults,Wiresticks,Disabled,Aborted,&lt;/Line&gt;&#13;
        &lt;/Row&gt;&#13;
        &lt;Row&gt;&#13;
            &lt;LineNumber&gt;8&lt;/LineNumber&gt;&#13;
            &lt;Line&gt;  1,M180_SRW_RH_S2,20, 13-OCT-16 15:05:42 , 13-OCT-16 15:05:40  ,None ,00-0-80 00:00:00  ,00:00:01.993 ,  16.3 ,5745.0 , 138.3 , 153.6 ,  21.0 ,  77.1 ,   8.2 ,   514 ,     0 ,     0 ,     0 ,     0 ,     0 ,     0 ,&lt;/Line&gt;&#13;
        &lt;/Row&gt;&#13;
        &lt;Row&gt;&#13;
            &lt;LineNumber&gt;9&lt;/LineNumber&gt;&#13;
            &lt;Line&gt; , , , ,AVG,0.00,0.00,1993.00,16.31,5745.00,138.28,153.62,20.98,77.06,8.18,514.00,0.00,0.00,0.00,0.00,0.00,0.00,&lt;/Line&gt;&#13;
        &lt;/Row&gt;&#13;
        &lt;Row&gt;&#13;
            &lt;LineNumber&gt;10&lt;/LineNumber&gt;&#13;
            &lt;Line&gt; , , , ,MAX,0.00,0.00,1993.00,16.31,5745.00,138.28,153.62,20.98,77.06,8.18,514.00,0.00,0.00,0.00,0.00,0.00,0.00,&lt;/Line&gt;&#13;
        &lt;/Row&gt;&#13;
        &lt;Row&gt;&#13;
            &lt;LineNumber&gt;11&lt;/LineNumber&gt;&#13;
            &lt;Line&gt; , , , ,MIN,0.00,0.00,1993.00,16.31,5745.00,138.28,153.62,20.98,77.06,8.18,514.00,0.00,0.00,0.00,0.00,0.00,0.00,&lt;/Line&gt;&#13;
        &lt;/Row&gt;&#13;
        &lt;Row&gt;&#13;
            &lt;LineNumber&gt;12&lt;/LineNumber&gt;&#13;
            &lt;Line&gt;  1,M180_SRW_RH_S2,21, 13-OCT-16 15:05:44 , 13-OCT-16 15:05:42  ,None ,00-0-80 00:00:00  ,00:00:01.101 ,   5.3 ,2746.0 ,  70.8 , 162.8 ,  18.5 ,  80.3 ,   4.8 ,   170 ,     0 ,     0 ,     0 ,     0 ,     0 ,     0 ,&lt;/Line&gt;&#13;
        &lt;/Row&gt;&#13;
        &lt;Row&gt;&#13;
            &lt;LineNumber&gt;13&lt;/LineNumber&gt;&#13;
            &lt;Line&gt; , , , ,AVG,0.00,0.00,1101.00,5.27,2746.00,70.83,162.80,18.47,80.33,4.79,170.00,0.00,0.00,0.00,0.00,0.00,0.00,&lt;/Line&gt;&#13;
        &lt;/Row&gt;&#13;
        &lt;Row&gt;&#13;
            &lt;LineNumber&gt;14&lt;/LineNumber&gt;&#13;
            &lt;Line&gt; , , , ,MAX,0.00,0.00,1101.00,5.27,2746.00,70.83,162.80,18.47,80.33,4.79,170.00,0.00,0.00,0.00,0.00,0.00,0.00,&lt;/Line&gt;&#13;
        &lt;/Row&gt;&#13;
        &lt;Row&gt;&#13;
            &lt;LineNumber&gt;15&lt;/LineNumber&gt;&#13;
            &lt;Line&gt; , , , ,MIN,0.00,0.00,1101.00,5.27,2746.00,70.83,162.80,18.47,80.33,4.79,170.00,0.00,0.00,0.00,0.00,0.00,0.00,&lt;/Line&gt;&#13;
        &lt;/Row&gt;&#13;
        &lt;Row&gt;&#13;
            &lt;LineNumber&gt;16&lt;/LineNumber&gt;&#13;
            &lt;Line&gt;  1,M180_SRW_RH_S2,29, 13-OCT-16 15:05:50 , 13-OCT-16 15:05:48  ,None ,00-0-80 00:00:00  ,00:00:02.617 ,  20.1 ,9319.0 , 218.0 , 173.7 ,  22.1 ,  91.7 ,   7.7 ,   458 ,     0 ,     0 ,     0 ,     0 ,     0 ,     0 ,&lt;/Line&gt;&#13;
        &lt;/Row&gt;&#13;
        &lt;Row&gt;&#13;
            &lt;LineNumber&gt;17&lt;/LineNumber&gt;&#13;
            &lt;Line&gt; , , , ,AVG,0.00,0.00,2617.00,20.05,9319.00,218.01,173.75,22.08,91.67,7.66,458.00,0.00,0.00,0.00,0.00,0.00,0.00,&lt;/Line&gt;&#13;
        &lt;/Row&gt;&#13;
        &lt;Row&gt;&#13;
            &lt;LineNumber&gt;18&lt;/LineNumber&gt;&#13;
            &lt;Line&gt; , , , ,MAX,0.00,0.00,2617.00,20.05,9319.00,218.01,173.75,22.08,91.67,7.66,458.00,0.00,0.00,0.00,0.00,0.00,0.00,&lt;/Line&gt;&#13;
        &lt;/Row&gt;&#13;
        &lt;Row&gt;&#13;
            &lt;LineNumber&gt;19&lt;/LineNumber&gt;&#13;
            &lt;Line&gt; , , , ,MIN,0.00,0.00,2617.00,20.05,9319.00,218.01,173.75,22.08,91.67,7.66,458.00,0.00,0.00,0.00,0.00,0.00,0.00,&lt;/Line&gt;&#13;
        &lt;/Row&gt;&#13;
        &lt;Row&gt;&#13;
            &lt;LineNumber&gt;20&lt;/LineNumber&gt;&#13;
            &lt;Line&gt;  1,M180_SRW_RH_S2,30, 13-OCT-16 15:05:56 , 13-OCT-16 15:05:52  ,None ,00-0-80 00:00:00  ,00:00:01.777 ,  13.7 ,5875.0 , 128.3 , 159.3 ,  24.2 ,  90.5 ,   7.7 ,   466 ,     0 ,     0 ,     0 ,     0 ,     0 ,     0 ,&lt;/Line&gt;&#13;
        &lt;/Row&gt;&#13;
        &lt;Row&gt;&#13;
            &lt;LineNumber&gt;21&lt;/LineNumber&gt;&#13;
            &lt;Line&gt; , , , ,AVG,0.00,0.00,1777.00,13.68,5875.00,128.29,159.26,24.17,90.52,7.70,466.00,0.00,0.00,0.00,0.00,0.00,0.00,&lt;/Line&gt;&#13;
        &lt;/Row&gt;&#13;
        &lt;Row&gt;&#13;
            &lt;LineNumber&gt;22&lt;/LineNumber&gt;&#13;
            &lt;Line&gt; , , , ,MAX,0.00,0.00,1777.00,13.68,5875.00,128.29,159.26,24.17,90.52,7.70,466.00,0.00,0.00,0.00,0.00,0.00,0.00,&lt;/Line&gt;&#13;
        &lt;/Row&gt;&#13;
        &lt;Row&gt;&#13;
            &lt;LineNumber&gt;23&lt;/LineNumber&gt;&#13;
            &lt;Line&gt; , , , ,MIN,0.00,0.00,1777.00,13.68,5875.00,128.29,159.26,24.17,90.52,7.70,466.00,0.00,0.00,0.00,0.00,0.00,0.00,&lt;/Line&gt;&#13;
        &lt;/Row&gt;&#13;
        &lt;Row&gt;&#13;
            &lt;LineNumber&gt;24&lt;/LineNumber&gt;&#13;
            &lt;Line&gt;  1,M180_SRW_RH_S2,27, 13-OCT-16 15:06:16 , 13-OCT-16 15:05:56  ,None ,00-0-80 00:00:00  ,00:00:18.946 , 129.1 ,91001.0 ,2683.8 , 224.7 ,  21.3 , 141.5 ,   6.8 ,   286 ,     0 ,     0 ,     0 ,     0 ,     0 ,     0 ,&lt;/Line&gt;&#13;
        &lt;/Row&gt;&#13;
        &lt;Row&gt;&#13;
            &lt;LineNumber&gt;25&lt;/LineNumber&gt;&#13;
            &lt;Line&gt; , , , ,AVG,0.00,0.00,18946.00,129.15,91001.00,2683.75,224.70,21.27,141.52,6.82,286.00,0.00,0.00,0.00,0.00,0.00,0.00,&lt;/Line&gt;&#13;
        &lt;/Row&gt;&#13;
        &lt;Row&gt;&#13;
            &lt;LineNumber&gt;26&lt;/LineNumber&gt;&#13;
            &lt;Line&gt; , , , ,MAX,0.00,0.00,18946.00,129.15,91001.00,2683.75,224.70,21.27,141.52,6.82,286.00,0.00,0.00,0.00,0.00,0.00,0.00,&lt;/Line&gt;&#13;
        &lt;/Row&gt;&#13;
        &lt;Row&gt;&#13;
            &lt;LineNumber&gt;27&lt;/LineNumber&gt;&#13;
            &lt;Line&gt; , , , ,MIN,0.00,0.00,18946.00,129.15,91001.00,2683.75,224.70,21.27,141.52,6.82,286.00,0.00,0.00,0.00,0.00,0.00,0.00,&lt;/Line&gt;&#13;
        &lt;/Row&gt;&#13;
        &lt;Row&gt;&#13;
            &lt;LineNumber&gt;28&lt;/LineNumber&gt;&#13;
            &lt;Line&gt;  1,M180_SRW_RH_S2,28, 13-OCT-16 15:06:38 , 13-OCT-16 15:06:18  ,None ,00-0-80 00:00:00  ,00:00:18.311 , 126.1 ,87142.0 ,2580.2 , 222.5 ,  21.6 , 142.7 ,   6.9 ,   358 ,     0 ,     0 ,     0 ,     0 ,     0 ,     0 ,&lt;/Line&gt;&#13;
        &lt;/Row&gt;&#13;
        &lt;Row&gt;&#13;
            &lt;LineNumber&gt;29&lt;/LineNumber&gt;&#13;
            &lt;Line&gt; , , , ,AVG,0.00,0.00,18311.00,126.06,87142.00,2580.23,222.48,21.64,142.74,6.88,358.00,0.00,0.00,0.00,0.00,0.00,0.00,&lt;/Line&gt;&#13;
        &lt;/Row&gt;&#13;
        &lt;Row&gt;&#13;
            &lt;LineNumber&gt;30&lt;/LineNumber&gt;&#13;
            &lt;Line&gt; , , , ,MAX,0.00,0.00,18311.00,126.06,87142.00,2580.23,222.48,21.64,142.74,6.88,358.00,0.00,0.00,0.00,0.00,0.00,0.00,&lt;/Line&gt;&#13;
        &lt;/Row&gt;&#13;
        &lt;Row&gt;&#13;
            &lt;LineNumber&gt;31&lt;/LineNumber&gt;&#13;
            &lt;Line&gt; , , , ,MIN,0.00,0.00,18311.00,126.06,87142.00,2580.23,222.48,21.64,142.74,6.88,358.00,0.00,0.00,0.00,0.00,0.00,0.00,&lt;/Line&gt;&#13;
        &lt;/Row&gt;&#13;
        &lt;Row&gt;&#13;
            &lt;LineNumber&gt;32&lt;/LineNumber&gt;&#13;
            &lt;Line&gt;  1,M180_SRW_RH_S2,22, 13-OCT-16 15:06:54 , 13-OCT-16 15:06:40  ,None ,00-0-80 00:00:00  ,00:00:13.354 ,  98.8 ,55336.0 ,1410.7 , 186.3 ,  22.7 , 107.7 ,   7.4 ,   238 ,     0 ,     0 ,     0 ,     0 ,     0 ,     0 ,&lt;/Line&gt;&#13;
        &lt;/Row&gt;&#13;
        &lt;Row&gt;&#13;
            &lt;LineNumber&gt;33&lt;/LineNumber&gt;&#13;
            &lt;Line&gt; , , , ,AVG,0.00,0.00,13354.00,98.81,55336.00,1410.72,186.32,22.74,107.72,7.40,238.00,0.00,0.00,0.00,0.00,0.00,0.00,&lt;/Line&gt;&#13;
        &lt;/Row&gt;&#13;
        &lt;Row&gt;&#13;
            &lt;LineNumber&gt;34&lt;/LineNumber&gt;&#13;
            &lt;Line&gt; , , , ,MAX,0.00,0.00,13354.00,98.81,55336.00,1410.72,186.32,22.74,107.72,7.40,238.00,0.00,0.00,0.00,0.00,0.00,0.00,&lt;/Line&gt;&#13;
        &lt;/Row&gt;&#13;
        &lt;Row&gt;&#13;
            &lt;LineNumber&gt;35&lt;/LineNumber&gt;&#13;
            &lt;Line&gt; , , , ,MIN,0.00,0.00,13354.00,98.81,55336.00,1410.72,186.32,22.74,107.72,7.40,238.00,0.00,0.00,0.00,0.00,0.00,0.00,&lt;/Line&gt;&#13;
        &lt;/Row&gt;&#13;
        &lt;Row&gt;&#13;
            &lt;LineNumber&gt;36&lt;/LineNumber&gt;&#13;
            &lt;Line&gt;  1,M180_SRW_RH_S2,26, 13-OCT-16 15:07:10 , 13-OCT-16 15:06:56  ,None ,00-0-80 00:00:00  ,00:00:13.294 ,  98.4 ,56248.0 ,1406.0 , 186.1 ,  23.1 , 107.1 ,   7.4 ,   310 ,     0 ,     0 ,     0 ,     0 ,     0 ,     0 ,&lt;/Line&gt;&#13;
        &lt;/Row&gt;&#13;
        &lt;Row&gt;&#13;
            &lt;LineNumber&gt;37&lt;/LineNumber&gt;&#13;
            &lt;Line&gt; , , , ,AVG,0.00,0.00,13294.00,98.35,56248.00,1405.95,186.06,23.10,107.12,7.40,310.00,0.00,0.00,0.00,0.00,0.00,0.00,&lt;/Line&gt;&#13;
        &lt;/Row&gt;&#13;
        &lt;Row&gt;&#13;
            &lt;LineNumber&gt;38&lt;/LineNumber&gt;&#13;
            &lt;Line&gt; , , , ,MAX,0.00,0.00,13294.00,98.35,56248.00,1405.95,186.06,23.10,107.12,7.40,310.00,0.00,0.00,0.00,0.00,0.00,0.00,&lt;/Line&gt;&#13;
        &lt;/Row&gt;&#13;
        &lt;Row&gt;&#13;
            &lt;LineNumber&gt;39&lt;/LineNumber&gt;&#13;
            &lt;Line&gt; , , , ,MIN,0.00,0.00,13294.00,98.35,56248.00,1405.95,186.06,23.10,107.12,7.40,310.00,0.00,0.00,0.00,0.00,0.00,0.00,&lt;/Line&gt;&#13;
        &lt;/Row&gt;&#13;
        &lt;Row&gt;&#13;
            &lt;LineNumber&gt;40&lt;/LineNumber&gt;&#13;
            &lt;Line&gt;  1,M180_SRW_RH_S2,23, 13-OCT-16 15:07:20 , 13-OCT-16 15:07:12  ,None ,00-0-80 00:00:00  ,00:00:06.112 ,  42.7 ,24847.0 , 660.1 , 189.4 ,  22.3 , 110.3 ,   7.0 ,   196 ,     0 ,     0 ,     0 ,     0 ,     0 ,     0 ,&lt;/Line&gt;&#13;
        &lt;/Row&gt;&#13;
        &lt;Row&gt;&#13;
            &lt;LineNumber&gt;41&lt;/LineNumber&gt;&#13;
            &lt;Line&gt; , , , ,AVG,0.00,0.00,6112.00,42.73,24847.00,660.10,189.37,22.28,110.33,6.99,196.00,0.00,0.00,0.00,0.00,0.00,0.00,&lt;/Line&gt;&#13;
        &lt;/Row&gt;&#13;
        &lt;Row&gt;&#13;
            &lt;LineNumber&gt;42&lt;/LineNumber&gt;&#13;
            &lt;Line&gt; , , , ,MAX,0.00,0.00,6112.00,42.73,24847.00,660.10,189.37,22.28,110.33,6.99,196.00,0.00,0.00,0.00,0.00,0.00,0.00,&lt;/Line&gt;&#13;
        &lt;/Row&gt;&#13;
        &lt;Row&gt;&#13;
            &lt;LineNumber&gt;43&lt;/LineNumber&gt;&#13;
            &lt;Line&gt; , , , ,MIN,0.00,0.00,6112.00,42.73,24847.00,660.10,189.37,22.28,110.33,6.99,196.00,0.00,0.00,0.00,0.00,0.00,0.00,&lt;/Line&gt;&#13;
        &lt;/Row&gt;&#13;
        &lt;Row&gt;&#13;
            &lt;LineNumber&gt;44&lt;/LineNumber&gt;&#13;
            &lt;Line&gt;  1,M180_SRW_RH_S2,24, 13-OCT-16 15:07:28 , 13-OCT-16 15:07:22  ,None ,00-0-80 00:00:00  ,00:00:05.830 ,  39.8 ,23737.0 , 604.8 , 190.6 ,  22.5 , 109.5 ,   6.8 ,   250 ,     0 ,     0 ,     0 ,     0 ,     0 ,     0 ,&lt;/Line&gt;&#13;
        &lt;/Row&gt;&#13;
        &lt;Row&gt;&#13;
            &lt;LineNumber&gt;45&lt;/LineNumber&gt;&#13;
            &lt;Line&gt; , , , ,AVG,0.00,0.00,5830.00,39.81,23737.00,604.80,190.55,22.46,109.53,6.83,250.00,0.00,0.00,0.00,0.00,0.00,0.00,&lt;/Line&gt;&#13;
        &lt;/Row&gt;&#13;
        &lt;Row&gt;&#13;
            &lt;LineNumber&gt;46&lt;/LineNumber&gt;&#13;
            &lt;Line&gt; , , , ,MAX,0.00,0.00,5830.00,39.81,23737.00,604.80,190.55,22.46,109.53,6.83,250.00,0.00,0.00,0.00,0.00,0.00,0.00,&lt;/Line&gt;&#13;
        &lt;/Row&gt;&#13;
        &lt;Row&gt;&#13;
            &lt;LineNumber&gt;47&lt;/LineNumber&gt;&#13;
            &lt;Line&gt; , , , ,MIN,0.00,0.00,5830.00,39.81,23737.00,604.80,190.55,22.46,109.53,6.83,250.00,0.00,0.00,0.00,0.00,0.00,0.00,&lt;/Line&gt;&#13;
        &lt;/Row&gt;&#13;
        &lt;Row&gt;&#13;
            &lt;LineNumber&gt;48&lt;/LineNumber&gt;&#13;
            &lt;Line&gt;  1,M180_SRW_RH_S2,25, 13-OCT-16 15:07:44 , 13-OCT-16 15:07:32  ,None ,00-0-80 00:00:00  ,00:00:10.988 ,  78.2 ,46119.0 ,1114.2 , 190.6 ,  22.7 , 104.4 ,   7.1 ,   444 ,     0 ,     0 ,     0 ,     0 ,     0 ,     0 ,&lt;/Line&gt;&#13;
        &lt;/Row&gt;&#13;
        &lt;Row&gt;&#13;
            &lt;LineNumber&gt;49&lt;/LineNumber&gt;&#13;
            &lt;Line&gt; , , , ,AVG,0.00,0.00,10988.00,78.22,46119.00,1114.18,190.58,22.73,104.39,7.12,444.00,0.00,0.00,0.00,0.00,0.00,0.00,&lt;/Line&gt;&#13;
        &lt;/Row&gt;&#13;
        &lt;Row&gt;&#13;
            &lt;LineNumber&gt;50&lt;/LineNumber&gt;&#13;
            &lt;Line&gt; , , , ,MAX,0.00,0.00,10988.00,78.22,46119.00,1114.18,190.58,22.73,104.39,7.12,444.00,0.00,0.00,0.00,0.00,0.00,0.00,&lt;/Line&gt;&#13;
        &lt;/Row&gt;&#13;
        &lt;Row&gt;&#13;
            &lt;LineNumber&gt;51&lt;/LineNumber&gt;&#13;
            &lt;Line&gt; , , , ,MIN,0.00,0.00,10988.00,78.22,46119.00,1114.18,190.58,22.73,104.39,7.12,444.00,0.00,0.00,0.00,0.00,0.00,0.00,&lt;/Line&gt;&#13;
        &lt;/Row&gt;&#13;
    &lt;/Rowset&gt;&#13;
&lt;/Rowsets&gt;</Value><SchemaURI/><SchemaElement/><ValidateXMLOnExecution>1</ValidateXMLOnExecution><ReadOnly>false</ReadOnly><AlertXMLAssigned>false</AlertXMLAssigned></ContextItem><ContextItem><Name>XML_DATA</Name><Description>XML with Column Data</Description><MinRange>0</MinRange><MaxRange>0</MaxRange><Value xsi:type="xml"><ReferenceDocumentSource/>&lt;?xml version="1.0" encoding="UTF-8"?&gt;&lt;Rowsets DateCreated="2016-10-27T18:58:49" EndDate="2016-10-27T18:58:49" StartDate="2016-10-27T18:58:49" Version="15.0 SP7 Patch 12 (07-Sep-2016)"&gt;&#13;
    &lt;Rowset&gt;&#13;
        &lt;Columns&gt;&#13;
            &lt;Column Description="Item" MaxRange="0" MinRange="0" Name="Item" SQLDataType="1" SourceColumn="Item"/&gt;&#13;
        &lt;/Columns&gt;&#13;
        &lt;Row&gt;&#13;
            &lt;Item&gt;1&lt;/Item&gt;&#13;
        &lt;/Row&gt;&#13;
        &lt;Row&gt;&#13;
            &lt;Item&gt;M180_SRW_RH_S2&lt;/Item&gt;&#13;
        &lt;/Row&gt;&#13;
        &lt;Row&gt;&#13;
            &lt;Item&gt;20&lt;/Item&gt;&#13;
        &lt;/Row&gt;&#13;
        &lt;Row&gt;&#13;
            &lt;Item&gt;13-OCT-16 15:05:42&lt;/Item&gt;&#13;
        &lt;/Row&gt;&#13;
        &lt;Row&gt;&#13;
            &lt;Item&gt;13-OCT-16 15:05:40&lt;/Item&gt;&#13;
        &lt;/Row&gt;&#13;
        &lt;Row&gt;&#13;
            &lt;Item&gt;None&lt;/Item&gt;&#13;
        &lt;/Row&gt;&#13;
        &lt;Row&gt;&#13;
            &lt;Item&gt;00-0-80 00:00:00&lt;/Item&gt;&#13;
        &lt;/Row&gt;&#13;
        &lt;Row&gt;&#13;
            &lt;Item&gt;00:00:01.993&lt;/Item&gt;&#13;
        &lt;/Row&gt;&#13;
        &lt;Row&gt;&#13;
            &lt;Item&gt;16.3&lt;/Item&gt;&#13;
        &lt;/Row&gt;&#13;
        &lt;Row&gt;&#13;
            &lt;Item&gt;5745.0&lt;/Item&gt;&#13;
        &lt;/Row&gt;&#13;
        &lt;Row&gt;&#13;
            &lt;Item&gt;138.3&lt;/Item&gt;&#13;
        &lt;/Row&gt;&#13;
        &lt;Row&gt;&#13;
            &lt;Item&gt;153.6&lt;/Item&gt;&#13;
        &lt;/Row&gt;&#13;
        &lt;Row&gt;&#13;
            &lt;Item&gt;21.0&lt;/Item&gt;&#13;
        &lt;/Row&gt;&#13;
        &lt;Row&gt;&#13;
            &lt;Item&gt;77.1&lt;/Item&gt;&#13;
        &lt;/Row&gt;&#13;
        &lt;Row&gt;&#13;
            &lt;Item&gt;8.2&lt;/Item&gt;&#13;
        &lt;/Row&gt;&#13;
        &lt;Row&gt;&#13;
            &lt;Item&gt;514&lt;/Item&gt;&#13;
        &lt;/Row&gt;&#13;
        &lt;Row&gt;&#13;
            &lt;Item&gt;0&lt;/Item&gt;&#13;
        &lt;/Row&gt;&#13;
        &lt;Row&gt;&#13;
            &lt;Item&gt;0&lt;/Item&gt;&#13;
        &lt;/Row&gt;&#13;
        &lt;Row&gt;&#13;
            &lt;Item&gt;0&lt;/Item&gt;&#13;
        &lt;/Row&gt;&#13;
        &lt;Row&gt;&#13;
            &lt;Item&gt;0&lt;/Item&gt;&#13;
        &lt;/Row&gt;&#13;
        &lt;Row&gt;&#13;
            &lt;Item&gt;0&lt;/Item&gt;&#13;
        &lt;/Row&gt;&#13;
        &lt;Row&gt;&#13;
            &lt;Item&gt;0&lt;/Item&gt;&#13;
        &lt;/Row&gt;&#13;
    &lt;/Rowset&gt;&#13;
&lt;/Rowsets&gt;</Value><SchemaURI/><SchemaElement/><ValidateXMLOnExecution>1</ValidateXMLOnExecution><ReadOnly>false</ReadOnly><AlertXMLAssigned>false</AlertXMLAssigned></ContextItem><ContextItem><Name>XML_HEADER</Name><Description>XML With Header Columns</Description><MinRange>0</MinRange><MaxRange>0</MaxRange><Value xsi:type="xml"><ReferenceDocumentSource/>&lt;?xml version="1.0" encoding="UTF-8"?&gt;&lt;Rowsets DateCreated="2016-10-27T18:58:16" EndDate="2016-10-27T18:58:16" StartDate="2016-10-27T18:58:16" Version="15.0 SP7 Patch 12 (07-Sep-2016)"&gt;&#13;
    &lt;Rowset&gt;&#13;
        &lt;Columns&gt;&#13;
            &lt;Column Description="Item" MaxRange="0" MinRange="0" Name="Item" SQLDataType="1" SourceColumn="Item"/&gt;&#13;
        &lt;/Columns&gt;&#13;
        &lt;Row&gt;&#13;
            &lt;Item&gt;HIST_IDX&lt;/Item&gt;&#13;
        &lt;/Row&gt;&#13;
        &lt;Row&gt;&#13;
            &lt;Item&gt;PROGRAM&lt;/Item&gt;&#13;
        &lt;/Row&gt;&#13;
        &lt;Row&gt;&#13;
            &lt;Item&gt;PROCESS_ID&lt;/Item&gt;&#13;
        &lt;/Row&gt;&#13;
        &lt;Row&gt;&#13;
            &lt;Item&gt;TOUCHUP_TIME&lt;/Item&gt;&#13;
        &lt;/Row&gt;&#13;
        &lt;Row&gt;&#13;
            &lt;Item&gt;EXEC_TIME&lt;/Item&gt;&#13;
        &lt;/Row&gt;&#13;
        &lt;Row&gt;&#13;
            &lt;Item&gt;Faults&lt;/Item&gt;&#13;
        &lt;/Row&gt;&#13;
        &lt;Row&gt;&#13;
            &lt;Item&gt;Bookmark&lt;/Item&gt;&#13;
        &lt;/Row&gt;&#13;
        &lt;Row&gt;&#13;
            &lt;Item&gt;Weld time ( H:M:S)&lt;/Item&gt;&#13;
        &lt;/Row&gt;&#13;
        &lt;Row&gt;&#13;
            &lt;Item&gt;Weld distance ( mm)&lt;/Item&gt;&#13;
        &lt;/Row&gt;&#13;
        &lt;Row&gt;&#13;
            &lt;Item&gt;Weld heat ( J)&lt;/Item&gt;&#13;
        &lt;/Row&gt;&#13;
        &lt;Row&gt;&#13;
            &lt;Item&gt;Wire length ( mm)&lt;/Item&gt;&#13;
        &lt;/Row&gt;&#13;
        &lt;Row&gt;&#13;
            &lt;Item&gt;Current ( A)&lt;/Item&gt;&#13;
        &lt;/Row&gt;&#13;
        &lt;Row&gt;&#13;
            &lt;Item&gt;Voltage ( V)&lt;/Item&gt;&#13;
        &lt;/Row&gt;&#13;
        &lt;Row&gt;&#13;
            &lt;Item&gt;Wire feed speed ( mm/sec)&lt;/Item&gt;&#13;
        &lt;/Row&gt;&#13;
        &lt;Row&gt;&#13;
            &lt;Item&gt;Travel speed ( mm/sec)&lt;/Item&gt;&#13;
        &lt;/Row&gt;&#13;
        &lt;Row&gt;&#13;
            &lt;Item&gt;Arc detect time ( ms)&lt;/Item&gt;&#13;
        &lt;/Row&gt;&#13;
        &lt;Row&gt;&#13;
            &lt;Item&gt;Start faults&lt;/Item&gt;&#13;
        &lt;/Row&gt;&#13;
        &lt;Row&gt;&#13;
            &lt;Item&gt;Start retries&lt;/Item&gt;&#13;
        &lt;/Row&gt;&#13;
        &lt;Row&gt;&#13;
            &lt;Item&gt;End faults&lt;/Item&gt;&#13;
        &lt;/Row&gt;&#13;
        &lt;Row&gt;&#13;
            &lt;Item&gt;Wiresticks&lt;/Item&gt;&#13;
        &lt;/Row&gt;&#13;
        &lt;Row&gt;&#13;
            &lt;Item&gt;Disabled&lt;/Item&gt;&#13;
        &lt;/Row&gt;&#13;
        &lt;Row&gt;&#13;
            &lt;Item&gt;Aborted&lt;/Item&gt;&#13;
        &lt;/Row&gt;&#13;
    &lt;/Rowset&gt;&#13;
&lt;/Rowsets&gt;</Value><SchemaURI/><SchemaElement/><ValidateXMLOnExecution>1</ValidateXMLOnExecution><ReadOnly>false</ReadOnly><AlertXMLAssigned>false</AlertXMLAssigned></ContextItem><ContextItem><Name>XML_PROCESS</Name><Description/><MinRange>0</MinRange><MaxRange>0</MaxRange><Value xsi:type="string">0</Value><ReadOnly>false</ReadOnly><AlertXMLAssigned>false</AlertXMLAssigned></ContextItem></Local><Layout><GUILayoutItem><Name>Sequence</Name><X>872</X><Y>8</Y><Width>120</Width><SpacingWidth>1848</SpacingWidth><DescendantWidth>1848</DescendantWidth><Height>96</Height></GUILayoutItem><GUILayoutItem><Name>ShowParam</Name><X>880</X><Y>24</Y><Width>104</Width><SpacingWidth>0</SpacingWidth><DescendantWidth>0</DescendantWidth><Height>72</Height></GUILayoutItem><GUILayoutItem><Name>Sequence_3</Name><X>152</X><Y>144</Y><Width>120</Width><SpacingWidth>408</SpacingWidth><DescendantWidth>408</DescendantWidth><Height>96</Height></GUILayoutItem><GUILayoutItem><Name>debug_0</Name><X>160</X><Y>160</Y><Width>104</Width><SpacingWidth>0</SpacingWidth><DescendantWidth>0</DescendantWidth><Height>72</Height></GUILayoutItem><GUILayoutItem><Name>Sequence_4</Name><X>80</X><Y>280</Y><Width>120</Width><SpacingWidth>264</SpacingWidth><DescendantWidth>264</DescendantWidth><Height>96</Height></GUILayoutItem><GUILayoutItem><Name>Exception_Enabler_0</Name><X>88</X><Y>296</Y><Width>104</Width><SpacingWidth>0</SpacingWidth><DescendantWidth>0</DescendantWidth><Height>72</Height></GUILayoutItem><GUILayoutItem><Name>Sequence_8</Name><X>8</X><Y>416</Y><Width>120</Width><SpacingWidth>120</SpacingWidth><DescendantWidth>120</DescendantWidth><Height>96</Height></GUILayoutItem><GUILayoutItem><Name>WriteMSG</Name><X>16</X><Y>432</Y><Width>104</Width><SpacingWidth>0</SpacingWidth><DescendantWidth>0</DescendantWidth><Height>72</Height></GUILayoutItem><GUILayoutItem><Name>Sequence_7</Name><X>8</X><Y>552</Y><Width>120</Width><SpacingWidth>120</SpacingWidth><DescendantWidth>0</DescendantWidth><Height>96</Height></GUILayoutItem><GUILayoutItem><Name>ShowMSGFile</Name><X>16</X><Y>568</Y><Width>104</Width><SpacingWidth>0</SpacingWidth><DescendantWidth>0</DescendantWidth><Height>72</Height></GUILayoutItem><GUILayoutItem><Name>Sequence_5</Name><X>152</X><Y>416</Y><Width>120</Width><SpacingWidth>120</SpacingWidth><DescendantWidth>120</DescendantWidth><Height>96</Height></GUILayoutItem><GUILayoutItem><Name>Catch_0</Name><X>160</X><Y>432</Y><Width>104</Width><SpacingWidth>0</SpacingWidth><DescendantWidth>0</DescendantWidth><Height>72</Height></GUILayoutItem><GUILayoutItem><Name>Sequence_6</Name><X>152</X><Y>552</Y><Width>120</Width><SpacingWidth>120</SpacingWidth><DescendantWidth>0</DescendantWidth><Height>96</Height></GUILayoutItem><GUILayoutItem><Name>ShowErr_0</Name><X>160</X><Y>568</Y><Width>104</Width><SpacingWidth>0</SpacingWidth><DescendantWidth>0</DescendantWidth><Height>72</Height></GUILayoutItem><GUILayoutItem><Name>Sequence_2</Name><X>296</X><Y>280</Y><Width>120</Width><SpacingWidth>120</SpacingWidth><DescendantWidth>0</DescendantWidth><Height>96</Height></GUILayoutItem><GUILayoutItem><Name>ShowMSG</Name><X>304</X><Y>296</Y><Width>104</Width><SpacingWidth>0</SpacingWidth><DescendantWidth>0</DescendantWidth><Height>72</Height></GUILayoutItem><GUILayoutItem><Name>Sequence_14</Name><X>1088</X><Y>144</Y><Width>120</Width><SpacingWidth>1416</SpacingWidth><DescendantWidth>1416</DescendantWidth><Height>96</Height></GUILayoutItem><GUILayoutItem><Name>AssignLocal</Name><X>1096</X><Y>160</Y><Width>104</Width><SpacingWidth>0</SpacingWidth><DescendantWidth>0</DescendantWidth><Height>72</Height></GUILayoutItem><GUILayoutItem><Name>Sequence_18</Name><X>1088</X><Y>280</Y><Width>120</Width><SpacingWidth>1416</SpacingWidth><DescendantWidth>1416</DescendantWidth><Height>96</Height></GUILayoutItem><GUILayoutItem><Name>ShowLocal</Name><X>1096</X><Y>296</Y><Width>104</Width><SpacingWidth>0</SpacingWidth><DescendantWidth>0</DescendantWidth><Height>72</Height></GUILayoutItem><GUILayoutItem><Name>Sequence_19</Name><X>1088</X><Y>416</Y><Width>120</Width><SpacingWidth>1416</SpacingWidth><DescendantWidth>1416</DescendantWidth><Height>96</Height></GUILayoutItem><GUILayoutItem><Name>AssignNamePath</Name><X>1096</X><Y>432</Y><Width>104</Width><SpacingWidth>0</SpacingWidth><DescendantWidth>0</DescendantWidth><Height>72</Height></GUILayoutItem><GUILayoutItem><Name>Sequence_0</Name><X>1088</X><Y>552</Y><Width>120</Width><SpacingWidth>1416</SpacingWidth><DescendantWidth>1416</DescendantWidth><Height>96</Height></GUILayoutItem><GUILayoutItem><Name>getFileContents</Name><X>1096</X><Y>568</Y><Width>104</Width><SpacingWidth>0</SpacingWidth><DescendantWidth>0</DescendantWidth><Height>72</Height></GUILayoutItem><GUILayoutItem><Name>Sequence_1</Name><X>1088</X><Y>688</Y><Width>120</Width><SpacingWidth>1416</SpacingWidth><DescendantWidth>1416</DescendantWidth><Height>96</Height></GUILayoutItem><GUILayoutItem><Name>ContentOK</Name><X>1096</X><Y>704</Y><Width>104</Width><SpacingWidth>0</SpacingWidth><DescendantWidth>0</DescendantWidth><Height>72</Height></GUILayoutItem><GUILayoutItem><Name>Sequence_20</Name><X>1016</X><Y>824</Y><Width>120</Width><SpacingWidth>1272</SpacingWidth><DescendantWidth>1272</DescendantWidth><Height>96</Height></GUILayoutItem><GUILayoutItem><Name>Sequence_21</Name><X>1736</X><Y>824</Y><Width>120</Width><SpacingWidth>120</SpacingWidth><DescendantWidth>0</DescendantWidth><Height>96</Height></GUILayoutItem><GUILayoutItem><Name>ShowErr_1</Name><X>1744</X><Y>840</Y><Width>104</Width><SpacingWidth>0</SpacingWidth><DescendantWidth>0</DescendantWidth><Height>72</Height></GUILayoutItem><GUILayoutItem><Name>Flat_File_Parser</Name><X>1024</X><Y>840</Y><Width>104</Width><SpacingWidth>0</SpacingWidth><DescendantWidth>0</DescendantWidth><Height>72</Height></GUILayoutItem><GUILayoutItem><Name>Sequence_9</Name><X>1016</X><Y>960</Y><Width>120</Width><SpacingWidth>1272</SpacingWidth><DescendantWidth>1272</DescendantWidth><Height>96</Height></GUILayoutItem><GUILayoutItem><Name>RepeatOnRow</Name><X>1024</X><Y>976</Y><Width>104</Width><SpacingWidth>0</SpacingWidth><DescendantWidth>0</DescendantWidth><Height>72</Height></GUILayoutItem><GUILayoutItem><Name>Sequence_12</Name><X>440</X><Y>1368</Y><Width>120</Width><SpacingWidth>120</SpacingWidth><DescendantWidth>120</DescendantWidth><Height>96</Height></GUILayoutItem><GUILayoutItem><Name>Sequence_11</Name><X>800</X><Y>1232</Y><Width>120</Width><SpacingWidth>840</SpacingWidth><DescendantWidth>840</DescendantWidth><Height>96</Height></GUILayoutItem><GUILayoutItem><Name>Line1</Name><X>808</X><Y>1248</Y><Width>104</Width><SpacingWidth>0</SpacingWidth><DescendantWidth>0</DescendantWidth><Height>72</Height></GUILayoutItem><GUILayoutItem><Name>AssignFNumber</Name><X>448</X><Y>1384</Y><Width>104</Width><SpacingWidth>0</SpacingWidth><DescendantWidth>0</DescendantWidth><Height>72</Height></GUILayoutItem><GUILayoutItem><Name>Sequence_22</Name><X>872</X><Y>1368</Y><Width>120</Width><SpacingWidth>696</SpacingWidth><DescendantWidth>696</DescendantWidth><Height>96</Height></GUILayoutItem><GUILayoutItem><Name>Line2</Name><X>880</X><Y>1384</Y><Width>104</Width><SpacingWidth>0</SpacingWidth><DescendantWidth>0</DescendantWidth><Height>72</Height></GUILayoutItem><GUILayoutItem><Name>Sequence_10</Name><X>584</X><Y>1504</Y><Width>120</Width><SpacingWidth>120</SpacingWidth><DescendantWidth>0</DescendantWidth><Height>96</Height></GUILayoutItem><GUILayoutItem><Name>Assign_FVER1</Name><X>592</X><Y>1520</Y><Width>104</Width><SpacingWidth>0</SpacingWidth><DescendantWidth>0</DescendantWidth><Height>72</Height></GUILayoutItem><GUILayoutItem><Name>Sequence_13</Name><X>944</X><Y>1504</Y><Width>120</Width><SpacingWidth>552</SpacingWidth><DescendantWidth>552</DescendantWidth><Height>96</Height></GUILayoutItem><GUILayoutItem><Name>Line3</Name><X>952</X><Y>1520</Y><Width>104</Width><SpacingWidth>0</SpacingWidth><DescendantWidth>0</DescendantWidth><Height>72</Height></GUILayoutItem><GUILayoutItem><Name>Sequence_15</Name><X>728</X><Y>1640</Y><Width>120</Width><SpacingWidth>120</SpacingWidth><DescendantWidth>120</DescendantWidth><Height>96</Height></GUILayoutItem><GUILayoutItem><Name>Assign_FVER2</Name><X>736</X><Y>1656</Y><Width>104</Width><SpacingWidth>0</SpacingWidth><DescendantWidth>0</DescendantWidth><Height>72</Height></GUILayoutItem><GUILayoutItem><Name>Sequence_16</Name><X>1016</X><Y>1640</Y><Width>120</Width><SpacingWidth>408</SpacingWidth><DescendantWidth>408</DescendantWidth><Height>96</Height></GUILayoutItem><GUILayoutItem><Name>Line4</Name><X>1024</X><Y>1656</Y><Width>104</Width><SpacingWidth>0</SpacingWidth><DescendantWidth>0</DescendantWidth><Height>72</Height></GUILayoutItem><GUILayoutItem><Name>Sequence_17</Name><X>872</X><Y>1776</Y><Width>120</Width><SpacingWidth>120</SpacingWidth><DescendantWidth>120</DescendantWidth><Height>96</Height></GUILayoutItem><GUILayoutItem><Name>AssignFDate</Name><X>880</X><Y>1792</Y><Width>104</Width><SpacingWidth>0</SpacingWidth><DescendantWidth>0</DescendantWidth><Height>72</Height></GUILayoutItem><GUILayoutItem><Name>Sequence_23</Name><X>1088</X><Y>1776</Y><Width>120</Width><SpacingWidth>264</SpacingWidth><DescendantWidth>264</DescendantWidth><Height>96</Height></GUILayoutItem><GUILayoutItem><Name>HdrLine</Name><X>1096</X><Y>1792</Y><Width>104</Width><SpacingWidth>0</SpacingWidth><DescendantWidth>0</DescendantWidth><Height>72</Height></GUILayoutItem><GUILayoutItem><Name>Sequence_24</Name><X>1016</X><Y>1912</Y><Width>120</Width><SpacingWidth>120</SpacingWidth><DescendantWidth>120</DescendantWidth><Height>96</Height></GUILayoutItem><GUILayoutItem><Name>Sequence_26</Name><X>440</X><Y>1504</Y><Width>120</Width><SpacingWidth>120</SpacingWidth><DescendantWidth>0</DescendantWidth><Height>96</Height></GUILayoutItem><GUILayoutItem><Name>ShowFNumber</Name><X>448</X><Y>1520</Y><Width>104</Width><SpacingWidth>0</SpacingWidth><DescendantWidth>0</DescendantWidth><Height>72</Height></GUILayoutItem><GUILayoutItem><Name>Sequence_27</Name><X>728</X><Y>1776</Y><Width>120</Width><SpacingWidth>120</SpacingWidth><DescendantWidth>0</DescendantWidth><Height>96</Height></GUILayoutItem><GUILayoutItem><Name>ShowFVER</Name><X>736</X><Y>1792</Y><Width>104</Width><SpacingWidth>0</SpacingWidth><DescendantWidth>0</DescendantWidth><Height>72</Height></GUILayoutItem><GUILayoutItem><Name>Sequence_28</Name><X>872</X><Y>1912</Y><Width>120</Width><SpacingWidth>120</SpacingWidth><DescendantWidth>0</DescendantWidth><Height>96</Height></GUILayoutItem><GUILayoutItem><Name>ShowFDATE</Name><X>880</X><Y>1928</Y><Width>104</Width><SpacingWidth>0</SpacingWidth><DescendantWidth>0</DescendantWidth><Height>72</Height></GUILayoutItem><GUILayoutItem><Name>Hdr2XML_Parse</Name><X>1024</X><Y>1928</Y><Width>104</Width><SpacingWidth>0</SpacingWidth><DescendantWidth>0</DescendantWidth><Height>72</Height></GUILayoutItem><GUILayoutItem><Name>Sequence_30</Name><X>1016</X><Y>2048</Y><Width>120</Width><SpacingWidth>120</SpacingWidth><DescendantWidth>0</DescendantWidth><Height>96</Height></GUILayoutItem><GUILayoutItem><Name>ShowHDR</Name><X>1024</X><Y>2064</Y><Width>104</Width><SpacingWidth>0</SpacingWidth><DescendantWidth>0</DescendantWidth><Height>72</Height></GUILayoutItem><GUILayoutItem><Name>Sequence_25</Name><X>1160</X><Y>1912</Y><Width>120</Width><SpacingWidth>120</SpacingWidth><DescendantWidth>120</DescendantWidth><Height>96</Height></GUILayoutItem><GUILayoutItem><Name>DatLine</Name><X>1168</X><Y>1928</Y><Width>104</Width><SpacingWidth>0</SpacingWidth><DescendantWidth>0</DescendantWidth><Height>72</Height></GUILayoutItem><GUILayoutItem><Name>Sequence_31</Name><X>1160</X><Y>2048</Y><Width>120</Width><SpacingWidth>120</SpacingWidth><DescendantWidth>120</DescendantWidth><Height>96</Height></GUILayoutItem><GUILayoutItem><Name>Dat2XML_Parse</Name><X>1168</X><Y>2064</Y><Width>104</Width><SpacingWidth>0</SpacingWidth><DescendantWidth>0</DescendantWidth><Height>72</Height></GUILayoutItem><GUILayoutItem><Name>Sequence_33</Name><X>1160</X><Y>2184</Y><Width>120</Width><SpacingWidth>120</SpacingWidth><DescendantWidth>0</DescendantWidth><Height>96</Height></GUILayoutItem><GUILayoutItem><Name>ShowDAT</Name><X>1168</X><Y>2200</Y><Width>104</Width><SpacingWidth>0</SpacingWidth><DescendantWidth>0</DescendantWidth><Height>72</Height></GUILayoutItem><GUILayoutItem><Name>Sequence_29</Name><X>1016</X><Y>1096</Y><Width>120</Width><SpacingWidth>1272</SpacingWidth><DescendantWidth>1272</DescendantWidth><Height>96</Height></GUILayoutItem><GUILayoutItem><Name>Sequence_39</Name><X>1376</X><Y>1640</Y><Width>120</Width><SpacingWidth>264</SpacingWidth><DescendantWidth>264</DescendantWidth><Height>96</Height></GUILayoutItem><GUILayoutItem><Name>CorrDataHdr</Name><X>1384</X><Y>1656</Y><Width>104</Width><SpacingWidth>0</SpacingWidth><DescendantWidth>0</DescendantWidth><Height>72</Height></GUILayoutItem><GUILayoutItem><Name>Sequence_40</Name><X>1304</X><Y>1776</Y><Width>120</Width><SpacingWidth>120</SpacingWidth><DescendantWidth>120</DescendantWidth><Height>96</Height></GUILayoutItem><GUILayoutItem><Name>Sequence_41</Name><X>1448</X><Y>1776</Y><Width>120</Width><SpacingWidth>120</SpacingWidth><DescendantWidth>0</DescendantWidth><Height>96</Height></GUILayoutItem><GUILayoutItem><Name>ShowCorr</Name><X>1312</X><Y>1792</Y><Width>104</Width><SpacingWidth>0</SpacingWidth><DescendantWidth>0</DescendantWidth><Height>72</Height></GUILayoutItem><GUILayoutItem><Name>ShowUnCorr</Name><X>1456</X><Y>1792</Y><Width>104</Width><SpacingWidth>0</SpacingWidth><DescendantWidth>0</DescendantWidth><Height>72</Height></GUILayoutItem><GUILayoutItem><Name>Sequence_32</Name><X>1448</X><Y>1232</Y><Width>120</Width><SpacingWidth>408</SpacingWidth><DescendantWidth>408</DescendantWidth><Height>96</Height></GUILayoutItem><GUILayoutItem><Name>Process</Name><X>1456</X><Y>1248</Y><Width>104</Width><SpacingWidth>0</SpacingWidth><DescendantWidth>0</DescendantWidth><Height>72</Height></GUILayoutItem><GUILayoutItem><Name>Sequence_34</Name><X>1448</X><Y>1504</Y><Width>120</Width><SpacingWidth>408</SpacingWidth><DescendantWidth>408</DescendantWidth><Height>96</Height></GUILayoutItem><GUILayoutItem><Name>ResetProcess</Name><X>1456</X><Y>1520</Y><Width>104</Width><SpacingWidth>0</SpacingWidth><DescendantWidth>0</DescendantWidth><Height>72</Height></GUILayoutItem><GUILayoutItem><Name>Sequence_38</Name><X>1304</X><Y>1912</Y><Width>120</Width><SpacingWidth>120</SpacingWidth><DescendantWidth>120</DescendantWidth><Height>96</Height></GUILayoutItem><GUILayoutItem><Name>RepeatOnName</Name><X>1312</X><Y>1928</Y><Width>104</Width><SpacingWidth>0</SpacingWidth><DescendantWidth>0</DescendantWidth><Height>72</Height></GUILayoutItem><GUILayoutItem><Name>Sequence_35</Name><X>1304</X><Y>2048</Y><Width>120</Width><SpacingWidth>120</SpacingWidth><DescendantWidth>120</DescendantWidth><Height>96</Height></GUILayoutItem><GUILayoutItem><Name>RepeatOnValue</Name><X>1312</X><Y>2064</Y><Width>104</Width><SpacingWidth>0</SpacingWidth><DescendantWidth>0</DescendantWidth><Height>72</Height></GUILayoutItem><GUILayoutItem><Name>Sequence_37</Name><X>1304</X><Y>2184</Y><Width>120</Width><SpacingWidth>120</SpacingWidth><DescendantWidth>120</DescendantWidth><Height>96</Height></GUILayoutItem><GUILayoutItem><Name>HaveMatch</Name><X>1312</X><Y>2200</Y><Width>104</Width><SpacingWidth>0</SpacingWidth><DescendantWidth>0</DescendantWidth><Height>72</Height></GUILayoutItem><GUILayoutItem><Name>Sequence_42</Name><X>1304</X><Y>2320</Y><Width>120</Width><SpacingWidth>120</SpacingWidth><DescendantWidth>0</DescendantWidth><Height>96</Height></GUILayoutItem><GUILayoutItem><Name>ShowPair</Name><X>1312</X><Y>2336</Y><Width>104</Width><SpacingWidth>0</SpacingWidth><DescendantWidth>0</DescendantWidth><Height>72</Height></GUILayoutItem><GUILayoutItem><Name>Sequence_44</Name><X>1448</X><Y>1368</Y><Width>120</Width><SpacingWidth>408</SpacingWidth><DescendantWidth>408</DescendantWidth><Height>96</Height></GUILayoutItem><GUILayoutItem><Name>DocuOUT</Name><X>1456</X><Y>1384</Y><Width>104</Width><SpacingWidth>0</SpacingWidth><DescendantWidth>0</DescendantWidth><Height>72</Height></GUILayoutItem><GUILayoutItem><Name>Sequence_43</Name><X>1592</X><Y>1640</Y><Width>120</Width><SpacingWidth>120</SpacingWidth><DescendantWidth>120</DescendantWidth><Height>96</Height></GUILayoutItem><GUILayoutItem><Name>getTrxSystemID</Name><X>1600</X><Y>1656</Y><Width>104</Width><SpacingWidth>0</SpacingWidth><DescendantWidth>0</DescendantWidth><Height>72</Height></GUILayoutItem><GUILayoutItem><Name>Sequence_45</Name><X>1592</X><Y>1776</Y><Width>120</Width><SpacingWidth>120</SpacingWidth><DescendantWidth>120</DescendantWidth><Height>96</Height></GUILayoutItem><GUILayoutItem><Name>AssignTrxID</Name><X>1600</X><Y>1792</Y><Width>104</Width><SpacingWidth>0</SpacingWidth><DescendantWidth>0</DescendantWidth><Height>72</Height></GUILayoutItem><GUILayoutItem><Name>Sequence_46</Name><X>1592</X><Y>1912</Y><Width>120</Width><SpacingWidth>120</SpacingWidth><DescendantWidth>0</DescendantWidth><Height>96</Height></GUILayoutItem><GUILayoutItem><Name>ShowTrxID</Name><X>1600</X><Y>1928</Y><Width>104</Width><SpacingWidth>0</SpacingWidth><DescendantWidth>0</DescendantWidth><Height>72</Height></GUILayoutItem></Layout><Actions><ContextItem><Name>ShowParam</Name><Description/><MinRange>0</MinRange><MaxRange>0</MaxRange><Value xsi:type="Tracer"><Message/><Level>INFO</Level></Value><ReadOnly>false</ReadOnly><AlertXMLAssigned>false</AlertXMLAssigned></ContextItem><ContextItem><Name>debug_0</Name><Description/><MinRange>0</MinRange><MaxRange>0</MaxRange><Value xsi:type="ConditionalAction"><Output>false</Output><InputCount>1</InputCount><LogicalAnd>false</LogicalAnd><Input1>false</Input1></Value><ReadOnly>false</ReadOnly><AlertXMLAssigned>false</AlertXMLAssigned></ContextItem><ContextItem><Name>Exception_Enabler_0</Name><Description/><MinRange>0</MinRange><MaxRange>0</MaxRange><Value xsi:type="ExceptionEnabler"><EnableActionExceptions>true</EnableActionExceptions><EnableLinkExceptions>true</EnableLinkExceptions></Value><ReadOnly>false</ReadOnly><AlertXMLAssigned>false</AlertXMLAssigned></ContextItem><ContextItem><Name>WriteMSG</Name><Description/><MinRange>0</MinRange><MaxRange>0</MaxRange><Value xsi:type="WriteFile"><Mode>CREATE</Mode><Path/><Text/><UseBOM>false</UseBOM></Value><ReadOnly>false</ReadOnly><AlertXMLAssigned>false</AlertXMLAssigned></ContextItem><ContextItem><Name>ShowMSGFile</Name><Description/><MinRange>0</MinRange><MaxRange>0</MaxRange><Value xsi:type="Tracer"><Message/><Level>INFO</Level></Value><ReadOnly>false</ReadOnly><AlertXMLAssigned>false</AlertXMLAssigned></ContextItem><ContextItem><Name>Catch_0</Name><Description/><MinRange>0</MinRange><MaxRange>0</MaxRange><Value xsi:type="CatchAction"/><ReadOnly>false</ReadOnly><AlertXMLAssigned>false</AlertXMLAssigned></ContextItem><ContextItem><Name>ShowErr_0</Name><Description/><MinRange>0</MinRange><MaxRange>0</MaxRange><Value xsi:type="Tracer"><Message/><Level>INFO</Level></Value><ReadOnly>false</ReadOnly><AlertXMLAssigned>false</AlertXMLAssigned></ContextItem><ContextItem><Name>ShowMSG</Name><Description/><MinRange>0</MinRange><MaxRange>0</MaxRange><Value xsi:type="Tracer"><Message/><Level>INFO</Level></Value><ReadOnly>false</ReadOnly><AlertXMLAssigned>false</AlertXMLAssigned></ContextItem><ContextItem><Name>AssignLocal</Name><Description/><MinRange>0</MinRange><MaxRange>0</MaxRange><Value xsi:type="Assignment"/><ReadOnly>false</ReadOnly><AlertXMLAssigned>false</AlertXMLAssigned></ContextItem><ContextItem><Name>ShowLocal</Name><Description/><MinRange>0</MinRange><MaxRange>0</MaxRange><Value xsi:type="Tracer"><Message/><Level>INFO</Level></Value><ReadOnly>false</ReadOnly><AlertXMLAssigned>false</AlertXMLAssigned></ContextItem><ContextItem><Name>AssignNamePath</Name><Description/><MinRange>0</MinRange><MaxRange>0</MaxRange><Value xsi:type="Assignment"/><ReadOnly>false</ReadOnly><AlertXMLAssigned>false</AlertXMLAssigned></ContextItem><ContextItem><Name>getFileContents</Name><Description/><MinRange>0</MinRange><MaxRange>0</MaxRange><Value xsi:type="IlluminatorPCoQueryObject"><Timeout>60</Timeout><QueryParameters/><QueryTemplate>MESM/PCOFILEMON/QUERIES/getFileContents</QueryTemplate><QueryStartDate>2016-10-25T16:29:47</QueryStartDate><QueryEndDate>2016-10-25T16:29:47</QueryEndDate><SQLTransaction/><Results><ReferenceDocumentSource/>&lt;?xml version="1.0" encoding="UTF-8"?&gt;&lt;Rowsets CachedTime="" DateCreated="2016-10-25T17:11:43" EndDate="2016-10-25T17:11:43" StartDate="2016-10-25T16:11:43" Version="15.0 SP7 Patch 12 (07-Sep-2016)"&gt;&lt;Rowset&gt;&lt;Columns&gt;&lt;Column Description="DateTime" MaxRange="0" MinRange="0" Name="DateTime" SQLDataType="93" SourceColumn="DateTime"/&gt;&lt;Column Description="" MaxRange="0" MinRange="0" Name="_0000005.csv" SQLDataType="-1" SourceColumn="0000005.csv"/&gt;&lt;/Columns&gt;&lt;Row&gt;&lt;DateTime&gt;2016-10-25T17:11:43&lt;/DateTime&gt;&lt;_0000005.csv&gt;F Number: 3383557   &#13;
VERSION : ArcTool              &#13;
$VERSION: V8.30146      1/15/2016&#13;
DATE:     13-OCT-16 15:08:06 &#13;
&#13;
ARC Weld Process Summary File&#13;
HIST_IDX,PROGRAM,PROCESS_ID,TOUCHUP_TIME,EXEC_TIME,Faults,Bookmark,Weld time ( H:M:S),Weld distance ( mm),Weld heat ( J),Wire length ( mm),Current ( A),Voltage ( V),Wire feed speed ( mm/sec),Travel speed ( mm/sec),Arc detect time ( ms),Start faults,Start retries,End faults,Wiresticks,Disabled,Aborted,&#13;
  1,M180_SRW_RH_S2,20, 13-OCT-16 15:05:42 , 13-OCT-16 15:05:40  ,None ,00-0-80 00:00:00  ,00:00:01.993 ,  16.3 ,5745.0 , 138.3 , 153.6 ,  21.0 ,  77.1 ,   8.2 ,   514 ,     0 ,     0 ,     0 ,     0 ,     0 ,     0 ,&#13;
 , , , ,AVG,0.00,0.00,1993.00,16.31,5745.00,138.28,153.62,20.98,77.06,8.18,514.00,0.00,0.00,0.00,0.00,0.00,0.00,&#13;
 , , , ,MAX,0.00,0.00,1993.00,16.31,5745.00,138.28,153.62,20.98,77.06,8.18,514.00,0.00,0.00,0.00,0.00,0.00,0.00,&#13;
 , , , ,MIN,0.00,0.00,1993.00,16.31,5745.00,138.28,153.62,20.98,77.06,8.18,514.00,0.00,0.00,0.00,0.00,0.00,0.00,&#13;
  1,M180_SRW_RH_S2,21, 13-OCT-16 15:05:44 , 13-OCT-16 15:05:42  ,None ,00-0-80 00:00:00  ,00:00:01.101 ,   5.3 ,2746.0 ,  70.8 , 162.8 ,  18.5 ,  80.3 ,   4.8 ,   170 ,     0 ,     0 ,     0 ,     0 ,     0 ,     0 ,&#13;
 , , , ,AVG,0.00,0.00,1101.00,5.27,2746.00,70.83,162.80,18.47,80.33,4.79,170.00,0.00,0.00,0.00,0.00,0.00,0.00,&#13;
 , , , ,MAX,0.00,0.00,1101.00,5.27,2746.00,70.83,162.80,18.47,80.33,4.79,170.00,0.00,0.00,0.00,0.00,0.00,0.00,&#13;
 , , , ,MIN,0.00,0.00,1101.00,5.27,2746.00,70.83,162.80,18.47,80.33,4.79,170.00,0.00,0.00,0.00,0.00,0.00,0.00,&#13;
  1,M180_SRW_RH_S2,29, 13-OCT-16 15:05:50 , 13-OCT-16 15:05:48  ,None ,00-0-80 00:00:00  ,00:00:02.617 ,  20.1 ,9319.0 , 218.0 , 173.7 ,  22.1 ,  91.7 ,   7.7 ,   458 ,     0 ,     0 ,     0 ,     0 ,     0 ,     0 ,&#13;
 , , , ,AVG,0.00,0.00,2617.00,20.05,9319.00,218.01,173.75,22.08,91.67,7.66,458.00,0.00,0.00,0.00,0.00,0.00,0.00,&#13;
 , , , ,MAX,0.00,0.00,2617.00,20.05,9319.00,218.01,173.75,22.08,91.67,7.66,458.00,0.00,0.00,0.00,0.00,0.00,0.00,&#13;
 , , , ,MIN,0.00,0.00,2617.00,20.05,9319.00,218.01,173.75,22.08,91.67,7.66,458.00,0.00,0.00,0.00,0.00,0.00,0.00,&#13;
  1,M180_SRW_RH_S2,30, 13-OCT-16 15:05:56 , 13-OCT-16 15:05:52  ,None ,00-0-80 00:00:00  ,00:00:01.777 ,  13.7 ,5875.0 , 128.3 , 159.3 ,  24.2 ,  90.5 ,   7.7 ,   466 ,     0 ,     0 ,     0 ,     0 ,     0 ,     0 ,&#13;
 , , , ,AVG,0.00,0.00,1777.00,13.68,5875.00,128.29,159.26,24.17,90.52,7.70,466.00,0.00,0.00,0.00,0.00,0.00,0.00,&#13;
 , , , ,MAX,0.00,0.00,1777.00,13.68,5875.00,128.29,159.26,24.17,90.52,7.70,466.00,0.00,0.00,0.00,0.00,0.00,0.00,&#13;
 , , , ,MIN,0.00,0.00,1777.00,13.68,5875.00,128.29,159.26,24.17,90.52,7.70,466.00,0.00,0.00,0.00,0.00,0.00,0.00,&#13;
  1,M180_SRW_RH_S2,27, 13-OCT-16 15:06:16 , 13-OCT-16 15:05:56  ,None ,00-0-80 00:00:00  ,00:00:18.946 , 129.1 ,91001.0 ,2683.8 , 224.7 ,  21.3 , 141.5 ,   6.8 ,   286 ,     0 ,     0 ,     0 ,     0 ,     0 ,     0 ,&#13;
 , , , ,AVG,0.00,0.00,18946.00,129.15,91001.00,2683.75,224.70,21.27,141.52,6.82,286.00,0.00,0.00,0.00,0.00,0.00,0.00,&#13;
 , , , ,MAX,0.00,0.00,18946.00,129.15,91001.00,2683.75,224.70,21.27,141.52,6.82,286.00,0.00,0.00,0.00,0.00,0.00,0.00,&#13;
 , , , ,MIN,0.00,0.00,18946.00,129.15,91001.00,2683.75,224.70,21.27,141.52,6.82,286.00,0.00,0.00,0.00,0.00,0.00,0.00,&#13;
  1,M180_SRW_RH_S2,28, 13-OCT-16 15:06:38 , 13-OCT-16 15:06:18  ,None ,00-0-80 00:00:00  ,00:00:18.311 , 126.1 ,87142.0 ,2580.2 , 222.5 ,  21.6 , 142.7 ,   6.9 ,   358 ,     0 ,     0 ,     0 ,     0 ,     0 ,     0 ,&#13;
 , , , ,AVG,0.00,0.00,18311.00,126.06,87142.00,2580.23,222.48,21.64,142.74,6.88,358.00,0.00,0.00,0.00,0.00,0.00,0.00,&#13;
 , , , ,MAX,0.00,0.00,18311.00,126.06,87142.00,2580.23,222.48,21.64,142.74,6.88,358.00,0.00,0.00,0.00,0.00,0.00,0.00,&#13;
 , , , ,MIN,0.00,0.00,18311.00,126.06,87142.00,2580.23,222.48,21.64,142.74,6.88,358.00,0.00,0.00,0.00,0.00,0.00,0.00,&#13;
  1,M180_SRW_RH_S2,22, 13-OCT-16 15:06:54 , 13-OCT-16 15:06:40  ,None ,00-0-80 00:00:00  ,00:00:13.354 ,  98.8 ,55336.0 ,1410.7 , 186.3 ,  22.7 , 107.7 ,   7.4 ,   238 ,     0 ,     0 ,     0 ,     0 ,     0 ,     0 ,&#13;
 , , , ,AVG,0.00,0.00,13354.00,98.81,55336.00,1410.72,186.32,22.74,107.72,7.40,238.00,0.00,0.00,0.00,0.00,0.00,0.00,&#13;
 , , , ,MAX,0.00,0.00,13354.00,98.81,55336.00,1410.72,186.32,22.74,107.72,7.40,238.00,0.00,0.00,0.00,0.00,0.00,0.00,&#13;
 , , , ,MIN,0.00,0.00,13354.00,98.81,55336.00,1410.72,186.32,22.74,107.72,7.40,238.00,0.00,0.00,0.00,0.00,0.00,0.00,&#13;
  1,M180_SRW_RH_S2,26, 13-OCT-16 15:07:10 , 13-OCT-16 15:06:56  ,None ,00-0-80 00:00:00  ,00:00:13.294 ,  98.4 ,56248.0 ,1406.0 , 186.1 ,  23.1 , 107.1 ,   7.4 ,   310 ,     0 ,     0 ,     0 ,     0 ,     0 ,     0 ,&#13;
 , , , ,AVG,0.00,0.00,13294.00,98.35,56248.00,1405.95,186.06,23.10,107.12,7.40,310.00,0.00,0.00,0.00,0.00,0.00,0.00,&#13;
 , , , ,MAX,0.00,0.00,13294.00,98.35,56248.00,1405.95,186.06,23.10,107.12,7.40,310.00,0.00,0.00,0.00,0.00,0.00,0.00,&#13;
 , , , ,MIN,0.00,0.00,13294.00,98.35,56248.00,1405.95,186.06,23.10,107.12,7.40,310.00,0.00,0.00,0.00,0.00,0.00,0.00,&#13;
  1,M180_SRW_RH_S2,23, 13-OCT-16 15:07:20 , 13-OCT-16 15:07:12  ,None ,00-0-80 00:00:00  ,00:00:06.112 ,  42.7 ,24847.0 , 660.1 , 189.4 ,  22.3 , 110.3 ,   7.0 ,   196 ,     0 ,     0 ,     0 ,     0 ,     0 ,     0 ,&#13;
 , , , ,AVG,0.00,0.00,6112.00,42.73,24847.00,660.10,189.37,22.28,110.33,6.99,196.00,0.00,0.00,0.00,0.00,0.00,0.00,&#13;
 , , , ,MAX,0.00,0.00,6112.00,42.73,24847.00,660.10,189.37,22.28,110.33,6.99,196.00,0.00,0.00,0.00,0.00,0.00,0.00,&#13;
 , , , ,MIN,0.00,0.00,6112.00,42.73,24847.00,660.10,189.37,22.28,110.33,6.99,196.00,0.00,0.00,0.00,0.00,0.00,0.00,&#13;
  1,M180_SRW_RH_S2,24, 13-OCT-16 15:07:28 , 13-OCT-16 15:07:22  ,None ,00-0-80 00:00:00  ,00:00:05.830 ,  39.8 ,23737.0 , 604.8 , 190.6 ,  22.5 , 109.5 ,   6.8 ,   250 ,     0 ,     0 ,     0 ,     0 ,     0 ,     0 ,&#13;
 , , , ,AVG,0.00,0.00,5830.00,39.81,23737.00,604.80,190.55,22.46,109.53,6.83,250.00,0.00,0.00,0.00,0.00,0.00,0.00,&#13;
 , , , ,MAX,0.00,0.00,5830.00,39.81,23737.00,604.80,190.55,22.46,109.53,6.83,250.00,0.00,0.00,0.00,0.00,0.00,0.00,&#13;
 , , , ,MIN,0.00,0.00,5830.00,39.81,23737.00,604.80,190.55,22.46,109.53,6.83,250.00,0.00,0.00,0.00,0.00,0.00,0.00,&#13;
  1,M180_SRW_RH_S2,25, 13-OCT-16 15:07:44 , 13-OCT-16 15:07:32  ,None ,00-0-80 00:00:00  ,00:00:10.988 ,  78.2 ,46119.0 ,1114.2 , 190.6 ,  22.7 , 104.4 ,   7.1 ,   444 ,     0 ,     0 ,     0 ,     0 ,     0 ,     0 ,&#13;
 , , , ,AVG,0.00,0.00,10988.00,78.22,46119.00,1114.18,190.58,22.73,104.39,7.12,444.00,0.00,0.00,0.00,0.00,0.00,0.00,&#13;
 , , , ,MAX,0.00,0.00,10988.00,78.22,46119.00,1114.18,190.58,22.73,104.39,7.12,444.00,0.00,0.00,0.00,0.00,0.00,0.00,&#13;
 , , , ,MIN,0.00,0.00,10988.00,78.22,46119.00,1114.18,190.58,22.73,104.39,7.12,444.00,0.00,0.00,0.00,0.00,0.00,0.00,&lt;/_0000005.csv&gt;&lt;/Row&gt;&lt;/Rowset&gt;&lt;/Rowsets&gt;</Results><TagList/></Value><SchemaURI/><SchemaElement/><ValidateXMLOnExecution>1</ValidateXMLOnExecution><ReadOnly>false</ReadOnly><AlertXMLAssigned>false</AlertXMLAssigned></ContextItem><ContextItem><Name>ContentOK</Name><Description/><MinRange>0</MinRange><MaxRange>0</MaxRange><Value xsi:type="ConditionalAction"><Output>false</Output><InputCount>1</InputCount><LogicalAnd>false</LogicalAnd><Input1>false</Input1></Value><ReadOnly>false</ReadOnly><AlertXMLAssigned>false</AlertXMLAssigned></ContextItem><ContextItem><Name>ShowErr_1</Name><Description/><MinRange>0</MinRange><MaxRange>0</MaxRange><Value xsi:type="Tracer"><Message/><Level>INFO</Level></Value><ReadOnly>false</ReadOnly><AlertXMLAssigned>false</AlertXMLAssigned></ContextItem><ContextItem><Name>Flat_File_Parser</Name><Description/><MinRange>0</MinRange><MaxRange>0</MaxRange><Value xsi:type="FlatFileParser"><Input/></Value><ReadOnly>false</ReadOnly><AlertXMLAssigned>false</AlertXMLAssigned></ContextItem><ContextItem><Name>RepeatOnRow</Name><Description/><MinRange>0</MinRange><MaxRange>0</MaxRange><Value xsi:type="RepeaterAction"><Output><ReferenceDocumentSource/>&lt;?xml version="1.0" encoding="UTF-8"?&gt;&lt;Row&gt;&#13;
            &lt;LineNumber&gt;1&lt;/LineNumber&gt;&#13;
            &lt;Line&gt;F Number: 3383557   &lt;/Line&gt;&#13;
        &lt;/Row&gt;</Output><Break>false</Break><ItemCount>0</ItemCount><CurrentItem>0</CurrentItem><Source>Local.XML_CONTENTS{/Rowsets/Rowset/Row}</Source><Item><ReferenceDocumentSource/>&lt;?xml version="1.0" encoding="UTF-8"?&gt;&lt;Row&gt;&#13;
            &lt;LineNumber&gt;1&lt;/LineNumber&gt;&#13;
            &lt;Line&gt;F Number: 3383557   &lt;/Line&gt;&#13;
        &lt;/Row&gt;</Item></Value><SchemaURI/><SchemaElement/><ValidateXMLOnExecution>1</ValidateXMLOnExecution><SchemaURI/><SchemaElement/><ValidateXMLOnExecution>1</ValidateXMLOnExecution><ReadOnly>false</ReadOnly><AlertXMLAssigned>false</AlertXMLAssigned></ContextItem><ContextItem><Name>Line1</Name><Description/><MinRange>0</MinRange><MaxRange>0</MaxRange><Value xsi:type="ConditionalAction"><Output>false</Output><InputCount>1</InputCount><LogicalAnd>false</LogicalAnd><Input1>false</Input1></Value><ReadOnly>false</ReadOnly><AlertXMLAssigned>false</AlertXMLAssigned></ContextItem><ContextItem><Name>AssignFNumber</Name><Description/><MinRange>0</MinRange><MaxRange>0</MaxRange><Value xsi:type="Assignment"/><ReadOnly>false</ReadOnly><AlertXMLAssigned>false</AlertXMLAssigned></ContextItem><ContextItem><Name>Line2</Name><Description/><MinRange>0</MinRange><MaxRange>0</MaxRange><Value xsi:type="ConditionalAction"><Output>false</Output><InputCount>1</InputCount><LogicalAnd>false</LogicalAnd><Input1>false</Input1></Value><ReadOnly>false</ReadOnly><AlertXMLAssigned>false</AlertXMLAssigned></ContextItem><ContextItem><Name>Assign_FVER1</Name><Description/><MinRange>0</MinRange><MaxRange>0</MaxRange><Value xsi:type="Assignment"/><ReadOnly>false</ReadOnly><AlertXMLAssigned>false</AlertXMLAssigned></ContextItem><ContextItem><Name>Line3</Name><Description/><MinRange>0</MinRange><MaxRange>0</MaxRange><Value xsi:type="ConditionalAction"><Output>false</Output><InputCount>1</InputCount><LogicalAnd>false</LogicalAnd><Input1>false</Input1></Value><ReadOnly>false</ReadOnly><AlertXMLAssigned>false</AlertXMLAssigned></ContextItem><ContextItem><Name>Assign_FVER2</Name><Description/><MinRange>0</MinRange><MaxRange>0</MaxRange><Value xsi:type="Assignment"/><ReadOnly>false</ReadOnly><AlertXMLAssigned>false</AlertXMLAssigned></ContextItem><ContextItem><Name>Line4</Name><Description/><MinRange>0</MinRange><MaxRange>0</MaxRange><Value xsi:type="ConditionalAction"><Output>false</Output><InputCount>1</InputCount><LogicalAnd>false</LogicalAnd><Input1>false</Input1></Value><ReadOnly>false</ReadOnly><AlertXMLAssigned>false</AlertXMLAssigned></ContextItem><ContextItem><Name>AssignFDate</Name><Description/><MinRange>0</MinRange><MaxRange>0</MaxRange><Value xsi:type="Assignment"/><ReadOnly>false</ReadOnly><AlertXMLAssigned>false</AlertXMLAssigned></ContextItem><ContextItem><Name>HdrLine</Name><Description/><MinRange>0</MinRange><MaxRange>0</MaxRange><Value xsi:type="ConditionalAction"><Output>false</Output><InputCount>1</InputCount><LogicalAnd>false</LogicalAnd><Input1>false</Input1></Value><ReadOnly>false</ReadOnly><AlertXMLAssigned>false</AlertXMLAssigned></ContextItem><ContextItem><Name>ShowFNumber</Name><Description/><MinRange>0</MinRange><MaxRange>0</MaxRange><Value xsi:type="Tracer"><Message/><Level>INFO</Level></Value><ReadOnly>false</ReadOnly><AlertXMLAssigned>false</AlertXMLAssigned></ContextItem><ContextItem><Name>ShowFVER</Name><Description/><MinRange>0</MinRange><MaxRange>0</MaxRange><Value xsi:type="Tracer"><Message/><Level>INFO</Level></Value><ReadOnly>false</ReadOnly><AlertXMLAssigned>false</AlertXMLAssigned></ContextItem><ContextItem><Name>ShowFDATE</Name><Description/><MinRange>0</MinRange><MaxRange>0</MaxRange><Value xsi:type="Tracer"><Message/><Level>INFO</Level></Value><ReadOnly>false</ReadOnly><AlertXMLAssigned>false</AlertXMLAssigned></ContextItem><ContextItem><Name>Hdr2XML_Parse</Name><Description/><MinRange>0</MinRange><MaxRange>0</MaxRange><Value xsi:type="StringListToXmlConverter"><Input/><TrimWhitespace>false</TrimWhitespace><Delimiter>,</Delimiter><StripQuotes>true</StripQuotes></Value><ReadOnly>false</ReadOnly><AlertXMLAssigned>false</AlertXMLAssigned></ContextItem><ContextItem><Name>ShowHDR</Name><Description/><MinRange>0</MinRange><MaxRange>0</MaxRange><Value xsi:type="Tracer"><Message/><Level>INFO</Level></Value><ReadOnly>false</ReadOnly><AlertXMLAssigned>false</AlertXMLAssigned></ContextItem><ContextItem><Name>DatLine</Name><Description/><MinRange>0</MinRange><MaxRange>0</MaxRange><Value xsi:type="ConditionalAction"><Output>false</Output><InputCount>1</InputCount><LogicalAnd>false</LogicalAnd><Input1>false</Input1></Value><ReadOnly>false</ReadOnly><AlertXMLAssigned>false</AlertXMLAssigned></ContextItem><ContextItem><Name>Dat2XML_Parse</Name><Description/><MinRange>0</MinRange><MaxRange>0</MaxRange><Value xsi:type="StringListToXmlConverter"><Input/><TrimWhitespace>false</TrimWhitespace><Delimiter>,</Delimiter><StripQuotes>true</StripQuotes></Value><ReadOnly>false</ReadOnly><AlertXMLAssigned>false</AlertXMLAssigned></ContextItem><ContextItem><Name>ShowDAT</Name><Description/><MinRange>0</MinRange><MaxRange>0</MaxRange><Value xsi:type="Tracer"><Message/><Level>INFO</Level></Value><ReadOnly>false</ReadOnly><AlertXMLAssigned>false</AlertXMLAssigned></ContextItem><ContextItem><Name>CorrDataHdr</Name><Description/><MinRange>0</MinRange><MaxRange>0</MaxRange><Value xsi:type="ConditionalAction"><Output>false</Output><InputCount>1</InputCount><LogicalAnd>false</LogicalAnd><Input1>false</Input1></Value><ReadOnly>false</ReadOnly><AlertXMLAssigned>false</AlertXMLAssigned></ContextItem><ContextItem><Name>ShowCorr</Name><Description/><MinRange>0</MinRange><MaxRange>0</MaxRange><Value xsi:type="Tracer"><Message/><Level>INFO</Level></Value><ReadOnly>false</ReadOnly><AlertXMLAssigned>false</AlertXMLAssigned></ContextItem><ContextItem><Name>ShowUnCorr</Name><Description/><MinRange>0</MinRange><MaxRange>0</MaxRange><Value xsi:type="Tracer"><Message/><Level>INFO</Level></Value><ReadOnly>false</ReadOnly><AlertXMLAssigned>false</AlertXMLAssigned></ContextItem><ContextItem><Name>Process</Name><Description/><MinRange>0</MinRange><MaxRange>0</MaxRange><Value xsi:type="ConditionalAction"><Output>false</Output><InputCount>1</InputCount><LogicalAnd>false</LogicalAnd><Input1>false</Input1></Value><ReadOnly>false</ReadOnly><AlertXMLAssigned>false</AlertXMLAssigned></ContextItem><ContextItem><Name>ResetProcess</Name><Description/><MinRange>0</MinRange><MaxRange>0</MaxRange><Value xsi:type="Assignment"/><ReadOnly>false</ReadOnly><AlertXMLAssigned>false</AlertXMLAssigned></ContextItem><ContextItem><Name>RepeatOnName</Name><Description/><MinRange>0</MinRange><MaxRange>0</MaxRange><Value xsi:type="RepeaterAction"><Output><ReferenceDocumentSource/>&lt;?xml version="1.0" encoding="UTF-8"?&gt;&lt;Row&gt;&#13;
            &lt;Item&gt;HIST_IDX&lt;/Item&gt;&#13;
        &lt;/Row&gt;</Output><Break>false</Break><ItemCount>0</ItemCount><CurrentItem>0</CurrentItem><Source>Local.XML_HEADER{/Rowsets/Rowset/Row}</Source><Item><ReferenceDocumentSource/>&lt;?xml version="1.0" encoding="UTF-8"?&gt;&lt;Row&gt;&#13;
            &lt;Item&gt;HIST_IDX&lt;/Item&gt;&#13;
        &lt;/Row&gt;</Item></Value><SchemaURI/><SchemaElement/><ValidateXMLOnExecution>1</ValidateXMLOnExecution><SchemaURI/><SchemaElement/><ValidateXMLOnExecution>1</ValidateXMLOnExecution><ReadOnly>false</ReadOnly><AlertXMLAssigned>false</AlertXMLAssigned></ContextItem><ContextItem><Name>RepeatOnValue</Name><Description/><MinRange>0</MinRange><MaxRange>0</MaxRange><Value xsi:type="RepeaterAction"><Output><ReferenceDocumentSource/>&lt;?xml version="1.0" encoding="UTF-8"?&gt;&lt;Row&gt;&#13;
            &lt;Item&gt;1&lt;/Item&gt;&#13;
        &lt;/Row&gt;</Output><Break>false</Break><ItemCount>0</ItemCount><CurrentItem>0</CurrentItem><Source>Local.XML_DATA{/Rowsets/Rowset/Row}</Source><Item><ReferenceDocumentSource/>&lt;?xml version="1.0" encoding="UTF-8"?&gt;&lt;Row&gt;&#13;
            &lt;Item&gt;1&lt;/Item&gt;&#13;
        &lt;/Row&gt;</Item></Value><SchemaURI/><SchemaElement/><ValidateXMLOnExecution>1</ValidateXMLOnExecution><SchemaURI/><SchemaElement/><ValidateXMLOnExecution>1</ValidateXMLOnExecution><ReadOnly>false</ReadOnly><AlertXMLAssigned>false</AlertXMLAssigned></ContextItem><ContextItem><Name>HaveMatch</Name><Description/><MinRange>0</MinRange><MaxRange>0</MaxRange><Value xsi:type="ConditionalAction"><Output>false</Output><InputCount>1</InputCount><LogicalAnd>false</LogicalAnd><Input1>false</Input1></Value><ReadOnly>false</ReadOnly><AlertXMLAssigned>false</AlertXMLAssigned></ContextItem><ContextItem><Name>ShowPair</Name><Description/><MinRange>0</MinRange><MaxRange>0</MaxRange><Value xsi:type="Tracer"><Message/><Level>INFO</Level></Value><ReadOnly>false</ReadOnly><AlertXMLAssigned>false</AlertXMLAssigned></ContextItem><ContextItem><Name>DocuOUT</Name><Description/><MinRange>0</MinRange><MaxRange>0</MaxRange><Value xsi:type="IlluminatorDocument"><EndDate>2016-10-27T21:07:21</EndDate><StartDate>2016-10-27T21:07:21</StartDate><Output><ReferenceDocumentSource/>&lt;?xml version="1.0" encoding="UTF-8"?&gt;&lt;Rowsets DateCreated="2016-10-27T21:07:21" EndDate="2016-10-27T21:07:21" StartDate="2016-10-27T21:07:21" Version="15.0 SP7 Patch 12"/&gt;</Output><ColumnSpecifications/></Value><SchemaURI/><SchemaElement/><ValidateXMLOnExecution>1</ValidateXMLOnExecution><ReadOnly>false</ReadOnly><AlertXMLAssigned>false</AlertXMLAssigned></ContextItem><ContextItem><Name>getTrxSystemID</Name><Description/><MinRange>0</MinRange><MaxRange>0</MaxRange><Value xsi:type="IlluminatorSQLQueryObject"><Timeout>60</Timeout><QueryParameters/><QueryTemplate>MESM/PCO_HANDLER/QUERIES/getTrxSystemID</QueryTemplate><QueryStartDate>2016-05-03T17:47:19</QueryStartDate><QueryEndDate>2016-05-03T17:47:19</QueryEndDate><SQLTransaction/><Results><ReferenceDocumentSource/>&lt;?xml version="1.0" encoding="UTF-8"?&gt;&lt;Rowsets CachedTime="" DateCreated="2016-06-15T08:47:00" EndDate="2016-06-15T08:47:00" StartDate="2016-06-15T07:47:00" Version="15.0 SP4 Patch 11 (Aug 28, 2015)"&gt;&lt;Rowset&gt;&lt;Columns&gt;&lt;Column Description="recordID" MaxRange="1" MinRange="0" Name="recordID" SQLDataType="4" SourceColumn="recordID"/&gt;&lt;/Columns&gt;&lt;Row&gt;&lt;recordID&gt;4&lt;/recordID&gt;&lt;/Row&gt;&lt;/Rowset&gt;&lt;/Rowsets&gt;</Results><TagList/></Value><SchemaURI/><SchemaElement/><ValidateXMLOnExecution>1</ValidateXMLOnExecution><ReadOnly>false</ReadOnly><AlertXMLAssigned>false</AlertXMLAssigned></ContextItem><ContextItem><Name>AssignTrxID</Name><Description/><MinRange>0</MinRange><MaxRange>0</MaxRange><Value xsi:type="Assignment"/><ReadOnly>false</ReadOnly><AlertXMLAssigned>false</AlertXMLAssigned></ContextItem><ContextItem><Name>ShowTrxID</Name><Description/><MinRange>0</MinRange><MaxRange>0</MaxRange><Value xsi:type="Tracer"><Message/><Level>INFO</Level></Value><ReadOnly>false</ReadOnly><AlertXMLAssigned>false</AlertXMLAssigned></ContextItem></Actions><ReaderRoles>SAP_XMII_Super_Administrator,SAP_XMII_Administrator,SAP_XMII_Developer,SAP_XMII_User</ReaderRoles><Steps><Step xsi:type="ActionSequence"><Name>Sequence</Name><Description/><Steps><Step xsi:type="Conditional"><Name>Sequence_3</Name><Description/><Steps><Step xsi:type="ActionSequence"><Name>Sequence_4</Name><Description/><Steps><Step xsi:type="ActionSequence"><Name>Sequence_8</Name><Description/><Steps><Step xsi:type="ActionSequence"><Name>Sequence_7</Name><Description/><Steps/><Actions><Action><Name>ShowMSGFile</Name><Description> </Description><IncomingLinks><Assign xsi:type="Assign"><Name/><Description/><To>ShowMSGFile.Message</To><From>"XML File Saved : " &amp; Transaction.PCo_FileNotifMessage{/NotificationMessage/Header/Description} &amp; "_"
&amp; stringleft(stringright(Transaction.PCo_FileNotifMessage{/NotificationMessage/Body/Values/*[1]},
stringlength(Transaction.PCo_FileNotifMessage{/NotificationMessage/Body/Values/*[1]}) - stringlength(stringleft(Transaction.PCo_FileNotifMessage{/NotificationMessage/Body/Values/*[1]}, 
stringlastindexof(Transaction.PCo_FileNotifMessage{/NotificationMessage/Body/Values/*[1]}, "\\")))), stringlength(stringright(Transaction.PCo_FileNotifMessage{/NotificationMessage/Body/Values/*[1]},
stringlength(Transaction.PCo_FileNotifMessage{/NotificationMessage/Body/Values/*[1]}) - stringlength(stringleft(Transaction.PCo_FileNotifMessage{/NotificationMessage/Body/Values/*[1]}, 
stringlastindexof(Transaction.PCo_FileNotifMessage{/NotificationMessage/Body/Values/*[1]}, "\\")))))-4) &amp; ".xml"</From></Assign></IncomingLinks><OutgoingLinks/></Action></Actions></Step></Steps><Actions><Action><Name>WriteMSG</Name><Description> </Description><IncomingLinks><Assign xsi:type="Assign"><Name/><Description/><To>WriteMSG.Path</To><From>"web://MESM/PCoData/" &amp; 
Transaction.PCo_FileNotifMessage{/NotificationMessage/Header/Description} &amp; "_"
&amp; stringleft(stringright(Transaction.PCo_FileNotifMessage{/NotificationMessage/Body/Values/*[1]},
stringlength(Transaction.PCo_FileNotifMessage{/NotificationMessage/Body/Values/*[1]}) - stringlength(stringleft(Transaction.PCo_FileNotifMessage{/NotificationMessage/Body/Values/*[1]}, 
stringlastindexof(Transaction.PCo_FileNotifMessage{/NotificationMessage/Body/Values/*[1]}, "\\")))), stringlength(stringright(Transaction.PCo_FileNotifMessage{/NotificationMessage/Body/Values/*[1]},
stringlength(Transaction.PCo_FileNotifMessage{/NotificationMessage/Body/Values/*[1]}) - stringlength(stringleft(Transaction.PCo_FileNotifMessage{/NotificationMessage/Body/Values/*[1]}, 
stringlastindexof(Transaction.PCo_FileNotifMessage{/NotificationMessage/Body/Values/*[1]}, "\\")))))-4)
&amp; ".xml"</From></Assign><Assign xsi:type="Assign"><Name/><Description/><To>WriteMSG.Text</To><From>Transaction.PCo_FileNotifMessage</From></Assign></IncomingLinks><OutgoingLinks/></Action></Actions></Step><Step xsi:type="Catch"><Name>Sequence_5</Name><Description/><Steps><Step xsi:type="ActionSequence"><Name>Sequence_6</Name><Description/><Steps/><Actions><Action><Name>ShowErr_0</Name><Description> </Description><IncomingLinks><Assign xsi:type="Assign"><Name/><Description/><To>ShowErr_0.Message</To><From>"Cannot Save Message to File: " &amp; Transaction.PCo_FileNotifMessage</From></Assign></IncomingLinks><OutgoingLinks/></Action></Actions></Step></Steps><Actions><Action><Name>Catch_0</Name><Description>Catches an exception</Description><IncomingLinks/><OutgoingLinks/></Action></Actions></Step></Steps><Actions><Action><Name>Exception_Enabler_0</Name><Description>Enables exceptions.</Description><IncomingLinks/><OutgoingLinks/></Action></Actions></Step><Step xsi:type="ActionSequence"><Name>Sequence_2</Name><Description/><Steps/><Actions><Action><Name>ShowMSG</Name><Description> </Description><IncomingLinks><Assign xsi:type="Assign"><Name/><Description/><To>ShowMSG.Message</To><From>Transaction.PCo_FileNotifMessage</From></Assign></IncomingLinks><OutgoingLinks/></Action></Actions></Step></Steps><Actions><Action><Name>debug_0</Name><Description> </Description><IncomingLinks><Assign xsi:type="Assign"><Name/><Description/><To>debug_0.Input1</To><From>Local.debug</From></Assign></IncomingLinks><OutgoingLinks/></Action></Actions></Step><Step xsi:type="ActionSequence"><Name>Sequence_14</Name><Description/><Steps><Step xsi:type="ActionSequence"><Name>Sequence_18</Name><Description/><Steps><Step xsi:type="ActionSequence"><Name>Sequence_19</Name><Description/><Steps><Step xsi:type="ActionSequence"><Name>Sequence_0</Name><Description/><Steps><Step xsi:type="Conditional"><Name>Sequence_1</Name><Description/><Steps><Step xsi:type="ActionSequence"><Name>Sequence_20</Name><Description/><Steps><Step xsi:type="Repeater"><Name>Sequence_9</Name><Description/><Steps><Step xsi:type="ActionSequence"><Name>Sequence_29</Name><Description/><Steps><Step xsi:type="Conditional"><Name>Sequence_11</Name><Description/><Steps><Step xsi:type="ActionSequence"><Name>Sequence_12</Name><Description/><Steps><Step xsi:type="ActionSequence"><Name>Sequence_26</Name><Description/><Steps/><Actions><Action><Name>ShowFNumber</Name><Description> </Description><IncomingLinks><Assign xsi:type="Assign"><Name/><Description/><To>ShowFNumber.Message</To><From>Local.FILE_NUMBER</From></Assign></IncomingLinks><OutgoingLinks/></Action></Actions></Step></Steps><Actions><Action><Name>AssignFNumber</Name><Description> </Description><IncomingLinks/><OutgoingLinks><Assign xsi:type="Assign"><Name/><Description/><To>Local.FILE_NUMBER</To><From>stringtrim(stringright(RepeatOnRow.Output{/Row/Line},stringlength(RepeatOnRow.Output{/Row/Line})-stringindexof(RepeatOnRow.Output{/Row/Line},":")))</From></Assign></OutgoingLinks></Action></Actions></Step><Step xsi:type="Conditional"><Name>Sequence_22</Name><Description/><Steps><Step xsi:type="ActionSequence"><Name>Sequence_10</Name><Description/><Steps/><Actions><Action><Name>Assign_FVER1</Name><Description> </Description><IncomingLinks/><OutgoingLinks><Assign xsi:type="Assign"><Name/><Description/><To>Local.FILE_VERSION</To><From>stringtrim(stringright(RepeatOnRow.Output{/Row/Line},stringlength(RepeatOnRow.Output{/Row/Line})-stringindexof(RepeatOnRow.Output{/Row/Line},":")))</From></Assign></OutgoingLinks></Action></Actions></Step><Step xsi:type="Conditional"><Name>Sequence_13</Name><Description/><Steps><Step xsi:type="ActionSequence"><Name>Sequence_15</Name><Description/><Steps><Step xsi:type="ActionSequence"><Name>Sequence_27</Name><Description/><Steps/><Actions><Action><Name>ShowFVER</Name><Description> </Description><IncomingLinks><Assign xsi:type="Assign"><Name/><Description/><To>ShowFVER.Message</To><From>Local.FILE_VERSION</From></Assign></IncomingLinks><OutgoingLinks/></Action></Actions></Step></Steps><Actions><Action><Name>Assign_FVER2</Name><Description> </Description><IncomingLinks/><OutgoingLinks><Assign xsi:type="Assign"><Name/><Description/><To>Local.FILE_VERSION</To><From>Local.FILE_VERSION &amp; " " &amp; stringtrim(stringright(RepeatOnRow.Output{/Row/Line},stringlength(RepeatOnRow.Output{/Row/Line})-stringindexof(RepeatOnRow.Output{/Row/Line},":")))</From></Assign></OutgoingLinks></Action></Actions></Step><Step xsi:type="Conditional"><Name>Sequence_16</Name><Description/><Steps><Step xsi:type="ActionSequence"><Name>Sequence_17</Name><Description/><Steps><Step xsi:type="ActionSequence"><Name>Sequence_28</Name><Description/><Steps/><Actions><Action><Name>ShowFDATE</Name><Description> </Description><IncomingLinks><Assign xsi:type="Assign"><Name/><Description/><To>ShowFDATE.Message</To><From>Local.FILE_DATE</From></Assign></IncomingLinks><OutgoingLinks/></Action></Actions></Step></Steps><Actions><Action><Name>AssignFDate</Name><Description> </Description><IncomingLinks/><OutgoingLinks><Assign xsi:type="Assign"><Name/><Description/><To>Local.FILE_DATE</To><From>stringtrim(stringright(RepeatOnRow.Output{/Row/Line},stringlength(RepeatOnRow.Output{/Row/Line})-stringindexof(RepeatOnRow.Output{/Row/Line},":")))</From></Assign></OutgoingLinks></Action></Actions></Step><Step xsi:type="Conditional"><Name>Sequence_23</Name><Description/><Steps><Step xsi:type="ActionSequence"><Name>Sequence_24</Name><Description/><Steps><Step xsi:type="ActionSequence"><Name>Sequence_30</Name><Description/><Steps/><Actions><Action><Name>ShowHDR</Name><Description> </Description><IncomingLinks><Assign xsi:type="Assign"><Name/><Description/><To>ShowHDR.Message</To><From>Local.XML_HEADER</From></Assign></IncomingLinks><OutgoingLinks/></Action></Actions></Step></Steps><Actions><Action><Name>Hdr2XML_Parse</Name><Description> </Description><IncomingLinks><Assign xsi:type="Assign"><Name/><Description/><To>Hdr2XML_Parse.Input</To><From>RepeatOnRow.Output{/Row/Line}</From></Assign><Assign xsi:type="Assign"><Name/><Description/><To>Hdr2XML_Parse.TrimWhitespace</To><From>1</From></Assign><Assign xsi:type="Assign"><Name/><Description/><To>Hdr2XML_Parse.Delimiter</To><From>","</From></Assign><Assign xsi:type="Assign"><Name/><Description/><To>Hdr2XML_Parse.StripQuotes</To><From>1</From></Assign></IncomingLinks><OutgoingLinks><Assign xsi:type="Assign"><Name/><Description/><To>Local.XML_HEADER</To><From>Hdr2XML_Parse.Output</From></Assign></OutgoingLinks></Action></Actions></Step><Step xsi:type="Conditional"><Name>Sequence_25</Name><Description/><Steps><Step xsi:type="ActionSequence"><Name>Sequence_31</Name><Description/><Steps><Step xsi:type="ActionSequence"><Name>Sequence_33</Name><Description/><Steps/><Actions><Action><Name>ShowDAT</Name><Description> </Description><IncomingLinks><Assign xsi:type="Assign"><Name/><Description/><To>ShowDAT.Message</To><From>Local.XML_HEADER</From></Assign></IncomingLinks><OutgoingLinks/></Action></Actions></Step></Steps><Actions><Action><Name>Dat2XML_Parse</Name><Description> </Description><IncomingLinks><Assign xsi:type="Assign"><Name/><Description/><To>Dat2XML_Parse.Input</To><From>RepeatOnRow.Output{/Row/Line}</From></Assign><Assign xsi:type="Assign"><Name/><Description/><To>Dat2XML_Parse.TrimWhitespace</To><From>1</From></Assign><Assign xsi:type="Assign"><Name/><Description/><To>Dat2XML_Parse.Delimiter</To><From>","</From></Assign><Assign xsi:type="Assign"><Name/><Description/><To>Dat2XML_Parse.StripQuotes</To><From>1</From></Assign></IncomingLinks><OutgoingLinks><Assign xsi:type="Assign"><Name/><Description/><To>Local.XML_DATA</To><From>Dat2XML_Parse.Output</From></Assign><Assign xsi:type="Assign"><Name/><Description/><To>Local.XML_PROCESS</To><From>"1"</From></Assign></OutgoingLinks></Action></Actions></Step></Steps><Actions><Action><Name>DatLine</Name><Description> </Description><IncomingLinks><Assign xsi:type="Assign"><Name/><Description/><To>DatLine.Input1</To><From>stringif(stringupper(stringleft(stringtrim(RepeatOnRow.Output{/Row/Line}),1)) == "1",1,0)</From></Assign></IncomingLinks><OutgoingLinks/></Action></Actions></Step></Steps><Actions><Action><Name>HdrLine</Name><Description> </Description><IncomingLinks><Assign xsi:type="Assign"><Name/><Description/><To>HdrLine.Input1</To><From>stringif(stringupper(stringleft(stringtrim(RepeatOnRow.Output{/Row/Line}),1)) == "H",1,0)</From></Assign></IncomingLinks><OutgoingLinks/></Action></Actions></Step></Steps><Actions><Action><Name>Line4</Name><Description> </Description><IncomingLinks><Assign xsi:type="Assign"><Name/><Description/><To>Line4.Input1</To><From>if(RepeatOnRow.Output{/Row/LineNumber}==4,1,0)</From></Assign></IncomingLinks><OutgoingLinks/></Action></Actions></Step></Steps><Actions><Action><Name>Line3</Name><Description> </Description><IncomingLinks><Assign xsi:type="Assign"><Name/><Description/><To>Line3.Input1</To><From>if(RepeatOnRow.Output{/Row/LineNumber}==3,1,0)</From></Assign></IncomingLinks><OutgoingLinks/></Action></Actions></Step></Steps><Actions><Action><Name>Line2</Name><Description> </Description><IncomingLinks><Assign xsi:type="Assign"><Name/><Description/><To>Line2.Input1</To><From>if(RepeatOnRow.Output{/Row/LineNumber}==2,1,0)</From></Assign></IncomingLinks><OutgoingLinks/></Action></Actions></Step></Steps><Actions><Action><Name>Line1</Name><Description> </Description><IncomingLinks><Assign xsi:type="Assign"><Name/><Description/><To>Line1.Input1</To><From>if(RepeatOnRow.Output{/Row/LineNumber}==1,1,0)</From></Assign></IncomingLinks><OutgoingLinks/></Action></Actions></Step><Step xsi:type="Conditional"><Name>Sequence_32</Name><Description/><Steps><Step xsi:type="ActionSequence"><Name>Sequence_44</Name><Description/><Steps><Step xsi:type="ActionSequence"><Name>Sequence_34</Name><Description/><Steps><Step xsi:type="Conditional"><Name>Sequence_39</Name><Description/><Steps><Step xsi:type="ActionSequence"><Name>Sequence_40</Name><Description/><Steps><Step xsi:type="Repeater"><Name>Sequence_38</Name><Description/><Steps><Step xsi:type="Repeater"><Name>Sequence_35</Name><Description/><Steps><Step xsi:type="Conditional"><Name>Sequence_37</Name><Description/><Steps><Step xsi:type="ActionSequence"><Name>Sequence_42</Name><Description/><Steps/><Actions><Action><Name>ShowPair</Name><Description> </Description><IncomingLinks><Assign xsi:type="Assign"><Name/><Description/><To>ShowPair.Message</To><From>" &gt;&gt; " &amp; stringtrim(stringupper(RepeatOnName.Output{/Row/Item})) &amp; " = " &amp; RepeatOnValue.Output{/Row/Item}</From></Assign></IncomingLinks><OutgoingLinks/></Action></Actions></Step></Steps><Actions><Action><Name>HaveMatch</Name><Description> </Description><IncomingLinks><Assign xsi:type="Assign"><Name/><Description/><To>HaveMatch.Input1</To><From>if(RepeatOnName.CurrentItem == RepeatOnValue.CurrentItem,1,0)</From></Assign></IncomingLinks><OutgoingLinks/></Action></Actions></Step></Steps><Actions><Action><Name>RepeatOnValue</Name><Description> </Description><IncomingLinks/><OutgoingLinks/></Action></Actions></Step></Steps><Actions><Action><Name>RepeatOnName</Name><Description> </Description><IncomingLinks/><OutgoingLinks/></Action></Actions></Step></Steps><Actions><Action><Name>ShowCorr</Name><Description> </Description><IncomingLinks><Assign xsi:type="Assign"><Name/><Description/><To>ShowCorr.Message</To><From>" &gt;&gt; " &amp; Local.XML_DATA{count(/Rowsets/Rowset/Row)} &amp; " Correlated Records."</From></Assign></IncomingLinks><OutgoingLinks/></Action></Actions></Step><Step xsi:type="ActionSequence"><Name>Sequence_41</Name><Description/><Steps/><Actions><Action><Name>ShowUnCorr</Name><Description> </Description><IncomingLinks><Assign xsi:type="Assign"><Name/><Description/><To>ShowUnCorr.Message</To><From>" &gt;&gt; Uncorrelated Records -- Data : " &amp; Local.XML_DATA{count(/Rowsets/Rowset/Row)} &amp; " -- Header : "  &amp;  Local.XML_HEADER{count(/Rowsets/Rowset/Row)}</From></Assign></IncomingLinks><OutgoingLinks/></Action></Actions></Step></Steps><Actions><Action><Name>CorrDataHdr</Name><Description> </Description><IncomingLinks><Assign xsi:type="Assign"><Name/><Description/><To>CorrDataHdr.Input1</To><From>if(Local.XML_DATA{count(/Rowsets/Rowset/Row)} == Local.XML_HEADER{count(/Rowsets/Rowset/Row)},1,0)</From></Assign></IncomingLinks><OutgoingLinks/></Action></Actions></Step><Step xsi:type="ActionSequence"><Name>Sequence_43</Name><Description/><Steps><Step xsi:type="ActionSequence"><Name>Sequence_45</Name><Description/><Steps><Step xsi:type="ActionSequence"><Name>Sequence_46</Name><Description/><Steps/><Actions><Action><Name>ShowTrxID</Name><Description> </Description><IncomingLinks><Assign xsi:type="Assign"><Name/><Description/><To>ShowTrxID.Message</To><From>" TrxID " &amp; Local.TRX_ID</From></Assign></IncomingLinks><OutgoingLinks/></Action></Actions></Step></Steps><Actions><Action><Name>AssignTrxID</Name><Description> </Description><IncomingLinks/><OutgoingLinks><Assign xsi:type="Assign"><Name/><Description/><To>Local.TRX_ID</To><From>getTrxSystemID.Results{/Rowsets/Rowset/Row/recordID}</From></Assign></OutgoingLinks></Action></Actions></Step></Steps><Actions><Action><Name>getTrxSystemID</Name><Description>SQL Query</Description><IncomingLinks><Assign xsi:type="Assign"><Name/><Description/><To>getTrxSystemID.Param.1</To><From>Local.TRX_TYPE</From></Assign><Assign xsi:type="Assign"><Name/><Description/><To>getTrxSystemID.Param.2</To><From>Local.TRX_MEMMAPVER</From></Assign><Assign xsi:type="Assign"><Name/><Description/><To>getTrxSystemID.Server</To><From>Transaction.SQL_SERVER</From></Assign></IncomingLinks><OutgoingLinks/></Action></Actions></Step></Steps><Actions><Action><Name>ResetProcess</Name><Description> </Description><IncomingLinks/><OutgoingLinks><Assign xsi:type="Assign"><Name/><Description/><To>Local.XML_PROCESS</To><From>"0"</From></Assign></OutgoingLinks></Action></Actions></Step></Steps><Actions><Action><Name>DocuOUT</Name><Description> </Description><IncomingLinks/><OutgoingLinks/></Action></Actions></Step></Steps><Actions><Action><Name>Process</Name><Description> </Description><IncomingLinks><Assign xsi:type="Assign"><Name/><Description/><To>Process.Input1</To><From>if(Local.XML_PROCESS == 1,1,0)</From></Assign></IncomingLinks><OutgoingLinks/></Action></Actions></Step></Steps><Actions/></Step></Steps><Actions><Action><Name>RepeatOnRow</Name><Description> </Description><IncomingLinks/><OutgoingLinks/></Action></Actions></Step></Steps><Actions><Action><Name>Flat_File_Parser</Name><Description> </Description><IncomingLinks><Assign xsi:type="Assign"><Name/><Description/><To>Flat_File_Parser.Input</To><From>Local.FILE_CONTENTS</From></Assign></IncomingLinks><OutgoingLinks><Assign xsi:type="AssignXml"><Name/><Description/><To>Local.XML_CONTENTS</To><From>Flat_File_Parser.Output</From></Assign></OutgoingLinks></Action></Actions></Step><Step xsi:type="ActionSequence"><Name>Sequence_21</Name><Description/><Steps/><Actions><Action><Name>ShowErr_1</Name><Description> </Description><IncomingLinks><Assign xsi:type="Assign"><Name/><Description/><To>ShowErr_1.Message</To><From>"&gt;&gt; Empty File Content"</From></Assign></IncomingLinks><OutgoingLinks/></Action></Actions></Step></Steps><Actions><Action><Name>ContentOK</Name><Description> </Description><IncomingLinks><Assign xsi:type="Assign"><Name/><Description/><To>ContentOK.Input1</To><From>if(stringlength(Local.FILE_CONTENTS)&gt;0,1,0)</From></Assign></IncomingLinks><OutgoingLinks/></Action></Actions></Step></Steps><Actions><Action><Name>getFileContents</Name><Description>PCo Query</Description><IncomingLinks><Assign xsi:type="Assign"><Name/><Description/><To>getFileContents.Server</To><From>Transaction.PCo_FileNotifMessage{/NotificationMessage/Header/Description}</From></Assign><Assign xsi:type="Assign"><Name/><Description/><To>getFileContents.SelectedTags</To><From>Local.FILE_PATH &amp; Local.FILE_NAME</From></Assign><Assign xsi:type="Assign"><Name/><Description/><To>getFileContents.TagValueEncoded</To><From>false</From></Assign></IncomingLinks><OutgoingLinks><Assign xsi:type="Assign"><Name/><Description/><To>Local.FILE_CONTENTS</To><From>getFileContents.Results{/Rowsets/Rowset/Row/*[2]}</From></Assign></OutgoingLinks></Action></Actions></Step></Steps><Actions><Action><Name>AssignNamePath</Name><Description> </Description><IncomingLinks/><OutgoingLinks><Assign xsi:type="Assign"><Name/><Description/><To>Local.FILE_PATH</To><From>stringleft(Transaction.PCo_FileNotifMessage{/NotificationMessage/Body/Values/*[1]}, 
stringlastindexof(Transaction.PCo_FileNotifMessage{/NotificationMessage/Body/Values/*[1]}, "\\"))</From></Assign><Assign xsi:type="Assign"><Name/><Description/><To>Local.FILE_NAME</To><From>stringright(Transaction.PCo_FileNotifMessage{/NotificationMessage/Body/Values/*[1]},
stringlength(Transaction.PCo_FileNotifMessage{/NotificationMessage/Body/Values/*[1]}) - stringlength(stringleft(Transaction.PCo_FileNotifMessage{/NotificationMessage/Body/Values/*[1]}, 
stringlastindexof(Transaction.PCo_FileNotifMessage{/NotificationMessage/Body/Values/*[1]}, "\\"))))</From></Assign></OutgoingLinks></Action></Actions></Step></Steps><Actions><Action><Name>ShowLocal</Name><Description> </Description><IncomingLinks><Assign xsi:type="Assign"><Name/><Description/><To>ShowLocal.Message</To><From>" &gt;&gt; " &amp; Local.NOTIF_NAME &amp; " @ " &amp;  Local.NOTIF_DESC &amp; " -- New Value : " &amp; Local.NOTIF_VALUE &amp; " -- Timestamp : " &amp; Local.NOTIF_TS &amp; " -- " &amp; Local.NOTIF_QUALITY &amp; " -- Type : " &amp; Local.NOTIF_TYPE</From></Assign></IncomingLinks><OutgoingLinks/></Action></Actions></Step></Steps><Actions><Action><Name>AssignLocal</Name><Description> </Description><IncomingLinks/><OutgoingLinks><Assign xsi:type="Assign"><Name/><Description/><To>Local.NOTIF_NAME</To><From>Transaction.PCo_FileNotifMessage{/NotificationMessage/Header/Name}</From></Assign><Assign xsi:type="Assign"><Name/><Description/><To>Local.NOTIF_DESC</To><From>Transaction.PCo_FileNotifMessage{/NotificationMessage/Header/Description}</From></Assign><Assign xsi:type="Assign"><Name/><Description/><To>Local.NOTIF_TS</To><From>datefromxmlformat(datenow, "yyyy-MM-dd HH:mm:ss")</From></Assign><Assign xsi:type="Assign"><Name/><Description/><To>Local.NOTIF_QUALITY</To><From>stringif(Transaction.PCo_FileNotifMessage{/NotificationMessage/Body/Values/*[1]/@quality}=="None",1,0)</From></Assign><Assign xsi:type="Assign"><Name/><Description/><To>Local.NOTIF_TYPE</To><From>Transaction.PCo_FileNotifMessage{/NotificationMessage/Body/Values/*[1]/@type}</From></Assign><Assign xsi:type="Assign"><Name/><Description/><To>Local.NOTIF_VALUE</To><From>Transaction.PCo_FileNotifMessage{/NotificationMessage/Body/Values/*[1]}</From></Assign></OutgoingLinks></Action></Actions></Step></Steps><Actions><Action><Name>ShowParam</Name><Description> </Description><IncomingLinks><Assign xsi:type="Assign"><Name/><Description/><To>ShowParam.Message</To><From>" &gt;&gt; PCO SQL Server: " &amp; Transaction.SQL_SERVER &amp; " -- MSG: " &amp; Transaction.PCo_FileNotifMessage</From></Assign></IncomingLinks><OutgoingLinks/></Action></Actions></Step></Steps></Transaction>