<?xml version="1.0" encoding="UTF-8"?><Transaction xmlns:xsd="http://www.w3.org/2001/XMLSchema" xmlns:xsi="http://www.w3.org/2001/XMLSchema-instance" Version="15.0.4.11"><TransactionAttributes><ContextItem><Name>Description</Name><Description>Transaction Description</Description><MinRange>0</MinRange><MaxRange>0</MaxRange><Value xsi:type="string"/><ReadOnly>true</ReadOnly><AlertXMLAssigned>false</AlertXMLAssigned></ContextItem><ContextItem><Name>Comments</Name><Description>User Comments</Description><MinRange>0</MinRange><MaxRange>0</MaxRange><Value xsi:type="string"/><ReadOnly>true</ReadOnly><AlertXMLAssigned>false</AlertXMLAssigned></ContextItem><ContextItem><Name>CreatedBy</Name><Description>Created By</Description><MinRange>0</MinRange><MaxRange>0</MaxRange><Value xsi:type="string">RadPa</Value><ReadOnly>true</ReadOnly><AlertXMLAssigned>false</AlertXMLAssigned></ContextItem><ContextItem><Name>CreationDate</Name><Description>Creation Date</Description><MinRange>0</MinRange><MaxRange>0</MaxRange><Value xsi:type="dateTime">2014-04-22T14:01:46</Value><ReadOnly>true</ReadOnly><AlertXMLAssigned>false</AlertXMLAssigned></ContextItem><ContextItem><Name>Category</Name><Description>Transaction Category</Description><MinRange>0</MinRange><MaxRange>0</MaxRange><Value xsi:type="string"/><ReadOnly>true</ReadOnly><AlertXMLAssigned>false</AlertXMLAssigned></ContextItem><ContextItem><Name>Status</Name><Description>Deployment Status</Description><MinRange>0</MinRange><MaxRange>0</MaxRange><Value xsi:type="string">DEVELOPMENT</Value><ReadOnly>true</ReadOnly><AlertXMLAssigned>false</AlertXMLAssigned></ContextItem><ContextItem><Name>LegacyProcessingMode</Name><Description>Support the pre MII 12.1 Transaction Engine.</Description><MinRange>0</MinRange><MaxRange>0</MaxRange><Value xsi:type="boolean">0</Value><ReadOnly>true</ReadOnly><AlertXMLAssigned>false</AlertXMLAssigned></ContextItem><ContextItem><Name>AutoAppendBlankNamespaces</Name><Description>AutoAppendBlankNamespaces</Description><MinRange>0</MinRange><MaxRange>0</MaxRange><Value xsi:type="boolean">1</Value><ReadOnly>true</ReadOnly><AlertXMLAssigned>false</AlertXMLAssigned></ContextItem><ContextItem><Name>ThrowOnLinkError</Name><Description>Throws an exception when a link error occures</Description><MinRange>0</MinRange><MaxRange>0</MaxRange><Value xsi:type="boolean">0</Value><ReadOnly>true</ReadOnly><AlertXMLAssigned>false</AlertXMLAssigned></ContextItem><ContextItem><Name>ThrowOnActionError</Name><Description>Throws an exception when an action error occurs</Description><MinRange>0</MinRange><MaxRange>0</MaxRange><Value xsi:type="boolean">1</Value><ReadOnly>true</ReadOnly><AlertXMLAssigned>false</AlertXMLAssigned></ContextItem><ContextItem><Name>LastEditedBy</Name><Description>Last Edited By</Description><MinRange>0</MinRange><MaxRange>0</MaxRange><Value xsi:type="xsd:string">zarko</Value><ReadOnly>true</ReadOnly><AlertXMLAssigned>false</AlertXMLAssigned></ContextItem><ContextItem><Name>LastEditedDate</Name><Description>Last Edited Date</Description><MinRange>0</MinRange><MaxRange>0</MaxRange><Value xsi:type="xsd:dateTime">2016-04-29T16:18:12</Value><ReadOnly>true</ReadOnly><AlertXMLAssigned>false</AlertXMLAssigned></ContextItem><ContextItem><Name>FormatXMLOnConversion</Name><Description>By default XML will be formatted when assigned from XML data type to String data type. This behaviour can be changed with this flag.</Description><MinRange>0</MinRange><MaxRange>0</MaxRange><Value xsi:type="boolean">1</Value><ReadOnly>true</ReadOnly><AlertXMLAssigned>false</AlertXMLAssigned></ContextItem></TransactionAttributes><Name>MESM/ORDERS/TRANSACTIONS/getHierarchyHeadersForOrder</Name><Version>534</Version><WriterRoles>Everyone,SAP_XMII_Administrator,SAP_XMII_Developer,SAP_XMII_DynamicQuery,SAP_XMII_Super_Administrator,SAP_XMII_User</WriterRoles><Context><ContextItem><Name>HC_OUT</Name><Description>JSON Output</Description><MinRange>0</MinRange><MaxRange>0</MaxRange><Value xsi:type="string"/><ReadOnly>true</ReadOnly><AlertXMLAssigned>false</AlertXMLAssigned></ContextItem><ContextItem><Name>IDPLANT</Name><Description>ID Plant Filter</Description><MinRange>0</MinRange><MaxRange>0</MaxRange><Value xsi:type="string">ALL</Value><ReadOnly>false</ReadOnly><AlertXMLAssigned>false</AlertXMLAssigned></ContextItem><ContextItem><Name>LineID</Name><Description>line ID</Description><MinRange>0</MinRange><MaxRange>0</MaxRange><Value xsi:type="string">15</Value><ReadOnly>false</ReadOnly><AlertXMLAssigned>false</AlertXMLAssigned></ContextItem><ContextItem><Name>SERVER_SQL</Name><Description>SQL server where the data is stored</Description><MinRange>0</MinRange><MaxRange>0</MaxRange><Value xsi:type="string">MESM</Value><ReadOnly>false</ReadOnly><AlertXMLAssigned>false</AlertXMLAssigned></ContextItem></Context><Local><ContextItem><Name>BracketsStr</Name><Description>VAriable - Contains closing curly brackets (if any needed)</Description><MinRange>0</MinRange><MaxRange>0</MaxRange><Value xsi:type="string"/><ReadOnly>false</ReadOnly><AlertXMLAssigned>false</AlertXMLAssigned></ContextItem><ContextItem><Name>content</Name><Description>Variable - Contains output without Header and Footer</Description><MinRange>0</MinRange><MaxRange>0</MaxRange><Value xsi:type="string"/><ReadOnly>false</ReadOnly><AlertXMLAssigned>false</AlertXMLAssigned></ContextItem><ContextItem><Name>DeltaLevel</Name><Description>Variable - Stores the value Local.Level - Local.TempLevel</Description><MinRange>0</MinRange><MaxRange>0</MaxRange><Value xsi:type="integer">0</Value><ReadOnly>false</ReadOnly><AlertXMLAssigned>false</AlertXMLAssigned></ContextItem><ContextItem><Name>footer</Name><Description>Contains two closing curly brackets</Description><MinRange>0</MinRange><MaxRange>0</MaxRange><Value xsi:type="string">} }</Value><ReadOnly>false</ReadOnly><AlertXMLAssigned>false</AlertXMLAssigned></ContextItem><ContextItem><Name>header</Name><Description>Contains Root oData items (two curly brackets open)</Description><MinRange>0</MinRange><MaxRange>0</MaxRange><Value xsi:type="string">{ root : { name : "root"</Value><ReadOnly>false</ReadOnly><AlertXMLAssigned>false</AlertXMLAssigned></ContextItem><ContextItem><Name>Item</Name><Description>Variable - Contains the item</Description><MinRange>0</MinRange><MaxRange>0</MaxRange><Value xsi:type="string"/><ReadOnly>false</ReadOnly><AlertXMLAssigned>false</AlertXMLAssigned></ContextItem><ContextItem><Name>Level</Name><Description>Level ID from the current row</Description><MinRange>0</MinRange><MaxRange>0</MaxRange><Value xsi:type="string"/><ReadOnly>false</ReadOnly><AlertXMLAssigned>false</AlertXMLAssigned></ContextItem><ContextItem><Name>TempLevel</Name><Description>Level ID from the previous row</Description><MinRange>0</MinRange><MaxRange>0</MaxRange><Value xsi:type="string"/><ReadOnly>false</ReadOnly><AlertXMLAssigned>false</AlertXMLAssigned></ContextItem></Local><Layout><GUILayoutItem><Name>Sequence</Name><X>656</X><Y>8</Y><Width>120</Width><SpacingWidth>1416</SpacingWidth><DescendantWidth>1416</DescendantWidth><Height>96</Height></GUILayoutItem><GUILayoutItem><Name>ShowParam</Name><X>664</X><Y>24</Y><Width>104</Width><SpacingWidth>0</SpacingWidth><DescendantWidth>0</DescendantWidth><Height>72</Height></GUILayoutItem><GUILayoutItem><Name>Sequence_4</Name><X>512</X><Y>280</Y><Width>120</Width><SpacingWidth>1128</SpacingWidth><DescendantWidth>1128</DescendantWidth><Height>96</Height></GUILayoutItem><GUILayoutItem><Name>Sequence_2</Name><X>1016</X><Y>552</Y><Width>120</Width><SpacingWidth>120</SpacingWidth><DescendantWidth>0</DescendantWidth><Height>96</Height></GUILayoutItem><GUILayoutItem><Name>Sequence_0</Name><X>512</X><Y>416</Y><Width>120</Width><SpacingWidth>1128</SpacingWidth><DescendantWidth>1128</DescendantWidth><Height>96</Height></GUILayoutItem><GUILayoutItem><Name>UnitData_Ok</Name><X>520</X><Y>432</Y><Width>104</Width><SpacingWidth>0</SpacingWidth><DescendantWidth>0</DescendantWidth><Height>72</Height></GUILayoutItem><GUILayoutItem><Name>Err_1</Name><X>1024</X><Y>568</Y><Width>104</Width><SpacingWidth>0</SpacingWidth><DescendantWidth>0</DescendantWidth><Height>72</Height></GUILayoutItem><GUILayoutItem><Name>Sequence_1</Name><X>440</X><Y>552</Y><Width>120</Width><SpacingWidth>984</SpacingWidth><DescendantWidth>984</DescendantWidth><Height>96</Height></GUILayoutItem><GUILayoutItem><Name>RepeatOnRow</Name><X>448</X><Y>568</Y><Width>104</Width><SpacingWidth>0</SpacingWidth><DescendantWidth>0</DescendantWidth><Height>72</Height></GUILayoutItem><GUILayoutItem><Name>Sequence_9</Name><X>440</X><Y>688</Y><Width>120</Width><SpacingWidth>984</SpacingWidth><DescendantWidth>984</DescendantWidth><Height>96</Height></GUILayoutItem><GUILayoutItem><Name>ShowRow</Name><X>448</X><Y>704</Y><Width>104</Width><SpacingWidth>0</SpacingWidth><DescendantWidth>0</DescendantWidth><Height>72</Height></GUILayoutItem><GUILayoutItem><Name>Sequence_61</Name><X>1304</X><Y>144</Y><Width>120</Width><SpacingWidth>120</SpacingWidth><DescendantWidth>120</DescendantWidth><Height>96</Height></GUILayoutItem><GUILayoutItem><Name>Assign_HC_OUT</Name><X>1312</X><Y>160</Y><Width>104</Width><SpacingWidth>0</SpacingWidth><DescendantWidth>0</DescendantWidth><Height>72</Height></GUILayoutItem><GUILayoutItem><Name>Sequence_60</Name><X>1304</X><Y>280</Y><Width>120</Width><SpacingWidth>120</SpacingWidth><DescendantWidth>0</DescendantWidth><Height>96</Height></GUILayoutItem><GUILayoutItem><Name>ShowHCOutput</Name><X>1312</X><Y>296</Y><Width>104</Width><SpacingWidth>0</SpacingWidth><DescendantWidth>0</DescendantWidth><Height>72</Height></GUILayoutItem><GUILayoutItem><Name>Sequence_16</Name><X>512</X><Y>960</Y><Width>120</Width><SpacingWidth>840</SpacingWidth><DescendantWidth>840</DescendantWidth><Height>96</Height></GUILayoutItem><GUILayoutItem><Name>Sequence_24</Name><X>8</X><Y>960</Y><Width>120</Width><SpacingWidth>120</SpacingWidth><DescendantWidth>120</DescendantWidth><Height>96</Height></GUILayoutItem><GUILayoutItem><Name>Sequence_6</Name><X>440</X><Y>824</Y><Width>120</Width><SpacingWidth>984</SpacingWidth><DescendantWidth>984</DescendantWidth><Height>96</Height></GUILayoutItem><GUILayoutItem><Name>FirstRec</Name><X>448</X><Y>840</Y><Width>104</Width><SpacingWidth>0</SpacingWidth><DescendantWidth>0</DescendantWidth><Height>72</Height></GUILayoutItem><GUILayoutItem><Name>AssignFirst</Name><X>16</X><Y>976</Y><Width>104</Width><SpacingWidth>0</SpacingWidth><DescendantWidth>0</DescendantWidth><Height>72</Height></GUILayoutItem><GUILayoutItem><Name>AssignLevel</Name><X>520</X><Y>976</Y><Width>104</Width><SpacingWidth>0</SpacingWidth><DescendantWidth>0</DescendantWidth><Height>72</Height></GUILayoutItem><GUILayoutItem><Name>Sequence_3</Name><X>512</X><Y>1096</Y><Width>120</Width><SpacingWidth>840</SpacingWidth><DescendantWidth>840</DescendantWidth><Height>96</Height></GUILayoutItem><GUILayoutItem><Name>ShowLevel</Name><X>520</X><Y>1112</Y><Width>104</Width><SpacingWidth>0</SpacingWidth><DescendantWidth>0</DescendantWidth><Height>72</Height></GUILayoutItem><GUILayoutItem><Name>Sequence_7</Name><X>440</X><Y>1232</Y><Width>120</Width><SpacingWidth>696</SpacingWidth><DescendantWidth>696</DescendantWidth><Height>96</Height></GUILayoutItem><GUILayoutItem><Name>Assign_Item</Name><X>448</X><Y>1248</Y><Width>104</Width><SpacingWidth>0</SpacingWidth><DescendantWidth>0</DescendantWidth><Height>72</Height></GUILayoutItem><GUILayoutItem><Name>Sequence_5</Name><X>440</X><Y>1368</Y><Width>120</Width><SpacingWidth>696</SpacingWidth><DescendantWidth>696</DescendantWidth><Height>96</Height></GUILayoutItem><GUILayoutItem><Name>TMP_GT_LVL</Name><X>448</X><Y>1384</Y><Width>104</Width><SpacingWidth>0</SpacingWidth><DescendantWidth>0</DescendantWidth><Height>72</Height></GUILayoutItem><GUILayoutItem><Name>Sequence_8</Name><X>152</X><Y>1504</Y><Width>120</Width><SpacingWidth>120</SpacingWidth><DescendantWidth>0</DescendantWidth><Height>96</Height></GUILayoutItem><GUILayoutItem><Name>Add_Mid_0</Name><X>160</X><Y>1520</Y><Width>104</Width><SpacingWidth>0</SpacingWidth><DescendantWidth>0</DescendantWidth><Height>72</Height></GUILayoutItem><GUILayoutItem><Name>Sequence_10</Name><X>512</X><Y>1504</Y><Width>120</Width><SpacingWidth>552</SpacingWidth><DescendantWidth>552</DescendantWidth><Height>96</Height></GUILayoutItem><GUILayoutItem><Name>TMP_EQ_LVL</Name><X>520</X><Y>1520</Y><Width>104</Width><SpacingWidth>0</SpacingWidth><DescendantWidth>0</DescendantWidth><Height>72</Height></GUILayoutItem><GUILayoutItem><Name>Sequence_11</Name><X>296</X><Y>1640</Y><Width>120</Width><SpacingWidth>120</SpacingWidth><DescendantWidth>0</DescendantWidth><Height>96</Height></GUILayoutItem><GUILayoutItem><Name>Sequence_12</Name><X>584</X><Y>1640</Y><Width>120</Width><SpacingWidth>408</SpacingWidth><DescendantWidth>408</DescendantWidth><Height>96</Height></GUILayoutItem><GUILayoutItem><Name>Add_Mid_1</Name><X>304</X><Y>1656</Y><Width>104</Width><SpacingWidth>0</SpacingWidth><DescendantWidth>0</DescendantWidth><Height>72</Height></GUILayoutItem><GUILayoutItem><Name>ResetBrackets</Name><X>592</X><Y>1656</Y><Width>104</Width><SpacingWidth>0</SpacingWidth><DescendantWidth>0</DescendantWidth><Height>72</Height></GUILayoutItem><GUILayoutItem><Name>Sequence_13</Name><X>584</X><Y>1776</Y><Width>120</Width><SpacingWidth>408</SpacingWidth><DescendantWidth>408</DescendantWidth><Height>96</Height></GUILayoutItem><GUILayoutItem><Name>Assign_DeltaLevel</Name><X>592</X><Y>1792</Y><Width>104</Width><SpacingWidth>0</SpacingWidth><DescendantWidth>0</DescendantWidth><Height>72</Height></GUILayoutItem><GUILayoutItem><Name>Sequence_14</Name><X>584</X><Y>1912</Y><Width>120</Width><SpacingWidth>408</SpacingWidth><DescendantWidth>408</DescendantWidth><Height>96</Height></GUILayoutItem><GUILayoutItem><Name>ShowDeltaLevel</Name><X>592</X><Y>1928</Y><Width>104</Width><SpacingWidth>0</SpacingWidth><DescendantWidth>0</DescendantWidth><Height>72</Height></GUILayoutItem><GUILayoutItem><Name>Sequence_17</Name><X>512</X><Y>2048</Y><Width>120</Width><SpacingWidth>264</SpacingWidth><DescendantWidth>264</DescendantWidth><Height>96</Height></GUILayoutItem><GUILayoutItem><Name>For_Next_Loop_0</Name><X>520</X><Y>2064</Y><Width>104</Width><SpacingWidth>0</SpacingWidth><DescendantWidth>0</DescendantWidth><Height>72</Height></GUILayoutItem><GUILayoutItem><Name>Sequence_18</Name><X>440</X><Y>2184</Y><Width>120</Width><SpacingWidth>120</SpacingWidth><DescendantWidth>0</DescendantWidth><Height>96</Height></GUILayoutItem><GUILayoutItem><Name>Assign_Brackets</Name><X>448</X><Y>2200</Y><Width>104</Width><SpacingWidth>0</SpacingWidth><DescendantWidth>0</DescendantWidth><Height>72</Height></GUILayoutItem><GUILayoutItem><Name>Sequence_19</Name><X>584</X><Y>2184</Y><Width>120</Width><SpacingWidth>120</SpacingWidth><DescendantWidth>0</DescendantWidth><Height>96</Height></GUILayoutItem><GUILayoutItem><Name>Assign_Comma</Name><X>592</X><Y>2200</Y><Width>104</Width><SpacingWidth>0</SpacingWidth><DescendantWidth>0</DescendantWidth><Height>72</Height></GUILayoutItem><GUILayoutItem><Name>Sequence_15</Name><X>728</X><Y>2048</Y><Width>120</Width><SpacingWidth>120</SpacingWidth><DescendantWidth>0</DescendantWidth><Height>96</Height></GUILayoutItem><GUILayoutItem><Name>Add_Mid_2</Name><X>736</X><Y>2064</Y><Width>104</Width><SpacingWidth>0</SpacingWidth><DescendantWidth>0</DescendantWidth><Height>72</Height></GUILayoutItem><GUILayoutItem><Name>Sequence_20</Name><X>872</X><Y>1232</Y><Width>120</Width><SpacingWidth>120</SpacingWidth><DescendantWidth>120</DescendantWidth><Height>96</Height></GUILayoutItem><GUILayoutItem><Name>LastRec</Name><X>880</X><Y>1248</Y><Width>104</Width><SpacingWidth>0</SpacingWidth><DescendantWidth>0</DescendantWidth><Height>72</Height></GUILayoutItem><GUILayoutItem><Name>Sequence_28</Name><X>872</X><Y>1368</Y><Width>120</Width><SpacingWidth>120</SpacingWidth><DescendantWidth>120</DescendantWidth><Height>96</Height></GUILayoutItem><GUILayoutItem><Name>Loop2</Name><X>880</X><Y>1384</Y><Width>104</Width><SpacingWidth>0</SpacingWidth><DescendantWidth>0</DescendantWidth><Height>72</Height></GUILayoutItem><GUILayoutItem><Name>Sequence_29</Name><X>872</X><Y>1504</Y><Width>120</Width><SpacingWidth>120</SpacingWidth><DescendantWidth>120</DescendantWidth><Height>96</Height></GUILayoutItem><GUILayoutItem><Name>CloseItems2</Name><X>880</X><Y>1520</Y><Width>104</Width><SpacingWidth>0</SpacingWidth><DescendantWidth>0</DescendantWidth><Height>72</Height></GUILayoutItem><GUILayoutItem><Name>Sequence_30</Name><X>872</X><Y>1640</Y><Width>120</Width><SpacingWidth>120</SpacingWidth><DescendantWidth>0</DescendantWidth><Height>96</Height></GUILayoutItem><GUILayoutItem><Name>ShowLevels2</Name><X>880</X><Y>1656</Y><Width>104</Width><SpacingWidth>0</SpacingWidth><DescendantWidth>0</DescendantWidth><Height>72</Height></GUILayoutItem><GUILayoutItem><Name>Sequence_21</Name><X>8</X><Y>1096</Y><Width>120</Width><SpacingWidth>120</SpacingWidth><DescendantWidth>120</DescendantWidth><Height>96</Height></GUILayoutItem><GUILayoutItem><Name>OneRecOnly</Name><X>16</X><Y>1112</Y><Width>104</Width><SpacingWidth>0</SpacingWidth><DescendantWidth>0</DescendantWidth><Height>72</Height></GUILayoutItem><GUILayoutItem><Name>Sequence_22</Name><X>8</X><Y>1232</Y><Width>120</Width><SpacingWidth>120</SpacingWidth><DescendantWidth>0</DescendantWidth><Height>96</Height></GUILayoutItem><GUILayoutItem><Name>CloseBracket</Name><X>16</X><Y>1248</Y><Width>104</Width><SpacingWidth>0</SpacingWidth><DescendantWidth>0</DescendantWidth><Height>72</Height></GUILayoutItem><GUILayoutItem><Name>Sequence_23</Name><X>584</X><Y>144</Y><Width>120</Width><SpacingWidth>1272</SpacingWidth><DescendantWidth>1272</DescendantWidth><Height>96</Height></GUILayoutItem><GUILayoutItem><Name>Sequence_26</Name><X>1160</X><Y>416</Y><Width>120</Width><SpacingWidth>120</SpacingWidth><DescendantWidth>0</DescendantWidth><Height>96</Height></GUILayoutItem><GUILayoutItem><Name>Exception_Enabler_0</Name><X>592</X><Y>160</Y><Width>104</Width><SpacingWidth>0</SpacingWidth><DescendantWidth>0</DescendantWidth><Height>72</Height></GUILayoutItem><GUILayoutItem><Name>Sequence_25</Name><X>1160</X><Y>280</Y><Width>120</Width><SpacingWidth>120</SpacingWidth><DescendantWidth>120</DescendantWidth><Height>96</Height></GUILayoutItem><GUILayoutItem><Name>Catch_0</Name><X>1168</X><Y>296</Y><Width>104</Width><SpacingWidth>0</SpacingWidth><DescendantWidth>0</DescendantWidth><Height>72</Height></GUILayoutItem><GUILayoutItem><Name>Err_0</Name><X>1168</X><Y>432</Y><Width>104</Width><SpacingWidth>0</SpacingWidth><DescendantWidth>0</DescendantWidth><Height>72</Height></GUILayoutItem><GUILayoutItem><Name>getUnitsData</Name><X>520</X><Y>296</Y><Width>104</Width><SpacingWidth>0</SpacingWidth><DescendantWidth>0</DescendantWidth><Height>72</Height></GUILayoutItem></Layout><Actions><ContextItem><Name>ShowParam</Name><Description/><MinRange>0</MinRange><MaxRange>0</MaxRange><Value xsi:type="Tracer"><Message/><Level>INFO</Level></Value><ReadOnly>false</ReadOnly><AlertXMLAssigned>false</AlertXMLAssigned></ContextItem><ContextItem><Name>UnitData_Ok</Name><Description/><MinRange>0</MinRange><MaxRange>0</MaxRange><Value xsi:type="ConditionalAction"><Output>false</Output><InputCount>1</InputCount><LogicalAnd>false</LogicalAnd><Input1>false</Input1></Value><ReadOnly>false</ReadOnly><AlertXMLAssigned>false</AlertXMLAssigned></ContextItem><ContextItem><Name>Err_1</Name><Description/><MinRange>0</MinRange><MaxRange>0</MaxRange><Value xsi:type="Tracer"><Message/><Level>INFO</Level></Value><ReadOnly>false</ReadOnly><AlertXMLAssigned>false</AlertXMLAssigned></ContextItem><ContextItem><Name>RepeatOnRow</Name><Description/><MinRange>0</MinRange><MaxRange>0</MaxRange><Value xsi:type="RepeaterAction"><Output><ReferenceDocumentSource/>&lt;?xml version="1.0" encoding="UTF-8"?&gt;&lt;Row&gt;&lt;recordID&gt;3&lt;/recordID&gt;&lt;unitType&gt;3&lt;/unitType&gt;&lt;unitName&gt;BIRMINGHAM UK&lt;/unitName&gt;&lt;unitDescr&gt;BIRMINGHAM UK MES WO INTERFACE&lt;/unitDescr&gt;&lt;idUnitParent&gt;0&lt;/idUnitParent&gt;&lt;unitActive&gt;0&lt;/unitActive&gt;&lt;src&gt;Common/img/blank.png&lt;/src&gt;&lt;unitSqlServer&gt;MESM&lt;/unitSqlServer&gt;&lt;unitSAPID&gt;1003&lt;/unitSAPID&gt;&lt;ModifiedBy&gt;RadPa&lt;/ModifiedBy&gt;&lt;ModifiedOn&gt;2016-03-15T00:00:00&lt;/ModifiedOn&gt;&lt;CreatedBy&gt;RadPa&lt;/CreatedBy&gt;&lt;CreatedOn&gt;2016-03-15T00:00:00&lt;/CreatedOn&gt;&lt;Path&gt;1&lt;/Path&gt;&lt;grpCount&gt;0&lt;/grpCount&gt;&lt;Level&gt;1&lt;/Level&gt;&lt;SortOrder&gt;1&lt;/SortOrder&gt;&lt;childID&gt;0&lt;/childID&gt;&lt;/Row&gt;</Output><Break>false</Break><ItemCount>0</ItemCount><CurrentItem>0</CurrentItem><Source>getUnitsData.Results{/Rowsets/Rowset/Row}</Source><Item><ReferenceDocumentSource/>&lt;?xml version="1.0" encoding="UTF-8"?&gt;&lt;Row&gt;&lt;recordID&gt;3&lt;/recordID&gt;&lt;unitType&gt;3&lt;/unitType&gt;&lt;unitName&gt;BIRMINGHAM UK&lt;/unitName&gt;&lt;unitDescr&gt;BIRMINGHAM UK MES WO INTERFACE&lt;/unitDescr&gt;&lt;idUnitParent&gt;0&lt;/idUnitParent&gt;&lt;unitActive&gt;0&lt;/unitActive&gt;&lt;src&gt;Common/img/blank.png&lt;/src&gt;&lt;unitSqlServer&gt;MESM&lt;/unitSqlServer&gt;&lt;unitSAPID&gt;1003&lt;/unitSAPID&gt;&lt;ModifiedBy&gt;RadPa&lt;/ModifiedBy&gt;&lt;ModifiedOn&gt;2016-03-15T00:00:00&lt;/ModifiedOn&gt;&lt;CreatedBy&gt;RadPa&lt;/CreatedBy&gt;&lt;CreatedOn&gt;2016-03-15T00:00:00&lt;/CreatedOn&gt;&lt;Path&gt;1&lt;/Path&gt;&lt;grpCount&gt;0&lt;/grpCount&gt;&lt;Level&gt;1&lt;/Level&gt;&lt;SortOrder&gt;1&lt;/SortOrder&gt;&lt;childID&gt;0&lt;/childID&gt;&lt;/Row&gt;</Item></Value><SchemaURI/><SchemaElement/><ValidateXMLOnExecution>1</ValidateXMLOnExecution><SchemaURI/><SchemaElement/><ValidateXMLOnExecution>1</ValidateXMLOnExecution><ReadOnly>false</ReadOnly><AlertXMLAssigned>false</AlertXMLAssigned></ContextItem><ContextItem><Name>ShowRow</Name><Description/><MinRange>0</MinRange><MaxRange>0</MaxRange><Value xsi:type="Tracer"><Message/><Level>INFO</Level></Value><ReadOnly>false</ReadOnly><AlertXMLAssigned>false</AlertXMLAssigned></ContextItem><ContextItem><Name>Assign_HC_OUT</Name><Description/><MinRange>0</MinRange><MaxRange>0</MaxRange><Value xsi:type="Assignment"/><ReadOnly>false</ReadOnly><AlertXMLAssigned>false</AlertXMLAssigned></ContextItem><ContextItem><Name>ShowHCOutput</Name><Description/><MinRange>0</MinRange><MaxRange>0</MaxRange><Value xsi:type="Tracer"><Message/><Level>INFO</Level></Value><ReadOnly>false</ReadOnly><AlertXMLAssigned>false</AlertXMLAssigned></ContextItem><ContextItem><Name>FirstRec</Name><Description/><MinRange>0</MinRange><MaxRange>0</MaxRange><Value xsi:type="ConditionalAction"><Output>false</Output><InputCount>1</InputCount><LogicalAnd>false</LogicalAnd><Input1>false</Input1></Value><ReadOnly>false</ReadOnly><AlertXMLAssigned>false</AlertXMLAssigned></ContextItem><ContextItem><Name>AssignFirst</Name><Description/><MinRange>0</MinRange><MaxRange>0</MaxRange><Value xsi:type="Assignment"/><ReadOnly>false</ReadOnly><AlertXMLAssigned>false</AlertXMLAssigned></ContextItem><ContextItem><Name>AssignLevel</Name><Description/><MinRange>0</MinRange><MaxRange>0</MaxRange><Value xsi:type="Assignment"/><ReadOnly>false</ReadOnly><AlertXMLAssigned>false</AlertXMLAssigned></ContextItem><ContextItem><Name>ShowLevel</Name><Description/><MinRange>0</MinRange><MaxRange>0</MaxRange><Value xsi:type="Tracer"><Message/><Level>INFO</Level></Value><ReadOnly>false</ReadOnly><AlertXMLAssigned>false</AlertXMLAssigned></ContextItem><ContextItem><Name>Assign_Item</Name><Description/><MinRange>0</MinRange><MaxRange>0</MaxRange><Value xsi:type="Assignment"/><ReadOnly>false</ReadOnly><AlertXMLAssigned>false</AlertXMLAssigned></ContextItem><ContextItem><Name>TMP_GT_LVL</Name><Description/><MinRange>0</MinRange><MaxRange>0</MaxRange><Value xsi:type="ConditionalAction"><Output>false</Output><InputCount>1</InputCount><LogicalAnd>false</LogicalAnd><Input1>false</Input1></Value><ReadOnly>false</ReadOnly><AlertXMLAssigned>false</AlertXMLAssigned></ContextItem><ContextItem><Name>Add_Mid_0</Name><Description/><MinRange>0</MinRange><MaxRange>0</MaxRange><Value xsi:type="Assignment"/><ReadOnly>false</ReadOnly><AlertXMLAssigned>false</AlertXMLAssigned></ContextItem><ContextItem><Name>TMP_EQ_LVL</Name><Description/><MinRange>0</MinRange><MaxRange>0</MaxRange><Value xsi:type="ConditionalAction"><Output>false</Output><InputCount>1</InputCount><LogicalAnd>false</LogicalAnd><Input1>false</Input1></Value><ReadOnly>false</ReadOnly><AlertXMLAssigned>false</AlertXMLAssigned></ContextItem><ContextItem><Name>Add_Mid_1</Name><Description/><MinRange>0</MinRange><MaxRange>0</MaxRange><Value xsi:type="Assignment"/><ReadOnly>false</ReadOnly><AlertXMLAssigned>false</AlertXMLAssigned></ContextItem><ContextItem><Name>ResetBrackets</Name><Description/><MinRange>0</MinRange><MaxRange>0</MaxRange><Value xsi:type="Assignment"/><ReadOnly>false</ReadOnly><AlertXMLAssigned>false</AlertXMLAssigned></ContextItem><ContextItem><Name>Assign_DeltaLevel</Name><Description/><MinRange>0</MinRange><MaxRange>0</MaxRange><Value xsi:type="Assignment"/><ReadOnly>false</ReadOnly><AlertXMLAssigned>false</AlertXMLAssigned></ContextItem><ContextItem><Name>ShowDeltaLevel</Name><Description/><MinRange>0</MinRange><MaxRange>0</MaxRange><Value xsi:type="Tracer"><Message/><Level>INFO</Level></Value><ReadOnly>false</ReadOnly><AlertXMLAssigned>false</AlertXMLAssigned></ContextItem><ContextItem><Name>For_Next_Loop_0</Name><Description/><MinRange>0</MinRange><MaxRange>0</MaxRange><Value xsi:type="ForNextRepeaterAction"><From>0</From><To>0</To><Step>1</Step><Break>false</Break><CurrentItem>0</CurrentItem></Value><ReadOnly>false</ReadOnly><AlertXMLAssigned>false</AlertXMLAssigned></ContextItem><ContextItem><Name>Assign_Brackets</Name><Description/><MinRange>0</MinRange><MaxRange>0</MaxRange><Value xsi:type="Assignment"/><ReadOnly>false</ReadOnly><AlertXMLAssigned>false</AlertXMLAssigned></ContextItem><ContextItem><Name>Assign_Comma</Name><Description/><MinRange>0</MinRange><MaxRange>0</MaxRange><Value xsi:type="Assignment"/><ReadOnly>false</ReadOnly><AlertXMLAssigned>false</AlertXMLAssigned></ContextItem><ContextItem><Name>Add_Mid_2</Name><Description/><MinRange>0</MinRange><MaxRange>0</MaxRange><Value xsi:type="Assignment"/><ReadOnly>false</ReadOnly><AlertXMLAssigned>false</AlertXMLAssigned></ContextItem><ContextItem><Name>LastRec</Name><Description/><MinRange>0</MinRange><MaxRange>0</MaxRange><Value xsi:type="ConditionalAction"><Output>false</Output><InputCount>1</InputCount><LogicalAnd>false</LogicalAnd><Input1>false</Input1></Value><ReadOnly>false</ReadOnly><AlertXMLAssigned>false</AlertXMLAssigned></ContextItem><ContextItem><Name>Loop2</Name><Description/><MinRange>0</MinRange><MaxRange>0</MaxRange><Value xsi:type="ForNextRepeaterAction"><From>0</From><To>0</To><Step>1</Step><Break>false</Break><CurrentItem>0</CurrentItem></Value><ReadOnly>false</ReadOnly><AlertXMLAssigned>false</AlertXMLAssigned></ContextItem><ContextItem><Name>CloseItems2</Name><Description/><MinRange>0</MinRange><MaxRange>0</MaxRange><Value xsi:type="Assignment"/><ReadOnly>false</ReadOnly><AlertXMLAssigned>false</AlertXMLAssigned></ContextItem><ContextItem><Name>ShowLevels2</Name><Description/><MinRange>0</MinRange><MaxRange>0</MaxRange><Value xsi:type="Tracer"><Message/><Level>INFO</Level></Value><ReadOnly>false</ReadOnly><AlertXMLAssigned>false</AlertXMLAssigned></ContextItem><ContextItem><Name>OneRecOnly</Name><Description/><MinRange>0</MinRange><MaxRange>0</MaxRange><Value xsi:type="ConditionalAction"><Output>false</Output><InputCount>1</InputCount><LogicalAnd>false</LogicalAnd><Input1>false</Input1></Value><ReadOnly>false</ReadOnly><AlertXMLAssigned>false</AlertXMLAssigned></ContextItem><ContextItem><Name>CloseBracket</Name><Description/><MinRange>0</MinRange><MaxRange>0</MaxRange><Value xsi:type="Assignment"/><ReadOnly>false</ReadOnly><AlertXMLAssigned>false</AlertXMLAssigned></ContextItem><ContextItem><Name>Exception_Enabler_0</Name><Description/><MinRange>0</MinRange><MaxRange>0</MaxRange><Value xsi:type="ExceptionEnabler"><EnableActionExceptions>true</EnableActionExceptions><EnableLinkExceptions>true</EnableLinkExceptions></Value><ReadOnly>false</ReadOnly><AlertXMLAssigned>false</AlertXMLAssigned></ContextItem><ContextItem><Name>Catch_0</Name><Description/><MinRange>0</MinRange><MaxRange>0</MaxRange><Value xsi:type="CatchAction"/><ReadOnly>false</ReadOnly><AlertXMLAssigned>false</AlertXMLAssigned></ContextItem><ContextItem><Name>Err_0</Name><Description/><MinRange>0</MinRange><MaxRange>0</MaxRange><Value xsi:type="Tracer"><Message/><Level>INFO</Level></Value><ReadOnly>false</ReadOnly><AlertXMLAssigned>false</AlertXMLAssigned></ContextItem><ContextItem><Name>getUnitsData</Name><Description/><MinRange>0</MinRange><MaxRange>0</MaxRange><Value xsi:type="IlluminatorSQLQueryObject"><Timeout>60</Timeout><QueryParameters/><QueryTemplate>MESM/ORDERS/QUERIES/get_LineOrderTree</QueryTemplate><QueryStartDate>2015-10-05T11:23:28</QueryStartDate><QueryEndDate>2015-10-05T11:23:28</QueryEndDate><SQLTransaction/><Results><ReferenceDocumentSource/>&lt;?xml version="1.0" encoding="UTF-8"?&gt;&lt;Rowsets CachedTime="" DateCreated="2016-04-13T10:51:16" EndDate="2016-04-13T10:51:16" StartDate="2016-04-13T09:51:16" Version="15.0 SP4 Patch 11 (Aug 28, 2015)"&gt;&lt;Rowset&gt;&lt;Columns&gt;&lt;Column Description="recordID" MaxRange="1" MinRange="0" Name="recordID" SQLDataType="-5" SourceColumn="recordID"/&gt;&lt;Column Description="unitType" MaxRange="1" MinRange="0" Name="unitType" SQLDataType="4" SourceColumn="unitType"/&gt;&lt;Column Description="unitName" MaxRange="1" MinRange="0" Name="unitName" SQLDataType="-9" SourceColumn="unitName"/&gt;&lt;Column Description="unitDescr" MaxRange="1" MinRange="0" Name="unitDescr" SQLDataType="-9" SourceColumn="unitDescr"/&gt;&lt;Column Description="idUnitParent" MaxRange="1" MinRange="0" Name="idUnitParent" SQLDataType="4" SourceColumn="idUnitParent"/&gt;&lt;Column Description="unitActive" MaxRange="1" MinRange="0" Name="unitActive" SQLDataType="4" SourceColumn="unitActive"/&gt;&lt;Column Description="unitSqlServer" MaxRange="1" MinRange="0" Name="unitSqlServer" SQLDataType="-9" SourceColumn="unitSqlServer"/&gt;&lt;Column Description="unitSAPID" MaxRange="1" MinRange="0" Name="unitSAPID" SQLDataType="-9" SourceColumn="unitSAPID"/&gt;&lt;Column Description="Path" MaxRange="1" MinRange="0" Name="Path" SQLDataType="12" SourceColumn="Path"/&gt;&lt;Column Description="grpCount" MaxRange="1" MinRange="0" Name="grpCount" SQLDataType="4" SourceColumn="grpCount"/&gt;&lt;Column Description="Level" MaxRange="1" MinRange="0" Name="Level" SQLDataType="4" SourceColumn="Level"/&gt;&lt;Column Description="SortOrder" MaxRange="1" MinRange="0" Name="SortOrder" SQLDataType="2" SourceColumn="SortOrder"/&gt;&lt;Column Description="childID" MaxRange="1" MinRange="0" Name="childID" SQLDataType="-5" SourceColumn="childID"/&gt;&lt;/Columns&gt;&lt;Row&gt;&lt;recordID&gt;17&lt;/recordID&gt;&lt;unitType&gt;6&lt;/unitType&gt;&lt;unitName&gt;MANUEL PALLET LOAD&lt;/unitName&gt;&lt;unitDescr&gt;MANUEL PALLET LOAD&lt;/unitDescr&gt;&lt;idUnitParent&gt;15&lt;/idUnitParent&gt;&lt;unitActive&gt;1&lt;/unitActive&gt;&lt;unitSqlServer&gt;MESM&lt;/unitSqlServer&gt;&lt;unitSAPID&gt;1002&lt;/unitSAPID&gt;&lt;Path&gt;1&lt;/Path&gt;&lt;grpCount&gt;0&lt;/grpCount&gt;&lt;Level&gt;1&lt;/Level&gt;&lt;SortOrder&gt;1&lt;/SortOrder&gt;&lt;childID&gt;0&lt;/childID&gt;&lt;/Row&gt;&lt;Row&gt;&lt;recordID&gt;18&lt;/recordID&gt;&lt;unitType&gt;6&lt;/unitType&gt;&lt;unitName&gt;Op010&lt;/unitName&gt;&lt;unitDescr&gt;EAST-WEST MACHINING CELLS&lt;/unitDescr&gt;&lt;idUnitParent&gt;15&lt;/idUnitParent&gt;&lt;unitActive&gt;1&lt;/unitActive&gt;&lt;unitSqlServer&gt;MESM&lt;/unitSqlServer&gt;&lt;unitSAPID&gt;1002&lt;/unitSAPID&gt;&lt;Path&gt;2&lt;/Path&gt;&lt;grpCount&gt;0&lt;/grpCount&gt;&lt;Level&gt;1&lt;/Level&gt;&lt;SortOrder&gt;2&lt;/SortOrder&gt;&lt;childID&gt;1&lt;/childID&gt;&lt;/Row&gt;&lt;Row&gt;&lt;recordID&gt;19&lt;/recordID&gt;&lt;unitType&gt;6&lt;/unitType&gt;&lt;unitName&gt;Op020&lt;/unitName&gt;&lt;unitDescr&gt;BEARING CAP ASSEMBLY&lt;/unitDescr&gt;&lt;idUnitParent&gt;15&lt;/idUnitParent&gt;&lt;unitActive&gt;1&lt;/unitActive&gt;&lt;unitSqlServer&gt;MESM&lt;/unitSqlServer&gt;&lt;unitSAPID&gt;1002&lt;/unitSAPID&gt;&lt;Path&gt;3&lt;/Path&gt;&lt;grpCount&gt;0&lt;/grpCount&gt;&lt;Level&gt;1&lt;/Level&gt;&lt;SortOrder&gt;3&lt;/SortOrder&gt;&lt;childID&gt;2&lt;/childID&gt;&lt;/Row&gt;&lt;Row&gt;&lt;recordID&gt;20&lt;/recordID&gt;&lt;unitType&gt;6&lt;/unitType&gt;&lt;unitName&gt;Op025&lt;/unitName&gt;&lt;unitDescr&gt;LASER ETCH&lt;/unitDescr&gt;&lt;idUnitParent&gt;15&lt;/idUnitParent&gt;&lt;unitActive&gt;1&lt;/unitActive&gt;&lt;unitSqlServer&gt;MESM&lt;/unitSqlServer&gt;&lt;unitSAPID&gt;1002&lt;/unitSAPID&gt;&lt;Path&gt;4&lt;/Path&gt;&lt;grpCount&gt;0&lt;/grpCount&gt;&lt;Level&gt;1&lt;/Level&gt;&lt;SortOrder&gt;4&lt;/SortOrder&gt;&lt;childID&gt;3&lt;/childID&gt;&lt;/Row&gt;&lt;Row&gt;&lt;recordID&gt;25&lt;/recordID&gt;&lt;unitType&gt;7&lt;/unitType&gt;&lt;unitName&gt;A(025)EQUIPMENT&lt;/unitName&gt;&lt;unitDescr&gt;A(025)EQUIPMENT&lt;/unitDescr&gt;&lt;idUnitParent&gt;20&lt;/idUnitParent&gt;&lt;unitActive&gt;1&lt;/unitActive&gt;&lt;unitSqlServer&gt;MESM&lt;/unitSqlServer&gt;&lt;unitSAPID&gt;1002&lt;/unitSAPID&gt;&lt;Path&gt;4-1&lt;/Path&gt;&lt;grpCount&gt;1&lt;/grpCount&gt;&lt;Level&gt;2&lt;/Level&gt;&lt;SortOrder&gt;4.01&lt;/SortOrder&gt;&lt;childID&gt;0&lt;/childID&gt;&lt;/Row&gt;&lt;Row&gt;&lt;recordID&gt;26&lt;/recordID&gt;&lt;unitType&gt;7&lt;/unitType&gt;&lt;unitName&gt;B(025)EQUIPMENT&lt;/unitName&gt;&lt;unitDescr&gt;B(025)EQUIPMENT&lt;/unitDescr&gt;&lt;idUnitParent&gt;20&lt;/idUnitParent&gt;&lt;unitActive&gt;1&lt;/unitActive&gt;&lt;unitSqlServer&gt;MESM&lt;/unitSqlServer&gt;&lt;unitSAPID&gt;1002&lt;/unitSAPID&gt;&lt;Path&gt;4-2&lt;/Path&gt;&lt;grpCount&gt;2&lt;/grpCount&gt;&lt;Level&gt;2&lt;/Level&gt;&lt;SortOrder&gt;4.02&lt;/SortOrder&gt;&lt;childID&gt;1&lt;/childID&gt;&lt;/Row&gt;&lt;Row&gt;&lt;recordID&gt;27&lt;/recordID&gt;&lt;unitType&gt;7&lt;/unitType&gt;&lt;unitName&gt;C(025)EQUIPMENT&lt;/unitName&gt;&lt;unitDescr&gt;C(025)EQUIPMENT&lt;/unitDescr&gt;&lt;idUnitParent&gt;20&lt;/idUnitParent&gt;&lt;unitActive&gt;1&lt;/unitActive&gt;&lt;unitSqlServer&gt;MESM&lt;/unitSqlServer&gt;&lt;unitSAPID&gt;1002&lt;/unitSAPID&gt;&lt;Path&gt;4-3&lt;/Path&gt;&lt;grpCount&gt;3&lt;/grpCount&gt;&lt;Level&gt;2&lt;/Level&gt;&lt;SortOrder&gt;4.03&lt;/SortOrder&gt;&lt;childID&gt;2&lt;/childID&gt;&lt;/Row&gt;&lt;Row&gt;&lt;recordID&gt;28&lt;/recordID&gt;&lt;unitType&gt;7&lt;/unitType&gt;&lt;unitName&gt;D(025)EQUIPMENT&lt;/unitName&gt;&lt;unitDescr&gt;D(025)EQUIPMENT&lt;/unitDescr&gt;&lt;idUnitParent&gt;20&lt;/idUnitParent&gt;&lt;unitActive&gt;1&lt;/unitActive&gt;&lt;unitSqlServer&gt;MESM&lt;/unitSqlServer&gt;&lt;unitSAPID&gt;1002&lt;/unitSAPID&gt;&lt;Path&gt;4-4&lt;/Path&gt;&lt;grpCount&gt;4&lt;/grpCount&gt;&lt;Level&gt;2&lt;/Level&gt;&lt;SortOrder&gt;4.04&lt;/SortOrder&gt;&lt;childID&gt;3&lt;/childID&gt;&lt;/Row&gt;&lt;Row&gt;&lt;recordID&gt;29&lt;/recordID&gt;&lt;unitType&gt;7&lt;/unitType&gt;&lt;unitName&gt;E(025)EQUIPMENT&lt;/unitName&gt;&lt;unitDescr&gt;E(025)EQUIPMENT&lt;/unitDescr&gt;&lt;idUnitParent&gt;20&lt;/idUnitParent&gt;&lt;unitActive&gt;1&lt;/unitActive&gt;&lt;unitSqlServer&gt;MESM&lt;/unitSqlServer&gt;&lt;unitSAPID&gt;1002&lt;/unitSAPID&gt;&lt;Path&gt;4-5&lt;/Path&gt;&lt;grpCount&gt;5&lt;/grpCount&gt;&lt;Level&gt;2&lt;/Level&gt;&lt;SortOrder&gt;4.05&lt;/SortOrder&gt;&lt;childID&gt;4&lt;/childID&gt;&lt;/Row&gt;&lt;Row&gt;&lt;recordID&gt;21&lt;/recordID&gt;&lt;unitType&gt;6&lt;/unitType&gt;&lt;unitName&gt;Op030&lt;/unitName&gt;&lt;unitDescr&gt;FINISH MACHINING&lt;/unitDescr&gt;&lt;idUnitParent&gt;15&lt;/idUnitParent&gt;&lt;unitActive&gt;1&lt;/unitActive&gt;&lt;unitSqlServer&gt;MESM&lt;/unitSqlServer&gt;&lt;unitSAPID&gt;1002&lt;/unitSAPID&gt;&lt;Path&gt;5&lt;/Path&gt;&lt;grpCount&gt;0&lt;/grpCount&gt;&lt;Level&gt;1&lt;/Level&gt;&lt;SortOrder&gt;5&lt;/SortOrder&gt;&lt;childID&gt;4&lt;/childID&gt;&lt;/Row&gt;&lt;Row&gt;&lt;recordID&gt;30&lt;/recordID&gt;&lt;unitType&gt;7&lt;/unitType&gt;&lt;unitName&gt;A(030)EQUIPMENT&lt;/unitName&gt;&lt;unitDescr&gt;A(030)EQUIPMENT&lt;/unitDescr&gt;&lt;idUnitParent&gt;21&lt;/idUnitParent&gt;&lt;unitActive&gt;1&lt;/unitActive&gt;&lt;unitSqlServer&gt;MESM&lt;/unitSqlServer&gt;&lt;unitSAPID&gt;1002&lt;/unitSAPID&gt;&lt;Path&gt;5-1&lt;/Path&gt;&lt;grpCount&gt;1&lt;/grpCount&gt;&lt;Level&gt;2&lt;/Level&gt;&lt;SortOrder&gt;5.01&lt;/SortOrder&gt;&lt;childID&gt;0&lt;/childID&gt;&lt;/Row&gt;&lt;Row&gt;&lt;recordID&gt;31&lt;/recordID&gt;&lt;unitType&gt;7&lt;/unitType&gt;&lt;unitName&gt;B(030)EQUIPMENT&lt;/unitName&gt;&lt;unitDescr&gt;B(030)EQUIPMENT&lt;/unitDescr&gt;&lt;idUnitParent&gt;21&lt;/idUnitParent&gt;&lt;unitActive&gt;1&lt;/unitActive&gt;&lt;unitSqlServer&gt;MESM&lt;/unitSqlServer&gt;&lt;unitSAPID&gt;1002&lt;/unitSAPID&gt;&lt;Path&gt;5-2&lt;/Path&gt;&lt;grpCount&gt;2&lt;/grpCount&gt;&lt;Level&gt;2&lt;/Level&gt;&lt;SortOrder&gt;5.02&lt;/SortOrder&gt;&lt;childID&gt;1&lt;/childID&gt;&lt;/Row&gt;&lt;Row&gt;&lt;recordID&gt;32&lt;/recordID&gt;&lt;unitType&gt;7&lt;/unitType&gt;&lt;unitName&gt;C(030)EQUIPMENT&lt;/unitName&gt;&lt;unitDescr&gt;C(030)EQUIPMENT&lt;/unitDescr&gt;&lt;idUnitParent&gt;21&lt;/idUnitParent&gt;&lt;unitActive&gt;1&lt;/unitActive&gt;&lt;unitSqlServer&gt;MESM&lt;/unitSqlServer&gt;&lt;unitSAPID&gt;1002&lt;/unitSAPID&gt;&lt;Path&gt;5-3&lt;/Path&gt;&lt;grpCount&gt;3&lt;/grpCount&gt;&lt;Level&gt;2&lt;/Level&gt;&lt;SortOrder&gt;5.03&lt;/SortOrder&gt;&lt;childID&gt;2&lt;/childID&gt;&lt;/Row&gt;&lt;Row&gt;&lt;recordID&gt;33&lt;/recordID&gt;&lt;unitType&gt;7&lt;/unitType&gt;&lt;unitName&gt;D(030)EQUIPMENT&lt;/unitName&gt;&lt;unitDescr&gt;D(030)EQUIPMENT&lt;/unitDescr&gt;&lt;idUnitParent&gt;21&lt;/idUnitParent&gt;&lt;unitActive&gt;1&lt;/unitActive&gt;&lt;unitSqlServer&gt;MESM&lt;/unitSqlServer&gt;&lt;unitSAPID&gt;1002&lt;/unitSAPID&gt;&lt;Path&gt;5-4&lt;/Path&gt;&lt;grpCount&gt;4&lt;/grpCount&gt;&lt;Level&gt;2&lt;/Level&gt;&lt;SortOrder&gt;5.04&lt;/SortOrder&gt;&lt;childID&gt;3&lt;/childID&gt;&lt;/Row&gt;&lt;Row&gt;&lt;recordID&gt;34&lt;/recordID&gt;&lt;unitType&gt;7&lt;/unitType&gt;&lt;unitName&gt;E(030)EQUIPMENT&lt;/unitName&gt;&lt;unitDescr&gt;E(030)EQUIPMENT&lt;/unitDescr&gt;&lt;idUnitParent&gt;21&lt;/idUnitParent&gt;&lt;unitActive&gt;1&lt;/unitActive&gt;&lt;unitSqlServer&gt;MESM&lt;/unitSqlServer&gt;&lt;unitSAPID&gt;1002&lt;/unitSAPID&gt;&lt;Path&gt;5-5&lt;/Path&gt;&lt;grpCount&gt;5&lt;/grpCount&gt;&lt;Level&gt;2&lt;/Level&gt;&lt;SortOrder&gt;5.05&lt;/SortOrder&gt;&lt;childID&gt;4&lt;/childID&gt;&lt;/Row&gt;&lt;Row&gt;&lt;recordID&gt;22&lt;/recordID&gt;&lt;unitType&gt;6&lt;/unitType&gt;&lt;unitName&gt;Op040&lt;/unitName&gt;&lt;unitDescr&gt;WASHER&lt;/unitDescr&gt;&lt;idUnitParent&gt;15&lt;/idUnitParent&gt;&lt;unitActive&gt;1&lt;/unitActive&gt;&lt;unitSqlServer&gt;MESM&lt;/unitSqlServer&gt;&lt;unitSAPID&gt;1002&lt;/unitSAPID&gt;&lt;Path&gt;6&lt;/Path&gt;&lt;grpCount&gt;0&lt;/grpCount&gt;&lt;Level&gt;1&lt;/Level&gt;&lt;SortOrder&gt;6&lt;/SortOrder&gt;&lt;childID&gt;5&lt;/childID&gt;&lt;/Row&gt;&lt;Row&gt;&lt;recordID&gt;23&lt;/recordID&gt;&lt;unitType&gt;6&lt;/unitType&gt;&lt;unitName&gt;Op045&lt;/unitName&gt;&lt;unitDescr&gt;JEROPTIK GAGING&lt;/unitDescr&gt;&lt;idUnitParent&gt;15&lt;/idUnitParent&gt;&lt;unitActive&gt;1&lt;/unitActive&gt;&lt;unitSqlServer&gt;MESM&lt;/unitSqlServer&gt;&lt;unitSAPID&gt;1002&lt;/unitSAPID&gt;&lt;Path&gt;7&lt;/Path&gt;&lt;grpCount&gt;0&lt;/grpCount&gt;&lt;Level&gt;1&lt;/Level&gt;&lt;SortOrder&gt;7&lt;/SortOrder&gt;&lt;childID&gt;6&lt;/childID&gt;&lt;/Row&gt;&lt;Row&gt;&lt;recordID&gt;24&lt;/recordID&gt;&lt;unitType&gt;6&lt;/unitType&gt;&lt;unitName&gt;Op050&lt;/unitName&gt;&lt;unitDescr&gt;PACK OUT END OF PROCESS&lt;/unitDescr&gt;&lt;idUnitParent&gt;15&lt;/idUnitParent&gt;&lt;unitActive&gt;1&lt;/unitActive&gt;&lt;unitSqlServer&gt;MESM&lt;/unitSqlServer&gt;&lt;unitSAPID&gt;1002&lt;/unitSAPID&gt;&lt;Path&gt;8&lt;/Path&gt;&lt;grpCount&gt;0&lt;/grpCount&gt;&lt;Level&gt;1&lt;/Level&gt;&lt;SortOrder&gt;8&lt;/SortOrder&gt;&lt;childID&gt;7&lt;/childID&gt;&lt;/Row&gt;&lt;/Rowset&gt;&lt;/Rowsets&gt;</Results><TagList/></Value><SchemaURI/><SchemaElement/><ValidateXMLOnExecution>1</ValidateXMLOnExecution><ReadOnly>false</ReadOnly><AlertXMLAssigned>false</AlertXMLAssigned></ContextItem></Actions><ReaderRoles>SAP_XMII_Administrator,SAP_XMII_Developer,SAP_XMII_Super_Administrator,SAP_XMII_User</ReaderRoles><Steps><Step xsi:type="ActionSequence"><Name>Sequence</Name><Description/><Steps><Step xsi:type="ActionSequence"><Name>Sequence_23</Name><Description/><Steps><Step xsi:type="ActionSequence"><Name>Sequence_4</Name><Description/><Steps><Step xsi:type="Conditional"><Name>Sequence_0</Name><Description/><Steps><Step xsi:type="Repeater"><Name>Sequence_1</Name><Description/><Steps><Step xsi:type="ActionSequence"><Name>Sequence_9</Name><Description/><Steps><Step xsi:type="Conditional"><Name>Sequence_6</Name><Description/><Steps><Step xsi:type="ActionSequence"><Name>Sequence_24</Name><Description/><Steps><Step xsi:type="Conditional"><Name>Sequence_21</Name><Description/><Steps><Step xsi:type="ActionSequence"><Name>Sequence_22</Name><Description/><Steps/><Actions><Action><Name>CloseBracket</Name><Description> </Description><IncomingLinks/><OutgoingLinks><Assign xsi:type="Assign"><Name/><Description/><To>Local.content</To><From>Local.content &amp; " }"</From></Assign></OutgoingLinks></Action></Actions></Step></Steps><Actions><Action><Name>OneRecOnly</Name><Description> </Description><IncomingLinks><Assign xsi:type="Assign"><Name/><Description/><To>OneRecOnly.Input1</To><From>if(RepeatOnRow.CurrentItem==RepeatOnRow.ItemCount,1,0)</From></Assign></IncomingLinks><OutgoingLinks/></Action></Actions></Step></Steps><Actions><Action><Name>AssignFirst</Name><Description> </Description><IncomingLinks/><OutgoingLinks><Assign xsi:type="Assign"><Name/><Description/><To>Local.Level</To><From>RepeatOnRow.Output{/Row/Level}</From></Assign><Assign xsi:type="Assign"><Name/><Description/><To>Local.TempLevel</To><From>RepeatOnRow.Output{/Row/Level}</From></Assign><Assign xsi:type="Assign"><Name/><Description/><To>Local.content</To><From>Local.content &amp; ",
" &amp; RepeatOnRow.Output{/Row/childID} &amp; ": { " &amp; 
 "unitType" &amp; " : " &amp; doublequote &amp; RepeatOnRow.Output{/Row/unitType} &amp; doublequote &amp; ", " &amp; 
 "unitSqlServer" &amp; " : " &amp; doublequote &amp; RepeatOnRow.Output{/Row/unitSqlServer} &amp; doublequote &amp; ", " &amp; 
 "unitName" &amp; " : " &amp; doublequote &amp;  RepeatOnRow.Output{/Row/unitName} &amp; doublequote &amp; ", " &amp; 
 "unitDescr" &amp; " : " &amp; doublequote &amp; RepeatOnRow.Output{/Row/unitDescr} &amp; doublequote &amp; ", " &amp; 
 "unitSAPID" &amp; " : " &amp; doublequote &amp; RepeatOnRow.Output{/Row/unitSAPID} &amp; doublequote &amp; ", " &amp; 
 "unitActive" &amp; " : " &amp; doublequote &amp; RepeatOnRow.Output{/Row/unitActive} &amp; doublequote &amp; ", " &amp; 
 "src" &amp; " : " &amp; doublequote &amp; RepeatOnRow.Output{/Row/src} &amp; doublequote &amp; ", " &amp; 
 "idUnitParent" &amp; " : " &amp; doublequote &amp; RepeatOnRow.Output{/Row/idUnitParent} &amp; doublequote &amp; ", " &amp; 
 "recordID" &amp; " : " &amp; doublequote &amp; RepeatOnRow.Output{/Row/recordID} &amp; doublequote &amp; ", " &amp; 
 "orderID" &amp; " : " &amp; doublequote &amp; RepeatOnRow.Output{/Row/orderID} &amp; doublequote &amp; ", " &amp;
 "materialID" &amp; " : " &amp; doublequote &amp; RepeatOnRow.Output{/Row/materialID} &amp; doublequote &amp; ", " &amp;
 "componentID" &amp; " : " &amp; doublequote &amp; RepeatOnRow.Output{/Row/componentID} &amp; doublequote &amp; ", " &amp;
 "serialID" &amp; " : " &amp; doublequote &amp; RepeatOnRow.Output{/Row/serialID} &amp; doublequote &amp; ", " &amp;
 "status" &amp; " : " &amp; doublequote &amp; RepeatOnRow.Output{/Row/status} &amp; doublequote &amp; ", " &amp;
 "jobID" &amp; " : " &amp; doublequote &amp; RepeatOnRow.Output{/Row/jobID} &amp; doublequote &amp; ", " &amp;
 "componentID" &amp; " : " &amp; doublequote &amp; RepeatOnRow.Output{/Row/componentID} &amp; doublequote &amp; ", " &amp;
 "serialNumberID" &amp; " : " &amp; doublequote &amp; RepeatOnRow.Output{/Row/serialNumberID} &amp; doublequote &amp; ", " &amp;
 "statusID" &amp; " : " &amp; doublequote &amp; RepeatOnRow.Output{/Row/statusID} &amp; doublequote &amp; ", " &amp;
 "idLevel" &amp; " : " &amp; doublequote &amp; RepeatOnRow.Output{/Row/Level} &amp; doublequote &amp; " "</From></Assign></OutgoingLinks></Action></Actions></Step><Step xsi:type="ActionSequence"><Name>Sequence_16</Name><Description/><Steps><Step xsi:type="ActionSequence"><Name>Sequence_3</Name><Description/><Steps><Step xsi:type="ActionSequence"><Name>Sequence_7</Name><Description/><Steps><Step xsi:type="Conditional"><Name>Sequence_5</Name><Description/><Steps><Step xsi:type="ActionSequence"><Name>Sequence_8</Name><Description/><Steps/><Actions><Action><Name>Add_Mid_0</Name><Description> </Description><IncomingLinks/><OutgoingLinks><Assign xsi:type="Assign"><Name/><Description/><To>Local.content</To><From>Local.content &amp; ",
" &amp; Local.Item</From></Assign><Assign xsi:type="Assign"><Name/><Description/><To>Local.Level</To><From>Local.TempLevel</From></Assign></OutgoingLinks></Action></Actions></Step><Step xsi:type="Conditional"><Name>Sequence_10</Name><Description/><Steps><Step xsi:type="ActionSequence"><Name>Sequence_11</Name><Description/><Steps/><Actions><Action><Name>Add_Mid_1</Name><Description> </Description><IncomingLinks/><OutgoingLinks><Assign xsi:type="Assign"><Name/><Description/><To>Local.content</To><From>Local.content &amp; "}, 
" &amp; Local.Item</From></Assign><Assign xsi:type="Assign"><Name/><Description/><To>Local.Level</To><From>Local.TempLevel</From></Assign></OutgoingLinks></Action></Actions></Step><Step xsi:type="ActionSequence"><Name>Sequence_12</Name><Description/><Steps><Step xsi:type="ActionSequence"><Name>Sequence_13</Name><Description/><Steps><Step xsi:type="ActionSequence"><Name>Sequence_14</Name><Description/><Steps><Step xsi:type="ForNextRepeater"><Name>Sequence_17</Name><Description/><Steps><Step xsi:type="ActionSequence"><Name>Sequence_18</Name><Description/><Steps/><Actions><Action><Name>Assign_Brackets</Name><Description> </Description><IncomingLinks/><OutgoingLinks><Assign xsi:type="Assign"><Name/><Description/><To>Local.BracketsStr</To><From>Local.BracketsStr &amp; " }"</From></Assign></OutgoingLinks></Action></Actions></Step><Step xsi:type="ActionSequence"><Name>Sequence_19</Name><Description/><Steps/><Actions><Action><Name>Assign_Comma</Name><Description> </Description><IncomingLinks/><OutgoingLinks><Assign xsi:type="Assign"><Name/><Description/><To>Local.BracketsStr</To><From>Local.BracketsStr &amp; ",
"</From></Assign></OutgoingLinks></Action></Actions></Step></Steps><Actions><Action><Name>For_Next_Loop_0</Name><Description> </Description><IncomingLinks><Assign xsi:type="Assign"><Name/><Description/><To>For_Next_Loop_0.From</To><From>0</From></Assign><Assign xsi:type="Assign"><Name/><Description/><To>For_Next_Loop_0.To</To><From>Local.DeltaLevel</From></Assign><Assign xsi:type="Assign"><Name/><Description/><To>For_Next_Loop_0.Step</To><From>1</From></Assign></IncomingLinks><OutgoingLinks/></Action></Actions></Step><Step xsi:type="ActionSequence"><Name>Sequence_15</Name><Description/><Steps/><Actions><Action><Name>Add_Mid_2</Name><Description> </Description><IncomingLinks/><OutgoingLinks><Assign xsi:type="Assign"><Name/><Description/><To>Local.content</To><From>Local.content &amp; Local.BracketsStr &amp; Local.Item</From></Assign><Assign xsi:type="Assign"><Name/><Description/><To>Local.Level</To><From>Local.TempLevel</From></Assign></OutgoingLinks></Action></Actions></Step></Steps><Actions><Action><Name>ShowDeltaLevel</Name><Description> </Description><IncomingLinks><Assign xsi:type="Assign"><Name/><Description/><To>ShowDeltaLevel.Message</To><From>Local.DeltaLevel</From></Assign></IncomingLinks><OutgoingLinks/></Action></Actions></Step></Steps><Actions><Action><Name>Assign_DeltaLevel</Name><Description> </Description><IncomingLinks/><OutgoingLinks><Assign xsi:type="Assign"><Name/><Description/><To>Local.DeltaLevel</To><From>Local.Level - Local.TempLevel</From></Assign></OutgoingLinks></Action></Actions></Step></Steps><Actions><Action><Name>ResetBrackets</Name><Description> </Description><IncomingLinks/><OutgoingLinks><Assign xsi:type="Assign"><Name/><Description/><To>Local.BracketsStr</To><From>""</From></Assign></OutgoingLinks></Action></Actions></Step></Steps><Actions><Action><Name>TMP_EQ_LVL</Name><Description> </Description><IncomingLinks><Assign xsi:type="Assign"><Name/><Description/><To>TMP_EQ_LVL.Input1</To><From>Local.TempLevel == Local.Level</From></Assign></IncomingLinks><OutgoingLinks/></Action></Actions></Step></Steps><Actions><Action><Name>TMP_GT_LVL</Name><Description> </Description><IncomingLinks><Assign xsi:type="Assign"><Name/><Description/><To>TMP_GT_LVL.Input1</To><From>Local.TempLevel &gt; Local.Level</From></Assign></IncomingLinks><OutgoingLinks/></Action></Actions></Step></Steps><Actions><Action><Name>Assign_Item</Name><Description> </Description><IncomingLinks/><OutgoingLinks><Assign xsi:type="Assign"><Name/><Description/><To>Local.Item</To><From>"" &amp; RepeatOnRow.Output{/Row/childID} &amp; ": { " &amp; 
 "unitType" &amp; " : " &amp; doublequote &amp; RepeatOnRow.Output{/Row/unitType} &amp; doublequote &amp; ", " &amp; 
 "unitSqlServer" &amp; " : " &amp; doublequote &amp; RepeatOnRow.Output{/Row/unitSqlServer} &amp; doublequote &amp; ", " &amp; 
 "unitName" &amp; " : " &amp; doublequote &amp;  RepeatOnRow.Output{/Row/unitName} &amp; doublequote &amp; ", " &amp; 
 "unitDescr" &amp; " : " &amp; doublequote &amp; RepeatOnRow.Output{/Row/unitDescr} &amp; doublequote &amp; ", " &amp; 
 "unitSAPID" &amp; " : " &amp; doublequote &amp; RepeatOnRow.Output{/Row/unitSAPID} &amp; doublequote &amp; ", " &amp; 
 "unitActive" &amp; " : " &amp; doublequote &amp; RepeatOnRow.Output{/Row/unitActive} &amp; doublequote &amp; ", " &amp; 
 "src" &amp; " : " &amp; doublequote &amp; RepeatOnRow.Output{/Row/src} &amp; doublequote &amp; ", " &amp; 
 "idUnitParent" &amp; " : " &amp; doublequote &amp; RepeatOnRow.Output{/Row/idUnitParent} &amp; doublequote &amp; ", " &amp; 
 "recordID" &amp; " : " &amp; doublequote &amp; RepeatOnRow.Output{/Row/recordID} &amp; doublequote &amp; ", " &amp; 
 "orderID" &amp; " : " &amp; doublequote &amp; RepeatOnRow.Output{/Row/orderID} &amp; doublequote &amp; ", " &amp; 
 "materialID" &amp; " : " &amp; doublequote &amp; RepeatOnRow.Output{/Row/materialID} &amp; doublequote &amp; ", " &amp;
 "componentID" &amp; " : " &amp; doublequote &amp; RepeatOnRow.Output{/Row/componentID} &amp; doublequote &amp; ", " &amp;
 "serialID" &amp; " : " &amp; doublequote &amp; RepeatOnRow.Output{/Row/serialID} &amp; doublequote &amp; ", " &amp;
 "status" &amp; " : " &amp; doublequote &amp; RepeatOnRow.Output{/Row/status} &amp; doublequote &amp; ", " &amp;
 "jobID" &amp; " : " &amp; doublequote &amp; RepeatOnRow.Output{/Row/jobID} &amp; doublequote &amp; ", " &amp;
 "componentID" &amp; " : " &amp; doublequote &amp; RepeatOnRow.Output{/Row/componentID} &amp; doublequote &amp; ", " &amp;
 "serialNumberID" &amp; " : " &amp; doublequote &amp; RepeatOnRow.Output{/Row/serialNumberID} &amp; doublequote &amp; ", " &amp;
 "statusID" &amp; " : " &amp; doublequote &amp; RepeatOnRow.Output{/Row/statusID} &amp; doublequote &amp; ", " &amp;
 "idLevel" &amp; " : " &amp; doublequote &amp; RepeatOnRow.Output{/Row/Level} &amp; doublequote &amp; " "</From></Assign></OutgoingLinks></Action></Actions></Step><Step xsi:type="Conditional"><Name>Sequence_20</Name><Description/><Steps><Step xsi:type="ForNextRepeater"><Name>Sequence_28</Name><Description/><Steps><Step xsi:type="ActionSequence"><Name>Sequence_29</Name><Description/><Steps><Step xsi:type="ActionSequence"><Name>Sequence_30</Name><Description/><Steps/><Actions><Action><Name>ShowLevels2</Name><Description> </Description><IncomingLinks><Assign xsi:type="Assign"><Name/><Description/><To>ShowLevels2.Message</To><From>"Level: " &amp; Local.Level &amp; " --  Temp Level: " &amp; Local.TempLevel</From></Assign></IncomingLinks><OutgoingLinks/></Action></Actions></Step></Steps><Actions><Action><Name>CloseItems2</Name><Description> </Description><IncomingLinks/><OutgoingLinks><Assign xsi:type="Assign"><Name/><Description/><To>Local.content</To><From>Local.content &amp; " } " </From></Assign><Assign xsi:type="Assign"><Name/><Description/><To>Local.TempLevel</To><From>Loop2.CurrentItem</From></Assign></OutgoingLinks></Action></Actions></Step></Steps><Actions><Action><Name>Loop2</Name><Description> </Description><IncomingLinks><Assign xsi:type="Assign"><Name/><Description/><To>Loop2.Step</To><From>-1</From></Assign><Assign xsi:type="Assign"><Name/><Description/><To>Loop2.From</To><From>Local.Level</From></Assign><Assign xsi:type="Assign"><Name/><Description/><To>Loop2.To</To><From>1</From></Assign></IncomingLinks><OutgoingLinks/></Action></Actions></Step></Steps><Actions><Action><Name>LastRec</Name><Description> </Description><IncomingLinks><Assign xsi:type="Assign"><Name/><Description/><To>LastRec.Input1</To><From>if(RepeatOnRow.CurrentItem==RepeatOnRow.ItemCount,1,0)</From></Assign></IncomingLinks><OutgoingLinks/></Action></Actions></Step></Steps><Actions><Action><Name>ShowLevel</Name><Description> </Description><IncomingLinks><Assign xsi:type="Assign"><Name/><Description/><To>ShowLevel.Message</To><From>"Level: " &amp; Local.Level &amp; " TempLevel: " &amp; Local.TempLevel &amp; " Name: " &amp; RepeatOnRow.Output{/Row/unitName} &amp; " idParent: " &amp; RepeatOnRow.Output{/Row/idUnitParent} &amp; " childID: " &amp; RepeatOnRow.Output{/Row/childID}</From></Assign></IncomingLinks><OutgoingLinks/></Action></Actions></Step></Steps><Actions><Action><Name>AssignLevel</Name><Description> </Description><IncomingLinks/><OutgoingLinks><Assign xsi:type="Assign"><Name/><Description/><To>Local.TempLevel</To><From>RepeatOnRow.Output{/Row/Level}</From></Assign></OutgoingLinks></Action></Actions></Step></Steps><Actions><Action><Name>FirstRec</Name><Description> </Description><IncomingLinks><Assign xsi:type="Assign"><Name/><Description/><To>FirstRec.Input1</To><From>if(RepeatOnRow.CurrentItem==1,1,0)</From></Assign></IncomingLinks><OutgoingLinks/></Action></Actions></Step></Steps><Actions><Action><Name>ShowRow</Name><Description> </Description><IncomingLinks><Assign xsi:type="Assign"><Name/><Description/><To>ShowRow.Message</To><From>" Row "  &amp; RepeatOnRow.CurrentItem &amp; " of " &amp; RepeatOnRow.ItemCount &amp; " -- Unit :" &amp; RepeatOnRow.Output{/Row/recordID} &amp; " -- Type :" &amp; RepeatOnRow.Output{/Row/unitType} &amp; " -- Name: " &amp; RepeatOnRow.Output{/Row/unitName}  &amp; " -- Desc: " &amp; RepeatOnRow.Output{/Row/unitDescr}  &amp; " -- Parent: " &amp;RepeatOnRow.Output{/Row/idUnitParent}   &amp; " -- Order By:" &amp; RepeatOnRow.Output{/Row/SortOrder}  &amp; " -- ChildID: " &amp; RepeatOnRow.Output{/Row/childID}  &amp; " -- Level: " &amp; RepeatOnRow.Output{/Row/Level}</From></Assign></IncomingLinks><OutgoingLinks/></Action></Actions></Step></Steps><Actions><Action><Name>RepeatOnRow</Name><Description> </Description><IncomingLinks/><OutgoingLinks/></Action></Actions></Step><Step xsi:type="ActionSequence"><Name>Sequence_2</Name><Description/><Steps/><Actions><Action><Name>Err_1</Name><Description> </Description><IncomingLinks><Assign xsi:type="Assign"><Name/><Description/><To>Err_1.Message</To><From>" Cannot query Unit Data .." &amp; getUnitsData.LastErrorMessage</From></Assign></IncomingLinks><OutgoingLinks/></Action></Actions></Step></Steps><Actions><Action><Name>UnitData_Ok</Name><Description> </Description><IncomingLinks><Assign xsi:type="Assign"><Name/><Description/><To>UnitData_Ok.Input1</To><From>getUnitsData.Success</From></Assign></IncomingLinks><OutgoingLinks/></Action></Actions></Step></Steps><Actions><Action><Name>getUnitsData</Name><Description>SQL Query</Description><IncomingLinks><Assign xsi:type="Assign"><Name/><Description/><To>getUnitsData.Param.1</To><From>Transaction.LineID</From></Assign><Assign xsi:type="Assign"><Name/><Description/><To>getUnitsData.Server</To><From>Transaction.SERVER_SQL</From></Assign></IncomingLinks><OutgoingLinks/></Action></Actions></Step><Step xsi:type="Catch"><Name>Sequence_25</Name><Description/><Steps><Step xsi:type="ActionSequence"><Name>Sequence_26</Name><Description/><Steps/><Actions><Action><Name>Err_0</Name><Description> </Description><IncomingLinks><Assign xsi:type="Assign"><Name/><Description/><To>Err_0.Message</To><From>Catch_0.Message</From></Assign></IncomingLinks><OutgoingLinks/></Action></Actions></Step></Steps><Actions><Action><Name>Catch_0</Name><Description>Catches an exception</Description><IncomingLinks/><OutgoingLinks/></Action></Actions></Step></Steps><Actions><Action><Name>Exception_Enabler_0</Name><Description>Enables exceptions.</Description><IncomingLinks/><OutgoingLinks/></Action></Actions></Step><Step xsi:type="ActionSequence"><Name>Sequence_61</Name><Description/><Steps><Step xsi:type="ActionSequence"><Name>Sequence_60</Name><Description/><Steps/><Actions><Action><Name>ShowHCOutput</Name><Description> </Description><IncomingLinks><Assign xsi:type="Assign"><Name/><Description/><To>ShowHCOutput.Message</To><From>Transaction.HC_OUT</From></Assign></IncomingLinks><OutgoingLinks/></Action></Actions></Step></Steps><Actions><Action><Name>Assign_HC_OUT</Name><Description> </Description><IncomingLinks/><OutgoingLinks><Assign xsi:type="Assign"><Name/><Description/><To>Transaction.HC_OUT</To><From>Local.header &amp; Local.content &amp; "
" &amp; Local.footer</From></Assign></OutgoingLinks></Action></Actions></Step></Steps><Actions><Action><Name>ShowParam</Name><Description> </Description><IncomingLinks><Assign xsi:type="Assign"><Name/><Description/><To>ShowParam.Message</To><From>"SQL Data Server : " &amp; Transaction.SERVER_SQL</From></Assign></IncomingLinks><OutgoingLinks/></Action></Actions></Step></Steps></Transaction>