<?xml version="1.0" encoding="UTF-8"?><Transaction xmlns:xsd="http://www.w3.org/2001/XMLSchema" xmlns:xsi="http://www.w3.org/2001/XMLSchema-instance" Version="15.0.4.11"><TransactionAttributes><ContextItem><Name>Description</Name><Description>Transaction Description</Description><MinRange>0</MinRange><MaxRange>0</MaxRange><Value xsi:type="string"/><ReadOnly>true</ReadOnly><AlertXMLAssigned>false</AlertXMLAssigned></ContextItem><ContextItem><Name>Comments</Name><Description>User Comments</Description><MinRange>0</MinRange><MaxRange>0</MaxRange><Value xsi:type="string"/><ReadOnly>true</ReadOnly><AlertXMLAssigned>false</AlertXMLAssigned></ContextItem><ContextItem><Name>CreatedBy</Name><Description>Created By</Description><MinRange>0</MinRange><MaxRange>0</MaxRange><Value xsi:type="string">ZarKl</Value><ReadOnly>true</ReadOnly><AlertXMLAssigned>false</AlertXMLAssigned></ContextItem><ContextItem><Name>CreationDate</Name><Description>Creation Date</Description><MinRange>0</MinRange><MaxRange>0</MaxRange><Value xsi:type="dateTime">2016-06-07T09:03:40</Value><ReadOnly>true</ReadOnly><AlertXMLAssigned>false</AlertXMLAssigned></ContextItem><ContextItem><Name>Category</Name><Description>Transaction Category</Description><MinRange>0</MinRange><MaxRange>0</MaxRange><Value xsi:type="string"/><ReadOnly>true</ReadOnly><AlertXMLAssigned>false</AlertXMLAssigned></ContextItem><ContextItem><Name>Status</Name><Description>Deployment Status</Description><MinRange>0</MinRange><MaxRange>0</MaxRange><Value xsi:type="string">DEVELOPMENT</Value><ReadOnly>true</ReadOnly><AlertXMLAssigned>false</AlertXMLAssigned></ContextItem><ContextItem><Name>LegacyProcessingMode</Name><Description>Support the pre MII 12.1 Transaction Engine.</Description><MinRange>0</MinRange><MaxRange>0</MaxRange><Value xsi:type="boolean">0</Value><ReadOnly>true</ReadOnly><AlertXMLAssigned>false</AlertXMLAssigned></ContextItem><ContextItem><Name>AutoAppendBlankNamespaces</Name><Description>AutoAppendBlankNamespaces</Description><MinRange>0</MinRange><MaxRange>0</MaxRange><Value xsi:type="boolean">1</Value><ReadOnly>true</ReadOnly><AlertXMLAssigned>false</AlertXMLAssigned></ContextItem><ContextItem><Name>ThrowOnLinkError</Name><Description>Throws an exception when a link error occures</Description><MinRange>0</MinRange><MaxRange>0</MaxRange><Value xsi:type="boolean">0</Value><ReadOnly>true</ReadOnly><AlertXMLAssigned>false</AlertXMLAssigned></ContextItem><ContextItem><Name>ThrowOnActionError</Name><Description>Throws an exception when an action error occurs</Description><MinRange>0</MinRange><MaxRange>0</MaxRange><Value xsi:type="boolean">1</Value><ReadOnly>true</ReadOnly><AlertXMLAssigned>false</AlertXMLAssigned></ContextItem><ContextItem><Name>FormatXMLOnConversion</Name><Description>By default XML will be formatted when assigned from XML data type to String data type. This behaviour can be changed with this flag.</Description><MinRange>0</MinRange><MaxRange>0</MaxRange><Value xsi:type="boolean">1</Value><ReadOnly>true</ReadOnly><AlertXMLAssigned>false</AlertXMLAssigned></ContextItem><ContextItem><Name>LastEditedBy</Name><Description>Last Edited By</Description><MinRange>0</MinRange><MaxRange>0</MaxRange><Value xsi:type="xsd:string">RadPa</Value><ReadOnly>true</ReadOnly><AlertXMLAssigned>false</AlertXMLAssigned></ContextItem><ContextItem><Name>LastEditedDate</Name><Description>Last Edited Date</Description><MinRange>0</MinRange><MaxRange>0</MaxRange><Value xsi:type="xsd:dateTime">2016-06-22T11:55:49</Value><ReadOnly>true</ReadOnly><AlertXMLAssigned>false</AlertXMLAssigned></ContextItem></TransactionAttributes><Name>MESM/ORDERS/TRANSACTIONS/SAP_GET_Orders</Name><Version>20</Version><WriterRoles>SAP_XMII_Super_Administrator,SAP_XMII_Administrator,SAP_XMII_Developer</WriterRoles><Context><ContextItem><Name>DAYS_BACK</Name><Description/><MinRange>0</MinRange><MaxRange>0</MaxRange><Value xsi:type="integer">2</Value><ReadOnly>false</ReadOnly><AlertXMLAssigned>false</AlertXMLAssigned></ContextItem><ContextItem><Name>DAYS_FWD</Name><Description/><MinRange>0</MinRange><MaxRange>0</MaxRange><Value xsi:type="integer">7</Value><ReadOnly>false</ReadOnly><AlertXMLAssigned>false</AlertXMLAssigned></ContextItem><ContextItem><Name>PLANT</Name><Description/><MinRange>0</MinRange><MaxRange>0</MaxRange><Value xsi:type="string">3602</Value><ReadOnly>false</ReadOnly><AlertXMLAssigned>false</AlertXMLAssigned></ContextItem><ContextItem><Name>SAP_CREDENTIALS</Name><Description/><MinRange>0</MinRange><MaxRange>0</MaxRange><Value xsi:type="string">SAP</Value><ReadOnly>false</ReadOnly><AlertXMLAssigned>false</AlertXMLAssigned></ContextItem><ContextItem><Name>SAP_SOURCE</Name><Description/><MinRange>0</MinRange><MaxRange>0</MaxRange><Value xsi:type="string">SAP</Value><ReadOnly>false</ReadOnly><AlertXMLAssigned>false</AlertXMLAssigned></ContextItem><ContextItem><Name>SQL_SOURCE</Name><Description/><MinRange>0</MinRange><MaxRange>0</MaxRange><Value xsi:type="string">MESM</Value><ReadOnly>false</ReadOnly><AlertXMLAssigned>false</AlertXMLAssigned></ContextItem></Context><Local/><Layout><GUILayoutItem><Name>Sequence</Name><X>224</X><Y>8</Y><Width>120</Width><SpacingWidth>552</SpacingWidth><DescendantWidth>552</DescendantWidth><Height>96</Height></GUILayoutItem><GUILayoutItem><Name>Show_Params</Name><X>232</X><Y>24</Y><Width>104</Width><SpacingWidth>0</SpacingWidth><DescendantWidth>0</DescendantWidth><Height>72</Height></GUILayoutItem><GUILayoutItem><Name>Sequence_0</Name><X>224</X><Y>144</Y><Width>120</Width><SpacingWidth>552</SpacingWidth><DescendantWidth>552</DescendantWidth><Height>96</Height></GUILayoutItem><GUILayoutItem><Name>Exception_Enabler_1</Name><X>232</X><Y>160</Y><Width>104</Width><SpacingWidth>0</SpacingWidth><DescendantWidth>0</DescendantWidth><Height>72</Height></GUILayoutItem><GUILayoutItem><Name>Sequence_1</Name><X>152</X><Y>280</Y><Width>120</Width><SpacingWidth>408</SpacingWidth><DescendantWidth>408</DescendantWidth><Height>96</Height></GUILayoutItem><GUILayoutItem><Name>Sequence_2</Name><X>440</X><Y>280</Y><Width>120</Width><SpacingWidth>120</SpacingWidth><DescendantWidth>120</DescendantWidth><Height>96</Height></GUILayoutItem><GUILayoutItem><Name>Catch_1</Name><X>448</X><Y>296</Y><Width>104</Width><SpacingWidth>0</SpacingWidth><DescendantWidth>0</DescendantWidth><Height>72</Height></GUILayoutItem><GUILayoutItem><Name>SAP_JCo_Start_Session</Name><X>160</X><Y>296</Y><Width>104</Width><SpacingWidth>0</SpacingWidth><DescendantWidth>0</DescendantWidth><Height>72</Height></GUILayoutItem><GUILayoutItem><Name>Sequence_3</Name><X>152</X><Y>416</Y><Width>120</Width><SpacingWidth>408</SpacingWidth><DescendantWidth>408</DescendantWidth><Height>96</Height></GUILayoutItem><GUILayoutItem><Name>Sequence_4</Name><X>440</X><Y>416</Y><Width>120</Width><SpacingWidth>120</SpacingWidth><DescendantWidth>0</DescendantWidth><Height>96</Height></GUILayoutItem><GUILayoutItem><Name>Show_Catch_1</Name><X>448</X><Y>432</Y><Width>104</Width><SpacingWidth>0</SpacingWidth><DescendantWidth>0</DescendantWidth><Height>72</Height></GUILayoutItem><GUILayoutItem><Name>Get_OrdersList</Name><X>160</X><Y>432</Y><Width>104</Width><SpacingWidth>0</SpacingWidth><DescendantWidth>0</DescendantWidth><Height>72</Height></GUILayoutItem><GUILayoutItem><Name>Sequence_5</Name><X>152</X><Y>552</Y><Width>120</Width><SpacingWidth>408</SpacingWidth><DescendantWidth>408</DescendantWidth><Height>96</Height></GUILayoutItem><GUILayoutItem><Name>Get_OrdersList_OK</Name><X>160</X><Y>568</Y><Width>104</Width><SpacingWidth>0</SpacingWidth><DescendantWidth>0</DescendantWidth><Height>72</Height></GUILayoutItem><GUILayoutItem><Name>Sequence_6</Name><X>152</X><Y>688</Y><Width>120</Width><SpacingWidth>408</SpacingWidth><DescendantWidth>408</DescendantWidth><Height>96</Height></GUILayoutItem><GUILayoutItem><Name>Repeater_OnOrder</Name><X>160</X><Y>704</Y><Width>104</Width><SpacingWidth>0</SpacingWidth><DescendantWidth>0</DescendantWidth><Height>72</Height></GUILayoutItem><GUILayoutItem><Name>Sequence_7</Name><X>152</X><Y>824</Y><Width>120</Width><SpacingWidth>408</SpacingWidth><DescendantWidth>408</DescendantWidth><Height>96</Height></GUILayoutItem><GUILayoutItem><Name>Sequence_8</Name><X>152</X><Y>960</Y><Width>120</Width><SpacingWidth>408</SpacingWidth><DescendantWidth>408</DescendantWidth><Height>96</Height></GUILayoutItem><GUILayoutItem><Name>Show_OrderInfo</Name><X>160</X><Y>976</Y><Width>104</Width><SpacingWidth>0</SpacingWidth><DescendantWidth>0</DescendantWidth><Height>72</Height></GUILayoutItem><GUILayoutItem><Name>Sequence_9</Name><X>80</X><Y>1096</Y><Width>120</Width><SpacingWidth>264</SpacingWidth><DescendantWidth>264</DescendantWidth><Height>96</Height></GUILayoutItem><GUILayoutItem><Name>Sequence_10</Name><X>296</X><Y>1096</Y><Width>120</Width><SpacingWidth>120</SpacingWidth><DescendantWidth>120</DescendantWidth><Height>96</Height></GUILayoutItem><GUILayoutItem><Name>Exception_Enabler_2</Name><X>88</X><Y>1112</Y><Width>104</Width><SpacingWidth>0</SpacingWidth><DescendantWidth>0</DescendantWidth><Height>72</Height></GUILayoutItem><GUILayoutItem><Name>Sequence_13</Name><X>296</X><Y>1232</Y><Width>120</Width><SpacingWidth>120</SpacingWidth><DescendantWidth>0</DescendantWidth><Height>96</Height></GUILayoutItem><GUILayoutItem><Name>Sequence_12</Name><X>152</X><Y>1232</Y><Width>120</Width><SpacingWidth>120</SpacingWidth><DescendantWidth>120</DescendantWidth><Height>96</Height></GUILayoutItem><GUILayoutItem><Name>Catch_2</Name><X>160</X><Y>1248</Y><Width>104</Width><SpacingWidth>0</SpacingWidth><DescendantWidth>0</DescendantWidth><Height>72</Height></GUILayoutItem><GUILayoutItem><Name>Sequence_11</Name><X>8</X><Y>1232</Y><Width>120</Width><SpacingWidth>120</SpacingWidth><DescendantWidth>120</DescendantWidth><Height>96</Height></GUILayoutItem><GUILayoutItem><Name>Material_NotBlank</Name><X>16</X><Y>1248</Y><Width>104</Width><SpacingWidth>0</SpacingWidth><DescendantWidth>0</DescendantWidth><Height>72</Height></GUILayoutItem><GUILayoutItem><Name>Sequence_14</Name><X>152</X><Y>1368</Y><Width>120</Width><SpacingWidth>120</SpacingWidth><DescendantWidth>0</DescendantWidth><Height>96</Height></GUILayoutItem><GUILayoutItem><Name>Show_Catch_2</Name><X>160</X><Y>1384</Y><Width>104</Width><SpacingWidth>0</SpacingWidth><DescendantWidth>0</DescendantWidth><Height>72</Height></GUILayoutItem><GUILayoutItem><Name>Sequence_15</Name><X>8</X><Y>1368</Y><Width>120</Width><SpacingWidth>120</SpacingWidth><DescendantWidth>120</DescendantWidth><Height>96</Height></GUILayoutItem><GUILayoutItem><Name>Get_MaterialBOM</Name><X>16</X><Y>1384</Y><Width>104</Width><SpacingWidth>0</SpacingWidth><DescendantWidth>0</DescendantWidth><Height>72</Height></GUILayoutItem><GUILayoutItem><Name>Sequence_16</Name><X>8</X><Y>1640</Y><Width>120</Width><SpacingWidth>120</SpacingWidth><DescendantWidth>0</DescendantWidth><Height>96</Height></GUILayoutItem><GUILayoutItem><Name>Show_MaterialBOM</Name><X>16</X><Y>1656</Y><Width>104</Width><SpacingWidth>0</SpacingWidth><DescendantWidth>0</DescendantWidth><Height>72</Height></GUILayoutItem><GUILayoutItem><Name>Sequence_17</Name><X>8</X><Y>1504</Y><Width>120</Width><SpacingWidth>120</SpacingWidth><DescendantWidth>120</DescendantWidth><Height>96</Height></GUILayoutItem><GUILayoutItem><Name>Repeater_OnMatBOM</Name><X>16</X><Y>1520</Y><Width>104</Width><SpacingWidth>0</SpacingWidth><DescendantWidth>0</DescendantWidth><Height>72</Height></GUILayoutItem></Layout><Actions><ContextItem><Name>Show_Params</Name><Description/><MinRange>0</MinRange><MaxRange>0</MaxRange><Value xsi:type="Tracer"><Message/><Level>INFO</Level></Value><ReadOnly>false</ReadOnly><AlertXMLAssigned>false</AlertXMLAssigned></ContextItem><ContextItem><Name>Exception_Enabler_1</Name><Description/><MinRange>0</MinRange><MaxRange>0</MaxRange><Value xsi:type="ExceptionEnabler"><EnableActionExceptions>true</EnableActionExceptions><EnableLinkExceptions>true</EnableLinkExceptions></Value><ReadOnly>false</ReadOnly><AlertXMLAssigned>false</AlertXMLAssigned></ContextItem><ContextItem><Name>Catch_1</Name><Description/><MinRange>0</MinRange><MaxRange>0</MaxRange><Value xsi:type="CatchAction"/><ReadOnly>false</ReadOnly><AlertXMLAssigned>false</AlertXMLAssigned></ContextItem><ContextItem><Name>SAP_JCo_Start_Session</Name><Description/><MinRange>0</MinRange><MaxRange>0</MaxRange><Value xsi:type="SAPJCOStartSession"><ConnPropAlias>SAP</ConnPropAlias><CredentialAlias>SAP</CredentialAlias><SAPServerName/><SAPClient/><SAPSystemNumber/><Language/><ConnectionPoolSize>10</ConnectionPoolSize><SAPUserName/><SAPPassword/><SAPSSO2Ticket/><PoolConnections>true</PoolConnections><LogonGroup/><ConnectionTimeout>0</ConnectionTimeout></Value><ReadOnly>false</ReadOnly><AlertXMLAssigned>false</AlertXMLAssigned></ContextItem><ContextItem><Name>Show_Catch_1</Name><Description/><MinRange>0</MinRange><MaxRange>0</MaxRange><Value xsi:type="Tracer"><Message/><Level>INFO</Level></Value><ReadOnly>false</ReadOnly><AlertXMLAssigned>false</AlertXMLAssigned></ContextItem><ContextItem><Name>Get_OrdersList</Name><Description/><MinRange>0</MinRange><MaxRange>0</MaxRange><Value xsi:type="SAPJCOFunction"><SourceSession>SAP_JCo_Start_Session</SourceSession><Request><ReferenceDocumentSource/>&lt;?xml version="1.0" encoding="UTF-8"?&gt;&lt;BAPI_PRODORD_GET_LIST&gt;&lt;INPUT&gt;&lt;COLLECTIVE_ORDER/&gt;&lt;/INPUT&gt;&lt;TABLES&gt;&lt;MATERIAL_RANGE&gt;&lt;item&gt;&lt;SIGN/&gt;&lt;OPTION/&gt;&lt;LOW/&gt;&lt;HIGH/&gt;&lt;HIGH_EXTERNAL/&gt;&lt;HIGH_GUID/&gt;&lt;HIGH_VERSION/&gt;&lt;LOW_EXTERNAL/&gt;&lt;LOW_GUID/&gt;&lt;LOW_VERSION/&gt;&lt;/item&gt;&lt;/MATERIAL_RANGE&gt;&lt;MRP_CNTRL_RANGE&gt;&lt;item&gt;&lt;SIGN/&gt;&lt;OPTION/&gt;&lt;LOW/&gt;&lt;HIGH/&gt;&lt;/item&gt;&lt;/MRP_CNTRL_RANGE&gt;&lt;ORDER_HEADER&gt;&lt;item&gt;&lt;ORDER_NUMBER/&gt;&lt;PRODUCTION_PLANT/&gt;&lt;MRP_CONTROLLER/&gt;&lt;PRODUCTION_SCHEDULER/&gt;&lt;MATERIAL/&gt;&lt;EXPL_DATE/&gt;&lt;ROUTING_NO/&gt;&lt;RESERVATION_NUMBER/&gt;&lt;SCHED_RELEASE_DATE/&gt;&lt;ACTUAL_RELEASE_DATE/&gt;&lt;FINISH_DATE/&gt;&lt;START_DATE/&gt;&lt;PRODUCTION_FINISH_DATE/&gt;&lt;PRODUCTION_START_DATE/&gt;&lt;ACTUAL_START_DATE/&gt;&lt;ACTUAL_FINISH_DATE/&gt;&lt;SCRAP/&gt;&lt;TARGET_QUANTITY/&gt;&lt;UNIT/&gt;&lt;UNIT_ISO/&gt;&lt;PRIORITY/&gt;&lt;ORDER_TYPE/&gt;&lt;ENTERED_BY/&gt;&lt;ENTER_DATE/&gt;&lt;DELETION_FLAG/&gt;&lt;WBS_ELEMENT/&gt;&lt;CONF_NO/&gt;&lt;CONF_CNT/&gt;&lt;INT_OBJ_NO/&gt;&lt;SCHED_FIN_TIME/&gt;&lt;SCHED_START_TIME/&gt;&lt;COLLECTIVE_ORDER/&gt;&lt;ORDER_SEQ_NO/&gt;&lt;FINISH_TIME/&gt;&lt;START_TIME/&gt;&lt;ACTUAL_START_TIME/&gt;&lt;LEADING_ORDER/&gt;&lt;SALES_ORDER/&gt;&lt;SALES_ORDER_ITEM/&gt;&lt;PROD_SCHED_PROFILE/&gt;&lt;MATERIAL_TEXT/&gt;&lt;SYSTEM_STATUS/&gt;&lt;CONFIRMED_QUANTITY/&gt;&lt;PLAN_PLANT/&gt;&lt;BATCH/&gt;&lt;MATERIAL_EXTERNAL/&gt;&lt;MATERIAL_GUID/&gt;&lt;MATERIAL_VERSION/&gt;&lt;DATE_OF_EXPIRY/&gt;&lt;DATE_OF_MANUFACTURE/&gt;&lt;/item&gt;&lt;/ORDER_HEADER&gt;&lt;ORDER_NUMBER_RANGE&gt;&lt;item&gt;&lt;SIGN/&gt;&lt;OPTION/&gt;&lt;LOW/&gt;&lt;HIGH/&gt;&lt;/item&gt;&lt;/ORDER_NUMBER_RANGE&gt;&lt;ORDER_PRIO_RANGE&gt;&lt;item&gt;&lt;SIGN/&gt;&lt;OPTION/&gt;&lt;LOW/&gt;&lt;HIGH/&gt;&lt;/item&gt;&lt;/ORDER_PRIO_RANGE&gt;&lt;ORDER_TYPE_RANGE&gt;&lt;item&gt;&lt;SIGN/&gt;&lt;OPTION/&gt;&lt;LOW/&gt;&lt;HIGH/&gt;&lt;/item&gt;&lt;/ORDER_TYPE_RANGE&gt;&lt;PLANPLANT_RANGE&gt;&lt;item&gt;&lt;SIGN/&gt;&lt;OPTION/&gt;&lt;LOW/&gt;&lt;HIGH/&gt;&lt;/item&gt;&lt;/PLANPLANT_RANGE&gt;&lt;PRODPLANT_RANGE&gt;&lt;item&gt;&lt;SIGN/&gt;&lt;OPTION/&gt;&lt;LOW/&gt;&lt;HIGH/&gt;&lt;/item&gt;&lt;/PRODPLANT_RANGE&gt;&lt;PROD_SCHED_RANGE&gt;&lt;item&gt;&lt;SIGN/&gt;&lt;OPTION/&gt;&lt;LOW/&gt;&lt;HIGH/&gt;&lt;/item&gt;&lt;/PROD_SCHED_RANGE&gt;&lt;SALES_ORD_ITM_RANGE&gt;&lt;item&gt;&lt;SIGN/&gt;&lt;OPTION/&gt;&lt;LOW/&gt;&lt;HIGH/&gt;&lt;/item&gt;&lt;/SALES_ORD_ITM_RANGE&gt;&lt;SALES_ORD_RANGE&gt;&lt;item&gt;&lt;SIGN/&gt;&lt;OPTION/&gt;&lt;LOW/&gt;&lt;HIGH/&gt;&lt;/item&gt;&lt;/SALES_ORD_RANGE&gt;&lt;SEQ_NO_RANGE&gt;&lt;item&gt;&lt;SIGN/&gt;&lt;OPTION/&gt;&lt;LOW/&gt;&lt;HIGH/&gt;&lt;/item&gt;&lt;/SEQ_NO_RANGE&gt;&lt;WBS_ELEMENT_RANGE&gt;&lt;item&gt;&lt;SIGN/&gt;&lt;OPTION/&gt;&lt;LOW/&gt;&lt;HIGH/&gt;&lt;/item&gt;&lt;/WBS_ELEMENT_RANGE&gt;&lt;/TABLES&gt;&lt;/BAPI_PRODORD_GET_LIST&gt;</Request><Response><ReferenceDocumentSource/>&lt;?xml version="1.0" encoding="UTF-8"?&gt;&lt;BAPI_PRODORD_GET_LIST&gt;&lt;OUTPUT&gt;&lt;RETURN&gt;&lt;TYPE/&gt;&lt;ID/&gt;&lt;NUMBER/&gt;&lt;MESSAGE/&gt;&lt;LOG_NO/&gt;&lt;LOG_MSG_NO/&gt;&lt;MESSAGE_V1/&gt;&lt;MESSAGE_V2/&gt;&lt;MESSAGE_V3/&gt;&lt;MESSAGE_V4/&gt;&lt;PARAMETER/&gt;&lt;ROW/&gt;&lt;FIELD/&gt;&lt;SYSTEM/&gt;&lt;/RETURN&gt;&lt;/OUTPUT&gt;&lt;TABLES&gt;&lt;MATERIAL_RANGE&gt;&lt;item&gt;&lt;SIGN/&gt;&lt;OPTION/&gt;&lt;LOW/&gt;&lt;HIGH/&gt;&lt;HIGH_EXTERNAL/&gt;&lt;HIGH_GUID/&gt;&lt;HIGH_VERSION/&gt;&lt;LOW_EXTERNAL/&gt;&lt;LOW_GUID/&gt;&lt;LOW_VERSION/&gt;&lt;/item&gt;&lt;/MATERIAL_RANGE&gt;&lt;MRP_CNTRL_RANGE&gt;&lt;item&gt;&lt;SIGN/&gt;&lt;OPTION/&gt;&lt;LOW/&gt;&lt;HIGH/&gt;&lt;/item&gt;&lt;/MRP_CNTRL_RANGE&gt;&lt;ORDER_HEADER&gt;&lt;item&gt;&lt;ORDER_NUMBER/&gt;&lt;PRODUCTION_PLANT/&gt;&lt;MRP_CONTROLLER/&gt;&lt;PRODUCTION_SCHEDULER/&gt;&lt;MATERIAL/&gt;&lt;EXPL_DATE/&gt;&lt;ROUTING_NO/&gt;&lt;RESERVATION_NUMBER/&gt;&lt;SCHED_RELEASE_DATE/&gt;&lt;ACTUAL_RELEASE_DATE/&gt;&lt;FINISH_DATE/&gt;&lt;START_DATE/&gt;&lt;PRODUCTION_FINISH_DATE/&gt;&lt;PRODUCTION_START_DATE/&gt;&lt;ACTUAL_START_DATE/&gt;&lt;ACTUAL_FINISH_DATE/&gt;&lt;SCRAP/&gt;&lt;TARGET_QUANTITY/&gt;&lt;UNIT/&gt;&lt;UNIT_ISO/&gt;&lt;PRIORITY/&gt;&lt;ORDER_TYPE/&gt;&lt;ENTERED_BY/&gt;&lt;ENTER_DATE/&gt;&lt;DELETION_FLAG/&gt;&lt;WBS_ELEMENT/&gt;&lt;CONF_NO/&gt;&lt;CONF_CNT/&gt;&lt;INT_OBJ_NO/&gt;&lt;SCHED_FIN_TIME/&gt;&lt;SCHED_START_TIME/&gt;&lt;COLLECTIVE_ORDER/&gt;&lt;ORDER_SEQ_NO/&gt;&lt;FINISH_TIME/&gt;&lt;START_TIME/&gt;&lt;ACTUAL_START_TIME/&gt;&lt;LEADING_ORDER/&gt;&lt;SALES_ORDER/&gt;&lt;SALES_ORDER_ITEM/&gt;&lt;PROD_SCHED_PROFILE/&gt;&lt;MATERIAL_TEXT/&gt;&lt;SYSTEM_STATUS/&gt;&lt;CONFIRMED_QUANTITY/&gt;&lt;PLAN_PLANT/&gt;&lt;BATCH/&gt;&lt;MATERIAL_EXTERNAL/&gt;&lt;MATERIAL_GUID/&gt;&lt;MATERIAL_VERSION/&gt;&lt;DATE_OF_EXPIRY/&gt;&lt;DATE_OF_MANUFACTURE/&gt;&lt;/item&gt;&lt;/ORDER_HEADER&gt;&lt;ORDER_NUMBER_RANGE&gt;&lt;item&gt;&lt;SIGN/&gt;&lt;OPTION/&gt;&lt;LOW/&gt;&lt;HIGH/&gt;&lt;/item&gt;&lt;/ORDER_NUMBER_RANGE&gt;&lt;ORDER_PRIO_RANGE&gt;&lt;item&gt;&lt;SIGN/&gt;&lt;OPTION/&gt;&lt;LOW/&gt;&lt;HIGH/&gt;&lt;/item&gt;&lt;/ORDER_PRIO_RANGE&gt;&lt;ORDER_TYPE_RANGE&gt;&lt;item&gt;&lt;SIGN/&gt;&lt;OPTION/&gt;&lt;LOW/&gt;&lt;HIGH/&gt;&lt;/item&gt;&lt;/ORDER_TYPE_RANGE&gt;&lt;PLANPLANT_RANGE&gt;&lt;item&gt;&lt;SIGN/&gt;&lt;OPTION/&gt;&lt;LOW/&gt;&lt;HIGH/&gt;&lt;/item&gt;&lt;/PLANPLANT_RANGE&gt;&lt;PRODPLANT_RANGE&gt;&lt;item&gt;&lt;SIGN/&gt;&lt;OPTION/&gt;&lt;LOW/&gt;&lt;HIGH/&gt;&lt;/item&gt;&lt;/PRODPLANT_RANGE&gt;&lt;PROD_SCHED_RANGE&gt;&lt;item&gt;&lt;SIGN/&gt;&lt;OPTION/&gt;&lt;LOW/&gt;&lt;HIGH/&gt;&lt;/item&gt;&lt;/PROD_SCHED_RANGE&gt;&lt;SALES_ORD_ITM_RANGE&gt;&lt;item&gt;&lt;SIGN/&gt;&lt;OPTION/&gt;&lt;LOW/&gt;&lt;HIGH/&gt;&lt;/item&gt;&lt;/SALES_ORD_ITM_RANGE&gt;&lt;SALES_ORD_RANGE&gt;&lt;item&gt;&lt;SIGN/&gt;&lt;OPTION/&gt;&lt;LOW/&gt;&lt;HIGH/&gt;&lt;/item&gt;&lt;/SALES_ORD_RANGE&gt;&lt;SEQ_NO_RANGE&gt;&lt;item&gt;&lt;SIGN/&gt;&lt;OPTION/&gt;&lt;LOW/&gt;&lt;HIGH/&gt;&lt;/item&gt;&lt;/SEQ_NO_RANGE&gt;&lt;WBS_ELEMENT_RANGE&gt;&lt;item&gt;&lt;SIGN/&gt;&lt;OPTION/&gt;&lt;LOW/&gt;&lt;HIGH/&gt;&lt;/item&gt;&lt;/WBS_ELEMENT_RANGE&gt;&lt;/TABLES&gt;&lt;/BAPI_PRODORD_GET_LIST&gt;</Response><SAPRFC>BAPI_PRODORD_GET_LIST</SAPRFC><TYPERFC>0</TYPERFC><QueueName/><ExecuteFunction>true</ExecuteFunction><RecreateFunction>true</RecreateFunction><AllowMultipleRows>true</AllowMultipleRows><DaysRetention>7</DaysRetention><MaxRetryCount>5</MaxRetryCount><RetryInterval>30000</RetryInterval><ProcessingMode>1</ProcessingMode><Filter/><DataBufferComment/></Value><SchemaURI/><SchemaElement/><ValidateXMLOnExecution>1</ValidateXMLOnExecution><SchemaURI/><SchemaElement/><ValidateXMLOnExecution>1</ValidateXMLOnExecution><ReadOnly>false</ReadOnly><AlertXMLAssigned>false</AlertXMLAssigned></ContextItem><ContextItem><Name>Get_OrdersList_OK</Name><Description/><MinRange>0</MinRange><MaxRange>0</MaxRange><Value xsi:type="ConditionalAction"><Output>false</Output><InputCount>1</InputCount><LogicalAnd>false</LogicalAnd><Input1>false</Input1></Value><ReadOnly>false</ReadOnly><AlertXMLAssigned>false</AlertXMLAssigned></ContextItem><ContextItem><Name>Repeater_OnOrder</Name><Description/><MinRange>0</MinRange><MaxRange>0</MaxRange><Value xsi:type="RepeaterAction"><Output><ReferenceDocumentSource/>&lt;?xml version="1.0" encoding="UTF-8"?&gt;&lt;item&gt;&#13;
                &lt;ORDER_NUMBER/&gt;&#13;
                &lt;PRODUCTION_PLANT/&gt;&#13;
                &lt;MRP_CONTROLLER/&gt;&#13;
                &lt;PRODUCTION_SCHEDULER/&gt;&#13;
                &lt;MATERIAL/&gt;&#13;
                &lt;EXPL_DATE/&gt;&#13;
                &lt;ROUTING_NO/&gt;&#13;
                &lt;RESERVATION_NUMBER/&gt;&#13;
                &lt;SCHED_RELEASE_DATE/&gt;&#13;
                &lt;ACTUAL_RELEASE_DATE/&gt;&#13;
                &lt;FINISH_DATE/&gt;&#13;
                &lt;START_DATE/&gt;&#13;
                &lt;PRODUCTION_FINISH_DATE/&gt;&#13;
                &lt;PRODUCTION_START_DATE/&gt;&#13;
                &lt;ACTUAL_START_DATE/&gt;&#13;
                &lt;ACTUAL_FINISH_DATE/&gt;&#13;
                &lt;SCRAP/&gt;&#13;
                &lt;TARGET_QUANTITY/&gt;&#13;
                &lt;UNIT/&gt;&#13;
                &lt;UNIT_ISO/&gt;&#13;
                &lt;PRIORITY/&gt;&#13;
                &lt;ORDER_TYPE/&gt;&#13;
                &lt;ENTERED_BY/&gt;&#13;
                &lt;ENTER_DATE/&gt;&#13;
                &lt;DELETION_FLAG/&gt;&#13;
                &lt;WBS_ELEMENT/&gt;&#13;
                &lt;CONF_NO/&gt;&#13;
                &lt;CONF_CNT/&gt;&#13;
                &lt;INT_OBJ_NO/&gt;&#13;
                &lt;SCHED_FIN_TIME/&gt;&#13;
                &lt;SCHED_START_TIME/&gt;&#13;
                &lt;COLLECTIVE_ORDER/&gt;&#13;
                &lt;ORDER_SEQ_NO/&gt;&#13;
                &lt;FINISH_TIME/&gt;&#13;
                &lt;START_TIME/&gt;&#13;
                &lt;ACTUAL_START_TIME/&gt;&#13;
                &lt;LEADING_ORDER/&gt;&#13;
                &lt;SALES_ORDER/&gt;&#13;
                &lt;SALES_ORDER_ITEM/&gt;&#13;
                &lt;PROD_SCHED_PROFILE/&gt;&#13;
                &lt;MATERIAL_TEXT/&gt;&#13;
                &lt;SYSTEM_STATUS/&gt;&#13;
                &lt;CONFIRMED_QUANTITY/&gt;&#13;
                &lt;PLAN_PLANT/&gt;&#13;
                &lt;BATCH/&gt;&#13;
                &lt;MATERIAL_EXTERNAL/&gt;&#13;
                &lt;MATERIAL_GUID/&gt;&#13;
                &lt;MATERIAL_VERSION/&gt;&#13;
                &lt;DATE_OF_EXPIRY/&gt;&#13;
                &lt;DATE_OF_MANUFACTURE/&gt;&#13;
            &lt;/item&gt;</Output><Break>false</Break><ItemCount>0</ItemCount><CurrentItem>0</CurrentItem><Source>Get_OrdersList.Response{/BAPI_PRODORD_GET_LIST/TABLES/ORDER_HEADER/item}</Source><Item><ReferenceDocumentSource/>&lt;?xml version="1.0" encoding="UTF-8"?&gt;&lt;item&gt;&#13;
                &lt;ORDER_NUMBER/&gt;&#13;
                &lt;PRODUCTION_PLANT/&gt;&#13;
                &lt;MRP_CONTROLLER/&gt;&#13;
                &lt;PRODUCTION_SCHEDULER/&gt;&#13;
                &lt;MATERIAL/&gt;&#13;
                &lt;EXPL_DATE/&gt;&#13;
                &lt;ROUTING_NO/&gt;&#13;
                &lt;RESERVATION_NUMBER/&gt;&#13;
                &lt;SCHED_RELEASE_DATE/&gt;&#13;
                &lt;ACTUAL_RELEASE_DATE/&gt;&#13;
                &lt;FINISH_DATE/&gt;&#13;
                &lt;START_DATE/&gt;&#13;
                &lt;PRODUCTION_FINISH_DATE/&gt;&#13;
                &lt;PRODUCTION_START_DATE/&gt;&#13;
                &lt;ACTUAL_START_DATE/&gt;&#13;
                &lt;ACTUAL_FINISH_DATE/&gt;&#13;
                &lt;SCRAP/&gt;&#13;
                &lt;TARGET_QUANTITY/&gt;&#13;
                &lt;UNIT/&gt;&#13;
                &lt;UNIT_ISO/&gt;&#13;
                &lt;PRIORITY/&gt;&#13;
                &lt;ORDER_TYPE/&gt;&#13;
                &lt;ENTERED_BY/&gt;&#13;
                &lt;ENTER_DATE/&gt;&#13;
                &lt;DELETION_FLAG/&gt;&#13;
                &lt;WBS_ELEMENT/&gt;&#13;
                &lt;CONF_NO/&gt;&#13;
                &lt;CONF_CNT/&gt;&#13;
                &lt;INT_OBJ_NO/&gt;&#13;
                &lt;SCHED_FIN_TIME/&gt;&#13;
                &lt;SCHED_START_TIME/&gt;&#13;
                &lt;COLLECTIVE_ORDER/&gt;&#13;
                &lt;ORDER_SEQ_NO/&gt;&#13;
                &lt;FINISH_TIME/&gt;&#13;
                &lt;START_TIME/&gt;&#13;
                &lt;ACTUAL_START_TIME/&gt;&#13;
                &lt;LEADING_ORDER/&gt;&#13;
                &lt;SALES_ORDER/&gt;&#13;
                &lt;SALES_ORDER_ITEM/&gt;&#13;
                &lt;PROD_SCHED_PROFILE/&gt;&#13;
                &lt;MATERIAL_TEXT/&gt;&#13;
                &lt;SYSTEM_STATUS/&gt;&#13;
                &lt;CONFIRMED_QUANTITY/&gt;&#13;
                &lt;PLAN_PLANT/&gt;&#13;
                &lt;BATCH/&gt;&#13;
                &lt;MATERIAL_EXTERNAL/&gt;&#13;
                &lt;MATERIAL_GUID/&gt;&#13;
                &lt;MATERIAL_VERSION/&gt;&#13;
                &lt;DATE_OF_EXPIRY/&gt;&#13;
                &lt;DATE_OF_MANUFACTURE/&gt;&#13;
            &lt;/item&gt;</Item></Value><SchemaURI/><SchemaElement/><ValidateXMLOnExecution>1</ValidateXMLOnExecution><SchemaURI/><SchemaElement/><ValidateXMLOnExecution>1</ValidateXMLOnExecution><ReadOnly>false</ReadOnly><AlertXMLAssigned>false</AlertXMLAssigned></ContextItem><ContextItem><Name>Show_OrderInfo</Name><Description/><MinRange>0</MinRange><MaxRange>0</MaxRange><Value xsi:type="Tracer"><Message/><Level>INFO</Level></Value><ReadOnly>false</ReadOnly><AlertXMLAssigned>false</AlertXMLAssigned></ContextItem><ContextItem><Name>Exception_Enabler_2</Name><Description/><MinRange>0</MinRange><MaxRange>0</MaxRange><Value xsi:type="ExceptionEnabler"><EnableActionExceptions>true</EnableActionExceptions><EnableLinkExceptions>true</EnableLinkExceptions></Value><ReadOnly>false</ReadOnly><AlertXMLAssigned>false</AlertXMLAssigned></ContextItem><ContextItem><Name>Catch_2</Name><Description/><MinRange>0</MinRange><MaxRange>0</MaxRange><Value xsi:type="CatchAction"/><ReadOnly>false</ReadOnly><AlertXMLAssigned>false</AlertXMLAssigned></ContextItem><ContextItem><Name>Material_NotBlank</Name><Description/><MinRange>0</MinRange><MaxRange>0</MaxRange><Value xsi:type="ConditionalAction"><Output>false</Output><InputCount>1</InputCount><LogicalAnd>false</LogicalAnd><Input1>false</Input1></Value><ReadOnly>false</ReadOnly><AlertXMLAssigned>false</AlertXMLAssigned></ContextItem><ContextItem><Name>Show_Catch_2</Name><Description/><MinRange>0</MinRange><MaxRange>0</MaxRange><Value xsi:type="Tracer"><Message/><Level>INFO</Level></Value><ReadOnly>false</ReadOnly><AlertXMLAssigned>false</AlertXMLAssigned></ContextItem><ContextItem><Name>Get_MaterialBOM</Name><Description/><MinRange>0</MinRange><MaxRange>0</MaxRange><Value xsi:type="SAPJCOFunction"><SourceSession>SAP_JCo_Start_Session</SourceSession><Request><ReferenceDocumentSource/>&lt;?xml version="1.0" encoding="UTF-8"?&gt;&lt;CSAP_MAT_BOM_READ&gt;&lt;INPUT&gt;&lt;ALTERNATIVE/&gt;&lt;BOM_USAGE/&gt;&lt;CHANGE_NO/&gt;&lt;FL_DMU_TMX/&gt;&lt;FL_DOC_LINKS/&gt;&lt;MATERIAL/&gt;&lt;PLANT/&gt;&lt;REVISION_LEVEL/&gt;&lt;VALID_FROM/&gt;&lt;VALID_TO/&gt;&lt;/INPUT&gt;&lt;TABLES&gt;&lt;T_DEP_DATA&gt;&lt;item&gt;&lt;OBJECT_ID/&gt;&lt;IDENTIFIER/&gt;&lt;BOM_NO/&gt;&lt;ITEM_NODE/&gt;&lt;ITEM_COUNT/&gt;&lt;DEP_INTERN/&gt;&lt;DEP_EXTERN/&gt;&lt;DEP_TYPE/&gt;&lt;DEP_TYPE2/&gt;&lt;SCE_FLAG/&gt;&lt;STATUS/&gt;&lt;GROUP/&gt;&lt;WHR_TO_USE/&gt;&lt;FLDELETE/&gt;&lt;/item&gt;&lt;/T_DEP_DATA&gt;&lt;T_DEP_DESCR&gt;&lt;item&gt;&lt;OBJECT_ID/&gt;&lt;IDENTIFIER/&gt;&lt;BOM_NO/&gt;&lt;ITEM_NODE/&gt;&lt;ITEM_COUNT/&gt;&lt;DEP_INTERN/&gt;&lt;DEP_EXTERN/&gt;&lt;LANGUAGE/&gt;&lt;DESCRIPT/&gt;&lt;FLDELETE/&gt;&lt;LANGUAGE_ISO/&gt;&lt;/item&gt;&lt;/T_DEP_DESCR&gt;&lt;T_DEP_DOC&gt;&lt;item&gt;&lt;OBJECT_ID/&gt;&lt;IDENTIFIER/&gt;&lt;BOM_NO/&gt;&lt;ITEM_NODE/&gt;&lt;ITEM_COUNT/&gt;&lt;DEP_INTERN/&gt;&lt;DEP_EXTERN/&gt;&lt;LANGUAGE/&gt;&lt;LINE_NO/&gt;&lt;TXT_FORM/&gt;&lt;TXT_LINE/&gt;&lt;LANGUAGE_ISO/&gt;&lt;/item&gt;&lt;/T_DEP_DOC&gt;&lt;T_DEP_ORDER&gt;&lt;item&gt;&lt;OBJECT_ID/&gt;&lt;IDENTIFIER/&gt;&lt;BOM_NO/&gt;&lt;ITEM_NODE/&gt;&lt;ITEM_COUNT/&gt;&lt;DEP_INTERN/&gt;&lt;DEP_EXTERN/&gt;&lt;DEP_LINENO/&gt;&lt;/item&gt;&lt;/T_DEP_ORDER&gt;&lt;T_DEP_SOURCE&gt;&lt;item&gt;&lt;OBJECT_ID/&gt;&lt;IDENTIFIER/&gt;&lt;BOM_NO/&gt;&lt;ITEM_NODE/&gt;&lt;ITEM_COUNT/&gt;&lt;DEP_INTERN/&gt;&lt;DEP_EXTERN/&gt;&lt;LINE_NO/&gt;&lt;LINE/&gt;&lt;/item&gt;&lt;/T_DEP_SOURCE&gt;&lt;T_DMU_TMX&gt;&lt;item&gt;&lt;OBJECT_ID/&gt;&lt;IDENTIFIER/&gt;&lt;BOM_NO/&gt;&lt;ITEM_NODE/&gt;&lt;ITEM_COUNT/&gt;&lt;MANDT/&gt;&lt;TMXGUID/&gt;&lt;LOCOX/&gt;&lt;LOCOY/&gt;&lt;LOCOZ/&gt;&lt;AXIS1X/&gt;&lt;AXIS1Y/&gt;&lt;AXIS1Z/&gt;&lt;AXIS2X/&gt;&lt;AXIS2Y/&gt;&lt;AXIS2Z/&gt;&lt;AXIS3X/&gt;&lt;AXIS3Y/&gt;&lt;AXIS3Z/&gt;&lt;SCALE/&gt;&lt;/item&gt;&lt;/T_DMU_TMX&gt;&lt;T_DOC_LINK&gt;&lt;item&gt;&lt;OBJECT_ID/&gt;&lt;IDENTIFIER/&gt;&lt;BOM_NO/&gt;&lt;ITEM_NODE/&gt;&lt;ITEM_COUNT/&gt;&lt;MANDT/&gt;&lt;DOKAR/&gt;&lt;DOKNR/&gt;&lt;DOKVR/&gt;&lt;DOKTL/&gt;&lt;DOKOB/&gt;&lt;OBZAE/&gt;&lt;OBJKY/&gt;&lt;VRKSTAT/&gt;&lt;VRKSTAT1/&gt;&lt;VOBJ/&gt;&lt;VKEY/&gt;&lt;VDIR/&gt;&lt;VIEWFLAG/&gt;&lt;DELFLAG/&gt;&lt;LONGTEXT_ID/&gt;&lt;CAD_POS/&gt;&lt;CM_FIXED/&gt;&lt;FLDELETE/&gt;&lt;/item&gt;&lt;/T_DOC_LINK&gt;&lt;T_LTX_LINE&gt;&lt;item&gt;&lt;OBJECT_ID/&gt;&lt;IDENTIFIER/&gt;&lt;BOM_NO/&gt;&lt;ITEM_NODE/&gt;&lt;ITEM_COUNT/&gt;&lt;TDFORMAT/&gt;&lt;TDLINE/&gt;&lt;/item&gt;&lt;/T_LTX_LINE&gt;&lt;T_STKO&gt;&lt;item&gt;&lt;BASE_QUAN/&gt;&lt;BASE_UNIT/&gt;&lt;BOM_STATUS/&gt;&lt;ALT_TEXT/&gt;&lt;LABORATORY/&gt;&lt;DELETE_IND/&gt;&lt;BOM_TEXT/&gt;&lt;BOM_GROUP/&gt;&lt;AUTH_GROUP/&gt;&lt;CAD_IND/&gt;&lt;ID_GUID/&gt;&lt;BOM_NO/&gt;&lt;ALE_IND/&gt;&lt;VALID_TO/&gt;&lt;CHG_NO_TO/&gt;&lt;CREATED_ON/&gt;&lt;CREATED_BY/&gt;&lt;CHANGED_ON/&gt;&lt;CHANGED_BY/&gt;&lt;VALID_FROM/&gt;&lt;CHG_NO/&gt;&lt;/item&gt;&lt;/T_STKO&gt;&lt;T_STPO&gt;&lt;item&gt;&lt;ITEM_CATEG/&gt;&lt;ITEM_NO/&gt;&lt;COMPONENT/&gt;&lt;COMP_QTY/&gt;&lt;COMP_UNIT/&gt;&lt;FIXED_QTY/&gt;&lt;ITEM_TEXT1/&gt;&lt;ITEM_TEXT2/&gt;&lt;SORTSTRING/&gt;&lt;REL_COST/&gt;&lt;REL_ENGIN/&gt;&lt;REL_PMAINT/&gt;&lt;REL_PROD/&gt;&lt;REL_SALES/&gt;&lt;SPARE_PART/&gt;&lt;MAT_PROVIS/&gt;&lt;BULK_MAT/&gt;&lt;REC_ALLOWD/&gt;&lt;COMP_SCRAP/&gt;&lt;OP_SCRAP/&gt;&lt;OP_NET_IND/&gt;&lt;DISTR_KEY/&gt;&lt;EXPL_TYPE/&gt;&lt;SPPROCTYPE/&gt;&lt;SUPPLYAREA/&gt;&lt;ISSUE_LOC/&gt;&lt;LEAD_TIME/&gt;&lt;OP_LEAD_TM/&gt;&lt;OP_LT_UNIT/&gt;&lt;CO_PRODUCT/&gt;&lt;DISCON_GRP/&gt;&lt;FOLLOW_GRP/&gt;&lt;AI_GROUP/&gt;&lt;AI_STRATEG/&gt;&lt;AI_PRIO/&gt;&lt;USAGE_PROB/&gt;&lt;REFPOINT/&gt;&lt;PM_ASSMBLY/&gt;&lt;COST_ELEM/&gt;&lt;DELIV_TIME/&gt;&lt;GRP_TIME/&gt;&lt;MAT_GROUP/&gt;&lt;PRICE/&gt;&lt;PRICE_UNIT/&gt;&lt;CURRENCY/&gt;&lt;PURCH_GRP/&gt;&lt;PURCH_ORG/&gt;&lt;VENDOR/&gt;&lt;VSI_NO/&gt;&lt;VSI_QTY/&gt;&lt;VSI_SIZE1/&gt;&lt;VSI_SIZE2/&gt;&lt;VSI_SIZE3/&gt;&lt;VSI_SZUNIT/&gt;&lt;VSI_FORMUL/&gt;&lt;DOCUMENT/&gt;&lt;DOC_TYPE/&gt;&lt;DOC_PART/&gt;&lt;DOC_VERS/&gt;&lt;CLASS/&gt;&lt;CLASS_TYPE/&gt;&lt;RES_ITM_CT/&gt;&lt;SEL_COND/&gt;&lt;REQD_COMP/&gt;&lt;MULT_SELEC/&gt;&lt;REL_HLCONF/&gt;&lt;CAD_IND/&gt;&lt;ITM_IDENT/&gt;&lt;ITEM_GUID/&gt;&lt;VALID_FROM/&gt;&lt;CHANGE_NO/&gt;&lt;IDENTIFIER/&gt;&lt;CUFACTOR/&gt;&lt;_-SAPMP_-MET_LRCH/&gt;&lt;_-SAPMP_-MAX_FERTL/&gt;&lt;_-SAPMP_-FIX_AS_J/&gt;&lt;_-SAPMP_-FIX_AS_E/&gt;&lt;_-SAPMP_-FIX_AS_L/&gt;&lt;_-SAPMP_-ABL_ZAHL/&gt;&lt;_-SAPMP_-RUND_FAKT/&gt;&lt;BOM_NO/&gt;&lt;ITEM_NODE/&gt;&lt;ITEM_COUNT/&gt;&lt;RECURSIVE/&gt;&lt;DEP_LINK/&gt;&lt;ALE_IND/&gt;&lt;VALID_TO/&gt;&lt;CHG_NO_TO/&gt;&lt;CREATED_ON/&gt;&lt;CREATED_BY/&gt;&lt;CHANGED_ON/&gt;&lt;CHANGED_BY/&gt;&lt;BOM_ALT/&gt;&lt;FLDELETE/&gt;&lt;/item&gt;&lt;/T_STPO&gt;&lt;T_STPU&gt;&lt;item&gt;&lt;POINTER/&gt;&lt;MANDT/&gt;&lt;STLTY/&gt;&lt;STLNR/&gt;&lt;STLKN/&gt;&lt;STPOZ/&gt;&lt;UPOSZ/&gt;&lt;UPMNG/&gt;&lt;EBORT/&gt;&lt;UPTXT/&gt;&lt;VBKZ/&gt;&lt;SELKZ/&gt;&lt;/item&gt;&lt;/T_STPU&gt;&lt;/TABLES&gt;&lt;/CSAP_MAT_BOM_READ&gt;</Request><Response><ReferenceDocumentSource/>&lt;?xml version="1.0" encoding="UTF-8"?&gt;&lt;CSAP_MAT_BOM_READ&gt;&lt;OUTPUT&gt;&lt;FL_WARNING/&gt;&lt;/OUTPUT&gt;&lt;TABLES&gt;&lt;T_DEP_DATA&gt;&lt;item&gt;&lt;OBJECT_ID/&gt;&lt;IDENTIFIER/&gt;&lt;BOM_NO/&gt;&lt;ITEM_NODE/&gt;&lt;ITEM_COUNT/&gt;&lt;DEP_INTERN/&gt;&lt;DEP_EXTERN/&gt;&lt;DEP_TYPE/&gt;&lt;DEP_TYPE2/&gt;&lt;SCE_FLAG/&gt;&lt;STATUS/&gt;&lt;GROUP/&gt;&lt;WHR_TO_USE/&gt;&lt;FLDELETE/&gt;&lt;/item&gt;&lt;/T_DEP_DATA&gt;&lt;T_DEP_DESCR&gt;&lt;item&gt;&lt;OBJECT_ID/&gt;&lt;IDENTIFIER/&gt;&lt;BOM_NO/&gt;&lt;ITEM_NODE/&gt;&lt;ITEM_COUNT/&gt;&lt;DEP_INTERN/&gt;&lt;DEP_EXTERN/&gt;&lt;LANGUAGE/&gt;&lt;DESCRIPT/&gt;&lt;FLDELETE/&gt;&lt;LANGUAGE_ISO/&gt;&lt;/item&gt;&lt;/T_DEP_DESCR&gt;&lt;T_DEP_DOC&gt;&lt;item&gt;&lt;OBJECT_ID/&gt;&lt;IDENTIFIER/&gt;&lt;BOM_NO/&gt;&lt;ITEM_NODE/&gt;&lt;ITEM_COUNT/&gt;&lt;DEP_INTERN/&gt;&lt;DEP_EXTERN/&gt;&lt;LANGUAGE/&gt;&lt;LINE_NO/&gt;&lt;TXT_FORM/&gt;&lt;TXT_LINE/&gt;&lt;LANGUAGE_ISO/&gt;&lt;/item&gt;&lt;/T_DEP_DOC&gt;&lt;T_DEP_ORDER&gt;&lt;item&gt;&lt;OBJECT_ID/&gt;&lt;IDENTIFIER/&gt;&lt;BOM_NO/&gt;&lt;ITEM_NODE/&gt;&lt;ITEM_COUNT/&gt;&lt;DEP_INTERN/&gt;&lt;DEP_EXTERN/&gt;&lt;DEP_LINENO/&gt;&lt;/item&gt;&lt;/T_DEP_ORDER&gt;&lt;T_DEP_SOURCE&gt;&lt;item&gt;&lt;OBJECT_ID/&gt;&lt;IDENTIFIER/&gt;&lt;BOM_NO/&gt;&lt;ITEM_NODE/&gt;&lt;ITEM_COUNT/&gt;&lt;DEP_INTERN/&gt;&lt;DEP_EXTERN/&gt;&lt;LINE_NO/&gt;&lt;LINE/&gt;&lt;/item&gt;&lt;/T_DEP_SOURCE&gt;&lt;T_DMU_TMX&gt;&lt;item&gt;&lt;OBJECT_ID/&gt;&lt;IDENTIFIER/&gt;&lt;BOM_NO/&gt;&lt;ITEM_NODE/&gt;&lt;ITEM_COUNT/&gt;&lt;MANDT/&gt;&lt;TMXGUID/&gt;&lt;LOCOX/&gt;&lt;LOCOY/&gt;&lt;LOCOZ/&gt;&lt;AXIS1X/&gt;&lt;AXIS1Y/&gt;&lt;AXIS1Z/&gt;&lt;AXIS2X/&gt;&lt;AXIS2Y/&gt;&lt;AXIS2Z/&gt;&lt;AXIS3X/&gt;&lt;AXIS3Y/&gt;&lt;AXIS3Z/&gt;&lt;SCALE/&gt;&lt;/item&gt;&lt;/T_DMU_TMX&gt;&lt;T_DOC_LINK&gt;&lt;item&gt;&lt;OBJECT_ID/&gt;&lt;IDENTIFIER/&gt;&lt;BOM_NO/&gt;&lt;ITEM_NODE/&gt;&lt;ITEM_COUNT/&gt;&lt;MANDT/&gt;&lt;DOKAR/&gt;&lt;DOKNR/&gt;&lt;DOKVR/&gt;&lt;DOKTL/&gt;&lt;DOKOB/&gt;&lt;OBZAE/&gt;&lt;OBJKY/&gt;&lt;VRKSTAT/&gt;&lt;VRKSTAT1/&gt;&lt;VOBJ/&gt;&lt;VKEY/&gt;&lt;VDIR/&gt;&lt;VIEWFLAG/&gt;&lt;DELFLAG/&gt;&lt;LONGTEXT_ID/&gt;&lt;CAD_POS/&gt;&lt;CM_FIXED/&gt;&lt;FLDELETE/&gt;&lt;/item&gt;&lt;/T_DOC_LINK&gt;&lt;T_LTX_LINE&gt;&lt;item&gt;&lt;OBJECT_ID/&gt;&lt;IDENTIFIER/&gt;&lt;BOM_NO/&gt;&lt;ITEM_NODE/&gt;&lt;ITEM_COUNT/&gt;&lt;TDFORMAT/&gt;&lt;TDLINE/&gt;&lt;/item&gt;&lt;/T_LTX_LINE&gt;&lt;T_STKO&gt;&lt;item&gt;&lt;BASE_QUAN/&gt;&lt;BASE_UNIT/&gt;&lt;BOM_STATUS/&gt;&lt;ALT_TEXT/&gt;&lt;LABORATORY/&gt;&lt;DELETE_IND/&gt;&lt;BOM_TEXT/&gt;&lt;BOM_GROUP/&gt;&lt;AUTH_GROUP/&gt;&lt;CAD_IND/&gt;&lt;ID_GUID/&gt;&lt;BOM_NO/&gt;&lt;ALE_IND/&gt;&lt;VALID_TO/&gt;&lt;CHG_NO_TO/&gt;&lt;CREATED_ON/&gt;&lt;CREATED_BY/&gt;&lt;CHANGED_ON/&gt;&lt;CHANGED_BY/&gt;&lt;VALID_FROM/&gt;&lt;CHG_NO/&gt;&lt;/item&gt;&lt;/T_STKO&gt;&lt;T_STPO&gt;&lt;item&gt;&lt;ITEM_CATEG/&gt;&lt;ITEM_NO/&gt;&lt;COMPONENT/&gt;&lt;COMP_QTY/&gt;&lt;COMP_UNIT/&gt;&lt;FIXED_QTY/&gt;&lt;ITEM_TEXT1/&gt;&lt;ITEM_TEXT2/&gt;&lt;SORTSTRING/&gt;&lt;REL_COST/&gt;&lt;REL_ENGIN/&gt;&lt;REL_PMAINT/&gt;&lt;REL_PROD/&gt;&lt;REL_SALES/&gt;&lt;SPARE_PART/&gt;&lt;MAT_PROVIS/&gt;&lt;BULK_MAT/&gt;&lt;REC_ALLOWD/&gt;&lt;COMP_SCRAP/&gt;&lt;OP_SCRAP/&gt;&lt;OP_NET_IND/&gt;&lt;DISTR_KEY/&gt;&lt;EXPL_TYPE/&gt;&lt;SPPROCTYPE/&gt;&lt;SUPPLYAREA/&gt;&lt;ISSUE_LOC/&gt;&lt;LEAD_TIME/&gt;&lt;OP_LEAD_TM/&gt;&lt;OP_LT_UNIT/&gt;&lt;CO_PRODUCT/&gt;&lt;DISCON_GRP/&gt;&lt;FOLLOW_GRP/&gt;&lt;AI_GROUP/&gt;&lt;AI_STRATEG/&gt;&lt;AI_PRIO/&gt;&lt;USAGE_PROB/&gt;&lt;REFPOINT/&gt;&lt;PM_ASSMBLY/&gt;&lt;COST_ELEM/&gt;&lt;DELIV_TIME/&gt;&lt;GRP_TIME/&gt;&lt;MAT_GROUP/&gt;&lt;PRICE/&gt;&lt;PRICE_UNIT/&gt;&lt;CURRENCY/&gt;&lt;PURCH_GRP/&gt;&lt;PURCH_ORG/&gt;&lt;VENDOR/&gt;&lt;VSI_NO/&gt;&lt;VSI_QTY/&gt;&lt;VSI_SIZE1/&gt;&lt;VSI_SIZE2/&gt;&lt;VSI_SIZE3/&gt;&lt;VSI_SZUNIT/&gt;&lt;VSI_FORMUL/&gt;&lt;DOCUMENT/&gt;&lt;DOC_TYPE/&gt;&lt;DOC_PART/&gt;&lt;DOC_VERS/&gt;&lt;CLASS/&gt;&lt;CLASS_TYPE/&gt;&lt;RES_ITM_CT/&gt;&lt;SEL_COND/&gt;&lt;REQD_COMP/&gt;&lt;MULT_SELEC/&gt;&lt;REL_HLCONF/&gt;&lt;CAD_IND/&gt;&lt;ITM_IDENT/&gt;&lt;ITEM_GUID/&gt;&lt;VALID_FROM/&gt;&lt;CHANGE_NO/&gt;&lt;IDENTIFIER/&gt;&lt;CUFACTOR/&gt;&lt;_-SAPMP_-MET_LRCH/&gt;&lt;_-SAPMP_-MAX_FERTL/&gt;&lt;_-SAPMP_-FIX_AS_J/&gt;&lt;_-SAPMP_-FIX_AS_E/&gt;&lt;_-SAPMP_-FIX_AS_L/&gt;&lt;_-SAPMP_-ABL_ZAHL/&gt;&lt;_-SAPMP_-RUND_FAKT/&gt;&lt;BOM_NO/&gt;&lt;ITEM_NODE/&gt;&lt;ITEM_COUNT/&gt;&lt;RECURSIVE/&gt;&lt;DEP_LINK/&gt;&lt;ALE_IND/&gt;&lt;VALID_TO/&gt;&lt;CHG_NO_TO/&gt;&lt;CREATED_ON/&gt;&lt;CREATED_BY/&gt;&lt;CHANGED_ON/&gt;&lt;CHANGED_BY/&gt;&lt;BOM_ALT/&gt;&lt;FLDELETE/&gt;&lt;/item&gt;&lt;/T_STPO&gt;&lt;T_STPU&gt;&lt;item&gt;&lt;POINTER/&gt;&lt;MANDT/&gt;&lt;STLTY/&gt;&lt;STLNR/&gt;&lt;STLKN/&gt;&lt;STPOZ/&gt;&lt;UPOSZ/&gt;&lt;UPMNG/&gt;&lt;EBORT/&gt;&lt;UPTXT/&gt;&lt;VBKZ/&gt;&lt;SELKZ/&gt;&lt;/item&gt;&lt;/T_STPU&gt;&lt;/TABLES&gt;&lt;/CSAP_MAT_BOM_READ&gt;</Response><SAPRFC>CSAP_MAT_BOM_READ</SAPRFC><TYPERFC>0</TYPERFC><QueueName/><ExecuteFunction>true</ExecuteFunction><RecreateFunction>true</RecreateFunction><AllowMultipleRows>true</AllowMultipleRows><DaysRetention>7</DaysRetention><MaxRetryCount>5</MaxRetryCount><RetryInterval>30000</RetryInterval><ProcessingMode>1</ProcessingMode><Filter/><DataBufferComment/></Value><SchemaURI/><SchemaElement/><ValidateXMLOnExecution>1</ValidateXMLOnExecution><SchemaURI/><SchemaElement/><ValidateXMLOnExecution>1</ValidateXMLOnExecution><ReadOnly>false</ReadOnly><AlertXMLAssigned>false</AlertXMLAssigned></ContextItem><ContextItem><Name>Show_MaterialBOM</Name><Description/><MinRange>0</MinRange><MaxRange>0</MaxRange><Value xsi:type="Tracer"><Message/><Level>INFO</Level></Value><ReadOnly>false</ReadOnly><AlertXMLAssigned>false</AlertXMLAssigned></ContextItem><ContextItem><Name>Repeater_OnMatBOM</Name><Description/><MinRange>0</MinRange><MaxRange>0</MaxRange><Value xsi:type="RepeaterAction"><Output><ReferenceDocumentSource/>&lt;?xml version="1.0" encoding="UTF-8"?&gt;&lt;item&gt;&#13;
                &lt;ITEM_CATEG/&gt;&#13;
                &lt;ITEM_NO/&gt;&#13;
                &lt;COMPONENT/&gt;&#13;
                &lt;COMP_QTY/&gt;&#13;
                &lt;COMP_UNIT/&gt;&#13;
                &lt;FIXED_QTY/&gt;&#13;
                &lt;ITEM_TEXT1/&gt;&#13;
                &lt;ITEM_TEXT2/&gt;&#13;
                &lt;SORTSTRING/&gt;&#13;
                &lt;REL_COST/&gt;&#13;
                &lt;REL_ENGIN/&gt;&#13;
                &lt;REL_PMAINT/&gt;&#13;
                &lt;REL_PROD/&gt;&#13;
                &lt;REL_SALES/&gt;&#13;
                &lt;SPARE_PART/&gt;&#13;
                &lt;MAT_PROVIS/&gt;&#13;
                &lt;BULK_MAT/&gt;&#13;
                &lt;REC_ALLOWD/&gt;&#13;
                &lt;COMP_SCRAP/&gt;&#13;
                &lt;OP_SCRAP/&gt;&#13;
                &lt;OP_NET_IND/&gt;&#13;
                &lt;DISTR_KEY/&gt;&#13;
                &lt;EXPL_TYPE/&gt;&#13;
                &lt;SPPROCTYPE/&gt;&#13;
                &lt;SUPPLYAREA/&gt;&#13;
                &lt;ISSUE_LOC/&gt;&#13;
                &lt;LEAD_TIME/&gt;&#13;
                &lt;OP_LEAD_TM/&gt;&#13;
                &lt;OP_LT_UNIT/&gt;&#13;
                &lt;CO_PRODUCT/&gt;&#13;
                &lt;DISCON_GRP/&gt;&#13;
                &lt;FOLLOW_GRP/&gt;&#13;
                &lt;AI_GROUP/&gt;&#13;
                &lt;AI_STRATEG/&gt;&#13;
                &lt;AI_PRIO/&gt;&#13;
                &lt;USAGE_PROB/&gt;&#13;
                &lt;REFPOINT/&gt;&#13;
                &lt;PM_ASSMBLY/&gt;&#13;
                &lt;COST_ELEM/&gt;&#13;
                &lt;DELIV_TIME/&gt;&#13;
                &lt;GRP_TIME/&gt;&#13;
                &lt;MAT_GROUP/&gt;&#13;
                &lt;PRICE/&gt;&#13;
                &lt;PRICE_UNIT/&gt;&#13;
                &lt;CURRENCY/&gt;&#13;
                &lt;PURCH_GRP/&gt;&#13;
                &lt;PURCH_ORG/&gt;&#13;
                &lt;VENDOR/&gt;&#13;
                &lt;VSI_NO/&gt;&#13;
                &lt;VSI_QTY/&gt;&#13;
                &lt;VSI_SIZE1/&gt;&#13;
                &lt;VSI_SIZE2/&gt;&#13;
                &lt;VSI_SIZE3/&gt;&#13;
                &lt;VSI_SZUNIT/&gt;&#13;
                &lt;VSI_FORMUL/&gt;&#13;
                &lt;DOCUMENT/&gt;&#13;
                &lt;DOC_TYPE/&gt;&#13;
                &lt;DOC_PART/&gt;&#13;
                &lt;DOC_VERS/&gt;&#13;
                &lt;CLASS/&gt;&#13;
                &lt;CLASS_TYPE/&gt;&#13;
                &lt;RES_ITM_CT/&gt;&#13;
                &lt;SEL_COND/&gt;&#13;
                &lt;REQD_COMP/&gt;&#13;
                &lt;MULT_SELEC/&gt;&#13;
                &lt;REL_HLCONF/&gt;&#13;
                &lt;CAD_IND/&gt;&#13;
                &lt;ITM_IDENT/&gt;&#13;
                &lt;ITEM_GUID/&gt;&#13;
                &lt;VALID_FROM/&gt;&#13;
                &lt;CHANGE_NO/&gt;&#13;
                &lt;IDENTIFIER/&gt;&#13;
                &lt;CUFACTOR/&gt;&#13;
                &lt;_-SAPMP_-MET_LRCH/&gt;&#13;
                &lt;_-SAPMP_-MAX_FERTL/&gt;&#13;
                &lt;_-SAPMP_-FIX_AS_J/&gt;&#13;
                &lt;_-SAPMP_-FIX_AS_E/&gt;&#13;
                &lt;_-SAPMP_-FIX_AS_L/&gt;&#13;
                &lt;_-SAPMP_-ABL_ZAHL/&gt;&#13;
                &lt;_-SAPMP_-RUND_FAKT/&gt;&#13;
                &lt;BOM_NO/&gt;&#13;
                &lt;ITEM_NODE/&gt;&#13;
                &lt;ITEM_COUNT/&gt;&#13;
                &lt;RECURSIVE/&gt;&#13;
                &lt;DEP_LINK/&gt;&#13;
                &lt;ALE_IND/&gt;&#13;
                &lt;VALID_TO/&gt;&#13;
                &lt;CHG_NO_TO/&gt;&#13;
                &lt;CREATED_ON/&gt;&#13;
                &lt;CREATED_BY/&gt;&#13;
                &lt;CHANGED_ON/&gt;&#13;
                &lt;CHANGED_BY/&gt;&#13;
                &lt;BOM_ALT/&gt;&#13;
                &lt;FLDELETE/&gt;&#13;
            &lt;/item&gt;</Output><Break>false</Break><ItemCount>0</ItemCount><CurrentItem>0</CurrentItem><Source>Get_MaterialBOM.Response{/CSAP_MAT_BOM_READ/TABLES/T_STPO/item}</Source><Item><ReferenceDocumentSource/>&lt;?xml version="1.0" encoding="UTF-8"?&gt;&lt;item&gt;&#13;
                &lt;ITEM_CATEG/&gt;&#13;
                &lt;ITEM_NO/&gt;&#13;
                &lt;COMPONENT/&gt;&#13;
                &lt;COMP_QTY/&gt;&#13;
                &lt;COMP_UNIT/&gt;&#13;
                &lt;FIXED_QTY/&gt;&#13;
                &lt;ITEM_TEXT1/&gt;&#13;
                &lt;ITEM_TEXT2/&gt;&#13;
                &lt;SORTSTRING/&gt;&#13;
                &lt;REL_COST/&gt;&#13;
                &lt;REL_ENGIN/&gt;&#13;
                &lt;REL_PMAINT/&gt;&#13;
                &lt;REL_PROD/&gt;&#13;
                &lt;REL_SALES/&gt;&#13;
                &lt;SPARE_PART/&gt;&#13;
                &lt;MAT_PROVIS/&gt;&#13;
                &lt;BULK_MAT/&gt;&#13;
                &lt;REC_ALLOWD/&gt;&#13;
                &lt;COMP_SCRAP/&gt;&#13;
                &lt;OP_SCRAP/&gt;&#13;
                &lt;OP_NET_IND/&gt;&#13;
                &lt;DISTR_KEY/&gt;&#13;
                &lt;EXPL_TYPE/&gt;&#13;
                &lt;SPPROCTYPE/&gt;&#13;
                &lt;SUPPLYAREA/&gt;&#13;
                &lt;ISSUE_LOC/&gt;&#13;
                &lt;LEAD_TIME/&gt;&#13;
                &lt;OP_LEAD_TM/&gt;&#13;
                &lt;OP_LT_UNIT/&gt;&#13;
                &lt;CO_PRODUCT/&gt;&#13;
                &lt;DISCON_GRP/&gt;&#13;
                &lt;FOLLOW_GRP/&gt;&#13;
                &lt;AI_GROUP/&gt;&#13;
                &lt;AI_STRATEG/&gt;&#13;
                &lt;AI_PRIO/&gt;&#13;
                &lt;USAGE_PROB/&gt;&#13;
                &lt;REFPOINT/&gt;&#13;
                &lt;PM_ASSMBLY/&gt;&#13;
                &lt;COST_ELEM/&gt;&#13;
                &lt;DELIV_TIME/&gt;&#13;
                &lt;GRP_TIME/&gt;&#13;
                &lt;MAT_GROUP/&gt;&#13;
                &lt;PRICE/&gt;&#13;
                &lt;PRICE_UNIT/&gt;&#13;
                &lt;CURRENCY/&gt;&#13;
                &lt;PURCH_GRP/&gt;&#13;
                &lt;PURCH_ORG/&gt;&#13;
                &lt;VENDOR/&gt;&#13;
                &lt;VSI_NO/&gt;&#13;
                &lt;VSI_QTY/&gt;&#13;
                &lt;VSI_SIZE1/&gt;&#13;
                &lt;VSI_SIZE2/&gt;&#13;
                &lt;VSI_SIZE3/&gt;&#13;
                &lt;VSI_SZUNIT/&gt;&#13;
                &lt;VSI_FORMUL/&gt;&#13;
                &lt;DOCUMENT/&gt;&#13;
                &lt;DOC_TYPE/&gt;&#13;
                &lt;DOC_PART/&gt;&#13;
                &lt;DOC_VERS/&gt;&#13;
                &lt;CLASS/&gt;&#13;
                &lt;CLASS_TYPE/&gt;&#13;
                &lt;RES_ITM_CT/&gt;&#13;
                &lt;SEL_COND/&gt;&#13;
                &lt;REQD_COMP/&gt;&#13;
                &lt;MULT_SELEC/&gt;&#13;
                &lt;REL_HLCONF/&gt;&#13;
                &lt;CAD_IND/&gt;&#13;
                &lt;ITM_IDENT/&gt;&#13;
                &lt;ITEM_GUID/&gt;&#13;
                &lt;VALID_FROM/&gt;&#13;
                &lt;CHANGE_NO/&gt;&#13;
                &lt;IDENTIFIER/&gt;&#13;
                &lt;CUFACTOR/&gt;&#13;
                &lt;_-SAPMP_-MET_LRCH/&gt;&#13;
                &lt;_-SAPMP_-MAX_FERTL/&gt;&#13;
                &lt;_-SAPMP_-FIX_AS_J/&gt;&#13;
                &lt;_-SAPMP_-FIX_AS_E/&gt;&#13;
                &lt;_-SAPMP_-FIX_AS_L/&gt;&#13;
                &lt;_-SAPMP_-ABL_ZAHL/&gt;&#13;
                &lt;_-SAPMP_-RUND_FAKT/&gt;&#13;
                &lt;BOM_NO/&gt;&#13;
                &lt;ITEM_NODE/&gt;&#13;
                &lt;ITEM_COUNT/&gt;&#13;
                &lt;RECURSIVE/&gt;&#13;
                &lt;DEP_LINK/&gt;&#13;
                &lt;ALE_IND/&gt;&#13;
                &lt;VALID_TO/&gt;&#13;
                &lt;CHG_NO_TO/&gt;&#13;
                &lt;CREATED_ON/&gt;&#13;
                &lt;CREATED_BY/&gt;&#13;
                &lt;CHANGED_ON/&gt;&#13;
                &lt;CHANGED_BY/&gt;&#13;
                &lt;BOM_ALT/&gt;&#13;
                &lt;FLDELETE/&gt;&#13;
            &lt;/item&gt;</Item></Value><SchemaURI/><SchemaElement/><ValidateXMLOnExecution>1</ValidateXMLOnExecution><SchemaURI/><SchemaElement/><ValidateXMLOnExecution>1</ValidateXMLOnExecution><ReadOnly>false</ReadOnly><AlertXMLAssigned>false</AlertXMLAssigned></ContextItem></Actions><ReaderRoles>SAP_XMII_Super_Administrator,SAP_XMII_Administrator,SAP_XMII_Developer,SAP_XMII_User</ReaderRoles><Steps><Step xsi:type="ActionSequence"><Name>Sequence</Name><Description/><Steps><Step xsi:type="ActionSequence"><Name>Sequence_0</Name><Description/><Steps><Step xsi:type="ActionSequence"><Name>Sequence_1</Name><Description/><Steps><Step xsi:type="ActionSequence"><Name>Sequence_3</Name><Description/><Steps><Step xsi:type="Conditional"><Name>Sequence_5</Name><Description/><Steps><Step xsi:type="Repeater"><Name>Sequence_6</Name><Description/><Steps><Step xsi:type="ActionSequence"><Name>Sequence_7</Name><Description/><Steps><Step xsi:type="ActionSequence"><Name>Sequence_8</Name><Description/><Steps><Step xsi:type="ActionSequence"><Name>Sequence_9</Name><Description/><Steps><Step xsi:type="Conditional"><Name>Sequence_11</Name><Description/><Steps><Step xsi:type="ActionSequence"><Name>Sequence_15</Name><Description/><Steps><Step xsi:type="Repeater"><Name>Sequence_17</Name><Description/><Steps><Step xsi:type="ActionSequence"><Name>Sequence_16</Name><Description/><Steps/><Actions><Action><Name>Show_MaterialBOM</Name><Description> </Description><IncomingLinks><Assign xsi:type="Assign"><Name/><Description/><To>Show_MaterialBOM.Message</To><From>" Component : " &amp; Repeater_OnMatBOM.Output{/item/COMPONENT} &amp;
" - QTY: " &amp; Repeater_OnMatBOM.Output{/item/COMP_QTY}</From></Assign></IncomingLinks><OutgoingLinks/></Action></Actions></Step></Steps><Actions><Action><Name>Repeater_OnMatBOM</Name><Description> </Description><IncomingLinks/><OutgoingLinks/></Action></Actions></Step></Steps><Actions><Action><Name>Get_MaterialBOM</Name><Description> </Description><IncomingLinks><Assign xsi:type="Assign"><Name/><Description/><To>Get_MaterialBOM.Request{/CSAP_MAT_BOM_READ/INPUT/PLANT}</To><From>Transaction.PLANT</From></Assign><Assign xsi:type="Assign"><Name/><Description/><To>Get_MaterialBOM.Request{/CSAP_MAT_BOM_READ/INPUT/MATERIAL}</To><From>Repeater_OnOrder.Output{/item/MATERIAL}</From></Assign><Assign xsi:type="Assign"><Name/><Description/><To>Get_MaterialBOM.Request{/CSAP_MAT_BOM_READ/INPUT/BOM_USAGE}</To><From>"1"</From></Assign></IncomingLinks><OutgoingLinks/></Action></Actions></Step></Steps><Actions><Action><Name>Material_NotBlank</Name><Description> </Description><IncomingLinks><Assign xsi:type="Assign"><Name/><Description/><To>Material_NotBlank.Input1</To><From>if(Repeater_OnOrder.Output{/item/MATERIAL} != "",1,0)</From></Assign></IncomingLinks><OutgoingLinks/></Action></Actions></Step><Step xsi:type="Catch"><Name>Sequence_12</Name><Description/><Steps><Step xsi:type="ActionSequence"><Name>Sequence_14</Name><Description/><Steps/><Actions><Action><Name>Show_Catch_2</Name><Description> </Description><IncomingLinks><Assign xsi:type="Assign"><Name/><Description/><To>Show_Catch_2.Message</To><From>Catch_2.Message</From></Assign></IncomingLinks><OutgoingLinks/></Action></Actions></Step></Steps><Actions><Action><Name>Catch_2</Name><Description>Catches an exception</Description><IncomingLinks/><OutgoingLinks/></Action></Actions></Step></Steps><Actions><Action><Name>Exception_Enabler_2</Name><Description>Enables exceptions.</Description><IncomingLinks/><OutgoingLinks/></Action></Actions></Step><Step xsi:type="ActionSequence"><Name>Sequence_10</Name><Description/><Steps><Step xsi:type="ActionSequence"><Name>Sequence_13</Name><Description/><Steps/><Actions/></Step></Steps><Actions/></Step></Steps><Actions><Action><Name>Show_OrderInfo</Name><Description> </Description><IncomingLinks><Assign xsi:type="Assign"><Name/><Description/><To>Show_OrderInfo.Message</To><From>"Order " &amp; Repeater_OnOrder.CurrentItem &amp; " of " &amp; Repeater_OnOrder.ItemCount &amp; " - " &amp; Repeater_OnOrder.Output{/item/ORDER_NUMBER} &amp; " Material " &amp; Repeater_OnOrder.Output{/item/MATERIAL} &amp; " - " &amp; Repeater_OnOrder.Output{/item/SYSTEM_STATUS}</From></Assign></IncomingLinks><OutgoingLinks/></Action></Actions></Step></Steps><Actions/></Step></Steps><Actions><Action><Name>Repeater_OnOrder</Name><Description> </Description><IncomingLinks/><OutgoingLinks/></Action></Actions></Step></Steps><Actions><Action><Name>Get_OrdersList_OK</Name><Description> </Description><IncomingLinks><Assign xsi:type="Assign"><Name/><Description/><To>Get_OrdersList_OK.Input1</To><From>Get_OrdersList.Success</From></Assign></IncomingLinks><OutgoingLinks/></Action></Actions></Step></Steps><Actions><Action><Name>Get_OrdersList</Name><Description> </Description><IncomingLinks><Assign xsi:type="Assign"><Name/><Description/><To>Get_OrdersList.Request{/BAPI_PRODORD_GET_LIST/INPUT/COLLECTIVE_ORDER}</To><From>""</From></Assign><Assign xsi:type="Assign"><Name/><Description/><To>Get_OrdersList.Request{/BAPI_PRODORD_GET_LIST/TABLES/ORDER_NUMBER_RANGE/item/SIGN}</To><From>"I"</From></Assign><Assign xsi:type="Assign"><Name/><Description/><To>Get_OrdersList.Request{/BAPI_PRODORD_GET_LIST/TABLES/ORDER_NUMBER_RANGE/item/OPTION}</To><From>"CP"</From></Assign><Assign xsi:type="Assign"><Name/><Description/><To>Get_OrdersList.Request{/BAPI_PRODORD_GET_LIST/TABLES/ORDER_NUMBER_RANGE/item/LOW}</To><From>"*"</From></Assign><Assign xsi:type="Assign"><Name/><Description/><To>Get_OrdersList.Request{/BAPI_PRODORD_GET_LIST/TABLES/PLANPLANT_RANGE/item/SIGN}</To><From>"I"</From></Assign><Assign xsi:type="Assign"><Name/><Description/><To>Get_OrdersList.Request{/BAPI_PRODORD_GET_LIST/TABLES/PLANPLANT_RANGE/item/OPTION}</To><From>"EQ"</From></Assign><Assign xsi:type="Assign"><Name/><Description/><To>Get_OrdersList.Request{/BAPI_PRODORD_GET_LIST/TABLES/PLANPLANT_RANGE/item/LOW}</To><From>Transaction.PLANT</From></Assign><Assign xsi:type="Assign"><Name/><Description/><To>Get_OrdersList.Request{/BAPI_PRODORD_GET_LIST/TABLES/ORDER_HEADER/item/SYSTEM_STATUS}</To><From>""</From></Assign><Assign xsi:type="Assign"><Name/><Description/><To>Get_OrdersList.Request{/BAPI_PRODORD_GET_LIST/TABLES/ORDER_HEADER/item/START_DATE}</To><From> datefromxmlformat(dateadddays(datenow, -Transaction.DAYS_BACK), "yyyyMMdd")</From></Assign><Assign xsi:type="Assign"><Name/><Description/><To>Get_OrdersList.Request{/BAPI_PRODORD_GET_LIST/TABLES/ORDER_HEADER/item/FINISH_DATE}</To><From> datefromxmlformat(dateadddays(datenow, Transaction.DAYS_FWD), "yyyyMMdd")</From></Assign></IncomingLinks><OutgoingLinks/></Action></Actions></Step></Steps><Actions><Action><Name>SAP_JCo_Start_Session</Name><Description> </Description><IncomingLinks><Assign xsi:type="Assign"><Name/><Description/><To>SAP_JCo_Start_Session.CredentialAlias</To><From>Transaction.SAP_CREDENTIALS</From></Assign><Assign xsi:type="Assign"><Name/><Description/><To>SAP_JCo_Start_Session.ConnPropAlias</To><From>Transaction.SAP_SOURCE</From></Assign></IncomingLinks><OutgoingLinks/></Action></Actions></Step><Step xsi:type="Catch"><Name>Sequence_2</Name><Description/><Steps><Step xsi:type="ActionSequence"><Name>Sequence_4</Name><Description/><Steps/><Actions><Action><Name>Show_Catch_1</Name><Description> </Description><IncomingLinks><Assign xsi:type="Assign"><Name/><Description/><To>Show_Catch_1.Message</To><From>Catch_1.Message</From></Assign></IncomingLinks><OutgoingLinks/></Action></Actions></Step></Steps><Actions><Action><Name>Catch_1</Name><Description>Catches an exception</Description><IncomingLinks/><OutgoingLinks/></Action></Actions></Step></Steps><Actions><Action><Name>Exception_Enabler_1</Name><Description>Enables exceptions.</Description><IncomingLinks/><OutgoingLinks/></Action></Actions></Step></Steps><Actions><Action><Name>Show_Params</Name><Description> </Description><IncomingLinks><Assign xsi:type="Assign"><Name/><Description/><To>Show_Params.Message</To><From>"SAP Orders Dld: " &amp; Transaction.SAP_SOURCE &amp; " - " &amp; 
Transaction.SAP_CREDENTIALS &amp; " - " &amp; 
Transaction.SQL_SOURCE &amp; " - " &amp; 
Transaction.PLANT
</From></Assign></IncomingLinks><OutgoingLinks/></Action></Actions></Step></Steps></Transaction>