<?xml version="1.0" encoding="UTF-8"?><Transaction xmlns:xsd="http://www.w3.org/2001/XMLSchema" xmlns:xsi="http://www.w3.org/2001/XMLSchema-instance" Version="15.0.4.11"><TransactionAttributes><ContextItem><Name>Description</Name><Description>Transaction Description</Description><MinRange>0</MinRange><MaxRange>0</MaxRange><Value xsi:type="string"/><ReadOnly>true</ReadOnly><AlertXMLAssigned>false</AlertXMLAssigned></ContextItem><ContextItem><Name>Comments</Name><Description>User Comments</Description><MinRange>0</MinRange><MaxRange>0</MaxRange><Value xsi:type="string"/><ReadOnly>true</ReadOnly><AlertXMLAssigned>false</AlertXMLAssigned></ContextItem><ContextItem><Name>CreatedBy</Name><Description>Created By</Description><MinRange>0</MinRange><MaxRange>0</MaxRange><Value xsi:type="string">RadPa</Value><ReadOnly>true</ReadOnly><AlertXMLAssigned>false</AlertXMLAssigned></ContextItem><ContextItem><Name>CreationDate</Name><Description>Creation Date</Description><MinRange>0</MinRange><MaxRange>0</MaxRange><Value xsi:type="dateTime">2016-04-04T14:36:10</Value><ReadOnly>true</ReadOnly><AlertXMLAssigned>false</AlertXMLAssigned></ContextItem><ContextItem><Name>Category</Name><Description>Transaction Category</Description><MinRange>0</MinRange><MaxRange>0</MaxRange><Value xsi:type="string"/><ReadOnly>true</ReadOnly><AlertXMLAssigned>false</AlertXMLAssigned></ContextItem><ContextItem><Name>Status</Name><Description>Deployment Status</Description><MinRange>0</MinRange><MaxRange>0</MaxRange><Value xsi:type="string">DEVELOPMENT</Value><ReadOnly>true</ReadOnly><AlertXMLAssigned>false</AlertXMLAssigned></ContextItem><ContextItem><Name>LegacyProcessingMode</Name><Description>Support the pre MII 12.1 Transaction Engine.</Description><MinRange>0</MinRange><MaxRange>0</MaxRange><Value xsi:type="boolean">0</Value><ReadOnly>true</ReadOnly><AlertXMLAssigned>false</AlertXMLAssigned></ContextItem><ContextItem><Name>AutoAppendBlankNamespaces</Name><Description>AutoAppendBlankNamespaces</Description><MinRange>0</MinRange><MaxRange>0</MaxRange><Value xsi:type="boolean">1</Value><ReadOnly>true</ReadOnly><AlertXMLAssigned>false</AlertXMLAssigned></ContextItem><ContextItem><Name>ThrowOnLinkError</Name><Description>Throws an exception when a link error occures</Description><MinRange>0</MinRange><MaxRange>0</MaxRange><Value xsi:type="boolean">0</Value><ReadOnly>true</ReadOnly><AlertXMLAssigned>false</AlertXMLAssigned></ContextItem><ContextItem><Name>ThrowOnActionError</Name><Description>Throws an exception when an action error occurs</Description><MinRange>0</MinRange><MaxRange>0</MaxRange><Value xsi:type="boolean">1</Value><ReadOnly>true</ReadOnly><AlertXMLAssigned>false</AlertXMLAssigned></ContextItem><ContextItem><Name>FormatXMLOnConversion</Name><Description>By default XML will be formatted when assigned from XML data type to String data type. This behaviour can be changed with this flag.</Description><MinRange>0</MinRange><MaxRange>0</MaxRange><Value xsi:type="boolean">1</Value><ReadOnly>true</ReadOnly><AlertXMLAssigned>false</AlertXMLAssigned></ContextItem><ContextItem><Name>LastEditedBy</Name><Description>Last Edited By</Description><MinRange>0</MinRange><MaxRange>0</MaxRange><Value xsi:type="xsd:string">RadPa</Value><ReadOnly>true</ReadOnly><AlertXMLAssigned>false</AlertXMLAssigned></ContextItem><ContextItem><Name>LastEditedDate</Name><Description>Last Edited Date</Description><MinRange>0</MinRange><MaxRange>0</MaxRange><Value xsi:type="xsd:dateTime">2016-04-04T15:06:48</Value><ReadOnly>true</ReadOnly><AlertXMLAssigned>false</AlertXMLAssigned></ContextItem></TransactionAttributes><Name>MESM/PCOSERVERS/TRANSACTIONS/tst_PCoServer</Name><Version>27</Version><WriterRoles>SAP_XMII_Super_Administrator,SAP_XMII_Administrator,SAP_XMII_Developer</WriterRoles><Context><ContextItem><Name>SERVER_CRD</Name><Description>MII DATASERVER (PCO Server) Credential</Description><MinRange>0</MinRange><MaxRange>0</MaxRange><Value xsi:type="string">MII_PCO</Value><ReadOnly>false</ReadOnly><AlertXMLAssigned>false</AlertXMLAssigned></ContextItem><ContextItem><Name>SERVER_NAME</Name><Description>MII DATASERVER (PCo Server) to Query</Description><MinRange>0</MinRange><MaxRange>0</MaxRange><Value xsi:type="string">PCO_MII15</Value><ReadOnly>false</ReadOnly><AlertXMLAssigned>false</AlertXMLAssigned></ContextItem><ContextItem><Name>SERVER_URL</Name><Description>MII DATASERVER (PCO Server) URL String</Description><MinRange>0</MinRange><MaxRange>0</MaxRange><Value xsi:type="string">http://10.0.0.35:50050/PCoManagement</Value><ReadOnly>false</ReadOnly><AlertXMLAssigned>false</AlertXMLAssigned></ContextItem><ContextItem><Name>XML_OUT</Name><Description>Transaction Output</Description><MinRange>0</MinRange><MaxRange>0</MaxRange><Value xsi:type="xml"><ReferenceDocumentSource/>&lt;?xml version="1.0" encoding="UTF-8"?&gt;&lt;Rowsets DateCreated="2016-04-04T15:02:55" EndDate="2016-02-22T14:36:51" StartDate="2016-02-22T14:36:51" Version="15.0 SP4 Patch 11 (Aug 28, 2015)"&gt;&#13;
    &lt;Rowset&gt;&#13;
        &lt;Columns&gt;&#13;
            &lt;Column Description="" MaxRange="1" MinRange="0" Name="TIMESTAMP" SQLDataType="93" SourceColumn="TIMESTAMP"/&gt;&#13;
            &lt;Column Description="" MaxRange="1" MinRange="0" Name="NAME" SQLDataType="1" SourceColumn="NAME"/&gt;&#13;
            &lt;Column Description="" MaxRange="1" MinRange="0" Name="STATUS" SQLDataType="1" SourceColumn="STATUS"/&gt;&#13;
            &lt;Column Description="" MaxRange="1" MinRange="0" Name="MESSAGE" SQLDataType="1" SourceColumn="MESSAGE"/&gt;&#13;
        &lt;/Columns&gt;&#13;
        &lt;Row&gt;&#13;
            &lt;TIMESTAMP&gt;2016-04-04T15:02:56&lt;/TIMESTAMP&gt;&#13;
            &lt;NAME&gt;PCO_MII15&lt;/NAME&gt;&#13;
            &lt;STATUS&gt;1&lt;/STATUS&gt;&#13;
            &lt;MESSAGE&gt;SAPMII15  Plant Connectivity  15.0.5.2402&lt;/MESSAGE&gt;&#13;
        &lt;/Row&gt;&#13;
    &lt;/Rowset&gt;&#13;
&lt;/Rowsets&gt;</Value><SchemaURI/><SchemaElement/><ValidateXMLOnExecution>1</ValidateXMLOnExecution><ReadOnly>true</ReadOnly><AlertXMLAssigned>false</AlertXMLAssigned></ContextItem></Context><Local/><Layout><GUILayoutItem><Name>Sequence</Name><X>152</X><Y>8</Y><Width>120</Width><SpacingWidth>408</SpacingWidth><DescendantWidth>408</DescendantWidth><Height>96</Height></GUILayoutItem><GUILayoutItem><Name>Sequence_0</Name><X>152</X><Y>144</Y><Width>120</Width><SpacingWidth>408</SpacingWidth><DescendantWidth>408</DescendantWidth><Height>96</Height></GUILayoutItem><GUILayoutItem><Name>XML_PCoStatus</Name><X>160</X><Y>160</Y><Width>104</Width><SpacingWidth>0</SpacingWidth><DescendantWidth>0</DescendantWidth><Height>72</Height></GUILayoutItem><GUILayoutItem><Name>ShowParam</Name><X>160</X><Y>24</Y><Width>104</Width><SpacingWidth>0</SpacingWidth><DescendantWidth>0</DescendantWidth><Height>72</Height></GUILayoutItem><GUILayoutItem><Name>Sequence_1</Name><X>80</X><Y>280</Y><Width>120</Width><SpacingWidth>264</SpacingWidth><DescendantWidth>264</DescendantWidth><Height>96</Height></GUILayoutItem><GUILayoutItem><Name>Sequence_2</Name><X>8</X><Y>416</Y><Width>120</Width><SpacingWidth>120</SpacingWidth><DescendantWidth>120</DescendantWidth><Height>96</Height></GUILayoutItem><GUILayoutItem><Name>Sequence_4</Name><X>152</X><Y>552</Y><Width>120</Width><SpacingWidth>120</SpacingWidth><DescendantWidth>120</DescendantWidth><Height>96</Height></GUILayoutItem><GUILayoutItem><Name>Exception_Enabler_0</Name><X>88</X><Y>296</Y><Width>104</Width><SpacingWidth>0</SpacingWidth><DescendantWidth>0</DescendantWidth><Height>72</Height></GUILayoutItem><GUILayoutItem><Name>Sequence_3</Name><X>152</X><Y>416</Y><Width>120</Width><SpacingWidth>120</SpacingWidth><DescendantWidth>120</DescendantWidth><Height>96</Height></GUILayoutItem><GUILayoutItem><Name>Catch_0</Name><X>160</X><Y>432</Y><Width>104</Width><SpacingWidth>0</SpacingWidth><DescendantWidth>0</DescendantWidth><Height>72</Height></GUILayoutItem><GUILayoutItem><Name>ShowCatch_0</Name><X>160</X><Y>568</Y><Width>104</Width><SpacingWidth>0</SpacingWidth><DescendantWidth>0</DescendantWidth><Height>72</Height></GUILayoutItem><GUILayoutItem><Name>Sequence_5</Name><X>152</X><Y>688</Y><Width>120</Width><SpacingWidth>120</SpacingWidth><DescendantWidth>0</DescendantWidth><Height>96</Height></GUILayoutItem><GUILayoutItem><Name>AddErr_1</Name><X>160</X><Y>704</Y><Width>104</Width><SpacingWidth>0</SpacingWidth><DescendantWidth>0</DescendantWidth><Height>72</Height></GUILayoutItem><GUILayoutItem><Name>PCo_Web_Service</Name><X>16</X><Y>432</Y><Width>104</Width><SpacingWidth>0</SpacingWidth><DescendantWidth>0</DescendantWidth><Height>72</Height></GUILayoutItem><GUILayoutItem><Name>Sequence_6</Name><X>8</X><Y>688</Y><Width>120</Width><SpacingWidth>120</SpacingWidth><DescendantWidth>0</DescendantWidth><Height>96</Height></GUILayoutItem><GUILayoutItem><Name>AddRow_1</Name><X>16</X><Y>704</Y><Width>104</Width><SpacingWidth>0</SpacingWidth><DescendantWidth>0</DescendantWidth><Height>72</Height></GUILayoutItem><GUILayoutItem><Name>Sequence_7</Name><X>8</X><Y>552</Y><Width>120</Width><SpacingWidth>120</SpacingWidth><DescendantWidth>120</DescendantWidth><Height>96</Height></GUILayoutItem><GUILayoutItem><Name>ShowTest_Msg</Name><X>16</X><Y>568</Y><Width>104</Width><SpacingWidth>0</SpacingWidth><DescendantWidth>0</DescendantWidth><Height>72</Height></GUILayoutItem><GUILayoutItem><Name>Sequence_8</Name><X>296</X><Y>280</Y><Width>120</Width><SpacingWidth>120</SpacingWidth><DescendantWidth>120</DescendantWidth><Height>96</Height></GUILayoutItem><GUILayoutItem><Name>Assign_XML_OUT</Name><X>304</X><Y>296</Y><Width>104</Width><SpacingWidth>0</SpacingWidth><DescendantWidth>0</DescendantWidth><Height>72</Height></GUILayoutItem><GUILayoutItem><Name>Sequence_9</Name><X>296</X><Y>416</Y><Width>120</Width><SpacingWidth>120</SpacingWidth><DescendantWidth>0</DescendantWidth><Height>96</Height></GUILayoutItem><GUILayoutItem><Name>Show_XML_OUT</Name><X>304</X><Y>432</Y><Width>104</Width><SpacingWidth>0</SpacingWidth><DescendantWidth>0</DescendantWidth><Height>72</Height></GUILayoutItem></Layout><Actions><ContextItem><Name>XML_PCoStatus</Name><Description/><MinRange>0</MinRange><MaxRange>0</MaxRange><Value xsi:type="IlluminatorDocument"><EndDate>2016-02-22T14:36:51</EndDate><StartDate>2016-02-22T14:36:51</StartDate><Output><ReferenceDocumentSource/>&lt;?xml version="1.0" encoding="UTF-8"?&gt;&lt;Rowsets DateCreated="2016-04-04T14:45:04" EndDate="2016-02-22T14:36:51" StartDate="2016-02-22T14:36:51" Version="15.0 SP4 Patch 11"&gt;&lt;Rowset&gt;&lt;Columns&gt;&lt;Column Description="" MaxRange="1" MinRange="0" Name="TIMESTAMP" SQLDataType="93" SourceColumn="TIMESTAMP"/&gt;&lt;Column Description="" MaxRange="1" MinRange="0" Name="NAME" SQLDataType="1" SourceColumn="NAME"/&gt;&lt;Column Description="" MaxRange="1" MinRange="0" Name="STATUS" SQLDataType="1" SourceColumn="STATUS"/&gt;&lt;Column Description="" MaxRange="1" MinRange="0" Name="MESSAGE" SQLDataType="1" SourceColumn="MESSAGE"/&gt;&lt;/Columns&gt;&lt;Row&gt;&lt;TIMESTAMP&gt;2016-04-04T14:44:20&lt;/TIMESTAMP&gt;&lt;NAME&gt;STRING&lt;/NAME&gt;&lt;STATUS&gt;STRING&lt;/STATUS&gt;&lt;MESSAGE&gt;STRING&lt;/MESSAGE&gt;&lt;/Row&gt;&lt;/Rowset&gt;&lt;/Rowsets&gt;</Output><ColumnSpecifications><ContextItem><Name>TIMESTAMP</Name><Description/><MinRange>0</MinRange><MaxRange>1</MaxRange><Value xsi:type="dateTime">2016-04-04T14:44:20</Value><ReadOnly>false</ReadOnly><AlertXMLAssigned>false</AlertXMLAssigned></ContextItem><ContextItem><Name>NAME</Name><Description/><MinRange>0</MinRange><MaxRange>1</MaxRange><Value xsi:type="string">STRING</Value><ReadOnly>false</ReadOnly><AlertXMLAssigned>false</AlertXMLAssigned></ContextItem><ContextItem><Name>STATUS</Name><Description/><MinRange>0</MinRange><MaxRange>1</MaxRange><Value xsi:type="string">STRING</Value><ReadOnly>false</ReadOnly><AlertXMLAssigned>false</AlertXMLAssigned></ContextItem><ContextItem><Name>MESSAGE</Name><Description/><MinRange>0</MinRange><MaxRange>1</MaxRange><Value xsi:type="string">STRING</Value><ReadOnly>false</ReadOnly><AlertXMLAssigned>false</AlertXMLAssigned></ContextItem></ColumnSpecifications></Value><SchemaURI/><SchemaElement/><ValidateXMLOnExecution>1</ValidateXMLOnExecution><ReadOnly>false</ReadOnly><AlertXMLAssigned>false</AlertXMLAssigned></ContextItem><ContextItem><Name>ShowParam</Name><Description/><MinRange>0</MinRange><MaxRange>0</MaxRange><Value xsi:type="Tracer"><Message/><Level>INFO</Level></Value><ReadOnly>false</ReadOnly><AlertXMLAssigned>false</AlertXMLAssigned></ContextItem><ContextItem><Name>Exception_Enabler_0</Name><Description/><MinRange>0</MinRange><MaxRange>0</MaxRange><Value xsi:type="ExceptionEnabler"><EnableActionExceptions>true</EnableActionExceptions><EnableLinkExceptions>true</EnableLinkExceptions></Value><ReadOnly>false</ReadOnly><AlertXMLAssigned>false</AlertXMLAssigned></ContextItem><ContextItem><Name>Catch_0</Name><Description/><MinRange>0</MinRange><MaxRange>0</MaxRange><Value xsi:type="CatchAction"/><ReadOnly>false</ReadOnly><AlertXMLAssigned>false</AlertXMLAssigned></ContextItem><ContextItem><Name>ShowCatch_0</Name><Description/><MinRange>0</MinRange><MaxRange>0</MaxRange><Value xsi:type="Tracer"><Message/><Level>INFO</Level></Value><ReadOnly>false</ReadOnly><AlertXMLAssigned>false</AlertXMLAssigned></ContextItem><ContextItem><Name>AddErr_1</Name><Description/><MinRange>0</MinRange><MaxRange>0</MaxRange><Value xsi:type="IlluminatorRow"><IlluminatorDocument>XML_PCoStatus.Output{/Rowsets/Rowset/Row}</IlluminatorDocument></Value><ReadOnly>false</ReadOnly><AlertXMLAssigned>false</AlertXMLAssigned></ContextItem><ContextItem><Name>PCo_Web_Service</Name><Description/><MinRange>0</MinRange><MaxRange>0</MaxRange><Value xsi:type="WebServiceAction"><UserName/><Password/><UseHeaderBasedAuthentication>false</UseHeaderBasedAuthentication><CredentialAlias>MII_PCO</CredentialAlias><WSDLUrl>http://10.0.0.40:50050/PCoManagement</WSDLUrl><WSDLBaseUrl/><Inputs/><Timeout>60</Timeout><Trace>false</Trace><Port>BasicHttpBinding_PCoManagementService</Port><Operation>GetPCoMetadata</Operation><WSDL><ReferenceDocumentSource/>&lt;?xml version="1.0" encoding="UTF-8"?&gt;&lt;wsdl:definitions xmlns:wsdl="http://schemas.xmlsoap.org/wsdl/" xmlns:msc="http://schemas.microsoft.com/ws/2005/12/wsdl/contract" xmlns:soap="http://schemas.xmlsoap.org/wsdl/soap/" xmlns:soap12="http://schemas.xmlsoap.org/wsdl/soap12/" xmlns:soapenc="http://schemas.xmlsoap.org/soap/encoding/" xmlns:tns="urn:sap.com:pco.management" xmlns:wsa="http://schemas.xmlsoap.org/ws/2004/08/addressing" xmlns:wsa10="http://www.w3.org/2005/08/addressing" xmlns:wsam="http://www.w3.org/2007/05/addressing/metadata" xmlns:wsap="http://schemas.xmlsoap.org/ws/2004/08/addressing/policy" xmlns:wsaw="http://www.w3.org/2006/05/addressing/wsdl" xmlns:wsp="http://schemas.xmlsoap.org/ws/2004/09/policy" xmlns:wsu="http://docs.oasis-open.org/wss/2004/01/oasis-200401-wss-wssecurity-utility-1.0.xsd" xmlns:wsx="http://schemas.xmlsoap.org/ws/2004/09/mex" xmlns:xsd="http://www.w3.org/2001/XMLSchema" name="PCoManagementService" targetNamespace="urn:sap.com:pco.management"&gt;&lt;wsp:Policy wsu:Id="NetTcpBinding_PCoManagementService_policy"&gt;&lt;wsp:ExactlyOne&gt;&lt;wsp:All&gt;&lt;msb:BinaryEncoding xmlns:msb="http://schemas.microsoft.com/ws/06/2004/mspolicy/netbinary1"/&gt;&lt;sp:TransportBinding xmlns:sp="http://schemas.xmlsoap.org/ws/2005/07/securitypolicy"&gt;&lt;wsp:Policy&gt;&lt;sp:TransportToken&gt;&lt;wsp:Policy&gt;&lt;msf:WindowsTransportSecurity xmlns:msf="http://schemas.microsoft.com/ws/2006/05/framing/policy"&gt;&lt;msf:ProtectionLevel&gt;EncryptAndSign&lt;/msf:ProtectionLevel&gt;&lt;/msf:WindowsTransportSecurity&gt;&lt;/wsp:Policy&gt;&lt;/sp:TransportToken&gt;&lt;sp:AlgorithmSuite&gt;&lt;wsp:Policy&gt;&lt;sp:Basic256/&gt;&lt;/wsp:Policy&gt;&lt;/sp:AlgorithmSuite&gt;&lt;sp:Layout&gt;&lt;wsp:Policy&gt;&lt;sp:Strict/&gt;&lt;/wsp:Policy&gt;&lt;/sp:Layout&gt;&lt;/wsp:Policy&gt;&lt;/sp:TransportBinding&gt;&lt;wsaw:UsingAddressing/&gt;&lt;/wsp:All&gt;&lt;/wsp:ExactlyOne&gt;&lt;/wsp:Policy&gt;&lt;wsp:Policy wsu:Id="BasicHttpBinding_PCoManagementService_policy"&gt;&lt;wsp:ExactlyOne&gt;&lt;wsp:All&gt;&lt;http:BasicAuthentication xmlns:http="http://schemas.microsoft.com/ws/06/2004/policy/http"/&gt;&lt;/wsp:All&gt;&lt;/wsp:ExactlyOne&gt;&lt;/wsp:Policy&gt;&lt;wsdl:types&gt;&lt;xsd:schema xmlns:q1="urn:sap.com:pco.contracts" targetNamespace="urn:sap.com:pco.management/Imports" xmlns:msc="http://schemas.microsoft.com/ws/2005/12/wsdl/contract" xmlns:soap="http://schemas.xmlsoap.org/wsdl/soap/" xmlns:soap12="http://schemas.xmlsoap.org/wsdl/soap12/" xmlns:soapenc="http://schemas.xmlsoap.org/soap/encoding/" xmlns:tns="urn:sap.com:pco.management" xmlns:wsa="http://schemas.xmlsoap.org/ws/2004/08/addressing" xmlns:wsa10="http://www.w3.org/2005/08/addressing" xmlns:wsam="http://www.w3.org/2007/05/addressing/metadata" xmlns:wsap="http://schemas.xmlsoap.org/ws/2004/08/addressing/policy" xmlns:wsaw="http://www.w3.org/2006/05/addressing/wsdl" xmlns:wsdl="http://schemas.xmlsoap.org/wsdl/" xmlns:wsp="http://schemas.xmlsoap.org/ws/2004/09/policy" xmlns:wsu="http://docs.oasis-open.org/wss/2004/01/oasis-200401-wss-wssecurity-utility-1.0.xsd" xmlns:wsx="http://schemas.xmlsoap.org/ws/2004/09/mex" xmlns:xsd="http://www.w3.org/2001/XMLSchema"&gt;&lt;xsd:import namespace="urn:sap.com:pco.management" schemaLocation="http://sapmii15:50050/PCoManagement?xsd=xsd0"/&gt;&lt;xsd:import namespace="urn:sap.com:pco.contracts" schemaLocation="http://sapmii15:50050/PCoManagement?xsd=xsd2"/&gt;&lt;xsd:import namespace="http://schemas.microsoft.com/2003/10/Serialization/" schemaLocation="http://sapmii15:50050/PCoManagement?xsd=xsd1"/&gt;&lt;xsd:import namespace="http://schemas.microsoft.com/2003/10/Serialization/Arrays" schemaLocation="http://sapmii15:50050/PCoManagement?xsd=xsd3"/&gt;&lt;xsd:import namespace="http://schemas.datacontract.org/2004/07/System.Diagnostics" schemaLocation="http://sapmii15:50050/PCoManagement?xsd=xsd4"/&gt;&lt;/xsd:schema&gt;&lt;/wsdl:types&gt;&lt;wsdl:message name="PCoManagementService_StartAgentInstance_InputMessage"&gt;&lt;wsdl:part element="tns:StartAgentInstance" name="parameters"/&gt;&lt;/wsdl:message&gt;&lt;wsdl:message name="PCoManagementService_StartAgentInstance_OutputMessage"&gt;&lt;wsdl:part element="tns:StartAgentInstanceResponse" name="parameters"/&gt;&lt;/wsdl:message&gt;&lt;wsdl:message name="PCoManagementService_StartAgentInstance_ManufacturingFaultFault_FaultMessage"&gt;&lt;wsdl:part xmlns:q1="urn:sap.com:pco.contracts" element="q1:ManufacturingFault" name="detail"/&gt;&lt;/wsdl:message&gt;&lt;wsdl:message name="PCoManagementService_StopAgentInstance_InputMessage"&gt;&lt;wsdl:part element="tns:StopAgentInstance" name="parameters"/&gt;&lt;/wsdl:message&gt;&lt;wsdl:message name="PCoManagementService_StopAgentInstance_OutputMessage"&gt;&lt;wsdl:part element="tns:StopAgentInstanceResponse" name="parameters"/&gt;&lt;/wsdl:message&gt;&lt;wsdl:message name="PCoManagementService_StopAgentInstance_ManufacturingFaultFault_FaultMessage"&gt;&lt;wsdl:part xmlns:q2="urn:sap.com:pco.contracts" element="q2:ManufacturingFault" name="detail"/&gt;&lt;/wsdl:message&gt;&lt;wsdl:message name="PCoManagementService_RestartAgentInstance_InputMessage"&gt;&lt;wsdl:part element="tns:RestartAgentInstance" name="parameters"/&gt;&lt;/wsdl:message&gt;&lt;wsdl:message name="PCoManagementService_RestartAgentInstance_OutputMessage"&gt;&lt;wsdl:part element="tns:RestartAgentInstanceResponse" name="parameters"/&gt;&lt;/wsdl:message&gt;&lt;wsdl:message name="PCoManagementService_RestartAgentInstance_ManufacturingFaultFault_FaultMessage"&gt;&lt;wsdl:part xmlns:q3="urn:sap.com:pco.contracts" element="q3:ManufacturingFault" name="detail"/&gt;&lt;/wsdl:message&gt;&lt;wsdl:message name="PCoManagementService_GetAgentInstanceState_InputMessage"&gt;&lt;wsdl:part element="tns:GetAgentInstanceState" name="parameters"/&gt;&lt;/wsdl:message&gt;&lt;wsdl:message name="PCoManagementService_GetAgentInstanceState_OutputMessage"&gt;&lt;wsdl:part element="tns:GetAgentInstanceStateResponse" name="parameters"/&gt;&lt;/wsdl:message&gt;&lt;wsdl:message name="PCoManagementService_GetAgentInstanceState_ManufacturingFaultFault_FaultMessage"&gt;&lt;wsdl:part xmlns:q4="urn:sap.com:pco.contracts" element="q4:ManufacturingFault" name="detail"/&gt;&lt;/wsdl:message&gt;&lt;wsdl:message name="PCoManagementService_GetAgentInstanceMetadata_InputMessage"&gt;&lt;wsdl:part element="tns:GetAgentInstanceMetadata" name="parameters"/&gt;&lt;/wsdl:message&gt;&lt;wsdl:message name="PCoManagementService_GetAgentInstanceMetadata_OutputMessage"&gt;&lt;wsdl:part element="tns:GetAgentInstanceMetadataResponse" name="parameters"/&gt;&lt;/wsdl:message&gt;&lt;wsdl:message name="PCoManagementService_GetAgentInstanceMetadata_ManufacturingFaultFault_FaultMessage"&gt;&lt;wsdl:part xmlns:q5="urn:sap.com:pco.contracts" element="q5:ManufacturingFault" name="detail"/&gt;&lt;/wsdl:message&gt;&lt;wsdl:message name="PCoManagementService_GetSingleAgentInstanceMetadata_InputMessage"&gt;&lt;wsdl:part element="tns:GetSingleAgentInstanceMetadata" name="parameters"/&gt;&lt;/wsdl:message&gt;&lt;wsdl:message name="PCoManagementService_GetSingleAgentInstanceMetadata_OutputMessage"&gt;&lt;wsdl:part element="tns:GetSingleAgentInstanceMetadataResponse" name="parameters"/&gt;&lt;/wsdl:message&gt;&lt;wsdl:message name="PCoManagementService_GetSingleAgentInstanceMetadata_ManufacturingFaultFault_FaultMessage"&gt;&lt;wsdl:part xmlns:q6="urn:sap.com:pco.contracts" element="q6:ManufacturingFault" name="detail"/&gt;&lt;/wsdl:message&gt;&lt;wsdl:message name="PCoManagementService_GetPCoMetadata_InputMessage"&gt;&lt;wsdl:part element="tns:GetPCoMetadata" name="parameters"/&gt;&lt;/wsdl:message&gt;&lt;wsdl:message name="PCoManagementService_GetPCoMetadata_OutputMessage"&gt;&lt;wsdl:part element="tns:GetPCoMetadataResponse" name="parameters"/&gt;&lt;/wsdl:message&gt;&lt;wsdl:message name="PCoManagementService_GetPCoMetadata_ManufacturingFaultFault_FaultMessage"&gt;&lt;wsdl:part xmlns:q7="urn:sap.com:pco.contracts" element="q7:ManufacturingFault" name="detail"/&gt;&lt;/wsdl:message&gt;&lt;wsdl:message name="PCoManagementService_GetAgentInstanceConfiguration_InputMessage"&gt;&lt;wsdl:part element="tns:GetAgentInstanceConfiguration" name="parameters"/&gt;&lt;/wsdl:message&gt;&lt;wsdl:message name="PCoManagementService_GetAgentInstanceConfiguration_OutputMessage"&gt;&lt;wsdl:part element="tns:GetAgentInstanceConfigurationResponse" name="parameters"/&gt;&lt;/wsdl:message&gt;&lt;wsdl:message name="PCoManagementService_GetAgentInstanceConfiguration_ManufacturingFaultFault_FaultMessage"&gt;&lt;wsdl:part xmlns:q8="urn:sap.com:pco.contracts" element="q8:ManufacturingFault" name="detail"/&gt;&lt;/wsdl:message&gt;&lt;wsdl:message name="PCoManagementService_GetAgentInstanceConfigurationWithKey_InputMessage"&gt;&lt;wsdl:part element="tns:GetAgentInstanceConfigurationWithKey" name="parameters"/&gt;&lt;/wsdl:message&gt;&lt;wsdl:message name="PCoManagementService_GetAgentInstanceConfigurationWithKey_OutputMessage"&gt;&lt;wsdl:part element="tns:GetAgentInstanceConfigurationWithKeyResponse" name="parameters"/&gt;&lt;/wsdl:message&gt;&lt;wsdl:message name="PCoManagementService_GetAgentInstanceConfigurationWithKey_ManufacturingFaultFault_FaultMessage"&gt;&lt;wsdl:part xmlns:q9="urn:sap.com:pco.contracts" element="q9:ManufacturingFault" name="detail"/&gt;&lt;/wsdl:message&gt;&lt;wsdl:message name="PCoManagementService_SendAgentInstanceConfiguration_InputMessage"&gt;&lt;wsdl:part element="tns:SendAgentInstanceConfiguration" name="parameters"/&gt;&lt;/wsdl:message&gt;&lt;wsdl:message name="PCoManagementService_SendAgentInstanceConfiguration_OutputMessage"&gt;&lt;wsdl:part element="tns:SendAgentInstanceConfigurationResponse" name="parameters"/&gt;&lt;/wsdl:message&gt;&lt;wsdl:message name="PCoManagementService_SendAgentInstanceConfiguration_ManufacturingFaultFault_FaultMessage"&gt;&lt;wsdl:part xmlns:q10="urn:sap.com:pco.contracts" element="q10:ManufacturingFault" name="detail"/&gt;&lt;/wsdl:message&gt;&lt;wsdl:message name="PCoManagementService_SendAgentInstanceConfiguration2_InputMessage"&gt;&lt;wsdl:part element="tns:SendAgentInstanceConfiguration2" name="parameters"/&gt;&lt;/wsdl:message&gt;&lt;wsdl:message name="PCoManagementService_SendAgentInstanceConfiguration2_OutputMessage"&gt;&lt;wsdl:part element="tns:SendAgentInstanceConfiguration2Response" name="parameters"/&gt;&lt;/wsdl:message&gt;&lt;wsdl:message name="PCoManagementService_SendAgentInstanceConfiguration2_ManufacturingFaultFault_FaultMessage"&gt;&lt;wsdl:part xmlns:q11="urn:sap.com:pco.contracts" element="q11:ManufacturingFault" name="detail"/&gt;&lt;/wsdl:message&gt;&lt;wsdl:message name="PCoManagementService_GetAgentInstancesRuntimeInfo_InputMessage"&gt;&lt;wsdl:part element="tns:GetAgentInstancesRuntimeInfo" name="parameters"/&gt;&lt;/wsdl:message&gt;&lt;wsdl:message name="PCoManagementService_GetAgentInstancesRuntimeInfo_OutputMessage"&gt;&lt;wsdl:part element="tns:GetAgentInstancesRuntimeInfoResponse" name="parameters"/&gt;&lt;/wsdl:message&gt;&lt;wsdl:message name="PCoManagementService_GetAgentInstancesRuntimeInfo_ManufacturingFaultFault_FaultMessage"&gt;&lt;wsdl:part xmlns:q12="urn:sap.com:pco.contracts" element="q12:ManufacturingFault" name="detail"/&gt;&lt;/wsdl:message&gt;&lt;wsdl:message name="PCoManagementService_GetAgentInstancePagingLog_InputMessage"&gt;&lt;wsdl:part element="tns:GetAgentInstancePagingLog" name="parameters"/&gt;&lt;/wsdl:message&gt;&lt;wsdl:message name="PCoManagementService_GetAgentInstancePagingLog_OutputMessage"&gt;&lt;wsdl:part element="tns:GetAgentInstancePagingLogResponse" name="parameters"/&gt;&lt;/wsdl:message&gt;&lt;wsdl:message name="PCoManagementService_GetAgentInstancePagingLog_ManufacturingFaultFault_FaultMessage"&gt;&lt;wsdl:part xmlns:q13="urn:sap.com:pco.contracts" element="q13:ManufacturingFault" name="detail"/&gt;&lt;/wsdl:message&gt;&lt;wsdl:message name="PCoManagementService_CreateVersionedNotifications_InputMessage"&gt;&lt;wsdl:part element="tns:CreateVersionedNotifications" name="parameters"/&gt;&lt;/wsdl:message&gt;&lt;wsdl:message name="PCoManagementService_CreateVersionedNotifications_OutputMessage"&gt;&lt;wsdl:part element="tns:CreateVersionedNotificationsResponse" name="parameters"/&gt;&lt;/wsdl:message&gt;&lt;wsdl:message name="PCoManagementService_CreateVersionedNotifications_ManufacturingFaultFault_FaultMessage"&gt;&lt;wsdl:part xmlns:q14="urn:sap.com:pco.contracts" element="q14:ManufacturingFault" name="detail"/&gt;&lt;/wsdl:message&gt;&lt;wsdl:message name="PCoManagementService_ActivateVersionedNotifications_InputMessage"&gt;&lt;wsdl:part element="tns:ActivateVersionedNotifications" name="parameters"/&gt;&lt;/wsdl:message&gt;&lt;wsdl:message name="PCoManagementService_ActivateVersionedNotifications_OutputMessage"&gt;&lt;wsdl:part element="tns:ActivateVersionedNotificationsResponse" name="parameters"/&gt;&lt;/wsdl:message&gt;&lt;wsdl:message name="PCoManagementService_ActivateVersionedNotifications_ManufacturingFaultFault_FaultMessage"&gt;&lt;wsdl:part xmlns:q15="urn:sap.com:pco.contracts" element="q15:ManufacturingFault" name="detail"/&gt;&lt;/wsdl:message&gt;&lt;wsdl:message name="PCoManagementService_DeleteVersionedNotifications_InputMessage"&gt;&lt;wsdl:part element="tns:DeleteVersionedNotifications" name="parameters"/&gt;&lt;/wsdl:message&gt;&lt;wsdl:message name="PCoManagementService_DeleteVersionedNotifications_OutputMessage"&gt;&lt;wsdl:part element="tns:DeleteVersionedNotificationsResponse" name="parameters"/&gt;&lt;/wsdl:message&gt;&lt;wsdl:message name="PCoManagementService_DeleteVersionedNotifications_ManufacturingFaultFault_FaultMessage"&gt;&lt;wsdl:part xmlns:q16="urn:sap.com:pco.contracts" element="q16:ManufacturingFault" name="detail"/&gt;&lt;/wsdl:message&gt;&lt;wsdl:message name="PCoManagementService_PauseVersionedNotifications_InputMessage"&gt;&lt;wsdl:part element="tns:PauseVersionedNotifications" name="parameters"/&gt;&lt;/wsdl:message&gt;&lt;wsdl:message name="PCoManagementService_PauseVersionedNotifications_OutputMessage"&gt;&lt;wsdl:part element="tns:PauseVersionedNotificationsResponse" name="parameters"/&gt;&lt;/wsdl:message&gt;&lt;wsdl:message name="PCoManagementService_PauseVersionedNotifications_ManufacturingFaultFault_FaultMessage"&gt;&lt;wsdl:part xmlns:q17="urn:sap.com:pco.contracts" element="q17:ManufacturingFault" name="detail"/&gt;&lt;/wsdl:message&gt;&lt;wsdl:message name="PCoManagementService_ResumeVersionedNotifications_InputMessage"&gt;&lt;wsdl:part element="tns:ResumeVersionedNotifications" name="parameters"/&gt;&lt;/wsdl:message&gt;&lt;wsdl:message name="PCoManagementService_ResumeVersionedNotifications_OutputMessage"&gt;&lt;wsdl:part element="tns:ResumeVersionedNotificationsResponse" name="parameters"/&gt;&lt;/wsdl:message&gt;&lt;wsdl:message name="PCoManagementService_ResumeVersionedNotifications_ManufacturingFaultFault_FaultMessage"&gt;&lt;wsdl:part xmlns:q18="urn:sap.com:pco.contracts" element="q18:ManufacturingFault" name="detail"/&gt;&lt;/wsdl:message&gt;&lt;wsdl:message name="PCoManagementService_GetDestinationSystems_InputMessage"&gt;&lt;wsdl:part element="tns:GetDestinationSystems" name="parameters"/&gt;&lt;/wsdl:message&gt;&lt;wsdl:message name="PCoManagementService_GetDestinationSystems_OutputMessage"&gt;&lt;wsdl:part element="tns:GetDestinationSystemsResponse" name="parameters"/&gt;&lt;/wsdl:message&gt;&lt;wsdl:message name="PCoManagementService_GetDestinationSystems_ManufacturingFaultFault_FaultMessage"&gt;&lt;wsdl:part xmlns:q19="urn:sap.com:pco.contracts" element="q19:ManufacturingFault" name="detail"/&gt;&lt;/wsdl:message&gt;&lt;wsdl:message name="PCoManagementService_GetMiiDestinationSystems_InputMessage"&gt;&lt;wsdl:part element="tns:GetMiiDestinationSystems" name="parameters"/&gt;&lt;/wsdl:message&gt;&lt;wsdl:message name="PCoManagementService_GetMiiDestinationSystems_OutputMessage"&gt;&lt;wsdl:part element="tns:GetMiiDestinationSystemsResponse" name="parameters"/&gt;&lt;/wsdl:message&gt;&lt;wsdl:message name="PCoManagementService_GetMiiDestinationSystems_ManufacturingFaultFault_FaultMessage"&gt;&lt;wsdl:part xmlns:q20="urn:sap.com:pco.contracts" element="q20:ManufacturingFault" name="detail"/&gt;&lt;/wsdl:message&gt;&lt;wsdl:portType name="PCoManagementService"&gt;&lt;wsdl:operation name="StartAgentInstance"&gt;&lt;wsdl:input message="tns:PCoManagementService_StartAgentInstance_InputMessage" wsaw:Action="urn:sap.com:pco.management/PCoManagementService/StartAgentInstance"/&gt;&lt;wsdl:output message="tns:PCoManagementService_StartAgentInstance_OutputMessage" wsaw:Action="urn:sap.com:pco.management/PCoManagementService/StartAgentInstanceResponse"/&gt;&lt;wsdl:fault message="tns:PCoManagementService_StartAgentInstance_ManufacturingFaultFault_FaultMessage" name="ManufacturingFaultFault" wsaw:Action="urn:sap.com:pco.management/PCoManagementService/StartAgentInstanceManufacturingFaultFault"/&gt;&lt;/wsdl:operation&gt;&lt;wsdl:operation name="StopAgentInstance"&gt;&lt;wsdl:input message="tns:PCoManagementService_StopAgentInstance_InputMessage" wsaw:Action="urn:sap.com:pco.management/PCoManagementService/StopAgentInstance"/&gt;&lt;wsdl:output message="tns:PCoManagementService_StopAgentInstance_OutputMessage" wsaw:Action="urn:sap.com:pco.management/PCoManagementService/StopAgentInstanceResponse"/&gt;&lt;wsdl:fault message="tns:PCoManagementService_StopAgentInstance_ManufacturingFaultFault_FaultMessage" name="ManufacturingFaultFault" wsaw:Action="urn:sap.com:pco.management/PCoManagementService/StopAgentInstanceManufacturingFaultFault"/&gt;&lt;/wsdl:operation&gt;&lt;wsdl:operation name="RestartAgentInstance"&gt;&lt;wsdl:input message="tns:PCoManagementService_RestartAgentInstance_InputMessage" wsaw:Action="urn:sap.com:pco.management/PCoManagementService/RestartAgentInstance"/&gt;&lt;wsdl:output message="tns:PCoManagementService_RestartAgentInstance_OutputMessage" wsaw:Action="urn:sap.com:pco.management/PCoManagementService/RestartAgentInstanceResponse"/&gt;&lt;wsdl:fault message="tns:PCoManagementService_RestartAgentInstance_ManufacturingFaultFault_FaultMessage" name="ManufacturingFaultFault" wsaw:Action="urn:sap.com:pco.management/PCoManagementService/RestartAgentInstanceManufacturingFaultFault"/&gt;&lt;/wsdl:operation&gt;&lt;wsdl:operation name="GetAgentInstanceState"&gt;&lt;wsdl:input message="tns:PCoManagementService_GetAgentInstanceState_InputMessage" wsaw:Action="urn:sap.com:pco.management/PCoManagementService/GetAgentInstanceState"/&gt;&lt;wsdl:output message="tns:PCoManagementService_GetAgentInstanceState_OutputMessage" wsaw:Action="urn:sap.com:pco.management/PCoManagementService/GetAgentInstanceStateResponse"/&gt;&lt;wsdl:fault message="tns:PCoManagementService_GetAgentInstanceState_ManufacturingFaultFault_FaultMessage" name="ManufacturingFaultFault" wsaw:Action="urn:sap.com:pco.management/PCoManagementService/GetAgentInstanceStateManufacturingFaultFault"/&gt;&lt;/wsdl:operation&gt;&lt;wsdl:operation name="GetAgentInstanceMetadata"&gt;&lt;wsdl:input message="tns:PCoManagementService_GetAgentInstanceMetadata_InputMessage" wsaw:Action="urn:sap.com:pco.management/PCoManagementService/GetAgentInstanceMetadata"/&gt;&lt;wsdl:output message="tns:PCoManagementService_GetAgentInstanceMetadata_OutputMessage" wsaw:Action="urn:sap.com:pco.management/PCoManagementService/GetAgentInstanceMetadataResponse"/&gt;&lt;wsdl:fault message="tns:PCoManagementService_GetAgentInstanceMetadata_ManufacturingFaultFault_FaultMessage" name="ManufacturingFaultFault" wsaw:Action="urn:sap.com:pco.management/PCoManagementService/GetAgentInstanceMetadataManufacturingFaultFault"/&gt;&lt;/wsdl:operation&gt;&lt;wsdl:operation name="GetSingleAgentInstanceMetadata"&gt;&lt;wsdl:input message="tns:PCoManagementService_GetSingleAgentInstanceMetadata_InputMessage" wsaw:Action="urn:sap.com:pco.management/PCoManagementService/GetSingleAgentInstanceMetadata"/&gt;&lt;wsdl:output message="tns:PCoManagementService_GetSingleAgentInstanceMetadata_OutputMessage" wsaw:Action="urn:sap.com:pco.management/PCoManagementService/GetSingleAgentInstanceMetadataResponse"/&gt;&lt;wsdl:fault message="tns:PCoManagementService_GetSingleAgentInstanceMetadata_ManufacturingFaultFault_FaultMessage" name="ManufacturingFaultFault" wsaw:Action="urn:sap.com:pco.management/PCoManagementService/GetSingleAgentInstanceMetadataManufacturingFaultFault"/&gt;&lt;/wsdl:operation&gt;&lt;wsdl:operation name="GetPCoMetadata"&gt;&lt;wsdl:input message="tns:PCoManagementService_GetPCoMetadata_InputMessage" wsaw:Action="urn:sap.com:pco.management/PCoManagementService/GetPCoMetadata"/&gt;&lt;wsdl:output message="tns:PCoManagementService_GetPCoMetadata_OutputMessage" wsaw:Action="urn:sap.com:pco.management/PCoManagementService/GetPCoMetadataResponse"/&gt;&lt;wsdl:fault message="tns:PCoManagementService_GetPCoMetadata_ManufacturingFaultFault_FaultMessage" name="ManufacturingFaultFault" wsaw:Action="urn:sap.com:pco.management/PCoManagementService/GetPCoMetadataManufacturingFaultFault"/&gt;&lt;/wsdl:operation&gt;&lt;wsdl:operation name="GetAgentInstanceConfiguration"&gt;&lt;wsdl:input message="tns:PCoManagementService_GetAgentInstanceConfiguration_InputMessage" wsaw:Action="urn:sap.com:pco.management/PCoManagementService/GetAgentInstanceConfiguration"/&gt;&lt;wsdl:output message="tns:PCoManagementService_GetAgentInstanceConfiguration_OutputMessage" wsaw:Action="urn:sap.com:pco.management/PCoManagementService/GetAgentInstanceConfigurationResponse"/&gt;&lt;wsdl:fault message="tns:PCoManagementService_GetAgentInstanceConfiguration_ManufacturingFaultFault_FaultMessage" name="ManufacturingFaultFault" wsaw:Action="urn:sap.com:pco.management/PCoManagementService/GetAgentInstanceConfigurationManufacturingFaultFault"/&gt;&lt;/wsdl:operation&gt;&lt;wsdl:operation name="GetAgentInstanceConfigurationWithKey"&gt;&lt;wsdl:input message="tns:PCoManagementService_GetAgentInstanceConfigurationWithKey_InputMessage" wsaw:Action="urn:sap.com:pco.management/PCoManagementService/GetAgentInstanceConfigurationWithKey"/&gt;&lt;wsdl:output message="tns:PCoManagementService_GetAgentInstanceConfigurationWithKey_OutputMessage" wsaw:Action="urn:sap.com:pco.management/PCoManagementService/GetAgentInstanceConfigurationWithKeyResponse"/&gt;&lt;wsdl:fault message="tns:PCoManagementService_GetAgentInstanceConfigurationWithKey_ManufacturingFaultFault_FaultMessage" name="ManufacturingFaultFault" wsaw:Action="urn:sap.com:pco.management/PCoManagementService/GetAgentInstanceConfigurationWithKeyManufacturingFaultFault"/&gt;&lt;/wsdl:operation&gt;&lt;wsdl:operation name="SendAgentInstanceConfiguration"&gt;&lt;wsdl:input message="tns:PCoManagementService_SendAgentInstanceConfiguration_InputMessage" wsaw:Action="urn:sap.com:pco.management/PCoManagementService/SendAgentInstanceConfiguration"/&gt;&lt;wsdl:output message="tns:PCoManagementService_SendAgentInstanceConfiguration_OutputMessage" wsaw:Action="urn:sap.com:pco.management/PCoManagementService/SendAgentInstanceConfigurationResponse"/&gt;&lt;wsdl:fault message="tns:PCoManagementService_SendAgentInstanceConfiguration_ManufacturingFaultFault_FaultMessage" name="ManufacturingFaultFault" wsaw:Action="urn:sap.com:pco.management/PCoManagementService/SendAgentInstanceConfigurationManufacturingFaultFault"/&gt;&lt;/wsdl:operation&gt;&lt;wsdl:operation name="SendAgentInstanceConfiguration2"&gt;&lt;wsdl:input message="tns:PCoManagementService_SendAgentInstanceConfiguration2_InputMessage" wsaw:Action="urn:sap.com:pco.management/PCoManagementService/SendAgentInstanceConfiguration2"/&gt;&lt;wsdl:output message="tns:PCoManagementService_SendAgentInstanceConfiguration2_OutputMessage" wsaw:Action="urn:sap.com:pco.management/PCoManagementService/SendAgentInstanceConfiguration2Response"/&gt;&lt;wsdl:fault message="tns:PCoManagementService_SendAgentInstanceConfiguration2_ManufacturingFaultFault_FaultMessage" name="ManufacturingFaultFault" wsaw:Action="urn:sap.com:pco.management/PCoManagementService/SendAgentInstanceConfiguration2ManufacturingFaultFault"/&gt;&lt;/wsdl:operation&gt;&lt;wsdl:operation name="GetAgentInstancesRuntimeInfo"&gt;&lt;wsdl:input message="tns:PCoManagementService_GetAgentInstancesRuntimeInfo_InputMessage" wsaw:Action="urn:sap.com:pco.management/PCoManagementService/GetAgentInstancesRuntimeInfo"/&gt;&lt;wsdl:output message="tns:PCoManagementService_GetAgentInstancesRuntimeInfo_OutputMessage" wsaw:Action="urn:sap.com:pco.management/PCoManagementService/GetAgentInstancesRuntimeInfoResponse"/&gt;&lt;wsdl:fault message="tns:PCoManagementService_GetAgentInstancesRuntimeInfo_ManufacturingFaultFault_FaultMessage" name="ManufacturingFaultFault" wsaw:Action="urn:sap.com:pco.management/PCoManagementService/GetAgentInstancesRuntimeInfoManufacturingFaultFault"/&gt;&lt;/wsdl:operation&gt;&lt;wsdl:operation name="GetAgentInstancePagingLog"&gt;&lt;wsdl:input message="tns:PCoManagementService_GetAgentInstancePagingLog_InputMessage" wsaw:Action="urn:sap.com:pco.management/PCoManagementService/GetAgentInstancePagingLog"/&gt;&lt;wsdl:output message="tns:PCoManagementService_GetAgentInstancePagingLog_OutputMessage" wsaw:Action="urn:sap.com:pco.management/PCoManagementService/GetAgentInstancePagingLogResponse"/&gt;&lt;wsdl:fault message="tns:PCoManagementService_GetAgentInstancePagingLog_ManufacturingFaultFault_FaultMessage" name="ManufacturingFaultFault" wsaw:Action="urn:sap.com:pco.management/PCoManagementService/GetAgentInstancePagingLogManufacturingFaultFault"/&gt;&lt;/wsdl:operation&gt;&lt;wsdl:operation name="CreateVersionedNotifications"&gt;&lt;wsdl:input message="tns:PCoManagementService_CreateVersionedNotifications_InputMessage" wsaw:Action="urn:sap.com:pco.management/PCoManagementService/CreateVersionedNotifications"/&gt;&lt;wsdl:output message="tns:PCoManagementService_CreateVersionedNotifications_OutputMessage" wsaw:Action="urn:sap.com:pco.management/PCoManagementService/CreateVersionedNotificationsResponse"/&gt;&lt;wsdl:fault message="tns:PCoManagementService_CreateVersionedNotifications_ManufacturingFaultFault_FaultMessage" name="ManufacturingFaultFault" wsaw:Action="urn:sap.com:pco.management/PCoManagementService/CreateVersionedNotificationsManufacturingFaultFault"/&gt;&lt;/wsdl:operation&gt;&lt;wsdl:operation name="ActivateVersionedNotifications"&gt;&lt;wsdl:input message="tns:PCoManagementService_ActivateVersionedNotifications_InputMessage" wsaw:Action="urn:sap.com:pco.management/PCoManagementService/ActivateVersionedNotifications"/&gt;&lt;wsdl:output message="tns:PCoManagementService_ActivateVersionedNotifications_OutputMessage" wsaw:Action="urn:sap.com:pco.management/PCoManagementService/ActivateVersionedNotificationsResponse"/&gt;&lt;wsdl:fault message="tns:PCoManagementService_ActivateVersionedNotifications_ManufacturingFaultFault_FaultMessage" name="ManufacturingFaultFault" wsaw:Action="urn:sap.com:pco.management/PCoManagementService/ActivateVersionedNotificationsManufacturingFaultFault"/&gt;&lt;/wsdl:operation&gt;&lt;wsdl:operation name="DeleteVersionedNotifications"&gt;&lt;wsdl:input message="tns:PCoManagementService_DeleteVersionedNotifications_InputMessage" wsaw:Action="urn:sap.com:pco.management/PCoManagementService/DeleteVersionedNotifications"/&gt;&lt;wsdl:output message="tns:PCoManagementService_DeleteVersionedNotifications_OutputMessage" wsaw:Action="urn:sap.com:pco.management/PCoManagementService/DeleteVersionedNotificationsResponse"/&gt;&lt;wsdl:fault message="tns:PCoManagementService_DeleteVersionedNotifications_ManufacturingFaultFault_FaultMessage" name="ManufacturingFaultFault" wsaw:Action="urn:sap.com:pco.management/PCoManagementService/DeleteVersionedNotificationsManufacturingFaultFault"/&gt;&lt;/wsdl:operation&gt;&lt;wsdl:operation name="PauseVersionedNotifications"&gt;&lt;wsdl:input message="tns:PCoManagementService_PauseVersionedNotifications_InputMessage" wsaw:Action="urn:sap.com:pco.management/PCoManagementService/PauseVersionedNotifications"/&gt;&lt;wsdl:output message="tns:PCoManagementService_PauseVersionedNotifications_OutputMessage" wsaw:Action="urn:sap.com:pco.management/PCoManagementService/PauseVersionedNotificationsResponse"/&gt;&lt;wsdl:fault message="tns:PCoManagementService_PauseVersionedNotifications_ManufacturingFaultFault_FaultMessage" name="ManufacturingFaultFault" wsaw:Action="urn:sap.com:pco.management/PCoManagementService/PauseVersionedNotificationsManufacturingFaultFault"/&gt;&lt;/wsdl:operation&gt;&lt;wsdl:operation name="ResumeVersionedNotifications"&gt;&lt;wsdl:input message="tns:PCoManagementService_ResumeVersionedNotifications_InputMessage" wsaw:Action="urn:sap.com:pco.management/PCoManagementService/ResumeVersionedNotifications"/&gt;&lt;wsdl:output message="tns:PCoManagementService_ResumeVersionedNotifications_OutputMessage" wsaw:Action="urn:sap.com:pco.management/PCoManagementService/ResumeVersionedNotificationsResponse"/&gt;&lt;wsdl:fault message="tns:PCoManagementService_ResumeVersionedNotifications_ManufacturingFaultFault_FaultMessage" name="ManufacturingFaultFault" wsaw:Action="urn:sap.com:pco.management/PCoManagementService/ResumeVersionedNotificationsManufacturingFaultFault"/&gt;&lt;/wsdl:operation&gt;&lt;wsdl:operation name="GetDestinationSystems"&gt;&lt;wsdl:input message="tns:PCoManagementService_GetDestinationSystems_InputMessage" wsaw:Action="urn:sap.com:pco.management/PCoManagementService/GetDestinationSystems"/&gt;&lt;wsdl:output message="tns:PCoManagementService_GetDestinationSystems_OutputMessage" wsaw:Action="urn:sap.com:pco.management/PCoManagementService/GetDestinationSystemsResponse"/&gt;&lt;wsdl:fault message="tns:PCoManagementService_GetDestinationSystems_ManufacturingFaultFault_FaultMessage" name="ManufacturingFaultFault" wsaw:Action="urn:sap.com:pco.management/PCoManagementService/GetDestinationSystemsManufacturingFaultFault"/&gt;&lt;/wsdl:operation&gt;&lt;wsdl:operation name="GetMiiDestinationSystems"&gt;&lt;wsdl:input message="tns:PCoManagementService_GetMiiDestinationSystems_InputMessage" wsaw:Action="urn:sap.com:pco.management/PCoManagementService/GetMiiDestinationSystems"/&gt;&lt;wsdl:output message="tns:PCoManagementService_GetMiiDestinationSystems_OutputMessage" wsaw:Action="urn:sap.com:pco.management/PCoManagementService/GetMiiDestinationSystemsResponse"/&gt;&lt;wsdl:fault message="tns:PCoManagementService_GetMiiDestinationSystems_ManufacturingFaultFault_FaultMessage" name="ManufacturingFaultFault" wsaw:Action="urn:sap.com:pco.management/PCoManagementService/GetMiiDestinationSystemsManufacturingFaultFault"/&gt;&lt;/wsdl:operation&gt;&lt;/wsdl:portType&gt;&lt;wsdl:binding name="NetTcpBinding_PCoManagementService" type="tns:PCoManagementService"&gt;&lt;wsp:PolicyReference URI="#NetTcpBinding_PCoManagementService_policy"/&gt;&lt;soap12:binding transport="http://schemas.microsoft.com/soap/tcp"/&gt;&lt;wsdl:operation name="StartAgentInstance"&gt;&lt;soap12:operation soapAction="urn:sap.com:pco.management/PCoManagementService/StartAgentInstance" style="document"/&gt;&lt;wsdl:input&gt;&lt;soap12:body use="literal"/&gt;&lt;/wsdl:input&gt;&lt;wsdl:output&gt;&lt;soap12:body use="literal"/&gt;&lt;/wsdl:output&gt;&lt;wsdl:fault name="ManufacturingFaultFault"&gt;&lt;soap12:fault name="ManufacturingFaultFault" use="literal"/&gt;&lt;/wsdl:fault&gt;&lt;/wsdl:operation&gt;&lt;wsdl:operation name="StopAgentInstance"&gt;&lt;soap12:operation soapAction="urn:sap.com:pco.management/PCoManagementService/StopAgentInstance" style="document"/&gt;&lt;wsdl:input&gt;&lt;soap12:body use="literal"/&gt;&lt;/wsdl:input&gt;&lt;wsdl:output&gt;&lt;soap12:body use="literal"/&gt;&lt;/wsdl:output&gt;&lt;wsdl:fault name="ManufacturingFaultFault"&gt;&lt;soap12:fault name="ManufacturingFaultFault" use="literal"/&gt;&lt;/wsdl:fault&gt;&lt;/wsdl:operation&gt;&lt;wsdl:operation name="RestartAgentInstance"&gt;&lt;soap12:operation soapAction="urn:sap.com:pco.management/PCoManagementService/RestartAgentInstance" style="document"/&gt;&lt;wsdl:input&gt;&lt;soap12:body use="literal"/&gt;&lt;/wsdl:input&gt;&lt;wsdl:output&gt;&lt;soap12:body use="literal"/&gt;&lt;/wsdl:output&gt;&lt;wsdl:fault name="ManufacturingFaultFault"&gt;&lt;soap12:fault name="ManufacturingFaultFault" use="literal"/&gt;&lt;/wsdl:fault&gt;&lt;/wsdl:operation&gt;&lt;wsdl:operation name="GetAgentInstanceState"&gt;&lt;soap12:operation soapAction="urn:sap.com:pco.management/PCoManagementService/GetAgentInstanceState" style="document"/&gt;&lt;wsdl:input&gt;&lt;soap12:body use="literal"/&gt;&lt;/wsdl:input&gt;&lt;wsdl:output&gt;&lt;soap12:body use="literal"/&gt;&lt;/wsdl:output&gt;&lt;wsdl:fault name="ManufacturingFaultFault"&gt;&lt;soap12:fault name="ManufacturingFaultFault" use="literal"/&gt;&lt;/wsdl:fault&gt;&lt;/wsdl:operation&gt;&lt;wsdl:operation name="GetAgentInstanceMetadata"&gt;&lt;soap12:operation soapAction="urn:sap.com:pco.management/PCoManagementService/GetAgentInstanceMetadata" style="document"/&gt;&lt;wsdl:input&gt;&lt;soap12:body use="literal"/&gt;&lt;/wsdl:input&gt;&lt;wsdl:output&gt;&lt;soap12:body use="literal"/&gt;&lt;/wsdl:output&gt;&lt;wsdl:fault name="ManufacturingFaultFault"&gt;&lt;soap12:fault name="ManufacturingFaultFault" use="literal"/&gt;&lt;/wsdl:fault&gt;&lt;/wsdl:operation&gt;&lt;wsdl:operation name="GetSingleAgentInstanceMetadata"&gt;&lt;soap12:operation soapAction="urn:sap.com:pco.management/PCoManagementService/GetSingleAgentInstanceMetadata" style="document"/&gt;&lt;wsdl:input&gt;&lt;soap12:body use="literal"/&gt;&lt;/wsdl:input&gt;&lt;wsdl:output&gt;&lt;soap12:body use="literal"/&gt;&lt;/wsdl:output&gt;&lt;wsdl:fault name="ManufacturingFaultFault"&gt;&lt;soap12:fault name="ManufacturingFaultFault" use="literal"/&gt;&lt;/wsdl:fault&gt;&lt;/wsdl:operation&gt;&lt;wsdl:operation name="GetPCoMetadata"&gt;&lt;soap12:operation soapAction="urn:sap.com:pco.management/PCoManagementService/GetPCoMetadata" style="document"/&gt;&lt;wsdl:input&gt;&lt;soap12:body use="literal"/&gt;&lt;/wsdl:input&gt;&lt;wsdl:output&gt;&lt;soap12:body use="literal"/&gt;&lt;/wsdl:output&gt;&lt;wsdl:fault name="ManufacturingFaultFault"&gt;&lt;soap12:fault name="ManufacturingFaultFault" use="literal"/&gt;&lt;/wsdl:fault&gt;&lt;/wsdl:operation&gt;&lt;wsdl:operation name="GetAgentInstanceConfiguration"&gt;&lt;soap12:operation soapAction="urn:sap.com:pco.management/PCoManagementService/GetAgentInstanceConfiguration" style="document"/&gt;&lt;wsdl:input&gt;&lt;soap12:body use="literal"/&gt;&lt;/wsdl:input&gt;&lt;wsdl:output&gt;&lt;soap12:body use="literal"/&gt;&lt;/wsdl:output&gt;&lt;wsdl:fault name="ManufacturingFaultFault"&gt;&lt;soap12:fault name="ManufacturingFaultFault" use="literal"/&gt;&lt;/wsdl:fault&gt;&lt;/wsdl:operation&gt;&lt;wsdl:operation name="GetAgentInstanceConfigurationWithKey"&gt;&lt;soap12:operation soapAction="urn:sap.com:pco.management/PCoManagementService/GetAgentInstanceConfigurationWithKey" style="document"/&gt;&lt;wsdl:input&gt;&lt;soap12:body use="literal"/&gt;&lt;/wsdl:input&gt;&lt;wsdl:output&gt;&lt;soap12:body use="literal"/&gt;&lt;/wsdl:output&gt;&lt;wsdl:fault name="ManufacturingFaultFault"&gt;&lt;soap12:fault name="ManufacturingFaultFault" use="literal"/&gt;&lt;/wsdl:fault&gt;&lt;/wsdl:operation&gt;&lt;wsdl:operation name="SendAgentInstanceConfiguration"&gt;&lt;soap12:operation soapAction="urn:sap.com:pco.management/PCoManagementService/SendAgentInstanceConfiguration" style="document"/&gt;&lt;wsdl:input&gt;&lt;soap12:body use="literal"/&gt;&lt;/wsdl:input&gt;&lt;wsdl:output&gt;&lt;soap12:body use="literal"/&gt;&lt;/wsdl:output&gt;&lt;wsdl:fault name="ManufacturingFaultFault"&gt;&lt;soap12:fault name="ManufacturingFaultFault" use="literal"/&gt;&lt;/wsdl:fault&gt;&lt;/wsdl:operation&gt;&lt;wsdl:operation name="SendAgentInstanceConfiguration2"&gt;&lt;soap12:operation soapAction="urn:sap.com:pco.management/PCoManagementService/SendAgentInstanceConfiguration2" style="document"/&gt;&lt;wsdl:input&gt;&lt;soap12:body use="literal"/&gt;&lt;/wsdl:input&gt;&lt;wsdl:output&gt;&lt;soap12:body use="literal"/&gt;&lt;/wsdl:output&gt;&lt;wsdl:fault name="ManufacturingFaultFault"&gt;&lt;soap12:fault name="ManufacturingFaultFault" use="literal"/&gt;&lt;/wsdl:fault&gt;&lt;/wsdl:operation&gt;&lt;wsdl:operation name="GetAgentInstancesRuntimeInfo"&gt;&lt;soap12:operation soapAction="urn:sap.com:pco.management/PCoManagementService/GetAgentInstancesRuntimeInfo" style="document"/&gt;&lt;wsdl:input&gt;&lt;soap12:body use="literal"/&gt;&lt;/wsdl:input&gt;&lt;wsdl:output&gt;&lt;soap12:body use="literal"/&gt;&lt;/wsdl:output&gt;&lt;wsdl:fault name="ManufacturingFaultFault"&gt;&lt;soap12:fault name="ManufacturingFaultFault" use="literal"/&gt;&lt;/wsdl:fault&gt;&lt;/wsdl:operation&gt;&lt;wsdl:operation name="GetAgentInstancePagingLog"&gt;&lt;soap12:operation soapAction="urn:sap.com:pco.management/PCoManagementService/GetAgentInstancePagingLog" style="document"/&gt;&lt;wsdl:input&gt;&lt;soap12:body use="literal"/&gt;&lt;/wsdl:input&gt;&lt;wsdl:output&gt;&lt;soap12:body use="literal"/&gt;&lt;/wsdl:output&gt;&lt;wsdl:fault name="ManufacturingFaultFault"&gt;&lt;soap12:fault name="ManufacturingFaultFault" use="literal"/&gt;&lt;/wsdl:fault&gt;&lt;/wsdl:operation&gt;&lt;wsdl:operation name="CreateVersionedNotifications"&gt;&lt;soap12:operation soapAction="urn:sap.com:pco.management/PCoManagementService/CreateVersionedNotifications" style="document"/&gt;&lt;wsdl:input&gt;&lt;soap12:body use="literal"/&gt;&lt;/wsdl:input&gt;&lt;wsdl:output&gt;&lt;soap12:body use="literal"/&gt;&lt;/wsdl:output&gt;&lt;wsdl:fault name="ManufacturingFaultFault"&gt;&lt;soap12:fault name="ManufacturingFaultFault" use="literal"/&gt;&lt;/wsdl:fault&gt;&lt;/wsdl:operation&gt;&lt;wsdl:operation name="ActivateVersionedNotifications"&gt;&lt;soap12:operation soapAction="urn:sap.com:pco.management/PCoManagementService/ActivateVersionedNotifications" style="document"/&gt;&lt;wsdl:input&gt;&lt;soap12:body use="literal"/&gt;&lt;/wsdl:input&gt;&lt;wsdl:output&gt;&lt;soap12:body use="literal"/&gt;&lt;/wsdl:output&gt;&lt;wsdl:fault name="ManufacturingFaultFault"&gt;&lt;soap12:fault name="ManufacturingFaultFault" use="literal"/&gt;&lt;/wsdl:fault&gt;&lt;/wsdl:operation&gt;&lt;wsdl:operation name="DeleteVersionedNotifications"&gt;&lt;soap12:operation soapAction="urn:sap.com:pco.management/PCoManagementService/DeleteVersionedNotifications" style="document"/&gt;&lt;wsdl:input&gt;&lt;soap12:body use="literal"/&gt;&lt;/wsdl:input&gt;&lt;wsdl:output&gt;&lt;soap12:body use="literal"/&gt;&lt;/wsdl:output&gt;&lt;wsdl:fault name="ManufacturingFaultFault"&gt;&lt;soap12:fault name="ManufacturingFaultFault" use="literal"/&gt;&lt;/wsdl:fault&gt;&lt;/wsdl:operation&gt;&lt;wsdl:operation name="PauseVersionedNotifications"&gt;&lt;soap12:operation soapAction="urn:sap.com:pco.management/PCoManagementService/PauseVersionedNotifications" style="document"/&gt;&lt;wsdl:input&gt;&lt;soap12:body use="literal"/&gt;&lt;/wsdl:input&gt;&lt;wsdl:output&gt;&lt;soap12:body use="literal"/&gt;&lt;/wsdl:output&gt;&lt;wsdl:fault name="ManufacturingFaultFault"&gt;&lt;soap12:fault name="ManufacturingFaultFault" use="literal"/&gt;&lt;/wsdl:fault&gt;&lt;/wsdl:operation&gt;&lt;wsdl:operation name="ResumeVersionedNotifications"&gt;&lt;soap12:operation soapAction="urn:sap.com:pco.management/PCoManagementService/ResumeVersionedNotifications" style="document"/&gt;&lt;wsdl:input&gt;&lt;soap12:body use="literal"/&gt;&lt;/wsdl:input&gt;&lt;wsdl:output&gt;&lt;soap12:body use="literal"/&gt;&lt;/wsdl:output&gt;&lt;wsdl:fault name="ManufacturingFaultFault"&gt;&lt;soap12:fault name="ManufacturingFaultFault" use="literal"/&gt;&lt;/wsdl:fault&gt;&lt;/wsdl:operation&gt;&lt;wsdl:operation name="GetDestinationSystems"&gt;&lt;soap12:operation soapAction="urn:sap.com:pco.management/PCoManagementService/GetDestinationSystems" style="document"/&gt;&lt;wsdl:input&gt;&lt;soap12:body use="literal"/&gt;&lt;/wsdl:input&gt;&lt;wsdl:output&gt;&lt;soap12:body use="literal"/&gt;&lt;/wsdl:output&gt;&lt;wsdl:fault name="ManufacturingFaultFault"&gt;&lt;soap12:fault name="ManufacturingFaultFault" use="literal"/&gt;&lt;/wsdl:fault&gt;&lt;/wsdl:operation&gt;&lt;wsdl:operation name="GetMiiDestinationSystems"&gt;&lt;soap12:operation soapAction="urn:sap.com:pco.management/PCoManagementService/GetMiiDestinationSystems" style="document"/&gt;&lt;wsdl:input&gt;&lt;soap12:body use="literal"/&gt;&lt;/wsdl:input&gt;&lt;wsdl:output&gt;&lt;soap12:body use="literal"/&gt;&lt;/wsdl:output&gt;&lt;wsdl:fault name="ManufacturingFaultFault"&gt;&lt;soap12:fault name="ManufacturingFaultFault" use="literal"/&gt;&lt;/wsdl:fault&gt;&lt;/wsdl:operation&gt;&lt;/wsdl:binding&gt;&lt;wsdl:binding name="BasicHttpBinding_PCoManagementService" type="tns:PCoManagementService"&gt;&lt;wsp:PolicyReference URI="#BasicHttpBinding_PCoManagementService_policy"/&gt;&lt;soap:binding transport="http://schemas.xmlsoap.org/soap/http"/&gt;&lt;wsdl:operation name="StartAgentInstance"&gt;&lt;soap:operation soapAction="urn:sap.com:pco.management/PCoManagementService/StartAgentInstance" style="document"/&gt;&lt;wsdl:input&gt;&lt;soap:body use="literal"/&gt;&lt;/wsdl:input&gt;&lt;wsdl:output&gt;&lt;soap:body use="literal"/&gt;&lt;/wsdl:output&gt;&lt;wsdl:fault name="ManufacturingFaultFault"&gt;&lt;soap:fault name="ManufacturingFaultFault" use="literal"/&gt;&lt;/wsdl:fault&gt;&lt;/wsdl:operation&gt;&lt;wsdl:operation name="StopAgentInstance"&gt;&lt;soap:operation soapAction="urn:sap.com:pco.management/PCoManagementService/StopAgentInstance" style="document"/&gt;&lt;wsdl:input&gt;&lt;soap:body use="literal"/&gt;&lt;/wsdl:input&gt;&lt;wsdl:output&gt;&lt;soap:body use="literal"/&gt;&lt;/wsdl:output&gt;&lt;wsdl:fault name="ManufacturingFaultFault"&gt;&lt;soap:fault name="ManufacturingFaultFault" use="literal"/&gt;&lt;/wsdl:fault&gt;&lt;/wsdl:operation&gt;&lt;wsdl:operation name="RestartAgentInstance"&gt;&lt;soap:operation soapAction="urn:sap.com:pco.management/PCoManagementService/RestartAgentInstance" style="document"/&gt;&lt;wsdl:input&gt;&lt;soap:body use="literal"/&gt;&lt;/wsdl:input&gt;&lt;wsdl:output&gt;&lt;soap:body use="literal"/&gt;&lt;/wsdl:output&gt;&lt;wsdl:fault name="ManufacturingFaultFault"&gt;&lt;soap:fault name="ManufacturingFaultFault" use="literal"/&gt;&lt;/wsdl:fault&gt;&lt;/wsdl:operation&gt;&lt;wsdl:operation name="GetAgentInstanceState"&gt;&lt;soap:operation soapAction="urn:sap.com:pco.management/PCoManagementService/GetAgentInstanceState" style="document"/&gt;&lt;wsdl:input&gt;&lt;soap:body use="literal"/&gt;&lt;/wsdl:input&gt;&lt;wsdl:output&gt;&lt;soap:body use="literal"/&gt;&lt;/wsdl:output&gt;&lt;wsdl:fault name="ManufacturingFaultFault"&gt;&lt;soap:fault name="ManufacturingFaultFault" use="literal"/&gt;&lt;/wsdl:fault&gt;&lt;/wsdl:operation&gt;&lt;wsdl:operation name="GetAgentInstanceMetadata"&gt;&lt;soap:operation soapAction="urn:sap.com:pco.management/PCoManagementService/GetAgentInstanceMetadata" style="document"/&gt;&lt;wsdl:input&gt;&lt;soap:body use="literal"/&gt;&lt;/wsdl:input&gt;&lt;wsdl:output&gt;&lt;soap:body use="literal"/&gt;&lt;/wsdl:output&gt;&lt;wsdl:fault name="ManufacturingFaultFault"&gt;&lt;soap:fault name="ManufacturingFaultFault" use="literal"/&gt;&lt;/wsdl:fault&gt;&lt;/wsdl:operation&gt;&lt;wsdl:operation name="GetSingleAgentInstanceMetadata"&gt;&lt;soap:operation soapAction="urn:sap.com:pco.management/PCoManagementService/GetSingleAgentInstanceMetadata" style="document"/&gt;&lt;wsdl:input&gt;&lt;soap:body use="literal"/&gt;&lt;/wsdl:input&gt;&lt;wsdl:output&gt;&lt;soap:body use="literal"/&gt;&lt;/wsdl:output&gt;&lt;wsdl:fault name="ManufacturingFaultFault"&gt;&lt;soap:fault name="ManufacturingFaultFault" use="literal"/&gt;&lt;/wsdl:fault&gt;&lt;/wsdl:operation&gt;&lt;wsdl:operation name="GetPCoMetadata"&gt;&lt;soap:operation soapAction="urn:sap.com:pco.management/PCoManagementService/GetPCoMetadata" style="document"/&gt;&lt;wsdl:input&gt;&lt;soap:body use="literal"/&gt;&lt;/wsdl:input&gt;&lt;wsdl:output&gt;&lt;soap:body use="literal"/&gt;&lt;/wsdl:output&gt;&lt;wsdl:fault name="ManufacturingFaultFault"&gt;&lt;soap:fault name="ManufacturingFaultFault" use="literal"/&gt;&lt;/wsdl:fault&gt;&lt;/wsdl:operation&gt;&lt;wsdl:operation name="GetAgentInstanceConfiguration"&gt;&lt;soap:operation soapAction="urn:sap.com:pco.management/PCoManagementService/GetAgentInstanceConfiguration" style="document"/&gt;&lt;wsdl:input&gt;&lt;soap:body use="literal"/&gt;&lt;/wsdl:input&gt;&lt;wsdl:output&gt;&lt;soap:body use="literal"/&gt;&lt;/wsdl:output&gt;&lt;wsdl:fault name="ManufacturingFaultFault"&gt;&lt;soap:fault name="ManufacturingFaultFault" use="literal"/&gt;&lt;/wsdl:fault&gt;&lt;/wsdl:operation&gt;&lt;wsdl:operation name="GetAgentInstanceConfigurationWithKey"&gt;&lt;soap:operation soapAction="urn:sap.com:pco.management/PCoManagementService/GetAgentInstanceConfigurationWithKey" style="document"/&gt;&lt;wsdl:input&gt;&lt;soap:body use="literal"/&gt;&lt;/wsdl:input&gt;&lt;wsdl:output&gt;&lt;soap:body use="literal"/&gt;&lt;/wsdl:output&gt;&lt;wsdl:fault name="ManufacturingFaultFault"&gt;&lt;soap:fault name="ManufacturingFaultFault" use="literal"/&gt;&lt;/wsdl:fault&gt;&lt;/wsdl:operation&gt;&lt;wsdl:operation name="SendAgentInstanceConfiguration"&gt;&lt;soap:operation soapAction="urn:sap.com:pco.management/PCoManagementService/SendAgentInstanceConfiguration" style="document"/&gt;&lt;wsdl:input&gt;&lt;soap:body use="literal"/&gt;&lt;/wsdl:input&gt;&lt;wsdl:output&gt;&lt;soap:body use="literal"/&gt;&lt;/wsdl:output&gt;&lt;wsdl:fault name="ManufacturingFaultFault"&gt;&lt;soap:fault name="ManufacturingFaultFault" use="literal"/&gt;&lt;/wsdl:fault&gt;&lt;/wsdl:operation&gt;&lt;wsdl:operation name="SendAgentInstanceConfiguration2"&gt;&lt;soap:operation soapAction="urn:sap.com:pco.management/PCoManagementService/SendAgentInstanceConfiguration2" style="document"/&gt;&lt;wsdl:input&gt;&lt;soap:body use="literal"/&gt;&lt;/wsdl:input&gt;&lt;wsdl:output&gt;&lt;soap:body use="literal"/&gt;&lt;/wsdl:output&gt;&lt;wsdl:fault name="ManufacturingFaultFault"&gt;&lt;soap:fault name="ManufacturingFaultFault" use="literal"/&gt;&lt;/wsdl:fault&gt;&lt;/wsdl:operation&gt;&lt;wsdl:operation name="GetAgentInstancesRuntimeInfo"&gt;&lt;soap:operation soapAction="urn:sap.com:pco.management/PCoManagementService/GetAgentInstancesRuntimeInfo" style="document"/&gt;&lt;wsdl:input&gt;&lt;soap:body use="literal"/&gt;&lt;/wsdl:input&gt;&lt;wsdl:output&gt;&lt;soap:body use="literal"/&gt;&lt;/wsdl:output&gt;&lt;wsdl:fault name="ManufacturingFaultFault"&gt;&lt;soap:fault name="ManufacturingFaultFault" use="literal"/&gt;&lt;/wsdl:fault&gt;&lt;/wsdl:operation&gt;&lt;wsdl:operation name="GetAgentInstancePagingLog"&gt;&lt;soap:operation soapAction="urn:sap.com:pco.management/PCoManagementService/GetAgentInstancePagingLog" style="document"/&gt;&lt;wsdl:input&gt;&lt;soap:body use="literal"/&gt;&lt;/wsdl:input&gt;&lt;wsdl:output&gt;&lt;soap:body use="literal"/&gt;&lt;/wsdl:output&gt;&lt;wsdl:fault name="ManufacturingFaultFault"&gt;&lt;soap:fault name="ManufacturingFaultFault" use="literal"/&gt;&lt;/wsdl:fault&gt;&lt;/wsdl:operation&gt;&lt;wsdl:operation name="CreateVersionedNotifications"&gt;&lt;soap:operation soapAction="urn:sap.com:pco.management/PCoManagementService/CreateVersionedNotifications" style="document"/&gt;&lt;wsdl:input&gt;&lt;soap:body use="literal"/&gt;&lt;/wsdl:input&gt;&lt;wsdl:output&gt;&lt;soap:body use="literal"/&gt;&lt;/wsdl:output&gt;&lt;wsdl:fault name="ManufacturingFaultFault"&gt;&lt;soap:fault name="ManufacturingFaultFault" use="literal"/&gt;&lt;/wsdl:fault&gt;&lt;/wsdl:operation&gt;&lt;wsdl:operation name="ActivateVersionedNotifications"&gt;&lt;soap:operation soapAction="urn:sap.com:pco.management/PCoManagementService/ActivateVersionedNotifications" style="document"/&gt;&lt;wsdl:input&gt;&lt;soap:body use="literal"/&gt;&lt;/wsdl:input&gt;&lt;wsdl:output&gt;&lt;soap:body use="literal"/&gt;&lt;/wsdl:output&gt;&lt;wsdl:fault name="ManufacturingFaultFault"&gt;&lt;soap:fault name="ManufacturingFaultFault" use="literal"/&gt;&lt;/wsdl:fault&gt;&lt;/wsdl:operation&gt;&lt;wsdl:operation name="DeleteVersionedNotifications"&gt;&lt;soap:operation soapAction="urn:sap.com:pco.management/PCoManagementService/DeleteVersionedNotifications" style="document"/&gt;&lt;wsdl:input&gt;&lt;soap:body use="literal"/&gt;&lt;/wsdl:input&gt;&lt;wsdl:output&gt;&lt;soap:body use="literal"/&gt;&lt;/wsdl:output&gt;&lt;wsdl:fault name="ManufacturingFaultFault"&gt;&lt;soap:fault name="ManufacturingFaultFault" use="literal"/&gt;&lt;/wsdl:fault&gt;&lt;/wsdl:operation&gt;&lt;wsdl:operation name="PauseVersionedNotifications"&gt;&lt;soap:operation soapAction="urn:sap.com:pco.management/PCoManagementService/PauseVersionedNotifications" style="document"/&gt;&lt;wsdl:input&gt;&lt;soap:body use="literal"/&gt;&lt;/wsdl:input&gt;&lt;wsdl:output&gt;&lt;soap:body use="literal"/&gt;&lt;/wsdl:output&gt;&lt;wsdl:fault name="ManufacturingFaultFault"&gt;&lt;soap:fault name="ManufacturingFaultFault" use="literal"/&gt;&lt;/wsdl:fault&gt;&lt;/wsdl:operation&gt;&lt;wsdl:operation name="ResumeVersionedNotifications"&gt;&lt;soap:operation soapAction="urn:sap.com:pco.management/PCoManagementService/ResumeVersionedNotifications" style="document"/&gt;&lt;wsdl:input&gt;&lt;soap:body use="literal"/&gt;&lt;/wsdl:input&gt;&lt;wsdl:output&gt;&lt;soap:body use="literal"/&gt;&lt;/wsdl:output&gt;&lt;wsdl:fault name="ManufacturingFaultFault"&gt;&lt;soap:fault name="ManufacturingFaultFault" use="literal"/&gt;&lt;/wsdl:fault&gt;&lt;/wsdl:operation&gt;&lt;wsdl:operation name="GetDestinationSystems"&gt;&lt;soap:operation soapAction="urn:sap.com:pco.management/PCoManagementService/GetDestinationSystems" style="document"/&gt;&lt;wsdl:input&gt;&lt;soap:body use="literal"/&gt;&lt;/wsdl:input&gt;&lt;wsdl:output&gt;&lt;soap:body use="literal"/&gt;&lt;/wsdl:output&gt;&lt;wsdl:fault name="ManufacturingFaultFault"&gt;&lt;soap:fault name="ManufacturingFaultFault" use="literal"/&gt;&lt;/wsdl:fault&gt;&lt;/wsdl:operation&gt;&lt;wsdl:operation name="GetMiiDestinationSystems"&gt;&lt;soap:operation soapAction="urn:sap.com:pco.management/PCoManagementService/GetMiiDestinationSystems" style="document"/&gt;&lt;wsdl:input&gt;&lt;soap:body use="literal"/&gt;&lt;/wsdl:input&gt;&lt;wsdl:output&gt;&lt;soap:body use="literal"/&gt;&lt;/wsdl:output&gt;&lt;wsdl:fault name="ManufacturingFaultFault"&gt;&lt;soap:fault name="ManufacturingFaultFault" use="literal"/&gt;&lt;/wsdl:fault&gt;&lt;/wsdl:operation&gt;&lt;/wsdl:binding&gt;&lt;wsdl:service name="PCoManagementService"&gt;&lt;wsdl:port binding="tns:NetTcpBinding_PCoManagementService" name="NetTcpBinding_PCoManagementService"&gt;&lt;soap12:address location="net.tcp://sapmii15/PCoManagement"/&gt;&lt;wsa10:EndpointReference&gt;&lt;wsa10:Address&gt;net.tcp://sapmii15/PCoManagement&lt;/wsa10:Address&gt;&lt;Identity xmlns="http://schemas.xmlsoap.org/ws/2006/02/addressingidentity"&gt;&lt;Spn&gt;host/SAPMII15.RTS.local&lt;/Spn&gt;&lt;/Identity&gt;&lt;/wsa10:EndpointReference&gt;&lt;/wsdl:port&gt;&lt;wsdl:port binding="tns:BasicHttpBinding_PCoManagementService" name="BasicHttpBinding_PCoManagementService"&gt;&lt;soap:address location="http://sapmii15:50050/PCoManagement"/&gt;&lt;/wsdl:port&gt;&lt;/wsdl:service&gt;&lt;/wsdl:definitions&gt;</WSDL><Encoding>UTF-8</Encoding><Execute>true</Execute><RequestProperties/><KeystoreName/><CertificateName/><UseDestinationService>false</UseDestinationService><DaysRetention>7</DaysRetention><MaxRetryCount>5</MaxRetryCount><RetryInterval>30000</RetryInterval><ProcessingMode>1</ProcessingMode><Filter/><DataBufferComment/><GetPCoMetadata><ReferenceDocumentSource/>&lt;?xml version="1.0" encoding="UTF-8"?&gt;&lt;GetPCoMetadata xmlns="urn:sap.com:pco.management"/&gt;</GetPCoMetadata><Inputs><ContextItem><Name>GetPCoMetadata</Name><Description/><MinRange>0</MinRange><MaxRange>0</MaxRange><Value xsi:type="xml"><ReferenceDocumentSource/>&lt;?xml version="1.0" encoding="UTF-8"?&gt;&lt;GetPCoMetadata xmlns="urn:sap.com:pco.management"/&gt;</Value><SchemaURI/><SchemaElement/><ValidateXMLOnExecution>1</ValidateXMLOnExecution><ReadOnly>false</ReadOnly><AlertXMLAssigned>false</AlertXMLAssigned></ContextItem></Inputs><Outputs><ContextItem><Name>GetPCoMetadataResponse</Name><Description/><MinRange>0</MinRange><MaxRange>0</MaxRange><Value xsi:type="xml"><ReferenceDocumentSource/>&lt;?xml version="1.0" encoding="UTF-8"?&gt;&lt;GetPCoMetadataResponse xmlns="urn:sap.com:pco.management"&gt;&lt;GetPCoMetadataResult&gt;&lt;Caption xmlns="urn:sap.com:pco.contracts"/&gt;&lt;Hostname xmlns="urn:sap.com:pco.contracts"/&gt;&lt;HttpEndPointUrl xmlns="urn:sap.com:pco.contracts"/&gt;&lt;Name xmlns="urn:sap.com:pco.contracts"/&gt;&lt;NetTcpEndPointUrl xmlns="urn:sap.com:pco.contracts"/&gt;&lt;ProductName xmlns="urn:sap.com:pco.contracts"/&gt;&lt;SecureHttpEndPointUrl xmlns="urn:sap.com:pco.contracts"/&gt;&lt;SoftwareComponentVersion xmlns="urn:sap.com:pco.contracts"/&gt;&lt;/GetPCoMetadataResult&gt;&lt;/GetPCoMetadataResponse&gt;</Value><SchemaURI/><SchemaElement/><ValidateXMLOnExecution>1</ValidateXMLOnExecution><ReadOnly>false</ReadOnly><AlertXMLAssigned>false</AlertXMLAssigned></ContextItem></Outputs></Value><SchemaURI/><SchemaElement/><ValidateXMLOnExecution>1</ValidateXMLOnExecution><SchemaURI/><SchemaElement/><ValidateXMLOnExecution>1</ValidateXMLOnExecution><ReadOnly>false</ReadOnly><AlertXMLAssigned>false</AlertXMLAssigned></ContextItem><ContextItem><Name>AddRow_1</Name><Description/><MinRange>0</MinRange><MaxRange>0</MaxRange><Value xsi:type="IlluminatorRow"><IlluminatorDocument>XML_PCoStatus.Output{/Rowsets/Rowset/Row}</IlluminatorDocument></Value><ReadOnly>false</ReadOnly><AlertXMLAssigned>false</AlertXMLAssigned></ContextItem><ContextItem><Name>ShowTest_Msg</Name><Description/><MinRange>0</MinRange><MaxRange>0</MaxRange><Value xsi:type="Tracer"><Message/><Level>INFO</Level></Value><ReadOnly>false</ReadOnly><AlertXMLAssigned>false</AlertXMLAssigned></ContextItem><ContextItem><Name>Assign_XML_OUT</Name><Description/><MinRange>0</MinRange><MaxRange>0</MaxRange><Value xsi:type="Assignment"/><ReadOnly>false</ReadOnly><AlertXMLAssigned>false</AlertXMLAssigned></ContextItem><ContextItem><Name>Show_XML_OUT</Name><Description/><MinRange>0</MinRange><MaxRange>0</MaxRange><Value xsi:type="Tracer"><Message/><Level>INFO</Level></Value><ReadOnly>false</ReadOnly><AlertXMLAssigned>false</AlertXMLAssigned></ContextItem></Actions><ReaderRoles>SAP_XMII_Super_Administrator,SAP_XMII_Administrator,SAP_XMII_Developer,SAP_XMII_User</ReaderRoles><Steps><Step xsi:type="ActionSequence"><Name>Sequence</Name><Description/><Steps><Step xsi:type="ActionSequence"><Name>Sequence_0</Name><Description/><Steps><Step xsi:type="ActionSequence"><Name>Sequence_1</Name><Description/><Steps><Step xsi:type="ActionSequence"><Name>Sequence_2</Name><Description/><Steps><Step xsi:type="ActionSequence"><Name>Sequence_7</Name><Description/><Steps><Step xsi:type="ActionSequence"><Name>Sequence_6</Name><Description/><Steps/><Actions><Action><Name>AddRow_1</Name><Description> </Description><IncomingLinks><Assign xsi:type="Assign"><Name/><Description/><To>AddRow_1.TIMESTAMP</To><From>datenow</From></Assign><Assign xsi:type="Assign"><Name/><Description/><To>AddRow_1.NAME</To><From>Transaction.SERVER_NAME</From></Assign><Assign xsi:type="Assign"><Name/><Description/><To>AddRow_1.STATUS</To><From>"1"</From></Assign><Assign xsi:type="Assign"><Name/><Description/><To>AddRow_1.MESSAGE</To><From>PCo_Web_Service.GetPCoMetadataResponse{/ns1:GetPCoMetadataResponse/ns1:GetPCoMetadataResult/ns3:Hostname} &amp; "  " &amp; PCo_Web_Service.GetPCoMetadataResponse{/ns1:GetPCoMetadataResponse/ns1:GetPCoMetadataResult/ns3:ProductName} &amp; "  " &amp; PCo_Web_Service.GetPCoMetadataResponse{/ns1:GetPCoMetadataResponse/ns1:GetPCoMetadataResult/ns3:SoftwareComponentVersion}</From></Assign></IncomingLinks><OutgoingLinks/></Action></Actions></Step></Steps><Actions><Action><Name>ShowTest_Msg</Name><Description> </Description><IncomingLinks><Assign xsi:type="Assign"><Name/><Description/><To>ShowTest_Msg.Message</To><From>" &gt;&gt; "  &amp; PCo_Web_Service.GetPCoMetadataResponse{/ns1:GetPCoMetadataResponse/ns1:GetPCoMetadataResult/ns3:Hostname} &amp; "  " &amp; PCo_Web_Service.GetPCoMetadataResponse{/ns1:GetPCoMetadataResponse/ns1:GetPCoMetadataResult/ns3:ProductName} &amp; "  " &amp; PCo_Web_Service.GetPCoMetadataResponse{/ns1:GetPCoMetadataResponse/ns1:GetPCoMetadataResult/ns3:SoftwareComponentVersion}</From></Assign></IncomingLinks><OutgoingLinks/></Action></Actions></Step></Steps><Actions><Action><Name>PCo_Web_Service</Name><Description> </Description><IncomingLinks><Assign xsi:type="Assign"><Name/><Description/><To>PCo_Web_Service.CredentialAlias</To><From>Transaction.SERVER_CRD</From></Assign><Assign xsi:type="Assign"><Name/><Description/><To>PCo_Web_Service.WSDLUrl</To><From>Transaction.SERVER_URL</From></Assign></IncomingLinks><OutgoingLinks/></Action></Actions></Step><Step xsi:type="Catch"><Name>Sequence_3</Name><Description/><Steps><Step xsi:type="ActionSequence"><Name>Sequence_4</Name><Description/><Steps><Step xsi:type="ActionSequence"><Name>Sequence_5</Name><Description/><Steps/><Actions><Action><Name>AddErr_1</Name><Description> </Description><IncomingLinks><Assign xsi:type="Assign"><Name/><Description/><To>AddErr_1.TIMESTAMP</To><From>datenow</From></Assign><Assign xsi:type="Assign"><Name/><Description/><To>AddErr_1.NAME</To><From>Transaction.SERVER_NAME</From></Assign><Assign xsi:type="Assign"><Name/><Description/><To>AddErr_1.STATUS</To><From>"0"</From></Assign><Assign xsi:type="Assign"><Name/><Description/><To>AddErr_1.MESSAGE</To><From>Catch_0.Message</From></Assign></IncomingLinks><OutgoingLinks/></Action></Actions></Step></Steps><Actions><Action><Name>ShowCatch_0</Name><Description> </Description><IncomingLinks><Assign xsi:type="Assign"><Name/><Description/><To>ShowCatch_0.Message</To><From>Catch_0.Message</From></Assign></IncomingLinks><OutgoingLinks/></Action></Actions></Step></Steps><Actions><Action><Name>Catch_0</Name><Description>Catches an exception</Description><IncomingLinks/><OutgoingLinks/></Action></Actions></Step></Steps><Actions><Action><Name>Exception_Enabler_0</Name><Description>Enables exceptions.</Description><IncomingLinks/><OutgoingLinks/></Action></Actions></Step><Step xsi:type="ActionSequence"><Name>Sequence_8</Name><Description/><Steps><Step xsi:type="ActionSequence"><Name>Sequence_9</Name><Description/><Steps/><Actions><Action><Name>Show_XML_OUT</Name><Description> </Description><IncomingLinks><Assign xsi:type="Assign"><Name/><Description/><To>Show_XML_OUT.Message</To><From>Transaction.XML_OUT</From></Assign></IncomingLinks><OutgoingLinks/></Action></Actions></Step></Steps><Actions><Action><Name>Assign_XML_OUT</Name><Description> </Description><IncomingLinks/><OutgoingLinks><Assign xsi:type="AssignXml"><Name/><Description/><To>Transaction.XML_OUT</To><From>XML_PCoStatus.Output</From></Assign></OutgoingLinks></Action></Actions></Step></Steps><Actions><Action><Name>XML_PCoStatus</Name><Description> </Description><IncomingLinks/><OutgoingLinks/></Action></Actions></Step></Steps><Actions><Action><Name>ShowParam</Name><Description> </Description><IncomingLinks><Assign xsi:type="Assign"><Name/><Description/><To>ShowParam.Message</To><From>" Connecting to: " &amp; Transaction.SERVER_NAME &amp; " -- WDSL URL: " &amp; Transaction.SERVER_URL &amp; " -- Credential: " &amp; Transaction.SERVER_CRD</From></Assign></IncomingLinks><OutgoingLinks/></Action></Actions></Step></Steps></Transaction>